WD	wepp-27598	"06:57 pm  Monday November 26, 2012"	"LA CROSSE WB AP WI"	10	silt	OldForest	200	30	70	100	10	OldForest	200	70	30	100	10	0	ft	""
WD	wepp-27907	"06:59 pm  Monday November 26, 2012"	"LA CROSSE WB AP WI"	10	silt	OldForest	250	30	70	100	10	OldForest	250	70	30	100	10	0	ft	""
WD	wepp-28213	"07:01 pm  Monday November 26, 2012"	"LA CROSSE WB AP WI"	5	silt	OldForest	250	0	30	100	20	OldForest	250	30	5	100	20	0	ft	""
WD	wepp-29992	"07:28 pm  Monday November 26, 2012"	"LA CROSSE WB AP WI"	5	silt	OldForest	250	30	70	100	10	OldForest	250	70	30	100	10	0	ft	""
WD	wepp-30643	"07:40 pm  Monday November 26, 2012"	"LA CROSSE WB AP WI"	5	silt	OldForest	250	30	70	100	10	OldForest	250	70	30	100	10	0	ft	""
WD	wepp-31257	"08:12 pm  Monday November 26, 2012"	"LA CROSSE WB AP WI"	5	silt	OldForest	250	30	70	100	10	OldForest	250	70	30	100	10	0	ft	""
WD	wepp-31490	"08:17 pm  Monday November 26, 2012"	"LA CROSSE WB AP WI"	50	silt	OldForest	250	30	70	100	10	OldForest	250	70	30	100	10	0	ft	""
WD	wepp-31843	"08:21 pm  Monday November 26, 2012"	"LA CROSSE WB AP WI"	2	silt	OldForest	250	30	70	100	10	HighFire	250	70	30	45	10	0	ft	""
WD	wepp-32031	"08:23 pm  Monday November 26, 2012"	"LA CROSSE WB AP WI"	50	silt	OldForest	250	30	70	100	10	HighFire	250	70	30	45	10	0	ft	""
WD	wepp-365	"08:28 pm  Monday November 26, 2012"	"LA CROSSE WB AP WI"	5	silt	OldForest	250	30	70	100	10	OldForest	250	70	30	100	10	0	ft	""
WD	wepp-427	"08:29 pm  Monday November 26, 2012"	"LA CROSSE WB AP WI"	50	silt	OldForest	250	30	70	100	10	OldForest	250	70	30	100	10	0	ft	""
WD	wepp-543	"08:30 pm  Monday November 26, 2012"	"LA CROSSE WB AP WI"	50	silt	OldForest	250	30	70	100	10	HighFire	250	70	30	45	10	0	ft	""
WD	wepp-612	"08:31 pm  Monday November 26, 2012"	"LA CROSSE WB AP WI"	50	silt	OldForest	250	30	70	100	10	Bunchgrass	250	70	30	60	10	0	ft	""
WD	wepp-640	"08:31 pm  Monday November 26, 2012"	"LA CROSSE WB AP WI"	50	silt	OldForest	250	30	70	100	10	Shrub	250	70	30	80	10	0	ft	""
WD	wepp-688	"08:32 pm  Monday November 26, 2012"	"LA CROSSE WB AP WI"	50	silt	OldForest	250	30	70	100	10	YoungForest	250	70	30	100	10	0	ft	""
WD	wepp-760	"08:32 pm  Monday November 26, 2012"	"LA CROSSE WB AP WI"	25	silt	OldForest	250	30	70	100	10	YoungForest	250	70	30	100	10	0	ft	""
WD	wepp-834	"08:33 pm  Monday November 26, 2012"	"LA CROSSE WB AP WI"	10	silt	OldForest	250	30	70	100	10	Shrub	250	70	30	80	10	0	ft	""
WD	wepp-930	"08:34 pm  Monday November 26, 2012"	"LA CROSSE WB AP WI"	3	silt	OldForest	250	30	70	100	10	Bunchgrass	250	70	30	60	10	0	ft	""
WD	wepp-4620	"09:42 pm  Monday November 26, 2012"	"LA CROSSE WB AP WI"	5	silt	OldForest	250	30	70	100	10	OldForest	250	70	30	100	10	0	ft	""
WD	wepp-4991	"09:50 pm  Monday November 26, 2012"	"LA CROSSE WB AP WI"	5	silt	HighFire	250	30	70	45	10	OldForest	250	70	30	100	10	0	ft	""
WD	wepp-5088	"09:51 pm  Monday November 26, 2012"	"LA CROSSE WB AP WI"	10	silt	Bunchgrass	250	30	70	60	10	OldForest	250	70	30	100	10	0	ft	""
WD	wepp-5115	"09:51 pm  Monday November 26, 2012"	"LA CROSSE WB AP WI"	3	silt	Bunchgrass	250	30	70	100	10	OldForest	250	70	30	100	10	0	ft	""
WD	wepp-5155	"09:53 pm  Monday November 26, 2012"	"LA CROSSE WB AP WI"	3	silt	HighFire	250	30	70	45	10	OldForest	250	70	30	100	10	0	ft	""
WD	wepp-5175	"09:53 pm  Monday November 26, 2012"	"LA CROSSE WB AP WI"	2	silt	HighFire	250	30	70	45	10	OldForest	250	70	30	100	10	0	ft	""
WD	wepp-5226	"09:54 pm  Monday November 26, 2012"	"LA CROSSE WB AP WI"	10	silt	Shrub	250	30	70	80	10	OldForest	250	70	30	100	10	0	ft	""
WD	wepp-5246	"09:54 pm  Monday November 26, 2012"	"LA CROSSE WB AP WI"	10	silt	YoungForest	250	30	70	100	10	OldForest	250	70	30	100	10	0	ft	""
WD	wepp-5293	"09:55 pm  Monday November 26, 2012"	"LA CROSSE WB AP WI"	25	silt	YoungForest	250	30	70	100	10	OldForest	250	70	30	100	10	0	ft	""
WD	wepp-5358	"09:55 pm  Monday November 26, 2012"	"LA CROSSE WB AP WI"	5	silt	OldForest	250	30	70	100	10	OldForest	250	70	30	100	10	0	ft	""
WD	wepp-5410	"09:57 pm  Monday November 26, 2012"	"LA CROSSE WB AP WI"	2	silt	HighFire	250	30	70	45	10	HighFire	250	70	30	45	10	0	ft	""
WD	wepp-5432	"09:58 pm  Monday November 26, 2012"	"LA CROSSE WB AP WI"	3	silt	Bunchgrass	250	30	70	60	10	Bunchgrass	250	70	30	60	10	0	ft	""
WD	wepp-5452	"09:59 pm  Monday November 26, 2012"	"LA CROSSE WB AP WI"	10	silt	Shrub	250	30	70	80	10	Shrub	250	70	30	80	10	0	ft	""
WD	wepp-5473	"09:59 pm  Monday November 26, 2012"	"LA CROSSE WB AP WI"	25	silt	YoungForest	250	30	70	100	10	YoungForest	250	70	30	100	10	0	ft	""
WD	wepp-5638	"10:15 pm  Monday November 26, 2012"	"LA CROSSE WB AP WI"	50	silt	YoungForest	250	30	70	100	10	YoungForest	250	70	30	100	10	0	ft	""
WD	wepp-5689	"10:16 pm  Monday November 26, 2012"	"LA CROSSE WB AP WI"	50	silt	HighFire	250	30	70	45	10	HighFire	250	70	30	45	10	0	ft	""
WD	wepp-5716	"10:17 pm  Monday November 26, 2012"	"LA CROSSE WB AP WI"	50	silt	Bunchgrass	250	30	70	60	10	Bunchgrass	250	70	30	60	10	0	ft	""
WD	wepp-5736	"10:18 pm  Monday November 26, 2012"	"LA CROSSE WB AP WI"	50	silt	Shrub	250	30	70	80	10	Shrub	250	70	30	80	10	0	ft	""
WD	wepp-5758	"10:19 pm  Monday November 26, 2012"	"LA CROSSE WB AP WI"	50	silt	Shrub	250	30	70	80	10	OldForest	250	70	30	100	10	0	ft	""
WD	wepp-5778	"10:20 pm  Monday November 26, 2012"	"LA CROSSE WB AP WI"	50	silt	Bunchgrass	250	30	70	60	10	OldForest	250	70	30	100	10	0	ft	""
WD	wepp-5824	"10:20 pm  Monday November 26, 2012"	"LA CROSSE WB AP WI"	50	silt	YoungForest	250	30	70	100	10	OldForest	250	70	30	100	10	0	ft	""
WD	wepp-5846	"10:21 pm  Monday November 26, 2012"	"LA CROSSE WB AP WI"	50	silt	HighFire	250	30	70	45	10	OldForest	250	70	30	100	10	0	ft	""
