WR	wepp-10723	"09:26 am  Wednesday February 15, 2012"	"CORVALLIS ST COL OR"	30	silt	graveled	185	10	12	9	50	1	0.3	20	outrut	ft
WR	wepp-11062	"09:31 am  Wednesday February 15, 2012"	"CORVALLIS ST COL OR"	30	silt	graveled	185	10	12	9	50	1	0.3	20	outrut	ft
WR	wepp-11152	"09:32 am  Wednesday February 15, 2012"	"CORVALLIS ST COL OR"	30	silt	graveled	250	12	10	32	65	200	10	20	outrut	ft
WR	wepp-11212	"09:33 am  Wednesday February 15, 2012"	"CORVALLIS ST COL OR"	30	silt	graveled	250	12	10	32	65	200	10	20	outrut	ft
WR	wepp-11309	"09:34 am  Wednesday February 15, 2012"	"CORVALLIS ST COL OR"	30	silt	graveled	115	11	11	9	30	250	8	20	outrut	ft
WR	wepp-11337	"09:34 am  Wednesday February 15, 2012"	"CORVALLIS ST COL OR"	30	silt	graveled	115	11	11	9	30	250	8	20	outrut	ft
WR	wepp-11406	"09:35 am  Wednesday February 15, 2012"	"CORVALLIS ST COL OR"	30	silt	graveled	410	12	12	10	30	125	12	20	outrut	ft
WR	wepp-11446	"09:35 am  Wednesday February 15, 2012"	"CORVALLIS ST COL OR"	30	silt	graveled	410	12	12	10	30	125	12	20	outrut	ft
WR	wepp-11454	"09:36 am  Wednesday February 15, 2012"	"CORVALLIS ST COL OR"	30	silt	graveled	40	10	10	14	25	300	12	20	outrut	ft
WR	wepp-11493	"09:37 am  Wednesday February 15, 2012"	"CORVALLIS ST COL OR"	30	silt	graveled	40	10	10	14	25	300	12	20	outrut	ft
WR	wepp-11551	"09:37 am  Wednesday February 15, 2012"	"CORVALLIS ST COL OR"	30	silt	graveled	215	12	10	14	30	100	40	20	inveg	ft
WR	wepp-11591	"09:37 am  Wednesday February 15, 2012"	"CORVALLIS ST COL OR"	30	silt	graveled	215	12	10	14	30	100	40	20	inveg	ft
WR	wepp-11660	"09:39 am  Wednesday February 15, 2012"	"CORVALLIS ST COL OR"	30	silt	graveled	175	10	10	12	30	250	10	20	outrut	ft
WR	wepp-11680	"09:39 am  Wednesday February 15, 2012"	"CORVALLIS ST COL OR"	30	silt	graveled	175	10	10	12	30	250	10	20	outrut	ft
WR	wepp-11700	"09:40 am  Wednesday February 15, 2012"	"CORVALLIS ST COL OR"	30	silt	graveled	385	10	12	12	30	400	10	20	inbare	ft
WR	wepp-11720	"09:40 am  Wednesday February 15, 2012"	"CORVALLIS ST COL OR"	30	silt	graveled	385	10	12	12	30	400	10	20	inbare	ft
WR	wepp-11743	"09:41 am  Wednesday February 15, 2012"	"CORVALLIS ST COL OR"	30	silt	graveled	120	8	10	22	50	40	40	20	inveg	ft
WR	wepp-11763	"09:41 am  Wednesday February 15, 2012"	"CORVALLIS ST COL OR"	30	silt	graveled	120	8	10	22	50	40	40	20	inveg	ft
WR	wepp-11790	"09:42 am  Wednesday February 15, 2012"	"CORVALLIS ST COL OR"	30	silt	graveled	165	4	10	10	30	30	25	20	inveg	ft
WR	wepp-11810	"09:42 am  Wednesday February 15, 2012"	"CORVALLIS ST COL OR"	30	silt	graveled	165	4	10	10	30	30	25	20	inveg	ft
WR	wepp-11864	"09:44 am  Wednesday February 15, 2012"	"CORVALLIS ST COL OR"	30	silt	graveled	300	2	11	15	30	1	0.3	20	inveg	ft
WR	wepp-11888	"09:44 am  Wednesday February 15, 2012"	"CORVALLIS ST COL OR"	30	silt	graveled	300	2	11	15	30	1	0.3	20	inveg	ft
WR	wepp-18013	"01:28 pm  Monday May 7, 2012"	"FORT BRAGG CA"	30	silt	graveled	200	1	13	1	0.3	1	0.3	5	inveg	ft
WR	wepp-18050	"01:29 pm  Monday May 7, 2012"	"FORT BRAGG CA"	30	silt	graveled	200	1	19.68	1	0.3	1	0.3	5	inveg	ft
WR	wepp-18151	"01:30 pm  Monday May 7, 2012"	"FORT BRAGG CA"	30	silt	graveled	131.24	1	19.68	1	0.3	1	0.3	5	inveg	ft
WR	wepp-18193	"01:30 pm  Monday May 7, 2012"	"CORVALLIS ST COL OR"	30	silt	graveled	131.24	1	19.68	1	0.3	1	0.3	5	inveg	ft
WR	wepp-18319	"01:34 pm  Monday May 7, 2012"	"CORVALLIS ST COL OR"	30	silt	graveled	131.24	1	19.68	1	0.3	1	0.3	5	inveg	ft
WR	wepp-18449	"01:36 pm  Monday May 7, 2012"	"CORVALLIS ST COL OR"	30	silt	graveled	426.5	13	18.6	1	0.3	1	0.3	5	inveg	ft
WR	wepp-18490	"01:38 pm  Monday May 7, 2012"	"CORVALLIS ST COL OR"	30	silt	graveled	459	14	16.4	1	0.3	1	0.3	5	inveg	ft
WR	wepp-18531	"01:39 pm  Monday May 7, 2012"	"CORVALLIS ST COL OR"	30	silt	graveled	92	2	19.7	1	0.3	1	0.3	5	inveg	ft
WR	wepp-18571	"01:39 pm  Monday May 7, 2012"	"CORVALLIS ST COL OR"	30	silt	graveled	289	4	21.3	1	0.3	1	0.3	5	inveg	ft
WR	wepp-18844	"01:49 pm  Monday May 7, 2012"	"FORT BRAGG CA"	30	clay	graveled	581	4	16.1	1	0.3	1	0.3	0	inveg	ft
WR	wepp-18883	"01:50 pm  Monday May 7, 2012"	"FORT BRAGG CA"	30	clay	graveled	581	4	16.1	1	0.3	1	0.3	5	inveg	ft
WR	wepp-18903	"01:50 pm  Monday May 7, 2012"	"FORT BRAGG CA"	30	clay	graveled	581	4	16.1	1	0.3	1	0.3	10	inveg	ft
WR	wepp-18922	"01:50 pm  Monday May 7, 2012"	"FORT BRAGG CA"	30	clay	graveled	581	4	16.1	1	0.3	1	0.3	15	inveg	ft
WR	wepp-18942	"01:50 pm  Monday May 7, 2012"	"FORT BRAGG CA"	30	clay	graveled	581	4	16.1	1	0.3	1	0.3	20	inveg	ft
WR	wepp-18962	"01:51 pm  Monday May 7, 2012"	"FORT BRAGG CA"	30	clay	graveled	581	4	16.1	1	0.3	1	0.3	25	inveg	ft
WR	wepp-18981	"01:51 pm  Monday May 7, 2012"	"FORT BRAGG CA"	30	clay	graveled	581	4	16.1	1	0.3	1	0.3	100	inveg	ft
WR	wepp-19376	"02:03 pm  Monday May 7, 2012"	"FORT BRAGG CA"	30	clay	native	581	4	16.07	1	0.3	1	0.3	40	inveg	ft
WR	wepp-19435	"02:04 pm  Monday May 7, 2012"	"FORT BRAGG CA"	30	clay	graveled	581	4	16.07	1	0.3	1	0.3	40	inveg	ft
WR	wepp-19496	"02:05 pm  Monday May 7, 2012"	"FORT BRAGG CA"	30	clay	native	446	5	16.07	1	0.3	1	0.3	40	inveg	ft
WR	wepp-19516	"02:05 pm  Monday May 7, 2012"	"FORT BRAGG CA"	30	clay	native	492	5	16.07	1	0.3	1	0.3	40	inveg	ft
WR	wepp-19562	"02:05 pm  Monday May 7, 2012"	"FORT BRAGG CA"	30	clay	native	624	1	16.07	1	0.3	1	0.3	40	inveg	ft
WR	wepp-19597	"02:06 pm  Monday May 7, 2012"	"FORT BRAGG CA"	30	clay	native	646	8	16.07	1	0.3	1	0.3	40	inveg	ft
WR	wepp-19692	"02:06 pm  Monday May 7, 2012"	"FORT BRAGG CA"	30	clay	native	646	0.3	16.07	1	0.3	1	0.3	40	inveg	ft
WR	wepp-19727	"02:07 pm  Monday May 7, 2012"	"FORT BRAGG CA"	30	clay	native	1000	8	16.07	1	0.3	1	0.3	40	inveg	ft
WR	wepp-19734	"02:07 pm  Monday May 7, 2012"	"FORT BRAGG CA"	30	clay	native	443	12	16.07	1	0.3	1	0.3	40	inveg	ft
WR	wepp-19795	"02:08 pm  Monday May 7, 2012"	"FORT BRAGG CA"	30	clay	native	164	14	16.07	1	0.3	1	0.3	40	inveg	ft
WR	wepp-19805	"02:08 pm  Monday May 7, 2012"	"FORT BRAGG CA"	30	clay	native	377	5	16.07	1	0.3	1	0.3	40	inveg	ft
WR	wepp-19826	"02:08 pm  Monday May 7, 2012"	"FORT BRAGG CA"	30	clay	native	125	11	16.07	1	0.3	1	0.3	40	inveg	ft
WR	wepp-19885	"02:09 pm  Monday May 7, 2012"	"FORT BRAGG CA"	30	clay	native	82	6	16.07	1	0.3	1	0.3	40	inveg	ft
WR	wepp-20062	"02:16 pm  Monday May 7, 2012"	"FORT BRAGG CA"	30	clay	native	82	40	16.07	1	0.3	1	0.3	40	inveg	ft
WR	wepp-20082	"02:16 pm  Monday May 7, 2012"	"FORT BRAGG CA"	30	clay	graveled	82	40	16.07	1	0.3	1	0.3	40	inveg	ft
WR	wepp-20128	"02:16 pm  Monday May 7, 2012"	"FORT BRAGG CA"	30	clay	graveled	1000	40	16.07	1	0.3	1	0.3	40	inveg	ft
