WR	wepp-20911	"10:41 am  Tuesday February 14, 2012"	"CORVALLIS ST COL OR"	30	silt	graveled	360	11	8	13	35	1	0.3	5	inveg	ft
WR	wepp-21125	"10:46 am  Tuesday February 14, 2012"	"CORVALLIS ST COL OR"	30	silt	graveled	360	11	8	13	35	1	0.3	5	inveg	ft
WR	wepp-21189	"10:48 am  Tuesday February 14, 2012"	"CORVALLIS ST COL OR"	30	silt	graveled	193	9	8	10	20	5	25	10	inveg	ft
WR	wepp-21210	"10:48 am  Tuesday February 14, 2012"	"CORVALLIS ST COL OR"	30	silt	graveled	193	9	8	10	20	5	25	10	inveg	ft
WR	wepp-21260	"10:50 am  Tuesday February 14, 2012"	"CORVALLIS ST COL OR"	30	clay	native	200	4	13	15	50	130	25	20	inveg	ft
WR	wepp-21280	"10:50 am  Tuesday February 14, 2012"	"CORVALLIS ST COL OR"	30	clay	native	200	4	13	15	50	130	25	20	inveg	ft
WR	wepp-21327	"10:52 am  Tuesday February 14, 2012"	"CORVALLIS ST COL OR"	30	clay	native	385	11	8	7	60	75	17	5	inveg	ft
WR	wepp-21347	"10:53 am  Tuesday February 14, 2012"	"CORVALLIS ST COL OR"	30	clay	native	385	11	8	7	60	75	17	5	inveg	ft
WR	wepp-21395	"10:54 am  Tuesday February 14, 2012"	"CORVALLIS ST COL OR"	30	clay	graveled	45	10	8	1	20	200	15	3	inveg	ft
WR	wepp-21416	"10:55 am  Tuesday February 14, 2012"	"CORVALLIS ST COL OR"	30	clay	graveled	45	10	8	1	20	200	15	3	inveg	ft
WR	wepp-21439	"10:56 am  Tuesday February 14, 2012"	"CORVALLIS ST COL OR"	30	clay	graveled	385	11	8	7	60	75	17	5	inveg	ft
WR	wepp-21459	"10:56 am  Tuesday February 14, 2012"	"CORVALLIS ST COL OR"	30	clay	graveled	385	11	8	7	60	75	17	5	inveg	ft
WR	wepp-21480	"10:56 am  Tuesday February 14, 2012"	"CORVALLIS ST COL OR"	30	silt	graveled	385	11	8	7	60	75	17	5	inveg	ft
WR	wepp-21501	"10:58 am  Tuesday February 14, 2012"	"CORVALLIS ST COL OR"	30	silt	graveled	140	11	8	9	60	250	9	2	inveg	ft
WR	wepp-21520	"10:58 am  Tuesday February 14, 2012"	"CORVALLIS ST COL OR"	30	silt	graveled	140	11	8	9	60	250	9	2	inveg	ft
WR	wepp-21567	"10:59 am  Tuesday February 14, 2012"	"CORVALLIS ST COL OR"	30	silt	graveled	350	9	8	3	50	300	12	2	inveg	ft
WR	wepp-21587	"10:59 am  Tuesday February 14, 2012"	"CORVALLIS ST COL OR"	30	silt	graveled	350	9	8	3	50	300	12	2	inveg	ft
WR	wepp-21628	"11:00 am  Tuesday February 14, 2012"	"CORVALLIS ST COL OR"	30	silt	graveled	390	9	8	3	5	100	5	2	inveg	ft
WR	wepp-21648	"11:01 am  Tuesday February 14, 2012"	"CORVALLIS ST COL OR"	30	silt	graveled	390	9	8	3	5	100	5	2	inveg	ft
WR	wepp-21669	"11:02 am  Tuesday February 14, 2012"	"CORVALLIS ST COL OR"	30	silt	graveled	120	8	8	2	60	50	49	20	inveg	ft
WR	wepp-21688	"11:02 am  Tuesday February 14, 2012"	"CORVALLIS ST COL OR"	30	silt	graveled	120	8	8	2	60	50	49	20	inveg	ft
WR	wepp-21709	"11:03 am  Tuesday February 14, 2012"	"CORVALLIS ST COL OR"	30	silt	graveled	305	4	8	3	15	50	29	5	inveg	ft
WR	wepp-21756	"11:04 am  Tuesday February 14, 2012"	"CORVALLIS ST COL OR"	30	silt	graveled	305	4	8	3	15	50	29	5	outunrut	ft
WR	wepp-21775	"11:04 am  Tuesday February 14, 2012"	"CORVALLIS ST COL OR"	30	silt	graveled	305	4	8	3	15	50	29	5	outunrut	ft
WR	wepp-21796	"11:05 am  Tuesday February 14, 2012"	"CORVALLIS ST COL OR"	30	silt	graveled	32	4	8	3	40	1	25	3	inveg	ft
WR	wepp-21816	"11:06 am  Tuesday February 14, 2012"	"CORVALLIS ST COL OR"	30	silt	graveled	32	4	8	3	40	1	25	3	inveg	ft
WD	wepp-11787	"09:55 am  Tuesday February 21, 2012"	"CORVALLIS ST COL OR"	10	clay	OldForest	50	0	30	100	20	OldForest	50	30	5	100	20	0	ft	""
WD	wepp-13388	"12:01 pm  Tuesday February 21, 2012"	"CORVALLIS ST COL OR"	30	clay	HighFire	500	70	70	45	5	HighFire	100	50	40	45	5	0	ft	""
WD	wepp-13432	"12:02 pm  Tuesday February 21, 2012"	"CORVALLIS ST COL OR"	30	silt	HighFire	500	70	70	45	5	HighFire	100	50	40	45	5	0	ft	""
WD	wepp-13451	"12:02 pm  Tuesday February 21, 2012"	"CORVALLIS ST COL OR"	30	silt	HighFire	500	70	70	45	5	HighFire	100	50	40	45	5	0	ft	""
WD	wepp-13471	"12:03 pm  Tuesday February 21, 2012"	"CORVALLIS ST COL OR"	30	silt	LowFire	500	70	70	85	5	LowFire	100	50	40	85	5	0	ft	""
WD	wepp-13499	"12:03 pm  Tuesday February 21, 2012"	"CORVALLIS ST COL OR"	30	silt	YoungForest	500	70	70	100	5	YoungForest	100	50	40	100	5	0	ft	""
WD	wepp-13567	"12:04 pm  Tuesday February 21, 2012"	"CORVALLIS ST COL OR"	30	silt	OldForest	500	70	70	100	5	OldForest	100	50	40	100	5	0	ft	""
WD	wepp-12123	"12:31 pm  Thursday February 23, 2012"	"CORVALLIS ST COL OR"	30	silt	OldForest	500	70	70	100	5	OldForest	100	50	40	100	5	0	ft	""
WD	wepp-12215	"12:34 pm  Thursday February 23, 2012"	"CORVALLIS ST COL OR"	30	silt	YoungForest	500	70	70	100	5	YoungForest	100	50	40	100	5	0	ft	""
WD	wepp-12257	"12:34 pm  Thursday February 23, 2012"	"CORVALLIS ST COL OR"	30	silt	LowFire	500	70	70	85	5	LowFire	100	50	40	85	5	0	ft	""
WD	wepp-12296	"12:35 pm  Thursday February 23, 2012"	"CORVALLIS ST COL OR"	30	silt	HighFire	500	70	70	45	5	HighFire	100	50	40	45	5	0	ft	""
