WD	wepp-84452	"05:17 pm  Thursday November 23, 2017"	"RIO PIEDRAS EXP FARM PR"	30	silt	OldForest	100	20	20	100	15	OldForest	100	20	20	100	15	0	m	""
WD	wepp-84715	"05:21 pm  Thursday November 23, 2017"	"RIO PIEDRAS EXP FARM PR"	30	silt	OldForest	100	20	20	95	15	OldForest	100	20	20	95	15	0	m	""
WD	wepp-84765	"05:27 pm  Thursday November 23, 2017"	"RIO PIEDRAS EXP FARM PR"	30	silt	Bunchgrass	100	20	20	95	15	Bunchgrass	100	20	20	95	15	0	m	""
WD	wepp-87339	"09:35 pm  Thursday November 23, 2017"	"RIO PIEDRAS EXP FARM PR"	30	clay	Sod	100	20	20	50	15	Sod	100	20	20	50	15	0	m	""
WD	wepp-87639	"10:08 pm  Thursday November 23, 2017"	"RIO PIEDRAS EXP FARM PR"	30	silt	Shrub	50	20	20	80	15	Shrub	50	20	20	80	15	0	m	""
WD	wepp-87701	"10:12 pm  Thursday November 23, 2017"	"RIO PIEDRAS EXP FARM PR"	30	sand	Shrub	100	20	20	80	15	Shrub	100	20	20	80	15	0	m	""
WD	wepp-87749	"10:16 pm  Thursday November 23, 2017"	"RIO PIEDRAS EXP FARM PR"	30	silt	Shrub	100	20	20	80	15	Shrub	100	20	20	80	15	0	m	""
WD	wepp-88010	"10:19 pm  Thursday November 23, 2017"	"RIO PIEDRAS EXP FARM PR"	30	sand	OldForest	100	20	20	95	15	OldForest	100	20	20	95	15	0	m	""
WD	wepp-88096	"10:21 pm  Thursday November 23, 2017"	"RIO PIEDRAS EXP FARM PR"	30	sand	OldForest	100	20	20	95	15	OldForest	100	20	20	95	15	0	m	""
WR	wepp-88179	"10:26 pm  Thursday November 23, 2017"	"RIO PIEDRAS EXP FARM PR"	30	silt	native	100	5	5	5	30	0.3	20	15	outrut	m
WD	wepp-88271	"10:33 pm  Thursday November 23, 2017"	"RIO PIEDRAS EXP FARM PR"	30	silt	OldForest	100	20	20	95	15	OldForest	100	20	20	95	15	0	m	""
WD	wepp-88373	"10:35 pm  Thursday November 23, 2017"	"RIO PIEDRAS EXP FARM PR"	30	silt	Bunchgrass	100	20	20	95	15	Shrub	100	20	20	95	15	0	m	""
WD	wepp-88413	"10:36 pm  Thursday November 23, 2017"	"RIO PIEDRAS EXP FARM PR"	30	silt	Bunchgrass	100	20	20	95	15	Bunchgrass	100	20	20	60	15	0	m	""
WD	wepp-88449	"10:36 pm  Thursday November 23, 2017"	"RIO PIEDRAS EXP FARM PR"	30	silt	Bunchgrass	100	20	20	95	15	Bunchgrass	100	20	20	95	15	0	m	""
WD	wepp-94575	"07:27 am  Friday November 24, 2017"	"RIO PIEDRAS EXP FARM PR"	10	silt	OldForest	100	20	20	100	15	OldForest	100	20	20	100	15	0	m	""
WD	wepp-94613	"07:27 am  Friday November 24, 2017"	"RIO PIEDRAS EXP FARM PR"	30	silt	OldForest	100	20	20	95	15	OldForest	100	20	20	95	15	0	m	""
WD	wepp-94680	"07:29 am  Friday November 24, 2017"	"RIO PIEDRAS EXP FARM PR"	30	silt	Bunchgrass	100	20	20	95	15	Bunchgrass	100	20	20	95	15	0	m	""
WD	wepp-94732	"07:31 am  Friday November 24, 2017"	"RIO PIEDRAS EXP FARM PR"	30	silt	Sod	100	20	20	50	15	Sod	100	20	20	50	15	0	m	""
WD	wepp-94896	"07:36 am  Friday November 24, 2017"	"RIO PIEDRAS EXP FARM PR"	30	silt	Shrub	100	20	20	80	15	Shrub	100	20	20	80	15	0	m	""
WD	wepp-94965	"07:40 am  Friday November 24, 2017"	"RIO PIEDRAS EXP FARM PR"	30	sand	OldForest	100	20	20	95	15	OldForest	100	20	20	95	15	0	m	""
WR	wepp-95040	"07:46 am  Friday November 24, 2017"	"RIO PIEDRAS EXP FARM PR"	30	silt	native	100	5	5	5	30	0.3	20	15	outrut	m
