WD	wepp-1182	"09:47 pm  Wednesday November 27, 2013"	""				0	0	0	0	0		0	0	0	0	0	0		""
WD	wepp-1208	"09:47 pm  Wednesday November 27, 2013"	""				0	0	0	0	0		0	0	0	0	0	0		""
WD	wepp-1209	"09:47 pm  Wednesday November 27, 2013"	""				0	0	0	0	0		0	0	0	0	0	0		""
WD	wepp-1339	"09:55 pm  Wednesday November 27, 2013"	"../working/117_6_86_100_a"	30	silt		100	20	20	95	15		100	20	20	95	15	0	m	""
WD	wepp-1340	"09:56 pm  Wednesday November 27, 2013"	"RIO PIEDRAS EXP FARM PR"	30	silt	OldForest	100	20	20	95	15	OldForest	100	20	20	95	15	0	m	""
WD	wepp-1444	"10:03 pm  Wednesday November 27, 2013"	"RIO PIEDRAS EXP FARM PR"	30	silt	Bunchgrass	100	20	20	95	15	Bunchgrass	100	20	20	95	15	0	m	""
WR	wepp-1600	"10:21 pm  Wednesday November 27, 2013"	"RIO PIEDRAS EXP FARM PR"	30	silt	native	100	5	5	5	30	0.3	20	20	outrut	m
WD	wepp-2836	"11:52 pm  Wednesday November 27, 2013"	"RIO PIEDRAS EXP FARM PR"	30	silt	OldForest	100	20	20	95	15	OldForest	100	20	20	95	15	0	m	""
WD	wepp-3040	"00:03 am  Thursday November 28, 2013"	"RIO PIEDRAS EXP FARM PR"	30	silt	OldForest	100	20	20	95	15	OldForest	100	20	20	95	15	0	m	""
WD	wepp-3060	"00:04 am  Thursday November 28, 2013"	"RIO PIEDRAS EXP FARM PR"	30	silt	Bunchgrass	100	20	20	95	15	Bunchgrass	100	20	20	95	15	0	m	""
WD	wepp-3817	"00:42 am  Thursday November 28, 2013"	"RIO PIEDRAS EXP FARM PR"	100	silt	OldForest	50	100	20	95	15	OldForest	50	100	20	95	15	0	m	""
WD	wepp-3972	"00:47 am  Thursday November 28, 2013"	"RIO PIEDRAS EXP FARM PR"	30	silt	OldForest	50	100	20	95	15	OldForest	50	100	20	95	15	0	m	""
WD	wepp-4122	"00:51 am  Thursday November 28, 2013"	"RIO PIEDRAS EXP FARM PR"	30	silt	OldForest	100	20	30	95	15	OldForest	100	20	5	95	15	0	m	""
WD	wepp-4175	"00:52 am  Thursday November 28, 2013"	"RIO PIEDRAS EXP FARM PR"	30	silt	OldForest	100	20	20	95	15	OldForest	100	20	20	95	15	0	m	""
WD	wepp-4195	"00:52 am  Thursday November 28, 2013"	"RIO PIEDRAS EXP FARM PR"	30	silt	OldForest	100	20	20	95	15	OldForest	100	20	20	95	15	0	ft	""
WD	wepp-4306	"00:54 am  Thursday November 28, 2013"	"RIO PIEDRAS EXP FARM PR"	30	silt	OldForest	100	20	20	95	15	OldForest	100	20	20	95	15	0	m	""
WD	wepp-4456	"00:58 am  Thursday November 28, 2013"	"RIO PIEDRAS EXP FARM PR"	30	silt	Bunchgrass	100	20	20	95	15	Bunchgrass	100	20	20	95	15	0	m	""
WD	wepp-4477	"00:58 am  Thursday November 28, 2013"	"RIO PIEDRAS EXP FARM PR"	30	silt	Bunchgrass	100	20	20	95	15	Bunchgrass	100	20	20	95	15	0	m	""
WD	wepp-4656	"01:06 am  Thursday November 28, 2013"	"RIO PIEDRAS EXP FARM PR"	30	silt	Sod	100	20	20	50	15	Sod	100	20	20	50	15	0	m	""
WD	wepp-4636	"01:07 am  Thursday November 28, 2013"	"RIO PIEDRAS EXP FARM PR"	30	silt	Sod	100	20	20	50	15	Sod	100	20	20	50	15	0	m	""
WD	wepp-4715	"01:07 am  Thursday November 28, 2013"	"RIO PIEDRAS EXP FARM PR"	30	silt	Sod	100	20	20	50	15	Sod	100	20	20	50	15	0	m	""
WD	wepp-4735	"01:07 am  Thursday November 28, 2013"	"RIO PIEDRAS EXP FARM PR"	30	silt	Sod	100	20	20	50	15	Sod	100	20	20	50	15	0	m	""
WD	wepp-4921	"01:13 am  Thursday November 28, 2013"	"RIO PIEDRAS EXP FARM PR"	30	silt	OldForest	100	20	20	95	15	OldForest	100	20	20	95	15	0	m	""
WD	wepp-4941	"01:14 am  Thursday November 28, 2013"	"RIO PIEDRAS EXP FARM PR"	30	silt	Shrub	100	20	20	80	15	Shrub	100	20	20	80	15	0	m	""
WD	wepp-5138	"01:19 am  Thursday November 28, 2013"	"RIO PIEDRAS EXP FARM PR"	30	sand	OldForest	100	20	20	95	15	OldForest	100	20	20	95	15	0	m	""
WR	wepp-5453	"01:36 am  Thursday November 28, 2013"	"RIO PIEDRAS EXP FARM PR"	30	silt	native	100	5	5	5	30	0.3	20	20	outrut	m
WR	wepp-5837	"01:55 am  Thursday November 28, 2013"	"RIO PIEDRAS EXP FARM PR"	30	silt	native	100	5	5	5	30	0.3	20	20	inveg	m
WR	wepp-5935	"02:05 am  Thursday November 28, 2013"	"RIO PIEDRAS EXP FARM PR"	30	silt	native	100	5	5	5	30	0.3	20	20	outrut	m
WR	wepp-6053	"02:14 am  Thursday November 28, 2013"	"RIO PIEDRAS EXP FARM PR"	30	silt	native	100	5	5	5	30	0.3	20	20	outrut	m
