WE	wepp-678	"09:29 am  Friday March 16, 2012"	"MOSCOW U OF I ID"	sand	20	range	0	50	30	300	l	15	75	ft
WE	wepp-29126	"06:47 am  Monday March 17, 2014"	"UTAH LAKE LEHI UT"	sand	20	range	0	50	30	300	l	15	75	ft
WE	wepp-31187	"06:50 am  Monday March 17, 2014"	"UTAH LAKE LEHI UT"	sand	20	range	0	50	30	300	m	15	75	ft
WE	wepp-31330	"06:53 am  Monday March 17, 2014"	"UTAH LAKE LEHI UT"	sand	20	range	0	50	30	300	h	15	75	ft
WE	wepp-2002	"07:01 am  Monday March 17, 2014"	"UTAH LAKE LEHI UT"	clay	20	range	0	50	30	500	m	15	75	ft
WE	wepp-2225	"07:04 am  Monday March 17, 2014"	"UTAH LAKE LEHI UT"	sand	20	range	0	50	30	500	m	15	75	ft
WE	wepp-38463	"09:50 am  Tuesday March 29, 2016"	"UTAH LAKE LEHI UT"	sand	20	range	0	50	30	300	h	15	75	ft
WE	wepp-38774	"09:56 am  Tuesday March 29, 2016"	"UTAH LAKE LEHI UT"	sand	20	range	0	50	30	300	m	15	75	ft
WE	wepp-38974	"09:58 am  Tuesday March 29, 2016"	"UTAH LAKE LEHI UT"	sand	20	range	0	50	30	300	l	15	75	ft
WE	wepp-39160	"10:00 am  Tuesday March 29, 2016"	"UTAH LAKE LEHI UT"	sand	20	range	0	50	30	300	l	15	75	ft
WE	wepp-39307	"10:01 am  Tuesday March 29, 2016"	"UTAH LAKE LEHI UT"	sand	20	range	0	50	30	300	h	15	75	ft
WE	wepp-39670	"10:10 am  Tuesday March 29, 2016"	"UTAH LAKE LEHI UT"	clay	20	range	0	50	30	300	h	15	75	ft
WE	wepp-39914	"10:12 am  Tuesday March 29, 2016"	"UTAH LAKE LEHI UT"	clay	20	range	0	50	30	300	m	15	75	ft
WE	wepp-40105	"10:12 am  Tuesday March 29, 2016"	"UTAH LAKE LEHI UT"	clay	20	range	0	50	30	300	l	15	75	ft
WE	wepp-40297	"10:16 am  Tuesday March 29, 2016"	"UTAH LAKE LEHI UT"	sand	20	range	0	50	30	300	h	15	75	ft
WE	wepp-40544	"10:17 am  Tuesday March 29, 2016"	"UTAH LAKE LEHI UT"	sand	20	range	0	50	30	300	m	15	75	ft
WE	wepp-40738	"10:18 am  Tuesday March 29, 2016"	"UTAH LAKE LEHI UT"	sand	20	range	0	50	30	300	l	15	75	ft
WE	wepp-40892	"10:19 am  Tuesday March 29, 2016"	"UTAH LAKE LEHI UT"	clay	20	range	0	50	30	300	l	15	75	ft
WE	wepp-41046	"10:19 am  Tuesday March 29, 2016"	"UTAH LAKE LEHI UT"	clay	20	range	0	50	30	300	m	15	75	ft
WE	wepp-41237	"10:20 am  Tuesday March 29, 2016"	"UTAH LAKE LEHI UT"	clay	20	range	0	50	30	300	h	15	75	ft
WE	wepp-91464	"02:09 pm  Wednesday March 30, 2016"	"UTAH LAKE LEHI UT"	sand	20	range	0	50	30	300	l	15	75	ft
WE	wepp-94066	"03:24 pm  Wednesday March 30, 2016"	"UTAH LAKE LEHI UT"	clay	5	forest	20	10	50	500	l			ft
WE	wepp-94220	"03:24 pm  Wednesday March 30, 2016"	"UTAH LAKE LEHI UT"	clay	5	forest	20	10	50	500	l			ft
WE	wepp-125414	"09:34 am  Thursday March 31, 2016"	"UTAH LAKE LEHI UT"	sand	20	range	0	50	30	300	h	15	75	ft
WE	wepp-125672	"09:36 am  Thursday March 31, 2016"	"UTAH LAKE LEHI UT"	sand	20	range	0	50	30	300	m	15	75	ft
WE	wepp-125873	"09:37 am  Thursday March 31, 2016"	"UTAH LAKE LEHI UT"	sand	20	range	0	50	30	300	l	15	75	ft
