WR	wepp-8882	"08:33 am  Wednesday February 15, 2012"	"SEELEY LAKE RS MT 22.55 +"	1	silt	graveled	200	10	12	15	35	150	30	5	inveg	ft
WR	wepp-14264	"11:54 am  Wednesday February 15, 2012"	"CORVALLIS ST COL OR"	30	clay	graveled	427	10	12	9	35	100	30	20	inveg	ft
WR	wepp-14657	"12:04 pm  Wednesday February 15, 2012"	"CORVALLIS ST COL OR"	30	silt	graveled	427	10	12	9	35	100	30	20	inveg	ft
WR	wepp-14696	"12:04 pm  Wednesday February 15, 2012"	"CORVALLIS ST COL OR"	30	silt	graveled	427	10	12	9	35	100	30	20	inveg	ft
WR	wepp-14924	"12:09 pm  Wednesday February 15, 2012"	"CORVALLIS ST COL OR"	30	silt	graveled	427	10	12	9	35	100	30	20	inveg	ft
WR	wepp-14973	"12:12 pm  Wednesday February 15, 2012"	"CORVALLIS ST COL OR"	30	silt	graveled	165	7	9	7	60	200	17	20	inveg	ft
WR	wepp-14996	"12:13 pm  Wednesday February 15, 2012"	"CORVALLIS ST COL OR"	30	silt	graveled	165	7	9	7	60	200	17	20	inveg	ft
WR	wepp-15102	"12:17 pm  Wednesday February 15, 2012"	"CORVALLIS ST COL OR"	30	silt	graveled	147	6	13	9	35	175	9	5	inveg	ft
WR	wepp-15122	"12:19 pm  Wednesday February 15, 2012"	"CORVALLIS ST COL OR"	30	silt	graveled	147	6	13	9	35	175	9	5	outrut	ft
WR	wepp-15142	"12:20 pm  Wednesday February 15, 2012"	"CORVALLIS ST COL OR"	30	silt	graveled	147	6	13	9	35	175	9	5	outrut	ft
WR	wepp-15235	"12:22 pm  Wednesday February 15, 2012"	"CORVALLIS ST COL OR"	30	silt	graveled	198	7	16	8	40	100	10	5	outrut	ft
WR	wepp-15294	"12:23 pm  Wednesday February 15, 2012"	"CORVALLIS ST COL OR"	30	silt	graveled	198	7	16	8	40	100	10	5	outrut	ft
WR	wepp-15301	"12:25 pm  Wednesday February 15, 2012"	"CORVALLIS ST COL OR"	30	silt	graveled	47	8	10.5	11	25	150	8	5	outrut	ft
WR	wepp-15324	"12:25 pm  Wednesday February 15, 2012"	"CORVALLIS ST COL OR"	30	silt	graveled	47	8	10.5	11	25	150	8	5	outrut	ft
WR	wepp-15392	"12:26 pm  Wednesday February 15, 2012"	"CORVALLIS ST COL OR"	30	silt	graveled	47	8	10.5	11	25	150	8	5	outrut	ft
WR	wepp-15452	"12:28 pm  Wednesday February 15, 2012"	"CORVALLIS ST COL OR"	30	silt	graveled	143	9	9	16	30	150	10	5	outrut	ft
WR	wepp-15472	"12:29 pm  Wednesday February 15, 2012"	"CORVALLIS ST COL OR"	30	silt	graveled	143	9	9	16	30	150	10	5	outrut	ft
WR	wepp-15585	"12:31 pm  Wednesday February 15, 2012"	"CORVALLIS ST COL OR"	30	silt	graveled	143	11	10	17	30	150	10	5	outrut	ft
WR	wepp-15612	"12:32 pm  Wednesday February 15, 2012"	"CORVALLIS ST COL OR"	30	silt	graveled	143	11	10	17	30	150	10	5	outrut	ft
WR	wepp-15632	"12:34 pm  Wednesday February 15, 2012"	"CORVALLIS ST COL OR"	30	silt	graveled	257	12	11	13	45	100	12	5	outrut	ft
WR	wepp-15692	"12:35 pm  Wednesday February 15, 2012"	"CORVALLIS ST COL OR"	30	silt	graveled	257	12	11	13	45	100	12	5	outrut	ft
WR	wepp-15760	"12:37 pm  Wednesday February 15, 2012"	"CORVALLIS ST COL OR"	30	silt	graveled	109	15	14	7	60	50	40	5	outrut	ft
WR	wepp-15820	"12:37 pm  Wednesday February 15, 2012"	"CORVALLIS ST COL OR"	30	silt	graveled	109	15	14	7	60	50	40	5	outrut	ft
WR	wepp-15827	"12:39 pm  Wednesday February 15, 2012"	"CORVALLIS ST COL OR"	30	silt	graveled	173	16	13	12	50	25	35	5	outrut	ft
WR	wepp-15847	"12:39 pm  Wednesday February 15, 2012"	"CORVALLIS ST COL OR"	30	silt	graveled	173	16	13	12	50	25	35	5	outrut	ft
WD	wepp-29509	"12:42 pm  Wednesday February 22, 2012"	"CORVALLIS ST COL OR"	30	silt	OldForest	500	70	70	100	5	OldForest	100	50	40	100	5	0	ft	""
WD	wepp-29575	"12:45 pm  Wednesday February 22, 2012"	"CORVALLIS ST COL OR"	30	silt	YoungForest	500	70	70	100	5	YoungForest	100	50	40	100	5	0	ft	""
WD	wepp-29595	"12:46 pm  Wednesday February 22, 2012"	"CORVALLIS ST COL OR"	30	silt	LowFire	500	70	70	85	5	LowFire	100	50	40	85	5	0	ft	""
WD	wepp-29614	"12:46 pm  Wednesday February 22, 2012"	"CORVALLIS ST COL OR"	30	silt	HighFire	500	70	70	45	5	HighFire	100	50	40	45	5	0	ft	""
