WR	wepp-123488	"10:52 am  Monday October 3, 2016"	""	1			0	0	0	0	0	0	0	0		
WR	wepp-123495	"10:53 am  Monday October 3, 2016"	""	1			0	0	0	0	0	0	0	0		
WR	wepp-123546	"10:57 am  Monday October 3, 2016"	"FLAGSTAFF WB AP AZ"	30	sand	graveled	250	5	5	4	50	35	40	20	outrut	m
WR	wepp-123586	"10:58 am  Monday October 3, 2016"	"FLAGSTAFF WB AP AZ"	30	sand	graveled	250	5	5	4	50	35	40	20	outrut	m
WR	wepp-123623	"10:58 am  Monday October 3, 2016"	"FLAGSTAFF WB AP AZ"	30	sand	graveled	250	5	5	4	50	40	40	20	outunrut	m
WR	wepp-123661	"10:59 am  Monday October 3, 2016"	"FLAGSTAFF WB AP AZ"	30	sand	graveled	250	5	5	4	50	35	40	20	outunrut	m
WR	wepp-123701	"11:00 am  Monday October 3, 2016"	"FLAGSTAFF WB AP AZ"	30	sand	graveled	250	5	4	4	50	35	40	20	outrut	m
WR	wepp-123739	"11:00 am  Monday October 3, 2016"	"FLAGSTAFF WB AP AZ"	30	sand	graveled	250	5	5	4	50	35	40	20	outrut	m
WR	wepp-123775	"11:01 am  Monday October 3, 2016"	"FLAGSTAFF WB AP AZ"	30	sand	graveled	250	5	5	4	50	35	40	20	outunrut	m
WR	wepp-169650	"10:33 am  Thursday October 5, 2017"	"FLAGSTAFF WB AP AZ"	30	sand	graveled	820.21	5	16.4	13.12	50	114.83	40	20	outrut	ft
WR	wepp-170141	"10:33 am  Thursday October 5, 2017"	"FLAGSTAFF WB AP AZ"	30	sand	graveled	820.21	5	16.4	13.12	50	114.83	40	20	outunrut	ft
WR	wepp-172362	"10:45 am  Thursday October 5, 2017"	"FLAGSTAFF WB AP AZ"	30	sand	graveled	200	4	13	15	50	130	25	20	outrut	ft
WR	wepp-174091	"05:15 pm  Wednesday October 10, 2018"	"FLAGSTAFF WB AP AZ"	30	sand	graveled	820.21	5	16.4042	13.1234	50	114.829	40	20	outrut	ft
WR	wepp-174705	"05:17 pm  Wednesday October 10, 2018"	"FLAGSTAFF WB AP AZ"	30	sand	native	820.21	5	16.4042	13.1234	50	114.829	40	20	outunrut	ft
WR	wepp-174751	"05:19 pm  Wednesday October 10, 2018"	"FLAGSTAFF WB AP AZ"	30	sand	graveled	820.21	5	16.4042	13.1234	50	114.829	40	20	outrut	ft
WR	wepp-174795	"05:20 pm  Wednesday October 10, 2018"	"FLAGSTAFF WB AP AZ"	30	sand	graveled	820.21	5	16.4042	13.1234	50	114.829	40	20	outunrut	ft
WR	wepp-211341	"05:35 am  Friday October 12, 2018"	"FLAGSTAFF WB AP AZ"	30	sand	graveled	820	5	16.4	13.12	50	114.8	40	20	outrut	ft
WR	wepp-211462	"05:38 am  Friday October 12, 2018"	"FLAGSTAFF WB AP AZ"	30	sand	graveled	200	4	13	15	50	130	25	20	outunrut	ft
WR	wepp-214065	"08:07 am  Friday October 12, 2018"	"FLAGSTAFF WB AP AZ"	30	sand	graveled	250	5	5	4	50	35	40	20	outrut	ft
WR	wepp-214109	"08:08 am  Friday October 12, 2018"	"FLAGSTAFF WB AP AZ"	30	sand	graveled	250	5	5	4	50	35	40	20	outunrut	ft
WR	wepp-214150	"08:08 am  Friday October 12, 2018"	"FLAGSTAFF WB AP AZ"	1	sand	graveled	250	5	5	4	50	35	40	20	outrut	ft
WR	wepp-214264	"08:09 am  Friday October 12, 2018"	"FLAGSTAFF WB AP AZ"	30	sand	graveled	250	5	5	4	50	35	40	20	outunrut	ft
WR	wepp-179612	"09:22 am  Sunday September 29, 2019"	"FLAGSTAFF WB AP AZ"	30	sand	graveled	820.21	5	16.4	13.32	50	16.4	40	20	outrut	ft
WR	wepp-179761	"09:29 am  Sunday September 29, 2019"	"FLAGSTAFF WB AP AZ"	30	sand	graveled	820.21	5	16.4	13.32	50	114.83	40	20	outunrut	ft
WR	wepp-179915	"09:33 am  Sunday September 29, 2019"	"FLAGSTAFF WB AP AZ"	30	sand	graveled	820.21	5	16.4	13.32	50	114.83	40	20	outrut	ft
