WR	wepp-8752	"03:19 pm  Thursday November 8, 2012"	"FORT BRAGG CA"	30	sand	graveled	150	2	16	15	50	100	50	20	outrut	ft
WD	wepp-11015	"04:20 pm  Thursday November 8, 2012"	"SANTA CRUZ CA"	30	silt	OldForest	500	70	70	100	5	OldForest	100	50	40	100	20	0	ft	""
WD	wepp-11208	"04:24 pm  Thursday November 8, 2012"	"SANTA CRUZ CA"	30	silt	YoungForest	500	70	70	100	5	YoungForest	100	50	40	100	20	0	ft	""
WD	wepp-11248	"04:25 pm  Thursday November 8, 2012"	"SANTA CRUZ CA"	30	silt	LowFire	500	70	70	85	5	LowFire	100	50	40	85	20	0	ft	""
WD	wepp-11270	"04:26 pm  Thursday November 8, 2012"	"SANTA CRUZ CA"	30	silt	HighFire	500	70	70	45	5	HighFire	100	50	40	45	20	0	ft	""
WR	wepp-11631	"04:35 pm  Thursday November 8, 2012"	"FORT BRAGG CA"	30	sand	graveled	81.3	6	16	12	81	25	80	20	inveg	ft
WR	wepp-11813	"04:38 pm  Thursday November 8, 2012"	"FORT BRAGG CA"	30	sand	graveled	81.3	6	16	12	81	25	80	20	outrut	ft
WR	wepp-11852	"04:39 pm  Thursday November 8, 2012"	"FORT BRAGG CA"	30	sand	graveled	81.3	6	16	12	81	25	80	20	outrut	ft
WR	wepp-11917	"04:40 pm  Thursday November 8, 2012"	"FORT BRAGG CA"	30	sand	graveled	71.3	5	16	10	59	25	80	20	outrut	ft
WR	wepp-12010	"04:41 pm  Thursday November 8, 2012"	"FORT BRAGG CA"	30	sand	graveled	71.3	5	16	10	59	25	80	20	outrut	ft
WR	wepp-12057	"04:42 pm  Thursday November 8, 2012"	"FORT BRAGG CA"	30	sand	graveled	10	5	20	10	40	25	80	20	outrut	ft
WR	wepp-12120	"04:42 pm  Thursday November 8, 2012"	"FORT BRAGG CA"	30	sand	graveled	10	5	20	10	40	25	80	20	outrut	ft
WR	wepp-12163	"04:43 pm  Thursday November 8, 2012"	"FORT BRAGG CA"	30	sand	graveled	123.8	7	16	12	65	25	80	20	outrut	ft
WR	wepp-12240	"04:44 pm  Thursday November 8, 2012"	"FORT BRAGG CA"	30	sand	graveled	123.8	7	16	12	65	25	80	20	outrut	ft
WR	wepp-12523	"04:45 pm  Thursday November 8, 2012"	"FORT BRAGG CA"	30	sand	graveled	89.4	1	16	10	55	25	80	20	outrut	ft
WR	wepp-12577	"04:46 pm  Thursday November 8, 2012"	"FORT BRAGG CA"	30	sand	graveled	89.4	1	16	10	55	25	80	20	outrut	ft
WR	wepp-12699	"04:47 pm  Thursday November 8, 2012"	"FORT BRAGG CA"	30	sand	graveled	75	11	16	10	50	25	80	20	outrut	ft
WR	wepp-12814	"04:47 pm  Thursday November 8, 2012"	"FORT BRAGG CA"	30	sand	graveled	75	11	16	10	50	25	80	20	outrut	ft
WR	wepp-15322	"01:25 pm  Friday March 7, 2014"	"SAN LUIS OBISPO POL CA"	30	clay	native	1000	19	12	16	15	1	0.3	20	outrut	ft
WR	wepp-15595	"01:27 pm  Friday March 7, 2014"	"SAN LUIS OBISPO POL CA"	30	clay	native	1000	19	12	16	15	1	0.3	20	outrut	ft
WR	wepp-17055	"01:28 pm  Friday March 7, 2014"	""	30	clay	native	1000	10	10	1	0.3	14	18	20		ft
WR	wepp-17303	"01:28 pm  Friday March 7, 2014"	"SAN LUIS OBISPO POL CA"	30	clay	native	1000	10	10	1	0.3	14	18	20	inveg	ft
WR	wepp-18222	"01:32 pm  Friday March 7, 2014"	"SAN LUIS OBISPO POL CA"	30	clay	native	1000	10	10	1	0.3	14	18	20	inveg	ft
WR	wepp-18257	"01:33 pm  Friday March 7, 2014"	"SAN LUIS OBISPO POL CA"	30	clay	native	1000	10	10	1	0.3	14	18	20	inveg	ft
WR	wepp-18297	"01:35 pm  Friday March 7, 2014"	""	30	clay	native	1000	15	10	20	26	40	23	20		ft
WR	wepp-18344	"01:35 pm  Friday March 7, 2014"	"SAN LUIS OBISPO POL CA"	30	clay	native	1000	15	10	20	26	40	23	20	inveg	ft
WR	wepp-18382	"01:35 pm  Friday March 7, 2014"	"SAN LUIS OBISPO POL CA"	30	clay	native	1000	15	10	20	26	40	23	20	inveg	ft
WR	wepp-18420	"01:36 pm  Friday March 7, 2014"	""	30	clay	native	1000	6	12	15	30	41	26	20		ft
WR	wepp-18454	"01:36 pm  Friday March 7, 2014"	"SAN LUIS OBISPO POL CA"	30	clay	native	1000	6	12	15	30	41	26	20	inveg	ft
WR	wepp-20109	"01:38 pm  Friday March 7, 2014"	"SAN LUIS OBISPO POL CA"	30	clay	native	1000	6	12	15	30	41	26	20	inveg	ft
WR	wepp-128992	"08:29 am  Tuesday October 27, 2015"	"SAN LUIS OBISPO POL CA"	30	loam	native	150	10	16	4	25	75	20	10	outrut	ft
WR	wepp-162694	"03:50 pm  Thursday November 5, 2015"	"SAN LUIS OBISPO POL CA"	30	clay	native	341.7	10	12	11	4	64	25	20	outunrut	ft
WR	wepp-164846	"04:07 pm  Thursday November 5, 2015"	"SAN LUIS OBISPO POL CA"	30	clay	native	341.7	10	12	11	4	64	25	20	outrut	ft
WR	wepp-165026	"04:08 pm  Thursday November 5, 2015"	"SAN LUIS OBISPO POL CA"	30	clay	native	185	5	6.3	11	9	50	32	20	outunrut	ft
WR	wepp-165302	"04:10 pm  Thursday November 5, 2015"	"SAN LUIS OBISPO POL CA"	30	clay	native	132	15	8	11	11	38	26	20	outunrut	ft
WR	wepp-165467	"04:12 pm  Thursday November 5, 2015"	"SAN LUIS OBISPO POL CA"	30	clay	native	266	10	9	12	14	43	18	20	outunrut	ft
WR	wepp-165665	"04:13 pm  Thursday November 5, 2015"	"SAN LUIS OBISPO POL CA"	30	clay	native	142	14	9.6	9.4	1	47	28	20	outrut	ft
WR	wepp-165765	"04:14 pm  Thursday November 5, 2015"	"SAN LUIS OBISPO POL CA"	30	clay	native	142	14	9.6	9.4	1	47	28	20	outrut	ft
WR	wepp-166179	"04:17 pm  Thursday November 5, 2015"	"SAN LUIS OBISPO POL CA"	30	clay	native	269	26	5.5	12	7	12	21	20	inbare	ft
WR	wepp-166285	"04:18 pm  Thursday November 5, 2015"	"SAN LUIS OBISPO POL CA"	30	clay	native	269	26	5.5	12	7	12	21	20	inbare	ft
