WD	wepp-135657	"08:56 am  Thursday November 29, 2018"	"ESTES PARK 1N CO"	10	sand	HighFire	50	20	20	5	20	HighFire	50	20	20	5	20	0	m	""
WD	wepp-135719	"08:58 am  Thursday November 29, 2018"	"ESTES PARK 1N CO"	10	sand	HighFire	50	40	40	5	20	HighFire	50	40	40	5	20	0	m	""
WD	wepp-135779	"08:59 am  Thursday November 29, 2018"	"ESTES PARK 1N CO"	10	sand	HighFire	50	60	60	5	20	HighFire	50	60	60	5	20	0	m	""
WD	wepp-135821	"08:59 am  Thursday November 29, 2018"	"ESTES PARK 1N CO"	10	sand	HighFire	50	80	80	5	20	HighFire	50	80	80	5	20	0	m	""
WD	wepp-135928	"09:00 am  Thursday November 29, 2018"	"ESTES PARK 1N CO"	10	sand	LowFire	50	40	40	50	20	LowFire	50	40	40	50	20	0	m	""
WD	wepp-135971	"09:01 am  Thursday November 29, 2018"	"ESTES PARK 1N CO"	10	sand	OldForest	50	40	40	100	20	OldForest	50	40	40	100	20	0	m	""
WD	wepp-136019	"09:02 am  Thursday November 29, 2018"	"ESTES PARK 1N CO"	10	clay	HighFire	50	40	40	5	20	HighFire	50	40	40	5	20	0	m	""
WD	wepp-136142	"09:03 am  Thursday November 29, 2018"	"CHICO EXP STA CA"	10	sand	HighFire	50	20	20	5	20	HighFire	50	20	20	5	20	0	m	""
WD	wepp-136186	"09:04 am  Thursday November 29, 2018"	"CHICO EXP STA CA"	10	sand	HighFire	50	40	40	5	20	HighFire	50	40	40	5	20	0	m	""
WD	wepp-136401	"09:05 am  Thursday November 29, 2018"	"ESTES PARK 1N CO"	100	sand	HighFire	50	20	20	5	20	HighFire	50	20	20	5	20	0	m	""
WD	wepp-136460	"09:06 am  Thursday November 29, 2018"	"ESTES PARK 1N CO"	100	sand	HighFire	50	40	40	5	20	HighFire	50	40	40	5	20	0	m	""
WD	wepp-136502	"09:07 am  Thursday November 29, 2018"	"ESTES PARK 1N CO"	100	sand	HighFire	50	60	60	5	20	HighFire	50	60	60	5	20	0	m	""
WD	wepp-136564	"09:08 am  Thursday November 29, 2018"	"ESTES PARK 1N CO"	100	sand	HighFire	50	80	80	5	20	HighFire	50	80	80	5	20	0	m	""
WD	wepp-136682	"09:09 am  Thursday November 29, 2018"	"ESTES PARK 1N CO"	100	clay	HighFire	50	40	40	5	20	HighFire	50	40	40	5	20	0	m	""
WD	wepp-136787	"09:11 am  Thursday November 29, 2018"	"ESTES PARK 1N CO"	100	sand	LowFire	50	40	40	50	20	LowFire	50	40	40	50	20	0	m	""
WD	wepp-136832	"09:12 am  Thursday November 29, 2018"	"ESTES PARK 1N CO"	100	sand	OldForest	50	40	40	100	20	OldForest	50	40	40	100	20	0	m	""
WD	wepp-136879	"09:13 am  Thursday November 29, 2018"	"CHICO EXP STA CA"	100	sand	OldForest	50	40	40	100	20	OldForest	50	40	40	100	20	0	m	""
WD	wepp-136925	"09:14 am  Thursday November 29, 2018"	"CHICO EXP STA CA"	100	sand	HighFire	50	20	20	5	20	HighFire	50	20	20	5	20	0	m	""
WD	wepp-136983	"09:14 am  Thursday November 29, 2018"	"CHICO EXP STA CA"	100	sand	HighFire	50	40	40	5	20	HighFire	50	40	40	5	20	0	m	""
WD	wepp-137144	"09:16 am  Thursday November 29, 2018"	"CHICO EXP STA CA"	100	sand	HighFire	50	60	60	5	20	HighFire	50	60	60	5	20	0	m	""
WD	wepp-137185	"09:17 am  Thursday November 29, 2018"	"CHICO EXP STA CA"	100	sand	HighFire	50	80	80	5	20	HighFire	50	80	80	5	20	0	m	""
WD	wepp-137227	"09:17 am  Thursday November 29, 2018"	"CHICO EXP STA CA"	100	clay	HighFire	50	40	40	5	20	HighFire	50	40	40	5	20	0	m	""
WD	wepp-137282	"09:18 am  Thursday November 29, 2018"	"CHICO EXP STA CA"	100	sand	LowFire	50	40	40	50	20	LowFire	50	40	40	50	20	0	m	""
WD	wepp-137394	"09:22 am  Thursday November 29, 2018"	"ESTES PARK 1N CO"	100	sand	HighFire	100	0	30	5	20	HighFire	100	30	5	5	20	0	m	""
WD	wepp-137542	"09:23 am  Thursday November 29, 2018"	"ESTES PARK 1N CO"	100	sand	HighFire	100	20	20	5	20	HighFire	100	20	20	5	20	0	m	""
WD	wepp-137589	"09:23 am  Thursday November 29, 2018"	"ESTES PARK 1N CO"	100	sand	HighFire	100	40	40	5	20	HighFire	100	40	40	5	20	0	m	""
WD	wepp-137644	"09:24 am  Thursday November 29, 2018"	"ESTES PARK 1N CO"	100	sand	HighFire	100	60	60	5	20	HighFire	100	60	60	5	20	0	m	""
WD	wepp-137691	"09:24 am  Thursday November 29, 2018"	"ESTES PARK 1N CO"	100	sand	HighFire	100	80	80	5	20	HighFire	100	80	80	5	20	0	m	""
WD	wepp-137741	"09:25 am  Thursday November 29, 2018"	"ESTES PARK 1N CO"	100	clay	HighFire	100	40	40	5	20	HighFire	100	40	40	5	20	0	m	""
WD	wepp-137825	"09:26 am  Thursday November 29, 2018"	"ESTES PARK 1N CO"	100	sand	LowFire	100	40	40	50	20	LowFire	100	40	40	50	20	0	m	""
WD	wepp-137861	"09:27 am  Thursday November 29, 2018"	"ESTES PARK 1N CO"	100	sand	OldForest	100	40	40	100	20	OldForest	100	40	40	100	20	0	m	""
WD	wepp-137907	"09:27 am  Thursday November 29, 2018"	"CHICO EXP STA CA"	100	sand	HighFire	100	20	20	5	20	HighFire	100	20	20	5	20	0	m	""
WD	wepp-137955	"09:28 am  Thursday November 29, 2018"	"CHICO EXP STA CA"	100	sand	HighFire	100	40	40	5	20	HighFire	100	40	40	5	20	0	m	""
WD	wepp-138012	"09:29 am  Thursday November 29, 2018"	"CHICO EXP STA CA"	100	sand	HighFire	100	60	60	5	20	HighFire	100	60	60	5	20	0	m	""
WD	wepp-138091	"09:30 am  Thursday November 29, 2018"	"CHICO EXP STA CA"	100	sand	HighFire	100	80	80	5	20	HighFire	100	80	80	5	20	0	m	""
WD	wepp-138199	"09:31 am  Thursday November 29, 2018"	"CHICO EXP STA CA"	100	clay	HighFire	100	40	40	5	20	HighFire	100	40	40	5	20	0	m	""
WD	wepp-138248	"09:31 am  Thursday November 29, 2018"	"CHICO EXP STA CA"	100	sand	LowFire	100	40	40	50	20	LowFire	100	40	40	50	20	0	m	""
WD	wepp-138310	"09:32 am  Thursday November 29, 2018"	"CHICO EXP STA CA"	100	sand	OldForest	100	40	40	100	20	OldForest	100	40	40	100	20	0	m	""
