WE	wepp-143712	"09:18 am  Friday December 17, 2021"	"HOOD RIVER EXP STA OR"	silt	5	forest	17.68	25.72	1.47	238.2617	m			m
WE	wepp-143870	"09:18 am  Friday December 17, 2021"	"HOOD RIVER EXP STA OR"	silt	5	forest	59.63	59.7	29.8	64.64796	h			m
WE	wepp-144042	"09:19 am  Friday December 17, 2021"	"HOOD RIVER EXP STA OR"	silt	5	forest	30.64	23.84	3.51	300	h			m
WE	wepp-144214	"09:19 am  Friday December 17, 2021"	"HOOD RIVER EXP STA OR"	silt	5	forest	43.67	52.12	20.58	300	h			m
WE	wepp-144385	"09:19 am  Friday December 17, 2021"	"HOOD RIVER EXP STA OR"	silt	5	forest	9.43	33.66	25.23	300	h			m
WE	wepp-144555	"09:19 am  Friday December 17, 2021"	"HOOD RIVER EXP STA OR"	silt	5	forest	40.3	24.6	24.63	237.7082	h			m
WE	wepp-144726	"09:20 am  Friday December 17, 2021"	"HOOD RIVER EXP STA OR"	silt	5	forest	6.67	10.5	6	40.46282	l			m
WE	wepp-144816	"09:20 am  Friday December 17, 2021"	"HOOD RIVER EXP STA OR"	silt	5	forest	16.5	27.28	17.38	60.61172	l			m
WE	wepp-144906	"09:20 am  Friday December 17, 2021"	"HOOD RIVER EXP STA OR"	silt	5	forest	11.08	15.75	4.24	170.5792	h			m
WE	wepp-145077	"09:20 am  Friday December 17, 2021"	"HOOD RIVER EXP STA OR"	silt	5	forest	22.67	33.06	18.47	100.0578	h			m
WE	wepp-145247	"09:20 am  Friday December 17, 2021"	"HOOD RIVER EXP STA OR"	silt	5	forest	0.94	5.38	2.46	60.87031	l			m
WE	wepp-145337	"09:20 am  Friday December 17, 2021"	"HOOD RIVER EXP STA OR"	silt	5	forest	6	11.99	11.22	109.2589	l			m
WE	wepp-145428	"09:21 am  Friday December 17, 2021"	"HOOD RIVER EXP STA OR"	silt	5	forest	17.44	100	58.39	14.64466	m			m
WE	wepp-145558	"09:21 am  Friday December 17, 2021"	"HOOD RIVER EXP STA OR"	silt	5	forest	5.18	15.75	10.13	47.70938	l			m
WE	wepp-145648	"09:21 am  Friday December 17, 2021"	"HOOD RIVER EXP STA OR"	silt	5	forest	37.71	45.52	16.89	300	h			m
WE	wepp-145819	"09:21 am  Friday December 17, 2021"	"HOOD RIVER EXP STA OR"	silt	5	forest	12.67	16.34	11.7	185.3175	m			m
WE	wepp-145949	"09:21 am  Friday December 17, 2021"	"HOOD RIVER EXP STA OR"	silt	5	forest	7.67	9.48	0.1	300	l			m
WE	wepp-146039	"09:21 am  Friday December 17, 2021"	"HOOD RIVER EXP STA OR"	silt	5	forest	2.59	14.88	8.02	198.9331	h			m
WE	wepp-146210	"09:22 am  Friday December 17, 2021"	"HOOD RIVER EXP STA OR"	silt	5	forest	23	14.53	7.83	300	l			m
WE	wepp-146300	"09:22 am  Friday December 17, 2021"	"HOOD RIVER EXP STA OR"	silt	5	forest	41.72	31.66	41.67	257.4971	h			m
WE	wepp-146470	"09:22 am  Friday December 17, 2021"	"HOOD RIVER EXP STA OR"	silt	5	forest	45.26	92.44	64.54	38.94991	h			m
WE	wepp-146641	"09:22 am  Friday December 17, 2021"	"HOOD RIVER EXP STA OR"	silt	5	forest	19.67	34.73	26.6	109.0077	m			m
WE	wepp-146771	"09:22 am  Friday December 17, 2021"	"HOOD RIVER EXP STA OR"	silt	5	forest	3.77	18	17.47	276.0556	h			m
WE	wepp-146942	"09:23 am  Friday December 17, 2021"	"HOOD RIVER EXP STA OR"	silt	5	forest	7.54	11.82	11.15	132.8904	l			m
WE	wepp-147039	"09:23 am  Friday December 17, 2021"	"HOOD RIVER EXP STA OR"	silt	5	forest	18.86	18.81	6.01	125.1109	l			m
WE	wepp-147129	"09:23 am  Friday December 17, 2021"	"HOOD RIVER EXP STA OR"	silt	5	forest	34.22	33.83	33.44	58.42486	m			m
WE	wepp-147260	"09:23 am  Friday December 17, 2021"	"HOOD RIVER EXP STA OR"	silt	5	forest	18.62	57.12	38.9	143.2777	m			m
WE	wepp-147390	"09:23 am  Friday December 17, 2021"	"HOOD RIVER EXP STA OR"	silt	5	forest	13.44	32.53	58.11	300	m			m
WE	wepp-147520	"09:23 am  Friday December 17, 2021"	"HOOD RIVER EXP STA OR"	silt	5	forest	12.49	36.55	23.87	80.39941	m			m
WE	wepp-147651	"09:24 am  Friday December 17, 2021"	"HOOD RIVER EXP STA OR"	silt	5	forest	22.33	17.14	13.62	101.3033	m			m
WE	wepp-147781	"09:24 am  Friday December 17, 2021"	"HOOD RIVER EXP STA OR"	silt	5	forest	14.33	16.77	16.97	75.54932	m			m
WE	wepp-147911	"09:24 am  Friday December 17, 2021"	"HOOD RIVER EXP STA OR"	silt	5	forest	16.33	39.33	80.99	168	m			m
WE	wepp-148042	"09:24 am  Friday December 17, 2021"	"HOOD RIVER EXP STA OR"	silt	5	forest	36.53	78.98	54.46	42.78475	m			m
WE	wepp-148172	"09:24 am  Friday December 17, 2021"	"HOOD RIVER EXP STA OR"	silt	5	forest	19.44	14.76	6.59	251.528	l			m
WE	wepp-148263	"09:25 am  Friday December 17, 2021"	"HOOD RIVER EXP STA OR"	silt	5	forest	13.44	26.62	11.7	234.8125	m			m
WE	wepp-148396	"09:25 am  Friday December 17, 2021"	"HOOD RIVER EXP STA OR"	silt	5	forest	25.46	18.57	19.41	159.2455	l			m
WE	wepp-148486	"09:25 am  Friday December 17, 2021"	"HOOD RIVER EXP STA OR"	silt	5	forest	11.31	26.84	22.91	300	m			m
WE	wepp-148617	"09:25 am  Friday December 17, 2021"	"HOOD RIVER EXP STA OR"	silt	5	forest	3.33	12.36	2.36	39.80181	l			m
WE	wepp-148707	"09:25 am  Friday December 17, 2021"	"HOOD RIVER EXP STA OR"	silt	5	forest	22.07	38.7	7.15	300	m			m
WE	wepp-148839	"09:25 am  Friday December 17, 2021"	"HOOD RIVER EXP STA OR"	silt	5	forest	3.67	17.62	4	229.3699	h			m
WE	wepp-149010	"09:26 am  Friday December 17, 2021"	"HOOD RIVER EXP STA OR"	silt	5	forest	17	36.15	28.43	150.0977	m			m
WE	wepp-149142	"09:26 am  Friday December 17, 2021"	"HOOD RIVER EXP STA OR"	silt	5	forest	39.6	12.78	3.88	300	l			m
WE	wepp-149232	"09:26 am  Friday December 17, 2021"	"HOOD RIVER EXP STA OR"	silt	5	forest	17.44	24.49	23.16	300	m			m
WE	wepp-149363	"09:26 am  Friday December 17, 2021"	"HOOD RIVER EXP STA OR"	silt	5	forest	3.06	9.71	4.61	300	l			m
WE	wepp-149453	"09:26 am  Friday December 17, 2021"	"HOOD RIVER EXP STA OR"	silt	5	forest	29	26.79	33	300	h			m
WE	wepp-149623	"09:26 am  Friday December 17, 2021"	"HOOD RIVER EXP STA OR"	silt	5	forest	17.91	25.24	22.26	57.48281	h			m
WE	wepp-149795	"09:27 am  Friday December 17, 2021"	"HOOD RIVER EXP STA OR"	silt	5	forest	34.65	66.33	29.94	35.14719	h			m
WE	wepp-149966	"09:27 am  Friday December 17, 2021"	"HOOD RIVER EXP STA OR"	silt	5	forest	19.56	27.05	9.39	224.6199	h			m
WE	wepp-150137	"09:27 am  Friday December 17, 2021"	"HOOD RIVER EXP STA OR"	silt	5	forest	14.85	28.65	29.22	300	h			m
WE	wepp-150307	"09:27 am  Friday December 17, 2021"	"HOOD RIVER EXP STA OR"	silt	5	forest	14.33	12.45	5.22	120.1862	l			m
WE	wepp-150398	"09:28 am  Friday December 17, 2021"	"HOOD RIVER EXP STA OR"	silt	5	forest	2.33	6.75	6.87	159.1538	l			m
WE	wepp-150488	"09:28 am  Friday December 17, 2021"	"HOOD RIVER EXP STA OR"	silt	5	forest	27.11	50.71	21.36	300	m			m
WE	wepp-150618	"09:28 am  Friday December 17, 2021"	"HOOD RIVER EXP STA OR"	silt	5	forest	10.67	12.97	5.11	169.1458	l			m
WE	wepp-150709	"09:28 am  Friday December 17, 2021"	"HOOD RIVER EXP STA OR"	silt	5	forest	16.03	21.43	14.72	91.74907	h			m
WE	wepp-150880	"09:28 am  Friday December 17, 2021"	"HOOD RIVER EXP STA OR"	silt	5	forest	4	14.65	6.61	161.8513	l			m
WE	wepp-150970	"09:28 am  Friday December 17, 2021"	"HOOD RIVER EXP STA OR"	silt	5	forest	34	56.53	23.27	248.5281	m			m
WE	wepp-151101	"09:29 am  Friday December 17, 2021"	"HOOD RIVER EXP STA OR"	silt	5	forest	16.5	27.38	25.67	151.0141	m			m
WE	wepp-151231	"09:29 am  Friday December 17, 2021"	"HOOD RIVER EXP STA OR"	silt	5	forest	3.77	19.74	23.33	233.9187	l			m
WE	wepp-151321	"09:29 am  Friday December 17, 2021"	"HOOD RIVER EXP STA OR"	silt	5	forest	54.67	53.02	25.45	48.97573	h			m
WE	wepp-151492	"09:29 am  Friday December 17, 2021"	"HOOD RIVER EXP STA OR"	silt	5	forest	20.67	18.42	0.1	300	h			m
WE	wepp-151662	"09:29 am  Friday December 17, 2021"	"HOOD RIVER EXP STA OR"	silt	5	forest	11.55	20.76	4.16	300	h			m
WE	wepp-151833	"09:30 am  Friday December 17, 2021"	"HOOD RIVER EXP STA OR"	silt	5	forest	24.11	48.54	24.18	103.8222	l			m
WE	wepp-151923	"09:30 am  Friday December 17, 2021"	"HOOD RIVER EXP STA OR"	silt	5	forest	31	41.14	31.2	300	h			m
WE	wepp-152094	"09:30 am  Friday December 17, 2021"	"HOOD RIVER EXP STA OR"	silt	5	forest	23.33	22.34	17.57	300	h			m
WE	wepp-152266	"09:30 am  Friday December 17, 2021"	"HOOD RIVER EXP STA OR"	silt	5	forest	34	54.1	46.89	69.46544	h			m
WE	wepp-152436	"09:31 am  Friday December 17, 2021"	"HOOD RIVER EXP STA OR"	silt	5	forest	10.33	14.44	9.39	50.37041	l			m
WE	wepp-152527	"09:31 am  Friday December 17, 2021"	"HOOD RIVER EXP STA OR"	silt	5	forest	14.85	25.07	48.73	300	m			m
WE	wepp-152657	"09:31 am  Friday December 17, 2021"	"HOOD RIVER EXP STA OR"	silt	5	forest	5.42	5.71	0.24	197.2746	l			m
WE	wepp-152747	"09:31 am  Friday December 17, 2021"	"HOOD RIVER EXP STA OR"	silt	5	forest	8.96	7.75	3.88	265.9666	l			m
WE	wepp-152838	"09:31 am  Friday December 17, 2021"	"HOOD RIVER EXP STA OR"	silt	5	forest	4.24	15.48	3.37	300	l			m
WE	wepp-152928	"09:31 am  Friday December 17, 2021"	"HOOD RIVER EXP STA OR"	silt	5	forest	38.58	41.78	33.61	300	m			m
WE	wepp-153058	"09:31 am  Friday December 17, 2021"	"HOOD RIVER EXP STA OR"	silt	5	forest	14.38	10.13	4.7	203.9737	l			m
WE	wepp-153149	"09:32 am  Friday December 17, 2021"	"HOOD RIVER EXP STA OR"	silt	5	forest	29.33	23.99	18.52	300	h			m
WE	wepp-153319	"09:32 am  Friday December 17, 2021"	"HOOD RIVER EXP STA OR"	silt	5	forest	13.33	14.49	11.04	300	m			m
WE	wepp-153449	"09:32 am  Friday December 17, 2021"	"HOOD RIVER EXP STA OR"	silt	5	forest	5.42	9.4	5.03	300	l			m
WE	wepp-153540	"09:32 am  Friday December 17, 2021"	"HOOD RIVER EXP STA OR"	silt	5	forest	4.24	12.36	1.64	300	l			m
WE	wepp-153630	"09:32 am  Friday December 17, 2021"	"HOOD RIVER EXP STA OR"	silt	5	forest	18.33	40.94	46.82	295.5826	h			m
WE	wepp-153800	"09:32 am  Friday December 17, 2021"	"HOOD RIVER EXP STA OR"	silt	5	forest	7.07	15.31	15.28	128.638	m			m
WE	wepp-153931	"09:33 am  Friday December 17, 2021"	"HOOD RIVER EXP STA OR"	silt	5	forest	12.73	14.88	10.34	300	m			m
WE	wepp-154061	"09:33 am  Friday December 17, 2021"	"HOOD RIVER EXP STA OR"	silt	5	forest	1	2.45	4.96	300	l			m
WE	wepp-154151	"09:33 am  Friday December 17, 2021"	"HOOD RIVER EXP STA OR"	silt	5	forest	7	16.57	27.31	285.2216	h			m
WE	wepp-154322	"09:33 am  Friday December 17, 2021"	"HOOD RIVER EXP STA OR"	silt	5	forest	15.32	16.18	6.67	225.3322	h			m
WE	wepp-154493	"09:33 am  Friday December 17, 2021"	"HOOD RIVER EXP STA OR"	silt	5	forest	13.67	9.27	4.08	224.6092	l			m
WE	wepp-154584	"09:34 am  Friday December 17, 2021"	"HOOD RIVER EXP STA OR"	silt	5	forest	26.16	22.22	18.86	300	m			m
WE	wepp-154716	"09:34 am  Friday December 17, 2021"	"HOOD RIVER EXP STA OR"	silt	5	forest	25	16.46	18.86	156.0903	m			m
WE	wepp-154846	"09:34 am  Friday December 17, 2021"	"HOOD RIVER EXP STA OR"	silt	5	forest	27.11	17.17	14.59	300	l			m
WE	wepp-154937	"09:34 am  Friday December 17, 2021"	"HOOD RIVER EXP STA OR"	silt	5	forest	6.6	16.8	10.98	255.0422	l			m
WE	wepp-155027	"09:34 am  Friday December 17, 2021"	"HOOD RIVER EXP STA OR"	silt	5	forest	71	63.98	56.95	13.06019	h			m
WE	wepp-155198	"09:34 am  Friday December 17, 2021"	"HOOD RIVER EXP STA OR"	silt	5	forest	27.45	38.76	26.26	266.25	m			m
WE	wepp-155332	"09:35 am  Friday December 17, 2021"	"HOOD RIVER EXP STA OR"	silt	5	forest	8.33	18.21	17.36	300	m			m
WE	wepp-155462	"09:35 am  Friday December 17, 2021"	"HOOD RIVER EXP STA OR"	silt	5	forest	38.83	38.85	38.87	101.0482	h			m
WE	wepp-155633	"09:35 am  Friday December 17, 2021"	"HOOD RIVER EXP STA OR"	silt	5	forest	13.67	14.19	13.01	300	l			m
WE	wepp-155723	"09:35 am  Friday December 17, 2021"	"HOOD RIVER EXP STA OR"	silt	5	forest	4.33	4.94	4.57	86.98485	l			m
WE	wepp-155813	"09:35 am  Friday December 17, 2021"	"HOOD RIVER EXP STA OR"	silt	5	forest	13.2	41.96	45.1	75.63802	m			m
WE	wepp-155944	"09:36 am  Friday December 17, 2021"	"HOOD RIVER EXP STA OR"	silt	5	forest	11	30.23	36.24	34.33384	l			m
WE	wepp-156034	"09:36 am  Friday December 17, 2021"	"HOOD RIVER EXP STA OR"	silt	5	forest	23.57	97.62	34.33	58.91285	m			m
WE	wepp-156164	"09:36 am  Friday December 17, 2021"	"HOOD RIVER EXP STA OR"	silt	5	forest	13.33	17	21.42	132.9035	m			m
WE	wepp-156295	"09:36 am  Friday December 17, 2021"	"HOOD RIVER EXP STA OR"	silt	5	forest	65.33	65.33	65.33	21.2132	m			m
WE	wepp-156425	"09:36 am  Friday December 17, 2021"	"HOOD RIVER EXP STA OR"	silt	5	forest	23.1	16.06	6.33	106.066	l			m
WE	wepp-156515	"09:36 am  Friday December 17, 2021"	"HOOD RIVER EXP STA OR"	silt	5	forest	31	26.07	5.82	300	l			m
WE	wepp-156605	"09:36 am  Friday December 17, 2021"	"HOOD RIVER EXP STA OR"	silt	5	forest	0.67	0.67	0.67	5.540971	l			m
WE	wepp-156697	"09:37 am  Friday December 17, 2021"	"HOOD RIVER EXP STA OR"	silt	5	forest	5.18	16.13	13.25	121.4973	m			m
WE	wepp-156859	"09:37 am  Friday December 17, 2021"	"HOOD RIVER EXP STA OR"	silt	5	forest	5.18	7.8	0.91	300	l			m
WE	wepp-156949	"09:37 am  Friday December 17, 2021"	"HOOD RIVER EXP STA OR"	silt	5	forest	4.95	28.84	32.42	300	m			m
WE	wepp-157080	"09:37 am  Friday December 17, 2021"	"HOOD RIVER EXP STA OR"	silt	5	forest	10.61	31.12	19.15	300	m			m
WE	wepp-157210	"09:37 am  Friday December 17, 2021"	"HOOD RIVER EXP STA OR"	silt	5	forest	19.8	17.34	16.49	300	l			m
WE	wepp-157300	"09:37 am  Friday December 17, 2021"	"HOOD RIVER EXP STA OR"	silt	5	forest	22.04	80.85	93.74	121.9014	m			m
WE	wepp-157432	"09:38 am  Friday December 17, 2021"	"HOOD RIVER EXP STA OR"	silt	5	forest	27.67	63.63	34.69	136.9582	m			m
WE	wepp-157562	"09:38 am  Friday December 17, 2021"	"HOOD RIVER EXP STA OR"	silt	5	forest	66	100	64.33	42.42641	h			m
WE	wepp-157733	"09:38 am  Friday December 17, 2021"	"HOOD RIVER EXP STA OR"	silt	5	forest	4.01	7.9	10	47.68589	l			m
WE	wepp-157823	"09:38 am  Friday December 17, 2021"	"HOOD RIVER EXP STA OR"	silt	5	forest	6.13	10.08	0.1	300	l			m
WE	wepp-157913	"09:38 am  Friday December 17, 2021"	"HOOD RIVER EXP STA OR"	silt	5	forest	17.5	64.95	65.12	225.3323	m			m
WE	wepp-158044	"09:39 am  Friday December 17, 2021"	"HOOD RIVER EXP STA OR"	silt	5	forest	39.6	26.83	12.64	49.79185	m			m
WE	wepp-158232	"09:39 am  Friday December 17, 2021"	"HOOD RIVER EXP STA OR"	silt	5	forest	17.33	25.68	28.34	287.204	m			m
WE	wepp-158363	"09:39 am  Friday December 17, 2021"	"HOOD RIVER EXP STA OR"	silt	5	forest	22.04	12.66	4.3	153.2512	l			m
WE	wepp-158454	"09:39 am  Friday December 17, 2021"	"HOOD RIVER EXP STA OR"	silt	5	forest	42.66	78.82	46.28	107.4293	m			m
WE	wepp-158584	"09:39 am  Friday December 17, 2021"	"HOOD RIVER EXP STA OR"	silt	5	forest	10.14	12.42	4.07	103.5766	l			m
WE	wepp-158674	"09:39 am  Friday December 17, 2021"	"HOOD RIVER EXP STA OR"	silt	5	forest	8.33	18.98	20.33	49.81844	h			m
WE	wepp-158846	"09:40 am  Friday December 17, 2021"	"HOOD RIVER EXP STA OR"	silt	5	forest	5.67	8.95	7.07	300	l			m
WE	wepp-158936	"09:40 am  Friday December 17, 2021"	"HOOD RIVER EXP STA OR"	silt	5	forest	21.21	20.2	19.19	21.39237	m			m
WE	wepp-159066	"09:40 am  Friday December 17, 2021"	"HOOD RIVER EXP STA OR"	silt	5	forest	9.19	13.03	9.86	121.4247	l			m
WE	wepp-159156	"09:40 am  Friday December 17, 2021"	"HOOD RIVER EXP STA OR"	silt	5	forest	16.26	25.88	19.4	300	m			m
WE	wepp-159287	"09:40 am  Friday December 17, 2021"	"HOOD RIVER EXP STA OR"	silt	5	forest	3.06	4.4	3.19	144.4094	l			m
WE	wepp-159377	"09:40 am  Friday December 17, 2021"	"HOOD RIVER EXP STA OR"	silt	5	forest	41.01	65.76	90.51	12	m			m
WE	wepp-159508	"09:41 am  Friday December 17, 2021"	"HOOD RIVER EXP STA OR"	silt	5	forest	4	18.66	11.55	300	h			m
WE	wepp-159679	"09:41 am  Friday December 17, 2021"	"HOOD RIVER EXP STA OR"	silt	5	forest	4.71	7.38	0.1	84.85281	l			m
WE	wepp-159769	"09:41 am  Friday December 17, 2021"	"HOOD RIVER EXP STA OR"	silt	5	forest	16	27.83	27.89	62.32461	h			m
WE	wepp-159940	"09:41 am  Friday December 17, 2021"	"HOOD RIVER EXP STA OR"	silt	5	forest	22.86	24.23	16.42	300	m			m
WE	wepp-160070	"09:41 am  Friday December 17, 2021"	"HOOD RIVER EXP STA OR"	silt	5	forest	6.83	17.22	26.79	300	l			m
WE	wepp-160160	"09:41 am  Friday December 17, 2021"	"HOOD RIVER EXP STA OR"	silt	5	forest	20.67	21.7	15.21	69.47709	h			m
WE	wepp-160331	"09:42 am  Friday December 17, 2021"	"HOOD RIVER EXP STA OR"	silt	5	forest	12.49	16.14	16.55	43.25093	m			m
WE	wepp-160461	"09:42 am  Friday December 17, 2021"	"HOOD RIVER EXP STA OR"	silt	5	forest	12.33	18.19	17.72	299.1399	h			m
WE	wepp-160633	"09:42 am  Friday December 17, 2021"	"HOOD RIVER EXP STA OR"	silt	5	forest	19.67	20.31	15.8	300	h			m
WE	wepp-160805	"09:42 am  Friday December 17, 2021"	"HOOD RIVER EXP STA OR"	silt	5	forest	16.03	19.99	28.35	300	m			m
WE	wepp-160936	"09:43 am  Friday December 17, 2021"	"HOOD RIVER EXP STA OR"	silt	5	forest	15.33	31.83	55.53	300	h			m
WE	wepp-161106	"09:43 am  Friday December 17, 2021"	"HOOD RIVER EXP STA OR"	silt	5	forest	19.33	52.06	44.72	84.39146	m			m
WE	wepp-161236	"09:43 am  Friday December 17, 2021"	"HOOD RIVER EXP STA OR"	silt	5	forest	11.21	18.3	5.92	300	m			m
WE	wepp-161367	"09:43 am  Friday December 17, 2021"	"HOOD RIVER EXP STA OR"	silt	5	forest	32.67	49.87	28.23	58.1325	m			m
WE	wepp-161497	"09:43 am  Friday December 17, 2021"	"HOOD RIVER EXP STA OR"	silt	5	forest	26	22.22	10.29	300	h			m
WE	wepp-161668	"09:44 am  Friday December 17, 2021"	"HOOD RIVER EXP STA OR"	silt	5	forest	19.33	23.55	22.67	300	h			m
WE	wepp-161838	"09:44 am  Friday December 17, 2021"	"HOOD RIVER EXP STA OR"	silt	5	forest	59.87	79.6	51.5	33.9565	h			m
WE	wepp-162009	"09:44 am  Friday December 17, 2021"	"HOOD RIVER EXP STA OR"	silt	5	forest	16.97	23.11	14.38	164.1629	l			m
WE	wepp-162106	"09:44 am  Friday December 17, 2021"	"HOOD RIVER EXP STA OR"	silt	5	forest	7.54	25.79	27.59	300	h			m
WE	wepp-162276	"09:44 am  Friday December 17, 2021"	"HOOD RIVER EXP STA OR"	silt	5	forest	4.01	9	0.12	281.1775	l			m
WE	wepp-162373	"09:45 am  Friday December 17, 2021"	"HOOD RIVER EXP STA OR"	silt	5	forest	7.54	22.03	27.47	175.5676	m			m
WE	wepp-162503	"09:45 am  Friday December 17, 2021"	"HOOD RIVER EXP STA OR"	silt	5	forest	16.67	17.31	0.92	231.2086	h			m
WE	wepp-162673	"09:45 am  Friday December 17, 2021"	"HOOD RIVER EXP STA OR"	silt	5	forest	13.33	30.2	21.16	87.75117	l			m
WE	wepp-162764	"09:45 am  Friday December 17, 2021"	"HOOD RIVER EXP STA OR"	silt	5	forest	62.22	62.56	62.89	28.28427	h			m
WE	wepp-162934	"09:45 am  Friday December 17, 2021"	"HOOD RIVER EXP STA OR"	silt	5	forest	10.61	32.35	21.03	212.132	m			m
WE	wepp-163065	"09:46 am  Friday December 17, 2021"	"HOOD RIVER EXP STA OR"	silt	5	forest	1.67	1.67	1.67	30	l			m
WE	wepp-163155	"09:46 am  Friday December 17, 2021"	"HOOD RIVER EXP STA OR"	silt	5	forest	26.63	61.19	27.93	30.58302	h			m
WE	wepp-163325	"09:46 am  Friday December 17, 2021"	"HOOD RIVER EXP STA OR"	silt	5	forest	5.42	8.24	5.44	300	l			m
WE	wepp-163416	"09:46 am  Friday December 17, 2021"	"HOOD RIVER EXP STA OR"	silt	5	forest	12.26	22.58	21.96	159.127	h			m
WE	wepp-163586	"09:46 am  Friday December 17, 2021"	"HOOD RIVER EXP STA OR"	silt	5	forest	12.26	34.08	22.59	285.4416	h			m
WE	wepp-163757	"09:47 am  Friday December 17, 2021"	"HOOD RIVER EXP STA OR"	silt	5	forest	72.29	100	31.59	40.77737	m			m
WE	wepp-163888	"09:47 am  Friday December 17, 2021"	"HOOD RIVER EXP STA OR"	silt	5	forest	8	19.26	18.69	170.7152	h			m
WE	wepp-164058	"09:47 am  Friday December 17, 2021"	"HOOD RIVER EXP STA OR"	silt	5	forest	20.74	33.92	22.98	82.46728	h			m
WE	wepp-164230	"09:47 am  Friday December 17, 2021"	"HOOD RIVER EXP STA OR"	silt	5	forest	12	13.06	18.7	151.3783	l			m
WE	wepp-164320	"09:47 am  Friday December 17, 2021"	"HOOD RIVER EXP STA OR"	silt	5	forest	19	26.25	61.7	279.1278	m			m
WE	wepp-164454	"09:48 am  Friday December 17, 2021"	"HOOD RIVER EXP STA OR"	silt	5	forest	11.67	22.1	24.06	236.6823	m			m
WE	wepp-164584	"09:48 am  Friday December 17, 2021"	"HOOD RIVER EXP STA OR"	silt	5	forest	28.52	19.92	8.49	300	h			m
WE	wepp-164754	"09:48 am  Friday December 17, 2021"	"HOOD RIVER EXP STA OR"	silt	5	forest	18.15	15.86	3.69	300	m			m
WE	wepp-164885	"09:48 am  Friday December 17, 2021"	"HOOD RIVER EXP STA OR"	silt	5	forest	18	25.69	8.04	300	m			m
WE	wepp-165016	"09:48 am  Friday December 17, 2021"	"HOOD RIVER EXP STA OR"	silt	5	forest	19.56	40.41	39.36	150.2828	h			m
WE	wepp-165187	"09:49 am  Friday December 17, 2021"	"HOOD RIVER EXP STA OR"	silt	5	forest	2.02	30.77	21.68	300	m			m
WE	wepp-165319	"09:49 am  Friday December 17, 2021"	"HOOD RIVER EXP STA OR"	silt	5	forest	7	17.37	13.39	144.4198	h			m
WE	wepp-165489	"09:49 am  Friday December 17, 2021"	"HOOD RIVER EXP STA OR"	silt	5	forest	8.96	11.71	15.21	67.27922	l			m
WE	wepp-165582	"09:49 am  Friday December 17, 2021"	"HOOD RIVER EXP STA OR"	silt	5	forest	22.67	38.63	33.65	205.4373	m			m
WE	wepp-165712	"09:49 am  Friday December 17, 2021"	"HOOD RIVER EXP STA OR"	silt	5	forest	23.67	37.89	39.47	41.31261	m			m
WE	wepp-165843	"09:50 am  Friday December 17, 2021"	"HOOD RIVER EXP STA OR"	silt	5	forest	8.33	7.31	4.22	300	l			m
WE	wepp-165933	"09:50 am  Friday December 17, 2021"	"HOOD RIVER EXP STA OR"	silt	5	forest	18.33	24.96	15.43	80.47594	h			m
WE	wepp-166103	"09:50 am  Friday December 17, 2021"	"HOOD RIVER EXP STA OR"	silt	5	forest	41.96	51.48	20.03	300	h			m
WE	wepp-166274	"09:50 am  Friday December 17, 2021"	"HOOD RIVER EXP STA OR"	silt	5	forest	10.84	36.89	7.25	237.868	m			m
WE	wepp-166404	"09:50 am  Friday December 17, 2021"	"HOOD RIVER EXP STA OR"	silt	5	forest	19.33	19.13	8.48	57.16147	h			m
WE	wepp-166575	"09:51 am  Friday December 17, 2021"	"HOOD RIVER EXP STA OR"	silt	5	forest	24.67	36.4	29.18	300	m			m
WE	wepp-166705	"09:51 am  Friday December 17, 2021"	"HOOD RIVER EXP STA OR"	silt	5	forest	12.02	23.5	7.3	300	m			m
WE	wepp-166842	"09:51 am  Friday December 17, 2021"	"HOOD RIVER EXP STA OR"	silt	5	forest	13.91	37.98	20.7	245.7834	m			m
WE	wepp-166973	"09:51 am  Friday December 17, 2021"	"HOOD RIVER EXP STA OR"	silt	5	forest	21.33	19.07	19.71	180.9023	h			m
WE	wepp-167143	"09:51 am  Friday December 17, 2021"	"HOOD RIVER EXP STA OR"	silt	5	forest	18	21.03	17.68	59.77641	h			m
WE	wepp-167314	"09:52 am  Friday December 17, 2021"	"HOOD RIVER EXP STA OR"	sand	5	forest	27.34	48.35	25.63	192.6093	m			m
WE	wepp-167444	"09:52 am  Friday December 17, 2021"	"HOOD RIVER EXP STA OR"	silt	5	forest	8.67	5.74	0.15	240.3724	l			m
WE	wepp-167535	"09:52 am  Friday December 17, 2021"	"HOOD RIVER EXP STA OR"	silt	5	forest	6	4.93	0.82	60.87031	l			m
WE	wepp-167626	"09:52 am  Friday December 17, 2021"	"HOOD RIVER EXP STA OR"	silt	5	forest	30.64	22.07	11.88	300	l			m
WE	wepp-167720	"09:52 am  Friday December 17, 2021"	"HOOD RIVER EXP STA OR"	silt	5	forest	11.08	34.96	32.02	107.1122	h			m
WE	wepp-167890	"09:52 am  Friday December 17, 2021"	"HOOD RIVER EXP STA OR"	silt	5	forest	9.43	46.73	40.03	30.43584	m			m
WE	wepp-168021	"09:53 am  Friday December 17, 2021"	"HOOD RIVER EXP STA OR"	silt	5	forest	22.33	35.94	40.61	49.91554	m			m
WE	wepp-168151	"09:53 am  Friday December 17, 2021"	"HOOD RIVER EXP STA OR"	silt	5	forest	19.67	30.8	39.41	95.64082	h			m
