WD	wepp-1657	"03:04 pm  Friday November 30, 2012"	"mica +"	10	silt	OldForest	400	0	30	100	20	OldForest	75	30	5	100	20	0	ft	""
WD	wepp-2130	"03:07 pm  Friday November 30, 2012"	"mica +"	10	silt	Bunchgrass	400	0	30	60	20	OldForest	75	30	5	100	20	0	ft	""
WD	wepp-2226	"03:09 pm  Friday November 30, 2012"	"mica +"	10	silt	Bunchgrass	400	0	30	60	20	OldForest	30	30	5	100	20	0	ft	""
WD	wepp-2289	"03:10 pm  Friday November 30, 2012"	"mica +"	10	silt	HighFire	400	0	30	45	20	LowFire	30	30	5	85	20	0	ft	""
WD	wepp-3679	"03:31 pm  Friday November 30, 2012"	"mica +"	10	silt	HighFire	400	0	30	45	20	LowFire	30	30	5	85	20	0	ft	""
WD	wepp-3765	"03:32 pm  Friday November 30, 2012"	"mica +"	10	silt	HighFire	400	0	30	45	20	LowFire	60	30	5	85	20	0	ft	""
WD	wepp-3786	"03:33 pm  Friday November 30, 2012"	"mica +"	10	silt	HighFire	400	0	30	45	20	LowFire	50	30	5	85	20	0	ft	""
WD	wepp-4168	"03:44 pm  Friday November 30, 2012"	"mica +"	10	silt	HighFire	400	0	30	45	20	LowFire	30	30	5	85	20	0	ft	""
WD	wepp-4209	"03:44 pm  Friday November 30, 2012"	"mica +"	10	silt	HighFire	400	0	30	45	20	LowFire	80	30	5	85	20	0	ft	""
WD	wepp-4251	"03:44 pm  Friday November 30, 2012"	"mica +"	10	silt	HighFire	400	0	30	45	20	LowFire	300	30	5	85	20	0	ft	""
WD	wepp-4300	"03:45 pm  Friday November 30, 2012"	"mica +"	10	silt	HighFire	400	0	30	45	20	LowFire	1000	30	5	85	20	0	ft	""
WD	wepp-4340	"03:45 pm  Friday November 30, 2012"	"mica +"	10	silt	HighFire	400	0	30	45	20	LowFire	500	30	5	85	20	0	ft	""
WD	wepp-4394	"03:45 pm  Friday November 30, 2012"	"mica +"	10	silt	HighFire	400	0	30	45	20	LowFire	750	30	5	85	20	0	ft	""
WD	wepp-4443	"03:46 pm  Friday November 30, 2012"	"mica +"	10	silt	HighFire	400	0	30	45	20	YoungForest	1000	30	5	100	20	0	ft	""
WD	wepp-4463	"03:46 pm  Friday November 30, 2012"	"mica +"	10	silt	HighFire	400	0	30	45	20	LowFire	1000	30	5	85	20	0	ft	""
WD	wepp-4502	"03:47 pm  Friday November 30, 2012"	"mica +"	10	silt	HighFire	400	0	30	45	20	LowFire	800	30	5	85	20	0	ft	""
WD	wepp-4529	"03:47 pm  Friday November 30, 2012"	"mica +"	10	silt	HighFire	400	0	30	45	20	LowFire	900	30	5	85	20	0	ft	""
WD	wepp-4596	"03:47 pm  Friday November 30, 2012"	"mica +"	10	silt	HighFire	400	0	30	45	20	LowFire	850	30	5	85	20	0	ft	""
WD	wepp-4616	"03:47 pm  Friday November 30, 2012"	"mica +"	10	silt	HighFire	400	0	30	45	20	LowFire	800	30	5	85	20	0	ft	""
WD	wepp-4697	"03:49 pm  Friday November 30, 2012"	"mica +"	10	silt	HighFire	400	0	30	45	20	HighFire	800	30	5	45	20	0	ft	""
WD	wepp-4717	"03:49 pm  Friday November 30, 2012"	"mica +"	10	silt	HighFire	400	0	30	45	20	LowFire	100	30	5	85	20	0	ft	""
WD	wepp-4737	"03:49 pm  Friday November 30, 2012"	"mica +"	10	silt	HighFire	400	0	30	45	20	LowFire	30	30	5	85	20	0	ft	""
WD	wepp-4780	"03:50 pm  Friday November 30, 2012"	"mica +"	10	silt	HighFire	400	0	30	45	20	LowFire	30	30	5	85	20	0	ft	""
WD	wepp-4800	"03:50 pm  Friday November 30, 2012"	"mica +"	10	silt	HighFire	400	0	30	45	20	LowFire	10	30	5	85	20	0	ft	""
WD	wepp-4820	"03:51 pm  Friday November 30, 2012"	"mica +"	10	silt	HighFire	400	0	30	45	20	LowFire	5	30	5	85	20	0	ft	""
WD	wepp-4841	"03:51 pm  Friday November 30, 2012"	"mica +"	10	silt	HighFire	400	0	30	45	20	LowFire	1.5	30	5	85	20	0	ft	""
WD	wepp-5363	"04:04 pm  Friday November 30, 2012"	"mica +"	10	silt	HighFire	400	0	30	45	20	LowFire	30	30	5	85	20	0	ft	""
WD	wepp-5537	"04:07 pm  Friday November 30, 2012"	"mica +"	10	silt	HighFire	400	0	30	45	20	LowFire	2	30	5	85	20	0	ft	""
WD	wepp-5558	"04:08 pm  Friday November 30, 2012"	"mica +"	10	silt	HighFire	100	0	30	45	20	LowFire	30	30	5	85	20	0	ft	""
WD	wepp-5580	"04:08 pm  Friday November 30, 2012"	"mica +"	10	silt	HighFire	100	0	30	45	20	LowFire	10	30	5	85	20	0	ft	""
WD	wepp-5600	"04:08 pm  Friday November 30, 2012"	"mica +"	10	silt	HighFire	50	0	30	45	20	LowFire	30	30	5	85	20	0	ft	""
WD	wepp-5620	"04:09 pm  Friday November 30, 2012"	"mica +"	10	silt	HighFire	30	0	30	45	20	LowFire	30	30	5	85	20	0	ft	""
WD	wepp-5660	"04:09 pm  Friday November 30, 2012"	"mica +"	10	silt	HighFire	100	0	30	45	20	LowFire	30	30	5	85	20	0	ft	""
WD	wepp-5680	"04:09 pm  Friday November 30, 2012"	"mica +"	10	silt	HighFire	30	0	30	45	20	LowFire	30	30	5	85	20	0	ft	""
WD	wepp-5720	"04:09 pm  Friday November 30, 2012"	"mica +"	10	silt	HighFire	400	0	30	45	20	LowFire	30	30	5	85	20	0	ft	""
WD	wepp-5921	"04:22 pm  Friday November 30, 2012"	"mica +"	10	silt	HighFire	400	0	30	45	20	HighFire	30	30	5	45	20	0	ft	""
WD	wepp-6240	"04:38 pm  Friday November 30, 2012"	"mica +"	20	clay	OldForest	400	0	30	100	20	OldForest	75	30	5	100	20	0	ft	""
WD	wepp-6261	"04:38 pm  Friday November 30, 2012"	"mica +"	20	silt	OldForest	400	0	30	100	20	OldForest	75	30	5	100	20	0	ft	""
WD	wepp-6280	"04:39 pm  Friday November 30, 2012"	"mica +"	20	silt	Bunchgrass	400	0	30	60	20	OldForest	75	30	5	100	20	0	ft	""
WD	wepp-6300	"04:40 pm  Friday November 30, 2012"	"mica +"	20	silt	Bunchgrass	400	0	30	60	20	OldForest	30	30	5	100	20	0	ft	""
WD	wepp-6322	"04:40 pm  Friday November 30, 2012"	"mica +"	20	silt	HighFire	400	0	30	45	20	LowFire	30	30	5	85	20	0	ft	""
WD	wepp-6354	"04:42 pm  Friday November 30, 2012"	"mica +"	20	silt	HighFire	400	0	30	45	20	HighFire	30	30	5	45	20	0	ft	""
WR	wepp-6511	"04:53 pm  Friday November 30, 2012"	"new mica +"	30	clay	graveled	200	4	13	15	50	1	25	20	outunrut	ft
WR	wepp-6558	"04:53 pm  Friday November 30, 2012"	"new mica +"	30	silt	graveled	200	4	13	15	50	1	25	20	outunrut	ft
