WD	wepp-925	"05:43 pm  Tuesday October 2, 2012"	"EVERGLADES FL"	30	loam	OldForest	200	20	20	95	20	OldForest	200	20	20	100	20	0	ft	"Mean Annual Sediment Yield"
WD	wepp-1047	"05:50 pm  Tuesday October 2, 2012"	"../working/129_82_113_119_a"	30	loam	Bunchgrass	200	20	20	90	20	Bunchgrass	200	20	20	90	20	0	ft	"Mean Annual Sediment Yield"
WD	wepp-1068	"05:51 pm  Tuesday October 2, 2012"	"../working/129_82_113_119_a"	30	loam	Bunchgrass	200	20	20	90	20	Bunchgrass	200	20	20	90	20	0	ft	"Mean Annual Sediment Yield"
WD	wepp-1093	"05:51 pm  Tuesday October 2, 2012"	"../working/129_82_113_119_a"	30	loam	Bunchgrass	200	20	20	90	20	Bunchgrass	200	20	20	90	20	0	ft	"Mean Annual Sediment Yield"
WD	wepp-1115	"05:51 pm  Tuesday October 2, 2012"	"../working/129_82_113_119_a"	30	loam		200	0	20	0	20	Bunchgrass	200	0	20	60	20	0	ft	"Mean Annual Sediment Yield"
WD	wepp-1116	"05:52 pm  Tuesday October 2, 2012"	"EVERGLADES FL"	30	loam	Bunchgrass	200	0	20	90	20	Bunchgrass	200	0	20	90	20	0	ft	"Mean Annual Sediment Yield"
WD	wepp-1138	"05:52 pm  Tuesday October 2, 2012"	"../working/129_82_113_119_a"	30	loam	Bunchgrass	200	20	20	90	20	Bunchgrass	200	20	20	90	20	0	ft	"Mean Annual Sediment Yield"
WD	wepp-1189	"05:53 pm  Tuesday October 2, 2012"	"EVERGLADES FL"	10	loam	OldForest	50	0	20	100	20	OldForest	50	0	20	100	20	0	ft	""
WD	wepp-1262	"05:55 pm  Tuesday October 2, 2012"	"../working/129_82_113_119_a"	10	loam	Bunchgrass	200	20	20	90	20	Bunchgrass	200	20	20	90	20	0	ft	""
WD	wepp-1311	"05:56 pm  Tuesday October 2, 2012"	"EVERGLADES FL"	10	loam	LowFire	200	20	20	85	20	OldForest	200	20	20	100	20	0	ft	""
WD	wepp-1331	"05:56 pm  Tuesday October 2, 2012"	"EVERGLADES FL"	10	loam	LowFire	200	20	20	90	20	OldForest	200	20	20	90	20	0	ft	""
WD	wepp-1351	"05:56 pm  Tuesday October 2, 2012"	"../working/129_82_113_119_a"	10	loam	Bunchgrass	200	20	20	90	20	Bunchgrass	200	20	20	90	20	0	ft	""
WD	wepp-1371	"05:57 pm  Tuesday October 2, 2012"	"../working/129_82_113_119_a"	10	loam	Bunchgrass	200	20	20	90	20	Bunchgrass	200	20	20	90	20	0	ft	""
WD	wepp-1438	"05:57 pm  Tuesday October 2, 2012"	"EVERGLADES FL"	10	loam	Bunchgrass	200	0	20	90	20	Bunchgrass	200	0	20	90	20	0	ft	""
WD	wepp-1445	"05:58 pm  Tuesday October 2, 2012"	"EVERGLADES FL"	10	loam	Skid	200	0	20	95	20	OldForest	200	0	20	95	20	0	ft	""
WD	wepp-1485	"05:58 pm  Tuesday October 2, 2012"	"EVERGLADES FL"	10	loam	Skid	200	0	20	95	20	OldForest	200	0	20	95	20	0	ft	""
WD	wepp-1627	"06:00 pm  Tuesday October 2, 2012"	"EVERGLADES FL"	30	loam	OldForest	200	0	20	95	20	OldForest	200	0	20	95	20	0	ft	""
WD	wepp-1651	"06:05 pm  Tuesday October 2, 2012"	"EVERGLADES FL"	30	loam	OldForest	200	0	20	95	20	OldForest	200	0	20	95	20	0	ft	""
WD	wepp-1717	"06:08 pm  Tuesday October 2, 2012"	"EVERGLADES FL"	30	loam	Bunchgrass	200	0	20	90	20	Bunchgrass	200	0	20	90	20	0	ft	""
WD	wepp-1829	"06:12 pm  Tuesday October 2, 2012"	"EVERGLADES FL"	10	loam	OldForest	200	0	20	95	20	OldForest	200	0	20	95	20	0	ft	""
WD	wepp-1849	"06:13 pm  Tuesday October 2, 2012"	"EVERGLADES FL"	30	loam	OldForest	200	0	20	95	20	OldForest	200	0	20	95	20	0	ft	""
WD	wepp-1916	"06:18 pm  Tuesday October 2, 2012"	"EVERGLADES FL"	30	loam	Sod	200	0	20	90	20	Sod	200	0	20	90	20	0	ft	""
WD	wepp-1936	"06:18 pm  Tuesday October 2, 2012"	"EVERGLADES FL"	30	loam	Sod	200	0	20	40	20	Sod	200	0	20	40	20	0	ft	""
WD	wepp-2221	"06:38 pm  Tuesday October 2, 2012"	"EVERGLADES FL"	30	loam	LowFire	200	0	20	70	20	LowFire	200	0	20	70	20	0	ft	""
WD	wepp-2243	"06:39 pm  Tuesday October 2, 2012"	"EVERGLADES FL"	30	loam	HighFire	200	0	20	20	20	HighFire	200	0	20	20	20	0	ft	""
WD	wepp-2459	"06:52 pm  Tuesday October 2, 2012"	"EVERGLADES FL"	30	loam	HighFire	200	0	20	40	20	HighFire	200	0	20	40	20	0	ft	""
WD	wepp-2528	"06:53 pm  Tuesday October 2, 2012"	"EVERGLADES FL"	30	loam	HighFire	200	0	20	20	20	HighFire	200	0	20	20	20	0	ft	""
WD	wepp-2551	"06:53 pm  Tuesday October 2, 2012"	"EVERGLADES FL"	30	loam	HighFire	200	0	20	40	20	HighFire	200	0	20	40	20	0	ft	""
WD	wepp-2696	"06:56 pm  Tuesday October 2, 2012"	"EVERGLADES FL"	30	loam	LowFire	200	0	20	70	20	LowFire	200	0	20	70	20	0	ft	""
WD	wepp-3187	"07:19 pm  Tuesday October 2, 2012"	"EVERGLADES FL"	30	loam	HighFire	200	0	40	40	20	HighFire	200	0	40	40	20	0	ft	""
WD	wepp-3235	"07:25 pm  Tuesday October 2, 2012"	"EVERGLADES FL"	30	loam	HighFire	200	0	40	20	20	HighFire	200	0	40	20	20	0	ft	""
WD	wepp-3282	"07:26 pm  Tuesday October 2, 2012"	"EVERGLADES FL"	30	loam	HighFire	200	0	20	20	20	HighFire	200	0	20	20	20	0	ft	""
WD	wepp-3303	"07:28 pm  Tuesday October 2, 2012"	"EVERGLADES FL"	30	loam	LowFire	200	0	20	70	20	LowFire	200	0	20	70	20	0	ft	""
WD	wepp-3343	"07:28 pm  Tuesday October 2, 2012"	"EVERGLADES FL"	30	loam	HighFire	200	0	20	20	20	HighFire	200	0	20	20	20	0	ft	""
WD	wepp-3449	"07:32 pm  Tuesday October 2, 2012"	"EVERGLADES FL"	30	loam	HighFire	200	0	40	20	20	HighFire	200	0	40	20	20	0	ft	""
WD	wepp-3469	"07:34 pm  Tuesday October 2, 2012"	"EVERGLADES FL"	30	loam	HighFire	200	0	10	20	20	HighFire	200	0	10	45	20	0	ft	""
WD	wepp-3595	"07:40 pm  Tuesday October 2, 2012"	"EVERGLADES FL"	30	loam	HighFire	100	0	20	20	20	HighFire	100	0	20	20	20	0	ft	""
WD	wepp-3978	"08:04 pm  Tuesday October 2, 2012"	"EVERGLADES FL"	30	loam	HighFire	100	0	20	20	20	HighFire	100	0	20	20	20	0	ft	""
WD	wepp-4005	"08:05 pm  Tuesday October 2, 2012"	"EVERGLADES FL"	30	loam	HighFire	200	0	20	20	20	HighFire	200	0	20	20	20	0	ft	""
WD	wepp-4025	"08:05 pm  Tuesday October 2, 2012"	"EVERGLADES FL"	30	loam	HighFire	100	0	20	20	20	HighFire	100	0	20	20	20	0	ft	""
WD	wepp-4044	"08:05 pm  Tuesday October 2, 2012"	"EVERGLADES FL"	30	clay	HighFire	200	0	20	20	20	HighFire	200	0	20	20	20	0	ft	""
WD	wepp-4094	"08:06 pm  Tuesday October 2, 2012"	"EVERGLADES FL"	30	silt	HighFire	200	0	20	20	20	HighFire	200	0	20	20	20	0	ft	""
WD	wepp-4116	"08:08 pm  Tuesday October 2, 2012"	"EVERGLADES FL"	30	loam	HighFire	200	0	20	20	20	HighFire	200	0	20	20	20	0	ft	""
WD	wepp-4136	"08:08 pm  Tuesday October 2, 2012"	"EVERGLADES FL"	30	clay	HighFire	200	0	20	20	20	HighFire	200	0	20	20	20	0	ft	""
