WR	wepp-73626	"01:53 pm  Thursday April 28, 2022"	"SAINT MARIES ID - KAR +"	30	silt	graveled	200	4	13	15	50	1	25	20	inveg	ft
WR	wepp-73699	"01:55 pm  Thursday April 28, 2022"	"SAINT MARIES ID - KAR +"	30	silt	graveled	200	4	13	15	50	1	25	20	inbare	ft
WR	wepp-73745	"01:55 pm  Thursday April 28, 2022"	"SAINT MARIES ID - KAR +"	30	silt	paved	200	4	13	15	50	1	25	20	inbare	ft
WR	wepp-73782	"01:56 pm  Thursday April 28, 2022"	"SAINT MARIES ID - KAR +"	30	silt	graveled	200	4	13	15	50	1	25	20	outunrut	ft
WR	wepp-73896	"01:59 pm  Thursday April 28, 2022"	"462 Custom Climate #2 +"	30	silt	graveled	200	4	13	15	50	1	25	20	inveg	ft
WR	wepp-73986	"02:00 pm  Thursday April 28, 2022"	"462 Custom Climate #2 +"	30	silt	graveled	200	4	13	15	50	1	25	20	inveg	ft
WR	wepp-74055	"02:00 pm  Thursday April 28, 2022"	"462 Custom Climate #2 +"	30	silt	graveled	200	4	13	15	50	1	25	20	inbare	ft
WR	wepp-74095	"02:01 pm  Thursday April 28, 2022"	"462 Custom Climate #2 +"	30	silt	paved	200	4	13	15	50	1	25	20	inbare	ft
WR	wepp-74138	"02:01 pm  Thursday April 28, 2022"	"462 Custom Climate #2 +"	30	silt	graveled	200	4	13	15	50	1	25	20	outunrut	ft
WR	wepp-74252	"02:05 pm  Thursday April 28, 2022"	"462 g +"	30	silt	graveled	200	4	13	15	50	1	25	20	inveg	ft
WR	wepp-74288	"02:05 pm  Thursday April 28, 2022"	"462 g +"	30	silt	graveled	200	4	13	15	50	1	25	20	inbare	ft
WR	wepp-74325	"02:05 pm  Thursday April 28, 2022"	"462 g +"	30	silt	paved	200	4	13	15	50	1	25	20	inbare	ft
WR	wepp-74361	"02:06 pm  Thursday April 28, 2022"	"462 g +"	30	silt	graveled	200	4	13	15	50	1	25	20	outunrut	ft
WR	wepp-74409	"02:07 pm  Thursday April 28, 2022"	"462 Custom Climate #2 +"	30	silt	paved	200	4	13	15	50	1	25	20	inbare	ft
WD	wepp-74735	"02:10 pm  Thursday April 28, 2022"	"462 Custom Climate #2 +"	10	silt	OldForest	400	0	30	100	20	OldForest	75	30	5	100	20	0	ft	""
WD	wepp-74788	"02:12 pm  Thursday April 28, 2022"	"462 Custom Climate #2 +"	10	silt	Sod	400	0	30	40	20	OldForest	75	30	5	100	20	0	ft	""
WD	wepp-74855	"02:14 pm  Thursday April 28, 2022"	"462 Custom Climate #2 +"	10	silt	Sod	400	0	30	40	20	OldForest	30	30	5	100	20	0	ft	""
WD	wepp-74899	"02:14 pm  Thursday April 28, 2022"	"462 Custom Climate #2 +"	10	silt	Sod	400	0	30	40	20	OldForest	75	30	5	100	20	0	ft	""
WD	wepp-74943	"02:14 pm  Thursday April 28, 2022"	"462 Custom Climate #2 +"	10	silt	LowFire	400	0	30	85	20	LowFire	75	30	5	85	20	0	ft	""
WD	wepp-74986	"02:15 pm  Thursday April 28, 2022"	"462 Custom Climate #2 +"	10	silt	HighFire	400	0	30	45	20	HighFire	75	30	5	45	20	0	ft	""
WD	wepp-75023	"02:16 pm  Thursday April 28, 2022"	"462 Custom Climate #2 +"	10	silt	HighFire	400	0	30	20	20	HighFire	75	30	5	20	20	0	ft	""
WD	wepp-75086	"02:19 pm  Thursday April 28, 2022"	"462 Custom Climate #2 +"	10	silt	LowFire	400	0	30	85	20	LowFire	75	30	5	85	20	0	ft	""
WD	wepp-75470	"02:33 pm  Thursday April 28, 2022"	"462 Custom Climate #2 +"	10	silt	HighFire	400	0	30	45	20	HighFire	75	30	5	45	20	0	ft	""
