WR	wepp-12971	"11:06 am  Wednesday December 1, 2010"	"Mica Creek +"	30	silt	native	200	4	13	15	50	1	25	20	inveg	ft
WR	wepp-13036	"11:08 am  Wednesday December 1, 2010"	"Mica Creek +"	30	silt	native	200	4	13	15	50	1	25	20	inbare	ft
WR	wepp-13091	"11:09 am  Wednesday December 1, 2010"	"Mica Creek +"	30	silt	paved	200	4	13	15	50	1	25	20	inbare	ft
WR	wepp-13137	"11:12 am  Wednesday December 1, 2010"	"Mica Creek +"	30	silt	paved	200	4	13	15	50	100	25	20	inbare	ft
WR	wepp-13152	"11:13 am  Wednesday December 1, 2010"	"Mica Creek +"	30	silt	paved	200	4	13	15	50	75	25	20	inbare	ft
WR	wepp-13167	"11:13 am  Wednesday December 1, 2010"	"Mica Creek +"	30	silt	paved	200	4	13	15	50	90	25	20	inbare	ft
WR	wepp-13187	"11:13 am  Wednesday December 1, 2010"	"Mica Creek +"	30	silt	paved	200	4	13	15	50	98	25	20	inbare	ft
WR	wepp-13269	"11:15 am  Wednesday December 1, 2010"	"Mica Creek +"	30	silt	graveled	200	4	13	15	50	1	25	20	outunrut	ft
WR	wepp-13369	"11:22 am  Wednesday December 1, 2010"	"mica creek 3250 +"	30	silt	graveled	200	4	13	15	50	1	25	20	outunrut	ft
WR	wepp-13374	"11:22 am  Wednesday December 1, 2010"	"mica creek 3250 +"	30	silt	graveled	200	4	13	15	50	1	25	20	outunrut	ft
WR	wepp-13418	"11:24 am  Wednesday December 1, 2010"	"mica creek new +"	30	silt	graveled	200	4	13	15	50	1	25	20	outunrut	ft
WD	wepp-13443	"11:28 am  Wednesday December 1, 2010"	"Mica Creek +"	30	silt	tree20	400	0	30	100	20	tree20	75	30	5	100	20	0	ft	"4a"
WD	wepp-13508	"11:31 am  Wednesday December 1, 2010"	"Mica Creek +"	30	silt	tall	400	0	30	60	20	tree20	75	30	5	100	20	0	ft	"4b"
WD	wepp-13523	"11:32 am  Wednesday December 1, 2010"	"Mica Creek +"	30	silt	tall	400	0	30	60	20	tree20	30	30	5	100	20	0	ft	"4c"
WD	wepp-13529	"11:33 am  Wednesday December 1, 2010"	"Mica Creek +"	30	silt	high	400	0	30	45	20	low	30	30	5	85	20	0	ft	"4d"
WD	wepp-13579	"11:34 am  Wednesday December 1, 2010"	"Mica Creek +"	30	silt	high	400	0	30	45	20	low	100	30	5	85	20	0	ft	"4d"
WD	wepp-13589	"11:35 am  Wednesday December 1, 2010"	"Mica Creek +"	30	silt	high	400	0	30	45	20	low	300	30	5	85	20	0	ft	"4d"
WD	wepp-13610	"11:35 am  Wednesday December 1, 2010"	"Mica Creek +"	30	silt	high	400	0	30	45	20	low	700	30	5	85	20	0	ft	"4d"
WD	wepp-13642	"11:36 am  Wednesday December 1, 2010"	"Mica Creek +"	30	silt	high	400	0	30	45	20	low	1200	30	5	85	20	0	ft	"4d"
WD	wepp-13714	"11:39 am  Wednesday December 1, 2010"	"Mica Creek +"	30	silt	high	400	0	30	45	20	high	30	30	5	45	20	0	ft	""
