WR	wepp-7577	"11:21 am  Saturday November 28, 2009"	"SAINT MARIES ID +"	30	silt	native	200	4	13	15	50	1	25	20	inveg
WR	wepp-7609	"11:25 am  Saturday November 28, 2009"	"SAINT MARIES ID +"	30	silt	native	200	4	13	15	50	1	25	20	inbare
WR	wepp-7641	"11:29 am  Saturday November 28, 2009"	"SAINT MARIES ID +"	30	silt	paved	200	4	13	15	50	1	25	20	inbare
WR	wepp-7719	"11:40 am  Saturday November 28, 2009"	"SAINT MARIES ID +"	30	silt	paved	200	4	13	15	50	100	25	20	inbare
WR	wepp-7727	"11:41 am  Saturday November 28, 2009"	"SAINT MARIES ID +"	30	silt	paved	200	4	13	15	50	130	25	20	inbare
WR	wepp-7733	"11:41 am  Saturday November 28, 2009"	"SAINT MARIES ID +"	30	silt	paved	200	4	13	15	50	95	25	20	inbare
WR	wepp-7738	"11:42 am  Saturday November 28, 2009"	"SAINT MARIES ID +"	30	silt	paved	200	4	13	15	50	85	25	20	inbare
WR	wepp-7743	"11:42 am  Saturday November 28, 2009"	"SAINT MARIES ID +"	30	silt	paved	200	4	13	15	50	90	25	20	inbare
WR	wepp-7748	"11:42 am  Saturday November 28, 2009"	"SAINT MARIES ID +"	30	silt	paved	200	4	13	15	50	94	25	20	inbare
WR	wepp-7753	"11:42 am  Saturday November 28, 2009"	"SAINT MARIES ID +"	30	silt	paved	200	4	13	15	50	95	25	20	inbare
WR	wepp-7758	"11:43 am  Saturday November 28, 2009"	"SAINT MARIES ID +"	30	silt	paved	200	4	13	15	50	95	25	20	inbare
WR	wepp-7790	"11:44 am  Saturday November 28, 2009"	"SAINT MARIES ID +"	30	silt	graveled	200	4	13	15	50	1	25	20	outunrut
WR	wepp-7814	"11:45 am  Saturday November 28, 2009"	"SAINT MARIES ID +"	30	silt	graveled	200	4	13	15	50	1	25	20	outunrut
WD	wepp-7933	"12:02 pm  Saturday November 28, 2009"	"SAINT MARIES ID +"	30	silt	tree20	121.951219512195	0	30	100	20	tree20	22.8658536585366	30	5	100	20	0	ft	""
WD	wepp-7938	"12:02 pm  Saturday November 28, 2009"	"SAINT MARIES ID +"	30	silt	tree20	121.951219512195	0	30	100	20	tree20	22.8658536585366	30	5	100	20	0	ft	"Unaltered Condition"
WD	wepp-7999	"12:07 pm  Saturday November 28, 2009"	"SAINT MARIES ID +"	30	silt	tall	121.951219512195	0	30	60	20	tree20	22.8658536585366	30	5	100	20	0	ft	"Unaltered Condition"
WD	wepp-8004	"12:07 pm  Saturday November 28, 2009"	"SAINT MARIES ID +"	30	silt	tall	121.951219512195	0	30	60	20	tree20	22.8658536585366	30	5	100	20	0	ft	"Clearcut upper slope"
WD	wepp-8037	"12:09 pm  Saturday November 28, 2009"	"SAINT MARIES ID +"	30	silt	tall	121.951219512195	0	30	60	20	tree20	9.14634146341463	30	5	100	20	0	ft	"Clearcut upper slope"
WD	wepp-8044	"12:10 pm  Saturday November 28, 2009"	"SAINT MARIES ID +"	30	silt	high	121.951219512195	0	30	45	20	low	9.14634146341463	30	5	85	20	0	ft	"Clearcut upper slope"
WD	wepp-8049	"12:11 pm  Saturday November 28, 2009"	"SAINT MARIES ID +"	30	silt	high	121.951219512195	0	30	45	20	low	9.14634146341463	30	5	85	20	0	ft	"Clearcut upper slope"
WD	wepp-8081	"12:14 pm  Saturday November 28, 2009"	"SAINT MARIES ID +"	30	silt	high	121.951219512195	0	30	45	20	low	60.9756097560976	30	5	85	20	0	ft	"Clearcut upper slope"
WD	wepp-8087	"12:14 pm  Saturday November 28, 2009"	"SAINT MARIES ID +"	30	silt	high	121.951219512195	0	30	45	20	low	121.951219512195	30	5	85	20	0	ft	"Clearcut upper slope"
WD	wepp-8111	"12:15 pm  Saturday November 28, 2009"	"SAINT MARIES ID +"	30	silt	high	121.951219512195	0	30	45	20	low	304.878048780488	30	5	85	20	0	ft	"Clearcut upper slope"
WD	wepp-8117	"12:16 pm  Saturday November 28, 2009"	"SAINT MARIES ID +"	30	silt	high	121.951219512195	0	30	45	20	low	365.853658536585	30	5	85	20	0	ft	"Clearcut upper slope"
WD	wepp-8122	"12:17 pm  Saturday November 28, 2009"	"SAINT MARIES ID +"	30	silt	tree20	121.951219512195	0	30	100	20	tree20	30.4878048780488	30	5	100	20	0	ft	"Clearcut upper slope"
WD	wepp-8127	"12:17 pm  Saturday November 28, 2009"	"SAINT MARIES ID +"	30	silt	tree20	121.951219512195	0	30	100	20	tree20	30.4878048780488	30	5	100	20	0	ft	"Clearcut upper slope"
WD	wepp-8132	"12:17 pm  Saturday November 28, 2009"	"SAINT MARIES ID +"	30	silt	tree20	121.951219512195	0	30	100	20	tree20	15.2439024390244	30	5	100	20	0	ft	"Clearcut upper slope"
WD	wepp-8137	"12:17 pm  Saturday November 28, 2009"	"SAINT MARIES ID +"	30	silt	tree20	121.951219512195	0	30	100	20	tree20	15.2439024390244	30	5	100	20	0	ft	"Clearcut upper slope"
WD	wepp-8142	"12:17 pm  Saturday November 28, 2009"	"SAINT MARIES ID +"	30	silt	tree20	121.951219512195	0	30	100	20	tree20	12.1951219512195	30	5	100	20	0	ft	"Clearcut upper slope"
WD	wepp-8147	"12:18 pm  Saturday November 28, 2009"	"SAINT MARIES ID +"	30	silt	tall	121.951219512195	0	30	60	20	tree20	12.1951219512195	30	5	100	20	0	ft	"Clearcut upper slope"
WD	wepp-8154	"12:18 pm  Saturday November 28, 2009"	"SAINT MARIES ID +"	30	silt	tall	121.951219512195	0	30	60	20	tree20	30.4878048780488	30	5	100	20	0	ft	"Clearcut upper slope"
WD	wepp-8187	"12:20 pm  Saturday November 28, 2009"	"SAINT MARIES ID +"	30	silt	high	121.951219512195	0	30	45	20	high	9.14634146341463	30	5	45	20	0	ft	"Clearcut upper slope"
WR	wepp-23424	"08:53 am  Friday November 18, 2011"	"Mica Creek1 +"	30	silt	native	200	4	13	15	50	1	25	20	inveg	ft
WR	wepp-23433	"08:54 am  Friday November 18, 2011"	"SAINT MARIES ID +"	30	silt	native	200	4	13	15	50	1	25	20	inbare	ft
WR	wepp-23466	"08:55 am  Friday November 18, 2011"	"SAINT MARIES ID +"	30	silt	paved	200	4	13	15	50	1	25	20	inbare	ft
WR	wepp-23472	"08:56 am  Friday November 18, 2011"	"Mica Creek1 +"	30	silt	paved	200	4	13	15	50	1	25	20	inbare	ft
WR	wepp-23478	"08:57 am  Friday November 18, 2011"	"Mica Creek1 +"	30	silt	paved	200	4	13	15	50	1	25	20	inbare	ft
WR	wepp-23483	"08:57 am  Friday November 18, 2011"	"Mica Creek1 +"	30	silt	paved	200	4	13	15	50	900	25	20	inbare	ft
WR	wepp-23491	"08:58 am  Friday November 18, 2011"	"Mica Creek1 +"	30	silt	paved	200	4	13	15	50	50	25	20	inbare	ft
WR	wepp-23496	"08:58 am  Friday November 18, 2011"	"Mica Creek1 +"	30	silt	paved	200	4	13	15	50	75	25	20	inbare	ft
WR	wepp-23501	"08:58 am  Friday November 18, 2011"	"Mica Creek1 +"	30	silt	paved	200	4	13	15	50	150	25	20	inbare	ft
WR	wepp-23506	"08:58 am  Friday November 18, 2011"	"Mica Creek1 +"	30	silt	paved	200	4	13	15	50	115	25	20	inbare	ft
WR	wepp-23511	"08:58 am  Friday November 18, 2011"	"Mica Creek1 +"	30	silt	paved	200	4	13	15	50	125	25	20	inbare	ft
WR	wepp-23516	"08:59 am  Friday November 18, 2011"	"Mica Creek1 +"	30	silt	paved	200	4	13	15	50	120	25	20	inbare	ft
WR	wepp-23522	"08:59 am  Friday November 18, 2011"	"Mica Creek1 +"	30	silt	paved	200	4	13	15	50	120	25	20	inbare	ft
WR	wepp-23530	"08:59 am  Friday November 18, 2011"	"Mica Creek1 +"	30	silt	native	200	4	13	15	50	118	25	20	inbare	ft
WR	wepp-23535	"08:59 am  Friday November 18, 2011"	"Mica Creek1 +"	30	silt	paved	200	4	13	15	50	118	25	20	inbare	ft
WR	wepp-23543	"08:59 am  Friday November 18, 2011"	"Mica Creek1 +"	30	silt	paved	200	4	13	15	50	115	25	20	inbare	ft
WR	wepp-23567	"09:00 am  Friday November 18, 2011"	"Mica Creek1 +"	30	silt	paved	200	4	13	15	50	110	25	20	inbare	ft
WR	wepp-23573	"09:00 am  Friday November 18, 2011"	"Mica Creek1 +"	30	silt	paved	200	4	13	15	50	105	25	20	inbare	ft
WR	wepp-23607	"09:00 am  Friday November 18, 2011"	"Mica Creek1 +"	30	silt	paved	200	4	13	15	50	105	25	20	inbare	ft
WR	wepp-23612	"09:00 am  Friday November 18, 2011"	"Mica Creek1 +"	30	silt	paved	200	4	13	15	50	103	25	20	inbare	ft
WR	wepp-23620	"09:01 am  Friday November 18, 2011"	"Mica Creek1 +"	30	silt	native	200	4	13	15	50	102	25	20	inbare	ft
WR	wepp-23625	"09:01 am  Friday November 18, 2011"	"Mica Creek1 +"	30	silt	paved	200	4	13	15	50	102	25	20	inbare	ft
WR	wepp-23630	"09:02 am  Friday November 18, 2011"	"Mica Creek1 +"	30	silt	graveled	200	4	13	15	50	1	25	20	outunrut	ft
WR	wepp-23647	"09:04 am  Friday November 18, 2011"	"Mica Creek2 +"	30	silt	graveled	200	4	13	15	50	1	25	20	outunrut	ft
