WD	wepp-139756	"10:25 am  Thursday November 29, 2018"	"ESTES PARK 1N CO"	100	sand	HighFire	100	20	20	5	20	HighFire	100	20	20	5	20	0	m	""
WD	wepp-139857	"10:28 am  Thursday November 29, 2018"	"ESTES PARK 1N CO"	10	sand	HighFire	100	40	40	5	20	HighFire	100	40	40	5	20	0	m	""
WD	wepp-140127	"10:37 am  Thursday November 29, 2018"	"ESTES PARK 1N CO"	10	sand	HighFire	100	60	60	5	20	HighFire	100	60	60	5	20	0	m	""
WD	wepp-140166	"10:38 am  Thursday November 29, 2018"	"ESTES PARK 1N CO"	10	sand	HighFire	100	80	80	5	20	HighFire	100	80	80	5	20	0	m	""
WD	wepp-140383	"10:44 am  Thursday November 29, 2018"	"ESTES PARK 1N CO"	10	clay	HighFire	100	40	40	5	20	HighFire	100	40	40	5	20	0	m	""
WD	wepp-140482	"10:45 am  Thursday November 29, 2018"	"ESTES PARK 1N CO"	10	sand	LowFire	100	40	40	50	20	LowFire	100	40	40	50	20	0	m	""
WD	wepp-140527	"10:46 am  Thursday November 29, 2018"	"ESTES PARK 1N CO"	10	sand	OldForest	100	40	40	100	20	OldForest	100	40	40	100	20	0	m	""
WD	wepp-140726	"10:55 am  Thursday November 29, 2018"	"ESTES PARK 1N CO"	10	sand	HighFire	100	20	20	5	20	HighFire	100	20	20	5	20	0	m	""
WD	wepp-140861	"10:58 am  Thursday November 29, 2018"	"ESTES PARK 1N CO"	100	sand	HighFire	100	20	20	5	20	HighFire	100	20	20	5	20	0	m	""
WD	wepp-141048	"11:00 am  Thursday November 29, 2018"	"ESTES PARK 1N CO"	100	sand	HighFire	100	40	40	5	20	HighFire	100	40	40	5	20	0	m	""
WD	wepp-141126	"11:01 am  Thursday November 29, 2018"	"ESTES PARK 1N CO"	100	sand	HighFire	100	60	60	5	20	HighFire	100	60	60	5	20	0	m	""
WD	wepp-141202	"11:02 am  Thursday November 29, 2018"	"ESTES PARK 1N CO"	100	sand	HighFire	100	80	80	5	20	HighFire	100	80	80	5	20	0	m	""
WD	wepp-141260	"11:03 am  Thursday November 29, 2018"	"ESTES PARK 1N CO"	100	clay	HighFire	100	40	40	5	20	HighFire	100	40	40	5	20	0	m	""
WD	wepp-141337	"11:03 am  Thursday November 29, 2018"	"ESTES PARK 1N CO"	100	sand	LowFire	100	40	40	50	20	LowFire	100	40	40	50	20	0	m	""
WD	wepp-141411	"11:04 am  Thursday November 29, 2018"	"ESTES PARK 1N CO"	100	sand	OldForest	100	40	40	100	20	OldForest	100	40	40	100	20	0	m	""
WD	wepp-141494	"11:05 am  Thursday November 29, 2018"	"CHICO EXP STA CA"	100	sand	HighFire	100	20	20	5	20	HighFire	100	20	20	5	20	0	m	""
WD	wepp-141570	"11:06 am  Thursday November 29, 2018"	"CHICO EXP STA CA"	100	sand	HighFire	100	40	40	5	20	HighFire	100	40	40	5	20	0	m	""
WD	wepp-141610	"11:07 am  Thursday November 29, 2018"	"CHICO EXP STA CA"	100	sand	HighFire	100	60	60	5	20	HighFire	100	60	60	5	20	0	m	""
WD	wepp-141685	"11:07 am  Thursday November 29, 2018"	"CHICO EXP STA CA"	100	sand	HighFire	100	80	80	5	20	HighFire	100	80	80	5	20	0	m	""
WD	wepp-141767	"11:08 am  Thursday November 29, 2018"	"CHICO EXP STA CA"	100	clay	HighFire	100	40	40	5	20	HighFire	100	40	40	5	20	0	m	""
WD	wepp-141898	"11:09 am  Thursday November 29, 2018"	"CHICO EXP STA CA"	100	sand	LowFire	100	40	40	50	20	LowFire	100	40	40	50	20	0	m	""
WD	wepp-141935	"11:10 am  Thursday November 29, 2018"	"CHICO EXP STA CA"	100	sand	LowFire	100	40	40	100	20	OldForest	100	40	40	100	20	0	m	""
WD	wepp-141973	"11:10 am  Thursday November 29, 2018"	"CHICO EXP STA CA"	100	sand	OldForest	100	40	40	100	20	OldForest	100	40	40	100	20	0	m	""
