WR	wepp-181339	"11:06 am  Thursday May 4, 2017"	"Assignment Part 2 +"	30	silt	graveled	200	4	13	15	50	1	25	20	inveg	ft
WR	wepp-183824	"11:08 am  Thursday May 4, 2017"	"Assignment Part 2 +"	30	silt	graveled	200	4	13	15	50	1	25	20	inbare	ft
WR	wepp-185060	"11:09 am  Thursday May 4, 2017"	"Assignment Part 2 +"	30	silt	paved	200	4	13	15	50	1	25	20	inbare	ft
WR	wepp-189203	"11:11 am  Thursday May 4, 2017"	"Assignment Part 2 +"	30	silt	paved	200	4	13	15	50	50	25	20	inbare	ft
WR	wepp-189524	"11:12 am  Thursday May 4, 2017"	"Assignment Part 2 +"	30	silt	paved	200	4	13	15	50	500	25	20	inbare	ft
WR	wepp-189869	"11:12 am  Thursday May 4, 2017"	"Assignment Part 2 +"	30	silt	paved	200	4	13	15	50	250	25	20	inbare	ft
WR	wepp-190316	"11:12 am  Thursday May 4, 2017"	"Assignment Part 2 +"	30	silt	paved	200	4	13	15	50	275	25	20	inbare	ft
WR	wepp-190581	"11:12 am  Thursday May 4, 2017"	"Assignment Part 2 +"	30	silt	paved	200	4	13	15	50	300	25	20	inbare	ft
WR	wepp-190757	"11:12 am  Thursday May 4, 2017"	"Assignment Part 2 +"	30	silt	paved	200	4	13	15	50	450	25	20	inbare	ft
WR	wepp-190985	"11:13 am  Thursday May 4, 2017"	"Assignment Part 2 +"	30	silt	paved	200	4	13	15	50	400	25	20	inbare	ft
WR	wepp-191502	"11:13 am  Thursday May 4, 2017"	"Assignment Part 2 +"	30	silt	paved	200	4	13	15	50	380	25	20	inbare	ft
WR	wepp-191612	"11:13 am  Thursday May 4, 2017"	"Assignment Part 2 +"	30	silt	paved	200	4	13	15	50	360	25	20	inbare	ft
WR	wepp-191788	"11:13 am  Thursday May 4, 2017"	"Assignment Part 2 +"	30	silt	paved	200	4	13	15	50	355	25	20	inbare	ft
WR	wepp-191914	"11:13 am  Thursday May 4, 2017"	"Assignment Part 2 +"	30	silt	paved	200	4	13	15	50	350	25	20	inbare	ft
WR	wepp-192094	"11:14 am  Thursday May 4, 2017"	"Assignment Part 2 +"	30	silt	paved	200	4	13	15	50	353	25	20	inbare	ft
WR	wepp-192193	"11:14 am  Thursday May 4, 2017"	"Assignment Part 2 +"	30	silt	paved	200	4	13	15	50	354	25	20	inbare	ft
WR	wepp-192647	"11:14 am  Thursday May 4, 2017"	"Assignment Part 2 +"	30	silt	paved	200	4	13	15	50	353	25	20	inbare	ft
WR	wepp-192871	"11:15 am  Thursday May 4, 2017"	"Assignment Part 2 +"	30	silt	paved	200	4	13	15	50	353.5	25	20	inbare	ft
WR	wepp-192976	"11:15 am  Thursday May 4, 2017"	"Assignment Part 2 +"	30	silt	paved	200	4	13	15	50	353.6	25	20	inbare	ft
WR	wepp-193055	"11:15 am  Thursday May 4, 2017"	"Assignment Part 2 +"	30	silt	paved	200	4	13	15	50	353.8	25	20	inbare	ft
WR	wepp-193542	"11:16 am  Thursday May 4, 2017"	"Assignment Part 2 +"	30	silt	paved	200	4	13	15	50	353.9	25	20	inbare	ft
WR	wepp-194546	"11:17 am  Thursday May 4, 2017"	"Assignment Part 2 +"	30	silt	graveled	200	4	13	15	50	1	25	20	outunrut	ft
WR	wepp-195952	"11:21 am  Thursday May 4, 2017"	"Assignment Part 2 +"	30	silt	graveled	200	4	13	15	50	1	25	20	outunrut	ft
WR	wepp-196242	"11:22 am  Thursday May 4, 2017"	"Assignment Part 2 +"	30	silt	graveled	200	4	13	15	50	1	25	20	outunrut	ft
WR	wepp-196813	"11:24 am  Thursday May 4, 2017"	"Assignment Part 2 +"	30	silt	graveled	200	4	13	15	50	1	25	20	outunrut	ft
WR	wepp-196831	"11:24 am  Thursday May 4, 2017"	"Assignment Part 2 G +"	30	silt	graveled	200	4	13	15	50	1	25	20	outunrut	ft
WD	wepp-197286	"11:28 am  Thursday May 4, 2017"	"Assignment Part 2 +"	10	silt	OldForest	400	0	30	100	20	OldForest	75	30	5	100	20	0	ft	""
WD	wepp-197543	"11:29 am  Thursday May 4, 2017"	"Assignment Part 2 +"	10	silt	Sod	400	0	30	40	20	OldForest	75	30	5	100	20	0	ft	""
WD	wepp-197663	"11:30 am  Thursday May 4, 2017"	"Assignment Part 2 +"	10	silt	Sod	400	0	30	40	20	OldForest	30	30	5	100	20	0	ft	""
WD	wepp-197747	"11:31 am  Thursday May 4, 2017"	"Assignment Part 2 +"	10	silt	Sod	400	0	30	40	20	OldForest	30	30	5	100	20	0	ft	""
WD	wepp-197950	"11:32 am  Thursday May 4, 2017"	"Assignment Part 2 +"	10	silt	LowFire	400	0	30	85	20	LowFire	30	30	5	85	20	0	ft	""
WD	wepp-198075	"11:33 am  Thursday May 4, 2017"	"Assignment Part 2 +"	10	silt	HighFire	400	0	30	45	20	HighFire	30	30	5	45	20	0	ft	""
WD	wepp-198172	"11:34 am  Thursday May 4, 2017"	"Assignment Part 2 +"	10	silt	HighFire	400	0	30	45	20	OldForest	75	30	5	100	20	0	ft	""
WD	wepp-198227	"11:35 am  Thursday May 4, 2017"	"Assignment Part 2 +"	10	silt	OldForest	400	0	30	100	20	HighFire	75	30	5	45	20	0	ft	""
WD	wepp-198331	"11:35 am  Thursday May 4, 2017"	"Assignment Part 2 +"	10	silt	OldForest	400	0	30	100	20	HighFire	75	30	5	45	20	0	ft	""
WR	wepp-225685	"02:33 pm  Thursday May 4, 2017"	"SAINT MARIES ID MOD +"	30	silt	graveled	200	4	13	15	50	1	25	20	inveg	ft
WR	wepp-225857	"02:36 pm  Thursday May 4, 2017"	"SAINT MARIES ID MOD +"	30	silt	graveled	200	4	13	15	50	1	25	20	inbare	ft
WR	wepp-225909	"02:37 pm  Thursday May 4, 2017"	"SAINT MARIES ID MOD +"	30	silt	paved	200	4	13	15	50	130	25	20	inbare	ft
WR	wepp-226072	"02:41 pm  Thursday May 4, 2017"	"SAINT MARIES ID MOD +"	30	silt	paved	200	4	13	15	50	1	25	20	inbare	ft
WR	wepp-226701	"02:48 pm  Thursday May 4, 2017"	"SAINT MARIES ID MOD +"	30	silt	paved	200	4	13	15	50	50	25	20	inbare	ft
WR	wepp-226739	"02:49 pm  Thursday May 4, 2017"	"SAINT MARIES ID MOD +"	30	silt	paved	200	4	13	15	50	25	25	20	inbare	ft
WR	wepp-226777	"02:50 pm  Thursday May 4, 2017"	"SAINT MARIES ID MOD +"	30	silt	paved	200	4	13	15	50	100	25	20	inbare	ft
WR	wepp-226826	"02:50 pm  Thursday May 4, 2017"	"SAINT MARIES ID MOD +"	30	silt	paved	200	4	13	15	50	150	25	20	inbare	ft
WR	wepp-227342	"02:58 pm  Thursday May 4, 2017"	"SAINT MARIES ID MOD +"	30	silt	paved	200	4	13	15	50	160	25	20	inbare	ft
WR	wepp-227383	"02:58 pm  Thursday May 4, 2017"	"SAINT MARIES ID MOD +"	30	silt	paved	200	4	13	15	50	155	25	20	inbare	ft
WR	wepp-227423	"02:58 pm  Thursday May 4, 2017"	"SAINT MARIES ID MOD +"	30	silt	paved	200	4	13	15	50	160	25	20	inbare	ft
WR	wepp-227684	"03:00 pm  Thursday May 4, 2017"	"SAINT MARIES ID MOD +"	30	silt	paved	200	4	13	15	50	1	25	20	outunrut	ft
WR	wepp-228260	"03:04 pm  Thursday May 4, 2017"	"SAINT MARIES ID MOD + +"	30	silt	paved	200	4	13	15	50	1	25	20	inbare	ft
WR	wepp-228479	"03:09 pm  Thursday May 4, 2017"	"Assignment Part 2 +"	30	silt	paved	200	4	13	15	50	1	25	20	inbare	ft
WR	wepp-228549	"03:09 pm  Thursday May 4, 2017"	"Assignment Part 2 +"	30	silt	paved	200	4	13	15	50	1	25	20	outunrut	ft
WR	wepp-228556	"03:10 pm  Thursday May 4, 2017"	"Kyle g +"	30	silt	paved	200	4	13	15	50	130	25	20	outunrut	ft
WR	wepp-228603	"03:10 pm  Thursday May 4, 2017"	"Kyle g +"	30	silt	paved	200	4	13	15	50	1	25	20	outunrut	ft
WD	wepp-228834	"03:17 pm  Thursday May 4, 2017"	"SM Kyle +"	10	silt	OldForest	400	0	30	100	20	OldForest	75	30	5	100	20	0	ft	""
WD	wepp-229291	"03:23 pm  Thursday May 4, 2017"	"SM Kyle +"	10	silt	Sod	400	0	30	40	20	OldForest	75	30	5	100	20	0	ft	""
WD	wepp-229534	"03:26 pm  Thursday May 4, 2017"	"SM Kyle +"	10	silt	Sod	400	0	30	40	20	OldForest	30	30	5	100	20	0	ft	""
WD	wepp-229608	"03:27 pm  Thursday May 4, 2017"	"SM Kyle +"	10	silt	LowFire	400	0	30	85	20	LowFire	75	30	5	85	20	0	ft	""
WD	wepp-229728	"03:29 pm  Thursday May 4, 2017"	"SM Kyle +"	10	silt	HighFire	400	0	30	45	20	OldForest	75	30	5	100	20	0	ft	""
WD	wepp-229860	"03:31 pm  Thursday May 4, 2017"	"SM Kyle +"	10	silt	OldForest	400	0	30	100	20	HighFire	75	30	5	45	20	0	ft	""
WD	wepp-230105	"03:38 pm  Thursday May 4, 2017"	"SM Kyle +"	10	silt	OldForest	400	0	30	100	20	OldForest	75	30	5	100	20	0	ft	""
WD	wepp-230159	"03:39 pm  Thursday May 4, 2017"	"SM Kyle +"	10	silt	Sod	400	0	30	40	20	OldForest	75	30	5	100	20	0	ft	""
WD	wepp-230236	"03:39 pm  Thursday May 4, 2017"	"SM Kyle +"	10	silt	Sod	50	0	30	40	20	OldForest	30	30	5	100	20	0	ft	""
WD	wepp-230275	"03:39 pm  Thursday May 4, 2017"	"SM Kyle +"	10	silt	Sod	400	0	30	100	20	OldForest	30	30	5	100	20	0	ft	""
WD	wepp-230324	"03:40 pm  Thursday May 4, 2017"	"SM Kyle +"	10	silt	Sod	400	0	30	100	20	OldForest	75	30	5	100	20	0	ft	""
WD	wepp-230363	"03:41 pm  Thursday May 4, 2017"	"SM Kyle +"	10	silt	Sod	400	0	30	40	20	OldForest	30	30	5	100	20	0	ft	""
WD	wepp-230402	"03:41 pm  Thursday May 4, 2017"	"SM Kyle +"	10	silt	Sod	400	0	30	40	20	OldForest	75	30	5	100	20	0	ft	""
WD	wepp-230437	"03:42 pm  Thursday May 4, 2017"	"SM Kyle +"	10	silt	LowFire	400	0	30	85	20	LowFire	75	30	5	85	20	0	ft	""
