WR	wepp-24472	"09:27 am  Thursday December 3, 2009"	"SAINT MARIES ID +"	30	silt	native	200	4	13	15	50	1	25	20	inveg
WR	wepp-24526	"09:34 am  Thursday December 3, 2009"	"SAINT MARIES ID +"	30	silt	native	200	4	13	15	50	1	25	20	inbare
WR	wepp-24531	"09:35 am  Thursday December 3, 2009"	"SAINT MARIES ID +"	30	silt	paved	200	4	13	15	50	1	25	20	inbare
WR	wepp-24593	"09:43 am  Thursday December 3, 2009"	"SAINT MARIES ID +"	30	silt	paved	200	4	13	15	50	20	25	20	inbare
WR	wepp-24598	"09:44 am  Thursday December 3, 2009"	"SAINT MARIES ID +"	30	silt	paved	200	4	13	15	50	40	25	20	inbare
WR	wepp-24606	"09:44 am  Thursday December 3, 2009"	"SAINT MARIES ID +"	30	silt	paved	200	4	13	15	50	60	25	20	inbare
WR	wepp-24611	"09:44 am  Thursday December 3, 2009"	"SAINT MARIES ID +"	30	silt	paved	200	4	13	15	50	75	25	20	inbare
WR	wepp-24636	"09:45 am  Thursday December 3, 2009"	"SAINT MARIES ID +"	30	silt	paved	200	4	13	15	50	70	25	20	inbare
WR	wepp-24641	"09:45 am  Thursday December 3, 2009"	"SAINT MARIES ID +"	30	silt	paved	200	4	13	15	50	69	25	20	inbare
WR	wepp-24673	"09:47 am  Thursday December 3, 2009"	"SAINT MARIES ID +"	30	silt	graveled	200	4	13	15	50	1	25	20	outunrut
WD	wepp-24737	"09:56 am  Thursday December 3, 2009"	"SAINT MARIES ID +"	30	silt	tree20	121.951219512195	0	30	100	20	tree20	22.8658536585366	30	5	100	20	0	ft	""
WD	wepp-24770	"09:59 am  Thursday December 3, 2009"	"SAINT MARIES ID +"	30	silt	tall	121.951219512195	0	30	60	20	tree20	22.8658536585366	30	5	100	20	0	ft	""
WD	wepp-24821	"10:01 am  Thursday December 3, 2009"	"SAINT MARIES ID +"	30	silt	tall	121.951219512195	0	30	60	20	tree20	9.14634146341463	30	5	100	20	0	ft	""
WD	wepp-24855	"10:03 am  Thursday December 3, 2009"	"SAINT MARIES ID +"	30	silt	high	121.951219512195	0	30	45	20	low	9.14634146341463	30	5	85	20	0	ft	""
WD	wepp-24865	"10:05 am  Thursday December 3, 2009"	"SAINT MARIES ID +"	30	silt	high	121.951219512195	0	30	45	20	low	45.7317073170732	30	5	85	20	0	ft	""
WD	wepp-24870	"10:05 am  Thursday December 3, 2009"	"SAINT MARIES ID +"	30	silt	high	121.951219512195	0	30	45	20	low	121.951219512195	30	5	85	20	0	ft	""
WD	wepp-24875	"10:05 am  Thursday December 3, 2009"	"SAINT MARIES ID +"	30	silt	high	121.951219512195	0	30	45	20	low	243.90243902439	30	5	85	20	0	ft	""
WD	wepp-24880	"10:05 am  Thursday December 3, 2009"	"SAINT MARIES ID +"	30	silt	high	121.951219512195	0	30	45	20	low	304.878048780488	30	5	85	20	0	ft	""
WD	wepp-24885	"10:06 am  Thursday December 3, 2009"	"SAINT MARIES ID +"	30	silt	high	121.951219512195	0	30	45	20	low	365.853658536585	30	5	85	20	0	ft	""
WD	wepp-24917	"10:07 am  Thursday December 3, 2009"	"SAINT MARIES ID +"	30	silt	high	121.951219512195	0	30	45	20	tree20	182.926829268293	30	5	100	20	0	ft	""
WD	wepp-24923	"10:07 am  Thursday December 3, 2009"	"SAINT MARIES ID +"	30	silt	high	121.951219512195	0	30	45	20	tree20	60.9756097560976	30	5	100	20	0	ft	""
WD	wepp-24929	"10:07 am  Thursday December 3, 2009"	"SAINT MARIES ID +"	30	silt	high	121.951219512195	0	30	45	20	tree20	45.7317073170732	30	5	100	20	0	ft	""
WD	wepp-24934	"10:07 am  Thursday December 3, 2009"	"SAINT MARIES ID +"	30	silt	high	121.951219512195	0	30	45	20	tree20	39.6341463414634	30	5	100	20	0	ft	""
WD	wepp-24941	"10:11 am  Thursday December 3, 2009"	"SAINT MARIES ID +"	30	silt	high	121.951219512195	0	30	45	20	high	39.6341463414634	30	5	45	20	0	ft	""
