WR	wepp-25435	"06:15 pm  Monday November 26, 2012"	"ermclim +"	30	silt	native	200	4	13	15	50	1	25	20	inveg	ft
WR	wepp-25514	"06:21 pm  Monday November 26, 2012"	"ermclim +"	30	silt	native	200	4	13	15	50	1	25	20	inbare	ft
WR	wepp-25594	"06:23 pm  Monday November 26, 2012"	"ermclim +"	30	silt	paved	200	4	13	15	50	1	25	20	inbare	ft
WR	wepp-25618	"06:26 pm  Monday November 26, 2012"	"ermclim +"	30	silt	paved	200	4	13	15	50	100	25	20	inbare	ft
WR	wepp-25642	"06:27 pm  Monday November 26, 2012"	"ermclim +"	30	silt	paved	200	4	13	15	50	130	25	20	inveg	ft
WR	wepp-25662	"06:27 pm  Monday November 26, 2012"	"ermclim +"	30	silt	paved	200	4	13	15	50	105	25	20	inveg	ft
WR	wepp-25684	"06:27 pm  Monday November 26, 2012"	"ermclim +"	30	silt	paved	200	4	13	15	50	105	25	20	inbare	ft
WR	wepp-25707	"06:27 pm  Monday November 26, 2012"	"ermclim +"	30	silt	paved	200	4	13	15	50	130	25	20	inbare	ft
WR	wepp-25776	"06:28 pm  Monday November 26, 2012"	"ermclim +"	30	silt	paved	200	4	13	15	50	135	25	20	inbare	ft
WR	wepp-25911	"06:28 pm  Monday November 26, 2012"	"ermclim +"	30	silt	paved	200	4	13	15	50	132	25	20	inbare	ft
WR	wepp-25922	"06:28 pm  Monday November 26, 2012"	"ermclim +"	30	silt	paved	200	4	13	15	50	133	25	20	inbare	ft
WR	wepp-25946	"06:28 pm  Monday November 26, 2012"	"ermclim +"	30	silt	paved	200	4	13	15	50	134	25	20	inbare	ft
WR	wepp-25999	"06:31 pm  Monday November 26, 2012"	"ermclim +"	30	silt	graveled	200	4	13	15	50	1	25	20	outunrut	ft
WR	wepp-26119	"06:35 pm  Monday November 26, 2012"	"SAINT MARIES ID +"	30	silt	graveled	200	4	13	15	50	1	25	20	outunrut	ft
WD	wepp-26310	"06:44 pm  Monday November 26, 2012"	"ermclim +"	10	silt	OldForest	400	0	30	100	20	OldForest	75	30	5	100	20	0	ft	""
WD	wepp-26357	"06:45 pm  Monday November 26, 2012"	"ermclim +"	10	silt	Bunchgrass	400	0	30	60	20	OldForest	75	30	5	100	20	0	ft	""
WD	wepp-26485	"06:48 pm  Monday November 26, 2012"	"ermclim +"	10	silt	Bunchgrass	400	0	30	60	20	OldForest	30	30	5	100	20	0	ft	""
WD	wepp-26595	"06:49 pm  Monday November 26, 2012"	"ermclim +"	10	silt	HighFire	400	0	30	45	20	LowFire	30	30	5	85	20	0	ft	""
WD	wepp-26860	"06:52 pm  Monday November 26, 2012"	"ermclim +"	10	silt	HighFire	400	0	30	45	20	LowFire	100	30	5	85	20	0	ft	""
WD	wepp-26921	"06:52 pm  Monday November 26, 2012"	"ermclim +"	10	silt	HighFire	400	0	30	45	20	LowFire	1000	30	5	85	20	0	ft	""
WD	wepp-27272	"06:55 pm  Monday November 26, 2012"	"ermclim +"	10	silt	HighFire	400	0	30	45	20	LowFire	1200	30	5	85	20	0	ft	""
WD	wepp-27302	"06:55 pm  Monday November 26, 2012"	"ermclim +"	10	silt	HighFire	400	0	30	45	20	Bunchgrass	1200	30	5	60	20	0	ft	""
WD	wepp-27334	"06:55 pm  Monday November 26, 2012"	"ermclim +"	10	silt	HighFire	400	0	30	45	20	OldForest	1200	30	5	100	20	0	ft	""
WD	wepp-27543	"06:57 pm  Monday November 26, 2012"	"ermclim +"	10	silt	HighFire	400	0	30	45	20	YoungForest	1200	30	5	100	20	0	ft	""
WD	wepp-27570	"06:57 pm  Monday November 26, 2012"	"ermclim +"	10	silt	HighFire	400	0	30	45	20	Shrub	1200	30	5	80	20	0	ft	""
WD	wepp-27882	"06:59 pm  Monday November 26, 2012"	"ermclim +"	10	silt	HighFire	400	0	30	45	20	HighFire	30	30	5	45	20	0	ft	""
