WR	wepp-17278	"09:26 pm  Wednesday December 2, 2009"	"Mica Creek +"	30	silt	native	200	4	13	15	50	1	25	20	inveg
WR	wepp-17310	"09:28 pm  Wednesday December 2, 2009"	"Mica Creek +"	30	silt	native	200	4	13	15	50	1	25	20	inbare
WR	wepp-17316	"09:29 pm  Wednesday December 2, 2009"	"Mica Creek +"	30	silt	paved	200	4	13	15	50	1	25	20	inbare
WR	wepp-17340	"09:30 pm  Wednesday December 2, 2009"	"Mica Creek +"	30	silt	paved	200	4	13	15	50	1	25	20	inbare
WR	wepp-17345	"09:30 pm  Wednesday December 2, 2009"	"Mica Creek +"	30	silt	native	200	4	13	15	50	1	25	20	inbare
WR	wepp-17378	"09:36 pm  Wednesday December 2, 2009"	"Mica Creek +"	30	silt	paved	200	4	13	15	50	10	25	20	inbare
WR	wepp-17410	"09:36 pm  Wednesday December 2, 2009"	"Mica Creek +"	30	silt	paved	200	4	13	15	50	30	25	20	inbare
WR	wepp-17430	"09:39 pm  Wednesday December 2, 2009"	"Mica Creek +"	30	silt	native	200	4	13	15	50	1	25	20	inbare
WR	wepp-17435	"09:39 pm  Wednesday December 2, 2009"	"Mica Creek +"	30	silt	native	200	4	13	15	50	1	25	20	inveg
WR	wepp-17471	"09:41 pm  Wednesday December 2, 2009"	"Mica Creek +"	30	silt	native	200	4	13	15	50	1	25	20	inbare
WR	wepp-17477	"09:43 pm  Wednesday December 2, 2009"	"Mica Creek +"	30	silt	paved	200	4	13	15	50	50	25	20	inbare
WR	wepp-17482	"09:44 pm  Wednesday December 2, 2009"	"Mica Creek +"	30	silt	paved	200	4	13	15	50	55	25	20	inbare
WR	wepp-17487	"09:44 pm  Wednesday December 2, 2009"	"Mica Creek +"	30	silt	paved	200	4	13	15	50	51	25	20	inbare
WR	wepp-17492	"09:44 pm  Wednesday December 2, 2009"	"Mica Creek +"	30	silt	paved	200	4	13	15	50	52	25	20	inbare
WR	wepp-17497	"09:44 pm  Wednesday December 2, 2009"	"Mica Creek +"	30	silt	paved	200	4	13	15	50	53.5	25	20	inbare
WR	wepp-17505	"09:44 pm  Wednesday December 2, 2009"	"Mica Creek +"	30	silt	paved	200	4	13	15	50	53	25	20	inbare
WR	wepp-17510	"09:44 pm  Wednesday December 2, 2009"	"Mica Creek +"	30	silt	paved	200	4	13	15	50	52.8	25	20	inbare
WR	wepp-17515	"09:44 pm  Wednesday December 2, 2009"	"Mica Creek +"	30	silt	paved	200	4	13	15	50	52.65	25	20	inbare
WR	wepp-17539	"09:45 pm  Wednesday December 2, 2009"	"Mica Creek +"	30	silt	paved	200	4	13	15	50	52.57	25	20	inbare
WR	wepp-17544	"09:45 pm  Wednesday December 2, 2009"	"Mica Creek +"	30	silt	paved	200	4	13	15	50	52.52	25	20	inbare
WR	wepp-17549	"09:45 pm  Wednesday December 2, 2009"	"Mica Creek +"	30	silt	paved	200	4	13	15	50	52.54	25	20	inbare
WR	wepp-17599	"09:49 pm  Wednesday December 2, 2009"	"Mica Creek +"	30	silt	graveled	200	4	13	15	50	1	25	20	outunrut
WR	wepp-17645	"09:53 pm  Wednesday December 2, 2009"	"Mica Creek 2 +"	30	silt	graveled	200	4	13	15	50	1	25	20	outunrut
WD	wepp-17727	"10:00 pm  Wednesday December 2, 2009"	"Mica Creek +"	30	silt	tree20	121.951219512195	0	30	100	20	tree20	22.8658536585366	30	5	100	20	0	ft	""
WD	wepp-17760	"10:02 pm  Wednesday December 2, 2009"	"Mica Creek +"	30	silt	tall	121.951219512195	0	30	60	20	tree20	22.8658536585366	30	5	100	20	0	ft	""
WD	wepp-17799	"10:03 pm  Wednesday December 2, 2009"	"Mica Creek +"	30	silt	tall	121.951219512195	0	30	60	20	tree20	9.14634146341463	30	5	100	20	0	ft	""
WD	wepp-17817	"10:06 pm  Wednesday December 2, 2009"	"Mica Creek +"	30	silt	high	121.951219512195	0	30	45	20	low	9.14634146341463	30	5	85	20	0	ft	""
WD	wepp-17854	"10:08 pm  Wednesday December 2, 2009"	"Mica Creek +"	30	silt	high	121.951219512195	0	30	45	20	low	60.9756097560976	30	5	85	20	0	ft	""
WD	wepp-17859	"10:08 pm  Wednesday December 2, 2009"	"Mica Creek +"	30	silt	high	121.951219512195	0	30	45	20	low	91.4634146341463	30	5	85	20	0	ft	""
WD	wepp-17864	"10:08 pm  Wednesday December 2, 2009"	"Mica Creek +"	30	silt	high	121.951219512195	0	30	45	20	low	152.439024390244	30	5	85	20	0	ft	""
WD	wepp-17869	"10:08 pm  Wednesday December 2, 2009"	"Mica Creek +"	30	silt	high	121.951219512195	0	30	45	20	low	213.414634146341	30	5	85	20	0	ft	""
WD	wepp-17874	"10:09 pm  Wednesday December 2, 2009"	"Mica Creek +"	30	silt	high	121.951219512195	0	30	45	20	low	365.853658536585	30	5	85	20	0	ft	""
WD	wepp-17932	"10:12 pm  Wednesday December 2, 2009"	"Mica Creek +"	30	silt	high	121.951219512195	0	30	45	20	low	304.878048780488	30	5	85	20	0	ft	""
WD	wepp-17938	"10:14 pm  Wednesday December 2, 2009"	"Mica Creek +"	30	silt	high	121.951219512195	0	30	45	20	high	9.14634146341463	30	5	45	20	0	ft	""
WD	wepp-17962	"10:16 pm  Wednesday December 2, 2009"	"Mica Creek +"	30	silt	tree20	121.951219512195	0	30	100	20	shrub	9.14634146341463	30	5	80	20	0	ft	""
WD	wepp-17970	"10:16 pm  Wednesday December 2, 2009"	"Mica Creek +"	30	silt	tree20	121.951219512195	0	30	100	20	tall	9.14634146341463	30	5	60	20	0	ft	""
WD	wepp-17975	"10:16 pm  Wednesday December 2, 2009"	"Mica Creek +"	30	silt	tree20	121.951219512195	0	30	100	20	short	9.14634146341463	30	5	40	20	0	ft	""
WD	wepp-17980	"10:16 pm  Wednesday December 2, 2009"	"Mica Creek +"	30	silt	tree20	121.951219512195	0	30	100	20	tree5	9.14634146341463	30	5	100	20	0	ft	""
WD	wepp-18012	"10:16 pm  Wednesday December 2, 2009"	"Mica Creek +"	30	silt	tree20	121.951219512195	0	30	100	20	short	9.14634146341463	30	5	40	20	0	ft	""
WD	wepp-18063	"10:20 pm  Wednesday December 2, 2009"	"Mica Creek +"	30	silt	tree5	121.951219512195	0	30	100	20	short	9.14634146341463	30	5	40	20	0	ft	""
WD	wepp-18068	"10:21 pm  Wednesday December 2, 2009"	"Mica Creek +"	30	silt	tree5	121.951219512195	0	30	100	20	short	9.14634146341463	30	5	40	20	0	ft	""
WD	wepp-18073	"10:21 pm  Wednesday December 2, 2009"	"Mica Creek +"	30	silt	tree20	121.951219512195	0	30	100	20	short	9.14634146341463	30	5	40	20	0	ft	""
WD	wepp-18078	"10:21 pm  Wednesday December 2, 2009"	"Mica Creek +"	30	silt	tall	121.951219512195	0	30	60	20	short	9.14634146341463	30	5	40	20	0	ft	""
WD	wepp-18115	"10:22 pm  Wednesday December 2, 2009"	"Mica Creek +"	30	silt	tree20	121.951219512195	0	30	100	20	short	9.14634146341463	30	5	40	20	0	ft	""
WD	wepp-18125	"10:22 pm  Wednesday December 2, 2009"	"Mica Creek +"	30	silt	tree20	121.951219512195	0	30	100	20	short	9.14634146341463	30	5	40	20	0	ft	""
WD	wepp-18130	"10:23 pm  Wednesday December 2, 2009"	"Mica Creek +"	30	silt	shrub	121.951219512195	0	30	80	20	short	9.14634146341463	30	5	40	20	0	ft	""
WD	wepp-18135	"10:23 pm  Wednesday December 2, 2009"	"Mica Creek +"	30	silt	tree20	121.951219512195	0	30	100	20	short	9.14634146341463	30	5	40	20	0	ft	""
WD	wepp-18140	"10:23 pm  Wednesday December 2, 2009"	"Mica Creek +"	30	silt	shrub	121.951219512195	0	30	80	20	short	9.14634146341463	30	5	40	20	0	ft	""
WD	wepp-18145	"10:23 pm  Wednesday December 2, 2009"	"Mica Creek +"	30	silt	short	121.951219512195	0	30	40	20	short	9.14634146341463	30	5	40	20	0	ft	""
WD	wepp-18150	"10:24 pm  Wednesday December 2, 2009"	"Mica Creek +"	30	silt	tree20	121.951219512195	0	30	100	20	tree20	9.14634146341463	30	5	100	20	0	ft	""
WD	wepp-18155	"10:24 pm  Wednesday December 2, 2009"	"Mica Creek +"	30	silt	tree20	121.951219512195	0	30	100	20	tree5	9.14634146341463	30	5	100	20	0	ft	""
WD	wepp-18160	"10:25 pm  Wednesday December 2, 2009"	"Mica Creek +"	30	silt	tree20	121.951219512195	0	30	100	20	tall	9.14634146341463	30	5	60	20	0	ft	""
WD	wepp-18165	"10:25 pm  Wednesday December 2, 2009"	"Mica Creek +"	30	silt	short	121.951219512195	0	30	40	20	tree20	9.14634146341463	30	5	100	20	0	ft	""
WD	wepp-18170	"10:25 pm  Wednesday December 2, 2009"	"Mica Creek +"	30	silt	short	121.951219512195	0	30	40	20	tall	9.14634146341463	30	5	60	20	0	ft	""
WD	wepp-18202	"10:28 pm  Wednesday December 2, 2009"	"Mica Creek +"	30	silt	skid	121.951219512195	0	30	10	20	tree20	9.14634146341463	30	5	100	20	0	ft	""
WD	wepp-18212	"10:29 pm  Wednesday December 2, 2009"	"Mica Creek +"	30	silt	skid	121.951219512195	0	30	10	20	tall	9.14634146341463	30	5	60	20	0	ft	""
WD	wepp-18219	"10:29 pm  Wednesday December 2, 2009"	"Mica Creek +"	30	silt	tall	121.951219512195	30	30	60	20	tall	9.14634146341463	30	5	60	20	0	ft	""
WD	wepp-18243	"10:30 pm  Wednesday December 2, 2009"	"Mica Creek +"	30	silt	tall	121.951219512195	30	30	60	20	tall	9.14634146341463	30	5	60	20	0	ft	""
WD	wepp-18248	"10:30 pm  Wednesday December 2, 2009"	"Mica Creek +"	30	silt	tall	121.951219512195	0	30	60	20	tall	9.14634146341463	30	5	60	20	0	ft	""
WD	wepp-18253	"10:30 pm  Wednesday December 2, 2009"	"Mica Creek +"	30	silt	tall	121.951219512195	0	30	60	20	tall	9.14634146341463	30	30	60	20	0	ft	""
WD	wepp-18258	"10:30 pm  Wednesday December 2, 2009"	"Mica Creek +"	30	silt	tall	121.951219512195	0	30	60	20	tall	9.14634146341463	30	5	60	20	0	ft	""
WD	wepp-18263	"10:30 pm  Wednesday December 2, 2009"	"Mica Creek +"	30	silt	tall	121.951219512195	0	30	60	20	tall	9.14634146341463	30	30	60	20	0	ft	""
WD	wepp-18296	"10:32 pm  Wednesday December 2, 2009"	"Mica Creek +"	30	silt	tall	121.951219512195	0	30	60	20	tree20	9.14634146341463	30	5	100	20	0	ft	""
WD	wepp-18301	"10:33 pm  Wednesday December 2, 2009"	"Mica Creek +"	30	silt	tall	121.951219512195	0	30	60	20	tree20	1.52439024390244	30	5	100	20	0	ft	""
