WR	wepp-14873	"11:03 am  Monday December 6, 2010"	"SAINT MARIES ID +"	30	silt	native	200	4	13	15	50	1	25	20	inveg	ft
WR	wepp-14929	"11:08 am  Monday December 6, 2010"	"SAINT MARIES ID +"	30	silt	native	200	4	13	15	50	130	25	20	inbare	ft
WR	wepp-14948	"11:09 am  Monday December 6, 2010"	"SAINT MARIES ID +"	30	silt	paved	200	4	13	15	50	1	25	20	inbare	ft
WR	wepp-14956	"11:10 am  Monday December 6, 2010"	"SAINT MARIES ID +"	30	silt	native	200	4	13	15	50	1	25	20	inbare	ft
WR	wepp-15026	"11:14 am  Monday December 6, 2010"	"SAINT MARIES ID +"	30	silt	paved	200	4	13	15	50	10	25	20	inbare	ft
WR	wepp-15036	"11:14 am  Monday December 6, 2010"	"SAINT MARIES ID +"	30	silt	paved	200	4	13	15	50	100	25	20	inbare	ft
WR	wepp-15139	"11:18 am  Monday December 6, 2010"	"SAINT MARIES ID +"	30	silt	graveled	200	4	13	15	50	1	25	20	outunrut	ft
WD	wepp-15287	"11:23 am  Monday December 6, 2010"	"SAINT MARIES ID +"	30	silt	tree20	400	0	30	100	20	tree20	75	30	5	100	20	0	ft	""
WD	wepp-15303	"11:25 am  Monday December 6, 2010"	"SAINT MARIES ID +"	30	silt	tall	400	0	30	60	20	tree20	75	30	5	100	20	0	ft	""
WD	wepp-15318	"11:26 am  Monday December 6, 2010"	"SAINT MARIES ID +"	30	silt	tall	400	0	30	60	20	tree20	30	30	5	100	20	0	ft	""
WD	wepp-15360	"11:28 am  Monday December 6, 2010"	"SAINT MARIES ID +"	30	silt	high	400	0	30	45	20	low	30	30	5	85	20	0	ft	""
WD	wepp-15411	"11:30 am  Monday December 6, 2010"	"SAINT MARIES ID +"	30	silt	high	400	0	30	45	20	low	400	30	5	85	20	0	ft	""
WD	wepp-15416	"11:30 am  Monday December 6, 2010"	"SAINT MARIES ID +"	30	silt	high	600	0	30	45	20	low	400	30	5	85	20	0	ft	""
WD	wepp-15421	"11:31 am  Monday December 6, 2010"	"SAINT MARIES ID +"	30	silt	high	600	0	30	45	20	low	800	30	5	85	20	0	ft	""
WD	wepp-15426	"11:31 am  Monday December 6, 2010"	"SAINT MARIES ID +"	30	silt	high	600	0	30	45	20	low	1000	30	5	85	20	0	ft	""
WD	wepp-15431	"11:31 am  Monday December 6, 2010"	"SAINT MARIES ID +"	30	silt	high	600	0	30	45	20	low	1200	30	5	85	20	0	ft	""
WD	wepp-15441	"11:31 am  Monday December 6, 2010"	"SAINT MARIES ID +"	30	silt	high	1200	0	30	45	20	low	1200	30	5	85	20	0	ft	""
WD	wepp-15446	"11:31 am  Monday December 6, 2010"	"SAINT MARIES ID +"	30	silt	high	200	0	30	45	20	low	1200	30	5	85	20	0	ft	""
WD	wepp-15451	"11:32 am  Monday December 6, 2010"	"SAINT MARIES ID +"	30	silt	high	100	0	30	45	20	low	1200	30	5	85	20	0	ft	""
WD	wepp-15483	"11:32 am  Monday December 6, 2010"	"SAINT MARIES ID +"	30	silt	high	10	0	30	45	20	low	1200	30	5	85	20	0	ft	""
WD	wepp-15488	"11:32 am  Monday December 6, 2010"	"SAINT MARIES ID +"	30	silt	high	1.5	0	30	45	20	low	1200	30	5	85	20	0	ft	""
WD	wepp-15505	"11:34 am  Monday December 6, 2010"	"SAINT MARIES ID +"	30	silt	high	400	0	30	45	20	high	30	30	5	45	20	0	ft	""
