WD	wepp-195749	"06:04 pm  Friday November 30, 2018"	""				0	0	0	0	0		0	0	0	0	0	0		""
WD	wepp-195750	"06:04 pm  Friday November 30, 2018"	""				0	0	0	0	0		0	0	0	0	0	0		""
WD	wepp-195859	"06:09 pm  Friday November 30, 2018"	"ESTES PARK 1N CO"	100	sand	HighFire	100	20	20	5	20	HighFire	100	20	20	5	20	0	ft	""
WD	wepp-195933	"06:13 pm  Friday November 30, 2018"	"ESTES PARK 1N CO"	10	sand	HighFire	100	20	20	5	20	HighFire	100	20	20	5	20	0	ft	""
WD	wepp-196049	"06:14 pm  Friday November 30, 2018"	""				0	0	0	0	0		0	0	0	0	0	0		""
WD	wepp-196051	"06:14 pm  Friday November 30, 2018"	""				0	0	0	0	0		0	0	0	0	0	0		""
WD	wepp-196181	"06:17 pm  Friday November 30, 2018"	"ESTES PARK 1N CO"	10	sand	HighFire	100	20	20	5	20	OldForest	100	20	20	5	20	0	m	""
WD	wepp-196217	"06:17 pm  Friday November 30, 2018"	""				0	0	0	0	0		0	0	0	0	0	0		""
WD	wepp-196218	"06:17 pm  Friday November 30, 2018"	""				0	0	0	0	0		0	0	0	0	0	0		""
WD	wepp-196227	"06:18 pm  Friday November 30, 2018"	"ESTES PARK 1N CO"	10	sand	HighFire	100	20	20	5	20	HighFire	100	20	20	5	20	0	m	""
WD	wepp-196291	"06:20 pm  Friday November 30, 2018"	"ESTES PARK 1N CO"	100	sand	HighFire	100	20	20	5	20	HighFire	100	20	20	5	20	0	m	""
WD	wepp-196338	"06:21 pm  Friday November 30, 2018"	"ESTES PARK 1N CO"	10	sand	HighFire	100	20	20	5	20	HighFire	100	20	20	5	20	0	m	""
WD	wepp-196385	"06:22 pm  Friday November 30, 2018"	"ESTES PARK 1N CO"	10	sand	HighFire	100	50	50	5	20	HighFire	100	50	50	5	20	0	m	""
WD	wepp-196441	"06:23 pm  Friday November 30, 2018"	"ESTES PARK 1N CO"	100	sand	HighFire	100	50	50	5	20	HighFire	100	50	50	5	20	0	m	""
WD	wepp-196483	"06:24 pm  Friday November 30, 2018"	"ESTES PARK 1N CO"	100	sand	HighFire	100	50	50	5	20	HighFire	100	50	50	5	20	0	m	""
WD	wepp-196580	"06:29 pm  Friday November 30, 2018"	"ESTES PARK 1N CO"	100	sand	HighFire	100	20	20	5	20	HighFire	100	20	20	5	20	0	m	""
WD	wepp-196716	"06:32 pm  Friday November 30, 2018"	"CHICO EXP STA CA"	100	sand	HighFire	100	20	20	5	20	HighFire	100	20	20	5	20	0	m	""
WD	wepp-196843	"06:33 pm  Friday November 30, 2018"	"CHICO EXP STA CA"	100	sand	HighFire	100	20	20	5	20	HighFire	100	20	20	5	20	0	m	""
WD	wepp-196975	"06:37 pm  Friday November 30, 2018"	"CHICO EXP STA CA"	100	sand	HighFire	100	40	40	5	20	HighFire	100	40	40	5	20	0	m	""
WD	wepp-197109	"06:40 pm  Friday November 30, 2018"	"CHICO EXP STA CA"	100	sand	HighFire	100	60	60	5	20	HighFire	100	60	60	5	20	0	m	""
WD	wepp-197166	"06:41 pm  Friday November 30, 2018"	"CHICO EXP STA CA"	100	sand	HighFire	100	80	80	5	20	HighFire	100	80	80	5	20	0	m	""
WD	wepp-197211	"06:43 pm  Friday November 30, 2018"	"CHICO EXP STA CA"	100	clay	HighFire	100	40	40	5	20	HighFire	100	40	40	5	20	0	m	""
WD	wepp-197276	"06:44 pm  Friday November 30, 2018"	"CHICO EXP STA CA"	100	sand	HighFire	100	40	40	50	20	HighFire	100	40	40	50	20	0	m	""
WD	wepp-197376	"06:46 pm  Friday November 30, 2018"	"CHICO EXP STA CA"	100	sand	HighFire	100	40	40	100	20	OldForest	100	40	40	100	20	0	m	""
WD	wepp-197421	"06:48 pm  Friday November 30, 2018"	"CHICO EXP STA CA"	100	sand	HighFire	100	40	40	100	20	OldForest	100	40	40	100	20	0	m	""
WD	wepp-197482	"06:50 pm  Friday November 30, 2018"	"CHICO EXP STA CA"	100	sand	HighFire	100	40	40	50	20	LowFire	100	40	40	50	20	0	m	""
WD	wepp-197534	"06:52 pm  Friday November 30, 2018"	"CHICO EXP STA CA"	100	clay	HighFire	100	40	40	5	20	LowFire	100	40	40	5	20	0	m	""
WD	wepp-197588	"06:53 pm  Friday November 30, 2018"	"CHICO EXP STA CA"	100	sand	HighFire	100	80	80	5	20	LowFire	100	80	80	5	20	0	m	""
WD	wepp-197634	"06:54 pm  Friday November 30, 2018"	"CHICO EXP STA CA"	100	sand	HighFire	100	60	60	5	20	LowFire	100	60	60	5	20	0	m	""
WD	wepp-197687	"06:55 pm  Friday November 30, 2018"	"CHICO EXP STA CA"	100	sand	HighFire	100	40	40	5	20	LowFire	100	40	40	5	20	0	m	""
WD	wepp-197789	"06:59 pm  Friday November 30, 2018"	"ESTES PARK 1N CO"	100	sand	HighFire	100	20	20	5	20	LowFire	100	20	20	5	20	0	m	""
WD	wepp-197824	"06:59 pm  Friday November 30, 2018"	"ESTES PARK 1N CO"	100	sand	HighFire	100	20	20	5	20	LowFire	100	20	20	5	20	0	m	""
WD	wepp-197939	"07:01 pm  Friday November 30, 2018"	"ESTES PARK 1N CO"	100	sand	HighFire	100	40	40	5	20	LowFire	100	40	40	5	20	0	m	""
WD	wepp-197992	"07:02 pm  Friday November 30, 2018"	"ESTES PARK 1N CO"	100	sand	HighFire	100	60	60	5	20	LowFire	100	60	60	5	20	0	m	""
WD	wepp-198027	"07:02 pm  Friday November 30, 2018"	"ESTES PARK 1N CO"	100	sand	HighFire	100	60	60	5	20	LowFire	100	60	60	5	20	0	m	""
WD	wepp-198052	"07:03 pm  Friday November 30, 2018"	"ESTES PARK 1N CO"	100	sand	HighFire	100	80	80	5	20	LowFire	100	80	80	5	20	0	m	""
WD	wepp-198088	"07:04 pm  Friday November 30, 2018"	"ESTES PARK 1N CO"	100	sand	HighFire	100	80	80	5	20	LowFire	100	80	80	5	20	0	m	""
WD	wepp-198145	"07:05 pm  Friday November 30, 2018"	"ESTES PARK 1N CO"	100	clay	HighFire	100	40	40	5	20	LowFire	100	40	40	5	20	0	m	""
WD	wepp-198210	"07:07 pm  Friday November 30, 2018"	"ESTES PARK 1N CO"	100	sand	HighFire	100	40	40	50	20	LowFire	100	40	40	50	20	0	m	""
WD	wepp-198268	"07:09 pm  Friday November 30, 2018"	"ESTES PARK 1N CO"	100	sand	HighFire	100	40	40	100	20	OldForest	100	40	40	100	20	0	m	""
WD	wepp-198396	"07:10 pm  Friday November 30, 2018"	"ESTES PARK 1N CO"	100	sand	OldForest	100	40	40	100	20	OldForest	100	40	40	100	20	0	m	""
WD	wepp-198432	"07:10 pm  Friday November 30, 2018"	"ESTES PARK 1N CO"	100	sand	OldForest	100	40	40	100	20	OldForest	100	40	40	100	20	0	m	""
WD	wepp-198452	"07:11 pm  Friday November 30, 2018"	"ESTES PARK 1N CO"	100	sand	HighFire	100	20	20	45	20	HighFire	100	20	20	45	20	0	m	""
WD	wepp-198500	"07:12 pm  Friday November 30, 2018"	"ESTES PARK 1N CO"	100	sand	HighFire	100	40	40	45	20	HighFire	100	40	40	45	20	0	m	""
WD	wepp-198541	"07:13 pm  Friday November 30, 2018"	"ESTES PARK 1N CO"	100	sand	HighFire	100	40	40	5	20	HighFire	100	40	40	5	20	0	m	""
WD	wepp-198583	"07:14 pm  Friday November 30, 2018"	"ESTES PARK 1N CO"	100	sand	HighFire	100	20	20	5	20	HighFire	100	20	20	5	20	0	m	""
WD	wepp-198626	"07:14 pm  Friday November 30, 2018"	"ESTES PARK 1N CO"	100	sand	HighFire	100	60	60	5	20	HighFire	100	60	60	5	20	0	m	""
WD	wepp-198712	"07:15 pm  Friday November 30, 2018"	"ESTES PARK 1N CO"	100	sand	HighFire	100	80	80	5	20	HighFire	100	80	80	5	20	0	m	""
WD	wepp-198779	"07:17 pm  Friday November 30, 2018"	"ESTES PARK 1N CO"	100	clay	HighFire	100	40	40	5	20	HighFire	100	40	40	5	20	0	m	""
WD	wepp-198851	"07:18 pm  Friday November 30, 2018"	"ESTES PARK 1N CO"	100	sand	LowFire	100	40	40	50	20	LowFire	100	40	40	50	20	0	m	""
WD	wepp-198896	"07:19 pm  Friday November 30, 2018"	"ESTES PARK 1N CO"	100	sand	OldForest	100	40	40	100	20	OldForest	100	40	40	100	20	0	m	""
WD	wepp-198945	"07:20 pm  Friday November 30, 2018"	"CHICO EXP STA CA"	100	sand	HighFire	100	20	20	5	20	HighFire	100	20	20	5	20	0	m	""
WD	wepp-198994	"07:21 pm  Friday November 30, 2018"	"CHICO EXP STA CA"	100	sand	HighFire	100	40	40	5	20	HighFire	100	40	40	5	20	0	m	""
WD	wepp-199031	"07:22 pm  Friday November 30, 2018"	"CHICO EXP STA CA"	100	sand	HighFire	100	60	60	5	20	HighFire	100	60	60	5	20	0	m	""
WD	wepp-199075	"07:23 pm  Friday November 30, 2018"	"CHICO EXP STA CA"	100	sand	HighFire	100	80	80	5	20	HighFire	100	80	80	5	20	0	m	""
WD	wepp-199136	"07:23 pm  Friday November 30, 2018"	"CHICO EXP STA CA"	100	clay	HighFire	100	40	40	5	20	HighFire	100	40	40	5	20	0	m	""
WD	wepp-199190	"07:24 pm  Friday November 30, 2018"	"CHICO EXP STA CA"	100	sand	LowFire	100	40	40	50	20	LowFire	100	40	40	50	20	0	m	""
WD	wepp-199238	"07:25 pm  Friday November 30, 2018"	"CHICO EXP STA CA"	100	sand	OldForest	100	40	40	100	20	OldForest	100	40	40	100	20	0	m	""
