WR	wepp-485	"02:43 pm  Friday November 30, 2012"	"Mica Creek +"	30	silt	native	200	4	13	15	50	1	25	20	inveg	ft
WR	wepp-872	"02:47 pm  Friday November 30, 2012"	"Mica Creek +"	30	silt	native	200	4	13	15	50	1	25	20	inbare	ft
WR	wepp-941	"02:47 pm  Friday November 30, 2012"	"Mica Creek +"	30	silt	paved	200	4	13	15	50	1	25	20	inbare	ft
WR	wepp-1598	"03:03 pm  Friday November 30, 2012"	"Mica Creek +"	30	silt	paved	200	4	13	15	50	1	25	20	inbare	ft
WR	wepp-1637	"03:03 pm  Friday November 30, 2012"	"Mica Creek +"	30	silt	paved	200	4	13	15	50	20	25	20	inbare	ft
WR	wepp-1678	"03:04 pm  Friday November 30, 2012"	"Mica Creek +"	30	silt	paved	200	4	13	15	50	100	25	20	inbare	ft
WR	wepp-1699	"03:04 pm  Friday November 30, 2012"	"Mica Creek +"	30	silt	paved	200	4	13	15	50	200	25	20	inbare	ft
WR	wepp-1725	"03:04 pm  Friday November 30, 2012"	"Mica Creek +"	30	silt	paved	200	4	13	15	50	300	25	20	inbare	ft
WR	wepp-1826	"03:04 pm  Friday November 30, 2012"	"Mica Creek +"	30	silt	paved	200	4	13	15	50	250	25	20	inbare	ft
WR	wepp-1835	"03:04 pm  Friday November 30, 2012"	"Mica Creek +"	30	silt	paved	200	4	13	15	50	280	25	20	inbare	ft
WR	wepp-1877	"03:05 pm  Friday November 30, 2012"	"Mica Creek +"	30	silt	paved	200	4	13	15	50	290	25	20	inbare	ft
WR	wepp-1919	"03:05 pm  Friday November 30, 2012"	"Mica Creek +"	30	silt	paved	200	4	13	15	50	295	25	20	inbare	ft
WR	wepp-1939	"03:06 pm  Friday November 30, 2012"	"Mica Creek +"	30	silt	paved	200	4	13	15	50	299	25	20	inbare	ft
WR	wepp-1959	"03:06 pm  Friday November 30, 2012"	"Mica Creek +"	30	silt	paved	200	4	13	15	50	293	25	20	inbare	ft
WR	wepp-1979	"03:06 pm  Friday November 30, 2012"	"Mica Creek +"	30	silt	paved	200	4	13	15	50	290	25	20	inbare	ft
WR	wepp-1999	"03:06 pm  Friday November 30, 2012"	"Mica Creek +"	30	silt	paved	200	4	13	15	50	280	25	20	inbare	ft
WR	wepp-2021	"03:06 pm  Friday November 30, 2012"	"Mica Creek +"	30	silt	paved	200	4	13	15	50	285	25	20	inbare	ft
WR	wepp-2042	"03:07 pm  Friday November 30, 2012"	"Mica Creek +"	30	silt	paved	200	4	13	15	50	286	25	20	inbare	ft
WR	wepp-2090	"03:07 pm  Friday November 30, 2012"	"Mica Creek +"	30	silt	paved	200	4	13	15	50	283	25	20	inbare	ft
WR	wepp-2110	"03:07 pm  Friday November 30, 2012"	"Mica Creek +"	30	silt	paved	200	4	13	15	50	284	25	20	inbare	ft
WR	wepp-2144	"03:07 pm  Friday November 30, 2012"	"Mica Creek +"	30	silt	paved	200	4	13	15	50	283	25	20	inbare	ft
WR	wepp-2163	"03:07 pm  Friday November 30, 2012"	"Mica Creek +"	30	silt	paved	200	4	13	15	50	284	25	20	inbare	ft
WR	wepp-2565	"03:14 pm  Friday November 30, 2012"	"Mica Creek +"	30	silt	graveled	200	4	13	15	50	1	25	20	outrut	ft
WR	wepp-2846	"03:17 pm  Friday November 30, 2012"	"Mica Creek +"	30	silt	graveled	200	4	13	15	50	1	25	20	outrut	ft
WR	wepp-2893	"03:18 pm  Friday November 30, 2012"	"Mica Creek 2 +"	30	silt	graveled	200	4	13	15	50	1	25	20	outrut	ft
WD	wepp-3274	"03:23 pm  Friday November 30, 2012"	"Mica Creek +"	10	silt	YoungForest	400	0	30	100	20	YoungForest	75	30	5	100	20	0	ft	""
WD	wepp-3361	"03:24 pm  Friday November 30, 2012"	"Mica Creek +"	10	silt	YoungForest	400	0	30	100	20	YoungForest	75	30	5	100	20	0	ft	""
WD	wepp-3381	"03:25 pm  Friday November 30, 2012"	"Mica Creek +"	10	silt	OldForest	400	0	30	100	20	OldForest	75	30	5	100	20	0	ft	""
WD	wepp-3424	"03:26 pm  Friday November 30, 2012"	"Mica Creek +"	10	silt	Bunchgrass	400	0	30	60	20	OldForest	75	30	5	100	20	0	ft	""
WD	wepp-3500	"03:28 pm  Friday November 30, 2012"	"Mica Creek +"	10	silt	OldForest	400	0	30	100	20	OldForest	75	30	5	100	20	0	ft	""
WD	wepp-3619	"03:29 pm  Friday November 30, 2012"	"Mica Creek +"	10	silt	Bunchgrass	400	0	30	60	20	OldForest	30	30	5	100	20	0	ft	""
WD	wepp-3699	"03:31 pm  Friday November 30, 2012"	"Mica Creek +"	10	silt	HighFire	400	0	30	45	20	LowFire	30	30	5	85	20	0	ft	""
WD	wepp-3806	"03:33 pm  Friday November 30, 2012"	"Mica Creek +"	10	silt	HighFire	400	0	30	45	20	LowFire	100	30	5	85	20	0	ft	""
WD	wepp-3826	"03:33 pm  Friday November 30, 2012"	"Mica Creek +"	10	silt	HighFire	400	0	30	45	20	LowFire	1000	30	5	85	20	0	ft	""
WD	wepp-3848	"03:34 pm  Friday November 30, 2012"	"Mica Creek +"	10	silt	HighFire	400	0	30	45	20	LowFire	1200	30	5	85	20	0	ft	""
WD	wepp-3868	"03:34 pm  Friday November 30, 2012"	"Mica Creek +"	10	silt	OldForest	400	0	30	100	20	OldForest	1200	30	5	100	20	0	ft	""
WD	wepp-4019	"03:37 pm  Friday November 30, 2012"	"Mica Creek +"	10	silt	HighFire	400	0	30	45	20	HighFire	30	30	5	45	20	0	ft	""
