WR	wepp-11898	"08:41 am  Tuesday June 5, 2012"	"MINERAL CA"	5	sand	native	95.2	9	4.2	1	50	100	25	2	outrut	ft
WR	wepp-12228	"09:11 am  Tuesday June 5, 2012"	"MINERAL CA"	5	sand	native	95.2	9	4.2	1	50	300	0.3	2	outrut	ft
WR	wepp-9078	"02:35 pm  Wednesday June 6, 2012"	"MINERAL CA"	30	sand	native	312.4	9	13.8	1	50	130	25	2	outrut	ft
WR	wepp-10311	"05:10 pm  Wednesday June 6, 2012"	"MINERAL CA"	30	sand	native	308.7	4	12.8	1	50	130	25	0	outrut	ft
WR	wepp-10902	"05:25 pm  Wednesday June 6, 2012"	"MINERAL CA"	10	sand	native	312.4	9	13.8	1	50	130	25	2	outrut	ft
WR	wepp-10996	"05:26 pm  Wednesday June 6, 2012"	"MINERAL CA"	20	sand	native	312.4	9	13.8	1	50	130	25	2	outrut	ft
WR	wepp-11054	"05:27 pm  Wednesday June 6, 2012"	"MINERAL CA"	30	sand	native	312.4	9	13.8	1	50	130	25	2	outrut	ft
WR	wepp-11188	"05:29 pm  Wednesday June 6, 2012"	"MINERAL CA"	30	sand	native	312.4	9	13.8	1	50	130	25	2	outrut	ft
WR	wepp-11452	"05:30 pm  Wednesday June 6, 2012"	"MINERAL CA"	30	sand	native	308.7	4	12.8	1	50	130	25	0	outrut	ft
WR	wepp-11515	"05:31 pm  Wednesday June 6, 2012"	"MINERAL CA"	30	sand	native	224.1	5	12.5	1	50	130	25	1	outrut	ft
WR	wepp-11600	"05:32 pm  Wednesday June 6, 2012"	"MINERAL CA"	30	sand	native	431.1	9	18	1	50	130	25	0	outrut	ft
WR	wepp-11712	"05:34 pm  Wednesday June 6, 2012"	"MINERAL CA"	30	sand	native	297.6	5	15.1	1	50	130	25	5	outrut	ft
WR	wepp-11781	"05:34 pm  Wednesday June 6, 2012"	"MINERAL CA"	30	sand	native	317.9	6	12.8	1	50	130	25	2	outrut	ft
WR	wepp-11866	"05:35 pm  Wednesday June 6, 2012"	"MINERAL CA"	30	sand	native	148.3	8	13.8	1	50	130	25	0	outrut	ft
WR	wepp-11939	"05:36 pm  Wednesday June 6, 2012"	"MINERAL CA"	30	sand	native	285.4	6	14.4	1	50	130	25	8	outrut	ft
WR	wepp-12000	"05:37 pm  Wednesday June 6, 2012"	"MINERAL CA"	30	sand	native	560.7	7	15.4	1	50	130	25	5	outrut	ft
WR	wepp-12078	"05:38 pm  Wednesday June 6, 2012"	"MINERAL CA"	30	sand	native	219.8	5	17.1	1	50	130	25	18	outrut	ft
WR	wepp-12171	"05:39 pm  Wednesday June 6, 2012"	"MINERAL CA"	30	sand	native	754.3	8	25.9	1	50	130	25	8	outrut	ft
WR	wepp-12218	"05:40 pm  Wednesday June 6, 2012"	"MINERAL CA"	30	sand	native	208.7	6	12.8	1	50	130	25	1	outrut	ft
WR	wepp-12247	"05:41 pm  Wednesday June 6, 2012"	"MINERAL CA"	30	sand	native	266.1	12	19.4	1	50	130	25	0	outrut	ft
WR	wepp-12268	"05:41 pm  Wednesday June 6, 2012"	"MINERAL CA"	30	sand	native	120.1	14	15.7	1	50	130	25	16	outrut	ft
WR	wepp-12291	"05:42 pm  Wednesday June 6, 2012"	"MINERAL CA"	30	sand	native	171.9	10	14.8	1	50	130	25	5	outrut	ft
WR	wepp-12338	"05:44 pm  Wednesday June 6, 2012"	"MINERAL CA"	30	sand	native	72.2	10	13.5	1	50	130	25	10	outrut	ft
WR	wepp-12378	"05:45 pm  Wednesday June 6, 2012"	"MINERAL CA"	30	sand	native	311.7	6	14.1	1	50	130	25	9	outrut	ft
WR	wepp-12401	"05:46 pm  Wednesday June 6, 2012"	"MINERAL CA"	30	sand	native	264.4	10	17.1	1	50	130	25	3	outrut	ft
WR	wepp-12422	"05:47 pm  Wednesday June 6, 2012"	"MINERAL CA"	30	sand	native	426.2	14	15.1	1	50	130	25	3	outrut	ft
WR	wepp-12469	"05:49 pm  Wednesday June 6, 2012"	"MINERAL CA"	30	sand	native	229.3	18	15.4	1	50	130	25	8	outrut	ft
WR	wepp-12519	"05:49 pm  Wednesday June 6, 2012"	"MINERAL CA"	30	sand	native	178.8	15	17.1	1	50	130	25	4	outrut	ft
WR	wepp-12540	"05:50 pm  Wednesday June 6, 2012"	"MINERAL CA"	30	sand	native	385.8	13	19.4	1	50	130	25	5	outrut	ft
WR	wepp-12560	"05:51 pm  Wednesday June 6, 2012"	"MINERAL CA"	30	sand	native	106.6	26	16.4	1	50	130	25	20	outrut	ft
WR	wepp-12581	"05:52 pm  Wednesday June 6, 2012"	"MINERAL CA"	30	sand	native	290	7	25.3	1	50	130	25	11	outrut	ft
WR	wepp-12602	"05:53 pm  Wednesday June 6, 2012"	"MINERAL CA"	30	sand	native	158.1	7	15.4	1	50	130	25	4	outrut	ft
WR	wepp-12649	"05:54 pm  Wednesday June 6, 2012"	"MINERAL CA"	30	sand	native	127	12	18	1	50	130	25	6	outrut	ft
WR	wepp-12670	"05:55 pm  Wednesday June 6, 2012"	"MINERAL CA"	30	sand	native	221.8	3	21.7	1	50	130	25	51	outrut	ft
WR	wepp-12691	"05:56 pm  Wednesday June 6, 2012"	"MINERAL CA"	30	sand	native	186.4	15	20.7	1	50	130	25	51	outrut	ft
WR	wepp-12713	"05:56 pm  Wednesday June 6, 2012"	"MINERAL CA"	30	sand	native	242.5	15	22.3	1	50	130	25	62	outrut	ft
WR	wepp-12738	"05:57 pm  Wednesday June 6, 2012"	"MINERAL CA"	30	sand	native	307.4	3	27.9	1	50	130	25	13	outrut	ft
