WE	wepp-164575	"11:50 am  Wednesday September 21, 2016"	"MOUNT SHASTA CA"	sand	20	forest	0	50	30	300	m			ft
WE	wepp-164859	"11:50 am  Wednesday September 21, 2016"	"MOUNT SHASTA CA"	clay	20	forest	0	50	30	300	l			ft
WE	wepp-165352	"11:52 am  Wednesday September 21, 2016"	"MOUNT SHASTA CA"	clay	20	forest	0	50	30	300	l			ft
WE	wepp-166690	"11:57 am  Wednesday September 21, 2016"	"MOUNT SHASTA CA"	sand	20	forest	0	50	30	300	l			ft
WE	wepp-167358	"12:00 pm  Wednesday September 21, 2016"	"MOUNT SHASTA CA"	clay	20	forest	0	50	30	300	m			ft
WE	wepp-168397	"12:01 pm  Wednesday September 21, 2016"	"MOUNT SHASTA CA"	clay	20	forest	0	50	30	300	m			ft
WE	wepp-168647	"12:01 pm  Wednesday September 21, 2016"	"MOUNT SHASTA CA"	clay	20	forest	0	50	30	300	m			ft
WE	wepp-169598	"12:03 pm  Wednesday September 21, 2016"	"MOUNT SHASTA CA"	sand	20	forest	0	50	30	300	m			ft
WE	wepp-171216	"12:04 pm  Wednesday September 21, 2016"	"MOUNT SHASTA CA"	sand	20	forest	0	50	30	300	m			ft
WE	wepp-171583	"12:04 pm  Wednesday September 21, 2016"	"BIRMINGHAM WB AP AL"	sand	20	forest	0	50	30	300	l			ft
WE	wepp-188505	"12:31 pm  Wednesday September 21, 2016"	"MOUNT SHASTA CA"	clay	20	forest	0	50	30	300	m			ft
WE	wepp-11914	"12:46 pm  Thursday September 22, 2016"	"DENVER WB AP CO"	clay	20	forest	0	50	30	300	l			ft
WE	wepp-12077	"12:46 pm  Thursday September 22, 2016"	"DENVER WB AP CO"	clay	20	forest	0	50	30	300	l			ft
WE	wepp-12226	"12:47 pm  Thursday September 22, 2016"	"DENVER WB AP CO"	clay	20	forest	0	50	30	300	l			ft
WE	wepp-12378	"12:48 pm  Thursday September 22, 2016"	"DENVER WB AP CO"	silt	20	forest	0	50	30	300	l			ft
WE	wepp-12787	"12:50 pm  Thursday September 22, 2016"	"DENVER WB AP CO"	sand	20	forest	0	50	30	300	l			ft
WE	wepp-13229	"12:54 pm  Thursday September 22, 2016"	"DENVER WB AP CO"	clay	20	forest	0	50	30	300	l			ft
WE	wepp-13558	"12:58 pm  Thursday September 22, 2016"	"DENVER WB AP CO"	clay	20	forest	0	50	30	300	l			ft
WE	wepp-14005	"01:00 pm  Thursday September 22, 2016"	"DENVER WB AP CO"	clay	20	forest	0	50	30	300	m			ft
WE	wepp-14403	"01:01 pm  Thursday September 22, 2016"	"DENVER WB AP CO"	clay	20	forest	0	50	30	300	h			ft
WE	wepp-14584	"01:01 pm  Thursday September 22, 2016"	"DENVER WB AP CO"	clay	20	forest	0	50	30	300	h			ft
WE	wepp-14972	"01:03 pm  Thursday September 22, 2016"	"DENVER WB AP CO"	clay	20	forest	0	50	30	300	u			ft
WE	wepp-47826	"07:24 pm  Thursday September 22, 2016"	"DENVER WB AP CO"	clay	20	forest	0	50	30	300	h			ft
WE	wepp-48053	"07:27 pm  Thursday September 22, 2016"	"DENVER WB AP CO"	clay	20	forest	0	50	30	300	m			ft
WE	wepp-48256	"07:28 pm  Thursday September 22, 2016"	"DENVER WB AP CO"	clay	20	forest	0	50	30	300	l			ft
WE	wepp-48407	"07:29 pm  Thursday September 22, 2016"	"DENVER WB AP CO"	clay	20	forest	0	50	30	300	u			ft
WE	wepp-48497	"07:37 pm  Thursday September 22, 2016"	"DENVER WB AP CO"	clay	20	forest	0	50	30	300	h			ft
WE	wepp-59271	"07:53 am  Friday September 23, 2016"	"DENVER WB AP CO"	clay	20	forest	0	50	30	300	h			ft
WE	wepp-59733	"07:57 am  Friday September 23, 2016"	"DENVER WB AP CO"	clay	20	forest	0	50	30	300	u			ft
WE	wepp-63699	"07:59 am  Friday September 23, 2016"	"DENVER WB AP CO"	clay	20	forest	0	50	30	300	m			ft
WE	wepp-63903	"08:00 am  Friday September 23, 2016"	"DENVER WB AP CO"	clay	20	forest	0	50	30	300	l			ft
WE	wepp-64066	"08:03 am  Friday September 23, 2016"	"DENVER WB AP CO"	clay	20	forest	0	50	30	300	h			ft
WE	wepp-214430	"09:53 am  Monday September 26, 2016"	"DENVER WB AP CO"	clay	20	forest	0	50	30	300	h			ft
WE	wepp-219362	"10:25 am  Monday September 26, 2016"	"DENVER WB AP CO"	clay	20	forest	0	50	30	300	l			ft
WE	wepp-219481	"10:27 am  Monday September 26, 2016"	"DENVER WB AP CO"	clay	20	forest	0	50	30	300	h			ft
WE	wepp-183764	"02:08 pm  Tuesday February 14, 2017"	"CHARLESTON KAN AP WV"	clay	20	forest	0	50	30	300	l			ft
WE	wepp-183807	"02:08 pm  Tuesday February 14, 2017"	"CHARLESTON KAN AP WV"	clay	20	forest	0	50	30	300	l			ft
WE	wepp-184347	"03:16 pm  Tuesday February 14, 2017"	"DENVER WB AP CO"	clay	20	forest	0	50	30	300	l			ft
WE	wepp-32478	"07:53 am  Friday February 17, 2017"	"DENVER WB AP CO"	clay	20	forest	0	50	30	300	h			ft
WE	wepp-32761	"07:54 am  Friday February 17, 2017"	"DENVER WB AP CO"	clay	20	forest	0	50	30	300	u			ft
WE	wepp-48298	"11:08 am  Friday February 17, 2017"	"BIRMINGHAM WB AP AL"	clay	20	forest	0	50	30	300	l			ft
WR	wepp-113428	"02:55 pm  Thursday July 20, 2017"	"ESTES PARK 1N CO"	30	sand	native	200	4	13	15	50	130	25	20	inveg	ft
WR	wepp-113465	"02:57 pm  Thursday July 20, 2017"	"ESTES PARK 1N CO"	30	sand	native	200	4	13	15	50	130	25	20	outrut	ft
WR	wepp-113503	"02:59 pm  Thursday July 20, 2017"	"ESTES PARK 1N CO"	30	sand	native	200	4	13	15	50	50	25	20	outrut	ft
