WR	wepp-7967	"01:39 pm  Thursday May 1, 2014"	"SAN LUIS OBISPO POL CA"	30	clay	native	1000	5	14	6	45	25	50	20	outrut	ft
WR	wepp-8933	"01:40 pm  Thursday May 1, 2014"	"SAN LUIS OBISPO POL CA"	30	clay	native	1000	5	14	6	45	25	50	20	outrut	ft
WD	wepp-11487	"01:48 pm  Thursday May 1, 2014"	"SAN LUIS OBISPO POL CA"	10	clay	Bunchgrass	157.5	70	70	85	5	Bunchgrass	67.5	30	30	85	5	0	ft	""
WD	wepp-13018	"01:52 pm  Thursday May 1, 2014"	"SAN LUIS OBISPO POL CA"	10	clay	HighFire	157.5	70	70	45	5	HighFire	67.5	30	30	45	5	0	ft	""
WD	wepp-13568	"01:56 pm  Thursday May 1, 2014"	"SAN LUIS OBISPO POL CA"	10	clay	Bunchgrass	281.25	70	70	85	5	Bunchgrass	93.75	30	30	85	5	0	ft	""
WD	wepp-13644	"01:56 pm  Thursday May 1, 2014"	"SAN LUIS OBISPO POL CA"	10	clay	HighFire	281.25	70	70	45	5	HighFire	93.75	30	30	45	5	0	ft	""
WR	wepp-31481	"04:31 pm  Thursday May 1, 2014"	"SAN LUIS OBISPO POL CA"	30	clay	native	1000	5	14	6	45	25	50	20	outrut	ft
WR	wepp-31819	"04:33 pm  Thursday May 1, 2014"	"SAN LUIS OBISPO POL CA"	30	clay	native	1000	5	14	6	45	25	50	20	outrut	ft
WD	wepp-3269	"04:40 pm  Thursday May 1, 2014"	"SAN LUIS OBISPO POL CA"	10	clay	Bunchgrass	157.5	70	70	85	5	Bunchgrass	67.5	30	30	85	5	0	ft	""
WD	wepp-3949	"04:44 pm  Thursday May 1, 2014"	"SAN LUIS OBISPO POL CA"	10	clay	HighFire	157.5	70	70	85	5	HighFire	67.5	30	30	85	5	0	ft	""
WD	wepp-4390	"04:45 pm  Thursday May 1, 2014"	"SAN LUIS OBISPO POL CA"	10	clay	HighFire	157.5	70	70	45	5	HighFire	67.5	30	30	45	5	0	ft	""
WR	wepp-192037	"12:26 pm  Wednesday October 28, 2015"	"SAN LUIS OBISPO POL CA"	30	clay	graveled	150	10	16	4	15	75	30	20	outunrut	ft
WR	wepp-17940	"10:26 am  Wednesday November 8, 2017"	"SAN LUIS OBISPO POL CA"	30	sand	native	225	2	10	6	50	10.5	96	20	inbare	ft
WR	wepp-17976	"10:27 am  Wednesday November 8, 2017"	"SAN LUIS OBISPO POL CA"	30	sand	native	225	2	10	6	50	10.5	96	20	outrut	ft
WR	wepp-18013	"10:28 am  Wednesday November 8, 2017"	"SAN LUIS OBISPO POL CA"	30	sand	graveled	225	2	10	6	50	10.5	96	20	outrut	ft
WR	wepp-18072	"10:29 am  Wednesday November 8, 2017"	"SAN LUIS OBISPO POL CA"	30	sand	native	225	2	10	6	50	10.5	96	20	outrut	ft
WR	wepp-18110	"10:30 am  Wednesday November 8, 2017"	"SAN LUIS OBISPO POL CA"	30	clay	graveled	22.5	24	11.2	7.2	1	10.5	96	20	inveg	ft
WR	wepp-18145	"10:30 am  Wednesday November 8, 2017"	"SAN LUIS OBISPO POL CA"	30	sand	native	22.5	24	11.2	7.2	1	10.5	96	20	outrut	ft
WR	wepp-18153	"10:31 am  Wednesday November 8, 2017"	"SAN LUIS OBISPO POL CA"	30	sand	native	22.5	3	12.1	5.2	2	10.5	96	20	outrut	ft
WR	wepp-18189	"10:31 am  Wednesday November 8, 2017"	"SAN LUIS OBISPO POL CA"	30	clay	graveled	22.5	3	12.1	5.2	2	10.5	96	20	inveg	ft
WR	wepp-18222	"10:32 am  Wednesday November 8, 2017"	"SAN LUIS OBISPO POL CA"	30	sand	native	345	0.3	12.9	11.3	4	17.6	56	20	outrut	ft
WR	wepp-18306	"10:33 am  Wednesday November 8, 2017"	"SAN LUIS OBISPO POL CA"	30	clay	graveled	345	0.3	12.9	11.3	4	17.6	56	20	inbare	ft
WR	wepp-18342	"10:33 am  Wednesday November 8, 2017"	"SAN LUIS OBISPO POL CA"	30	sand	native	345	0.3	12.9	11.3	4	17.6	56	20	inbare	ft
WR	wepp-18422	"10:36 am  Wednesday November 8, 2017"	"SAN LUIS OBISPO POL CA"	30	sand	graveled	260	0.3	12.2	9	3	14.7	62	20	inbare	ft
WR	wepp-18457	"10:36 am  Wednesday November 8, 2017"	"SAN LUIS OBISPO POL CA"	30	sand	native	260	0.3	12.2	9	3	14.7	62	20	outrut	ft
WR	wepp-18466	"10:37 am  Wednesday November 8, 2017"	"SAN LUIS OBISPO POL CA"	30	sand	graveled	260	0.3	12.2	9	3	14.7	62	20	outrut	ft
WR	wepp-18507	"10:38 am  Wednesday November 8, 2017"	"SAN LUIS OBISPO POL CA"	30	sand	native	120	5	17	8.6	1	15.4	58	20	outrut	ft
WR	wepp-18542	"10:38 am  Wednesday November 8, 2017"	"SAN LUIS OBISPO POL CA"	30	sand	graveled	120	5	17	8.6	1	15.4	58	20	outrut	ft
WR	wepp-18582	"10:39 am  Wednesday November 8, 2017"	"SAN LUIS OBISPO POL CA"	30	sand	graveled	22.5	3	12.1	5.2	2	10.5	96	20	outrut	ft
WR	wepp-18626	"10:40 am  Wednesday November 8, 2017"	"SAN LUIS OBISPO POL CA"	30	sand	graveled	22.5	24	11.2	7.2	1	10.5	96	20	outrut	ft
WR	wepp-18664	"10:40 am  Wednesday November 8, 2017"	"SAN LUIS OBISPO POL CA"	30	sand	native	22.5	24	11.2	7.2	1	10.5	96	20	outrut	ft
