WD	wepp-21942	"11:50 am  Thursday March 31, 2011"	"GRAND LAKE CO +"	3	sand	tree20	1200	30	20	100	20	tree20	770	30	20	100	20	0	ft	""
WD	wepp-21947	"11:50 am  Thursday March 31, 2011"	"GRAND LAKE CO +"	3	sand	tree20	1200	30	20	100	20	tree20	770	30	20	100	20	0	ft	""
WD	wepp-22002	"11:53 am  Thursday March 31, 2011"	"GRAND LAKE CO +"	3	sand	tree20	1200	20	20	100	20	tree20	770	20	20	100	20	0	ft	""
WD	wepp-22035	"11:54 am  Thursday March 31, 2011"	"GRAND LAKE CO +"	3	sand	short	1200	30	20	40	20	short	770	30	20	40	20	0	ft	""
WD	wepp-22040	"11:55 am  Thursday March 31, 2011"	"GRAND LAKE CO +"	3	sand	skid	1200	30	20	10	20	short	770	30	20	40	20	0	ft	""
WD	wepp-22045	"11:55 am  Thursday March 31, 2011"	"GRAND LAKE CO +"	3	sand	skid	1200	30	20	10	20	short	770	30	20	40	20	0	ft	""
WD	wepp-22050	"11:55 am  Thursday March 31, 2011"	"GRAND LAKE CO +"	3	sand	skid	1200	20	20	10	20	short	770	20	20	40	20	0	ft	""
WD	wepp-22055	"11:55 am  Thursday March 31, 2011"	"GRAND LAKE CO +"	3	sand	skid	1200	30	20	10	20	short	770	30	20	40	20	0	ft	""
WD	wepp-22060	"11:55 am  Thursday March 31, 2011"	"GRAND LAKE CO +"	3	sand	short	1200	30	20	40	20	short	770	30	20	40	20	0	ft	""
WD	wepp-22127	"12:00 pm  Thursday March 31, 2011"	"GRAND LAKE CO +"	3	sand	tall	1200	30	20	60	20	short	770	30	20	40	20	0	ft	""
WD	wepp-22132	"12:00 pm  Thursday March 31, 2011"	"GRAND LAKE CO +"	3	sand	tall	1200	30	20	60	20	tall	770	30	20	60	20	0	ft	""
WD	wepp-22137	"12:00 pm  Thursday March 31, 2011"	"GRAND LAKE CO +"	3	sand	shrub	1200	30	20	80	20	tall	770	30	20	60	20	0	ft	""
WD	wepp-22142	"12:00 pm  Thursday March 31, 2011"	"GRAND LAKE CO +"	3	sand	tall	1200	30	20	60	20	shrub	770	30	20	80	20	0	ft	""
WD	wepp-22147	"12:01 pm  Thursday March 31, 2011"	"GRAND LAKE CO +"	3	sand	tall	1200	30	20	60	20	tall	770	30	20	60	20	0	ft	""
WD	wepp-22152	"12:01 pm  Thursday March 31, 2011"	"GRAND LAKE CO +"	3	sand	shrub	1200	30	20	80	20	shrub	770	30	20	80	20	0	ft	""
WD	wepp-22157	"12:01 pm  Thursday March 31, 2011"	"GRAND LAKE CO +"	3	sand	tall	1200	30	20	60	20	tall	770	30	20	60	20	0	ft	""
WD	wepp-22169	"12:02 pm  Thursday March 31, 2011"	"GRAND LAKE CO +"	3	sand	shrub	1200	30	20	80	20	short	770	30	20	40	20	0	ft	""
WD	wepp-22174	"12:02 pm  Thursday March 31, 2011"	"GRAND LAKE CO +"	3	sand	short	1200	30	20	40	20	shrub	770	30	20	80	20	0	ft	""
WD	wepp-22179	"12:02 pm  Thursday March 31, 2011"	"GRAND LAKE CO +"	3	sand	shrub	1200	30	20	80	20	short	770	30	20	40	20	0	ft	""
WD	wepp-22285	"12:13 pm  Thursday March 31, 2011"	"GRAND LAKE CO +"	3	sand	short	1200	30	20	30	20	short	770	30	20	30	20	0	ft	""
WD	wepp-22356	"12:20 pm  Thursday March 31, 2011"	"GRAND LAKE CO +"	3	sand	skid	1200	30	20	10	20	skid	770	30	20	10	20	0	ft	""
WD	wepp-22361	"12:20 pm  Thursday March 31, 2011"	"GRAND LAKE CO +"	3	sand	skid	1200	30	20	20	20	skid	770	30	20	20	20	0	ft	""
WD	wepp-22366	"12:20 pm  Thursday March 31, 2011"	"GRAND LAKE CO +"	3	sand	short	1200	30	20	30	20	skid	770	30	20	20	20	0	ft	""
WD	wepp-22372	"12:20 pm  Thursday March 31, 2011"	"GRAND LAKE CO +"	3	sand	tree20	1200	30	20	100	20	skid	770	30	20	20	20	0	ft	""
WD	wepp-22382	"12:21 pm  Thursday March 31, 2011"	"GRAND LAKE CO +"	3	sand	short	1200	30	20	10	20	short	770	30	20	10	20	0	ft	""
WD	wepp-22389	"12:21 pm  Thursday March 31, 2011"	"GRAND LAKE CO +"	3	sand	short	1200	30	20	15	20	short	770	30	20	15	20	0	ft	""
WD	wepp-22394	"12:21 pm  Thursday March 31, 2011"	"GRAND LAKE CO +"	3	sand	short	1200	30	20	15	20	short	770	30	20	15	20	0	ft	""
WD	wepp-22581	"12:34 pm  Thursday March 31, 2011"	"GRAND LAKE CO +"	3	sand	short	1200	30	20	15	20	short	770	30	20	15	20	0	ft	""
