WE	wepp-211280	"01:13 pm  Wednesday August 31, 2016"	"DENVER WB AP CO"	clay	20	forest	0	50	30	300	l			ft
WE	wepp-211431	"01:17 pm  Wednesday August 31, 2016"	"DENVER WB AP CO"	silt	20	forest	0	50	30	300	l			ft
WE	wepp-211577	"01:20 pm  Wednesday August 31, 2016"	"DENVER WB AP CO"	sand	20	forest	0	50	30	300	l			ft
WE	wepp-211723	"01:21 pm  Wednesday August 31, 2016"	"DENVER WB AP CO"	loam	20	forest	0	50	30	300	l			ft
WE	wepp-211868	"01:25 pm  Wednesday August 31, 2016"	"DENVER WB AP CO"	loam	20	forest	0	25	30	300	l			ft
WE	wepp-212016	"01:25 pm  Wednesday August 31, 2016"	"DENVER WB AP CO"	loam	20	forest	0	30	30	300	l			ft
WE	wepp-212179	"01:27 pm  Wednesday August 31, 2016"	"DENVER WB AP CO"	loam	20	forest	0	80	30	300	l			ft
WE	wepp-212324	"01:28 pm  Wednesday August 31, 2016"	"DENVER WB AP CO"	loam	20	forest	0	50	30	300	l			ft
WE	wepp-212469	"01:28 pm  Wednesday August 31, 2016"	"DENVER WB AP CO"	clay	20	forest	0	50	30	300	l			ft
WE	wepp-212613	"01:28 pm  Wednesday August 31, 2016"	"DENVER WB AP CO"	clay	20	forest	0	30	30	300	l			ft
WE	wepp-212757	"01:29 pm  Wednesday August 31, 2016"	"DENVER WB AP CO"	clay	20	forest	0	70	30	300	l			ft
WE	wepp-212904	"01:32 pm  Wednesday August 31, 2016"	"DENVER WB AP CO"	clay	20	forest	0	30	30	300	l			ft
WE	wepp-213050	"01:33 pm  Wednesday August 31, 2016"	"DENVER WB AP CO"	clay	20	forest	0	50	30	300	l			ft
WE	wepp-213196	"01:35 pm  Wednesday August 31, 2016"	"DENVER WB AP CO"	silt	20	forest	0	50	30	300	l			ft
WE	wepp-213565	"01:36 pm  Wednesday August 31, 2016"	"DENVER WB AP CO"	sand	20	forest	0	50	30	300	l			ft
WE	wepp-213709	"01:38 pm  Wednesday August 31, 2016"	"DENVER WB AP CO"	loam	20	forest	0	50	30	300	l			ft
WE	wepp-213894	"01:40 pm  Wednesday August 31, 2016"	"DENVER WB AP CO"	clay	20	forest	0	50	30	300	l			ft
WE	wepp-214039	"01:42 pm  Wednesday August 31, 2016"	"DENVER WB AP CO"	clay	20	forest	0	50	30	300	m			ft
WE	wepp-214225	"01:43 pm  Wednesday August 31, 2016"	"DENVER WB AP CO"	clay	20	forest	0	50	30	300	h			ft
WE	wepp-214495	"01:46 pm  Wednesday August 31, 2016"	"DENVER WB AP CO"	clay	20	forest	0	50	30	300	m			ft
WE	wepp-214685	"01:48 pm  Wednesday August 31, 2016"	"MOUNT SHASTA CA"	clay	20	forest	0	50	30	300	m			ft
WE	wepp-214876	"01:49 pm  Wednesday August 31, 2016"	"FLAGSTAFF WB AP AZ"	clay	20	forest	0	50	30	300	m			ft
WE	wepp-215062	"01:49 pm  Wednesday August 31, 2016"	"CHARLESTON KAN AP WV"	clay	20	forest	0	50	30	300	m			ft
