WR	wepp-23728	"10:44 am  Friday November 30, 2012"	"SAINT MARIES ID +"	30	clay	native	200	4	13	15	50	130	25	20	inveg	ft
WR	wepp-24072	"10:47 am  Friday November 30, 2012"	"SAINT MARIES ID +"	30	clay	native	200	4	13	15	50	130	25	20	inveg	ft
WR	wepp-24487	"10:54 am  Friday November 30, 2012"	"SAINT MARIES ID +"	30	silt	native	200	4	13	15	50	1	25	20	inveg	ft
WR	wepp-24681	"10:58 am  Friday November 30, 2012"	"SAINT MARIES ID +"	30	silt	native	200	4	13	15	50	1	25	20	inbare	ft
WR	wepp-24797	"11:00 am  Friday November 30, 2012"	"SAINT MARIES ID +"	30	silt	paved	200	4	13	15	50	1	25	20	inbare	ft
WR	wepp-24839	"11:00 am  Friday November 30, 2012"	"SAINT MARIES ID +"	30	silt	paved	200	4	13	15	50	5	25	20	inbare	ft
WR	wepp-24881	"11:01 am  Friday November 30, 2012"	"SAINT MARIES ID +"	30	silt	paved	200	4	13	15	50	100	25	20	inbare	ft
WR	wepp-24929	"11:01 am  Friday November 30, 2012"	"SAINT MARIES ID +"	30	silt	paved	200	4	13	15	50	200	25	20	inbare	ft
WR	wepp-24937	"11:01 am  Friday November 30, 2012"	"SAINT MARIES ID +"	30	silt	paved	200	4	13	15	50	300	25	20	inbare	ft
WR	wepp-24961	"11:02 am  Friday November 30, 2012"	"SAINT MARIES ID +"	30	silt	paved	200	4	13	15	50	250	25	20	inbare	ft
WR	wepp-24988	"11:02 am  Friday November 30, 2012"	"SAINT MARIES ID +"	30	silt	paved	200	4	13	15	50	275	25	20	inbare	ft
WR	wepp-25008	"11:02 am  Friday November 30, 2012"	"SAINT MARIES ID +"	30	silt	paved	200	4	13	15	50	290	25	20	inbare	ft
WR	wepp-25048	"11:02 am  Friday November 30, 2012"	"SAINT MARIES ID +"	30	silt	paved	200	4	13	15	50	280	25	20	inbare	ft
WR	wepp-25075	"11:02 am  Friday November 30, 2012"	"SAINT MARIES ID +"	30	silt	paved	200	4	13	15	50	285	25	20	inbare	ft
WR	wepp-25129	"11:03 am  Friday November 30, 2012"	"SAINT MARIES ID +"	30	silt	graveled	200	4	13	15	50	1	25	20	outunrut	ft
WR	wepp-25190	"11:05 am  Friday November 30, 2012"	"SAINT MARIES ID +"	30	silt	graveled	200	4	13	15	50	1	25	20	outunrut	ft
WR	wepp-25209	"11:05 am  Friday November 30, 2012"	"SAINT MARIES ID +"	30	silt	graveled	200	4	13	15	50	1	25	20	outunrut	ft
WR	wepp-25255	"11:06 am  Friday November 30, 2012"	"SAINT MARIES ID +"	30	silt	graveled	200	4	13	15	50	1	25	20	outunrut	ft
WD	wepp-25531	"11:09 am  Friday November 30, 2012"	"SAINT MARIES ID +"	20	silt	OldForest	400	0	30	100	20	OldForest	75	30	5	100	20	0	ft	""
WD	wepp-25718	"11:11 am  Friday November 30, 2012"	"SAINT MARIES ID +"	20	silt	Bunchgrass	400	0	30	60	20	OldForest	75	30	5	100	20	0	ft	""
WD	wepp-25878	"11:12 am  Friday November 30, 2012"	"SAINT MARIES ID +"	20	silt	YoungForest	400	0	30	100	20	YoungForest	75	30	5	100	20	0	ft	""
WD	wepp-25948	"11:12 am  Friday November 30, 2012"	"SAINT MARIES ID +"	20	silt	OldForest	400	0	30	100	20	OldForest	75	30	5	100	20	0	ft	""
WD	wepp-25955	"11:13 am  Friday November 30, 2012"	"SAINT MARIES ID +"	20	silt	Bunchgrass	400	0	30	60	20	OldForest	75	30	5	100	20	0	ft	""
WD	wepp-25995	"11:14 am  Friday November 30, 2012"	"SAINT MARIES ID +"	20	silt	Bunchgrass	400	0	30	60	20	OldForest	30	30	5	100	20	0	ft	""
WD	wepp-26037	"11:14 am  Friday November 30, 2012"	"SAINT MARIES ID +"	20	silt	HighFire	400	0	30	45	20	LowFire	30	30	5	85	20	0	ft	""
WD	wepp-26124	"11:15 am  Friday November 30, 2012"	"SAINT MARIES ID +"	20	silt	HighFire	400	0	30	45	20	LowFire	500	30	5	85	20	0	ft	""
WD	wepp-26155	"11:16 am  Friday November 30, 2012"	"SAINT MARIES ID +"	20	silt	HighFire	400	0	30	45	20	LowFire	150	30	5	85	20	0	ft	""
WD	wepp-26163	"11:17 am  Friday November 30, 2012"	"SAINT MARIES ID +"	20	silt	HighFire	400	0	30	45	20	LowFire	30	30	5	85	20	0	ft	""
WD	wepp-26188	"11:18 am  Friday November 30, 2012"	"SAINT MARIES ID +"	20	silt	HighFire	400	0	30	45	20	LowFire	30	30	5	85	20	0	ft	""
WD	wepp-26208	"11:18 am  Friday November 30, 2012"	"SAINT MARIES ID +"	10	silt	HighFire	400	0	30	45	20	LowFire	30	30	5	85	20	0	ft	""
WD	wepp-26228	"11:18 am  Friday November 30, 2012"	"SAINT MARIES ID +"	10	silt	HighFire	400	0	30	45	20	LowFire	1000	30	5	85	20	0	ft	""
WD	wepp-26248	"11:19 am  Friday November 30, 2012"	"SAINT MARIES ID +"	20	silt	HighFire	400	0	30	45	20	LowFire	1000	30	5	85	20	0	ft	""
WD	wepp-26480	"11:26 am  Friday November 30, 2012"	"Mica Creek ID +"	20	silt	OldForest	400	0	30	100	20	OldForest	75	30	5	100	20	0	ft	""
WR	wepp-26535	"11:27 am  Friday November 30, 2012"	"Mica Creek ID +"	30	silt	native	200	4	13	15	50	1	25	20	inveg	ft
WR	wepp-26603	"11:29 am  Friday November 30, 2012"	"Mica Creek ID +"	30	silt	native	200	4	13	15	50	1	25	20	inbare	ft
WR	wepp-26627	"11:30 am  Friday November 30, 2012"	"Mica Creek ID +"	30	silt	native	200	4	13	15	50	1	25	20	inveg	ft
WR	wepp-26724	"11:30 am  Friday November 30, 2012"	"Mica Creek ID +"	30	silt	paved	200	4	13	15	50	1	25	20	inbare	ft
WR	wepp-26753	"11:31 am  Friday November 30, 2012"	"Mica Creek ID +"	30	silt	paved	200	4	13	15	50	100	25	20	inbare	ft
WR	wepp-26776	"11:32 am  Friday November 30, 2012"	"Mica Creek ID +"	30	clay	native	200	4	13	15	50	130	25	20	inveg	ft
WR	wepp-26823	"11:32 am  Friday November 30, 2012"	"Mica Creek ID +"	30	silt	paved	200	4	13	15	50	75	25	20	inbare	ft
WR	wepp-26843	"11:33 am  Friday November 30, 2012"	"Mica Creek ID +"	30	silt	paved	200	4	13	15	50	50	25	20	inbare	ft
WR	wepp-26864	"11:33 am  Friday November 30, 2012"	"Mica Creek ID +"	30	silt	paved	200	4	13	15	50	25	25	20	inbare	ft
WR	wepp-26907	"11:34 am  Friday November 30, 2012"	"Mica Creek ID +"	30	silt	paved	200	4	13	15	50	30	25	20	inbare	ft
WR	wepp-26927	"11:34 am  Friday November 30, 2012"	"Mica Creek ID +"	30	silt	paved	200	4	13	15	50	35	25	20	inbare	ft
WR	wepp-26947	"11:34 am  Friday November 30, 2012"	"Mica Creek ID +"	30	silt	paved	200	4	13	15	50	40	25	20	inbare	ft
WR	wepp-26967	"11:34 am  Friday November 30, 2012"	"Mica Creek ID +"	30	silt	paved	200	4	13	15	50	45	25	20	inbare	ft
WR	wepp-26987	"11:35 am  Friday November 30, 2012"	"Mica Creek ID +"	30	silt	graveled	200	4	13	15	50	1	25	20	outunrut	ft
WR	wepp-27112	"11:37 am  Friday November 30, 2012"	"lower elev +"	30	silt	graveled	200	4	13	15	50	1	25	20	outunrut	ft
WD	wepp-27138	"11:38 am  Friday November 30, 2012"	"Mica Creek ID +"	20	silt	OldForest	400	0	30	100	20	OldForest	75	30	5	100	20	0	ft	""
WD	wepp-27161	"11:38 am  Friday November 30, 2012"	"Mica Creek ID +"	20	silt	Bunchgrass	400	0	30	60	20	OldForest	75	30	5	100	20	0	ft	""
WD	wepp-27210	"11:39 am  Friday November 30, 2012"	"Mica Creek ID +"	20	silt	Bunchgrass	400	0	30	60	20	OldForest	30	30	5	100	20	0	ft	""
WD	wepp-27233	"11:39 am  Friday November 30, 2012"	"Mica Creek ID +"	20	silt	HighFire	400	0	30	45	20	LowFire	30	30	5	85	20	0	ft	""
WD	wepp-27285	"11:40 am  Friday November 30, 2012"	"Mica Creek ID +"	20	silt	HighFire	400	0	30	45	20	LowFire	60	30	5	85	20	0	ft	""
WD	wepp-27305	"11:40 am  Friday November 30, 2012"	"Mica Creek ID +"	20	silt	HighFire	400	0	30	45	20	LowFire	100	30	5	85	20	0	ft	""
WD	wepp-27326	"11:40 am  Friday November 30, 2012"	"Mica Creek ID +"	20	silt	HighFire	400	0	30	45	20	LowFire	150	30	5	85	20	0	ft	""
WD	wepp-27380	"11:40 am  Friday November 30, 2012"	"Mica Creek ID +"	20	silt	HighFire	50	0	30	45	20	LowFire	200	30	5	85	20	0	ft	""
WD	wepp-27401	"11:41 am  Friday November 30, 2012"	"Mica Creek ID +"	20	silt	HighFire	400	0	30	45	20	LowFire	200	30	5	85	20	0	ft	""
WD	wepp-27423	"11:41 am  Friday November 30, 2012"	"Mica Creek ID +"	20	silt	HighFire	400	0	30	45	20	LowFire	300	30	5	85	20	0	ft	""
WD	wepp-27443	"11:41 am  Friday November 30, 2012"	"Mica Creek ID +"	20	silt	HighFire	400	0	30	45	20	LowFire	400	30	5	85	20	0	ft	""
WD	wepp-27466	"11:41 am  Friday November 30, 2012"	"Mica Creek ID +"	20	silt	HighFire	400	0	30	45	20	LowFire	400	30	5	85	20	0	ft	""
WD	wepp-27487	"11:42 am  Friday November 30, 2012"	"Mica Creek ID +"	20	silt	HighFire	400	0	30	45	20	LowFire	300	30	5	85	20	0	ft	""
WD	wepp-27508	"11:42 am  Friday November 30, 2012"	"Mica Creek ID +"	20	silt	HighFire	400	0	30	45	20	LowFire	30	30	5	85	20	0	ft	""
WD	wepp-27531	"11:42 am  Friday November 30, 2012"	"Mica Creek ID +"	20	silt	HighFire	400	0	30	45	20	LowFire	1.5	30	5	85	20	0	ft	""
WD	wepp-27551	"11:42 am  Friday November 30, 2012"	"Mica Creek ID +"	20	silt	HighFire	400	0	30	45	20	LowFire	1.5	30	5	85	20	0	ft	""
WD	wepp-27573	"11:42 am  Friday November 30, 2012"	"Mica Creek ID +"	20	silt	HighFire	400	0	30	45	20	HighFire	30	30	5	45	20	0	ft	""
