WD	wepp-62179	"09:14 am  Monday December 2, 2019"	"ESTES PARK 1N CO"	100	sand	HighFire	100	20	20	5	20	HighFire	100	20	20	5	20	0	m	""
WD	wepp-62335	"09:18 am  Monday December 2, 2019"	"ESTES PARK 1N CO"	100	sand	HighFire	100	40	40	5	20	HighFire	100	40	40	5	20	0	m	""
WD	wepp-62461	"09:20 am  Monday December 2, 2019"	"ESTES PARK 1N CO"	100	sand	HighFire	100	60	60	5	20	HighFire	100	60	60	5	20	0	m	""
WD	wepp-62512	"09:21 am  Monday December 2, 2019"	"ESTES PARK 1N CO"	100	sand	HighFire	100	80	80	5	20	HighFire	100	80	80	5	20	0	m	""
WD	wepp-62571	"09:22 am  Monday December 2, 2019"	"ESTES PARK 1N CO"	100	clay	YoungForest	100	40	40	5	20	HighFire	100	40	40	5	20	0	m	""
WD	wepp-62664	"09:24 am  Monday December 2, 2019"	"ESTES PARK 1N CO"	100	sand	YoungForest	100	40	40	100	20	LowFire	100	40	40	50	20	0	ft	""
WD	wepp-62727	"09:25 am  Monday December 2, 2019"	"ESTES PARK 1N CO"	100	sand	LowFire	100	40	40	50	20	LowFire	100	40	40	50	20	0	m	""
WD	wepp-62806	"09:27 am  Monday December 2, 2019"	"ESTES PARK 1N CO"	100	sand	OldForest	100	40	40	100	20	OldForest	100	40	40	100	20	0	m	""
WD	wepp-62861	"09:28 am  Monday December 2, 2019"	"CHICO EXP STA CA"	100	sand	HighFire	100	20	20	5	20	HighFire	100	20	20	5	20	0	m	""
WD	wepp-62923	"09:29 am  Monday December 2, 2019"	"CHICO EXP STA CA"	100	sand	HighFire	100	40	40	5	20	HighFire	100	40	40	5	20	0	m	""
WD	wepp-62954	"09:29 am  Monday December 2, 2019"	"CHICO EXP STA CA"	100	sand	HighFire	100	40	40	5	20	HighFire	100	40	40	5	20	0	m	""
WD	wepp-63088	"09:31 am  Monday December 2, 2019"	"CHICO EXP STA CA"	100	sand	HighFire	100	60	60	5	20	HighFire	100	60	60	5	20	0	m	""
WD	wepp-63139	"09:32 am  Monday December 2, 2019"	"CHICO EXP STA CA"	100	sand	HighFire	100	80	80	5	20	HighFire	100	80	80	5	20	0	m	""
WD	wepp-63203	"09:33 am  Monday December 2, 2019"	"CHICO EXP STA CA"	100	clay	HighFire	100	40	40	5	20	HighFire	100	40	40	5	20	0	m	""
WD	wepp-63263	"09:35 am  Monday December 2, 2019"	"CHICO EXP STA CA"	100	clay	LowFire	100	40	40	50	20	LowFire	100	40	40	50	20	0	m	""
WD	wepp-63312	"09:36 am  Monday December 2, 2019"	"CHICO EXP STA CA"	100	clay	HighFire	100	40	40	5	20	HighFire	100	40	40	5	20	0	m	""
WD	wepp-63385	"09:37 am  Monday December 2, 2019"	"CHICO EXP STA CA"	100	sand	LowFire	100	40	40	50	20	LowFire	100	40	40	50	20	0	m	""
WD	wepp-63434	"09:38 am  Monday December 2, 2019"	"CHICO EXP STA CA"	100	sand	OldForest	100	40	40	100	20	OldForest	100	40	40	100	20	0	m	""
WD	wepp-125970	"09:43 am  Friday December 3, 2021"	"ESTES PARK 1N CO"	100	sand	HighFire	100	40	40	5	20	HighFire	100	40	40	5	20	0	ft	""
WD	wepp-126048	"09:49 am  Friday December 3, 2021"	"ESTES PARK 1N CO"	100	sand	HighFire	100	40	40	5	20	HighFire	100	40	40	5	20	0	ft	""
