WR	wepp-20264	"05:36 pm  Tuesday December 1, 2009"	"SAINT MARIES ID"	30	silt	native	200	4	13	15	50	130	25	20	inveg
WR	wepp-20370	"05:43 pm  Tuesday December 1, 2009"	"SAINT MARIES ID +"	30	clay	native	200	4	13	15	50	130	25	20	inveg
WR	wepp-20503	"05:53 pm  Tuesday December 1, 2009"	"SAINT MARIES ID +"	30	clay	native	200	4	13	15	50	130	25	20	inveg
WR	wepp-20531	"05:56 pm  Tuesday December 1, 2009"	"SAINT MARIES ID +"	30	clay	native	200	4	13	15	50	130	25	20	inveg
WR	wepp-20570	"05:57 pm  Tuesday December 1, 2009"	"SAINT MARIES ID +"	30	silt	native	200	4	13	15	50	1	25	20	inveg
WR	wepp-20584	"05:58 pm  Tuesday December 1, 2009"	"SAINT MARIES ID +"	30	clay	native	200	4	13	15	50	120	25	20	outrut
WR	wepp-20666	"06:02 pm  Tuesday December 1, 2009"	"SAINT MARIES ID +"	30	clay	native	200	4	13	15	50	130	25	20	inveg
WR	wepp-20795	"06:10 pm  Tuesday December 1, 2009"	"SAINT MARIES ID +"	30	silt	native	200	4	13	15	50	1	25	20	inveg
WR	wepp-20843	"06:13 pm  Tuesday December 1, 2009"	"SAINT MARIES ID +"	30	clay	native	200	4	13	15	50	1	25	20	inbare
WR	wepp-20862	"06:14 pm  Tuesday December 1, 2009"	"SAINT MARIES ID +"	30	clay	paved	200	4	13	15	50	1	25	20	inbare
WR	wepp-20872	"06:14 pm  Tuesday December 1, 2009"	"SAINT MARIES ID +"	30	clay	paved	200	4	13	15	50	130	25	20	inbare
WR	wepp-20912	"06:17 pm  Tuesday December 1, 2009"	"SAINT MARIES ID +"	30	clay	paved	200	4	13	15	50	25	25	20	inbare
WR	wepp-20919	"06:17 pm  Tuesday December 1, 2009"	"SAINT MARIES ID +"	30	clay	paved	200	4	13	15	50	50	25	20	inbare
WR	wepp-20949	"06:17 pm  Tuesday December 1, 2009"	"SAINT MARIES ID +"	30	clay	paved	200	4	13	15	50	75	25	20	inbare
WR	wepp-20954	"06:17 pm  Tuesday December 1, 2009"	"SAINT MARIES ID +"	30	clay	paved	200	4	13	15	50	89	25	20	inbare
WR	wepp-20959	"06:17 pm  Tuesday December 1, 2009"	"SAINT MARIES ID +"	30	clay	paved	200	4	13	15	50	88	25	20	inbare
WR	wepp-20964	"06:18 pm  Tuesday December 1, 2009"	"SAINT MARIES ID +"	30	clay	paved	200	4	13	15	50	85	25	20	inbare
WR	wepp-20969	"06:18 pm  Tuesday December 1, 2009"	"SAINT MARIES ID +"	30	clay	paved	200	4	13	15	50	80	25	20	inbare
WR	wepp-20974	"06:18 pm  Tuesday December 1, 2009"	"SAINT MARIES ID +"	30	clay	paved	200	4	13	15	50	81	25	20	inbare
WR	wepp-20979	"06:18 pm  Tuesday December 1, 2009"	"SAINT MARIES ID +"	30	clay	paved	200	4	13	15	50	83	25	20	inbare
WR	wepp-20984	"06:18 pm  Tuesday December 1, 2009"	"SAINT MARIES ID +"	30	clay	paved	200	4	13	15	50	85	25	20	inbare
WR	wepp-20989	"06:18 pm  Tuesday December 1, 2009"	"SAINT MARIES ID +"	30	clay	paved	200	4	13	15	50	80	25	20	inbare
WR	wepp-20994	"06:18 pm  Tuesday December 1, 2009"	"SAINT MARIES ID +"	30	clay	paved	200	4	13	15	50	82	25	20	inbare
WR	wepp-20999	"06:19 pm  Tuesday December 1, 2009"	"SAINT MARIES ID +"	30	clay	paved	200	4	13	15	50	81	25	20	inbare
WR	wepp-21004	"06:19 pm  Tuesday December 1, 2009"	"SAINT MARIES ID +"	30	clay	graveled	200	4	13	15	50	1	25	20	outunrut
WR	wepp-21009	"06:20 pm  Tuesday December 1, 2009"	"SAINT MARIES ID +"	30	clay	graveled	200	4	13	15	50	1	25	20	outunrut
