WR	wepp-12808	"08:10 am  Wednesday August 11, 2010"	"LOS ANGELES WB AP CA"	30	clay	native	200	4	13	15	50	130	25	20	inbare	ft
WR	wepp-12840	"08:11 am  Wednesday August 11, 2010"	"LOS ANGELES WB AP CA"	30	clay	native	200	4	13	15	50	20	25	20	inbare	ft
WR	wepp-12845	"08:11 am  Wednesday August 11, 2010"	"LOS ANGELES WB AP CA"	30	clay	native	200	4	13	15	50	200	25	20	inbare	ft
WR	wepp-12850	"08:12 am  Wednesday August 11, 2010"	"LOS ANGELES WB AP CA"	30	clay	native	200	4	13	15	50	500	25	20	inbare	ft
WR	wepp-12856	"08:12 am  Wednesday August 11, 2010"	"LOS ANGELES WB AP CA"	30	clay	native	1000	4	13	15	50	500	25	20	inbare	ft
WR	wepp-12861	"08:13 am  Wednesday August 11, 2010"	"LOS ANGELES WB AP CA"	30	sand	native	1000	4	13	15	50	500	25	20	inbare	ft
WR	wepp-14727	"12:10 pm  Wednesday August 11, 2010"	"LOS ANGELES WB AP CA"	30	sand	native	100	4	13	15	50	1	25	20	inbare	ft
WR	wepp-14732	"12:10 pm  Wednesday August 11, 2010"	"LOS ANGELES WB AP CA"	30	sand	native	100	4	13	15	50	100	25	20	inbare	ft
WR	wepp-14741	"12:11 pm  Wednesday August 11, 2010"	"LOS ANGELES WB AP CA"	30	clay	native	100	4	13	15	50	50	25	20	inbare	ft
WR	wepp-14746	"12:11 pm  Wednesday August 11, 2010"	"LOS ANGELES WB AP CA"	30	clay	native	100	4	13	15	50	1	25	20	inbare	ft
WR	wepp-14778	"12:11 pm  Wednesday August 11, 2010"	"LOS ANGELES WB AP CA"	30	clay	native	100	4	13	15	50	100	25	20	inbare	ft
WR	wepp-14860	"12:17 pm  Wednesday August 11, 2010"	"LOS ANGELES WB AP CA"	30	clay	native	100	4	13	15	50	100	25	20	inbare	ft
WR	wepp-14866	"12:17 pm  Wednesday August 11, 2010"	"LOS ANGELES WB AP CA"	30	clay	native	100	4	13	15	50	1	25	20	inbare	ft
WR	wepp-14871	"12:18 pm  Wednesday August 11, 2010"	"LOS ANGELES WB AP CA"	30	clay	native	100	4	13	15	50	25	25	20	inbare	ft
WR	wepp-14878	"12:18 pm  Wednesday August 11, 2010"	"LOS ANGELES WB AP CA"	30	clay	native	100	4	13	15	50	200	25	20	inbare	ft
WR	wepp-14883	"12:19 pm  Wednesday August 11, 2010"	"LOS ANGELES WB AP CA"	30	clay	native	100	4	13	15	50	125	25	20	inbare	ft
WR	wepp-15007	"12:34 pm  Wednesday August 11, 2010"	"LOS ANGELES WB AP CA"	30	clay	native	100	4	13	15	50	500	25	20	inbare	ft
WR	wepp-15012	"12:34 pm  Wednesday August 11, 2010"	"LOS ANGELES WB AP CA"	30	clay	native	100	4	13	15	50	1000	25	20	inbare	ft
WR	wepp-15017	"12:35 pm  Wednesday August 11, 2010"	"LOS ANGELES WB AP CA"	30	clay	native	100	4	13	15	50	1000	25	20	inbare	ft
WR	wepp-15022	"12:35 pm  Wednesday August 11, 2010"	"LOS ANGELES WB AP CA"	30	clay	native	100	4	13	15	50	500	25	20	inbare	ft
WR	wepp-15027	"12:35 pm  Wednesday August 11, 2010"	"LOS ANGELES WB AP CA"	30	clay	native	100	4	13	15	50	900	25	20	inbare	ft
WR	wepp-15032	"12:36 pm  Wednesday August 11, 2010"	"LOS ANGELES WB AP CA"	30	clay	native	100	4	13	15	50	200	25	20	inbare	ft
WR	wepp-15843	"03:18 pm  Monday October 11, 2010"	"LOS ANGELES WB AP CA"	30	clay	native	200	4	13	15	50	130	25	20	inveg	ft
WR	wepp-16026	"03:42 pm  Monday October 11, 2010"	"LOS ANGELES WB AP CA"	30	clay	native	60	4	4	5	50	40	25	20	inveg	m
WR	wepp-7544	"06:27 am  Wednesday October 13, 2010"	"LOS ANGELES WB AP CA"	38	clay	native	900	9.66	13	200	50	1	0.3	20	outunrut	ft
WR	wepp-7627	"06:37 am  Wednesday October 13, 2010"	"LOS ANGELES WB AP CA"	38	clay	native	1000	8.5	13	150	50	1	0.3	20	outunrut	ft
WR	wepp-8354	"08:00 am  Wednesday October 13, 2010"	"LOS ANGELES WB AP CA"	38	clay	native	1000	8.5	13	150	50	1	0.3	20	outunrut	ft
WR	wepp-8360	"08:00 am  Wednesday October 13, 2010"	"LOS ANGELES WB AP CA"	38	sand	native	1000	8.5	13	150	50	1	0.3	20	outunrut	ft
WR	wepp-8365	"08:00 am  Wednesday October 13, 2010"	"LOS ANGELES WB AP CA"	38	sand	native	1000	8.5	13	150	50	1	0.3	10	outunrut	ft
WR	wepp-11951	"02:27 pm  Wednesday October 13, 2010"	"LOS ANGELES WB AP CA"	38	sand	native	1000	8.5	13	150	50	1	0.3	15	outunrut	ft
WR	wepp-11984	"02:28 pm  Wednesday October 13, 2010"	"LOS ANGELES WB AP CA"	38	sand	native	300	8.5	13	150	50	1	0.3	15	outunrut	ft
WR	wepp-12010	"02:31 pm  Wednesday October 13, 2010"	"LOS ANGELES WB AP CA"	38	sand	native	900	9.66	13	200	50	1	0.3	15	outunrut	ft
WR	wepp-12016	"02:33 pm  Wednesday October 13, 2010"	"LOS ANGELES WB AP CA"	38	sand	native	800	18	13	250	83	1	0.3	15	outunrut	ft
WR	wepp-12078	"02:42 pm  Wednesday October 13, 2010"	"LOS ANGELES WB AP CA"	38	sand	native	200	13	13	300	60	1	0.3	15	outunrut	ft
WR	wepp-12851	"03:33 pm  Wednesday October 13, 2010"	"LOS ANGELES WB AP CA"	38	sand	native	200	13	13	300	60	1	0.3	15	outunrut	ft
WR	wepp-12856	"03:34 pm  Wednesday October 13, 2010"	"LOS ANGELES WB AP CA"	38	clay	native	200	13	13	300	60	1	0.3	15	outunrut	ft
WR	wepp-4011	"05:23 pm  Tuesday October 26, 2010"	"BURBANK WB AP CA"	54	clay	native	1000	4	12	1	0.3	1	0.3	15	inbare	ft
WR	wepp-4052	"05:25 pm  Tuesday October 26, 2010"	"BURBANK WB AP CA"	100	clay	native	1000	4	12	1	0.3	1	0.3	15	inbare	ft
WR	wepp-15420	"04:50 pm  Wednesday October 27, 2010"	"BURBANK WB AP CA"	54	clay	native	1000	5	12	1	0.3	1	0.3	15	inbare	ft
WR	wepp-15455	"04:52 pm  Wednesday October 27, 2010"	"BURBANK WB AP CA"	54	clay	native	1000	5	12	1	0.3	1	0.3	15	inbare	ft
WR	wepp-15462	"04:53 pm  Wednesday October 27, 2010"	"BURBANK WB AP CA"	54	clay	native	1000	5	12	1	0.3	1	0.3	15	inbare	ft
WR	wepp-15468	"04:54 pm  Wednesday October 27, 2010"	"BURBANK WB AP CA"	54	clay	native	1000	5	12	1	0.3	1	0.3	15	inbare	ft
WR	wepp-15474	"04:55 pm  Wednesday October 27, 2010"	"BURBANK WB AP CA"	54	clay	native	900	9.5	12	190	45	1	0.3	15	outunrut	ft
WR	wepp-15480	"04:56 pm  Wednesday October 27, 2010"	"BURBANK WB AP CA"	54	clay	native	200	5	12	180	79	1	0.3	15	inbare	ft
