WD	wepp-31157	"05:48 am  Friday January 8, 2010"	"OLYMPIA WB AP WA +"	30	clay	skid	100	15	15	10	20	tree20	10	15	15	100	20	0	m	""
WD	wepp-31299	"05:48 am  Friday January 8, 2010"	"OLYMPIA WB AP WA +"	30	clay	skid	100	15	15	20	20	tree20	10	15	15	100	20	0	m	""
WD	wepp-31438	"05:49 am  Friday January 8, 2010"	"OLYMPIA WB AP WA +"	30	clay	skid	100	15	15	20	20	tree20	10	15	15	100	20	0	m	""
WD	wepp-31692	"05:53 am  Friday January 8, 2010"	"OLYMPIA WB AP WA +"	30	clay	skid	100	15	15	20	20	tree20	20	15	15	100	20	0	m	""
WD	wepp-31791	"05:53 am  Friday January 8, 2010"	"OLYMPIA WB AP WA +"	30	clay	skid	100	15	15	20	20	tree20	40	15	15	100	20	0	m	""
WD	wepp-31890	"05:54 am  Friday January 8, 2010"	"OLYMPIA WB AP WA +"	30	clay	skid	100	15	15	20	20	tree20	200	15	15	100	20	0	m	""
WD	wepp-31900	"05:55 am  Friday January 8, 2010"	"OLYMPIA WB AP WA +"	30	clay	skid	100	15	15	20	20	tree20	40	15	15	100	20	0	m	""
WD	wepp-21573	"02:52 am  Monday May 30, 2011"	""				0	0	0	0	0		0	0	0	0	0	0		""
WD	wepp-21911	"03:02 am  Monday May 30, 2011"	"../working/132_230_239_78_x"	30	silt	skid	100	10	20	10	20	shrub	50	20	0	80	20	0	ft	""
WD	wepp-21945	"03:02 am  Monday May 30, 2011"	"../working/132_230_239_78_x"	30	silt	skid	100	10	20	10	20	shrub	50	20	0	80	20	0	ft	""
WD	wepp-21954	"03:02 am  Monday May 30, 2011"	"MONTPELIER AP VT +"	30	silt	skid	100	10	20	10	20	shrub	50	20	0	80	20	0	ft	""
WD	wepp-22041	"03:03 am  Monday May 30, 2011"	"MONTPELIER AP VT +"	30	silt	skid	100	10	20	30	20	shrub	50	20	0	60	20	0	ft	""
WD	wepp-22151	"03:04 am  Monday May 30, 2011"	""				0	0	0	0	0		0	0	0	0	0	0		""
WD	wepp-22153	"03:04 am  Monday May 30, 2011"	"../working/132_230_239_78_x"	30	silt	skid	100	10	20	35	20	shrub	50	20	0	65	20	0	ft	""
WD	wepp-22163	"03:04 am  Monday May 30, 2011"	"../working/132_230_239_78_x"	30	silt	skid	100	10	20	35	20	shrub	50	20	0	65	20	0	ft	""
WD	wepp-22168	"03:04 am  Monday May 30, 2011"	"../working/132_230_239_78_x"	30	silt	skid	100	10	20	35	20	shrub	50	20	0	65	20	0	ft	""
WD	wepp-22183	"03:04 am  Monday May 30, 2011"	"../working/132_230_239_78_x"	30	silt	skid	100	10	20	30	20	shrub	50	20	0	65	20	0	ft	""
WD	wepp-22211	"03:04 am  Monday May 30, 2011"	"../working/132_230_239_78_x"	30	silt	skid	100	10	20	30	20	shrub	50	20	0	60	20	0	ft	""
WD	wepp-22224	"03:04 am  Monday May 30, 2011"	"../working/132_230_239_78_x"	30	silt	skid	100	10	20	30	20	shrub	50	20	0	60	20	0	ft	"5"
WD	wepp-22235	"03:04 am  Monday May 30, 2011"	"OLYMPIA WB AP WA +"	30	silt	skid	100	10	20	30	20	shrub	50	20	0	60	20	0	ft	"5"
WD	wepp-22260	"03:04 am  Monday May 30, 2011"	"OLYMPIA WB AP WA +"	30	silt	skid	100	10	20	30	20	shrub	50	20	0	60	20	0	ft	"5"
WD	wepp-22265	"03:05 am  Monday May 30, 2011"	"../working/132_230_239_78_x"	30	silt	skid	100	10	20	30	20	shrub	50	20	0	60	20	0	ft	"5"
WD	wepp-22272	"03:05 am  Monday May 30, 2011"	"MONTPELIER AP VT +"	30	silt	skid	100	10	20	30	20	shrub	50	20	0	60	20	0	ft	"5"
WD	wepp-22409	"03:07 am  Monday May 30, 2011"	"MONTPELIER AP VT +"	30	clay	skid	100	10	20	35	20	shrub	100	20	0	65	20	0	m	""
WR	wepp-22717	"03:14 am  Monday May 30, 2011"	"MONTPELIER AP VT + +"	30	clay	native	200	4	13	15	50	130	25	20	inveg	ft
WD	wepp-970	"02:26 am  Tuesday May 31, 2011"	"DENVER WB AP CO"	50	clay	Skid	100	10	20	0	0	Skid	50	20	0	65	0	0	ft	""
WD	wepp-1215	"02:30 am  Tuesday May 31, 2011"	"DENVER WB AP CO"	50	clay	Skid	100	10	20	0	0	Skid	50	20	0	65	0	0	ft	""
WD	wepp-1264	"02:30 am  Tuesday May 31, 2011"	"DENVER WB AP CO"	50	clay	Skid	100	10	20	0	0	Skid	50	20	0	65	0	0	ft	""
