WE	wepp-99635	"02:10 pm  Tuesday November 19, 2019"	"TAHOE CA"	silt	20	forest	0	50	30	200	l			ft
WE	wepp-101327	"02:13 pm  Tuesday November 19, 2019"	"TAHOE CA"	silt	20	forest	0	50	30	200	l			ft
WE	wepp-102716	"10:14 pm  Tuesday November 19, 2019"	"TAHOE CA"	silt	20	forest	0	50	30	200	l			ft
WE	wepp-106895	"02:17 pm  Tuesday November 19, 2019"	"TAHOE CA"	silt	20	forest	0	50	30	200	h			ft
WE	wepp-108715	"02:19 pm  Tuesday November 19, 2019"	"TAHOE CA"	silt	20	range	0	50	30	200	l	20	70	ft
WE	wepp-110125	"02:20 pm  Tuesday November 19, 2019"	"TAHOE CA"	silt	20	range	0	50	30	200	h	20	70	ft
WE	wepp-111705	"02:22 pm  Tuesday November 19, 2019"	"TAHOE CA"	silt	20	chap	0	50	30	200	l	20	70	ft
WE	wepp-111972	"02:23 pm  Tuesday November 19, 2019"	"TAHOE CA"	silt	20	chap	0	50	30	200	h	20	70	ft
WR	wepp-115287	"02:34 pm  Tuesday November 19, 2019"	"TAHOE CA"	30	silt	native	200	5	13	15	50	50	25	20	outrut	ft
WR	wepp-115693	"02:35 pm  Tuesday November 19, 2019"	"TAHOE CA"	30	silt	native	200	15	13	15	50	50	25	20	outrut	ft
WR	wepp-115989	"02:36 pm  Tuesday November 19, 2019"	"TAHOE CA"	30	silt	native	200	5	13	15	50	150	25	20	outrut	ft
WR	wepp-116140	"02:37 pm  Tuesday November 19, 2019"	"TAHOE CA"	30	silt	graveled	200	15	13	15	50	50	25	20	outrut	ft
WR	wepp-116725	"02:40 pm  Tuesday November 19, 2019"	"TAHOE CA"	30	silt	native	200	15	13	15	50	150	25	20	outrut	ft
WR	wepp-116983	"02:41 pm  Tuesday November 19, 2019"	"TAHOE CA"	30	silt	graveled	200	5	13	15	50	50	25	20	outrut	ft
WR	wepp-117356	"02:45 pm  Tuesday November 19, 2019"	"TAHOE CA"	30	silt	graveled	200	15	13	15	50	50	25	20	outrut	ft
WR	wepp-117488	"02:46 pm  Tuesday November 19, 2019"	"TAHOE CA"	30	silt	graveled	200	5	13	15	50	150	25	20	outrut	ft
WR	wepp-117776	"02:49 pm  Tuesday November 19, 2019"	"TAHOE CA"	30	silt	graveled	200	15	13	15	50	150	25	20	outrut	ft
WR	wepp-118010	"10:51 pm  Tuesday November 19, 2019"	"TAHOE CA"	30	silt	native	200	5	13	15	50	50	25	20	outrut	ft
WR	wepp-118155	"02:52 pm  Tuesday November 19, 2019"	"TAHOE CA"	30	silt	native	200	15	13	15	50	50	25	20	outrut	ft
WR	wepp-118641	"02:53 pm  Tuesday November 19, 2019"	"TAHOE CA"	30	silt	native	200	5	13	15	50	150	25	20	outrut	ft
