wt	wepp-97043	"Feb 19, 2015"	"N of Rubicon CA +"	granitic	OldForest	0	30	50	100	20	YoungForest	30	5	50	100	20	ft	""
wt	wepp-98634	"Feb 19, 2015"	"N of Rubicon CA +"	granitic	HighRoad	4	4	200	10	20	YoungForest	20	15	50	100	20	ft	""
wt	wepp-100836	"Feb 19, 2015"	"N of Rubicon CA +"	granitic	LowRoad	4	4	200	10	20	YoungForest	20	15	50	100	20	ft	""
wt	wepp-101164	"Feb 19, 2015"	"N of Rubicon CA +"	granitic	HighRoad	4	4	200	10	20	YoungForest	50	15	50	100	20	ft	""
wt	wepp-101214	"Feb 19, 2015"	"N of Rubicon CA +"	granitic	LowRoad	4	4	200	10	20	YoungForest	20	15	50	100	20	ft	""
wt	wepp-101397	"Feb 19, 2015"	"N of Rubicon CA +"	granitic	HighRoad	4	4	30	10	20	YoungForest	20	15	50	100	20	ft	""
wt	wepp-101442	"Feb 19, 2015"	"N of Rubicon CA +"	granitic	HighRoad	4	4	30	10	20	YoungForest	20	15	50	100	20	ft	""
wt	wepp-101701	"Feb 19, 2015"	"N of Rubicon CA +"	rockpave	HighRoad	4	4	200	100	50	YoungForest	20	15	50	100	20	ft	""
wt	wepp-101974	"Feb 19, 2015"	"N of Rubicon CA +"	granitic	HighRoad	4	4	100	100	20	YoungForest	30	15	50	100	20	ft	""
wt	wepp-102047	"Feb 19, 2015"	"N of Rubicon CA +"	granitic	HighRoad	4	4	100	100	20	YoungForest	20	15	50	100	20	ft	""
wt	wepp-102220	"Feb 19, 2015"	"N of Rubicon CA +"	granitic	OldForest	20	30	300	100	20	OldForest	30	10	100	100	20	ft	""
wt	wepp-102273	"Feb 19, 2015"	"N of Rubicon CA +"	granitic	HighFire	20	30	300	30	20	LowFire	30	10	100	50	20	ft	""
wt	wepp-102956	"Feb 19, 2015"	"N of Rubicon CA +"	rockpave	HighRoad	4	4	200	10	50	LowFire	20	15	50	50	20	ft	""
wt	wepp-103033	"Feb 19, 2015"	"N of Rubicon CA +"	rockpave	HighRoad	4	4	200	10	50	YoungForest	20	15	50	100	20	ft	""
wt	wepp-103124	"Feb 19, 2015"	"N of Rubicon CA +"	rockpave	HighRoad	4	4	200	100	20	YoungForest	20	15	50	100	20	ft	""
wt	wepp-103132	"Feb 19, 2015"	"N of Rubicon CA +"	granitic	HighRoad	4	4	100	100	20	YoungForest	20	15	50	100	20	ft	""
wt	wepp-103243	"Feb 19, 2015"	"N of Rubicon CA +"	granitic	HighRoad	4	4	100	100	20	YoungForest	20	15	50	100	20	ft	""
wt	wepp-103330	"Feb 19, 2015"	"N of Rubicon CA +"	rockpave	HighRoad	4	4	200	10	50	YoungForest	20	15	50	100	20	ft	""
wt	wepp-103368	"Feb 19, 2015"	"N of Rubicon CA +"	alluvial	HighRoad	4	4	200	10	20	YoungForest	20	15	50	100	20	ft	""
wt	wepp-103413	"Feb 19, 2015"	"N of Rubicon CA +"	rockpave	HighRoad	4	4	200	10	50	YoungForest	20	15	50	100	20	ft	""
wt	wepp-103719	"Feb 19, 2015"	"N of Rubicon CA +"	granitic	HighRoad	4	4	100	10	20	YoungForest	20	15	50	100	20	ft	""
wt	wepp-103855	"Feb 19, 2015"	"N of Rubicon CA +"	granitic	HighRoad	4	4	100	10	20	YoungForest	20	15	50	100	20	ft	""
wt	wepp-104018	"Feb 19, 2015"	"N of Rubicon CA +"	granitic	OldForest	20	20	300	100	20	OldForest	30	10	100	100	20	ft	""
wt	wepp-104111	"Feb 19, 2015"	"N of Rubicon CA +"	granitic	HighFire	20	30	300	30	20	LowFire	30	20	100	50	20	ft	""
wt	wepp-104305	"Feb 19, 2015"	"N of Rubicon CA +"	granitic	YoungForest	20	30	300	85	20	OldForest	30	20	100	100	20	ft	""
wt	wepp-104416	"Feb 19, 2015"	"N of Rubicon CA +"	granitic	HighFire	20	30	300	30	20	LowFire	30	10	100	50	20	ft	""
wt	wepp-104542	"Feb 19, 2015"	"N of Rubicon CA +"	granitic	HighFire	20	30	300	40	20	LowFire	30	10	100	70	20	ft	""
wt	wepp-104846	"Feb 19, 2015"	"N of Rubicon CA +"	volcanic	Bare	30	30	50	20	20	Bare	30	20	50	20	20	ft	""
