WD	wepp-30188	"04:06 pm  Wednesday March 12, 2014"	"MOSCOW U OF I ID"	50	loam	YoungForest	50	0	30	80	25	Shrub	50	30	5	30	25	0	ft	""
WD	wepp-391	"04:09 pm  Wednesday March 12, 2014"	"MOSCOW U OF I ID"	50	loam	YoungForest	50	25	50	80	25	Shrub	50	15	30	30	25	0	ft	""
WD	wepp-486	"04:10 pm  Wednesday March 12, 2014"	"MOSCOW U OF I ID"	50	loam	YoungForest	15	25	50	80	25	Shrub	75	15	30	30	25	0	ft	""
WD	wepp-30572	"01:59 pm  Wednesday March 26, 2014"	"EUREKA WBO CA"	20	sand	Bunchgrass	50	18	18	60	10	Bunchgrass	50	18	18	60	10	0	ft	"shoulder grassland series"
WD	wepp-31814	"02:07 pm  Wednesday March 26, 2014"	"EUREKA WBO CA"	20	sand	OldForest	50	18	18	100	10	OldForest	50	18	18	100	10	0	ft	"shoulder grassland series"
WD	wepp-523	"02:08 pm  Wednesday March 26, 2014"	"EUREKA WBO CA"	20	sand	Bunchgrass	50	0	30	60	20	Bunchgrass	50	30	5	60	20	0	ft	""
WD	wepp-1536	"02:10 pm  Wednesday March 26, 2014"	"EUREKA WBO CA"	20	sand	OldForest	50	18	18	100	10	OldForest	50	18	18	100	10	0	ft	"shoulder grassland mature forest"
WD	wepp-1592	"02:11 pm  Wednesday March 26, 2014"	"EUREKA WBO CA"	20	sand	Sod	50	18	18	40	10	Sod	50	18	18	40	10	0	ft	"shoulder grassland as is"
WD	wepp-1675	"02:13 pm  Wednesday March 26, 2014"	"EUREKA WBO CA"	20	silt	Bunchgrass	50	5	20	60	20	Bunchgrass	50	20	5	60	20	0	ft	"saddle grassland as is"
WD	wepp-1817	"02:13 pm  Wednesday March 26, 2014"	"EUREKA WBO CA"	20	silt	Bunchgrass	50	6	25	60	20	Bunchgrass	50	25	6	60	20	0	ft	"saddle grassland as is"
WD	wepp-1860	"02:14 pm  Wednesday March 26, 2014"	"EUREKA WBO CA"	20	silt	Bunchgrass	50	6	25	100	20	OldForest	50	25	6	100	20	0	ft	"saddle grassland with mature forest"
WD	wepp-1907	"02:15 pm  Wednesday March 26, 2014"	"EUREKA WBO CA"	20	silt	OldForest	50	6	25	100	20	OldForest	50	25	6	100	20	0	ft	"saddle grassland with mature forest"
WD	wepp-1943	"02:16 pm  Wednesday March 26, 2014"	"EUREKA WBO CA"	20	silt	Bunchgrass	50	6	25	90	20	Bunchgrass	50	25	6	90	20	0	ft	""
WD	wepp-1977	"02:16 pm  Wednesday March 26, 2014"	"EUREKA WBO CA"	20	silt	Bunchgrass	50	6	25	90	20	Bunchgrass	50	25	6	90	20	0	ft	"saddle grassland as is"
WD	wepp-4812	"02:19 pm  Wednesday March 26, 2014"	"EUREKA WBO CA"	20	loam	Sod	50	0	8	50	20	YoungForest	50	0	8	25	20	0	ft	"non burn series as is"
WD	wepp-4876	"02:20 pm  Wednesday March 26, 2014"	"EUREKA WBO CA"	20	loam	OldForest	50	0	8	100	20	OldForest	50	0	8	100	20	0	ft	"non burn series mature forest"
WD	wepp-4921	"02:21 pm  Wednesday March 26, 2014"	"EUREKA WBO CA"	20	loam	YoungForest	50	0	8	20	20	Sod	50	8	0	40	20	0	ft	"pile burn series as is"
WD	wepp-4956	"02:22 pm  Wednesday March 26, 2014"	"EUREKA WBO CA"	20	loam	OldForest	50	0	8	100	20	OldForest	50	8	0	100	20	0	ft	"pile burn series mature forest"
WD	wepp-5006	"02:25 pm  Wednesday March 26, 2014"	"EUREKA WBO CA"	20	clay	YoungForest	50	30	45	30	20	Shrub	50	30	45	30	20	0	ft	"harvest series as is"
WD	wepp-5043	"02:26 pm  Wednesday March 26, 2014"	"EUREKA WBO CA"	20	clay	OldForest	50	30	45	100	20	OldForest	50	30	45	100	20	0	ft	"harvest series mature forest"
wt	wepp-44825	"Mar 10, 2015"	"N of Rubicon CA +"	granitic	OldForest	0	30	50	100	20	YoungForest	30	5	50	100	20	ft	""
wt	wepp-45000	"Mar 10, 2015"	"N of Rubicon CA +"	granitic	HighRoad	4	4	200	10	20	YoungForest	20	15	50	100	20	ft	""
wt	wepp-45641	"Mar 10, 2015"	"N of Rubicon CA +"	granitic	HighRoad	4	4	200	10	20	YoungForest	20	15	50	100	20	ft	""
wt	wepp-46587	"Mar 10, 2015"	"N of Rubicon CA +"	granitic	OldForest	30	30	300	100	20	OldForest	30	10	100	100	20	ft	""
