wt	wepp-87651	"Feb 19, 2015"	"N of Rubicon, CA +"	granitic	OldForest	0	30	50	100	20	YoungForest	30	5	50	100	20	ft	""
wt	wepp-87834	"Feb 19, 2015"	"N of Rubicon, CA +"	granitic	HighRoad	4	4	200	10	20	YoungForest	20	15	50	100	20	ft	""
wt	wepp-89965	"Feb 19, 2015"	"N of Rubicon, CA +"	granitic	LowRoad	4	4	200	10	20	YoungForest	20	15	50	100	20	ft	""
wt	wepp-90264	"Feb 19, 2015"	"N of Rubicon, CA +"	granitic	HighRoad	4	4	30	10	20	YoungForest	20	15	50	100	20	ft	""
wt	wepp-90400	"Feb 19, 2015"	"N of Rubicon, CA +"	granitic	HighRoad	4	4	200	10	20	YoungForest	20	15	50	100	20	ft	""
wt	wepp-90473	"Feb 19, 2015"	"N of Rubicon, CA +"	granitic	LowRoad	4	4	200	10	20	YoungForest	20	15	50	100	20	ft	""
wt	wepp-90522	"Feb 19, 2015"	"N of Rubicon, CA +"	granitic	HighRoad	4	4	30	10	20	YoungForest	20	15	50	100	20	ft	""
wt	wepp-90855	"Feb 19, 2015"	"N of Rubicon, CA +"	granitic	HighRoad	4	4	30	10	20	YoungForest	20	15	50	100	20	ft	""
wt	wepp-91186	"Feb 19, 2015"	"N of Rubicon, CA +"	rockpave	HighRoad	4	4	200	10	50	YoungForest	20	15	50	100	20	ft	""
wt	wepp-91400	"Feb 19, 2015"	"N of Rubicon, CA +"	granitic	HighRoad	4	4	100	10	20	YoungForest	20	15	50	100	20	ft	""
wt	wepp-94288	"Feb 19, 2015"	"N of Rubicon, CA +"	granitic	OldForest	20	30	300	100	20	OldForest	30	10	100	100	20	ft	""
wt	wepp-94635	"Feb 19, 2015"	"N of Rubicon, CA +"	granitic	HighFire	20	30	300	30	20	LowFire	30	10	100	50	20	ft	""
wt	wepp-95214	"Feb 19, 2015"	"N of Rubicon, CA +"	granitic	YoungForest	20	30	300	85	20	OldForest	30	10	100	100	20	ft	""
wt	wepp-95386	"Feb 19, 2015"	"N of Rubicon, CA +"	granitic	LowFire	20	30	300	85	20	OldForest	30	10	100	100	20	ft	""
wt	wepp-95490	"Feb 19, 2015"	"N of Rubicon, CA +"	granitic	HighFire	20	30	300	40	20	LowFire	30	10	100	70	20	ft	""
wt	wepp-103449	"Feb 19, 2015"	"N of Rubicon, CA +"	volcanic	Bare	20	30	50	20	20	Bare	30	20	50	20	20	ft	""
wt	wepp-103569	"Feb 19, 2015"	"N of Rubicon, CA +"	volcanic	Mulch	20	30	50	85	20	Mulch	30	20	50	85	20	ft	""
wt	wepp-103668	"Feb 19, 2015"	"N of Rubicon, CA +"	volcanic	Till	20	30	50	85	20	Till	30	20	50	85	20	ft	""
wt	wepp-103760	"Feb 19, 2015"	"N of Rubicon, CA +"	volcanic	Bare	20	30	50	20	20	OldForest	30	20	50	100	20	ft	""
wt	wepp-103938	"Feb 19, 2015"	"N of Rubicon, CA +"	volcanic	Bare	20	30	50	20	20	Bare	30	20	50	20	20	ft	""
wt	wepp-103976	"Feb 19, 2015"	"N of Rubicon, CA +"	volcanic	Bare	30	30	50	20	20	Bare	30	20	50	20	20	ft	""
