WE	wepp-4172	"04:58 am  Friday April 25, 2014"	"Gerona Sierra, Spain +"	clay	20	range	0	50	30	984	m	15	75	ft
WE	wepp-5696	"05:06 am  Friday April 25, 2014"	"Gerona Sierra, Spain +"	sand	9	range	0	50	30	984	h	10	40	ft
WE	wepp-116933	"02:09 am  Friday April 29, 2016"	"Gerona Sierra, Spain +"	loam	20	forest	5	25	12	288	l			m
WE	wepp-117199	"02:14 am  Friday April 29, 2016"	"Gerona Sierra, Spain +"	loam	20	forest	5	25	12	288	l			m
WE	wepp-117410	"02:16 am  Friday April 29, 2016"	"Gerona Sierra, Spain +"	loam	20	forest	37	45	45	215	l			m
WE	wepp-117689	"02:22 am  Friday April 29, 2016"	"Gerona Sierra, Spain +"	sand	20	forest	37	45	45	215	l			m
WE	wepp-117882	"02:24 am  Friday April 29, 2016"	"Gerona Sierra, Spain +"	sand	20	forest	37	45	45	215	m			m
WE	wepp-118079	"02:25 am  Friday April 29, 2016"	"Gerona Sierra, Spain +"	sand	20	forest	37	45	45	215	h			m
WE	wepp-118351	"02:27 am  Friday April 29, 2016"	"Gerona Sierra, Spain +"	sand	20	forest	5	25	12	288	h			m
WE	wepp-118610	"02:31 am  Friday April 29, 2016"	"Gerona Sierra, Spain +"	loam	20	forest	5	25	12	288	h			m
WE	wepp-118850	"02:32 am  Friday April 29, 2016"	"Gerona Sierra, Spain +"	loam	20	forest	5	12	12	193	h			m
WE	wepp-119115	"02:33 am  Friday April 29, 2016"	"Gerona Sierra, Spain +"	loam	20	forest	12	22	12	300	h			m
WE	wepp-120829	"03:35 am  Friday April 29, 2016"	"Gerona Sierra, Spain +"	clay	20	forest	0	50	30	100	l			m
WE	wepp-120991	"03:36 am  Friday April 29, 2016"	"Gerona Sierra, Spain +"	loam	20	forest	0	50	30	100	l			m
WE	wepp-242840	"06:31 am  Tuesday May 3, 2016"	"Maranchon bueno +"	clay	20	forest	10	30	20	100	l			m
WE	wepp-243005	"06:34 am  Tuesday May 3, 2016"	"Maranchon bueno + +"	clay	20	forest	0	50	30	100	l			m
WE	wepp-3251	"08:02 am  Tuesday May 3, 2016"	"Maranchon bueno + +"	sand	20	forest	0	50	30	100	h			m
WE	wepp-3389	"08:02 am  Tuesday May 3, 2016"	"Maranchon bueno + +"	sand	20	range	0	50	30	100	h	15	75	m
WE	wepp-3746	"08:04 am  Tuesday May 3, 2016"	"Maranchon bueno + +"	sand	20	range	10	30	10	100	h	10	60	m
WE	wepp-4107	"08:10 am  Tuesday May 3, 2016"	"Maranchon bueno + +"	sand	20	range	10	20	5	100	h	30	40	m
WE	wepp-123818	"09:17 am  Tuesday April 25, 2017"	"guadalajara +"	silt	20	forest	0	50	30	300	l			ft
