WD	wepp-209062	"12:58 pm  Tuesday May 8, 2018"	"REPUBLIC WA +"	30	silt	Bunchgrass	187	29	1	62	0	Bunchgrass	117	24	0	54	3	0	ft	"test_1"
WD	wepp-209078	"12:58 pm  Tuesday May 8, 2018"	"REPUBLIC WA +"	30	sand	OldForest	268	22	10	37	5	OldForest	201	29	3	24	8	0	ft	"test_2"
WD	wepp-209105	"12:58 pm  Tuesday May 8, 2018"	"REPUBLIC WA +"	30	silt	Sod	36	10	25	67	1	Sod	63	1	26	62	9	0	ft	"test_3"
WD	wepp-209139	"12:58 pm  Tuesday May 8, 2018"	"REPUBLIC WA +"	30	sand	LowFire	27	21	2	0	1	LowFire	223	12	26	69	7	0	ft	"test_4"
WD	wepp-209146	"12:58 pm  Tuesday May 8, 2018"	"REPUBLIC WA +"	30	clay	Shrub	217	18	9	56	7	Shrub	216	16	22	55	4	0	ft	"test_5"
WD	wepp-209153	"12:58 pm  Tuesday May 8, 2018"	"REPUBLIC WA +"	30	sand	Bunchgrass	243	15	17	11	4	Bunchgrass	73	13	11	46	7	0	ft	"test_6"
WD	wepp-209167	"12:58 pm  Tuesday May 8, 2018"	"REPUBLIC WA +"	30	silt	Bunchgrass	39	6	6	30	9	Bunchgrass	257	27	18	8	1	0	ft	"test_7"
WD	wepp-209174	"12:58 pm  Tuesday May 8, 2018"	"REPUBLIC WA +"	30	clay	Sod	183	3	25	29	3	Sod	231	25	16	58	6	0	ft	"test_8"
WD	wepp-209192	"12:58 pm  Tuesday May 8, 2018"	"REPUBLIC WA +"	30	loam	Shrub	125	4	17	37	9	Shrub	93	15	27	11	0	0	ft	"test_9"
WD	wepp-209208	"12:58 pm  Tuesday May 8, 2018"	"REPUBLIC WA +"	30	sand	Sod	19	3	23	3	8	Sod	197	1	10	24	0	0	ft	"test_10"
WD	wepp-209226	"12:58 pm  Tuesday May 8, 2018"	"REPUBLIC WA +"	30	loam	HighFire	259	26	8	9	0	HighFire	110	25	3	11	5	0	ft	"test_11"
WD	wepp-209242	"12:58 pm  Tuesday May 8, 2018"	"REPUBLIC WA +"	30	sand	Bunchgrass	220	17	5	8	9	Bunchgrass	261	25	21	32	7	0	ft	"test_12"
WD	wepp-209264	"12:58 pm  Tuesday May 8, 2018"	"REPUBLIC WA +"	30	silt	HighFire	216	18	13	30	5	HighFire	83	1	27	18	5	0	ft	"test_13"
WD	wepp-209280	"12:58 pm  Tuesday May 8, 2018"	"REPUBLIC WA +"	30	sand	HighFire	21	2	17	55	3	HighFire	159	2	4	13	8	0	ft	"test_14"
WD	wepp-209295	"12:58 pm  Tuesday May 8, 2018"	"REPUBLIC WA +"	30	silt	OldForest	56	22	10	63	1	OldForest	130	0	20	46	0	0	ft	"test_15"
WD	wepp-209314	"12:58 pm  Tuesday May 8, 2018"	"REPUBLIC WA +"	30	clay	Sod	65	6	14	2	4	Sod	250	24	2	39	7	0	ft	"test_16"
WD	wepp-209333	"12:58 pm  Tuesday May 8, 2018"	"REPUBLIC WA +"	30	sand	OldForest	113	26	3	68	9	OldForest	32	27	27	34	0	0	ft	"test_17"
WD	wepp-209359	"12:58 pm  Tuesday May 8, 2018"	"REPUBLIC WA +"	30	silt	LowFire	185	24	8	33	5	LowFire	121	14	11	6	0	0	ft	"test_18"
WD	wepp-209398	"12:58 pm  Tuesday May 8, 2018"	"REPUBLIC WA +"	30	silt	Bunchgrass	220	12	18	34	5	Bunchgrass	9	3	11	24	4	0	ft	"test_19"
WD	wepp-209405	"12:58 pm  Tuesday May 8, 2018"	"REPUBLIC WA +"	30	silt	OldForest	247	20	10	58	3	OldForest	143	26	13	9	9	0	ft	"test_20"
WD	wepp-209412	"12:58 pm  Tuesday May 8, 2018"	"REPUBLIC WA +"	30	loam	Sod	157	0	13	4	8	Sod	173	28	28	30	7	0	ft	"test_21"
WD	wepp-209419	"12:58 pm  Tuesday May 8, 2018"	"REPUBLIC WA +"	30	silt	Sod	190	16	0	2	8	Sod	257	22	12	36	6	0	ft	"test_22"
WD	wepp-209433	"12:58 pm  Tuesday May 8, 2018"	"REPUBLIC WA +"	30	loam	Skid	231	20	8	40	1	Skid	264	4	4	47	4	0	ft	"test_23"
WD	wepp-209444	"12:58 pm  Tuesday May 8, 2018"	"REPUBLIC WA +"	30	sand	Sod	226	2	7	1	5	Sod	221	4	8	23	0	0	ft	"test_24"
WD	wepp-209459	"12:58 pm  Tuesday May 8, 2018"	"REPUBLIC WA +"	30	sand	Sod	264	13	15	11	0	Sod	153	12	9	19	7	0	ft	"test_25"
WD	wepp-209474	"12:58 pm  Tuesday May 8, 2018"	"REPUBLIC WA +"	30	sand	LowFire	101	27	26	58	4	LowFire	259	10	19	12	4	0	ft	"test_26"
WD	wepp-209492	"12:58 pm  Tuesday May 8, 2018"	"REPUBLIC WA +"	30	loam	YoungForest	212	17	8	53	5	YoungForest	73	10	0	23	9	0	ft	"test_27"
WD	wepp-209512	"12:58 pm  Tuesday May 8, 2018"	"REPUBLIC WA +"	30	clay	Shrub	21	8	24	56	4	Shrub	84	26	1	21	6	0	ft	"test_28"
WD	wepp-209530	"12:58 pm  Tuesday May 8, 2018"	"REPUBLIC WA +"	30	clay	LowFire	46	10	5	47	2	LowFire	201	27	25	14	3	0	ft	"test_29"
WD	wepp-209546	"12:58 pm  Tuesday May 8, 2018"	"REPUBLIC WA +"	30	silt	Skid	289	0	24	15	0	Skid	269	1	9	14	9	0	ft	"test_30"
WD	wepp-209561	"12:58 pm  Tuesday May 8, 2018"	"REPUBLIC WA +"	30	loam	HighFire	135	15	25	1	3	HighFire	200	26	1	56	7	0	ft	"test_31"
WD	wepp-209578	"12:58 pm  Tuesday May 8, 2018"	"REPUBLIC WA +"	30	sand	Shrub	158	26	16	62	2	Shrub	226	6	1	35	3	0	ft	"test_32"
WD	wepp-209595	"12:59 pm  Tuesday May 8, 2018"	"REPUBLIC WA +"	30	loam	OldForest	264	2	14	49	0	OldForest	188	8	11	47	7	0	ft	"test_33"
WD	wepp-209618	"12:59 pm  Tuesday May 8, 2018"	"REPUBLIC WA +"	30	sand	Bunchgrass	112	9	3	69	2	Bunchgrass	278	13	26	5	9	0	ft	"test_34"
WD	wepp-209641	"12:59 pm  Tuesday May 8, 2018"	"REPUBLIC WA +"	30	loam	Shrub	38	4	6	31	4	Shrub	183	3	23	10	9	0	ft	"test_35"
WD	wepp-209671	"12:59 pm  Tuesday May 8, 2018"	"REPUBLIC WA +"	30	silt	Sod	55	1	24	4	0	Sod	64	5	10	8	4	0	ft	"test_36"
WD	wepp-209678	"12:59 pm  Tuesday May 8, 2018"	"REPUBLIC WA +"	30	silt	Shrub	248	0	11	35	3	Shrub	275	16	22	47	6	0	ft	"test_37"
WD	wepp-209685	"12:59 pm  Tuesday May 8, 2018"	"REPUBLIC WA +"	30	clay	Shrub	32	17	17	16	5	Shrub	172	25	14	0	2	0	ft	"test_38"
WD	wepp-209695	"12:59 pm  Tuesday May 8, 2018"	"REPUBLIC WA +"	30	clay	YoungForest	77	5	3	51	4	YoungForest	161	17	7	28	1	0	ft	"test_39"
WD	wepp-209706	"12:59 pm  Tuesday May 8, 2018"	"REPUBLIC WA +"	30	sand	YoungForest	151	26	15	55	2	YoungForest	265	13	4	8	4	0	ft	"test_40"
WD	wepp-209732	"12:59 pm  Tuesday May 8, 2018"	"REPUBLIC WA +"	30	silt	HighFire	150	4	14	26	7	HighFire	114	10	7	16	2	0	ft	"test_41"
WD	wepp-209768	"12:59 pm  Tuesday May 8, 2018"	"REPUBLIC WA +"	30	silt	Shrub	2	17	0	48	6	Shrub	43	7	21	15	9	0	ft	"test_42"
WD	wepp-209775	"12:59 pm  Tuesday May 8, 2018"	"REPUBLIC WA +"	30	sand	Bunchgrass	208	26	19	68	0	Bunchgrass	50	12	10	57	0	0	ft	"test_43"
WD	wepp-209782	"12:59 pm  Tuesday May 8, 2018"	"REPUBLIC WA +"	30	clay	Shrub	2	25	5	15	8	Shrub	181	17	27	1	6	0	ft	"test_44"
WD	wepp-209789	"12:59 pm  Tuesday May 8, 2018"	"REPUBLIC WA +"	30	silt	Bunchgrass	15	5	14	53	7	Bunchgrass	5	1	20	42	7	0	ft	"test_45"
WD	wepp-209796	"12:59 pm  Tuesday May 8, 2018"	"REPUBLIC WA +"	30	loam	YoungForest	175	0	29	46	1	YoungForest	197	4	15	69	7	0	ft	"test_46"
WD	wepp-209803	"12:59 pm  Tuesday May 8, 2018"	"REPUBLIC WA +"	30	silt	OldForest	109	16	20	8	4	OldForest	190	12	7	27	0	0	ft	"test_47"
WD	wepp-209810	"12:59 pm  Tuesday May 8, 2018"	"REPUBLIC WA +"	30	clay	OldForest	244	0	22	44	2	OldForest	287	2	26	62	4	0	ft	"test_48"
WD	wepp-209817	"12:59 pm  Tuesday May 8, 2018"	"REPUBLIC WA +"	30	loam	Bunchgrass	75	2	0	38	1	Bunchgrass	270	25	2	64	5	0	ft	"test_49"
WD	wepp-209824	"12:59 pm  Tuesday May 8, 2018"	"REPUBLIC WA +"	30	loam	Sod	67	11	21	44	7	Sod	189	19	23	5	1	0	ft	"test_50"
WD	wepp-209831	"12:59 pm  Tuesday May 8, 2018"	"REPUBLIC WA +"	30	clay	HighFire	14	0	8	43	8	HighFire	32	10	25	38	0	0	ft	"test_51"
WD	wepp-209838	"12:59 pm  Tuesday May 8, 2018"	"REPUBLIC WA +"	30	clay	LowFire	36	28	15	12	4	LowFire	143	17	29	25	4	0	ft	"test_52"
WD	wepp-209845	"12:59 pm  Tuesday May 8, 2018"	"REPUBLIC WA +"	30	silt	Shrub	76	18	16	34	1	Shrub	251	5	12	30	0	0	ft	"test_53"
WD	wepp-209852	"12:59 pm  Tuesday May 8, 2018"	"REPUBLIC WA +"	30	clay	Shrub	22	8	13	36	7	Shrub	245	0	19	55	7	0	ft	"test_54"
WD	wepp-209859	"12:59 pm  Tuesday May 8, 2018"	"REPUBLIC WA +"	30	sand	Shrub	226	23	20	46	0	Shrub	275	14	13	66	7	0	ft	"test_55"
WD	wepp-209866	"12:59 pm  Tuesday May 8, 2018"	"REPUBLIC WA +"	30	silt	YoungForest	155	26	7	26	7	YoungForest	242	26	20	33	6	0	ft	"test_56"
WD	wepp-209873	"12:59 pm  Tuesday May 8, 2018"	"REPUBLIC WA +"	30	silt	Sod	202	11	4	25	0	Sod	163	14	8	7	7	0	ft	"test_57"
WD	wepp-209880	"12:59 pm  Tuesday May 8, 2018"	"REPUBLIC WA +"	30	sand	YoungForest	5	11	1	38	3	YoungForest	219	29	20	58	6	0	ft	"test_58"
WD	wepp-209887	"12:59 pm  Tuesday May 8, 2018"	"REPUBLIC WA +"	30	sand	Skid	275	25	25	36	5	Skid	239	12	6	23	6	0	ft	"test_59"
WD	wepp-209894	"12:59 pm  Tuesday May 8, 2018"	"REPUBLIC WA +"	30	clay	Skid	196	22	20	23	5	Skid	104	7	19	41	7	0	ft	"test_60"
WD	wepp-209901	"12:59 pm  Tuesday May 8, 2018"	"REPUBLIC WA +"	30	silt	OldForest	62	24	1	62	9	OldForest	20	16	10	16	0	0	ft	"test_61"
WD	wepp-209908	"12:59 pm  Tuesday May 8, 2018"	"REPUBLIC WA +"	30	silt	HighFire	116	14	10	15	6	HighFire	217	23	13	13	8	0	ft	"test_62"
WD	wepp-209915	"12:59 pm  Tuesday May 8, 2018"	"REPUBLIC WA +"	30	loam	YoungForest	133	13	27	7	8	YoungForest	221	18	21	26	1	0	ft	"test_63"
WD	wepp-209922	"12:59 pm  Tuesday May 8, 2018"	"REPUBLIC WA +"	30	clay	Skid	6	4	1	25	2	Skid	247	29	1	32	8	0	ft	"test_64"
WD	wepp-209929	"12:59 pm  Tuesday May 8, 2018"	"REPUBLIC WA +"	30	clay	OldForest	222	29	20	0	4	OldForest	38	19	12	69	0	0	ft	"test_65"
WD	wepp-209936	"12:59 pm  Tuesday May 8, 2018"	"REPUBLIC WA +"	30	silt	Shrub	111	16	12	47	8	Shrub	52	7	14	62	7	0	ft	"test_66"
WD	wepp-209943	"12:59 pm  Tuesday May 8, 2018"	"REPUBLIC WA +"	30	loam	LowFire	298	16	3	20	4	LowFire	53	23	12	24	3	0	ft	"test_67"
WD	wepp-209950	"12:59 pm  Tuesday May 8, 2018"	"REPUBLIC WA +"	30	sand	OldForest	70	23	17	39	1	OldForest	106	6	18	50	3	0	ft	"test_68"
WD	wepp-209957	"12:59 pm  Tuesday May 8, 2018"	"REPUBLIC WA +"	30	silt	OldForest	95	13	6	15	8	OldForest	180	5	11	64	7	0	ft	"test_69"
WD	wepp-209964	"12:59 pm  Tuesday May 8, 2018"	"REPUBLIC WA +"	30	silt	Shrub	133	4	21	69	5	Shrub	73	28	27	16	8	0	ft	"test_70"
WD	wepp-209971	"12:59 pm  Tuesday May 8, 2018"	"REPUBLIC WA +"	30	loam	YoungForest	251	27	27	32	4	YoungForest	81	1	9	5	4	0	ft	"test_71"
WD	wepp-209978	"12:59 pm  Tuesday May 8, 2018"	"REPUBLIC WA +"	30	clay	OldForest	105	18	22	8	4	OldForest	197	18	16	63	4	0	ft	"test_72"
WD	wepp-209985	"12:59 pm  Tuesday May 8, 2018"	"REPUBLIC WA +"	30	sand	LowFire	76	2	28	11	9	LowFire	75	22	24	20	6	0	ft	"test_73"
WD	wepp-209992	"12:59 pm  Tuesday May 8, 2018"	"REPUBLIC WA +"	30	silt	YoungForest	128	4	26	25	1	YoungForest	187	3	27	29	4	0	ft	"test_74"
WD	wepp-209999	"12:59 pm  Tuesday May 8, 2018"	"REPUBLIC WA +"	30	clay	YoungForest	34	28	2	68	6	YoungForest	61	13	28	1	6	0	ft	"test_75"
WD	wepp-210006	"12:59 pm  Tuesday May 8, 2018"	"REPUBLIC WA +"	30	clay	Skid	170	16	18	50	8	Skid	182	13	8	18	4	0	ft	"test_76"
WD	wepp-210013	"12:59 pm  Tuesday May 8, 2018"	"REPUBLIC WA +"	30	loam	LowFire	36	13	0	15	6	LowFire	31	3	24	65	4	0	ft	"test_77"
WD	wepp-210020	"12:59 pm  Tuesday May 8, 2018"	"REPUBLIC WA +"	30	loam	Skid	196	27	6	55	5	Skid	274	15	16	45	2	0	ft	"test_78"
WD	wepp-210027	"12:59 pm  Tuesday May 8, 2018"	"REPUBLIC WA +"	30	clay	Bunchgrass	271	28	16	59	2	Bunchgrass	135	9	16	24	2	0	ft	"test_79"
WD	wepp-210034	"12:59 pm  Tuesday May 8, 2018"	"REPUBLIC WA +"	30	sand	HighFire	42	14	20	5	7	HighFire	249	14	24	61	1	0	ft	"test_80"
WD	wepp-210041	"12:59 pm  Tuesday May 8, 2018"	"REPUBLIC WA +"	30	sand	Sod	103	2	2	54	7	Sod	59	9	9	3	1	0	ft	"test_81"
WD	wepp-210048	"12:59 pm  Tuesday May 8, 2018"	"REPUBLIC WA +"	30	silt	Bunchgrass	136	12	12	37	3	Bunchgrass	86	10	14	41	0	0	ft	"test_82"
WD	wepp-210055	"12:59 pm  Tuesday May 8, 2018"	"REPUBLIC WA +"	30	loam	Skid	281	1	20	8	6	Skid	179	5	22	44	3	0	ft	"test_83"
WD	wepp-210062	"01:00 pm  Tuesday May 8, 2018"	"REPUBLIC WA +"	30	clay	OldForest	254	18	22	58	9	OldForest	287	0	3	36	5	0	ft	"test_84"
WD	wepp-210069	"01:00 pm  Tuesday May 8, 2018"	"REPUBLIC WA +"	30	clay	LowFire	110	4	16	65	7	LowFire	130	9	0	65	0	0	ft	"test_85"
WD	wepp-210076	"01:00 pm  Tuesday May 8, 2018"	"REPUBLIC WA +"	30	loam	LowFire	196	1	1	52	8	LowFire	211	27	20	39	2	0	ft	"test_86"
WD	wepp-210083	"01:00 pm  Tuesday May 8, 2018"	"REPUBLIC WA +"	30	sand	OldForest	38	26	12	60	6	OldForest	97	29	27	49	1	0	ft	"test_87"
WD	wepp-210090	"01:00 pm  Tuesday May 8, 2018"	"REPUBLIC WA +"	30	loam	Skid	297	8	20	3	2	Skid	155	25	17	8	1	0	ft	"test_88"
WD	wepp-210097	"01:00 pm  Tuesday May 8, 2018"	"REPUBLIC WA +"	30	silt	HighFire	297	10	20	40	4	HighFire	200	8	6	58	1	0	ft	"test_89"
WD	wepp-210104	"01:00 pm  Tuesday May 8, 2018"	"REPUBLIC WA +"	30	loam	Bunchgrass	22	1	2	19	5	Bunchgrass	229	12	26	35	3	0	ft	"test_90"
WD	wepp-210111	"01:00 pm  Tuesday May 8, 2018"	"REPUBLIC WA +"	30	sand	HighFire	134	29	23	59	1	HighFire	43	10	7	30	4	0	ft	"test_91"
WD	wepp-210118	"01:00 pm  Tuesday May 8, 2018"	"REPUBLIC WA +"	30	loam	OldForest	247	15	19	35	4	OldForest	188	12	23	12	0	0	ft	"test_92"
WD	wepp-210125	"01:00 pm  Tuesday May 8, 2018"	"REPUBLIC WA +"	30	loam	Shrub	187	17	22	35	3	Shrub	83	9	1	58	7	0	ft	"test_93"
WD	wepp-210132	"01:00 pm  Tuesday May 8, 2018"	"REPUBLIC WA +"	30	silt	HighFire	30	21	1	22	8	HighFire	59	1	25	66	5	0	ft	"test_94"
WD	wepp-210139	"01:00 pm  Tuesday May 8, 2018"	"REPUBLIC WA +"	30	silt	YoungForest	136	17	15	43	7	YoungForest	280	5	29	14	4	0	ft	"test_95"
WD	wepp-210146	"01:00 pm  Tuesday May 8, 2018"	"REPUBLIC WA +"	30	silt	OldForest	54	9	20	39	2	OldForest	104	9	24	19	7	0	ft	"test_96"
WD	wepp-210153	"01:00 pm  Tuesday May 8, 2018"	"REPUBLIC WA +"	30	silt	Skid	213	10	25	49	4	Skid	241	13	12	51	4	0	ft	"test_97"
WD	wepp-210160	"01:00 pm  Tuesday May 8, 2018"	"REPUBLIC WA +"	30	loam	LowFire	230	20	19	40	1	LowFire	24	29	4	15	6	0	ft	"test_98"
WD	wepp-210167	"01:00 pm  Tuesday May 8, 2018"	"REPUBLIC WA +"	30	silt	YoungForest	36	25	26	66	9	YoungForest	5	6	0	56	5	0	ft	"test_99"
WD	wepp-210174	"01:00 pm  Tuesday May 8, 2018"	"REPUBLIC WA +"	30	sand	Bunchgrass	181	20	25	3	2	Bunchgrass	265	26	15	49	1	0	ft	"test_100"
