WR	wepp-24605	"01:29 pm  Friday April 20, 2012"	"HOUGHTON LIL +"	30	silt	native	200	4	13	15	50	1	25	20	inveg	ft
WR	wepp-24652	"01:32 pm  Friday April 20, 2012"	"HOUGHTON LIL +"	30	silt	native	200	4	13	15	50	1	25	20	inbare	ft
WR	wepp-24718	"01:37 pm  Friday April 20, 2012"	"HOUGHTON LIL +"	30	clay	paved	200	4	13	15	50	1	25	20	inbare	ft
WR	wepp-24764	"01:40 pm  Friday April 20, 2012"	"HOUGHTON LIL +"	30	silt	paved	200	4	13	15	50	1	25	20	inveg	ft
WR	wepp-24784	"01:41 pm  Friday April 20, 2012"	"HOUGHTON LIL +"	30	silt	paved	200	4	13	15	50	1	25	20	inbare	ft
WR	wepp-24804	"01:42 pm  Friday April 20, 2012"	"HOUGHTON LIL +"	30	silt	native	200	4	13	15	50	1	25	20	inveg	ft
WR	wepp-24824	"01:42 pm  Friday April 20, 2012"	"HOUGHTON LIL +"	30	silt	native	200	4	13	15	50	1	25	20	inbare	ft
WR	wepp-24844	"01:44 pm  Friday April 20, 2012"	"HOUGHTON LIL +"	30	silt	paved	200	4	13	15	50	1	25	20	inveg	ft
WR	wepp-24976	"01:51 pm  Friday April 20, 2012"	"HOUGHTON LIL +"	30	silt	paved	200	4	13	15	50	15	25	20	inveg	ft
WR	wepp-24996	"01:52 pm  Friday April 20, 2012"	"HOUGHTON LIL +"	30	silt	paved	200	4	13	15	50	1	25	20	inbare	ft
WR	wepp-25015	"01:52 pm  Friday April 20, 2012"	"HOUGHTON LIL +"	30	silt	native	200	4	13	15	50	1	25	20	inbare	ft
WR	wepp-25062	"01:55 pm  Friday April 20, 2012"	"HOUGHTON LIL +"	30	silt	paved	200	4	13	15	50	20	25	20	inbare	ft
WR	wepp-25081	"01:55 pm  Friday April 20, 2012"	"HOUGHTON LIL +"	30	silt	paved	200	4	13	15	50	150	25	20	inbare	ft
WR	wepp-25101	"01:56 pm  Friday April 20, 2012"	"HOUGHTON LIL +"	30	silt	paved	200	4	13	15	50	1000	25	20	inbare	ft
WR	wepp-25121	"01:58 pm  Friday April 20, 2012"	"HOUGHTON LIL +"	30	silt	graveled	200	4	13	15	50	1	25	20	outunrut	ft
WD	wepp-25191	"02:02 pm  Friday April 20, 2012"	"HOUGHTON LIL +"	10	silt	OldForest	400	0	30	100	20	OldForest	75	30	5	100	20	0	ft	""
WD	wepp-25211	"02:04 pm  Friday April 20, 2012"	"HOUGHTON LIL +"	10	silt	Bunchgrass	400	0	30	60	20	OldForest	75	30	5	100	20	0	ft	""
WD	wepp-25258	"02:05 pm  Friday April 20, 2012"	"HOUGHTON LIL +"	10	silt	Bunchgrass	400	0	30	60	20	OldForest	30	30	5	100	20	0	ft	""
WD	wepp-25305	"02:09 pm  Friday April 20, 2012"	"HOUGHTON LIL +"	10	silt	HighFire	400	0	30	45	20	LowFire	30	30	5	85	20	0	ft	""
WD	wepp-25326	"02:13 pm  Friday April 20, 2012"	"HOUGHTON LIL +"	10	silt	OldForest	400	0	30	100	20	OldForest	100	30	5	100	20	0	ft	""
WD	wepp-25346	"02:13 pm  Friday April 20, 2012"	"HOUGHTON LIL +"	10	silt	Bunchgrass	400	0	30	60	20	OldForest	100	30	5	100	20	0	ft	""
WD	wepp-25394	"02:14 pm  Friday April 20, 2012"	"HOUGHTON LIL +"	10	silt	Bunchgrass	400	0	30	60	20	OldForest	10	30	5	100	20	0	ft	""
WD	wepp-25433	"02:15 pm  Friday April 20, 2012"	"HOUGHTON LIL +"	10	silt	Bunchgrass	400	0	30	60	20	OldForest	1.5	30	5	100	20	0	ft	""
WD	wepp-25453	"02:15 pm  Friday April 20, 2012"	"HOUGHTON LIL +"	10	silt	OldForest	400	0	30	100	20	OldForest	1.5	30	5	100	20	0	ft	""
WD	wepp-25473	"02:15 pm  Friday April 20, 2012"	"HOUGHTON LIL +"	10	silt	OldForest	400	0	30	100	20	OldForest	15	30	5	100	20	0	ft	""
