WR	wepp-563	"05:03 pm  Tuesday April 23, 2013"	"Question 2 +"	30	silt	native	200	4	13	15	50	1	25	20	inveg	ft
WR	wepp-584	"05:05 pm  Tuesday April 23, 2013"	"Question 2 +"	30	silt	native	200	4	13	15	50	1	25	20	inbare	ft
WR	wepp-632	"05:06 pm  Tuesday April 23, 2013"	"Question 2 +"	30	silt	paved	200	4	13	15	50	1	25	20	inbare	ft
WR	wepp-682	"05:11 pm  Tuesday April 23, 2013"	"Question 2 +"	30	silt	native	200	4	13	15	50	2	25	20	inbare	ft
WR	wepp-702	"05:11 pm  Tuesday April 23, 2013"	"Question 2 +"	30	silt	native	200	4	13	15	50	5	25	20	inbare	ft
WR	wepp-722	"05:11 pm  Tuesday April 23, 2013"	"Question 2 +"	30	silt	native	200	4	13	15	50	25	25	20	inbare	ft
WR	wepp-742	"05:12 pm  Tuesday April 23, 2013"	"Question 2 +"	30	silt	native	200	4	13	15	50	100	25	20	inbare	ft
WR	wepp-762	"05:12 pm  Tuesday April 23, 2013"	"Question 2 +"	30	silt	native	200	4	13	15	50	99	25	20	inbare	ft
WR	wepp-782	"05:12 pm  Tuesday April 23, 2013"	"Question 2 +"	30	silt	native	200	4	13	15	50	97	25	20	inbare	ft
WR	wepp-803	"05:12 pm  Tuesday April 23, 2013"	"Question 2 +"	30	silt	native	200	4	13	15	50	95	25	20	inbare	ft
WR	wepp-823	"05:12 pm  Tuesday April 23, 2013"	""	30	silt	native	200	4	13	15	50	90	25	20		ft
WR	wepp-843	"05:12 pm  Tuesday April 23, 2013"	"Question 2 +"	30	silt	native	200	4	13	15	50	90	25	20	inveg	ft
WR	wepp-863	"05:13 pm  Tuesday April 23, 2013"	"Question 2 +"	30	silt	native	200	4	13	15	50	70	25	20	inveg	ft
WR	wepp-883	"05:13 pm  Tuesday April 23, 2013"	"Question 2 +"	30	silt	native	200	4	13	15	50	100	25	20	inveg	ft
WR	wepp-906	"05:14 pm  Tuesday April 23, 2013"	"Question 2 +"	30	silt	native	200	4	13	15	50	1	25	20	inveg	ft
WR	wepp-947	"05:15 pm  Tuesday April 23, 2013"	"Question 2 +"	30	silt	native	200	4	13	15	50	1	25	20	inbare	ft
WR	wepp-968	"05:15 pm  Tuesday April 23, 2013"	"Question 2 +"	30	silt	paved	200	4	13	15	50	1	25	20	inbare	ft
WR	wepp-1017	"05:15 pm  Tuesday April 23, 2013"	"Question 2 +"	30	silt	native	200	4	13	15	50	50	25	20	inbare	ft
WR	wepp-1036	"05:16 pm  Tuesday April 23, 2013"	"Question 2 +"	30	silt	native	200	4	13	15	50	60	25	20	inbare	ft
WR	wepp-1056	"05:16 pm  Tuesday April 23, 2013"	"Question 2 +"	30	silt	native	200	4	13	15	50	70	25	20	inbare	ft
WR	wepp-1076	"05:16 pm  Tuesday April 23, 2013"	"Question 2 +"	30	silt	native	200	4	13	15	50	75	25	20	inbare	ft
WR	wepp-1097	"05:16 pm  Tuesday April 23, 2013"	"Question 2 +"	30	silt	native	200	4	13	15	50	80	25	20	inbare	ft
WR	wepp-1117	"05:16 pm  Tuesday April 23, 2013"	"Question 2 +"	30	silt	native	200	4	13	15	50	90	25	20	inbare	ft
WR	wepp-1137	"05:16 pm  Tuesday April 23, 2013"	"Question 2 +"	30	silt	native	200	4	13	15	50	91	25	20	inbare	ft
WR	wepp-1159	"05:19 pm  Tuesday April 23, 2013"	"Question 2 +"	30	silt	graveled	200	4	13	15	50	1	25	20	outunrut	ft
WD	wepp-1222	"05:25 pm  Tuesday April 23, 2013"	"Question 2 +"	10	silt	OldForest	400	0	30	100	20	OldForest	30	30	5	100	20	0	ft	""
WD	wepp-1271	"05:27 pm  Tuesday April 23, 2013"	"Question 2 +"	10	silt	Bunchgrass	400	0	30	60	20	OldForest	30	30	5	100	20	0	ft	""
WD	wepp-1292	"05:28 pm  Tuesday April 23, 2013"	"Question 2 +"	10	silt	HighFire	400	0	30	45	20	LowFire	30	30	5	85	20	0	ft	""
WD	wepp-1412	"05:30 pm  Tuesday April 23, 2013"	"Question 2 +"	10	silt	Bunchgrass	400	0	30	60	20	Sod	60	30	5	40	20	0	ft	""
WD	wepp-1544	"05:30 pm  Tuesday April 23, 2013"	"Question 2 +"	10	silt	Bunchgrass	400	0	30	60	20	OldForest	60	30	5	100	20	0	ft	""
WD	wepp-1592	"05:31 pm  Tuesday April 23, 2013"	"Question 2 +"	10	silt	HighFire	400	0	30	45	20	OldForest	60	30	5	100	20	0	ft	""
WD	wepp-1611	"05:32 pm  Tuesday April 23, 2013"	"Question 2 +"	10	silt	HighFire	400	0	30	45	20	OldForest	90	30	5	100	20	0	ft	""
WD	wepp-1630	"05:32 pm  Tuesday April 23, 2013"	"Question 2 +"	10	silt	HighFire	400	0	30	45	20	OldForest	120	30	5	100	20	0	ft	""
WD	wepp-1649	"05:32 pm  Tuesday April 23, 2013"	"Question 2 +"	10	silt	HighFire	400	0	30	45	20	OldForest	150	30	5	100	20	0	ft	""
WD	wepp-1669	"05:32 pm  Tuesday April 23, 2013"	"../working/141_219_26_218_v"	10	silt	HighFire	400	0	30	45	20		145	30	5	0	20	0	ft	""
WD	wepp-1671	"05:32 pm  Tuesday April 23, 2013"	"Question 2 +"	10	silt	HighFire	400	0	30	45	20	OldForest	145	30	5	0	20	0	ft	""
WD	wepp-1692	"05:32 pm  Tuesday April 23, 2013"	"Question 2 +"	10	silt	HighFire	400	0	30	45	20	OldForest	145	30	5	100	20	0	ft	""
WD	wepp-1720	"05:34 pm  Tuesday April 23, 2013"	"Question 2 +"	10	silt	HighFire	400	0	30	45	20	HighFire	30	30	5	45	20	0	ft	""
WD	wepp-1831	"05:36 pm  Tuesday April 23, 2013"	"Question 2 +"	10	silt	HighFire	400	0	30	45	20	LowFire	30	30	5	85	20	0	ft	""
WD	wepp-2248	"06:20 pm  Tuesday April 23, 2013"	"Question 2 +"	10	silt	HighFire	400	0	30	45	20	LowFire	30	30	5	85	20	0	ft	""
