WR	wepp-30235	"10:51 am  Friday April 2, 2010"	"Hydrology Homework 7 +"	30	silt	native	200	4	13	15	50	1	25	20	inveg	ft
WR	wepp-30267	"10:54 am  Friday April 2, 2010"	"Hydrology Homework 7 +"	30	silt	native	200	4	13	15	50	1	25	20	inbare	ft
WR	wepp-30300	"10:56 am  Friday April 2, 2010"	"Hydrology Homework 7 +"	30	silt	native	200	4	13	15	50	1	25	20	inveg	ft
WR	wepp-30320	"10:58 am  Friday April 2, 2010"	"Hydrology Homework 7 +"	30	silt	native	200	4	13	15	50	1	25	20	inbare	ft
WR	wepp-30360	"11:00 am  Friday April 2, 2010"	"Hydrology Homework 7 +"	30	silt	paved	200	4	13	15	50	1	25	20	inbare	ft
WR	wepp-30523	"11:03 am  Friday April 2, 2010"	"Hydrology Homework 7 +"	30	silt	paved	200	4	13	15	50	200	25	20	inbare	ft
WR	wepp-30549	"11:04 am  Friday April 2, 2010"	"Hydrology Homework 7 +"	30	silt	paved	200	4	13	15	50	300	25	20	inbare	ft
WR	wepp-30565	"11:04 am  Friday April 2, 2010"	"Hydrology Homework 7 +"	30	silt	paved	200	4	13	15	50	400	25	20	inbare	ft
WR	wepp-30575	"11:04 am  Friday April 2, 2010"	"Hydrology Homework 7 +"	30	silt	paved	200	4	13	15	50	500	25	20	inbare	ft
WR	wepp-30590	"11:04 am  Friday April 2, 2010"	"Hydrology Homework 7 +"	30	silt	paved	200	4	13	15	50	510	25	20	inbare	ft
WR	wepp-30600	"11:04 am  Friday April 2, 2010"	"Hydrology Homework 7 +"	30	silt	paved	200	4	13	15	50	512	25	20	inbare	ft
WR	wepp-30610	"11:05 am  Friday April 2, 2010"	"Hydrology Homework 7 +"	30	silt	paved	200	4	13	15	50	520	25	20	inbare	ft
WR	wepp-30615	"11:05 am  Friday April 2, 2010"	"Hydrology Homework 7 +"	30	silt	paved	200	4	13	15	50	515	25	20	inbare	ft
WR	wepp-30628	"11:05 am  Friday April 2, 2010"	"Hydrology Homework 7 +"	30	silt	paved	200	4	13	15	50	516	25	20	inbare	ft
WR	wepp-30638	"11:05 am  Friday April 2, 2010"	"Hydrology Homework 7 +"	30	silt	paved	200	4	13	15	50	515.5	25	20	inbare	ft
WR	wepp-30648	"11:05 am  Friday April 2, 2010"	"Hydrology Homework 7 +"	30	silt	paved	200	4	13	15	50	515.4	25	20	inbare	ft
WR	wepp-30695	"11:06 am  Friday April 2, 2010"	"Hydrology Homework 7 +"	30	silt	graveled	200	4	13	15	50	1	25	20	outunrut	ft
WD	wepp-30805	"11:12 am  Friday April 2, 2010"	"Hydrology Homework 7 +"	30	silt	tree20	121.951219512195	0	30	100	20	tree20	22.8658536585366	30	5	100	20	0	ft	"Hydro hw 7"
WD	wepp-30851	"11:15 am  Friday April 2, 2010"	"Hydrology Homework 7 +"	30	silt	tall	121.951219512195	0	30	60	20	tree20	22.8658536585366	30	5	100	20	0	ft	"Hydro hw 7"
WD	wepp-30893	"11:16 am  Friday April 2, 2010"	"Hydrology Homework 7 +"	30	silt	tall	121.951219512195	0	30	60	20	tree20	9.14634146341463	30	5	100	20	0	ft	"Hydro hw 7"
WD	wepp-30907	"11:17 am  Friday April 2, 2010"	"Hydrology Homework 7 +"	30	silt	tall	121.951219512195	0	30	60	20	tree20	9.14634146341463	30	5	100	20	0	ft	"Hydro hw 7"
WD	wepp-30919	"11:18 am  Friday April 2, 2010"	"Hydrology Homework 7 +"	30	silt	tall	121.951219512195	0	30	60	20	tree20	22.8658536585366	30	5	100	20	0	ft	"Hydro hw 7"
WD	wepp-30961	"11:22 am  Friday April 2, 2010"	"Hydrology Homework 7 +"	30	silt	high	121.951219512195	0	30	45	20	low	9.14634146341463	30	5	85	20	0	ft	"Hydro hw 7"
WD	wepp-30997	"11:24 am  Friday April 2, 2010"	"Hydrology Homework 7 +"	30	silt	high	121.951219512195	0	30	45	20	tree20	30.4878048780488	30	5	100	20	0	ft	"Hydro hw 7"
WD	wepp-31012	"11:24 am  Friday April 2, 2010"	"Hydrology Homework 7 +"	30	silt	high	121.951219512195	0	30	45	20	tree20	152.439024390244	30	5	100	20	0	ft	"Hydro hw 7"
WD	wepp-31022	"11:24 am  Friday April 2, 2010"	"Hydrology Homework 7 +"	30	silt	high	121.951219512195	0	30	45	20	tree20	121.951219512195	30	5	100	20	0	ft	"Hydro hw 7"
WD	wepp-31032	"11:24 am  Friday April 2, 2010"	"Hydrology Homework 7 +"	30	silt	high	121.951219512195	0	30	45	20	tree20	91.4634146341463	30	5	100	20	0	ft	"Hydro hw 7"
WD	wepp-31052	"11:25 am  Friday April 2, 2010"	"Hydrology Homework 7 +"	30	silt	high	121.951219512195	0	30	45	20	tree20	106.707317073171	30	5	100	20	0	ft	"Hydro hw 7"
WD	wepp-31068	"11:25 am  Friday April 2, 2010"	"Hydrology Homework 7 +"	30	silt	high	121.951219512195	0	30	45	20	tree20	99.0853658536585	30	5	100	20	0	ft	"Hydro hw 7"
WD	wepp-31088	"11:25 am  Friday April 2, 2010"	"Hydrology Homework 7 +"	30	silt	high	121.951219512195	0	30	45	20	tree20	91.4634146341463	30	5	100	20	0	ft	"Hydro hw 7"
WD	wepp-31098	"11:25 am  Friday April 2, 2010"	"Hydrology Homework 7 +"	30	silt	high	121.951219512195	0	30	45	20	tree20	115.853658536585	30	5	100	20	0	ft	"Hydro hw 7"
WD	wepp-31118	"11:26 am  Friday April 2, 2010"	"Hydrology Homework 7 +"	30	silt	high	121.951219512195	0	30	45	20	tree20	103.963414634146	30	5	100	20	0	ft	"Hydro hw 7"
WD	wepp-31180	"11:26 am  Friday April 2, 2010"	"Hydrology Homework 7 +"	30	silt	high	121.951219512195	0	30	45	20	tree20	103.048780487805	30	5	100	20	0	ft	"Hydro hw 7"
WD	wepp-31200	"11:26 am  Friday April 2, 2010"	"Hydrology Homework 7 +"	30	silt	high	121.951219512195	0	30	45	20	tree20	103.658536585366	30	5	100	20	0	ft	"Hydro hw 7"
WD	wepp-31215	"11:26 am  Friday April 2, 2010"	"Hydrology Homework 7 +"	30	silt	high	121.951219512195	0	30	45	20	tree20	103.963414634146	30	5	100	20	0	ft	"Hydro hw 7"
WD	wepp-31235	"11:27 am  Friday April 2, 2010"	"Hydrology Homework 7 +"	30	silt	high	121.951219512195	0	30	45	20	tree20	103.810975609756	30	5	100	20	0	ft	"Hydro hw 7"
WD	wepp-31255	"11:27 am  Friday April 2, 2010"	"Hydrology Homework 7 +"	30	silt	high	121.951219512195	0	30	45	20	tree20	103.90243902439	30	5	100	20	0	ft	"Hydro hw 7"
WD	wepp-31265	"11:27 am  Friday April 2, 2010"	"Hydrology Homework 7 +"	30	silt	high	121.951219512195	0	30	45	20	tree20	103.932926829268	30	5	100	20	0	ft	"Hydro hw 7"
WD	wepp-31300	"11:28 am  Friday April 2, 2010"	"Hydrology Homework 7 +"	30	silt	high	121.951219512195	0	30	45	20	high	22.8658536585366	30	5	45	20	0	ft	"Hydro hw 7"
WR	wepp-25797	"08:22 am  Wednesday April 14, 2010"	"Racine +"	30	silt	native	200	4	13	15	50	1	25	20	inveg	ft
WR	wepp-25877	"08:27 am  Wednesday April 14, 2010"	"Racine +"	30	clay	native	200	4	13	15	50	1	25	20	inbare	ft
WR	wepp-25919	"08:30 am  Wednesday April 14, 2010"	"Racine +"	30	clay	paved	200	4	13	15	50	1	25	20	inbare	ft
WR	wepp-26151	"08:49 am  Wednesday April 14, 2010"	"Racine +"	30	clay	paved	200	4	13	15	50	50	25	20	inbare	ft
WR	wepp-26156	"08:50 am  Wednesday April 14, 2010"	"Racine +"	30	clay	paved	200	4	13	15	50	75	25	20	inbare	ft
WR	wepp-26161	"08:50 am  Wednesday April 14, 2010"	"Racine +"	30	clay	paved	200	4	13	15	50	100	25	20	inbare	ft
WR	wepp-26166	"08:50 am  Wednesday April 14, 2010"	"Racine +"	30	clay	paved	200	4	13	15	50	200	25	20	inbare	ft
WR	wepp-26171	"08:50 am  Wednesday April 14, 2010"	"Racine +"	30	clay	paved	200	4	13	15	50	300	25	20	inbare	ft
WR	wepp-26182	"08:50 am  Wednesday April 14, 2010"	"Racine +"	30	clay	paved	200	4	13	15	50	450	25	20	inbare	ft
WR	wepp-26187	"08:51 am  Wednesday April 14, 2010"	"Racine +"	30	clay	paved	200	4	13	15	50	800	25	20	inbare	ft
WR	wepp-26202	"08:51 am  Wednesday April 14, 2010"	"Racine +"	30	clay	paved	200	4	13	15	50	950	25	20	inbare	ft
WR	wepp-26207	"08:51 am  Wednesday April 14, 2010"	"Racine +"	30	clay	paved	200	4	13	15	50	50	25	20	inbare	ft
WR	wepp-26322	"08:58 am  Wednesday April 14, 2010"	"Racine +"	30	clay	paved	200	4	13	15	50	600	25	20	inbare	ft
WR	wepp-26327	"08:59 am  Wednesday April 14, 2010"	"Racine +"	30	clay	paved	200	4	13	15	50	900	25	20	inbare	ft
WR	wepp-26337	"08:59 am  Wednesday April 14, 2010"	"Racine +"	30	clay	paved	200	4	13	15	50	700	25	20	inbare	ft
WR	wepp-26342	"08:59 am  Wednesday April 14, 2010"	"Racine +"	30	clay	paved	200	4	13	15	50	650	25	20	inbare	ft
WR	wepp-26347	"08:59 am  Wednesday April 14, 2010"	"Racine +"	30	clay	paved	200	4	13	15	50	625	25	20	inbare	ft
WR	wepp-26371	"09:01 am  Wednesday April 14, 2010"	"Racine +"	30	clay	paved	200	4	13	15	50	635	25	20	inbare	ft
WR	wepp-26378	"09:01 am  Wednesday April 14, 2010"	"Racine +"	30	clay	paved	200	4	13	15	50	200	25	20	inbare	ft
WR	wepp-26383	"09:01 am  Wednesday April 14, 2010"	"Racine +"	30	clay	paved	200	4	13	15	50	250	25	20	inbare	ft
WR	wepp-26388	"09:01 am  Wednesday April 14, 2010"	"Racine +"	30	clay	paved	200	4	13	15	50	275	25	20	inbare	ft
WR	wepp-26425	"09:02 am  Wednesday April 14, 2010"	"Racine +"	30	clay	paved	200	4	13	15	50	90	25	20	inbare	ft
WR	wepp-26430	"09:02 am  Wednesday April 14, 2010"	"Racine +"	30	clay	paved	200	4	13	15	50	152	25	20	inbare	ft
WR	wepp-26435	"09:02 am  Wednesday April 14, 2010"	"Racine +"	30	clay	paved	200	4	13	15	50	215	25	20	inbare	ft
WR	wepp-26445	"09:03 am  Wednesday April 14, 2010"	"Racine +"	30	clay	paved	200	4	13	15	50	250	25	20	inbare	ft
WR	wepp-26450	"09:03 am  Wednesday April 14, 2010"	"Racine +"	30	clay	paved	200	4	13	15	50	600	25	20	inbare	ft
WR	wepp-26469	"09:05 am  Wednesday April 14, 2010"	"Racine +"	30	clay	paved	200	4	13	15	50	700	25	20	inbare	ft
WR	wepp-26475	"09:05 am  Wednesday April 14, 2010"	"Racine +"	30	clay	paved	200	4	13	15	50	600	25	20	inbare	ft
WR	wepp-26480	"09:05 am  Wednesday April 14, 2010"	"Racine +"	30	clay	paved	200	4	13	15	50	700	25	20	inbare	ft
WR	wepp-26485	"09:06 am  Wednesday April 14, 2010"	"Racine +"	30	clay	paved	200	4	13	15	50	600	25	20	inbare	ft
WR	wepp-26491	"09:06 am  Wednesday April 14, 2010"	"Racine +"	30	clay	paved	200	4	13	15	50	15	25	20	inbare	ft
WR	wepp-26526	"09:06 am  Wednesday April 14, 2010"	"Racine +"	30	clay	paved	200	4	13	15	50	50	25	20	inbare	ft
WR	wepp-26562	"09:07 am  Wednesday April 14, 2010"	"Racine +"	30	clay	paved	200	4	13	15	50	120	25	20	inbare	ft
WR	wepp-26567	"09:07 am  Wednesday April 14, 2010"	"Racine +"	30	clay	paved	200	4	13	15	50	150	25	20	inbare	ft
WR	wepp-26572	"09:07 am  Wednesday April 14, 2010"	"Racine +"	30	clay	paved	200	4	13	15	50	120	25	20	inbare	ft
WR	wepp-26577	"09:07 am  Wednesday April 14, 2010"	"Racine +"	30	clay	paved	200	4	13	15	50	500	25	20	inbare	ft
WR	wepp-26582	"09:07 am  Wednesday April 14, 2010"	"Racine +"	30	clay	paved	200	4	13	15	50	550	25	20	inbare	ft
WR	wepp-26588	"09:08 am  Wednesday April 14, 2010"	"Racine +"	30	clay	paved	200	4	13	15	50	575	25	20	inbare	ft
WR	wepp-26593	"09:08 am  Wednesday April 14, 2010"	"Racine +"	30	clay	paved	200	4	13	15	50	550	25	20	inbare	ft
WR	wepp-26598	"09:08 am  Wednesday April 14, 2010"	"Racine +"	30	clay	paved	200	4	13	15	50	525	25	20	inbare	ft
WR	wepp-26604	"09:08 am  Wednesday April 14, 2010"	"Racine +"	30	clay	paved	200	4	13	15	50	525	25	20	inbare	ft
WR	wepp-26609	"09:08 am  Wednesday April 14, 2010"	"Racine +"	30	clay	paved	200	4	13	15	50	545	25	20	inbare	ft
WR	wepp-26615	"09:09 am  Wednesday April 14, 2010"	"Racine +"	30	clay	paved	200	4	13	15	50	555	25	20	inbare	ft
WR	wepp-26622	"09:09 am  Wednesday April 14, 2010"	"Racine +"	30	clay	paved	200	4	13	15	50	575	25	20	inbare	ft
WR	wepp-26630	"09:09 am  Wednesday April 14, 2010"	"Racine +"	30	clay	paved	200	4	13	15	50	580	25	20	inbare	ft
WR	wepp-26691	"09:14 am  Wednesday April 14, 2010"	"Racine +"	30	clay	graveled	200	4	13	15	50	1	25	20	outunrut	ft
WD	wepp-22895	"08:02 am  Friday April 16, 2010"	"Racine +"	30	silt	tree20	121.951219512195	0	30	100	20	tree20	22.8658536585366	30	5	100	20	0	ft	""
WD	wepp-22958	"08:05 am  Friday April 16, 2010"	"Racine +"	30	silt	tall	121.951219512195	0	30	60	20	tree20	22.8658536585366	30	5	100	20	0	ft	""
WD	wepp-22985	"08:08 am  Friday April 16, 2010"	"Racine +"	30	silt	tall	121.951219512195	0	30	60	20	tree20	9.14634146341463	30	5	100	20	0	ft	""
WD	wepp-23094	"08:16 am  Friday April 16, 2010"	"Racine +"	30	silt	high	121.951219512195	0	30	45	20	low	9.14634146341463	30	5	85	20	0	ft	""
WD	wepp-23138	"08:22 am  Friday April 16, 2010"	"Racine +"	30	silt	high	121.951219512195	0	30	45	20	high	9.14634146341463	30	5	45	20	0	ft	""
WR	wepp-23385	"08:42 am  Friday April 16, 2010"	"Racine +"	30	silt	paved	200	4	13	15	50	130	25	20	inbare	ft
WR	wepp-23390	"08:42 am  Friday April 16, 2010"	"Racine +"	30	silt	paved	200	4	13	15	50	140	25	20	inbare	ft
WR	wepp-23400	"08:42 am  Friday April 16, 2010"	"Racine +"	30	silt	paved	200	4	13	15	50	150	25	20	inbare	ft
WR	wepp-23407	"08:42 am  Friday April 16, 2010"	"Racine +"	30	silt	paved	200	4	13	15	50	160	25	20	inbare	ft
WR	wepp-23415	"08:43 am  Friday April 16, 2010"	"Racine +"	30	silt	paved	200	4	13	15	50	180	25	20	inbare	ft
WR	wepp-23422	"08:43 am  Friday April 16, 2010"	"Racine +"	30	silt	paved	200	4	13	15	50	190	25	20	inbare	ft
WR	wepp-23429	"08:43 am  Friday April 16, 2010"	"Racine +"	30	silt	paved	200	4	13	15	50	210	25	20	inbare	ft
WR	wepp-23435	"08:43 am  Friday April 16, 2010"	"Racine +"	30	silt	paved	200	4	13	15	50	250	25	20	inbare	ft
WR	wepp-23440	"08:43 am  Friday April 16, 2010"	"Racine +"	30	silt	paved	200	4	13	15	50	400	25	20	inbare	ft
WR	wepp-23445	"08:43 am  Friday April 16, 2010"	"Racine +"	30	silt	paved	200	4	13	15	50	600	25	20	inbare	ft
WR	wepp-23450	"08:44 am  Friday April 16, 2010"	"Racine +"	30	silt	paved	200	4	13	15	50	700	25	20	inbare	ft
WR	wepp-23460	"08:44 am  Friday April 16, 2010"	"Racine +"	30	silt	paved	200	4	13	15	50	1000	25	20	inbare	ft
WD	wepp-23603	"08:54 am  Friday April 16, 2010"	"Racine +"	30	silt	high	121.951219512195	0	30	45	20	tree20	15.2439024390244	30	5	100	20	0	ft	""
WD	wepp-23608	"08:54 am  Friday April 16, 2010"	"Racine +"	30	silt	high	121.951219512195	0	30	45	20	tree20	21.3414634146341	30	5	100	20	0	ft	""
WD	wepp-23613	"08:54 am  Friday April 16, 2010"	"Racine +"	30	silt	high	121.951219512195	0	30	45	20	tree20	30.4878048780488	30	5	100	20	0	ft	""
WD	wepp-23618	"08:55 am  Friday April 16, 2010"	"Racine +"	30	silt	high	121.951219512195	0	30	45	20	tree20	38.109756097561	30	5	100	20	0	ft	""
WD	wepp-23623	"08:55 am  Friday April 16, 2010"	"Racine +"	30	silt	high	121.951219512195	0	30	45	20	tree20	45.7317073170732	30	5	100	20	0	ft	""
WD	wepp-23656	"08:55 am  Friday April 16, 2010"	"Racine +"	30	silt	high	121.951219512195	0	30	45	20	tree20	60.9756097560976	30	5	100	20	0	ft	""
WD	wepp-23661	"08:55 am  Friday April 16, 2010"	"Racine +"	30	silt	high	121.951219512195	0	30	45	20	tree20	91.4634146341463	30	5	100	20	0	ft	""
WD	wepp-23669	"08:55 am  Friday April 16, 2010"	"Racine +"	30	silt	high	121.951219512195	0	30	45	20	tree20	114.329268292683	30	5	100	20	0	ft	""
WD	wepp-23675	"08:55 am  Friday April 16, 2010"	"Racine +"	30	silt	high	121.951219512195	0	30	45	20	tree20	121.951219512195	30	5	100	20	0	ft	""
WD	wepp-23680	"08:56 am  Friday April 16, 2010"	"Racine +"	30	silt	high	121.951219512195	0	30	45	20	tree20	152.439024390244	30	5	100	20	0	ft	""
WD	wepp-23685	"08:56 am  Friday April 16, 2010"	"Racine +"	30	silt	high	121.951219512195	0	30	45	20	tree20	182.926829268293	30	5	100	20	0	ft	""
WD	wepp-23691	"08:56 am  Friday April 16, 2010"	"Racine +"	30	silt	high	121.951219512195	0	30	45	20	tree20	243.90243902439	30	5	100	20	0	ft	""
WD	wepp-23696	"08:56 am  Friday April 16, 2010"	"Racine +"	30	silt	high	121.951219512195	0	30	45	20	tree20	289.634146341463	30	5	100	20	0	ft	""
WD	wepp-23701	"08:56 am  Friday April 16, 2010"	"Racine +"	30	silt	high	121.951219512195	0	30	45	20	tree20	301.829268292683	30	5	100	20	0	ft	""
WD	wepp-23706	"08:56 am  Friday April 16, 2010"	"Racine +"	30	silt	high	121.951219512195	0	30	45	20	tree20	304.878048780488	30	5	100	20	0	ft	""
WD	wepp-857	"11:07 am  Friday April 1, 2011"	"HOUGHTON FAA AP MI +"	30	silt	tree20	400	0	30	100	20	tree5	50	30	5	100	20	0	ft	""
WD	wepp-912	"11:08 am  Friday April 1, 2011"	"HOUGHTON FAA AP MI +"	30	silt	tree20	400	0	30	100	20	tree5	75	30	5	100	20	0	ft	""
WR	wepp-1039	"11:12 am  Friday April 1, 2011"	"HOUGHTON FAA AP MI +"	30	silt	native	200	4	13	15	50	1	25	20	inveg	ft
WR	wepp-12326	"03:39 pm  Monday April 4, 2011"	"Hydrology Homework 7 +"	30	silt	native	200	4	13	15	50	453	25	20	inbare	ft
WR	wepp-12331	"03:40 pm  Monday April 4, 2011"	"Hydrology Homework 7 +"	30	silt	native	200	4	13	15	50	450	25	20	inbare	ft
WR	wepp-12336	"03:40 pm  Monday April 4, 2011"	"Hydrology Homework 7 +"	30	silt	native	200	4	13	15	50	446	25	20	inbare	ft
WR	wepp-12341	"03:40 pm  Monday April 4, 2011"	"Hydrology Homework 7 +"	30	silt	native	200	4	13	15	50	440	25	20	inbare	ft
WR	wepp-12346	"03:40 pm  Monday April 4, 2011"	"Hydrology Homework 7 +"	30	silt	native	200	4	13	15	50	433	25	20	inbare	ft
WR	wepp-12351	"03:40 pm  Monday April 4, 2011"	"Hydrology Homework 7 +"	30	silt	native	200	4	13	15	50	420	25	20	inbare	ft
WR	wepp-12356	"03:41 pm  Monday April 4, 2011"	"Hydrology Homework 7 +"	30	silt	native	200	4	13	15	50	421	25	20	inbare	ft
WR	wepp-12361	"03:41 pm  Monday April 4, 2011"	"Hydrology Homework 7 +"	30	silt	native	200	4	13	15	50	422	25	20	inbare	ft
WR	wepp-12367	"03:41 pm  Monday April 4, 2011"	"Hydrology Homework 7 +"	30	silt	native	200	4	13	15	50	423	25	20	inbare	ft
WR	wepp-12373	"03:41 pm  Monday April 4, 2011"	"Hydrology Homework 7 +"	30	silt	native	200	4	13	15	50	424	25	20	inbare	ft
WR	wepp-12382	"03:44 pm  Monday April 4, 2011"	"Hydrology Homework 7 +"	30	silt	graveled	200	4	13	15	50	1	25	20	outunrut	ft
WR	wepp-5496	"02:02 pm  Thursday April 14, 2011"	"Hydro 7 +"	30	silt	native	200	4	13	15	50	1	25	20	inveg	ft
WR	wepp-5529	"02:04 pm  Thursday April 14, 2011"	"Hydro 7 +"	30	silt	native	200	4	13	15	50	1	25	20	inbare	ft
WR	wepp-5534	"02:05 pm  Thursday April 14, 2011"	"Hydro 7 +"	30	silt	paved	200	4	13	15	50	1	25	20	inbare	ft
WR	wepp-5566	"02:09 pm  Thursday April 14, 2011"	"Hydro 7 +"	30	silt	paved	200	4	13	15	50	20	25	20	inbare	ft
WR	wepp-5571	"02:11 pm  Thursday April 14, 2011"	"Hydro 7 +"	30	silt	paved	200	4	13	15	50	50	25	20	inbare	ft
WR	wepp-5576	"02:11 pm  Thursday April 14, 2011"	"Hydro 7 +"	30	silt	paved	200	4	13	15	50	100	25	20	inbare	ft
WR	wepp-5581	"02:11 pm  Thursday April 14, 2011"	"Hydro 7 +"	30	silt	paved	200	4	13	15	50	200	25	20	inbare	ft
WR	wepp-5586	"02:11 pm  Thursday April 14, 2011"	"Hydro 7 +"	30	silt	paved	200	4	13	15	50	300	25	20	inbare	ft
WR	wepp-5591	"02:12 pm  Thursday April 14, 2011"	"Hydro 7 +"	30	silt	paved	200	4	13	15	50	400	25	20	inbare	ft
WR	wepp-5599	"02:12 pm  Thursday April 14, 2011"	"Hydro 7 +"	30	silt	paved	200	4	13	15	50	450	25	20	inbare	ft
WR	wepp-5631	"02:13 pm  Thursday April 14, 2011"	"Hydro 7 +"	30	silt	paved	200	4	13	15	50	460	25	20	inbare	ft
WR	wepp-5636	"02:13 pm  Thursday April 14, 2011"	"Hydro 7 +"	30	silt	paved	200	4	13	15	50	480	25	20	inbare	ft
WR	wepp-5641	"02:13 pm  Thursday April 14, 2011"	"Hydro 7 +"	30	silt	paved	200	4	13	15	50	470	25	20	inbare	ft
WR	wepp-5646	"02:13 pm  Thursday April 14, 2011"	"Hydro 7 +"	30	silt	paved	200	4	13	15	50	465	25	20	inbare	ft
WR	wepp-5651	"02:13 pm  Thursday April 14, 2011"	"Hydro 7 +"	30	silt	paved	200	4	13	15	50	467	25	20	inbare	ft
WR	wepp-5656	"02:13 pm  Thursday April 14, 2011"	"Hydro 7 +"	30	silt	paved	200	4	13	15	50	466	25	20	inbare	ft
WR	wepp-5661	"02:14 pm  Thursday April 14, 2011"	"Hydro 7 +"	30	silt	paved	200	4	13	15	50	467	25	20	inbare	ft
WR	wepp-5666	"02:14 pm  Thursday April 14, 2011"	"Hydro 7 +"	30	silt	paved	200	4	13	15	50	468	25	20	inbare	ft
WR	wepp-5671	"02:14 pm  Thursday April 14, 2011"	"Hydro 7 +"	30	silt	paved	200	4	13	15	50	469	25	20	inbare	ft
WR	wepp-5695	"02:15 pm  Thursday April 14, 2011"	"Hydro 7 +"	30	silt	graveled	200	4	13	15	50	1	25	20	outunrut	ft
WD	wepp-5757	"02:25 pm  Thursday April 14, 2011"	"Hydro 7 +"	30	silt	tree20	400	0	30	100	20	tree20	75	30	5	100	20	0	ft	""
WD	wepp-5763	"02:26 pm  Thursday April 14, 2011"	"Hydro 7 +"	30	silt	tall	400	0	30	60	20	tree20	75	30	5	100	20	0	ft	""
WD	wepp-5949	"02:33 pm  Thursday April 14, 2011"	"Hydro 7 +"	30	silt	tall	400	0	30	60	20	tree20	30	30	5	100	20	0	ft	""
WD	wepp-5957	"02:36 pm  Thursday April 14, 2011"	"Hydro 7 +"	30	silt	high	400	0	30	45	20	low	30	30	5	85	20	0	ft	""
WD	wepp-5993	"02:38 pm  Thursday April 14, 2011"	"Hydro 7 +"	30	silt	high	400	0	30	45	20	tree20	30	30	5	100	20	0	ft	""
WD	wepp-5998	"02:39 pm  Thursday April 14, 2011"	"Hydro 7 +"	30	silt	high	400	0	30	45	20	tree20	500	30	5	150	20	0	ft	""
WD	wepp-6003	"02:39 pm  Thursday April 14, 2011"	"Hydro 7 +"	30	silt	high	400	0	30	45	20	tree20	400	30	5	150	20	0	ft	""
WD	wepp-6008	"02:40 pm  Thursday April 14, 2011"	"Hydro 7 +"	30	silt	high	400	0	30	45	20	tree20	200	30	5	150	20	0	ft	""
WD	wepp-6013	"02:40 pm  Thursday April 14, 2011"	"Hydro 7 +"	30	silt	high	400	0	30	45	20	tree20	300	30	5	150	20	0	ft	""
WD	wepp-6018	"02:40 pm  Thursday April 14, 2011"	"Hydro 7 +"	30	silt	high	400	0	30	45	20	tree20	350	30	5	150	20	0	ft	""
WD	wepp-6023	"02:40 pm  Thursday April 14, 2011"	"Hydro 7 +"	30	silt	high	400	0	30	45	20	tree20	340	30	5	150	20	0	ft	""
WD	wepp-6028	"02:40 pm  Thursday April 14, 2011"	"Hydro 7 +"	30	silt	high	400	0	30	45	20	tree20	345	30	5	150	20	0	ft	""
WD	wepp-6034	"02:41 pm  Thursday April 14, 2011"	"Hydro 7 +"	30	silt	high	400	0	30	45	20	tree20	335	30	5	150	20	0	ft	""
WD	wepp-6039	"02:41 pm  Thursday April 14, 2011"	"Hydro 7 +"	30	silt	high	400	0	30	45	20	tree20	340	30	5	150	20	0	ft	""
WD	wepp-6045	"02:41 pm  Thursday April 14, 2011"	"Hydro 7 +"	30	silt	high	400	0	30	45	20	tree20	348	30	5	150	20	0	ft	""
WD	wepp-6050	"02:41 pm  Thursday April 14, 2011"	"Hydro 7 +"	30	silt	high	400	0	30	45	20	tree20	346	30	5	150	20	0	ft	""
WD	wepp-6055	"02:42 pm  Thursday April 14, 2011"	"Hydro 7 +"	30	silt	high	400	0	30	45	20	tree20	345	30	5	150	20	0	ft	""
WD	wepp-6060	"02:42 pm  Thursday April 14, 2011"	"Hydro 7 +"	30	silt	high	400	0	30	45	20	tree20	344	30	5	150	20	0	ft	""
WD	wepp-6065	"02:42 pm  Thursday April 14, 2011"	"Hydro 7 +"	30	silt	high	400	0	30	45	20	tree20	343	30	5	150	20	0	ft	""
WD	wepp-6070	"02:42 pm  Thursday April 14, 2011"	"Hydro 7 +"	30	silt	high	400	0	30	45	20	tree20	342	30	5	150	20	0	ft	""
WD	wepp-6075	"02:42 pm  Thursday April 14, 2011"	"Hydro 7 +"	30	silt	high	400	0	30	45	20	tree20	341	30	5	150	20	0	ft	""
WD	wepp-6080	"02:42 pm  Thursday April 14, 2011"	"Hydro 7 +"	30	silt	high	400	0	30	45	20	tree20	342	30	5	150	20	0	ft	""
WD	wepp-6112	"02:43 pm  Thursday April 14, 2011"	"Hydro 7 +"	30	silt	high	400	0	30	45	20	high	75	30	5	45	20	0	ft	""
WD	wepp-16946	"11:12 am  Friday April 15, 2011"	""				0	0	0	0	0		0	0	0	0	0	0		""
WD	wepp-17042	"11:17 am  Friday April 15, 2011"	"Hydrology Homework 7 +"	30	silt	high	75	0	30	45	20	low	30	30	5	85	20	0	ft	""
WD	wepp-17056	"11:19 am  Friday April 15, 2011"	"HOUGHTON FAA AP MI +"	30	silt	high	75	0	30	45	20	low	30	30	5	85	20	0	ft	""
WD	wepp-17079	"11:22 am  Friday April 15, 2011"	"HOUGHTON FAA AP MI +"	30	clay	high	75	0	30	45	20	tree20	100	30	5	100	20	0	ft	""
WD	wepp-17084	"11:22 am  Friday April 15, 2011"	"HOUGHTON FAA AP MI +"	30	clay	high	75	0	30	45	20	tree20	75	30	5	100	20	0	ft	""
WD	wepp-17089	"11:22 am  Friday April 15, 2011"	"HOUGHTON FAA AP MI +"	30	clay	high	75	0	30	45	20	tree20	70	30	5	100	20	0	ft	""
WD	wepp-17094	"11:23 am  Friday April 15, 2011"	"HOUGHTON FAA AP MI +"	30	clay	high	75	0	30	45	20	tree20	65	30	5	100	20	0	ft	""
WD	wepp-17107	"11:24 am  Friday April 15, 2011"	"HOUGHTON FAA AP MI +"	30	silt	high	400	0	30	45	20	high	75	30	5	45	20	0	ft	""
WR	wepp-19170	"01:57 pm  Tuesday April 17, 2012"	"Bros +"	30	silt	native	200	4	13	15	50	1	25	20	inveg	ft
WR	wepp-19213	"02:04 pm  Tuesday April 17, 2012"	"Bros +"	30	silt	native	200	4	13	15	50	1	25	20	inbare	ft
WR	wepp-19253	"02:07 pm  Tuesday April 17, 2012"	"Bros +"	30	silt	paved	200	4	13	15	50	1	25	20	inbare	ft
WD	wepp-19300	"02:12 pm  Tuesday April 17, 2012"	"Bros +"	10	silt	OldForest	400	0	30	100	20	OldForest	75	30	5	100	20	0	ft	""
WD	wepp-19499	"02:20 pm  Tuesday April 17, 2012"	"Bros +"	10	silt	Bunchgrass	400	0	30	60	20	OldForest	75	30	5	100	20	0	ft	""
WD	wepp-19569	"02:34 pm  Tuesday April 17, 2012"	"Bros +"	10	silt	Bunchgrass	400	0	30	60	20	OldForest	30	30	5	100	20	0	ft	""
WD	wepp-19589	"02:36 pm  Tuesday April 17, 2012"	"Bros +"	10	silt	HighFire	400	0	30	45	20	LowFire	30	30	5	85	20	0	ft	""
WD	wepp-23433	"11:32 am  Thursday March 27, 2014"	"ALBERTA FORD FRCNTR MI"	50	sand	OldForest	100	25	25	100	5	OldForest	100	25	25	100	5	0	ft	""
WD	wepp-23473	"11:34 am  Thursday March 27, 2014"	"ALBERTA FORD FRCNTR MI"	50	sand	Skid	100	25	25	5	5	Skid	100	25	25	5	5	0	ft	""
WD	wepp-23685	"11:36 am  Thursday March 27, 2014"	"ALBERTA FORD FRCNTR MI"	50	sand	Skid	200	25	25	5	5	Skid	200	25	25	5	5	0	ft	""
WD	wepp-24497	"11:37 am  Thursday March 27, 2014"	"ALBERTA FORD FRCNTR MI"	50	sand	Skid	100	25	25	10	10	Skid	100	25	25	5	10	0	ft	""
WD	wepp-22718	"06:35 pm  Saturday March 29, 2014"	"ALBERTA FORD FRCNTR MI"	50	sand	OldForest	100	0	25	100	5	OldForest	100	25	0	100	5	0	ft	""
WD	wepp-22758	"06:36 pm  Saturday March 29, 2014"	"ALBERTA FORD FRCNTR MI"	50	sand	OldForest	100	0	25	100	5	OldForest	100	25	0	100	5	0	ft	""
WD	wepp-24986	"06:38 pm  Saturday March 29, 2014"	"ALBERTA FORD FRCNTR MI"	50	sand	Skid	50	0	30	20	20	Skid	50	30	5	20	20	0	ft	""
WD	wepp-25655	"06:40 pm  Saturday March 29, 2014"	"ALBERTA FORD FRCNTR MI"	50	sand	Skid	100	0	25	5	5	Skid	100	25	0	20	5	0	ft	""
WD	wepp-25698	"06:42 pm  Saturday March 29, 2014"	"ALBERTA FORD FRCNTR MI"	50	clay	Skid	200	0	25	5	5	Skid	200	25	0	20	5	0	ft	""
WD	wepp-25733	"06:42 pm  Saturday March 29, 2014"	"ALBERTA FORD FRCNTR MI"	50	clay	Skid	100	0	25	10	10	Skid	100	25	0	20	10	0	ft	""
WD	wepp-25771	"06:44 pm  Saturday March 29, 2014"	"ALBERTA FORD FRCNTR MI"	10	clay	Skid	200	0	25	5	5	Skid	200	25	0	20	5	0	ft	""
WD	wepp-25808	"06:44 pm  Saturday March 29, 2014"	"ALBERTA FORD FRCNTR MI"	10	clay	Skid	100	0	25	10	10	Skid	100	25	0	20	10	0	ft	""
WD	wepp-31776	"04:54 pm  Sunday March 30, 2014"	"ALBERTA FORD FRCNTR MI"	50	clay	Skid	100	0	25	5	5	Skid	100	25	0	20	5	0	ft	""
WD	wepp-31812	"04:54 pm  Sunday March 30, 2014"	"ALBERTA FORD FRCNTR MI"	10	clay	Skid	200	0	25	5	5	Skid	200	25	0	100	5	0	ft	""
WD	wepp-31863	"04:56 pm  Sunday March 30, 2014"	"ALBERTA FORD FRCNTR MI"	50	clay	Skid	200	0	25	5	5	Skid	200	25	0	20	5	0	ft	""
WD	wepp-574	"04:57 pm  Sunday March 30, 2014"	"ALBERTA FORD FRCNTR MI"	50	clay	Skid	100	0	25	5	5	Skid	100	25	0	20	5	0	ft	""
WD	wepp-2001	"04:59 pm  Sunday March 30, 2014"	"ALBERTA FORD FRCNTR MI"	50	clay	Skid	200	0	25	5	5	Skid	200	25	0	20	5	0	ft	""
WD	wepp-2836	"04:59 pm  Sunday March 30, 2014"	"ALBERTA FORD FRCNTR MI"	50	clay	Skid	100	0	25	10	10	Skid	100	25	0	20	10	0	ft	""
