WR	wepp-833	"05:33 pm  Tuesday April 20, 2010"	"LUFKIN CAA AP TX"	30	silt	native	1000	2	15	15	50	130	25	20	inbare	ft
WR	wepp-913	"05:35 pm  Tuesday April 20, 2010"	"LUFKIN CAA AP TX"	30	silt	native	250	2	15	15	50	130	25	20	inbare	ft
WR	wepp-918	"05:36 pm  Tuesday April 20, 2010"	"LUFKIN CAA AP TX"	30	silt	native	250	2	15	15	50	130	25	20	inveg	ft
WR	wepp-923	"05:37 pm  Tuesday April 20, 2010"	"LUFKIN CAA AP TX"	30	silt	graveled	250	2	15	15	50	130	25	20	inveg	ft
WR	wepp-1091	"05:55 pm  Tuesday April 20, 2010"	"LUFKIN CAA AP TX"	30	silt	native	400	10	15	15	50	130	25	20	inveg	ft
WR	wepp-1102	"05:56 pm  Tuesday April 20, 2010"	"LUFKIN CAA AP TX"	30	silt	native	360	15	15	15	50	130	25	20	inveg	ft
WR	wepp-1113	"05:57 pm  Tuesday April 20, 2010"	"LUFKIN CAA AP TX"	30	silt	native	1000	2	15	15	50	130	25	20	inveg	ft
WR	wepp-1118	"05:57 pm  Tuesday April 20, 2010"	"LUFKIN CAA AP TX"	30	silt	native	1000	2	15	15	50	130	25	20	inbare	ft
WR	wepp-1123	"05:58 pm  Tuesday April 20, 2010"	"LUFKIN CAA AP TX"	30	silt	native	400	10	15	15	50	130	25	20	inbare	ft
WR	wepp-1128	"05:59 pm  Tuesday April 20, 2010"	"LUFKIN CAA AP TX"	30	silt	native	360	15	15	15	50	130	25	20	inbare	ft
WR	wepp-1181	"06:02 pm  Tuesday April 20, 2010"	"LUFKIN CAA AP TX"	30	silt	native	250	2	15	15	50	130	25	20	inbare	ft
WR	wepp-1191	"06:02 pm  Tuesday April 20, 2010"	"LUFKIN CAA AP TX"	30	silt	native	80	10	15	15	50	130	25	20	inbare	ft
WR	wepp-1201	"06:03 pm  Tuesday April 20, 2010"	"LUFKIN CAA AP TX"	30	silt	native	60	15	15	15	50	130	25	20	inbare	ft
WR	wepp-1223	"06:05 pm  Tuesday April 20, 2010"	"LUFKIN CAA AP TX"	30	silt	native	60	15	15	15	50	130	25	20	inveg	ft
WR	wepp-1262	"06:06 pm  Tuesday April 20, 2010"	"LUFKIN CAA AP TX"	30	silt	native	80	10	15	15	50	130	25	20	inveg	ft
WR	wepp-1272	"06:06 pm  Tuesday April 20, 2010"	"LUFKIN CAA AP TX"	30	silt	graveled	80	10	15	15	50	130	25	20	inveg	ft
WR	wepp-1291	"06:08 pm  Tuesday April 20, 2010"	"LUFKIN CAA AP TX"	30	clay	graveled	60	15	13	15	50	130	25	20	inveg	ft
WR	wepp-1296	"06:08 pm  Tuesday April 20, 2010"	"LUFKIN CAA AP TX"	30	silt	graveled	60	15	13	15	50	130	25	20	inveg	ft
WR	wepp-1301	"06:08 pm  Tuesday April 20, 2010"	"LUFKIN CAA AP TX"	30	silt	graveled	60	15	15	15	50	130	25	20	inveg	ft
WR	wepp-27694	"02:09 pm  Wednesday April 21, 2010"	"LUFKIN CAA AP TX"	30	silt	native	1000	2	15	15	50	130	25	20	inbare	ft
WR	wepp-27700	"02:10 pm  Wednesday April 21, 2010"	"LUFKIN CAA AP TX"	30	silt	native	250	2	15	15	50	130	25	20	inbare	ft
WR	wepp-27706	"02:11 pm  Wednesday April 21, 2010"	"LUFKIN CAA AP TX"	30	silt	graveled	250	2	15	15	50	130	25	20	inveg	ft
WR	wepp-27711	"02:12 pm  Wednesday April 21, 2010"	"LUFKIN CAA AP TX"	30	silt	graveled	250	2	15	15	50	130	25	20	inveg	ft
WR	wepp-27972	"02:39 pm  Wednesday April 21, 2010"	"LUFKIN CAA AP TX"	30	silt	native	400	2	15	15	50	130	25	20	inveg	ft
WR	wepp-27401	"10:04 am  Wednesday November 10, 2010"	"LUFKIN CAA AP TX"	30	silt	native	1000	2	15	15	50	130	25	20	inbare	ft
WR	wepp-27410	"10:14 am  Wednesday November 10, 2010"	"LUFKIN CAA AP TX"	30	silt	native	400	10	15	15	50	130	25	20	inbare	ft
WR	wepp-27434	"10:15 am  Wednesday November 10, 2010"	"LUFKIN CAA AP TX"	30	silt	native	360	15	15	15	50	130	25	20	inbare	ft
WR	wepp-27442	"10:17 am  Wednesday November 10, 2010"	"LUFKIN CAA AP TX"	30	silt	native	250	2	15	15	50	130	25	20	inbare	ft
WR	wepp-27448	"10:18 am  Wednesday November 10, 2010"	"LUFKIN CAA AP TX"	30	silt	native	80	10	15	15	50	130	25	20	inbare	ft
WR	wepp-27453	"10:19 am  Wednesday November 10, 2010"	"LUFKIN CAA AP TX"	30	silt	native	60	15	15	15	50	130	25	20	inbare	ft
WR	wepp-27458	"10:21 am  Wednesday November 10, 2010"	"LUFKIN CAA AP TX"	30	silt	native	360	15	15	15	50	130	25	20	inbare	ft
WR	wepp-27463	"10:21 am  Wednesday November 10, 2010"	"LUFKIN CAA AP TX"	30	silt	native	400	10	15	15	50	130	25	20	inbare	ft
WR	wepp-27468	"10:21 am  Wednesday November 10, 2010"	"LUFKIN CAA AP TX"	30	silt	native	1000	2	15	15	50	130	25	20	inbare	ft
WR	wepp-27474	"10:23 am  Wednesday November 10, 2010"	"LUFKIN CAA AP TX"	30	silt	native	250	2	15	15	50	130	25	20	inveg	ft
WR	wepp-27479	"10:24 am  Wednesday November 10, 2010"	"LUFKIN CAA AP TX"	30	silt	native	80	10	15	15	50	130	25	20	inveg	ft
WR	wepp-27484	"10:25 am  Wednesday November 10, 2010"	"LUFKIN CAA AP TX"	30	silt	native	60	15	15	15	50	130	25	20	inveg	ft
WR	wepp-27490	"10:26 am  Wednesday November 10, 2010"	"LUFKIN CAA AP TX"	30	silt	graveled	60	15	15	15	50	130	25	20	inveg	ft
WR	wepp-27500	"10:26 am  Wednesday November 10, 2010"	"LUFKIN CAA AP TX"	30	silt	graveled	80	10	15	15	50	130	25	20	inveg	ft
WR	wepp-27505	"10:27 am  Wednesday November 10, 2010"	"LUFKIN CAA AP TX"	30	silt	graveled	250	2	15	15	50	130	25	20	inveg	ft
WR	wepp-14002	"09:07 am  Wednesday March 28, 2012"	"LUFKIN CAA AP TX"	30	silt	native	200	4	13	20	50	130	25	20	inbare	ft
WR	wepp-14049	"09:08 am  Wednesday March 28, 2012"	"LUFKIN CAA AP TX"	30	silt	native	200	4	13	20	50	130	25	20	inbare	ft
WR	wepp-14069	"09:10 am  Wednesday March 28, 2012"	"LUFKIN CAA AP TX"	30	silt	native	1000	2	20	20	50	130	25	20	inbare	ft
WR	wepp-15261	"09:18 am  Wednesday March 28, 2012"	"LUFKIN CAA AP TX"	30	silt	native	1000	2	20	20	50	130	25	20	inveg	ft
WR	wepp-15903	"09:21 am  Wednesday March 28, 2012"	"LUFKIN CAA AP TX"	30	silt	native	1000	2	20	20	50	130	25	20	outrut	ft
WR	wepp-16102	"09:21 am  Wednesday March 28, 2012"	"LUFKIN CAA AP TX"	30	silt	native	1000	2	20	20	50	130	25	20	outunrut	ft
WR	wepp-17555	"10:41 am  Wednesday March 28, 2012"	"LUFKIN CAA AP TX"	30	silt	native	1000	2	20	20	50	130	25	20	outunrut	ft
WR	wepp-17884	"10:53 am  Wednesday March 28, 2012"	"LUFKIN CAA AP TX"	30	silt	graveled	1000	2	20	20	50	130	25	20	inveg	ft
WR	wepp-17991	"10:58 am  Wednesday March 28, 2012"	"LUFKIN CAA AP TX"	30	silt	native	400	10	20	20	50	130	25	20	inbare	ft
WR	wepp-18011	"10:59 am  Wednesday March 28, 2012"	"LUFKIN CAA AP TX"	30	silt	native	400	10	20	20	50	130	25	20	inveg	ft
WR	wepp-18049	"11:00 am  Wednesday March 28, 2012"	"LUFKIN CAA AP TX"	30	silt	graveled	400	10	20	20	50	130	25	20	inveg	ft
WR	wepp-18107	"11:01 am  Wednesday March 28, 2012"	"LUFKIN CAA AP TX"	30	silt	native	360	15	20	20	50	130	25	20	inbare	ft
WR	wepp-18154	"11:01 am  Wednesday March 28, 2012"	"LUFKIN CAA AP TX"	30	silt	native	360	15	20	20	50	130	25	20	inveg	ft
WR	wepp-18193	"11:02 am  Wednesday March 28, 2012"	"LUFKIN CAA AP TX"	30	silt	graveled	360	15	20	20	50	130	25	20	inveg	ft
WR	wepp-18765	"11:56 am  Wednesday March 28, 2012"	"LUFKIN CAA AP TX"	30	silt	native	250	2	20	20	50	130	25	20	inbare	ft
WR	wepp-22306	"04:31 pm  Wednesday March 28, 2012"	"LUFKIN CAA AP TX"	30	silt	graveled	250	2	20	20	50	130	25	20	inveg	ft
