WR	wepp-13785	"09:53 am  Tuesday December 1, 2009"	"LUFKIN CAA AP TX"	1	silt	native	250	2	20	15	50	130	25	20	inbare
WR	wepp-13795	"09:54 am  Tuesday December 1, 2009"	"LUFKIN CAA AP TX"	1	silt	native	80	10	20	15	50	130	25	20	inbare
WR	wepp-13809	"09:54 am  Tuesday December 1, 2009"	"LUFKIN CAA AP TX"	1	silt	native	60	15	20	15	50	130	25	20	inbare
WR	wepp-13852	"09:58 am  Tuesday December 1, 2009"	"LUFKIN CAA AP TX"	1	silt	native	1000	2	20	15	50	130	25	20	inveg
WR	wepp-13862	"09:58 am  Tuesday December 1, 2009"	"LUFKIN CAA AP TX"	1	silt	native	400	10	20	15	50	130	25	20	inveg
WR	wepp-13904	"09:58 am  Tuesday December 1, 2009"	"LUFKIN CAA AP TX"	1	silt	native	360	15	20	15	50	130	25	20	inveg
WR	wepp-13916	"09:59 am  Tuesday December 1, 2009"	"LUFKIN CAA AP TX"	1	silt	native	250	4	20	15	50	130	25	20	inveg
WR	wepp-13931	"09:59 am  Tuesday December 1, 2009"	"LUFKIN CAA AP TX"	1	silt	native	80	10	20	15	50	130	25	20	inveg
WR	wepp-13960	"10:00 am  Tuesday December 1, 2009"	"LUFKIN CAA AP TX"	1	silt	native	60	15	20	15	50	130	25	20	inveg
WR	wepp-14000	"10:02 am  Tuesday December 1, 2009"	"LUFKIN CAA AP TX"	1	silt	graveled	60	15	20	15	50	130	25	20	inveg
WR	wepp-14005	"10:02 am  Tuesday December 1, 2009"	"LUFKIN CAA AP TX"	1	silt	graveled	80	10	20	15	50	130	25	20	inveg
WR	wepp-14018	"10:03 am  Tuesday December 1, 2009"	"LUFKIN CAA AP TX"	1	silt	graveled	250	2	20	15	50	130	25	20	inveg
WR	wepp-14095	"10:04 am  Tuesday December 1, 2009"	"LUFKIN CAA AP TX"	1	silt	graveled	1000	2	20	15	50	130	25	20	inveg
WR	wepp-14107	"10:05 am  Tuesday December 1, 2009"	"LUFKIN CAA AP TX"	1	silt	graveled	400	10	20	15	50	130	25	20	inveg
WR	wepp-14122	"10:06 am  Tuesday December 1, 2009"	"LUFKIN CAA AP TX"	1	silt	graveled	360	15	20	15	50	130	25	20	inveg
WR	wepp-14234	"10:09 am  Tuesday December 1, 2009"	"LUFKIN CAA AP TX"	1	silt	graveled	360	15	20	15	50	130	25	20	inveg
WR	wepp-14277	"10:11 am  Tuesday December 1, 2009"	"LUFKIN CAA AP TX"	1	silt	native	360	15	20	15	50	130	25	20	inbare
WR	wepp-14282	"10:12 am  Tuesday December 1, 2009"	"LUFKIN CAA AP TX"	1	silt	native	400	10	20	15	50	130	25	20	inbare
WR	wepp-14292	"10:12 am  Tuesday December 1, 2009"	"LUFKIN CAA AP TX"	1	silt	native	1000	2	20	15	50	130	25	20	inbare
WR	wepp-14384	"10:22 am  Tuesday December 1, 2009"	"LUFKIN CAA AP TX"	1	silt	graveled	1000	2	20	15	50	130	25	20	inveg
WR	wepp-14543	"10:36 am  Tuesday December 1, 2009"	"LUFKIN CAA AP TX"	1	silt	native	250	2	20	15	50	130	25	20	inbare
WR	wepp-14553	"10:37 am  Tuesday December 1, 2009"	"LUFKIN CAA AP TX"	1	silt	native	1000	2	20	15	50	130	25	20	inbare
WR	wepp-14558	"10:38 am  Tuesday December 1, 2009"	"LUFKIN CAA AP TX"	1	silt	native	250	2	20	15	50	130	25	20	inbare
WR	wepp-14608	"10:40 am  Tuesday December 1, 2009"	"LUFKIN CAA AP TX"	1	silt	native	1000	2	20	15	50	130	25	20	inbare
WR	wepp-14613	"10:41 am  Tuesday December 1, 2009"	"LUFKIN CAA AP TX"	1	silt	native	250	2	20	15	50	130	25	20	inbare
WR	wepp-14861	"11:01 am  Tuesday December 1, 2009"	"LUFKIN CAA AP TX"	1	silt	graveled	250	2	20	15	50	130	25	20	inveg
WR	wepp-14871	"11:01 am  Tuesday December 1, 2009"	"LUFKIN CAA AP TX"	1	silt	graveled	400	10	20	15	50	130	25	20	inveg
WR	wepp-14876	"11:01 am  Tuesday December 1, 2009"	"LUFKIN CAA AP TX"	1	silt	graveled	80	10	20	15	50	130	25	20	inveg
WR	wepp-14886	"11:02 am  Tuesday December 1, 2009"	"LUFKIN CAA AP TX"	1	silt	graveled	60	15	20	15	50	130	25	20	inveg
WR	wepp-15412	"11:35 am  Tuesday December 1, 2009"	"LUFKIN CAA AP TX"	1	silt	native	1000	2	20	15	50	130	25	20	inveg
WR	wepp-15423	"11:36 am  Tuesday December 1, 2009"	"LUFKIN CAA AP TX"	1	silt	native	250	2	20	15	50	130	25	20	inveg
WR	wepp-15435	"11:36 am  Tuesday December 1, 2009"	"LUFKIN CAA AP TX"	1	silt	native	250	2	20	15	50	130	25	20	inveg
WR	wepp-14995	"08:48 pm  Monday April 19, 2010"	"LUFKIN CAA AP TX"	30	silt	graveled	1000	2	15	15	50	130	25	20	inveg	ft
WR	wepp-15000	"08:48 pm  Monday April 19, 2010"	"LUFKIN CAA AP TX"	1	silt	graveled	1000	2	15	15	50	130	25	20	inveg	ft
WR	wepp-15035	"08:55 pm  Monday April 19, 2010"	"LUFKIN CAA AP TX"	1	silt	graveled	400	10	15	15	50	130	25	20	inveg	ft
WR	wepp-15041	"08:55 pm  Monday April 19, 2010"	"LUFKIN CAA AP TX"	1	silt	graveled	360	15	15	15	50	130	25	20	inveg	ft
WR	wepp-15073	"08:56 pm  Monday April 19, 2010"	"LUFKIN CAA AP TX"	1	silt	graveled	250	2	15	15	50	130	25	20	inveg	ft
WR	wepp-15079	"08:58 pm  Monday April 19, 2010"	"LUFKIN CAA AP TX"	1	silt	graveled	80	10	15	15	50	130	25	20	inveg	ft
WR	wepp-15085	"08:58 pm  Monday April 19, 2010"	"LUFKIN CAA AP TX"	1	silt	graveled	60	15	15	15	50	130	25	20	inveg	ft
WR	wepp-15090	"08:59 pm  Monday April 19, 2010"	"LUFKIN CAA AP TX"	30	silt	graveled	60	15	15	15	50	130	25	20	inveg	ft
WR	wepp-15114	"09:00 pm  Monday April 19, 2010"	"LUFKIN CAA AP TX"	30	silt	graveled	80	10	15	15	50	130	25	20	inveg	ft
WR	wepp-15147	"09:01 pm  Monday April 19, 2010"	"LUFKIN CAA AP TX"	30	silt	graveled	250	2	15	15	50	130	25	20	inveg	ft
WR	wepp-15152	"09:01 pm  Monday April 19, 2010"	"LUFKIN CAA AP TX"	30	silt	graveled	1000	2	15	15	50	130	25	20	inveg	ft
WR	wepp-15157	"09:02 pm  Monday April 19, 2010"	"LUFKIN CAA AP TX"	30	silt	graveled	400	10	15	15	50	130	25	20	inveg	ft
WR	wepp-15162	"09:02 pm  Monday April 19, 2010"	"LUFKIN CAA AP TX"	30	silt	graveled	1000	2	15	15	50	130	25	20	inveg	ft
WR	wepp-15167	"09:03 pm  Monday April 19, 2010"	"LUFKIN CAA AP TX"	30	silt	graveled	360	15	15	15	50	130	25	20	inveg	ft
WR	wepp-15178	"09:06 pm  Monday April 19, 2010"	"LUFKIN CAA AP TX"	30	silt	graveled	360	15	15	15	50	130	25	20	inbare	ft
WR	wepp-15210	"09:06 pm  Monday April 19, 2010"	"LUFKIN CAA AP TX"	30	silt	graveled	360	15	15	15	50	130	25	20	inbare	ft
WR	wepp-15215	"09:07 pm  Monday April 19, 2010"	"LUFKIN CAA AP TX"	30	silt	graveled	400	10	15	15	50	130	25	20	inbare	ft
WR	wepp-15220	"09:07 pm  Monday April 19, 2010"	"LUFKIN CAA AP TX"	30	silt	graveled	1000	2	15	15	50	130	25	20	inbare	ft
WR	wepp-15254	"09:10 pm  Monday April 19, 2010"	"LUFKIN CAA AP TX"	30	silt	graveled	250	2	15	15	50	130	25	20	inbare	ft
WR	wepp-15259	"09:10 pm  Monday April 19, 2010"	"LUFKIN CAA AP TX"	30	silt	graveled	80	10	15	15	50	130	25	20	inbare	ft
WR	wepp-15291	"09:11 pm  Monday April 19, 2010"	"LUFKIN CAA AP TX"	30	silt	graveled	60	15	15	15	50	130	25	20	inbare	ft
WR	wepp-15349	"09:18 pm  Monday April 19, 2010"	"LUFKIN CAA AP TX"	30	silt	graveled	60	15	15	15	50	130	25	20	outrut	ft
WR	wepp-21783	"09:45 am  Tuesday November 22, 2011"	"LUFKIN CAA AP TX"	30	silt	graveled	1000	2	15	15	50	130	25	20	inbare	ft
WR	wepp-22123	"09:50 am  Tuesday November 22, 2011"	"LUFKIN CAA AP TX"	30	silt	graveled	400	10	15	15	50	130	25	20	inbare	ft
WR	wepp-22270	"09:52 am  Tuesday November 22, 2011"	"LUFKIN CAA AP TX"	30	silt	graveled	360	15	15	15	50	130	25	20	inbare	ft
WR	wepp-24727	"10:27 am  Tuesday November 22, 2011"	"LUFKIN CAA AP TX"	30	silt	graveled	1000	2	15	15	50	130	25	20	outrut	ft
WR	wepp-25098	"10:31 am  Tuesday November 22, 2011"	"LUFKIN CAA AP TX"	30	silt	graveled	400	10	15	15	50	130	25	20	outrut	ft
WR	wepp-25228	"10:33 am  Tuesday November 22, 2011"	"LUFKIN CAA AP TX"	30	silt	graveled	360	15	15	15	50	130	25	20	outrut	ft
WR	wepp-25948	"10:42 am  Tuesday November 22, 2011"	"LUFKIN CAA AP TX"	30	silt	native	360	15	15	15	50	130	25	20	outrut	ft
WR	wepp-26064	"10:44 am  Tuesday November 22, 2011"	"LUFKIN CAA AP TX"	30	silt	native	400	10	15	15	50	130	25	20	outrut	ft
WR	wepp-26101	"10:44 am  Tuesday November 22, 2011"	"LUFKIN CAA AP TX"	30	silt	native	1000	2	15	15	50	130	25	20	outrut	ft
WR	wepp-26481	"10:49 am  Tuesday November 22, 2011"	"LUFKIN CAA AP TX"	30	silt	graveled	1000	2	15	15	50	130	25	20	inveg	ft
WR	wepp-26509	"10:49 am  Tuesday November 22, 2011"	"LUFKIN CAA AP TX"	30	silt	graveled	400	10	15	15	50	130	25	20	inveg	ft
WR	wepp-26579	"10:50 am  Tuesday November 22, 2011"	"LUFKIN CAA AP TX"	30	silt	graveled	360	15	15	15	50	130	25	20	inveg	ft
WR	wepp-28209	"11:12 am  Tuesday November 22, 2011"	"LUFKIN CAA AP TX"	30	silt	native	360	15	15	15	50	130	25	20	inbare	ft
WR	wepp-28354	"11:14 am  Tuesday November 22, 2011"	"LUFKIN CAA AP TX"	30	silt	native	400	10	15	15	50	130	25	20	inbare	ft
WR	wepp-28496	"11:16 am  Tuesday November 22, 2011"	"LUFKIN CAA AP TX"	30	silt	native	1000	2	15	15	50	130	25	20	inbare	ft
WR	wepp-28700	"11:18 am  Tuesday November 22, 2011"	"LUFKIN CAA AP TX"	30	silt	graveled	1000	2	15	15	50	130	25	20	outrut	ft
WR	wepp-28801	"11:19 am  Tuesday November 22, 2011"	"LUFKIN CAA AP TX"	30	silt	graveled	400	10	15	15	50	130	25	20	outrut	ft
WR	wepp-28878	"11:20 am  Tuesday November 22, 2011"	"LUFKIN CAA AP TX"	30	silt	graveled	360	15	15	15	50	130	25	20	outrut	ft
WR	wepp-29168	"11:25 am  Tuesday November 22, 2011"	"LUFKIN CAA AP TX"	30	silt	native	1000	2	15	15	50	130	25	20	outrut	ft
WR	wepp-29194	"11:25 am  Tuesday November 22, 2011"	"LUFKIN CAA AP TX"	30	silt	native	400	10	15	15	50	130	25	20	outrut	ft
WR	wepp-29219	"11:25 am  Tuesday November 22, 2011"	"LUFKIN CAA AP TX"	30	silt	native	360	15	15	15	50	130	25	20	outrut	ft
WR	wepp-29346	"11:27 am  Tuesday November 22, 2011"	"LUFKIN CAA AP TX"	30	silt	native	1000	2	15	15	50	130	25	20	inveg	ft
WR	wepp-29412	"11:27 am  Tuesday November 22, 2011"	"LUFKIN CAA AP TX"	30	silt	native	400	10	15	15	50	130	25	20	inveg	ft
WR	wepp-29546	"11:28 am  Tuesday November 22, 2011"	"LUFKIN CAA AP TX"	30	silt	native	360	15	15	15	50	130	25	20	inveg	ft
WR	wepp-29739	"11:30 am  Tuesday November 22, 2011"	"LUFKIN CAA AP TX"	30	silt	graveled	1000	2	15	15	50	130	25	20	inveg	ft
WR	wepp-29762	"11:30 am  Tuesday November 22, 2011"	"LUFKIN CAA AP TX"	30	silt	graveled	400	10	15	15	50	130	25	20	inveg	ft
WR	wepp-29790	"11:31 am  Tuesday November 22, 2011"	"LUFKIN CAA AP TX"	30	silt	graveled	360	15	15	15	50	130	25	20	inveg	ft
WR	wepp-131303	"07:37 am  Tuesday April 3, 2018"	"PALESTINE WB CITY TX"	30	silt	native	1000	4	18	20	50	130	25	20	inbare	ft
WR	wepp-131737	"07:41 am  Tuesday April 3, 2018"	"LUFKIN CAA AP TX"	30	silt	native	1000	4	18	20	50	130	25	20	inveg	ft
