WR	wepp-90820	"04:38 pm  Monday November 21, 2016"	"PALESTINE WB CITY TX"	30	silt	native	200	4	18	20	50	130	25	20	inveg	ft
WR	wepp-90942	"04:39 pm  Monday November 21, 2016"	"PALESTINE WB CITY TX"	30	silt	native	200	4	18	20	50	130	25	20	inbare	ft
WR	wepp-90949	"04:39 pm  Monday November 21, 2016"	"PALESTINE WB CITY TX"	30	silt	native	200	4	18	20	50	130	25	20	inveg	ft
WR	wepp-91023	"04:43 pm  Monday November 21, 2016"	"PALESTINE WB CITY TX"	30	silt	graveled	600	5	18	20	50	130	25	20	inveg	ft
WR	wepp-91059	"04:43 pm  Monday November 21, 2016"	"PALESTINE WB CITY TX"	30	silt	native	600	5	18	20	50	130	25	20	inveg	ft
WR	wepp-91095	"04:44 pm  Monday November 21, 2016"	"PALESTINE WB CITY TX"	30	silt	graveled	600	5	18	20	50	130	25	20	inbare	ft
WR	wepp-91132	"04:44 pm  Monday November 21, 2016"	"PALESTINE WB CITY TX"	30	silt	native	600	5	18	20	50	130	25	20	inveg	ft
WR	wepp-91169	"04:44 pm  Monday November 21, 2016"	"PALESTINE WB CITY TX"	30	silt	native	600	5	18	20	50	130	25	20	inveg	ft
WR	wepp-91205	"04:45 pm  Monday November 21, 2016"	"PALESTINE WB CITY TX"	30	silt	native	600	5	18	20	50	130	25	20	inveg	ft
WR	wepp-91241	"04:45 pm  Monday November 21, 2016"	"PALESTINE WB CITY TX"	30	silt	native	600	5	18	20	50	130	25	20	inbare	ft
WR	wepp-91277	"04:45 pm  Monday November 21, 2016"	"PALESTINE WB CITY TX"	30	silt	graveled	600	5	18	20	50	130	25	20	inbare	ft
WR	wepp-91317	"04:46 pm  Monday November 21, 2016"	"PALESTINE WB CITY TX"	30	silt	graveled	600	5	18	20	50	130	25	20	inveg	ft
WR	wepp-91685	"04:49 pm  Monday November 21, 2016"	"PALESTINE WB CITY TX"	30	silt	native	200	12.5	18	20	50	130	25	20	inbare	ft
WR	wepp-91722	"04:49 pm  Monday November 21, 2016"	"PALESTINE WB CITY TX"	30	silt	graveled	200	12.5	18	20	50	130	25	20	inbare	ft
WR	wepp-91759	"04:49 pm  Monday November 21, 2016"	"PALESTINE WB CITY TX"	30	silt	native	200	12.5	18	20	50	130	25	20	inveg	ft
WR	wepp-91795	"04:50 pm  Monday November 21, 2016"	"PALESTINE WB CITY TX"	30	silt	graveled	200	12.5	18	20	50	130	25	20	inveg	ft
WR	wepp-91834	"04:52 pm  Monday November 21, 2016"	"PALESTINE WB CITY TX"	30	silt	native	500	4	18	20	50	130	25	20	inbare	ft
WR	wepp-91905	"04:52 pm  Monday November 21, 2016"	"PALESTINE WB CITY TX"	30	silt	native	500	4	18	20	50	130	25	20	inveg	ft
WR	wepp-91914	"04:52 pm  Monday November 21, 2016"	"PALESTINE WB CITY TX"	30	silt	graveled	500	4	18	20	50	130	25	20	inbare	ft
WR	wepp-91952	"04:52 pm  Monday November 21, 2016"	"PALESTINE WB CITY TX"	30	silt	graveled	500	4	18	20	50	130	25	20	inveg	ft
