WR	wepp-16247	"11:31 am  Monday November 9, 2009"	"LUFKIN CAA AP TX"	30	silt	native	1000	2	20	15	50	130	25	20	inveg
WR	wepp-16255	"11:31 am  Monday November 9, 2009"	"LUFKIN CAA AP TX"	30	silt	native	1000	2	20	15	50	130	25	20	inbare
WR	wepp-16331	"11:32 am  Monday November 9, 2009"	"LUFKIN CAA AP TX"	30	silt	native	1000	2	20	15	50	130	25	20	inbare
WR	wepp-9824	"11:59 am  Wednesday November 11, 2009"	"LUFKIN CAA AP TX"	30	silt	native	1000	2	20	15	50	130	25	20	inbare
WR	wepp-9932	"12:06 pm  Wednesday November 11, 2009"	"LUFKIN CAA AP TX"	30	silt	graveled	1000	2	20	15	50	130	25	20	inveg
WR	wepp-24032	"02:16 pm  Tuesday November 24, 2009"	"LUFKIN CAA AP TX"	30	silt	native	200	4	20	15	50	130	25	20	inveg
WR	wepp-24038	"02:16 pm  Tuesday November 24, 2009"	"LUFKIN CAA AP TX"	30	silt	native	1000	2	20	15	50	130	25	20	inveg
WR	wepp-24043	"02:17 pm  Tuesday November 24, 2009"	"LUFKIN CAA AP TX"	30	silt	native	1000	2	20	15	50	130	25	20	inbare
WR	wepp-24079	"02:21 pm  Tuesday November 24, 2009"	"LUFKIN CAA AP TX"	30	silt	graveled	250	2	20	15	50	130	25	20	inveg
WR	wepp-11533	"12:02 pm  Thursday April 15, 2010"	"LUFKIN CAA AP TX"	30	silt	graveled	1000	2	15	15	50	130	25	20	inbare	ft
WR	wepp-11575	"12:05 pm  Thursday April 15, 2010"	"LUFKIN CAA AP TX"	30	silt	native	250	2	15	15	50	130	25	20	inbare	ft
WR	wepp-11584	"12:07 pm  Thursday April 15, 2010"	"LUFKIN CAA AP TX"	30	silt	native	250	2	15	15	50	130	25	20	inveg	ft
WR	wepp-11590	"12:07 pm  Thursday April 15, 2010"	"LUFKIN CAA AP TX"	30	silt	graveled	250	2	15	15	50	130	25	20	inveg	ft
WR	wepp-12228	"01:12 pm  Monday November 8, 2010"	"LUFKIN CAA AP TX"	30	silt	native	200	4	13	15	50	130	25	20	inveg	ft
WR	wepp-22912	"02:19 pm  Tuesday November 9, 2010"	"LUFKIN CAA AP TX"	30	silt	native	400	10	15	15	50	130	25	20	inbare	ft
WR	wepp-22925	"02:22 pm  Tuesday November 9, 2010"	"LUFKIN CAA AP TX"	30	silt	native	80	10	15	15	50	130	25	20	inbare	ft
WR	wepp-28334	"01:51 pm  Wednesday November 10, 2010"	"LUFKIN CAA AP TX"	30	silt	native	400	10	15	15	50	130	25	20	inbare	ft
WR	wepp-28350	"01:54 pm  Wednesday November 10, 2010"	"LUFKIN CAA AP TX"	30	silt	native	80	10	15	15	50	130	25	20	inbare	ft
WR	wepp-28361	"01:55 pm  Wednesday November 10, 2010"	"LUFKIN CAA AP TX"	30	silt	native	80	10	15	15	50	130	25	20	inveg	ft
WR	wepp-28366	"01:55 pm  Wednesday November 10, 2010"	"LUFKIN CAA AP TX"	30	silt	graveled	80	10	15	15	50	130	25	20	inveg	ft
WR	wepp-28371	"01:55 pm  Wednesday November 10, 2010"	"LUFKIN CAA AP TX"	30	silt	paved	80	10	15	15	50	130	25	20	inveg	ft
WR	wepp-28401	"02:02 pm  Wednesday November 10, 2010"	"LUFKIN CAA AP TX"	30	silt	graveled	80	10	15	15	50	130	25	20	inveg	ft
WR	wepp-11073	"12:21 pm  Thursday April 7, 2011"	"LUFKIN CAA AP TX"	30	silt	native	1000	2	15	15	50	130	25	20	inveg	ft
WR	wepp-11152	"12:25 pm  Thursday April 7, 2011"	"LUFKIN CAA AP TX"	30	silt	native	400	10	15	15	50	130	25	20	inveg	ft
WR	wepp-11162	"12:25 pm  Thursday April 7, 2011"	"LUFKIN CAA AP TX"	30	silt	native	80	10	15	15	50	130	25	20	inveg	ft
WR	wepp-11175	"12:26 pm  Thursday April 7, 2011"	"LUFKIN CAA AP TX"	30	silt	graveled	80	10	15	15	50	130	25	20	inveg	ft
WR	wepp-11180	"12:26 pm  Thursday April 7, 2011"	"LUFKIN CAA AP TX"	30	silt	graveled	80	10	15	15	50	130	25	20	inbare	ft
WR	wepp-21148	"12:13 pm  Monday November 14, 2011"	"LUFKIN CAA AP TX"	30	silt	native	400	10	15	15	50	130	25	20	inbare	ft
WR	wepp-21164	"12:14 pm  Monday November 14, 2011"	"LUFKIN CAA AP TX"	30	silt	native	80	10	15	15	50	130	25	20	inbare	ft
WR	wepp-21197	"12:15 pm  Monday November 14, 2011"	"LUFKIN CAA AP TX"	30	silt	native	80	10	15	15	50	130	25	20	inbare	ft
WR	wepp-10519	"01:45 pm  Tuesday November 15, 2011"	"LUFKIN CAA AP TX"	30	silt	native	400	10	15	15	50	130	25	20	inbare	ft
WR	wepp-10579	"01:46 pm  Tuesday November 15, 2011"	"LUFKIN CAA AP TX"	30	silt	native	80	10	15	15	50	130	25	20	inbare	ft
WR	wepp-22874	"11:48 am  Thursday March 22, 2012"	"LUFKIN CAA AP TX"	30	silt	native	1000	2	20	15	50	130	25	20	inbare	ft
WR	wepp-23179	"11:51 am  Thursday March 22, 2012"	"LUFKIN CAA AP TX"	30	silt	native	400	10	20	15	50	130	25	20	inbare	ft
WR	wepp-23220	"11:52 am  Thursday March 22, 2012"	"LUFKIN CAA AP TX"	30	silt	native	100	10	20	15	50	130	25	20	inbare	ft
WR	wepp-6399	"12:43 pm  Monday November 26, 2012"	"LUFKIN CAA AP TX"	30	silt	graveled	200	4	13	15	50	130	25	20	inveg	ft
WR	wepp-29310	"12:34 pm  Thursday April 4, 2013"	"LUFKIN CAA AP TX"	30	clay	native	200	4	13	15	50	130	25	20	inveg	ft
WR	wepp-13075	"12:43 pm  Wednesday November 6, 2013"	"LUFKIN CAA AP TX"	30	silt	native	1000	2	20	15	50	130	25	20	inbare	ft
WR	wepp-13097	"12:44 pm  Wednesday November 6, 2013"	"LUFKIN CAA AP TX"	30	silt	native	250	2	20	15	50	130	25	20	inbare	ft
WR	wepp-2547	"12:46 pm  Monday November 11, 2013"	"LUFKIN CAA AP TX"	30	silt	native	1000	2	13	15	50	130	25	20	inbare	ft
WR	wepp-2589	"12:47 pm  Monday November 11, 2013"	"LUFKIN CAA AP TX"	30	silt	native	250	2	13	15	50	130	25	20	inbare	ft
WR	wepp-12045	"12:56 pm  Tuesday November 26, 2013"	"LUFKIN CAA AP TX"	30	clay	native	200	4	13	15	50	130	25	20	inveg	ft
WR	wepp-12146	"01:06 pm  Tuesday November 26, 2013"	"LUFKIN CAA AP TX"	30	silt	graveled	200	4	18	15	50	130	25	20	inbare	ft
WR	wepp-4266	"11:56 am  Tuesday March 18, 2014"	"LUFKIN CAA AP TX"	30	silt	native	1000	2	20	15	50	130	25	20	inbare	ft
WR	wepp-70137	"12:14 pm  Monday October 13, 2014"	"LUFKIN CAA AP TX"	30	silt	native	1000	2	18	15	50	130	25	20	inbare	ft
WR	wepp-70427	"12:34 pm  Monday October 13, 2014"	"LUFKIN CAA AP TX"	30	silt	native	250	2	18	15	50	130	25	20	inbare	ft
WR	wepp-70469	"12:34 pm  Monday October 13, 2014"	"LUFKIN CAA AP TX"	30	silt	native	250	2	18	15	50	130	25	20	inbare	ft
WR	wepp-139187	"11:59 am  Wednesday November 5, 2014"	"LUFKIN CAA AP TX"	30	silt	native	1000	2	18	15	50	130	25	20	inbare	ft
WR	wepp-139242	"12:02 pm  Wednesday November 5, 2014"	"LUFKIN CAA AP TX"	30	silt	native	250	2	18	15	50	130	25	20	inbare	ft
WR	wepp-9035	"01:10 pm  Tuesday November 11, 2014"	"LUFKIN CAA AP TX"	30	silt	native	1000	2	20	15	50	130	25	20	inbare	ft
WR	wepp-136765	"12:42 pm  Thursday December 18, 2014"	"LUFKIN CAA AP TX"	30	clay	native	200	4	13	15	50	130	25	20	inveg	ft
WR	wepp-136820	"12:45 pm  Thursday December 18, 2014"	"LUFKIN CAA AP TX"	30	clay	native	200	4	13	15	50	130	25	20	inveg	ft
WR	wepp-81906	"11:33 am  Tuesday April 14, 2015"	"PALESTINE WB CITY TX"	30	silt	native	200	4	18	15	50	130	25	20	inbare	ft
WR	wepp-81949	"11:34 am  Tuesday April 14, 2015"	"PALESTINE WB CITY TX"	30	silt	native	200	4	18	15	50	130	25	20	inveg	ft
WR	wepp-81998	"11:34 am  Tuesday April 14, 2015"	"PALESTINE WB CITY TX"	30	silt	graveled	200	4	18	15	50	130	25	20	inveg	ft
WR	wepp-82232	"11:38 am  Tuesday April 14, 2015"	"PALESTINE WB CITY TX"	30	silt	native	400	10	18	15	50	130	25	20	inveg	ft
WR	wepp-82311	"11:38 am  Tuesday April 14, 2015"	"PALESTINE WB CITY TX"	30	silt	native	80	10	18	15	50	130	25	20	inveg	ft
WR	wepp-222636	"10:54 am  Tuesday March 8, 2016"	"PALESTINE WB CITY TX"	30	silt	paved	200	4	18	20	50	130	25	20	inveg	ft
WR	wepp-2033	"12:06 pm  Monday November 7, 2016"	"PALESTINE WB CITY TX"	30	silt	native	200	4	18	15	50	130	25	20	inbare	ft
WR	wepp-2075	"12:06 pm  Monday November 7, 2016"	"PALESTINE WB CITY TX"	30	silt	graveled	200	4	18	15	50	130	25	20	inbare	ft
WR	wepp-87759	"12:05 pm  Wednesday November 9, 2016"	"PALESTINE WB CITY TX"	30	silt	native	200	4	18	15	50	130	25	20	inbare	ft
WR	wepp-199579	"12:51 pm  Tuesday November 15, 2016"	"PALESTINE WB CITY TX"	30	silt	native	200	4	18	15	50	130	25	20	inbare	ft
WR	wepp-192824	"10:57 am  Tuesday March 21, 2017"	"PALESTINE WB CITY TX"	30	silt	native	400	5	18	20	50	130	25	20	inveg	ft
