WR	wepp-20431	"07:44 am  Wednesday October 24, 2012"	"DRUMMOND AVIATION MT"	30	sand	native	1000	8	13	1	0.3	45	11	1	outrut	ft
WR	wepp-20471	"07:45 am  Wednesday October 24, 2012"	"COMBINATION_SNOTEL_410 MT"	30	sand	native	1000	8	13	1	0.3	45	11	1	outrut	ft
WR	wepp-20595	"07:47 am  Wednesday October 24, 2012"	"DRUMMOND AVIATION MT"	30	sand	native	300	12	13	1	0.3	15	40	60	outrut	ft
WR	wepp-20616	"07:48 am  Wednesday October 24, 2012"	"COMBINATION_SNOTEL_410 MT"	30	sand	native	300	12	13	1	0.3	15	40	60	outrut	ft
WR	wepp-20640	"07:49 am  Wednesday October 24, 2012"	"DRUMMOND AVIATION MT"	30	sand	native	1000	10	13	1	0.3	1	0.3	2	outrut	ft
WR	wepp-20661	"07:50 am  Wednesday October 24, 2012"	"COMBINATION_SNOTEL_410 MT"	30	sand	native	1000	10	13	1	0.3	1	0.3	2	outrut	ft
WR	wepp-20688	"07:51 am  Wednesday October 24, 2012"	"DRUMMOND AVIATION MT"	30	sand	native	1000	5	13	1	0.3	48	11	5	outrut	ft
WR	wepp-20735	"07:51 am  Wednesday October 24, 2012"	"COMBINATION_SNOTEL_410 MT"	30	sand	native	1000	5	13	1	0.3	48	11	5	outrut	ft
WR	wepp-20756	"07:53 am  Wednesday October 24, 2012"	"DRUMMOND AVIATION MT"	30	sand	native	634	3	13	1	0.3	9	32	10	outrut	ft
WR	wepp-20777	"07:53 am  Wednesday October 24, 2012"	"COMBINATION_SNOTEL_410 MT"	30	sand	native	634	3	13	1	0.3	9	32	10	outrut	ft
WR	wepp-20798	"07:54 am  Wednesday October 24, 2012"	"DRUMMOND AVIATION MT"	30	sand	native	528	9	13	1	0.3	15	34	10	outrut	ft
WR	wepp-20849	"07:54 am  Wednesday October 24, 2012"	"COMBINATION_SNOTEL_410 MT"	30	sand	native	528	9	13	1	0.3	15	34	10	outrut	ft
WR	wepp-20899	"07:56 am  Wednesday October 24, 2012"	"DRUMMOND AVIATION MT"	30	sand	native	528	9	13	1	0.3	15	34	10	outrut	ft
WR	wepp-20956	"07:58 am  Wednesday October 24, 2012"	"PRISM approx RockerPk +"	30	sand	native	528	9	13	1	0.3	15	34	10	outrut	ft
WR	wepp-20975	"07:59 am  Wednesday October 24, 2012"	"PRISM approx Boulder+ +"	30	sand	native	528	9	13	1	0.3	15	34	10	outrut	ft
WR	wepp-21119	"08:14 am  Wednesday October 24, 2012"	"DRUMMOND AVIATION MT"	30	silt	graveled	574	3	12	6	35	2	10	30	outunrut	ft
WR	wepp-21159	"08:15 am  Wednesday October 24, 2012"	"COMBINATION_SNOTEL_410 MT"	30	silt	graveled	574	3	12	6	35	2	10	30	outunrut	ft
WR	wepp-21182	"08:16 am  Wednesday October 24, 2012"	"PRISM approx RockerPk +"	30	silt	graveled	574	3	12	6	35	2	10	30	outunrut	ft
WR	wepp-21229	"08:16 am  Wednesday October 24, 2012"	"PRISM approx Boulder+ +"	30	silt	graveled	574	3	12	6	35	2	10	30	outunrut	ft
WR	wepp-21253	"08:20 am  Wednesday October 24, 2012"	"DRUMMOND AVIATION MT"	30	silt	graveled	574	3	36	6	35	6	10	30	outunrut	ft
WR	wepp-21383	"08:35 am  Wednesday October 24, 2012"	"DRUMMOND AVIATION MT"	30	silt	graveled	574	3	12	6	35	2	10	30	outunrut	ft
WR	wepp-21403	"08:36 am  Wednesday October 24, 2012"	"DRUMMOND AVIATION MT"	30	silt	graveled	574	3	12	6	35	2	10	30	outrut	ft
WR	wepp-21542	"08:47 am  Wednesday October 24, 2012"	"DRUMMOND AVIATION MT"	30	silt	native	902	5	15	4	50	2	10	30	outrut	ft
WR	wepp-21563	"08:48 am  Wednesday October 24, 2012"	"COMBINATION_SNOTEL_410 MT"	30	silt	native	902	5	15	4	50	2	10	30	outrut	ft
WR	wepp-21584	"08:49 am  Wednesday October 24, 2012"	"PRISM approx RockerPk +"	30	silt	native	902	5	15	4	50	2	10	30	outrut	ft
WR	wepp-21608	"08:49 am  Wednesday October 24, 2012"	"PRISM approx Boulder+ +"	30	silt	native	902	5	15	4	50	2	10	30	outrut	ft
WR	wepp-22054	"09:39 am  Wednesday October 24, 2012"	"COMBINATION_SNOTEL_410 MT"	30	silt	native	426	10	12	11	37	15	10	30	outrut	ft
WR	wepp-22078	"09:40 am  Wednesday October 24, 2012"	"PRISM approx RockerPk +"	30	silt	native	426	10	12	11	37	15	10	30	outrut	ft
WR	wepp-22099	"09:40 am  Wednesday October 24, 2012"	"PRISM approx Boulder+ +"	30	silt	native	426	10	12	11	37	15	10	30	outrut	ft
WR	wepp-22122	"09:41 am  Wednesday October 24, 2012"	"DRUMMOND AVIATION MT"	30	silt	native	426	10	12	11	37	15	10	30	outrut	ft
WR	wepp-22260	"09:49 am  Wednesday October 24, 2012"	"PRISM approx RockerPk +"	30	sand	graveled	1000	5	15	3	45	1	45	40	inveg	ft
WR	wepp-22281	"09:50 am  Wednesday October 24, 2012"	"PRISM approx Boulder+ +"	30	sand	graveled	1000	5	15	3	45	1	45	40	inveg	ft
WR	wepp-22302	"09:50 am  Wednesday October 24, 2012"	"COMBINATION_SNOTEL_410 MT"	30	sand	graveled	1000	5	15	3	45	1	45	40	inveg	ft
WR	wepp-22322	"09:51 am  Wednesday October 24, 2012"	"DRUMMOND AVIATION MT"	30	sand	graveled	1000	5	15	3	45	1	45	40	inveg	ft
WR	wepp-22343	"09:51 am  Wednesday October 24, 2012"	"COMBINATION_SNOTEL_410 MT"	30	sand	graveled	1000	5	15	3	45	1	45	40	inbare	ft
WR	wepp-22363	"09:51 am  Wednesday October 24, 2012"	"COMBINATION_SNOTEL_410 MT"	30	sand	graveled	1000	5	15	3	45	1	45	40	outrut	ft
WR	wepp-22410	"09:52 am  Wednesday October 24, 2012"	"COMBINATION_SNOTEL_410 MT"	30	loam	graveled	1000	5	15	3	45	1	45	40	inveg	ft
WR	wepp-22430	"09:52 am  Wednesday October 24, 2012"	"COMBINATION_SNOTEL_410 MT"	30	silt	graveled	1000	5	15	3	45	1	45	40	inveg	ft
WR	wepp-22455	"09:53 am  Wednesday October 24, 2012"	"COMBINATION_SNOTEL_410 MT"	30	sand	graveled	1000	5	45	9	45	3	45	40	inveg	ft
WR	wepp-22480	"09:53 am  Wednesday October 24, 2012"	"COMBINATION_SNOTEL_410 MT"	50	sand	graveled	1000	5	15	3	45	3	45	40	inveg	ft
WR	wepp-22507	"09:54 am  Wednesday October 24, 2012"	"COMBINATION_SNOTEL_410 MT"	20	sand	graveled	1000	5	15	3	45	3	45	40	inveg	ft
WR	wepp-22529	"09:54 am  Wednesday October 24, 2012"	"COMBINATION_SNOTEL_410 MT"	40	sand	graveled	1000	5	15	3	45	3	45	40	inveg	ft
WR	wepp-22554	"09:54 am  Wednesday October 24, 2012"	"COMBINATION_SNOTEL_410 MT"	100	sand	graveled	1000	5	15	3	45	3	45	40	inveg	ft
