WR	wepp-218452	"07:38 am  Thursday September 24, 2015"	"UTICA 11WSW MT"	10	silt	graveled	160	3	14	25	61	1	1	20	outrut	ft
WR	wepp-218515	"07:39 am  Thursday September 24, 2015"	"UTICA 11WSW MT"	30	silt	graveled	160	3	14	25	61	1	1	20	outrut	ft
WR	wepp-218580	"07:40 am  Thursday September 24, 2015"	"UTICA 11WSW MT"	30	silt	graveled	160	3	14	25	61	1	25	20	outrut	ft
WR	wepp-218622	"07:41 am  Thursday September 24, 2015"	"UTICA 11WSW MT"	30	silt	graveled	160	3	14	25	61	25	1	20	outrut	ft
WR	wepp-218694	"07:43 am  Thursday September 24, 2015"	"UTICA 11WSW MT"	30	silt	graveled	160	3	14	1	1	50	10	20	outrut	ft
WR	wepp-218737	"07:43 am  Thursday September 24, 2015"	"UTICA 11WSW MT"	30	silt	graveled	40	3	14	1	1	50	10	20	outrut	ft
WR	wepp-218780	"07:44 am  Thursday September 24, 2015"	"UTICA 11WSW MT"	30	silt	graveled	120	3	14	1	1	50	10	20	outrut	ft
WR	wepp-218848	"07:45 am  Thursday September 24, 2015"	"UTICA 11WSW MT"	30	silt	graveled	120	3	14	1	1	50	10	20	inbare	ft
WD	wepp-226177	"02:15 pm  Tuesday September 29, 2015"	"Farm Bill CE1 +"	10	silt	YoungForest	750	21	21	50	30	OldForest	50	21	10	90	10	0	ft	"unit 5a"
WD	wepp-226428	"02:21 pm  Tuesday September 29, 2015"	"Farm Bill CE1 +"	10	silt	YoungForest	750	21	21	50	30	OldForest	50	21	10	90	10	0	ft	"unit 5a"
WD	wepp-226463	"02:21 pm  Tuesday September 29, 2015"	"Farm Bill CE1 +"	10	silt	YoungForest	580	21	21	50	30	Bunchgrass	50	21	5	90	10	0	ft	"unit 21a"
WD	wepp-43384	"09:17 am  Thursday October 1, 2015"	"Farm Bill CE1 +"	10	silt	YoungForest	750	21	21	50	30	OldForest	50	21	10	90	10	0	ft	"unit 5a (s)"
WD	wepp-43420	"09:17 am  Thursday October 1, 2015"	"Farm Bill CE1 +"	10	silt	YoungForest	580	21	21	50	30	Bunchgrass	50	21	5	90	10	0	ft	"unit 21a"
WD	wepp-43427	"09:17 am  Thursday October 1, 2015"	"Farm Bill CE1 +"	10	silt	LowFire	13	20	20	50	30	LowFire	50	10	10	90	10	0	ft	"Unit 5n (N)"
WD	wepp-43442	"09:17 am  Thursday October 1, 2015"	"Farm Bill CE1 +"	10	silt	YoungForest	750	21	21	50	30	OldForest	50	21	10	90	10	0	ft	"unit 5a (s)"
WD	wepp-43477	"09:17 am  Thursday October 1, 2015"	"Farm Bill CE1 +"	10	silt	YoungForest	580	21	21	50	30	Bunchgrass	50	21	5	90	10	0	ft	"unit 21a"
WD	wepp-43484	"09:17 am  Thursday October 1, 2015"	"Farm Bill CE1 +"	10	silt	LowFire	13	20	20	50	30	OldForest	100	10	10	90	10	0	ft	"Unit 5n (N)"
WE	wepp-13202	"05:22 am  Tuesday November 10, 2015"	"GIBSON DAM MT +"	silt	45	forest	45	45	30	1000	h			ft
WD	wepp-104859	"10:10 am  Thursday February 4, 2016"	"Johny crow mod 2 +"	10	loam	LowFire	1250	20	20	60	40	OldForest	290	10	10	100	40	0	ft	"2b1"
WD	wepp-104868	"10:10 am  Thursday February 4, 2016"	"../working/166_7_82_190_i"	10	loam		0	0	0	0	0		0	0	0	0	0	0	ft	"2b2"
WD	wepp-104982	"10:12 am  Thursday February 4, 2016"	"Johny crow mod 2 +"	10	loam	LowFire	600	20	20	60	40	OldForest	290	10	10	100	40	0	ft	"2b1"
WD	wepp-105039	"10:13 am  Thursday February 4, 2016"	"Johny crow mod 2 +"	10	loam	LowFire	600	20	20	60	40	OldForest	290	5	5	100	40	0	ft	"2b1"
WD	wepp-105347	"10:15 am  Thursday February 4, 2016"	"Johny crow mod 2 +"	10	loam	LowFire	600	20	20	60	40	OldForest	290	5	5	100	40	0	ft	"2b1"
WD	wepp-105382	"10:15 am  Thursday February 4, 2016"	"Johny crow mod 2 +"	10	loam	Bunchgrass	1250	20	20	80	40	OldForest	290	5	5	100	40	0	ft	"2b1pt"
WE	wepp-105625	"10:20 am  Thursday February 4, 2016"	"Johny crow mod 2 +"	loam	40	range	20	20	5	620	l	15	75	ft
WD	wepp-106309	"10:28 am  Thursday February 4, 2016"	"Johny crow mod 2 +"	10	loam	LowFire	600	20	20	60	40	OldForest	290	5	5	100	40	0	ft	"2b1"
WD	wepp-106345	"10:28 am  Thursday February 4, 2016"	"Johny crow mod 2 +"	10	loam	Bunchgrass	1250	20	20	80	40	OldForest	290	5	5	100	40	0	ft	"2b1pt"
WD	wepp-106352	"10:28 am  Thursday February 4, 2016"	"Johny crow mod 2 +"	10	loam	LowFire	1700	15	15	60	40	OldForest	200	5	5	100	40	0	ft	"2b2"
WD	wepp-106360	"10:28 am  Thursday February 4, 2016"	"Johny crow mod 2 +"	10	loam	Bunchgrass	1700	15	15	80	40	OldForest	200	5	5	100	40	0	ft	"2b2pt"
WD	wepp-106381	"10:29 am  Thursday February 4, 2016"	"Johny crow mod 2 +"	20	loam	LowFire	600	20	20	60	40	OldForest	290	5	5	100	40	0	ft	"2b1"
WD	wepp-106417	"10:29 am  Thursday February 4, 2016"	"Johny crow mod 2 +"	20	loam	Bunchgrass	1250	20	20	80	40	OldForest	290	5	5	100	40	0	ft	"2b1pt"
WD	wepp-106424	"10:29 am  Thursday February 4, 2016"	"Johny crow mod 2 +"	20	loam	LowFire	1700	15	15	60	40	OldForest	200	5	5	100	40	0	ft	"2b2"
WD	wepp-106431	"10:29 am  Thursday February 4, 2016"	"Johny crow mod 2 +"	20	loam	Bunchgrass	1700	15	15	80	40	OldForest	200	5	5	100	40	0	ft	"2b2pt"
WD	wepp-108422	"10:53 am  Thursday February 4, 2016"	"Johny crow mod 2 +"	20	loam	LowFire	600	20	20	60	40	OldForest	290	5	5	100	40	0	ft	"2b1"
WD	wepp-108457	"10:53 am  Thursday February 4, 2016"	"Johny crow mod 2 +"	20	loam	Bunchgrass	1250	20	20	80	40	OldForest	290	5	5	100	40	0	ft	"2b1pt"
WD	wepp-108464	"10:53 am  Thursday February 4, 2016"	"Johny crow mod 2 +"	20	loam	LowFire	1700	15	15	60	40	OldForest	200	5	5	100	40	0	ft	"2b2"
WD	wepp-108471	"10:53 am  Thursday February 4, 2016"	"Johny crow mod 2 +"	20	loam	Bunchgrass	1700	15	15	80	40	OldForest	200	5	5	100	40	0	ft	"2b2pt"
WD	wepp-108478	"10:53 am  Thursday February 4, 2016"	"Johny crow mod 2 +"	20	loam	LowFire	1500	20	20	60	40	OldForest	200	5	5	100	40	0	ft	"2b3pt"
WD	wepp-108486	"10:53 am  Thursday February 4, 2016"	"Johny crow mod 2 +"	20	loam	Bunchgrass	1500	20	20	80	40	OldForest	200	5	5	100	40	0	ft	"2b3pt"
WD	wepp-113990	"12:09 pm  Thursday February 4, 2016"	"Johny crow mod 2 +"	20	loam	LowFire	600	20	20	60	40	OldForest	290	5	5	100	40	0	ft	"2b1"
WD	wepp-114025	"12:09 pm  Thursday February 4, 2016"	"Johny crow mod 2 +"	20	loam	Bunchgrass	1250	20	20	80	40	OldForest	290	5	5	100	40	0	ft	"2b1pt"
WD	wepp-114045	"12:09 pm  Thursday February 4, 2016"	"Johny crow mod 2 +"	20	loam	LowFire	1700	15	15	60	40	OldForest	200	5	5	100	40	0	ft	"2b2"
WD	wepp-114053	"12:09 pm  Thursday February 4, 2016"	"Johny crow mod 2 +"	20	loam	Bunchgrass	1700	15	15	80	40	OldForest	200	5	5	100	40	0	ft	"2b2pt"
WD	wepp-114060	"12:09 pm  Thursday February 4, 2016"	"Johny crow mod 2 +"	20	loam	LowFire	1500	20	20	60	40	OldForest	200	5	5	100	40	0	ft	"2b3pt"
WD	wepp-114067	"12:09 pm  Thursday February 4, 2016"	"Johny crow mod 2 +"	20	loam	Bunchgrass	1500	20	20	80	40	OldForest	200	5	5	100	40	0	ft	"2b3pt"
WD	wepp-114075	"12:09 pm  Thursday February 4, 2016"	"Johny crow mod 2 +"	20	loam	LowFire	1200	25	25	60	40	OldForest	200	5	5	100	40	0	ft	"2d1"
WD	wepp-114082	"12:09 pm  Thursday February 4, 2016"	"Johny crow mod 2 +"	20	loam	Bunchgrass	1200	25	25	60	40	OldForest	200	5	5	100	40	0	ft	"2d1pt"
WD	wepp-114089	"12:09 pm  Thursday February 4, 2016"	"Johny crow mod 2 +"	20	loam	LowFire	1200	25	25	60	40	OldForest	200	5	5	100	40	0	ft	"2d2"
WD	wepp-114096	"12:09 pm  Thursday February 4, 2016"	"Johny crow mod 2 +"	20	loam	Bunchgrass	1200	25	25	60	40	OldForest	200	5	5	100	40	0	ft	"2d2pt"
WD	wepp-115491	"12:30 pm  Thursday February 4, 2016"	"Johny crow mod 2 +"	20	loam	LowFire	600	20	20	60	40	OldForest	290	5	5	100	40	0	ft	"2a1"
WD	wepp-115528	"12:30 pm  Thursday February 4, 2016"	"Johny crow mod 2 +"	20	loam	Bunchgrass	1250	20	20	80	40	OldForest	290	5	5	100	40	0	ft	"2a1pt"
WD	wepp-115535	"12:30 pm  Thursday February 4, 2016"	"Johny crow mod 2 +"	20	loam	LowFire	1700	15	15	60	40	OldForest	200	5	5	100	40	0	ft	"2a2"
WD	wepp-115543	"12:30 pm  Thursday February 4, 2016"	"Johny crow mod 2 +"	20	loam	Bunchgrass	1700	15	15	80	40	OldForest	200	5	5	100	40	0	ft	"2a2pt"
WD	wepp-115550	"12:30 pm  Thursday February 4, 2016"	"Johny crow mod 2 +"	20	loam	LowFire	1500	20	20	60	40	OldForest	200	5	5	100	40	0	ft	"2a3"
WD	wepp-115557	"12:30 pm  Thursday February 4, 2016"	"Johny crow mod 2 +"	20	loam	Bunchgrass	1500	20	20	80	40	OldForest	200	5	5	100	40	0	ft	"2a3pt"
WD	wepp-115564	"12:30 pm  Thursday February 4, 2016"	"Johny crow mod 2 +"	20	loam	LowFire	1200	25	25	60	40	OldForest	200	5	5	100	40	0	ft	"2d1"
WD	wepp-115572	"12:30 pm  Thursday February 4, 2016"	"Johny crow mod 2 +"	20	loam	Bunchgrass	1200	25	25	60	40	OldForest	200	5	5	100	40	0	ft	"2d1pt"
WD	wepp-115579	"12:30 pm  Thursday February 4, 2016"	"Johny crow mod 2 +"	20	loam	LowFire	2000	20	20	60	40	OldForest	200	20	5	100	40	0	ft	"2d2"
WD	wepp-115586	"12:30 pm  Thursday February 4, 2016"	"Johny crow mod 2 +"	20	loam	Bunchgrass	2000	20	20	60	40	OldForest	200	20	5	100	40	0	ft	"2d2pt"
WD	wepp-115593	"12:30 pm  Thursday February 4, 2016"	"Johny crow mod 2 +"	20	loam	LowFire	900	17	17	60	40	OldForest	200	17	5	100	40	0	ft	"2a4"
WD	wepp-115600	"12:30 pm  Thursday February 4, 2016"	"Johny crow mod 2 +"	20	loam	Bunchgrass	900	17	17	60	40	OldForest	200	17	5	100	40	0	ft	"2a4pt"
WD	wepp-178666	"05:46 am  Friday February 5, 2016"	"Johny crow mod 2 +"	20	loam	LowFire	600	20	20	60	40	OldForest	290	5	5	100	40	0	ft	"2a1"
WD	wepp-178701	"05:46 am  Friday February 5, 2016"	"Johny crow mod 2 +"	20	loam	Bunchgrass	1250	20	20	80	40	OldForest	290	5	5	100	40	0	ft	"2a1pt"
WD	wepp-178709	"05:46 am  Friday February 5, 2016"	"Johny crow mod 2 +"	20	loam	LowFire	1700	15	15	60	40	OldForest	200	5	5	100	40	0	ft	"2a2"
WD	wepp-178716	"05:46 am  Friday February 5, 2016"	"Johny crow mod 2 +"	20	loam	Bunchgrass	1700	15	15	80	40	OldForest	200	5	5	100	40	0	ft	"2a2pt"
WD	wepp-178724	"05:46 am  Friday February 5, 2016"	"Johny crow mod 2 +"	20	loam	LowFire	1500	20	20	60	40	OldForest	200	5	5	100	40	0	ft	"2a3"
WD	wepp-178731	"05:46 am  Friday February 5, 2016"	"Johny crow mod 2 +"	20	loam	Bunchgrass	1500	20	20	80	40	OldForest	200	5	5	100	40	0	ft	"2a3pt"
WD	wepp-178739	"05:46 am  Friday February 5, 2016"	"Johny crow mod 2 +"	20	loam	LowFire	1200	25	25	60	40	OldForest	200	5	5	100	40	0	ft	"2d1"
WD	wepp-178746	"05:46 am  Friday February 5, 2016"	"Johny crow mod 2 +"	20	loam	Bunchgrass	1200	25	25	60	40	OldForest	200	5	5	100	40	0	ft	"2d1pt"
WD	wepp-178753	"05:46 am  Friday February 5, 2016"	"Johny crow mod 2 +"	20	loam	LowFire	2000	20	20	60	40	OldForest	200	20	5	100	40	0	ft	"2d2"
WD	wepp-178761	"05:46 am  Friday February 5, 2016"	"Johny crow mod 2 +"	20	loam	Bunchgrass	2000	20	20	60	40	OldForest	200	20	5	100	40	0	ft	"2d2pt"
WD	wepp-178768	"05:46 am  Friday February 5, 2016"	"Johny crow mod 2 +"	20	loam	LowFire	900	17	17	60	40	OldForest	200	17	5	100	40	0	ft	"2a4"
WD	wepp-178775	"05:46 am  Friday February 5, 2016"	"Johny crow mod 2 +"	20	loam	Bunchgrass	900	17	17	60	40	OldForest	200	17	5	100	40	0	ft	"2a4pt"
WD	wepp-178782	"05:46 am  Friday February 5, 2016"	"Johny crow mod 2 +"	20	loam	LowFire	1350	30	30	60	40	OldForest	200	20	5	100	40	0	ft	"2d3"
WD	wepp-178789	"05:46 am  Friday February 5, 2016"	"Johny crow mod 2 +"	20	loam	Bunchgrass	1350	30	30	60	40	OldForest	200	20	20	100	40	0	ft	"2d3pt"
WD	wepp-178796	"05:46 am  Friday February 5, 2016"	"Johny crow mod 2 +"	20	loam	LowFire	2400	25	20	60	40	OldForest	200	20	20	100	40	0	ft	"3c1"
WD	wepp-179576	"06:01 am  Friday February 5, 2016"	"Johny crow mod 2 +"	20	loam	LowFire	600	20	20	60	40	OldForest	290	5	5	100	40	0	ft	"2a1"
WD	wepp-179613	"06:01 am  Friday February 5, 2016"	"Johny crow mod 2 +"	20	loam	Bunchgrass	1250	20	20	80	40	OldForest	290	5	5	100	40	0	ft	"2a1pt"
WD	wepp-179620	"06:01 am  Friday February 5, 2016"	"Johny crow mod 2 +"	20	loam	LowFire	1700	15	15	60	40	OldForest	200	5	5	100	40	0	ft	"2a2"
WD	wepp-179627	"06:01 am  Friday February 5, 2016"	"Johny crow mod 2 +"	20	loam	Bunchgrass	1700	15	15	80	40	OldForest	200	5	5	100	40	0	ft	"2a2pt"
WD	wepp-179635	"06:01 am  Friday February 5, 2016"	"Johny crow mod 2 +"	20	loam	LowFire	1500	20	20	60	40	OldForest	200	5	5	100	40	0	ft	"2a3"
WD	wepp-179643	"06:01 am  Friday February 5, 2016"	"Johny crow mod 2 +"	20	loam	Bunchgrass	1500	20	20	80	40	OldForest	200	5	5	100	40	0	ft	"2a3pt"
WD	wepp-179650	"06:01 am  Friday February 5, 2016"	"Johny crow mod 2 +"	20	loam	LowFire	1200	25	25	60	40	OldForest	200	5	5	100	40	0	ft	"2d1"
WD	wepp-179657	"06:01 am  Friday February 5, 2016"	"Johny crow mod 2 +"	20	loam	Bunchgrass	1200	25	25	60	40	OldForest	200	5	5	100	40	0	ft	"2d1pt"
WD	wepp-179665	"06:01 am  Friday February 5, 2016"	"Johny crow mod 2 +"	20	loam	LowFire	2000	20	20	60	40	OldForest	200	20	5	100	40	0	ft	"2d2"
WD	wepp-179672	"06:01 am  Friday February 5, 2016"	"Johny crow mod 2 +"	20	loam	Bunchgrass	2000	20	20	60	40	OldForest	200	20	5	100	40	0	ft	"2d2pt"
WD	wepp-179679	"06:01 am  Friday February 5, 2016"	"Johny crow mod 2 +"	20	loam	LowFire	900	17	17	60	40	OldForest	200	17	5	100	40	0	ft	"2a4"
WD	wepp-179686	"06:01 am  Friday February 5, 2016"	"Johny crow mod 2 +"	20	loam	Bunchgrass	900	17	17	60	40	OldForest	200	17	5	100	40	0	ft	"2a4pt"
WD	wepp-179693	"06:01 am  Friday February 5, 2016"	"Johny crow mod 2 +"	20	loam	LowFire	1350	30	30	60	40	OldForest	200	20	5	100	40	0	ft	"2d3"
WD	wepp-179700	"06:01 am  Friday February 5, 2016"	"Johny crow mod 2 +"	20	loam	Bunchgrass	1350	30	30	60	40	OldForest	200	20	20	100	40	0	ft	"2d3pt"
WD	wepp-179707	"06:01 am  Friday February 5, 2016"	"Johny crow mod 2 +"	20	loam	LowFire	2400	25	20	60	40	OldForest	200	20	20	100	40	0	ft	"3c1"
WD	wepp-179714	"06:02 am  Friday February 5, 2016"	"Johny crow mod 2 +"	20	loam	Bunchgrass	2400	25	20	60	40	OldForest	200	20	10	100	40	0	ft	"3c1pt"
WD	wepp-179750	"06:04 am  Friday February 5, 2016"	"Johny crow mod 2 +"	20	loam	LowFire	600	20	20	60	40	OldForest	290	5	5	100	40	0	ft	"2a1"
WD	wepp-179882	"06:05 am  Friday February 5, 2016"	"Johny crow mod 2 +"	20	loam	Bunchgrass	1250	20	20	80	40	OldForest	290	5	5	100	40	0	ft	"2a1pt"
WD	wepp-180052	"06:06 am  Friday February 5, 2016"	"Johny crow mod 2 +"	20	loam	LowFire	1700	15	15	60	40	OldForest	200	5	5	100	40	0	ft	"2a2"
WD	wepp-180100	"06:07 am  Friday February 5, 2016"	"Johny crow mod 2 +"	20	loam	LowFire	600	20	20	60	40	OldForest	290	5	5	100	40	0	ft	"2a1"
WD	wepp-180146	"06:07 am  Friday February 5, 2016"	"Johny crow mod 2 +"	20	loam	Bunchgrass	1250	20	20	80	40	OldForest	290	5	5	100	40	0	ft	"2a1pt"
WD	wepp-180192	"06:08 am  Friday February 5, 2016"	"Johny crow mod 2 +"	20	loam	LowFire	1700	15	15	60	40	OldForest	200	5	5	100	40	0	ft	"2a2"
WD	wepp-180249	"06:09 am  Friday February 5, 2016"	"Johny crow mod 2 +"	20	loam	Bunchgrass	1700	15	15	80	40	OldForest	200	5	5	100	40	0	ft	"2a2pt"
WD	wepp-180500	"06:10 am  Friday February 5, 2016"	"Johny crow mod 2 +"	20	loam	LowFire	1500	20	20	60	40	OldForest	200	5	5	100	40	0	ft	"2a3"
WD	wepp-180547	"06:11 am  Friday February 5, 2016"	"Johny crow mod 2 +"	20	loam	Bunchgrass	1500	20	20	80	40	OldForest	200	5	5	100	40	0	ft	"2a3pt"
WD	wepp-180593	"06:11 am  Friday February 5, 2016"	"Johny crow mod 2 +"	20	loam	LowFire	1200	25	25	60	40	OldForest	200	5	5	100	40	0	ft	"2d1"
WD	wepp-180639	"06:12 am  Friday February 5, 2016"	"Johny crow mod 2 +"	20	loam	Bunchgrass	1200	25	25	60	40	OldForest	200	5	5	100	40	0	ft	"2d1pt"
WD	wepp-180686	"06:13 am  Friday February 5, 2016"	"Johny crow mod 2 +"	20	loam	LowFire	2000	20	20	60	40	OldForest	200	20	5	100	40	0	ft	"2d2"
WD	wepp-180732	"06:14 am  Friday February 5, 2016"	"Johny crow mod 2 +"	20	loam	Bunchgrass	2000	20	20	60	40	OldForest	200	20	5	100	40	0	ft	"2d2pt"
WD	wepp-180984	"06:15 am  Friday February 5, 2016"	"Johny crow mod 2 +"	20	loam	LowFire	900	17	17	60	40	OldForest	200	17	5	100	40	0	ft	"2a4"
WD	wepp-181032	"06:16 am  Friday February 5, 2016"	"Johny crow mod 2 +"	20	loam	Bunchgrass	900	17	17	60	40	OldForest	200	17	5	100	40	0	ft	"2a4pt"
WD	wepp-181085	"06:17 am  Friday February 5, 2016"	"Johny crow mod 2 +"	20	loam	LowFire	1350	30	30	60	40	OldForest	200	20	5	100	40	0	ft	"2d3"
WD	wepp-181130	"06:17 am  Friday February 5, 2016"	"Johny crow mod 2 +"	20	loam	Bunchgrass	1350	30	30	60	40	OldForest	200	20	20	100	40	0	ft	"2d3pt"
WD	wepp-181175	"06:18 am  Friday February 5, 2016"	"Johny crow mod 2 +"	20	loam	LowFire	2400	25	20	60	40	OldForest	200	20	20	100	40	0	ft	"3c1"
WD	wepp-181221	"06:19 am  Friday February 5, 2016"	"Johny crow mod 2 +"	20	loam	Bunchgrass	2400	25	20	60	40	OldForest	200	20	10	100	40	0	ft	"3c1pt"
WD	wepp-184669	"07:14 am  Friday February 5, 2016"	"Johny crow mod 2 +"	20	loam	LowFire	600	20	20	60	40	OldForest	290	5	5	100	40	0	ft	"2a1"
WD	wepp-184920	"07:15 am  Friday February 5, 2016"	"Johny crow mod 2 +"	20	loam	Bunchgrass	600	20	20	80	40	OldForest	290	5	5	100	40	0	ft	"2a1pt"
WD	wepp-184966	"07:16 am  Friday February 5, 2016"	"Johny crow mod 2 +"	20	loam	LowFire	1700	15	15	60	40	OldForest	200	5	5	100	40	0	ft	"2a2"
WD	wepp-185016	"07:17 am  Friday February 5, 2016"	"Johny crow mod 2 +"	20	loam	Bunchgrass	1700	15	15	80	40	OldForest	200	5	5	100	40	0	ft	"2a2pt"
WD	wepp-185063	"07:17 am  Friday February 5, 2016"	"Johny crow mod 2 +"	20	loam	LowFire	1500	20	20	60	40	OldForest	200	5	5	100	40	0	ft	"2a3"
WD	wepp-185108	"07:18 am  Friday February 5, 2016"	"Johny crow mod 2 +"	20	loam	Bunchgrass	1500	20	20	80	40	OldForest	200	5	5	100	40	0	ft	"2a3pt"
WD	wepp-185153	"07:19 am  Friday February 5, 2016"	"Johny crow mod 2 +"	20	loam	LowFire	1200	25	25	60	40	OldForest	200	5	5	100	40	0	ft	"2d1"
WD	wepp-185405	"07:20 am  Friday February 5, 2016"	"Johny crow mod 2 +"	20	loam	Bunchgrass	1200	25	25	60	40	OldForest	200	5	5	100	40	0	ft	"2d1pt"
WD	wepp-185455	"07:21 am  Friday February 5, 2016"	"Johny crow mod 2 +"	20	loam	LowFire	2000	20	20	60	40	OldForest	200	20	5	100	40	0	ft	"2d2"
WD	wepp-185502	"07:22 am  Friday February 5, 2016"	"Johny crow mod 2 +"	20	loam	Bunchgrass	2000	20	20	60	40	OldForest	200	20	5	100	40	0	ft	"2d2pt"
WD	wepp-185547	"07:22 am  Friday February 5, 2016"	"Johny crow mod 2 +"	20	loam	LowFire	900	17	17	60	40	OldForest	200	17	5	100	40	0	ft	"2a4"
WD	wepp-185595	"07:23 am  Friday February 5, 2016"	"Johny crow mod 2 +"	20	loam	Bunchgrass	900	17	17	60	40	OldForest	200	17	5	100	40	0	ft	"2a4pt"
WD	wepp-185643	"07:24 am  Friday February 5, 2016"	"Johny crow mod 2 +"	20	loam	LowFire	1350	30	30	60	40	OldForest	200	20	5	100	40	0	ft	"2d3"
WD	wepp-185897	"07:25 am  Friday February 5, 2016"	"Johny crow mod 2 +"	20	loam	Bunchgrass	1350	30	30	60	40	OldForest	200	20	20	100	40	0	ft	"2d3pt"
WD	wepp-185943	"07:26 am  Friday February 5, 2016"	"Johny crow mod 2 +"	20	loam	LowFire	2400	25	20	60	40	OldForest	200	20	20	100	40	0	ft	"3c1"
WD	wepp-185993	"07:27 am  Friday February 5, 2016"	"Johny crow mod 2 +"	20	loam	Bunchgrass	2400	25	20	60	40	OldForest	200	20	10	100	40	0	ft	"3c1pt"
WD	wepp-186293	"07:30 am  Friday February 5, 2016"	"Johny crow mod 2 +"	20	loam	LowFire	600	20	20	60	40	OldForest	290	5	5	100	40	0	ft	"2a1"
WD	wepp-186338	"07:31 am  Friday February 5, 2016"	"Johny crow mod 2 +"	20	loam	Bunchgrass	600	20	20	80	40	OldForest	290	5	5	100	40	0	ft	"2a1pt"
WD	wepp-186384	"07:32 am  Friday February 5, 2016"	"Johny crow mod 2 +"	20	loam	LowFire	1700	15	15	60	40	OldForest	200	5	5	100	40	0	ft	"2a2"
WD	wepp-186431	"07:33 am  Friday February 5, 2016"	"Johny crow mod 2 +"	20	loam	Bunchgrass	1700	15	15	80	40	OldForest	200	5	5	100	40	0	ft	"2a2pt"
WD	wepp-186479	"07:33 am  Friday February 5, 2016"	"Johny crow mod 2 +"	20	loam	LowFire	1500	20	20	60	40	OldForest	200	5	5	100	40	0	ft	"2a3"
WD	wepp-186526	"07:34 am  Friday February 5, 2016"	"Johny crow mod 2 +"	20	loam	Bunchgrass	1500	20	20	80	40	OldForest	200	5	5	100	40	0	ft	"2a3pt"
WD	wepp-186824	"07:35 am  Friday February 5, 2016"	"Johny crow mod 2 +"	20	loam	LowFire	1200	25	25	60	40	OldForest	200	5	5	100	40	0	ft	"2d1"
WD	wepp-186873	"07:36 am  Friday February 5, 2016"	"Johny crow mod 2 +"	20	loam	Bunchgrass	1200	25	25	60	40	OldForest	200	5	5	100	40	0	ft	"2d1pt"
WD	wepp-186924	"07:37 am  Friday February 5, 2016"	"Johny crow mod 2 +"	20	loam	LowFire	2000	20	20	60	40	OldForest	200	20	5	100	40	0	ft	"2d2"
WD	wepp-186974	"07:38 am  Friday February 5, 2016"	"Johny crow mod 2 +"	20	loam	Bunchgrass	2000	20	20	60	40	OldForest	200	20	5	100	40	0	ft	"2d2pt"
WD	wepp-187032	"07:39 am  Friday February 5, 2016"	"Johny crow mod 2 +"	20	loam	LowFire	900	17	17	60	40	OldForest	200	17	5	100	40	0	ft	"2a4"
WD	wepp-187289	"07:40 am  Friday February 5, 2016"	"Johny crow mod 2 +"	20	loam	Bunchgrass	900	17	17	60	40	OldForest	200	17	5	100	40	0	ft	"2a4pt"
WD	wepp-187412	"07:41 am  Friday February 5, 2016"	"Johny crow mod 2 +"	20	loam	LowFire	1350	30	30	60	40	OldForest	200	20	5	100	40	0	ft	"2d3"
WD	wepp-187599	"07:42 am  Friday February 5, 2016"	"Johny crow mod 2 +"	20	loam	Bunchgrass	1350	30	30	60	40	OldForest	200	20	20	100	40	0	ft	"2d3pt"
WD	wepp-187647	"07:43 am  Friday February 5, 2016"	"Johny crow mod 2 +"	20	loam	LowFire	1200	25	20	60	40	OldForest	200	20	20	100	40	0	ft	"3c1"
WD	wepp-187693	"07:44 am  Friday February 5, 2016"	"Johny crow mod 2 +"	20	loam	Bunchgrass	1200	25	20	60	40	OldForest	200	20	10	100	40	0	ft	"3c1pt"
WD	wepp-188286	"07:50 am  Friday February 5, 2016"	"Johny crow mod 2 +"	20	loam	LowFire	600	20	20	60	40	OldForest	290	5	5	100	40	0	ft	"2a1"
WD	wepp-188359	"07:51 am  Friday February 5, 2016"	"Johny crow mod 2 +"	20	loam	Bunchgrass	600	20	20	80	40	OldForest	290	5	5	100	40	0	ft	"2a1pt"
WD	wepp-188414	"07:52 am  Friday February 5, 2016"	"Johny crow mod 2 +"	20	loam	LowFire	1700	15	15	60	40	OldForest	200	5	5	100	40	0	ft	"2a2"
WD	wepp-188470	"07:53 am  Friday February 5, 2016"	"Johny crow mod 2 +"	20	loam	Bunchgrass	1700	15	15	80	40	OldForest	200	5	5	100	40	0	ft	"2a2pt"
WD	wepp-188519	"07:54 am  Friday February 5, 2016"	"Johny crow mod 2 +"	20	loam	LowFire	1500	20	20	60	40	OldForest	200	5	5	100	40	0	ft	"2a3"
WD	wepp-188778	"07:55 am  Friday February 5, 2016"	"Johny crow mod 2 +"	20	loam	Bunchgrass	1500	20	20	80	40	OldForest	200	5	5	100	40	0	ft	"2a3pt"
WD	wepp-188826	"07:55 am  Friday February 5, 2016"	"Johny crow mod 2 +"	20	loam	LowFire	1200	25	25	60	40	OldForest	200	5	5	100	40	0	ft	"2d1"
WD	wepp-188878	"07:56 am  Friday February 5, 2016"	"Johny crow mod 2 +"	20	loam	Bunchgrass	1200	25	25	60	40	OldForest	200	5	5	100	40	0	ft	"2d1pt"
WD	wepp-188934	"07:57 am  Friday February 5, 2016"	"Johny crow mod 2 +"	20	loam	LowFire	2000	20	20	60	40	OldForest	200	20	5	100	40	0	ft	"2d2"
WD	wepp-188988	"07:58 am  Friday February 5, 2016"	"Johny crow mod 2 +"	20	loam	Bunchgrass	2000	20	20	60	40	OldForest	200	20	5	100	40	0	ft	"2d2pt"
WD	wepp-189039	"07:59 am  Friday February 5, 2016"	"Johny crow mod 2 +"	20	loam	LowFire	900	17	17	60	40	OldForest	200	17	5	100	40	0	ft	"2a4"
WD	wepp-189304	"07:59 am  Friday February 5, 2016"	"Johny crow mod 2 +"	20	loam	Bunchgrass	900	17	17	60	40	OldForest	200	17	5	100	40	0	ft	"2a4pt"
WD	wepp-189564	"08:00 am  Friday February 5, 2016"	"Johny crow mod 2 +"	20	loam	LowFire	1350	30	30	60	40	OldForest	200	20	5	100	40	0	ft	"2d3"
WD	wepp-189632	"08:01 am  Friday February 5, 2016"	"Johny crow mod 2 +"	20	loam	Bunchgrass	1350	30	30	60	40	OldForest	200	20	20	100	40	0	ft	"2d3pt"
WD	wepp-189691	"08:02 am  Friday February 5, 2016"	"Johny crow mod 2 +"	20	loam	LowFire	1200	25	20	60	40	OldForest	200	20	20	100	40	0	ft	"3c1"
WD	wepp-189747	"08:03 am  Friday February 5, 2016"	"Johny crow mod 2 +"	20	loam	Bunchgrass	1200	25	20	60	40	OldForest	200	20	10	100	40	0	ft	"3c1pt"
WD	wepp-205914	"01:00 pm  Monday February 8, 2016"	"Johny crow mod 2 +"	20	loam	LowFire	600	20	20	60	40	OldForest	200	5	5	100	40	0	ft	"2a1"
WD	wepp-205950	"01:00 pm  Monday February 8, 2016"	"Johny crow mod 2 +"	20	loam	Bunchgrass	600	20	20	80	40	OldForest	200	5	5	100	40	0	ft	"2a1pt"
WD	wepp-205957	"01:00 pm  Monday February 8, 2016"	"Johny crow mod 2 +"	20	loam	LowFire	1700	15	15	60	40	OldForest	200	5	5	100	40	0	ft	"2a2"
WD	wepp-205964	"01:00 pm  Monday February 8, 2016"	"Johny crow mod 2 +"	20	loam	Bunchgrass	1700	15	15	80	40	OldForest	200	5	5	100	40	0	ft	"2a2pt"
WD	wepp-205971	"01:00 pm  Monday February 8, 2016"	"Johny crow mod 2 +"	20	loam	LowFire	1500	20	20	60	40	OldForest	200	5	5	100	40	0	ft	"2a3"
WD	wepp-205994	"01:01 pm  Monday February 8, 2016"	"Johny crow mod 2 +"	20	loam	Bunchgrass	1500	20	20	80	40	OldForest	200	5	5	100	40	0	ft	"2a3pt"
WD	wepp-206002	"01:01 pm  Monday February 8, 2016"	"Johny crow mod 2 +"	20	loam	LowFire	1200	25	25	60	40	OldForest	200	5	5	100	40	0	ft	"2d1"
WD	wepp-206009	"01:01 pm  Monday February 8, 2016"	"Johny crow mod 2 +"	20	loam	Bunchgrass	1200	25	25	60	40	OldForest	200	5	5	100	40	0	ft	"2d1pt"
WD	wepp-206016	"01:01 pm  Monday February 8, 2016"	"Johny crow mod 2 +"	20	loam	LowFire	2000	20	20	60	40	OldForest	200	20	5	100	40	0	ft	"2d2"
WD	wepp-206024	"01:01 pm  Monday February 8, 2016"	"Johny crow mod 2 +"	20	loam	Bunchgrass	2000	20	20	60	40	OldForest	200	20	5	100	40	0	ft	"2d2pt"
WD	wepp-206031	"01:01 pm  Monday February 8, 2016"	"Johny crow mod 2 +"	20	loam	LowFire	900	17	17	60	40	OldForest	200	17	5	100	40	0	ft	"2a4"
WD	wepp-206038	"01:01 pm  Monday February 8, 2016"	"Johny crow mod 2 +"	20	loam	Bunchgrass	900	17	17	60	40	OldForest	200	17	5	100	40	0	ft	"2a4pt"
WD	wepp-206045	"01:01 pm  Monday February 8, 2016"	"Johny crow mod 2 +"	20	loam	LowFire	1350	30	30	60	40	OldForest	200	20	5	100	40	0	ft	"2d3"
WD	wepp-206052	"01:01 pm  Monday February 8, 2016"	"Johny crow mod 2 +"	20	loam	Bunchgrass	1350	30	30	60	40	OldForest	200	20	20	100	40	0	ft	"2d3pt"
WD	wepp-206059	"01:01 pm  Monday February 8, 2016"	"Johny crow mod 2 +"	20	loam	LowFire	1200	25	20	60	40	Bunchgrass	200	15	10	100	40	0	ft	"3c1"
WD	wepp-206067	"01:01 pm  Monday February 8, 2016"	"Johny crow mod 2 +"	20	loam	Bunchgrass	1200	25	20	60	40	Bunchgrass	200	15	10	100	40	0	ft	"3c1pt"
WD	wepp-206074	"01:01 pm  Monday February 8, 2016"	"Johny crow mod 2 +"	20	loam	LowFire	1300	15	15	60	40	Shrub	200	15	10	100	40	0	ft	"3c2"
WD	wepp-206081	"01:01 pm  Monday February 8, 2016"	"Johny crow mod 2 +"	20	loam	Bunchgrass	1300	15	15	60	40	Shrub	200	15	10	100	40	0	ft	"3c2pt"
WD	wepp-206088	"01:01 pm  Monday February 8, 2016"	"Johny crow mod 2 +"	20	loam	LowFire	1580	25	25	60	40	Bunchgrass	1100	27	10	100	40	0	ft	"3a1"
WD	wepp-206096	"01:01 pm  Monday February 8, 2016"	"Johny crow mod 2 +"	20	loam	Bunchgrass	1580	25	25	60	40	Bunchgrass	1100	27	10	100	40	0	ft	"3a1pt"
WD	wepp-20629	"06:01 am  Tuesday February 9, 2016"	"Johny crow mod 2 +"	10	loam	LowFire	600	20	20	60	40	OldForest	200	5	5	100	40	0	ft	"2a1"
WD	wepp-20664	"06:01 am  Tuesday February 9, 2016"	"Johny crow mod 2 +"	10	loam	Bunchgrass	600	20	20	80	40	OldForest	200	5	5	100	40	0	ft	"2a1pt"
WD	wepp-20671	"06:01 am  Tuesday February 9, 2016"	"Johny crow mod 2 +"	10	loam	LowFire	1700	15	15	60	40	OldForest	200	5	5	100	40	0	ft	"2a2"
WD	wepp-20679	"06:01 am  Tuesday February 9, 2016"	"Johny crow mod 2 +"	10	loam	Bunchgrass	1700	15	15	80	40	OldForest	200	5	5	100	40	0	ft	"2a2pt"
WD	wepp-20686	"06:01 am  Tuesday February 9, 2016"	"Johny crow mod 2 +"	10	loam	LowFire	1500	20	20	60	40	OldForest	200	5	5	100	40	0	ft	"2a3"
WD	wepp-20693	"06:01 am  Tuesday February 9, 2016"	"Johny crow mod 2 +"	10	loam	Bunchgrass	1500	20	20	80	40	OldForest	200	5	5	100	40	0	ft	"2a3pt"
WD	wepp-20700	"06:01 am  Tuesday February 9, 2016"	"Johny crow mod 2 +"	10	loam	LowFire	1200	25	25	60	40	OldForest	200	5	5	100	40	0	ft	"2d1"
WD	wepp-20707	"06:01 am  Tuesday February 9, 2016"	"Johny crow mod 2 +"	10	loam	Bunchgrass	1200	25	25	60	40	OldForest	200	5	5	100	40	0	ft	"2d1pt"
WD	wepp-20714	"06:01 am  Tuesday February 9, 2016"	"Johny crow mod 2 +"	10	loam	LowFire	2000	20	20	60	40	OldForest	200	20	5	100	40	0	ft	"2d2"
WD	wepp-20721	"06:02 am  Tuesday February 9, 2016"	"Johny crow mod 2 +"	10	loam	Bunchgrass	2000	20	20	60	40	OldForest	200	20	5	100	40	0	ft	"2d2pt"
WD	wepp-20728	"06:02 am  Tuesday February 9, 2016"	"Johny crow mod 2 +"	10	loam	LowFire	900	17	17	60	40	OldForest	200	17	5	100	40	0	ft	"2a4"
WD	wepp-20736	"06:02 am  Tuesday February 9, 2016"	"Johny crow mod 2 +"	10	loam	Bunchgrass	900	17	17	60	40	OldForest	200	17	5	100	40	0	ft	"2a4pt"
WD	wepp-20743	"06:02 am  Tuesday February 9, 2016"	"Johny crow mod 2 +"	10	loam	LowFire	1350	30	30	60	40	OldForest	200	20	5	100	40	0	ft	"2d3"
WD	wepp-20750	"06:02 am  Tuesday February 9, 2016"	"Johny crow mod 2 +"	10	loam	Bunchgrass	1350	30	30	60	40	OldForest	200	20	20	100	40	0	ft	"2d3pt"
WD	wepp-20757	"06:02 am  Tuesday February 9, 2016"	"Johny crow mod 2 +"	10	loam	LowFire	1200	25	20	60	40	Bunchgrass	200	15	10	100	40	0	ft	"3c1"
WD	wepp-20764	"06:02 am  Tuesday February 9, 2016"	"Johny crow mod 2 +"	10	loam	Bunchgrass	1200	25	20	60	40	Bunchgrass	200	15	10	100	40	0	ft	"3c1pt"
WD	wepp-20771	"06:02 am  Tuesday February 9, 2016"	"Johny crow mod 2 +"	10	loam	LowFire	1300	15	15	60	40	Shrub	200	15	10	100	40	0	ft	"3c2"
WD	wepp-20779	"06:02 am  Tuesday February 9, 2016"	"Johny crow mod 2 +"	10	loam	Bunchgrass	1300	15	15	60	40	Shrub	200	15	10	100	40	0	ft	"3c2pt"
WD	wepp-20786	"06:02 am  Tuesday February 9, 2016"	"Johny crow mod 2 +"	10	loam	LowFire	1580	25	25	60	40	Bunchgrass	1100	27	10	100	40	0	ft	"3a1"
WD	wepp-20793	"06:02 am  Tuesday February 9, 2016"	"Johny crow mod 2 +"	10	loam	Bunchgrass	1580	25	25	60	40	Bunchgrass	1100	27	10	100	40	0	ft	"3a1pt"
WD	wepp-20824	"06:03 am  Tuesday February 9, 2016"	"Johny crow mod 2 +"	10	loam	LowFire	600	20	20	60	40	OldForest	200	5	5	100	40	0	ft	"2a1"
WD	wepp-20859	"06:03 am  Tuesday February 9, 2016"	"Johny crow mod 2 +"	10	loam	Bunchgrass	600	20	20	80	40	OldForest	200	5	5	100	40	0	ft	"2a1pt"
WD	wepp-20866	"06:03 am  Tuesday February 9, 2016"	"Johny crow mod 2 +"	10	loam	LowFire	1700	15	15	60	40	OldForest	200	5	5	100	40	0	ft	"2a2"
WD	wepp-20873	"06:03 am  Tuesday February 9, 2016"	"Johny crow mod 2 +"	10	loam	Bunchgrass	1700	15	15	80	40	OldForest	200	5	5	100	40	0	ft	"2a2pt"
WD	wepp-20880	"06:03 am  Tuesday February 9, 2016"	"Johny crow mod 2 +"	10	loam	LowFire	1500	20	20	60	40	OldForest	200	5	5	100	40	0	ft	"2a3"
WD	wepp-20887	"06:03 am  Tuesday February 9, 2016"	"Johny crow mod 2 +"	10	loam	Bunchgrass	1500	20	20	80	40	OldForest	200	5	5	100	40	0	ft	"2a3pt"
WD	wepp-20894	"06:03 am  Tuesday February 9, 2016"	"Johny crow mod 2 +"	10	loam	LowFire	1200	25	25	60	40	OldForest	200	5	5	100	40	0	ft	"2d1"
WD	wepp-20901	"06:03 am  Tuesday February 9, 2016"	"Johny crow mod 2 +"	10	loam	Bunchgrass	1200	25	25	60	40	OldForest	200	5	5	100	40	0	ft	"2d1pt"
WD	wepp-20908	"06:03 am  Tuesday February 9, 2016"	"Johny crow mod 2 +"	10	loam	LowFire	2000	20	20	60	40	OldForest	200	20	5	100	40	0	ft	"2d2"
WD	wepp-20916	"06:03 am  Tuesday February 9, 2016"	"Johny crow mod 2 +"	10	loam	Bunchgrass	2000	20	20	60	40	OldForest	200	20	5	100	40	0	ft	"2d2pt"
WD	wepp-20923	"06:03 am  Tuesday February 9, 2016"	"Johny crow mod 2 +"	10	loam	LowFire	900	17	17	60	40	OldForest	200	17	5	100	40	0	ft	"2a4"
WD	wepp-20930	"06:03 am  Tuesday February 9, 2016"	"Johny crow mod 2 +"	10	loam	Bunchgrass	900	17	17	60	40	OldForest	200	17	5	100	40	0	ft	"2a4pt"
WD	wepp-20937	"06:03 am  Tuesday February 9, 2016"	"Johny crow mod 2 +"	10	loam	LowFire	1350	30	30	60	40	OldForest	200	20	5	100	40	0	ft	"2d3"
WD	wepp-20944	"06:03 am  Tuesday February 9, 2016"	"Johny crow mod 2 +"	10	loam	Bunchgrass	1350	30	30	60	40	OldForest	200	20	20	100	40	0	ft	"2d3pt"
WD	wepp-20952	"06:03 am  Tuesday February 9, 2016"	"Johny crow mod 2 +"	10	loam	LowFire	1200	25	20	60	40	Bunchgrass	200	15	10	100	40	0	ft	"3c1"
WD	wepp-20959	"06:03 am  Tuesday February 9, 2016"	"Johny crow mod 2 +"	10	loam	Bunchgrass	1200	25	20	60	40	Bunchgrass	200	15	10	100	40	0	ft	"3c1pt"
WD	wepp-20966	"06:03 am  Tuesday February 9, 2016"	"Johny crow mod 2 +"	10	loam	LowFire	1300	15	15	60	40	Bunchgrass	200	15	10	100	40	0	ft	"3c2"
WD	wepp-20973	"06:03 am  Tuesday February 9, 2016"	"Johny crow mod 2 +"	10	loam	Bunchgrass	1300	15	15	60	40	Bunchgrass	200	15	10	100	40	0	ft	"3c2pt"
WD	wepp-20980	"06:03 am  Tuesday February 9, 2016"	"Johny crow mod 2 +"	10	loam	LowFire	1580	25	25	60	40	Bunchgrass	1100	27	10	100	40	0	ft	"3a1"
WD	wepp-20987	"06:03 am  Tuesday February 9, 2016"	"Johny crow mod 2 +"	10	loam	Bunchgrass	1580	25	25	60	40	Bunchgrass	1100	27	10	100	40	0	ft	"3a1pt"
WD	wepp-21268	"06:08 am  Tuesday February 9, 2016"	"Johny crow mod 2 +"	10	loam	LowFire	600	20	20	60	40	OldForest	200	5	5	100	40	0	ft	"2a1"
WD	wepp-21303	"06:08 am  Tuesday February 9, 2016"	"Johny crow mod 2 +"	10	loam	Bunchgrass	600	20	20	80	40	OldForest	200	5	5	100	40	0	ft	"2a1pt"
WD	wepp-21311	"06:09 am  Tuesday February 9, 2016"	"Johny crow mod 2 +"	10	loam	LowFire	850	15	15	60	40	OldForest	200	5	5	100	40	0	ft	"2a2"
WD	wepp-21318	"06:09 am  Tuesday February 9, 2016"	"Johny crow mod 2 +"	10	loam	Bunchgrass	850	15	15	80	40	OldForest	200	5	5	100	40	0	ft	"2a2pt"
WD	wepp-21325	"06:09 am  Tuesday February 9, 2016"	"Johny crow mod 2 +"	10	loam	LowFire	750	20	20	60	40	OldForest	200	5	5	100	40	0	ft	"2a3"
WD	wepp-21343	"06:09 am  Tuesday February 9, 2016"	"Johny crow mod 2 +"	10	loam	Bunchgrass	750	20	20	80	40	OldForest	200	5	5	100	40	0	ft	"2a3pt"
WD	wepp-21350	"06:09 am  Tuesday February 9, 2016"	"Johny crow mod 2 +"	10	loam	LowFire	600	25	25	60	40	OldForest	200	5	5	100	40	0	ft	"2d1"
WD	wepp-21357	"06:09 am  Tuesday February 9, 2016"	"Johny crow mod 2 +"	10	loam	Bunchgrass	600	25	25	60	40	OldForest	200	5	5	100	40	0	ft	"2d1pt"
WD	wepp-21365	"06:09 am  Tuesday February 9, 2016"	"Johny crow mod 2 +"	10	loam	LowFire	500	20	20	60	40	OldForest	200	20	5	100	40	0	ft	"2d2"
WD	wepp-21372	"06:09 am  Tuesday February 9, 2016"	"Johny crow mod 2 +"	10	loam	Bunchgrass	500	20	20	60	40	OldForest	200	20	5	100	40	0	ft	"2d2pt"
WD	wepp-21379	"06:09 am  Tuesday February 9, 2016"	"Johny crow mod 2 +"	10	loam	LowFire	450	17	17	60	40	OldForest	200	17	5	100	40	0	ft	"2a4"
WD	wepp-21386	"06:09 am  Tuesday February 9, 2016"	"Johny crow mod 2 +"	10	loam	Bunchgrass	450	17	17	60	40	OldForest	200	17	5	100	40	0	ft	"2a4pt"
WD	wepp-21393	"06:09 am  Tuesday February 9, 2016"	"Johny crow mod 2 +"	10	loam	LowFire	675	30	30	60	40	OldForest	200	20	5	100	40	0	ft	"2d3"
WD	wepp-21400	"06:09 am  Tuesday February 9, 2016"	"Johny crow mod 2 +"	10	loam	Bunchgrass	675	30	30	60	40	OldForest	200	20	20	100	40	0	ft	"2d3pt"
WD	wepp-21407	"06:09 am  Tuesday February 9, 2016"	"Johny crow mod 2 +"	10	loam	LowFire	600	25	20	60	40	Bunchgrass	200	15	10	100	40	0	ft	"3c1"
WD	wepp-21414	"06:09 am  Tuesday February 9, 2016"	"Johny crow mod 2 +"	10	loam	Bunchgrass	600	25	20	60	40	Bunchgrass	200	15	10	100	40	0	ft	"3c1pt"
WD	wepp-21421	"06:09 am  Tuesday February 9, 2016"	"Johny crow mod 2 +"	10	loam	LowFire	650	15	15	60	40	Bunchgrass	200	15	10	100	40	0	ft	"3c2"
WD	wepp-21429	"06:09 am  Tuesday February 9, 2016"	"Johny crow mod 2 +"	10	loam	Bunchgrass	650	15	15	60	40	Bunchgrass	200	15	10	100	40	0	ft	"3c2pt"
WD	wepp-21436	"06:09 am  Tuesday February 9, 2016"	"Johny crow mod 2 +"	10	loam	LowFire	790	25	25	60	40	Bunchgrass	1100	27	10	100	40	0	ft	"3a1"
WD	wepp-21443	"06:09 am  Tuesday February 9, 2016"	"Johny crow mod 2 +"	10	loam	Bunchgrass	790	25	25	60	40	Bunchgrass	1100	27	10	100	40	0	ft	"3a1pt"
WD	wepp-23048	"06:30 am  Tuesday February 9, 2016"	"Johny crow mod 2 +"	10	loam	LowFire	600	20	20	60	40	Bunchgrass	200	5	5	100	40	0	ft	"2a1"
WD	wepp-23085	"06:30 am  Tuesday February 9, 2016"	"Johny crow mod 2 +"	10	loam	Bunchgrass	600	20	20	80	40	Bunchgrass	200	5	5	100	40	0	ft	"2a1pt"
WD	wepp-23092	"06:30 am  Tuesday February 9, 2016"	"Johny crow mod 2 +"	10	loam	LowFire	850	15	15	60	40	YoungForest	200	5	5	100	40	0	ft	"2a2"
WD	wepp-23100	"06:30 am  Tuesday February 9, 2016"	"Johny crow mod 2 +"	10	loam	Bunchgrass	850	15	15	80	40	YoungForest	200	5	5	100	40	0	ft	"2a2pt"
WD	wepp-23107	"06:30 am  Tuesday February 9, 2016"	"Johny crow mod 2 +"	10	loam	LowFire	750	20	20	60	40	Bunchgrass	200	5	5	100	40	0	ft	"2a3"
WD	wepp-23114	"06:30 am  Tuesday February 9, 2016"	"Johny crow mod 2 +"	10	loam	Bunchgrass	750	20	20	80	40	Bunchgrass	200	5	5	100	40	0	ft	"2a3pt"
WD	wepp-23122	"06:30 am  Tuesday February 9, 2016"	"Johny crow mod 2 +"	10	loam	LowFire	600	25	25	60	40	Bunchgrass	200	5	5	100	40	0	ft	"2d1"
WD	wepp-23129	"06:30 am  Tuesday February 9, 2016"	"Johny crow mod 2 +"	10	loam	Bunchgrass	600	25	25	60	40	Bunchgrass	200	5	5	100	40	0	ft	"2d1pt"
WD	wepp-23136	"06:30 am  Tuesday February 9, 2016"	"Johny crow mod 2 +"	10	loam	LowFire	500	20	20	60	40	OldForest	200	20	5	100	40	0	ft	"2d2"
WD	wepp-23143	"06:30 am  Tuesday February 9, 2016"	"Johny crow mod 2 +"	10	loam	Bunchgrass	500	20	20	60	40	OldForest	200	20	5	100	40	0	ft	"2d2pt"
WD	wepp-23152	"06:30 am  Tuesday February 9, 2016"	"Johny crow mod 2 +"	10	loam	LowFire	450	17	17	60	40	Bunchgrass	200	17	5	100	40	0	ft	"2a4"
WD	wepp-23159	"06:30 am  Tuesday February 9, 2016"	"Johny crow mod 2 +"	10	loam	Bunchgrass	450	17	17	60	40	Bunchgrass	200	17	5	100	40	0	ft	"2a4pt"
WD	wepp-23167	"06:30 am  Tuesday February 9, 2016"	"Johny crow mod 2 +"	10	loam	LowFire	675	30	30	60	40	OldForest	200	20	5	100	40	0	ft	"2d3"
WD	wepp-23174	"06:30 am  Tuesday February 9, 2016"	"Johny crow mod 2 +"	10	loam	Bunchgrass	675	30	30	60	40	OldForest	200	20	20	100	40	0	ft	"2d3pt"
WD	wepp-23181	"06:30 am  Tuesday February 9, 2016"	"Johny crow mod 2 +"	10	loam	LowFire	600	25	20	60	40	Bunchgrass	200	15	10	100	40	0	ft	"3c1"
WD	wepp-23188	"06:30 am  Tuesday February 9, 2016"	"Johny crow mod 2 +"	10	loam	Bunchgrass	600	25	20	60	40	Bunchgrass	200	15	10	100	40	0	ft	"3c1pt"
WD	wepp-23195	"06:30 am  Tuesday February 9, 2016"	"Johny crow mod 2 +"	10	loam	LowFire	650	15	15	60	40	Bunchgrass	200	15	10	100	40	0	ft	"3c2"
WD	wepp-23202	"06:30 am  Tuesday February 9, 2016"	"Johny crow mod 2 +"	10	loam	Bunchgrass	650	15	15	60	40	Bunchgrass	200	15	10	100	40	0	ft	"3c2pt"
WD	wepp-23209	"06:30 am  Tuesday February 9, 2016"	"Johny crow mod 2 +"	10	loam	LowFire	790	25	25	60	40	Bunchgrass	1100	27	10	100	40	0	ft	"3a1"
WD	wepp-23219	"06:30 am  Tuesday February 9, 2016"	"Johny crow mod 2 +"	10	loam	Bunchgrass	790	25	25	60	40	Bunchgrass	1100	27	10	100	40	0	ft	"3a1pt"
WD	wepp-23328	"06:32 am  Tuesday February 9, 2016"	"Johny crow mod 2 +"	10	loam	LowFire	600	20	20	60	40	Bunchgrass	200	5	5	100	40	0	ft	"2a1"
WD	wepp-23363	"06:32 am  Tuesday February 9, 2016"	"Johny crow mod 2 +"	10	loam	Bunchgrass	600	20	20	80	40	Bunchgrass	200	5	5	100	40	0	ft	"2a1pt"
WD	wepp-23370	"06:32 am  Tuesday February 9, 2016"	"Johny crow mod 2 +"	10	loam	LowFire	850	15	15	60	40	YoungForest	200	5	5	100	40	0	ft	"2a2"
WD	wepp-23377	"06:32 am  Tuesday February 9, 2016"	"Johny crow mod 2 +"	10	loam	Bunchgrass	850	15	15	80	40	YoungForest	200	5	5	100	40	0	ft	"2a2pt"
WD	wepp-23385	"06:32 am  Tuesday February 9, 2016"	"Johny crow mod 2 +"	10	loam	LowFire	750	20	20	60	40	Bunchgrass	400	5	5	100	40	0	ft	"2a3"
WD	wepp-23394	"06:32 am  Tuesday February 9, 2016"	"Johny crow mod 2 +"	10	loam	Bunchgrass	750	20	20	80	40	Bunchgrass	400	5	5	100	40	0	ft	"2a3pt"
WD	wepp-23401	"06:32 am  Tuesday February 9, 2016"	"Johny crow mod 2 +"	10	loam	LowFire	600	25	25	60	40	Bunchgrass	400	5	5	100	40	0	ft	"2d1"
WD	wepp-23408	"06:32 am  Tuesday February 9, 2016"	"Johny crow mod 2 +"	10	loam	Bunchgrass	600	25	25	60	40	Bunchgrass	400	5	5	100	40	0	ft	"2d1pt"
WD	wepp-23415	"06:32 am  Tuesday February 9, 2016"	"Johny crow mod 2 +"	10	loam	LowFire	500	20	20	60	40	OldForest	400	20	5	100	40	0	ft	"2d2"
WD	wepp-23422	"06:32 am  Tuesday February 9, 2016"	"Johny crow mod 2 +"	10	loam	Bunchgrass	500	20	20	60	40	OldForest	400	20	5	100	40	0	ft	"2d2pt"
WD	wepp-23429	"06:32 am  Tuesday February 9, 2016"	"Johny crow mod 2 +"	10	loam	LowFire	450	17	17	60	40	Bunchgrass	400	17	5	100	40	0	ft	"2a4"
WD	wepp-23436	"06:32 am  Tuesday February 9, 2016"	"Johny crow mod 2 +"	10	loam	Bunchgrass	450	17	17	60	40	Bunchgrass	400	17	5	100	40	0	ft	"2a4pt"
WD	wepp-23443	"06:32 am  Tuesday February 9, 2016"	"Johny crow mod 2 +"	10	loam	LowFire	675	30	30	60	40	OldForest	400	20	5	100	40	0	ft	"2d3"
WD	wepp-23453	"06:32 am  Tuesday February 9, 2016"	"Johny crow mod 2 +"	10	loam	Bunchgrass	675	30	30	60	40	OldForest	400	20	20	100	40	0	ft	"2d3pt"
WD	wepp-23460	"06:32 am  Tuesday February 9, 2016"	"Johny crow mod 2 +"	10	loam	LowFire	600	25	20	60	40	Bunchgrass	400	15	10	100	40	0	ft	"3c1"
WD	wepp-23467	"06:32 am  Tuesday February 9, 2016"	"Johny crow mod 2 +"	10	loam	Bunchgrass	600	25	20	60	40	Bunchgrass	400	15	10	100	40	0	ft	"3c1pt"
WD	wepp-23474	"06:32 am  Tuesday February 9, 2016"	"Johny crow mod 2 +"	10	loam	LowFire	650	15	15	60	40	Bunchgrass	400	15	10	100	40	0	ft	"3c2"
WD	wepp-23481	"06:32 am  Tuesday February 9, 2016"	"Johny crow mod 2 +"	10	loam	Bunchgrass	650	15	15	60	40	Bunchgrass	400	15	10	100	40	0	ft	"3c2pt"
WD	wepp-23488	"06:32 am  Tuesday February 9, 2016"	"Johny crow mod 2 +"	10	loam	LowFire	790	25	25	60	40	Bunchgrass	1100	27	10	100	40	0	ft	"3a1"
WD	wepp-23496	"06:33 am  Tuesday February 9, 2016"	"Johny crow mod 2 +"	10	loam	Bunchgrass	790	25	25	60	40	Bunchgrass	1100	27	10	100	40	0	ft	"3a1pt"
WD	wepp-68941	"11:31 am  Wednesday February 10, 2016"	"Johny crow mod 2 +"	10	loam	LowFire	600	20	20	60	40	Bunchgrass	200	5	5	100	40	0	ft	"2a1"
WD	wepp-68976	"11:31 am  Wednesday February 10, 2016"	"Johny crow mod 2 +"	10	loam	Bunchgrass	600	20	20	80	40	Bunchgrass	200	5	5	100	40	0	ft	"2a1pt"
WD	wepp-68983	"11:31 am  Wednesday February 10, 2016"	"Johny crow mod 2 +"	10	loam	LowFire	850	15	15	60	40	YoungForest	200	5	5	100	40	0	ft	"2a2"
WD	wepp-68990	"11:31 am  Wednesday February 10, 2016"	"Johny crow mod 2 +"	10	loam	Bunchgrass	850	15	15	80	40	YoungForest	200	5	5	100	40	0	ft	"2a2pt"
WD	wepp-68997	"11:31 am  Wednesday February 10, 2016"	"Johny crow mod 2 +"	10	loam	LowFire	750	20	20	60	40	Bunchgrass	400	5	5	100	40	0	ft	"2a3"
WD	wepp-69004	"11:31 am  Wednesday February 10, 2016"	"Johny crow mod 2 +"	10	loam	Bunchgrass	750	20	20	80	40	Bunchgrass	400	5	5	100	40	0	ft	"2a3pt"
WD	wepp-69011	"11:31 am  Wednesday February 10, 2016"	"Johny crow mod 2 +"	10	loam	LowFire	600	25	25	60	40	Bunchgrass	400	5	5	100	40	0	ft	"2d1"
WD	wepp-69018	"11:31 am  Wednesday February 10, 2016"	"Johny crow mod 2 +"	10	loam	Bunchgrass	600	25	25	60	40	Bunchgrass	400	5	5	100	40	0	ft	"2d1pt"
WD	wepp-69025	"11:31 am  Wednesday February 10, 2016"	"Johny crow mod 2 +"	10	loam	LowFire	500	20	20	60	40	OldForest	400	20	5	100	40	0	ft	"2d2"
WD	wepp-69032	"11:31 am  Wednesday February 10, 2016"	"Johny crow mod 2 +"	10	loam	Bunchgrass	500	20	20	60	40	OldForest	400	20	5	100	40	0	ft	"2d2pt"
WD	wepp-69039	"11:31 am  Wednesday February 10, 2016"	"Johny crow mod 2 +"	10	loam	LowFire	450	17	17	60	40	Bunchgrass	400	17	5	100	40	0	ft	"2a4"
WD	wepp-69046	"11:31 am  Wednesday February 10, 2016"	"Johny crow mod 2 +"	10	loam	Bunchgrass	450	17	17	60	40	Bunchgrass	400	17	5	100	40	0	ft	"2a4pt"
WD	wepp-69053	"11:31 am  Wednesday February 10, 2016"	"Johny crow mod 2 +"	10	loam	LowFire	675	30	30	60	40	OldForest	400	20	5	100	40	0	ft	"2d3"
WD	wepp-69061	"11:31 am  Wednesday February 10, 2016"	"Johny crow mod 2 +"	10	loam	Bunchgrass	675	30	30	60	40	OldForest	400	20	20	100	40	0	ft	"2d3pt"
WD	wepp-69068	"11:31 am  Wednesday February 10, 2016"	"Johny crow mod 2 +"	10	loam	LowFire	600	25	20	60	40	Bunchgrass	400	15	10	100	40	0	ft	"3c1"
WD	wepp-69075	"11:31 am  Wednesday February 10, 2016"	"Johny crow mod 2 +"	10	loam	Bunchgrass	600	25	20	60	40	Bunchgrass	400	15	10	100	40	0	ft	"3c1pt"
WD	wepp-69082	"11:31 am  Wednesday February 10, 2016"	"Johny crow mod 2 +"	10	loam	LowFire	650	15	15	60	40	Bunchgrass	400	15	10	100	40	0	ft	"3c2"
WD	wepp-69089	"11:31 am  Wednesday February 10, 2016"	"Johny crow mod 2 +"	10	loam	Bunchgrass	650	15	15	60	40	Bunchgrass	400	15	10	100	40	0	ft	"3c2pt"
WD	wepp-69096	"11:32 am  Wednesday February 10, 2016"	"Johny crow mod 2 +"	10	loam	LowFire	790	25	25	60	40	Bunchgrass	1100	27	10	100	40	0	ft	"3a1"
WD	wepp-69103	"11:32 am  Wednesday February 10, 2016"	"Johny crow mod 2 +"	10	loam	Bunchgrass	790	25	25	60	40	Bunchgrass	1100	27	10	100	40	0	ft	"3a1pt"
WD	wepp-69110	"11:32 am  Wednesday February 10, 2016"	"Johny crow mod 2 +"	10	loam	LowFire	610	20	20	60	40	Bunchgrass	200	20	10	100	40	0	ft	"1b1"
WD	wepp-170279	"10:25 am  Friday February 12, 2016"	"Johny crow mod 2 +"	10	loam	LowFire	600	20	20	60	40	Bunchgrass	200	5	5	100	40	0	ft	"2a1"
WD	wepp-170314	"10:25 am  Friday February 12, 2016"	"Johny crow mod 2 +"	10	loam	Bunchgrass	600	20	20	80	40	Bunchgrass	200	5	5	100	40	0	ft	"2a1pt"
WD	wepp-170321	"10:25 am  Friday February 12, 2016"	"Johny crow mod 2 +"	10	loam	LowFire	850	15	15	60	40	YoungForest	200	5	5	100	40	0	ft	"2a2"
WD	wepp-170328	"10:25 am  Friday February 12, 2016"	"Johny crow mod 2 +"	10	loam	Bunchgrass	850	15	15	80	40	YoungForest	200	5	5	100	40	0	ft	"2a2pt"
WD	wepp-170335	"10:25 am  Friday February 12, 2016"	"Johny crow mod 2 +"	10	loam	LowFire	750	20	20	60	40	Bunchgrass	400	5	5	100	40	0	ft	"2a3"
WD	wepp-170342	"10:25 am  Friday February 12, 2016"	"Johny crow mod 2 +"	10	loam	Bunchgrass	750	20	20	80	40	Bunchgrass	400	5	5	100	40	0	ft	"2a3pt"
WD	wepp-170350	"10:25 am  Friday February 12, 2016"	"Johny crow mod 2 +"	10	loam	LowFire	600	25	25	60	40	Bunchgrass	400	5	5	100	40	0	ft	"2d1"
WD	wepp-170357	"10:25 am  Friday February 12, 2016"	"Johny crow mod 2 +"	10	loam	Bunchgrass	600	25	25	80	40	Bunchgrass	400	5	5	100	40	0	ft	"2d1pt"
WD	wepp-170364	"10:25 am  Friday February 12, 2016"	"Johny crow mod 2 +"	10	loam	LowFire	500	20	20	60	40	OldForest	400	20	5	100	40	0	ft	"2d2"
WD	wepp-170371	"10:25 am  Friday February 12, 2016"	"Johny crow mod 2 +"	10	loam	Bunchgrass	500	20	20	80	40	OldForest	400	20	5	100	40	0	ft	"2d2pt"
WD	wepp-170380	"10:25 am  Friday February 12, 2016"	"Johny crow mod 2 +"	10	loam	LowFire	450	17	17	60	40	Bunchgrass	400	17	5	100	40	0	ft	"2a4"
WD	wepp-170387	"10:25 am  Friday February 12, 2016"	"Johny crow mod 2 +"	10	loam	Bunchgrass	450	17	17	80	40	Bunchgrass	400	17	5	100	40	0	ft	"2a4pt"
WD	wepp-170394	"10:25 am  Friday February 12, 2016"	"Johny crow mod 2 +"	10	loam	LowFire	675	30	30	60	40	OldForest	400	20	5	100	40	0	ft	"2d3"
WD	wepp-170401	"10:25 am  Friday February 12, 2016"	"Johny crow mod 2 +"	10	loam	Bunchgrass	675	30	30	80	40	OldForest	400	20	20	100	40	0	ft	"2d3pt"
WD	wepp-170408	"10:25 am  Friday February 12, 2016"	"Johny crow mod 2 +"	10	loam	LowFire	600	25	20	60	40	Bunchgrass	400	15	10	100	40	0	ft	"3c1"
WD	wepp-170416	"10:25 am  Friday February 12, 2016"	"Johny crow mod 2 +"	10	loam	Bunchgrass	600	25	20	80	40	Bunchgrass	400	15	10	100	40	0	ft	"3c1pt"
WD	wepp-170423	"10:25 am  Friday February 12, 2016"	"Johny crow mod 2 +"	10	loam	LowFire	650	15	15	60	40	Bunchgrass	400	15	10	100	40	0	ft	"3c2"
WD	wepp-170430	"10:25 am  Friday February 12, 2016"	"Johny crow mod 2 +"	10	loam	Bunchgrass	650	15	15	80	40	Bunchgrass	400	15	10	100	40	0	ft	"3c2pt"
WD	wepp-170437	"10:25 am  Friday February 12, 2016"	"Johny crow mod 2 +"	10	loam	LowFire	790	25	25	60	40	Bunchgrass	1100	27	10	100	40	0	ft	"3a1"
WD	wepp-170444	"10:25 am  Friday February 12, 2016"	"Johny crow mod 2 +"	10	loam	Bunchgrass	790	25	25	80	40	Bunchgrass	1100	27	10	100	40	0	ft	"3a1pt"
WD	wepp-170451	"10:25 am  Friday February 12, 2016"	"Johny crow mod 2 +"	10	loam	LowFire	610	20	20	60	40	Bunchgrass	200	20	10	100	40	0	ft	"1b1"
WD	wepp-170560	"10:29 am  Friday February 12, 2016"	"Johny Crow mod +"	10	loam	LowFire	600	20	20	60	40	Bunchgrass	200	5	5	100	40	0	ft	"2a1"
WD	wepp-170595	"10:29 am  Friday February 12, 2016"	"Johny Crow mod +"	10	loam	Bunchgrass	600	20	20	80	40	Bunchgrass	200	5	5	100	40	0	ft	"2a1pt"
WD	wepp-170602	"10:29 am  Friday February 12, 2016"	"Johny Crow mod +"	10	loam	LowFire	850	15	15	60	40	YoungForest	200	5	5	100	40	0	ft	"2a2"
WD	wepp-170609	"10:29 am  Friday February 12, 2016"	"Johny Crow mod +"	10	loam	Bunchgrass	850	15	15	80	40	YoungForest	200	5	5	100	40	0	ft	"2a2pt"
WD	wepp-170616	"10:29 am  Friday February 12, 2016"	"Johny Crow mod +"	10	loam	LowFire	750	20	20	60	40	Bunchgrass	400	5	5	100	40	0	ft	"2a3"
WD	wepp-170623	"10:29 am  Friday February 12, 2016"	"Johny Crow mod +"	10	loam	Bunchgrass	750	20	20	80	40	Bunchgrass	400	5	5	100	40	0	ft	"2a3pt"
WD	wepp-170630	"10:29 am  Friday February 12, 2016"	"Johny Crow mod +"	10	loam	LowFire	600	25	25	60	40	Bunchgrass	400	5	5	100	40	0	ft	"2d1"
WD	wepp-170638	"10:29 am  Friday February 12, 2016"	"Johny Crow mod +"	10	loam	Bunchgrass	600	25	25	80	40	Bunchgrass	400	5	5	100	40	0	ft	"2d1pt"
WD	wepp-170645	"10:29 am  Friday February 12, 2016"	"Johny Crow mod +"	10	loam	LowFire	500	20	20	60	40	OldForest	400	20	5	100	40	0	ft	"2d2"
WD	wepp-170652	"10:29 am  Friday February 12, 2016"	"Johny Crow mod +"	10	loam	Bunchgrass	500	20	20	80	40	OldForest	400	20	5	100	40	0	ft	"2d2pt"
WD	wepp-170660	"10:29 am  Friday February 12, 2016"	"Johny Crow mod +"	10	loam	LowFire	450	17	17	60	40	Bunchgrass	400	17	5	100	40	0	ft	"2a4"
WD	wepp-170667	"10:29 am  Friday February 12, 2016"	"Johny Crow mod +"	10	loam	Bunchgrass	450	17	17	80	40	Bunchgrass	400	17	5	100	40	0	ft	"2a4pt"
WD	wepp-170674	"10:29 am  Friday February 12, 2016"	"Johny Crow mod +"	10	loam	LowFire	675	30	30	60	40	OldForest	400	20	5	100	40	0	ft	"2d3"
WD	wepp-170681	"10:29 am  Friday February 12, 2016"	"Johny Crow mod +"	10	loam	Bunchgrass	675	30	30	80	40	OldForest	400	20	20	100	40	0	ft	"2d3pt"
WD	wepp-170688	"10:29 am  Friday February 12, 2016"	"Johny Crow mod +"	10	loam	LowFire	600	25	20	60	40	Bunchgrass	400	15	10	100	40	0	ft	"3c1"
WD	wepp-170695	"10:29 am  Friday February 12, 2016"	"Johny Crow mod +"	10	loam	Bunchgrass	600	25	20	80	40	Bunchgrass	400	15	10	100	40	0	ft	"3c1pt"
WD	wepp-170703	"10:29 am  Friday February 12, 2016"	"Johny Crow mod +"	10	loam	LowFire	650	15	15	60	40	Bunchgrass	400	15	10	100	40	0	ft	"3c2"
WD	wepp-170710	"10:29 am  Friday February 12, 2016"	"Johny Crow mod +"	10	loam	Bunchgrass	650	15	15	80	40	Bunchgrass	400	15	10	100	40	0	ft	"3c2pt"
WD	wepp-170717	"10:29 am  Friday February 12, 2016"	"Johny Crow mod +"	10	loam	LowFire	790	25	25	60	40	Bunchgrass	1100	27	10	100	40	0	ft	"3a1"
WD	wepp-170724	"10:29 am  Friday February 12, 2016"	"Johny Crow mod +"	10	loam	Bunchgrass	790	25	25	80	40	Bunchgrass	1100	27	10	100	40	0	ft	"3a1pt"
WD	wepp-170731	"10:29 am  Friday February 12, 2016"	"Johny Crow mod +"	10	loam	LowFire	610	20	20	60	40	Bunchgrass	200	20	10	100	40	0	ft	"1b1"
WD	wepp-170767	"10:31 am  Friday February 12, 2016"	"Johny Crow mod +"	10	loam	LowFire	600	20	20	60	40	Sod	200	5	5	100	40	0	ft	"2a1"
WD	wepp-170803	"10:31 am  Friday February 12, 2016"	"Johny Crow mod +"	10	loam	Bunchgrass	600	20	20	80	40	Bunchgrass	200	5	5	100	40	0	ft	"2a1pt"
WD	wepp-170811	"10:31 am  Friday February 12, 2016"	"Johny Crow mod +"	10	loam	LowFire	850	15	15	60	40	YoungForest	200	5	5	100	40	0	ft	"2a2"
WD	wepp-170818	"10:31 am  Friday February 12, 2016"	"Johny Crow mod +"	10	loam	Bunchgrass	850	15	15	80	40	YoungForest	200	5	5	100	40	0	ft	"2a2pt"
WD	wepp-170825	"10:31 am  Friday February 12, 2016"	"Johny Crow mod +"	10	loam	LowFire	750	20	20	60	40	Bunchgrass	400	5	5	100	40	0	ft	"2a3"
WD	wepp-170832	"10:31 am  Friday February 12, 2016"	"Johny Crow mod +"	10	loam	Bunchgrass	750	20	20	80	40	Bunchgrass	400	5	5	100	40	0	ft	"2a3pt"
WD	wepp-170839	"10:31 am  Friday February 12, 2016"	"Johny Crow mod +"	10	loam	LowFire	600	25	25	60	40	Bunchgrass	400	5	5	100	40	0	ft	"2d1"
WD	wepp-170846	"10:31 am  Friday February 12, 2016"	"Johny Crow mod +"	10	loam	Bunchgrass	600	25	25	80	40	Bunchgrass	400	5	5	100	40	0	ft	"2d1pt"
WD	wepp-170853	"10:31 am  Friday February 12, 2016"	"Johny Crow mod +"	10	loam	LowFire	500	20	20	60	40	OldForest	400	20	5	100	40	0	ft	"2d2"
WD	wepp-170860	"10:31 am  Friday February 12, 2016"	"Johny Crow mod +"	10	loam	Bunchgrass	500	20	20	80	40	OldForest	400	20	5	100	40	0	ft	"2d2pt"
WD	wepp-170867	"10:31 am  Friday February 12, 2016"	"Johny Crow mod +"	10	loam	LowFire	450	17	17	60	40	Bunchgrass	400	17	5	100	40	0	ft	"2a4"
WD	wepp-170875	"10:31 am  Friday February 12, 2016"	"Johny Crow mod +"	10	loam	Bunchgrass	450	17	17	80	40	Bunchgrass	400	17	5	100	40	0	ft	"2a4pt"
WD	wepp-170882	"10:31 am  Friday February 12, 2016"	"Johny Crow mod +"	10	loam	LowFire	675	30	30	60	40	OldForest	400	20	5	100	40	0	ft	"2d3"
WD	wepp-170889	"10:31 am  Friday February 12, 2016"	"Johny Crow mod +"	10	loam	Bunchgrass	675	30	30	80	40	OldForest	400	20	20	100	40	0	ft	"2d3pt"
WD	wepp-170896	"10:31 am  Friday February 12, 2016"	"Johny Crow mod +"	10	loam	LowFire	600	25	20	60	40	Bunchgrass	400	15	10	100	40	0	ft	"3c1"
WD	wepp-170903	"10:31 am  Friday February 12, 2016"	"Johny Crow mod +"	10	loam	Bunchgrass	600	25	20	80	40	Bunchgrass	400	15	10	100	40	0	ft	"3c1pt"
WD	wepp-170910	"10:31 am  Friday February 12, 2016"	"Johny Crow mod +"	10	loam	LowFire	650	15	15	60	40	Bunchgrass	400	15	10	100	40	0	ft	"3c2"
WD	wepp-170918	"10:31 am  Friday February 12, 2016"	"Johny Crow mod +"	10	loam	Bunchgrass	650	15	15	80	40	Bunchgrass	400	15	10	100	40	0	ft	"3c2pt"
WD	wepp-170925	"10:31 am  Friday February 12, 2016"	"Johny Crow mod +"	10	loam	LowFire	790	25	25	60	40	Bunchgrass	1100	27	10	100	40	0	ft	"3a1"
WD	wepp-170932	"10:31 am  Friday February 12, 2016"	"Johny Crow mod +"	10	loam	Bunchgrass	790	25	25	80	40	Bunchgrass	1100	27	10	100	40	0	ft	"3a1pt"
WD	wepp-170939	"10:31 am  Friday February 12, 2016"	"Johny Crow mod +"	10	loam	LowFire	610	20	20	60	40	Bunchgrass	200	20	10	100	40	0	ft	"1b1"
WD	wepp-170953	"10:31 am  Friday February 12, 2016"	"Johny Crow mod +"	10	loam	LowFire	600	20	20	60	40	Shrub	200	5	5	100	40	0	ft	"2a1"
WD	wepp-170988	"10:31 am  Friday February 12, 2016"	"Johny Crow mod +"	10	loam	Bunchgrass	600	20	20	80	40	Bunchgrass	200	5	5	100	40	0	ft	"2a1pt"
WD	wepp-170995	"10:31 am  Friday February 12, 2016"	"Johny Crow mod +"	10	loam	LowFire	850	15	15	60	40	YoungForest	200	5	5	100	40	0	ft	"2a2"
WD	wepp-171003	"10:31 am  Friday February 12, 2016"	"Johny Crow mod +"	10	loam	Bunchgrass	850	15	15	80	40	YoungForest	200	5	5	100	40	0	ft	"2a2pt"
WD	wepp-171010	"10:31 am  Friday February 12, 2016"	"Johny Crow mod +"	10	loam	LowFire	750	20	20	60	40	Bunchgrass	400	5	5	100	40	0	ft	"2a3"
WD	wepp-171017	"10:31 am  Friday February 12, 2016"	"Johny Crow mod +"	10	loam	Bunchgrass	750	20	20	80	40	Bunchgrass	400	5	5	100	40	0	ft	"2a3pt"
WD	wepp-171024	"10:31 am  Friday February 12, 2016"	"Johny Crow mod +"	10	loam	LowFire	600	25	25	60	40	Bunchgrass	400	5	5	100	40	0	ft	"2d1"
WD	wepp-171031	"10:31 am  Friday February 12, 2016"	"Johny Crow mod +"	10	loam	Bunchgrass	600	25	25	80	40	Bunchgrass	400	5	5	100	40	0	ft	"2d1pt"
WD	wepp-171039	"10:31 am  Friday February 12, 2016"	"Johny Crow mod +"	10	loam	LowFire	500	20	20	60	40	OldForest	400	20	5	100	40	0	ft	"2d2"
WD	wepp-171046	"10:31 am  Friday February 12, 2016"	"Johny Crow mod +"	10	loam	Bunchgrass	500	20	20	80	40	OldForest	400	20	5	100	40	0	ft	"2d2pt"
WD	wepp-171053	"10:31 am  Friday February 12, 2016"	"Johny Crow mod +"	10	loam	LowFire	450	17	17	60	40	Bunchgrass	400	17	5	100	40	0	ft	"2a4"
WD	wepp-171061	"10:31 am  Friday February 12, 2016"	"Johny Crow mod +"	10	loam	Bunchgrass	450	17	17	80	40	Bunchgrass	400	17	5	100	40	0	ft	"2a4pt"
WD	wepp-171068	"10:31 am  Friday February 12, 2016"	"Johny Crow mod +"	10	loam	LowFire	675	30	30	60	40	OldForest	400	20	5	100	40	0	ft	"2d3"
WD	wepp-171075	"10:31 am  Friday February 12, 2016"	"Johny Crow mod +"	10	loam	Bunchgrass	675	30	30	80	40	OldForest	400	20	20	100	40	0	ft	"2d3pt"
WD	wepp-171082	"10:31 am  Friday February 12, 2016"	"Johny Crow mod +"	10	loam	LowFire	600	25	20	60	40	Bunchgrass	400	15	10	100	40	0	ft	"3c1"
WD	wepp-171089	"10:32 am  Friday February 12, 2016"	"Johny Crow mod +"	10	loam	Bunchgrass	600	25	20	80	40	Bunchgrass	400	15	10	100	40	0	ft	"3c1pt"
WD	wepp-171096	"10:32 am  Friday February 12, 2016"	"Johny Crow mod +"	10	loam	LowFire	650	15	15	60	40	Bunchgrass	400	15	10	100	40	0	ft	"3c2"
WD	wepp-171103	"10:32 am  Friday February 12, 2016"	"Johny Crow mod +"	10	loam	Bunchgrass	650	15	15	80	40	Bunchgrass	400	15	10	100	40	0	ft	"3c2pt"
WD	wepp-171110	"10:32 am  Friday February 12, 2016"	"Johny Crow mod +"	10	loam	LowFire	790	25	25	60	40	Bunchgrass	1100	27	10	100	40	0	ft	"3a1"
WD	wepp-171117	"10:32 am  Friday February 12, 2016"	"Johny Crow mod +"	10	loam	Bunchgrass	790	25	25	80	40	Bunchgrass	1100	27	10	100	40	0	ft	"3a1pt"
WD	wepp-171125	"10:32 am  Friday February 12, 2016"	"Johny Crow mod +"	10	loam	LowFire	610	20	20	60	40	Bunchgrass	200	20	10	100	40	0	ft	"1b1"
WD	wepp-171143	"10:32 am  Friday February 12, 2016"	"Johny Crow mod +"	10	loam	LowFire	600	20	20	60	40	Shrub	400	5	5	100	40	0	ft	"2a1"
WD	wepp-171179	"10:32 am  Friday February 12, 2016"	"Johny Crow mod +"	10	loam	Bunchgrass	600	20	20	80	40	Bunchgrass	200	5	5	100	40	0	ft	"2a1pt"
WD	wepp-171187	"10:32 am  Friday February 12, 2016"	"Johny Crow mod +"	10	loam	LowFire	850	15	15	60	40	YoungForest	200	5	5	100	40	0	ft	"2a2"
WD	wepp-171194	"10:32 am  Friday February 12, 2016"	"Johny Crow mod +"	10	loam	Bunchgrass	850	15	15	80	40	YoungForest	200	5	5	100	40	0	ft	"2a2pt"
WD	wepp-171201	"10:32 am  Friday February 12, 2016"	"Johny Crow mod +"	10	loam	LowFire	750	20	20	60	40	Bunchgrass	400	5	5	100	40	0	ft	"2a3"
WD	wepp-171208	"10:32 am  Friday February 12, 2016"	"Johny Crow mod +"	10	loam	Bunchgrass	750	20	20	80	40	Bunchgrass	400	5	5	100	40	0	ft	"2a3pt"
WD	wepp-171215	"10:32 am  Friday February 12, 2016"	"Johny Crow mod +"	10	loam	LowFire	600	25	25	60	40	Bunchgrass	400	5	5	100	40	0	ft	"2d1"
WD	wepp-171222	"10:32 am  Friday February 12, 2016"	"Johny Crow mod +"	10	loam	Bunchgrass	600	25	25	80	40	Bunchgrass	400	5	5	100	40	0	ft	"2d1pt"
WD	wepp-171229	"10:32 am  Friday February 12, 2016"	"Johny Crow mod +"	10	loam	LowFire	500	20	20	60	40	OldForest	400	20	5	100	40	0	ft	"2d2"
WD	wepp-171236	"10:32 am  Friday February 12, 2016"	"Johny Crow mod +"	10	loam	Bunchgrass	500	20	20	80	40	OldForest	400	20	5	100	40	0	ft	"2d2pt"
WD	wepp-171244	"10:32 am  Friday February 12, 2016"	"Johny Crow mod +"	10	loam	LowFire	450	17	17	60	40	Bunchgrass	400	17	5	100	40	0	ft	"2a4"
WD	wepp-171252	"10:32 am  Friday February 12, 2016"	"Johny Crow mod +"	10	loam	Bunchgrass	450	17	17	80	40	Bunchgrass	400	17	5	100	40	0	ft	"2a4pt"
WD	wepp-171261	"10:32 am  Friday February 12, 2016"	"Johny Crow mod +"	10	loam	LowFire	675	30	30	60	40	OldForest	400	20	5	100	40	0	ft	"2d3"
WD	wepp-171268	"10:32 am  Friday February 12, 2016"	"Johny Crow mod +"	10	loam	Bunchgrass	675	30	30	80	40	OldForest	400	20	20	100	40	0	ft	"2d3pt"
WD	wepp-171275	"10:32 am  Friday February 12, 2016"	"Johny Crow mod +"	10	loam	LowFire	600	25	20	60	40	Bunchgrass	400	15	10	100	40	0	ft	"3c1"
WD	wepp-171283	"10:32 am  Friday February 12, 2016"	"Johny Crow mod +"	10	loam	Bunchgrass	600	25	20	80	40	Bunchgrass	400	15	10	100	40	0	ft	"3c1pt"
WD	wepp-171290	"10:32 am  Friday February 12, 2016"	"Johny Crow mod +"	10	loam	LowFire	650	15	15	60	40	Bunchgrass	400	15	10	100	40	0	ft	"3c2"
WD	wepp-171297	"10:32 am  Friday February 12, 2016"	"Johny Crow mod +"	10	loam	Bunchgrass	650	15	15	80	40	Bunchgrass	400	15	10	100	40	0	ft	"3c2pt"
WD	wepp-171304	"10:32 am  Friday February 12, 2016"	"Johny Crow mod +"	10	loam	LowFire	790	25	25	60	40	Bunchgrass	1100	27	10	100	40	0	ft	"3a1"
WD	wepp-171311	"10:32 am  Friday February 12, 2016"	"Johny Crow mod +"	10	loam	Bunchgrass	790	25	25	80	40	Bunchgrass	1100	27	10	100	40	0	ft	"3a1pt"
WD	wepp-171318	"10:32 am  Friday February 12, 2016"	"Johny Crow mod +"	10	loam	LowFire	610	20	20	60	40	Bunchgrass	200	20	10	100	40	0	ft	"1b1"
WD	wepp-171362	"10:35 am  Friday February 12, 2016"	"Johny Crow mod +"	10	loam	LowFire	600	20	20	60	40	Shrub	400	5	5	100	40	0	ft	"2a1"
WD	wepp-171398	"10:35 am  Friday February 12, 2016"	"Johny Crow mod +"	10	loam	Bunchgrass	600	20	20	80	40	Bunchgrass	200	5	5	100	40	0	ft	"2a1pt"
WD	wepp-171405	"10:35 am  Friday February 12, 2016"	"Johny Crow mod +"	10	loam	LowFire	850	15	15	60	40	YoungForest	400	5	5	100	40	0	ft	"2a2"
WD	wepp-171412	"10:35 am  Friday February 12, 2016"	"Johny Crow mod +"	10	loam	Bunchgrass	850	15	15	80	40	YoungForest	200	5	5	100	40	0	ft	"2a2pt"
WD	wepp-171419	"10:35 am  Friday February 12, 2016"	"Johny Crow mod +"	10	loam	LowFire	750	20	20	60	40	Bunchgrass	400	5	5	100	40	0	ft	"2a3"
WD	wepp-171426	"10:35 am  Friday February 12, 2016"	"Johny Crow mod +"	10	loam	Bunchgrass	750	20	20	80	40	Bunchgrass	400	5	5	100	40	0	ft	"2a3pt"
WD	wepp-171433	"10:35 am  Friday February 12, 2016"	"Johny Crow mod +"	10	loam	LowFire	600	25	25	60	40	Bunchgrass	400	5	5	100	40	0	ft	"2d1"
WD	wepp-171440	"10:35 am  Friday February 12, 2016"	"Johny Crow mod +"	10	loam	Bunchgrass	600	25	25	80	40	Bunchgrass	400	5	5	100	40	0	ft	"2d1pt"
WD	wepp-171447	"10:35 am  Friday February 12, 2016"	"Johny Crow mod +"	10	loam	LowFire	500	20	20	60	40	OldForest	400	20	5	100	40	0	ft	"2d2"
WD	wepp-171455	"10:35 am  Friday February 12, 2016"	"Johny Crow mod +"	10	loam	Bunchgrass	500	20	20	80	40	OldForest	400	20	5	100	40	0	ft	"2d2pt"
WD	wepp-171462	"10:35 am  Friday February 12, 2016"	"Johny Crow mod +"	10	loam	LowFire	450	17	17	60	40	Bunchgrass	400	17	5	100	40	0	ft	"2a4"
WD	wepp-171469	"10:35 am  Friday February 12, 2016"	"Johny Crow mod +"	10	loam	Bunchgrass	450	17	17	80	40	Bunchgrass	400	17	5	100	40	0	ft	"2a4pt"
WD	wepp-171476	"10:35 am  Friday February 12, 2016"	"Johny Crow mod +"	10	loam	LowFire	675	30	30	60	40	OldForest	400	20	5	100	40	0	ft	"2d3"
WD	wepp-171483	"10:35 am  Friday February 12, 2016"	"Johny Crow mod +"	10	loam	Bunchgrass	675	30	30	80	40	OldForest	400	20	20	100	40	0	ft	"2d3pt"
WD	wepp-171491	"10:35 am  Friday February 12, 2016"	"Johny Crow mod +"	10	loam	LowFire	600	25	20	60	40	Bunchgrass	400	15	10	100	40	0	ft	"3c1"
WD	wepp-171498	"10:35 am  Friday February 12, 2016"	"Johny Crow mod +"	10	loam	Bunchgrass	600	25	20	80	40	Bunchgrass	200	15	10	100	40	0	ft	"3c1pt"
WD	wepp-171505	"10:35 am  Friday February 12, 2016"	"Johny Crow mod +"	10	loam	LowFire	650	15	15	60	40	Bunchgrass	400	15	10	100	40	0	ft	"3c2"
WD	wepp-171512	"10:35 am  Friday February 12, 2016"	"Johny Crow mod +"	10	loam	Bunchgrass	650	15	15	80	40	Bunchgrass	200	15	10	100	40	0	ft	"3c2pt"
WD	wepp-171519	"10:35 am  Friday February 12, 2016"	"Johny Crow mod +"	10	loam	LowFire	790	25	25	60	40	Bunchgrass	1100	27	10	100	40	0	ft	"3a1"
WD	wepp-171526	"10:35 am  Friday February 12, 2016"	"Johny Crow mod +"	10	loam	Bunchgrass	790	25	25	80	40	Bunchgrass	1100	27	10	100	40	0	ft	"3a1pt"
WD	wepp-171535	"10:35 am  Friday February 12, 2016"	"Johny Crow mod +"	10	loam	LowFire	610	20	20	60	40	Bunchgrass	200	20	10	100	40	0	ft	"1b1"
WD	wepp-171672	"10:42 am  Friday February 12, 2016"	"Johny Crow mod +"	10	loam	LowFire	600	20	20	60	40	Shrub	400	5	5	100	40	0	ft	"2a1"
WD	wepp-171708	"10:42 am  Friday February 12, 2016"	"Johny Crow mod +"	10	loam	Bunchgrass	600	20	20	80	40	Bunchgrass	200	5	5	100	40	0	ft	"2a1pt"
WD	wepp-171715	"10:42 am  Friday February 12, 2016"	"Johny Crow mod +"	10	loam	LowFire	850	15	15	60	40	YoungForest	400	5	5	100	40	0	ft	"2a2"
WD	wepp-171722	"10:42 am  Friday February 12, 2016"	"Johny Crow mod +"	10	loam	Bunchgrass	850	15	15	80	40	YoungForest	200	5	5	100	40	0	ft	"2a2pt"
WD	wepp-171729	"10:42 am  Friday February 12, 2016"	"Johny Crow mod +"	10	loam	LowFire	750	20	20	60	40	Bunchgrass	1000	5	5	100	40	0	ft	"2a3"
WD	wepp-171737	"10:42 am  Friday February 12, 2016"	"Johny Crow mod +"	10	loam	Bunchgrass	750	20	20	80	40	Bunchgrass	1000	5	5	100	40	0	ft	"2a3pt"
WD	wepp-171744	"10:42 am  Friday February 12, 2016"	"Johny Crow mod +"	10	loam	LowFire	600	25	25	60	40	Bunchgrass	400	5	5	100	40	0	ft	"2d1"
WD	wepp-171751	"10:42 am  Friday February 12, 2016"	"Johny Crow mod +"	10	loam	Bunchgrass	600	25	25	80	40	Bunchgrass	400	5	5	100	40	0	ft	"2d1pt"
WD	wepp-171758	"10:42 am  Friday February 12, 2016"	"Johny Crow mod +"	10	loam	LowFire	500	20	20	60	40	OldForest	400	20	5	100	40	0	ft	"2d2"
WD	wepp-171766	"10:42 am  Friday February 12, 2016"	"Johny Crow mod +"	10	loam	Bunchgrass	500	20	20	80	40	OldForest	400	20	5	100	40	0	ft	"2d2pt"
WD	wepp-171773	"10:42 am  Friday February 12, 2016"	"Johny Crow mod +"	10	loam	LowFire	450	17	17	60	40	Bunchgrass	400	17	5	100	40	0	ft	"2a4"
WD	wepp-171780	"10:42 am  Friday February 12, 2016"	"Johny Crow mod +"	10	loam	Bunchgrass	450	17	17	80	40	Bunchgrass	400	17	5	100	40	0	ft	"2a4pt"
WD	wepp-171787	"10:42 am  Friday February 12, 2016"	"Johny Crow mod +"	10	loam	LowFire	675	30	30	60	40	OldForest	400	20	5	100	40	0	ft	"2d3"
WD	wepp-171794	"10:42 am  Friday February 12, 2016"	"Johny Crow mod +"	10	loam	Bunchgrass	675	30	30	80	40	OldForest	400	20	20	100	40	0	ft	"2d3pt"
WD	wepp-171801	"10:42 am  Friday February 12, 2016"	"Johny Crow mod +"	10	loam	LowFire	600	25	20	60	40	Bunchgrass	400	15	10	100	40	0	ft	"3c1"
WD	wepp-171808	"10:42 am  Friday February 12, 2016"	"Johny Crow mod +"	10	loam	Bunchgrass	600	25	20	80	40	Bunchgrass	200	15	10	100	40	0	ft	"3c1pt"
WD	wepp-171815	"10:42 am  Friday February 12, 2016"	"Johny Crow mod +"	10	loam	LowFire	650	15	15	60	40	Bunchgrass	400	15	10	100	40	0	ft	"3c2"
WD	wepp-171822	"10:42 am  Friday February 12, 2016"	"Johny Crow mod +"	10	loam	Bunchgrass	650	15	15	80	40	Bunchgrass	200	15	10	100	40	0	ft	"3c2pt"
WD	wepp-171829	"10:42 am  Friday February 12, 2016"	"Johny Crow mod +"	10	loam	LowFire	790	25	25	60	40	Bunchgrass	1100	27	10	100	40	0	ft	"3a1"
WD	wepp-171836	"10:42 am  Friday February 12, 2016"	"Johny Crow mod +"	10	loam	Bunchgrass	790	25	25	80	40	Bunchgrass	1100	27	10	100	40	0	ft	"3a1pt"
WD	wepp-171843	"10:42 am  Friday February 12, 2016"	"Johny Crow mod +"	10	loam	LowFire	610	20	20	60	40	Bunchgrass	200	20	10	100	40	0	ft	"1b1"
WD	wepp-16341	"06:35 am  Tuesday February 16, 2016"	"Johny crow mod 2 +"	10	loam	LowFire	600	20	20	60	40	Shrub	400	5	5	100	40	0	ft	"2a1"
WD	wepp-16376	"06:35 am  Tuesday February 16, 2016"	"Johny crow mod 2 +"	10	loam	Bunchgrass	600	20	20	80	40	Bunchgrass	200	5	5	100	40	0	ft	"2a1pt"
WD	wepp-16383	"06:35 am  Tuesday February 16, 2016"	"Johny crow mod 2 +"	10	loam	LowFire	850	15	15	60	40	YoungForest	400	5	5	100	40	0	ft	"2a2"
WD	wepp-16390	"06:35 am  Tuesday February 16, 2016"	"Johny crow mod 2 +"	10	loam	Bunchgrass	850	15	15	80	40	YoungForest	200	5	5	100	40	0	ft	"2a2pt"
WD	wepp-16397	"06:35 am  Tuesday February 16, 2016"	"Johny crow mod 2 +"	10	loam	LowFire	750	20	20	60	40	Bunchgrass	1000	5	5	100	40	0	ft	"2a3"
WD	wepp-16404	"06:35 am  Tuesday February 16, 2016"	"Johny crow mod 2 +"	10	loam	Bunchgrass	750	20	20	80	40	Bunchgrass	1000	5	5	100	40	0	ft	"2a3pt"
WD	wepp-16412	"06:35 am  Tuesday February 16, 2016"	"Johny crow mod 2 +"	10	loam	LowFire	600	25	25	60	40	Bunchgrass	700	5	5	100	40	0	ft	"2d1"
WD	wepp-16419	"06:35 am  Tuesday February 16, 2016"	"Johny crow mod 2 +"	10	loam	Bunchgrass	600	25	25	80	40	Bunchgrass	700	5	5	100	40	0	ft	"2d1pt"
WD	wepp-16426	"06:35 am  Tuesday February 16, 2016"	"Johny crow mod 2 +"	10	loam	LowFire	500	20	20	60	40	OldForest	400	20	5	100	40	0	ft	"2d2"
WD	wepp-16433	"06:35 am  Tuesday February 16, 2016"	"Johny crow mod 2 +"	10	loam	Bunchgrass	500	20	20	80	40	OldForest	400	20	5	100	40	0	ft	"2d2pt"
WD	wepp-16440	"06:35 am  Tuesday February 16, 2016"	"Johny crow mod 2 +"	10	loam	LowFire	450	17	17	60	40	Bunchgrass	400	17	5	100	40	0	ft	"2a4"
WD	wepp-16447	"06:35 am  Tuesday February 16, 2016"	"Johny crow mod 2 +"	10	loam	Bunchgrass	450	17	17	80	40	Bunchgrass	400	17	5	100	40	0	ft	"2a4pt"
WD	wepp-16454	"06:35 am  Tuesday February 16, 2016"	"Johny crow mod 2 +"	10	loam	LowFire	675	30	30	60	40	OldForest	1000	20	5	100	40	0	ft	"2d3"
WD	wepp-16461	"06:35 am  Tuesday February 16, 2016"	"Johny crow mod 2 +"	10	loam	Bunchgrass	675	30	30	80	40	OldForest	1000	20	20	100	40	0	ft	"2d3pt"
WD	wepp-16468	"06:35 am  Tuesday February 16, 2016"	"Johny crow mod 2 +"	10	loam	LowFire	600	25	20	60	40	Bunchgrass	400	15	10	100	40	0	ft	"3c1"
WD	wepp-16475	"06:35 am  Tuesday February 16, 2016"	"Johny crow mod 2 +"	10	loam	Bunchgrass	600	25	20	80	40	Bunchgrass	200	15	10	100	40	0	ft	"3c1pt"
WD	wepp-16482	"06:35 am  Tuesday February 16, 2016"	"Johny crow mod 2 +"	10	loam	LowFire	650	15	15	60	40	Bunchgrass	1000	15	10	100	40	0	ft	"3c2"
WD	wepp-16489	"06:35 am  Tuesday February 16, 2016"	"Johny crow mod 2 +"	10	loam	Bunchgrass	650	15	15	80	40	Bunchgrass	1000	15	10	100	40	0	ft	"3c2pt"
WD	wepp-16496	"06:35 am  Tuesday February 16, 2016"	"Johny crow mod 2 +"	10	loam	LowFire	790	25	25	60	40	Bunchgrass	1100	27	10	100	40	0	ft	"3a1"
WD	wepp-16503	"06:35 am  Tuesday February 16, 2016"	"Johny crow mod 2 +"	10	loam	Bunchgrass	790	25	25	80	40	Bunchgrass	1100	27	10	100	40	0	ft	"3a1pt"
WD	wepp-16511	"06:35 am  Tuesday February 16, 2016"	"Johny crow mod 2 +"	10	loam	LowFire	610	20	20	60	40	Bunchgrass	200	20	10	100	40	0	ft	"1b1"
WD	wepp-16518	"06:35 am  Tuesday February 16, 2016"	"Johny crow mod 2 +"	10	loam	Bunchgrass	610	20	20	80	40	Bunchgrass	200	20	10	100	40	0	ft	"1b1pt"
WD	wepp-16807	"06:55 am  Tuesday February 16, 2016"	"Johny crow mod 2 +"	10	loam	LowFire	600	20	20	60	40	Shrub	400	5	5	100	40	0	ft	"2a1"
WD	wepp-16842	"06:55 am  Tuesday February 16, 2016"	"Johny crow mod 2 +"	10	loam	Bunchgrass	600	20	20	80	40	Bunchgrass	200	5	5	100	40	0	ft	"2a1pt"
WD	wepp-16849	"06:55 am  Tuesday February 16, 2016"	"Johny crow mod 2 +"	10	loam	LowFire	850	15	15	60	40	YoungForest	400	5	5	100	40	0	ft	"2a2"
WD	wepp-16856	"06:55 am  Tuesday February 16, 2016"	"Johny crow mod 2 +"	10	loam	Bunchgrass	850	15	15	80	40	YoungForest	200	5	5	100	40	0	ft	"2a2pt"
WD	wepp-16863	"06:55 am  Tuesday February 16, 2016"	"Johny crow mod 2 +"	10	loam	LowFire	750	20	20	60	40	Bunchgrass	1000	5	5	100	40	0	ft	"2a3"
WD	wepp-16870	"06:55 am  Tuesday February 16, 2016"	"Johny crow mod 2 +"	10	loam	Bunchgrass	750	20	20	80	40	Bunchgrass	1000	5	5	100	40	0	ft	"2a3pt"
WD	wepp-16877	"06:55 am  Tuesday February 16, 2016"	"Johny crow mod 2 +"	10	loam	LowFire	600	25	25	60	40	Bunchgrass	700	5	5	100	40	0	ft	"2d1"
WD	wepp-16884	"06:55 am  Tuesday February 16, 2016"	"Johny crow mod 2 +"	10	loam	Bunchgrass	600	25	25	80	40	Bunchgrass	700	5	5	100	40	0	ft	"2d1pt"
WD	wepp-16892	"06:55 am  Tuesday February 16, 2016"	"Johny crow mod 2 +"	10	loam	LowFire	500	20	20	60	40	OldForest	400	20	5	100	40	0	ft	"2d2"
WD	wepp-16899	"06:55 am  Tuesday February 16, 2016"	"Johny crow mod 2 +"	10	loam	Bunchgrass	500	20	20	80	40	OldForest	400	20	5	100	40	0	ft	"2d2pt"
WD	wepp-16906	"06:55 am  Tuesday February 16, 2016"	"Johny crow mod 2 +"	10	loam	LowFire	450	17	17	60	40	Bunchgrass	400	17	5	100	40	0	ft	"2a4"
WD	wepp-16913	"06:55 am  Tuesday February 16, 2016"	"Johny crow mod 2 +"	10	loam	Bunchgrass	450	17	17	80	40	Bunchgrass	400	17	5	100	40	0	ft	"2a4pt"
WD	wepp-16920	"06:55 am  Tuesday February 16, 2016"	"Johny crow mod 2 +"	10	loam	LowFire	675	30	30	60	40	Shrub	1000	20	5	100	40	0	ft	"2d3"
WD	wepp-16927	"06:55 am  Tuesday February 16, 2016"	"Johny crow mod 2 +"	10	loam	Bunchgrass	675	30	30	80	40	Shrub	1000	20	20	100	40	0	ft	"2d3pt"
WD	wepp-16934	"06:55 am  Tuesday February 16, 2016"	"Johny crow mod 2 +"	10	loam	LowFire	600	25	20	60	40	Bunchgrass	400	15	10	100	40	0	ft	"3c1"
WD	wepp-16941	"06:55 am  Tuesday February 16, 2016"	"Johny crow mod 2 +"	10	loam	Bunchgrass	600	25	20	80	40	Bunchgrass	200	15	10	100	40	0	ft	"3c1pt"
WD	wepp-16948	"06:55 am  Tuesday February 16, 2016"	"Johny crow mod 2 +"	10	loam	LowFire	650	15	15	60	40	Bunchgrass	1000	15	10	100	40	0	ft	"3c2"
WD	wepp-16956	"06:55 am  Tuesday February 16, 2016"	"Johny crow mod 2 +"	10	loam	Bunchgrass	650	15	15	80	40	Bunchgrass	1000	15	10	100	40	0	ft	"3c2pt"
WD	wepp-16963	"06:55 am  Tuesday February 16, 2016"	"Johny crow mod 2 +"	10	loam	LowFire	790	25	25	60	40	Bunchgrass	1100	27	10	100	40	0	ft	"3a1"
WD	wepp-16970	"06:55 am  Tuesday February 16, 2016"	"Johny crow mod 2 +"	10	loam	Bunchgrass	790	25	25	80	40	Bunchgrass	1100	27	10	100	40	0	ft	"3a1pt"
WD	wepp-16977	"06:55 am  Tuesday February 16, 2016"	"Johny crow mod 2 +"	10	loam	LowFire	610	20	20	60	40	Bunchgrass	200	20	10	100	40	0	ft	"1b1"
WD	wepp-16984	"06:55 am  Tuesday February 16, 2016"	"Johny crow mod 2 +"	10	loam	Bunchgrass	610	20	20	80	40	Bunchgrass	200	20	10	100	40	0	ft	"1b1pt"
