WR	wepp-19826	"01:15 pm  Monday May 6, 2013"	"GOLD BEACH RS OR"	30	sand	graveled	100	8	5	5	50	100	25	20	outunrut	m
WR	wepp-19929	"01:17 pm  Monday May 6, 2013"	""	1			0	0	0	0	0	0	0	0		
WR	wepp-26101	"06:13 pm  Monday May 6, 2013"	"GOLD BEACH RS OR"	30	clay	graveled	100	8	5	5	50	100	50	20	outunrut	m
WR	wepp-26707	"07:30 pm  Monday May 6, 2013"	"GOLD BEACH RS OR"	30	sand	graveled	100	8	5	5	50	100	50	20	outunrut	m
WR	wepp-26758	"07:35 pm  Monday May 6, 2013"	"GOLD BEACH RS OR"	30	sand	graveled	100	8	5	5	50	100	75	20	outunrut	m
WR	wepp-26806	"07:41 pm  Monday May 6, 2013"	"GOLD BEACH RS OR"	30	sand	graveled	300	8	5	5	50	100	25	20	outunrut	m
WR	wepp-26833	"07:43 pm  Monday May 6, 2013"	"GOLD BEACH RS OR"	30	sand	graveled	300	8	5	5	50	100	50	20	outunrut	m
WR	wepp-26880	"07:44 pm  Monday May 6, 2013"	"GOLD BEACH RS OR"	30	sand	graveled	300	8	5	5	50	100	75	20	outunrut	m
WR	wepp-26959	"07:53 pm  Monday May 6, 2013"	"GOLD BEACH RS OR"	30	sand	graveled	100	8	5	5	50	100	25	20	inveg	m
WR	wepp-27006	"07:54 pm  Monday May 6, 2013"	"GOLD BEACH RS OR"	30	sand	graveled	100	8	5	5	50	100	50	20	inveg	m
WR	wepp-27026	"07:56 pm  Monday May 6, 2013"	"GOLD BEACH RS OR"	30	sand	graveled	100	8	5	5	50	100	75	20	inveg	m
WR	wepp-27047	"07:57 pm  Monday May 6, 2013"	"GOLD BEACH RS OR"	30	sand	graveled	300	8	5	5	50	100	25	20	inveg	m
WR	wepp-27068	"07:59 pm  Monday May 6, 2013"	"GOLD BEACH RS OR"	30	sand	graveled	300	8	5	5	50	100	50	20	inveg	m
WR	wepp-27134	"08:01 pm  Monday May 6, 2013"	"GOLD BEACH RS OR"	30	sand	graveled	300	8	5	5	50	100	75	20	inveg	m
WR	wepp-1138	"08:35 am  Tuesday May 7, 2013"	"GOLD BEACH RS OR"	30	sand	graveled	100	8	5	5	50	250	25	20	outunrut	m
WR	wepp-1159	"08:37 am  Tuesday May 7, 2013"	"GOLD BEACH RS OR"	30	sand	graveled	100	8	5	5	50	250	50	20	outunrut	m
WR	wepp-1179	"08:39 am  Tuesday May 7, 2013"	"GOLD BEACH RS OR"	30	sand	graveled	100	8	5	5	50	250	75	20	outunrut	m
WR	wepp-1227	"08:42 am  Tuesday May 7, 2013"	"GOLD BEACH RS OR"	30	sand	graveled	100	8	5	5	50	250	25	20	inveg	m
WR	wepp-1302	"08:46 am  Tuesday May 7, 2013"	"GOLD BEACH RS OR"	30	sand	graveled	100	8	5	5	50	250	50	20	inveg	m
WR	wepp-1323	"08:48 am  Tuesday May 7, 2013"	"GOLD BEACH RS OR"	30	sand	graveled	100	8	5	5	50	250	75	20	inveg	m
WR	wepp-1373	"08:50 am  Tuesday May 7, 2013"	"GOLD BEACH RS OR"	30	sand	graveled	300	8	5	5	50	250	25	20	inveg	m
WR	wepp-1394	"08:51 am  Tuesday May 7, 2013"	"GOLD BEACH RS OR"	30	sand	graveled	300	8	5	5	50	250	50	20	inveg	m
WR	wepp-1421	"08:53 am  Tuesday May 7, 2013"	"GOLD BEACH RS OR"	30	sand	graveled	300	8	5	5	50	250	75	20	inveg	m
WR	wepp-1471	"08:55 am  Tuesday May 7, 2013"	"GOLD BEACH RS OR"	30	sand	graveled	300	8	5	5	50	250	25	20	outunrut	m
WR	wepp-1491	"08:57 am  Tuesday May 7, 2013"	"GOLD BEACH RS OR"	30	sand	graveled	300	8	5	5	50	250	50	20	outunrut	m
WR	wepp-1558	"09:00 am  Tuesday May 7, 2013"	"GOLD BEACH RS OR"	30	sand	graveled	300	8	5	5	50	250	75	20	outunrut	m
WR	wepp-1643	"09:07 am  Tuesday May 7, 2013"	"SEELEY LAKE RS MT"	30	sand	graveled	100	8	5	5	50	100	25	20	outunrut	m
WR	wepp-1696	"09:10 am  Tuesday May 7, 2013"	""	1			0	0	0	0	0	0	0	0		
WR	wepp-1698	"09:12 am  Tuesday May 7, 2013"	"SEELEY LAKE RS MT"	30	sand	graveled	100	8	5	5	50	100	50	20	outunrut	m
WR	wepp-1751	"09:14 am  Tuesday May 7, 2013"	"SEELEY LAKE RS MT"	30	sand	graveled	100	8	5	5	25	100	50	20	outunrut	m
WR	wepp-1835	"09:14 am  Tuesday May 7, 2013"	"SEELEY LAKE RS MT"	30	sand	graveled	100	8	5	5	50	100	25	20	outunrut	m
WR	wepp-1992	"09:17 am  Tuesday May 7, 2013"	"SEELEY LAKE RS MT"	30	sand	graveled	100	8	5	5	50	100	75	20	outunrut	m
WR	wepp-2154	"09:19 am  Tuesday May 7, 2013"	"SEELEY LAKE RS MT"	30	sand	graveled	100	8	5.1	5	50	100	75	20	outunrut	m
WR	wepp-2202	"09:19 am  Tuesday May 7, 2013"	"SEELEY LAKE RS MT"	30	sand	paved	100	8	5	5	50	100	75	20	outunrut	m
WR	wepp-3306	"09:58 am  Tuesday May 7, 2013"	"COMBINATION_SNOTEL_410 MT"	30	sand	graveled	100	8	5	5	50	100	75	20	outunrut	m
WR	wepp-3326	"09:59 am  Tuesday May 7, 2013"	"SAINT IGNATIUS MT"	30	sand	graveled	100	8	5	5	50	100	75	20	outunrut	m
WR	wepp-3398	"10:01 am  Tuesday May 7, 2013"	"GIBSON DAM MT"	30	sand	graveled	100	8	5	5	50	100	75	20	outunrut	m
WR	wepp-3418	"10:01 am  Tuesday May 7, 2013"	"SEELEY LAKE RS MT"	30	sand	graveled	100	8	5	5	50	100	75	20	outunrut	m
WR	wepp-3521	"10:09 am  Tuesday May 7, 2013"	"SEELEY LAKE RS MT"	30	sand	graveled	100	8	5	5	50	40	50	20	inveg	m
WR	wepp-3542	"10:09 am  Tuesday May 7, 2013"	"SEELEY LAKE RS MT"	30	sand	graveled	100	8	5	5	50	40	50	20	outunrut	m
WR	wepp-3589	"10:10 am  Tuesday May 7, 2013"	"SEELEY LAKE RS MT"	30	sand	graveled	100	8	5	5	50	100	50	20	outunrut	m
WR	wepp-3612	"10:10 am  Tuesday May 7, 2013"	"SEELEY LAKE RS MT"	30	sand	graveled	100	8	5	5	50	100	75	20	outunrut	m
WR	wepp-3636	"10:11 am  Tuesday May 7, 2013"	"SEELEY LAKE RS MT"	30	sand	graveled	100	5	5	5	50	100	75	20	outunrut	m
WR	wepp-3657	"10:12 am  Tuesday May 7, 2013"	"SEELEY LAKE RS MT"	30	sand	graveled	100	8	5	5	50	100	75	20	outunrut	m
WR	wepp-3677	"10:13 am  Tuesday May 7, 2013"	"SEELEY LAKE RS MT"	30	sand	graveled	100	8	5	5	50	250	75	20	outunrut	m
WR	wepp-3697	"10:14 am  Tuesday May 7, 2013"	"SEELEY LAKE RS MT"	30	sand	graveled	100	8	5	5	50	100	75	20	inveg	m
WR	wepp-3799	"10:24 am  Tuesday May 7, 2013"	"COMBINATION_SNOTEL_410 MT"	30	clay	native	60	4	4	5	50	40	25	20	inveg	m
WR	wepp-3820	"10:24 am  Tuesday May 7, 2013"	"COMBINATION_SNOTEL_410 MT"	30	sand	graveled	100	8	5	5	50	100	75	20	inveg	m
WR	wepp-3869	"10:25 am  Tuesday May 7, 2013"	"COMBINATION_SNOTEL_410 MT"	30	sand	graveled	100	8	5	5	50	250	75	20	inveg	m
WR	wepp-3891	"10:26 am  Tuesday May 7, 2013"	"SAINT IGNATIUS MT"	30	sand	graveled	100	8	5	5	50	250	75	20	inveg	m
WR	wepp-3911	"10:27 am  Tuesday May 7, 2013"	"SAINT IGNATIUS MT"	30	sand	graveled	100	8	5	5	50	100	75	20	inveg	m
WR	wepp-3931	"10:29 am  Tuesday May 7, 2013"	"SAINT IGNATIUS MT"	30	sand	graveled	100	8	5	5	50	100	75	20	outunrut	m
WR	wepp-3956	"10:29 am  Tuesday May 7, 2013"	"SAINT IGNATIUS MT"	30	sand	graveled	100	8	5	5	50	250	75	20	outunrut	m
WR	wepp-4022	"10:31 am  Tuesday May 7, 2013"	"SEELEY LAKE RS MT"	30	sand	graveled	100	8	5	5	50	250	75	20	outunrut	m
WR	wepp-4143	"10:36 am  Tuesday May 7, 2013"	"SEELEY LAKE RS MT"	30	sand	graveled	100	8	5	5	50	250	25	20	outunrut	m
WR	wepp-4277	"10:38 am  Tuesday May 7, 2013"	"SEELEY LAKE RS MT"	30	sand	graveled	100	8	5	5	50	250	50	20	outunrut	m
WR	wepp-4894	"10:47 am  Tuesday May 7, 2013"	"SEELEY LAKE RS MT"	30	sand	graveled	100	8	5	5	50	250	75	20	outunrut	m
WR	wepp-5440	"10:59 am  Tuesday May 7, 2013"	"SEELEY LAKE RS MT"	30	sand	graveled	100	8	5	5	50	100	25	20	inveg	m
WR	wepp-5539	"11:04 am  Tuesday May 7, 2013"	"SEELEY LAKE RS MT"	30	sand	graveled	100	8	5	5	50	100	50	20	inveg	m
WR	wepp-5589	"11:06 am  Tuesday May 7, 2013"	"SEELEY LAKE RS MT"	30	sand	graveled	100	8	5	5	50	100	75	20	inveg	m
WR	wepp-5611	"11:10 am  Tuesday May 7, 2013"	"SEELEY LAKE RS MT"	30	sand	graveled	100	8	5	5	50	250	75	20	inveg	m
WR	wepp-5658	"11:11 am  Tuesday May 7, 2013"	""	1			0	0	0	0	0	0	0	0		
WR	wepp-5775	"11:29 am  Tuesday May 7, 2013"	"SEELEY LAKE RS MT"	30	sand	graveled	100	8	5	5	50	250	75	20	inveg	m
WR	wepp-15482	"03:11 pm  Tuesday May 7, 2013"	"SEELEY LAKE RS MT"	30	sand	graveled	100	8	5	5	50	250	50	20	inveg	m
WR	wepp-15596	"03:18 pm  Tuesday May 7, 2013"	"SEELEY LAKE RS MT"	30	sand	graveled	100	8	5	5	50	50	50	20	inveg	m
WR	wepp-15621	"03:20 pm  Tuesday May 7, 2013"	"SEELEY LAKE RS MT"	30	sand	graveled	100	8	5	5	50	150	50	20	inveg	m
WR	wepp-15649	"03:21 pm  Tuesday May 7, 2013"	"SEELEY LAKE RS MT"	30	sand	graveled	100	8	5	5	50	200	50	20	inveg	m
WR	wepp-15696	"03:22 pm  Tuesday May 7, 2013"	"SEELEY LAKE RS MT"	30	sand	graveled	100	8	5	5	50	300	50	20	inveg	m
WR	wepp-17121	"03:27 pm  Tuesday May 7, 2013"	"SEELEY LAKE RS MT"	30	sand	graveled	100	8	5	5	50	10	50	20	inveg	m
