WD	wepp-25241	"01:24 pm  Friday February 26, 2016"	"COULEE DAM 1 SW WA +"	10	sand	OldForest	50	0	30	100	20	OldForest	50	30	5	100	20	0	ft	""
WD	wepp-26727	"01:26 pm  Friday February 26, 2016"	"COULEE DAM 1 SW WA +"	10	sand	HighFire	100	30	30	20	20	HighFire	50	30	5	45	20	0	ft	""
WD	wepp-26939	"01:26 pm  Friday February 26, 2016"	"COULEE DAM 1 SW WA +"	10	sand	HighFire	100	30	30	20	20	HighFire	50	30	30	45	20	0	ft	""
WD	wepp-27210	"01:27 pm  Friday February 26, 2016"	"COULEE DAM 1 SW WA +"	10	sand	HighFire	900	30	30	20	20	HighFire	50	30	30	45	20	0	ft	""
WD	wepp-27387	"01:27 pm  Friday February 26, 2016"	"COULEE DAM 1 SW WA +"	10	sand	HighFire	900	30	30	20	20	HighFire	50	30	30	20	20	0	ft	""
WD	wepp-27687	"01:27 pm  Friday February 26, 2016"	"COULEE DAM 1 SW WA +"	10	sand	HighFire	900	30	30	20	20	HighFire	50	30	60	20	20	0	ft	""
WD	wepp-27919	"01:28 pm  Friday February 26, 2016"	"COULEE DAM 1 SW WA +"	10	sand	Skid	300	30	30	20	20	HighFire	50	30	60	20	20	0	ft	""
WD	wepp-28344	"01:28 pm  Friday February 26, 2016"	"COULEE DAM 1 SW WA +"	10	sand	Skid	300	30	30	20	20	HighFire	500	30	60	20	20	0	ft	""
WE	wepp-29134	"01:30 pm  Friday February 26, 2016"	"COULEE DAM 1 SW WA +"	sand	20	forest	0	50	30	300	h			ft
WD	wepp-35571	"01:39 pm  Friday February 26, 2016"	"COULEE DAM 1 SW WA +2 +"	10	loam	Skid	200	30	30	20	20	HighFire	50	30	5	20	20	0	ft	""
WD	wepp-36093	"01:40 pm  Friday February 26, 2016"	"COULEE DAM 1 SW WA +2 +"	10	loam	Skid	200	30	30	20	20	HighFire	50	30	50	20	20	0	ft	""
WD	wepp-36543	"01:40 pm  Friday February 26, 2016"	"FLAGSTAFF WB AP AZ"	10	loam	Skid	200	30	30	20	20	HighFire	50	30	50	20	20	0	ft	""
WD	wepp-36585	"01:41 pm  Friday February 26, 2016"	"MOUNT SHASTA CA"	10	loam	Skid	200	30	30	20	20	HighFire	50	30	50	20	20	0	ft	""
WD	wepp-36692	"01:45 pm  Friday February 26, 2016"	"CHEESMAN CO +"	10	loam	Skid	200	30	30	20	20	HighFire	100	30	5	20	20	0	ft	""
WD	wepp-36730	"01:46 pm  Friday February 26, 2016"	"CHEESMAN CO +"	10	sand	Skid	200	30	30	20	20	HighFire	100	30	30	20	20	0	ft	""
WD	wepp-36794	"01:47 pm  Friday February 26, 2016"	"CHEESMAN CO +"	10	sand	Skid	200	30	30	20	20	HighFire	100	30	60	20	20	0	ft	""
WD	wepp-37075	"01:50 pm  Friday February 26, 2016"	"SEXTON SUMMIT WB OR"	10	sand	Skid	200	30	30	20	20	HighFire	100	30	60	20	20	0	ft	""
WD	wepp-37115	"01:50 pm  Friday February 26, 2016"	"CHEESMAN CO +"	10	sand	Skid	200	30	30	20	20	HighFire	100	30	60	20	20	0	ft	""
WD	wepp-37153	"01:51 pm  Friday February 26, 2016"	"COULEE DAM 1 SW WA +2 +"	10	sand	Skid	200	30	30	20	20	HighFire	100	30	60	20	20	0	ft	""
WD	wepp-37204	"01:52 pm  Friday February 26, 2016"	"CHEESMAN CO +"	10	sand	Skid	200	30	30	20	20	HighFire	100	30	60	20	20	0	ft	""
WD	wepp-37244	"01:53 pm  Friday February 26, 2016"	"CHEESMAN CO +"	10	sand	Skid	200	30	30	20	20	HighFire	100	30	60	20	10	0	ft	""
WD	wepp-37284	"01:53 pm  Friday February 26, 2016"	"MOUNT SHASTA CA"	10	sand	Skid	200	30	30	20	20	HighFire	100	30	60	20	10	0	ft	""
WD	wepp-37403	"01:59 pm  Friday February 26, 2016"	"COULEE DAM 1 SW WA +2 +"	10	sand	Skid	200	30	30	20	20	HighFire	5	30	30	20	10	0	ft	""
