WF	wepp-18182	"03:17 pm  Monday November 4, 2013"	"MITCHELL 17 SW OCH OR                   3"	clay	200	50	0	30	15	40	20	20	4	ft
WF	wepp-20012	"04:53 pm  Monday November 4, 2013"	"MITCHELL 17 SW OCH OR                   3"	clay	200	50	0	30	15	40	20	20	4	ft
WF	wepp-20497	"05:41 pm  Monday November 4, 2013"	"MITCHELL 17 SW OCH OR                   3"	clay	200	50	0	30	15	40	20	20	4	ft
WR	wepp-20582	"05:45 pm  Monday November 4, 2013"	"BROTHERS OR"	30	clay	native	200	4	13	15	50	130	25	20	inveg	ft
WD	wepp-20604	"05:46 pm  Monday November 4, 2013"	"MITCHELL 17 SW OCH OR"	10	clay	OldForest	50	0	30	100	20	OldForest	50	30	5	100	20	0	ft	""
WD	wepp-20714	"05:59 pm  Monday November 4, 2013"	"MITCHELL 17 SW OCH OR"	10	silt	YoungForest	50	0	30	100	20	Bunchgrass	50	30	5	60	20	0	ft	""
WF	wepp-10675	"09:28 am  Wednesday November 6, 2013"	"MITCHELL 17 SW OCH OR +"	silt	200	50	0	30	15	60	25	25	4	ft
WF	wepp-10810	"09:32 am  Wednesday November 6, 2013"	"MITCHELL 17 SW OCH OR +"	clay	200	50	0	30	15	40	20	20	4	ft
WF	wepp-14033	"11:31 am  Friday November 8, 2013"	"MITCHELL 17 SW OCH OR +"	clay	200	199.9	0	30	15	40	20	20	0	ft
WF	wepp-14085	"11:34 am  Friday November 8, 2013"	"MITCHELL 17 SW OCH OR +"	clay	200	199.9	0	30	15	40	20	20	0	ft
WF	wepp-14110	"11:36 am  Friday November 8, 2013"	"MITCHELL 17 SW OCH OR +"	clay	200	50	0	30	15	40	1	1	0	ft
WF	wepp-14202	"11:42 am  Friday November 8, 2013"	"MITCHELL 17 SW OCH OR +"	clay	200	50	0	30	15	40	20	20	4	ft
WF	wepp-14286	"11:45 am  Friday November 8, 2013"	"MITCHELL 17 SW OCH OR +"	clay	200	199.9	0	30	15	40	40	40	0	ft
WF	wepp-15200	"01:40 pm  Friday November 8, 2013"	"MITCHELL 17 SW OCH OR +"	clay	200	199.9	0	30	15	40	40	40	0	ft
WF	wepp-24225	"05:43 pm  Friday November 8, 2013"	"MITCHELL 17 SW OCH OR +"	clay	300	150	15	30	15	11	17	17	0	ft
WF	wepp-25944	"12:09 pm  Tuesday December 10, 2013"	"Wolf Mitchell +30%Precip5400EL +"	clay	200	50	0.5	15	0.5	18	18	18	8.66	ft
WF	wepp-26205	"12:31 pm  Tuesday December 10, 2013"	"Wolf Mitchell +30%Precip5400EL +"	clay	200	5	0.5	15	0.5	18	18	18	8.66	ft
WF	wepp-26700	"01:32 pm  Tuesday December 10, 2013"	"Wolf Mitchell +30%Precip5400EL +"	clay	200	5	0.5	15	0.5	18	18	18	8.66	ft
WF	wepp-26762	"01:37 pm  Tuesday December 10, 2013"	"Wolf Mitchell +30%Precip5400EL +"	clay	200	5	0.5	15	0.5	18	18	18	8.66	ft
WF	wepp-22184	"10:11 am  Thursday December 12, 2013"	"Wolf Mitchell +30%Precip5400EL +"	silt	200	50	0	30	15	40	20	20	4	ft
WF	wepp-22479	"10:33 am  Thursday December 12, 2013"	"Wolf Mitchell +30%Precip5400EL +"	clay	200	50	0	18	0.5	18	18	18	8.66	ft
WR	wepp-26103	"11:31 am  Thursday December 12, 2013"	"Wolf Mitchell +30%Precip5400EL +"	30	silt	native	200	4	14	10	50	130	25	20	inveg	ft
WD	wepp-26347	"11:53 am  Thursday December 12, 2013"	"Wolf Mitchell +30%Precip5400EL +"	10	silt	OldForest	150	20	0.5	100	20	Sod	50	20	0.5	40	20	0	ft	""
WD	wepp-26369	"11:54 am  Thursday December 12, 2013"	"Wolf Mitchell +30%Precip5400EL +"	10	silt	OldForest	150	20	0.5	100	20	Bunchgrass	50	20	0.5	60	20	0	ft	""
WD	wepp-26389	"11:55 am  Thursday December 12, 2013"	"Wolf Mitchell +30%Precip5400EL +"	10	silt	YoungForest	150	20	0.5	100	20	Bunchgrass	50	20	0.5	60	20	0	ft	""
