WE	wepp-204137	"05:22 pm  Thursday August 6, 2015"	"Willow Fire CA +"	sand	10	forest	5	10	5	200	u			ft
WE	wepp-204219	"05:22 pm  Thursday August 6, 2015"	"Willow Fire CA +"	sand	10	forest	5	10	5	200	u			ft
WE	wepp-204275	"05:22 pm  Thursday August 6, 2015"	"Willow Fire CA +"	sand	10	forest	5	10	5	200	u			ft
WE	wepp-204329	"05:22 pm  Thursday August 6, 2015"	"Willow Fire CA +"	sand	20	forest	5	10	5	200	u			ft
WE	wepp-204385	"05:22 pm  Thursday August 6, 2015"	"Willow Fire CA +"	sand	20	forest	5	10	5	200	u			ft
WE	wepp-204439	"05:22 pm  Thursday August 6, 2015"	"Willow Fire CA +"	sand	20	chap	5	10	5	200	u	80	0	ft
WE	wepp-204495	"05:22 pm  Thursday August 6, 2015"	"Willow Fire CA +"	sand	20	chap	5	10	5	200	u	80	0	ft
WE	wepp-204550	"05:22 pm  Thursday August 6, 2015"	"Willow Fire CA +"	sand	30	forest	5	10	5	200	u			ft
WE	wepp-204606	"05:22 pm  Thursday August 6, 2015"	"Willow Fire CA +"	sand	30	forest	5	10	5	200	u			ft
WE	wepp-204660	"05:22 pm  Thursday August 6, 2015"	"Willow Fire CA +"	sand	30	forest	5	10	5	200	u			ft
WE	wepp-204716	"05:22 pm  Thursday August 6, 2015"	"Willow Fire CA +"	sand	30	forest	5	10	5	200	u			ft
WE	wepp-204770	"05:22 pm  Thursday August 6, 2015"	"Willow Fire CA +"	sand	50	forest	5	10	5	200	u			ft
WE	wepp-204826	"05:22 pm  Thursday August 6, 2015"	"Willow Fire CA +"	sand	50	forest	5	10	5	200	u			ft
WE	wepp-204880	"05:22 pm  Thursday August 6, 2015"	"Willow Fire CA +"	sand	50	forest	5	10	5	200	u			ft
WE	wepp-204936	"05:22 pm  Thursday August 6, 2015"	"Willow Fire CA +"	sand	50	forest	5	10	5	200	u			ft
WE	wepp-204990	"05:22 pm  Thursday August 6, 2015"	"Willow Fire CA +"	sand	50	chap	5	10	5	200	u	80	0	ft
WE	wepp-205047	"05:22 pm  Thursday August 6, 2015"	"Willow Fire CA +"	sand	50	chap	5	10	5	200	u	80	0	ft
WE	wepp-205101	"05:22 pm  Thursday August 6, 2015"	"Willow Fire CA +"	sand	50	chap	5	10	5	200	u	80	0	ft
WE	wepp-205156	"05:23 pm  Thursday August 6, 2015"	"Willow Fire CA +"	sand	50	chap	5	10	5	200	u	80	0	ft
WE	wepp-205212	"05:23 pm  Thursday August 6, 2015"	"Willow Fire CA +"	sand	10	forest	30	30	20	175	u			ft
WE	wepp-205268	"05:23 pm  Thursday August 6, 2015"	"Willow Fire CA +"	sand	10	forest	30	30	20	175	u			ft
WE	wepp-205322	"05:23 pm  Thursday August 6, 2015"	"Willow Fire CA +"	sand	20	forest	30	30	20	175	u			ft
WE	wepp-205376	"05:23 pm  Thursday August 6, 2015"	"Willow Fire CA +"	sand	20	forest	30	30	20	175	u			ft
WE	wepp-205432	"05:23 pm  Thursday August 6, 2015"	"Willow Fire CA +"	sand	20	chap	30	30	20	175	u	80	0	ft
WE	wepp-205488	"05:23 pm  Thursday August 6, 2015"	"Willow Fire CA +"	sand	20	chap	30	30	20	175	u	80	0	ft
WE	wepp-205542	"05:23 pm  Thursday August 6, 2015"	"Willow Fire CA +"	sand	30	forest	30	30	20	175	u			ft
WE	wepp-205598	"05:23 pm  Thursday August 6, 2015"	"Willow Fire CA +"	sand	30	forest	30	30	20	175	u			ft
WE	wepp-205652	"05:23 pm  Thursday August 6, 2015"	"Willow Fire CA +"	sand	30	forest	30	30	20	175	u			ft
WE	wepp-205706	"05:23 pm  Thursday August 6, 2015"	"Willow Fire CA +"	sand	30	forest	30	30	20	175	u			ft
WE	wepp-205762	"05:23 pm  Thursday August 6, 2015"	"Willow Fire CA +"	sand	50	forest	30	30	20	175	u			ft
WE	wepp-205816	"05:23 pm  Thursday August 6, 2015"	"Willow Fire CA +"	sand	50	forest	30	30	20	175	u			ft
WE	wepp-205872	"05:23 pm  Thursday August 6, 2015"	"Willow Fire CA +"	sand	50	forest	30	30	20	175	u			ft
WE	wepp-205926	"05:23 pm  Thursday August 6, 2015"	"Willow Fire CA +"	sand	50	forest	30	30	20	175	u			ft
WE	wepp-205982	"05:23 pm  Thursday August 6, 2015"	"Willow Fire CA +"	sand	50	chap	30	30	20	175	u	80	0	ft
WE	wepp-206036	"05:23 pm  Thursday August 6, 2015"	"Willow Fire CA +"	sand	50	chap	30	30	20	175	u	80	0	ft
WE	wepp-206092	"05:23 pm  Thursday August 6, 2015"	"Willow Fire CA +"	sand	50	chap	30	30	20	175	u	80	0	ft
WE	wepp-206146	"05:23 pm  Thursday August 6, 2015"	"Willow Fire CA +"	sand	50	chap	30	30	20	175	u	80	0	ft
WE	wepp-206202	"05:23 pm  Thursday August 6, 2015"	"Willow Fire CA +"	sand	10	forest	50	50	30	150	u			ft
WE	wepp-206256	"05:23 pm  Thursday August 6, 2015"	"Willow Fire CA +"	sand	20	forest	50	50	30	150	u			ft
WE	wepp-206312	"05:23 pm  Thursday August 6, 2015"	"Willow Fire CA +"	sand	20	forest	50	50	30	150	u			ft
WE	wepp-206367	"05:23 pm  Thursday August 6, 2015"	"Willow Fire CA +"	sand	20	chap	50	50	30	150	u	80	0	ft
WE	wepp-206422	"05:23 pm  Thursday August 6, 2015"	"Willow Fire CA +"	sand	20	chap	50	50	30	150	u	80	0	ft
WE	wepp-206477	"05:23 pm  Thursday August 6, 2015"	"Willow Fire CA +"	sand	30	forest	50	50	30	150	u			ft
WE	wepp-206532	"05:23 pm  Thursday August 6, 2015"	"Willow Fire CA +"	sand	30	forest	50	50	30	150	u			ft
WE	wepp-206588	"05:23 pm  Thursday August 6, 2015"	"Willow Fire CA +"	sand	30	forest	50	50	30	150	u			ft
WE	wepp-206643	"05:24 pm  Thursday August 6, 2015"	"Willow Fire CA +"	sand	50	forest	50	50	30	150	u			ft
WE	wepp-206699	"05:24 pm  Thursday August 6, 2015"	"Willow Fire CA +"	sand	50	forest	50	50	30	150	u			ft
WE	wepp-206753	"05:24 pm  Thursday August 6, 2015"	"Willow Fire CA +"	sand	50	forest	50	50	30	150	u			ft
WE	wepp-206828	"05:24 pm  Thursday August 6, 2015"	"Willow Fire CA +"	sand	50	chap	50	50	30	150	u	80	0	ft
WE	wepp-206888	"05:24 pm  Thursday August 6, 2015"	"Willow Fire CA +"	sand	50	chap	50	50	30	150	u	80	0	ft
WE	wepp-206944	"05:24 pm  Thursday August 6, 2015"	"Willow Fire CA +"	sand	50	chap	50	50	30	150	u	80	0	ft
WE	wepp-206998	"05:24 pm  Thursday August 6, 2015"	"Willow Fire CA +"	sand	50	chap	50	50	30	150	u	80	0	ft
WE	wepp-207055	"05:24 pm  Thursday August 6, 2015"	"Willow Fire CA +"	sand	20	chap	70	70	50	125	u	80	0	ft
WE	wepp-207110	"05:24 pm  Thursday August 6, 2015"	"Willow Fire CA +"	sand	20	chap	70	70	50	125	u	80	0	ft
WE	wepp-207166	"05:24 pm  Thursday August 6, 2015"	"Willow Fire CA +"	sand	30	forest	70	70	50	125	u			ft
WE	wepp-207220	"05:24 pm  Thursday August 6, 2015"	"Willow Fire CA +"	sand	30	forest	70	70	50	125	u			ft
WE	wepp-207277	"05:24 pm  Thursday August 6, 2015"	"Willow Fire CA +"	sand	30	forest	70	70	50	125	u			ft
WE	wepp-207333	"05:24 pm  Thursday August 6, 2015"	"Willow Fire CA +"	sand	50	forest	70	70	50	125	u			ft
WE	wepp-207387	"05:24 pm  Thursday August 6, 2015"	"Willow Fire CA +"	sand	50	forest	70	70	50	125	u			ft
WE	wepp-207444	"05:24 pm  Thursday August 6, 2015"	"Willow Fire CA +"	sand	50	chap	70	70	50	125	u	80	0	ft
WE	wepp-207498	"05:24 pm  Thursday August 6, 2015"	"Willow Fire CA +"	sand	50	chap	70	90	50	125	u	80	0	ft
WE	wepp-207557	"05:24 pm  Thursday August 6, 2015"	"Willow Fire CA +"	sand	20	chap	70	90	50	100	u	80	0	ft
WE	wepp-207615	"05:24 pm  Thursday August 6, 2015"	"Willow Fire CA +"	sand	20	chap	70	90	50	100	u	80	0	ft
WE	wepp-207671	"05:24 pm  Thursday August 6, 2015"	"Willow Fire CA +"	sand	30	forest	70	90	50	100	u			ft
WE	wepp-207725	"05:24 pm  Thursday August 6, 2015"	"Willow Fire CA +"	sand	30	forest	70	90	50	100	u			ft
WE	wepp-207781	"05:24 pm  Thursday August 6, 2015"	"Willow Fire CA +"	sand	30	forest	70	90	50	100	u			ft
WE	wepp-207835	"05:24 pm  Thursday August 6, 2015"	"Willow Fire CA +"	sand	50	forest	70	90	50	100	u			ft
WE	wepp-207894	"05:24 pm  Thursday August 6, 2015"	"Willow Fire CA +"	sand	50	forest	70	90	50	100	u			ft
WE	wepp-207948	"05:24 pm  Thursday August 6, 2015"	"Willow Fire CA +"	sand	50	chap	70	90	50	100	u	80	0	ft
WE	wepp-208002	"05:24 pm  Thursday August 6, 2015"	"Willow Fire CA +"	sand	50	chap	70	90	50	100	u	80	0	ft
WE	wepp-208193	"05:29 pm  Thursday August 6, 2015"	"Willow Fire CA +"	sand	10	forest	5	10	5	200	u			ft
WE	wepp-208277	"05:29 pm  Thursday August 6, 2015"	"Willow Fire CA +"	sand	30	forest	5	10	5	200	u			ft
WE	wepp-208331	"05:29 pm  Thursday August 6, 2015"	"Willow Fire CA +"	sand	50	forest	5	10	5	200	u			ft
WE	wepp-208386	"05:29 pm  Thursday August 6, 2015"	"Willow Fire CA +"	sand	50	chap	5	10	5	200	u	80	0	ft
WE	wepp-208441	"05:29 pm  Thursday August 6, 2015"	"Willow Fire CA +"	sand	10	forest	30	30	20	175	u			ft
WE	wepp-208495	"05:29 pm  Thursday August 6, 2015"	"Willow Fire CA +"	sand	30	forest	30	30	20	175	u			ft
WE	wepp-208551	"05:29 pm  Thursday August 6, 2015"	"Willow Fire CA +"	sand	50	forest	30	30	20	175	u			ft
WE	wepp-208605	"05:29 pm  Thursday August 6, 2015"	"Willow Fire CA +"	sand	50	chap	30	30	20	175	u	80	0	ft
WE	wepp-208661	"05:29 pm  Thursday August 6, 2015"	"Willow Fire CA +"	sand	10	forest	50	50	30	150	u			ft
WE	wepp-208715	"05:29 pm  Thursday August 6, 2015"	"Willow Fire CA +"	sand	30	forest	50	50	30	150	u			ft
WE	wepp-208771	"05:29 pm  Thursday August 6, 2015"	"Willow Fire CA +"	sand	50	forest	50	50	30	150	u			ft
WE	wepp-208825	"05:29 pm  Thursday August 6, 2015"	"Willow Fire CA +"	sand	50	chap	50	50	30	150	u	80	0	ft
WE	wepp-208881	"05:29 pm  Thursday August 6, 2015"	"Willow Fire CA +"	sand	30	forest	70	70	50	125	u			ft
WE	wepp-208935	"05:29 pm  Thursday August 6, 2015"	"Willow Fire CA +"	sand	50	forest	70	70	50	125	u			ft
WE	wepp-208991	"05:29 pm  Thursday August 6, 2015"	"Willow Fire CA +"	sand	30	forest	70	90	50	100	u			ft
WE	wepp-209045	"05:29 pm  Thursday August 6, 2015"	"Willow Fire CA +"	sand	50	forest	70	90	50	100	u			ft
WE	wepp-209101	"05:29 pm  Thursday August 6, 2015"	"Willow Fire CA +"	sand	10	forest	5	10	5	200	l			ft
WE	wepp-209217	"05:29 pm  Thursday August 6, 2015"	"Willow Fire CA +"	sand	20	forest	5	10	5	200	l			ft
WE	wepp-209334	"05:29 pm  Thursday August 6, 2015"	"Willow Fire CA +"	sand	20	chap	5	10	5	200	l	80	0	ft
WE	wepp-209464	"05:30 pm  Thursday August 6, 2015"	"Willow Fire CA +"	sand	30	forest	5	10	5	200	l			ft
WE	wepp-209580	"05:30 pm  Thursday August 6, 2015"	"Willow Fire CA +"	sand	50	forest	5	10	5	200	l			ft
WE	wepp-209698	"05:30 pm  Thursday August 6, 2015"	"Willow Fire CA +"	sand	50	chap	5	10	5	200	l	80	0	ft
WE	wepp-209814	"05:30 pm  Thursday August 6, 2015"	"Willow Fire CA +"	sand	10	forest	30	30	20	175	l			ft
WE	wepp-209932	"05:30 pm  Thursday August 6, 2015"	"Willow Fire CA +"	sand	20	forest	30	30	20	175	l			ft
WE	wepp-210048	"05:30 pm  Thursday August 6, 2015"	"Willow Fire CA +"	sand	20	chap	30	30	20	175	l	80	0	ft
WE	wepp-210164	"05:30 pm  Thursday August 6, 2015"	"Willow Fire CA +"	sand	30	forest	30	30	20	175	l			ft
WE	wepp-210282	"05:30 pm  Thursday August 6, 2015"	"Willow Fire CA +"	sand	50	forest	30	30	20	175	l			ft
WE	wepp-210398	"05:30 pm  Thursday August 6, 2015"	"Willow Fire CA +"	sand	50	chap	30	30	20	175	l	80	0	ft
WE	wepp-210517	"05:31 pm  Thursday August 6, 2015"	"Willow Fire CA +"	sand	20	forest	50	50	30	150	l			ft
WE	wepp-210633	"05:31 pm  Thursday August 6, 2015"	"Willow Fire CA +"	sand	20	chap	50	50	30	150	l	80	0	ft
WE	wepp-210749	"05:31 pm  Thursday August 6, 2015"	"Willow Fire CA +"	sand	30	forest	50	50	30	150	l			ft
WE	wepp-210867	"05:31 pm  Thursday August 6, 2015"	"Willow Fire CA +"	sand	50	forest	50	50	30	150	l			ft
WE	wepp-210983	"05:31 pm  Thursday August 6, 2015"	"Willow Fire CA +"	sand	50	chap	50	50	30	150	l	80	0	ft
WE	wepp-211120	"05:31 pm  Thursday August 6, 2015"	"Willow Fire CA +"	sand	20	chap	70	70	50	125	l	80	0	ft
WE	wepp-211238	"05:31 pm  Thursday August 6, 2015"	"Willow Fire CA +"	sand	30	forest	70	70	50	125	l			ft
WE	wepp-211356	"05:31 pm  Thursday August 6, 2015"	"Willow Fire CA +"	sand	50	forest	70	70	50	125	l			ft
WE	wepp-211474	"05:31 pm  Thursday August 6, 2015"	"Willow Fire CA +"	sand	50	chap	70	70	50	125	l	80	0	ft
WE	wepp-211590	"05:31 pm  Thursday August 6, 2015"	"Willow Fire CA +"	sand	20	chap	70	90	50	100	l	80	0	ft
WE	wepp-211709	"05:32 pm  Thursday August 6, 2015"	"Willow Fire CA +"	sand	30	forest	70	90	50	100	l			ft
WE	wepp-211825	"05:32 pm  Thursday August 6, 2015"	"Willow Fire CA +"	sand	50	forest	70	90	50	100	l			ft
WE	wepp-211942	"05:32 pm  Thursday August 6, 2015"	"Willow Fire CA +"	sand	50	chap	70	90	50	100	l	80	0	ft
WE	wepp-212059	"05:32 pm  Thursday August 6, 2015"	"Willow Fire CA +"	sand	10	forest	5	10	5	200	m			ft
WE	wepp-212217	"05:32 pm  Thursday August 6, 2015"	"Willow Fire CA +"	sand	20	forest	5	10	5	200	m			ft
WE	wepp-212376	"05:32 pm  Thursday August 6, 2015"	"Willow Fire CA +"	sand	20	chap	5	10	5	200	m	80	0	ft
WE	wepp-212534	"05:32 pm  Thursday August 6, 2015"	"Willow Fire CA +"	sand	30	forest	5	10	5	200	m			ft
WE	wepp-212692	"05:32 pm  Thursday August 6, 2015"	"Willow Fire CA +"	sand	50	forest	5	10	5	200	m			ft
WE	wepp-212851	"05:33 pm  Thursday August 6, 2015"	"Willow Fire CA +"	sand	50	chap	5	10	5	200	m	80	0	ft
WE	wepp-213008	"05:33 pm  Thursday August 6, 2015"	"Willow Fire CA +"	sand	20	forest	30	30	20	175	m			ft
WE	wepp-213166	"05:33 pm  Thursday August 6, 2015"	"Willow Fire CA +"	sand	20	chap	30	30	20	175	m	80	0	ft
WE	wepp-213325	"05:33 pm  Thursday August 6, 2015"	"Willow Fire CA +"	sand	30	forest	30	30	20	175	m			ft
WE	wepp-213483	"05:33 pm  Thursday August 6, 2015"	"Willow Fire CA +"	sand	50	forest	30	30	20	175	m			ft
WE	wepp-213642	"05:33 pm  Thursday August 6, 2015"	"Willow Fire CA +"	sand	50	chap	30	30	20	175	m	80	0	ft
WE	wepp-213800	"05:33 pm  Thursday August 6, 2015"	"Willow Fire CA +"	sand	20	forest	50	50	30	150	m			ft
WE	wepp-213960	"05:34 pm  Thursday August 6, 2015"	"Willow Fire CA +"	sand	20	chap	50	50	30	150	m	80	0	ft
WE	wepp-214118	"05:34 pm  Thursday August 6, 2015"	"Willow Fire CA +"	sand	30	forest	50	50	30	150	m			ft
WE	wepp-214277	"05:34 pm  Thursday August 6, 2015"	"Willow Fire CA +"	sand	50	forest	50	50	30	150	m			ft
WE	wepp-214435	"05:34 pm  Thursday August 6, 2015"	"Willow Fire CA +"	sand	50	chap	50	50	30	150	m	80	0	ft
WE	wepp-214592	"05:34 pm  Thursday August 6, 2015"	"Willow Fire CA +"	sand	20	chap	70	70	50	125	m	80	0	ft
WE	wepp-214750	"05:34 pm  Thursday August 6, 2015"	"Willow Fire CA +"	sand	30	forest	70	70	50	125	m			ft
WE	wepp-214908	"05:35 pm  Thursday August 6, 2015"	"Willow Fire CA +"	sand	50	chap	70	90	50	125	m	80	0	ft
WE	wepp-215077	"05:35 pm  Thursday August 6, 2015"	"Willow Fire CA +"	sand	20	chap	70	90	50	100	m	80	0	ft
WE	wepp-215235	"05:35 pm  Thursday August 6, 2015"	"Willow Fire CA +"	sand	30	forest	70	90	50	100	m			ft
WE	wepp-215394	"05:35 pm  Thursday August 6, 2015"	"Willow Fire CA +"	sand	50	chap	70	90	50	100	m	80	0	ft
WE	wepp-215552	"05:35 pm  Thursday August 6, 2015"	"Willow Fire CA +"	sand	30	forest	5	10	5	200	h			ft
WE	wepp-215754	"05:35 pm  Thursday August 6, 2015"	"Willow Fire CA +"	sand	50	forest	5	10	5	200	h			ft
WE	wepp-215953	"05:35 pm  Thursday August 6, 2015"	"Willow Fire CA +"	sand	50	chap	5	10	5	200	h	80	0	ft
WE	wepp-216153	"05:36 pm  Thursday August 6, 2015"	"Willow Fire CA +"	sand	30	forest	30	30	20	175	h			ft
WE	wepp-216352	"05:36 pm  Thursday August 6, 2015"	"Willow Fire CA +"	sand	50	forest	30	30	20	175	h			ft
WE	wepp-216568	"05:36 pm  Thursday August 6, 2015"	"Willow Fire CA +"	sand	50	chap	30	30	20	175	h	80	0	ft
WE	wepp-216776	"05:36 pm  Thursday August 6, 2015"	"Willow Fire CA +"	sand	50	chap	50	50	30	150	h	80	0	ft
WE	wepp-15108	"03:46 pm  Friday August 7, 2015"	"Willow Fire CA +"	sand	10	forest	5	10	5	200	u			ft
WE	wepp-15190	"03:46 pm  Friday August 7, 2015"	"Willow Fire CA +"	sand	30	forest	5	10	5	200	u			ft
WE	wepp-15244	"03:46 pm  Friday August 7, 2015"	"Willow Fire CA +"	sand	50	forest	5	10	5	200	u			ft
WE	wepp-15298	"03:46 pm  Friday August 7, 2015"	"Willow Fire CA +"	sand	50	chap	5	10	5	200	u	80	0	ft
WE	wepp-15353	"03:46 pm  Friday August 7, 2015"	"Willow Fire CA +"	sand	10	forest	30	30	20	175	u			ft
WE	wepp-15407	"03:46 pm  Friday August 7, 2015"	"Willow Fire CA +"	sand	30	forest	30	30	20	175	u			ft
WE	wepp-15461	"03:46 pm  Friday August 7, 2015"	"Willow Fire CA +"	sand	50	forest	30	30	20	175	u			ft
WE	wepp-15515	"03:46 pm  Friday August 7, 2015"	"Willow Fire CA +"	sand	50	chap	30	30	20	175	u	80	0	ft
WE	wepp-15569	"03:46 pm  Friday August 7, 2015"	"Willow Fire CA +"	sand	10	forest	50	50	30	150	u			ft
WE	wepp-15623	"03:46 pm  Friday August 7, 2015"	"Willow Fire CA +"	sand	30	forest	50	50	30	150	u			ft
WE	wepp-15677	"03:46 pm  Friday August 7, 2015"	"Willow Fire CA +"	sand	50	forest	50	50	30	150	u			ft
WE	wepp-15731	"03:46 pm  Friday August 7, 2015"	"Willow Fire CA +"	sand	50	chap	50	50	30	150	u	80	0	ft
WE	wepp-15785	"03:46 pm  Friday August 7, 2015"	"Willow Fire CA +"	sand	30	forest	70	70	50	125	u			ft
WE	wepp-15839	"03:46 pm  Friday August 7, 2015"	"Willow Fire CA +"	sand	50	forest	70	70	50	125	u			ft
WE	wepp-15893	"03:46 pm  Friday August 7, 2015"	"Willow Fire CA +"	sand	30	forest	70	90	50	100	u			ft
WE	wepp-15947	"03:46 pm  Friday August 7, 2015"	"Willow Fire CA +"	sand	50	forest	70	90	50	100	u			ft
WE	wepp-16001	"03:46 pm  Friday August 7, 2015"	"Willow Fire CA +"	sand	10	forest	5	10	5	200	l			ft
WE	wepp-16115	"03:46 pm  Friday August 7, 2015"	"Willow Fire CA +"	sand	20	forest	5	10	5	200	l			ft
WE	wepp-16231	"03:46 pm  Friday August 7, 2015"	"Willow Fire CA +"	sand	20	chap	5	10	5	200	l	80	0	ft
WE	wepp-16345	"03:47 pm  Friday August 7, 2015"	"Willow Fire CA +"	sand	30	forest	5	10	5	200	l			ft
WE	wepp-16459	"03:47 pm  Friday August 7, 2015"	"Willow Fire CA +"	sand	50	forest	5	10	5	200	l			ft
WE	wepp-16574	"03:47 pm  Friday August 7, 2015"	"Willow Fire CA +"	sand	50	chap	5	10	5	200	l	80	0	ft
WE	wepp-16688	"03:47 pm  Friday August 7, 2015"	"Willow Fire CA +"	sand	10	forest	30	30	20	175	l			ft
WE	wepp-16802	"03:47 pm  Friday August 7, 2015"	"Willow Fire CA +"	sand	20	forest	30	30	20	175	l			ft
WE	wepp-16916	"03:47 pm  Friday August 7, 2015"	"Willow Fire CA +"	sand	20	chap	30	30	20	175	l	80	0	ft
WE	wepp-17030	"03:47 pm  Friday August 7, 2015"	"Willow Fire CA +"	sand	30	forest	30	30	20	175	l			ft
WE	wepp-17144	"03:47 pm  Friday August 7, 2015"	"Willow Fire CA +"	sand	50	forest	30	30	20	175	l			ft
WE	wepp-17258	"03:47 pm  Friday August 7, 2015"	"Willow Fire CA +"	sand	50	chap	30	30	20	175	l	80	0	ft
WE	wepp-17372	"03:48 pm  Friday August 7, 2015"	"Willow Fire CA +"	sand	20	forest	50	50	30	150	l			ft
WE	wepp-17486	"03:48 pm  Friday August 7, 2015"	"Willow Fire CA +"	sand	20	chap	50	50	30	150	l	80	0	ft
WE	wepp-17600	"03:48 pm  Friday August 7, 2015"	"Willow Fire CA +"	sand	30	forest	50	50	30	150	l			ft
WE	wepp-17717	"03:48 pm  Friday August 7, 2015"	"Willow Fire CA +"	sand	50	forest	50	50	30	150	l			ft
WE	wepp-17836	"03:48 pm  Friday August 7, 2015"	"Willow Fire CA +"	sand	50	chap	50	50	30	150	l	80	0	ft
WE	wepp-17952	"03:48 pm  Friday August 7, 2015"	"Willow Fire CA +"	sand	20	chap	70	70	50	125	l	80	0	ft
WE	wepp-18068	"03:48 pm  Friday August 7, 2015"	"Willow Fire CA +"	sand	30	forest	70	70	50	125	l			ft
WE	wepp-18184	"03:48 pm  Friday August 7, 2015"	"Willow Fire CA +"	sand	50	forest	70	70	50	125	l			ft
WE	wepp-18300	"03:48 pm  Friday August 7, 2015"	"Willow Fire CA +"	sand	50	chap	70	70	50	125	l	80	0	ft
WE	wepp-18416	"03:49 pm  Friday August 7, 2015"	"Willow Fire CA +"	sand	20	chap	70	90	50	100	l	80	0	ft
WE	wepp-18530	"03:49 pm  Friday August 7, 2015"	"Willow Fire CA +"	sand	30	forest	70	90	50	100	l			ft
WE	wepp-18644	"03:49 pm  Friday August 7, 2015"	"Willow Fire CA +"	sand	50	forest	70	90	50	100	l			ft
WE	wepp-18759	"03:49 pm  Friday August 7, 2015"	"Willow Fire CA +"	sand	50	chap	70	90	50	100	l	80	0	ft
WE	wepp-18873	"03:49 pm  Friday August 7, 2015"	"Willow Fire CA +"	sand	10	forest	5	10	5	200	m			ft
WE	wepp-19027	"03:49 pm  Friday August 7, 2015"	"Willow Fire CA +"	sand	20	forest	5	10	5	200	m			ft
WE	wepp-19181	"03:49 pm  Friday August 7, 2015"	"Willow Fire CA +"	sand	20	chap	5	10	5	200	m	80	0	ft
WE	wepp-19335	"03:49 pm  Friday August 7, 2015"	"Willow Fire CA +"	sand	30	forest	5	10	5	200	m			ft
WE	wepp-19500	"03:50 pm  Friday August 7, 2015"	"Willow Fire CA +"	sand	50	forest	5	10	5	200	m			ft
WE	wepp-19654	"03:50 pm  Friday August 7, 2015"	"Willow Fire CA +"	sand	50	chap	5	10	5	200	m	80	0	ft
WE	wepp-19811	"03:50 pm  Friday August 7, 2015"	"Willow Fire CA +"	sand	20	forest	30	30	20	175	m			ft
WE	wepp-19965	"03:50 pm  Friday August 7, 2015"	"Willow Fire CA +"	sand	20	chap	30	30	20	175	m	80	0	ft
WE	wepp-20119	"03:50 pm  Friday August 7, 2015"	"Willow Fire CA +"	sand	30	forest	30	30	20	175	m			ft
WE	wepp-20273	"03:50 pm  Friday August 7, 2015"	"Willow Fire CA +"	sand	50	forest	30	30	20	175	m			ft
WE	wepp-20427	"03:51 pm  Friday August 7, 2015"	"Willow Fire CA +"	sand	50	chap	30	30	20	175	m	80	0	ft
WE	wepp-20581	"03:51 pm  Friday August 7, 2015"	"Willow Fire CA +"	sand	20	forest	50	50	30	150	m			ft
WE	wepp-20736	"03:51 pm  Friday August 7, 2015"	"Willow Fire CA +"	sand	20	chap	50	50	30	150	m	80	0	ft
WE	wepp-20890	"03:51 pm  Friday August 7, 2015"	"Willow Fire CA +"	sand	30	forest	50	50	30	150	m			ft
WE	wepp-21044	"03:51 pm  Friday August 7, 2015"	"Willow Fire CA +"	sand	50	forest	50	50	30	150	m			ft
WE	wepp-21198	"03:51 pm  Friday August 7, 2015"	"Willow Fire CA +"	sand	50	chap	50	50	30	150	m	80	0	ft
WE	wepp-21352	"03:51 pm  Friday August 7, 2015"	"Willow Fire CA +"	sand	20	chap	70	70	50	125	m	80	0	ft
WE	wepp-21506	"03:52 pm  Friday August 7, 2015"	"Willow Fire CA +"	sand	30	forest	70	70	50	125	m			ft
WE	wepp-21660	"03:52 pm  Friday August 7, 2015"	"Willow Fire CA +"	sand	50	chap	70	90	50	125	m	80	0	ft
WE	wepp-21857	"03:52 pm  Friday August 7, 2015"	"Willow Fire CA +"	sand	20	chap	70	90	50	100	m	80	0	ft
WE	wepp-22012	"03:52 pm  Friday August 7, 2015"	"Willow Fire CA +"	sand	30	forest	70	90	50	100	m			ft
WE	wepp-22171	"03:52 pm  Friday August 7, 2015"	"Willow Fire CA +"	sand	50	chap	70	90	50	100	m	80	0	ft
WE	wepp-22353	"03:52 pm  Friday August 7, 2015"	"Willow Fire CA +"	sand	30	forest	5	10	5	200	h			ft
WE	wepp-22547	"03:53 pm  Friday August 7, 2015"	"Willow Fire CA +"	sand	50	forest	5	10	5	200	h			ft
WE	wepp-22741	"03:53 pm  Friday August 7, 2015"	"Willow Fire CA +"	sand	50	chap	5	10	5	200	h	80	0	ft
WE	wepp-22936	"03:53 pm  Friday August 7, 2015"	"Willow Fire CA +"	sand	30	forest	30	30	20	175	h			ft
WE	wepp-23130	"03:53 pm  Friday August 7, 2015"	"Willow Fire CA +"	sand	50	forest	30	30	20	175	h			ft
WE	wepp-23324	"03:53 pm  Friday August 7, 2015"	"Willow Fire CA +"	sand	50	chap	30	30	20	175	h	80	0	ft
WE	wepp-23518	"03:54 pm  Friday August 7, 2015"	"Willow Fire CA +"	sand	50	chap	50	50	30	150	h	80	0	ft
WE	wepp-23737	"03:58 pm  Friday August 7, 2015"	"Willow Fire CA +"	sand	10	forest	5	10	5	200	u			ft
WE	wepp-23819	"03:58 pm  Friday August 7, 2015"	"Willow Fire CA +"	sand	10	forest	5	10	5	200	u			ft
WE	wepp-23873	"03:58 pm  Friday August 7, 2015"	"Willow Fire CA +"	sand	10	forest	5	10	5	200	u			ft
WE	wepp-23927	"03:58 pm  Friday August 7, 2015"	"Willow Fire CA +"	sand	20	forest	5	10	5	200	u			ft
WE	wepp-23982	"03:58 pm  Friday August 7, 2015"	"Willow Fire CA +"	sand	20	forest	5	10	5	200	u			ft
WE	wepp-24036	"03:58 pm  Friday August 7, 2015"	"Willow Fire CA +"	sand	20	chap	5	10	5	200	u	80	0	ft
WE	wepp-24090	"03:58 pm  Friday August 7, 2015"	"Willow Fire CA +"	sand	20	chap	5	10	5	200	u	80	0	ft
WE	wepp-24144	"03:58 pm  Friday August 7, 2015"	"Willow Fire CA +"	sand	30	forest	5	10	5	200	u			ft
WE	wepp-24198	"03:58 pm  Friday August 7, 2015"	"Willow Fire CA +"	sand	30	forest	5	10	5	200	u			ft
WE	wepp-24252	"03:58 pm  Friday August 7, 2015"	"Willow Fire CA +"	sand	30	forest	5	10	5	200	u			ft
WE	wepp-24306	"03:58 pm  Friday August 7, 2015"	"Willow Fire CA +"	sand	30	forest	5	10	5	200	u			ft
WE	wepp-24360	"03:58 pm  Friday August 7, 2015"	"Willow Fire CA +"	sand	50	forest	5	10	5	200	u			ft
WE	wepp-24414	"03:58 pm  Friday August 7, 2015"	"Willow Fire CA +"	sand	50	forest	5	10	5	200	u			ft
WE	wepp-24468	"03:58 pm  Friday August 7, 2015"	"Willow Fire CA +"	sand	50	forest	5	10	5	200	u			ft
WE	wepp-24522	"03:58 pm  Friday August 7, 2015"	"Willow Fire CA +"	sand	50	forest	5	10	5	200	u			ft
WE	wepp-24576	"03:58 pm  Friday August 7, 2015"	"Willow Fire CA +"	sand	50	chap	5	10	5	200	u	80	0	ft
WE	wepp-24630	"03:58 pm  Friday August 7, 2015"	"Willow Fire CA +"	sand	50	chap	5	10	5	200	u	80	0	ft
WE	wepp-24684	"03:59 pm  Friday August 7, 2015"	"Willow Fire CA +"	sand	50	chap	5	10	5	200	u	80	0	ft
WE	wepp-24738	"03:59 pm  Friday August 7, 2015"	"Willow Fire CA +"	sand	50	chap	5	10	5	200	u	80	0	ft
WE	wepp-24792	"03:59 pm  Friday August 7, 2015"	"Willow Fire CA +"	sand	10	forest	30	30	20	175	u			ft
WE	wepp-24846	"03:59 pm  Friday August 7, 2015"	"Willow Fire CA +"	sand	10	forest	30	30	20	175	u			ft
WE	wepp-24900	"03:59 pm  Friday August 7, 2015"	"Willow Fire CA +"	sand	20	forest	30	30	20	175	u			ft
WE	wepp-24954	"03:59 pm  Friday August 7, 2015"	"Willow Fire CA +"	sand	20	forest	30	30	20	175	u			ft
WE	wepp-25008	"03:59 pm  Friday August 7, 2015"	"Willow Fire CA +"	sand	20	chap	30	30	20	175	u	80	0	ft
WE	wepp-25062	"03:59 pm  Friday August 7, 2015"	"Willow Fire CA +"	sand	20	chap	30	30	20	175	u	80	0	ft
WE	wepp-25116	"03:59 pm  Friday August 7, 2015"	"Willow Fire CA +"	sand	30	forest	30	30	20	175	u			ft
WE	wepp-25171	"03:59 pm  Friday August 7, 2015"	"Willow Fire CA +"	sand	30	forest	30	30	20	175	u			ft
WE	wepp-25225	"03:59 pm  Friday August 7, 2015"	"Willow Fire CA +"	sand	30	forest	30	30	20	175	u			ft
WE	wepp-25279	"03:59 pm  Friday August 7, 2015"	"Willow Fire CA +"	sand	30	forest	30	30	20	175	u			ft
WE	wepp-25333	"03:59 pm  Friday August 7, 2015"	"Willow Fire CA +"	sand	50	forest	30	30	20	175	u			ft
WE	wepp-25387	"03:59 pm  Friday August 7, 2015"	"Willow Fire CA +"	sand	50	forest	30	30	20	175	u			ft
WE	wepp-25441	"03:59 pm  Friday August 7, 2015"	"Willow Fire CA +"	sand	50	forest	30	30	20	175	u			ft
WE	wepp-25495	"03:59 pm  Friday August 7, 2015"	"Willow Fire CA +"	sand	50	forest	30	30	20	175	u			ft
WE	wepp-25549	"03:59 pm  Friday August 7, 2015"	"Willow Fire CA +"	sand	50	chap	30	30	20	175	u	80	0	ft
WE	wepp-25603	"03:59 pm  Friday August 7, 2015"	"Willow Fire CA +"	sand	50	chap	30	30	20	175	u	80	0	ft
WE	wepp-25657	"03:59 pm  Friday August 7, 2015"	"Willow Fire CA +"	sand	50	chap	30	30	20	175	u	80	0	ft
WE	wepp-25711	"03:59 pm  Friday August 7, 2015"	"Willow Fire CA +"	sand	50	chap	30	30	20	175	u	80	0	ft
WE	wepp-25765	"03:59 pm  Friday August 7, 2015"	"Willow Fire CA +"	sand	10	forest	50	50	30	150	u			ft
WE	wepp-25819	"03:59 pm  Friday August 7, 2015"	"Willow Fire CA +"	sand	20	forest	50	50	30	150	u			ft
WE	wepp-25873	"03:59 pm  Friday August 7, 2015"	"Willow Fire CA +"	sand	20	forest	50	50	30	150	u			ft
WE	wepp-25927	"03:59 pm  Friday August 7, 2015"	"Willow Fire CA +"	sand	20	chap	50	50	30	150	u	80	0	ft
WE	wepp-25981	"03:59 pm  Friday August 7, 2015"	"Willow Fire CA +"	sand	20	chap	50	50	30	150	u	80	0	ft
WE	wepp-26035	"03:59 pm  Friday August 7, 2015"	"Willow Fire CA +"	sand	30	forest	50	50	30	150	u			ft
WE	wepp-26089	"03:59 pm  Friday August 7, 2015"	"Willow Fire CA +"	sand	30	forest	50	50	30	150	u			ft
WE	wepp-26143	"03:59 pm  Friday August 7, 2015"	"Willow Fire CA +"	sand	30	forest	50	50	30	150	u			ft
WE	wepp-26208	"04:00 pm  Friday August 7, 2015"	"Willow Fire CA +"	sand	50	forest	50	50	30	150	u			ft
WE	wepp-26262	"04:00 pm  Friday August 7, 2015"	"Willow Fire CA +"	sand	50	forest	50	50	30	150	u			ft
WE	wepp-26316	"04:00 pm  Friday August 7, 2015"	"Willow Fire CA +"	sand	50	forest	50	50	30	150	u			ft
WE	wepp-26370	"04:00 pm  Friday August 7, 2015"	"Willow Fire CA +"	sand	50	chap	50	50	30	150	u	80	0	ft
WE	wepp-26424	"04:00 pm  Friday August 7, 2015"	"Willow Fire CA +"	sand	50	chap	50	50	30	150	u	80	0	ft
WE	wepp-26478	"04:00 pm  Friday August 7, 2015"	"Willow Fire CA +"	sand	50	chap	50	50	30	150	u	80	0	ft
WE	wepp-26532	"04:00 pm  Friday August 7, 2015"	"Willow Fire CA +"	sand	50	chap	50	50	30	150	u	80	0	ft
WE	wepp-26586	"04:00 pm  Friday August 7, 2015"	"Willow Fire CA +"	sand	20	chap	70	70	50	125	u	80	0	ft
WE	wepp-26640	"04:00 pm  Friday August 7, 2015"	"Willow Fire CA +"	sand	20	chap	70	70	50	125	u	80	0	ft
WE	wepp-26695	"04:00 pm  Friday August 7, 2015"	"Willow Fire CA +"	sand	30	forest	70	70	50	125	u			ft
WE	wepp-26749	"04:00 pm  Friday August 7, 2015"	"Willow Fire CA +"	sand	30	forest	70	70	50	125	u			ft
WE	wepp-26803	"04:00 pm  Friday August 7, 2015"	"Willow Fire CA +"	sand	30	forest	70	70	50	125	u			ft
WE	wepp-26857	"04:00 pm  Friday August 7, 2015"	"Willow Fire CA +"	sand	50	forest	70	70	50	125	u			ft
WE	wepp-26911	"04:00 pm  Friday August 7, 2015"	"Willow Fire CA +"	sand	50	forest	70	70	50	125	u			ft
WE	wepp-26965	"04:00 pm  Friday August 7, 2015"	"Willow Fire CA +"	sand	50	chap	70	70	50	125	u	80	0	ft
WE	wepp-27019	"04:00 pm  Friday August 7, 2015"	"Willow Fire CA +"	sand	50	chap	70	90	50	125	u	80	0	ft
WE	wepp-27073	"04:00 pm  Friday August 7, 2015"	"Willow Fire CA +"	sand	20	chap	70	90	50	100	u	80	0	ft
WE	wepp-27127	"04:00 pm  Friday August 7, 2015"	"Willow Fire CA +"	sand	20	chap	70	90	50	100	u	80	0	ft
WE	wepp-27181	"04:00 pm  Friday August 7, 2015"	"Willow Fire CA +"	sand	30	forest	70	90	50	100	u			ft
WE	wepp-27235	"04:00 pm  Friday August 7, 2015"	"Willow Fire CA +"	sand	30	forest	70	90	50	100	u			ft
WE	wepp-27289	"04:00 pm  Friday August 7, 2015"	"Willow Fire CA +"	sand	30	forest	70	90	50	100	u			ft
WE	wepp-27343	"04:00 pm  Friday August 7, 2015"	"Willow Fire CA +"	sand	50	forest	70	90	50	100	u			ft
WE	wepp-27397	"04:00 pm  Friday August 7, 2015"	"Willow Fire CA +"	sand	50	forest	70	90	50	100	u			ft
WE	wepp-27451	"04:00 pm  Friday August 7, 2015"	"Willow Fire CA +"	sand	50	chap	70	90	50	100	u	80	0	ft
WE	wepp-27505	"04:00 pm  Friday August 7, 2015"	"Willow Fire CA +"	sand	50	chap	70	90	50	100	u	80	0	ft
WE	wepp-27755	"04:16 pm  Friday August 7, 2015"	"Willow Fire CA +"	sand	10	forest	5	10	5	200	u			ft
WE	wepp-27837	"04:16 pm  Friday August 7, 2015"	"Willow Fire CA +"	sand	30	forest	5	10	5	200	u			ft
WE	wepp-27892	"04:16 pm  Friday August 7, 2015"	"Willow Fire CA +"	sand	50	forest	5	10	5	200	u			ft
WE	wepp-27948	"04:16 pm  Friday August 7, 2015"	"Willow Fire CA +"	sand	10	forest	30	30	20	175	u			ft
WE	wepp-28002	"04:16 pm  Friday August 7, 2015"	"Willow Fire CA +"	sand	30	forest	30	30	20	175	u			ft
WE	wepp-28058	"04:16 pm  Friday August 7, 2015"	"Willow Fire CA +"	sand	50	forest	30	30	20	175	u			ft
WE	wepp-28114	"04:16 pm  Friday August 7, 2015"	"Willow Fire CA +"	sand	10	forest	50	50	30	150	u			ft
WE	wepp-28168	"04:16 pm  Friday August 7, 2015"	"Willow Fire CA +"	sand	30	forest	50	50	30	150	u			ft
WE	wepp-28224	"04:16 pm  Friday August 7, 2015"	"Willow Fire CA +"	sand	50	forest	50	50	30	150	u			ft
WE	wepp-28278	"04:16 pm  Friday August 7, 2015"	"Willow Fire CA +"	sand	30	forest	70	70	50	125	u			ft
WE	wepp-28332	"04:16 pm  Friday August 7, 2015"	"Willow Fire CA +"	sand	50	forest	70	70	50	125	u			ft
WE	wepp-28388	"04:16 pm  Friday August 7, 2015"	"Willow Fire CA +"	sand	30	forest	70	90	50	100	u			ft
WE	wepp-28444	"04:16 pm  Friday August 7, 2015"	"Willow Fire CA +"	sand	50	forest	70	90	50	100	u			ft
WE	wepp-28501	"04:17 pm  Friday August 7, 2015"	"Willow Fire CA +"	sand	50	chap	5	10	5	200	u	80	0	ft
WE	wepp-28557	"04:17 pm  Friday August 7, 2015"	"Willow Fire CA +"	sand	50	chap	30	30	20	175	u	80	0	ft
WE	wepp-28611	"04:17 pm  Friday August 7, 2015"	"Willow Fire CA +"	sand	50	chap	50	50	30	150	u	80	0	ft
WE	wepp-28667	"04:17 pm  Friday August 7, 2015"	"Willow Fire CA +"	sand	10	forest	5	10	5	200	m			ft
WE	wepp-28832	"04:17 pm  Friday August 7, 2015"	"Willow Fire CA +"	sand	20	forest	5	10	5	200	m			ft
WE	wepp-29018	"04:17 pm  Friday August 7, 2015"	"Willow Fire CA +"	sand	30	forest	5	10	5	200	m			ft
WE	wepp-29204	"04:17 pm  Friday August 7, 2015"	"Willow Fire CA +"	sand	50	forest	5	10	5	200	m			ft
WE	wepp-29360	"04:17 pm  Friday August 7, 2015"	"Willow Fire CA +"	sand	10	forest	30	30	20	175	m			ft
WE	wepp-29518	"04:18 pm  Friday August 7, 2015"	"Willow Fire CA +"	sand	20	forest	30	30	20	175	m			ft
WE	wepp-29674	"04:18 pm  Friday August 7, 2015"	"Willow Fire CA +"	sand	30	forest	30	30	20	175	m			ft
WE	wepp-29831	"04:18 pm  Friday August 7, 2015"	"Willow Fire CA +"	sand	50	forest	30	30	20	175	m			ft
WE	wepp-29990	"04:18 pm  Friday August 7, 2015"	"Willow Fire CA +"	sand	20	forest	50	50	30	150	m			ft
WE	wepp-30146	"04:18 pm  Friday August 7, 2015"	"Willow Fire CA +"	sand	30	forest	50	50	30	150	m			ft
WE	wepp-30304	"04:18 pm  Friday August 7, 2015"	"Willow Fire CA +"	sand	50	forest	50	50	30	150	m			ft
WE	wepp-30460	"04:19 pm  Friday August 7, 2015"	"Willow Fire CA +"	sand	30	forest	70	70	50	125	m			ft
WE	wepp-30620	"04:19 pm  Friday August 7, 2015"	"Willow Fire CA +"	sand	50	forest	70	70	50	125	m			ft
WE	wepp-30778	"04:19 pm  Friday August 7, 2015"	"Willow Fire CA +"	sand	30	forest	70	90	50	100	m			ft
WE	wepp-30937	"04:19 pm  Friday August 7, 2015"	"Willow Fire CA +"	sand	50	forest	70	90	50	100	m			ft
WE	wepp-31095	"04:19 pm  Friday August 7, 2015"	"Willow Fire CA +"	sand	20	chap	5	10	5	200	m	80	0	ft
WE	wepp-31251	"04:19 pm  Friday August 7, 2015"	"Willow Fire CA +"	sand	50	chap	5	10	5	200	m	80	0	ft
WE	wepp-31409	"04:19 pm  Friday August 7, 2015"	"Willow Fire CA +"	sand	20	chap	30	30	20	175	m	80	0	ft
WE	wepp-31576	"04:20 pm  Friday August 7, 2015"	"Willow Fire CA +"	sand	50	chap	30	30	20	175	m	80	0	ft
WE	wepp-31734	"04:20 pm  Friday August 7, 2015"	"Willow Fire CA +"	sand	20	chap	50	50	30	150	m	80	0	ft
WE	wepp-31891	"04:20 pm  Friday August 7, 2015"	"Willow Fire CA +"	sand	50	chap	50	50	30	150	m	80	0	ft
WE	wepp-32049	"04:20 pm  Friday August 7, 2015"	"Willow Fire CA +"	sand	20	chap	70	70	50	125	m	80	0	ft
WE	wepp-32205	"04:20 pm  Friday August 7, 2015"	"Willow Fire CA +"	sand	50	chap	70	70	50	125	m	80	0	ft
WE	wepp-32361	"04:20 pm  Friday August 7, 2015"	"Willow Fire CA +"	sand	20	chap	70	90	50	100	m	80	0	ft
WE	wepp-32519	"04:21 pm  Friday August 7, 2015"	"Willow Fire CA +"	sand	50	chap	70	90	50	100	m	80	0	ft
WE	wepp-32675	"04:21 pm  Friday August 7, 2015"	"Willow Fire CA +"	sand	10	forest	5	10	5	200	m			ft
WE	wepp-32833	"04:21 pm  Friday August 7, 2015"	"Willow Fire CA +"	sand	20	forest	5	10	5	200	m			ft
WE	wepp-32990	"04:21 pm  Friday August 7, 2015"	"Willow Fire CA +"	sand	30	forest	5	10	5	200	m			ft
WE	wepp-33146	"04:21 pm  Friday August 7, 2015"	"Willow Fire CA +"	sand	50	forest	5	10	5	200	m			ft
WE	wepp-33303	"04:21 pm  Friday August 7, 2015"	"Willow Fire CA +"	sand	20	forest	30	30	20	175	m			ft
WE	wepp-33462	"04:21 pm  Friday August 7, 2015"	"Willow Fire CA +"	sand	30	forest	30	30	20	175	m			ft
WE	wepp-33618	"04:22 pm  Friday August 7, 2015"	"Willow Fire CA +"	sand	50	forest	30	30	20	175	m			ft
WE	wepp-33774	"04:22 pm  Friday August 7, 2015"	"Willow Fire CA +"	sand	20	forest	50	50	30	150	m			ft
WE	wepp-33933	"04:22 pm  Friday August 7, 2015"	"Willow Fire CA +"	sand	30	forest	50	50	30	150	m			ft
WE	wepp-34089	"04:22 pm  Friday August 7, 2015"	"Willow Fire CA +"	sand	50	forest	50	50	30	150	m			ft
WE	wepp-34246	"04:22 pm  Friday August 7, 2015"	"Willow Fire CA +"	sand	30	forest	70	70	50	125	m			ft
WE	wepp-34404	"04:22 pm  Friday August 7, 2015"	"Willow Fire CA +"	sand	30	forest	70	90	50	100	m			ft
WE	wepp-34560	"04:23 pm  Friday August 7, 2015"	"Willow Fire CA +"	sand	20	chap	5	10	5	200	m	80	0	ft
WE	wepp-34716	"04:23 pm  Friday August 7, 2015"	"Willow Fire CA +"	sand	50	chap	5	10	5	200	m	80	0	ft
WE	wepp-34874	"04:23 pm  Friday August 7, 2015"	"Willow Fire CA +"	sand	20	chap	30	30	20	175	m	80	0	ft
WE	wepp-35031	"04:23 pm  Friday August 7, 2015"	"Willow Fire CA +"	sand	50	chap	30	30	20	175	m	80	0	ft
WE	wepp-35187	"04:23 pm  Friday August 7, 2015"	"Willow Fire CA +"	sand	20	chap	50	50	30	150	m	80	0	ft
WE	wepp-35343	"04:23 pm  Friday August 7, 2015"	"Willow Fire CA +"	sand	50	chap	50	50	30	150	m	80	0	ft
WE	wepp-35501	"04:23 pm  Friday August 7, 2015"	"Willow Fire CA +"	sand	20	chap	70	70	50	125	m	80	0	ft
WE	wepp-35657	"04:24 pm  Friday August 7, 2015"	"Willow Fire CA +"	sand	50	chap	70	90	50	125	m	80	0	ft
WE	wepp-35813	"04:24 pm  Friday August 7, 2015"	"Willow Fire CA +"	sand	20	chap	70	90	50	100	m	80	0	ft
WE	wepp-35972	"04:24 pm  Friday August 7, 2015"	"Willow Fire CA +"	sand	50	chap	70	90	50	100	m	80	0	ft
WE	wepp-36128	"04:24 pm  Friday August 7, 2015"	"Willow Fire CA +"	sand	30	forest	5	10	5	200	m			ft
WE	wepp-36284	"04:24 pm  Friday August 7, 2015"	"Willow Fire CA +"	sand	50	forest	5	10	5	200	m			ft
WE	wepp-36442	"04:24 pm  Friday August 7, 2015"	"Willow Fire CA +"	sand	30	forest	30	30	20	175	h			ft
WE	wepp-36642	"04:25 pm  Friday August 7, 2015"	"Willow Fire CA +"	sand	50	forest	30	30	20	175	h			ft
WE	wepp-36847	"04:25 pm  Friday August 7, 2015"	"Willow Fire CA +"	sand	50	chap	5	10	5	200	h	80	0	ft
WE	wepp-37046	"04:25 pm  Friday August 7, 2015"	"Willow Fire CA +"	sand	50	chap	30	30	20	175	h	80	0	ft
WE	wepp-37244	"04:25 pm  Friday August 7, 2015"	"Willow Fire CA +"	sand	50	chap	50	50	30	150	h	80	0	ft
WE	wepp-37508	"04:28 pm  Friday August 7, 2015"	"Willow Fire CA +"	sand	10	forest	5	10	5	200	u			ft
WE	wepp-37590	"04:28 pm  Friday August 7, 2015"	"Willow Fire CA +"	sand	30	forest	5	10	5	200	u			ft
WE	wepp-37644	"04:28 pm  Friday August 7, 2015"	"Willow Fire CA +"	sand	50	forest	5	10	5	200	u			ft
WE	wepp-37700	"04:29 pm  Friday August 7, 2015"	"Willow Fire CA +"	sand	10	forest	30	30	20	175	u			ft
WE	wepp-37754	"04:29 pm  Friday August 7, 2015"	"Willow Fire CA +"	sand	30	forest	30	30	20	175	u			ft
WE	wepp-37808	"04:29 pm  Friday August 7, 2015"	"Willow Fire CA +"	sand	50	forest	30	30	20	175	u			ft
WE	wepp-37864	"04:29 pm  Friday August 7, 2015"	"Willow Fire CA +"	sand	10	forest	50	50	30	150	u			ft
WE	wepp-37918	"04:29 pm  Friday August 7, 2015"	"Willow Fire CA +"	sand	30	forest	50	50	30	150	u			ft
WE	wepp-37972	"04:29 pm  Friday August 7, 2015"	"Willow Fire CA +"	sand	50	forest	50	50	30	150	u			ft
WE	wepp-38028	"04:29 pm  Friday August 7, 2015"	"Willow Fire CA +"	sand	30	forest	70	70	50	125	u			ft
WE	wepp-38082	"04:29 pm  Friday August 7, 2015"	"Willow Fire CA +"	sand	50	forest	70	70	50	125	u			ft
WE	wepp-38136	"04:29 pm  Friday August 7, 2015"	"Willow Fire CA +"	sand	30	forest	70	90	50	100	u			ft
WE	wepp-38190	"04:29 pm  Friday August 7, 2015"	"Willow Fire CA +"	sand	50	forest	70	90	50	100	u			ft
WE	wepp-38247	"04:29 pm  Friday August 7, 2015"	"Willow Fire CA +"	sand	50	chap	5	10	5	200	u	80	0	ft
WE	wepp-38301	"04:29 pm  Friday August 7, 2015"	"Willow Fire CA +"	sand	50	chap	30	30	20	175	u	80	0	ft
WE	wepp-38357	"04:29 pm  Friday August 7, 2015"	"Willow Fire CA +"	sand	50	chap	50	50	30	150	u	80	0	ft
WE	wepp-38411	"04:29 pm  Friday August 7, 2015"	"Willow Fire CA +"	sand	10	forest	5	10	5	200	u			ft
WE	wepp-38466	"04:29 pm  Friday August 7, 2015"	"Willow Fire CA +"	sand	20	forest	5	10	5	200	u			ft
WE	wepp-38522	"04:29 pm  Friday August 7, 2015"	"Willow Fire CA +"	sand	30	forest	5	10	5	200	u			ft
WE	wepp-38576	"04:29 pm  Friday August 7, 2015"	"Willow Fire CA +"	sand	50	forest	5	10	5	200	u			ft
WE	wepp-38630	"04:29 pm  Friday August 7, 2015"	"Willow Fire CA +"	sand	10	forest	30	30	20	175	u			ft
WE	wepp-38684	"04:29 pm  Friday August 7, 2015"	"Willow Fire CA +"	sand	20	forest	30	30	20	175	u			ft
WE	wepp-38740	"04:29 pm  Friday August 7, 2015"	"Willow Fire CA +"	sand	30	forest	30	30	20	175	u			ft
WE	wepp-38794	"04:29 pm  Friday August 7, 2015"	"Willow Fire CA +"	sand	50	forest	30	30	20	175	u			ft
WE	wepp-38848	"04:29 pm  Friday August 7, 2015"	"Willow Fire CA +"	sand	20	forest	50	50	30	150	u			ft
WE	wepp-38904	"04:29 pm  Friday August 7, 2015"	"Willow Fire CA +"	sand	30	forest	50	50	30	150	u			ft
WE	wepp-38958	"04:29 pm  Friday August 7, 2015"	"Willow Fire CA +"	sand	50	forest	50	50	30	150	u			ft
WE	wepp-39012	"04:29 pm  Friday August 7, 2015"	"Willow Fire CA +"	sand	30	forest	70	70	50	125	u			ft
WE	wepp-39068	"04:29 pm  Friday August 7, 2015"	"Willow Fire CA +"	sand	50	forest	70	70	50	125	u			ft
WE	wepp-39122	"04:29 pm  Friday August 7, 2015"	"Willow Fire CA +"	sand	30	forest	70	90	50	100	u			ft
WE	wepp-39176	"04:29 pm  Friday August 7, 2015"	"Willow Fire CA +"	sand	50	forest	70	90	50	100	u			ft
WE	wepp-39232	"04:30 pm  Friday August 7, 2015"	"Willow Fire CA +"	sand	20	chap	5	10	5	200	u	80	0	ft
WE	wepp-39297	"04:30 pm  Friday August 7, 2015"	"Willow Fire CA +"	sand	50	chap	5	10	5	200	u	80	0	ft
WE	wepp-39351	"04:30 pm  Friday August 7, 2015"	"Willow Fire CA +"	sand	20	chap	30	30	20	175	u	80	0	ft
WE	wepp-39407	"04:30 pm  Friday August 7, 2015"	"Willow Fire CA +"	sand	50	chap	30	30	20	175	u	80	0	ft
WE	wepp-39461	"04:30 pm  Friday August 7, 2015"	"Willow Fire CA +"	sand	20	chap	50	50	30	150	u	80	0	ft
WE	wepp-39515	"04:30 pm  Friday August 7, 2015"	"Willow Fire CA +"	sand	50	chap	50	50	30	150	u	80	0	ft
WE	wepp-39571	"04:30 pm  Friday August 7, 2015"	"Willow Fire CA +"	sand	20	chap	70	70	50	125	u	80	0	ft
WE	wepp-39625	"04:30 pm  Friday August 7, 2015"	"Willow Fire CA +"	sand	50	chap	70	70	50	125	u	80	0	ft
WE	wepp-39679	"04:30 pm  Friday August 7, 2015"	"Willow Fire CA +"	sand	20	chap	70	90	50	100	u	80	0	ft
WE	wepp-39736	"04:30 pm  Friday August 7, 2015"	"Willow Fire CA +"	sand	50	chap	70	90	50	100	u	80	0	ft
WE	wepp-39790	"04:30 pm  Friday August 7, 2015"	"Willow Fire CA +"	sand	10	forest	5	10	5	200	u			ft
WE	wepp-39844	"04:30 pm  Friday August 7, 2015"	"Willow Fire CA +"	sand	20	forest	5	10	5	200	u			ft
WE	wepp-39900	"04:30 pm  Friday August 7, 2015"	"Willow Fire CA +"	sand	30	forest	5	10	5	200	u			ft
WE	wepp-39954	"04:30 pm  Friday August 7, 2015"	"Willow Fire CA +"	sand	50	forest	5	10	5	200	u			ft
WE	wepp-40008	"04:30 pm  Friday August 7, 2015"	"Willow Fire CA +"	sand	20	forest	30	30	20	175	u			ft
WE	wepp-40064	"04:30 pm  Friday August 7, 2015"	"Willow Fire CA +"	sand	30	forest	30	30	20	175	u			ft
WE	wepp-40118	"04:30 pm  Friday August 7, 2015"	"Willow Fire CA +"	sand	50	forest	30	30	20	175	u			ft
WE	wepp-40172	"04:30 pm  Friday August 7, 2015"	"Willow Fire CA +"	sand	20	forest	50	50	30	150	u			ft
WE	wepp-40228	"04:30 pm  Friday August 7, 2015"	"Willow Fire CA +"	sand	30	forest	50	50	30	150	u			ft
WE	wepp-40282	"04:30 pm  Friday August 7, 2015"	"Willow Fire CA +"	sand	50	forest	50	50	30	150	u			ft
WE	wepp-40336	"04:30 pm  Friday August 7, 2015"	"Willow Fire CA +"	sand	30	forest	70	70	50	125	u			ft
WE	wepp-40392	"04:30 pm  Friday August 7, 2015"	"Willow Fire CA +"	sand	30	forest	70	90	50	100	u			ft
WE	wepp-40446	"04:30 pm  Friday August 7, 2015"	"Willow Fire CA +"	sand	20	chap	5	10	5	200	u	80	0	ft
WE	wepp-40500	"04:30 pm  Friday August 7, 2015"	"Willow Fire CA +"	sand	50	chap	5	10	5	200	u	80	0	ft
WE	wepp-40556	"04:30 pm  Friday August 7, 2015"	"Willow Fire CA +"	sand	20	chap	30	30	20	175	u	80	0	ft
WE	wepp-40610	"04:30 pm  Friday August 7, 2015"	"Willow Fire CA +"	sand	50	chap	30	30	20	175	u	80	0	ft
WE	wepp-40664	"04:31 pm  Friday August 7, 2015"	"Willow Fire CA +"	sand	20	chap	50	50	30	150	u	80	0	ft
WE	wepp-40718	"04:31 pm  Friday August 7, 2015"	"Willow Fire CA +"	sand	50	chap	50	50	30	150	u	80	0	ft
WE	wepp-40772	"04:31 pm  Friday August 7, 2015"	"Willow Fire CA +"	sand	20	chap	70	70	50	125	u	80	0	ft
WE	wepp-40826	"04:31 pm  Friday August 7, 2015"	"Willow Fire CA +"	sand	50	chap	70	90	50	125	u	80	0	ft
WE	wepp-40880	"04:31 pm  Friday August 7, 2015"	"Willow Fire CA +"	sand	20	chap	70	90	50	100	u	80	0	ft
WE	wepp-40934	"04:31 pm  Friday August 7, 2015"	"Willow Fire CA +"	sand	50	chap	70	90	50	100	u	80	0	ft
WE	wepp-40988	"04:31 pm  Friday August 7, 2015"	"Willow Fire CA +"	sand	30	forest	5	10	5	200	u			ft
WE	wepp-41042	"04:31 pm  Friday August 7, 2015"	"Willow Fire CA +"	sand	50	forest	5	10	5	200	u			ft
WE	wepp-41096	"04:31 pm  Friday August 7, 2015"	"Willow Fire CA +"	sand	30	forest	30	30	20	175	u			ft
WE	wepp-41150	"04:31 pm  Friday August 7, 2015"	"Willow Fire CA +"	sand	50	forest	30	30	20	175	u			ft
WE	wepp-41205	"04:31 pm  Friday August 7, 2015"	"Willow Fire CA +"	sand	50	chap	5	10	5	200	u	80	0	ft
WE	wepp-41259	"04:31 pm  Friday August 7, 2015"	"Willow Fire CA +"	sand	50	chap	30	30	20	175	u	80	0	ft
WE	wepp-41313	"04:31 pm  Friday August 7, 2015"	"Willow Fire CA +"	sand	50	chap	50	50	30	150	u	80	0	ft
WE	wepp-41775	"05:05 pm  Friday August 7, 2015"	"Willow Fire CA +"	sand	10	forest	5	10	5	200	u			ft
WE	wepp-41857	"05:05 pm  Friday August 7, 2015"	"Willow Fire CA +"	sand	30	forest	5	10	5	200	u			ft
WE	wepp-41913	"05:05 pm  Friday August 7, 2015"	"Willow Fire CA +"	sand	50	forest	5	10	5	200	u			ft
WE	wepp-41967	"05:05 pm  Friday August 7, 2015"	"Willow Fire CA +"	sand	10	forest	30	30	20	175	u			ft
WE	wepp-42023	"05:05 pm  Friday August 7, 2015"	"Willow Fire CA +"	sand	30	forest	30	30	20	175	u			ft
WE	wepp-42077	"05:05 pm  Friday August 7, 2015"	"Willow Fire CA +"	sand	50	forest	30	30	20	175	u			ft
WE	wepp-42134	"05:05 pm  Friday August 7, 2015"	"Willow Fire CA +"	sand	10	forest	50	50	30	150	u			ft
WE	wepp-42188	"05:05 pm  Friday August 7, 2015"	"Willow Fire CA +"	sand	30	forest	50	50	30	150	u			ft
WE	wepp-42242	"05:05 pm  Friday August 7, 2015"	"Willow Fire CA +"	sand	50	forest	50	50	30	150	u			ft
WE	wepp-42298	"05:05 pm  Friday August 7, 2015"	"Willow Fire CA +"	sand	30	forest	70	70	50	125	u			ft
WE	wepp-42352	"05:05 pm  Friday August 7, 2015"	"Willow Fire CA +"	sand	50	forest	70	70	50	125	u			ft
WE	wepp-42406	"05:05 pm  Friday August 7, 2015"	"Willow Fire CA +"	sand	30	forest	70	90	50	100	u			ft
WE	wepp-42462	"05:05 pm  Friday August 7, 2015"	"Willow Fire CA +"	sand	50	forest	70	90	50	100	u			ft
WE	wepp-42516	"05:05 pm  Friday August 7, 2015"	"Willow Fire CA +"	sand	50	chap	5	10	5	200	u	80	0	ft
WE	wepp-42570	"05:05 pm  Friday August 7, 2015"	"Willow Fire CA +"	sand	50	chap	30	30	20	175	u	80	0	ft
WE	wepp-42626	"05:05 pm  Friday August 7, 2015"	"Willow Fire CA +"	sand	50	chap	50	50	30	150	u	80	0	ft
WE	wepp-42680	"05:05 pm  Friday August 7, 2015"	"Willow Fire CA +"	sand	10	forest	5	10	5	200	l			ft
WE	wepp-42796	"05:05 pm  Friday August 7, 2015"	"Willow Fire CA +"	sand	20	forest	5	10	5	200	l			ft
WE	wepp-42912	"05:06 pm  Friday August 7, 2015"	"Willow Fire CA +"	sand	30	forest	5	10	5	200	l			ft
WE	wepp-43028	"05:06 pm  Friday August 7, 2015"	"Willow Fire CA +"	sand	50	forest	5	10	5	200	l			ft
WE	wepp-43145	"05:06 pm  Friday August 7, 2015"	"Willow Fire CA +"	sand	10	forest	30	30	20	175	l			ft
WE	wepp-43262	"05:06 pm  Friday August 7, 2015"	"Willow Fire CA +"	sand	20	forest	30	30	20	175	l			ft
WE	wepp-43379	"05:06 pm  Friday August 7, 2015"	"Willow Fire CA +"	sand	30	forest	30	30	20	175	l			ft
WE	wepp-43495	"05:06 pm  Friday August 7, 2015"	"Willow Fire CA +"	sand	50	forest	30	30	20	175	l			ft
WE	wepp-43611	"05:06 pm  Friday August 7, 2015"	"Willow Fire CA +"	sand	20	forest	50	50	30	150	l			ft
WE	wepp-43727	"05:06 pm  Friday August 7, 2015"	"Willow Fire CA +"	sand	30	forest	50	50	30	150	l			ft
WE	wepp-43843	"05:06 pm  Friday August 7, 2015"	"Willow Fire CA +"	sand	50	forest	50	50	30	150	l			ft
WE	wepp-43959	"05:07 pm  Friday August 7, 2015"	"Willow Fire CA +"	sand	30	forest	70	70	50	125	l			ft
WE	wepp-44075	"05:07 pm  Friday August 7, 2015"	"Willow Fire CA +"	sand	50	forest	70	70	50	125	l			ft
WE	wepp-44191	"05:07 pm  Friday August 7, 2015"	"Willow Fire CA +"	sand	30	forest	70	90	50	100	l			ft
WE	wepp-44307	"05:07 pm  Friday August 7, 2015"	"Willow Fire CA +"	sand	50	forest	70	90	50	100	l			ft
WE	wepp-44424	"05:07 pm  Friday August 7, 2015"	"Willow Fire CA +"	sand	20	chap	5	10	5	200	l	80	0	ft
WE	wepp-44540	"05:07 pm  Friday August 7, 2015"	"Willow Fire CA +"	sand	50	chap	5	10	5	200	l	80	0	ft
WE	wepp-44656	"05:07 pm  Friday August 7, 2015"	"Willow Fire CA +"	sand	20	chap	30	30	20	175	l	80	0	ft
WE	wepp-44772	"05:07 pm  Friday August 7, 2015"	"Willow Fire CA +"	sand	50	chap	30	30	20	175	l	80	0	ft
WE	wepp-44888	"05:07 pm  Friday August 7, 2015"	"Willow Fire CA +"	sand	20	chap	50	50	30	150	l	80	0	ft
WE	wepp-45004	"05:08 pm  Friday August 7, 2015"	"Willow Fire CA +"	sand	50	chap	50	50	30	150	l	80	0	ft
WE	wepp-45118	"05:08 pm  Friday August 7, 2015"	"Willow Fire CA +"	sand	20	chap	70	70	50	125	l	80	0	ft
WE	wepp-45236	"05:08 pm  Friday August 7, 2015"	"Willow Fire CA +"	sand	50	chap	70	70	50	125	l	80	0	ft
WE	wepp-45350	"05:08 pm  Friday August 7, 2015"	"Willow Fire CA +"	sand	20	chap	70	90	50	100	l	80	0	ft
WE	wepp-45469	"05:08 pm  Friday August 7, 2015"	"Willow Fire CA +"	sand	50	chap	70	90	50	100	l	80	0	ft
WE	wepp-45584	"05:08 pm  Friday August 7, 2015"	"Willow Fire CA +"	sand	10	forest	5	10	5	200	m			ft
WE	wepp-45742	"05:08 pm  Friday August 7, 2015"	"Willow Fire CA +"	sand	20	forest	5	10	5	200	m			ft
WE	wepp-45898	"05:08 pm  Friday August 7, 2015"	"Willow Fire CA +"	sand	30	forest	5	10	5	200	m			ft
WE	wepp-46056	"05:08 pm  Friday August 7, 2015"	"Willow Fire CA +"	sand	50	forest	5	10	5	200	m			ft
WE	wepp-46223	"05:09 pm  Friday August 7, 2015"	"Willow Fire CA +"	sand	20	forest	30	30	20	175	m			ft
WE	wepp-46381	"05:09 pm  Friday August 7, 2015"	"Willow Fire CA +"	sand	30	forest	30	30	20	175	m			ft
WE	wepp-46540	"05:09 pm  Friday August 7, 2015"	"Willow Fire CA +"	sand	50	forest	30	30	20	175	m			ft
WE	wepp-46696	"05:09 pm  Friday August 7, 2015"	"Willow Fire CA +"	sand	20	forest	50	50	30	150	m			ft
WE	wepp-46854	"05:09 pm  Friday August 7, 2015"	"Willow Fire CA +"	sand	30	forest	50	50	30	150	m			ft
WE	wepp-47012	"05:09 pm  Friday August 7, 2015"	"Willow Fire CA +"	sand	50	forest	50	50	30	150	m			ft
WE	wepp-47181	"05:10 pm  Friday August 7, 2015"	"Willow Fire CA +"	sand	30	forest	70	70	50	125	m			ft
WE	wepp-47337	"05:10 pm  Friday August 7, 2015"	"Willow Fire CA +"	sand	30	forest	70	90	50	100	m			ft
WE	wepp-47495	"05:10 pm  Friday August 7, 2015"	"Willow Fire CA +"	sand	20	chap	5	10	5	200	m	80	0	ft
WE	wepp-47652	"05:10 pm  Friday August 7, 2015"	"Willow Fire CA +"	sand	50	chap	5	10	5	200	m	80	0	ft
WE	wepp-47810	"05:10 pm  Friday August 7, 2015"	"Willow Fire CA +"	sand	20	chap	30	30	20	175	m	80	0	ft
WE	wepp-47966	"05:10 pm  Friday August 7, 2015"	"Willow Fire CA +"	sand	50	chap	30	30	20	175	m	80	0	ft
WE	wepp-48124	"05:11 pm  Friday August 7, 2015"	"Willow Fire CA +"	sand	20	chap	50	50	30	150	m	80	0	ft
WE	wepp-48280	"05:11 pm  Friday August 7, 2015"	"Willow Fire CA +"	sand	50	chap	50	50	30	150	m	80	0	ft
WE	wepp-48438	"05:11 pm  Friday August 7, 2015"	"Willow Fire CA +"	sand	20	chap	70	70	50	125	m	80	0	ft
WE	wepp-48595	"05:11 pm  Friday August 7, 2015"	"Willow Fire CA +"	sand	50	chap	70	90	50	125	m	80	0	ft
WE	wepp-48751	"05:11 pm  Friday August 7, 2015"	"Willow Fire CA +"	sand	20	chap	70	90	50	100	m	80	0	ft
WE	wepp-48909	"05:11 pm  Friday August 7, 2015"	"Willow Fire CA +"	sand	50	chap	70	90	50	100	m	80	0	ft
WE	wepp-49065	"05:11 pm  Friday August 7, 2015"	"Willow Fire CA +"	sand	30	forest	5	10	5	200	h			ft
WE	wepp-49263	"05:12 pm  Friday August 7, 2015"	"Willow Fire CA +"	sand	50	forest	5	10	5	200	h			ft
WE	wepp-49459	"05:12 pm  Friday August 7, 2015"	"Willow Fire CA +"	sand	30	forest	30	30	20	175	h			ft
WE	wepp-49658	"05:12 pm  Friday August 7, 2015"	"Willow Fire CA +"	sand	50	forest	30	30	20	175	h			ft
WE	wepp-49856	"05:12 pm  Friday August 7, 2015"	"Willow Fire CA +"	sand	50	chap	5	10	5	200	h	80	0	ft
WE	wepp-50052	"05:12 pm  Friday August 7, 2015"	"Willow Fire CA +"	sand	50	chap	30	30	20	175	h	80	0	ft
WE	wepp-50250	"05:13 pm  Friday August 7, 2015"	"Willow Fire CA +"	sand	50	chap	50	50	30	150	h	80	0	ft
