WE	wepp-134563	"11:55 am  Sunday October 16, 2016"	"TAHOE CA"	sand	20	forest	0	50	30	300	m			ft
wt	wepp-193960	"Oct 16, 2016"	"TAHOE CA"	granitic	OldForest	30	70	250	20	40	YoungForest	30	5	50	14	20	ft	""
wt	wepp-193996	"Oct 16, 2016"	"TAHOE CA"	granitic	HighFire	30	70	250	45	40	YoungForest	30	5	50	14	20	ft	""
wt	wepp-194035	"Oct 16, 2016"	"TAHOE CA"	granitic	HighFire	30	70	250	45	40	LowFire	30	5	50	85	20	ft	""
wt	wepp-194078	"Oct 16, 2016"	"TAHOE CA"	granitic	HighFire	30	70	1200	15	40	LowFire	30	5	200	40	20	ft	""
wt	wepp-194119	"Oct 16, 2016"	"TAHOE CA"	granitic	HighFire	30	70	1200	15	40	LowFire	30	5	200	30	20	ft	""
WE	wepp-194183	"07:01 pm  Sunday October 16, 2016"	"TAHOE CA"	sand	40	forest	5	45	30	1000	m			ft
WE	wepp-200486	"09:11 am  Monday October 17, 2016"	"TAHOE CA"	sand	40	forest	30	50	30	1000	l			ft
wt	wepp-205952	"Oct 17, 2016"	"TAHOE CA"	granitic	HighFire	45	70	600	20	40	LowFire	45	15	600	40	30	ft	""
wt	wepp-206025	"Oct 17, 2016"	"TAHOE CA"	granitic	HighFire	45	70	600	20	40	LowFire	45	15	600	20	20	ft	""
WE	wepp-206076	"05:40 pm  Monday October 17, 2016"	"TAHOE CA"	sand	40	forest	30	70	30	1000	m			ft
wt	wepp-206285	"Oct 17, 2016"	"TAHOE CA"	granitic	HighFire	70	45	1000	20	40	LowFire	30	5	1000	20	20	ft	""
WE	wepp-206532	"05:51 pm  Monday October 17, 2016"	"TAHOE CA"	sand	20	forest	60	70	45	200	m			ft
WE	wepp-206719	"05:51 pm  Monday October 17, 2016"	"TAHOE CA"	sand	40	forest	60	70	45	200	m			ft
WE	wepp-206920	"05:52 pm  Monday October 17, 2016"	"TAHOE CA"	sand	40	forest	30	50	30	600	m			ft
WE	wepp-207104	"05:52 pm  Monday October 17, 2016"	"TAHOE CA"	sand	40	forest	30	70	30	600	m			ft
WE	wepp-207260	"05:53 pm  Monday October 17, 2016"	"TAHOE CA"	sand	20	forest	30	70	30	1000	m			ft
WE	wepp-207445	"05:55 pm  Monday October 17, 2016"	"TAHOE CA"	sand	20	forest	0	50	30	700	m			ft
WE	wepp-207632	"05:56 pm  Monday October 17, 2016"	"TAHOE CA"	sand	40	forest	30	65	30	700	m			ft
WE	wepp-207818	"05:58 pm  Monday October 17, 2016"	"TAHOE CA"	sand	40	forest	30	20	30	1000	m			ft
WE	wepp-208002	"05:59 pm  Monday October 17, 2016"	"TAHOE CA"	sand	20	forest	20	20	30	1000	m			ft
WE	wepp-208189	"06:03 pm  Monday October 17, 2016"	"TAHOE CA"	sand	20	forest	30	70	30	300	h			ft
WE	wepp-208415	"06:03 pm  Monday October 17, 2016"	"TAHOE CA"	sand	40	forest	30	70	30	300	h			ft
WE	wepp-208644	"06:05 pm  Monday October 17, 2016"	"TAHOE CA"	sand	40	forest	30	70	30	300	m			ft
