WE	wepp-148492	"03:42 pm  Thursday January 29, 2015"	"BIRMINGHAM WB AP AL"	clay	20	forest	0	50	30	300	l			ft
WE	wepp-148757	"03:45 pm  Thursday January 29, 2015"	"FENN RS ID+ +"	sand	20	forest	0	50	30	300	h			ft
WE	wepp-227334	"01:39 pm  Friday March 20, 2015"	"FENN RS ID+ +"	sand	20	forest	0	50	30	300	h			ft
WE	wepp-130855	"04:46 pm  Wednesday March 25, 2015"	"FENN RS ID+ +"	clay	20	forest	0	50	30	300	l			ft
WR	wepp-147369	"10:09 am  Thursday March 26, 2015"	"FENN RS ID+ +"	30	sand	native	200	4	13	15	50	130	25	20	inbare	ft
WR	wepp-84437	"10:50 pm  Sunday March 29, 2015"	"FENN RS ID+ +"	30	sand	graveled	300	8	13	15	50	100	25	20	inbare	ft
WR	wepp-84473	"10:51 pm  Sunday March 29, 2015"	"FENN RS ID+ +"	30	sand	graveled	300	8	13	15	50	100	25	20	inveg	ft
WR	wepp-84512	"10:51 pm  Sunday March 29, 2015"	"FENN RS ID+ +"	30	sand	graveled	200	4	13	15	50	300	25	20	inveg	ft
WR	wepp-84555	"10:51 pm  Sunday March 29, 2015"	"FENN RS ID+ +"	30	sand	graveled	200	4	13	15	50	400	25	20	inveg	ft
wt	wepp-84614	"Mar 29, 2015"	"Dutch Oven +"	granitic	HighRoad	4	4	50	10	20	HighRoad	4	4	50	10	20	ft	""
WR	wepp-124250	"01:32 pm  Tuesday May 5, 2015"	"FENN RS ID+ +"	30	clay	native	200	1	15	1	1	1	1	20	outrut	ft
WR	wepp-124293	"01:32 pm  Tuesday May 5, 2015"	"FENN RS ID+ +"	30	sand	native	200	1	15	1	1	1	1	20	outrut	ft
WR	wepp-124335	"01:32 pm  Tuesday May 5, 2015"	"FENN RS ID+ +"	30	sand	native	200	3	15	1	3	1	3	20	outrut	ft
WR	wepp-124380	"01:32 pm  Tuesday May 5, 2015"	"FENN RS ID+ +"	30	sand	native	200	4	15	1	4	1	4	20	outrut	ft
WR	wepp-124424	"01:33 pm  Tuesday May 5, 2015"	"FENN RS ID+ +"	30	sand	native	200	4	15	1	4	1	4	20	inbare	ft
WR	wepp-220475	"11:24 am  Wednesday May 20, 2015"	"Dutch Oven +"	30	sand	native	200	20	12	1	20	1	20	20	outrut	ft
WR	wepp-234691	"06:43 pm  Wednesday May 20, 2015"	"Dutch Oven +"	30	sand	native	200	18	12	1	18	1	18	20	outrut	ft
WR	wepp-234741	"06:45 pm  Wednesday May 20, 2015"	"Dutch Oven +"	30	sand	native	100	20	10	1	20	1	20	20	outrut	ft
WR	wepp-234794	"06:45 pm  Wednesday May 20, 2015"	"Dutch Oven +"	30	sand	native	100	20	10	1	20	1	20	20	outrut	ft
wt	wepp-42869	"Jun 11, 2015"	"Dutch Oven +"	granitic	Sod	70	70	1000	25	20	OldForest	70	70	300	70	20	ft	""
wt	wepp-42935	"Jun 11, 2015"	"Dutch Oven +"	granitic	Sod	70	70	1000	25	20	OldForest	70	70	500	70	20	ft	""
wt	wepp-43050	"Jun 11, 2015"	"Dutch Oven +"	granitic	YoungForest	70	70	1000	25	20	OldForest	70	70	300	70	20	ft	""
wt	wepp-43099	"Jun 11, 2015"	"Dutch Oven +"	granitic	Shrub	70	70	1000	80	20	OldForest	70	70	300	70	20	ft	""
wt	wepp-43144	"Jun 11, 2015"	"Dutch Oven +"	granitic	YoungForest	70	70	1000	25	20	OldForest	70	70	300	70	20	ft	""
WD	wepp-81584	"04:59 pm  Wednesday July 22, 2015"	"Dutch Oven +"	10	clay	OldForest	50	0	30	100	20	OldForest	50	30	5	100	20	0	ft	""
WD	wepp-81738	"05:01 pm  Wednesday July 22, 2015"	"Dutch Oven +"	10	clay	OldForest	10	0	30	40	20	OldForest	10	30	5	40	20	0	ft	""
WR	wepp-81789	"05:02 pm  Wednesday July 22, 2015"	"FENN RS ID+ +"	30	clay	native	200	4	13	15	50	130	25	20	inveg	ft
WD	wepp-138143	"11:09 am  Thursday July 23, 2015"	"Orogrande CPP +"	100	sand	Sod	100	60	60	70	20	Sod	100	60	60	70	20	0	ft	""
WD	wepp-138241	"11:10 am  Thursday July 23, 2015"	"Orogrande CPP +"	100	sand	Sod	200	60	60	70	20	Sod	1.5	60	60	70	20	0	ft	""
WR	wepp-160584	"02:45 pm  Thursday July 23, 2015"	"Orogrande CPP +"	100	sand	graveled	30	4	12	1	4	1	4	20	outrut	ft
WR	wepp-160655	"02:46 pm  Thursday July 23, 2015"	"Orogrande CPP +"	100	sand	graveled	30	5	12	1	5	1	4	20	outrut	ft
WR	wepp-160746	"02:48 pm  Thursday July 23, 2015"	"Orogrande CPP +"	100	sand	graveled	30	5	12	15	5	30	5	20	outrut	ft
WR	wepp-160797	"02:49 pm  Thursday July 23, 2015"	"Orogrande CPP +"	100	sand	graveled	30	5	12	15	5	5	5	20	outrut	ft
WR	wepp-161256	"02:59 pm  Thursday July 23, 2015"	"Orogrande CPP +"	100	sand	graveled	30	5	12	15	70	150	60	20	outrut	ft
WR	wepp-161396	"03:02 pm  Thursday July 23, 2015"	"Orogrande CPP +"	100	sand	graveled	30	5	12	15	70	75	60	20	outrut	ft
WR	wepp-161478	"03:03 pm  Thursday July 23, 2015"	"Orogrande CPP +"	100	sand	graveled	30	13	12	15	70	75	60	20	outrut	ft
WR	wepp-161566	"03:04 pm  Thursday July 23, 2015"	"Orogrande CPP +"	100	sand	graveled	30	13	12	15	70	75	35	20	outrut	ft
WR	wepp-161740	"03:06 pm  Thursday July 23, 2015"	"Orogrande CPP +"	100	sand	graveled	30	13	12	15	70	25	35	20	outrut	ft
WD	wepp-42916	"12:05 pm  Monday September 14, 2015"	"Orogrande CPP +"	30	sand	Sod	20	70	70	70	20	Sod	20	70	70	70	20	0	ft	""
WD	wepp-42966	"12:05 pm  Monday September 14, 2015"	"Orogrande CPP +"	100	sand	Sod	20	70	70	70	20	Sod	20	70	70	70	20	0	ft	""
WD	wepp-43141	"12:09 pm  Monday September 14, 2015"	"Orogrande CPP +"	100	sand	Sod	10	70	70	70	20	Sod	10	70	70	70	20	0	ft	""
WD	wepp-43463	"12:17 pm  Monday September 14, 2015"	"Orogrande CPP +"	100	sand	Bunchgrass	200	45	45	70	20	Bunchgrass	1.5	45	45	70	20	0	ft	""
WD	wepp-43698	"12:23 pm  Monday September 14, 2015"	"Orogrande CPP +"	100	sand	Sod	200	55	55	70	20	Sod	1.5	55	55	70	20	0	ft	""
WD	wepp-43754	"12:24 pm  Monday September 14, 2015"	"Orogrande CPP +"	100	sand	Bunchgrass	200	55	55	70	20	Bunchgrass	1.5	55	55	70	20	0	ft	""
WD	wepp-43838	"12:25 pm  Monday September 14, 2015"	"Orogrande CPP +"	100	sand	Sod	15	70	70	70	20	Sod	1.5	70	0	70	20	0	ft	""
WR	wepp-180254	"11:05 am  Monday November 2, 2015"	"becca +"	30	sand	native	200	4	13	15	50	130	25	20	outrut	ft
WR	wepp-180414	"11:08 am  Monday November 2, 2015"	"becca +"	30	sand	native	200	4	13	1	50	1	25	20	outrut	ft
WD	wepp-181753	"11:36 am  Monday November 2, 2015"	"becca +"	30	sand	HighFire	100	50	50	45	20	HighFire	100	50	50	45	20	0	ft	""
WD	wepp-181822	"11:37 am  Monday November 2, 2015"	"becca +"	100	sand	HighFire	100	50	50	45	20	HighFire	100	50	50	45	20	0	ft	""
WE	wepp-183094	"11:58 am  Monday November 2, 2015"	"becca +"	sand	20	forest	45	48	19	633.2002	l			ft
WE	wepp-183247	"11:58 am  Monday November 2, 2015"	"becca +"	sand	20	forest	48	53	22	715.2209	m			ft
WE	wepp-183440	"11:58 am  Monday November 2, 2015"	"becca +"	sand	20	forest	53	50	28	669.2893	l			ft
WE	wepp-183590	"11:58 am  Monday November 2, 2015"	"becca +"	sand	20	forest	67	50	24	257.2171	l			ft
WE	wepp-183743	"11:59 am  Monday November 2, 2015"	"becca +"	sand	20	forest	61	61	51	238.8444	l			ft
WE	wepp-183892	"11:59 am  Monday November 2, 2015"	"becca +"	sand	20	forest	43	28	55	62.99194	m			ft
WE	wepp-184082	"11:59 am  Monday November 2, 2015"	"becca +"	sand	20	forest	24	39	29	948.1599	h			ft
WE	wepp-184316	"11:59 am  Monday November 2, 2015"	"becca +"	sand	20	forest	48	57	39	898.9474	m			ft
WE	wepp-184518	"12:00 pm  Monday November 2, 2015"	"becca +"	sand	20	forest	46	42	47	479.0012	h			ft
WE	wepp-184750	"12:00 pm  Monday November 2, 2015"	"becca +"	sand	20	forest	42	56	38	148.6216	h			ft
WE	wepp-184983	"12:00 pm  Monday November 2, 2015"	"becca +"	sand	20	forest	54	55	38	1000	m			ft
WE	wepp-185177	"12:01 pm  Monday November 2, 2015"	"becca +"	sand	20	forest	49	59	53	639.7618	m			ft
WE	wepp-185366	"12:01 pm  Monday November 2, 2015"	"becca +"	sand	20	forest	59	68	36	544.6178	m			ft
WE	wepp-185561	"12:01 pm  Monday November 2, 2015"	"becca +"	sand	20	forest	50	50	36	1000	m			ft
WE	wepp-185751	"12:01 pm  Monday November 2, 2015"	"becca +"	sand	20	forest	51	50	41	326.1145	m			ft
WE	wepp-185945	"12:02 pm  Monday November 2, 2015"	"becca +"	sand	20	forest	59	45	18	590.5494	l			ft
WE	wepp-186094	"12:02 pm  Monday November 2, 2015"	"becca +"	sand	20	forest	66	67	37	485.5628	l			ft
WE	wepp-186243	"12:02 pm  Monday November 2, 2015"	"becca +"	sand	20	forest	60	63	63	383.8571	h			ft
WE	wepp-186476	"12:02 pm  Monday November 2, 2015"	"becca +"	sand	20	forest	70	49	51	238.8444	h			ft
WE	wepp-186710	"12:03 pm  Monday November 2, 2015"	"becca +"	sand	20	forest	61	66	69	1000	h			ft
