WR	wepp-52297	"10:48 am  Tuesday June 17, 2014"	"Big Hole Divide +"	30	silt	native	340	6	16	30	5	30	5	5	inbare	ft
WR	wepp-52336	"10:49 am  Tuesday June 17, 2014"	"Big Hole Divide +"	30	silt	native	340	6	16	30	5	30	5	5	inbare	ft
WR	wepp-52406	"10:56 am  Tuesday June 17, 2014"	"Big Hole Divide +"	30	silt	graveled	1000	5	16	50	10	50	10	5	inbare	ft
WR	wepp-52443	"10:56 am  Tuesday June 17, 2014"	"Big Hole Divide +"	30	silt	graveled	1000	5	16	50	10	50	10	5	inbare	ft
WR	wepp-52543	"11:00 am  Tuesday June 17, 2014"	"Big Hole Divide +"	30	sand	graveled	1000	4	16	5	33	20	20	5	outunrut	ft
WR	wepp-52579	"11:00 am  Tuesday June 17, 2014"	"Big Hole Divide +"	30	sand	graveled	1000	4	16	5	33	20	20	10	outunrut	ft
WR	wepp-52616	"11:01 am  Tuesday June 17, 2014"	"Big Hole Divide +"	30	sand	graveled	1000	4	16	5	33	20	20	10	outunrut	ft
WR	wepp-52661	"11:02 am  Tuesday June 17, 2014"	"Big Hole Divide +"	30	sand	graveled	1000	4	16	5	33	20	18	40	outunrut	ft
WR	wepp-52702	"11:03 am  Tuesday June 17, 2014"	"Big Hole Divide +"	30	sand	graveled	1000	4	16	5	33	20	18	40	outunrut	ft
WR	wepp-52740	"11:04 am  Tuesday June 17, 2014"	"Big Hole Divide +"	30	sand	graveled	1000	4	16	5	32	20	20	10	outunrut	ft
WR	wepp-52777	"11:04 am  Tuesday June 17, 2014"	"Big Hole Divide +"	30	sand	graveled	1000	4	16	5	32	20	20	10	outunrut	ft
WR	wepp-52828	"11:06 am  Tuesday June 17, 2014"	"Big Hole Divide +"	30	sand	graveled	300	4	16	40	25	40	25	40	inveg	ft
WR	wepp-52864	"11:07 am  Tuesday June 17, 2014"	"Big Hole Divide +"	30	sand	graveled	300	4	16	40	25	40	25	40	inveg	ft
WR	wepp-52919	"11:09 am  Tuesday June 17, 2014"	"Big Hole Divide +"	30	sand	graveled	300	5	16	8	26	12	2	20	outunrut	ft
WR	wepp-52970	"11:12 am  Tuesday June 17, 2014"	"Big Hole Divide +"	30	sand	graveled	300	5	16	8	26	12	2	20	outunrut	ft
WR	wepp-53345	"11:54 am  Tuesday June 17, 2014"	"Big Hole Divide +"	30	sand	graveled	15	0.3	16	1	0.3	1	0.3	20	outunrut	ft
WR	wepp-53382	"11:54 am  Tuesday June 17, 2014"	"Big Hole Divide +"	30	sand	graveled	15	0.3	16	1	0.3	1	0.3	20	outunrut	ft
WR	wepp-53430	"11:55 am  Tuesday June 17, 2014"	"Big Hole Divide +"	30	sand	graveled	15	0.3	16	1	0.3	1	0.3	5	outunrut	ft
WR	wepp-53467	"11:56 am  Tuesday June 17, 2014"	"Big Hole Divide +"	30	sand	graveled	15	0.3	16	1	0.3	1	0.3	5	outunrut	ft
WR	wepp-53506	"11:58 am  Tuesday June 17, 2014"	"Big Hole Divide +"	30	sand	graveled	20	3	16	8	18	1	0.3	10	inveg	ft
WR	wepp-53543	"11:58 am  Tuesday June 17, 2014"	"Big Hole Divide +"	30	sand	graveled	20	3	16	8	18	1	0.3	10	inveg	ft
WR	wepp-53803	"12:00 pm  Tuesday June 17, 2014"	"Big Hole Divide +"	30	sand	graveled	75	24	5	30	12	1	0.3	50	inveg	ft
WR	wepp-53843	"12:01 pm  Tuesday June 17, 2014"	"Big Hole Divide +"	30	sand	graveled	75	24	5	30	12	1	0.3	50	inveg	ft
WR	wepp-53899	"12:04 pm  Tuesday June 17, 2014"	"Big Hole Divide +"	30	sand	graveled	30	3	16	2	12	1	0.3	50	inveg	ft
WR	wepp-53938	"12:05 pm  Tuesday June 17, 2014"	"Big Hole Divide +"	30	sand	graveled	30	3	16	2	12	1	0.3	50	inveg	ft
WR	wepp-54004	"12:08 pm  Tuesday June 17, 2014"	"Big Hole Divide +"	30	sand	graveled	300	3	18	8	90	1	0.3	5	outunrut	ft
WR	wepp-54040	"12:08 pm  Tuesday June 17, 2014"	"Big Hole Divide +"	30	sand	graveled	300	3	18	8	90	1	0.3	5	outunrut	ft
WR	wepp-54088	"12:09 pm  Tuesday June 17, 2014"	"Big Hole Divide +"	30	sand	graveled	100	3	16	8	50	20	5	30	inveg	ft
WR	wepp-54136	"12:10 pm  Tuesday June 17, 2014"	"Big Hole Divide +"	30	sand	graveled	100	3	16	8	50	20	5	30	inveg	ft
WR	wepp-54177	"12:11 pm  Tuesday June 17, 2014"	"Big Hole Divide +"	30	silt	graveled	120	5	16	1	0.3	1	0.3	10	inveg	ft
WR	wepp-54215	"12:12 pm  Tuesday June 17, 2014"	"Big Hole Divide +"	30	silt	graveled	120	5	16	1	0.3	1	0.3	10	inveg	ft
WR	wepp-54273	"12:14 pm  Tuesday June 17, 2014"	"Big Hole Divide +"	30	silt	graveled	90	5	16	1.5	20	6	1	10	outunrut	ft
WR	wepp-54310	"12:14 pm  Tuesday June 17, 2014"	"Big Hole Divide +"	30	silt	graveled	90	5	16	1.5	20	6	1	10	outunrut	ft
WR	wepp-54371	"12:17 pm  Tuesday June 17, 2014"	"Big Hole Divide +"	30	silt	graveled	400	2	16	1	0.3	50	3	2	outunrut	ft
WR	wepp-54409	"12:18 pm  Tuesday June 17, 2014"	"Big Hole Divide +"	30	silt	graveled	400	2	16	1	0.3	50	3	2	outunrut	ft
WR	wepp-54460	"12:20 pm  Tuesday June 17, 2014"	"Big Hole Divide +"	30	silt	graveled	100	1	14	2	35	40	1	5	outunrut	ft
WR	wepp-54496	"12:21 pm  Tuesday June 17, 2014"	"Big Hole Divide +"	30	silt	graveled	100	1	14	2	35	40	1	5	outunrut	ft
WR	wepp-54533	"12:22 pm  Tuesday June 17, 2014"	"Big Hole Divide +"	30	silt	graveled	150	1	14	2	30	1	1	10	outunrut	ft
WR	wepp-54570	"12:22 pm  Tuesday June 17, 2014"	"Big Hole Divide +"	30	silt	graveled	150	1	14	2	30	1	1	10	outunrut	ft
WR	wepp-54611	"12:23 pm  Tuesday June 17, 2014"	"Big Hole Divide +"	30	silt	graveled	200	8	16	1	0.3	1	0.3	5	inbare	ft
WR	wepp-54651	"12:24 pm  Tuesday June 17, 2014"	"Big Hole Divide +"	30	silt	graveled	200	8	16	1	0.3	1	0.3	5	inbare	ft
WR	wepp-54714	"12:29 pm  Tuesday June 17, 2014"	"Big Hole Divide +"	30	sand	graveled	250	8	16	1	8	1	0.3	25	inveg	ft
WR	wepp-54763	"12:30 pm  Tuesday June 17, 2014"	"Big Hole Divide +"	30	sand	graveled	250	8	16	1	8	1	0.3	25	inveg	ft
WR	wepp-54812	"12:33 pm  Tuesday June 17, 2014"	"Big Hole Divide +"	30	silt	graveled	1000	5	16	50	10	50	10	5	inbare	ft
WR	wepp-54862	"12:35 pm  Tuesday June 17, 2014"	"Big Hole Divide +"	30	silt	graveled	1000	5	16	50	10	50	10	5	inbare	ft
WR	wepp-54951	"12:40 pm  Tuesday June 17, 2014"	"Big Hole Divide +"	30	sand	graveled	25	3	16	3	70	30	14	40	inveg	ft
WR	wepp-54987	"12:41 pm  Tuesday June 17, 2014"	"Big Hole Divide +"	30	sand	graveled	25	3	16	3	70	30	14	40	inveg	ft
WR	wepp-55027	"12:42 pm  Tuesday June 17, 2014"	"Big Hole Divide +"	30	sand	graveled	330	7	16	3	70	30	14	15	inveg	ft
WR	wepp-55064	"12:43 pm  Tuesday June 17, 2014"	"Big Hole Divide +"	30	sand	graveled	330	7	16	3	70	30	14	15	inveg	ft
WR	wepp-55133	"12:45 pm  Tuesday June 17, 2014"	"Big Hole Divide +"	30	sand	graveled	400	5	16	12	56	1	0.3	15	outunrut	ft
WR	wepp-55175	"12:46 pm  Tuesday June 17, 2014"	"Big Hole Divide +"	30	sand	graveled	400	5	16	12	56	1	0.3	15	outunrut	ft
WR	wepp-55226	"12:47 pm  Tuesday June 17, 2014"	"Big Hole Divide +"	30	sand	graveled	200	9	16	5	30	1	0.3	0	outunrut	ft
WR	wepp-55268	"12:48 pm  Tuesday June 17, 2014"	"Big Hole Divide +"	30	sand	graveled	200	9	16	5	30	1	0.3	0	outunrut	ft
WR	wepp-55320	"12:50 pm  Tuesday June 17, 2014"	"Big Hole Divide +"	30	sand	graveled	150	5	16	6	50	1	0.3	30	outunrut	ft
WR	wepp-55375	"12:50 pm  Tuesday June 17, 2014"	"Big Hole Divide +"	30	sand	graveled	150	5	16	6	50	1	0.3	30	outunrut	ft
WR	wepp-55683	"01:00 pm  Tuesday June 17, 2014"	"Big Hole Divide +"	30	silt	graveled	100	4	16	3	35	1	0.3	15	outunrut	ft
WR	wepp-55720	"01:00 pm  Tuesday June 17, 2014"	"Big Hole Divide +"	30	silt	graveled	100	4	16	3	35	1	0.3	15	outunrut	ft
WR	wepp-55997	"01:09 pm  Tuesday June 17, 2014"	"Big Hole Divide +"	30	sand	graveled	30	0.3	16	1	0.3	1	0.3	0	outunrut	ft
WR	wepp-56045	"01:10 pm  Tuesday June 17, 2014"	"Big Hole Divide +"	30	sand	graveled	30	0.3	16	1	0.3	1	0.3	0	outunrut	ft
WR	wepp-56088	"01:11 pm  Tuesday June 17, 2014"	"Big Hole Divide +"	30	sand	graveled	75	1	16	1	50	1	0.3	5	outunrut	ft
WR	wepp-56227	"01:21 pm  Tuesday June 17, 2014"	"Big Hole Divide +"	30	sand	graveled	75	1	16	1	50	1	0.3	5	outunrut	ft
WR	wepp-56264	"01:21 pm  Tuesday June 17, 2014"	"Big Hole Divide +"	30	sand	graveled	75	1	16	1	50	1	0.3	5	outunrut	ft
WR	wepp-56317	"01:22 pm  Tuesday June 17, 2014"	"Big Hole Divide +"	30	sand	graveled	75	5	16	2	55	1	0.3	5	outunrut	ft
WR	wepp-56354	"01:23 pm  Tuesday June 17, 2014"	"Big Hole Divide +"	30	sand	graveled	75	5	16	2	55	1	0.3	5	outunrut	ft
WR	wepp-56395	"01:24 pm  Tuesday June 17, 2014"	"Big Hole Divide +"	30	sand	graveled	300	6	16	9	22	1	0.3	10	outunrut	ft
WR	wepp-56443	"01:25 pm  Tuesday June 17, 2014"	"Big Hole Divide +"	30	sand	graveled	300	6	16	9	22	1	0.3	10	outunrut	ft
WR	wepp-56484	"01:26 pm  Tuesday June 17, 2014"	"Big Hole Divide +"	30	sand	graveled	150	5	16	5	57	1	0.3	10	outunrut	ft
WR	wepp-56520	"01:26 pm  Tuesday June 17, 2014"	"Big Hole Divide +"	30	sand	graveled	150	5	16	5	57	1	0.3	10	outunrut	ft
WR	wepp-56557	"01:27 pm  Tuesday June 17, 2014"	"Big Hole Divide +"	30	sand	graveled	200	5	16	5	57	1	0.3	2	outunrut	ft
WR	wepp-56594	"01:27 pm  Tuesday June 17, 2014"	"Big Hole Divide +"	30	sand	graveled	200	5	16	5	57	1	0.3	2	outunrut	ft
WR	wepp-56632	"01:29 pm  Tuesday June 17, 2014"	"Big Hole Divide +"	30	silt	native	200	5	8	3	20	1	0.3	3	outrut	ft
WR	wepp-56669	"01:29 pm  Tuesday June 17, 2014"	"Big Hole Divide +"	30	silt	native	200	5	8	3	20	1	0.3	3	outrut	ft
WR	wepp-56717	"01:31 pm  Tuesday June 17, 2014"	"Big Hole Divide +"	30	sand	graveled	200	4	16	15	60	1	0.3	10	outunrut	ft
WR	wepp-56753	"01:31 pm  Tuesday June 17, 2014"	"Big Hole Divide +"	30	sand	graveled	200	4	16	15	60	1	0.3	10	outunrut	ft
WR	wepp-56794	"01:32 pm  Tuesday June 17, 2014"	"Big Hole Divide +"	30	sand	graveled	100	5	16	15	42	1	0.3	2	outunrut	ft
WR	wepp-56833	"01:33 pm  Tuesday June 17, 2014"	"Big Hole Divide +"	30	sand	graveled	100	5	16	15	42	1	0.3	2	outunrut	ft
WR	wepp-56884	"01:35 pm  Tuesday June 17, 2014"	"Big Hole Divide +"	30	sand	graveled	100	5	16	1	0.3	1	0.3	15	outunrut	ft
WR	wepp-56921	"01:36 pm  Tuesday June 17, 2014"	"Big Hole Divide +"	30	sand	graveled	100	5	16	1	0.3	1	0.3	15	outunrut	ft
WR	wepp-56962	"01:37 pm  Tuesday June 17, 2014"	"Big Hole Divide +"	30	sand	graveled	75	1	12	8	40	4	2	10	outunrut	ft
WR	wepp-56999	"01:38 pm  Tuesday June 17, 2014"	"Big Hole Divide +"	30	sand	graveled	75	1	12	8	40	4	2	10	outunrut	ft
WR	wepp-57047	"01:39 pm  Tuesday June 17, 2014"	"Big Hole Divide +"	30	sand	graveled	500	6	16	7	45	10	3	30	outunrut	ft
WR	wepp-57084	"01:39 pm  Tuesday June 17, 2014"	"Big Hole Divide +"	30	sand	graveled	500	6	16	7	45	10	3	30	outunrut	ft
WR	wepp-57133	"01:42 pm  Tuesday June 17, 2014"	"Big Hole Divide +"	30	sand	graveled	200	3	16	8	45	1	0.3	10	outunrut	ft
WR	wepp-57175	"01:43 pm  Tuesday June 17, 2014"	"Big Hole Divide +"	30	sand	graveled	200	3	16	8	45	1	0.3	10	outunrut	ft
WR	wepp-57211	"01:44 pm  Tuesday June 17, 2014"	"Big Hole Divide +"	30	sand	graveled	100	3	16	20	70	1	0.3	10	outunrut	ft
WR	wepp-57248	"01:44 pm  Tuesday June 17, 2014"	"Big Hole Divide +"	30	sand	graveled	100	3	16	20	70	1	0.3	10	outunrut	ft
WR	wepp-57299	"01:46 pm  Tuesday June 17, 2014"	"Big Hole Divide +"	30	sand	graveled	100	2	16	10	60	4	3	10	outunrut	ft
WR	wepp-57335	"01:46 pm  Tuesday June 17, 2014"	"Big Hole Divide +"	30	sand	graveled	100	2	16	10	60	4	3	10	outunrut	ft
WR	wepp-57374	"01:48 pm  Tuesday June 17, 2014"	"Big Hole Divide +"	30	sand	graveled	150	4	16	15	75	1	0.3	50	outunrut	ft
WR	wepp-57411	"01:49 pm  Tuesday June 17, 2014"	"Big Hole Divide +"	30	sand	graveled	150	4	16	15	75	1	0.3	50	outunrut	ft
WR	wepp-57458	"01:50 pm  Tuesday June 17, 2014"	"Big Hole Divide +"	30	sand	graveled	150	2	16	25	75	1	0.3	45	outunrut	ft
WR	wepp-57500	"01:51 pm  Tuesday June 17, 2014"	"Big Hole Divide +"	30	sand	graveled	150	2	16	25	75	1	0.3	45	outunrut	ft
WR	wepp-57539	"01:53 pm  Tuesday June 17, 2014"	"Big Hole Divide +"	30	sand	graveled	150	3	12	4	80	1	0.3	5	outunrut	ft
WR	wepp-57575	"01:53 pm  Tuesday June 17, 2014"	"Big Hole Divide +"	30	sand	graveled	150	3	12	4	80	1	0.3	5	outunrut	ft
WR	wepp-57612	"01:54 pm  Tuesday June 17, 2014"	"Big Hole Divide +"	30	sand	graveled	350	4	12	8	40	1	0.3	25	outunrut	ft
WR	wepp-57662	"01:56 pm  Tuesday June 17, 2014"	"Big Hole Divide +"	30	sand	graveled	350	4	12	8	40	1	0.3	25	outunrut	ft
WR	wepp-179300	"08:53 am  Friday March 27, 2015"	"Ramshorn + + +"	30	sand	native	300	8	16	1	70	1	30	1	outrut	ft
WR	wepp-181073	"10:23 am  Friday March 27, 2015"	"Ramshorn + + +"	30	sand	native	60	8	8	1	30	1	30	10	inveg	ft
WR	wepp-181333	"10:26 am  Friday March 27, 2015"	"Ramshorn + + +"	30	sand	native	300	8	16	1	70	1	70	1	outrut	ft
WR	wepp-181646	"10:33 am  Friday March 27, 2015"	"Ramshorn + + +"	30	sand	native	300	8	16	1	70	1	70	1	outrut	ft
WR	wepp-183314	"11:37 am  Friday March 27, 2015"	"Ramshorn +"	30	sand	native	300	8	16	1	70	1	70	1	outrut	ft
WR	wepp-183355	"11:38 am  Friday March 27, 2015"	"Ramshorn +"	30	sand	native	300	8	16	1	70	1	70	1	outrut	ft
WR	wepp-183419	"11:40 am  Friday March 27, 2015"	"Ramshorn +"	30	sand	native	60	8	8	1	30	1	30	10	inveg	ft
WR	wepp-183489	"11:42 am  Friday March 27, 2015"	"Ramshorn +"	30	sand	native	650	12	12	25	80	1	80	10	outrut	ft
WR	wepp-183532	"11:43 am  Friday March 27, 2015"	"Ramshorn +"	30	sand	native	650	12	12	25	80	1	80	5	outrut	ft
WR	wepp-183605	"11:44 am  Friday March 27, 2015"	"Ramshorn +"	30	sand	native	150	8	12	5	15	1	15	3	outrut	ft
WR	wepp-183671	"11:46 am  Friday March 27, 2015"	"Ramshorn +"	30	sand	native	300	12	14	12	5	1	5	1	outrut	ft
WR	wepp-183711	"11:47 am  Friday March 27, 2015"	"Ramshorn +"	30	sand	native	430	8	14	3	25	1	25	3	outrut	ft
WR	wepp-183770	"11:49 am  Friday March 27, 2015"	"Ramshorn +"	30	sand	native	430	8	14	3	25	1	25	3	outrut	ft
WR	wepp-183824	"11:50 am  Friday March 27, 2015"	"Ramshorn +"	30	sand	native	400	6	14	5	90	1	90	3	outrut	ft
WR	wepp-183862	"11:51 am  Friday March 27, 2015"	"Ramshorn +"	30	sand	native	400	6	13	5	90	130	90	20	outrut	ft
WR	wepp-183900	"11:52 am  Friday March 27, 2015"	"Ramshorn +"	30	sand	native	200	4	13	15	50	130	25	20	outunrut	ft
WR	wepp-183936	"11:53 am  Friday March 27, 2015"	"Ramshorn +"	30	sand	native	200	4	13	15	50	130	25	20	outrut	ft
WR	wepp-184187	"11:56 am  Friday March 27, 2015"	"Ramshorn +"	30	sand	native	5	1	8	25	20	1	20	5	inbare	ft
WR	wepp-184224	"11:57 am  Friday March 27, 2015"	"Ramshorn +"	30	sand	native	10	1	8	25	20	1	20	5	inbare	ft
WR	wepp-184264	"11:59 am  Friday March 27, 2015"	"Ramshorn +"	30	sand	native	10	5	14	3	30	1	30	2	inbare	ft
WR	wepp-184358	"12:02 pm  Friday March 27, 2015"	"Ramshorn +"	30	sand	native	10	5	14	4	85	1	85	50	inveg	ft
WR	wepp-184397	"12:04 pm  Friday March 27, 2015"	"Ramshorn +"	30	sand	native	10	5	14	3	90	1	90	10	inbare	ft
WR	wepp-184448	"12:05 pm  Friday March 27, 2015"	"Ramshorn +"	30	sand	native	415	5	14	5	80	1	80	10	inbare	ft
WR	wepp-184486	"12:05 pm  Friday March 27, 2015"	"Ramshorn +"	30	sand	native	415	4	13	5	80	1	80	2	inbare	ft
WR	wepp-184524	"12:06 pm  Friday March 27, 2015"	"Ramshorn +"	30	sand	native	100	6	14	4	80	1	80	1	outrut	ft
WR	wepp-184562	"12:08 pm  Friday March 27, 2015"	"Ramshorn +"	30	sand	native	150	10	14	10	5	1	5	1	outrut	ft
WR	wepp-184650	"12:10 pm  Friday March 27, 2015"	"Ramshorn +"	30	sand	native	250	10	14	4	85	1	85	1	outrut	ft
WR	wepp-184695	"12:12 pm  Friday March 27, 2015"	"Ramshorn +"	30	sand	native	30	8	14	3	85	1	85	30	outrut	ft
WR	wepp-184734	"12:13 pm  Friday March 27, 2015"	"Ramshorn +"	30	sand	native	25	10	8	5	25	1	25	1	inbare	ft
WR	wepp-184788	"12:15 pm  Friday March 27, 2015"	"Ramshorn +"	30	sand	native	30	5	18	6	90	1	90	5	outrut	ft
WR	wepp-184905	"12:17 pm  Friday March 27, 2015"	"Ramshorn +"	30	sand	native	900	6	14	3	70	1	70	1	outrut	ft
WR	wepp-184998	"12:18 pm  Friday March 27, 2015"	"Ramshorn +"	30	sand	native	500	5	14	3	20	1	20	2	outrut	ft
WR	wepp-185073	"12:19 pm  Friday March 27, 2015"	"Ramshorn +"	30	sand	native	215	6	14	3	90	1	90	1	outrut	ft
WR	wepp-185158	"12:20 pm  Friday March 27, 2015"	"Ramshorn +"	30	sand	native	15	4	14	10	80	1	80	1	outrut	ft
WR	wepp-185300	"12:21 pm  Friday March 27, 2015"	"Ramshorn +"	30	sand	native	515	8	14	3	20	1	20	1	outrut	ft
WR	wepp-185346	"12:22 pm  Friday March 27, 2015"	"Ramshorn +"	30	sand	native	600	4	14	5	60	1	60	1	outrut	ft
WR	wepp-185382	"12:22 pm  Friday March 27, 2015"	"Ramshorn +"	30	sand	native	600	4	14	5	60	1	60	3	outrut	ft
WR	wepp-185488	"12:24 pm  Friday March 27, 2015"	"Ramshorn +"	30	sand	native	1000	5	14	5	60	1	60	3	outrut	ft
WR	wepp-185558	"12:25 pm  Friday March 27, 2015"	"Ramshorn +"	30	sand	native	500	5	14	5	60	1	60	20	outrut	ft
WR	wepp-186260	"12:55 pm  Friday March 27, 2015"	"Ramshorn +"	30	sand	native	400	6	14	5	90	1	90	3	outrut	ft
WR	wepp-186476	"01:03 pm  Friday March 27, 2015"	"Ramshorn +"	30	sand	native	500	5	14	5	60	1	60	3	outrut	ft
