WE	wepp-228766	"08:35 pm  Sunday August 19, 2018"	"Cove Creek-Cove Fort +"	loam	20	forest	0	27	5	1000	u			ft
WE	wepp-228835	"08:37 pm  Sunday August 19, 2018"	"Cove Creek-Cove Fort +"	sand	20	forest	0	27	5	1000	u			ft
WE	wepp-228901	"08:38 pm  Sunday August 19, 2018"	"Cove Creek-Cove Fort +"	loam	20	forest	0	50	30	300	h			ft
WE	wepp-229011	"08:38 pm  Sunday August 19, 2018"	"Cove Creek-Cove Fort +"	loam	20	forest	0	50	30	300	h			ft
WE	wepp-229280	"08:38 pm  Sunday August 19, 2018"	"Cove Creek-Cove Fort +"	loam	20	forest	0	27	10	1000	h			ft
WE	wepp-229554	"08:40 pm  Sunday August 19, 2018"	"Cove Creek-Cove Fort +"	loam	20	forest	0	27	10	1000	h			ft
WE	wepp-229761	"08:40 pm  Sunday August 19, 2018"	"Cove Creek-Cove Fort +"	loam	20	forest	0	27	10	1000	h			ft
WE	wepp-229970	"08:41 pm  Sunday August 19, 2018"	"Cove Creek-Cove Fort +"	sand	20	forest	0	27	10	1000	h			ft
WE	wepp-230185	"08:43 pm  Sunday August 19, 2018"	"Cove Creek-Cove Fort +"	loam	20	chap	0	27	5	1000	u	80	0	ft
WE	wepp-230254	"08:44 pm  Sunday August 19, 2018"	"Cove Creek-Cove Fort +"	loam	20	chap	0	27	5	1000	u	60	20	ft
WE	wepp-230322	"08:45 pm  Sunday August 19, 2018"	"Cove Creek-Cove Fort +"	loam	20	chap	0	27	10	1000	h	60	20	ft
WE	wepp-230582	"08:46 pm  Sunday August 19, 2018"	"Cove Creek-Cove Fort +"	sand	20	chap	0	27	10	1000	u	60	20	ft
WE	wepp-230650	"08:46 pm  Sunday August 19, 2018"	"Cove Creek-Cove Fort +"	sand	20	chap	0	27	10	1000	h	60	20	ft
WE	wepp-230869	"08:50 pm  Sunday August 19, 2018"	"Cove Creek-Cove Fort +"	sand	20	forest	0	27	10	1000	h			ft
WE	wepp-231015	"08:50 pm  Sunday August 19, 2018"	"Cove Creek-Cove Fort +"	sand	20	forest	5	27	10	1000	h			ft
WE	wepp-238764	"06:46 am  Monday August 20, 2018"	"Cove Creek-Cove Fort +"	sand	25	forest	10	27	10	1000	h			ft
WE	wepp-238981	"06:48 am  Monday August 20, 2018"	"Cove Creek-Cove Fort +"	sand	25	forest	10	27	10	1000	h			ft
WE	wepp-10069	"09:23 pm  Monday August 20, 2018"	"Cove Creek-Cove Fort +"	sand	25	forest	10	30	10	1000	u			ft
WE	wepp-10146	"09:25 pm  Monday August 20, 2018"	"Cove Creek-Cove Fort +"	sand	25	forest	10	30	10	1000	h			ft
WF	wepp-17473	"06:56 am  Tuesday August 21, 2018"	"Cove Creek-Cove Fort +"	sand	1000	300	5	30	10	40	20	20	1	ft
