WD	wepp-2740	"09:17 am  Friday January 13, 2012"	"MidBugsUnitC +"	10	silt	LowFire	150	0	35	85	5	LowFire	150	35	5	85	5	0	ft	""
WD	wepp-2763	"09:18 am  Friday January 13, 2012"	"MidBugsUnitC +"	10	silt	OldForest	150	0	35	100	5	OldForest	150	35	5	100	5	0	ft	""
WD	wepp-2783	"09:19 am  Friday January 13, 2012"	"MidBugsUnitC +"	30	silt	OldForest	150	0	35	100	5	OldForest	150	35	5	100	5	0	ft	""
WD	wepp-2803	"09:19 am  Friday January 13, 2012"	"MidBugsUnitC +"	50	silt	OldForest	150	0	35	100	5	OldForest	150	35	5	100	5	0	ft	""
WD	wepp-2823	"09:19 am  Friday January 13, 2012"	"MidBugsUnitC +"	30	silt	OldForest	150	0	35	100	5	OldForest	150	35	5	100	5	0	ft	""
WD	wepp-2844	"09:20 am  Friday January 13, 2012"	"MidBugsC_WetDay +"	30	silt	OldForest	150	0	35	100	5	OldForest	150	35	5	100	5	0	ft	""
WD	wepp-2910	"09:21 am  Friday January 13, 2012"	"MidBugsC_WetDay +"	30	silt	LowFire	150	0	35	85	5	LowFire	150	35	5	85	5	0	ft	""
WD	wepp-2964	"09:27 am  Friday January 13, 2012"	"MidBugsC_WetDay +"	30	silt	LowFire	150	0	35	85	5	OldForest	150	35	5	100	5	0	ft	""
WD	wepp-2991	"09:27 am  Friday January 13, 2012"	"MidBugsC_WetDay +"	30	silt	LowFire	150	0	35	85	5	OldForest	300	35	5	100	5	0	ft	""
WD	wepp-3011	"09:28 am  Friday January 13, 2012"	"MidBugsC_WetDay +"	30	silt	LowFire	150	0	35	85	5	OldForest	150	35	5	100	5	0	ft	""
WD	wepp-3078	"09:31 am  Friday January 13, 2012"	"MidBugsUnitC +"	30	silt	LowFire	150	0	35	85	5	OldForest	150	35	5	100	5	0	ft	""
WD	wepp-3099	"09:32 am  Friday January 13, 2012"	"MidBugsC_WetDay +"	30	silt	LowFire	150	0	25	85	5	OldForest	150	25	5	100	5	0	ft	""
WD	wepp-3119	"09:33 am  Friday January 13, 2012"	"MidBugsC_WetDay +"	30	silt	OldForest	150	0	25	100	5	OldForest	150	25	5	100	5	0	ft	""
WD	wepp-3139	"09:35 am  Friday January 13, 2012"	"MidBugsC_WetDay +"	30	silt	OldForest	150	0	20	100	5	OldForest	150	20	5	100	5	0	ft	""
WD	wepp-3186	"09:36 am  Friday January 13, 2012"	"MidBugsC_WetDay +"	30	silt	LowFire	150	0	20	85	5	OldForest	150	20	5	100	5	0	ft	""
WD	wepp-3205	"09:39 am  Friday January 13, 2012"	"MidBugsC_WetDay +"	30	silt	LowFire	150	0	20	85	5	OldForest	30	20	5	100	5	0	ft	""
WD	wepp-3226	"09:39 am  Friday January 13, 2012"	"MidBugsC_WetDay +"	30	silt	LowFire	150	0	20	85	5	OldForest	300	20	5	100	5	0	ft	""
WD	wepp-3404	"09:51 am  Friday January 13, 2012"	"MidBugsC_WetDay +"	30	silt	LowFire	300	0	30	85	5	OldForest	600	30	5	100	5	0	ft	""
WD	wepp-3425	"09:52 am  Friday January 13, 2012"	"MidBugsC_WetDay +"	30	silt	LowFire	300	0	30	85	5	OldForest	1000	30	5	100	5	0	ft	""
WD	wepp-3445	"09:52 am  Friday January 13, 2012"	"MidBugsC_WetDay +"	30	silt	LowFire	300	0	30	85	5	OldForest	300	30	5	100	5	0	ft	""
WD	wepp-3465	"09:53 am  Friday January 13, 2012"	"MidBugsC_WetDay +"	30	silt	LowFire	300	0	30	85	5	OldForest	600	30	5	100	5	0	ft	""
WD	wepp-3485	"09:54 am  Friday January 13, 2012"	"MidBugsC_WetDay +"	30	silt	OldForest	300	0	30	100	5	OldForest	600	30	5	100	5	0	ft	""
wt	wepp-3808	"Jan 13, 2012"	"MidBugsC_WetDay +"	volcanic	OldForest	0	30	150	100	5	OldForest	30	5	150	100	5	ft	""
wt	wepp-3828	"Jan 13, 2012"	"MidBugsC_WetDay +"	volcanic	LowFire	0	30	150	85	5	OldForest	30	5	150	100	5	ft	""
wt	wepp-3873	"Jan 13, 2012"	"MidBugsC_WetDay +"	alluvial	LowFire	0	30	150	85	5	OldForest	30	5	150	100	5	ft	""
