WR	wepp-12724	"09:04 am  Thursday January 12, 2012"	"DEER LODGE 3W MT"	30	sand	graveled	1000	6	15	5	48	5	48	50	outunrut	ft
WR	wepp-14016	"09:16 am  Thursday January 12, 2012"	"DEER LODGE 3W MT"	30	sand	graveled	30	1	15	5	20	1	0.3	20	outunrut	ft
WR	wepp-14108	"09:17 am  Thursday January 12, 2012"	"DEER LODGE 3W MT"	50	sand	graveled	30	1	15	5	20	1	0.3	20	outunrut	ft
WR	wepp-14151	"09:18 am  Thursday January 12, 2012"	"DEER LODGE 3W MT"	50	sand	graveled	30	1	15	5	20	1	0.3	20	outunrut	ft
WR	wepp-14329	"09:20 am  Thursday January 12, 2012"	"DEER LODGE 3W MT"	50	sand	graveled	1000	6	15	5	48	1	0.3	20	outunrut	ft
WR	wepp-14569	"09:22 am  Thursday January 12, 2012"	"DEER LODGE 3W MT"	50	sand	graveled	15	1	15	4	40	1	0.3	10	outunrut	ft
WR	wepp-2267	"08:59 am  Friday January 13, 2012"	"MFK Rock Creek +"	50	sand	graveled	1000	6	15	5	48	1	0.3	50	outunrut	ft
WR	wepp-2291	"08:59 am  Friday January 13, 2012"	"MFK Rock Creek +"	50	sand	graveled	1000	6	15	5	48	1	0.3	50	outunrut	ft
WR	wepp-2466	"09:09 am  Friday January 13, 2012"	"MFK Rock Cr +"	50	sand	graveled	30	1	15	5	20	1	0.3	20	outunrut	ft
WR	wepp-2530	"09:11 am  Friday January 13, 2012"	"MFK Rock Cr +"	50	sand	graveled	15	1	15	15	40	1	0.3	10	outunrut	ft
WR	wepp-2648	"09:14 am  Friday January 13, 2012"	"WFK Ross Cr +"	50	sand	graveled	430	3	15	1.5	80	1	0.3	20	outunrut	ft
WR	wepp-2890	"09:21 am  Friday January 13, 2012"	"WFK Ross Cr +"	50	sand	native	3	1	20	15	80	1	0.3	0	outunrut	ft
WR	wepp-24683	"08:03 am  Tuesday January 17, 2012"	"Galena Gulch +"	50	sand	native	75	9	3	1	0.3	15	80	70	outrut	ft
WR	wepp-24704	"08:03 am  Tuesday January 17, 2012"	"Galena Gulch +"	50	sand	native	75	9	3	1	0.3	15	80	70	outrut	ft
WR	wepp-24728	"08:04 am  Tuesday January 17, 2012"	"Galena Gulch +"	50	sand	native	75	9	3	1	0.3	15	80	70	outrut	ft
WR	wepp-25445	"08:47 am  Tuesday January 17, 2012"	"Galena Gulch +"	50	sand	native	300	9	1	1	0.3	45	25	1	outrut	ft
WR	wepp-25715	"09:02 am  Tuesday January 17, 2012"	"Galena Gulch +"	50	sand	native	375	11	1	1	0.3	70	50	5	outrut	ft
WR	wepp-25908	"09:17 am  Tuesday January 17, 2012"	"Galena Gulch +"	50	sand	native	125	5	1	1	0.3	50	40	5	outrut	ft
WR	wepp-26474	"09:51 am  Tuesday January 17, 2012"	"Galena Gulch +"	50	sand	native	175	6	2	1	0.3	35	40	2	outrut	ft
WR	wepp-26523	"09:56 am  Tuesday January 17, 2012"	"Galena Gulch +"	50	sand	native	175	6	2	1	0.3	35	40	2	outrut	ft
WR	wepp-26571	"09:58 am  Tuesday January 17, 2012"	"Galena Gulch +"	50	sand	native	150	8	12	1	0.3	50	50	2	outunrut	ft
WR	wepp-26590	"09:58 am  Tuesday January 17, 2012"	"Galena Gulch +"	50	sand	native	150	8	12	1	0.3	50	50	25	outunrut	ft
WR	wepp-26633	"10:01 am  Tuesday January 17, 2012"	"Galena Gulch +"	50	sand	native	185	11	12	1	0.3	50	26	5	outunrut	ft
WR	wepp-27128	"10:32 am  Tuesday January 17, 2012"	"N. Boulder +"	50	clay	native	100	1	15	1	0.3	30	1	1	outunrut	ft
WR	wepp-27227	"10:37 am  Tuesday January 17, 2012"	"N. Boulder +"	50	sand	graveled	100	2	12	1	0.3	45	60	70	outunrut	ft
WR	wepp-28285	"11:56 am  Tuesday January 17, 2012"	"Galena Gulch +"	50	sand	native	30	4	1	1	0.3	30	35	2	outrut	ft
WR	wepp-28387	"12:03 pm  Tuesday January 17, 2012"	"S Boulder +"	50	sand	native	5	3	5	10	30	1	0.3	2	outunrut	ft
WR	wepp-28407	"12:04 pm  Tuesday January 17, 2012"	"S Boulder +"	50	sand	native	5	3	5	1	0.3	10	30	2	outunrut	ft
WR	wepp-28428	"12:04 pm  Tuesday January 17, 2012"	"S Boulder +"	50	sand	native	5	3	5	10	30	1	0.3	2	outunrut	ft
WR	wepp-28605	"12:25 pm  Tuesday January 17, 2012"	"N. Boulder +"	50	sand	native	200	4	8	1	0.3	10	40	50	outunrut	ft
WR	wepp-28672	"12:30 pm  Tuesday January 17, 2012"	"S Boulder +"	50	sand	native	1000	5	2	1	0.3	48	11	5	outrut	ft
WR	wepp-28693	"12:31 pm  Tuesday January 17, 2012"	"S Boulder +"	50	sand	native	1000	5	1.5	1	0.3	48	11	5	outrut	ft
WR	wepp-28940	"12:59 pm  Tuesday January 17, 2012"	"S Boulder +"	50	sand	native	1000	5	1.5	1	0.3	48	11	5	outrut	ft
WR	wepp-29120	"01:16 pm  Tuesday January 17, 2012"	"S Boulder +"	50	sand	native	100	8	15	5	25	1	0.3	20	outrut	ft
WR	wepp-29140	"01:16 pm  Tuesday January 17, 2012"	"S Boulder +"	50	sand	native	100	8	10	5	25	1	0.3	20	outrut	ft
WR	wepp-29188	"01:20 pm  Tuesday January 17, 2012"	"N. Boulder +"	50	sand	graveled	20	1	15	1	0.3	18	10	30	outunrut	ft
WR	wepp-29450	"01:47 pm  Tuesday January 17, 2012"	"S Boulder +"	50	sand	graveled	10	1	8	1	0.3	1	10	10	inbare	ft
WR	wepp-29653	"02:01 pm  Tuesday January 17, 2012"	"S Boulder +"	50	sand	graveled	530	9	1.5	1	0.3	15	34	10	outrut	ft
WR	wepp-29701	"02:05 pm  Tuesday January 17, 2012"	"S Boulder +"	50	sand	native	1000	10	2	1	0.3	1	10	2	outrut	ft
WR	wepp-29723	"02:08 pm  Tuesday January 17, 2012"	"S Boulder +"	50	sand	native	10	1	8	1	0.3	1	1	30	inbare	ft
WR	wepp-29772	"02:09 pm  Tuesday January 17, 2012"	"S Boulder +"	50	sand	native	530	9	1.5	1	0.3	15	34	2	outrut	ft
WR	wepp-29846	"02:17 pm  Tuesday January 17, 2012"	"S Boulder +"	50	sand	graveled	35	1	10	15	33	10	30	10	outunrut	ft
WR	wepp-29870	"02:19 pm  Tuesday January 17, 2012"	"N. Boulder +"	50	sand	graveled	35	1	10	15	33	10	30	10	outunrut	ft
WR	wepp-29919	"02:19 pm  Tuesday January 17, 2012"	"N. Boulder +"	50	sand	graveled	35	1	10	15	33	10	30	10	outunrut	ft
WR	wepp-30017	"02:31 pm  Tuesday January 17, 2012"	"Galena Gulch +"	50	sand	graveled	10	3	1	1	0.3	10	33	5	outrut	ft
WR	wepp-30065	"02:38 pm  Tuesday January 17, 2012"	"Galena Gulch +"	50	sand	native	1000	8	1.5	1	0.3	45	11	1	outrut	ft
WR	wepp-30189	"02:46 pm  Tuesday January 17, 2012"	"Galena Gulch +"	50	sand	native	75	6	12	1	0.3	20	19	1	outunrut	ft
WR	wepp-30209	"02:46 pm  Tuesday January 17, 2012"	"Galena Gulch +"	50	sand	native	75	6	12	1	0.3	20	19	3	outunrut	ft
WR	wepp-9632	"08:56 am  Wednesday January 18, 2012"	"S Boulder +"	50	sand	graveled	45	1	15	1	0.3	45	60	50	inveg	ft
WR	wepp-9654	"08:58 am  Wednesday January 18, 2012"	"S Boulder +"	50	sand	graveled	45	1	10	1	0.3	45	60	50	outrut	ft
WR	wepp-9701	"08:58 am  Wednesday January 18, 2012"	"S Boulder +"	50	sand	graveled	45	1	15	1	0.3	45	60	50	inveg	ft
WR	wepp-9822	"09:06 am  Wednesday January 18, 2012"	"N. Boulder +"	50	sand	graveled	50	1	15	2	30	20	4	20	inveg	ft
WR	wepp-9955	"09:13 am  Wednesday January 18, 2012"	"N. Boulder +"	50	sand	graveled	50	1	15	2	30	20	4	20	inveg	ft
WR	wepp-10228	"09:18 am  Wednesday January 18, 2012"	"Galena Gulch +"	50	sand	native	200	10	2	1	0.3	30	22	60	outrut	ft
WR	wepp-10624	"09:36 am  Wednesday January 18, 2012"	"Galena Gulch +"	50	sand	native	50	3	5	1	0.3	40	50	2	outrut	ft
WR	wepp-10811	"09:58 am  Wednesday January 18, 2012"	"N. Boulder +"	50	sand	graveled	45	1	5	20	75	1	0.3	75	outunrut	ft
WR	wepp-10880	"10:03 am  Wednesday January 18, 2012"	"N. Boulder +"	50	sand	graveled	30	6	15	1	0.3	10	60	5	inveg	ft
WR	wepp-10969	"10:09 am  Wednesday January 18, 2012"	"N. Boulder +"	50	sand	graveled	35	7	15	13	70	1	0.3	20	outunrut	ft
WR	wepp-11108	"10:26 am  Wednesday January 18, 2012"	"S Boulder +"	50	sand	graveled	25	1	1	1	0.3	105	65	50	outrut	ft
WR	wepp-11176	"10:32 am  Wednesday January 18, 2012"	"S Boulder +"	50	sand	graveled	20	1	2	70	70	1	0.3	50	outunrut	ft
WR	wepp-170515	"10:06 am  Tuesday February 14, 2017"	"Greenhow Low +"	30	sand	native	396	7	20	50	27	130	25	5	inbare	ft
WR	wepp-170641	"10:10 am  Tuesday February 14, 2017"	"Greenhow Low +"	30	sand	native	396	7	20	50	27	130	25	20	inbare	ft
WR	wepp-170689	"10:15 am  Tuesday February 14, 2017"	"Greenhow Low +"	30	sand	native	396	7	20	50	27	130	25	20	inbare	ft
WR	wepp-170740	"10:18 am  Tuesday February 14, 2017"	"Greenhow Low +"	30	sand	native	396	7	20	50	27	130	25	5	inbare	ft
WR	wepp-170780	"10:19 am  Tuesday February 14, 2017"	"Greenhow Low +"	30	sand	native	396	7	20	50	27	130	25	5	inbare	ft
WR	wepp-170839	"10:21 am  Tuesday February 14, 2017"	"Greenhow Low +"	30	sand	native	607	7	20	50	27	130	25	5	inbare	ft
WR	wepp-170879	"10:22 am  Tuesday February 14, 2017"	"Greenhow Low +"	30	sand	native	607	7	20	50	27	130	25	5	inbare	ft
WR	wepp-171222	"10:24 am  Tuesday February 14, 2017"	"Greenhow Low +"	30	sand	native	260	5	12	5	45	130	25	5	inbare	ft
WR	wepp-171915	"10:27 am  Tuesday February 14, 2017"	"Greenhow Low +"	30	sand	native	260	5	12	5	45	130	25	5	inbare	ft
WR	wepp-172241	"10:28 am  Tuesday February 14, 2017"	"Greenhow Low +"	30	sand	native	260	5	12	5	45	130	25	5	inveg	ft
WR	wepp-172427	"10:30 am  Tuesday February 14, 2017"	"Greenhow Low +"	30	sand	native	260	5	12	5	45	130	25	5	inveg	ft
WR	wepp-172478	"10:31 am  Tuesday February 14, 2017"	"Greenhow Low +"	30	sand	native	396	7	20	50	27	130	25	5	inbare	ft
WR	wepp-172515	"10:32 am  Tuesday February 14, 2017"	"Greenhow Low +"	30	sand	native	396	7	20	50	27	130	25	5	inbare	ft
WR	wepp-172649	"10:33 am  Tuesday February 14, 2017"	"Greenhow Low +"	30	sand	native	607	7	20	50	27	130	25	5	inbare	ft
WR	wepp-172872	"10:34 am  Tuesday February 14, 2017"	"Greenhow Low +"	30	sand	native	607	7	20	50	27	130	25	5	inbare	ft
WR	wepp-173129	"10:35 am  Tuesday February 14, 2017"	"Greenhow Low +"	30	sand	native	260	5	12	5	45	130	25	5	inveg	ft
WR	wepp-173294	"10:35 am  Tuesday February 14, 2017"	"Greenhow Low +"	30	sand	native	260	5	12	5	45	130	25	5	inveg	ft
WR	wepp-173862	"10:37 am  Tuesday February 14, 2017"	"Greenhow Low +"	30	sand	native	167	6	15	5	67	130	25	5	outrut	ft
WR	wepp-174233	"10:38 am  Tuesday February 14, 2017"	"Greenhow Low +"	30	sand	native	167	6	15	5	67	130	25	5	outrut	ft
WR	wepp-174752	"10:39 am  Tuesday February 14, 2017"	"Greenhorn High +"	30	sand	native	50	7	12	20	27	130	25	5	inveg	ft
WR	wepp-175838	"10:45 am  Tuesday February 14, 2017"	"Greenhorn High +"	30	sand	native	50	7	12	20	27	130	25	5	inveg	ft
WR	wepp-175878	"10:46 am  Tuesday February 14, 2017"	"Greenhorn High +"	30	sand	native	102	7	12	20	27	130	25	5	inveg	ft
WR	wepp-175917	"10:47 am  Tuesday February 14, 2017"	"Greenhorn High +"	30	sand	native	102	7	12	20	27	130	25	5	inveg	ft
WR	wepp-183145	"01:29 pm  Tuesday February 14, 2017"	""	1			0	0	0	0	0	0	0	0		
