WE	wepp-30628	"07:07 am  Monday August 20, 2012"	"Deer Hollow +"	loam	20	forest	0	45	20	500	h			ft
WE	wepp-30765	"07:14 am  Monday August 20, 2012"	"Deer Hollow +"	loam	20	forest	40	30	20	100	m			ft
WE	wepp-30880	"07:16 am  Monday August 20, 2012"	"Deer Hollow +"	loam	20	forest	40	30	20	1000	m			ft
WE	wepp-30950	"07:18 am  Monday August 20, 2012"	"Deer Hollow +"	loam	20	range	30	30	20	1000	m	20	75	ft
WE	wepp-31021	"07:18 am  Monday August 20, 2012"	"Deer Hollow +"	loam	20	range	30	30	20	1000	m	25	55	ft
WE	wepp-31150	"07:27 am  Monday August 20, 2012"	"Deer Hollow +"	loam	20	forest	40	40	20	1000	m			ft
WE	wepp-31220	"07:27 am  Monday August 20, 2012"	"Deer Hollow +"	loam	20	forest	40	40	20	500	m			ft
WE	wepp-31290	"07:28 am  Monday August 20, 2012"	"Deer Hollow +"	loam	20	forest	40	40	20	500	h			ft
WE	wepp-31457	"07:35 am  Monday August 20, 2012"	"Deer Hollow +"	loam	20	forest	40	40	20	100	h			ft
WE	wepp-31547	"07:36 am  Monday August 20, 2012"	"Deer Hollow +"	loam	20	forest	40	40	20	100	h			ft
WE	wepp-31637	"07:38 am  Monday August 20, 2012"	"Deer Hollow +"	loam	20	forest	40	40	20	1000	h			ft
WE	wepp-31766	"07:43 am  Monday August 20, 2012"	"Deer Hollow +"	loam	20	forest	40	30	20	1000	m			ft
WE	wepp-31836	"07:44 am  Monday August 20, 2012"	"Deer Hollow +"	loam	20	forest	40	30	20	1000	h			ft
WE	wepp-32087	"07:45 am  Monday August 20, 2012"	"Deer Hollow +"	loam	20	range	30	30	20	1000	m	40	40	ft
WE	wepp-32160	"07:47 am  Monday August 20, 2012"	"Deer Hollow +"	clay	20	range	30	30	20	1000	m	40	40	ft
WE	wepp-32230	"07:48 am  Monday August 20, 2012"	"Deer Hollow +"	clay	20	range	30	30	20	1000	l	40	40	ft
WE	wepp-32280	"07:48 am  Monday August 20, 2012"	"Deer Hollow +"	loam	20	range	30	30	20	1000	l	40	40	ft
WE	wepp-32358	"07:50 am  Monday August 20, 2012"	"Deer Hollow +"	loam	20	range	30	30	20	1000	l	25	55	ft
WE	wepp-29760	"02:24 pm  Saturday August 25, 2012"	"CaveCanyonBAER +"	silt	5	range	40	30	10	500	m	40	50	ft
WE	wepp-29829	"02:24 pm  Saturday August 25, 2012"	"CaveCanyonBAER +"	silt	10	forest	40	30	15	500	m			ft
WE	wepp-29898	"02:25 pm  Saturday August 25, 2012"	"CaveCanyonBAER +"	silt	10	forest	30	20	5	500	l			ft
WE	wepp-29947	"02:25 pm  Saturday August 25, 2012"	"CaveCanyonBAER +"	silt	5	forest	40	20	5	200	l			ft
WE	wepp-29996	"02:25 pm  Saturday August 25, 2012"	"CaveCanyonBAER +"	silt	5	range	30	20	10	300	l	40	40	ft
WE	wepp-30045	"02:25 pm  Saturday August 25, 2012"	"CaveCanyonBAER +"	silt	5	forest	40	20	5	500	m			ft
WE	wepp-30114	"02:25 pm  Saturday August 25, 2012"	"CaveCanyonBAER +"	silt	5	range	10	5	3	200	l	15	75	ft
WE	wepp-30163	"02:25 pm  Saturday August 25, 2012"	"CaveCanyonBAER +"	silt	10	range	30	20	5	100	l	30	60	ft
WE	wepp-30212	"02:26 pm  Saturday August 25, 2012"	"CaveCanyonBAER +"	silt	10	range	30	20	5	500	l	40	40	ft
WE	wepp-30261	"02:26 pm  Saturday August 25, 2012"	"CaveCanyonBAER +"	silt	10	forest	30	20	5	500	l			ft
WE	wepp-30310	"02:26 pm  Saturday August 25, 2012"	"CaveCanyonBAER +"	silt	5	range	10	5	3	100	l	30	60	ft
WE	wepp-30359	"02:26 pm  Saturday August 25, 2012"	"CaveCanyonBAER +"	silt	5	forest	30	10	5	500	l			ft
WE	wepp-30408	"02:26 pm  Saturday August 25, 2012"	"CaveCanyonBAER +"	silt	10	forest	10	10	10	300	m			ft
WE	wepp-30477	"02:26 pm  Saturday August 25, 2012"	"CaveCanyonBAER +"	silt	10	forest	10	10	5	200	m			ft
WE	wepp-30546	"02:27 pm  Saturday August 25, 2012"	"CaveCanyonBAER +"	silt	5	range	30	30	30	500	m	30	40	ft
WE	wepp-30615	"02:27 pm  Saturday August 25, 2012"	"CaveCanyonBAER +"	silt	5	range	40	20	20	500	m	30	40	ft
WE	wepp-30684	"02:27 pm  Saturday August 25, 2012"	"CaveCanyonBAER +"	silt	5	range	20	15	5	500	m	25	55	ft
WE	wepp-30753	"02:27 pm  Saturday August 25, 2012"	"CaveCanyonBAER +"	silt	5	range	10	10	10	300	m	40	40	ft
WE	wepp-30849	"02:27 pm  Saturday August 25, 2012"	"CaveCanyonBAER +"	silt	5	range	20	20	10	500	m	40	40	ft
WE	wepp-30918	"02:27 pm  Saturday August 25, 2012"	"CaveCanyonBAER +"	silt	5	forest	20	10	10	300	m			ft
WE	wepp-30988	"02:28 pm  Saturday August 25, 2012"	"CaveCanyonBAER +"	silt	10	forest	30	20	10	500	m			ft
WE	wepp-31057	"02:28 pm  Saturday August 25, 2012"	"CaveCanyonBAER +"	silt	10	forest	10	5	5	400	m			ft
WE	wepp-31126	"02:28 pm  Saturday August 25, 2012"	"CaveCanyonBAER +"	silt	5	range	20	15	10	200	l	40	40	ft
WE	wepp-31175	"02:28 pm  Saturday August 25, 2012"	"CaveCanyonBAER +"	silt	10	forest	20	20	20	400	m			ft
WE	wepp-31244	"02:29 pm  Saturday August 25, 2012"	"CaveCanyonBAER +"	silt	5	forest	25	20	20	500	l			ft
WE	wepp-31293	"02:29 pm  Saturday August 25, 2012"	"CaveCanyonBAER +"	silt	10	forest	10	10	5	400	m			ft
WE	wepp-31362	"02:29 pm  Saturday August 25, 2012"	"CaveCanyonBAER +"	silt	10	forest	15	10	5	500	m			ft
WE	wepp-31431	"02:29 pm  Saturday August 25, 2012"	"CaveCanyonBAER +"	silt	10	forest	10	10	5	600	m			ft
WE	wepp-31500	"02:30 pm  Saturday August 25, 2012"	"CaveCanyonBAER +"	silt	10	forest	40	20	20	800	m			ft
WE	wepp-31588	"02:30 pm  Saturday August 25, 2012"	"CaveCanyonBAER +"	silt	5	forest	10	10	5	200	m			ft
WE	wepp-31657	"02:30 pm  Saturday August 25, 2012"	"CaveCanyonBAER +"	silt	5	forest	10	5	5	400	m			ft
WE	wepp-31726	"02:30 pm  Saturday August 25, 2012"	"CaveCanyonBAER +"	silt	10	forest	40	20	20	600	l			ft
WE	wepp-31775	"02:30 pm  Saturday August 25, 2012"	"CaveCanyonBAER +"	silt	5	range	40	20	20	800	l	40	40	ft
WE	wepp-31824	"02:31 pm  Saturday August 25, 2012"	"CaveCanyonBAER +"	silt	5	forest	40	20	20	1000	l			ft
WE	wepp-31873	"02:31 pm  Saturday August 25, 2012"	"CaveCanyonBAER +"	silt	10	forest	10	5	5	800	l			ft
WE	wepp-31922	"02:31 pm  Saturday August 25, 2012"	"CaveCanyonBAER +"	silt	5	forest	10	5	5	600	l			ft
WE	wepp-31971	"02:31 pm  Saturday August 25, 2012"	"CaveCanyonBAER +"	silt	5	forest	10	10	10	800	l			ft
WE	wepp-32020	"02:31 pm  Saturday August 25, 2012"	"CaveCanyonBAER +"	silt	5	forest	5	5	5	300	l			ft
WE	wepp-32069	"02:31 pm  Saturday August 25, 2012"	"CaveCanyonBAER +"	silt	5	forest	20	20	10	600	l			ft
WE	wepp-32121	"02:32 pm  Saturday August 25, 2012"	"CaveCanyonBAER +"	silt	5	range	20	20	7	400	l	40	40	ft
WE	wepp-32170	"02:32 pm  Saturday August 25, 2012"	"CaveCanyonBAER +"	silt	5	range	15	20	10	800	l	40	20	ft
WE	wepp-32219	"02:32 pm  Saturday August 25, 2012"	"CaveCanyonBAER +"	silt	5	range	30	20	20	500	l	50	20	ft
WE	wepp-32268	"02:32 pm  Saturday August 25, 2012"	"CaveCanyonBAER +"	silt	10	forest	30	20	20	800	m			ft
WE	wepp-32337	"02:32 pm  Saturday August 25, 2012"	"CaveCanyonBAER +"	silt	5	range	10	10	10	900	m	40	30	ft
WE	wepp-32435	"02:32 pm  Saturday August 25, 2012"	"CaveCanyonBAER +"	silt	5	range	20	20	10	700	m	40	30	ft
WE	wepp-32504	"02:32 pm  Saturday August 25, 2012"	"CaveCanyonBAER +"	silt	5	range	10	20	10	800	l	40	30	ft
WE	wepp-32553	"02:33 pm  Saturday August 25, 2012"	"CaveCanyonBAER +"	silt	5	range	15	20	10	400	l	40	40	ft
WE	wepp-32602	"02:33 pm  Saturday August 25, 2012"	"CaveCanyonBAER +"	silt	10	forest	20	25	15	600	m			ft
WE	wepp-32671	"02:33 pm  Saturday August 25, 2012"	"CaveCanyonBAER +"	silt	5	range	15	20	10	500	m	40	40	ft
WE	wepp-32740	"02:33 pm  Saturday August 25, 2012"	"CaveCanyonBAER +"	silt	5	range	5	10	5	400	l	40	40	ft
WE	wepp-321	"02:33 pm  Saturday August 25, 2012"	"CaveCanyonBAER +"	silt	5	range	15	20	10	600	l	40	30	ft
WE	wepp-370	"02:33 pm  Saturday August 25, 2012"	"CaveCanyonBAER +"	silt	5	range	10	20	10	500	l	40	30	ft
WE	wepp-419	"02:33 pm  Saturday August 25, 2012"	"CaveCanyonBAER +"	silt	5	forest	20	25	15	600	l			ft
WE	wepp-603	"02:39 pm  Saturday August 25, 2012"	"CaveCanyonBAER +"	silt	10	forest	40	30	15	500	m			ft
WE	wepp-673	"02:39 pm  Saturday August 25, 2012"	"CaveCanyonBAER +"	silt	10	forest	30	20	5	500	l			ft
WE	wepp-722	"02:39 pm  Saturday August 25, 2012"	"CaveCanyonBAER +"	silt	5	forest	40	20	5	200	l			ft
WE	wepp-771	"02:39 pm  Saturday August 25, 2012"	"CaveCanyonBAER +"	silt	5	forest	40	20	5	500	m			ft
WE	wepp-840	"02:39 pm  Saturday August 25, 2012"	"CaveCanyonBAER +"	silt	10	forest	30	20	5	500	l			ft
WE	wepp-889	"02:40 pm  Saturday August 25, 2012"	"CaveCanyonBAER +"	silt	5	forest	30	10	5	500	l			ft
WE	wepp-938	"02:40 pm  Saturday August 25, 2012"	"CaveCanyonBAER +"	silt	10	forest	10	10	10	300	m			ft
WE	wepp-1007	"02:40 pm  Saturday August 25, 2012"	"CaveCanyonBAER +"	silt	10	forest	10	10	5	200	m			ft
WE	wepp-1081	"02:40 pm  Saturday August 25, 2012"	"CaveCanyonBAER +"	silt	5	forest	20	10	10	300	m			ft
WE	wepp-1215	"02:41 pm  Saturday August 25, 2012"	"CaveCanyonBAER +"	silt	10	forest	30	20	10	500	m			ft
WE	wepp-1286	"02:41 pm  Saturday August 25, 2012"	"CaveCanyonBAER +"	silt	10	forest	10	5	5	400	m			ft
WE	wepp-1356	"02:41 pm  Saturday August 25, 2012"	"CaveCanyonBAER +"	silt	10	forest	20	20	20	400	m			ft
WE	wepp-1428	"02:41 pm  Saturday August 25, 2012"	"CaveCanyonBAER +"	silt	5	forest	25	20	20	500	l			ft
WE	wepp-1477	"02:41 pm  Saturday August 25, 2012"	"CaveCanyonBAER +"	silt	10	forest	10	10	5	400	m			ft
WE	wepp-1546	"02:42 pm  Saturday August 25, 2012"	"CaveCanyonBAER +"	silt	10	forest	15	10	5	500	m			ft
WE	wepp-1615	"02:42 pm  Saturday August 25, 2012"	"CaveCanyonBAER +"	silt	10	forest	10	10	5	600	m			ft
WE	wepp-1684	"02:42 pm  Saturday August 25, 2012"	"CaveCanyonBAER +"	silt	10	forest	40	20	20	800	m			ft
WE	wepp-1848	"02:42 pm  Saturday August 25, 2012"	"CaveCanyonBAER +"	silt	5	forest	10	10	5	200	m			ft
WE	wepp-1919	"02:43 pm  Saturday August 25, 2012"	"CaveCanyonBAER +"	silt	5	forest	10	5	5	400	m			ft
WE	wepp-1988	"02:43 pm  Saturday August 25, 2012"	"CaveCanyonBAER +"	silt	10	forest	40	20	20	600	l			ft
WE	wepp-2039	"02:43 pm  Saturday August 25, 2012"	"CaveCanyonBAER +"	silt	5	forest	40	20	20	1000	l			ft
WE	wepp-2090	"02:43 pm  Saturday August 25, 2012"	"CaveCanyonBAER +"	silt	10	forest	10	5	5	800	l			ft
WE	wepp-2139	"02:43 pm  Saturday August 25, 2012"	"CaveCanyonBAER +"	silt	5	forest	10	5	5	600	l			ft
WE	wepp-2188	"02:43 pm  Saturday August 25, 2012"	"CaveCanyonBAER +"	silt	5	forest	10	10	10	800	l			ft
WE	wepp-2237	"02:44 pm  Saturday August 25, 2012"	"CaveCanyonBAER +"	silt	5	forest	5	5	5	300	l			ft
WE	wepp-2286	"02:44 pm  Saturday August 25, 2012"	"CaveCanyonBAER +"	silt	5	forest	20	20	10	600	l			ft
WE	wepp-2335	"02:44 pm  Saturday August 25, 2012"	"CaveCanyonBAER +"	silt	10	forest	30	20	20	800	m			ft
WE	wepp-2404	"02:44 pm  Saturday August 25, 2012"	"CaveCanyonBAER +"	silt	10	forest	20	25	15	600	m			ft
WE	wepp-2476	"02:44 pm  Saturday August 25, 2012"	"CaveCanyonBAER +"	silt	5	forest	20	25	15	600	l			ft
WE	wepp-2533	"02:45 pm  Saturday August 25, 2012"	"CaveCanyonBAER +"	silt	5	range	40	30	10	500	m	40	50	ft
WE	wepp-2626	"02:45 pm  Saturday August 25, 2012"	"CaveCanyonBAER +"	silt	5	range	30	20	10	300	l	40	40	ft
WE	wepp-2678	"02:45 pm  Saturday August 25, 2012"	"CaveCanyonBAER +"	silt	5	range	10	5	3	200	l	15	75	ft
WE	wepp-2735	"02:45 pm  Saturday August 25, 2012"	"CaveCanyonBAER +"	silt	10	range	30	20	5	100	l	30	60	ft
WE	wepp-2785	"02:45 pm  Saturday August 25, 2012"	"CaveCanyonBAER +"	silt	10	range	30	20	5	500	l	40	40	ft
WE	wepp-2834	"02:45 pm  Saturday August 25, 2012"	"CaveCanyonBAER +"	silt	5	range	10	5	3	100	l	30	60	ft
WE	wepp-2883	"02:45 pm  Saturday August 25, 2012"	"CaveCanyonBAER +"	silt	5	range	30	30	30	500	m	30	40	ft
WE	wepp-2952	"02:45 pm  Saturday August 25, 2012"	"CaveCanyonBAER +"	silt	5	range	40	20	20	500	m	30	40	ft
WE	wepp-3021	"02:46 pm  Saturday August 25, 2012"	"CaveCanyonBAER +"	silt	5	range	20	15	5	500	m	25	55	ft
WE	wepp-3090	"02:46 pm  Saturday August 25, 2012"	"CaveCanyonBAER +"	silt	5	range	10	10	10	300	m	40	40	ft
WE	wepp-3159	"02:46 pm  Saturday August 25, 2012"	"CaveCanyonBAER +"	silt	5	range	20	20	10	500	m	40	40	ft
WE	wepp-3228	"02:46 pm  Saturday August 25, 2012"	"CaveCanyonBAER +"	silt	5	range	20	15	10	200	l	40	40	ft
WE	wepp-3277	"02:46 pm  Saturday August 25, 2012"	"CaveCanyonBAER +"	silt	5	range	40	20	20	800	l	40	40	ft
WE	wepp-3326	"02:46 pm  Saturday August 25, 2012"	"CaveCanyonBAER +"	silt	5	range	20	20	7	400	l	40	40	ft
WE	wepp-3375	"02:47 pm  Saturday August 25, 2012"	"CaveCanyonBAER +"	silt	5	range	15	20	10	800	l	40	20	ft
WE	wepp-3424	"02:47 pm  Saturday August 25, 2012"	"CaveCanyonBAER +"	silt	5	range	30	20	20	500	l	50	20	ft
WE	wepp-3473	"02:47 pm  Saturday August 25, 2012"	"CaveCanyonBAER +"	silt	5	range	10	10	10	900	m	40	30	ft
WE	wepp-3542	"02:47 pm  Saturday August 25, 2012"	"CaveCanyonBAER +"	silt	5	range	20	20	10	700	m	40	30	ft
WE	wepp-3611	"02:47 pm  Saturday August 25, 2012"	"CaveCanyonBAER +"	silt	5	range	10	20	10	800	l	40	30	ft
WE	wepp-3687	"02:47 pm  Saturday August 25, 2012"	"CaveCanyonBAER +"	silt	5	range	15	20	10	400	l	40	40	ft
WE	wepp-3736	"02:48 pm  Saturday August 25, 2012"	"CaveCanyonBAER +"	silt	5	range	15	20	10	500	m	40	40	ft
WE	wepp-3805	"02:48 pm  Saturday August 25, 2012"	"CaveCanyonBAER +"	silt	5	range	5	10	5	400	l	40	40	ft
WE	wepp-3854	"02:48 pm  Saturday August 25, 2012"	"CaveCanyonBAER +"	silt	5	range	15	20	10	600	l	40	30	ft
WE	wepp-3903	"02:48 pm  Saturday August 25, 2012"	"CaveCanyonBAER +"	silt	5	range	10	20	10	500	l	40	30	ft
WE	wepp-3982	"02:52 pm  Saturday August 25, 2012"	"CaveCanyonBAER +"	silt	10	forest	40	30	15	500	m			ft
WE	wepp-4078	"02:53 pm  Saturday August 25, 2012"	"CaveCanyonBAER +"	silt	10	forest	30	20	5	500	l			ft
WE	wepp-4127	"02:53 pm  Saturday August 25, 2012"	"CaveCanyonBAER +"	silt	5	forest	40	20	5	200	l			ft
WE	wepp-4176	"02:53 pm  Saturday August 25, 2012"	"CaveCanyonBAER +"	silt	5	forest	40	20	5	500	m			ft
WE	wepp-4246	"02:53 pm  Saturday August 25, 2012"	"CaveCanyonBAER +"	silt	10	forest	30	20	5	500	l			ft
WE	wepp-4295	"02:53 pm  Saturday August 25, 2012"	"CaveCanyonBAER +"	silt	5	forest	30	10	5	500	l			ft
WE	wepp-4344	"02:53 pm  Saturday August 25, 2012"	"CaveCanyonBAER +"	silt	10	forest	10	10	10	300	m			ft
WE	wepp-4413	"02:54 pm  Saturday August 25, 2012"	"CaveCanyonBAER +"	silt	10	forest	10	10	5	200	m			ft
WE	wepp-4482	"02:54 pm  Saturday August 25, 2012"	"CaveCanyonBAER +"	silt	5	forest	20	10	10	300	m			ft
WE	wepp-4551	"02:54 pm  Saturday August 25, 2012"	"CaveCanyonBAER +"	silt	10	forest	30	20	10	500	m			ft
WE	wepp-4620	"02:54 pm  Saturday August 25, 2012"	"CaveCanyonBAER +"	silt	10	forest	10	5	5	400	m			ft
WE	wepp-4689	"02:55 pm  Saturday August 25, 2012"	"CaveCanyonBAER +"	silt	10	forest	20	20	20	400	m			ft
WE	wepp-4758	"02:55 pm  Saturday August 25, 2012"	"CaveCanyonBAER +"	silt	5	forest	25	20	20	500	l			ft
WE	wepp-4807	"02:55 pm  Saturday August 25, 2012"	"CaveCanyonBAER +"	silt	10	forest	10	10	5	400	m			ft
WE	wepp-4876	"02:55 pm  Saturday August 25, 2012"	"CaveCanyonBAER +"	silt	10	forest	15	10	5	500	m			ft
WE	wepp-4945	"02:55 pm  Saturday August 25, 2012"	"CaveCanyonBAER +"	silt	10	forest	10	10	5	600	m			ft
WE	wepp-5014	"02:56 pm  Saturday August 25, 2012"	"CaveCanyonBAER +"	silt	10	forest	40	20	20	800	m			ft
WE	wepp-5083	"02:56 pm  Saturday August 25, 2012"	"CaveCanyonBAER +"	silt	5	forest	10	10	5	200	m			ft
WE	wepp-5152	"02:56 pm  Saturday August 25, 2012"	"CaveCanyonBAER +"	silt	5	forest	10	5	5	400	m			ft
WE	wepp-5221	"02:56 pm  Saturday August 25, 2012"	"CaveCanyonBAER +"	silt	10	forest	40	20	20	600	l			ft
WE	wepp-5270	"02:57 pm  Saturday August 25, 2012"	"CaveCanyonBAER +"	silt	5	forest	40	20	20	1000	l			ft
WE	wepp-5319	"02:57 pm  Saturday August 25, 2012"	"CaveCanyonBAER +"	silt	10	forest	10	5	5	800	l			ft
WE	wepp-5368	"02:57 pm  Saturday August 25, 2012"	"CaveCanyonBAER +"	silt	5	forest	10	5	5	600	l			ft
WE	wepp-5417	"02:57 pm  Saturday August 25, 2012"	"CaveCanyonBAER +"	silt	5	forest	10	10	10	800	l			ft
WE	wepp-5466	"02:57 pm  Saturday August 25, 2012"	"CaveCanyonBAER +"	silt	5	forest	5	5	5	300	l			ft
WE	wepp-5515	"02:57 pm  Saturday August 25, 2012"	"CaveCanyonBAER +"	silt	5	forest	20	20	10	600	l			ft
WE	wepp-5591	"02:57 pm  Saturday August 25, 2012"	"CaveCanyonBAER +"	silt	10	forest	30	20	20	800	m			ft
WE	wepp-5660	"02:58 pm  Saturday August 25, 2012"	"CaveCanyonBAER +"	silt	10	forest	20	25	15	600	m			ft
WE	wepp-5729	"02:58 pm  Saturday August 25, 2012"	"CaveCanyonBAER +"	silt	5	forest	20	25	15	600	l			ft
WE	wepp-5778	"02:58 pm  Saturday August 25, 2012"	"CaveCanyonBAER +"	silt	5	range	40	30	10	500	m	40	50	ft
WE	wepp-5847	"02:58 pm  Saturday August 25, 2012"	"CaveCanyonBAER +"	silt	5	range	30	20	10	300	l	40	40	ft
WE	wepp-5896	"02:58 pm  Saturday August 25, 2012"	"CaveCanyonBAER +"	silt	5	range	10	5	3	200	l	15	75	ft
WE	wepp-5945	"02:59 pm  Saturday August 25, 2012"	"CaveCanyonBAER +"	silt	10	range	30	20	5	100	l	30	60	ft
WE	wepp-5994	"02:59 pm  Saturday August 25, 2012"	"CaveCanyonBAER +"	silt	10	range	30	20	5	500	l	40	40	ft
WE	wepp-6043	"02:59 pm  Saturday August 25, 2012"	"CaveCanyonBAER +"	silt	5	range	10	5	3	100	l	30	60	ft
WE	wepp-6092	"02:59 pm  Saturday August 25, 2012"	"CaveCanyonBAER +"	silt	5	range	30	30	30	500	m	30	40	ft
WE	wepp-6162	"02:59 pm  Saturday August 25, 2012"	"CaveCanyonBAER +"	silt	5	range	40	20	20	500	m	30	40	ft
WE	wepp-6231	"02:59 pm  Saturday August 25, 2012"	"CaveCanyonBAER +"	silt	5	range	20	15	5	500	m	25	55	ft
WE	wepp-6300	"02:59 pm  Saturday August 25, 2012"	"CaveCanyonBAER +"	silt	5	range	10	10	10	300	m	40	40	ft
WE	wepp-6388	"03:00 pm  Saturday August 25, 2012"	"CaveCanyonBAER +"	silt	5	range	20	20	10	500	m	40	40	ft
WE	wepp-6457	"03:00 pm  Saturday August 25, 2012"	"CaveCanyonBAER +"	silt	5	range	20	15	10	200	l	40	40	ft
WE	wepp-6506	"03:00 pm  Saturday August 25, 2012"	"CaveCanyonBAER +"	silt	5	range	40	20	20	800	l	40	40	ft
WE	wepp-6555	"03:00 pm  Saturday August 25, 2012"	"CaveCanyonBAER +"	silt	5	range	20	20	7	400	l	40	40	ft
WE	wepp-6604	"03:00 pm  Saturday August 25, 2012"	"CaveCanyonBAER +"	silt	5	range	15	20	10	800	l	40	20	ft
WE	wepp-6653	"03:00 pm  Saturday August 25, 2012"	"CaveCanyonBAER +"	silt	5	range	30	20	20	500	l	50	20	ft
WE	wepp-6702	"03:00 pm  Saturday August 25, 2012"	"CaveCanyonBAER +"	silt	5	range	10	10	10	900	m	40	30	ft
WE	wepp-6771	"03:01 pm  Saturday August 25, 2012"	"CaveCanyonBAER +"	silt	5	range	20	20	10	700	m	40	30	ft
WE	wepp-6840	"03:01 pm  Saturday August 25, 2012"	"CaveCanyonBAER +"	silt	5	range	10	20	10	800	l	40	30	ft
WE	wepp-6889	"03:01 pm  Saturday August 25, 2012"	"CaveCanyonBAER +"	silt	5	range	15	20	10	400	l	40	40	ft
WE	wepp-6938	"03:01 pm  Saturday August 25, 2012"	"CaveCanyonBAER +"	silt	5	range	15	20	10	500	m	40	40	ft
WE	wepp-7007	"03:01 pm  Saturday August 25, 2012"	"CaveCanyonBAER +"	silt	5	range	5	10	5	400	l	40	40	ft
WE	wepp-7056	"03:01 pm  Saturday August 25, 2012"	"CaveCanyonBAER +"	silt	5	range	15	20	10	600	l	40	30	ft
WE	wepp-7105	"03:01 pm  Saturday August 25, 2012"	"CaveCanyonBAER +"	silt	5	range	10	20	10	500	l	40	30	ft
WE	wepp-7456	"03:40 pm  Saturday August 25, 2012"	"CaveCanyonBAER +"	silt	5	forest	10	10	5	200	h			ft
WE	wepp-7546	"03:41 pm  Saturday August 25, 2012"	"CaveCanyonBAER +"	silt	5	forest	10	20	10	300	m			ft
WE	wepp-7616	"03:42 pm  Saturday August 25, 2012"	"CaveCanyonBAER +"	silt	5	forest	10	20	10	300	l			ft
WE	wepp-7693	"03:43 pm  Saturday August 25, 2012"	"CaveCanyonBAER +"	silt	10	forest	10	10	5	200	h			ft
WE	wepp-7785	"03:45 pm  Saturday August 25, 2012"	"CaveCanyonBAER +"	silt	10	forest	15	20	10	300	m			ft
WE	wepp-7874	"03:46 pm  Saturday August 25, 2012"	"CaveCanyonBAER +"	silt	5	forest	10	10	5	200	h			ft
WE	wepp-7968	"03:47 pm  Saturday August 25, 2012"	"CaveCanyonBAER +"	silt	5	forest	10	10	5	200	h			ft
WE	wepp-8058	"03:47 pm  Saturday August 25, 2012"	"CaveCanyonBAER +"	silt	5	forest	10	10	5	200	h			ft
WE	wepp-8175	"03:49 pm  Saturday August 25, 2012"	"CaveCanyonBAER +"	silt	5	forest	10	20	10	300	m			ft
WE	wepp-8245	"03:50 pm  Saturday August 25, 2012"	"CaveCanyonBAER +"	silt	5	forest	10	20	10	300	l			ft
WE	wepp-8295	"03:51 pm  Saturday August 25, 2012"	"CaveCanyonBAER +"	silt	10	forest	10	10	10	200	h			ft
WE	wepp-8415	"03:52 pm  Saturday August 25, 2012"	"CaveCanyonBAER +"	silt	10	forest	10	20	10	200	l			ft
WE	wepp-8492	"03:53 pm  Saturday August 25, 2012"	"CaveCanyonBAER +"	silt	5	range	10	20	10	200	h	30	30	ft
WE	wepp-8582	"03:55 pm  Saturday August 25, 2012"	"CaveCanyonBAER +"	silt	5	range	20	30	10	200	h	30	30	ft
WE	wepp-8672	"03:56 pm  Saturday August 25, 2012"	"CaveCanyonBAER +"	silt	5	range	40	30	10	500	m	40	30	ft
WE	wepp-8769	"03:58 pm  Saturday August 25, 2012"	"CaveCanyonBAER +"	silt	5	range	30	30	20	500	h	40	40	ft
WE	wepp-8860	"03:59 pm  Saturday August 25, 2012"	"CaveCanyonBAER +"	silt	5	range	30	30	20	500	m	40	40	ft
