WR	wepp-157266	"09:38 am  Friday July 22, 2016"	"Elk River ID +"	30	silt	graveled	200	4	20	15	10	500	10	20	outunrut	ft
WR	wepp-157361	"09:40 am  Friday July 22, 2016"	"Elk River ID +"	30	silt	graveled	200	2	20	15	5	500	2	40	outunrut	ft
WE	wepp-18437	"01:56 pm  Wednesday July 27, 2016"	"Elk River ID +"	silt	20	forest	0	50	30	300	m			ft
WD	wepp-18633	"01:58 pm  Wednesday July 27, 2016"	"Elk River ID +"	10	silt	HighFire	200	0	50	45	20	HighFire	200	50	5	45	20	0	ft	""
WD	wepp-18673	"01:58 pm  Wednesday July 27, 2016"	"Elk River ID +"	50	silt	HighFire	200	0	50	45	20	HighFire	200	50	5	45	20	0	ft	""
WE	wepp-96061	"08:51 am  Thursday August 4, 2016"	"FENN RS ID"	clay	20	forest	30	54	54	680	h			ft
WE	wepp-96289	"08:57 am  Thursday August 4, 2016"	"FENN RS ID"	clay	40	forest	35	25	33	392	h			ft
WE	wepp-96567	"09:06 am  Thursday August 4, 2016"	"FENN RS ID"	clay	40	forest	51	62	56	390	h			ft
WD	wepp-96869	"09:12 am  Thursday August 4, 2016"	"FENN RS ID"	10	silt	HighFire	196	35	25	45	40	HighFire	196	25	33	45	40	0	ft	""
WD	wepp-96907	"09:13 am  Thursday August 4, 2016"	"FENN RS ID"	50	silt	HighFire	196	35	25	45	40	HighFire	196	25	33	45	40	0	ft	""
WD	wepp-96945	"09:15 am  Thursday August 4, 2016"	"FENN RS ID"	50	silt	HighFire	196	35	25	25	40	HighFire	196	25	33	25	40	0	ft	""
WD	wepp-96990	"09:19 am  Thursday August 4, 2016"	"FENN RS ID"	50	silt	HighFire	196	35	25	60	40	HighFire	196	25	33	60	40	0	ft	""
WD	wepp-97035	"09:23 am  Thursday August 4, 2016"	"FENN RS ID"	50	silt	HighFire	196	35	25	25	40	HighFire	196	25	33	25	40	0	ft	""
WD	wepp-97638	"09:50 am  Thursday August 4, 2016"	"FENN RS ID"	50	silt	HighFire	200	35	25	25	40	HighFire	200	25	33	25	40	0	ft	"BS_H_1"
WD	wepp-97673	"09:50 am  Thursday August 4, 2016"	"FENN RS ID"	50	silt	HighFire	200	51	62	25	40	HighFire	200	62	56	25	40	0	ft	"BS_H_2"
WD	wepp-97680	"09:50 am  Thursday August 4, 2016"	"FENN RS ID"	50	silt	LowFire	161	24	37	50	40	LowFire	162	37	47	50	40	0	ft	"BS_L_1"
WD	wepp-97687	"09:50 am  Thursday August 4, 2016"	"FENN RS ID"	50	silt	LowFire	150	47	56	50	40	LowFire	150	60	54	50	40	0	ft	"BS_L_2"
WE	wepp-97735	"10:26 am  Thursday August 4, 2016"	"FENN RS ID"	silt	30	forest	15	34	33	538	h			ft
WE	wepp-97957	"10:26 am  Thursday August 4, 2016"	"FENN RS ID"	silt	30	forest	60	54	50	338	h			ft
WE	wepp-98151	"10:27 am  Thursday August 4, 2016"	"FENN RS ID"	silt	30	forest	23	44	27	643	l			ft
WE	wepp-98294	"10:27 am  Thursday August 4, 2016"	"FENN RS ID"	silt	30	forest	23	47	37	328	l			ft
WE	wepp-99491	"12:39 pm  Thursday August 4, 2016"	"FENN RS ID"	silt	35	forest	50	48	48	398	h			ft
WE	wepp-99713	"12:40 pm  Thursday August 4, 2016"	"FENN RS ID"	silt	35	forest	47	45	30	306	h			ft
WE	wepp-99908	"12:40 pm  Thursday August 4, 2016"	"FENN RS ID"	silt	35	forest	44	62	57	680	h			ft
WE	wepp-100102	"12:40 pm  Thursday August 4, 2016"	"FENN RS ID"	silt	35	forest	40	54	32	1000	l			ft
WE	wepp-100216	"12:40 pm  Thursday August 4, 2016"	"FENN RS ID"	silt	35	forest	53	52	44	810	l			ft
WE	wepp-100330	"12:40 pm  Thursday August 4, 2016"	"FENN RS ID"	silt	35	forest	55	36	41	770	l			ft
WE	wepp-100444	"12:41 pm  Thursday August 4, 2016"	"FENN RS ID"	silt	35	forest	26	23	56	755	m			ft
WE	wepp-100621	"12:41 pm  Thursday August 4, 2016"	"FENN RS ID"	silt	35	forest	26	40	58	1000	l			ft
WE	wepp-100735	"12:41 pm  Thursday August 4, 2016"	"FENN RS ID"	silt	35	forest	44	30	22	1000	l			ft
WE	wepp-100849	"12:41 pm  Thursday August 4, 2016"	"FENN RS ID"	silt	35	forest	40	30	22	1000	l			ft
WE	wepp-100963	"12:41 pm  Thursday August 4, 2016"	"FENN RS ID"	silt	35	forest	28	33	33	250	h			ft
WE	wepp-101157	"12:41 pm  Thursday August 4, 2016"	"FENN RS ID"	silt	35	forest	18	44	54	1000	m			ft
WE	wepp-101311	"12:41 pm  Thursday August 4, 2016"	"FENN RS ID"	silt	35	forest	15	41	35	1000	h			ft
WE	wepp-101505	"12:42 pm  Thursday August 4, 2016"	"FENN RS ID"	silt	35	forest	30	42	48	650	m			ft
WE	wepp-101659	"12:42 pm  Thursday August 4, 2016"	"FENN RS ID"	silt	35	forest	43	42	26	1000	h			ft
WE	wepp-101853	"12:42 pm  Thursday August 4, 2016"	"FENN RS ID"	silt	35	forest	48	40	43	750	m			ft
WE	wepp-102008	"12:42 pm  Thursday August 4, 2016"	"FENN RS ID"	silt	35	forest	36	41	34	1000	m			ft
WE	wepp-102164	"12:42 pm  Thursday August 4, 2016"	"FENN RS ID"	silt	35	forest	66	46	53	300	h			ft
WE	wepp-102359	"12:43 pm  Thursday August 4, 2016"	"FENN RS ID"	silt	35	forest	43	41	46	1000	m			ft
WE	wepp-102534	"12:43 pm  Thursday August 4, 2016"	"FENN RS ID"	silt	35	forest	33	45	18	600	m			ft
WE	wepp-102690	"12:43 pm  Thursday August 4, 2016"	"FENN RS ID"	silt	35	forest	40	28	16	1000	l			ft
WE	wepp-102804	"12:43 pm  Thursday August 4, 2016"	"FENN RS ID"	silt	35	forest	41	56	45	850	l			ft
WE	wepp-122010	"12:33 pm  Friday August 5, 2016"	"FENN RS ID"	silt	35	forest	28	30	29	750	l			ft
WE	wepp-122154	"12:33 pm  Friday August 5, 2016"	"FENN RS ID"	silt	35	forest	31	38	41	1000	m			ft
WE	wepp-122336	"12:33 pm  Friday August 5, 2016"	"FENN RS ID"	silt	35	forest	25	43	54	600	h			ft
WE	wepp-122530	"12:34 pm  Friday August 5, 2016"	"FENN RS ID"	silt	35	forest	52	64	42	400	m			ft
WE	wepp-122689	"12:34 pm  Friday August 5, 2016"	"FENN RS ID"	silt	35	forest	31	50	57	700	m			ft
WE	wepp-122845	"12:34 pm  Friday August 5, 2016"	"FENN RS ID"	silt	35	forest	17	53	55	900	m			ft
WE	wepp-122999	"12:34 pm  Friday August 5, 2016"	"FENN RS ID"	silt	35	forest	19	47	86	460	h			ft
WE	wepp-123194	"12:34 pm  Friday August 5, 2016"	"FENN RS ID"	silt	35	forest	29	48	21	870	l			ft
WE	wepp-123326	"12:34 pm  Friday August 5, 2016"	"FENN RS ID"	silt	35	forest	34	49	39	714	h			ft
WE	wepp-123524	"12:35 pm  Friday August 5, 2016"	"FENN RS ID"	silt	35	forest	28	41	43	300	m			ft
WE	wepp-123678	"12:35 pm  Friday August 5, 2016"	"FENN RS ID"	silt	35	forest	20	32	42	640	m			ft
WE	wepp-123832	"12:35 pm  Friday August 5, 2016"	"FENN RS ID"	silt	35	forest	25	12	38	475	h			ft
WE	wepp-124026	"12:35 pm  Friday August 5, 2016"	"FENN RS ID"	silt	35	forest	22	33	27	775	m			ft
WE	wepp-124184	"12:35 pm  Friday August 5, 2016"	"FENN RS ID"	silt	35	forest	21	21	21	275	m			ft
WE	wepp-124338	"12:36 pm  Friday August 5, 2016"	"FENN RS ID"	silt	35	forest	18	18	18	340	h			ft
WE	wepp-124532	"12:36 pm  Friday August 5, 2016"	"FENN RS ID"	silt	35	forest	21	38	46	577	h			ft
WE	wepp-124729	"12:36 pm  Friday August 5, 2016"	"FENN RS ID"	silt	35	forest	60	47	44	650	m			ft
WE	wepp-124887	"12:36 pm  Friday August 5, 2016"	"FENN RS ID"	silt	35	forest	40	45	45	300	h			ft
WE	wepp-125081	"12:36 pm  Friday August 5, 2016"	"FENN RS ID"	silt	35	forest	16	16	16	125	h			ft
WE	wepp-125276	"12:37 pm  Friday August 5, 2016"	"FENN RS ID"	silt	35	forest	26	48	27	360	m			ft
WE	wepp-125430	"12:37 pm  Friday August 5, 2016"	"FENN RS ID"	silt	35	forest	49	40	40	270	l			ft
WE	wepp-125549	"12:37 pm  Friday August 5, 2016"	"FENN RS ID"	silt	35	forest	15	15	15	260	m			ft
WE	wepp-125703	"12:37 pm  Friday August 5, 2016"	"FENN RS ID"	silt	35	forest	26	24	18	787	m			ft
WE	wepp-125857	"12:37 pm  Friday August 5, 2016"	"FENN RS ID"	silt	35	forest	46	25	29	950	l			ft
WE	wepp-125971	"12:37 pm  Friday August 5, 2016"	"FENN RS ID"	silt	35	forest	24	24	26	550	h			ft
WE	wepp-126167	"12:38 pm  Friday August 5, 2016"	"FENN RS ID"	silt	35	forest	44	41	55	830	h			ft
WE	wepp-126363	"12:38 pm  Friday August 5, 2016"	"FENN RS ID"	silt	35	forest	33	34	30	528	m			ft
WE	wepp-126517	"12:38 pm  Friday August 5, 2016"	"FENN RS ID"	silt	35	forest	32	26	27	580	h			ft
WE	wepp-126711	"12:38 pm  Friday August 5, 2016"	"FENN RS ID"	silt	35	forest	27	46	34	484	h			ft
WE	wepp-126920	"12:39 pm  Friday August 5, 2016"	"FENN RS ID"	silt	35	forest	42	50	31	568	m			ft
WE	wepp-127074	"12:39 pm  Friday August 5, 2016"	"FENN RS ID"	silt	35	forest	18	43	53	1000	m			ft
WE	wepp-127229	"12:39 pm  Friday August 5, 2016"	"FENN RS ID"	silt	35	forest	33	47	59	675	h			ft
WE	wepp-127426	"12:39 pm  Friday August 5, 2016"	"FENN RS ID"	silt	35	forest	22	46	21	877	h			ft
WE	wepp-127624	"12:39 pm  Friday August 5, 2016"	"FENN RS ID"	silt	35	forest	33	35	38	800	l			ft
WE	wepp-127740	"12:39 pm  Friday August 5, 2016"	"FENN RS ID"	silt	35	forest	27	37	33	900	m			ft
WE	wepp-127894	"12:40 pm  Friday August 5, 2016"	"FENN RS ID"	silt	35	forest	42	44	31	961	h			ft
WE	wepp-128088	"12:40 pm  Friday August 5, 2016"	"FENN RS ID"	silt	35	forest	43	56	35	468	m			ft
WE	wepp-128242	"12:40 pm  Friday August 5, 2016"	"FENN RS ID"	silt	35	forest	20	46	38	1000	h			ft
WE	wepp-128441	"12:40 pm  Friday August 5, 2016"	"FENN RS ID"	silt	35	forest	62	54	57	688	h			ft
WE	wepp-128638	"12:40 pm  Friday August 5, 2016"	"FENN RS ID"	silt	35	forest	24	40	31	964	m			ft
WE	wepp-128796	"12:41 pm  Friday August 5, 2016"	"FENN RS ID"	silt	35	forest	53	43	21	812	l			ft
WE	wepp-128910	"12:41 pm  Friday August 5, 2016"	"FENN RS ID"	silt	35	forest	33	36	29	614	m			ft
WE	wepp-129068	"12:41 pm  Friday August 5, 2016"	"FENN RS ID"	silt	35	forest	66	39	28	539	h			ft
WD	wepp-204090	"10:45 am  Wednesday August 10, 2016"	"FENN RS ID"	10	silt	YoungForest	75	26	26	50	35	YoungForest	200	20	20	50	35	0	ft	"BS_21_tra"
WD	wepp-204125	"10:45 am  Wednesday August 10, 2016"	"FENN RS ID"	10	silt	YoungForest	200	31	31	90	35	YoungForest	200	37	37	90	35	0	ft	"BS_21_sky1"
WD	wepp-204133	"10:45 am  Wednesday August 10, 2016"	"FENN RS ID"	10	silt	YoungForest	100	40	40	90	35	YoungForest	180	33	33	90	35	0	ft	"BS_21_sky2"
WD	wepp-204146	"10:45 am  Wednesday August 10, 2016"	"FENN RS ID"	10	silt	YoungForest	143	31	50	80	35	YoungForest	140	61	52	80	35	0	ft	"BS_24_cab"
WD	wepp-204153	"10:45 am  Wednesday August 10, 2016"	"FENN RS ID"	10	silt	YoungForest	130	23	23	80	35	YoungForest	190	20	20	80	35	0	ft	"BS_25_cab"
WD	wepp-207767	"02:27 pm  Wednesday August 10, 2016"	"FENN RS ID"	10	silt	YoungForest	385	29	29	50	35	YoungForest	300	32	32	50	35	0	ft	"LS_6_trac"
WD	wepp-207802	"02:27 pm  Wednesday August 10, 2016"	"FENN RS ID"	10	silt	YoungForest	150	47	49	90	35	YoungForest	128	57	61	90	35	0	ft	"LS_7_sky"
WD	wepp-207809	"02:27 pm  Wednesday August 10, 2016"	"FENN RS ID"	10	silt	YoungForest	338	33	41	90	35	YoungForest	215	40	42	90	35	0	ft	"LS_9_sky"
WD	wepp-207816	"02:28 pm  Wednesday August 10, 2016"	"FENN RS ID"	10	silt	YoungForest	290	36	36	90	35	YoungForest	419	37	40	90	35	0	ft	"LS_10_sky"
WD	wepp-207823	"02:28 pm  Wednesday August 10, 2016"	"FENN RS ID"	10	silt	YoungForest	74	27	27	80	35	YoungForest	73	41	41	90	35	0	ft	"LS_10_cab"
WD	wepp-207830	"02:28 pm  Wednesday August 10, 2016"	"FENN RS ID"	10	silt	YoungForest	434	39	48	90	35	YoungForest	343	37	33	90	35	0	ft	"LS_11_sky"
WD	wepp-207844	"02:28 pm  Wednesday August 10, 2016"	"FENN RS ID"	10	silt	YoungForest	550	8	16	50	35	YoungForest	276	14	14	50	35	0	ft	"LS_12_trac"
WD	wepp-207851	"02:28 pm  Wednesday August 10, 2016"	"FENN RS ID"	10	silt	YoungForest	300	26	25	90	35	YoungForest	340	38	39	90	35	0	ft	"LS_12_sky"
WD	wepp-207858	"02:28 pm  Wednesday August 10, 2016"	"FENN RS ID"	10	silt	YoungForest	77	26	26	80	35	YoungForest	100	40	40	80	35	0	ft	"LS_12_cab"
WD	wepp-207865	"02:28 pm  Wednesday August 10, 2016"	"FENN RS ID"	10	silt	YoungForest	508	52	38	90	35	YoungForest	260	40	45	90	35	0	ft	"LS_13_sky"
WD	wepp-207872	"02:28 pm  Wednesday August 10, 2016"	"FENN RS ID"	10	silt	YoungForest	170	40	43	90	35	YoungForest	160	42	31	90	35	0	ft	"LS_17_sky"
WD	wepp-207879	"02:28 pm  Wednesday August 10, 2016"	"FENN RS ID"	10	silt	YoungForest	400	37	39	90	35	YoungForest	500	34	51	90	35	0	ft	"LS_18_sky"
WD	wepp-207886	"02:28 pm  Wednesday August 10, 2016"	"FENN RS ID"	10	silt	YoungForest	420	43	43	90	35	YoungForest	460	68	47	90	35	0	ft	"LS_19_sky"
WD	wepp-207893	"02:28 pm  Wednesday August 10, 2016"	"FENN RS ID"	10	silt	YoungForest	600	30	29	50	35	YoungForest	942	25	19	50	35	0	ft	"LS_19_trac"
WD	wepp-207900	"02:28 pm  Wednesday August 10, 2016"	"FENN RS ID"	10	silt	YoungForest	460	32	42	90	35	YoungForest	200	22	31	90	35	0	ft	"LS_20_sky"
WD	wepp-207907	"02:28 pm  Wednesday August 10, 2016"	"FENN RS ID"	10	silt	YoungForest	950	43	43	90	35	YoungForest	365	55	55	90	35	0	ft	"LS_22_sky1"
WD	wepp-207914	"02:28 pm  Wednesday August 10, 2016"	"FENN RS ID"	10	silt	YoungForest	829	35	28	90	35	YoungForest	319	38	37	90	35	0	ft	"LS_22_sky2"
WD	wepp-207921	"02:28 pm  Wednesday August 10, 2016"	"FENN RS ID"	10	silt	YoungForest	500	29	35	90	35	YoungForest	337	37	32	90	35	0	ft	"LS_22_sky3"
WD	wepp-207928	"02:28 pm  Wednesday August 10, 2016"	"FENN RS ID"	10	silt	YoungForest	827	35	25	90	35	YoungForest	300	34	28	90	35	0	ft	"LS_22_sky4"
WD	wepp-207935	"02:28 pm  Wednesday August 10, 2016"	"FENN RS ID"	10	silt	YoungForest	550	40	31	90	35	YoungForest	500	48	48	90	35	0	ft	"LS_22_sky5"
WD	wepp-207942	"02:28 pm  Wednesday August 10, 2016"	"FENN RS ID"	10	silt	YoungForest	184	36	55	80	35	YoungForest	200	49	40	80	35	0	ft	"LS_23_cab"
WD	wepp-207949	"02:28 pm  Wednesday August 10, 2016"	"FENN RS ID"	10	silt	YoungForest	82	48	48	80	35	YoungForest	83	48	48	80	35	0	ft	"LS_28_cab"
WD	wepp-215223	"08:14 am  Thursday August 11, 2016"	"FENN RS ID"	10	silt	YoungForest	725	15	20	90	35	YoungForest	400	37	40	90	35	0	ft	"S_1_sky"
WD	wepp-215259	"08:14 am  Thursday August 11, 2016"	"FENN RS ID"	10	silt	YoungForest	345	20	30	90	35	YoungForest	400	50	56	90	35	0	ft	"S_2_sky"
WD	wepp-215266	"08:14 am  Thursday August 11, 2016"	"FENN RS ID"	10	silt	YoungForest	200	43	41	80	35	YoungForest	50	30	30	80	35	0	ft	"S_3_cab"
WD	wepp-215462	"08:58 am  Thursday August 11, 2016"	"FENN RS ID"	10	silt	YoungForest	345	37	32	90	35	YoungForest	330	33	30	90	35	0	ft	"CF_4_sky1"
WD	wepp-215498	"08:58 am  Thursday August 11, 2016"	"FENN RS ID"	10	silt	YoungForest	330	17	36	80	35	YoungForest	430	33	42	80	35	0	ft	"CF_4_cab1"
WD	wepp-215505	"08:58 am  Thursday August 11, 2016"	"FENN RS ID"	10	silt	YoungForest	325	17	37	50	35	YoungForest	445	44	44	50	35	0	ft	"CF_4_trac"
WD	wepp-215512	"08:58 am  Thursday August 11, 2016"	"FENN RS ID"	10	silt	YoungForest	250	40	46	90	35	YoungForest	335	38	44	90	35	0	ft	"CF_4_sky2"
WD	wepp-215519	"08:58 am  Thursday August 11, 2016"	"FENN RS ID"	10	silt	YoungForest	320	25	45	90	35	YoungForest	250	46	34	90	35	0	ft	"CF_4_sky3"
WD	wepp-215526	"08:58 am  Thursday August 11, 2016"	"FENN RS ID"	10	silt	YoungForest	240	40	45	80	35	YoungForest	250	50	48	80	35	0	ft	"CF_4_cab2"
WD	wepp-215533	"08:58 am  Thursday August 11, 2016"	"FENN RS ID"	10	silt	YoungForest	425	26	18	50	35	YoungForest	530	22	23	50	35	0	ft	"CF_5_trac1"
WD	wepp-215540	"08:58 am  Thursday August 11, 2016"	"FENN RS ID"	10	silt	YoungForest	740	28	53	90	35	YoungForest	790	44	40	90	35	0	ft	"CF_5_sky"
WD	wepp-215547	"08:58 am  Thursday August 11, 2016"	"FENN RS ID"	10	silt	YoungForest	300	38	33	50	35	YoungForest	360	35	38	50	35	0	ft	"CF_5_trac2"
