WD	wepp-9501	"09:08 am  Monday May 3, 2010"	"Spotted Bear River Rx Burn +"	30	sand	low	1200	0	45	85	30	tree20	200	20	5	100	30	0	ft	"Spotted Bear River Rx Burn"
WD	wepp-9639	"09:23 am  Monday May 3, 2010"	"Spotted Bear River Rx Burn +"	30	silt	skid	325	0	25	10	25	skid	325	25	5	10	25	0	ft	"Spotted Bear River Skid Trail - No Slash/No Waterbars"
WD	wepp-9644	"09:24 am  Monday May 3, 2010"	"Spotted Bear River Rx Burn +"	30	silt	skid	325	0	30	10	25	skid	325	30	5	10	25	0	ft	"Spotted Bear River Skid Trail - No Slash/No Waterbars"
WD	wepp-9687	"09:27 am  Monday May 3, 2010"	"Spotted Bear River +"	30	silt	skid	300	0	30	10	25	skid	300	30	5	10	25	0	ft	"Spotted Bear River Skid Trail - No Slash/No Waterbars"
WD	wepp-9706	"09:29 am  Monday May 3, 2010"	"Spotted Bear River +"	30	silt	skid	300	0	30	10	25	tree5	300	30	5	10	25	0	ft	"Skid Trail - No Slash/No Waterbars"
WD	wepp-9833	"09:36 am  Monday May 3, 2010"	"Spotted Bear River +"	30	silt	skid	50	0	30	50	25	tree5	50	30	5	50	25	0	ft	"Skid Trail - Add Slash/Add Waterbars"
WD	wepp-27241	"02:46 pm  Wednesday July 7, 2010"	"Spotted Bear River +"	30	silt	low	650	0	45	85	35	tree20	50	45	5	100	35	0	ft	"Kerr Mountain Prescribed Burn"
WD	wepp-27259	"02:48 pm  Wednesday July 7, 2010"	"Spotted Bear River +"	30	silt	low	650	0	45	85	35	tree20	50	45	5	100	35	0	ft	"Kerr Mountain Prescribed Burn"
WD	wepp-27340	"02:56 pm  Wednesday July 7, 2010"	"BIGFORK 12 S MT"	30	silt	low	650	0	45	85	35	tree20	50	45	5	100	35	0	ft	"Kerr Mountain Prescribed Burn"
WD	wepp-5421	"08:02 am  Thursday August 26, 2010"	"Griffin Burns +"	30	loam	low	1200	0	50	85	45	tree20	200	20	5	100	45	0	ft	"Griffin Unit 202 Prescribed Burn"
WD	wepp-5428	"08:05 am  Thursday August 26, 2010"	"Griffin Burns +"	30	loam	low	1200	0	50	85	45	tree20	200	20	5	100	45	0	ft	"Griffin Creek Prescribed Burn"
WD	wepp-5509	"08:15 am  Thursday August 26, 2010"	"Griffin Burns +"	30	silt	skid	600	0	30	10	25	tree5	200	30	5	100	25	0	ft	"Skid Trail - No Slash/No Waterbars"
WD	wepp-5517	"08:16 am  Thursday August 26, 2010"	"Griffin Burns +"	30	silt	skid	300	0	30	10	25	skid	300	30	5	10	25	0	ft	"Skid Trail - No Slash/No Waterbars"
WD	wepp-5578	"08:17 am  Thursday August 26, 2010"	"Griffin Burns +"	30	silt	skid	400	0	30	10	25	tree20	200	30	5	100	25	0	ft	"Skid Trail - No Slash/No Waterbars"
WD	wepp-5583	"08:18 am  Thursday August 26, 2010"	"Griffin Burns +"	30	silt	skid	500	0	35	10	25	tree20	200	35	5	100	25	0	ft	"Skid Trail - No Slash/No Waterbars"
WD	wepp-5588	"08:19 am  Thursday August 26, 2010"	"Griffin Burns +"	30	silt	skid	500	0	30	10	25	tree20	200	20	5	100	25	0	ft	"Skid Trail - No Slash/No Waterbars"
WD	wepp-5620	"08:21 am  Thursday August 26, 2010"	"Griffin Burns +"	30	silt	skid	300	0	30	10	25	skid	300	30	5	10	25	0	ft	"Skid Trail - No Slash/No Waterbars"
WD	wepp-5626	"08:23 am  Thursday August 26, 2010"	"Griffin Burns +"	30	silt	skid	50	0	30	50	25	skid	50	30	5	50	25	0	ft	"Skid Trail - Add Slash and Waterbars"
WF	wepp-3644	"08:22 am  Tuesday February 1, 2011"	"BIGFORK 12 S MT                         2"	silt	200	50	0	70	5	200	20	200	0	ft
WF	wepp-3668	"08:22 am  Tuesday February 1, 2011"	"BIGFORK 12 S MT                         2"	silt	200	50	0	70	5	200	50	200	0	ft
WE	wepp-3723	"08:24 am  Tuesday February 1, 1930"	"BIGFORK 12 S MT"	silt	35	forest	0	60	10	1000	l			ft
WD	wepp-3843	"08:27 am  Tuesday February 1, 2011"	"BIGFORK 12 S MT"	30	silt	low	500	0	55	85	20	low	500	55	10	85	20	0	ft	"Mission Upland"
WD	wepp-3870	"08:31 am  Tuesday February 1, 2011"	"BIGFORK 12 S MT"	30	silt	low	1200	0	55	85	20	tree20	100	55	10	100	20	0	ft	"Mission Upland"
WD	wepp-3929	"08:31 am  Tuesday February 1, 2011"	"BIGFORK 12 S MT"	30	silt	high	1200	0	55	45	20	tree20	100	55	10	100	20	0	ft	"Mission Upland"
WD	wepp-3939	"08:32 am  Tuesday February 1, 2011"	"BIGFORK 12 S MT"	30	silt	low	1200	0	65	85	20	tree20	100	55	10	100	20	0	ft	"Mission Upland"
WD	wepp-3984	"08:38 am  Tuesday February 1, 2011"	"Mission Upland +"	30	clay	low	1200	0	70	85	20	tree5	100	10	1	100	20	0	ft	"Mission Upland"
WD	wepp-4050	"08:42 am  Tuesday February 1, 2011"	"Mission Upland +"	30	clay	low	1200	0	70	85	20	tree20	100	15	2	100	20	0	ft	"Mission Upland"
WD	wepp-4083	"08:45 am  Tuesday February 1, 2011"	"Mission Upland +"	30	silt	low	1200	0	70	85	20	tree20	100	15	2	100	20	0	ft	"Mission Upland Low"
WD	wepp-4088	"08:46 am  Tuesday February 1, 2011"	"Mission Upland +"	30	silt	high	1200	0	70	45	20	tree20	100	15	2	100	20	0	ft	"Mission Upland High"
WD	wepp-4701	"09:49 am  Tuesday February 1, 2011"	"Mission Upland +"	30	silt	low	1200	0	65	85	45	tree5	100	15	5	100	45	0	ft	"Mission Upland low"
WD	wepp-4710	"09:49 am  Tuesday February 1, 2011"	"Mission Upland +"	30	silt	low	1200	0	65	85	50	tree5	100	15	5	100	50	0	ft	"Mission Upland low"
WD	wepp-4734	"09:49 am  Tuesday February 1, 2011"	"Mission Upland +"	30	silt	high	1200	0	65	45	50	tree5	100	15	5	100	50	0	ft	"Mission Upland low"
WD	wepp-4740	"09:50 am  Tuesday February 1, 2011"	"Mission Upland +"	30	silt	high	1200	0	65	45	50	tree5	100	15	5	100	50	0	ft	"Mission Upland high"
WD	wepp-6739	"01:02 pm  Tuesday February 1, 2011"	"Mission Upland +"	4	silt	tall	1200	0	65	60	50	tree20	100	15	5	100	50	0	ft	"Mission Upland "
WD	wepp-6744	"01:02 pm  Tuesday February 1, 2011"	"Mission Upland +"	4	silt	tall	1200	0	65	60	50	tree20	100	15	5	100	50	0	ft	"Mission Upland Early Recovery"
WD	wepp-6749	"01:02 pm  Tuesday February 1, 2011"	"Mission Upland +"	30	silt	tall	1200	0	65	60	50	tree20	100	15	5	100	50	0	ft	"Mission Upland Early Recovery"
WD	wepp-6754	"01:03 pm  Tuesday February 1, 2011"	"Mission Upland +"	30	silt	tree5	1200	0	65	100	50	tree20	100	15	5	100	50	0	ft	"Mission Upland Early Recovery"
WD	wepp-6761	"01:04 pm  Tuesday February 1, 2011"	"Mission Upland +"	30	silt	tall	1200	0	65	60	50	tree20	100	15	5	100	50	0	ft	"Mission Upland Early Recovery"
WD	wepp-6766	"01:04 pm  Tuesday February 1, 2011"	"Mission Upland +"	30	silt	shrub	1200	0	65	80	50	tree20	100	15	5	100	50	0	ft	"Mission Upland Early Recovery"
WD	wepp-6772	"01:05 pm  Tuesday February 1, 2011"	"Mission Upland +"	30	silt	shrub	1200	0	65	80	50	tree20	100	15	5	100	50	0	ft	"Mission Upland Recovery"
WD	wepp-6807	"01:09 pm  Tuesday February 1, 2011"	"Mission Upland +"	30	silt	tree5	1200	0	65	100	50	tree20	100	15	5	100	50	0	ft	"Mission Upland Recovery 10"
WF	wepp-10937	"09:36 am  Friday February 4, 2011"	"Mission Upland +"	silt	1500	150	0	65	10	200	100	200	4	ft
WF	wepp-10971	"09:37 am  Friday February 4, 2011"	"Mission Upland +"	silt	1500	150	0	65	5	200	200	200	4	ft
WF	wepp-11004	"09:37 am  Friday February 4, 2011"	"Mission Upland +"	silt	1500	150	0	65	5	200	200	200	0	ft
WF	wepp-11056	"09:38 am  Friday February 4, 2011"	"Mission Upland +"	silt	1500	150	0	60	5	200	200	200	0	ft
WF	wepp-12183	"11:55 am  Friday February 4, 2011"	"Mission Upland +"	silt	1000	150	0	65	5	200	200	200	0	ft
WF	wepp-12444	"12:21 pm  Friday February 4, 2011"	"Mission Upland +"	silt	1000	150	0	65	5	200	200	200	0	ft
WD	wepp-30776	"06:52 am  Monday February 7, 2011"	"Mission Upland +"	30	silt	low	1200	0	60	85	35	tree20	150	15	5	100	35	0	ft	"Mission Upland Prescribed Burn"
WD	wepp-30781	"06:52 am  Monday February 7, 2011"	"Mission Upland +"	30	silt	low	1200	0	65	85	35	tree20	150	15	5	100	35	0	ft	"Mission Upland Prescribed Burn"
WD	wepp-30786	"06:53 am  Monday February 7, 2011"	"Mission Upland +"	30	silt	low	1200	0	65	85	35	tree20	150	10	5	100	35	0	ft	"Mission Upland Prescribed Burn"
WD	wepp-9980	"06:25 am  Tuesday February 8, 2011"	"Mission Upland +"	30	silt	high	1200	0	65	45	35	tree20	150	10	5	100	20	0	ft	"Mission Upland Wildfire"
WD	wepp-10012	"06:27 am  Tuesday February 8, 2011"	"Mission Upland +"	30	silt	shrub	1200	0	65	80	35	tree20	150	10	5	100	20	0	ft	"Mission Upland 5 Year Recovery"
WD	wepp-10017	"06:27 am  Tuesday February 8, 2011"	"Mission Upland +"	30	silt	shrub	1200	0	65	80	35	tree20	150	10	5	100	20	0	ft	"Mission Upland 5 Year Recovery"
WD	wepp-10025	"06:28 am  Tuesday February 8, 2011"	"Mission Upland +"	30	silt	tree5	1200	0	65	100	35	tree20	150	10	5	100	20	0	ft	"Mission Upland 10 Year Recovery"
WD	wepp-10141	"06:44 am  Tuesday February 8, 2011"	"Mission Upland +"	30	silt	shrub	1200	0	65	80	35	tree5	150	10	5	100	35	0	ft	"Mission Upland 5 Year Recovery"
WD	wepp-10165	"06:45 am  Tuesday February 8, 2011"	"Mission Upland +"	30	silt	tree5	1200	0	65	100	35	tree5	150	10	5	100	35	0	ft	"Mission Upland 10 Year Recovery"
WD	wepp-10200	"06:46 am  Tuesday February 8, 2011"	"Mission Upland +"	30	silt	shrub	1200	0	65	80	35	tree20	150	15	5	100	20	0	ft	"Mission Upland 5 Year Recovery"
WD	wepp-10205	"06:47 am  Tuesday February 8, 2011"	"Mission Upland +"	30	silt	tree5	1200	0	65	100	35	tree20	150	15	5	100	20	0	ft	"Mission Upland 10 Year Recovery"
WD	wepp-10210	"06:47 am  Tuesday February 8, 2011"	"Mission Upland +"	30	silt	tree20	1200	0	65	100	35	tree20	150	15	5	100	20	0	ft	"Mission Upland 10 Year Recovery"
WD	wepp-10219	"06:48 am  Tuesday February 8, 2011"	"Mission Upland +"	30	silt	shrub	1200	0	65	80	35	tree20	150	15	5	100	35	0	ft	"Mission Upland 3 Year Recovery"
WD	wepp-10224	"06:49 am  Tuesday February 8, 2011"	"Mission Upland +"	30	silt	tree20	1200	0	65	100	35	tree20	150	15	5	100	35	0	ft	"Mission Upland 15 Year Recovery"
WR	wepp-12190	"12:45 pm  Monday June 20, 2011"	"Wild Cramer +"	30	silt	native	109.04	3	16	16	60	581	33	20	outrut	ft
WR	wepp-12222	"12:46 pm  Monday June 20, 2011"	"Wild Cramer +"	30	silt	native	109.04	3	16	16	60	581	33	45	outrut	ft
WD	wepp-11069	"01:19 pm  Thursday June 30, 2011"	"Wild Cramer +"	30	silt	LowFire	800	0	50	85	35	OldForest	200	20	5	100	25	0	ft	"Wild Cramer Prescribed Burn"
WD	wepp-11203	"01:31 pm  Thursday June 30, 2011"	"Wild Cramer +"	30	silt	Shrub	800	0	50	80	35	OldForest	200	20	5	100	25	0	ft	"Wild Cramer Prescribed Burn"
WD	wepp-11232	"01:32 pm  Thursday June 30, 2011"	"Wild Cramer +"	30	silt	Shrub	800	0	50	80	35	OldForest	200	20	5	100	25	0	ft	"Wild Cramer Prescribed Burn - 3 Year Recovery"
WD	wepp-11251	"01:34 pm  Thursday June 30, 2011"	"Wild Cramer +"	30	silt	YoungForest	800	0	50	100	35	OldForest	200	20	5	100	25	0	ft	"Wild Cramer Prescribed Burn - 15 Year Recovery"
WD	wepp-1720	"02:31 pm  Wednesday September 21, 2011"	"Mission Upland +"	10	silt	Skid	50	0	15	20	20	Skid	50	15	5	20	20	0	ft	""
WD	wepp-1740	"02:31 pm  Wednesday September 21, 2011"	"Mission Upland +"	10	silt	Skid	50	0	20	20	20	Skid	50	20	5	20	20	0	ft	""
WD	wepp-1822	"02:31 pm  Wednesday September 21, 2011"	"Mission Upland +"	30	silt	Skid	50	0	20	20	20	Skid	50	20	5	20	20	0	ft	""
WD	wepp-1842	"02:32 pm  Wednesday September 21, 2011"	"Mission Upland +"	30	silt	Skid	50	0	25	20	20	Skid	50	25	5	20	20	0	ft	""
WD	wepp-1865	"02:32 pm  Wednesday September 21, 2011"	"Mission Upland +"	30	silt	HighFire	50	0	25	45	20	HighFire	50	25	5	45	20	0	ft	""
WD	wepp-1887	"02:32 pm  Wednesday September 21, 2011"	"Mission Upland +"	30	silt	Skid	50	0	30	20	20	Skid	50	30	5	20	20	0	ft	""
WD	wepp-1906	"02:32 pm  Wednesday September 21, 2011"	"Mission Upland +"	30	silt	Skid	50	0	25	20	20	Skid	50	25	5	20	20	0	ft	""
WD	wepp-1970	"02:35 pm  Wednesday September 21, 2011"	"Whitefish +"	10	clay	Skid	50	0	20	20	20	Skid	50	20	5	20	20	0	ft	""
WD	wepp-14269	"12:47 pm  Tuesday February 21, 2012"	"Glacier Loon +"	30	loam	LowFire	500	0	19	85	20	OldForest	500	19	5	100	20	0	ft	"Glacier Loon Broadcast Burn"
WD	wepp-8603	"08:45 am  Thursday April 26, 2012"	"Glacier Loon +"	10	silt	Skid	22	24	24	45	45	OldForest	1200	24	24	100	45	0	ft	"Glacier Loon 9575 Recontour - Early"
WD	wepp-8707	"08:54 am  Thursday April 26, 2012"	"Glacier Loon +"	10	loam	Skid	22	35	35	45	45	OldForest	1000	25	0	100	45	0	ft	"Glacier Loon 9575 Recontour - Early"
WD	wepp-8726	"08:54 am  Thursday April 26, 2012"	"Glacier Loon +"	10	loam	Skid	22	35	35	0	45	OldForest	1000	25	0	100	45	0	ft	"Glacier Loon 9575 Recontour - Early"
WD	wepp-8746	"08:56 am  Thursday April 26, 2012"	"Glacier Loon +"	10	silt	Skid	22	24	24	0	45	OldForest	1200	24	24	100	45	0	ft	"Glacier Loon 9575 Recontour - Early"
WD	wepp-8766	"08:57 am  Thursday April 26, 2012"	"Glacier Loon +"	10	silt	Sod	22	24	24	40	45	OldForest	1200	24	24	100	45	0	ft	"Glacier Loon 9575 Recontour - Early"
WD	wepp-8832	"08:58 am  Thursday April 26, 2012"	"Glacier Loon +"	30	silt	Sod	22	24	24	40	45	OldForest	1200	24	24	100	45	0	ft	"Glacier Loon 9575 Recontour - After Two Years"
WD	wepp-8852	"08:58 am  Thursday April 26, 2012"	"Glacier Loon +"	30	silt	Skid	22	24	24	0	45	OldForest	1200	24	24	100	45	0	ft	"Glacier Loon 9575 Recontour - After Two Years"
WD	wepp-8891	"08:58 am  Thursday April 26, 2012"	"Glacier Loon +"	30	silt	Skid	22	24	24	0	45	OldForest	1200	24	24	100	45	0	ft	"Glacier Loon 9575 Recontour - Initial"
WD	wepp-8901	"08:59 am  Thursday April 26, 2012"	"Glacier Loon +"	30	silt	Sod	22	24	24	40	45	OldForest	1200	24	24	100	45	0	ft	"Glacier Loon 9575 Recontour - 2 Year Post-Recontour"
WD	wepp-8960	"09:00 am  Thursday April 26, 2012"	"Glacier Loon +"	30	silt	Skid	22	35	24	0	45	OldForest	1200	35	0	100	45	0	ft	"Glacier Loon 10732 Recontour - Initial"
WD	wepp-8999	"09:01 am  Thursday April 26, 2012"	"Glacier Loon +"	30	silt	Skid	22	35	35	0	45	OldForest	1200	35	0	100	45	0	ft	"Glacier Loon 10732 Recontour - Initial"
WD	wepp-9065	"09:03 am  Thursday April 26, 2012"	"Glacier Loon +"	30	loam	Skid	22	35	35	0	45	OldForest	1200	35	0	100	45	0	ft	"Glacier Loon 10732 Recontour - Initial"
WD	wepp-9085	"09:03 am  Thursday April 26, 2012"	"Glacier Loon +"	30	loam	Sod	22	35	35	40	45	OldForest	1200	35	0	100	45	0	ft	"Glacier Loon 10732 Recontour - 2 Years Post-Recontour"
WD	wepp-9105	"09:04 am  Thursday April 26, 2012"	"Glacier Loon +"	30	loam	Bunchgrass	22	35	35	60	45	OldForest	1200	35	0	100	45	0	ft	"Glacier Loon 10732 Recontour- 5 Years Post-Recontour"
WD	wepp-9144	"09:05 am  Thursday April 26, 2012"	"Glacier Loon +"	30	silt	Bunchgrass	22	24	24	60	45	OldForest	1200	24	24	100	45	0	ft	"Glacier Loon 10732 Recontour- 5 Years Post-Recontour"
WD	wepp-29506	"09:17 am  Tuesday May 8, 2012"	"Cooney McKay +"	10	silt	Sod	1200	35	45	40	20	OldForest	1200	40	5	100	20	0	ft	""
WD	wepp-29552	"09:18 am  Tuesday May 8, 2012"	"Cooney McKay +"	10	silt	LowFire	1200	35	45	85	20	OldForest	1200	40	5	100	20	0	ft	""
WD	wepp-29572	"09:19 am  Tuesday May 8, 2012"	"Cooney McKay +"	10	silt	LowFire	1200	35	45	85	20	OldForest	1200	40	5	100	20	0	ft	"Cooney McKay Additional Burn Unit #5"
WD	wepp-29592	"09:20 am  Tuesday May 8, 2012"	"Cooney McKay +"	30	silt	LowFire	1200	35	45	85	20	OldForest	1200	40	5	100	20	0	ft	"Cooney McKay Additional Burn Unit #5"
WD	wepp-29643	"09:25 am  Tuesday May 8, 2012"	"Cooney McKay +"	30	silt	LowFire	1000	45	55	85	20	OldForest	600	55	27	100	20	0	ft	"Cooney McKay Additional Burn Unit #5"
WD	wepp-29663	"09:26 am  Tuesday May 8, 2012"	"Cooney McKay +"	30	silt	LowFire	1000	45	55	85	20	OldForest	600	55	27	100	20	0	ft	"Cooney McKay Additional Burn Unit #6"
WD	wepp-29682	"09:26 am  Tuesday May 8, 2012"	"Cooney McKay +"	30	silt	LowFire	1000	45	55	85	20	OldForest	600	55	27	100	20	0	ft	"Cooney McKay Additional Burn Unit #6"
WD	wepp-30755	"11:39 am  Tuesday May 8, 2012"	"Cooney McKay +"	10	clay	LowFire	1000	45	55	85	20	OldForest	600	55	27	100	20	0	ft	""
WD	wepp-30774	"11:40 am  Tuesday May 8, 2012"	"Cooney McKay +"	10	clay	LowFire	1000	45	55	85	20	OldForest	600	55	25	100	20	0	ft	""
WD	wepp-30794	"11:41 am  Tuesday May 8, 2012"	"Cooney McKay +"	10	silt	LowFire	1000	45	55	85	20	OldForest	600	55	25	100	20	0	ft	"Rumble Burn Unit #6"
WD	wepp-30817	"11:43 am  Tuesday May 8, 2012"	"Cooney McKay +"	10	sand	LowFire	1000	45	55	85	25	OldForest	600	55	25	100	25	0	ft	"Rumble Burn Unit #6"
WD	wepp-30838	"11:44 am  Tuesday May 8, 2012"	"Cooney McKay +"	10	sand	LowFire	1000	45	55	85	25	OldForest	600	55	40	100	25	0	ft	"Rumble Burn Unit #6"
WD	wepp-30885	"11:44 am  Tuesday May 8, 2012"	"Cooney McKay +"	10	silt	LowFire	1000	45	55	85	25	OldForest	600	55	40	100	25	0	ft	"Rumble Burn Unit #6"
WD	wepp-30905	"11:44 am  Tuesday May 8, 2012"	"Cooney McKay +"	10	silt	LowFire	1000	45	55	85	45	OldForest	600	55	40	100	45	0	ft	"Rumble Burn Unit #6"
WD	wepp-30944	"11:45 am  Tuesday May 8, 2012"	"Cooney McKay +"	30	silt	LowFire	1000	45	55	85	25	OldForest	600	55	40	100	25	0	ft	"Rumble Burn Unit #6"
WD	wepp-30964	"11:46 am  Tuesday May 8, 2012"	"Cooney McKay +"	30	silt	LowFire	1000	45	55	85	25	OldForest	600	55	25	100	25	0	ft	"Rumble Burn Unit #6"
WD	wepp-31044	"11:49 am  Tuesday May 8, 2012"	"Wild Cramer +"	30	silt	LowFire	1200	45	55	85	25	OldForest	650	55	30	100	20	0	ft	"Rumble #5"
WD	wepp-31064	"11:49 am  Tuesday May 8, 2012"	"Cooney McKay +"	30	silt	LowFire	1200	45	55	85	25	OldForest	650	55	30	100	20	0	ft	"Rumble #5"
WD	wepp-31084	"11:50 am  Tuesday May 8, 2012"	"Cooney McKay +"	30	silt	LowFire	1200	40	55	85	25	OldForest	650	55	30	100	20	0	ft	"Rumble #5"
WD	wepp-31104	"11:51 am  Tuesday May 8, 2012"	"Cooney McKay +"	30	silt	LowFire	1200	40	55	85	25	OldForest	650	55	30	100	20	0	ft	"Rumble #6"
WD	wepp-31124	"11:52 am  Tuesday May 8, 2012"	"Cooney McKay +"	30	silt	LowFire	1000	40	55	85	25	OldForest	650	55	30	100	20	0	ft	"Rumble #6"
WD	wepp-31144	"11:53 am  Tuesday May 8, 2012"	"Cooney McKay +"	30	sand	LowFire	1000	40	55	85	25	OldForest	650	55	30	100	20	0	ft	"Rumble #6"
WD	wepp-31192	"11:56 am  Tuesday May 8, 2012"	"Cooney McKay +"	30	loam	LowFire	1200	40	50	85	50	OldForest	1000	15	10	100	45	0	ft	"Rumble #5"
WD	wepp-31211	"11:56 am  Tuesday May 8, 2012"	"Cooney McKay +"	30	loam	LowFire	1200	40	50	85	50	OldForest	1000	15	10	100	45	0	ft	"Rumble #5"
WD	wepp-31231	"11:57 am  Tuesday May 8, 2012"	"Cooney McKay +"	30	loam	LowFire	1200	40	50	85	50	OldForest	800	15	10	100	45	0	ft	"Rumble #5"
WD	wepp-31251	"11:58 am  Tuesday May 8, 2012"	"Cooney McKay +"	30	loam	LowFire	1200	40	50	85	50	OldForest	800	15	10	100	45	0	ft	"Rumble #5"
WE	wepp-14947	"02:05 pm  Tuesday May 29, 2012"	"Mission Upland +"	silt	50	forest	0	50	30	1000	m			ft
WE	wepp-15045	"02:06 pm  Tuesday May 29, 2012"	"Mission Upland +"	silt	50	forest	0	50	30	500	h			ft
WE	wepp-15743	"03:24 pm  Tuesday May 29, 2012"	"Mission Upland +"	loam	35	forest	20	50	10	1000	l			ft
WE	wepp-15792	"03:24 pm  Tuesday May 29, 2012"	"Mission Upland +"	silt	35	forest	20	50	10	1000	l			ft
WE	wepp-15843	"03:25 pm  Tuesday May 29, 2012"	"Mission Upland +"	sand	35	forest	20	50	10	1000	l			ft
