WD	wepp-9060	"10:42 am  Sunday February 26, 2012"	"WALEASTFRK +"	10	loam	LowFire	700	6	20	45	50	LowFire	700	20	10	45	40	0	ft	"Unit A"
WD	wepp-9080	"10:43 am  Sunday February 26, 2012"	"WALEASTFRK +"	10	loam	LowFire	700	6	20	45	50	LowFire	700	20	20	45	40	0	ft	"Unit A"
WD	wepp-9099	"10:44 am  Sunday February 26, 2012"	"WALEASTFRK +"	10	loam	HighFire	700	6	20	45	50	HighFire	700	20	20	45	40	0	ft	"Unit A"
WD	wepp-9164	"10:46 am  Sunday February 26, 2012"	"WALEASTFRK +"	10	loam	HighFire	700	6	20	20	50	HighFire	700	20	20	20	40	0	ft	"Unit A"
WD	wepp-9241	"10:52 am  Sunday February 26, 2012"	"WALEASTFRK +"	50	loam	HighFire	1200	7	9	10	40	HighFire	500	20	20	10	40	0	ft	"Unit A"
WD	wepp-9261	"10:53 am  Sunday February 26, 2012"	"WALEASTFRK +"	50	loam	HighFire	1200	7	9	10	40	HighFire	500	20	20	35	40	0	ft	"Unit A"
WD	wepp-9281	"10:55 am  Sunday February 26, 2012"	"WALEASTFRK +"	50	loam	Skid	1200	7	9	40	40	Skid	500	20	20	40	40	0	ft	"Unit A"
WD	wepp-9301	"10:55 am  Sunday February 26, 2012"	"WALEASTFRK +"	50	loam	HighFire	1200	7	9	40	40	HighFire	500	20	20	40	40	0	ft	"Unit A"
WD	wepp-9348	"10:56 am  Sunday February 26, 2012"	"WALEASTFRK +"	50	loam	Skid	1200	7	9	40	40	Skid	500	20	20	40	40	0	ft	"Unit A"
WD	wepp-9374	"10:58 am  Sunday February 26, 2012"	"WALEASTFRK +"	50	loam	Skid	1200	7	9	40	40	Skid	500	20	20	80	40	0	ft	"Unit A"
WD	wepp-9424	"11:01 am  Sunday February 26, 2012"	"WALEASTFRK +"	10	clay	OldForest	50	0	30	100	20	OldForest	50	30	5	100	20	0	ft	""
WD	wepp-9573	"11:17 am  Sunday February 26, 2012"	"WALEASTFRK +"	10	clay	Skid	1000	10	20	20	20	Skid	500	20	5	20	20	0	ft	""
WD	wepp-9593	"11:17 am  Sunday February 26, 2012"	"WALEASTFRK +"	10	clay	Skid	1000	10	20	20	20	HighFire	500	20	5	45	20	0	ft	""
WD	wepp-9641	"11:25 am  Sunday February 26, 2012"	"WALEASTFRK +"	10	clay	Skid	1000	7	9	40	40	Skid	400	20	20	20	40	0	ft	""
WD	wepp-9661	"11:26 am  Sunday February 26, 2012"	"WALEASTFRK +"	10	clay	Skid	1000	7	9	40	40	HighFire	400	20	20	45	40	0	ft	""
WD	wepp-9681	"11:26 am  Sunday February 26, 2012"	"WALEASTFRK +"	10	clay	Skid	1000	7	9	40	40	Skid	400	20	20	40	40	0	ft	""
WD	wepp-9728	"11:26 am  Sunday February 26, 2012"	"WALEASTFRK +"	10	clay	Skid	1000	7	9	40	40	HighFire	400	20	20	45	40	0	ft	""
WD	wepp-9755	"11:28 am  Sunday February 26, 2012"	"WALEASTFRK +"	10	clay	Skid	1000	7	9	40	40	Skid	400	20	20	40	40	0	ft	""
WD	wepp-9796	"11:31 am  Sunday February 26, 2012"	"WALEASTFRK +"	10	loam	Skid	1100	7	9	30	50	Skid	400	20	20	30	40	0	ft	""
WD	wepp-9843	"11:32 am  Sunday February 26, 2012"	"WALEASTFRK +"	10	loam	Skid	1100	7	9	30	50	HighFire	400	20	20	70	40	0	ft	""
WD	wepp-9863	"11:35 am  Sunday February 26, 2012"	"WALEASTFRK +"	10	loam	Skid	1100	7	9	30	50	HighFire	400	20	20	70	40	0	ft	""
WD	wepp-9910	"11:36 am  Sunday February 26, 2012"	"WALEASTFRK +"	10	loam	Skid	1100	7	9	30	50	Skid	400	20	20	30	40	0	ft	""
WD	wepp-9929	"11:39 am  Sunday February 26, 2012"	"WALEASTFRK +"	10	loam	Skid	1100	7	9	30	50	HighFire	400	20	20	45	40	0	ft	""
WD	wepp-10896	"01:51 pm  Sunday February 26, 2012"	"WALEASTFRK +"	50	loam	Bunchgrass	607	8	22	60	50	Bunchgrass	172	25	17	60	40	0	ft	"Blow Draw"
WD	wepp-10943	"01:52 pm  Sunday February 26, 2012"	"WALEASTFRK +"	50	loam	LowFire	607	8	22	85	50	Bunchgrass	172	25	17	60	40	0	ft	"Blow Draw"
WD	wepp-10963	"01:55 pm  Sunday February 26, 2012"	"WALEASTFRK +"	50	loam	Sod	607	8	22	40	50	Bunchgrass	172	25	17	60	40	0	ft	"Blow Draw"
WD	wepp-10983	"01:56 pm  Sunday February 26, 2012"	"WALEASTFRK +"	50	loam	Bunchgrass	607	8	22	60	50	Bunchgrass	172	25	17	60	40	0	ft	"Blow Draw"
WD	wepp-11031	"01:57 pm  Sunday February 26, 2012"	"WALEASTFRK +"	50	loam	Sod	607	8	22	40	50	Bunchgrass	172	25	17	60	40	0	ft	"Blow Draw"
WD	wepp-11070	"02:00 pm  Sunday February 26, 2012"	"WALEASTFRK +"	50	loam	Bunchgrass	607	8	22	60	50	Shrub	172	25	17	80	40	0	ft	"Blow Draw"
WD	wepp-11173	"02:14 pm  Sunday February 26, 2012"	"WALEASTFRK +"	50	loam	Bunchgrass	607	8	22	60	50	Bunchgrass	172	25	17	60	40	0	ft	"Blow Draw"
WD	wepp-11212	"02:15 pm  Sunday February 26, 2012"	"WALEASTFRK +"	50	loam	Bunchgrass	607	8	22	60	50	Bunchgrass	172	25	17	60	40	0	ft	"Blow Draw"
WD	wepp-11231	"02:15 pm  Sunday February 26, 2012"	"WALEASTFRK +"	50	loam	Bunchgrass	607	8	22	60	50	Bunchgrass	172	25	17	60	40	0	ft	"Blow Draw"
