WE	wepp-84188	"09:22 am  Tuesday July 19, 2016"	""		25	forest	30.33333	21.64616	18.57143	229.6	m			ft
WE	wepp-84373	"09:23 am  Tuesday July 19, 2016"	""		25	forest	30.33333	21.64616	18.57143	229.6	m			ft
WE	wepp-84586	"09:43 am  Tuesday July 19, 2016"	""		25	forest	30.33333	21.64616	18.57143	229.6	m			ft
WE	wepp-84843	"09:46 am  Tuesday July 19, 2016"	""		25	forest	30.33333	21.64616	18.57143	229.6	m			ft
WE	wepp-85036	"09:52 am  Tuesday July 19, 2016"	"WMWRx +"	silt	25	forest	30.33333	21.64616	18.57143	229.6	m			ft
WE	wepp-85218	"09:52 am  Tuesday July 19, 2016"	"WMWRx +"	silt	25	forest	12	17	7	262.4	m			ft
WE	wepp-85372	"09:52 am  Tuesday July 19, 2016"	"WMWRx +"	silt	25	forest	20.5	35.58347	39.48	557.6	m			ft
WE	wepp-85526	"09:53 am  Tuesday July 19, 2016"	"WMWRx +"	silt	25	forest	17.66667	29.78035	50.60078	1000	m			ft
WE	wepp-85680	"09:53 am  Tuesday July 19, 2016"	"WMWRx +"	silt	25	forest	19	30.34423	31.11607	1000	m			ft
WE	wepp-85834	"09:53 am  Tuesday July 19, 2016"	"WMWRx +"	silt	25	forest	29.5	21.5	17.5	426.4	m			ft
WE	wepp-85988	"09:54 am  Tuesday July 19, 2016"	"WMWRx +"	silt	25	forest	19.80714	40.51003	20.30416	984	m			ft
WE	wepp-86143	"09:54 am  Tuesday July 19, 2016"	"WMWRx +"	silt	25	forest	16.125	40.49997	29.96571	1000	m			ft
WE	wepp-86297	"09:54 am  Tuesday July 19, 2016"	"WMWRx +"	silt	25	forest	15	28.17708	20.75	623.2	m			ft
WE	wepp-86481	"09:54 am  Tuesday July 19, 2016"	"WMWRx +"	silt	25	forest	19	26.71494	19.60417	1000	m			ft
WE	wepp-86635	"09:55 am  Tuesday July 19, 2016"	"WMWRx +"	silt	25	forest	17.2	36.34988	43.56619	1000	m			ft
WE	wepp-86821	"09:55 am  Tuesday July 19, 2016"	"WMWRx +"	silt	25	forest	34.98333	39.99304	32.22154	1000	m			ft
WE	wepp-86975	"09:55 am  Tuesday July 19, 2016"	"WMWRx +"	silt	25	forest	14.08333	32.17351	38.27222	360.8	m			ft
WE	wepp-87130	"09:56 am  Tuesday July 19, 2016"	"WMWRx +"	silt	25	forest	16.25	28.65333	19.425	623.2	m			ft
WE	wepp-87289	"09:56 am  Tuesday July 19, 2016"	"WMWRx +"	silt	25	forest	61	55.84722	27.5	951.2	m			ft
WE	wepp-87444	"09:56 am  Tuesday July 19, 2016"	"WMWRx +"	silt	25	forest	55.25	62.25428	36.55549	1000	m			ft
WE	wepp-87598	"09:56 am  Tuesday July 19, 2016"	"WMWRx +"	silt	25	forest	12	27.66667	8.666667	262.4	m			ft
WE	wepp-87752	"09:57 am  Tuesday July 19, 2016"	"WMWRx +"	silt	25	forest	20.55833	48.65042	42.75	1000	m			ft
WE	wepp-87907	"09:57 am  Tuesday July 19, 2016"	"WMWRx +"	silt	25	forest	21.75	19.3125	14.5	459.2	m			ft
WE	wepp-88061	"09:57 am  Tuesday July 19, 2016"	"WMWRx +"	silt	25	forest	19.75	41.18959	46.29691	1000	m			ft
WE	wepp-88215	"09:58 am  Tuesday July 19, 2016"	"WMWRx +"	silt	25	forest	11	24.59524	29.5	557.6	m			ft
WE	wepp-88369	"09:58 am  Tuesday July 19, 2016"	"WMWRx +"	silt	25	forest	17	57.61691	36.78656	1000	m			ft
WE	wepp-88523	"09:58 am  Tuesday July 19, 2016"	"WMWRx +"	silt	25	forest	16	39.2122	44	1000	m			ft
WE	wepp-88677	"09:58 am  Tuesday July 19, 2016"	"WMWRx +"	silt	25	forest	33	55.8262	38.25785	1000	m			ft
WE	wepp-88831	"09:59 am  Tuesday July 19, 2016"	"WMWRx +"	silt	25	forest	23	40.27917	28.43366	1000	m			ft
WE	wepp-88985	"09:59 am  Tuesday July 19, 2016"	"WMWRx +"	silt	25	forest	22.5	29.89583	25.5	360.8	m			ft
WE	wepp-89171	"09:59 am  Tuesday July 19, 2016"	"WMWRx +"	silt	25	forest	13.75	38.06429	28.61667	557.6	m			ft
WE	wepp-89325	"10:00 am  Tuesday July 19, 2016"	"WMWRx +"	silt	25	forest	13.4	27.03712	21.45	1000	m			ft
WE	wepp-89510	"10:00 am  Tuesday July 19, 2016"	"WMWRx +"	silt	25	forest	18.16667	42.91395	46.91649	918.4	m			ft
WE	wepp-89664	"10:00 am  Tuesday July 19, 2016"	"WMWRx +"	silt	25	forest	23	38.4091	37.62946	1000	m			ft
WE	wepp-89850	"10:00 am  Tuesday July 19, 2016"	"WMWRx +"	silt	25	forest	12	30	25	98.4	m			ft
WE	wepp-90032	"10:01 am  Tuesday July 19, 2016"	"WMWRx +"	silt	25	forest	16	24	6	229.6	m			ft
WE	wepp-90186	"10:01 am  Tuesday July 19, 2016"	"WMWRx +"	silt	25	forest	25	25	12	98.4	m			ft
WE	wepp-90340	"10:01 am  Tuesday July 19, 2016"	"WMWRx +"	silt	25	forest	23.5	62.36012	53.11255	623.2	m			ft
WE	wepp-90498	"10:02 am  Tuesday July 19, 2016"	"WMWRx +"	silt	25	forest	5	16.60417	16.25	360.8	m			ft
WE	wepp-90681	"10:02 am  Tuesday July 19, 2016"	"WMWRx +"	silt	25	forest	8	23.13484	22.54003	1000	m			ft
WE	wepp-90835	"10:02 am  Tuesday July 19, 2016"	"WMWRx +"	sand	25	forest	30.33333	13.54167	13.43651	688.8	m			ft
WE	wepp-90989	"10:03 am  Tuesday July 19, 2016"	"WMWRx +"	sand	25	forest	5	14.65	8	196.8	m			ft
WE	wepp-91148	"10:03 am  Tuesday July 19, 2016"	"WMWRx +"	sand	25	forest	8.666667	22.25539	29.09583	1000	m			ft
WE	wepp-91330	"10:03 am  Tuesday July 19, 2016"	"WMWRx +"	sand	25	forest	15.2	26.64928	16.6	1000	m			ft
WE	wepp-91514	"10:03 am  Tuesday July 19, 2016"	"WMWRx +"	sand	25	forest	17.5	28.29032	20.375	1000	m			ft
WE	wepp-91669	"10:04 am  Tuesday July 19, 2016"	"WMWRx +"	sand	25	forest	25.4	25.03153	5.933333	1000	m			ft
WE	wepp-91823	"10:04 am  Tuesday July 19, 2016"	"WMWRx +"	sand	25	forest	13.875	34.83079	44.83055	1000	m			ft
WE	wepp-91977	"10:04 am  Tuesday July 19, 2016"	"WMWRx +"	sand	25	forest	12	20.57296	37.63302	1000	m			ft
WE	wepp-92134	"10:05 am  Tuesday July 19, 2016"	"WMWRx +"	sand	25	forest	35.66667	30.78571	32.5	721.6	m			ft
WE	wepp-92316	"10:05 am  Tuesday July 19, 2016"	"WMWRx +"	sand	25	forest	15.33333	43.29427	30.125	1000	m			ft
WE	wepp-92470	"10:05 am  Tuesday July 19, 2016"	"WMWRx +"	sand	25	forest	13.5	42.41995	52.63333	1000	m			ft
WE	wepp-92624	"10:05 am  Tuesday July 19, 2016"	"WMWRx +"	silt	45	forest	17.75	41.35415	59.75699	1000	m			ft
WE	wepp-92778	"10:06 am  Tuesday July 19, 2016"	"WMWRx +"	sand	25	forest	18.2	32.11592	39.83001	1000	m			ft
WE	wepp-92933	"10:06 am  Tuesday July 19, 2016"	"WMWRx +"	silt	45	forest	10	28.13333	28.33333	360.8	m			ft
WE	wepp-93087	"10:06 am  Tuesday July 19, 2016"	"WMWRx +"	sand	25	forest	11.08333	31.93405	42.79798	1000	m			ft
WE	wepp-93242	"10:07 am  Tuesday July 19, 2016"	"WMWRx +"	sand	25	forest	18	48.92097	45.7037	754.4	m			ft
WE	wepp-93397	"10:07 am  Tuesday July 19, 2016"	"WMWRx +"	sand	25	forest	15	47.31905	34.74286	524.8	m			ft
WE	wepp-93570	"10:07 am  Tuesday July 19, 2016"	"WMWRx +"	sand	25	forest	10.06667	39.23417	29.04444	1000	m			ft
WE	wepp-93724	"10:07 am  Tuesday July 19, 2016"	"WMWRx +"	silt	50	forest	16.13	27.36986	28.05711	1000	m			ft
WE	wepp-93878	"10:08 am  Tuesday July 19, 2016"	"WMWRx +"	sand	25	forest	26	43.22222	44.4	360.8	m			ft
WE	wepp-94032	"10:08 am  Tuesday July 19, 2016"	"WMWRx +"	sand	25	forest	16.33333	21.54275	36.74783	1000	m			ft
WE	wepp-94186	"10:08 am  Tuesday July 19, 2016"	"WMWRx +"	sand	25	forest	15.6	30.33054	34.17778	1000	m			ft
WE	wepp-94351	"10:09 am  Tuesday July 19, 2016"	"WMWRx +"	silt	25	forest	30.5	28.59792	26.41667	820	m			ft
WE	wepp-94505	"10:09 am  Tuesday July 19, 2016"	"WMWRx +"	silt	25	forest	54.875	59.87452	42.17039	951.2	m			ft
WE	wepp-94659	"10:09 am  Tuesday July 19, 2016"	"WMWRx +"	silt	25	forest	35.22917	63.99451	42	1000	m			ft
WE	wepp-94814	"10:09 am  Tuesday July 19, 2016"	"WMWRx +"	silt	25	forest	11.83333	22.62809	13.34127	754.4	m			ft
WE	wepp-94968	"10:10 am  Tuesday July 19, 2016"	"WMWRx +"	silt	25	forest	25.77333	60.37284	28.67726	1000	m			ft
WE	wepp-95154	"10:10 am  Tuesday July 19, 2016"	"WMWRx +"	sand	25	forest	36.66667	56.48941	34.4375	1000	m			ft
WE	wepp-95308	"10:10 am  Tuesday July 19, 2016"	"WMWRx +"	silt	25	forest	21.125	39.36203	39.45787	1000	m			ft
WE	wepp-95462	"10:11 am  Tuesday July 19, 2016"	"WMWRx +"	silt	45	forest	0	0	7	4.8	m			ft
WE	wepp-95616	"10:11 am  Tuesday July 19, 2016"	"WMWRx +"	silt	45	forest	25.20333	39.32147	43.43038	1000	m			ft
WE	wepp-95770	"10:11 am  Tuesday July 19, 2016"	"WMWRx +"	sand	25	forest	10	16.4	10	229.6	m			ft
WE	wepp-95924	"10:11 am  Tuesday July 19, 2016"	"WMWRx +"	sand	25	forest	0	0	0	4.8	m			ft
WE	wepp-96078	"10:12 am  Tuesday July 19, 2016"	"WMWRx +"	sand	25	forest	13.5	28.66667	20.57143	131.2	m			ft
WE	wepp-96232	"10:12 am  Tuesday July 19, 2016"	"WMWRx +"	silt	45	forest	7	8	3.333333	98.4	m			ft
WE	wepp-96390	"10:12 am  Tuesday July 19, 2016"	"WMWRx +"	silt	50	forest	9.833333	23.13907	22.90215	590.4	m			ft
WE	wepp-96573	"10:12 am  Tuesday July 19, 2016"	"WMWRx +"	silt	25	forest	7	14.50333	9.857143	196.8	m			ft
WE	wepp-96727	"10:13 am  Tuesday July 19, 2016"	"WMWRx +"	silt	25	forest	2	15.90333	28.89167	459.2	m			ft
WE	wepp-96881	"10:13 am  Tuesday July 19, 2016"	"WMWRx +"	silt	25	forest	8	14	8	131.2	m			ft
WE	wepp-97035	"10:13 am  Tuesday July 19, 2016"	"WMWRx +"	silt	25	forest	17	28	12	98.4	m			ft
WE	wepp-97192	"10:14 am  Tuesday July 19, 2016"	"WMWRx +"	silt	25	forest	11.25	17.93939	19.13333	393.6	m			ft
WE	wepp-97346	"10:14 am  Tuesday July 19, 2016"	"WMWRx +"	silt	25	forest	15	23.73333	12.75	131.2	m			ft
WE	wepp-97500	"10:14 am  Tuesday July 19, 2016"	"WMWRx +"	silt	25	forest	7	12.5	5.666667	65.6	m			ft
WE	wepp-97654	"10:14 am  Tuesday July 19, 2016"	"WMWRx +"	silt	25	forest	12.17381	27.17207	0	492	m			ft
WE	wepp-97808	"10:15 am  Tuesday July 19, 2016"	"WMWRx +"	silt	25	forest	10	20	10	65.6	m			ft
WE	wepp-97962	"10:15 am  Tuesday July 19, 2016"	"WMWRx +"	silt	25	forest	9.214583	18.33083	0	852.8	m			ft
WE	wepp-98116	"10:15 am  Tuesday July 19, 2016"	"WMWRx +"	silt	25	forest	8.8	15.64954	0	1000	m			ft
WE	wepp-98299	"10:16 am  Tuesday July 19, 2016"	"WMWRx +"	silt	25	forest	14.5	0	0	295.2	m			ft
WE	wepp-98456	"10:16 am  Tuesday July 19, 2016"	"WMWRx +"	silt	25	forest	5	11.875	4.4	196.8	m			ft
WE	wepp-98639	"10:16 am  Tuesday July 19, 2016"	"WMWRx +"	silt	25	forest	18.66667	0	0	98.4	m			ft
WE	wepp-98793	"10:16 am  Tuesday July 19, 2016"	"WMWRx +"	silt	25	forest	19.66667	0	0	65.6	m			ft
WE	wepp-98981	"10:17 am  Tuesday July 19, 2016"	"WMWRx +"	silt	25	forest	23.375	18.25	0	1000	m			ft
WE	wepp-99714	"11:57 am  Tuesday July 19, 2016"	"WMWRx +"	silt	25	forest	30.33333	21.64616	18.57143	229.6	l			ft
WE	wepp-99857	"11:58 am  Tuesday July 19, 2016"	"WMWRx +"	silt	25	forest	12	17	7	262.4	l			ft
WE	wepp-99972	"11:58 am  Tuesday July 19, 2016"	"WMWRx +"	silt	25	forest	20.5	35.58347	39.48	557.6	l			ft
WE	wepp-100086	"11:58 am  Tuesday July 19, 2016"	"WMWRx +"	silt	25	forest	17.66667	29.78035	50.60078	1000	l			ft
WE	wepp-100200	"11:58 am  Tuesday July 19, 2016"	"WMWRx +"	silt	25	forest	19	30.34423	31.11607	1000	l			ft
WE	wepp-100314	"11:58 am  Tuesday July 19, 2016"	"WMWRx +"	silt	25	forest	29.5	21.5	17.5	426.4	l			ft
WE	wepp-100428	"11:59 am  Tuesday July 19, 2016"	"WMWRx +"	silt	25	forest	19.80714	40.51003	20.30416	984	l			ft
WE	wepp-100542	"11:59 am  Tuesday July 19, 2016"	"WMWRx +"	silt	25	forest	16.125	40.49997	29.96571	1000	l			ft
WE	wepp-100656	"11:59 am  Tuesday July 19, 2016"	"WMWRx +"	silt	25	forest	15	28.17708	20.75	623.2	l			ft
WE	wepp-100770	"11:59 am  Tuesday July 19, 2016"	"WMWRx +"	silt	25	forest	19	26.71494	19.60417	1000	l			ft
WE	wepp-100884	"11:59 am  Tuesday July 19, 2016"	"WMWRx +"	silt	25	forest	17.2	36.34988	43.56619	1000	l			ft
WE	wepp-100998	"11:59 am  Tuesday July 19, 2016"	"WMWRx +"	silt	25	forest	34.98333	39.99304	32.22154	1000	l			ft
WE	wepp-101112	"12:00 pm  Tuesday July 19, 2016"	"WMWRx +"	silt	25	forest	14.08333	32.17351	38.27222	360.8	l			ft
WE	wepp-101226	"12:00 pm  Tuesday July 19, 2016"	"WMWRx +"	silt	25	forest	16.25	28.65333	19.425	623.2	l			ft
WE	wepp-101340	"12:00 pm  Tuesday July 19, 2016"	"WMWRx +"	silt	25	forest	61	55.84722	27.5	951.2	l			ft
WE	wepp-101454	"12:00 pm  Tuesday July 19, 2016"	"WMWRx +"	silt	25	forest	55.25	62.25428	36.55549	1000	l			ft
WE	wepp-101570	"12:00 pm  Tuesday July 19, 2016"	"WMWRx +"	silt	25	forest	12	27.66667	8.666667	262.4	l			ft
WE	wepp-101684	"12:01 pm  Tuesday July 19, 2016"	"WMWRx +"	silt	25	forest	20.55833	48.65042	42.75	1000	l			ft
WE	wepp-101799	"12:01 pm  Tuesday July 19, 2016"	"WMWRx +"	silt	25	forest	21.75	19.3125	14.5	459.2	l			ft
WE	wepp-101913	"12:01 pm  Tuesday July 19, 2016"	"WMWRx +"	silt	25	forest	19.75	41.18959	46.29691	1000	l			ft
WE	wepp-102027	"12:01 pm  Tuesday July 19, 2016"	"WMWRx +"	silt	25	forest	11	24.59524	29.5	557.6	l			ft
WE	wepp-102142	"12:01 pm  Tuesday July 19, 2016"	"WMWRx +"	silt	25	forest	17	57.61691	36.78656	1000	l			ft
WE	wepp-102256	"12:02 pm  Tuesday July 19, 2016"	"WMWRx +"	silt	25	forest	16	39.2122	44	1000	l			ft
WE	wepp-102371	"12:02 pm  Tuesday July 19, 2016"	"WMWRx +"	silt	25	forest	33	55.8262	38.25785	1000	l			ft
WE	wepp-102485	"12:02 pm  Tuesday July 19, 2016"	"WMWRx +"	silt	25	forest	23	40.27917	28.43366	1000	l			ft
WE	wepp-102599	"12:02 pm  Tuesday July 19, 2016"	"WMWRx +"	silt	25	forest	22.5	29.89583	25.5	360.8	l			ft
WE	wepp-102714	"12:02 pm  Tuesday July 19, 2016"	"WMWRx +"	silt	25	forest	13.75	38.06429	28.61667	557.6	l			ft
WE	wepp-102828	"12:02 pm  Tuesday July 19, 2016"	"WMWRx +"	silt	25	forest	13.4	27.03712	21.45	1000	l			ft
WE	wepp-102943	"12:03 pm  Tuesday July 19, 2016"	"WMWRx +"	silt	25	forest	18.16667	42.91395	46.91649	918.4	l			ft
WE	wepp-103058	"12:03 pm  Tuesday July 19, 2016"	"WMWRx +"	silt	25	forest	23	38.4091	37.62946	1000	l			ft
WE	wepp-103172	"12:03 pm  Tuesday July 19, 2016"	"WMWRx +"	silt	25	forest	12	30	25	98.4	l			ft
WE	wepp-103286	"12:03 pm  Tuesday July 19, 2016"	"WMWRx +"	silt	25	forest	16	24	6	229.6	l			ft
WE	wepp-103400	"12:03 pm  Tuesday July 19, 2016"	"WMWRx +"	silt	25	forest	25	25	12	98.4	l			ft
WE	wepp-103515	"12:04 pm  Tuesday July 19, 2016"	"WMWRx +"	silt	25	forest	23.5	62.36012	53.11255	623.2	l			ft
WE	wepp-103630	"12:04 pm  Tuesday July 19, 2016"	"WMWRx +"	silt	25	forest	5	16.60417	16.25	360.8	l			ft
WE	wepp-103744	"12:04 pm  Tuesday July 19, 2016"	"WMWRx +"	silt	25	forest	8	23.13484	22.54003	1000	l			ft
WE	wepp-103889	"12:04 pm  Tuesday July 19, 2016"	"WMWRx +"	sand	25	forest	30.33333	13.54167	13.43651	688.8	l			ft
WE	wepp-104003	"12:04 pm  Tuesday July 19, 2016"	"WMWRx +"	sand	25	forest	5	14.65	8	196.8	l			ft
WE	wepp-104117	"12:05 pm  Tuesday July 19, 2016"	"WMWRx +"	sand	25	forest	8.666667	22.25539	29.09583	1000	l			ft
WE	wepp-104231	"12:05 pm  Tuesday July 19, 2016"	"WMWRx +"	sand	25	forest	15.2	26.64928	16.6	1000	l			ft
WE	wepp-104345	"12:05 pm  Tuesday July 19, 2016"	"WMWRx +"	sand	25	forest	17.5	28.29032	20.375	1000	l			ft
WE	wepp-104459	"12:05 pm  Tuesday July 19, 2016"	"WMWRx +"	sand	25	forest	25.4	25.03153	5.933333	1000	l			ft
WE	wepp-104573	"12:05 pm  Tuesday July 19, 2016"	"WMWRx +"	sand	25	forest	13.875	34.83079	44.83055	1000	l			ft
WE	wepp-104687	"12:05 pm  Tuesday July 19, 2016"	"WMWRx +"	sand	25	forest	12	20.57296	37.63302	1000	l			ft
WE	wepp-104801	"12:06 pm  Tuesday July 19, 2016"	"WMWRx +"	sand	25	forest	35.66667	30.78571	32.5	721.6	l			ft
WE	wepp-104915	"12:06 pm  Tuesday July 19, 2016"	"WMWRx +"	sand	25	forest	15.33333	43.29427	30.125	1000	l			ft
WE	wepp-105030	"12:06 pm  Tuesday July 19, 2016"	"WMWRx +"	sand	25	forest	13.5	42.41995	52.63333	1000	l			ft
WE	wepp-105144	"12:06 pm  Tuesday July 19, 2016"	"WMWRx +"	silt	45	forest	17.75	41.35415	59.75699	1000	l			ft
WE	wepp-105259	"12:06 pm  Tuesday July 19, 2016"	"WMWRx +"	sand	25	forest	18.2	32.11592	39.83001	1000	l			ft
WE	wepp-105373	"12:07 pm  Tuesday July 19, 2016"	"WMWRx +"	silt	45	forest	10	28.13333	28.33333	360.8	l			ft
WE	wepp-105487	"12:07 pm  Tuesday July 19, 2016"	"WMWRx +"	sand	25	forest	11.08333	31.93405	42.79798	1000	l			ft
WE	wepp-105601	"12:07 pm  Tuesday July 19, 2016"	"WMWRx +"	sand	25	forest	18	48.92097	45.7037	754.4	l			ft
WE	wepp-105715	"12:07 pm  Tuesday July 19, 2016"	"WMWRx +"	sand	25	forest	15	47.31905	34.74286	524.8	l			ft
WE	wepp-105829	"12:07 pm  Tuesday July 19, 2016"	"WMWRx +"	sand	25	forest	10.06667	39.23417	29.04444	1000	l			ft
WE	wepp-105943	"12:07 pm  Tuesday July 19, 2016"	"WMWRx +"	silt	50	forest	16.13	27.36986	28.05711	1000	l			ft
WE	wepp-106057	"12:08 pm  Tuesday July 19, 2016"	"WMWRx +"	sand	25	forest	26	43.22222	44.4	360.8	l			ft
WE	wepp-106171	"12:08 pm  Tuesday July 19, 2016"	"WMWRx +"	sand	25	forest	16.33333	21.54275	36.74783	1000	l			ft
WE	wepp-106285	"12:08 pm  Tuesday July 19, 2016"	"WMWRx +"	sand	25	forest	15.6	30.33054	34.17778	1000	l			ft
WE	wepp-106399	"12:08 pm  Tuesday July 19, 2016"	"WMWRx +"	silt	25	forest	30.5	28.59792	26.41667	820	l			ft
WE	wepp-106513	"12:08 pm  Tuesday July 19, 2016"	"WMWRx +"	silt	25	forest	54.875	59.87452	42.17039	951.2	l			ft
WE	wepp-106638	"12:09 pm  Tuesday July 19, 2016"	"WMWRx +"	silt	25	forest	35.22917	63.99451	42	1000	l			ft
WE	wepp-106752	"12:09 pm  Tuesday July 19, 2016"	"WMWRx +"	silt	25	forest	11.83333	22.62809	13.34127	754.4	l			ft
WE	wepp-106868	"12:09 pm  Tuesday July 19, 2016"	"WMWRx +"	silt	25	forest	25.77333	60.37284	28.67726	1000	l			ft
WE	wepp-106982	"12:09 pm  Tuesday July 19, 2016"	"WMWRx +"	sand	25	forest	36.66667	56.48941	34.4375	1000	l			ft
WE	wepp-107099	"12:09 pm  Tuesday July 19, 2016"	"WMWRx +"	silt	25	forest	21.125	39.36203	39.45787	1000	l			ft
WE	wepp-107241	"12:10 pm  Tuesday July 19, 2016"	"WMWRx +"	silt	45	forest	0	0	7	4.8	l			ft
WE	wepp-107355	"12:10 pm  Tuesday July 19, 2016"	"WMWRx +"	silt	45	forest	25.20333	39.32147	43.43038	1000	l			ft
WE	wepp-107469	"12:10 pm  Tuesday July 19, 2016"	"WMWRx +"	sand	25	forest	10	16.4	10	229.6	l			ft
WE	wepp-107583	"12:10 pm  Tuesday July 19, 2016"	"WMWRx +"	sand	25	forest	0	0	0	4.8	l			ft
WE	wepp-107697	"12:10 pm  Tuesday July 19, 2016"	"WMWRx +"	sand	25	forest	13.5	28.66667	20.57143	131.2	l			ft
WE	wepp-107811	"12:10 pm  Tuesday July 19, 2016"	"WMWRx +"	silt	45	forest	7	8	3.333333	98.4	l			ft
WE	wepp-107925	"12:11 pm  Tuesday July 19, 2016"	"WMWRx +"	silt	50	forest	9.833333	23.13907	22.90215	590.4	l			ft
WE	wepp-108039	"12:11 pm  Tuesday July 19, 2016"	"WMWRx +"	silt	25	forest	7	14.50333	9.857143	196.8	l			ft
WE	wepp-108153	"12:11 pm  Tuesday July 19, 2016"	"WMWRx +"	silt	25	forest	2	15.90333	28.89167	459.2	l			ft
WE	wepp-108267	"12:11 pm  Tuesday July 19, 2016"	"WMWRx +"	silt	25	forest	8	14	8	131.2	l			ft
WE	wepp-108381	"12:11 pm  Tuesday July 19, 2016"	"WMWRx +"	silt	25	forest	17	28	12	98.4	l			ft
WE	wepp-108495	"12:12 pm  Tuesday July 19, 2016"	"WMWRx +"	silt	25	forest	11.25	17.93939	19.13333	393.6	l			ft
WE	wepp-108609	"12:12 pm  Tuesday July 19, 2016"	"WMWRx +"	silt	25	forest	15	23.73333	12.75	131.2	l			ft
WE	wepp-108723	"12:12 pm  Tuesday July 19, 2016"	"WMWRx +"	silt	25	forest	7	12.5	5.666667	65.6	l			ft
WE	wepp-108837	"12:12 pm  Tuesday July 19, 2016"	"WMWRx +"	silt	25	forest	12.17381	27.17207	0	492	l			ft
WE	wepp-108951	"12:12 pm  Tuesday July 19, 2016"	"WMWRx +"	silt	25	forest	10	20	10	65.6	l			ft
WE	wepp-109065	"12:13 pm  Tuesday July 19, 2016"	"WMWRx +"	silt	25	forest	9.214583	18.33083	0	852.8	l			ft
WE	wepp-109179	"12:13 pm  Tuesday July 19, 2016"	"WMWRx +"	silt	25	forest	8.8	15.64954	0	1000	l			ft
WE	wepp-109293	"12:13 pm  Tuesday July 19, 2016"	"WMWRx +"	silt	25	forest	14.5	0	0	295.2	l			ft
WE	wepp-109407	"12:13 pm  Tuesday July 19, 2016"	"WMWRx +"	silt	25	forest	5	11.875	4.4	196.8	l			ft
WE	wepp-109521	"12:13 pm  Tuesday July 19, 2016"	"WMWRx +"	silt	25	forest	18.66667	0	0	98.4	l			ft
WE	wepp-109635	"12:14 pm  Tuesday July 19, 2016"	"WMWRx +"	silt	25	forest	19.66667	0	0	65.6	l			ft
WE	wepp-109751	"12:14 pm  Tuesday July 19, 2016"	"WMWRx +"	silt	25	forest	23.375	18.25	0	1000	l			ft
WE	wepp-208216	"08:38 am  Monday July 25, 2016"	"WMWRx +"	clay	20	forest	0	50	30	300	l			ft
