WD	wepp-19925	"11:37 am  Friday September 20, 2013"	"MONUMENT 2 OR +"	30	loam	Sod	1150	60	60	40	10	OldForest	50	40	5	100	10	0	ft	"1 loam pg"
WD	wepp-20185	"11:46 am  Friday September 20, 2013"	"MONUMENT 2 OR +"	30	loam	Sod	1175	60	60	40	10	OldForest	25	40	5	100	10	0	ft	"2 loam poor grasss"
WD	wepp-20228	"11:49 am  Friday September 20, 2013"	"MONUMENT 2 OR +"	30	loam	Sod	1195	60	60	40	10	OldForest	5	40	5	100	10	0	ft	"3 loam poor grasss"
WD	wepp-21380	"12:31 pm  Friday September 20, 2013"	"MONUMENT 2 OR +"	30	loam	Sod	1150	60	60	40	10	OldForest	50	50	5	100	10	0	ft	"4 loam poor grasss"
WD	wepp-21421	"12:33 pm  Friday September 20, 2013"	"MONUMENT 2 OR +"	30	loam	Sod	1175	60	60	40	10	OldForest	25	50	5	100	10	0	ft	"5 loam poor grasss"
WD	wepp-21618	"12:35 pm  Friday September 20, 2013"	"MONUMENT 2 OR +"	30	loam	Sod	1195	60	60	40	10	OldForest	5	50	5	100	10	0	ft	"6 loam poor grasss"
WD	wepp-21884	"12:37 pm  Friday September 20, 2013"	"MONUMENT 2 OR +"	30	loam	Sod	1150	60	60	40	10	OldForest	50	60	5	100	10	0	ft	"7 loam poor grasss"
WD	wepp-21948	"12:40 pm  Friday September 20, 2013"	"MONUMENT 2 OR +"	30	loam	Sod	1175	60	60	40	10	OldForest	25	60	5	100	10	0	ft	"8 loam poor grasss"
WD	wepp-22099	"12:42 pm  Friday September 20, 2013"	"MONUMENT 2 OR +"	30	loam	Sod	1195	60	60	40	10	OldForest	5	60	5	100	10	0	ft	"9 loam poor grasss"
WD	wepp-22170	"12:44 pm  Friday September 20, 2013"	"MONUMENT 2 OR +"	30	silt	Sod	1150	60	60	40	10	OldForest	50	40	5	100	10	0	ft	"1 silt loam poor grasss"
WD	wepp-22502	"12:47 pm  Friday September 20, 2013"	"MONUMENT 2 OR +"	30	silt	Sod	1175	60	60	40	10	OldForest	25	40	5	100	10	0	ft	"1 silt loam poor grasss"
WD	wepp-22778	"12:47 pm  Friday September 20, 2013"	"MONUMENT 2 OR +"	30	silt	Sod	1175	60	60	40	10	OldForest	25	40	5	100	10	0	ft	"2 silt loam poor grasss"
WD	wepp-23551	"12:49 pm  Friday September 20, 2013"	"MONUMENT 2 OR +"	30	silt	Sod	1195	60	60	40	10	OldForest	5	40	5	100	10	0	ft	"23silt loam poor grasss"
WD	wepp-24817	"12:53 pm  Friday September 20, 2013"	"MONUMENT 2 OR +"	30	silt	Sod	1195	60	60	40	10	OldForest	5	40	5	100	10	0	ft	"3silt loam poor grasss"
WD	wepp-25428	"12:55 pm  Friday September 20, 2013"	"MONUMENT 2 OR +"	30	silt	Sod	1150	60	60	40	10	OldForest	50	50	5	100	10	0	ft	"4 silt loam poor grasss"
WD	wepp-26199	"12:57 pm  Friday September 20, 2013"	"MONUMENT 2 OR +"	30	silt	Sod	1175	60	60	40	10	OldForest	25	50	5	100	10	0	ft	"5 silt loam poor grasss"
WD	wepp-27053	"12:59 pm  Friday September 20, 2013"	"MONUMENT 2 OR +"	30	silt	Sod	1195	60	60	40	10	OldForest	5	50	5	100	10	0	ft	"6 silt loam poor grasss"
WD	wepp-28092	"01:02 pm  Friday September 20, 2013"	"MONUMENT 2 OR +"	30	silt	Sod	1195	60	60	40	10	OldForest	5	40	5	100	10	0	ft	"3 silt loam poor grasss"
WD	wepp-28320	"01:03 pm  Friday September 20, 2013"	"MONUMENT 2 OR +"	30	silt	Sod	1150	60	60	40	10	OldForest	50	60	5	100	10	0	ft	"7 silt loam poor grasss"
WD	wepp-28340	"01:05 pm  Friday September 20, 2013"	"MONUMENT 2 OR +"	30	silt	Sod	1175	60	60	40	10	OldForest	25	60	5	100	10	0	ft	"8 silt loam poor grasss"
WD	wepp-28476	"01:08 pm  Friday September 20, 2013"	"MONUMENT 2 OR +"	30	silt	Sod	1195	60	60	40	10	OldForest	5	60	5	100	10	0	ft	"9 silt loam poor grasss"
WD	wepp-30395	"02:06 pm  Friday September 20, 2013"	"MONUMENT 2 OR +"	30	loam	Skid	1125	35	35	10	10	OldForest	75	30	5	100	10	0	ft	"13 loam skid trail"
WD	wepp-30506	"02:09 pm  Friday September 20, 2013"	"MONUMENT 2 OR +"	30	loam	Skid	1150	35	35	10	10	OldForest	50	30	5	100	10	0	ft	"14 loam skid trail"
WD	wepp-9750	"03:59 pm  Friday September 20, 2013"	"MONUMENT 2 OR +"	30	loam	Skid	1175	35	35	10	10	OldForest	25	30	5	100	10	0	ft	"15 loam skid trail"
WD	wepp-9791	"04:01 pm  Friday September 20, 2013"	"MONUMENT 2 OR +"	30	loam	Skid	1195	35	35	10	10	OldForest	5	30	5	100	10	0	ft	"16 loam skid trail"
WD	wepp-30754	"12:26 pm  Monday September 23, 2013"	"MONUMENT 2 OR +"	30	loam	Skid	695	35	35	10	10	OldForest	5	10	5	100	10	0	ft	"1 loam skid trail"
WD	wepp-31061	"12:48 pm  Monday September 23, 2013"	"MONUMENT 2 OR +"	30	loam	Skid	695	10	10	10	10	OldForest	5	10	5	100	10	0	ft	"1 loam skid trail"
WD	wepp-31081	"12:50 pm  Monday September 23, 2013"	"MONUMENT 2 OR +"	30	loam	Skid	695	5	5	10	10	OldForest	5	5	5	100	10	0	ft	"1 loam skid trail"
WD	wepp-31101	"12:51 pm  Monday September 23, 2013"	"MONUMENT 2 OR +"	30	loam	Skid	300	5	5	10	10	OldForest	5	5	5	100	10	0	ft	"1 loam skid trail"
WD	wepp-31149	"12:53 pm  Monday September 23, 2013"	"MONUMENT 2 OR +"	30	loam	Skid	675	35	35	10	10	OldForest	25	10	5	100	10	0	ft	"1 loam skid trail"
WD	wepp-31169	"12:55 pm  Monday September 23, 2013"	"MONUMENT 2 OR +"	30	loam	Skid	675	35	35	10	10	OldForest	25	10	5	100	10	0	ft	"2 loam skid trail"
WD	wepp-31216	"12:58 pm  Monday September 23, 2013"	"MONUMENT 2 OR +"	30	loam	Skid	650	35	35	10	10	OldForest	50	10	5	100	10	0	ft	"3 loam skid trail"
WD	wepp-31260	"01:00 pm  Monday September 23, 2013"	"MONUMENT 2 OR +"	30	loam	Skid	625	35	35	10	10	OldForest	75	10	5	100	10	0	ft	"4 loam skid trail"
WD	wepp-440	"01:11 pm  Monday September 23, 2013"	"MONUMENT 2 OR +"	30	loam	Skid	600	35	35	10	10	OldForest	100	10	5	100	10	0	ft	"5 loam skid trail"
WD	wepp-1462	"01:15 pm  Monday September 23, 2013"	"MONUMENT 2 OR +"	30	loam	Skid	600	35	35	10	10	OldForest	100	10	5	100	10	0	ft	"5 loam skid trail"
WD	wepp-2158	"01:17 pm  Monday September 23, 2013"	"MONUMENT 2 OR +"	30	loam	Skid	695	35	35	10	10	OldForest	5	20	5	100	10	0	ft	"6 loam skid trail"
WD	wepp-2731	"01:19 pm  Monday September 23, 2013"	"MONUMENT 2 OR +"	30	loam	Skid	675	35	35	10	10	OldForest	25	20	5	100	10	0	ft	"7 loam skid trail"
WD	wepp-2908	"01:22 pm  Monday September 23, 2013"	"MONUMENT 2 OR +"	30	loam	Skid	650	35	35	10	10	OldForest	50	20	5	100	10	0	ft	"8 loam skid trail"
WD	wepp-2981	"01:28 pm  Monday September 23, 2013"	"MONUMENT 2 OR +"	30	loam	Skid	625	35	35	10	10	OldForest	75	20	5	100	10	0	ft	"9 loam skid trail"
WD	wepp-3067	"01:34 pm  Monday September 23, 2013"	"MONUMENT 2 OR +"	30	loam	Skid	600	35	35	10	10	OldForest	100	20	5	100	10	0	ft	"10 loam skid trail"
WD	wepp-3108	"01:36 pm  Monday September 23, 2013"	"MONUMENT 2 OR +"	30	loam	Skid	695	35	35	10	10	OldForest	5	30	5	100	10	0	ft	"11 loam skid trail"
WD	wepp-3176	"01:38 pm  Monday September 23, 2013"	"MONUMENT 2 OR +"	30	loam	Skid	675	35	35	10	10	OldForest	25	30	5	100	10	0	ft	"12 loam skid trail"
WD	wepp-3218	"01:40 pm  Monday September 23, 2013"	"MONUMENT 2 OR +"	30	loam	Skid	650	35	35	10	10	OldForest	50	30	5	100	10	0	ft	"13 loam skid trail"
WD	wepp-3313	"01:43 pm  Monday September 23, 2013"	"MONUMENT 2 OR +"	30	loam	Skid	625	35	35	10	10	OldForest	75	30	5	100	10	0	ft	"14 loam skid trail"
WD	wepp-3383	"01:45 pm  Monday September 23, 2013"	"MONUMENT 2 OR +"	30	loam	Skid	600	35	35	10	10	OldForest	100	30	5	100	10	0	ft	"15 loam skid trail"
WD	wepp-4024	"02:19 pm  Monday September 23, 2013"	"MONUMENT 2 OR +"	30	loam	Skid	695	35	35	10	10	OldForest	5	40	5	100	10	0	ft	"16 loam skid trail"
WD	wepp-4496	"02:51 pm  Monday September 23, 2013"	"MONUMENT 2 OR +"	30	loam	Skid	295	35	35	10	10	OldForest	5	10	5	100	10	0	ft	"21 loam skid trail"
WD	wepp-4604	"02:55 pm  Monday September 23, 2013"	"MONUMENT 2 OR +"	30	loam	Skid	250	35	35	10	10	OldForest	50	10	5	100	10	0	ft	"23 loam skid trail"
WD	wepp-4704	"02:59 pm  Monday September 23, 2013"	"MONUMENT 2 OR +"	30	loam	Skid	295	35	35	10	10	OldForest	5	20	5	100	10	0	ft	"26 loam skid trail"
WD	wepp-4762	"03:01 pm  Monday September 23, 2013"	"MONUMENT 2 OR +"	30	loam	Skid	250	35	35	10	10	OldForest	50	20	5	100	10	0	ft	"28 loam skid trail"
WD	wepp-4874	"03:05 pm  Monday September 23, 2013"	"MONUMENT 2 OR +"	30	loam	Skid	295	35	35	10	10	OldForest	5	30	5	100	10	0	ft	"31 loam skid trail"
WD	wepp-6385	"03:28 pm  Monday September 23, 2013"	"MONUMENT 2 OR +"	30	loam	Skid	250	35	35	10	10	OldForest	50	30	5	100	10	0	ft	"33 loam skid trail"
WD	wepp-6524	"03:32 pm  Monday September 23, 2013"	"MONUMENT 2 OR +"	30	loam	Skid	200	35	35	10	10	OldForest	100	30	5	100	10	0	ft	"35 loam skid trail"
WD	wepp-6661	"03:34 pm  Monday September 23, 2013"	"MONUMENT 2 OR +"	30	loam	Skid	295	35	35	10	10	OldForest	5	40	5	100	10	0	ft	"36 loam skid trail"
WD	wepp-6707	"03:36 pm  Monday September 23, 2013"	"MONUMENT 2 OR +"	30	loam	Skid	250	35	35	10	10	OldForest	50	40	5	100	10	0	ft	"38 loam skid trail"
WD	wepp-6799	"03:39 pm  Monday September 23, 2013"	"MONUMENT 2 OR +"	30	loam	OldForest	695	35	35	100	10	OldForest	5	10	5	100	10	0	ft	"41 loam mature forest"
WD	wepp-6863	"03:41 pm  Monday September 23, 2013"	"MONUMENT 2 OR +"	30	loam	OldForest	695	35	35	100	10	OldForest	5	20	5	100	10	0	ft	"42 loam mature forest"
WD	wepp-6883	"03:42 pm  Monday September 23, 2013"	"MONUMENT 2 OR +"	30	loam	OldForest	695	35	35	100	10	OldForest	5	60	5	100	10	0	ft	"46 loam mature forest"
WD	wepp-6959	"03:44 pm  Monday September 23, 2013"	"MONUMENT 2 OR +"	30	loam	OldForest	295	35	35	100	10	OldForest	5	60	5	100	10	0	ft	"52 loam mature forest"
WD	wepp-7069	"03:53 pm  Monday September 23, 2013"	"MONUMENT 2 OR +"	30	loam	Skid	145	25	25	10	10	OldForest	5	10	5	100	10	0	ft	"53 loam skid trail"
WD	wepp-7178	"03:57 pm  Monday September 23, 2013"	"MONUMENT 2 OR +"	30	loam	Skid	675	35	35	10	10	OldForest	25	40	5	100	10	0	ft	"17 loam skid trail"
WD	wepp-7266	"03:59 pm  Monday September 23, 2013"	"MONUMENT 2 OR +"	30	loam	Skid	650	35	35	10	10	YoungForest	50	40	5	100	10	0	ft	"18 loam skid trail"
WD	wepp-7323	"04:00 pm  Monday September 23, 2013"	"MONUMENT 2 OR +"	30	loam	Skid	675	35	35	10	10	OldForest	25	40	5	100	10	0	ft	"18 loam skid trail"
WD	wepp-7344	"04:01 pm  Monday September 23, 2013"	"MONUMENT 2 OR +"	30	loam	Skid	650	35	35	10	10	OldForest	50	40	5	100	10	0	ft	"18 loam skid trail"
WD	wepp-7426	"04:03 pm  Monday September 23, 2013"	"MONUMENT 2 OR +"	30	loam	Skid	625	35	35	10	10	OldForest	75	40	5	100	10	0	ft	"19 loam skid trail"
WD	wepp-7531	"04:05 pm  Monday September 23, 2013"	"MONUMENT 2 OR +"	30	loam	Skid	600	35	35	10	10	OldForest	100	40	5	100	10	0	ft	"20 loam skid trail"
WD	wepp-7614	"04:07 pm  Monday September 23, 2013"	"MONUMENT 2 OR +"	30	loam	Skid	275	35	35	10	10	OldForest	25	10	5	100	10	0	ft	"22 loam skid trail"
WD	wepp-7733	"04:09 pm  Monday September 23, 2013"	"MONUMENT 2 OR +"	30	loam	Skid	225	35	35	10	10	OldForest	75	10	5	100	10	0	ft	"24 loam skid trail"
WD	wepp-7786	"04:11 pm  Monday September 23, 2013"	"MONUMENT 2 OR +"	30	loam	Skid	200	35	35	10	10	OldForest	100	10	5	100	10	0	ft	"25 loam skid trail"
WD	wepp-7809	"04:13 pm  Monday September 23, 2013"	"MONUMENT 2 OR +"	30	loam	Skid	275	35	35	10	10	OldForest	25	20	5	100	10	0	ft	"27 loam skid trail"
WD	wepp-7879	"04:18 pm  Monday September 23, 2013"	"MONUMENT 2 OR +"	30	loam	Skid	225	35	35	10	10	OldForest	75	20	5	100	10	0	ft	"29 loam skid trail"
WD	wepp-7928	"04:19 pm  Monday September 23, 2013"	"MONUMENT 2 OR +"	30	loam	Skid	200	35	35	10	10	OldForest	100	20	5	100	10	0	ft	"30 loam skid trail"
WD	wepp-7950	"04:21 pm  Monday September 23, 2013"	"MONUMENT 2 OR +"	30	loam	Skid	275	35	35	10	10	OldForest	25	30	5	100	10	0	ft	"32 loam skid trail"
WD	wepp-7998	"04:24 pm  Monday September 23, 2013"	"MONUMENT 2 OR +"	30	loam	Skid	225	35	35	10	10	OldForest	75	30	5	100	10	0	ft	"34 loam skid trail"
WD	wepp-8019	"04:26 pm  Monday September 23, 2013"	"MONUMENT 2 OR +"	30	loam	Skid	275	35	35	10	10	OldForest	25	40	5	100	10	0	ft	"37 loam skid trail"
WD	wepp-8039	"04:28 pm  Monday September 23, 2013"	"MONUMENT 2 OR +"	30	loam	Skid	225	35	35	10	10	OldForest	75	40	5	100	10	0	ft	"39 loam skid trail"
WD	wepp-8105	"04:30 pm  Monday September 23, 2013"	"MONUMENT 2 OR +"	30	loam	Skid	200	35	35	10	10	OldForest	100	40	5	100	10	0	ft	"40 loam skid trail"
WD	wepp-15717	"03:58 pm  Wednesday September 25, 2013"	"MONUMENT 2 OR +"	10	loam	Skid	625	35	35	10	10	OldForest	75	10	5	100	10	0	ft	""
WD	wepp-15764	"03:59 pm  Wednesday September 25, 2013"	"MONUMENT 2 OR +"	30	loam	Skid	625	35	35	10	10	OldForest	75	10	5	100	10	0	ft	""
WD	wepp-15803	"04:00 pm  Wednesday September 25, 2013"	"MONUMENT 2 OR +"	30	loam	HighFire	625	35	35	45	10	LowFire	75	10	5	85	10	0	ft	""
WD	wepp-15823	"04:01 pm  Wednesday September 25, 2013"	"MONUMENT 2 OR +"	30	loam	HighFire	625	35	35	45	10	HighFire	75	10	5	45	10	0	ft	""
