WD	wepp-17367	"09:46 am  Sunday May 22, 2011"	"Mayhill modified. +"	10	sand	HighFire	100	20	35	5	45	HighFire	100	35	20	45	45	0	ft	"791C high"
WD	wepp-17387	"09:47 am  Sunday May 22, 2011"	"Mayhill modified. +"	30	sand	HighFire	200	20	35	5	45	HighFire	200	35	20	45	45	0	ft	"791C high"
WD	wepp-17434	"09:48 am  Sunday May 22, 2011"	"Mayhill modified. +"	30	sand	HighFire	200	20	35	5	45	HighFire	200	35	20	5	45	0	ft	"791C high"
WD	wepp-17454	"09:49 am  Sunday May 22, 2011"	"Mayhill modified. +"	30	sand	HighFire	300	20	35	5	45	HighFire	300	35	20	5	45	0	ft	"791C high"
WD	wepp-17474	"09:50 am  Sunday May 22, 2011"	"Mayhill modified. +"	30	sand	HighFire	300	25	40	5	40	HighFire	300	40	25	5	40	0	ft	"791C high"
WD	wepp-17524	"09:53 am  Sunday May 22, 2011"	"Mayhill modified. +"	10	clay	HighFire	300	15	40	0	35	HighFire	300	40	25	40	35	0	ft	""
WD	wepp-17544	"09:53 am  Sunday May 22, 2011"	"Mayhill modified. +"	10	silt	HighFire	300	15	40	0	35	HighFire	300	40	25	40	35	0	ft	""
WD	wepp-17571	"09:54 am  Sunday May 22, 2011"	"Mayhill modified. +"	10	silt	HighFire	300	15	40	0	35	HighFire	300	40	25	40	35	0	ft	""
WD	wepp-17591	"09:54 am  Sunday May 22, 2011"	"Mayhill modified. +"	10	silt	HighFire	300	25	40	0	35	HighFire	300	40	25	40	35	0	ft	""
WD	wepp-17611	"09:55 am  Sunday May 22, 2011"	"Mayhill modified. +"	10	silt	HighFire	400	25	40	0	35	HighFire	400	40	25	0	35	0	ft	""
WD	wepp-17631	"09:55 am  Sunday May 22, 2011"	"Mayhill modified. +"	30	silt	HighFire	400	25	40	0	35	HighFire	400	40	25	0	35	0	ft	""
WD	wepp-17651	"09:56 am  Sunday May 22, 2011"	"Mayhill modified. +"	30	clay	HighFire	400	25	40	0	35	HighFire	400	40	25	0	35	0	ft	""
WD	wepp-17671	"09:56 am  Sunday May 22, 2011"	"Mayhill modified. +"	1	clay	HighFire	400	25	40	0	35	HighFire	400	40	25	0	35	0	ft	""
WD	wepp-17691	"09:56 am  Sunday May 22, 2011"	"Mayhill modified. +"	3	clay	HighFire	400	25	40	0	35	HighFire	400	40	25	0	35	0	ft	""
WD	wepp-17711	"09:57 am  Sunday May 22, 2011"	"Mayhill modified. +"	10	clay	HighFire	400	25	40	0	35	HighFire	400	40	25	0	35	0	ft	""
WD	wepp-17806	"10:07 am  Sunday May 22, 2011"	"Mayhill modified. +"	1	clay	HighFire	400	25	40	0	35	HighFire	400	40	25	0	35	0	ft	""
WD	wepp-17853	"10:07 am  Sunday May 22, 2011"	"Mayhill modified. +"	2	clay	HighFire	400	25	40	0	35	HighFire	400	40	25	0	35	0	ft	""
WD	wepp-17905	"10:13 am  Sunday May 22, 2011"	"Mayhill modified. +"	2	clay	HighFire	400	25	35	0	35	HighFire	400	35	25	0	35	0	ft	""
WD	wepp-17999	"10:24 am  Sunday May 22, 2011"	"Mayhill modified. +"	2	clay	HighFire	400	25	35	0	35	HighFire	400	35	25	0	35	0	ft	""
WD	wepp-18019	"10:24 am  Sunday May 22, 2011"	"Mayhill modified. +"	2	sand	HighFire	400	25	35	0	35	HighFire	400	35	25	0	35	0	ft	""
WD	wepp-18039	"10:24 am  Sunday May 22, 2011"	"Mayhill modified. +"	2	loam	HighFire	400	25	35	0	50	HighFire	400	35	25	0	35	0	ft	""
WD	wepp-18059	"10:25 am  Sunday May 22, 2011"	"Mayhill modified. +"	2	silt	HighFire	400	25	35	0	50	HighFire	400	35	25	0	35	0	ft	""
WD	wepp-18079	"10:25 am  Sunday May 22, 2011"	"Mayhill modified. +"	2	sand	HighFire	400	25	35	0	50	HighFire	400	35	25	0	35	0	ft	""
WD	wepp-18099	"10:25 am  Sunday May 22, 2011"	"Mayhill modified. +"	2	silt	HighFire	300	25	35	0	40	HighFire	300	35	25	0	40	0	ft	""
WD	wepp-18146	"10:28 am  Sunday May 22, 2011"	"Mayhill modified. +"	2	silt	LowFire	300	25	35	60	40	LowFire	300	35	25	60	40	0	ft	""
WD	wepp-18166	"10:28 am  Sunday May 22, 2011"	"Mayhill modified. +"	2	silt	LowFire	300	25	35	50	40	LowFire	300	35	25	50	40	0	ft	""
WD	wepp-18291	"10:40 am  Sunday May 22, 2011"	"Mayhill modified. +"	2	silt	LowFire	300	25	40	40	40	LowFire	300	40	25	40	40	0	ft	""
WD	wepp-18312	"10:41 am  Sunday May 22, 2011"	"Mayhill modified. +"	2	silt	HighFire	300	25	40	15	40	HighFire	300	40	25	15	40	0	ft	""
