WE	wepp-9906	"12:40 pm  Monday August 9, 1905"	"STEVENSVILLE MT +"	sand	50	forest	0	50	30	100	m			ft
WE	wepp-10069	"12:48 pm  Monday August 9, 1905"	"STEVENSVILLE MT +"	sand	50	forest	0	50	30	100	h			ft
WE	wepp-10257	"12:55 pm  Monday August 9, 1907"	"STEVENSVILLE MT 35" +"	clay	50	forest	0	50	30	100	m			ft
WE	wepp-10330	"12:56 pm  Monday August 9, 1940"	"STEVENSVILLE MT 35" +"	silt	50	forest	0	50	30	100	m			ft
WE	wepp-10422	"12:57 pm  Monday August 9, 1947"	"STEVENSVILLE MT 35" +"	sand	50	forest	0	50	30	100	m			ft
WE	wepp-10492	"12:57 pm  Monday August 9, 1947"	"STEVENSVILLE MT 35" +"	sand	50	forest	0	50	30	100	h			ft
WE	wepp-10729	"01:09 pm  Monday August 9, 1907"	"STEVENSVILLE MT 35" +"	clay	50	forest	0	50	30	100	h			ft
WD	wepp-11045	"01:24 pm  Monday August 9, 2010"	"STEVENSVILLE MT 35" +"	50	sand	high	100	0	45	60	50	low	50	45	5	100	20	0	ft	""
WD	wepp-11052	"01:25 pm  Monday August 9, 2010"	"STEVENSVILLE MT 35" +"	50	sand	high	100	0	45	60	50	low	50	45	5	100	20	0	ft	"high to low severity"
WD	wepp-11063	"01:26 pm  Monday August 9, 2010"	"STEVENSVILLE MT 35" +"	50	sand	high	100	0	45	60	50	low	50	45	5	100	20	0	ft	"high to high severity"
WD	wepp-11072	"01:27 pm  Monday August 9, 2010"	"STEVENSVILLE MT 35" +"	50	sand	high	100	0	45	60	50	high	50	45	5	60	50	0	ft	"high to high severity"
WE	wepp-11225	"01:41 pm  Monday August 9, 1947"	"STEVENSVILLE MT 35" +"	sand	50	forest	0	50	30	100	l			ft
WE	wepp-11437	"01:51 pm  Monday August 9, 1947"	"STEVENSVILLE MT 35" +"	sand	50	forest	0	50	30	100	h			ft
WD	wepp-27486	"11:35 am  Tuesday August 10, 2010"	"STEVENSVILLE MT 35" +"	50	sand	high	50	0	50	50	50	high	50	50	10	50	50	0	ft	""
WD	wepp-27521	"11:36 am  Tuesday August 10, 2010"	"STEVENSVILLE MT 35" +"	50	sand	high	50	0	50	35	50	high	50	50	10	35	50	0	ft	""
WD	wepp-27530	"11:37 am  Tuesday August 10, 2010"	"STEVENSVILLE MT 35" +"	50	sand	tree20	50	0	50	35	50	tree20	50	50	10	35	50	0	ft	""
WD	wepp-27535	"11:38 am  Tuesday August 10, 2010"	"STEVENSVILLE MT 35" +"	50	sand	tree20	50	0	50	65	50	tree20	50	50	10	85	50	0	ft	""
WR	wepp-14251	"10:10 am  Tuesday March 22, 2011"	"AMBROSE ROAD +"	50	sand	graveled	200	5	16	10	50	5	25	20	inbare	ft
WR	wepp-14257	"10:12 am  Tuesday March 22, 2011"	"AMBROSE ROAD +"	50	sand	graveled	100	5	16	10	50	5	25	20	inbare	ft
WR	wepp-14263	"10:13 am  Tuesday March 22, 2011"	"AMBROSE ROAD +"	50	sand	graveled	100	5	16	10	50	5	25	20	inbare	ft
WR	wepp-14289	"10:15 am  Tuesday March 22, 2011"	"AMBROSE ROAD +"	50	sand	graveled	100	5	16	10	50	25	25	20	inbare	ft
WR	wepp-14295	"10:16 am  Tuesday March 22, 2011"	"AMBROSE ROAD +"	50	sand	graveled	100	5	16	10	50	25	25	20	inbare	ft
WR	wepp-14302	"10:18 am  Tuesday March 22, 2011"	"AMBROSE ROAD +"	50	silt	graveled	100	5	16	10	50	25	25	20	inbare	ft
WR	wepp-14337	"10:19 am  Tuesday March 22, 2011"	"AMBROSE ROAD +"	50	silt	graveled	100	5	16	10	50	25	25	20	inbare	ft
WR	wepp-14343	"10:22 am  Tuesday March 22, 2011"	"AMBROSE ROAD +"	50	silt	graveled	100	5	16	10	50	5	25	20	inbare	ft
WR	wepp-14349	"10:23 am  Tuesday March 22, 2011"	"AMBROSE ROAD +"	50	silt	graveled	100	5	16	10	50	5	25	20	inbare	ft
WR	wepp-14355	"10:24 am  Tuesday March 22, 2011"	"AMBROSE ROAD +"	50	silt	native	100	5	16	10	50	5	25	20	inbare	ft
WR	wepp-14361	"10:24 am  Tuesday March 22, 2011"	"AMBROSE ROAD +"	50	silt	native	100	5	16	10	50	5	25	20	inbare	ft
WR	wepp-14368	"10:25 am  Tuesday March 22, 2011"	"AMBROSE ROAD +"	50	silt	native	100	5	16	10	50	25	25	20	inbare	ft
WR	wepp-14374	"10:26 am  Tuesday March 22, 2011"	"AMBROSE ROAD +"	50	silt	native	100	5	16	10	50	25	25	20	inbare	ft
WR	wepp-15032	"01:36 pm  Tuesday March 22, 2011"	"AMBROSE ROAD +"	50	silt	graveled	50	5	16	10	50	5	25	20	inbare	ft
WR	wepp-15052	"01:39 pm  Tuesday March 22, 2011"	"AMBROSE ROAD +"	50	silt	graveled	50	5	16	10	50	5	25	20	inbare	ft
WR	wepp-15089	"01:47 pm  Tuesday March 22, 2011"	"AMBROSE ROAD +"	50	silt	graveled	50	5	16	10	50	25	25	20	inbare	ft
WR	wepp-15095	"01:48 pm  Tuesday March 22, 2011"	"AMBROSE ROAD +"	50	silt	graveled	50	5	16	10	50	25	25	20	inbare	ft
WD	wepp-10089	"12:45 pm  Thursday September 1, 2011"	"AMBROSE ROAD +"	10	silt	YoungForest	100	30	30	80	20	OldForest	300	30	5	100	20	0	ft	""
WD	wepp-10109	"12:45 pm  Thursday September 1, 2011"	"AMBROSE ROAD +"	50	silt	YoungForest	100	30	30	80	20	OldForest	300	30	5	100	20	0	ft	"LarryBass1"
WD	wepp-10129	"12:48 pm  Thursday September 1, 2011"	"AMBROSE ROAD +"	50	silt	Skid	100	30	30	80	20	OldForest	300	30	5	100	20	0	ft	"LarryBass1"
WD	wepp-10149	"12:48 pm  Thursday September 1, 2011"	"AMBROSE ROAD +"	50	silt	Skid	100	30	30	20	20	OldForest	300	30	5	100	20	0	ft	"LarryBass1"
WR	wepp-10386	"01:16 pm  Thursday September 1, 2011"	"AMBROSE ROAD +"	50	silt	native	200	4	13	15	50	300	25	20	inveg	ft
WE	wepp-13128	"08:20 am  Thursday October 6, 2011"	"SaddleComplex +"	clay	15	forest	0	50	30	1000	h			ft
WE	wepp-13219	"08:21 am  Thursday October 6, 2011"	"SaddleComplex +"	sand	15	forest	0	50	30	1000	h			ft
WD	wepp-13478	"08:44 am  Thursday October 6, 2011"	"SaddleComplex +"	10	sand	HighFire	500	0	50	10	30	HighFire	500	50	5	10	20	0	ft	""
WD	wepp-13537	"08:47 am  Thursday October 6, 2011"	"SaddleComplex +"	50	sand	HighFire	50	0	50	10	15	HighFire	50	50	5	10	15	0	ft	"SaddleWorstCase"
WD	wepp-13585	"08:51 am  Thursday October 6, 2011"	"STEVENSVILLE MT 35" +"	50	sand	HighFire	50	0	50	10	15	HighFire	50	50	5	10	15	0	ft	"SaddleWorstCase35"
WD	wepp-13607	"08:53 am  Thursday October 6, 2011"	"STEVENSVILLE MT 35" +"	50	sand	HighFire	500	0	50	10	15	HighFire	500	50	5	10	15	0	ft	"SaddleWorstCase35B"
WD	wepp-14070	"09:48 am  Thursday October 6, 2011"	"STEVENSVILLE MT 35" +"	50	sand	HighFire	500	0	50	10	15	HighFire	500	50	5	10	15	0	ft	"SaddleWorstCase35B"
WE	wepp-7658	"02:21 pm  Thursday October 20, 2011"	"STEVENSVILLE MT 35" +"	sand	30	forest	0	50	30	1000	h			ft
WD	wepp-7778	"02:25 pm  Thursday October 20, 2011"	"STEVENSVILLE MT 35" +"	50	sand	OldForest	500	0	45	100	30	OldForest	50	45	30	100	30	0	ft	""
WD	wepp-7825	"02:27 pm  Thursday October 20, 2011"	"STEVENSVILLE MT 35" +"	50	sand	HighFire	500	0	45	100	30	HighFire	50	45	30	100	30	0	ft	""
WD	wepp-7844	"02:28 pm  Thursday October 20, 2011"	"STEVENSVILLE MT 35" +"	50	sand	HighFire	500	0	45	10	30	HighFire	500	45	30	10	30	0	ft	""
