WE	wepp-25777	"12:26 pm  Tuesday September 18, 2012"	"Gerona, Spain +"	sand	20	range	0	50	30	200	h	15	70	m
WE	wepp-25924	"12:27 pm  Tuesday September 18, 2012"	"Gerona, Spain +"	sand	20	range	0	50	30	200	m	15	70	m
WE	wepp-25994	"12:28 pm  Tuesday September 18, 2012"	"Gerona, Spain +"	loam	20	range	0	50	30	200	m	15	70	m
WE	wepp-26064	"12:29 pm  Tuesday September 18, 2012"	"Gerona, Spain +"	silt	20	range	0	50	30	200	m	15	70	m
WE	wepp-26153	"12:30 pm  Tuesday September 18, 2012"	"Gerona, Spain +"	silt	20	forest	0	50	30	200	m			m
WE	wepp-26223	"12:31 pm  Tuesday September 18, 2012"	"Gerona, Spain +"	sand	20	forest	0	50	30	200	m			m
WE	wepp-26320	"12:32 pm  Tuesday September 18, 2012"	"Gerona, Spain +"	sand	20	forest	0	50	30	200	l			m
WE	wepp-26372	"12:34 pm  Tuesday September 18, 2012"	"Gerona, Spain +"	sand	20	forest	0	30	20	200	m			m
WE	wepp-26442	"12:34 pm  Tuesday September 18, 2012"	"Orense, Spain +"	sand	20	forest	0	30	20	200	m			m
WE	wepp-26512	"12:35 pm  Tuesday September 18, 2012"	"Orense, Spain +"	clay	20	forest	0	30	20	200	m			m
WE	wepp-26585	"12:36 pm  Tuesday September 18, 2012"	"Kalamata, Greece +"	clay	20	forest	0	30	20	200	m			m
WE	wepp-26655	"12:37 pm  Tuesday September 18, 2012"	"Gerona, Spain +"	clay	10	forest	0	30	20	200	m			m
WE	wepp-26752	"12:38 pm  Tuesday September 18, 2012"	"Gerona, Spain +"	sand	10	forest	0	30	20	200	m			m
WE	wepp-26824	"12:39 pm  Tuesday September 18, 2012"	"Gerona, Spain +"	sand	5	forest	0	30	20	200	m			m
WE	wepp-26895	"12:40 pm  Tuesday September 18, 2012"	"Gerona, Spain +"	silt	5	forest	0	30	20	200	m			m
WE	wepp-26967	"12:41 pm  Tuesday September 18, 2012"	"Gerona, Spain +"	sand	5	forest	0	50	30	200	m			m
WE	wepp-27066	"12:43 pm  Tuesday September 18, 2012"	"Gerona, Spain +"	sand	5	forest	0	40	20	200	m			m
WE	wepp-27136	"12:44 pm  Tuesday September 18, 2012"	"Gerona, Spain +"	loam	5	forest	0	40	20	200	m			m
WD	wepp-29056	"01:32 pm  Tuesday September 18, 2012"	"EVERGLADES FL"	10	sand	HighFire	200	20	20	45	20	HighFire	200	20	20	45	20	0	ft	""
WD	wepp-29123	"01:33 pm  Tuesday September 18, 2012"	"EVERGLADES FL"	10	sand	HighFire	200	20	20	20	20	HighFire	200	20	20	20	20	0	ft	""
WD	wepp-29143	"01:34 pm  Tuesday September 18, 2012"	"EVERGLADES FL"	10	sand	HighFire	400	20	20	20	20	HighFire	400	20	20	20	20	0	ft	""
WD	wepp-29184	"01:34 pm  Tuesday September 18, 2012"	"EVERGLADES FL"	10	loam	HighFire	400	20	20	20	20	HighFire	400	20	20	20	20	0	ft	""
WD	wepp-29206	"01:35 pm  Tuesday September 18, 2012"	"EVERGLADES FL"	10	loam	HighFire	200	20	20	20	20	HighFire	200	20	20	20	20	0	ft	""
WD	wepp-29226	"01:35 pm  Tuesday September 18, 2012"	"EVERGLADES FL"	10	sand	HighFire	200	20	20	20	20	HighFire	200	20	20	20	20	0	ft	""
WD	wepp-29427	"01:43 pm  Tuesday September 18, 2012"	"EVERGLADES FL"	10	sand	HighFire	200	20	20	20	20	HighFire	200	20	20	20	20	0	ft	""
WD	wepp-29447	"01:44 pm  Tuesday September 18, 2012"	"EVERGLADES FL"	10	silt	HighFire	200	20	20	20	20	HighFire	200	20	20	20	20	0	ft	""
WD	wepp-29467	"01:44 pm  Tuesday September 18, 2012"	"EVERGLADES FL"	10	clay	HighFire	200	20	20	20	20	HighFire	200	20	20	20	20	0	ft	""
WD	wepp-29506	"01:45 pm  Tuesday September 18, 2012"	"EVERGLADES FL"	10	sand	HighFire	200	20	20	20	20	HighFire	200	20	20	20	20	0	ft	""
WD	wepp-29526	"01:46 pm  Tuesday September 18, 2012"	"EVERGLADES FL"	10	loam	HighFire	200	20	20	20	20	HighFire	200	20	20	20	20	0	ft	""
WD	wepp-29546	"01:46 pm  Tuesday September 18, 2012"	"EVERGLADES FL"	10	sand	HighFire	200	20	20	20	20	HighFire	200	20	20	20	20	0	ft	""
WD	wepp-29791	"02:11 pm  Tuesday September 18, 2012"	"EVERGLADES FL"	10	loam	HighFire	200	20	20	20	20	HighFire	200	20	20	20	20	0	ft	""
WD	wepp-29811	"02:11 pm  Tuesday September 18, 2012"	"EVERGLADES FL"	10	sand	HighFire	200	20	20	20	20	HighFire	200	20	20	20	20	0	ft	""
WE	wepp-29877	"02:15 pm  Tuesday September 18, 2012"	"Gerona, Spain +"	loam	20	forest	0	50	30	100	h			m
WE	wepp-29967	"02:16 pm  Tuesday September 18, 2012"	"Gerona, Spain +"	loam	20	forest	0	50	30	50	h			m
WE	wepp-30057	"02:17 pm  Tuesday September 18, 2012"	"Gerona, Spain +"	sand	20	forest	0	50	30	50	h			m
WE	wepp-30209	"02:25 pm  Tuesday September 18, 2012"	"Gerona, Spain +"	sand	20	forest	0	50	30	50	h			m
WE	wepp-30355	"02:29 pm  Tuesday September 18, 2012"	"Gerona, Spain +"	loam	20	forest	0	50	30	50	h			m
WE	wepp-30470	"02:31 pm  Tuesday September 18, 2012"	"Gerona, Spain +"	sand	20	forest	0	50	30	50	m			m
WE	wepp-30540	"02:32 pm  Tuesday September 18, 2012"	"Gerona, Spain +"	sand	20	forest	0	50	30	50	l			m
WD	wepp-30620	"02:35 pm  Tuesday September 18, 2012"	"EVERGLADES FL"	10	loam	HighFire	200	20	20	20	20	HighFire	200	20	20	20	20	0	ft	""
WD	wepp-30640	"02:35 pm  Tuesday September 18, 2012"	"EVERGLADES FL"	10	loam	HighFire	400	20	20	20	20	HighFire	400	20	20	20	20	0	ft	""
WD	wepp-30664	"02:37 pm  Tuesday September 18, 2012"	"EVERGLADES FL"	10	sand	HighFire	400	20	20	20	20	HighFire	400	20	20	20	20	0	ft	""
WD	wepp-30684	"02:37 pm  Tuesday September 18, 2012"	"EVERGLADES FL"	10	sand	HighFire	200	20	20	20	20	HighFire	200	20	20	20	20	0	ft	""
WD	wepp-30704	"02:38 pm  Tuesday September 18, 2012"	"EVERGLADES FL"	10	sand	HighFire	400	20	20	20	20	HighFire	400	20	20	20	20	0	ft	""
WD	wepp-30751	"02:39 pm  Tuesday September 18, 2012"	"EVERGLADES FL"	10	sand	HighFire	300	20	20	20	20	HighFire	300	20	20	20	20	0	ft	""
WD	wepp-30771	"02:39 pm  Tuesday September 18, 2012"	"EVERGLADES FL"	10	sand	HighFire	275	20	20	20	20	HighFire	275	20	20	20	20	0	ft	""
WD	wepp-30790	"02:40 pm  Tuesday September 18, 2012"	"EVERGLADES FL"	10	sand	HighFire	250	20	20	20	20	HighFire	250	20	20	20	20	0	ft	""
WD	wepp-30809	"02:40 pm  Tuesday September 18, 2012"	"EVERGLADES FL"	10	sand	HighFire	225	20	20	20	20	HighFire	225	20	20	20	20	0	ft	""
WD	wepp-30876	"02:45 pm  Tuesday September 18, 2012"	"EVERGLADES FL"	10	sand	HighFire	215	20	20	20	20	HighFire	215	20	20	20	20	0	ft	""
WD	wepp-30896	"02:45 pm  Tuesday September 18, 2012"	"EVERGLADES FL"	10	sand	HighFire	205	20	20	20	20	HighFire	205	20	20	20	20	0	ft	""
WD	wepp-30916	"02:45 pm  Tuesday September 18, 2012"	"EVERGLADES FL"	10	sand	HighFire	200	20	20	20	20	HighFire	200	20	20	20	20	0	ft	""
WD	wepp-30936	"02:45 pm  Tuesday September 18, 2012"	"EVERGLADES FL"	10	sand	HighFire	201	20	20	20	20	HighFire	201	20	20	20	20	0	ft	""
WD	wepp-30956	"02:46 pm  Tuesday September 18, 2012"	"EVERGLADES FL"	10	sand	HighFire	200	20	20	20	20	HighFire	200	20	20	20	20	0	ft	""
WD	wepp-31298	"03:11 pm  Tuesday September 18, 2012"	"EVERGLADES FL"	10	sand	HighFire	200	20	20	20	20	HighFire	201	20	20	20	20	0	ft	""
WD	wepp-31387	"03:14 pm  Tuesday September 18, 2012"	"EVERGLADES FL"	10	sand	HighFire	200	20	20	20	20	HighFire	199	20	20	20	20	0	ft	""
WD	wepp-31407	"03:14 pm  Tuesday September 18, 2012"	"EVERGLADES FL"	10	silt	HighFire	200	20	20	20	20	HighFire	200	20	20	20	20	0	ft	""
WD	wepp-31427	"03:14 pm  Tuesday September 18, 2012"	"EVERGLADES FL"	10	sand	HighFire	200	20	20	20	20	HighFire	200	20	20	20	20	0	ft	""
WR	wepp-32261	"04:51 pm  Tuesday September 18, 2012"	"EVERGLADES FL"	30	loam	native	100	5	13	15	50	130	25	20	outrut	ft
WR	wepp-32282	"04:52 pm  Tuesday September 18, 2012"	"EVERGLADES FL"	30	loam	native	200	5	13	15	50	130	25	20	outrut	ft
WE	wepp-19221	"08:45 am  Thursday September 20, 2012"	"Gerona, Spain +"	loam	20	forest	0	50	30	200	m			m
WE	wepp-19291	"08:46 am  Thursday September 20, 2012"	"Gerona, Spain +"	sand	20	forest	0	50	30	200	m			m
WE	wepp-19361	"08:47 am  Thursday September 20, 2012"	"Gerona, Spain +"	sand	20	forest	0	50	30	200	l			m
WE	wepp-19438	"08:47 am  Thursday September 20, 2012"	"Gerona, Spain +"	loam	20	forest	0	50	30	200	l			m
WE	wepp-19489	"08:48 am  Thursday September 20, 2012"	"Orense, Spain +"	loam	20	forest	0	50	30	200	l			m
WE	wepp-19539	"08:48 am  Thursday September 20, 2012"	"MOUNT SHASTA CA"	loam	20	forest	0	50	30	200	l			m
WE	wepp-19589	"08:49 am  Thursday September 20, 2012"	"MOUNT SHASTA CA"	loam	20	range	0	50	30	200	l	15	75	m
WE	wepp-19643	"08:50 am  Thursday September 20, 2012"	"BAKERSFIELD WBO CA"	loam	20	range	0	50	30	200	l	15	75	m
WE	wepp-19693	"08:50 am  Thursday September 20, 2012"	"Gerona, Spain +"	loam	20	range	0	50	30	200	l	15	75	m
WE	wepp-19743	"08:51 am  Thursday September 20, 2012"	"Gerona, Spain +"	loam	20	range	0	50	30	150	l	15	75	m
WE	wepp-19794	"08:52 am  Thursday September 20, 2012"	"Gerona, Spain +"	loam	10	range	0	50	30	150	l	15	75	m
WE	wepp-19844	"08:52 am  Thursday September 20, 2012"	"Gerona, Spain +"	loam	5	range	0	50	30	150	l	15	75	m
WE	wepp-19928	"08:53 am  Thursday September 20, 2012"	"EVERGLADES FL"	loam	5	range	0	50	30	100	l	30	70	m
WE	wepp-20003	"08:53 am  Thursday September 20, 2012"	"Gerona, Spain +"	loam	5	range	0	50	30	100	l	30	70	m
WE	wepp-20054	"08:54 am  Thursday September 20, 2012"	"Gerona, Spain +"	loam	5	range	0	50	30	150	l	30	70	m
WE	wepp-20104	"08:55 am  Thursday September 20, 2012"	"Gerona, Spain +"	sand	5	range	0	50	30	150	l	30	70	m
WE	wepp-20154	"08:56 am  Thursday September 20, 2012"	"Gerona, Spain +"	sand	5	range	0	50	30	150	m	30	70	m
WE	wepp-20224	"08:57 am  Thursday September 20, 2012"	"Gerona, Spain +"	loam	5	range	0	50	30	150	m	30	70	m
WE	wepp-20321	"08:58 am  Thursday September 20, 2012"	"Gerona, Spain +"	sand	5	range	0	50	30	150	m	30	70	m
WE	wepp-20392	"08:58 am  Thursday September 20, 2012"	"Gerona, Spain +"	silt	5	range	0	50	30	150	m	30	70	m
WE	wepp-20462	"08:58 am  Thursday September 20, 2012"	"Gerona, Spain +"	clay	5	range	0	50	30	150	m	30	70	m
WE	wepp-20532	"08:59 am  Thursday September 20, 2012"	"Gerona, Spain +"	sand	5	range	0	50	30	150	m	30	70	m
WE	wepp-20628	"09:00 am  Thursday September 20, 2012"	"Gerona, Spain +"	sand	5	range	0	50	30	150	m	15	75	m
