WD	wepp-15443	"10:35 am  Wednesday August 8, 2018"	"FENN RS ID"	10	clay	Shrub	50	0	30	80	5	Shrub	50	30	5	80	5	0	ft	""
WD	wepp-15599	"10:48 am  Wednesday August 8, 2018"	"FENN RS ID"	50	clay	Shrub	50	0	50	80	15	Shrub	50	45	5	80	15	0	ft	""
WD	wepp-15635	"10:48 am  Wednesday August 8, 2018"	"FENN RS ID"	50	clay	Shrub	50	0	50	90	15	Shrub	50	45	5	90	15	0	ft	""
WD	wepp-15671	"10:49 am  Wednesday August 8, 2018"	"FENN RS ID"	25	clay	Shrub	50	0	30	90	20	Shrub	50	30	5	90	20	0	ft	""
WD	wepp-15707	"10:49 am  Wednesday August 8, 2018"	"FENN RS ID"	10	clay	Shrub	50	0	30	100	20	Shrub	50	30	5	100	20	0	ft	""
WD	wepp-15743	"10:49 am  Wednesday August 8, 2018"	"FENN RS ID"	10	clay	Shrub	50	0	30	100	10	Shrub	50	30	5	100	10	0	ft	""
WD	wepp-15781	"10:49 am  Wednesday August 8, 2018"	"FENN RS ID"	10	clay	Shrub	50	0	30	90	10	Shrub	50	30	5	90	10	0	ft	""
WD	wepp-15817	"10:50 am  Wednesday August 8, 2018"	"FENN RS ID"	10	clay	Shrub	50	0	45	90	20	Shrub	50	45	5	90	20	0	ft	""
WD	wepp-15854	"10:50 am  Wednesday August 8, 2018"	"FENN RS ID"	10	clay	Shrub	50	0	45	90	5	Shrub	50	45	5	90	5	0	ft	""
WD	wepp-15895	"10:55 am  Wednesday August 8, 2018"	"FENN RS ID"	50	sand	Shrub	50	0	30	80	5	Shrub	50	30	5	80	5	0	ft	""
WD	wepp-15936	"10:55 am  Wednesday August 8, 2018"	"FENN RS ID"	25	sand	Shrub	50	0	30	80	10	Shrub	50	30	5	80	10	0	ft	""
WD	wepp-15972	"10:56 am  Wednesday August 8, 2018"	"FENN RS ID"	50	sand	Shrub	50	0	30	100	10	Shrub	50	30	5	100	10	0	ft	""
WD	wepp-16008	"10:56 am  Wednesday August 8, 2018"	"FENN RS ID"	50	sand	Shrub	50	0	30	80	20	Shrub	50	30	5	80	20	0	ft	""
WD	wepp-16044	"10:57 am  Wednesday August 8, 2018"	"FENN RS ID"	50	sand	Shrub	50	0	30	80	10	Shrub	50	30	5	80	10	0	ft	""
WD	wepp-16080	"10:57 am  Wednesday August 8, 2018"	"FENN RS ID"	50	sand	Shrub	50	0	30	80	20	Shrub	50	30	5	80	20	0	ft	""
WD	wepp-16116	"10:57 am  Wednesday August 8, 2018"	"FENN RS ID"	50	sand	Shrub	100	0	30	80	20	Shrub	100	30	5	80	20	0	ft	""
WD	wepp-16152	"10:58 am  Wednesday August 8, 2018"	"FENN RS ID"	50	clay	Shrub	50	0	30	100	20	Shrub	50	30	5	100	20	0	ft	""
WD	wepp-16188	"10:58 am  Wednesday August 8, 2018"	"FENN RS ID"	10	clay	Shrub	50	0	30	100	20	Shrub	50	30	5	100	20	0	ft	""
WD	wepp-16224	"10:58 am  Wednesday August 8, 2018"	"FENN RS ID"	10	silt	Shrub	50	0	30	80	20	Shrub	50	30	5	80	20	0	ft	""
WD	wepp-16262	"10:59 am  Wednesday August 8, 2018"	"FENN RS ID"	10	silt	Shrub	50	0	30	80	10	Shrub	50	30	5	80	10	0	ft	""
WD	wepp-16298	"10:59 am  Wednesday August 8, 2018"	"FENN RS ID"	25	silt	Shrub	50	0	30	80	10	Shrub	50	30	5	80	10	0	ft	""
WD	wepp-16335	"10:59 am  Wednesday August 8, 2018"	"FENN RS ID"	25	silt	Shrub	50	0	30	80	10	Shrub	50	30	5	80	10	0	ft	""
WD	wepp-16374	"11:00 am  Wednesday August 8, 2018"	"FENN RS ID"	15	silt	Shrub	50	0	30	100	10	Shrub	50	30	5	100	10	0	ft	""
WD	wepp-16512	"11:00 am  Wednesday August 8, 2018"	"FENN RS ID"	15	silt	Shrub	50	0	30	80	15	Shrub	50	30	5	80	15	0	ft	""
WD	wepp-16549	"11:00 am  Wednesday August 8, 2018"	"FENN RS ID"	30	silt	Shrub	50	0	30	80	15	Shrub	50	30	5	80	15	0	ft	""
WD	wepp-16585	"11:01 am  Wednesday August 8, 2018"	"FENN RS ID"	25	silt	Shrub	50	0	30	80	15	Shrub	50	30	5	80	5	0	ft	""
WD	wepp-16621	"11:01 am  Wednesday August 8, 2018"	"FENN RS ID"	25	silt	Shrub	50	0	30	80	5	Shrub	50	30	5	80	5	0	ft	""
WD	wepp-16657	"11:01 am  Wednesday August 8, 2018"	"FENN RS ID"	25	silt	Shrub	50	0	30	80	5	Shrub	50	30	5	80	20	0	ft	""
WD	wepp-16693	"11:02 am  Wednesday August 8, 2018"	"FENN RS ID"	20	silt	Shrub	50	0	30	80	5	Shrub	50	30	5	80	15	0	ft	""
WD	wepp-16729	"11:02 am  Wednesday August 8, 2018"	"FENN RS ID"	20	silt	Shrub	50	0	30	80	15	Shrub	50	30	5	80	15	0	ft	""
WD	wepp-16765	"11:02 am  Wednesday August 8, 2018"	"FENN RS ID"	20	loam	Shrub	50	0	30	80	15	Shrub	50	30	5	80	15	0	ft	""
WD	wepp-16800	"11:03 am  Wednesday August 8, 2018"	"FENN RS ID"	20	silt	Shrub	50	0	30	80	20	Shrub	50	30	5	80	15	0	ft	""
WD	wepp-16836	"11:03 am  Wednesday August 8, 2018"	"FENN RS ID"	15	silt	Shrub	50	0	30	80	5	Shrub	50	30	5	80	15	0	ft	""
WD	wepp-16873	"11:03 am  Wednesday August 8, 2018"	"FENN RS ID"	15	silt	Shrub	50	0	30	80	5	Shrub	50	30	5	80	15	0	ft	""
WD	wepp-16909	"11:03 am  Wednesday August 8, 2018"	"FENN RS ID"	20	silt	Shrub	50	0	30	80	5	Shrub	50	30	5	80	15	0	ft	""
WD	wepp-16945	"11:04 am  Wednesday August 8, 2018"	"FENN RS ID"	20	sand	Shrub	50	0	30	100	5	Shrub	50	30	5	100	15	0	ft	""
WD	wepp-16982	"11:04 am  Wednesday August 8, 2018"	"FENN RS ID"	50	sand	Shrub	50	0	30	80	5	Shrub	50	30	5	80	15	0	ft	""
WD	wepp-17018	"11:04 am  Wednesday August 8, 2018"	"FENN RS ID"	50	sand	Shrub	50	0	30	80	15	Shrub	50	30	5	80	15	0	ft	""
WD	wepp-17054	"11:05 am  Wednesday August 8, 2018"	"FENN RS ID"	50	clay	Shrub	50	0	30	80	15	Shrub	50	30	5	80	20	0	ft	""
WD	wepp-17094	"11:05 am  Wednesday August 8, 2018"	"FENN RS ID"	5	clay	Shrub	50	0	30	80	20	Shrub	50	30	5	80	20	0	ft	""
WD	wepp-17131	"11:05 am  Wednesday August 8, 2018"	"FENN RS ID"	10	clay	Shrub	50	0	30	80	15	Shrub	50	30	5	80	10	0	ft	""
WD	wepp-17167	"11:05 am  Wednesday August 8, 2018"	"FENN RS ID"	10	clay	Shrub	50	0	30	80	15	Shrub	50	30	5	70	10	0	ft	""
WD	wepp-17203	"11:06 am  Wednesday August 8, 2018"	"FENN RS ID"	10	clay	Shrub	50	0	30	70	20	Shrub	50	30	5	70	20	0	ft	""
WD	wepp-17240	"11:06 am  Wednesday August 8, 2018"	"FENN RS ID"	10	clay	Shrub	50	0	30	70	10	Shrub	50	30	5	80	15	0	ft	""
WD	wepp-17277	"11:06 am  Wednesday August 8, 2018"	"FENN RS ID"	30	clay	Shrub	50	0	30	80	10	Shrub	50	30	5	70	15	0	ft	""
WD	wepp-17315	"11:06 am  Wednesday August 8, 2018"	"FENN RS ID"	20	clay	Shrub	50	0	30	80	20	Shrub	50	30	5	70	20	0	ft	""
WD	wepp-17352	"11:07 am  Wednesday August 8, 2018"	"FENN RS ID"	15	clay	Shrub	50	0	30	70	15	Shrub	50	30	5	80	10	0	ft	""
WD	wepp-17390	"11:07 am  Wednesday August 8, 2018"	"FENN RS ID"	50	sand	Shrub	50	0	30	60	15	Shrub	50	30	5	60	10	0	ft	""
WD	wepp-17426	"11:07 am  Wednesday August 8, 2018"	"FENN RS ID"	50	silt	Shrub	50	0	30	60	10	Shrub	50	30	5	60	15	0	ft	""
WD	wepp-17463	"11:08 am  Wednesday August 8, 2018"	"FENN RS ID"	10	clay	Shrub	50	0	30	60	10	Shrub	50	30	5	60	15	0	ft	""
WD	wepp-17499	"11:08 am  Wednesday August 8, 2018"	"FENN RS ID"	10	clay	Shrub	50	0	30	80	10	Shrub	50	30	5	80	15	0	ft	""
WD	wepp-17590	"11:09 am  Wednesday August 8, 2018"	"FENN RS ID"	25	clay	Shrub	50	0	30	80	10	Shrub	50	30	5	80	15	0	ft	""
WD	wepp-17626	"11:09 am  Wednesday August 8, 2018"	"FENN RS ID"	25	clay	Shrub	100	0	30	80	10	Shrub	100	30	5	80	15	0	ft	""
WD	wepp-17662	"11:09 am  Wednesday August 8, 2018"	"FENN RS ID"	25	clay	Shrub	100	0	30	80	5	Shrub	100	30	5	80	5	0	ft	""
WD	wepp-17699	"11:10 am  Wednesday August 8, 2018"	"FENN RS ID"	10	clay	Shrub	50	0	30	80	5	Shrub	50	30	5	80	5	0	ft	""
WD	wepp-17735	"11:11 am  Wednesday August 8, 2018"	"FENN RS ID"	50	sand	Shrub	50	0	30	60	15	Shrub	50	30	5	60	10	0	ft	""
WD	wepp-17772	"11:12 am  Wednesday August 8, 2018"	"FENN RS ID"	100	sand	Shrub	50	0	30	60	15	Shrub	50	30	5	60	10	0	ft	""
WD	wepp-17808	"11:12 am  Wednesday August 8, 2018"	"FENN RS ID"	100	sand	Shrub	100	0	30	60	10	Shrub	100	30	5	60	15	0	ft	""
WD	wepp-17846	"11:13 am  Wednesday August 8, 2018"	"FENN RS ID"	100	sand	Bunchgrass	100	0	30	60	10	Sod	100	30	5	40	15	0	ft	""
WD	wepp-17884	"11:13 am  Wednesday August 8, 2018"	"FENN RS ID"	50	sand	Bunchgrass	50	0	30	60	20	Sod	50	30	5	40	20	0	ft	""
WD	wepp-17920	"11:14 am  Wednesday August 8, 2018"	"FENN RS ID"	50	sand	Bunchgrass	50	0	30	60	10	Bunchgrass	50	30	5	60	15	0	ft	""
WD	wepp-17957	"11:14 am  Wednesday August 8, 2018"	"FENN RS ID"	50	sand	Sod	50	0	30	40	10	Bunchgrass	50	30	5	60	15	0	ft	""
WD	wepp-17992	"11:14 am  Wednesday August 8, 2018"	"FENN RS ID"	25	sand	Sod	50	0	30	40	10	Bunchgrass	50	30	5	60	15	0	ft	""
WD	wepp-19365	"11:42 am  Wednesday August 8, 2018"	"FENN RS ID"	25	sand	Bunchgrass	50	0	30	70	10	Bunchgrass	50	30	5	60	15	0	ft	""
WD	wepp-19532	"11:43 am  Wednesday August 8, 2018"	"FENN RS ID"	35	sand	Bunchgrass	50	0	30	70	20	Bunchgrass	50	30	5	60	20	0	ft	""
WD	wepp-19610	"11:43 am  Wednesday August 8, 2018"	"FENN RS ID"	50	sand	Bunchgrass	50	0	30	70	20	Bunchgrass	50	30	5	60	20	0	ft	""
WD	wepp-19702	"11:43 am  Wednesday August 8, 2018"	"FENN RS ID"	50	sand	Bunchgrass	50	0	30	60	10	Bunchgrass	50	30	5	60	5	0	ft	""
WD	wepp-19738	"11:44 am  Wednesday August 8, 2018"	"FENN RS ID"	50	sand	Bunchgrass	50	0	30	50	10	Bunchgrass	50	30	5	50	5	0	ft	""
WD	wepp-19907	"11:44 am  Wednesday August 8, 2018"	"FENN RS ID"	50	sand	Bunchgrass	50	0	30	50	15	Bunchgrass	50	30	5	50	10	0	ft	""
WD	wepp-19949	"11:45 am  Wednesday August 8, 2018"	"FENN RS ID"	50	sand	Bunchgrass	100	0	30	50	15	Sod	100	30	5	40	10	0	ft	""
WD	wepp-20161	"11:45 am  Wednesday August 8, 2018"	"FENN RS ID"	50	sand	Bunchgrass	100	0	30	50	15	Sod	100	30	5	60	10	0	ft	""
WD	wepp-20198	"11:46 am  Wednesday August 8, 2018"	"FENN RS ID"	25	sand	Bunchgrass	100	0	30	50	15	Sod	100	30	5	60	10	0	ft	""
WD	wepp-20365	"11:46 am  Wednesday August 8, 2018"	"FENN RS ID"	30	sand	Bunchgrass	100	0	30	60	10	Sod	100	30	5	50	15	0	ft	""
WD	wepp-20403	"11:47 am  Wednesday August 8, 2018"	"FENN RS ID"	10	sand	Bunchgrass	50	0	30	60	10	Sod	50	30	5	50	15	0	ft	""
WD	wepp-20567	"11:47 am  Wednesday August 8, 2018"	"FENN RS ID"	10	sand	Bunchgrass	100	0	30	70	10	Sod	100	30	5	60	15	0	ft	""
WD	wepp-20637	"11:47 am  Wednesday August 8, 2018"	"FENN RS ID"	25	sand	Bunchgrass	100	0	30	70	10	Sod	100	30	5	60	15	0	ft	""
WD	wepp-20738	"11:47 am  Wednesday August 8, 2018"	"FENN RS ID"	20	sand	Bunchgrass	50	0	30	100	20	Sod	50	30	5	100	20	0	ft	""
WD	wepp-20778	"11:48 am  Wednesday August 8, 2018"	"FENN RS ID"	23	sand	Bunchgrass	50	0	30	60	20	Sod	50	30	5	60	20	0	ft	""
WD	wepp-20817	"11:48 am  Wednesday August 8, 2018"	"FENN RS ID"	20	sand	Bunchgrass	50	0	30	60	10	Sod	50	30	5	60	15	0	ft	""
WD	wepp-20977	"11:49 am  Wednesday August 8, 2018"	"FENN RS ID"	16	sand	Bunchgrass	50	0	30	60	10	Sod	50	30	5	60	15	0	ft	""
WD	wepp-21015	"11:49 am  Wednesday August 8, 2018"	"FENN RS ID"	25	sand	Bunchgrass	50	0	30	60	10	Sod	50	30	5	60	10	0	ft	""
WD	wepp-21051	"11:50 am  Wednesday August 8, 2018"	"FENN RS ID"	25	sand	Bunchgrass	50	0	30	60	10	Bunchgrass	50	30	5	60	10	0	ft	""
WD	wepp-21087	"11:50 am  Wednesday August 8, 2018"	"FENN RS ID"	25	sand	Bunchgrass	100	0	30	60	20	Bunchgrass	100	30	5	60	20	0	ft	""
WD	wepp-21123	"11:51 am  Wednesday August 8, 2018"	"FENN RS ID"	25	sand	Bunchgrass	100	0	30	70	10	Bunchgrass	100	30	5	70	10	0	ft	""
WD	wepp-21160	"11:51 am  Wednesday August 8, 2018"	"FENN RS ID"	25	sand	Sod	50	0	30	60	10	Sod	50	30	5	70	10	0	ft	""
WD	wepp-21196	"11:52 am  Wednesday August 8, 2018"	"FENN RS ID"	25	sand	Sod	50	0	30	60	15	Sod	50	30	5	70	15	0	ft	""
WD	wepp-21232	"11:52 am  Wednesday August 8, 2018"	"FENN RS ID"	25	sand	Sod	50	0	30	60	15	Sod	50	30	5	60	15	0	ft	""
WD	wepp-21268	"11:52 am  Wednesday August 8, 2018"	"FENN RS ID"	25	sand	Sod	50	0	30	60	10	Sod	50	30	5	70	15	0	ft	""
WD	wepp-21305	"11:53 am  Wednesday August 8, 2018"	"FENN RS ID"	25	sand	Sod	50	0	30	60	10	Sod	50	30	5	70	15	0	ft	""
WD	wepp-21341	"11:53 am  Wednesday August 8, 2018"	"FENN RS ID"	25	sand	Bunchgrass	50	0	30	60	20	Sod	50	30	5	50	20	0	ft	""
WD	wepp-21378	"11:53 am  Wednesday August 8, 2018"	"FENN RS ID"	25	sand	Bunchgrass	50	0	30	60	10	Bunchgrass	50	30	5	60	15	0	ft	""
WD	wepp-21414	"11:54 am  Wednesday August 8, 2018"	"FENN RS ID"	30	sand	Bunchgrass	50	0	30	50	10	Bunchgrass	50	30	5	60	15	0	ft	""
WD	wepp-21452	"11:54 am  Wednesday August 8, 2018"	"FENN RS ID"	30	sand	Bunchgrass	50	5	30	50	10	Bunchgrass	50	30	5	60	15	0	ft	""
WD	wepp-21488	"11:54 am  Wednesday August 8, 2018"	"FENN RS ID"	40	sand	Bunchgrass	50	5	30	50	10	Bunchgrass	50	30	5	60	15	0	ft	""
WD	wepp-21528	"11:55 am  Wednesday August 8, 2018"	"FENN RS ID"	40	sand	Bunchgrass	50	0	30	50	15	Bunchgrass	50	30	5	50	10	0	ft	""
WD	wepp-21565	"11:55 am  Wednesday August 8, 2018"	"FENN RS ID"	50	sand	Bunchgrass	50	5	30	60	15	Bunchgrass	50	30	5	50	10	0	ft	""
WD	wepp-21727	"11:55 am  Wednesday August 8, 2018"	"FENN RS ID"	50	sand	Bunchgrass	100	5	30	60	20	Sod	50	30	5	40	20	0	ft	""
WD	wepp-21764	"11:56 am  Wednesday August 8, 2018"	"FENN RS ID"	50	sand	Bunchgrass	100	0	30	60	10	Sod	50	30	5	60	15	0	ft	""
WD	wepp-21799	"11:56 am  Wednesday August 8, 2018"	"FENN RS ID"	50	sand	Bunchgrass	50	0	30	60	10	Bunchgrass	50	30	5	60	15	0	ft	""
WD	wepp-21836	"11:56 am  Wednesday August 8, 2018"	"FENN RS ID"	50	sand	Bunchgrass	100	0	30	100	20	Bunchgrass	50	30	5	60	20	0	ft	""
WD	wepp-21872	"11:57 am  Wednesday August 8, 2018"	"FENN RS ID"	50	sand	Bunchgrass	100	0	30	60	10	Bunchgrass	50	30	5	60	15	0	ft	""
WD	wepp-21908	"11:57 am  Wednesday August 8, 2018"	"FENN RS ID"	50	sand	Bunchgrass	100	0	30	60	10	Bunchgrass	100	30	5	60	15	0	ft	""
WD	wepp-21943	"11:58 am  Wednesday August 8, 2018"	"FENN RS ID"	50	sand	Bunchgrass	100	0	30	60	10	Sod	100	30	5	50	15	0	ft	""
WD	wepp-21979	"11:58 am  Wednesday August 8, 2018"	"FENN RS ID"	50	sand	Bunchgrass	100	0	30	60	10	Sod	50	30	5	50	15	0	ft	""
WD	wepp-22015	"11:59 am  Wednesday August 8, 2018"	"FENN RS ID"	20	sand	Bunchgrass	100	0	30	60	10	Sod	50	30	5	50	15	0	ft	""
WD	wepp-22050	"11:59 am  Wednesday August 8, 2018"	"FENN RS ID"	20	sand	Bunchgrass	50	0	30	60	10	Sod	50	30	5	60	15	0	ft	""
WD	wepp-22088	"12:00 pm  Wednesday August 8, 2018"	"FENN RS ID"	20	sand	Bunchgrass	50	0	30	60	10	Sod	100	30	5	60	15	0	ft	""
WD	wepp-22270	"12:00 pm  Wednesday August 8, 2018"	"FENN RS ID"	20	sand	Bunchgrass	50	0	30	60	10	Sod	100	30	5	60	10	0	ft	""
WD	wepp-22350	"12:00 pm  Wednesday August 8, 2018"	"FENN RS ID"	20	sand	Bunchgrass	50	0	30	60	10	Sod	50	30	5	60	10	0	ft	""
WD	wepp-23932	"12:12 pm  Wednesday August 8, 2018"	"FENN RS ID"	20	sand	Bunchgrass	100	15	50	90	10	Shrub	100	50	10	80	15	0	ft	""
WD	wepp-24017	"12:12 pm  Wednesday August 8, 2018"	"FENN RS ID"	20	sand	Bunchgrass	100	15	50	80	20	Shrub	100	50	10	80	15	0	ft	""
WD	wepp-24909	"12:17 pm  Wednesday August 8, 2018"	"FENN RS ID"	20	sand	Shrub	50	15	50	85	15	Shrub	50	50	15	85	15	0	ft	""
WD	wepp-24919	"12:18 pm  Wednesday August 8, 2018"	"FENN RS ID"	50	sand	Shrub	50	15	50	85	15	Shrub	50	50	15	85	15	0	ft	""
WD	wepp-25083	"12:18 pm  Wednesday August 8, 2018"	"FENN RS ID"	50	sand	Shrub	100	5	50	85	15	Shrub	100	50	10	85	15	0	ft	""
WD	wepp-25246	"12:19 pm  Wednesday August 8, 2018"	"FENN RS ID"	50	sand	Shrub	100	5	50	85	15	Shrub	100	50	10	80	15	0	ft	""
WD	wepp-25282	"12:20 pm  Wednesday August 8, 2018"	"FENN RS ID"	50	sand	Shrub	50	0	50	85	20	Shrub	50	50	5	85	20	0	ft	""
WD	wepp-25446	"12:20 pm  Wednesday August 8, 2018"	"FENN RS ID"	50	sand	Shrub	50	0	50	85	15	Bunchgrass	50	50	5	85	15	0	ft	""
WD	wepp-25609	"12:21 pm  Wednesday August 8, 2018"	"FENN RS ID"	50	sand	Shrub	100	0	50	80	15	Bunchgrass	100	50	5	85	15	0	ft	""
WD	wepp-25772	"12:21 pm  Wednesday August 8, 2018"	"FENN RS ID"	50	sand	Shrub	100	0	50	80	15	Bunchgrass	100	50	5	80	20	0	ft	""
WD	wepp-26930	"12:29 pm  Wednesday August 8, 2018"	"FENN RS ID"	50	sand	Shrub	50	0	50	80	15	Bunchgrass	50	60	10	80	20	0	ft	""
WD	wepp-26969	"12:30 pm  Wednesday August 8, 2018"	"FENN RS ID"	50	sand	Shrub	100	0	50	80	20	Bunchgrass	100	60	10	80	20	0	ft	""
WD	wepp-27677	"12:33 pm  Wednesday August 8, 2018"	"FENN RS ID"	50	sand	Bunchgrass	100	0	50	60	20	Bunchgrass	100	55	5	80	20	0	ft	""
WD	wepp-27842	"12:33 pm  Wednesday August 8, 2018"	"FENN RS ID"	50	sand	Bunchgrass	50	0	50	70	15	Bunchgrass	50	55	5	70	15	0	ft	""
WD	wepp-28004	"12:34 pm  Wednesday August 8, 2018"	"FENN RS ID"	50	sand	Bunchgrass	50	0	50	80	15	Bunchgrass	50	55	5	70	15	0	ft	""
WD	wepp-28046	"12:35 pm  Wednesday August 8, 2018"	"FENN RS ID"	50	sand	Bunchgrass	50	0	50	80	15	Bunchgrass	50	55	5	80	10	0	ft	""
WD	wepp-28176	"12:35 pm  Wednesday August 8, 2018"	"FENN RS ID"	25	sand	Bunchgrass	50	0	50	80	15	Bunchgrass	50	55	5	80	10	0	ft	""
WD	wepp-28336	"12:36 pm  Wednesday August 8, 2018"	"FENN RS ID"	25	sand	Shrub	50	0	50	80	15	Bunchgrass	50	55	5	80	15	0	ft	""
WD	wepp-28497	"12:36 pm  Wednesday August 8, 2018"	"FENN RS ID"	25	sand	Shrub	50	0	50	80	15	Bunchgrass	100	55	5	80	15	0	ft	""
WD	wepp-28658	"12:37 pm  Wednesday August 8, 2018"	"FENN RS ID"	50	sand	Shrub	50	0	50	80	15	Bunchgrass	100	55	5	80	15	0	ft	""
WD	wepp-28789	"12:38 pm  Wednesday August 8, 2018"	"FENN RS ID"	50	sand	Bunchgrass	100	0	50	80	15	Bunchgrass	50	55	5	80	15	0	ft	""
WD	wepp-28945	"12:38 pm  Wednesday August 8, 2018"	"FENN RS ID"	50	sand	Bunchgrass	100	0	45	80	15	Bunchgrass	50	55	10	80	15	0	ft	""
WD	wepp-29014	"12:39 pm  Wednesday August 8, 2018"	"FENN RS ID"	30	sand	Bunchgrass	50	0	45	80	15	Bunchgrass	50	55	10	80	15	0	ft	""
WD	wepp-29177	"12:39 pm  Wednesday August 8, 2018"	"FENN RS ID"	10	sand	Bunchgrass	50	0	30	80	10	Bunchgrass	50	55	5	80	15	0	ft	""
WD	wepp-29241	"12:40 pm  Wednesday August 8, 2018"	"FENN RS ID"	25	sand	Bunchgrass	50	0	50	80	10	Bunchgrass	50	55	5	80	15	0	ft	""
WD	wepp-29406	"12:40 pm  Wednesday August 8, 2018"	"FENN RS ID"	25	sand	Shrub	50	0	50	80	15	Bunchgrass	50	55	5	80	15	0	ft	""
WD	wepp-29454	"12:41 pm  Wednesday August 8, 2018"	"FENN RS ID"	50	sand	Shrub	50	0	50	80	15	Bunchgrass	50	55	5	80	15	0	ft	""
WD	wepp-29587	"12:42 pm  Wednesday August 8, 2018"	"FENN RS ID"	50	sand	Bunchgrass	50	0	50	90	15	Bunchgrass	50	55	5	80	10	0	ft	""
WD	wepp-29626	"12:43 pm  Wednesday August 8, 2018"	"FENN RS ID"	50	sand	Bunchgrass	50	0	50	90	15	Bunchgrass	50	55	5	90	10	0	ft	""
WD	wepp-29663	"12:43 pm  Wednesday August 8, 2018"	"FENN RS ID"	50	sand	Bunchgrass	100	10	50	80	15	Shrub	50	55	5	80	15	0	ft	""
WD	wepp-30551	"12:48 pm  Wednesday August 8, 2018"	"FENN RS ID"	20	sand	Bunchgrass	100	10	50	80	15	Shrub	50	55	5	80	15	0	ft	""
WD	wepp-30660	"12:49 pm  Wednesday August 8, 2018"	"FENN RS ID"	20	sand	Bunchgrass	100	10	55	90	15	Shrub	50	50	5	90	15	0	ft	""
WD	wepp-30718	"12:49 pm  Wednesday August 8, 2018"	"FENN RS ID"	20	sand	Shrub	100	10	55	80	15	Shrub	50	50	5	90	15	0	ft	""
WD	wepp-30881	"12:50 pm  Wednesday August 8, 2018"	"FENN RS ID"	50	sand	Shrub	50	5	55	80	15	Shrub	50	50	5	90	15	0	ft	""
WD	wepp-30888	"12:51 pm  Wednesday August 8, 2018"	"FENN RS ID"	50	sand	Bunchgrass	50	5	55	90	15	Shrub	50	50	5	90	15	0	ft	""
WD	wepp-31049	"12:51 pm  Wednesday August 8, 2018"	"FENN RS ID"	100	sand	Bunchgrass	50	5	55	90	15	Shrub	50	50	5	100	15	0	ft	""
WD	wepp-31086	"12:52 pm  Wednesday August 8, 2018"	"FENN RS ID"	50	sand	Bunchgrass	50	5	55	80	15	Shrub	50	50	5	90	15	0	ft	""
WD	wepp-32015	"12:56 pm  Wednesday August 8, 2018"	"FENN RS ID"	50	sand	Bunchgrass	50	5	55	80	15	Shrub	100	50	5	90	15	0	ft	""
WD	wepp-32054	"12:57 pm  Wednesday August 8, 2018"	"FENN RS ID"	50	sand	Bunchgrass	50	5	55	80	15	Bunchgrass	100	50	5	90	15	0	ft	""
WD	wepp-32217	"12:58 pm  Wednesday August 8, 2018"	"FENN RS ID"	50	sand	Shrub	50	5	50	80	15	Bunchgrass	50	55	5	90	15	0	ft	""
WD	wepp-32253	"12:59 pm  Wednesday August 8, 2018"	"FENN RS ID"	50	sand	Shrub	100	5	50	80	15	Bunchgrass	50	55	5	90	15	0	ft	""
WD	wepp-32591	"01:00 pm  Wednesday August 8, 2018"	"FENN RS ID"	50	sand	Shrub	100	0	50	80	15	Bunchgrass	100	55	5	90	15	0	ft	""
WD	wepp-32752	"01:02 pm  Wednesday August 8, 2018"	"FENN RS ID"	50	sand	Bunchgrass	50	0	50	90	15	Bunchgrass	100	55	5	90	15	0	ft	""
WD	wepp-32788	"01:02 pm  Wednesday August 8, 2018"	"FENN RS ID"	50	sand	Bunchgrass	50	0	50	90	15	Bunchgrass	100	55	5	90	15	0	ft	""
WD	wepp-32947	"01:03 pm  Wednesday August 8, 2018"	"FENN RS ID"	50	sand	Shrub	50	0	30	150	20	Bunchgrass	50	30	5	90	20	0	ft	""
WD	wepp-32983	"01:03 pm  Wednesday August 8, 2018"	"FENN RS ID"	50	sand	Shrub	50	0	50	70	15	Bunchgrass	50	55	5	90	15	0	ft	""
WD	wepp-33267	"01:04 pm  Wednesday August 8, 2018"	"FENN RS ID"	50	sand	Shrub	50	0	50	60	15	Bunchgrass	50	55	5	90	15	0	ft	""
WD	wepp-33277	"01:05 pm  Wednesday August 8, 2018"	"FENN RS ID"	50	sand	Shrub	50	5	55	60	15	Bunchgrass	100	50	10	90	15	0	ft	""
WD	wepp-36198	"02:01 pm  Wednesday August 8, 2018"	"FENN RS ID"	50	sand	Bunchgrass	50	5	30	80	5	Sod	100	30	5	80	10	0	ft	""
WD	wepp-36314	"02:05 pm  Wednesday August 8, 2018"	"FENN RS ID"	50	sand	Bunchgrass	100	5	50	80	5	Bunchgrass	100	55	5	80	10	0	ft	""
WD	wepp-36350	"02:05 pm  Wednesday August 8, 2018"	"FENN RS ID"	50	sand	Bunchgrass	100	5	50	85	10	Bunchgrass	100	55	5	85	15	0	ft	""
