WD	wepp-116718	"01:47 pm  Saturday January 25, 2014"	"POLE MTN, UT +"	10	sand	OldForest	260	0	25	95	40	OldForest	50	30	5	100	40	0	ft	"Junction Hazard Tree thinning "
WD	wepp-116922	"01:53 pm  Saturday January 25, 2014"	"POLE MTN, UT +"	50	sand	OldForest	300	0	25	95	40	OldForest	50	25	5	95	40	0	ft	"Junction Hazard Tree thinning "
WD	wepp-117105	"01:54 pm  Saturday January 25, 2014"	"POLE MTN, UT +"	50	sand	Skid	300	0	25	40	40	OldForest	50	25	5	95	40	0	ft	"Junction Hazard Tree thinning "
WD	wepp-117140	"01:55 pm  Saturday January 25, 2014"	"POLE MTN, UT +"	50	sand	Skid	300	0	25	40	40	OldForest	100	25	5	95	40	0	ft	"Junction Hazard Tree thinning "
WD	wepp-117181	"01:58 pm  Saturday January 25, 2014"	"POLE MTN, UT +"	50	sand	Skid	300	0	15	10	40	OldForest	100	15	0	100	40	0	ft	"Junction Hazard Tree thinning "
WD	wepp-117368	"02:00 pm  Saturday January 25, 2014"	"POLE MTN, UT +"	50	sand	Skid	300	0	15	10	40	OldForest	50	15	0	100	40	0	ft	"Junction Hazard Tree thinning "
WD	wepp-118607	"02:41 pm  Saturday January 25, 2014"	""				0	0	0	0	0		0	0	0	0	0	0		""
WD	wepp-118906	"02:43 pm  Saturday January 25, 2014"	"POLE MTN, UT +"	50	sand	Skid	300	0	15	10	40	OldForest	100	15	0	100	40	0	ft	"Junction Hazard Tree thinning "
WD	wepp-118942	"02:46 pm  Saturday January 25, 2014"	"POLE MTN, UT +"	50	sand	Skid	300	0	25	10	40	OldForest	100	25	0	100	40	0	ft	"Junction Hazard Tree thinning "
WD	wepp-166077	"10:50 am  Sunday January 26, 2014"	"POLE MTN, UT +"	10	sand	Skid	100	0	15	20	40	OldForest	100	30	50	100	40	0	ft	""
WD	wepp-166131	"10:52 am  Sunday January 26, 2014"	"POLE MTN, UT +"	50	sand	Skid	100	0	15	20	40	OldForest	100	30	50	100	40	0	ft	"W Fk Whiterocks 100' buffer"
WD	wepp-166770	"11:03 am  Sunday January 26, 2014"	"POLE MTN, UT +"	50	sand	Skid	170	0	10	20	40	OldForest	100	10	3	100	40	0	ft	"W Fk Whiterocks 100' buffer"
WD	wepp-166805	"11:03 am  Sunday January 26, 2014"	"POLE MTN, UT +"	50	sand	Skid	170	0	10	20	40	OldForest	100	10	3	100	40	0	ft	"Pole CK 100' buffer"
WD	wepp-168842	"12:04 pm  Sunday January 26, 2014"	"POLE MTN, UT +"	50	sand	Skid	150	0	5	20	40	OldForest	50	5	5	100	15	0	ft	"Junction Meadow 50' buffer to intermittent channel"
WD	wepp-169031	"12:07 pm  Sunday January 26, 2014"	"POLE MTN, UT +"	50	sand	Skid	120	0	5	20	40	OldForest	50	5	5	100	40	0	ft	"Unnamed Pond 50' buffer nr Pole Ck Junction"
WD	wepp-169073	"12:08 pm  Sunday January 26, 2014"	"POLE MTN, UT +"	50	sand	Skid	120	5	5	20	40	OldForest	50	5	0	100	40	0	ft	"Unnamed Pond 50' buffer nr Pole Ck Junction"
WD	wepp-169279	"12:14 pm  Sunday January 26, 2014"	"POLE MTN, UT +"	50	sand	Skid	100	15	2	20	40	OldForest	150	2	2	100	40	0	ft	"Fish bearing Channel in Junction Meadow "
WD	wepp-169496	"12:20 pm  Sunday January 26, 2014"	"POLE MTN, UT +"	50	sand	Skid	200	0	3	20	40	OldForest	100	3	50	100	40	0	ft	"Fish bearing Channel in Junction Meadow "
WD	wepp-169531	"12:21 pm  Sunday January 26, 2014"	"POLE MTN, UT +"	50	sand	Skid	200	0	5	20	40	OldForest	100	5	45	100	40	0	ft	"Fish bearing Channel in Junction Meadow "
WD	wepp-169718	"12:27 pm  Sunday January 26, 2014"	"POLE MTN, UT +"	50	sand	Skid	200	0	5	20	40	OldForest	100	5	45	100	40	0	ft	"West Fork Whiterocks River nr trailhead "
WD	wepp-170970	"01:01 pm  Sunday January 26, 2014"	"POLE MTN, UT +"	50	sand	Skid	100	20	2	20	40	OldForest	150	2	2	100	30	0	ft	"West Fork Whiterocks River nr trailhead "
WD	wepp-171163	"01:05 pm  Sunday January 26, 2014"	"POLE MTN, UT +"	50	sand	Skid	100	20	2	20	40	OldForest	150	2	2	100	30	0	ft	"Fishbearing channel in Juncion Meadow (150') "
WD	wepp-171208	"01:07 pm  Sunday January 26, 2014"	"POLE MTN, UT +"	50	sand	Skid	100	20	2	20	40	Bunchgrass	150	2	2	60	30	0	ft	"Fishbearing channel in Juncion Meadow (150') "
WD	wepp-171418	"01:11 pm  Sunday January 26, 2014"	"POLE MTN, UT +"	50	sand	Skid	125	0	5	20	40	OldForest	50	5	0	100	40	0	ft	"Unnamed Pond near Junction Meadow (50') "
WD	wepp-171614	"01:16 pm  Sunday January 26, 2014"	"POLE MTN, UT +"	50	sand	Skid	170	0	5	20	40	Bunchgrass	50	5	0	60	20	0	ft	"Intermittent channel in Junction Meadow (50') "
WD	wepp-171652	"01:17 pm  Sunday January 26, 2014"	"POLE MTN, UT +"	50	sand	Skid	170	0	3	20	40	Bunchgrass	50	3	0	60	20	0	ft	"Intermittent channel in Junction Meadow (50') "
WD	wepp-172203	"01:31 pm  Sunday January 26, 2014"	"POLE MTN, UT +"	50	sand	Skid	170	0	3	20	40	Bunchgrass	50	3	0	60	20	0	ft	"Intermittent channel in Junction Meadow (50') "
WR	wepp-3367	"08:48 am  Tuesday April 1, 2014"	"Uinta Canyon FS Bndy +"	30	silt	native	500	2	18	15	50	60	1	38	outunrut	ft
WR	wepp-4201	"08:49 am  Tuesday April 1, 2014"	"Uinta Canyon FS Bndy +"	30	silt	native	550	2	18	15	60	60	2	38	outunrut	ft
WR	wepp-4260	"08:51 am  Tuesday April 1, 2014"	"Uinta Canyon FS Bndy +"	30	silt	paved	550	2	18	15	60	60	2	38	outunrut	ft
WR	wepp-4296	"08:52 am  Tuesday April 1, 2014"	"Uinta Canyon FS Bndy +"	30	silt	paved	550	2	22	15	60	60	2	38	outunrut	ft
WR	wepp-4332	"08:53 am  Tuesday April 1, 2014"	"Uinta Canyon FS Bndy +"	30	silt	paved	550	2	22	15	60	50	2	38	outunrut	ft
WR	wepp-4367	"08:53 am  Tuesday April 1, 2014"	"Uinta Canyon FS Bndy +"	30	silt	paved	550	2	22	15	60	50	2	38	inbare	ft
WR	wepp-4402	"08:54 am  Tuesday April 1, 2014"	"Uinta Canyon FS Bndy +"	30	silt	paved	550	2	22	15	60	50	2	38	inveg	ft
WR	wepp-4450	"08:55 am  Tuesday April 1, 2014"	"Uinta Canyon FS Bndy +"	30	silt	paved	550	2	22	15	60	60	2	38	inveg	ft
WR	wepp-4486	"08:56 am  Tuesday April 1, 2014"	"Uinta Canyon FS Bndy +"	30	silt	paved	550	2	18	15	60	60	2	38	outunrut	ft
WR	wepp-5243	"08:57 am  Tuesday April 1, 2014"	"Uinta Canyon FS Bndy +"	30	silt	native	550	2	18	15	60	60	2	38	outunrut	ft
WR	wepp-7693	"09:01 am  Tuesday April 1, 2014"	"Uinta Canyon FS Bndy +"	30	silt	paved	550	2	22	15	60	60	2	38	outunrut	ft
WR	wepp-29504	"02:46 pm  Wednesday April 2, 2014"	"Uinta Canyon FS Bndy +"	30	sand	native	200	4	18	10	35	30	0.5	38	outunrut	ft
WR	wepp-29598	"02:46 pm  Wednesday April 2, 2014"	"Uinta Canyon FS Bndy +"	30	sand	native	250	4	18	10	35	30	0.5	38	inveg	ft
WR	wepp-30282	"02:47 pm  Wednesday April 2, 2014"	"Uinta Canyon FS Bndy +"	30	sand	native	250	1	18	10	35	30	0.5	38	inveg	ft
WR	wepp-31204	"02:48 pm  Wednesday April 2, 2014"	"Uinta Canyon FS Bndy +"	30	sand	native	250	1	18	10	35	30	0.5	38	outunrut	ft
WR	wepp-32560	"02:49 pm  Wednesday April 2, 2014"	"Uinta Canyon FS Bndy +"	30	sand	native	250	1	18	10	35	30	1	38	outunrut	ft
WR	wepp-32748	"02:51 pm  Wednesday April 2, 2014"	"Uinta Canyon FS Bndy +"	30	sand	paved	250	1	22	10	35	30	1	38	outunrut	ft
WR	wepp-3789	"03:01 pm  Wednesday April 2, 2014"	"Uinta Canyon FS Bndy +"	30	sand	native	550	1.9	18	14	28	40	1	38	outunrut	ft
WR	wepp-3842	"03:05 pm  Wednesday April 2, 2014"	""	1			0	0	0	0	0	0	0	0		
WR	wepp-3844	"03:05 pm  Wednesday April 2, 2014"	""	1			0	0	0	0	0	0	0	0		
WR	wepp-5377	"03:08 pm  Wednesday April 2, 2014"	"Uinta Canyon FS Bndy +"	30	sand	native	600	1.9	18	14	27	40	1	20	outunrut	ft
WR	wepp-6881	"03:10 pm  Wednesday April 2, 2014"	"Uinta Canyon FS Bndy +"	30	sand	paved	600	1.9	22	14	27	40	1	20	outunrut	ft
WR	wepp-30397	"02:13 pm  Thursday April 3, 2014"	"Uinta Canyon FS Bndy +"	30	sand	native	250	0.8	18	10	35	30	2	38	inbare	ft
WR	wepp-30431	"02:13 pm  Thursday April 3, 2014"	"Uinta Canyon FS Bndy +"	30	sand	native	250	0.8	18	10	35	30	2	38	inveg	ft
WR	wepp-30500	"02:13 pm  Thursday April 3, 2014"	"Uinta Canyon FS Bndy +"	30	sand	native	250	0.8	18	10	35	30	2	38	outunrut	ft
WR	wepp-30545	"02:14 pm  Thursday April 3, 2014"	"Uinta Canyon FS Bndy +"	30	sand	paved	250	0.8	22	10	35	30	2	38	outunrut	ft
WR	wepp-30593	"02:15 pm  Thursday April 3, 2014"	"Uinta Canyon FS Bndy +"	30	sand	native	600	1.8	22	14	27	40	1	38	outunrut	ft
WR	wepp-30630	"02:16 pm  Thursday April 3, 2014"	"Uinta Canyon FS Bndy +"	30	sand	native	600	1.8	18	14	27	40	1	38	outunrut	ft
WR	wepp-2785	"10:14 am  Friday April 4, 2014"	""	1			0	0	0	0	0	0	0	0		
WR	wepp-4268	"10:18 am  Friday April 4, 2014"	"Uinta Canyon FS Bndy +"	30	sand	native	600	1.8	22	14	27	40	1	38	outunrut	ft
WR	wepp-5679	"10:20 am  Friday April 4, 2014"	"Uinta Canyon FS Bndy +"	30	sand	native	550	1.9	22	14	27	40	1	38	outunrut	ft
WR	wepp-5764	"10:21 am  Friday April 4, 2014"	"Uinta Canyon FS Bndy +"	30	sand	native	550	1.9	18	14	27	40	1	38	outunrut	ft
WR	wepp-5799	"10:22 am  Friday April 4, 2014"	"Uinta Canyon FS Bndy +"	30	sand	native	600	1.9	18	14	27	40	1	38	outunrut	ft
WR	wepp-5838	"10:22 am  Friday April 4, 2014"	"Uinta Canyon FS Bndy +"	30	sand	paved	600	1.9	22	14	27	40	1	38	outunrut	ft
