WD	wepp-7206	"10:39 am  Friday October 22, 2010"	"DENVER WB AP CO"	30	clay	tree20	50	0	30	100	20	tree5	50	30	5	100	20	0	ft	""
WD	wepp-8133	"12:50 pm  Friday October 22, 2010"	"SEELEY LAKE RS MT 22.55 +"	50	loam	skid	500	20	20	10	20	skid	500	20	20	10	20	0	ft	""
WD	wepp-8138	"12:52 pm  Friday October 22, 2010"	"SEELEY LAKE RS MT 22.55 +"	50	loam	skid	500	20	20	10	20	skid	500	20	20	10	20	0	ft	""
WD	wepp-8170	"12:53 pm  Friday October 22, 2010"	"SEELEY LAKE RS MT 22.55 +"	50	loam	skid	1000	20	20	10	20	tree20	500	20	20	100	20	0	ft	""
WD	wepp-8175	"12:55 pm  Friday October 22, 2010"	"SEELEY LAKE RS MT 22.55 +"	50	loam	skid	500	20	20	10	20	tree20	500	20	20	100	20	0	ft	""
WD	wepp-8180	"12:56 pm  Friday October 22, 2010"	"SEELEY LAKE RS MT 22.55 +"	50	loam	tree5	500	20	20	90	20	tree20	500	20	20	100	20	0	ft	""
WD	wepp-8185	"12:57 pm  Friday October 22, 2010"	"SEELEY LAKE RS MT 22.55 +"	50	loam	tree5	500	20	20	92	20	tree5	500	20	20	93	20	0	ft	""
WD	wepp-8190	"12:58 pm  Friday October 22, 2010"	"SEELEY LAKE RS MT 22.55 +"	50	loam	tree5	500	20	20	95	20	tree5	500	20	20	95	20	0	ft	""
WD	wepp-8222	"12:58 pm  Friday October 22, 2010"	"SEELEY LAKE RS MT 22.55 +"	50	loam	tree5	500	20	20	95	20	tree5	500	20	20	95	20	0	ft	""
WD	wepp-8249	"01:00 pm  Friday October 22, 2010"	"SEELEY LAKE RS MT 22.55 +"	50	loam	tree5	500	20	20	95	20	tree20	500	20	20	100	20	0	ft	""
WD	wepp-8254	"01:01 pm  Friday October 22, 2010"	"SEELEY LAKE RS MT 22.55 +"	50	loam	tree5	1000	20	20	95	20	tree20	500	20	20	100	20	0	ft	""
WD	wepp-8485	"01:32 pm  Friday October 22, 2010"	"SEELEY LAKE RS MT 22.55 +"	50	loam	tree5	500	20	20	95	20	tree5	500	20	20	95	20	0	ft	""
WD	wepp-8490	"01:33 pm  Friday October 22, 2010"	"SEELEY LAKE RS MT 22.55 +"	50	loam	tree5	500	20	20	95	20	tree5	500	20	20	95	20	0	ft	"Unit only"
WD	wepp-8525	"01:36 pm  Friday October 22, 2010"	"SEELEY LAKE RS MT 22.55 +"	50	loam	tree5	1000	20	20	95	20	tree20	500	20	20	100	20	0	ft	"Unit and buffer"
WD	wepp-8530	"01:37 pm  Friday October 22, 2010"	"SEELEY LAKE RS MT 22.55 +"	50	loam	tree5	500	20	20	95	20	tree20	500	20	20	100	20	0	ft	"Short Unit and buffer"
WD	wepp-8564	"01:42 pm  Friday October 22, 2010"	"SEELEY LAKE RS MT 22.55 +"	50	loam	tree5	500	20	20	95	20	tree20	100	20	20	100	20	0	ft	"Short Unit and buffer"
WD	wepp-8596	"01:43 pm  Friday October 22, 2010"	"SEELEY LAKE RS MT 22.55 +"	50	loam	tree5	500	20	20	95	20	tree20	1.5	20	20	100	20	0	ft	"Short Unit and buffer"
WD	wepp-8611	"01:44 pm  Friday October 22, 2010"	"SEELEY LAKE RS MT 22.55 +"	50	loam	tree5	1000	20	20	95	20	tree20	1.5	20	20	100	20	0	ft	"Short Unit and buffer"
WD	wepp-8637	"01:45 pm  Friday October 22, 2010"	"SEELEY LAKE RS MT 22.55 +"	50	loam	tree5	500	20	20	95	20	tree20	1.5	20	20	100	20	0	ft	"Short Unit and buffer"
WD	wepp-8642	"01:47 pm  Friday October 22, 2010"	"SEELEY LAKE RS MT 22.55 +"	50	loam	tree5	1000	20	20	95	20	tree20	1.5	20	20	100	20	0	ft	"Short Unit and buffer"
WD	wepp-8686	"01:48 pm  Friday October 22, 2010"	"SEELEY LAKE RS MT 22.55 +"	50	loam	tree5	1.5	20	20	95	20	tree20	1000	20	20	100	20	0	ft	"Short Unit and buffer"
WD	wepp-8691	"01:50 pm  Friday October 22, 2010"	"SEELEY LAKE RS MT 22.55 +"	50	loam	tree5	150	20	20	95	20	tree5	150	20	20	95	20	0	ft	"Short Unit and buffer"
WD	wepp-8696	"01:51 pm  Friday October 22, 2010"	"SEELEY LAKE RS MT 22.55 +"	50	loam	tree5	500	20	20	95	20	tree5	1.5	20	20	95	20	0	ft	"Short Unit and buffer"
WD	wepp-8701	"01:52 pm  Friday October 22, 2010"	"SEELEY LAKE RS MT 22.55 +"	50	loam	tree5	250	20	20	95	20	tree5	1.5	20	20	95	20	0	ft	"Short Unit and buffer"
WD	wepp-8746	"01:55 pm  Friday October 22, 2010"	"SEELEY LAKE RS MT 22.55 +"	50	loam	tree20	500	20	20	100	20	tree5	500	20	20	95	20	0	ft	"Short Unit and buffer"
WD	wepp-8878	"02:12 pm  Friday October 22, 2010"	"SEELEY LAKE RS MT 22.55 +"	50	loam	skid	500	20	20	10	20	tree20	500	20	20	100	20	0	ft	"Short Unit and buffer"
WD	wepp-8884	"02:13 pm  Friday October 22, 2010"	"SEELEY LAKE RS MT 22.55 +"	50	loam	tree20	500	20	20	100	20	skid	500	20	20	10	20	0	ft	"Short Unit and buffer"
