WD	wepp-30432	"10:34 am  Tuesday February 23, 2010"	"Wildcat Spring +"	100	silt	low	121.951219512195	0	40	85	20	shrub	15.2439024390244	40	5	80	20	0	ft	"landscape burning"
WD	wepp-30437	"10:36 am  Tuesday February 23, 2010"	"Wildcat Spring +"	100	silt	low	121.951219512195	0	40	100	20	shrub	15.2439024390244	40	5	80	20	0	ft	"landscape burning"
WD	wepp-30442	"10:37 am  Tuesday February 23, 2010"	"Wildcat Spring +"	100	silt	low	121.951219512195	0	40	100	20	shrub	15.2439024390244	40	5	100	20	0	ft	"landscape burning"
WD	wepp-30641	"11:01 am  Tuesday February 23, 2010"	"Wildcat Spring +"	100	silt	low	121.951219512195	0	40	100	20	tree5	15.2439024390244	40	5	100	20	0	ft	"landscape burning"
WD	wepp-30646	"11:02 am  Tuesday February 23, 2010"	"Wildcat Spring +"	100	silt	low	121.951219512195	0	40	100	20	tree5	30.4878048780488	40	5	100	20	0	ft	"landscape burning"
WD	wepp-30680	"11:03 am  Tuesday February 23, 2010"	"Wildcat Spring +"	100	silt	shrub	121.951219512195	0	40	100	20	tree5	30.4878048780488	40	5	100	20	0	ft	"landscape burning"
WD	wepp-30686	"11:06 am  Tuesday February 23, 2010"	"Wildcat Spring +"	100	silt	low	121.951219512195	0	40	100	20	tree5	30.4878048780488	40	5	100	20	0	ft	"landscape burning"
WD	wepp-30747	"11:08 am  Tuesday February 23, 2010"	"Wildcat Spring +"	100	silt	shrub	121.951219512195	0	40	97	20	tree5	30.4878048780488	40	5	100	20	0	ft	"landscape burning"
WD	wepp-30752	"11:10 am  Tuesday February 23, 2010"	"Wildcat Spring +"	100	silt	shrub	121.951219512195	0	40	97	20	tree5	15.2439024390244	40	5	100	20	0	ft	"landscape burning"
WD	wepp-30885	"11:26 am  Tuesday February 23, 2010"	"Wildcat Spring +"	100	silt	shrub	121.951219512195	0	40	97	20	tree5	15.2439024390244	40	5	90	20	0	ft	"landscape burning"
WD	wepp-30890	"11:27 am  Tuesday February 23, 2010"	"Wildcat Spring +"	100	silt	shrub	121.951219512195	0	40	97	20	shrub	15.2439024390244	40	5	80	20	0	ft	"landscape burning"
WD	wepp-30944	"11:31 am  Tuesday February 23, 2010"	"Wildcat Spring +"	100	silt	shrub	121.951219512195	0	40	97	20	shrub	15.2439024390244	40	5	50	20	0	ft	"landscape burning"
WD	wepp-30949	"11:31 am  Tuesday February 23, 2010"	"Wildcat Spring +"	100	silt	shrub	121.951219512195	0	40	97	20	shrub	3.04878048780488	40	5	50	20	0	ft	"landscape burning"
WD	wepp-30956	"11:33 am  Tuesday February 23, 2010"	"Wildcat Spring +"	100	silt	shrub	121.951219512195	0	40	50	20	shrub	15.2439024390244	40	5	80	20	0	ft	"landscape burning"
WD	wepp-30986	"11:34 am  Tuesday February 23, 2010"	"Wildcat Spring +"	100	silt	tree5	121.951219512195	0	40	50	20	shrub	15.2439024390244	40	5	80	20	0	ft	"landscape burning"
WD	wepp-30991	"11:35 am  Tuesday February 23, 2010"	"Wildcat Spring +"	100	silt	tree5	121.951219512195	0	40	75	20	shrub	15.2439024390244	40	5	80	20	0	ft	"landscape burning"
WD	wepp-30996	"11:36 am  Tuesday February 23, 2010"	"Wildcat Spring +"	100	silt	tree5	121.951219512195	0	40	65	20	shrub	15.2439024390244	40	5	80	20	0	ft	"landscape burning"
WD	wepp-31003	"11:37 am  Tuesday February 23, 2010"	"Wildcat Spring +"	100	silt	tree5	121.951219512195	0	40	60	20	shrub	15.2439024390244	40	5	80	20	0	ft	"landscape burning"
WD	wepp-31035	"11:38 am  Tuesday February 23, 2010"	"Wildcat Spring +"	100	silt	tree5	121.951219512195	0	40	63	20	shrub	15.2439024390244	40	5	80	20	0	ft	"landscape burning"
WD	wepp-31040	"11:39 am  Tuesday February 23, 2010"	"Wildcat Spring +"	100	silt	tree5	121.951219512195	0	40	62	20	shrub	15.2439024390244	40	5	80	20	0	ft	"landscape burning"
WD	wepp-31045	"11:40 am  Tuesday February 23, 2010"	"Wildcat Spring +"	100	silt	tree5	121.951219512195	0	40	63	20	shrub	15.2439024390244	40	5	80	20	0	ft	"landscape burning"
WD	wepp-31050	"11:41 am  Tuesday February 23, 2010"	"Wildcat Spring +"	100	silt	tree5	121.951219512195	0	40	62	20	shrub	15.2439024390244	40	5	80	20	0	ft	"landscape burning"
WD	wepp-31083	"11:45 am  Tuesday February 23, 2010"	"Wildcat Spring +"	50	silt	low	121.951219512195	0	40	97	20	shrub	15.2439024390244	40	5	80	20	0	ft	"landscape burning"
WD	wepp-31107	"11:46 am  Tuesday February 23, 2010"	"Wildcat Spring +"	50	silt	low	121.951219512195	0	40	97	20	tree5	15.2439024390244	40	5	100	20	0	ft	"landscape burning"
WD	wepp-31112	"11:47 am  Tuesday February 23, 2010"	"Wildcat Spring +"	50	silt	low	121.951219512195	0	40	97	20	tree5	24.390243902439	40	5	100	20	0	ft	"landscape burning"
WD	wepp-31241	"11:53 am  Tuesday February 23, 2010"	"Wildcat Spring +"	50	silt	low	121.951219512195	0	30	97	20	tree5	24.390243902439	30	5	100	20	0	ft	"landscape burning"
WD	wepp-31300	"11:59 am  Tuesday February 23, 2010"	"Wildcat Spring +"	50	silt	low	121.951219512195	0	40	97	20	tree5	24.390243902439	40	5	100	20	0	ft	"landscape burning"
WD	wepp-31324	"12:00 pm  Tuesday February 23, 2010"	"Wildcat Spring +"	100	silt	low	121.951219512195	0	40	97	20	tree5	24.390243902439	40	5	100	20	0	ft	"landscape burning"
WD	wepp-31330	"12:01 pm  Tuesday February 23, 2010"	"Wildcat Spring +"	100	silt	low	121.951219512195	0	40	97	20	tree20	24.390243902439	40	5	100	20	0	ft	"landscape burning"
WD	wepp-31335	"12:02 pm  Tuesday February 23, 2010"	"Wildcat Spring +"	100	silt	low	121.951219512195	0	40	97	20	tree20	27.4390243902439	40	5	100	20	0	ft	"landscape burning"
WD	wepp-31340	"12:03 pm  Tuesday February 23, 2010"	"Wildcat Spring +"	100	silt	low	121.951219512195	0	40	97	20	tree20	30.4878048780488	40	5	100	20	0	ft	"landscape burning"
WD	wepp-31372	"12:04 pm  Tuesday February 23, 2010"	"Wildcat Spring +"	100	silt	low	121.951219512195	0	40	100	20	tree20	30.4878048780488	40	5	100	20	0	ft	"landscape burning"
WD	wepp-31377	"12:05 pm  Tuesday February 23, 2010"	"Wildcat Spring +"	100	silt	low	121.951219512195	0	40	90	20	tree20	30.4878048780488	40	5	100	20	0	ft	"landscape burning"
WD	wepp-31383	"12:06 pm  Tuesday February 23, 2010"	"Wildcat Spring +"	100	silt	low	121.951219512195	0	40	97	20	tree20	24.390243902439	40	5	100	20	0	ft	"landscape burning"
