WD	wepp-17465	"03:45 pm  Wednesday March 19, 2014"	"Deep Gulch +"	10	silt	Skid	30	55	55	0	0	Shrub	50	30	5	80	20	0	ft	""
WD	wepp-19120	"03:48 pm  Wednesday March 19, 2014"	"Deep Gulch +"	10	silt	Shrub	30	55	55	80	0	Shrub	50	30	5	80	20	0	ft	""
WD	wepp-19452	"03:48 pm  Wednesday March 19, 2014"	"Deep Gulch +"	10	silt	Shrub	30	55	55	80	0	Shrub	120	30	5	80	20	0	ft	""
WD	wepp-19764	"03:48 pm  Wednesday March 19, 2014"	"Deep Gulch +"	10	silt	Shrub	30	55	55	80	0	Shrub	70	30	5	80	20	0	ft	""
WD	wepp-20339	"03:49 pm  Wednesday March 19, 2014"	"Deep Gulch +"	10	silt	Shrub	30	55	55	80	0	Shrub	50	30	5	80	20	0	ft	""
WD	wepp-20704	"03:49 pm  Wednesday March 19, 2014"	"Deep Gulch +"	10	silt	Skid	30	55	55	0	0	Shrub	120	30	5	80	20	0	ft	""
WD	wepp-20740	"03:49 pm  Wednesday March 19, 2014"	"Deep Gulch +"	10	silt	Skid	30	55	55	0	0	Shrub	50	30	5	80	20	0	ft	""
WD	wepp-20775	"03:49 pm  Wednesday March 19, 2014"	"Deep Gulch +"	10	silt	Skid	30	55	55	0	0	Shrub	20	30	5	80	20	0	ft	""
WD	wepp-23529	"05:03 am  Thursday March 20, 2014"	"Deep Gulch +"	10	silt	Skid	30	0	0	0	20	Shrub	50	50	35	80	20	0	ft	"Pad - 50% 50 ft"
WD	wepp-23576	"05:06 am  Thursday March 20, 2014"	"Deep Gulch +"	10	silt	Shrub	30	50	50	80	20	Shrub	50	50	35	80	20	0	ft	"Pad - 50% 50 ft"
WD	wepp-23613	"05:06 am  Thursday March 20, 2014"	"Deep Gulch +"	10	silt	Shrub	30	50	50	80	20	Shrub	50	50	35	80	20	0	ft	"No pad 50 feet"
WD	wepp-25978	"05:09 am  Thursday March 20, 2014"	"Deep Gulch +"	10	silt	Skid	30	65	65	0	20	Shrub	20	50	35	80	20	0	ft	"No pad 50 feet"
WD	wepp-26466	"05:10 am  Thursday March 20, 2014"	"Deep Gulch +"	10	silt	Skid	30	5	5	0	20	Shrub	20	50	35	80	20	0	ft	"No pad 50 feet"
WD	wepp-26502	"05:10 am  Thursday March 20, 2014"	"Deep Gulch +"	10	silt	Skid	30	5	5	0	20	Shrub	20	50	35	80	20	0	ft	"No pad 50 feet"
WD	wepp-26540	"05:11 am  Thursday March 20, 2014"	"Deep Gulch +"	10	silt	Shrub	30	50	50	80	20	Shrub	20	50	35	80	20	0	ft	"No pad 50 feet"
WD	wepp-32242	"05:29 am  Thursday March 20, 2014"	"Deep Gulch +"	10	silt	Skid	30	5	5	0	20	Sod	50	40	40	40	20	0	ft	""
WD	wepp-32292	"05:32 am  Thursday March 20, 2014"	"Deep Gulch +"	10	silt	Sod	30	40	40	40	20	Sod	50	40	40	40	20	0	ft	""
WD	wepp-2850	"05:43 am  Thursday March 20, 2014"	"Deep Gulch +"	10	silt	Skid	30	10	10	0	20	Sod	50	40	40	40	20	0	ft	""
WD	wepp-2898	"05:46 am  Thursday March 20, 2014"	"Deep Gulch +"	10	silt	Skid	30	10	10	0	20	Sod	150	40	40	40	20	0	ft	""
WD	wepp-3343	"05:47 am  Thursday March 20, 2014"	"Deep Gulch +"	10	silt	Sod	30	40	40	40	20	Sod	150	40	40	40	20	0	ft	""
WD	wepp-8162	"05:59 am  Thursday March 20, 2014"	"Deep Gulch +"	10	silt	Skid	40	10	10	0	20	Bunchgrass	50	40	40	60	20	0	ft	""
WD	wepp-8726	"05:59 am  Thursday March 20, 2014"	"Deep Gulch +"	10	silt	Skid	40	10	10	0	20	Bunchgrass	50	50	50	60	20	0	ft	""
WD	wepp-8791	"06:00 am  Thursday March 20, 2014"	"Deep Gulch +"	10	silt	Bunchgrass	40	50	50	60	20	Bunchgrass	50	50	50	60	20	0	ft	""
WD	wepp-8831	"06:02 am  Thursday March 20, 2014"	"Deep Gulch +"	10	silt	Sod	40	50	50	40	20	Sod	50	50	50	40	20	0	ft	""
WD	wepp-8871	"06:03 am  Thursday March 20, 2014"	"Deep Gulch +"	10	silt	Skid	40	10	10	0	0	Sod	50	50	50	40	20	0	ft	""
WD	wepp-8907	"06:04 am  Thursday March 20, 2014"	"Deep Gulch +"	25	silt	Skid	40	10	10	0	0	Sod	50	50	50	40	20	0	ft	""
WD	wepp-8953	"06:05 am  Thursday March 20, 2014"	"Deep Gulch +"	20	silt	Skid	40	10	10	0	0	Sod	50	50	50	40	20	0	ft	""
WD	wepp-8989	"06:05 am  Thursday March 20, 2014"	"Deep Gulch +"	1	silt	Skid	40	10	10	0	0	Sod	50	50	50	40	20	0	ft	""
WD	wepp-11817	"06:10 am  Thursday March 20, 2014"	"Deep Gulch +"	1	silt	Sod	40	50	50	40	0	Sod	50	50	50	40	20	0	ft	""
WD	wepp-14688	"06:23 am  Thursday March 20, 2014"	"Deep Gulch +"	1	silt	Skid	40	10	10	0	0	Sod	5	50	50	40	20	0	ft	""
WD	wepp-14737	"06:25 am  Thursday March 20, 2014"	"Deep Gulch +"	1	silt	Sod	40	50	50	40	0	Sod	5	50	50	40	20	0	ft	""
WD	wepp-17576	"06:35 am  Thursday March 20, 2014"	"Deep Gulch +"	1	silt	Skid	40	10	10	0	0	Sod	10	50	50	40	20	0	ft	""
WD	wepp-17613	"06:35 am  Thursday March 20, 2014"	"Deep Gulch +"	1	silt	Skid	40	10	10	0	0	Sod	25	50	50	40	20	0	ft	""
WD	wepp-17649	"06:36 am  Thursday March 20, 2014"	"Deep Gulch +"	1	silt	Skid	40	10	10	0	0	Sod	40	50	50	40	20	0	ft	""
WD	wepp-23733	"06:57 am  Thursday March 20, 2014"	"Deep Gulch +"	1	silt	Skid	40	10	10	0	0	Sod	20	50	50	40	20	0	ft	""
WR	wepp-32161	"07:22 am  Thursday March 20, 2014"	"Deep Gulch +"	1	silt	native	200	4	25	15	50	130	25	20	outrut	ft
WR	wepp-32196	"07:23 am  Thursday March 20, 2014"	"Deep Gulch +"	1	silt	native	200	4	25	15	50	50	50	20	outrut	ft
WR	wepp-32231	"07:23 am  Thursday March 20, 2014"	"Deep Gulch +"	1	silt	native	200	4	25	15	50	50	50	20	outrut	ft
WR	wepp-32266	"07:24 am  Thursday March 20, 2014"	"Deep Gulch +"	1	silt	native	200	3	25	15	50	50	50	20	outrut	ft
WR	wepp-2773	"07:29 am  Thursday March 20, 2014"	"Deep Gulch +"	1	silt	native	200	10	25	15	50	50	50	20	outrut	ft
WR	wepp-2827	"07:30 am  Thursday March 20, 2014"	"Deep Gulch +"	1	silt	native	200	10	25	15	50	50	50	20	inveg	ft
WR	wepp-2862	"07:30 am  Thursday March 20, 2014"	"Deep Gulch +"	1	silt	native	200	10	25	15	50	50	50	20	outunrut	ft
WR	wepp-2898	"07:30 am  Thursday March 20, 2014"	"Deep Gulch +"	1	silt	native	200	10	25	15	50	200	50	20	outrut	ft
WR	wepp-2933	"07:31 am  Thursday March 20, 2014"	"Deep Gulch +"	1	silt	native	200	10	25	15	50	150	50	20	outrut	ft
WR	wepp-2969	"07:31 am  Thursday March 20, 2014"	"Deep Gulch +"	1	silt	native	200	10	25	15	50	100	50	20	outrut	ft
WR	wepp-3003	"07:31 am  Thursday March 20, 2014"	"Deep Gulch +"	1	silt	native	200	10	25	15	50	50	50	20	outrut	ft
WR	wepp-3040	"07:31 am  Thursday March 20, 2014"	"Deep Gulch +"	1	silt	native	200	10	25	15	50	75	50	20	outrut	ft
WR	wepp-3076	"07:31 am  Thursday March 20, 2014"	"Deep Gulch +"	1	silt	native	200	10	25	15	50	90	50	20	outrut	ft
WR	wepp-8794	"07:55 am  Thursday March 20, 2014"	"Deep Gulch +"	1	silt	native	200	10	25	15	50	90	50	20	inbare	ft
WR	wepp-8832	"07:55 am  Thursday March 20, 2014"	"Deep Gulch +"	1	silt	native	200	10	25	15	50	80	50	20	inbare	ft
WR	wepp-18130	"08:24 am  Thursday March 20, 2014"	"Deep Gulch +"	1	silt	native	50	2	25	15	50	10	2	20	inbare	ft
WR	wepp-18166	"08:24 am  Thursday March 20, 2014"	"Deep Gulch +"	1	silt	native	50	2	25	15	50	1	2	20	inbare	ft
WR	wepp-18204	"08:24 am  Thursday March 20, 2014"	"Deep Gulch +"	1	silt	native	100	2	25	15	50	1	2	20	inbare	ft
WR	wepp-26716	"08:55 am  Thursday March 20, 2014"	"Deep Gulch +"	1	silt	native	100	2	25	15	50	1	2	20	inbare	ft
WR	wepp-28027	"08:57 am  Thursday March 20, 2014"	"Deep Gulch +"	1	silt	native	100	2	25	15	50	1	2	20	inbare	ft
WR	wepp-29034	"08:58 am  Thursday March 20, 2014"	"Deep Gulch +"	1	silt	native	100	10	25	15	50	50	15	20	inbare	ft
WR	wepp-29785	"08:59 am  Thursday March 20, 2014"	"Deep Gulch +"	1	silt	native	100	10	25	15	50	50	25	20	inbare	ft
WR	wepp-29856	"09:02 am  Thursday March 20, 2014"	"Deep Gulch +"	1	silt	native	50	10	25	15	50	1	10	20	inbare	ft
WR	wepp-3184	"09:19 am  Thursday March 20, 2014"	"Deep Gulch +"	1	clay	native	20	2	25	15	50	1	2	20	inbare	ft
WR	wepp-3220	"09:20 am  Thursday March 20, 2014"	"Deep Gulch +"	1	clay	native	20	2	25	15	50	1	2	20	inbare	ft
WR	wepp-3295	"09:21 am  Thursday March 20, 2014"	"Deep Gulch +"	1	clay	native	20	10	25	15	50	1	10	20	inbare	ft
WR	wepp-3333	"09:21 am  Thursday March 20, 2014"	"Deep Gulch +"	1	silt	native	20	10	25	15	50	1	10	20	inbare	ft
WR	wepp-3784	"09:22 am  Thursday March 20, 2014"	"Deep Gulch +"	1	silt	native	20	2	25	15	50	1	2	20	inbare	ft
WD	wepp-196399	"02:57 pm  Friday April 27, 2018"	"Black Pine Mine +"	10	clay	Skid	40	5	5	0	0	Bunchgrass	100	50	50	60	20	0	ft	"Drill Pad"
WD	wepp-196499	"03:02 pm  Friday April 27, 2018"	"Black Pine Mine +"	10	clay	Skid	40	5	5	0	0	Sod	100	70	70	40	20	0	ft	"Drill Pad"
WD	wepp-196546	"03:05 pm  Friday April 27, 2018"	"Black Pine Mine +"	10	clay	Skid	40	5	5	0	0	Sod	25	70	70	40	20	0	ft	"Drill Pad"
WD	wepp-196582	"03:05 pm  Friday April 27, 2018"	"Black Pine Mine +"	10	clay	Skid	40	5	5	0	0	Bunchgrass	50	70	70	60	20	0	ft	"Drill Pad"
WD	wepp-196618	"03:05 pm  Friday April 27, 2018"	"Black Pine Mine +"	10	clay	Skid	40	5	5	0	0	Bunchgrass	30	70	70	60	20	0	ft	"Drill Pad"
WD	wepp-196654	"03:06 pm  Friday April 27, 2018"	"Black Pine Mine +"	10	clay	Skid	40	5	5	0	0	Bunchgrass	20	70	70	60	20	0	ft	"Drill Pad"
WD	wepp-196690	"03:06 pm  Friday April 27, 2018"	"Black Pine Mine +"	10	clay	Skid	70	5	5	0	0	Bunchgrass	20	70	70	60	20	0	ft	"Drill Pad"
WD	wepp-196726	"03:07 pm  Friday April 27, 2018"	"Black Pine Mine +"	10	clay	Skid	70	5	5	0	0	Bunchgrass	50	70	70	60	20	0	ft	"Drill Pad"
WR	wepp-9597	"02:14 pm  Monday April 30, 2018"	"Black Pine Mine +"	30	clay	native	200	8	13	15	50	130	25	20	inbare	ft
WR	wepp-9641	"02:15 pm  Monday April 30, 2018"	"Black Pine Mine +"	30	clay	native	1000	8	13	15	50	130	25	20	inbare	ft
WR	wepp-9748	"02:17 pm  Monday April 30, 2018"	"Black Pine Mine +"	30	clay	native	140	8	13	15	50	130	25	20	inbare	ft
WR	wepp-11123	"03:28 pm  Monday April 30, 2018"	"Black Pine Mine +"	30	clay	native	1000	8	13	15	50	130	25	20	inbare	ft
WD	wepp-43014	"06:56 am  Wednesday May 2, 2018"	"Black Pine Mine +"	10	clay	Skid	80	10	10	20	20	Bunchgrass	100	60	60	60	20	0	ft	""
WD	wepp-43054	"06:57 am  Wednesday May 2, 2018"	"Black Pine Mine +"	10	clay	Skid	80	10	10	20	20	Bunchgrass	20	60	60	60	20	0	ft	""
WD	wepp-43298	"07:01 am  Wednesday May 2, 2018"	"Black Pine Mine +"	10	clay	Skid	80	10	10	20	20	Bunchgrass	30	60	60	60	20	0	ft	""
WD	wepp-43335	"07:01 am  Wednesday May 2, 2018"	"Black Pine Mine +"	10	clay	Skid	80	10	10	20	20	Bunchgrass	50	60	60	60	20	0	ft	""
WD	wepp-43373	"07:01 am  Wednesday May 2, 2018"	"Black Pine Mine +"	10	clay	Skid	80	10	10	20	20	Bunchgrass	40	60	60	60	20	0	ft	""
WD	wepp-43424	"07:03 am  Wednesday May 2, 2018"	"Black Pine Mine +"	10	clay	Skid	80	10	10	10	10	Bunchgrass	40	60	60	60	20	0	ft	""
WD	wepp-43461	"07:03 am  Wednesday May 2, 2018"	"Black Pine Mine +"	10	clay	Skid	80	10	10	10	10	Bunchgrass	100	60	60	60	20	0	ft	""
WD	wepp-43498	"07:04 am  Wednesday May 2, 2018"	"Black Pine Mine +"	10	clay	Skid	80	10	10	10	10	Bunchgrass	80	60	60	60	20	0	ft	""
WD	wepp-43534	"07:04 am  Wednesday May 2, 2018"	"Black Pine Mine +"	10	clay	Skid	80	10	10	0	10	Bunchgrass	80	60	60	60	20	0	ft	""
WD	wepp-43570	"07:04 am  Wednesday May 2, 2018"	"Black Pine Mine +"	10	clay	Skid	80	10	10	0	10	Bunchgrass	60	60	60	60	20	0	ft	""
WD	wepp-43608	"07:04 am  Wednesday May 2, 2018"	"Black Pine Mine +"	10	clay	Skid	80	10	10	0	10	Bunchgrass	50	60	60	60	20	0	ft	""
WD	wepp-43653	"07:07 am  Wednesday May 2, 2018"	"Black Pine Mine +"	10	clay	Skid	80	10	10	0	10	Bunchgrass	50	60	60	60	20	0	ft	""
WR	wepp-43713	"07:08 am  Wednesday May 2, 2018"	"Black Pine Mine +"	30	clay	native	200	10	13	15	50	130	60	20	inbare	ft
WR	wepp-43761	"07:09 am  Wednesday May 2, 2018"	"Black Pine Mine +"	30	clay	native	200	10	13	15	50	100	60	20	inbare	ft
WR	wepp-43799	"07:09 am  Wednesday May 2, 2018"	"Black Pine Mine +"	30	clay	native	200	10	13	15	50	200	60	20	inbare	ft
WR	wepp-43836	"07:09 am  Wednesday May 2, 2018"	"Black Pine Mine +"	30	clay	native	200	10	13	15	50	300	60	20	inbare	ft
WR	wepp-43872	"07:10 am  Wednesday May 2, 2018"	"Black Pine Mine +"	30	clay	native	200	10	13	15	50	200	60	20	inbare	ft
