WE	wepp-102994	"12:47 pm  Thursday August 4, 2016"	"Lebbs +"	clay	20	forest	0	30	30	500	h			ft
WE	wepp-103105	"12:47 pm  Thursday August 4, 2016"	"Lebbs +"	sand	20	forest	0	30	30	500	h			ft
WE	wepp-103415	"12:48 pm  Thursday August 4, 2016"	"Lebbs +"	sand	40	forest	0	30	30	1000	h			ft
WE	wepp-103652	"12:52 pm  Thursday August 4, 2016"	"Lebbs +"	sand	40	chap	0	50	30	1000	h	75	10	ft
WE	wepp-105425	"01:42 pm  Thursday August 4, 2016"	"Lebbs +"	sand	20	chap	0	30	5	1000	m	75	13	ft
WE	wepp-105629	"01:44 pm  Thursday August 4, 2016"	"Lebbs +"	sand	20	chap	0	30	5	1000	h	75	13	ft
WE	wepp-106079	"01:45 pm  Thursday August 4, 2016"	"Lebbs +"	sand	25	forest	0	30	5	1000	h			ft
WE	wepp-106314	"01:46 pm  Thursday August 4, 2016"	"Lebbs +"	silt	25	forest	0	30	10	1000	h			ft
WE	wepp-106437	"01:46 pm  Thursday August 4, 2016"	"Lebbs +"	silt	25	forest	0	30	10	1000	h			ft
WE	wepp-106732	"01:47 pm  Thursday August 4, 2016"	"Lebbs +"	clay	30	forest	0	50	10	1000	h			ft
WE	wepp-106980	"01:49 pm  Thursday August 4, 2016"	"Lebbs +"	sand	40	forest	0	30	15	1000	h			ft
WE	wepp-107204	"01:50 pm  Thursday August 4, 2016"	"Lebbs +"	sand	40	forest	30	30	15	1000	h			ft
WE	wepp-107428	"01:52 pm  Thursday August 4, 2016"	"Lebbs +"	loam	40	forest	30	50	30	1000	h			ft
WE	wepp-107656	"01:54 pm  Thursday August 4, 2016"	"Lebbs +"	loam	40	forest	040	30	10	1000	h			ft
WE	wepp-107933	"01:58 pm  Thursday August 4, 2016"	"Lebbs +"	sand	20	forest	040	30	10	1000	h			ft
WE	wepp-108157	"01:59 pm  Thursday August 4, 2016"	"Lebbs +"	loam	20	forest	0	50	30	1000	m			ft
WE	wepp-108353	"02:00 pm  Thursday August 4, 2016"	"Lebbs +"	loam	20	forest	40	30	10	1000	m			ft
WE	wepp-108544	"02:01 pm  Thursday August 4, 2016"	"Lebbs +"	clay	20	forest	40	30	10	1000	m			ft
WE	wepp-108667	"02:01 pm  Thursday August 4, 2016"	"Lebbs +"	clay	40	forest	40	30	10	1000	m			ft
WE	wepp-152044	"12:20 pm  Monday August 8, 2016"	"Lebbs +"	loam	40	forest	10	40	30	1000	h			ft
WE	wepp-152267	"12:22 pm  Monday August 8, 2016"	"Lebbs +"	loam	40	forest	10	40	30	1000	m			ft
WE	wepp-152451	"12:23 pm  Monday August 8, 2016"	"Lebbs +"	sand	40	forest	10	40	30	1000	m			ft
WE	wepp-152499	"12:23 pm  Monday August 8, 2016"	"Lebbs +"	sand	40	forest	10	40	30	1000	h			ft
WE	wepp-152830	"12:24 pm  Monday August 8, 2016"	"Lebbs +"	loam	40	forest	10	40	30	1000	h			ft
