WD	wepp-3644	"02:33 pm  Wednesday August 28, 2013"	"Kriest_#2 +"	20	loam	YoungForest	1087	33	33	15	20	OldForest	300	33	33	80	20	0	ft	"ORSER19"
WD	wepp-3664	"02:33 pm  Wednesday August 28, 2013"	"Kriest_#2 +"	20	loam	YoungForest	3000	25	25	10	20	OldForest	300	25	25	80	20	0	ft	"ORSER37"
WD	wepp-3671	"02:33 pm  Wednesday August 28, 2013"	"Kriest_#2 +"	20	loam	YoungForest	2730	38	38	35	20	OldForest	300	38	38	80	20	0	ft	"ORSER3B"
WD	wepp-3678	"02:34 pm  Wednesday August 28, 2013"	"Kriest_#2 +"	20	loam	YoungForest	1500	37	37	5	20	OldForest	300	37	37	80	20	0	ft	"ORSER15"
WD	wepp-3685	"02:34 pm  Wednesday August 28, 2013"	"Kriest_#2 +"	20	loam	YoungForest	807	34	34	5	20	OldForest	300	34	34	80	20	0	ft	"ORSER27"
WD	wepp-3692	"02:34 pm  Wednesday August 28, 2013"	"Kriest_#2 +"	20	loam	YoungForest	1045	31	31	5	20	OldForest	300	31	31	80	20	0	ft	"ORSER18"
WD	wepp-3699	"02:34 pm  Wednesday August 28, 2013"	"Kriest_#2 +"	20	loam	YoungForest	1569	18	18	5	20	OldForest	300	18	18	80	20	0	ft	"ORSER2 "
WD	wepp-3710	"02:35 pm  Wednesday August 28, 2013"	"Kriest_#2 +"	20	loam	YoungForest	1087	33	33	15	20	OldForest	300	33	33	80	20	0	ft	"ORSER19"
WD	wepp-3731	"02:35 pm  Wednesday August 28, 2013"	"Kriest_#2 +"	20	loam	YoungForest	3000	25	25	10	20	OldForest	300	25	25	80	20	0	ft	"ORSER37"
WD	wepp-3738	"02:35 pm  Wednesday August 28, 2013"	"Kriest_#2 +"	20	loam	YoungForest	2730	38	38	35	20	OldForest	300	38	38	80	20	0	ft	"ORSER3B"
WD	wepp-3745	"02:35 pm  Wednesday August 28, 2013"	"Kriest_#2 +"	20	loam	YoungForest	1500	37	37	5	20	OldForest	300	37	37	80	20	0	ft	"ORSER15"
WD	wepp-3752	"02:35 pm  Wednesday August 28, 2013"	"Kriest_#2 +"	20	loam	YoungForest	807	34	34	5	20	OldForest	300	34	34	80	20	0	ft	"ORSER27"
WD	wepp-3759	"02:35 pm  Wednesday August 28, 2013"	"Kriest_#2 +"	20	loam	YoungForest	1045	31	31	5	20	OldForest	300	31	31	80	20	0	ft	"ORSER18"
WD	wepp-3766	"02:35 pm  Wednesday August 28, 2013"	"Kriest_#2 +"	20	loam	YoungForest	1569	18	18	5	20	OldForest	300	18	18	80	20	0	ft	"ORSER2 "
WD	wepp-5805	"11:16 am  Friday August 30, 2013"	"Kriest_#2 +"	20	loam	YoungForest	556	18	18	5	20	OldForest	300	18	18	80	20	0	ft	"EMF2"
WD	wepp-5825	"11:16 am  Friday August 30, 2013"	"Kriest_#2 +"	20	loam	YoungForest	1204	33	33	15	20	OldForest	300	33	33	80	20	0	ft	"EMF19"
WD	wepp-5832	"11:16 am  Friday August 30, 2013"	"Kriest_#2 +"	20	loam	YoungForest	1118	36	36	5	20	OldForest	300	36	36	80	20	0	ft	"EMF20"
WD	wepp-5839	"11:16 am  Friday August 30, 2013"	"Kriest_#2 +"	20	loam	YoungForest	439	20	20	5	20	OldForest	300	20	20	80	20	0	ft	"EMF 26"
WD	wepp-5846	"11:16 am  Friday August 30, 2013"	"Kriest_#2 +"	20	loam	YoungForest	994	18	18	10	20	OldForest	300	18	18	80	20	0	ft	"EMF36"
WD	wepp-5853	"11:16 am  Friday August 30, 2013"	"Kriest_#2 +"	20	loam	YoungForest	245	16	16	15	20	OldForest	300	16	16	80	20	0	ft	"EMF34"
WD	wepp-5860	"11:16 am  Friday August 30, 2013"	"Kriest_#2 +"	20	loam	YoungForest	1585	59	59	5	20	OldForest	300	59	59	80	20	0	ft	"EMF35"
WD	wepp-5867	"11:16 am  Friday August 30, 2013"	"Kriest_#2 +"	20	loam	YoungForest	1936	25	25	10	20	OldForest	300	25	25	80	20	0	ft	"EMF37"
WD	wepp-5874	"11:16 am  Friday August 30, 2013"	"Kriest_#2 +"	20	loam	YoungForest	2731	38	38	35	20	OldForest	300	38	38	80	20	0	ft	"EMF3b"
WD	wepp-5881	"11:16 am  Friday August 30, 2013"	"Kriest_#2 +"	20	loam	YoungForest	1460	25	25	35	20	OldForest	300	25	25	80	20	0	ft	"EMF3"
WD	wepp-5888	"11:16 am  Friday August 30, 2013"	"Kriest_#2 +"	20	loam	YoungForest	1186	58	58	35	20	OldForest	300	58	58	80	20	0	ft	"EMF3a"
WD	wepp-5895	"11:16 am  Friday August 30, 2013"	"Kriest_#2 +"	20	loam	YoungForest	1070	52	52	5	20	OldForest	300	52	52	80	20	0	ft	"EMF25"
WD	wepp-5902	"11:16 am  Friday August 30, 2013"	"Kriest_#2 +"	20	loam	YoungForest	563	23	23	5	20	OldForest	300	23	23	80	20	0	ft	"EMF25a"
WD	wepp-5922	"11:16 am  Friday August 30, 2013"	"Kriest_#2 +"	20	loam	YoungForest	660	34	34	5	20	OldForest	300	34	34	80	20	0	ft	"EMF27"
WD	wepp-5929	"11:16 am  Friday August 30, 2013"	"Kriest_#2 +"	20	loam	YoungForest	1356	42	42	5	20	OldForest	300	42	42	80	20	0	ft	"EMF6"
WD	wepp-5936	"11:16 am  Friday August 30, 2013"	"Kriest_#2 +"	20	loam	YoungForest	1933	50	50	5	20	OldForest	300	50	50	80	20	0	ft	"EMF9"
WD	wepp-5944	"11:17 am  Friday August 30, 2013"	"Kriest_#2 +"	20	loam	YoungForest	556	18	18	5	20	OldForest	300	18	18	80	20	0	ft	"EMF2"
WD	wepp-5964	"11:17 am  Friday August 30, 2013"	"Kriest_#2 +"	20	loam	YoungForest	1204	33	33	15	20	OldForest	300	33	33	80	20	0	ft	"EMF19"
WD	wepp-5973	"11:17 am  Friday August 30, 2013"	"Kriest_#2 +"	20	loam	YoungForest	1118	36	36	5	20	OldForest	300	36	36	80	20	0	ft	"EMF20"
WD	wepp-5980	"11:17 am  Friday August 30, 2013"	"Kriest_#2 +"	20	loam	YoungForest	439	20	20	5	20	OldForest	300	20	20	80	20	0	ft	"EMF 26"
WD	wepp-5987	"11:17 am  Friday August 30, 2013"	"Kriest_#2 +"	20	loam	YoungForest	994	18	18	10	20	OldForest	300	18	18	80	20	0	ft	"EMF36"
WD	wepp-5994	"11:17 am  Friday August 30, 2013"	"Kriest_#2 +"	20	loam	YoungForest	245	16	16	15	20	OldForest	300	16	16	80	20	0	ft	"EMF34"
WD	wepp-6001	"11:17 am  Friday August 30, 2013"	"Kriest_#2 +"	20	loam	YoungForest	1585	59	59	5	20	OldForest	300	59	59	80	20	0	ft	"EMF35"
WD	wepp-6008	"11:17 am  Friday August 30, 2013"	"Kriest_#2 +"	20	loam	YoungForest	1936	25	25	10	20	OldForest	300	25	25	80	20	0	ft	"EMF37"
WD	wepp-6015	"11:17 am  Friday August 30, 2013"	"Kriest_#2 +"	20	loam	YoungForest	2731	38	38	35	20	OldForest	300	38	38	80	20	0	ft	"EMF3b"
WD	wepp-6022	"11:17 am  Friday August 30, 2013"	"Kriest_#2 +"	20	loam	YoungForest	1460	25	25	35	20	OldForest	300	25	25	80	20	0	ft	"EMF3"
WD	wepp-6030	"11:17 am  Friday August 30, 2013"	"Kriest_#2 +"	20	loam	YoungForest	1186	58	58	35	20	OldForest	300	58	58	80	20	0	ft	"EMF3a"
WD	wepp-6037	"11:17 am  Friday August 30, 2013"	"Kriest_#2 +"	20	loam	YoungForest	1070	52	52	5	20	OldForest	300	52	52	80	20	0	ft	"EMF25"
WD	wepp-6044	"11:17 am  Friday August 30, 2013"	"Kriest_#2 +"	20	loam	YoungForest	563	23	23	5	20	OldForest	300	23	23	80	20	0	ft	"EMF25a"
WD	wepp-6051	"11:17 am  Friday August 30, 2013"	"Kriest_#2 +"	20	loam	YoungForest	660	34	34	5	20	OldForest	300	34	34	80	20	0	ft	"EMF27"
WD	wepp-6058	"11:17 am  Friday August 30, 2013"	"Kriest_#2 +"	20	loam	YoungForest	1356	42	42	5	20	OldForest	300	42	42	80	20	0	ft	"EMF6"
WD	wepp-6065	"11:18 am  Friday August 30, 2013"	"Kriest_#2 +"	20	loam	YoungForest	1933	50	50	5	20	OldForest	300	50	50	80	20	0	ft	"EMF9"
WD	wepp-6104	"11:20 am  Friday August 30, 2013"	"Kriest_#2 +"	20	loam	YoungForest	556	18	18	5	20	OldForest	300	18	18	80	20	0	ft	"EMF2"
WD	wepp-6124	"11:20 am  Friday August 30, 2013"	"Kriest_#2 +"	20	loam	YoungForest	1204	33	33	15	20	OldForest	300	33	33	80	20	0	ft	"EMF19"
WD	wepp-6131	"11:20 am  Friday August 30, 2013"	"Kriest_#2 +"	20	loam	YoungForest	1118	36	36	5	20	OldForest	300	36	36	80	20	0	ft	"EMF20"
WD	wepp-6138	"11:20 am  Friday August 30, 2013"	"Kriest_#2 +"	20	loam	YoungForest	439	20	20	5	20	OldForest	300	20	20	80	20	0	ft	"EMF 26"
WD	wepp-6145	"11:20 am  Friday August 30, 2013"	"Kriest_#2 +"	20	loam	YoungForest	994	18	18	10	20	OldForest	300	18	18	80	20	0	ft	"EMF36"
WD	wepp-6152	"11:20 am  Friday August 30, 2013"	"Kriest_#2 +"	20	loam	YoungForest	245	16	16	15	20	OldForest	300	16	16	80	20	0	ft	"EMF34"
WD	wepp-6159	"11:20 am  Friday August 30, 2013"	"Kriest_#2 +"	20	loam	YoungForest	1585	59	59	5	20	OldForest	300	59	59	80	20	0	ft	"EMF35"
WD	wepp-6166	"11:20 am  Friday August 30, 2013"	"Kriest_#2 +"	20	loam	YoungForest	1936	25	25	10	20	OldForest	300	25	25	80	20	0	ft	"EMF37"
WD	wepp-6173	"11:20 am  Friday August 30, 2013"	"Kriest_#2 +"	20	loam	YoungForest	2731	38	38	35	20	OldForest	300	38	38	80	20	0	ft	"EMF3b"
WD	wepp-6180	"11:20 am  Friday August 30, 2013"	"Kriest_#2 +"	20	loam	YoungForest	1460	25	25	35	20	OldForest	300	25	25	80	20	0	ft	"EMF3"
WD	wepp-6214	"11:20 am  Friday August 30, 2013"	"Kriest_#2 +"	20	loam	YoungForest	1186	58	58	35	20	OldForest	300	58	58	80	20	0	ft	"EMF3a"
WD	wepp-6221	"11:20 am  Friday August 30, 2013"	"Kriest_#2 +"	20	loam	YoungForest	1070	52	52	5	20	OldForest	300	52	52	80	20	0	ft	"EMF25"
WD	wepp-6228	"11:20 am  Friday August 30, 2013"	"Kriest_#2 +"	20	loam	YoungForest	563	23	23	5	20	OldForest	300	23	23	80	20	0	ft	"EMF25a"
WD	wepp-6235	"11:20 am  Friday August 30, 2013"	"Kriest_#2 +"	20	loam	YoungForest	660	34	34	5	20	OldForest	300	34	34	80	20	0	ft	"EMF27"
WD	wepp-6242	"11:20 am  Friday August 30, 2013"	"Kriest_#2 +"	20	loam	YoungForest	1356	42	42	5	20	OldForest	300	42	42	80	20	0	ft	"EMF6"
WD	wepp-6249	"11:20 am  Friday August 30, 2013"	"Kriest_#2 +"	20	loam	YoungForest	1933	50	50	5	20	OldForest	300	50	50	80	20	0	ft	"EMF9"
WD	wepp-6256	"11:20 am  Friday August 30, 2013"	"Kriest_#2 +"	20	loam	YoungForest	10	10	10	5	20	OldForest	300	10	10	80	20	0	ft	"EMFx"
WD	wepp-6376	"11:36 am  Friday August 30, 2013"	"Kriest_#2 +"	20	loam	YoungForest	1500	31	31	35	20	OldForest	300	31	31	80	20	0	ft	"Feist13"
WD	wepp-6396	"11:36 am  Friday August 30, 2013"	"Kriest_#2 +"	20	loam	YoungForest	1116	27	27	5	20	OldForest	300	27	27	80	20	0	ft	"Feist10"
WD	wepp-6403	"11:36 am  Friday August 30, 2013"	"Kriest_#2 +"	20	loam	YoungForest	222	25	25	5	20	OldForest	300	25	25	80	20	0	ft	"Feist1"
WD	wepp-6412	"11:36 am  Friday August 30, 2013"	"Kriest_#2 +"	20	loam	YoungForest	228	26	26	5	20	OldForest	300	26	26	80	20	0	ft	"Feist14"
WD	wepp-6419	"11:36 am  Friday August 30, 2013"	"../working/166_7_137_5_v"	20	loam		0	0	0	0	0		0	0	0	0	0	0	ft	" "
WD	wepp-6421	"11:36 am  Friday August 30, 2013"	"Kriest_#2 +"	20	loam	YoungForest	1500	31	31	35	20	OldForest	300	31	31	80	20	0	ft	"Feist13"
WD	wepp-6441	"11:37 am  Friday August 30, 2013"	"Kriest_#2 +"	20	loam	YoungForest	1116	27	27	5	20	OldForest	300	27	27	80	20	0	ft	"Feist10"
WD	wepp-6448	"11:37 am  Friday August 30, 2013"	"Kriest_#2 +"	20	loam	YoungForest	222	25	25	5	20	OldForest	300	25	25	80	20	0	ft	"Feist1"
WD	wepp-6455	"11:37 am  Friday August 30, 2013"	"Kriest_#2 +"	20	loam	YoungForest	228	26	26	5	20	OldForest	300	26	26	80	20	0	ft	"Feist14"
WD	wepp-6915	"12:23 pm  Friday August 30, 2013"	"Kriest_#2 +"	20	loam	YoungForest	1112	18	18	5	20	OldForest	300	18	18	80	20	0	ft	"KREIST2"
WD	wepp-6935	"12:23 pm  Friday August 30, 2013"	"Kriest_#2 +"	20	loam	YoungForest	710	28	28	50	20	OldForest	300	28	28	80	20	0	ft	"KREIST11"
WD	wepp-6942	"12:23 pm  Friday August 30, 2013"	"Kriest_#2 +"	20	loam	YoungForest	1273	31	31	35	20	OldForest	300	31	31	80	20	0	ft	"KREIST13"
WD	wepp-6949	"12:23 pm  Friday August 30, 2013"	"Kriest_#2 +"	20	loam	YoungForest	582	41	41	5	20	OldForest	300	41	41	80	20	0	ft	"KREIST16"
WD	wepp-6956	"12:23 pm  Friday August 30, 2013"	"Kriest_#2 +"	20	loam	YoungForest	1581	20	20	5	20	OldForest	300	31	31	80	20	0	ft	"KREIST26"
WD	wepp-6963	"12:23 pm  Friday August 30, 2013"	"Kriest_#2 +"	20	loam	YoungForest	718	25	25	10	20	OldForest	300	20	20	80	20	0	ft	"KREIST37"
WD	wepp-6970	"12:23 pm  Friday August 30, 2013"	"Kriest_#2 +"	20	loam	YoungForest	447	58	58	35	20	OldForest	300	25	25	80	20	0	ft	"KREIST3A"
WD	wepp-6977	"12:23 pm  Friday August 30, 2013"	"Kriest_#2 +"	20	loam	YoungForest	715	27	27	5	20	OldForest	300	58	58	80	20	0	ft	"KREIST10"
WD	wepp-6984	"12:23 pm  Friday August 30, 2013"	"Kriest_#2 +"	20	loam	YoungForest	535	25	25	5	20	OldForest	300	27	27	80	20	0	ft	"KREIST1"
WD	wepp-6991	"12:23 pm  Friday August 30, 2013"	"Kriest_#2 +"	20	loam	YoungForest	501	32	32	5	20	OldForest	300	25	25	80	20	0	ft	"KREIST17"
WD	wepp-6998	"12:23 pm  Friday August 30, 2013"	"Kriest_#2 +"	20	loam	YoungForest	944	21	21	5	20	OldForest	300	32	32	80	20	0	ft	"KREIST23"
WD	wepp-7005	"12:23 pm  Friday August 30, 2013"	"Kriest_#2 +"	20	loam	YoungForest	760	26	26	5	20	OldForest	300	21	21	80	20	0	ft	"KREIST14"
WD	wepp-7012	"12:23 pm  Friday August 30, 2013"	"Kriest_#2 +"	20	loam	YoungForest	720	17	17	5	20	OldForest	300	26	26	80	20	0	ft	"KREIST12"
WD	wepp-7019	"12:23 pm  Friday August 30, 2013"	"Kriest_#2 +"	20	loam	YoungForest	1022	37	37	5	20	OldForest	300	17	17	80	20	0	ft	"KREIST15"
WD	wepp-7026	"12:23 pm  Friday August 30, 2013"	"Kriest_#2 +"	20	loam	YoungForest	1038	31	31	5	20	OldForest	300	37	37	80	20	0	ft	"KREIST18"
WD	wepp-7033	"12:23 pm  Friday August 30, 2013"	"Kriest_#2 +"	20	loam	YoungForest	651	21	21	5	20	OldForest	300	31	31	80	20	0	ft	"KREIST 24"
WD	wepp-7089	"12:30 pm  Friday August 30, 2013"	"Kriest_#2 +"	20	loam	YoungForest	1087	33	33	15	20	OldForest	300	33	33	80	20	0	ft	"ORSER19"
WD	wepp-7109	"12:30 pm  Friday August 30, 2013"	"Kriest_#2 +"	20	loam	YoungForest	3000	25	25	10	20	OldForest	300	25	25	80	20	0	ft	"ORSER37"
WD	wepp-7116	"12:30 pm  Friday August 30, 2013"	"Kriest_#2 +"	20	loam	YoungForest	2091	38	38	35	20	OldForest	300	38	38	80	20	0	ft	"ORSER3B"
WD	wepp-7123	"12:30 pm  Friday August 30, 2013"	"Kriest_#2 +"	20	loam	YoungForest	1574	37	37	5	20	OldForest	300	37	37	80	20	0	ft	"ORSER15"
WD	wepp-7130	"12:30 pm  Friday August 30, 2013"	"Kriest_#2 +"	20	loam	YoungForest	244	34	34	5	20	OldForest	300	34	34	80	20	0	ft	"ORSER27"
WD	wepp-7137	"12:30 pm  Friday August 30, 2013"	"Kriest_#2 +"	20	loam	YoungForest	1045	31	31	5	20	OldForest	300	31	31	80	20	0	ft	"ORSER18"
WD	wepp-7144	"12:30 pm  Friday August 30, 2013"	"Kriest_#2 +"	20	loam	YoungForest	1312	18	18	5	20	OldForest	300	18	18	80	20	0	ft	"ORSER2 "
WD	wepp-12172	"12:51 pm  Friday August 30, 2013"	"Kriest_#2 +"	20	loam	YoungForest	1213	33	33	15	20	OldForest	300	33	33	80	20	0	ft	"PLACER21"
WD	wepp-12207	"12:51 pm  Friday August 30, 2013"	"Kriest_#2 +"	20	loam	YoungForest	1728	40	40	35	20	OldForest	300	40	40	80	20	0	ft	"PLACER22"
WD	wepp-12219	"12:51 pm  Friday August 30, 2013"	"Kriest_#2 +"	20	loam	YoungForest	1000	36	36	5	20	OldForest	300	36	36	80	20	0	ft	"PLACER28"
WD	wepp-12244	"12:51 pm  Friday August 30, 2013"	"Kriest_#2 +"	20	loam	YoungForest	1066	22	22	5	20	OldForest	300	22	22	80	20	0	ft	"PLACER29"
WD	wepp-12269	"12:51 pm  Friday August 30, 2013"	"Kriest_#2 +"	20	loam	YoungForest	1550	15	15	15	20	OldForest	300	15	15	80	20	0	ft	"PLACER32"
WD	wepp-12289	"12:51 pm  Friday August 30, 2013"	"Kriest_#2 +"	20	loam	YoungForest	820	25	25	5	20	OldForest	300	25	25	80	20	0	ft	"PLACER30"
WD	wepp-12302	"12:51 pm  Friday August 30, 2013"	"Kriest_#2 +"	20	loam	YoungForest	2043	21	21	10	20	OldForest	300	21	21	80	20	0	ft	"PLACER31"
WD	wepp-12323	"12:51 pm  Friday August 30, 2013"	"Kriest_#2 +"	20	loam	YoungForest	2687	18	18	10	20	OldForest	300	18	18	80	20	0	ft	"PLACER36"
WD	wepp-12354	"12:51 pm  Friday August 30, 2013"	"Kriest_#2 +"	20	loam	YoungForest	1060	16	16	15	20	OldForest	300	16	16	80	20	0	ft	"PLACER34"
WD	wepp-12366	"12:51 pm  Friday August 30, 2013"	"Kriest_#2 +"	20	loam	YoungForest	1607	27	27	5	20	OldForest	300	27	27	80	20	0	ft	"PLACER33"
WD	wepp-12383	"12:51 pm  Friday August 30, 2013"	"Kriest_#2 +"	20	loam	YoungForest	511	39	39	5	20	OldForest	300	39	39	80	20	0	ft	"PLACER30A"
WD	wepp-17939	"10:11 am  Tuesday September 3, 2013"	"Kriest_#2 +"	20	loam	YoungForest	1950	43	43	5	20	OldForest	300	43	43	80	20	0	ft	"SNYDER5"
WD	wepp-17959	"10:11 am  Tuesday September 3, 2013"	"Kriest_#2 +"	20	loam	YoungForest	715	36	36	5	20	OldForest	300	36	36	80	20	0	ft	"SNYDER20"
WD	wepp-17979	"10:11 am  Tuesday September 3, 2013"	"Kriest_#2 +"	20	loam	YoungForest	1237	48	48	5	20	OldForest	300	48	48	80	20	0	ft	"SNYDER4A"
WD	wepp-17999	"10:11 am  Tuesday September 3, 2013"	"Kriest_#2 +"	20	loam	YoungForest	648	30	30	5	20	OldForest	300	30	30	80	20	0	ft	"SNYDER4 "
WD	wepp-18019	"10:12 am  Tuesday September 3, 2013"	"Kriest_#2 +"	20	loam	YoungForest	738	34	34	5	20	OldForest	300	34	34	80	20	0	ft	"SNYDER27"
WD	wepp-18039	"10:12 am  Tuesday September 3, 2013"	"Kriest_#2 +"	20	loam	YoungForest	1273	42	42	5	20	OldForest	300	42	42	80	20	0	ft	"SNYDER6"
WD	wepp-18171	"10:24 am  Tuesday September 3, 2013"	"Kriest_#2 +"	20	loam	YoungForest	566	19	19	5	20	OldForest	300	19	19	80	20	0	ft	"EMF2"
WD	wepp-18191	"10:24 am  Tuesday September 3, 2013"	"Kriest_#2 +"	20	loam	YoungForest	1204	33	33	15	20	OldForest	300	33	33	80	20	0	ft	"EMF19"
WD	wepp-18211	"10:24 am  Tuesday September 3, 2013"	"Kriest_#2 +"	20	loam	YoungForest	564	29	29	5	20	OldForest	300	29	29	80	20	0	ft	"EMF20"
WD	wepp-18231	"10:24 am  Tuesday September 3, 2013"	"Kriest_#2 +"	20	loam	YoungForest	439	32	32	5	20	OldForest	300	32	32	80	20	0	ft	"EMF 26"
WD	wepp-18251	"10:25 am  Tuesday September 3, 2013"	"Kriest_#2 +"	20	loam	YoungForest	1485	59	59	5	20	OldForest	300	59	59	80	20	0	ft	"EMF35"
WD	wepp-18270	"10:25 am  Tuesday September 3, 2013"	"Kriest_#2 +"	20	loam	YoungForest	1936	25	25	10	20	OldForest	300	25	25	80	20	0	ft	"EMF37"
WD	wepp-18289	"10:25 am  Tuesday September 3, 2013"	"Kriest_#2 +"	20	loam	YoungForest	2731	38	38	35	20	OldForest	300	38	38	80	20	0	ft	"EMF3b"
WD	wepp-18309	"10:25 am  Tuesday September 3, 2013"	"Kriest_#2 +"	20	loam	YoungForest	1460	25	25	35	20	OldForest	300	25	25	80	20	0	ft	"EMF3"
WD	wepp-18328	"10:25 am  Tuesday September 3, 2013"	"Kriest_#2 +"	20	loam	YoungForest	1186	58	58	35	20	OldForest	300	58	58	80	20	0	ft	"EMF3a"
WD	wepp-18348	"10:25 am  Tuesday September 3, 2013"	"Kriest_#2 +"	20	loam	YoungForest	563	23	23	5	20	OldForest	300	23	23	80	20	0	ft	"EMF25a"
WD	wepp-18368	"10:25 am  Tuesday September 3, 2013"	"Kriest_#2 +"	20	loam	YoungForest	389	42	42	5	20	OldForest	300	42	42	80	20	0	ft	"EMF27"
WD	wepp-18442	"10:32 am  Tuesday September 3, 2013"	"Kriest_#2 +"	20	loam	YoungForest	1500	31	31	35	20	OldForest	300	31	31	80	20	0	ft	"Feist13"
WD	wepp-18462	"10:32 am  Tuesday September 3, 2013"	"Kriest_#2 +"	20	loam	YoungForest	1116	27	27	5	20	OldForest	300	27	27	80	20	0	ft	"Feist10"
WD	wepp-18469	"10:32 am  Tuesday September 3, 2013"	"../working/166_7_137_5_v"	20	loam		0	0	0	0	0		0	0	0	0	0	0	ft	" "
WD	wepp-18471	"10:32 am  Tuesday September 3, 2013"	"Kriest_#2 +"	20	loam	YoungForest	1500	31	31	35	20	OldForest	300	31	31	80	20	0	ft	"Feist13"
WD	wepp-18491	"10:32 am  Tuesday September 3, 2013"	"Kriest_#2 +"	20	loam	YoungForest	1116	27	27	5	20	OldForest	300	27	27	80	20	0	ft	"Feist10"
WD	wepp-18499	"10:32 am  Tuesday September 3, 2013"	"../working/166_7_137_5_v"	20	loam		0	0	0	0	0		0	0	0	0	0	0	ft	" "
WD	wepp-18528	"10:33 am  Tuesday September 3, 2013"	"Kriest_#2 +"	20	loam	YoungForest	1500	31	31	35	20	OldForest	300	31	31	80	20	0	ft	"Feist13"
WD	wepp-18548	"10:33 am  Tuesday September 3, 2013"	"Kriest_#2 +"	20	loam	YoungForest	1116	27	27	5	20	OldForest	300	27	27	80	20	0	ft	"Feist10"
WD	wepp-18555	"10:33 am  Tuesday September 3, 2013"	"../working/166_7_137_5_v"	20	loam		0	0	0	0	0		0	0	0	0	0	0	ft	" "
WD	wepp-18557	"10:35 am  Tuesday September 3, 2013"	"Kriest_#2 +"	20	loam	YoungForest	1500	31	31	35	20	OldForest	300	31	31	80	20	0	ft	"Feist13"
WD	wepp-18577	"10:35 am  Tuesday September 3, 2013"	"Kriest_#2 +"	20	loam	YoungForest	1116	27	27	5	20	OldForest	300	27	27	80	20	0	ft	"Feist10"
WD	wepp-18684	"10:45 am  Tuesday September 3, 2013"	"Kriest_#2 +"	20	loam	YoungForest	1112	19	19	5	20	OldForest	300	19	19	80	20	0	ft	"KREIST2"
WD	wepp-18704	"10:45 am  Tuesday September 3, 2013"	"Kriest_#2 +"	20	loam	YoungForest	710	28	28	50	20	OldForest	300	28	28	80	20	0	ft	"KREIST11"
WD	wepp-18711	"10:45 am  Tuesday September 3, 2013"	"Kriest_#2 +"	20	loam	YoungForest	1273	31	31	35	20	OldForest	300	31	31	80	20	0	ft	"KREIST13"
WD	wepp-18718	"10:45 am  Tuesday September 3, 2013"	"Kriest_#2 +"	20	loam	YoungForest	718	25	25	10	20	OldForest	300	25	25	80	20	0	ft	"KREIST37"
WD	wepp-18725	"10:45 am  Tuesday September 3, 2013"	"Kriest_#2 +"	20	loam	YoungForest	447	58	58	35	20	OldForest	300	58	58	80	20	0	ft	"KREIST3A"
WD	wepp-18732	"10:45 am  Tuesday September 3, 2013"	"Kriest_#2 +"	20	loam	YoungForest	715	27	27	5	20	OldForest	300	27	27	80	20	0	ft	"KREIST10"
WD	wepp-18739	"10:45 am  Tuesday September 3, 2013"	"Kriest_#2 +"	20	loam	YoungForest	501	27	27	5	20	OldForest	300	27	27	80	20	0	ft	"KREIST17"
WD	wepp-18746	"10:45 am  Tuesday September 3, 2013"	"Kriest_#2 +"	20	loam	YoungForest	944	21	21	5	20	OldForest	300	21	21	80	20	0	ft	"KREIST23"
WD	wepp-18753	"10:45 am  Tuesday September 3, 2013"	"Kriest_#2 +"	20	loam	YoungForest	1100	20	20	5	20	OldForest	300	20	20	80	20	0	ft	"KREIST12"
WD	wepp-18773	"10:45 am  Tuesday September 3, 2013"	"Kriest_#2 +"	20	loam	YoungForest	754	41	41	5	20	OldForest	300	41	41	80	20	0	ft	"KREIST15"
WD	wepp-18809	"10:45 am  Tuesday September 3, 2013"	"Kriest_#2 +"	20	loam	YoungForest	889	31	31	5	20	OldForest	300	31	31	80	20	0	ft	"KREIST18"
WD	wepp-18816	"10:45 am  Tuesday September 3, 2013"	"Kriest_#2 +"	20	loam	YoungForest	651	21	21	5	20	OldForest	300	21	21	80	20	0	ft	"KREIST24"
WD	wepp-18925	"10:52 am  Tuesday September 3, 2013"	"Kriest_#2 +"	20	loam	YoungForest	668	33	33	15	20	OldForest	300	33	33	80	20	0	ft	"ORSER19"
WD	wepp-18945	"10:52 am  Tuesday September 3, 2013"	"Kriest_#2 +"	20	loam	YoungForest	3000	25	25	10	20	OldForest	300	25	25	80	20	0	ft	"ORSER37"
WD	wepp-18952	"10:52 am  Tuesday September 3, 2013"	"Kriest_#2 +"	20	loam	YoungForest	2091	38	38	35	20	OldForest	300	38	38	80	20	0	ft	"ORSER3B"
WD	wepp-18959	"10:52 am  Tuesday September 3, 2013"	"Kriest_#2 +"	20	loam	YoungForest	854	41	41	5	20	OldForest	300	41	41	80	20	0	ft	"ORSER15"
WD	wepp-18966	"10:52 am  Tuesday September 3, 2013"	"Kriest_#2 +"	20	loam	YoungForest	210	42	42	5	20	OldForest	300	42	42	80	20	0	ft	"ORSER27"
WD	wepp-18973	"10:52 am  Tuesday September 3, 2013"	"Kriest_#2 +"	20	loam	YoungForest	599	31	31	5	20	OldForest	300	31	31	80	20	0	ft	"ORSER18"
WD	wepp-18980	"10:52 am  Tuesday September 3, 2013"	"Kriest_#2 +"	20	loam	YoungForest	1312	19	19	5	20	OldForest	300	19	19	80	20	0	ft	"ORSER2"
WD	wepp-19348	"11:10 am  Tuesday September 3, 2013"	"Kriest_#2 +"	20	loam	YoungForest	1213	33	33	15	20	OldForest	300	33	33	80	20	0	ft	"PLACER21"
WD	wepp-19355	"11:10 am  Tuesday September 3, 2013"	"Kriest_#2 +"	20	loam	YoungForest	1728	40	40	35	20	OldForest	300	40	40	80	20	0	ft	"PLACER22"
WD	wepp-19362	"11:10 am  Tuesday September 3, 2013"	"Kriest_#2 +"	20	loam	YoungForest	820	25	25	5	20	OldForest	300	25	25	80	20	0	ft	"PLACER30"
WD	wepp-19369	"11:10 am  Tuesday September 3, 2013"	"Kriest_#2 +"	20	loam	YoungForest	511	39	39	5	20	OldForest	300	39	39	80	20	0	ft	"PLACER30"
WD	wepp-19376	"11:10 am  Tuesday September 3, 2013"	"Kriest_#2 +"	20	loam	YoungForest	1607	27	27	5	20	OldForest	300	27	27	80	20	0	ft	"PLACER33"
WD	wepp-19426	"11:11 am  Tuesday September 3, 2013"	"Kriest_#2 +"	20	loam	YoungForest	1213	33	33	15	20	OldForest	300	33	33	80	20	0	ft	"PLACER21"
WD	wepp-19446	"11:12 am  Tuesday September 3, 2013"	"Kriest_#2 +"	20	loam	YoungForest	1728	40	40	35	20	OldForest	300	40	40	80	20	0	ft	"PLACER22"
WD	wepp-19453	"11:12 am  Tuesday September 3, 2013"	"Kriest_#2 +"	20	loam	YoungForest	820	25	25	5	20	OldForest	300	25	25	80	20	0	ft	"PLACER30"
WD	wepp-19460	"11:12 am  Tuesday September 3, 2013"	"Kriest_#2 +"	20	loam	YoungForest	511	39	39	5	20	OldForest	300	39	39	80	20	0	ft	"PLACER30"
WD	wepp-19467	"11:12 am  Tuesday September 3, 2013"	"Kriest_#2 +"	20	loam	YoungForest	1607	27	27	5	20	OldForest	300	27	27	80	20	0	ft	"PLACER33"
WD	wepp-19502	"11:13 am  Tuesday September 3, 2013"	"Kriest_#2 +"	20	loam	YoungForest	1213	33	33	15	20	OldForest	300	33	33	80	20	0	ft	"PLACER21"
WD	wepp-19523	"11:13 am  Tuesday September 3, 2013"	"Kriest_#2 +"	20	loam	YoungForest	1728	40	40	35	20	OldForest	300	40	40	80	20	0	ft	"PLACER22"
WD	wepp-19531	"11:13 am  Tuesday September 3, 2013"	"Kriest_#2 +"	20	loam	YoungForest	820	25	25	5	20	OldForest	300	25	25	80	20	0	ft	"PLACER30"
WD	wepp-19538	"11:13 am  Tuesday September 3, 2013"	"Kriest_#2 +"	20	loam	YoungForest	511	39	39	5	20	OldForest	300	39	39	80	20	0	ft	"PLACER30"
WD	wepp-19545	"11:13 am  Tuesday September 3, 2013"	"Kriest_#2 +"	20	loam	YoungForest	1607	27	27	5	20	OldForest	300	27	27	80	20	0	ft	"PLACER33"
WD	wepp-19636	"11:17 am  Tuesday September 3, 2013"	"Kriest_#2 +"	20	loam	YoungForest	956	31	31	5	20	OldForest	300	31	31	80	20	0	ft	"SNYDER5"
WD	wepp-19656	"11:17 am  Tuesday September 3, 2013"	"Kriest_#2 +"	20	loam	YoungForest	715	29	29	5	20	OldForest	300	29	29	80	20	0	ft	"SNYDER20"
WD	wepp-22315	"11:00 am  Wednesday September 4, 2013"	"Kriest_#2 +"	20	loam	OldForest	300	10	10	80	20	OldForest	300	10	10	80	10	0	ft	"NoAct"
WD	wepp-7139	"11:09 am  Thursday September 5, 2013"	"Kriest_#2 +"	20	loam	YoungForest	556	18	18	92	20	OldForest	300	18	18	100	20	0	ft	"EMF2"
WD	wepp-7159	"11:09 am  Thursday September 5, 2013"	"Kriest_#2 +"	20	loam	YoungForest	1204	33	33	92	20	OldForest	300	33	33	100	20	0	ft	"EMF19"
WD	wepp-7166	"11:09 am  Thursday September 5, 2013"	"Kriest_#2 +"	20	loam	YoungForest	1118	36	36	92	20	OldForest	300	36	36	100	20	0	ft	"EMF20"
WD	wepp-7173	"11:09 am  Thursday September 5, 2013"	"Kriest_#2 +"	20	loam	YoungForest	439	20	20	92	20	OldForest	300	20	20	100	20	0	ft	"EMF 26"
WD	wepp-7180	"11:09 am  Thursday September 5, 2013"	"Kriest_#2 +"	20	loam	YoungForest	994	18	18	92	20	OldForest	300	18	18	100	20	0	ft	"EMF36"
WD	wepp-7187	"11:09 am  Thursday September 5, 2013"	"Kriest_#2 +"	20	loam	YoungForest	245	16	16	92	20	OldForest	300	16	16	100	20	0	ft	"EMF34"
WD	wepp-7194	"11:09 am  Thursday September 5, 2013"	"Kriest_#2 +"	20	loam	YoungForest	1585	59	59	92	20	OldForest	300	59	59	100	20	0	ft	"EMF35"
WD	wepp-7201	"11:09 am  Thursday September 5, 2013"	"Kriest_#2 +"	20	loam	YoungForest	1936	25	25	92	20	OldForest	300	25	25	100	20	0	ft	"EMF37"
WD	wepp-7209	"11:09 am  Thursday September 5, 2013"	"Kriest_#2 +"	20	loam	YoungForest	2731	38	38	92	20	OldForest	300	38	38	100	20	0	ft	"EMF3b"
WD	wepp-7244	"11:09 am  Thursday September 5, 2013"	"Kriest_#2 +"	20	loam	YoungForest	1460	25	25	92	20	OldForest	300	25	25	100	20	0	ft	"EMF3"
WD	wepp-7251	"11:09 am  Thursday September 5, 2013"	"Kriest_#2 +"	20	loam	YoungForest	1186	58	58	92	20	OldForest	300	58	58	100	20	0	ft	"EMF3a"
WD	wepp-7259	"11:09 am  Thursday September 5, 2013"	"Kriest_#2 +"	20	loam	YoungForest	1070	52	52	92	20	OldForest	300	52	52	100	20	0	ft	"EMF25"
WD	wepp-7269	"11:09 am  Thursday September 5, 2013"	"Kriest_#2 +"	20	loam	YoungForest	563	23	23	92	20	OldForest	300	23	23	100	20	0	ft	"EMF25a"
WD	wepp-7276	"11:09 am  Thursday September 5, 2013"	"Kriest_#2 +"	20	loam	YoungForest	660	34	34	92	20	OldForest	300	34	34	100	20	0	ft	"EMF27"
WD	wepp-7283	"11:09 am  Thursday September 5, 2013"	"Kriest_#2 +"	20	loam	YoungForest	1356	42	42	92	20	OldForest	300	42	42	100	20	0	ft	"EMF6"
WD	wepp-7290	"11:09 am  Thursday September 5, 2013"	"Kriest_#2 +"	20	loam	YoungForest	1933	50	50	92	20	OldForest	300	50	50	100	20	0	ft	"EMF9"
WD	wepp-7303	"11:09 am  Thursday September 5, 2013"	"Kriest_#2 +"	20	loam	YoungForest	10	10	10	92	20	OldForest	300	10	10	100	20	0	ft	"EMFx"
WD	wepp-7549	"11:16 am  Thursday September 5, 2013"	"Kriest_#2 +"	20	loam	OldForest	556	18	18	100	20	OldForest	300	18	18	100	20	0	ft	"EMF2"
WD	wepp-7569	"11:16 am  Thursday September 5, 2013"	"Kriest_#2 +"	20	loam	OldForest	1204	33	33	100	20	OldForest	300	33	33	100	20	0	ft	"EMF19"
WD	wepp-7576	"11:16 am  Thursday September 5, 2013"	"Kriest_#2 +"	20	loam	OldForest	1118	36	36	100	20	OldForest	300	36	36	100	20	0	ft	"EMF20"
WD	wepp-7583	"11:16 am  Thursday September 5, 2013"	"Kriest_#2 +"	20	loam	OldForest	439	20	20	100	20	OldForest	300	20	20	100	20	0	ft	"EMF 26"
WD	wepp-7590	"11:16 am  Thursday September 5, 2013"	"Kriest_#2 +"	20	loam	OldForest	994	18	18	100	20	OldForest	300	18	18	100	20	0	ft	"EMF36"
WD	wepp-7597	"11:16 am  Thursday September 5, 2013"	"Kriest_#2 +"	20	loam	OldForest	245	16	16	100	20	OldForest	300	16	16	100	20	0	ft	"EMF34"
WD	wepp-7604	"11:16 am  Thursday September 5, 2013"	"Kriest_#2 +"	20	loam	OldForest	1585	59	59	100	20	OldForest	300	59	59	100	20	0	ft	"EMF35"
WD	wepp-7611	"11:16 am  Thursday September 5, 2013"	"Kriest_#2 +"	20	loam	OldForest	1936	25	25	100	20	OldForest	300	25	25	100	20	0	ft	"EMF37"
WD	wepp-7618	"11:16 am  Thursday September 5, 2013"	"Kriest_#2 +"	20	loam	OldForest	2731	38	38	100	20	OldForest	300	38	38	100	20	0	ft	"EMF3b"
WD	wepp-7625	"11:16 am  Thursday September 5, 2013"	"Kriest_#2 +"	20	loam	OldForest	1460	25	25	100	20	OldForest	300	25	25	100	20	0	ft	"EMF3"
WD	wepp-7632	"11:16 am  Thursday September 5, 2013"	"Kriest_#2 +"	20	loam	OldForest	1186	58	58	100	20	OldForest	300	58	58	100	20	0	ft	"EMF3a"
WD	wepp-7639	"11:16 am  Thursday September 5, 2013"	"Kriest_#2 +"	20	loam	OldForest	1070	52	52	100	20	OldForest	300	52	52	100	20	0	ft	"EMF25"
WD	wepp-7646	"11:16 am  Thursday September 5, 2013"	"Kriest_#2 +"	20	loam	OldForest	563	23	23	100	20	OldForest	300	23	23	100	20	0	ft	"EMF25a"
WD	wepp-7653	"11:16 am  Thursday September 5, 2013"	"Kriest_#2 +"	20	loam	OldForest	660	34	34	100	20	OldForest	300	34	34	100	20	0	ft	"EMF27"
WD	wepp-7660	"11:16 am  Thursday September 5, 2013"	"Kriest_#2 +"	20	loam	OldForest	1356	42	42	100	20	OldForest	300	42	42	100	20	0	ft	"EMF6"
WD	wepp-7670	"11:16 am  Thursday September 5, 2013"	"Kriest_#2 +"	20	loam	OldForest	1933	50	50	100	20	OldForest	300	50	50	100	20	0	ft	"EMF9"
WD	wepp-7733	"11:18 am  Thursday September 5, 2013"	"Kriest_#2 +"	20	loam	OldForest	556	18	18	100	20	OldForest	300	18	18	100	20	0	ft	"EMF2"
WD	wepp-7752	"11:18 am  Thursday September 5, 2013"	"Kriest_#2 +"	20	loam	OldForest	1204	33	33	100	20	OldForest	300	33	33	100	20	0	ft	"EMF19"
WD	wepp-7759	"11:18 am  Thursday September 5, 2013"	"Kriest_#2 +"	20	loam	OldForest	1118	36	36	100	20	OldForest	300	36	36	100	20	0	ft	"EMF20"
WD	wepp-7766	"11:18 am  Thursday September 5, 2013"	"Kriest_#2 +"	20	loam	OldForest	439	20	20	100	20	OldForest	300	20	20	100	20	0	ft	"EMF 26"
WD	wepp-7773	"11:18 am  Thursday September 5, 2013"	"Kriest_#2 +"	20	loam	OldForest	994	18	18	100	20	OldForest	300	18	18	100	20	0	ft	"EMF36"
WD	wepp-7780	"11:18 am  Thursday September 5, 2013"	"Kriest_#2 +"	20	loam	OldForest	245	16	16	100	20	OldForest	300	16	16	100	20	0	ft	"EMF34"
WD	wepp-7787	"11:18 am  Thursday September 5, 2013"	"Kriest_#2 +"	20	loam	OldForest	1585	59	59	100	20	OldForest	300	59	59	100	20	0	ft	"EMF35"
WD	wepp-7794	"11:18 am  Thursday September 5, 2013"	"Kriest_#2 +"	20	loam	OldForest	1936	25	25	100	20	OldForest	300	25	25	100	20	0	ft	"EMF37"
WD	wepp-7801	"11:18 am  Thursday September 5, 2013"	"Kriest_#2 +"	20	loam	OldForest	2731	38	38	100	20	OldForest	300	38	38	100	20	0	ft	"EMF3b"
WD	wepp-7808	"11:18 am  Thursday September 5, 2013"	"Kriest_#2 +"	20	loam	OldForest	1460	25	25	100	20	OldForest	300	25	25	100	20	0	ft	"EMF3"
WD	wepp-7815	"11:18 am  Thursday September 5, 2013"	"Kriest_#2 +"	20	loam	OldForest	1186	58	58	100	20	OldForest	300	58	58	100	20	0	ft	"EMF3a"
WD	wepp-7822	"11:18 am  Thursday September 5, 2013"	"Kriest_#2 +"	20	loam	OldForest	1070	52	52	100	20	OldForest	300	52	52	100	20	0	ft	"EMF25"
WD	wepp-7829	"11:18 am  Thursday September 5, 2013"	"Kriest_#2 +"	20	loam	OldForest	563	23	23	100	20	OldForest	300	23	23	100	20	0	ft	"EMF25a"
WD	wepp-7836	"11:18 am  Thursday September 5, 2013"	"Kriest_#2 +"	20	loam	OldForest	660	34	34	100	20	OldForest	300	34	34	100	20	0	ft	"EMF27"
WD	wepp-7843	"11:18 am  Thursday September 5, 2013"	"Kriest_#2 +"	20	loam	OldForest	1356	42	42	100	20	OldForest	300	42	42	100	20	0	ft	"EMF6"
WD	wepp-7850	"11:19 am  Thursday September 5, 2013"	"Kriest_#2 +"	20	loam	OldForest	1933	50	50	100	20	OldForest	300	50	50	100	20	0	ft	"EMF9"
WD	wepp-9016	"12:22 pm  Thursday September 5, 2013"	"Kriest_#2 +"	20	loam	YoungForest	1500	31	31	92	20	OldForest	300	31	31	100	20	0	ft	"Feist13"
WD	wepp-9036	"12:22 pm  Thursday September 5, 2013"	"Kriest_#2 +"	20	loam	YoungForest	1116	27	27	92	20	OldForest	300	27	27	100	20	0	ft	"Feist10"
WD	wepp-9043	"12:22 pm  Thursday September 5, 2013"	"Kriest_#2 +"	20	loam	YoungForest	222	25	25	92	20	OldForest	300	25	25	100	20	0	ft	"Feist1"
WD	wepp-9051	"12:22 pm  Thursday September 5, 2013"	"Kriest_#2 +"	20	loam	YoungForest	228	26	26	92	20	OldForest	300	26	26	100	20	0	ft	"Feist14"
WD	wepp-9097	"12:25 pm  Thursday September 5, 2013"	"Kriest_#2 +"	20	loam	OldForest	1500	31	31	100	20	OldForest	300	31	31	100	20	0	ft	"Feist13"
WD	wepp-9117	"12:25 pm  Thursday September 5, 2013"	"Kriest_#2 +"	20	loam	OldForest	1116	27	27	100	20	OldForest	300	27	27	100	20	0	ft	"Feist10"
WD	wepp-9124	"12:25 pm  Thursday September 5, 2013"	"Kriest_#2 +"	20	loam	OldForest	222	25	25	100	20	OldForest	300	25	25	100	20	0	ft	"Feist1"
WD	wepp-9131	"12:25 pm  Thursday September 5, 2013"	"Kriest_#2 +"	20	loam	OldForest	228	26	26	100	20	OldForest	300	26	26	100	20	0	ft	"Feist14"
WD	wepp-9141	"12:26 pm  Thursday September 5, 2013"	"Kriest_#2 +"	20	loam	OldForest	1500	31	31	100	20	OldForest	300	31	31	100	20	0	ft	"Feist13"
WD	wepp-9162	"12:26 pm  Thursday September 5, 2013"	"Kriest_#2 +"	20	loam	OldForest	1500	31	31	100	20	OldForest	300	31	31	100	20	0	ft	"Feist13"
WD	wepp-9182	"12:26 pm  Thursday September 5, 2013"	"Kriest_#2 +"	20	loam	OldForest	1116	27	27	100	20	OldForest	300	27	27	100	20	0	ft	"Feist10"
WD	wepp-9189	"12:26 pm  Thursday September 5, 2013"	"Kriest_#2 +"	20	loam	OldForest	222	25	25	100	20	OldForest	300	25	25	100	20	0	ft	"Feist1"
WD	wepp-9196	"12:26 pm  Thursday September 5, 2013"	"Kriest_#2 +"	20	loam	OldForest	228	26	26	100	20	OldForest	300	26	26	100	20	0	ft	"Feist14"
WD	wepp-19756	"07:51 am  Friday September 6, 2013"	"Kriest_#2 +"	20	loam	YoungForest	1112	18	18	92	20	OldForest	300	18	18	100	20	0	ft	"KREIST2"
WD	wepp-19776	"07:51 am  Friday September 6, 2013"	"Kriest_#2 +"	20	loam	YoungForest	710	28	28	92	20	OldForest	300	28	28	100	20	0	ft	"KREIST11"
WD	wepp-19783	"07:51 am  Friday September 6, 2013"	"Kriest_#2 +"	20	loam	YoungForest	1273	31	31	92	20	OldForest	300	31	31	100	20	0	ft	"KREIST13"
WD	wepp-19790	"07:51 am  Friday September 6, 2013"	"Kriest_#2 +"	20	loam	YoungForest	582	41	41	92	20	OldForest	300	41	41	100	20	0	ft	"KREIST16"
WD	wepp-19797	"07:51 am  Friday September 6, 2013"	"Kriest_#2 +"	20	loam	YoungForest	1581	20	20	92	20	OldForest	300	31	31	100	20	0	ft	"KREIST26"
WD	wepp-19804	"07:51 am  Friday September 6, 2013"	"Kriest_#2 +"	20	loam	YoungForest	718	25	25	92	20	OldForest	300	20	20	100	20	0	ft	"KREIST37"
WD	wepp-19811	"07:51 am  Friday September 6, 2013"	"Kriest_#2 +"	20	loam	YoungForest	447	58	58	92	20	OldForest	300	25	25	100	20	0	ft	"KREIST3A"
WD	wepp-19818	"07:51 am  Friday September 6, 2013"	"Kriest_#2 +"	20	loam	YoungForest	715	27	27	92	20	OldForest	300	58	58	100	20	0	ft	"KREIST10"
WD	wepp-19825	"07:51 am  Friday September 6, 2013"	"Kriest_#2 +"	20	loam	YoungForest	535	25	25	92	20	OldForest	300	27	27	100	20	0	ft	"KREIST1"
WD	wepp-19832	"07:51 am  Friday September 6, 2013"	"Kriest_#2 +"	20	loam	YoungForest	501	32	32	92	20	OldForest	300	25	25	100	20	0	ft	"KREIST17"
WD	wepp-19839	"07:51 am  Friday September 6, 2013"	"Kriest_#2 +"	20	loam	YoungForest	944	21	21	92	20	OldForest	300	32	32	100	20	0	ft	"KREIST23"
WD	wepp-19846	"07:51 am  Friday September 6, 2013"	"Kriest_#2 +"	20	loam	YoungForest	760	26	26	92	20	OldForest	300	21	21	100	20	0	ft	"KREIST14"
WD	wepp-19853	"07:51 am  Friday September 6, 2013"	"Kriest_#2 +"	20	loam	YoungForest	720	17	17	92	20	OldForest	300	26	26	100	20	0	ft	"KREIST12"
WD	wepp-19860	"07:51 am  Friday September 6, 2013"	"Kriest_#2 +"	20	loam	YoungForest	1022	37	37	92	20	OldForest	300	17	17	100	20	0	ft	"KREIST15"
WD	wepp-19867	"07:51 am  Friday September 6, 2013"	"Kriest_#2 +"	20	loam	YoungForest	1038	31	31	92	20	OldForest	300	37	37	100	20	0	ft	"KREIST18"
WD	wepp-19874	"07:51 am  Friday September 6, 2013"	"Kriest_#2 +"	20	loam	YoungForest	651	21	21	92	20	OldForest	300	31	31	100	20	0	ft	"KREIST 24"
WD	wepp-19884	"07:54 am  Friday September 6, 2013"	"Kriest_#2 +"	20	loam	OldForest	1112	18	18	100	20	OldForest	300	18	18	100	20	0	ft	"KREIST2"
WD	wepp-19931	"07:54 am  Friday September 6, 2013"	"Kriest_#2 +"	20	loam	OldForest	710	28	28	100	20	OldForest	300	28	28	100	20	0	ft	"KREIST11"
WD	wepp-19938	"07:54 am  Friday September 6, 2013"	"Kriest_#2 +"	20	loam	OldForest	1273	31	31	100	20	OldForest	300	31	31	100	20	0	ft	"KREIST13"
WD	wepp-19945	"07:54 am  Friday September 6, 2013"	"Kriest_#2 +"	20	loam	OldForest	582	41	41	100	20	OldForest	300	41	41	100	20	0	ft	"KREIST16"
WD	wepp-19952	"07:54 am  Friday September 6, 2013"	"Kriest_#2 +"	20	loam	OldForest	1581	20	20	100	20	OldForest	300	31	31	100	20	0	ft	"KREIST26"
WD	wepp-19959	"07:54 am  Friday September 6, 2013"	"Kriest_#2 +"	20	loam	OldForest	718	25	25	100	20	OldForest	300	20	20	100	20	0	ft	"KREIST37"
WD	wepp-19966	"07:54 am  Friday September 6, 2013"	"Kriest_#2 +"	20	loam	OldForest	447	58	58	100	20	OldForest	300	25	25	100	20	0	ft	"KREIST3A"
WD	wepp-19973	"07:54 am  Friday September 6, 2013"	"Kriest_#2 +"	20	loam	OldForest	715	27	27	100	20	OldForest	300	58	58	100	20	0	ft	"KREIST10"
WD	wepp-19982	"07:54 am  Friday September 6, 2013"	"Kriest_#2 +"	20	loam	OldForest	535	25	25	100	20	OldForest	300	27	27	100	20	0	ft	"KREIST1"
WD	wepp-19989	"07:54 am  Friday September 6, 2013"	"Kriest_#2 +"	20	loam	OldForest	501	32	32	100	20	OldForest	300	25	25	100	20	0	ft	"KREIST17"
WD	wepp-19996	"07:54 am  Friday September 6, 2013"	"Kriest_#2 +"	20	loam	OldForest	944	21	21	100	20	OldForest	300	32	32	100	20	0	ft	"KREIST23"
WD	wepp-20003	"07:54 am  Friday September 6, 2013"	"Kriest_#2 +"	20	loam	OldForest	760	26	26	100	20	OldForest	300	21	21	100	20	0	ft	"KREIST14"
WD	wepp-20010	"07:54 am  Friday September 6, 2013"	"Kriest_#2 +"	20	loam	OldForest	720	17	17	100	20	OldForest	300	26	26	100	20	0	ft	"KREIST12"
WD	wepp-20017	"07:54 am  Friday September 6, 2013"	"Kriest_#2 +"	20	loam	OldForest	1022	37	37	100	20	OldForest	300	17	17	100	20	0	ft	"KREIST15"
WD	wepp-20024	"07:54 am  Friday September 6, 2013"	"Kriest_#2 +"	20	loam	OldForest	1038	31	31	100	20	OldForest	300	37	37	100	20	0	ft	"KREIST18"
WD	wepp-20031	"07:54 am  Friday September 6, 2013"	"Kriest_#2 +"	20	loam	OldForest	651	21	21	100	20	OldForest	300	31	31	100	20	0	ft	"KREIST 24"
WD	wepp-20042	"07:56 am  Friday September 6, 2013"	"Kriest_#2 +"	20	loam	YoungForest	1087	33	33	92	20	OldForest	300	33	33	100	20	0	ft	"ORSER19"
WD	wepp-20062	"07:56 am  Friday September 6, 2013"	"Kriest_#2 +"	20	loam	YoungForest	3000	25	25	92	20	OldForest	300	25	25	100	20	0	ft	"ORSER37"
WD	wepp-20069	"07:56 am  Friday September 6, 2013"	"Kriest_#2 +"	20	loam	YoungForest	2091	38	38	92	20	OldForest	300	38	38	100	20	0	ft	"ORSER3B"
WD	wepp-20076	"07:56 am  Friday September 6, 2013"	"Kriest_#2 +"	20	loam	YoungForest	1574	37	37	92	20	OldForest	300	37	37	100	20	0	ft	"ORSER15"
WD	wepp-20083	"07:56 am  Friday September 6, 2013"	"Kriest_#2 +"	20	loam	YoungForest	244	34	34	92	20	OldForest	300	34	34	100	20	0	ft	"ORSER27"
WD	wepp-20090	"07:56 am  Friday September 6, 2013"	"Kriest_#2 +"	20	loam	YoungForest	1045	31	31	92	20	OldForest	300	31	31	100	20	0	ft	"ORSER18"
WD	wepp-20097	"07:56 am  Friday September 6, 2013"	"Kriest_#2 +"	20	loam	YoungForest	1312	18	18	92	20	OldForest	300	18	18	100	20	0	ft	"ORSER2 "
WD	wepp-20105	"07:57 am  Friday September 6, 2013"	"Kriest_#2 +"	20	loam	OldForest	1087	33	33	100	20	OldForest	300	33	33	100	20	0	ft	"ORSER19"
WD	wepp-20124	"07:57 am  Friday September 6, 2013"	"Kriest_#2 +"	20	loam	OldForest	3000	25	25	100	20	OldForest	300	25	25	100	20	0	ft	"ORSER37"
WD	wepp-20131	"07:57 am  Friday September 6, 2013"	"Kriest_#2 +"	20	loam	OldForest	2091	38	38	100	20	OldForest	300	38	38	100	20	0	ft	"ORSER3B"
WD	wepp-20138	"07:58 am  Friday September 6, 2013"	"Kriest_#2 +"	20	loam	OldForest	1574	37	37	100	20	OldForest	300	37	37	100	20	0	ft	"ORSER15"
WD	wepp-20145	"07:58 am  Friday September 6, 2013"	"Kriest_#2 +"	20	loam	OldForest	244	34	34	100	20	OldForest	300	34	34	100	20	0	ft	"ORSER27"
WD	wepp-20152	"07:58 am  Friday September 6, 2013"	"Kriest_#2 +"	20	loam	OldForest	1045	31	31	100	20	OldForest	300	31	31	100	20	0	ft	"ORSER18"
WD	wepp-20159	"07:58 am  Friday September 6, 2013"	"Kriest_#2 +"	20	loam	OldForest	1312	18	18	100	20	OldForest	300	18	18	100	20	0	ft	"ORSER2 "
WD	wepp-20366	"08:14 am  Friday September 6, 2013"	"Kriest_#2 +"	20	loam	YoungForest	1213	33	33	15	20	OldForest	300	33	33	80	20	0	ft	"PLACER21"
WD	wepp-20386	"08:14 am  Friday September 6, 2013"	"Kriest_#2 +"	20	loam	YoungForest	1728	40	40	92	20	OldForest	300	40	40	100	20	0	ft	"PLACER22"
WD	wepp-20393	"08:14 am  Friday September 6, 2013"	"Kriest_#2 +"	20	loam	YoungForest	1000	36	36	92	20	OldForest	300	36	36	100	20	0	ft	"PLACER28"
WD	wepp-20400	"08:14 am  Friday September 6, 2013"	"Kriest_#2 +"	20	loam	YoungForest	511	39	39	92	20	OldForest	300	39	39	100	20	0	ft	"PLACER30A"
WD	wepp-20407	"08:14 am  Friday September 6, 2013"	"Kriest_#2 +"	20	loam	YoungForest	1066	22	22	92	20	OldForest	300	22	22	100	20	0	ft	"PLACER29"
WD	wepp-20414	"08:14 am  Friday September 6, 2013"	"Kriest_#2 +"	20	loam	YoungForest	1607	22	22	92	20	OldForest	300	22	22	100	20	0	ft	"PLACER33"
WD	wepp-20421	"08:14 am  Friday September 6, 2013"	"Kriest_#2 +"	20	loam	YoungForest	1550	15	15	92	20	OldForest	300	15	15	100	20	0	ft	"PLACER32"
WD	wepp-20428	"08:14 am  Friday September 6, 2013"	"Kriest_#2 +"	20	loam	YoungForest	820	25	25	92	20	OldForest	300	25	25	100	20	0	ft	"PLACER30"
WD	wepp-20435	"08:14 am  Friday September 6, 2013"	"Kriest_#2 +"	20	loam	YoungForest	820	20	20	92	20	OldForest	300	20	20	100	20	0	ft	"PLACER30"
WD	wepp-20442	"08:14 am  Friday September 6, 2013"	"Kriest_#2 +"	20	loam	YoungForest	2043	21	21	92	20	OldForest	300	21	21	100	20	0	ft	"PLACER31"
WD	wepp-20462	"08:14 am  Friday September 6, 2013"	"Kriest_#2 +"	20	loam	YoungForest	2687	18	18	92	20	OldForest	300	18	18	100	20	0	ft	"PLACER36"
WD	wepp-20469	"08:14 am  Friday September 6, 2013"	"Kriest_#2 +"	20	loam	YoungForest	1060	16	16	92	20	OldForest	300	16	16	100	20	0	ft	"PLACER34"
WD	wepp-20498	"08:17 am  Friday September 6, 2013"	"Kriest_#2 +"	20	loam	YoungForest	1213	33	33	15	20	OldForest	300	33	33	80	20	0	ft	"PLACER21"
WD	wepp-20518	"08:17 am  Friday September 6, 2013"	"Kriest_#2 +"	20	loam	OldForest	1728	40	40	100	20	OldForest	300	40	40	100	20	0	ft	"PLACER22"
WD	wepp-20525	"08:17 am  Friday September 6, 2013"	"Kriest_#2 +"	20	loam	OldForest	1000	36	36	100	20	OldForest	300	36	36	100	20	0	ft	"PLACER28"
WD	wepp-20532	"08:17 am  Friday September 6, 2013"	"Kriest_#2 +"	20	loam	OldForest	511	39	39	100	20	OldForest	300	39	39	100	20	0	ft	"PLACER30A"
WD	wepp-20539	"08:17 am  Friday September 6, 2013"	"Kriest_#2 +"	20	loam	OldForest	1066	22	22	100	20	OldForest	300	22	22	100	20	0	ft	"PLACER29"
WD	wepp-20546	"08:17 am  Friday September 6, 2013"	"Kriest_#2 +"	20	loam	OldForest	1607	22	22	100	20	OldForest	300	22	22	100	20	0	ft	"PLACER33"
WD	wepp-20553	"08:17 am  Friday September 6, 2013"	"Kriest_#2 +"	20	loam	OldForest	1550	15	15	100	20	OldForest	300	15	15	100	20	0	ft	"PLACER32"
WD	wepp-20560	"08:17 am  Friday September 6, 2013"	"Kriest_#2 +"	20	loam	OldForest	820	25	25	100	20	OldForest	300	25	25	100	20	0	ft	"PLACER30"
WD	wepp-20567	"08:17 am  Friday September 6, 2013"	"Kriest_#2 +"	20	loam	OldForest	820	20	20	100	20	OldForest	300	20	20	100	20	0	ft	"PLACER30"
WD	wepp-20574	"08:17 am  Friday September 6, 2013"	"Kriest_#2 +"	20	loam	OldForest	2043	21	21	100	20	OldForest	300	21	21	100	20	0	ft	"PLACER31"
WD	wepp-20582	"08:17 am  Friday September 6, 2013"	"Kriest_#2 +"	20	loam	OldForest	2687	18	18	100	20	OldForest	300	18	18	100	20	0	ft	"PLACER36"
WD	wepp-20591	"08:17 am  Friday September 6, 2013"	"Kriest_#2 +"	20	loam	OldForest	1060	16	16	100	20	OldForest	300	16	16	100	20	0	ft	"PLACER34"
WD	wepp-20675	"08:21 am  Friday September 6, 2013"	"Kriest_#2 +"	20	loam	YoungForest	1950	43	43	92	20	OldForest	300	43	43	100	20	0	ft	"SNYDER5"
WD	wepp-20695	"08:21 am  Friday September 6, 2013"	"Kriest_#2 +"	20	loam	YoungForest	715	36	36	92	20	OldForest	300	36	36	100	20	0	ft	"SNYDER20"
WD	wepp-20702	"08:21 am  Friday September 6, 2013"	"Kriest_#2 +"	20	loam	YoungForest	1237	48	48	92	20	OldForest	300	48	48	100	20	0	ft	"SNYDER4A"
WD	wepp-20709	"08:21 am  Friday September 6, 2013"	"Kriest_#2 +"	20	loam	YoungForest	648	30	30	92	20	OldForest	300	30	30	100	20	0	ft	"SNYDER4 "
WD	wepp-20716	"08:21 am  Friday September 6, 2013"	"Kriest_#2 +"	20	loam	YoungForest	738	34	34	92	20	OldForest	300	34	34	100	20	0	ft	"SNYDER27"
WD	wepp-20723	"08:21 am  Friday September 6, 2013"	"Kriest_#2 +"	20	loam	YoungForest	1273	42	42	92	20	OldForest	300	42	42	100	20	0	ft	"SNYDER6"
WD	wepp-20732	"08:23 am  Friday September 6, 2013"	"Kriest_#2 +"	20	loam	OldForest	1950	43	43	100	20	OldForest	300	43	43	100	20	0	ft	"SNYDER5"
WD	wepp-20752	"08:23 am  Friday September 6, 2013"	"Kriest_#2 +"	20	loam	OldForest	715	36	36	100	20	OldForest	300	36	36	100	20	0	ft	"SNYDER20"
WD	wepp-20759	"08:23 am  Friday September 6, 2013"	"Kriest_#2 +"	20	loam	OldForest	1237	48	48	100	20	OldForest	300	48	48	100	20	0	ft	"SNYDER4A"
WD	wepp-20766	"08:23 am  Friday September 6, 2013"	"Kriest_#2 +"	20	loam	OldForest	648	30	30	100	20	OldForest	300	30	30	100	20	0	ft	"SNYDER4 "
WD	wepp-20773	"08:23 am  Friday September 6, 2013"	"Kriest_#2 +"	20	loam	OldForest	738	34	34	100	20	OldForest	300	34	34	100	20	0	ft	"SNYDER27"
WD	wepp-20780	"08:23 am  Friday September 6, 2013"	"Kriest_#2 +"	20	loam	OldForest	1273	42	42	100	20	OldForest	300	42	42	100	20	0	ft	"SNYDER6"
WD	wepp-20817	"08:24 am  Friday September 6, 2013"	"Kriest_#2 +"	20	loam	YoungForest	566	19	19	92	20	OldForest	300	19	19	100	20	0	ft	"EMF2"
WD	wepp-20837	"08:24 am  Friday September 6, 2013"	"Kriest_#2 +"	20	loam	YoungForest	1204	33	33	92	20	OldForest	300	33	33	100	20	0	ft	"EMF19"
WD	wepp-20857	"08:24 am  Friday September 6, 2013"	"Kriest_#2 +"	20	loam	YoungForest	564	29	29	92	20	OldForest	300	29	29	100	20	0	ft	"EMF20"
WD	wepp-20877	"08:25 am  Friday September 6, 2013"	"Kriest_#2 +"	20	loam	YoungForest	439	32	32	92	20	OldForest	300	32	32	100	20	0	ft	"EMF 26"
WD	wepp-20884	"08:25 am  Friday September 6, 2013"	"Kriest_#2 +"	20	loam	YoungForest	1485	59	59	92	20	OldForest	300	59	59	100	20	0	ft	"EMF35"
WD	wepp-20891	"08:25 am  Friday September 6, 2013"	"Kriest_#2 +"	20	loam	YoungForest	1936	25	25	92	20	OldForest	300	25	25	100	20	0	ft	"EMF37"
WD	wepp-20898	"08:25 am  Friday September 6, 2013"	"Kriest_#2 +"	20	loam	YoungForest	2731	38	38	92	20	OldForest	300	38	38	100	20	0	ft	"EMF3b"
WD	wepp-20905	"08:25 am  Friday September 6, 2013"	"Kriest_#2 +"	20	loam	YoungForest	1460	25	25	92	20	OldForest	300	25	25	100	20	0	ft	"EMF3"
WD	wepp-20912	"08:25 am  Friday September 6, 2013"	"Kriest_#2 +"	20	loam	YoungForest	1186	58	58	92	20	OldForest	300	58	58	100	20	0	ft	"EMF3a"
WD	wepp-20919	"08:25 am  Friday September 6, 2013"	"Kriest_#2 +"	20	loam	YoungForest	563	23	23	92	20	OldForest	300	23	23	100	20	0	ft	"EMF25a"
WD	wepp-20926	"08:25 am  Friday September 6, 2013"	"Kriest_#2 +"	20	loam	YoungForest	389	42	42	92	20	OldForest	300	42	42	100	20	0	ft	"EMF27"
WD	wepp-20936	"08:26 am  Friday September 6, 2013"	"Kriest_#2 +"	20	loam	YoungForest	1500	31	31	92	20	OldForest	300	31	31	100	20	0	ft	"Feist13"
WD	wepp-20956	"08:26 am  Friday September 6, 2013"	"Kriest_#2 +"	20	loam	YoungForest	1116	27	27	92	20	OldForest	300	27	27	100	20	0	ft	"Feist10"
WD	wepp-20966	"08:27 am  Friday September 6, 2013"	"Kriest_#2 +"	20	loam	YoungForest	1112	19	19	92	20	OldForest	300	19	19	100	20	0	ft	"KREIST2"
WD	wepp-20986	"08:27 am  Friday September 6, 2013"	"Kriest_#2 +"	20	loam	YoungForest	710	28	28	92	20	OldForest	300	28	28	100	20	0	ft	"KREIST11"
WD	wepp-20993	"08:27 am  Friday September 6, 2013"	"Kriest_#2 +"	20	loam	YoungForest	1273	31	31	92	20	OldForest	300	31	31	100	20	0	ft	"KREIST13"
WD	wepp-21000	"08:27 am  Friday September 6, 2013"	"Kriest_#2 +"	20	loam	YoungForest	718	25	25	92	20	OldForest	300	25	25	100	20	0	ft	"KREIST37"
WD	wepp-21007	"08:27 am  Friday September 6, 2013"	"Kriest_#2 +"	20	loam	YoungForest	447	58	58	92	20	OldForest	300	58	58	100	20	0	ft	"KREIST3A"
WD	wepp-21014	"08:27 am  Friday September 6, 2013"	"Kriest_#2 +"	20	loam	YoungForest	715	27	27	92	20	OldForest	300	27	27	100	20	0	ft	"KREIST10"
WD	wepp-21021	"08:27 am  Friday September 6, 2013"	"Kriest_#2 +"	20	loam	YoungForest	501	27	27	92	20	OldForest	300	27	27	100	20	0	ft	"KREIST17"
WD	wepp-21028	"08:27 am  Friday September 6, 2013"	"Kriest_#2 +"	20	loam	YoungForest	944	21	21	92	20	OldForest	300	21	21	100	20	0	ft	"KREIST23"
WD	wepp-21035	"08:28 am  Friday September 6, 2013"	"Kriest_#2 +"	20	loam	YoungForest	1100	20	20	92	20	OldForest	300	20	20	100	20	0	ft	"KREIST12"
WD	wepp-21042	"08:28 am  Friday September 6, 2013"	"Kriest_#2 +"	20	loam	YoungForest	754	41	41	92	20	OldForest	300	41	41	100	20	0	ft	"KREIST15"
WD	wepp-21049	"08:28 am  Friday September 6, 2013"	"Kriest_#2 +"	20	loam	YoungForest	889	31	31	92	20	OldForest	300	31	31	100	20	0	ft	"KREIST18"
WD	wepp-21056	"08:28 am  Friday September 6, 2013"	"Kriest_#2 +"	20	loam	YoungForest	651	21	21	92	20	OldForest	300	21	21	100	20	0	ft	"KREIST24"
WD	wepp-21093	"08:30 am  Friday September 6, 2013"	"Kriest_#2 +"	20	loam	YoungForest	668	33	33	92	20	OldForest	300	33	33	100	20	0	ft	"ORSER19"
WD	wepp-21132	"08:30 am  Friday September 6, 2013"	"Kriest_#2 +"	20	loam	YoungForest	3000	25	25	92	20	OldForest	300	25	25	100	20	0	ft	"ORSER37"
WD	wepp-21139	"08:30 am  Friday September 6, 2013"	"Kriest_#2 +"	20	loam	YoungForest	2091	38	38	92	20	OldForest	300	38	38	100	20	0	ft	"ORSER3B"
WD	wepp-21159	"08:30 am  Friday September 6, 2013"	"Kriest_#2 +"	20	loam	YoungForest	854	41	41	92	20	OldForest	300	41	41	100	20	0	ft	"ORSER15"
WD	wepp-21166	"08:30 am  Friday September 6, 2013"	"Kriest_#2 +"	20	loam	YoungForest	210	42	42	92	20	OldForest	300	42	42	100	20	0	ft	"ORSER27"
WD	wepp-21173	"08:30 am  Friday September 6, 2013"	"Kriest_#2 +"	20	loam	YoungForest	599	31	31	92	20	OldForest	300	31	31	100	20	0	ft	"ORSER18"
WD	wepp-21180	"08:30 am  Friday September 6, 2013"	"Kriest_#2 +"	20	loam	YoungForest	1312	19	19	92	20	OldForest	300	19	19	100	20	0	ft	"ORSER2"
WD	wepp-21190	"08:31 am  Friday September 6, 2013"	"Kriest_#2 +"	20	loam	YoungForest	1213	33	33	92	20	OldForest	300	33	33	100	20	0	ft	"PLACER21"
WD	wepp-21210	"08:31 am  Friday September 6, 2013"	"Kriest_#2 +"	20	loam	YoungForest	1728	40	40	92	20	OldForest	300	40	40	100	20	0	ft	"PLACER22"
WD	wepp-21217	"08:31 am  Friday September 6, 2013"	"Kriest_#2 +"	20	loam	YoungForest	820	25	25	92	20	OldForest	300	25	25	100	20	0	ft	"PLACER30"
WD	wepp-21224	"08:31 am  Friday September 6, 2013"	"Kriest_#2 +"	20	loam	YoungForest	511	39	39	92	20	OldForest	300	39	39	100	20	0	ft	"PLACER30"
WD	wepp-21231	"08:32 am  Friday September 6, 2013"	"Kriest_#2 +"	20	loam	YoungForest	1607	27	27	92	20	OldForest	300	27	27	100	20	0	ft	"PLACER33"
WD	wepp-21241	"08:33 am  Friday September 6, 2013"	"Kriest_#2 +"	20	loam	YoungForest	956	31	31	92	20	OldForest	300	31	31	100	20	0	ft	"SNYDER5"
WD	wepp-21261	"08:33 am  Friday September 6, 2013"	"Kriest_#2 +"	20	loam	YoungForest	715	29	29	92	20	OldForest	300	29	29	100	20	0	ft	"SNYDER20"
WD	wepp-21407	"08:51 am  Friday September 6, 2013"	"Kriest_#2 +"	20	loam	OldForest	1213	33	33	100	20	OldForest	300	33	33	100	20	0	ft	"PLACER21"
WD	wepp-21426	"08:51 am  Friday September 6, 2013"	"Kriest_#2 +"	20	loam	OldForest	1728	40	40	100	20	OldForest	300	40	40	100	20	0	ft	"PLACER22"
WD	wepp-21433	"08:51 am  Friday September 6, 2013"	"Kriest_#2 +"	20	loam	OldForest	1000	36	36	100	20	OldForest	300	36	36	100	20	0	ft	"PLACER28"
WD	wepp-21440	"08:51 am  Friday September 6, 2013"	"Kriest_#2 +"	20	loam	OldForest	511	39	39	100	20	OldForest	300	39	39	100	20	0	ft	"PLACER30A"
WD	wepp-21447	"08:51 am  Friday September 6, 2013"	"Kriest_#2 +"	20	loam	OldForest	1066	22	22	100	20	OldForest	300	22	22	100	20	0	ft	"PLACER29"
WD	wepp-21454	"08:51 am  Friday September 6, 2013"	"Kriest_#2 +"	20	loam	OldForest	1607	22	22	100	20	OldForest	300	22	22	100	20	0	ft	"PLACER33"
WD	wepp-21461	"08:51 am  Friday September 6, 2013"	"Kriest_#2 +"	20	loam	OldForest	1550	15	15	100	20	OldForest	300	15	15	100	20	0	ft	"PLACER32"
WD	wepp-21468	"08:51 am  Friday September 6, 2013"	"Kriest_#2 +"	20	loam	OldForest	820	25	25	100	20	OldForest	300	25	25	100	20	0	ft	"PLACER30"
WD	wepp-21475	"08:52 am  Friday September 6, 2013"	"Kriest_#2 +"	20	loam	OldForest	820	20	20	100	20	OldForest	300	20	20	100	20	0	ft	"PLACER30"
WD	wepp-21482	"08:52 am  Friday September 6, 2013"	"Kriest_#2 +"	20	loam	OldForest	2043	21	21	100	20	OldForest	300	21	21	100	20	0	ft	"PLACER31"
WD	wepp-21489	"08:52 am  Friday September 6, 2013"	"Kriest_#2 +"	20	loam	OldForest	2687	18	18	100	20	OldForest	300	18	18	100	20	0	ft	"PLACER36"
WD	wepp-21496	"08:52 am  Friday September 6, 2013"	"Kriest_#2 +"	20	loam	OldForest	1060	16	16	100	20	OldForest	300	16	16	100	20	0	ft	"PLACER34"
WD	wepp-21505	"08:53 am  Friday September 6, 2013"	"Kriest_#2 +"	20	loam	OldForest	1213	33	33	100	20	OldForest	300	33	33	100	20	0	ft	"PLACER21"
WD	wepp-21525	"08:53 am  Friday September 6, 2013"	"Kriest_#2 +"	20	loam	OldForest	1728	40	40	100	20	OldForest	300	40	40	100	20	0	ft	"PLACER22"
WD	wepp-21532	"08:53 am  Friday September 6, 2013"	"Kriest_#2 +"	20	loam	OldForest	1000	36	36	100	20	OldForest	300	36	36	100	20	0	ft	"PLACER28"
WD	wepp-21539	"08:53 am  Friday September 6, 2013"	"Kriest_#2 +"	20	loam	OldForest	511	39	39	100	20	OldForest	300	39	39	100	20	0	ft	"PLACER30A"
WD	wepp-21546	"08:53 am  Friday September 6, 2013"	"Kriest_#2 +"	20	loam	OldForest	1066	22	22	100	20	OldForest	300	22	22	100	20	0	ft	"PLACER29"
WD	wepp-21553	"08:53 am  Friday September 6, 2013"	"Kriest_#2 +"	20	loam	OldForest	1607	22	22	100	20	OldForest	300	22	22	100	20	0	ft	"PLACER33"
WD	wepp-21560	"08:53 am  Friday September 6, 2013"	"Kriest_#2 +"	20	loam	OldForest	1550	15	15	100	20	OldForest	300	15	15	100	20	0	ft	"PLACER32"
WD	wepp-21567	"08:53 am  Friday September 6, 2013"	"Kriest_#2 +"	20	loam	OldForest	820	25	25	100	20	OldForest	300	25	25	100	20	0	ft	"PLACER30"
WD	wepp-21574	"08:53 am  Friday September 6, 2013"	"Kriest_#2 +"	20	loam	OldForest	820	20	20	100	20	OldForest	300	20	20	100	20	0	ft	"PLACER30"
WD	wepp-21581	"08:53 am  Friday September 6, 2013"	"Kriest_#2 +"	20	loam	OldForest	2043	21	21	100	20	OldForest	300	21	21	100	20	0	ft	"PLACER31"
WD	wepp-21588	"08:53 am  Friday September 6, 2013"	"Kriest_#2 +"	20	loam	OldForest	2687	18	18	100	20	OldForest	300	18	18	100	20	0	ft	"PLACER36"
WD	wepp-21595	"08:53 am  Friday September 6, 2013"	"Kriest_#2 +"	20	loam	OldForest	1060	16	16	100	20	OldForest	300	16	16	100	20	0	ft	"PLACER34"
WD	wepp-21634	"08:55 am  Friday September 6, 2013"	"Kriest_#2 +"	20	loam	OldForest	1087	33	33	100	20	OldForest	300	33	33	100	20	0	ft	"ORSER19"
WD	wepp-21654	"08:55 am  Friday September 6, 2013"	"Kriest_#2 +"	20	loam	OldForest	3000	25	25	100	20	OldForest	300	25	25	100	20	0	ft	"ORSER37"
WD	wepp-21661	"08:55 am  Friday September 6, 2013"	"Kriest_#2 +"	20	loam	OldForest	2091	38	38	100	20	OldForest	300	38	38	100	20	0	ft	"ORSER3B"
WD	wepp-21668	"08:55 am  Friday September 6, 2013"	"Kriest_#2 +"	20	loam	OldForest	1574	37	37	100	20	OldForest	300	37	37	100	20	0	ft	"ORSER15"
WD	wepp-21675	"08:55 am  Friday September 6, 2013"	"Kriest_#2 +"	20	loam	OldForest	244	34	34	100	20	OldForest	300	34	34	100	20	0	ft	"ORSER27"
WD	wepp-21682	"08:55 am  Friday September 6, 2013"	"Kriest_#2 +"	20	loam	OldForest	1045	31	31	100	20	OldForest	300	31	31	100	20	0	ft	"ORSER18"
WD	wepp-21689	"08:55 am  Friday September 6, 2013"	"Kriest_#2 +"	20	loam	OldForest	1312	18	18	100	20	OldForest	300	18	18	100	20	0	ft	"ORSER2 "
WD	wepp-25888	"01:16 pm  Friday September 6, 2013"	"Kriest_#2 +"	20	loam	YoungForest	956	31	31	92	20	OldForest	300	31	31	100	20	0	ft	"SNYDER5"
WD	wepp-25909	"01:16 pm  Friday September 6, 2013"	"Kriest_#2 +"	20	loam	YoungForest	715	29	29	92	20	OldForest	300	29	29	100	20	0	ft	"SNYDER20"
WD	wepp-25929	"01:20 pm  Friday September 6, 2013"	"Kriest_#2 +"	20	loam	OldForest	715	36	36	100	20	OldForest	300	36	36	100	20	0	ft	"SNYDER20"
WD	wepp-25949	"01:20 pm  Friday September 6, 2013"	"Kriest_#2 +"	20	loam	OldForest	1237	48	48	100	20	OldForest	300	48	48	100	20	0	ft	"SNYDER4A"
WD	wepp-25956	"01:20 pm  Friday September 6, 2013"	"Kriest_#2 +"	20	loam	OldForest	648	30	30	100	20	OldForest	300	30	30	100	20	0	ft	"SNYDER4 "
WD	wepp-25963	"01:20 pm  Friday September 6, 2013"	"Kriest_#2 +"	20	loam	OldForest	738	34	34	100	20	OldForest	300	34	34	100	20	0	ft	"SNYDER27"
WD	wepp-25970	"01:20 pm  Friday September 6, 2013"	"Kriest_#2 +"	20	loam	OldForest	1273	42	42	100	20	OldForest	300	42	42	100	20	0	ft	"SNYDER6"
WR	wepp-20044	"12:48 pm  Monday November 18, 2013"	"Kriest_#2 +"	30	clay	native	200	4	13	15	50	130	25	20	inveg	ft
