WE	wepp-1641	"06:21 am  Friday August 30, 2013"	"Pinnacle Wildfire 2007 +"	sand	30	forest	0	50	30	600	h			ft
WE	wepp-1856	"06:29 am  Friday August 30, 2013"	"Pinnacle Wildfire 2007 +"	sand	30	forest	0	50	30	600	h			ft
WE	wepp-1968	"06:30 am  Friday August 30, 2013"	"Pinnacle Wildfire 2007 +"	sand	20	forest	0	50	30	600	h			ft
WE	wepp-2372	"07:11 am  Friday August 30, 2013"	"Pinnacle Wildfire 2007 +"	clay	20	forest	0	50	30	300	l			ft
WE	wepp-2516	"07:20 am  Friday August 30, 2013"	""	sand	20	forest	10	50	30	300	l			ft
WE	wepp-2522	"07:22 am  Friday August 30, 2013"	""	sand	20	forest	10	50	30	300	l			ft
WE	wepp-2533	"07:22 am  Friday August 30, 2013"	""	sand	20	forest	10	50	30	300	l			ft
WE	wepp-2576	"07:24 am  Friday August 30, 2013"	"Pinnacle Wildfire 2007 +"	clay	20	forest	0	50	30	300	l			ft
WE	wepp-2632	"07:25 am  Friday August 30, 2013"	""	sand	20	forest	10	50	30	300	l			ft
WE	wepp-2651	"07:27 am  Friday August 30, 2013"	"Pinnacle Wildfire 2007 +"	sand	20	forest	10	50	30	300	l			ft
WE	wepp-2704	"07:27 am  Friday August 30, 2013"	"Pinnacle Wildfire 2007 +"	sand	20	forest	10	50	30	300	m			ft
WE	wepp-2779	"07:27 am  Friday August 30, 2013"	"Pinnacle Wildfire 2007 +"	sand	20	forest	10	50	30	300	h			ft
WE	wepp-2868	"07:27 am  Friday August 30, 2013"	"Pinnacle Wildfire 2007 +"	sand	20	forest	10	70	30	300	l			ft
WE	wepp-2917	"07:28 am  Friday August 30, 2013"	"Pinnacle Wildfire 2007 +"	sand	20	forest	10	70	30	300	m			ft
WE	wepp-2986	"07:28 am  Friday August 30, 2013"	"Pinnacle Wildfire 2007 +"	sand	20	forest	10	70	30	300	h			ft
WE	wepp-3075	"07:28 am  Friday August 30, 2013"	"Pinnacle Wildfire 2007 +"	sand	20	forest	10	80	30	300	l			ft
WE	wepp-3124	"07:28 am  Friday August 30, 2013"	"Pinnacle Wildfire 2007 +"	sand	20	forest	10	80	30	300	m			ft
WE	wepp-3193	"07:28 am  Friday August 30, 2013"	"Pinnacle Wildfire 2007 +"	sand	20	forest	10	80	30	300	h			ft
WE	wepp-3311	"07:29 am  Friday August 30, 2013"	"Pinnacle Wildfire 2007 +"	sand	20	forest	10	50	30	300	l			ft
WE	wepp-3360	"07:29 am  Friday August 30, 2013"	"Pinnacle Wildfire 2007 +"	sand	20	forest	10	50	30	300	m			ft
WE	wepp-3429	"07:29 am  Friday August 30, 2013"	"Pinnacle Wildfire 2007 +"	sand	20	forest	10	50	30	300	h			ft
WE	wepp-3518	"07:29 am  Friday August 30, 2013"	"Pinnacle Wildfire 2007 +"	sand	20	forest	10	70	30	300	l			ft
WE	wepp-3587	"07:30 am  Friday August 30, 2013"	"Pinnacle Wildfire 2007 +"	sand	20	forest	10	70	30	300	m			ft
WE	wepp-3657	"07:30 am  Friday August 30, 2013"	"Pinnacle Wildfire 2007 +"	sand	20	forest	10	70	30	300	h			ft
WE	wepp-3746	"07:30 am  Friday August 30, 2013"	"Pinnacle Wildfire 2007 +"	sand	20	forest	10	80	30	300	l			ft
WE	wepp-3795	"07:30 am  Friday August 30, 2013"	"Pinnacle Wildfire 2007 +"	sand	20	forest	10	80	30	300	m			ft
WE	wepp-3864	"07:30 am  Friday August 30, 2013"	"Pinnacle Wildfire 2007 +"	sand	20	forest	10	80	30	300	h			ft
