WE	wepp-12283	"04:43 pm  Friday September 15, 2017"	""		5	forest	5	15	15	200	l			m
WE	wepp-12453	"04:47 pm  Friday September 15, 2017"	"ROSEBURG AP OR"	loam	5	forest	5	15	15	200	l			m
WE	wepp-12595	"04:47 pm  Friday September 15, 2017"	"ROSEBURG AP OR"	sand	10	forest	5	15	15	200	l			m
WE	wepp-12709	"04:48 pm  Friday September 15, 2017"	"ROSEBURG AP OR"	sand	12	forest	5	15	15	200	l			m
WE	wepp-12827	"04:52 pm  Friday September 15, 2017"	"ROSEBURG AP OR"	loam	5	forest	5	15	15	200	l			m
WE	wepp-12969	"04:52 pm  Friday September 15, 2017"	"ROSEBURG AP OR"	sand	10	forest	5	15	15	200	l			m
WE	wepp-13083	"04:52 pm  Friday September 15, 2017"	"ROSEBURG AP OR"	sand	12	forest	5	15	15	200	l			m
WE	wepp-13197	"04:52 pm  Friday September 15, 2017"	"ROSEBURG AP OR"	sand	12	forest	5	15	15	200	m			m
WE	wepp-13351	"04:52 pm  Friday September 15, 2017"	"ROSEBURG AP OR"	sand	15	forest	5	15	15	200	l			m
WE	wepp-13465	"04:52 pm  Friday September 15, 2017"	"ROSEBURG AP OR"	sand	18	forest	5	15	15	200	l			m
WE	wepp-13579	"04:52 pm  Friday September 15, 2017"	"ROSEBURG AP OR"	sand	20	forest	5	15	15	200	l			m
WE	wepp-13693	"04:53 pm  Friday September 15, 2017"	"ROSEBURG AP OR"	clay	25	forest	5	15	15	200	l			m
WE	wepp-13807	"04:53 pm  Friday September 15, 2017"	"ROSEBURG AP OR"	sand	25	forest	5	15	15	200	l			m
WE	wepp-13921	"04:53 pm  Friday September 15, 2017"	"ROSEBURG AP OR"	silt	25	forest	5	15	15	200	l			m
WE	wepp-14035	"04:53 pm  Friday September 15, 2017"	"ROSEBURG AP OR"	sand	28	forest	5	15	15	200	l			m
WE	wepp-14149	"04:53 pm  Friday September 15, 2017"	"ROSEBURG AP OR"	sand	5	forest	20	30	30	200	l			m
WE	wepp-14263	"04:53 pm  Friday September 15, 2017"	"ROSEBURG AP OR"	clay	5	forest	20	30	30	200	l			m
WE	wepp-14377	"04:53 pm  Friday September 15, 2017"	"ROSEBURG AP OR"	sand	10	forest	20	30	30	200	l			m
WE	wepp-14491	"04:53 pm  Friday September 15, 2017"	"ROSEBURG AP OR"	sand	12	forest	20	30	30	200	l			m
WE	wepp-14605	"04:53 pm  Friday September 15, 2017"	"ROSEBURG AP OR"	sand	12	forest	20	30	30	200	m			m
WE	wepp-14759	"04:54 pm  Friday September 15, 2017"	"ROSEBURG AP OR"	sand	15	forest	20	30	30	200	l			m
WE	wepp-14873	"04:54 pm  Friday September 15, 2017"	"ROSEBURG AP OR"	sand	15	forest	20	30	30	200	m			m
WE	wepp-15028	"04:54 pm  Friday September 15, 2017"	"ROSEBURG AP OR"	sand	18	forest	20	30	30	200	l			m
WE	wepp-15142	"04:54 pm  Friday September 15, 2017"	"ROSEBURG AP OR"	sand	18	forest	20	30	30	200	m			m
WE	wepp-15296	"04:54 pm  Friday September 15, 2017"	"ROSEBURG AP OR"	sand	20	forest	20	30	30	200	l			m
WE	wepp-15410	"04:54 pm  Friday September 15, 2017"	"ROSEBURG AP OR"	sand	20	forest	20	30	30	200	l			m
WE	wepp-15524	"04:54 pm  Friday September 15, 2017"	"ROSEBURG AP OR"	clay	25	forest	20	30	30	200	l			m
WE	wepp-15638	"04:55 pm  Friday September 15, 2017"	"ROSEBURG AP OR"	sand	25	forest	20	30	30	200	l			m
WE	wepp-15786	"04:55 pm  Friday September 15, 2017"	"ROSEBURG AP OR"	sand	25	forest	20	30	30	200	m			m
WE	wepp-15968	"04:55 pm  Friday September 15, 2017"	"ROSEBURG AP OR"	sand	25	forest	20	30	30	200	l			m
WE	wepp-16111	"04:55 pm  Friday September 15, 2017"	"ROSEBURG AP OR"	sand	25	forest	20	30	30	200	m			m
WE	wepp-16359	"05:00 pm  Friday September 15, 2017"	"ROSEBURG AP OR"	loam	5	forest	5	15	15	200	l			m
WE	wepp-16501	"05:00 pm  Friday September 15, 2017"	"ROSEBURG AP OR"	sand	10	forest	5	15	15	200	l			m
WE	wepp-16616	"05:00 pm  Friday September 15, 2017"	"ROSEBURG AP OR"	sand	12	forest	5	15	15	200	l			m
WE	wepp-16731	"05:00 pm  Friday September 15, 2017"	"ROSEBURG AP OR"	sand	12	forest	5	15	15	200	m			m
WE	wepp-16886	"05:00 pm  Friday September 15, 2017"	"ROSEBURG AP OR"	sand	15	forest	5	15	15	200	l			m
WE	wepp-17000	"05:00 pm  Friday September 15, 2017"	"ROSEBURG AP OR"	sand	18	forest	5	15	15	200	l			m
WE	wepp-17114	"05:01 pm  Friday September 15, 2017"	"ROSEBURG AP OR"	sand	20	forest	5	15	15	200	l			m
WE	wepp-17228	"05:01 pm  Friday September 15, 2017"	"ROSEBURG AP OR"	clay	25	forest	5	15	15	200	l			m
WE	wepp-17342	"05:01 pm  Friday September 15, 2017"	"ROSEBURG AP OR"	sand	25	forest	5	15	15	200	l			m
WE	wepp-17456	"05:01 pm  Friday September 15, 2017"	"ROSEBURG AP OR"	silt	25	forest	5	15	15	200	l			m
WE	wepp-17572	"05:01 pm  Friday September 15, 2017"	"ROSEBURG AP OR"	sand	28	forest	5	15	15	200	l			m
WE	wepp-17686	"05:01 pm  Friday September 15, 2017"	"ROSEBURG AP OR"	sand	5	forest	20	30	30	200	l			m
WE	wepp-17800	"05:01 pm  Friday September 15, 2017"	"ROSEBURG AP OR"	clay	5	forest	20	30	30	200	l			m
WE	wepp-17914	"05:01 pm  Friday September 15, 2017"	"ROSEBURG AP OR"	sand	10	forest	20	30	30	200	l			m
WE	wepp-18028	"05:02 pm  Friday September 15, 2017"	"ROSEBURG AP OR"	sand	12	forest	20	30	30	200	l			m
WE	wepp-18143	"05:02 pm  Friday September 15, 2017"	"ROSEBURG AP OR"	sand	12	forest	20	30	30	200	m			m
WE	wepp-18297	"05:02 pm  Friday September 15, 2017"	"ROSEBURG AP OR"	sand	15	forest	20	30	30	200	l			m
WE	wepp-18411	"05:02 pm  Friday September 15, 2017"	"ROSEBURG AP OR"	sand	15	forest	20	30	30	200	m			m
WE	wepp-18565	"05:02 pm  Friday September 15, 2017"	"ROSEBURG AP OR"	sand	18	forest	20	30	30	200	l			m
WE	wepp-18679	"05:02 pm  Friday September 15, 2017"	"ROSEBURG AP OR"	sand	18	forest	20	30	30	200	m			m
WE	wepp-18833	"05:02 pm  Friday September 15, 2017"	"ROSEBURG AP OR"	sand	20	forest	20	30	30	200	l			m
WE	wepp-18947	"05:02 pm  Friday September 15, 2017"	"ROSEBURG AP OR"	sand	20	forest	20	30	30	200	l			m
WE	wepp-19061	"05:03 pm  Friday September 15, 2017"	"ROSEBURG AP OR"	clay	25	forest	20	30	30	200	l			m
WE	wepp-19175	"05:03 pm  Friday September 15, 2017"	"ROSEBURG AP OR"	sand	25	forest	20	30	30	200	l			m
WE	wepp-19289	"05:03 pm  Friday September 15, 2017"	"ROSEBURG AP OR"	sand	25	forest	20	30	30	200	m			m
WE	wepp-19443	"05:03 pm  Friday September 15, 2017"	"ROSEBURG AP OR"	sand	25	forest	20	30	30	200	l			m
WE	wepp-19557	"05:03 pm  Friday September 15, 2017"	"ROSEBURG AP OR"	sand	25	forest	20	30	30	200	m			m
WE	wepp-19712	"05:03 pm  Friday September 15, 2017"	"ROSEBURG AP OR"	loam	28	forest	20	30	30	200	l			m
WE	wepp-19826	"05:03 pm  Friday September 15, 2017"	"ROSEBURG AP OR"	loam	5	forest	35	50	50	200	l			m
WE	wepp-19940	"05:04 pm  Friday September 15, 2017"	"ROSEBURG AP OR"	loam	5	forest	35	50	50	200	l			m
WE	wepp-20054	"05:04 pm  Friday September 15, 2017"	"ROSEBURG AP OR"	sand	10	forest	35	50	50	200	l			m
WE	wepp-20168	"05:04 pm  Friday September 15, 2017"	"ROSEBURG AP OR"	sand	10	forest	35	50	50	200	m			m
WE	wepp-20325	"05:04 pm  Friday September 15, 2017"	"ROSEBURG AP OR"	sand	12	forest	35	50	50	200	l			m
WE	wepp-20467	"05:04 pm  Friday September 15, 2017"	"ROSEBURG AP OR"	sand	12	forest	35	50	50	200	m			m
WE	wepp-20621	"05:04 pm  Friday September 15, 2017"	"ROSEBURG AP OR"	sand	15	forest	35	50	50	200	l			m
WE	wepp-20736	"05:04 pm  Friday September 15, 2017"	"ROSEBURG AP OR"	loam	15	forest	35	50	50	200	m			m
WE	wepp-20890	"05:05 pm  Friday September 15, 2017"	"ROSEBURG AP OR"	loam	18	forest	35	50	50	200	l			m
WE	wepp-21004	"05:05 pm  Friday September 15, 2017"	"ROSEBURG AP OR"	loam	20	forest	35	50	50	200	l			m
WE	wepp-21118	"05:05 pm  Friday September 15, 2017"	"ROSEBURG AP OR"	sand	20	forest	35	50	50	200	l			m
WE	wepp-21232	"05:05 pm  Friday September 15, 2017"	"ROSEBURG AP OR"	clay	25	forest	35	50	50	200	l			m
WE	wepp-21346	"05:05 pm  Friday September 15, 2017"	"ROSEBURG AP OR"	sand	25	forest	35	50	50	200	l			m
WE	wepp-21460	"05:05 pm  Friday September 15, 2017"	"ROSEBURG AP OR"	sand	25	forest	35	50	50	200	m			m
WE	wepp-21620	"05:05 pm  Friday September 15, 2017"	"ROSEBURG AP OR"	silt	25	forest	35	50	50	200	l			m
WE	wepp-21734	"05:05 pm  Friday September 15, 2017"	"ROSEBURG AP OR"	silt	25	forest	35	50	50	200	m			m
WE	wepp-21888	"05:06 pm  Friday September 15, 2017"	"ROSEBURG AP OR"	sand	28	forest	35	50	50	200	l			m
WE	wepp-22034	"05:06 pm  Friday September 15, 2017"	"ROSEBURG AP OR"	sand	5	forest	55	100	100	200	l			m
WE	wepp-22148	"05:06 pm  Friday September 15, 2017"	"ROSEBURG AP OR"	clay	5	forest	55	100	100	200	l			m
WE	wepp-22262	"05:06 pm  Friday September 15, 2017"	"ROSEBURG AP OR"	sand	10	forest	55	100	100	200	l			m
WE	wepp-22377	"05:06 pm  Friday September 15, 2017"	"ROSEBURG AP OR"	sand	10	forest	55	100	100	200	m			m
WE	wepp-22531	"05:06 pm  Friday September 15, 2017"	"ROSEBURG AP OR"	sand	12	forest	55	100	100	200	l			m
WE	wepp-22645	"05:06 pm  Friday September 15, 2017"	"ROSEBURG AP OR"	sand	12	forest	55	100	100	200	m			m
WE	wepp-22802	"05:07 pm  Friday September 15, 2017"	"ROSEBURG AP OR"	sand	15	forest	55	100	100	200	l			m
WE	wepp-22944	"05:07 pm  Friday September 15, 2017"	"ROSEBURG AP OR"	loam	18	forest	55	100	100	200	l			m
WE	wepp-23058	"05:07 pm  Friday September 15, 2017"	"ROSEBURG AP OR"	sand	20	forest	55	100	100	200	l			m
WE	wepp-23172	"05:07 pm  Friday September 15, 2017"	"ROSEBURG AP OR"	clay	25	forest	55	100	100	200	l			m
WE	wepp-23286	"05:07 pm  Friday September 15, 2017"	"ROSEBURG AP OR"	clay	25	forest	55	100	100	200	m			m
WE	wepp-23440	"05:07 pm  Friday September 15, 2017"	"ROSEBURG AP OR"	sand	25	forest	55	100	100	200	l			m
WE	wepp-23554	"05:07 pm  Friday September 15, 2017"	"ROSEBURG AP OR"	sand	25	forest	55	100	100	200	m			m
WE	wepp-23710	"05:08 pm  Friday September 15, 2017"	"ROSEBURG AP OR"	sand	25	forest	55	100	100	200	l			m
WE	wepp-23824	"05:08 pm  Friday September 15, 2017"	"ROSEBURG AP OR"	silt	25	forest	55	100	100	200	m			m
WE	wepp-23981	"05:08 pm  Friday September 15, 2017"	"ROSEBURG AP OR"	loam	28	forest	55	100	100	200	l			m
WE	wepp-24667	"06:07 pm  Friday September 15, 2017"	"TOKETEE FALLS OR"	loam	5	forest	5	15	15	200	l			ft
WE	wepp-24810	"06:07 pm  Friday September 15, 2017"	"TOKETEE FALLS OR"	sand	10	forest	5	15	15	200	l			ft
WE	wepp-24953	"06:07 pm  Friday September 15, 2017"	"TOKETEE FALLS OR"	sand	12	forest	5	15	15	200	l			ft
WE	wepp-25095	"06:07 pm  Friday September 15, 2017"	"TOKETEE FALLS OR"	sand	12	forest	5	15	15	200	m			ft
WE	wepp-25295	"06:10 pm  Friday September 15, 2017"	"TOKETEE FALLS OR"	loam	5	forest	5	15	15	200	l			ft
WE	wepp-25438	"06:10 pm  Friday September 15, 2017"	"TOKETEE FALLS OR"	sand	10	forest	5	15	15	200	l			ft
WE	wepp-25591	"06:12 pm  Friday September 15, 2017"	"TOKETEE FALLS OR"	loam	5	forest	5	15	15	200	l			ft
WE	wepp-25858	"06:18 pm  Friday September 15, 2017"	"TOKETEE FALLS OR"	loam	5	forest	5	15	15	200	l			ft
WE	wepp-26003	"06:19 pm  Friday September 15, 2017"	"TOKETEE FALLS OR"	loam	5	forest	5	15	15	200	l			ft
WE	wepp-26150	"06:20 pm  Friday September 15, 2017"	"TOKETEE FALLS OR"	loam	5	forest	5	15	15	200	l			ft
WE	wepp-26295	"06:20 pm  Friday September 15, 2017"	"TOKETEE FALLS OR"	loam	5	forest	5	15	15	200	l			m
WE	wepp-26440	"06:22 pm  Friday September 15, 2017"	"TOKETEE FALLS OR"	loam	5	forest	5	15	15	200	l			m
WE	wepp-26673	"06:30 pm  Friday September 15, 2017"	"TOKETEE FALLS OR"	loam	5	forest	5	15	15	200	l			ft
WE	wepp-26820	"06:33 pm  Friday September 15, 2017"	"TOKETEE FALLS OR"	loam	5	forest	5	15	15	200	l			m
WE	wepp-26962	"06:34 pm  Friday September 15, 2017"	"TOKETEE FALLS OR"	sand	10	forest	5	15	15	200	l			m
WE	wepp-27079	"06:34 pm  Friday September 15, 2017"	"TOKETEE FALLS OR"	sand	12	forest	5	15	15	200	l			m
WE	wepp-27193	"06:34 pm  Friday September 15, 2017"	"TOKETEE FALLS OR"	sand	12	forest	5	15	15	200	m			m
WE	wepp-27347	"06:34 pm  Friday September 15, 2017"	"TOKETEE FALLS OR"	sand	15	forest	5	15	15	200	l			m
WE	wepp-27461	"06:34 pm  Friday September 15, 2017"	"TOKETEE FALLS OR"	sand	18	forest	5	15	15	200	l			m
WE	wepp-27576	"06:34 pm  Friday September 15, 2017"	"TOKETEE FALLS OR"	sand	20	forest	5	15	15	200	l			m
WE	wepp-27690	"06:34 pm  Friday September 15, 2017"	"TOKETEE FALLS OR"	clay	25	forest	5	15	15	200	l			m
WE	wepp-27804	"06:35 pm  Friday September 15, 2017"	"TOKETEE FALLS OR"	sand	25	forest	5	15	15	200	l			m
WE	wepp-27918	"06:35 pm  Friday September 15, 2017"	"TOKETEE FALLS OR"	silt	25	forest	5	15	15	200	l			m
WE	wepp-28032	"06:35 pm  Friday September 15, 2017"	"TOKETEE FALLS OR"	sand	28	forest	5	15	15	200	l			m
WE	wepp-28146	"06:35 pm  Friday September 15, 2017"	"TOKETEE FALLS OR"	sand	5	forest	20	30	30	200	l			m
WE	wepp-28260	"06:35 pm  Friday September 15, 2017"	"TOKETEE FALLS OR"	clay	5	forest	20	30	30	200	l			m
WE	wepp-28374	"06:35 pm  Friday September 15, 2017"	"TOKETEE FALLS OR"	sand	10	forest	20	30	30	200	l			m
WE	wepp-28488	"06:35 pm  Friday September 15, 2017"	"TOKETEE FALLS OR"	sand	12	forest	20	30	30	200	l			m
WE	wepp-28602	"06:35 pm  Friday September 15, 2017"	"TOKETEE FALLS OR"	sand	12	forest	20	30	30	200	m			m
WE	wepp-28756	"06:36 pm  Friday September 15, 2017"	"TOKETEE FALLS OR"	sand	15	forest	20	30	30	200	l			m
WE	wepp-28870	"06:36 pm  Friday September 15, 2017"	"TOKETEE FALLS OR"	sand	15	forest	20	30	30	200	m			m
WE	wepp-29024	"06:36 pm  Friday September 15, 2017"	"TOKETEE FALLS OR"	sand	18	forest	20	30	30	200	l			m
WE	wepp-29138	"06:36 pm  Friday September 15, 2017"	"TOKETEE FALLS OR"	sand	18	forest	20	30	30	200	m			m
WE	wepp-29292	"06:36 pm  Friday September 15, 2017"	"TOKETEE FALLS OR"	sand	20	forest	20	30	30	200	l			m
WE	wepp-29406	"06:36 pm  Friday September 15, 2017"	"TOKETEE FALLS OR"	silt	20	forest	20	30	30	200	l			m
WE	wepp-29521	"06:36 pm  Friday September 15, 2017"	"TOKETEE FALLS OR"	clay	25	forest	20	30	30	200	l			m
WE	wepp-29635	"06:37 pm  Friday September 15, 2017"	"TOKETEE FALLS OR"	sand	25	forest	20	30	30	200	l			m
WE	wepp-29749	"06:37 pm  Friday September 15, 2017"	"TOKETEE FALLS OR"	sand	25	forest	20	30	30	200	m			m
WE	wepp-29903	"06:37 pm  Friday September 15, 2017"	"TOKETEE FALLS OR"	sand	25	forest	20	30	30	200	l			m
WE	wepp-30017	"06:37 pm  Friday September 15, 2017"	"TOKETEE FALLS OR"	sand	25	forest	20	30	30	200	m			m
WE	wepp-30171	"06:37 pm  Friday September 15, 2017"	"TOKETEE FALLS OR"	loam	28	forest	20	30	30	200	l			m
WE	wepp-30285	"06:37 pm  Friday September 15, 2017"	"TOKETEE FALLS OR"	loam	5	forest	35	50	50	200	l			m
WE	wepp-30399	"06:38 pm  Friday September 15, 2017"	"TOKETEE FALLS OR"	loam	5	forest	35	50	50	200	l			m
WE	wepp-30513	"06:38 pm  Friday September 15, 2017"	"TOKETEE FALLS OR"	sand	10	forest	35	50	50	200	l			m
WE	wepp-30627	"06:38 pm  Friday September 15, 2017"	"TOKETEE FALLS OR"	sand	10	forest	35	50	50	200	m			m
WE	wepp-30783	"06:38 pm  Friday September 15, 2017"	"TOKETEE FALLS OR"	sand	12	forest	35	50	50	200	l			m
WE	wepp-30897	"06:38 pm  Friday September 15, 2017"	"TOKETEE FALLS OR"	sand	12	forest	35	50	50	200	m			m
WE	wepp-31055	"06:38 pm  Friday September 15, 2017"	"TOKETEE FALLS OR"	sand	15	forest	35	50	50	200	l			m
WE	wepp-31198	"06:38 pm  Friday September 15, 2017"	"TOKETEE FALLS OR"	loam	15	forest	35	50	50	200	m			m
WE	wepp-31363	"06:39 pm  Friday September 15, 2017"	"TOKETEE FALLS OR"	loam	18	forest	35	50	50	200	l			m
WE	wepp-31508	"06:39 pm  Friday September 15, 2017"	"TOKETEE FALLS OR"	loam	20	forest	35	50	50	200	l			m
WE	wepp-31651	"06:39 pm  Friday September 15, 2017"	"TOKETEE FALLS OR"	sand	20	forest	35	50	50	200	l			m
WE	wepp-31793	"06:39 pm  Friday September 15, 2017"	"TOKETEE FALLS OR"	clay	25	forest	35	50	50	200	l			m
WE	wepp-31939	"06:39 pm  Friday September 15, 2017"	"TOKETEE FALLS OR"	sand	25	forest	35	50	50	200	l			m
WE	wepp-32083	"06:40 pm  Friday September 15, 2017"	"TOKETEE FALLS OR"	sand	25	forest	35	50	50	200	m			m
WE	wepp-32267	"06:40 pm  Friday September 15, 2017"	"TOKETEE FALLS OR"	silt	25	forest	35	50	50	200	l			m
WE	wepp-32410	"06:40 pm  Friday September 15, 2017"	"TOKETEE FALLS OR"	silt	25	forest	35	50	50	200	m			m
WE	wepp-32593	"06:40 pm  Friday September 15, 2017"	"TOKETEE FALLS OR"	sand	28	forest	35	50	50	200	l			m
WE	wepp-32736	"06:40 pm  Friday September 15, 2017"	"TOKETEE FALLS OR"	sand	5	forest	55	100	100	200	l			m
WE	wepp-32878	"06:40 pm  Friday September 15, 2017"	"TOKETEE FALLS OR"	clay	5	forest	55	100	100	200	l			m
WE	wepp-33022	"06:41 pm  Friday September 15, 2017"	"TOKETEE FALLS OR"	sand	10	forest	55	100	100	200	l			m
WE	wepp-33165	"06:41 pm  Friday September 15, 2017"	"TOKETEE FALLS OR"	sand	10	forest	55	100	100	200	m			m
WE	wepp-33347	"06:41 pm  Friday September 15, 2017"	"TOKETEE FALLS OR"	sand	12	forest	55	100	100	200	l			m
WE	wepp-33490	"06:41 pm  Friday September 15, 2017"	"TOKETEE FALLS OR"	sand	12	forest	55	100	100	200	m			m
WE	wepp-33673	"06:41 pm  Friday September 15, 2017"	"TOKETEE FALLS OR"	sand	15	forest	55	100	100	200	l			m
WE	wepp-33816	"06:42 pm  Friday September 15, 2017"	"TOKETEE FALLS OR"	loam	18	forest	55	100	100	200	l			m
WE	wepp-33959	"06:42 pm  Friday September 15, 2017"	"TOKETEE FALLS OR"	sand	20	forest	55	100	100	200	l			m
WE	wepp-34104	"06:42 pm  Friday September 15, 2017"	"TOKETEE FALLS OR"	clay	25	forest	55	100	100	200	l			m
WE	wepp-34247	"06:42 pm  Friday September 15, 2017"	"TOKETEE FALLS OR"	clay	25	forest	55	100	100	200	m			m
WE	wepp-34429	"06:42 pm  Friday September 15, 2017"	"TOKETEE FALLS OR"	sand	25	forest	55	100	100	200	l			m
WE	wepp-34572	"06:43 pm  Friday September 15, 2017"	"TOKETEE FALLS OR"	sand	25	forest	55	100	100	200	m			m
WE	wepp-34814	"06:43 pm  Friday September 15, 2017"	"TOKETEE FALLS OR"	sand	25	forest	55	100	100	200	l			m
WE	wepp-34956	"06:43 pm  Friday September 15, 2017"	"TOKETEE FALLS OR"	silt	25	forest	55	100	100	200	m			m
WE	wepp-35138	"06:43 pm  Friday September 15, 2017"	"TOKETEE FALLS OR"	loam	28	forest	55	100	100	200	l			m
WE	wepp-63931	"07:39 am  Saturday September 16, 2017"	"TOKETEE FALLS OR"	loam	5	forest	5	15	15	200	l			ft
WE	wepp-64073	"07:40 am  Saturday September 16, 2017"	"TOKETEE FALLS OR"	sand	10	forest	5	15	15	200	l			ft
WE	wepp-64187	"07:40 am  Saturday September 16, 2017"	"TOKETEE FALLS OR"	sand	12	forest	5	15	15	200	l			ft
WE	wepp-64301	"07:40 am  Saturday September 16, 2017"	"TOKETEE FALLS OR"	sand	12	forest	5	15	15	200	m			ft
WE	wepp-64455	"07:40 am  Saturday September 16, 2017"	"TOKETEE FALLS OR"	sand	15	forest	5	15	15	200	l			ft
WE	wepp-64569	"07:40 am  Saturday September 16, 2017"	"TOKETEE FALLS OR"	loam	18	forest	5	15	15	200	l			ft
WE	wepp-64683	"07:40 am  Saturday September 16, 2017"	"TOKETEE FALLS OR"	sand	20	forest	5	15	15	200	l			ft
WE	wepp-64797	"07:40 am  Saturday September 16, 2017"	"TOKETEE FALLS OR"	clay	25	forest	5	15	15	200	l			ft
WE	wepp-64911	"07:40 am  Saturday September 16, 2017"	"TOKETEE FALLS OR"	sand	25	forest	5	15	15	200	l			ft
WE	wepp-65025	"07:41 am  Saturday September 16, 2017"	"TOKETEE FALLS OR"	silt	25	forest	5	15	15	200	l			ft
WE	wepp-65139	"07:41 am  Saturday September 16, 2017"	"TOKETEE FALLS OR"	sand	28	forest	5	15	15	200	l			ft
WE	wepp-65253	"07:41 am  Saturday September 16, 2017"	"TOKETEE FALLS OR"	sand	5	forest	20	30	30	200	l			ft
WE	wepp-65372	"07:41 am  Saturday September 16, 2017"	"TOKETEE FALLS OR"	clay	5	forest	20	30	30	200	l			ft
WE	wepp-65486	"07:41 am  Saturday September 16, 2017"	"TOKETEE FALLS OR"	sand	10	forest	20	30	30	200	l			ft
WE	wepp-65600	"07:41 am  Saturday September 16, 2017"	"TOKETEE FALLS OR"	sand	12	forest	20	30	30	200	l			ft
WE	wepp-65714	"07:41 am  Saturday September 16, 2017"	"TOKETEE FALLS OR"	sand	12	forest	20	30	30	200	m			ft
WE	wepp-65868	"07:41 am  Saturday September 16, 2017"	"TOKETEE FALLS OR"	sand	15	forest	20	30	30	200	l			ft
WE	wepp-65982	"07:42 am  Saturday September 16, 2017"	"TOKETEE FALLS OR"	sand	15	forest	20	30	30	200	m			ft
WE	wepp-66136	"07:42 am  Saturday September 16, 2017"	"TOKETEE FALLS OR"	loam	18	forest	20	30	30	200	l			ft
WE	wepp-66250	"07:42 am  Saturday September 16, 2017"	"TOKETEE FALLS OR"	loam	18	forest	20	30	30	200	m			ft
WE	wepp-66407	"07:42 am  Saturday September 16, 2017"	"TOKETEE FALLS OR"	sand	20	forest	20	30	30	200	l			ft
WE	wepp-66521	"07:42 am  Saturday September 16, 2017"	"TOKETEE FALLS OR"	sand	20	forest	20	30	30	200	l			ft
WE	wepp-66635	"07:42 am  Saturday September 16, 2017"	"TOKETEE FALLS OR"	loam	25	forest	20	30	30	200	l			ft
WE	wepp-66751	"07:42 am  Saturday September 16, 2017"	"TOKETEE FALLS OR"	sand	25	forest	20	30	30	200	l			ft
WE	wepp-66924	"07:43 am  Saturday September 16, 2017"	"TOKETEE FALLS OR"	sand	25	forest	20	30	30	200	m			ft
WE	wepp-67079	"07:43 am  Saturday September 16, 2017"	"TOKETEE FALLS OR"	sand	25	forest	20	30	30	200	l			ft
WE	wepp-67193	"07:43 am  Saturday September 16, 2017"	"TOKETEE FALLS OR"	sand	25	forest	20	30	30	200	m			ft
WE	wepp-67347	"07:43 am  Saturday September 16, 2017"	"TOKETEE FALLS OR"	loam	28	forest	20	30	30	200	l			ft
WE	wepp-67461	"07:43 am  Saturday September 16, 2017"	"TOKETEE FALLS OR"	sand	5	forest	35	50	50	200	l			ft
WE	wepp-67575	"07:43 am  Saturday September 16, 2017"	"TOKETEE FALLS OR"	loam	5	forest	35	50	50	200	l			ft
WE	wepp-67689	"07:43 am  Saturday September 16, 2017"	"TOKETEE FALLS OR"	sand	10	forest	35	50	50	200	l			ft
WE	wepp-67803	"07:44 am  Saturday September 16, 2017"	"TOKETEE FALLS OR"	sand	10	forest	35	50	50	200	m			ft
WE	wepp-67957	"07:44 am  Saturday September 16, 2017"	"TOKETEE FALLS OR"	sand	12	forest	35	50	50	200	l			ft
WE	wepp-68071	"07:44 am  Saturday September 16, 2017"	"TOKETEE FALLS OR"	sand	12	forest	35	50	50	200	m			ft
WE	wepp-68225	"07:44 am  Saturday September 16, 2017"	"TOKETEE FALLS OR"	sand	15	forest	35	50	50	200	l			ft
WE	wepp-68339	"07:44 am  Saturday September 16, 2017"	"TOKETEE FALLS OR"	sand	15	forest	35	50	50	200	m			ft
WE	wepp-68493	"07:44 am  Saturday September 16, 2017"	"TOKETEE FALLS OR"	loam	18	forest	35	50	50	200	l			ft
WE	wepp-68608	"07:44 am  Saturday September 16, 2017"	"TOKETEE FALLS OR"	loam	20	forest	35	50	50	200	l			ft
WE	wepp-68722	"07:45 am  Saturday September 16, 2017"	"TOKETEE FALLS OR"	sand	20	forest	35	50	50	200	l			ft
WE	wepp-68836	"07:45 am  Saturday September 16, 2017"	"TOKETEE FALLS OR"	loam	25	forest	35	50	50	200	l			ft
WE	wepp-68950	"07:45 am  Saturday September 16, 2017"	"TOKETEE FALLS OR"	sand	25	forest	35	50	50	200	l			ft
WE	wepp-69064	"07:45 am  Saturday September 16, 2017"	"TOKETEE FALLS OR"	sand	25	forest	35	50	50	200	m			ft
WE	wepp-69218	"07:45 am  Saturday September 16, 2017"	"TOKETEE FALLS OR"	sand	25	forest	35	50	50	200	l			ft
WE	wepp-69333	"07:45 am  Saturday September 16, 2017"	"TOKETEE FALLS OR"	sand	25	forest	35	50	50	200	m			ft
WE	wepp-69488	"07:45 am  Saturday September 16, 2017"	"TOKETEE FALLS OR"	loam	28	forest	35	50	50	200	l			ft
WE	wepp-69602	"07:45 am  Saturday September 16, 2017"	"TOKETEE FALLS OR"	sand	5	forest	55	100	100	200	l			ft
WE	wepp-69716	"07:46 am  Saturday September 16, 2017"	"TOKETEE FALLS OR"	loam	5	forest	55	100	100	200	l			ft
WE	wepp-69830	"07:46 am  Saturday September 16, 2017"	"TOKETEE FALLS OR"	sand	10	forest	55	100	100	200	l			ft
WE	wepp-69944	"07:46 am  Saturday September 16, 2017"	"TOKETEE FALLS OR"	sand	10	forest	55	100	100	200	m			ft
WE	wepp-70098	"07:46 am  Saturday September 16, 2017"	"TOKETEE FALLS OR"	sand	12	forest	55	100	100	200	l			ft
WE	wepp-70212	"07:46 am  Saturday September 16, 2017"	"TOKETEE FALLS OR"	sand	12	forest	55	100	100	200	m			ft
WE	wepp-70366	"07:46 am  Saturday September 16, 2017"	"TOKETEE FALLS OR"	sand	15	forest	55	100	100	200	l			ft
WE	wepp-70480	"07:46 am  Saturday September 16, 2017"	"TOKETEE FALLS OR"	loam	18	forest	55	100	100	200	l			ft
WE	wepp-70594	"07:46 am  Saturday September 16, 2017"	"TOKETEE FALLS OR"	sand	20	forest	55	100	100	200	l			ft
WE	wepp-70708	"07:47 am  Saturday September 16, 2017"	"TOKETEE FALLS OR"	loam	25	forest	55	100	100	200	l			ft
WE	wepp-70822	"07:47 am  Saturday September 16, 2017"	"TOKETEE FALLS OR"	loam	25	forest	55	100	100	200	m			ft
WE	wepp-70976	"07:47 am  Saturday September 16, 2017"	"TOKETEE FALLS OR"	sand	25	forest	55	100	100	200	l			ft
WE	wepp-71090	"07:47 am  Saturday September 16, 2017"	"TOKETEE FALLS OR"	sand	25	forest	55	100	100	200	m			ft
WE	wepp-71249	"07:47 am  Saturday September 16, 2017"	"TOKETEE FALLS OR"	sand	25	forest	55	100	100	200	l			ft
WE	wepp-71363	"07:47 am  Saturday September 16, 2017"	"TOKETEE FALLS OR"	sand	25	forest	55	100	100	200	m			ft
WE	wepp-71517	"07:47 am  Saturday September 16, 2017"	"TOKETEE FALLS OR"	loam	28	forest	55	100	100	200	l			ft
