WD	wepp-101860	"04:13 pm  Tuesday March 24, 2015"	"Ed's Kahler 1+ +"	30	loam	LowFire	675	35	30	85	10	HighFire	25	30	5	45	10	0	ft	"hs l 1"
WD	wepp-101896	"04:14 pm  Tuesday March 24, 2015"	"Ed's Kahler 1+ +"	30	loam	LowFire	650	35	30	85	10	HighFire	50	30	5	45	10	0	ft	"hs l 1"
WD	wepp-101935	"04:14 pm  Tuesday March 24, 2015"	"Ed's Kahler 1+ +"	30	loam	HighFire	650	35	30	45	10	HighFire	50	30	5	45	10	0	ft	"hs l 1"
WD	wepp-101970	"04:14 pm  Tuesday March 24, 2015"	"Ed's Kahler 1+ +"	30	loam	HighFire	650	35	30	45	10	HighFire	50	30	5	45	10	0	ft	"hs l 1"
WD	wepp-102018	"04:15 pm  Tuesday March 24, 2015"	"Ed's Kahler 1+ +"	30	silt	HighFire	650	35	30	45	10	HighFire	50	30	5	45	10	0	ft	"hs sl 1"
WD	wepp-102056	"04:16 pm  Tuesday March 24, 2015"	"Ed's Kahler 1+ +"	30	silt	HighFire	650	35	30	45	10	HighFire	50	30	5	45	10	0	ft	"hs cl 1"
WD	wepp-130062	"03:14 pm  Wednesday March 25, 2015"	"Ed's Kahler 1+ +"	30	clay	LowFire	650	35	30	90	10	LowFire	50	10	5	85	10	0	ft	""
WD	wepp-130119	"03:15 pm  Wednesday March 25, 2015"	"Ed's Kahler 1+ +"	30	clay	LowFire	650	35	30	90	10	LowFire	50	10	5	90	10	0	ft	"cl ls 1"
WD	wepp-130163	"03:19 pm  Wednesday March 25, 2015"	"Ed's Kahler 1+ +"	30	silt	LowFire	650	35	30	90	10	LowFire	50	10	5	90	10	0	ft	"sl  ls 1"
WD	wepp-130611	"04:17 pm  Wednesday March 25, 2015"	"Ed's Kahler 1+ +"	30	silt	LowFire	625	35	30	90	10	LowFire	75	10	5	90	10	0	ft	"sl  ls 2"
WD	wepp-130656	"04:19 pm  Wednesday March 25, 2015"	"Ed's Kahler 1+ +"	30	clay	LowFire	625	35	30	90	10	LowFire	75	10	5	90	10	0	ft	"cl ls 2"
WD	wepp-145724	"09:07 am  Thursday March 26, 2015"	"Ed's Kahler 1+ +"	10	silt	HighFire	650	35	30	45	10	HighFire	50	30	5	45	10	0	ft	"sl hs fire"
WD	wepp-145763	"09:08 am  Thursday March 26, 2015"	"Ed's Kahler 1+ +"	10	loam	HighFire	650	35	30	45	10	HighFire	50	30	5	45	10	0	ft	"l hs fire"
WD	wepp-145829	"09:10 am  Thursday March 26, 2015"	"Ed's Kahler 1+ +"	10	loam	HighFire	625	35	30	45	10	HighFire	75	30	5	45	10	0	ft	"l hs fire"
WD	wepp-145887	"09:12 am  Thursday March 26, 2015"	"Ed's Kahler 1+ +"	30	loam	HighFire	625	35	35	45	10	HighFire	75	10	5	45	10	0	ft	"l hs fire"
WD	wepp-146090	"09:23 am  Thursday March 26, 2015"	"Ed's Kahler 1+ +"	30	silt	HighFire	625	35	35	45	10	HighFire	75	10	5	45	10	0	ft	"l hs fire"
WD	wepp-146127	"09:24 am  Thursday March 26, 2015"	"Ed's Kahler 1+ +"	30	clay	HighFire	625	35	35	45	10	HighFire	75	10	5	45	10	0	ft	"cl hs fire"
WD	wepp-146182	"09:29 am  Thursday March 26, 2015"	"Ed's Kahler 1+ +"	30	loam	HighFire	625	35	35	45	10	HighFire	75	10	5	45	10	0	ft	"cl hs fire"
WD	wepp-146247	"09:30 am  Thursday March 26, 2015"	"Ed's Kahler 1+ +"	30	loam	HighFire	625	35	35	45	10	HighFire	75	10	5	45	10	0	ft	"l hs fire"
WD	wepp-146284	"09:31 am  Thursday March 26, 2015"	"Ed's Kahler 1+ +"	30	silt	HighFire	625	35	35	45	10	HighFire	75	10	5	45	10	0	ft	"l hs fire"
WD	wepp-146321	"09:32 am  Thursday March 26, 2015"	"Ed's Kahler 1+ +"	30	clay	HighFire	625	35	35	45	10	HighFire	75	10	5	45	10	0	ft	"l hs fire"
WD	wepp-147980	"10:27 am  Thursday March 26, 2015"	"Ed's Kahler 1+ +"	10	loam	HighFire	625	35	35	20	10	HighFire	75	10	5	20	10	0	ft	""
WD	wepp-148019	"10:28 am  Thursday March 26, 2015"	"Ed's Kahler 1+ +"	10	loam	HighFire	625	35	35	30	10	HighFire	75	10	5	30	10	0	ft	""
WD	wepp-148058	"10:28 am  Thursday March 26, 2015"	"Ed's Kahler 1+ +"	10	loam	HighFire	625	35	35	25	10	HighFire	75	10	5	25	10	0	ft	""
WD	wepp-148094	"10:29 am  Thursday March 26, 2015"	"Ed's Kahler 1+ +"	10	loam	HighFire	625	35	35	25	10	HighFire	75	10	5	30	10	0	ft	""
WD	wepp-148130	"10:29 am  Thursday March 26, 2015"	"Ed's Kahler 1+ +"	10	loam	HighFire	625	35	35	25	10	HighFire	75	10	5	45	10	0	ft	""
WD	wepp-148166	"10:29 am  Thursday March 26, 2015"	"Ed's Kahler 1+ +"	10	loam	HighFire	625	35	35	30	10	HighFire	75	10	5	45	10	0	ft	""
WD	wepp-148204	"10:29 am  Thursday March 26, 2015"	"Ed's Kahler 1+ +"	10	loam	HighFire	625	35	35	27	10	HighFire	75	10	5	45	10	0	ft	""
WD	wepp-148252	"10:30 am  Thursday March 26, 2015"	"Ed's Kahler 1+ +"	10	loam	HighFire	625	35	35	28	10	HighFire	75	10	5	45	10	0	ft	""
WD	wepp-148288	"10:30 am  Thursday March 26, 2015"	"Ed's Kahler 1+ +"	10	loam	HighFire	625	35	35	29	10	HighFire	75	10	5	45	10	0	ft	""
WD	wepp-148327	"10:31 am  Thursday March 26, 2015"	"Ed's Kahler 1+ +"	30	loam	HighFire	625	35	35	29	10	HighFire	75	10	5	45	10	0	ft	""
WD	wepp-148364	"10:31 am  Thursday March 26, 2015"	"Ed's Kahler 1+ +"	30	loam	HighFire	625	35	35	30	10	HighFire	75	10	5	45	10	0	ft	""
WD	wepp-148402	"10:32 am  Thursday March 26, 2015"	"Ed's Kahler 1+ +"	30	loam	HighFire	625	35	35	35	10	HighFire	75	10	5	45	10	0	ft	""
WD	wepp-148438	"10:32 am  Thursday March 26, 2015"	"Ed's Kahler 1+ +"	30	loam	HighFire	625	35	35	30	10	HighFire	75	10	5	45	10	0	ft	""
WD	wepp-148476	"10:33 am  Thursday March 26, 2015"	"Ed's Kahler 1+ +"	30	loam	HighFire	625	35	35	30	10	HighFire	75	10	5	45	10	0	ft	"l hs fire"
WD	wepp-162188	"04:35 pm  Thursday March 26, 2015"	"Ed's Kahler 1+ +"	30	silt	tree20	50	0	30	100	20	tree5	50	30	5	100	20	0	ft	""
WD	wepp-162769	"04:44 pm  Thursday March 26, 2015"	"Ed's Kahler 1+ +"	30	silt	low	625	35	30	85	10	low	75	30	5	95	10	0	ft	""
WD	wepp-162856	"04:45 pm  Thursday March 26, 2015"	"Ed's Kahler 1+ +"	30	silt	low	625	35	30	75	10	low	75	30	5	95	10	0	ft	""
WD	wepp-162872	"04:45 pm  Thursday March 26, 2015"	"Ed's Kahler 1+ +"	30	silt	low	50	0	30	80	20	low	50	30	5	100	20	0	ft	""
WD	wepp-163017	"04:47 pm  Thursday March 26, 2015"	"Ed's Kahler 1+ +"	30	silt	low	625	35	30	80	10	low	75	30	5	95	10	0	ft	"sl ct, nct, mcfuel"
WD	wepp-163085	"04:49 pm  Thursday March 26, 2015"	"Ed's Kahler 1+ +"	30	loam	low	625	35	30	80	10	low	75	30	5	95	10	0	ft	"l ct, nct, mcfuel"
WD	wepp-163149	"04:52 pm  Thursday March 26, 2015"	"Ed's Kahler 1+ +"	10	loam	LowFire	625	35	30	85	10	OldForest	75	30	5	95	20	0	ft	""
WR	wepp-104338	"03:27 pm  Wednesday October 14, 2015"	"Eds Ten Cent 1 +"	100	silt	native	200	4	14	10	50	50	25	20	inveg	ft
WR	wepp-105142	"03:30 pm  Wednesday October 14, 2015"	"Eds Ten Cent 1 +"	100	silt	graveled	200	4	14	10	50	50	25	20	inveg	ft
WR	wepp-105848	"03:32 pm  Wednesday October 14, 2015"	"Eds Ten Cent 1 +"	100	silt	paved	200	4	14	10	50	50	25	20	inveg	ft
