wt	wepp-6081	"Mar 14, 2013"	"RUBICON #2 CA SNOTEL N +"	granitic	OldForest	20	30	300	100	20	OldForest	30	10	100	100	20	ft	""
wt	wepp-6167	"Mar 14, 2013"	"RUBICON #2 CA SNOTEL N +"	volcanic	OldForest	20	30	300	100	20	OldForest	30	10	100	100	20	ft	""
wt	wepp-6361	"Mar 14, 2013"	"RUBICON #2 CA SNOTEL N +"	volcanic	HighFire	20	30	300	30	20	LowFire	30	10	100	50	20	ft	""
wt	wepp-6477	"Mar 14, 2013"	"RUBICON #2 CA SNOTEL N +"	volcanic	HighFire	20	30	300	30	20	LowFire	30	10	100	50	20	ft	""
wt	wepp-6749	"Mar 14, 2013"	"RUBICON #2 CA SNOTEL N +"	volcanic	OldForest	20	30	300	100	20	OldForest	30	10	100	100	20	ft	""
wt	wepp-6928	"Mar 14, 2013"	"RUBICON #2 CA SNOTEL N +"	volcanic	HighFire	20	30	300	30	20	LowFire	30	10	100	50	20	ft	""
wt	wepp-7438	"Mar 14, 2013"	"RUBICON #2 CA SNOTEL N +"	volcanic	YoungForest	20	30	300	85	20	OldForest	30	10	100	100	20	ft	""
wt	wepp-7581	"Mar 14, 2013"	"RUBICON #2 CA SNOTEL N +"	volcanic	LowFire	20	30	300	85	20	OldForest	30	10	100	100	20	ft	""
wt	wepp-7960	"Mar 14, 2013"	"RUBICON #2 CA SNOTEL N +"	volcanic	BurnP	30	30	12	20	20	YoungForest	30	30	15	100	20	ft	""
wt	wepp-8021	"Mar 14, 2013"	"RUBICON #2 CA SNOTEL N +"	volcanic	BurnP	30	30	12	20	20	YoungForest	30	30	15	100	20	ft	""
wt	wepp-8041	"Mar 14, 2013"	"RUBICON #2 CA SNOTEL N +"	volcanic	BurnP	30	30	12	20	20	YoungForest	30	30	15	100	20	ft	""
wt	wepp-8082	"Mar 14, 2013"	"RUBICON #2 CA SNOTEL N +"	volcanic	BurnP	30	30	12	20	20	YoungForest	30	30	15	85	20	ft	""
wt	wepp-8170	"Mar 14, 2013"	"RUBICON #2 CA SNOTEL N +"	volcanic	HighFire	20	30	300	40	20	YoungForest	30	10	100	70	20	ft	""
wt	wepp-8213	"Mar 14, 2013"	"RUBICON #2 CA SNOTEL N +"	volcanic	HighFire	20	30	300	40	20	YoungForest	30	10	100	70	20	ft	""
wt	wepp-9946	"Mar 14, 2013"	"RUBICON #2 CA SNOTEL N +"	granitic	HighRoad	4	4	200	10	20	YoungForest	20	10	50	85	20	ft	""
wt	wepp-10285	"Mar 14, 2013"	"RUBICON #2 CA SNOTEL N +"	granitic	LowRoad	4	4	200	10	20	YoungForest	20	10	50	85	20	ft	""
wt	wepp-10372	"Mar 14, 2013"	"RUBICON #2 CA SNOTEL N +"	granitic	LowRoad	4	4	200	10	20	YoungForest	20	10	50	85	20	ft	""
wt	wepp-10693	"Mar 14, 2013"	"RUBICON #2 CA SNOTEL N +"	granitic	HighRoad	4	4	100	10	20	YoungForest	20	15	50	85	20	ft	""
wt	wepp-10898	"Mar 14, 2013"	"RUBICON #2 CA SNOTEL N +"	granitic	HighRoad	4	4	30	10	20	YoungForest	20	15	50	85	20	ft	""
wt	wepp-10967	"Mar 14, 2013"	"RUBICON #2 CA SNOTEL N +"	granitic	HighRoad	4	4	30	10	20	Sod	20	15	50	40	20	ft	""
wt	wepp-11275	"Mar 14, 2013"	"RUBICON #2 CA SNOTEL N +"	rockpave	HighRoad	4	4	30	10	50	Sod	20	15	50	40	20	ft	""
wt	wepp-11396	"Mar 14, 2013"	"RUBICON #2 CA SNOTEL N +"	rockpave	HighRoad	4	4	200	10	50	Sod	20	15	50	40	20	ft	""
wt	wepp-11600	"Mar 14, 2013"	"RUBICON #2 CA SNOTEL N +"	granitic	LowRoad	4	4	200	70	20	YoungForest	20	15	50	85	20	ft	""
wt	wepp-11619	"Mar 14, 2013"	"RUBICON #2 CA SNOTEL N +"	granitic	LowRoad	4	4	200	70	20	YoungForest	20	15	50	85	20	ft	""
wt	wepp-11763	"Mar 14, 2013"	"RUBICON #2 CA SNOTEL N +"	granitic	Till	4	4	200	80	20	YoungForest	20	15	50	85	20	ft	""
wt	wepp-11838	"Mar 14, 2013"	"RUBICON #2 CA SNOTEL N +"	rockpave	HighRoad	4	4	200	100	50	YoungForest	20	15	50	85	20	ft	""
wt	wepp-11947	"Mar 14, 2013"	"RUBICON #2 CA SNOTEL N +"	rockpave	HighRoad	4	4	200	100	50	YoungForest	20	15	50	85	20	ft	""
wt	wepp-12007	"Mar 14, 2013"	"RUBICON #2 CA SNOTEL N +"	rockpave	HighRoad	4	4	200	10	50	YoungForest	20	15	50	85	20	ft	""
wt	wepp-12021	"Mar 14, 2013"	"RUBICON #2 CA SNOTEL N +"	rockpave	HighRoad	4	4	200	10	50	YoungForest	20	15	50	85	20	ft	""
wt	wepp-12048	"Mar 14, 2013"	"RUBICON #2 CA SNOTEL N +"	rockpave	HighRoad	4	4	30	10	50	YoungForest	20	15	50	85	20	ft	""
wt	wepp-12252	"Mar 14, 2013"	"RUBICON #2 CA SNOTEL N +"	granitic	Sod	30	30	50	40	20	Sod	30	30	50	40	20	ft	""
wt	wepp-12456	"Mar 14, 2013"	"RUBICON #2 CA SNOTEL N +"	granitic	Sod	30	30	50	40	20	OldForest	30	30	50	100	20	ft	""
wt	wepp-12599	"Mar 14, 2013"	"RUBICON #2 CA SNOTEL N +"	granitic	Sod	30	30	50	70	20	Sod	30	30	50	70	20	ft	""
wt	wepp-12775	"Mar 14, 2013"	"RUBICON #2 CA SNOTEL N +"	granitic	Till	30	30	50	70	20	Till	30	30	50	70	20	ft	""
wt	wepp-13013	"Mar 14, 2013"	"RUBICON #2 CA SNOTEL N +"	volcanic	Shrub	45	45	500	35	20	Bunchgrass	30	20	500	60	20	ft	""
wt	wepp-13081	"Mar 14, 2013"	"RUBICON #2 CA SNOTEL N +"	volcanic	Sod	45	45	500	40	20	Sod	30	20	500	40	20	ft	""
wt	wepp-14032	"Mar 14, 2013"	"RUBICON #2 CA SNOTEL N +"	volcanic	Skid	30	30	500	10	20	Skid	30	20	500	10	20	ft	""
wt	wepp-14052	"Mar 14, 2013"	"RUBICON #2 CA SNOTEL N +"	volcanic	Skid	30	30	500	10	20	Skid	30	20	500	10	20	ft	""
wt	wepp-14236	"Mar 14, 2013"	"RUBICON #2 CA SNOTEL N +"	volcanic	Skid	30	30	200	10	20	Bunchgrass	30	20	100	60	20	ft	""
wt	wepp-14256	"Mar 14, 2013"	"RUBICON #2 CA SNOTEL N +"	volcanic	Skid	30	30	200	10	20	Bunchgrass	30	20	300	60	20	ft	""
wt	wepp-14401	"Mar 14, 2013"	"RUBICON #2 CA SNOTEL N +"	volcanic	Skid	30	30	200	70	20	Skid	30	20	300	70	20	ft	""
wt	wepp-14421	"Mar 14, 2013"	"RUBICON #2 CA SNOTEL N +"	volcanic	Skid	30	30	200	70	20	Skid	30	20	300	70	20	ft	""
wt	wepp-14504	"Mar 14, 2013"	"RUBICON #2 CA SNOTEL N +"	volcanic	Skid	30	30	300	20	20	YoungForest	30	10	100	85	20	ft	""
wt	wepp-14552	"Mar 14, 2013"	"RUBICON #2 CA SNOTEL N +"	volcanic	Skid	20	30	300	20	20	YoungForest	30	10	100	85	20	ft	""
wt	wepp-14572	"Mar 14, 2013"	"RUBICON #2 CA SNOTEL N +"	volcanic	Skid	20	30	300	20	20	YoungForest	30	10	100	85	20	ft	""
wt	wepp-14701	"Mar 14, 2013"	"RUBICON #2 CA SNOTEL N +"	volcanic	Skid	20	30	300	40	20	YoungForest	30	10	100	85	20	ft	""
wt	wepp-14760	"Mar 14, 2013"	"RUBICON #2 CA SNOTEL N +"	volcanic	Skid	20	30	300	40	20	YoungForest	30	10	100	85	20	ft	""
wt	wepp-14810	"Mar 14, 2013"	"RUBICON #2 CA SNOTEL N +"	volcanic	Skid	20	30	300	10	20	YoungForest	30	10	100	85	20	ft	""
wt	wepp-14830	"Mar 14, 2013"	"RUBICON #2 CA SNOTEL N +"	volcanic	Skid	20	30	300	10	20	YoungForest	30	10	100	85	20	ft	""
wt	wepp-14896	"Mar 14, 2013"	"RUBICON #2 CA SNOTEL N +"	volcanic	HighRoad	20	30	300	10	20	YoungForest	30	10	100	85	20	ft	""
wt	wepp-14990	"Mar 14, 2013"	"RUBICON #2 CA SNOTEL N +"	volcanic	LowRoad	20	30	300	40	20	YoungForest	30	10	100	85	20	ft	""
