WR	wepp-429	"11:54 am  Wednesday September 21, 2011"	"MINERAL CA"	1	loam	native	200	4	20	15	50	130	25	15	inbare	ft
WD	wepp-737	"12:35 pm  Wednesday September 21, 2011"	"MINERAL CA"	10	clay	OldForest	50	30	30	75	20	Shrub	50	20	5	80	20	0	ft	""
WD	wepp-757	"12:35 pm  Wednesday September 21, 2011"	"MINERAL CA"	10	clay	Sod	50	30	30	40	20	HighFire	50	20	5	45	20	0	ft	""
WD	wepp-776	"12:36 pm  Wednesday September 21, 2011"	"MINERAL CA"	10	clay	Sod	50	30	30	40	20	Skid	50	20	5	20	20	0	ft	""
WD	wepp-796	"12:36 pm  Wednesday September 21, 2011"	"MINERAL CA"	10	loam	OldForest	50	30	30	100	20	Skid	50	20	5	20	20	0	ft	""
WD	wepp-816	"12:36 pm  Wednesday September 21, 2011"	"MINERAL CA"	10	loam	Skid	50	30	30	20	20	OldForest	50	20	5	100	20	0	ft	""
WR	wepp-874	"12:38 pm  Wednesday September 21, 2011"	"MINERAL CA"	1	loam	native	60	4	4	5	50	40	25	20	outrut	m
WR	wepp-12039	"09:44 am  Thursday August 9, 2012"	"MINERAL CA"	30	sand	native	200	4	13	15	50	130	25	20	inbare	ft
WR	wepp-19373	"04:48 pm  Monday January 14, 2013"	"MINERAL CA"	1	sand	native	200	3	13	15	50	130	25	20	inbare	ft
WR	wepp-19392	"04:49 pm  Monday January 14, 2013"	"MINERAL CA"	1	sand	graveled	500	1	13	15	50	130	25	20	inbare	ft
WR	wepp-19439	"04:51 pm  Monday January 14, 2013"	"MINERAL CA"	1	sand	graveled	500	1	20	15	50	100	5	20	inbare	ft
WR	wepp-19458	"04:51 pm  Monday January 14, 2013"	"MINERAL CA"	1	sand	graveled	500	1	20	15	5	100	5	20	inbare	ft
WR	wepp-19479	"04:54 pm  Monday January 14, 2013"	"MINERAL CA"	1	sand	graveled	500	1	20	15	5	100	5	40	inbare	ft
WR	wepp-19533	"04:57 pm  Monday January 14, 2013"	"MINERAL CA"	30	sand	native	200	1	13	15	50	130	25	40	inveg	ft
WR	wepp-19553	"04:57 pm  Monday January 14, 2013"	"MINERAL CA"	30	sand	graveled	200	1	13	15	50	130	25	40	inveg	ft
WR	wepp-19573	"04:58 pm  Monday January 14, 2013"	"MINERAL CA"	30	sand	graveled	200	1	13	15	50	130	25	40	outunrut	ft
WR	wepp-19672	"05:04 pm  Monday January 14, 2013"	"MINERAL CA"	30	sand	native	200	1	13	15	50	130	25	40	inbare	ft
WR	wepp-19719	"05:05 pm  Monday January 14, 2013"	"MINERAL CA"	30	sand	native	300	1	20	15	50	130	25	40	inbare	ft
WR	wepp-19738	"05:06 pm  Monday January 14, 2013"	"MINERAL CA"	30	sand	graveled	300	1	20	15	50	130	25	40	outunrut	ft
WR	wepp-19758	"05:08 pm  Monday January 14, 2013"	"MINERAL CA"	30	sand	graveled	300	3	20	15	50	130	25	40	outunrut	ft
WR	wepp-19779	"05:08 pm  Monday January 14, 2013"	"MINERAL CA"	30	sand	native	300	3	20	15	50	130	25	40	inbare	ft
WR	wepp-19828	"05:10 pm  Monday January 14, 2013"	"MINERAL CA"	30	sand	native	300	3	20	15	50	130	25	20	inbare	ft
WR	wepp-19849	"05:13 pm  Monday January 14, 2013"	"MINERAL CA"	30	sand	native	300	3	20	15	50	100	30	10	inbare	ft
WR	wepp-19870	"05:13 pm  Monday January 14, 2013"	"MINERAL CA"	30	sand	graveled	300	3	20	15	50	100	30	10	outunrut	ft
WR	wepp-19937	"05:15 pm  Monday January 14, 2013"	"MINERAL CA"	30	sand	graveled	300	3	20	100	50	20	30	10	inbare	ft
WR	wepp-19958	"05:17 pm  Monday January 14, 2013"	"MINERAL CA"	30	sand	native	300	3	20	100	50	1	30	10	inbare	ft
WR	wepp-19980	"05:18 pm  Monday January 14, 2013"	"MINERAL CA"	30	sand	graveled	300	3	20	100	50	1	30	10	outunrut	ft
WE	wepp-30588	"09:48 am  Monday May 6, 2013"	"MINERAL CA"	sand	20	forest	0	50	30	800	m			ft
WE	wepp-9303	"10:18 am  Monday May 13, 2013"	"MINERAL CA"	sand	20	forest	0	50	30	300	m			ft
WE	wepp-10408	"12:05 pm  Monday May 13, 2013"	"CHICO EXP STA CA +"	sand	20	forest	0	50	30	300	l			ft
WE	wepp-10721	"12:41 pm  Monday May 13, 2013"	"CHICO EXP STA CA +"	sand	30	chap	30	60	25	800	m	40	40	ft
WE	wepp-10837	"12:47 pm  Monday May 13, 2013"	"CHICO EXP STA CA +"	sand	30	forest	30	60	25	800	m			ft
WE	wepp-11039	"01:00 pm  Monday May 13, 2013"	"CHICO EXP STA CA +"	sand	30	chap	60	60	60	1000	m	40	40	ft
WE	wepp-11199	"01:11 pm  Monday May 13, 2013"	"CHICO EXP STA CA +"	sand	30	forest	45	45	45	1000	m			ft
WE	wepp-11697	"02:00 pm  Monday May 13, 2013"	"CHICO EXP STA CA +"	sand	30	forest	45	45	45	1000	l			ft
WE	wepp-16773	"05:58 pm  Monday May 13, 2013"	"CHICO EXP STA CA +"	sand	30	forest	45	45	45	1000	m			ft
WE	wepp-25363	"10:28 am  Tuesday May 14, 2013"	"CHICO EXP STA CA +"	sand	20	forest	0	50	30	300	m			ft
WE	wepp-25502	"10:33 am  Tuesday May 14, 2013"	"Actual CHICO EXP STA CA +"	sand	20	forest	0	50	30	300	m			ft
WE	wepp-25675	"10:38 am  Tuesday May 14, 2013"	"CHICO EXP STA CA 2 +"	sand	20	forest	0	50	30	300	m			ft
WE	wepp-25760	"10:42 am  Tuesday May 14, 2013"	"CHICO EXP STA CA 3 +"	sand	20	forest	0	50	30	300	m			ft
WE	wepp-25889	"10:45 am  Tuesday May 14, 2013"	""	sand	20	forest	0	50	30	300	m			ft
WE	wepp-25897	"10:45 am  Tuesday May 14, 2013"	""	sand	20	forest	0	50	30	300	m			ft
WR	wepp-17700	"10:09 am  Wednesday July 31, 2013"	"MINERAL CA"	30	sand	native	200	4	15	15	50	130	25	20	inbare	ft
WR	wepp-17721	"10:10 am  Wednesday July 31, 2013"	"MINERAL CA"	1	sand	native	200	4	15	15	50	130	25	20	inbare	ft
WR	wepp-18533	"11:09 am  Wednesday July 31, 2013"	"MINERAL CA"	1	sand	graveled	1000	5.5	20	15	50	25	35	30	inbare	ft
WR	wepp-18553	"11:11 am  Wednesday July 31, 2013"	"MINERAL CA"	1	sand	graveled	1000	5.5	20	15	50	25	35	30	inveg	ft
WR	wepp-18601	"11:14 am  Wednesday July 31, 2013"	"MINERAL CA"	1	sand	graveled	1000	5.5	20	15	50	25	35	30	outunrut	ft
WR	wepp-19341	"11:57 am  Wednesday July 31, 2013"	"MINERAL CA"	30	sand	graveled	200	5.5	20	15	50	25	35	20	inbare	ft
WR	wepp-19361	"11:58 am  Wednesday July 31, 2013"	"MINERAL CA"	30	sand	graveled	200	5.5	20	15	50	25	35	20	inbare	ft
WR	wepp-19491	"12:03 pm  Wednesday July 31, 2013"	"MINERAL CA"	1	sand	graveled	200	5.5	20	15	50	25	35	20	inbare	ft
WR	wepp-19628	"12:11 pm  Wednesday July 31, 2013"	"MINERAL CA"	1	sand	graveled	1000	5.5	20	15	50	25	35	30	inbare	ft
WR	wepp-19652	"12:12 pm  Wednesday July 31, 2013"	"MINERAL CA"	1	sand	graveled	100	5.5	20	15	50	25	35	30	inbare	ft
WR	wepp-19848	"12:21 pm  Wednesday July 31, 2013"	"MINERAL CA"	1	sand	native	200	8	25	15	50	25	35	30	inbare	ft
WR	wepp-20479	"12:41 pm  Wednesday July 31, 2013"	"MINERAL CA"	30	sand	native	1000	4	20	15	50	130	25	30	inbare	ft
WR	wepp-20592	"12:42 pm  Wednesday July 31, 2013"	"MINERAL CA"	30	sand	native	1000	4	20	15	50	130	25	30	outunrut	ft
WR	wepp-20640	"12:43 pm  Wednesday July 31, 2013"	"MINERAL CA"	1	sand	native	1000	4	20	15	50	130	25	30	outunrut	ft
WR	wepp-20661	"12:43 pm  Wednesday July 31, 2013"	"MINERAL CA"	1	sand	native	1000	4	20	15	50	130	25	30	inbare	ft
WR	wepp-20681	"12:44 pm  Wednesday July 31, 2013"	"MINERAL CA"	1	sand	native	1000	4	20	15	50	130	25	30	inbare	ft
WR	wepp-20701	"12:44 pm  Wednesday July 31, 2013"	"MINERAL CA"	1	sand	native	1000	4	20	15	50	130	25	30	inbare	ft
WR	wepp-21049	"01:02 pm  Wednesday July 31, 2013"	"MINERAL CA"	1	sand	native	1000	7	13	15	50	130	25	30	inbare	ft
WR	wepp-21068	"01:02 pm  Wednesday July 31, 2013"	"MINERAL CA"	1	sand	native	1000	7	20	15	50	130	25	30	inbare	ft
WR	wepp-21088	"01:02 pm  Wednesday July 31, 2013"	"MINERAL CA"	1	sand	native	1000	7	20	15	50	130	25	30	outunrut	ft
WR	wepp-21164	"01:07 pm  Wednesday July 31, 2013"	"MINERAL CA"	1	sand	native	200	8	20	15	50	130	25	30	inbare	ft
WR	wepp-21218	"01:08 pm  Wednesday July 31, 2013"	"MINERAL CA"	1	sand	native	1000	2	20	15	50	130	25	30	inbare	ft
WR	wepp-21239	"01:09 pm  Wednesday July 31, 2013"	"MINERAL CA"	1	sand	native	1000	2	20	15	50	130	25	30	outunrut	ft
WR	wepp-21274	"01:12 pm  Wednesday July 31, 2013"	"MINERAL CA"	1	sand	native	1000	4.5	20	15	50	130	25	30	inbare	ft
WR	wepp-21294	"01:13 pm  Wednesday July 31, 2013"	"MINERAL CA"	1	sand	native	1000	4.5	20	15	50	130	25	30	outunrut	ft
