WR	wepp-218200	"03:18 pm  Thursday January 8, 2015"	"MOUNT SHASTA CA"	30	sand	native	200	4	15	15	50	10	25	20	inbare	ft
WR	wepp-218319	"03:22 pm  Thursday January 8, 2015"	"MOUNT SHASTA CA"	10	sand	native	200	4	15	15	50	10	25	20	inbare	ft
WD	wepp-218488	"03:31 pm  Thursday January 8, 2015"	"MOUNT SHASTA CA"	10	sand	OldForest	50	0	30	100	20	OldForest	50	30	5	80	20	0	ft	""
WD	wepp-218528	"03:33 pm  Thursday January 8, 2015"	"MOUNT SHASTA CA"	30	sand	YoungForest	50	0	30	100	20	YoungForest	50	30	5	70	20	0	ft	""
WD	wepp-218566	"03:34 pm  Thursday January 8, 2015"	"MOUNT SHASTA CA"	30	sand	YoungForest	50	0	30	100	20	YoungForest	50	30	5	100	20	0	ft	""
WD	wepp-219137	"04:18 pm  Thursday January 8, 2015"	"MOUNT SHASTA CA"	30	sand	Shrub	50	0	30	80	20	Shrub	50	30	5	80	20	0	ft	""
WR	wepp-151576	"04:50 pm  Thursday January 29, 2015"	"MOUNT SHASTA CA"	30	sand	native	200	4	15	15	50	10	25	35	inbare	ft
WD	wepp-151770	"04:54 pm  Thursday January 29, 2015"	"MOUNT SHASTA CA"	10	clay	YoungForest	300	20	60	100	30	Shrub	300	30	5	80	35	0	ft	""
WR	wepp-151932	"04:57 pm  Thursday January 29, 2015"	"MOUNT SHASTA CA"	10	sand	native	200	4	15	15	50	10	25	30	inbare	ft
WR	wepp-151984	"04:57 pm  Thursday January 29, 2015"	"MOUNT SHASTA CA"	30	sand	native	200	4	15	15	50	10	25	30	inbare	ft
WD	wepp-153752	"05:41 pm  Thursday January 29, 2015"	"MOUNT SHASTA CA"	30	sand	YoungForest	300	15	60	100	30	Shrub	300	15	50	80	35	0	ft	""
WD	wepp-154047	"05:48 pm  Thursday January 29, 2015"	"MOUNT SHASTA CA"	30	sand	LowFire	300	15	60	85	30	LowFire	300	15	50	85	35	0	ft	""
WD	wepp-154128	"05:49 pm  Thursday January 29, 2015"	"MOUNT SHASTA CA"	30	sand	LowFire	300	15	60	85	30	LowFire	300	15	50	85	35	0	ft	""
WF	wepp-190386	"09:28 am  Friday January 30, 2015"	"MOUNT SHASTA CA"	silt	200	50	10	50	20	40	5	20	4	ft
WR	wepp-194702	"10:54 am  Friday January 30, 2015"	"NEVADA CITY CA +"	30	clay	native	200	4	13	15	50	130	25	20	inveg	ft
WF	wepp-197000	"11:50 am  Friday January 30, 2015"	"E. MENDOCINO/ NEVADA CITY CA +"	sand	200	30	10	45	15	40	10	40	4	ft
WD	wepp-197626	"12:01 pm  Friday January 30, 2015"	"E. MENDOCINO/ NEVADA CITY CA +"	10	sand	YoungForest	300	15	60	100	30	Shrub	300	15	50	80	35	0	ft	""
WD	wepp-197720	"12:02 pm  Friday January 30, 2015"	"E. MENDOCINO/ NEVADA CITY CA +"	30	sand	YoungForest	300	15	60	100	30	Shrub	300	15	50	80	35	0	ft	""
WD	wepp-198024	"12:13 pm  Friday January 30, 2015"	"E. MENDOCINO/ NEVADA CITY CA +"	30	sand	YoungForest	300	15	60	55	30	Shrub	300	15	50	55	35	0	ft	""
WD	wepp-198387	"12:27 pm  Friday January 30, 2015"	"E. MENDOCINO/ NEVADA CITY CA +"	30	sand	YoungForest	200	15	60	55	30	Shrub	200	15	50	55	35	0	ft	""
WD	wepp-198536	"12:32 pm  Friday January 30, 2015"	"E. MENDOCINO/ NEVADA CITY CA +"	30	sand	YoungForest	200	0	30	100	20	Shrub	200	30	5	100	20	0	ft	""
WD	wepp-198640	"12:35 pm  Friday January 30, 2015"	"E. MENDOCINO/ NEVADA CITY CA +"	30	sand	YoungForest	50	0	30	100	20	Shrub	50	30	5	80	20	0	ft	""
WD	wepp-198718	"12:37 pm  Friday January 30, 2015"	"E. MENDOCINO/ NEVADA CITY CA +"	30	sand	YoungForest	200	15	60	100	30	Shrub	200	15	50	80	35	0	ft	""
WD	wepp-198848	"12:41 pm  Friday January 30, 2015"	"E. MENDOCINO/ NEVADA CITY CA +"	30	sand	YoungForest	200	15	60	55	30	Shrub	200	15	50	55	35	0	ft	""
WF	wepp-199335	"12:58 pm  Friday January 30, 2015"	"E. MENDOCINO/ NEVADA CITY CA +"	silt	200	30	15	45	15	40	10	40	4	ft
WF	wepp-199439	"12:59 pm  Friday January 30, 2015"	"E. MENDOCINO/ NEVADA CITY CA +"	silt	200	30	15	45	15	40	10	40	4	ft
WD	wepp-199590	"01:02 pm  Friday January 30, 2015"	"E. MENDOCINO/ NEVADA CITY CA +"	10	sand	HighFire	200	15	60	45	30	HighFire	200	15	50	45	30	0	ft	""
WD	wepp-199634	"01:02 pm  Friday January 30, 2015"	"E. MENDOCINO/ NEVADA CITY CA +"	50	sand	HighFire	200	15	60	45	30	HighFire	200	15	50	45	30	0	ft	""
WD	wepp-199688	"01:03 pm  Friday January 30, 2015"	"E. MENDOCINO/ NEVADA CITY CA +"	30	sand	HighFire	50	0	30	100	20	HighFire	50	30	5	100	20	0	ft	""
WD	wepp-199737	"01:03 pm  Friday January 30, 2015"	"E. MENDOCINO/ NEVADA CITY CA +"	30	sand	HighFire	50	0	30	100	20	HighFire	50	30	5	100	20	0	ft	""
WD	wepp-199794	"01:04 pm  Friday January 30, 2015"	"E. MENDOCINO/ NEVADA CITY CA +"	30	sand	HighFire	50	0	30	45	30	HighFire	50	30	5	45	35	0	ft	""
WD	wepp-199861	"01:05 pm  Friday January 30, 2015"	"E. MENDOCINO/ NEVADA CITY CA +"	50	sand	HighFire	50	0	30	45	30	HighFire	50	30	5	45	35	0	ft	""
WD	wepp-199920	"01:06 pm  Friday January 30, 2015"	"E. MENDOCINO/ NEVADA CITY CA +"	50	sand	HighFire	50	15	60	45	30	HighFire	50	15	50	45	35	0	ft	""
WD	wepp-200116	"01:13 pm  Friday January 30, 2015"	"E. MENDOCINO/ NEVADA CITY CA +"	50	sand	HighFire	200	15	60	5	35	HighFire	200	15	50	45	30	0	ft	""
WD	wepp-200160	"01:13 pm  Friday January 30, 2015"	"E. MENDOCINO/ NEVADA CITY CA +"	30	sand	HighFire	200	0	30	5	35	HighFire	200	30	5	100	30	0	ft	""
WD	wepp-200221	"01:14 pm  Friday January 30, 2015"	"E. MENDOCINO/ NEVADA CITY CA +"	50	sand	HighFire	50	0	30	100	20	HighFire	50	30	5	100	20	0	ft	""
WD	wepp-200296	"01:16 pm  Friday January 30, 2015"	"E. MENDOCINO/ NEVADA CITY CA +"	50	sand	HighFire	200	15	60	10	35	HighFire	200	15	50	10	30	0	ft	""
WD	wepp-200345	"01:16 pm  Friday January 30, 2015"	"E. MENDOCINO/ NEVADA CITY CA +"	30	sand	HighFire	200	15	60	10	35	HighFire	200	15	50	10	30	0	ft	""
WD	wepp-200404	"01:17 pm  Friday January 30, 2015"	"E. MENDOCINO/ NEVADA CITY CA +"	30	sand	HighFire	200	15	60	25	30	HighFire	200	15	50	0	35	0	ft	""
WF	wepp-201762	"02:01 pm  Friday January 30, 2015"	"E. MENDOCINO/ NEVADA CITY CA +"	sand	200	30	15	45	15	40	10	20	4	ft
WD	wepp-27803	"08:10 am  Monday February 2, 2015"	"E. MENDOCINO/ NEVADA CITY CA +"	10	sand	LowFire	200	15	60	70	30	LowFire	200	15	50	70	35	0	ft	""
WD	wepp-27891	"08:12 am  Monday February 2, 2015"	"E. MENDOCINO/ NEVADA CITY CA +"	30	sand	LowFire	200	15	60	70	30	LowFire	200	15	50	70	35	0	ft	""
WD	wepp-28371	"08:30 am  Monday February 2, 2015"	"EAST PARK RES CA / PATTON MILL +"	10	silt	YoungForest	200	15	60	100	30	Shrub	200	15	50	80	35	0	ft	""
WD	wepp-28414	"08:31 am  Monday February 2, 2015"	"EAST PARK RES CA / PATTON MILL +"	30	silt	YoungForest	200	15	60	100	30	Shrub	200	15	50	80	35	0	ft	""
WD	wepp-28843	"08:54 am  Monday February 2, 2015"	"EAST PARK RES CA / PATTON MILL +"	30	clay	LowFire	200	15	60	55	30	LowFire	200	15	50	55	35	0	ft	""
WD	wepp-28885	"08:55 am  Monday February 2, 2015"	"EAST PARK RES CA / PATTON MILL +"	30	sand	LowFire	200	15	60	55	30	LowFire	200	15	50	55	35	0	ft	""
WD	wepp-29151	"08:57 am  Monday February 2, 2015"	"EAST PARK RES CA / PATTON MILL +"	30	sand	LowFire	200	15	60	70	30	LowFire	200	15	50	70	35	0	ft	""
WD	wepp-29237	"08:59 am  Monday February 2, 2015"	"EAST PARK RES CA / PATTON MILL +"	30	sand	HighFire	200	15	60	25	30	HighFire	200	15	50	0	35	0	ft	""
WF	wepp-29329	"09:06 am  Monday February 2, 2015"	"EAST PARK RES CA / PATTON MILL +"	sand	200	50	15	15	15	40	10	20	4	ft
WD	wepp-29508	"09:14 am  Monday February 2, 2015"	"EAST PARK RES CA / PATTON MILL +"	10	clay	OldForest	50	0	30	100	20	OldForest	50	30	5	100	20	0	ft	""
WD	wepp-29565	"09:16 am  Monday February 2, 2015"	"EAST PARK RES CA / PATTON MILL +"	10	clay	YoungForest	30	0	30	100	30	Shrub	30	30	5	80	35	0	ft	""
WD	wepp-29603	"09:16 am  Monday February 2, 2015"	"EAST PARK RES CA / PATTON MILL +"	30	clay	YoungForest	30	0	30	100	30	Shrub	30	30	5	80	35	0	ft	""
WD	wepp-117333	"10:41 am  Tuesday July 14, 2015"	"EAST PARK RES CA"	10	sand	Skid	1200	25	50	0	45	Shrub	1200	25	50	50	45	0	ft	""
WD	wepp-117450	"10:44 am  Tuesday July 14, 2015"	"EAST PARK RES CA"	10	sand	Skid	1200	25	50	0	45	Skid	1200	25	50	0	45	0	ft	""
WD	wepp-117535	"10:45 am  Tuesday July 14, 2015"	"EAST PARK RES CA"	10	sand	Skid	1200	40	50	0	45	Skid	1200	40	50	0	45	0	ft	""
WD	wepp-117601	"10:47 am  Tuesday July 14, 2015"	"EAST PARK RES CA"	25	sand	Skid	1200	40	50	0	45	Skid	1200	40	50	0	45	0	ft	"Trail 1 Current Condition"
WD	wepp-119586	"11:21 am  Tuesday July 14, 2015"	"EAST PARK RES CA"	25	sand	Shrub	1200	40	50	80	45	Shrub	1200	40	50	80	45	0	ft	"Trail 1 Current Condition"
WD	wepp-120200	"11:32 am  Tuesday July 14, 2015"	"EAST PARK RES CA"	25	sand	Shrub	750	25	45	80	45	Shrub	750	35	23	80	45	0	ft	"Trail 1 Current Condition"
WD	wepp-120495	"11:36 am  Tuesday July 14, 2015"	"EAST PARK RES CA"	25	sand	Shrub	750	25	45	80	45	Shrub	750	45	23	80	45	0	ft	"Trail 1 Current Condition"
WD	wepp-123701	"12:30 pm  Tuesday July 14, 2015"	"EAST PARK RES CA"	25	sand	Shrub	720	23	51	80	45	Shrub	700	51	34	80	45	0	ft	"Trail 1 Current Condition"
WD	wepp-123757	"12:31 pm  Tuesday July 14, 2015"	"EAST PARK RES CA"	25	sand	Shrub	720	23	51	80	45	Shrub	700	51	34	80	45	0	ft	"Trail 1 Current Condition"
WD	wepp-123964	"12:36 pm  Tuesday July 14, 2015"	"EAST PARK RES CA"	25	sand	Skid	720	23	51	0	45	Skid	700	51	34	0	45	0	ft	"Trail 1 Current Condition"
WD	wepp-124104	"12:39 pm  Tuesday July 14, 2015"	"EAST PARK RES CA"	25	sand	Skid	720	23	51	0	45	Skid	700	51	34	0	45	0	ft	"Trail 1 Current Condition"
WD	wepp-153271	"02:14 pm  Wednesday July 15, 2015"	"EAST PARK RES CA / WHISKEY +"	25	sand	YoungForest	650	24	25	100	30	YoungForest	520	31	29	100	30	0	ft	"Whiskey Shaded Break Seg 1 Run 1"
WD	wepp-153447	"02:24 pm  Wednesday July 15, 2015"	"EAST PARK RES CA / WHISKEY +"	10	clay	LowFire	650	24	25	85	30	LowFire	520	31	29	85	30	0	ft	"Whiskey Shaded Fuel Break Seg 1 Run 2"
WD	wepp-153493	"02:25 pm  Wednesday July 15, 2015"	"EAST PARK RES CA / WHISKEY +"	25	clay	LowFire	650	24	25	85	30	LowFire	520	31	29	85	30	0	ft	"Whiskey Shaded Fuel Break Seg 1 Run 2"
WD	wepp-153538	"02:28 pm  Wednesday July 15, 2015"	"EAST PARK RES CA / WHISKEY +"	25	clay	LowFire	1140	24	32	85	30	YoungForest	30	32	29	100	30	0	ft	"Whiskey Shaded Fuel Break Seg 1 Run 2"
WD	wepp-153587	"02:29 pm  Wednesday July 15, 2015"	"EAST PARK RES CA / WHISKEY +"	25	clay	LowFire	500	24	32	85	30	YoungForest	500	32	29	100	30	0	ft	"Whiskey Shaded Fuel Break Seg 1 Run 2"
WD	wepp-153670	"02:30 pm  Wednesday July 15, 2015"	"EAST PARK RES CA / WHISKEY +"	25	clay	LowFire	900	24	32	85	30	YoungForest	100	32	29	100	30	0	ft	"Whiskey Shaded Fuel Break Seg 1 Run 2"
WD	wepp-153708	"02:30 pm  Wednesday July 15, 2015"	"EAST PARK RES CA / WHISKEY +"	25	sand	LowFire	900	24	32	85	30	YoungForest	100	32	29	100	30	0	ft	"Whiskey Shaded Fuel Break Seg 1 Run 2"
WD	wepp-153752	"02:30 pm  Wednesday July 15, 2015"	"EAST PARK RES CA / WHISKEY +"	25	sand	LowFire	900	24	32	85	30	YoungForest	30	32	29	100	30	0	ft	"Whiskey Shaded Fuel Break Seg 1 Run 2"
WD	wepp-153816	"02:32 pm  Wednesday July 15, 2015"	"EAST PARK RES CA / WHISKEY +"	25	sand	LowFire	1140	24	32	85	30	YoungForest	30	32	29	100	30	0	ft	"Whiskey Shaded Fuel Break Seg 1 Run 2"
WD	wepp-153854	"02:34 pm  Wednesday July 15, 2015"	"EAST PARK RES CA / WHISKEY +"	25	sand	YoungForest	1140	24	32	100	30	YoungForest	30	32	29	100	30	0	ft	"Whiskey Shaded Fuel Break Seg 1 Run 2"
WD	wepp-153904	"02:36 pm  Wednesday July 15, 2015"	"EAST PARK RES CA / WHISKEY +"	25	sand	YoungForest	1140	24	32	100	30	YoungForest	30	32	29	100	30	0	ft	"Whiskey Shaded Fuel Break Seg 1 Run 1 (30' Buffer)"
WD	wepp-154027	"02:44 pm  Wednesday July 15, 2015"	"EAST PARK RES CA / WHISKEY +"	25	sand	LowFire	1140	24	32	85	30	YoungForest	30	32	29	100	30	0	ft	"Whiskey Shaded Fuel Break Seg 1 Run 2 (30' Buffer)"
WD	wepp-154103	"02:52 pm  Wednesday July 15, 2015"	"EAST PARK RES CA / WHISKEY +"	25	sand	LowFire	1070	24	32	85	30	YoungForest	100	32	29	100	30	0	ft	"Whiskey Shaded Fuel Break Seg 1 Run 3 (100' Buffer)"
WD	wepp-154377	"02:54 pm  Wednesday July 15, 2015"	"EAST PARK RES CA / WHISKEY +"	25	sand	LowFire	1070	24	32	85	30	YoungForest	100	32	29	100	30	0	ft	"Whiskey Shaded Fuel Break Seg 1 Run 3 (100' Buffer)"
WD	wepp-154444	"02:55 pm  Wednesday July 15, 2015"	"EAST PARK RES CA / WHISKEY +"	25	sand	LowFire	1070	0	30	100	20	YoungForest	100	30	5	100	20	0	ft	"Whiskey Shaded Fuel Break Seg 1 Run 3 (100' Buffer)"
WD	wepp-154578	"03:06 pm  Wednesday July 15, 2015"	"EAST PARK RES CA / WHISKEY +"	25	sand	LowFire	1070	24	32	85	30	OldForest	100	32	29	100	30	0	ft	"Whiskey Shaded Fuel Break Seg 1 Run 3 (100' Buffer)"
WD	wepp-154650	"03:09 pm  Wednesday July 15, 2015"	"EAST PARK RES CA / WHISKEY +"	25	sand	LowFire	1070	24	32	85	30	YoungForest	100	32	29	100	30	0	ft	"Whiskey Shaded Fuel Break Seg 1 Run 3 (100' Buffer)"
WD	wepp-154720	"03:10 pm  Wednesday July 15, 2015"	"EAST PARK RES CA / WHISKEY +"	25	sand	LowFire	1070	24	32	65	30	YoungForest	100	32	29	100	30	0	ft	"Whiskey Shaded Fuel Break Seg 1 Run 3 (100' Buffer)"
WD	wepp-154974	"03:31 pm  Wednesday July 15, 2015"	"EAST PARK RES CA / WHISKEY +"	25	sand	LowFire	1070	24	32	90	30	YoungForest	100	32	29	100	30	0	ft	"Whiskey Shaded Fuel Break Seg 1 Run 3 (100' Buffer)"
WD	wepp-155068	"03:35 pm  Wednesday July 15, 2015"	"EAST PARK RES CA / WHISKEY +"	25	sand	LowFire	1140	24	32	90	30	YoungForest	30	32	29	100	30	0	ft	"Whiskey Shaded Fuel Break Seg 1 Run 3 (100' Buffer)"
WD	wepp-155124	"03:37 pm  Wednesday July 15, 2015"	"EAST PARK RES CA / WHISKEY +"	25	sand	LowFire	1140	24	32	90	30	YoungForest	30	32	29	100	30	0	ft	"Whiskey Shaded Fuel Break Seg 1 Run 4 (100' Buffer)"
WD	wepp-155235	"03:42 pm  Wednesday July 15, 2015"	"EAST PARK RES CA / WHISKEY +"	25	sand	LowFire	1140	24	32	90	30	LowFire	30	32	29	85	30	0	ft	"Whiskey Shaded Fuel Break Seg 1 Run 4 (100' Buffer)"
WD	wepp-155273	"03:43 pm  Wednesday July 15, 2015"	"EAST PARK RES CA / WHISKEY +"	25	sand	LowFire	1070	24	32	90	30	LowFire	100	32	29	85	30	0	ft	"Whiskey Shaded Fuel Break Seg 1 Run 4 (100' Buffer)"
WD	wepp-155923	"04:17 pm  Wednesday July 15, 2015"	"EAST PARK RES CA / WHISKEY +"	25	sand	YoungForest	680	12	50	100	30	YoungForest	103	50	40	100	30	0	ft	"Whiskey Shaded Fuel Break Seg 2 Run 1 (Unburned)"
WD	wepp-156098	"04:26 pm  Wednesday July 15, 2015"	"EAST PARK RES CA / WHISKEY +"	25	sand	LowFire	680	12	50	90	30	YoungForest	103	50	40	100	30	0	ft	"Whiskey Shaded Fuel Break Seg 2 Run 1 (Unburned)"
WD	wepp-156135	"04:27 pm  Wednesday July 15, 2015"	"EAST PARK RES CA / WHISKEY +"	25	sand	LowFire	680	12	50	90	30	YoungForest	103	50	40	100	30	0	ft	"Whiskey Shaded Fuel Break Seg 2 Run 1 (103 ft Buffer)"
WD	wepp-156183	"04:29 pm  Wednesday July 15, 2015"	"EAST PARK RES CA / WHISKEY +"	25	sand	LowFire	680	12	50	90	30	LowFire	103	50	40	90	30	0	ft	"Whiskey Shaded Fuel Break Seg 2 Run 1 (103 ft Buffer)"
WD	wepp-156240	"04:30 pm  Wednesday July 15, 2015"	"EAST PARK RES CA / WHISKEY +"	25	sand	LowFire	680	12	50	90	30	LowFire	103	50	40	90	30	0	ft	"Whiskey Shaded Fuel Break Seg 2 Run 2 (103 ft Buffer)"
WD	wepp-156798	"04:55 pm  Wednesday July 15, 2015"	"EAST PARK RES CA / WHISKEY +"	25	sand	YoungForest	680	12	50	100	30	YoungForest	103	30	5	100	30	0	ft	""
WD	wepp-156875	"04:58 pm  Wednesday July 15, 2015"	"EAST PARK RES CA / WHISKEY +"	25	sand	LowFire	680	12	50	90	30	YoungForest	103	30	5	100	30	0	ft	""
WD	wepp-175038	"11:51 am  Thursday July 16, 2015"	"EAST PARK RES CA / WHISKEY +"	25	clay	YoungForest	651	37	29	100	30	YoungForest	50	29	33	100	20	0	ft	"Whiskey Shaded Break Seg 1 Run 1 (No Rx)"
WD	wepp-175097	"11:52 am  Thursday July 16, 2015"	"EAST PARK RES CA / WHISKEY +"	25	clay	YoungForest	651	37	29	100	30	YoungForest	170	29	33	100	20	0	ft	"Whiskey Shaded Break Seg 1 Run 1 (No Rx)"
WD	wepp-175200	"11:53 am  Thursday July 16, 2015"	"EAST PARK RES CA / WHISKEY +"	25	sand	YoungForest	461	37	29	100	30	YoungForest	400	29	33	100	30	0	ft	"Whiskey Shaded Break Seg 1 Run 1 (No Rx)"
WD	wepp-175250	"11:53 am  Thursday July 16, 2015"	"EAST PARK RES CA / WHISKEY +"	25	sand	YoungForest	691	37	29	100	30	YoungForest	170	29	33	100	30	0	ft	"Whiskey Shaded Break Seg 1 Run 1 (No Rx)"
WD	wepp-175364	"11:56 am  Thursday July 16, 2015"	"EAST PARK RES CA / WHISKEY +"	25	sand	LowFire	691	37	29	85	30	YoungForest	170	29	33	100	30	0	ft	"Whiskey Shaded Break Seg 1 Run 2 (bottom 170' outside of unit)"
WD	wepp-175456	"12:00 pm  Thursday July 16, 2015"	"EAST PARK RES CA / WHISKEY +"	25	sand	LowFire	691	37	29	90	30	YoungForest	170	29	33	100	30	0	ft	"Whiskey Shaded Break Seg 1 Run 2 (bottom 170' outside of unit)"
WD	wepp-176123	"12:32 pm  Thursday July 16, 2015"	"EAST PARK RES CA / WHISKEY +"	25	sand	LowFire	691	37	29	90	30	YoungForest	170	29	33	100	30	0	ft	"Whiskey Shaded Break Seg 1 Run 3 (bottom 170' outside of unit)"
WD	wepp-176324	"12:43 pm  Thursday July 16, 2015"	"EAST PARK RES CA / WHISKEY +"	25	sand	Shrub	565	15	40	80	30	YoungForest	70	40	57	100	30	0	ft	"Whiskey Shaded Break Seg 3 Run 1 (bottom 70' in 30' buffer))"
WD	wepp-176627	"01:04 pm  Thursday July 16, 2015"	"EAST PARK RES CA / WHISKEY +"	25	sand	YoungForest	565	15	40	100	30	YoungForest	70	40	57	100	30	0	ft	"Whiskey Shaded Break Seg 3 Run 1 (bottom 70' in 30' buffer))"
WD	wepp-176698	"01:06 pm  Thursday July 16, 2015"	"EAST PARK RES CA / WHISKEY +"	25	sand	LowFire	565	15	40	80	30	YoungForest	70	40	57	100	30	0	ft	"Whiskey Shaded Break Seg 3 Run 1 (bottom 70' in 30' buffer))"
WD	wepp-176787	"01:09 pm  Thursday July 16, 2015"	"EAST PARK RES CA / WHISKEY +"	25	sand	YoungForest	565	15	40	100	30	YoungForest	70	40	57	100	30	0	ft	"Whiskey Shaded Break Seg 3 Run 2 (bottom 70' in 30' buffer))"
WD	wepp-176838	"01:10 pm  Thursday July 16, 2015"	"EAST PARK RES CA / WHISKEY +"	25	sand	LowFire	565	15	40	80	30	YoungForest	70	40	57	100	30	0	ft	"Whiskey Shaded Break Seg 3 Run 3 (bottom 70' in 30' buffer))"
WR	wepp-146380	"01:06 pm  Thursday July 30, 2015"	"UKIAH CA"	30	sand	native	200	4	20	15	50	130	25	20	inveg	ft
WR	wepp-147083	"01:21 pm  Thursday July 30, 2015"	"UKIAH CA"	30	sand	native	520	2	17	15	40	40	20	30	inveg	ft
WR	wepp-147246	"01:24 pm  Thursday July 30, 2015"	"UKIAH CA"	30	sand	native	134	2	17	15	40	40	20	30	inbare	ft
WR	wepp-147564	"01:35 pm  Thursday July 30, 2015"	"UKIAH CA"	30	sand	native	134	4	13	15	50	130	25	20	inbare	ft
WR	wepp-147779	"01:42 pm  Thursday July 30, 2015"	"UKIAH CA"	30	sand	native	200	4	13	15	50	130	25	20	inbare	ft
WR	wepp-147817	"01:42 pm  Thursday July 30, 2015"	"UKIAH CA"	30	sand	native	200	4	13	15	50	130	25	20	inbare	ft
WR	wepp-148382	"01:58 pm  Thursday July 30, 2015"	"UKIAH CA"	30	sand	native	200	4	13	15	50	130	25	30	inbare	ft
WR	wepp-157108	"04:12 pm  Thursday July 30, 2015"	"UKIAH CA"	30	sand	native	200	4	17	25	50	530	40	35	inbare	ft
WR	wepp-157152	"04:14 pm  Thursday July 30, 2015"	"UKIAH CA"	30	sand	native	200	4	17	25	50	530	40	35	inveg	ft
WR	wepp-157202	"04:15 pm  Thursday July 30, 2015"	"UKIAH CA"	30	sand	native	530	2	17	25	50	40	20	35	inveg	ft
WR	wepp-157244	"04:17 pm  Thursday July 30, 2015"	"UKIAH CA"	30	sand	native	203	2	17	25	50	40	20	35	inveg	ft
WR	wepp-159855	"05:30 pm  Thursday July 30, 2015"	"UKIAH CA"	30	sand	native	528	1	17	15	25	40	20	35	inveg	ft
WR	wepp-160104	"05:34 pm  Thursday July 30, 2015"	"UKIAH CA"	30	sand	native	212	4	17	15	50	40	25	20	inbare	ft
WR	wepp-160765	"05:46 pm  Thursday July 30, 2015"	"UKIAH CA"	30	sand	native	200	4	17	15	50	40	25	30	inbare	ft
WR	wepp-160910	"05:49 pm  Thursday July 30, 2015"	"UKIAH CA"	30	sand	native	1000	4	17	25	50	40	40	30	inveg	ft
WR	wepp-161112	"05:51 pm  Thursday July 30, 2015"	"UKIAH CA"	30	sand	native	351	4	17	25	50	40	40	20	inveg	ft
WR	wepp-161513	"05:54 pm  Thursday July 30, 2015"	"UKIAH CA"	30	sand	native	500	4	17	25	50	40	25	30	inveg	ft
WR	wepp-161619	"05:55 pm  Thursday July 30, 2015"	"UKIAH CA"	30	sand	native	351	4	17	25	50	40	25	30	inveg	ft
WR	wepp-161815	"05:58 pm  Thursday July 30, 2015"	"UKIAH CA"	30	sand	native	212	1	17	15	25	40	20	35	inveg	ft
WR	wepp-70386	"02:42 pm  Monday August 3, 2015"	"UKIAH CA"	30	sand	native	528	4	17	40	50	40	20	20	inveg	ft
WR	wepp-70424	"02:44 pm  Monday August 3, 2015"	"UKIAH CA"	30	sand	native	528	4	17	40	50	40	20	35	inveg	ft
WR	wepp-70510	"02:47 pm  Monday August 3, 2015"	"UKIAH CA"	30	sand	native	188	4	17	40	50	40	20	35	inbare	ft
WR	wepp-70562	"02:50 pm  Monday August 3, 2015"	"UKIAH CA"	30	sand	native	188	4	17	30	50	40	25	20	inbare	ft
WR	wepp-70600	"02:51 pm  Monday August 3, 2015"	"UKIAH CA"	30	sand	native	188	4	17	30	50	40	25	35	inbare	ft
WR	wepp-70845	"02:53 pm  Monday August 3, 2015"	"UKIAH CA"	30	sand	native	528	2	17	25	50	40	25	35	inbare	ft
WR	wepp-70886	"02:54 pm  Monday August 3, 2015"	"UKIAH CA"	30	sand	native	528	2	17	25	50	40	25	35	inbare	ft
WR	wepp-71117	"03:02 pm  Monday August 3, 2015"	"UKIAH CA"	30	sand	native	189	2	17	25	50	130	25	35	inbare	ft
WR	wepp-73061	"04:15 pm  Monday August 3, 2015"	"EAST PARK RES CA"	30	clay	native	528	4	17	25	50	40	25	35	inveg	ft
WR	wepp-73108	"04:17 pm  Monday August 3, 2015"	"UKIAH CA"	30	clay	native	528	4	17	25	50	40	25	35	inveg	ft
WR	wepp-73173	"04:18 pm  Monday August 3, 2015"	"UKIAH CA"	30	sand	native	528	4	17	25	50	40	25	35	inveg	ft
WR	wepp-73321	"04:25 pm  Monday August 3, 2015"	"UKIAH CA"	30	sand	native	174	4	17	25	50	40	25	35	inveg	ft
WR	wepp-76309	"07:17 pm  Monday August 3, 2015"	"UKIAH CA"	30	sand	native	528	2	17	25	50	40	25	35	inveg	ft
WR	wepp-76381	"07:19 pm  Monday August 3, 2015"	"UKIAH CA"	30	sand	native	189	2	13	15	50	130	25	20	outunrut	ft
WR	wepp-76429	"07:20 pm  Monday August 3, 2015"	"UKIAH CA"	30	sand	native	189	2	13	15	50	130	25	20	outunrut	ft
WR	wepp-76486	"07:20 pm  Monday August 3, 2015"	"UKIAH CA"	30	sand	native	528	2	13	15	50	130	25	20	inveg	ft
WR	wepp-76540	"07:21 pm  Monday August 3, 2015"	"UKIAH CA"	30	sand	native	528	2	13	15	50	130	25	20	inveg	ft
WR	wepp-76581	"07:21 pm  Monday August 3, 2015"	"UKIAH CA"	30	sand	native	528	2	17	15	50	130	25	35	inveg	ft
WR	wepp-76634	"07:22 pm  Monday August 3, 2015"	"UKIAH CA"	30	sand	native	528	2	17	25	50	40	25	35	inveg	ft
WR	wepp-76683	"07:23 pm  Monday August 3, 2015"	"UKIAH CA"	30	sand	native	189	2	17	25	50	40	25	35	inveg	ft
WR	wepp-77245	"07:46 pm  Monday August 3, 2015"	"UKIAH CA"	30	sand	native	500	4	17	25	50	40	25	35	inveg	ft
WR	wepp-77350	"07:48 pm  Monday August 3, 2015"	"UKIAH CA"	30	sand	native	377	4	17	25	50	40	25	35	inveg	ft
WR	wepp-77912	"08:02 pm  Monday August 3, 2015"	"UKIAH CA"	30	sand	native	528	4	17	25	50	40	25	35	inveg	ft
WR	wepp-77962	"08:03 pm  Monday August 3, 2015"	"UKIAH CA"	30	sand	native	528	4	17	25	50	40	25	35	inveg	ft
WR	wepp-127991	"08:26 am  Wednesday August 5, 2015"	"UKIAH CA"	30	clay	native	189	2	17	25	50	40	25	35	inveg	ft
WR	wepp-128031	"08:27 am  Wednesday August 5, 2015"	"UKIAH CA"	30	sand	native	189	2	17	25	50	40	25	35	inveg	ft
WR	wepp-151131	"05:06 pm  Wednesday August 5, 2015"	"EAST PARK RES CA"	30	sand	native	189	2	13	25	50	1000	25	25	inveg	ft
WR	wepp-151180	"05:07 pm  Wednesday August 5, 2015"	"UKIAH CA"	30	sand	native	189	2	13	25	50	1000	25	25	inveg	ft
WR	wepp-151243	"05:07 pm  Wednesday August 5, 2015"	"UKIAH CA"	30	sand	native	189	2	17	25	50	1000	25	35	inveg	ft
WR	wepp-151295	"05:08 pm  Wednesday August 5, 2015"	"UKIAH CA"	30	sand	native	189	2	17	25	50	1000	25	35	inveg	ft
WR	wepp-174493	"07:16 am  Thursday August 6, 2015"	"UKIAH CA"	30	sand	native	528	2	17	15	50	1000	25	35	outrut	ft
WR	wepp-174534	"07:17 am  Thursday August 6, 2015"	"UKIAH CA"	30	sand	native	528	2	17	15	50	1000	25	35	outunrut	ft
WD	wepp-130968	"08:17 am  Thursday November 5, 2015"	"EAST PARK RES CA / WHISKEY +"	10	sand	Skid	650	24	25	30	30	YoungForest	520	31	29	100	30	0	ft	""
WD	wepp-131008	"08:18 am  Thursday November 5, 2015"	"EAST PARK RES CA / WHISKEY +"	25	sand	Skid	650	24	25	30	30	YoungForest	520	31	29	100	30	0	ft	""
WD	wepp-131048	"08:18 am  Thursday November 5, 2015"	"EAST PARK RES CA / WHISKEY +"	25	sand	Skid	650	24	25	30	30	Skid	520	31	29	30	30	0	ft	""
WD	wepp-131656	"08:54 am  Thursday November 5, 2015"	"EAST PARK RES CA / WHISKEY +"	25	clay	Skid	100	24	25	30	30	Skid	50	31	29	10	30	0	ft	""
WD	wepp-131698	"08:54 am  Thursday November 5, 2015"	"EAST PARK RES CA / WHISKEY +"	25	sand	Skid	100	24	25	30	30	Skid	50	31	29	10	30	0	ft	""
WD	wepp-131749	"08:55 am  Thursday November 5, 2015"	"EAST PARK RES CA / WHISKEY +"	25	sand	Skid	50	24	25	30	30	Skid	50	31	29	10	30	0	ft	""
WD	wepp-131802	"08:57 am  Thursday November 5, 2015"	"EAST PARK RES CA / WHISKEY +"	25	sand	Skid	50	10	20	30	30	Skid	50	25	35	10	30	0	ft	""
WD	wepp-131841	"08:57 am  Thursday November 5, 2015"	"EAST PARK RES CA / WHISKEY +"	25	sand	Skid	50	5	10	30	30	Skid	50	10	25	10	30	0	ft	""
WD	wepp-131920	"09:00 am  Thursday November 5, 2015"	"EAST PARK RES CA / WHISKEY +"	25	sand	Skid	50	5	10	30	30	Skid	50	10	25	10	30	0	ft	"Skid Trails 50 ft between water bars lower slopes"
WD	wepp-132109	"09:10 am  Thursday November 5, 2015"	"EAST PARK RES CA / WHISKEY +"	25	sand	Skid	50	5	10	10	30	Skid	50	10	25	10	30	0	ft	"Skid Trails 50ft between waterbars low slopes 10% cover"
WD	wepp-132201	"09:15 am  Thursday November 5, 2015"	"EAST PARK RES CA / WHISKEY +"	25	sand	Skid	50	15	25	10	30	Skid	50	25	35	10	30	0	ft	"Skid Trails 50ft between waterbars low slopes 10% cover"
WD	wepp-132244	"09:15 am  Thursday November 5, 2015"	"EAST PARK RES CA / WHISKEY +"	25	sand	Skid	50	15	25	10	30	Skid	50	25	35	10	30	0	ft	"Skid Trails 50ft between waterbars high slopes 10% cover"
WD	wepp-132351	"09:20 am  Thursday November 5, 2015"	"EAST PARK RES CA / WHISKEY +"	25	sand	Skid	50	5	10	50	30	Skid	50	10	25	50	30	0	ft	"Skid Trails 50ft between waterbars high slopes 50% cover"
WD	wepp-132425	"09:23 am  Thursday November 5, 2015"	"EAST PARK RES CA / WHISKEY +"	25	sand	Skid	50	15	25	50	30	Skid	50	25	35	50	30	0	ft	"Skid Trails 50ft between waterbars high slopes 50% cover"
WR	wepp-132881	"09:45 am  Thursday November 5, 2015"	"EAST PARK RES CA / WHISKEY +"	30	sand	native	200	10	12	1	10	130	25	20	outunrut	ft
WR	wepp-132922	"09:45 am  Thursday November 5, 2015"	"EAST PARK RES CA / WHISKEY +"	25	sand	native	200	10	12	1	10	130	25	30	outunrut	ft
WR	wepp-132971	"09:47 am  Thursday November 5, 2015"	"EAST PARK RES CA / WHISKEY +"	25	sand	native	200	15	12	1	1	200	20	30	outunrut	ft
WR	wepp-133031	"09:48 am  Thursday November 5, 2015"	"EAST PARK RES CA / WHISKEY +"	30	sand	native	50	15	12	1	1	200	20	20	outunrut	ft
WR	wepp-133087	"09:49 am  Thursday November 5, 2015"	"EAST PARK RES CA / WHISKEY +"	30	sand	native	50	15	12	5	15	100	25	20	outunrut	ft
WR	wepp-133127	"09:49 am  Thursday November 5, 2015"	"EAST PARK RES CA / WHISKEY +"	30	sand	native	200	15	12	5	15	100	25	30	outunrut	ft
WR	wepp-133412	"09:51 am  Thursday November 5, 2015"	"EAST PARK RES CA / WHISKEY +"	25	sand	native	50	20	12	5	20	100	20	30	outunrut	ft
WR	wepp-133492	"09:54 am  Thursday November 5, 2015"	"EAST PARK RES CA / WHISKEY +"	25	sand	native	50	20	12	5	20	1	20	30	outunrut	ft
WR	wepp-133619	"10:01 am  Thursday November 5, 2015"	"EAST PARK RES CA / WHISKEY +"	25	sand	native	50	20	12	15	50	1	25	30	outunrut	ft
WR	wepp-133673	"10:02 am  Thursday November 5, 2015"	"EAST PARK RES CA / WHISKEY +"	25	sand	native	50	20	12	1	20	1	25	30	outunrut	ft
WR	wepp-133721	"10:03 am  Thursday November 5, 2015"	"EAST PARK RES CA / WHISKEY +"	25	sand	native	100	20	12	1	20	1	25	30	outunrut	ft
WR	wepp-133765	"10:04 am  Thursday November 5, 2015"	"EAST PARK RES CA / WHISKEY +"	25	sand	native	100	20	12	11	20	100	25	20	outunrut	ft
WD	wepp-133867	"10:07 am  Thursday November 5, 2015"	"EAST PARK RES CA / WHISKEY +"	10	sand	Skid	100	5	10	30	30	Skid	100	10	25	10	30	0	ft	""
WD	wepp-134107	"10:20 am  Thursday November 5, 2015"	"EAST PARK RES CA / WHISKEY +"	10	sand	Skid	100	5	10	10	30	Skid	100	10	25	10	30	0	ft	""
WD	wepp-134178	"10:22 am  Thursday November 5, 2015"	"EAST PARK RES CA / WHISKEY +"	10	sand	Skid	50	25	25	10	20	Skid	50	25	35	100	20	0	ft	""
WD	wepp-134231	"10:24 am  Thursday November 5, 2015"	"EAST PARK RES CA / WHISKEY +"	10	sand	Skid	100	25	25	30	30	Skid	100	25	35	10	30	0	ft	""
WD	wepp-134305	"10:27 am  Thursday November 5, 2015"	"EAST PARK RES CA / WHISKEY +"	10	sand	Skid	100	15	25	10	30	Skid	100	25	35	10	30	0	ft	""
WD	wepp-134412	"10:32 am  Thursday November 5, 2015"	"EAST PARK RES CA / WHISKEY +"	10	sand	Skid	50	15	25	50	30	Skid	50	25	35	50	30	0	ft	""
WD	wepp-134479	"10:34 am  Thursday November 5, 2015"	"EAST PARK RES CA / WHISKEY +"	10	sand	Skid	100	5	10	50	30	Skid	100	10	25	50	30	0	ft	""
WR	wepp-134885	"10:54 am  Thursday November 5, 2015"	"EAST PARK RES CA / WHISKEY +"	25	sand	native	100	20	12	1	20	100	25	30	inveg	ft
WR	wepp-134935	"10:55 am  Thursday November 5, 2015"	"EAST PARK RES CA / WHISKEY +"	25	sand	native	100	20	12	1	20	100	25	30	outrut	ft
WR	wepp-134973	"10:55 am  Thursday November 5, 2015"	"EAST PARK RES CA / WHISKEY +"	25	sand	native	100	20	12	1	20	100	25	30	outunrut	ft
WR	wepp-135169	"11:06 am  Thursday November 5, 2015"	"EAST PARK RES CA / WHISKEY +"	25	sand	native	100	20	12	1	20	150	45	20	outunrut	ft
WR	wepp-135219	"11:07 am  Thursday November 5, 2015"	"EAST PARK RES CA / WHISKEY +"	25	sand	native	100	20	12	1	20	200	45	20	outunrut	ft
WR	wepp-135265	"11:08 am  Thursday November 5, 2015"	"EAST PARK RES CA / WHISKEY +"	25	sand	native	100	20	12	1	20	1	45	20	outunrut	ft
