WE	wepp-7576	"09:42 am  Wednesday September 19, 2018"	"Watson Ck + +"	sand	15	forest	20	50	30	1000	u			ft
WE	wepp-7733	"09:43 am  Wednesday September 19, 2018"	"Watson Ck + +"	sand	15	forest	20	50	30	1000	l			ft
WE	wepp-8073	"09:47 am  Wednesday September 19, 2018"	"Watson Ck + +"	sand	20	forest	0	50	30	300	l			ft
WE	wepp-8477	"09:49 am  Wednesday September 19, 2018"	"Watson Ck + +"	sand	20	forest	10	50	30	800	l			ft
WE	wepp-9254	"09:53 am  Wednesday September 19, 2018"	"Watson Ck + +"	sand	20	forest	10	50	30	800	m			ft
WE	wepp-9550	"09:55 am  Wednesday September 19, 2018"	"Watson Ck + +"	sand	15	forest	10	50	30	800	h			ft
WE	wepp-10265	"09:56 am  Wednesday September 19, 2018"	"Watson Ck + +"	sand	15	forest	10	50	30	800	m			ft
WE	wepp-11359	"09:59 am  Wednesday September 19, 2018"	"Watson Ck + +"	sand	15	forest	10	50	30	800	l			ft
WE	wepp-12165	"10:06 am  Wednesday September 19, 2018"	"Watson Ck + +"	sand	15	forest	20	40	10	1000	u			ft
WE	wepp-12240	"10:07 am  Wednesday September 19, 2018"	"Watson Ck + +"	sand	15	forest	20	40	10	1000	l			ft
WE	wepp-23651	"10:13 am  Wednesday September 19, 2018"	"Watson Ck + +"	sand	15	forest	20	40	10	1000	m			ft
WE	wepp-23935	"10:14 am  Wednesday September 19, 2018"	"Watson Ck + +"	sand	15	forest	20	40	10	1000	h			ft
WE	wepp-24644	"10:27 am  Wednesday September 19, 2018"	"Watson Ck + +"	sand	15	forest	20	40	10	1000	h			ft
WE	wepp-118455	"10:45 am  Wednesday September 19, 2018"	"Watson Ck + +"	sand	10	forest	10	15	10	1000	l			ft
WE	wepp-119225	"10:51 am  Wednesday September 19, 2018"	"Watson Ck + +"	sand	10	forest	10	15	10	1000	m			ft
WE	wepp-119437	"10:53 am  Wednesday September 19, 2018"	"Watson Ck + +"	sand	15	forest	10	15	10	1000	h			ft
WE	wepp-119691	"10:55 am  Wednesday September 19, 2018"	"Watson Ck + +"	sand	15	forest	10	15	10	1000	h			ft
WE	wepp-119917	"10:56 am  Wednesday September 19, 2018"	"Watson Ck + +"	sand	15	forest	10	15	10	1000	m			ft
WE	wepp-120108	"10:57 am  Wednesday September 19, 2018"	"Watson Ck + +"	sand	10	forest	10	15	10	1000	l			ft
WE	wepp-120284	"10:58 am  Wednesday September 19, 2018"	"Watson Ck + +"	sand	10	forest	10	15	10	1000	m			ft
WE	wepp-120463	"10:58 am  Wednesday September 19, 2018"	"Watson Ck + +"	sand	5	forest	10	15	10	1000	m			ft
WE	wepp-120654	"10:59 am  Wednesday September 19, 2018"	"Watson Ck + +"	sand	10	forest	10	15	10	1000	h			ft
WE	wepp-120958	"11:01 am  Wednesday September 19, 2018"	"Watson Ck + +"	sand	10	forest	10	15	10	1000	m			ft
WE	wepp-121180	"11:03 am  Wednesday September 19, 2018"	"Watson Ck + +"	silt	20	forest	40	50	20	1000	l			ft
WE	wepp-121503	"11:09 am  Wednesday September 19, 2018"	"Watson Ck + +"	sand	20	forest	40	50	20	1000	l			ft
WE	wepp-121692	"11:11 am  Wednesday September 19, 2018"	"Watson Ck + +"	sand	20	forest	40	50	20	1000	m			ft
WE	wepp-121900	"11:12 am  Wednesday September 19, 2018"	"Watson Ck + +"	sand	20	forest	40	50	20	1000	m			ft
WE	wepp-122083	"11:13 am  Wednesday September 19, 2018"	"Watson Ck + +"	sand	20	forest	40	50	20	1000	h			ft
WE	wepp-123659	"11:20 am  Wednesday September 19, 2018"	"Watson Ck + +"	sand	15	forest	20	40	10	1000	h			ft
