WD	wepp-16670	"02:01 pm  Thursday October 24, 2013"	"Vinegar_Fire +"	10	loam	HighFire	600	0	35	45	20	LowFire	40	35	5	85	20	0	ft	""
WD	wepp-16690	"02:01 pm  Thursday October 24, 2013"	"Vinegar_Fire +"	30	loam	HighFire	600	0	35	45	20	LowFire	40	35	5	85	20	0	ft	""
WD	wepp-245576	"12:58 pm  Friday January 9, 2015"	"Thomas Creek 2014 +"	30	silt	Bunchgrass	1195	50	50	60	10	OldForest	5	40	5	100	10	0	ft	"Harvest TC Silt Loam Harvest (30yr) Scenario 25"
WD	wepp-245644	"01:01 pm  Friday January 9, 2015"	"Thomas Creek 2014 +"	30	silt	Bunchgrass	1195	60	60	60	10	OldForest	5	40	5	100	10	0	ft	"Harvest TC Silt Loam Harvest (30yr) Scenario 25"
WD	wepp-1359	"01:12 pm  Friday January 9, 2015"	"Thomas Creek 2014 +"	30	silt	Bunchgrass	1150	60	60	60	10	OldForest	50	40	5	100	10	0	ft	"Harvest TC Silt Loam Harvest (30yr) Scenario 25"
WD	wepp-1401	"01:13 pm  Friday January 9, 2015"	"Thomas Creek 2014 +"	30	silt	Bunchgrass	1175	60	60	60	10	OldForest	25	40	5	100	10	0	ft	"Harvest TC Silt Loam Harvest (30yr) Scenario 26"
WD	wepp-1590	"01:14 pm  Friday January 9, 2015"	"Thomas Creek 2014 +"	30	silt	Bunchgrass	1195	60	60	60	10	OldForest	5	40	5	100	10	0	ft	"Harvest TC Silt Loam Harvest (30yr) Scenario 26"
WD	wepp-1793	"01:16 pm  Friday January 9, 2015"	"Thomas Creek 2014 +"	30	silt	Bunchgrass	1195	60	60	60	10	OldForest	5	40	5	100	10	0	ft	"Harvest TC Silt Loam Harvest (30yr) Scenario 27"
WD	wepp-213238	"02:51 pm  Wednesday January 14, 2015"	"Thomas Creek 2014 +"	30	loam	Skid	695	35	35	10	10	OldForest	5	10	5	100	10	0	ft	"Harvest TC Loam skid trail (30yr) Scinario 1"
WD	wepp-213280	"02:54 pm  Wednesday January 14, 2015"	"Thomas Creek 2014 +"	30	loam	Skid	675	35	35	10	10	OldForest	25	10	5	100	10	0	ft	"Harvest TC Loam skid trail (30yr) Scinario 1"
WD	wepp-213317	"02:54 pm  Wednesday January 14, 2015"	"Thomas Creek 2014 +"	30	loam	Skid	675	35	35	10	10	OldForest	25	10	5	100	10	0	ft	"Harvest TC Loam skid trail (30yr) Scinario 2"
WD	wepp-213369	"02:55 pm  Wednesday January 14, 2015"	"Thomas Creek 2014 +"	30	loam	Skid	650	35	35	10	10	OldForest	50	10	5	100	10	0	ft	"Harvest TC Loam skid trail (30yr) Scinario 3"
WD	wepp-213450	"02:56 pm  Wednesday January 14, 2015"	"Thomas Creek 2014 +"	30	loam	Skid	695	35	35	10	10	OldForest	5	10	5	100	10	0	ft	"Harvest TC Loam skid trail (30yr) Scenario 1"
WD	wepp-213491	"02:57 pm  Wednesday January 14, 2015"	"Thomas Creek 2014 +"	30	loam	Skid	675	35	35	10	10	OldForest	25	10	5	100	10	0	ft	"Harvest TC Loam skid trail (30yr) Scenario 2"
WD	wepp-213528	"02:58 pm  Wednesday January 14, 2015"	"Thomas Creek 2014 +"	30	loam	Skid	650	35	35	10	10	OldForest	50	10	5	100	10	0	ft	"Harvest TC Loam skid trail (30yr) Scenario 3"
WD	wepp-213566	"02:59 pm  Wednesday January 14, 2015"	"Thomas Creek 2014 +"	30	loam	Skid	625	35	35	10	10	OldForest	75	10	5	100	10	0	ft	"Harvest TC Loam skid trail (30yr) Scenario 4"
WD	wepp-213865	"03:41 pm  Wednesday January 14, 2015"	"Thomas Creek 2014 +"	30	silt	Skid	695	35	35	10	10	OldForest	5	10	5	100	10	0	ft	"Harvest TC Silt Loam skid trail (30yr) Scenario 1"
WD	wepp-213902	"03:42 pm  Wednesday January 14, 2015"	"Thomas Creek 2014 +"	30	silt	Skid	675	35	35	10	10	OldForest	25	10	5	100	10	0	ft	"Harvest TC Silt Loam skid trail (30yr) Scenario 1"
WD	wepp-213938	"03:43 pm  Wednesday January 14, 2015"	"Thomas Creek 2014 +"	30	silt	Skid	675	35	35	10	10	OldForest	25	10	5	100	10	0	ft	"Harvest TC Silt Loam skid trail (30yr) Scenario 2"
WD	wepp-213976	"03:44 pm  Wednesday January 14, 2015"	"Thomas Creek 2014 +"	30	silt	Skid	50	35	35	10	10	OldForest	50	10	5	100	10	0	ft	"Harvest TC Silt Loam skid trail (30yr) Scenario 2"
WD	wepp-214015	"03:44 pm  Wednesday January 14, 2015"	"Thomas Creek 2014 +"	30	silt	Skid	650	35	35	10	10	OldForest	50	10	5	100	10	0	ft	"Harvest TC Silt Loam skid trail (30yr) Scenario 2"
WD	wepp-214063	"03:46 pm  Wednesday January 14, 2015"	"Thomas Creek 2014 +"	30	silt	Skid	625	35	35	10	10	OldForest	75	10	5	100	10	0	ft	"Harvest TC Silt Loam skid trail (30yr) Scenario 3"
WD	wepp-214104	"03:47 pm  Wednesday January 14, 2015"	"Thomas Creek 2014 +"	30	silt	Skid	600	35	35	10	10	OldForest	100	10	5	100	10	0	ft	"Harvest TC Silt Loam skid trail (30yr) Scenario 4"
WD	wepp-214173	"03:53 pm  Wednesday January 14, 2015"	"Thomas Creek 2014 +"	30	silt	Skid	575	35	35	10	10	OldForest	125	10	5	100	10	0	ft	"Harvest TC Silt Loam skid trail (30yr) Scenario 6"
WD	wepp-214657	"04:11 pm  Wednesday January 14, 2015"	"Thomas Creek 2014 +"	30	silt	Skid	695	35	35	10	10	OldForest	5	20	5	100	10	0	ft	"Harvest TC Silt Loam skid trail (30yr) Scenario 7"
WD	wepp-214694	"04:12 pm  Wednesday January 14, 2015"	"Thomas Creek 2014 +"	30	silt	Skid	675	35	35	10	10	OldForest	25	20	5	100	10	0	ft	"Harvest TC Silt Loam skid trail (30yr) Scenario 8"
WD	wepp-214733	"04:13 pm  Wednesday January 14, 2015"	"Thomas Creek 2014 +"	30	silt	Skid	650	35	35	10	10	OldForest	50	20	5	100	10	0	ft	"Harvest TC Silt Loam skid trail (30yr) Scenario 9"
WD	wepp-214772	"04:14 pm  Wednesday January 14, 2015"	"Thomas Creek 2014 +"	30	silt	Skid	675	35	35	10	10	OldForest	75	20	5	100	10	0	ft	"Harvest TC Silt Loam skid trail (30yr) Scenario 10"
WD	wepp-214821	"04:15 pm  Wednesday January 14, 2015"	"Thomas Creek 2014 +"	30	silt	Skid	625	35	35	10	10	OldForest	75	20	5	100	10	0	ft	"Harvest TC Silt Loam skid trail (30yr) Scenario 9"
WD	wepp-214865	"04:16 pm  Wednesday January 14, 2015"	"Thomas Creek 2014 +"	30	silt	Skid	625	35	35	10	10	OldForest	75	20	5	100	10	0	ft	"Harvest TC Silt Loam skid trail (30yr) Scenario 10"
WD	wepp-214907	"04:17 pm  Wednesday January 14, 2015"	"Thomas Creek 2014 +"	30	silt	Skid	600	35	35	10	10	OldForest	100	20	5	100	10	0	ft	"Harvest TC Silt Loam skid trail (30yr) Scenario 11"
WD	wepp-214945	"04:18 pm  Wednesday January 14, 2015"	"Thomas Creek 2014 +"	30	silt	Skid	575	35	35	10	10	OldForest	125	20	5	100	10	0	ft	"Harvest TC Silt Loam skid trail (30yr) Scenario 12"
WD	wepp-214996	"04:20 pm  Wednesday January 14, 2015"	"Thomas Creek 2014 +"	30	silt	Skid	550	35	35	10	10	OldForest	150	20	5	100	10	0	ft	"Harvest TC Silt Loam skid trail (30yr) Scenario 13"
WD	wepp-215037	"04:22 pm  Wednesday January 14, 2015"	"Thomas Creek 2014 +"	30	silt	Skid	550	35	35	10	10	OldForest	150	20	5	100	10	0	ft	"Harvest TC Silt Loam skid trail (30yr) Scenario 13"
WD	wepp-215074	"04:22 pm  Wednesday January 14, 2015"	"Thomas Creek 2014 +"	30	silt	Skid	600	35	35	10	10	OldForest	100	20	5	100	10	0	ft	"Harvest TC Silt Loam skid trail (30yr) Scenario 13"
WD	wepp-215112	"04:23 pm  Wednesday January 14, 2015"	"Thomas Creek 2014 +"	30	silt	Skid	575	35	35	10	10	OldForest	125	20	5	100	10	0	ft	"Harvest TC Silt Loam skid trail (30yr) Scenario 13"
WD	wepp-215151	"04:24 pm  Wednesday January 14, 2015"	"Thomas Creek 2014 +"	30	silt	Skid	600	35	35	10	10	OldForest	100	20	5	100	10	0	ft	"Harvest TC Silt Loam skid trail (30yr) Scenario 13"
WD	wepp-215199	"04:25 pm  Wednesday January 14, 2015"	"Thomas Creek 2014 +"	30	silt	Skid	525	35	35	10	10	OldForest	175	20	5	100	10	0	ft	"Harvest TC Silt Loam skid trail (30yr) Scenario 14"
WD	wepp-215241	"04:27 pm  Wednesday January 14, 2015"	"Thomas Creek 2014 +"	30	silt	Skid	695	35	35	10	10	OldForest	5	30	5	100	10	0	ft	"Harvest TC Silt Loam skid trail (30yr) Scenario 15"
WD	wepp-215281	"04:28 pm  Wednesday January 14, 2015"	"Thomas Creek 2014 +"	30	silt	Skid	675	35	35	10	10	OldForest	25	30	5	100	10	0	ft	"Harvest TC Silt Loam skid trail (30yr) Scenario 16"
WD	wepp-215319	"04:29 pm  Wednesday January 14, 2015"	"Thomas Creek 2014 +"	30	silt	Skid	650	35	35	10	10	OldForest	50	30	5	100	10	0	ft	"Harvest TC Silt Loam skid trail (30yr) Scenario 17"
WD	wepp-215368	"04:30 pm  Wednesday January 14, 2015"	"Thomas Creek 2014 +"	30	silt	Skid	625	35	35	10	10	OldForest	75	30	5	100	10	0	ft	"Harvest TC Silt Loam skid trail (30yr) Scenario 18"
WD	wepp-215406	"04:31 pm  Wednesday January 14, 2015"	"Thomas Creek 2014 +"	30	silt	Skid	600	35	35	10	10	OldForest	100	30	5	100	10	0	ft	"Harvest TC Silt Loam skid trail (30yr) Scenario 19"
WD	wepp-215443	"04:32 pm  Wednesday January 14, 2015"	"Thomas Creek 2014 +"	30	silt	Skid	575	35	35	10	10	OldForest	125	30	5	100	10	0	ft	"Harvest TC Silt Loam skid trail (30yr) Scenario 20"
WD	wepp-215481	"04:33 pm  Wednesday January 14, 2015"	"Thomas Creek 2014 +"	30	silt	Skid	550	35	35	10	10	OldForest	150	30	5	100	10	0	ft	"Harvest TC Silt Loam skid trail (30yr) Scenario 21"
WD	wepp-215518	"04:34 pm  Wednesday January 14, 2015"	"Thomas Creek 2014 +"	30	silt	Skid	525	35	35	10	10	OldForest	175	30	5	100	10	0	ft	"Harvest TC Silt Loam skid trail (30yr) Scenario 22"
WD	wepp-215572	"04:36 pm  Wednesday January 14, 2015"	"Thomas Creek 2014 +"	30	silt	Skid	695	35	35	10	10	OldForest	5	30	5	100	10	0	ft	"Harvest TC Silt Loam skid trail (30yr) Scenario 23"
WD	wepp-215609	"04:36 pm  Wednesday January 14, 2015"	"Thomas Creek 2014 +"	30	silt	Skid	695	35	35	10	10	OldForest	5	40	5	100	10	0	ft	"Harvest TC Silt Loam skid trail (30yr) Scenario 23"
WD	wepp-215649	"04:37 pm  Wednesday January 14, 2015"	"Thomas Creek 2014 +"	30	silt	Skid	675	35	35	10	10	OldForest	25	40	5	100	10	0	ft	"Harvest TC Silt Loam skid trail (30yr) Scenario 24"
WD	wepp-215688	"04:38 pm  Wednesday January 14, 2015"	"Thomas Creek 2014 +"	30	silt	Skid	650	35	35	10	10	OldForest	50	40	5	100	10	0	ft	"Harvest TC Silt Loam skid trail (30yr) Scenario 25"
WD	wepp-215736	"04:39 pm  Wednesday January 14, 2015"	"Thomas Creek 2014 +"	30	silt	Skid	625	35	35	10	10	OldForest	75	40	5	100	10	0	ft	"Harvest TC Silt Loam skid trail (30yr) Scenario 26"
WD	wepp-215787	"04:41 pm  Wednesday January 14, 2015"	"Thomas Creek 2014 +"	30	silt	Skid	600	35	35	10	10	OldForest	100	40	5	100	10	0	ft	"Harvest TC Silt Loam skid trail (30yr) Scenario 27"
WD	wepp-215831	"04:42 pm  Wednesday January 14, 2015"	"Thomas Creek 2014 +"	30	silt	Skid	575	35	35	10	10	OldForest	125	40	5	100	10	0	ft	"Harvest TC Silt Loam skid trail (30yr) Scenario 28"
WD	wepp-215867	"04:43 pm  Wednesday January 14, 2015"	"Thomas Creek 2014 +"	30	silt	Skid	550	35	35	10	10	OldForest	150	40	5	100	10	0	ft	"Harvest TC Silt Loam skid trail (30yr) Scenario 28"
WD	wepp-215904	"04:43 pm  Wednesday January 14, 2015"	"Thomas Creek 2014 +"	30	silt	Skid	550	35	35	10	10	OldForest	150	40	5	100	10	0	ft	"Harvest TC Silt Loam skid trail (30yr) Scenario 29"
WD	wepp-215943	"04:44 pm  Wednesday January 14, 2015"	"Thomas Creek 2014 +"	30	silt	Skid	525	35	35	10	10	OldForest	175	40	5	100	10	0	ft	"Harvest TC Silt Loam skid trail (30yr) Scenario 30"
WD	wepp-69343	"04:21 pm  Tuesday January 20, 2015"	"Thomas Creek 2014 +"	30	silt	Skid	550	35	35	10	10	OldForest	150	10	5	100	10	0	ft	"HArvest TC Silt Loam Skid Trail (30yr) Scenario 6a"
WD	wepp-69380	"04:22 pm  Tuesday January 20, 2015"	"Thomas Creek 2014 +"	30	silt	Skid	525	35	35	10	10	OldForest	175	10	5	100	10	0	ft	"Harvest TC Silt Loam Skid Trail (30yr) Scenario 6b"
WD	wepp-69417	"04:23 pm  Tuesday January 20, 2015"	"Thomas Creek 2014 +"	30	silt	Skid	500	35	35	10	10	OldForest	200	10	5	100	10	0	ft	"Harvest TC Silt Loam Skid Trail (30yr) Scenario 6c"
WD	wepp-69469	"04:26 pm  Tuesday January 20, 2015"	"Thomas Creek 2014 +"	30	silt	Skid	475	35	35	10	10	OldForest	225	10	5	100	10	0	ft	"Harvest TC Silt Loam Skid Trail (30yr) Scenario 6d"
WD	wepp-118584	"08:25 am  Thursday January 22, 2015"	"Thomas Creek 2014 +"	30	silt	Skid	650	35	35	10	10	OldForest	50	30	5	100	10	0	ft	"Harvest TC Silt Loam Skid Trail (30yr) Scenario 3"
WD	wepp-118623	"08:27 am  Thursday January 22, 2015"	"Thomas Creek 2014 +"	30	silt	Skid	625	35	35	10	10	OldForest	75	30	5	100	10	0	ft	"Harvest TC Silt Loam Skid Trail (30yr) Scenario 4"
WD	wepp-118661	"08:28 am  Thursday January 22, 2015"	"Thomas Creek 2014 +"	30	loam	Skid	650	35	35	10	10	OldForest	50	30	5	100	10	0	ft	"Harvest TC Loam Skid Trail (30yr) Scenario 3"
WD	wepp-118810	"08:47 am  Thursday January 22, 2015"	"Thomas Creek 2014 +"	30	loam	Skid	625	35	35	10	10	OldForest	75	30	5	100	10	0	ft	"Harvest TC Loam Skid Trail (30yr) Scenario 4"
WD	wepp-120984	"11:06 am  Thursday January 22, 2015"	"Thomas Creek 2014 +"	30	loam	Skid	600	35	35	10	10	OldForest	100	30	5	100	10	0	ft	"Harvest TC Loam Skid Trail (30yr) Scenario 5"
WD	wepp-121049	"11:07 am  Thursday January 22, 2015"	"Thomas Creek 2014 +"	30	loam	Skid	575	35	35	10	10	OldForest	125	30	5	100	10	0	ft	"Harvest TC Loam Skid Trail (30yr) Scenario 6"
WD	wepp-121134	"11:09 am  Thursday January 22, 2015"	"Thomas Creek 2014 +"	30	loam	Skid	650	35	35	10	10	OldForest	50	10	5	100	10	0	ft	"Harvest TC Loam Skid Trail (30yr) Scenario 3"
WD	wepp-121217	"11:11 am  Thursday January 22, 2015"	"Thomas Creek 2014 +"	30	loam	Skid	625	35	35	10	10	OldForest	75	10	5	100	10	0	ft	"Harvest TC Loam Skid Trail (30yr) Scenario 4"
WD	wepp-121782	"11:23 am  Thursday January 22, 2015"	"Thomas Creek 2014 +"	30	loam	Skid	600	0	30	100	20	OldForest	100	10	5	100	20	0	ft	"Harvest TC Loam Skid Trail (30yr) Scenario 5"
WD	wepp-121838	"11:24 am  Thursday January 22, 2015"	"Thomas Creek 2014 +"	30	loam	Skid	600	35	35	100	20	OldForest	100	10	5	100	20	0	ft	"Harvest TC Loam Skid Trail (30yr) Scenario 5"
WD	wepp-121979	"11:27 am  Thursday January 22, 2015"	"Thomas Creek 2014 +"	30	loam	Skid	575	35	35	10	10	OldForest	125	10	5	100	10	0	ft	"Harvest TC Loam Skid Trail (30yr) Scenario 6"
WD	wepp-122064	"11:28 am  Thursday January 22, 2015"	"Thomas Creek 2014 +"	30	loam	Skid	600	35	35	10	10	OldForest	100	10	5	100	10	0	ft	"Harvest TC Loam Skid Trail (30yr) Scenario 6"
WD	wepp-122109	"11:28 am  Thursday January 22, 2015"	"Thomas Creek 2014 +"	30	loam	Skid	600	35	35	10	10	OldForest	100	10	5	100	10	0	ft	"Harvest TC Loam Skid Trail (30yr) Scenario 5"
WD	wepp-122189	"11:30 am  Thursday January 22, 2015"	"Thomas Creek 2014 +"	30	loam	Skid	695	35	35	10	10	OldForest	5	20	5	100	10	0	ft	"Harvest TC Loam Skid Trail (30yr) Scenario 7"
WD	wepp-122261	"11:32 am  Thursday January 22, 2015"	"Thomas Creek 2014 +"	30	loam	Skid	675	35	35	10	10	OldForest	25	20	5	100	10	0	ft	"Harvest TC Loam Skid Trail (30yr) Scenario 8"
WD	wepp-122318	"11:33 am  Thursday January 22, 2015"	"Thomas Creek 2014 +"	30	loam	Skid	650	35	35	10	10	OldForest	50	20	5	100	10	0	ft	"Harvest TC Loam Skid Trail (30yr) Scenario 9"
WD	wepp-122371	"11:34 am  Thursday January 22, 2015"	"Thomas Creek 2014 +"	30	loam	Skid	625	35	35	10	10	OldForest	75	20	5	100	10	0	ft	"Harvest TC Loam Skid Trail (30yr) Scenario 10"
WD	wepp-122447	"11:35 am  Thursday January 22, 2015"	"Thomas Creek 2014 +"	30	loam	Skid	625	35	35	10	10	OldForest	75	20	5	100	10	0	ft	"Harvest TC Loam Skid Trail (30yr) Scenario 10"
WD	wepp-122506	"11:36 am  Thursday January 22, 2015"	"Thomas Creek 2014 +"	30	loam	Skid	600	35	35	10	10	OldForest	100	20	5	100	10	0	ft	"Harvest TC Loam Skid Trail (30yr) Scenario 11"
WD	wepp-122562	"11:37 am  Thursday January 22, 2015"	"Thomas Creek 2014 +"	30	loam	Skid	575	35	35	10	10	OldForest	125	20	5	100	10	0	ft	"Harvest TC Loam Skid Trail (30yr) Scenario 12"
WD	wepp-122635	"11:39 am  Thursday January 22, 2015"	"Thomas Creek 2014 +"	30	loam	Skid	695	35	35	10	10	OldForest	5	30	5	100	10	0	ft	"Harvest TC Loam Skid Trail (30yr) Scenario 13"
WD	wepp-122688	"11:40 am  Thursday January 22, 2015"	"Thomas Creek 2014 +"	30	loam	Skid	675	35	35	10	10	OldForest	25	30	5	100	10	0	ft	"Harvest TC Loam Skid Trail (30yr) Scenario 14"
WD	wepp-122766	"11:41 am  Thursday January 22, 2015"	"Thomas Creek 2014 +"	30	loam	Skid	650	35	35	10	10	OldForest	50	30	5	100	10	0	ft	"Harvest TC Loam Skid Trail (30yr) Scenario 15"
WD	wepp-122817	"11:42 am  Thursday January 22, 2015"	"Thomas Creek 2014 +"	30	loam	Skid	625	35	35	10	10	OldForest	75	30	5	100	10	0	ft	"Harvest TC Loam Skid Trail (30yr) Scenario 16"
WD	wepp-122880	"11:43 am  Thursday January 22, 2015"	"Thomas Creek 2014 +"	30	loam	Skid	600	35	35	10	10	OldForest	100	30	5	100	10	0	ft	"Harvest TC Loam Skid Trail (30yr) Scenario 17"
WD	wepp-123019	"11:48 am  Thursday January 22, 2015"	"Thomas Creek 2014 +"	30	loam	Skid	575	35	35	10	10	OldForest	125	30	5	100	10	0	ft	"Harvest TC Loam Skid Trail (30yr) Scenario 18"
WD	wepp-123112	"11:50 am  Thursday January 22, 2015"	"Thomas Creek 2014 +"	30	loam	Skid	695	35	35	10	10	OldForest	5	40	5	100	10	0	ft	"Harvest TC Loam Skid Trail (30yr) Scenario 19"
WD	wepp-123164	"11:51 am  Thursday January 22, 2015"	"Thomas Creek 2014 +"	30	loam	Skid	675	35	35	10	10	OldForest	25	40	5	100	10	0	ft	"Harvest TC Loam Skid Trail (30yr) Scenario 20"
WD	wepp-123218	"11:51 am  Thursday January 22, 2015"	"Thomas Creek 2014 +"	30	loam	Skid	650	35	35	10	10	OldForest	50	40	5	100	10	0	ft	"Harvest TC Loam Skid Trail (30yr) Scenario 21"
WD	wepp-123270	"11:52 am  Thursday January 22, 2015"	"Thomas Creek 2014 +"	30	loam	Skid	625	35	35	10	10	OldForest	75	40	5	100	10	0	ft	"Harvest TC Loam Skid Trail (30yr) Scenario 22"
WD	wepp-123331	"11:53 am  Thursday January 22, 2015"	"Thomas Creek 2014 +"	30	loam	Skid	600	35	35	10	10	OldForest	100	40	5	100	10	0	ft	"Harvest TC Loam Skid Trail (30yr) Scenario 23"
WD	wepp-123383	"11:54 am  Thursday January 22, 2015"	"Thomas Creek 2014 +"	30	loam	Skid	575	35	35	10	10	OldForest	125	40	5	100	10	0	ft	"Harvest TC Loam Skid Trail (30yr) Scenario 24"
WD	wepp-126065	"12:57 pm  Thursday January 22, 2015"	"Thomas Creek 2014 +"	30	loam	Skid	295	35	35	10	10	OldForest	5	10	5	100	10	0	ft	"Harvest TC Loam Skid Trail (30yr) Scenario 25"
WD	wepp-126176	"01:04 pm  Thursday January 22, 2015"	"Thomas Creek 2014 +"	30	loam	Skid	275	35	35	10	10	OldForest	25	10	5	100	10	0	ft	"Harvest TC Loam Skid Trail (30yr) Scenario 26"
WD	wepp-126230	"01:05 pm  Thursday January 22, 2015"	"Thomas Creek 2014 +"	30	loam	Skid	250	35	35	10	10	OldForest	50	10	5	100	10	0	ft	"Harvest TC Loam Skid Trail (30yr) Scenario 27"
WD	wepp-126275	"01:06 pm  Thursday January 22, 2015"	"Thomas Creek 2014 +"	30	loam	Skid	225	35	35	10	10	OldForest	75	10	5	100	10	0	ft	"Harvest TC Loam Skid Trail (30yr) Scenario 28"
WD	wepp-126312	"01:08 pm  Thursday January 22, 2015"	"Thomas Creek 2014 +"	30	loam	Skid	200	35	35	10	10	OldForest	100	10	5	100	10	0	ft	"Harvest TC Loam Skid Trail (30yr) Scenario 29"
WD	wepp-126361	"01:09 pm  Thursday January 22, 2015"	"Thomas Creek 2014 +"	30	loam	Skid	295	35	35	10	10	OldForest	5	20	5	100	10	0	ft	"Harvest TC Loam Skid Trail (30yr) Scenario 30"
WD	wepp-126410	"01:10 pm  Thursday January 22, 2015"	"Thomas Creek 2014 +"	30	loam	Skid	275	35	35	10	10	OldForest	25	20	5	100	10	0	ft	"Harvest TC Loam Skid Trail (30yr) Scenario 31"
WD	wepp-162237	"11:04 am  Thursday February 5, 2015"	"Kahler_2_2015 +"	30	clay	Sod	1150	60	60	40	10	OldForest	50	40	5	100	10	0	ft	"1 Clay Loam pg"
WD	wepp-162367	"11:06 am  Thursday February 5, 2015"	"Kahler_2_2015 +"	30	clay	Sod	1175	60	60	40	10	OldForest	25	40	5	100	10	0	ft	"2 Clay Loam pg"
WD	wepp-162487	"11:08 am  Thursday February 5, 2015"	"Kahler_2_2015 +"	30	clay	Sod	1150	60	60	40	10	OldForest	50	40	5	100	10	0	ft	"1 Clay Loam pg"
WD	wepp-162560	"11:09 am  Thursday February 5, 2015"	"Kahler_2_2015 +"	30	clay	Sod	1195	60	60	40	10	OldForest	5	40	5	100	10	0	ft	"3 Clay Loam pg"
WD	wepp-165046	"12:57 pm  Thursday February 5, 2015"	"Kahler_2_2015 +"	30	clay	Sod	1150	60	60	40	10	OldForest	50	50	5	100	10	0	ft	"4 Clay Loam pg"
WD	wepp-165135	"12:58 pm  Thursday February 5, 2015"	"Kahler_2_2015 +"	30	clay	Sod	1175	60	60	40	10	OldForest	25	50	5	100	10	0	ft	"5 Clay Loam pg"
WD	wepp-165208	"12:59 pm  Thursday February 5, 2015"	"Kahler_2_2015 +"	30	clay	Sod	1195	60	60	40	10	OldForest	5	50	5	100	10	0	ft	"6 Clay Loam pg"
WD	wepp-165295	"01:01 pm  Thursday February 5, 2015"	"Kahler_2_2015 +"	30	clay	Sod	1150	60	60	40	10	OldForest	50	60	5	100	10	0	ft	"7 Clay Loam pg"
WD	wepp-165372	"01:02 pm  Thursday February 5, 2015"	"Kahler_2_2015 +"	30	clay	Sod	1175	60	60	40	10	OldForest	25	60	5	100	10	0	ft	"8 Clay Loam pg"
WD	wepp-165433	"01:03 pm  Thursday February 5, 2015"	"Kahler_2_2015 +"	30	clay	Sod	1195	60	60	40	10	OldForest	5	60	5	100	10	0	ft	"9 Clay Loam pg"
WD	wepp-165523	"01:04 pm  Thursday February 5, 2015"	"Kahler_2_2015 +"	30	clay	OldForest	1150	60	60	100	10	OldForest	50	60	5	100	10	0	ft	"10 Clay Loam mf"
WD	wepp-165619	"01:06 pm  Thursday February 5, 2015"	"Kahler_2_2015 +"	30	clay	OldForest	1150	60	60	100	10	OldForest	50	40	5	100	10	0	ft	"10 Clay Loam mf"
WD	wepp-165692	"01:07 pm  Thursday February 5, 2015"	"Kahler_2_2015 +"	30	clay	OldForest	1150	60	60	100	10	OldForest	50	50	5	100	10	0	ft	"11 Clay Loam mf"
WD	wepp-165753	"01:07 pm  Thursday February 5, 2015"	"Kahler_2_2015 +"	30	clay	OldForest	1150	60	60	100	10	OldForest	50	60	5	100	10	0	ft	"12 Clay Loam mf"
WD	wepp-165857	"01:10 pm  Thursday February 5, 2015"	"Kahler_2_2015 +"	30	clay	Skid	695	35	35	10	10	OldForest	5	10	5	100	10	0	ft	"12 Clay Loam mf"
WD	wepp-165943	"01:12 pm  Thursday February 5, 2015"	"Kahler_2_2015 +"	30	clay	Skid	695	35	35	10	10	OldForest	5	10	5	100	10	0	ft	"1 Clay Loam Skid Trail"
WD	wepp-166002	"01:13 pm  Thursday February 5, 2015"	"Kahler_2_2015 +"	30	clay	Skid	675	35	35	10	10	OldForest	25	10	5	100	10	0	ft	"2 Clay Loam Skid Trail"
WD	wepp-166071	"01:14 pm  Thursday February 5, 2015"	"Kahler_2_2015 +"	30	clay	Skid	650	35	35	10	10	OldForest	50	10	5	100	10	0	ft	"3 Clay Loam Skid Trail"
WD	wepp-166156	"01:16 pm  Thursday February 5, 2015"	"Kahler_2_2015 +"	30	clay	Skid	625	35	35	10	10	OldForest	75	10	5	100	10	0	ft	"4 Clay Loam Skid Trail"
WD	wepp-166219	"01:17 pm  Thursday February 5, 2015"	"Kahler_2_2015 +"	30	clay	Skid	600	35	35	10	10	OldForest	100	10	5	100	10	0	ft	"5 Clay Loam Skid Trail"
WD	wepp-166305	"01:20 pm  Thursday February 5, 2015"	"Kahler_2_2015 +"	30	clay	Skid	600	35	35	20	10	OldForest	100	10	5	100	10	0	ft	"5 Clay Loam Skid Trail"
WD	wepp-166355	"01:20 pm  Thursday February 5, 2015"	"Kahler_2_2015 +"	30	clay	Skid	600	35	35	20	10	OldForest	100	10	5	100	10	0	ft	"5a Clay Loam Skid Trail"
WD	wepp-166426	"01:22 pm  Thursday February 5, 2015"	"Kahler_2_2015 +"	30	clay	Skid	575	35	35	10	10	OldForest	125	10	5	100	10	0	ft	"5b Clay Loam Skid Trail"
WD	wepp-166716	"01:29 pm  Thursday February 5, 2015"	"Kahler_2_2015 +"	30	clay	OldForest	1150	60	60	100	10	OldForest	50	60	5	100	10	0	ft	"12 Clay Loam Mature Forest"
WD	wepp-166829	"01:30 pm  Thursday February 5, 2015"	"Kahler_2_2015 +"	30	clay	Skid	695	35	35	10	10	OldForest	5	20	5	100	10	0	ft	"6 Clay Loam Mature Forest"
WD	wepp-166927	"01:31 pm  Thursday February 5, 2015"	"Kahler_2_2015 +"	30	clay	Skid	600	35	35	10	10	OldForest	100	10	5	100	10	0	ft	"5a Clay Loam Mature Forest"
WD	wepp-166973	"01:32 pm  Thursday February 5, 2015"	"Kahler_2_2015 +"	30	clay	Skid	600	35	35	20	10	OldForest	100	10	5	100	10	0	ft	"5a Clay Loam Mature Forest"
WD	wepp-167125	"01:34 pm  Thursday February 5, 2015"	"Kahler_2_2015 +"	30	clay	Skid	575	35	35	10	10	OldForest	125	10	5	100	10	0	ft	"5b Clay Loam Mature Forest"
WD	wepp-167337	"01:41 pm  Thursday February 5, 2015"	"Kahler_2_2015 +"	30	clay	Skid	600	35	35	20	10	OldForest	100	10	5	100	10	0	ft	"5a Clay Loam Mature Forest"
WD	wepp-167381	"01:41 pm  Thursday February 5, 2015"	"Kahler_2_2015 +"	30	clay	Skid	600	35	35	20	10	OldForest	100	10	5	100	10	0	ft	"5a Clay Loam Skidd Trail"
WD	wepp-167422	"01:42 pm  Thursday February 5, 2015"	"Kahler_2_2015 +"	30	clay	Skid	600	35	35	20	10	OldForest	100	10	5	100	10	0	ft	"5a Clay Loam Skid Trail"
WD	wepp-167469	"01:42 pm  Thursday February 5, 2015"	"Kahler_2_2015 +"	30	clay	Skid	575	35	35	10	10	OldForest	125	10	5	100	10	0	ft	"5b Clay Loam Skid Trail"
WD	wepp-167559	"01:45 pm  Thursday February 5, 2015"	"Kahler_2_2015 +"	30	clay	Skid	675	35	35	10	10	OldForest	25	20	5	100	10	0	ft	"7 Clay Loam Skid Trail"
WD	wepp-167609	"01:45 pm  Thursday February 5, 2015"	"Kahler_2_2015 +"	30	clay	Skid	650	35	35	10	10	OldForest	50	20	5	100	10	0	ft	"8 Clay Loam Skid Trail"
WD	wepp-167660	"01:46 pm  Thursday February 5, 2015"	"Kahler_2_2015 +"	30	clay	Skid	675	35	35	10	10	OldForest	75	20	5	100	10	0	ft	"9 Clay Loam Skid Trail"
WD	wepp-167716	"01:47 pm  Thursday February 5, 2015"	"Kahler_2_2015 +"	30	clay	Skid	625	35	35	10	10	OldForest	75	20	5	100	10	0	ft	"9 Clay Loam Skid Trail"
WD	wepp-167764	"01:48 pm  Thursday February 5, 2015"	"Kahler_2_2015 +"	30	clay	Skid	600	35	35	10	10	OldForest	100	20	5	100	10	0	ft	"10 Clay Loam Skid Trail"
WD	wepp-167856	"01:50 pm  Thursday February 5, 2015"	"Kahler_2_2015 +"	30	clay	Skid	600	35	35	20	10	OldForest	100	20	5	100	10	0	ft	"10a Clay Loam Skid Trail"
WD	wepp-167927	"01:51 pm  Thursday February 5, 2015"	"Kahler_2_2015 +"	30	clay	Skid	575	35	35	10	10	OldForest	125	20	5	100	10	0	ft	"10b Clay Loam Skid Trail"
WD	wepp-168001	"01:52 pm  Thursday February 5, 2015"	"Kahler_2_2015 +"	30	clay	Skid	550	35	35	10	10	OldForest	150	20	5	100	10	0	ft	"10b Clay Loam Skid Trail"
WD	wepp-168049	"01:52 pm  Thursday February 5, 2015"	"Kahler_2_2015 +"	30	clay	Skid	575	35	35	10	10	OldForest	175	20	5	100	10	0	ft	"10b Clay Loam Skid Trail"
WD	wepp-168141	"01:54 pm  Thursday February 5, 2015"	"Kahler_2_2015 +"	30	clay	Skid	695	35	35	10	10	OldForest	5	30	5	100	10	0	ft	"11 Clay Loam Skid Trail"
WD	wepp-168454	"01:56 pm  Thursday February 5, 2015"	"Kahler_2_2015 +"	30	clay	Skid	650	35	35	10	10	OldForest	25	30	5	100	10	0	ft	"12 Clay Loam Skid Trail"
WD	wepp-168536	"01:57 pm  Thursday February 5, 2015"	"Kahler_2_2015 +"	30	clay	Skid	675	35	35	10	10	OldForest	25	30	5	100	10	0	ft	"12 Clay Loam Skid Trail"
WD	wepp-168610	"01:58 pm  Thursday February 5, 2015"	"Kahler_2_2015 +"	30	clay	Skid	650	35	35	10	10	OldForest	50	30	5	100	10	0	ft	"13 Clay Loam Skid Trail"
WD	wepp-168675	"01:58 pm  Thursday February 5, 2015"	"Kahler_2_2015 +"	30	clay	Skid	625	35	35	10	10	OldForest	75	30	5	100	10	0	ft	"14 Clay Loam Skid Trail"
WD	wepp-168777	"02:00 pm  Thursday February 5, 2015"	"Kahler_2_2015 +"	30	clay	Skid	600	35	35	10	10	OldForest	100	30	5	100	10	0	ft	"15 Clay Loam Skid Trail"
WD	wepp-168914	"02:03 pm  Thursday February 5, 2015"	"Kahler_2_2015 +"	30	clay	Skid	600	35	35	20	10	OldForest	100	30	5	100	10	0	ft	"15a Clay Loam Skid Trail"
WD	wepp-168983	"02:04 pm  Thursday February 5, 2015"	"Kahler_2_2015 +"	30	clay	Skid	600	35	35	30	10	OldForest	100	30	5	100	10	0	ft	"15b Clay Loam Skid Trail"
WD	wepp-169158	"02:07 pm  Thursday February 5, 2015"	"Kahler_2_2015 +"	30	clay	Skid	600	35	35	30	10	OldForest	100	10	5	100	10	0	ft	"5b Clay Loam Skid Trail"
WD	wepp-169225	"02:09 pm  Thursday February 5, 2015"	"Kahler_2_2015 +"	30	clay	Skid	600	35	35	30	10	OldForest	100	20	5	100	10	0	ft	"10b Clay Loam Skid Trail"
WD	wepp-169324	"02:10 pm  Thursday February 5, 2015"	"Kahler_2_2015 +"	30	clay	Skid	600	35	35	30	10	OldForest	100	30	5	100	10	0	ft	"15b Clay Loam Skid Trail"
WD	wepp-169394	"02:11 pm  Thursday February 5, 2015"	"Kahler_2_2015 +"	30	clay	Skid	695	35	35	10	10	OldForest	5	40	5	100	10	0	ft	"15b Clay Loam Skid Trail"
WD	wepp-169438	"02:12 pm  Thursday February 5, 2015"	"Kahler_2_2015 +"	30	clay	Skid	695	35	35	10	10	OldForest	5	40	5	100	10	0	ft	"16 Clay Loam Skid Trail"
WD	wepp-169522	"02:14 pm  Thursday February 5, 2015"	"Kahler_2_2015 +"	30	clay	Skid	675	35	35	10	10	OldForest	25	40	5	100	10	0	ft	"17 Clay Loam Skid Trail"
WD	wepp-169585	"02:15 pm  Thursday February 5, 2015"	"Kahler_2_2015 +"	30	clay	Skid	650	35	35	10	10	OldForest	50	40	5	100	10	0	ft	"18 Clay Loam Skid Trail"
WD	wepp-169640	"02:15 pm  Thursday February 5, 2015"	"Kahler_2_2015 +"	30	clay	Skid	625	35	35	10	10	OldForest	75	40	5	100	10	0	ft	"19 Clay Loam Skid Trail"
WD	wepp-169694	"02:16 pm  Thursday February 5, 2015"	"Kahler_2_2015 +"	30	clay	Skid	600	35	35	10	10	OldForest	100	40	5	100	10	0	ft	"20 Clay Loam Skid Trail"
WD	wepp-169761	"02:18 pm  Thursday February 5, 2015"	"Kahler_2_2015 +"	30	clay	Skid	600	35	35	20	10	OldForest	100	40	5	100	10	0	ft	"20a Clay Loam Skid Trail"
WD	wepp-169812	"02:19 pm  Thursday February 5, 2015"	"Kahler_2_2015 +"	30	clay	Skid	600	35	35	30	10	OldForest	100	40	5	100	10	0	ft	"20b Clay Loam Skid Trail"
WD	wepp-118263	"09:30 am  Monday February 9, 2015"	"Kahler_2_2015 +"	30	clay	Skid	295	35	35	10	10	OldForest	5	10	5	100	10	0	ft	"21 Clay Loam Skid Trail"
WD	wepp-118355	"09:35 am  Monday February 9, 2015"	"Kahler_2_2015 +"	30	clay	Skid	275	35	35	10	10	OldForest	25	10	5	100	10	0	ft	"22 Clay Loam Skid Trail"
WD	wepp-118403	"09:37 am  Monday February 9, 2015"	"Kahler_2_2015 +"	30	clay	Skid	250	35	35	10	10	OldForest	50	10	5	100	10	0	ft	"23 Clay Loam Skid Trail"
WD	wepp-118476	"09:38 am  Monday February 9, 2015"	"Kahler_2_2015 +"	30	clay	Skid	250	35	35	10	10	OldForest	50	10	5	100	10	0	ft	"24 Clay Loam Skid Trail"
WD	wepp-118599	"09:41 am  Monday February 9, 2015"	"Kahler_2_2015 +"	30	clay	Skid	225	35	35	10	10	OldForest	75	10	5	100	10	0	ft	"24 Clay Loam Skid Trail"
WD	wepp-118636	"09:42 am  Monday February 9, 2015"	"Kahler_2_2015 +"	30	clay	Skid	200	35	35	10	10	OldForest	100	10	5	100	10	0	ft	"25 Clay Loam Skid Trail"
WD	wepp-118674	"09:44 am  Monday February 9, 2015"	"Kahler_2_2015 +"	30	clay	Skid	295	35	35	10	10	OldForest	5	20	5	100	10	0	ft	"26 Clay Loam Skid Trail"
WD	wepp-118710	"09:45 am  Monday February 9, 2015"	"Kahler_2_2015 +"	30	clay	Skid	275	35	35	10	10	OldForest	25	20	5	100	10	0	ft	"27 Clay Loam Skid Trail"
WD	wepp-118760	"09:46 am  Monday February 9, 2015"	"Kahler_2_2015 +"	30	clay	Skid	250	35	35	10	10	OldForest	50	20	5	100	10	0	ft	"28 Clay Loam Skid Trail"
WD	wepp-118800	"09:47 am  Monday February 9, 2015"	"Kahler_2_2015 +"	30	clay	Skid	225	35	35	10	10	OldForest	75	20	5	100	10	0	ft	"29 Clay Loam Skid Trail"
WD	wepp-118837	"09:48 am  Monday February 9, 2015"	"Kahler_2_2015 +"	30	clay	Skid	200	35	35	10	10	OldForest	100	20	5	100	10	0	ft	"30 Clay Loam Skid Trail"
WD	wepp-118874	"09:49 am  Monday February 9, 2015"	"Kahler_2_2015 +"	30	clay	Skid	295	35	35	10	10	OldForest	5	30	5	100	10	0	ft	"31 Clay Loam Skid Trail"
WD	wepp-118912	"09:49 am  Monday February 9, 2015"	"Kahler_2_2015 +"	30	clay	Skid	275	35	35	10	10	OldForest	25	30	5	100	10	0	ft	"32 Clay Loam Skid Trail"
WD	wepp-118960	"09:50 am  Monday February 9, 2015"	"Kahler_2_2015 +"	30	clay	Skid	250	35	35	10	10	OldForest	50	30	5	100	10	0	ft	"33 Clay Loam Skid Trail"
WD	wepp-119014	"09:51 am  Monday February 9, 2015"	"Kahler_2_2015 +"	30	clay	Skid	225	35	35	10	10	OldForest	75	30	5	100	10	0	ft	"34 Clay Loam Skid Trail"
WD	wepp-119052	"09:52 am  Monday February 9, 2015"	"Kahler_2_2015 +"	30	clay	Skid	200	35	35	10	10	OldForest	100	30	5	100	10	0	ft	"35 Clay Loam Skid Trail"
WD	wepp-119089	"09:53 am  Monday February 9, 2015"	"Kahler_2_2015 +"	30	clay	Skid	295	35	35	10	10	OldForest	5	40	5	100	10	0	ft	"36 Clay Loam Skid Trail"
WD	wepp-119127	"09:54 am  Monday February 9, 2015"	"Kahler_2_2015 +"	30	clay	Skid	275	35	35	10	10	OldForest	25	40	5	100	10	0	ft	"37 Clay Loam Skid Trail"
WD	wepp-119175	"09:55 am  Monday February 9, 2015"	"Kahler_2_2015 +"	30	clay	Skid	250	35	35	10	10	OldForest	50	40	5	100	10	0	ft	"38 Clay Loam Skid Trail"
WD	wepp-119409	"09:56 am  Monday February 9, 2015"	"Kahler_2_2015 +"	30	clay	Skid	225	35	35	10	10	OldForest	75	40	5	100	10	0	ft	"39 Clay Loam Skid Trail"
WD	wepp-119446	"09:57 am  Monday February 9, 2015"	"Kahler_2_2015 +"	30	clay	Skid	200	35	35	10	10	OldForest	100	40	5	100	10	0	ft	"40 Clay Loam Skid Trail"
WD	wepp-119491	"09:59 am  Monday February 9, 2015"	"Kahler_2_2015 +"	30	clay	OldForest	695	35	35	100	10	OldForest	5	10	5	100	10	0	ft	"40 Clay Loam Skid Trail"
WD	wepp-119539	"10:00 am  Monday February 9, 2015"	"Kahler_2_2015 +"	30	clay	OldForest	695	35	35	100	10	OldForest	5	20	5	100	10	0	ft	"41 Clay Loam Skid Trail"
WD	wepp-119578	"10:02 am  Monday February 9, 2015"	"Kahler_2_2015 +"	30	clay	OldForest	695	35	35	100	10	OldForest	5	20	5	100	10	0	ft	"41 Clay Loam Skid Trail"
WD	wepp-119631	"10:03 am  Monday February 9, 2015"	"Kahler_2_2015 +"	30	clay	OldForest	695	35	35	100	10	OldForest	5	30	5	100	10	0	ft	"42 Clay Loam Skid Trail"
WD	wepp-119674	"10:04 am  Monday February 9, 2015"	"Kahler_2_2015 +"	30	clay	OldForest	695	35	35	100	10	OldForest	5	20	5	100	10	0	ft	"42 Clay Loam Skid Trail"
WD	wepp-119747	"10:05 am  Monday February 9, 2015"	"Kahler_2_2015 +"	30	clay	OldForest	695	35	35	100	10	OldForest	5	30	5	100	10	0	ft	"43 Clay Loam Skid Trail"
WD	wepp-119793	"10:06 am  Monday February 9, 2015"	"Kahler_2_2015 +"	30	clay	OldForest	695	35	35	100	10	OldForest	5	40	5	100	10	0	ft	"44 Clay Loam Skid Trail"
WD	wepp-119838	"10:07 am  Monday February 9, 2015"	"Kahler_2_2015 +"	30	clay	OldForest	695	35	35	100	10	OldForest	5	50	5	100	10	0	ft	"45 Clay Loam Skid Trail"
WD	wepp-119888	"10:07 am  Monday February 9, 2015"	"Kahler_2_2015 +"	30	clay	OldForest	695	35	35	100	10	OldForest	5	60	5	100	10	0	ft	"46 Clay Loam Skid Trail"
WD	wepp-119940	"10:08 am  Monday February 9, 2015"	"Kahler_2_2015 +"	30	clay	OldForest	295	35	35	100	10	OldForest	5	10	5	100	10	0	ft	"46 Clay Loam Skid Trail"
WD	wepp-119998	"10:09 am  Monday February 9, 2015"	"Kahler_2_2015 +"	30	clay	OldForest	295	35	35	100	10	OldForest	5	20	5	100	10	0	ft	"46 Clay Loam Skid Trail"
WD	wepp-120047	"10:09 am  Monday February 9, 2015"	"Kahler_2_2015 +"	30	clay	OldForest	295	35	35	100	10	OldForest	5	10	5	100	10	0	ft	"47 Clay Loam Skid Trail"
WD	wepp-120108	"10:10 am  Monday February 9, 2015"	"Kahler_2_2015 +"	30	clay	OldForest	295	35	35	100	10	OldForest	5	20	5	100	10	0	ft	"48 Clay Loam Skid Trail"
WD	wepp-120159	"10:11 am  Monday February 9, 2015"	"Kahler_2_2015 +"	30	clay	OldForest	295	35	35	100	10	OldForest	5	30	5	100	10	0	ft	"49 Clay Loam Skid Trail"
WD	wepp-120211	"10:11 am  Monday February 9, 2015"	"Kahler_2_2015 +"	30	clay	OldForest	295	35	35	100	10	OldForest	5	40	5	100	10	0	ft	"50 Clay Loam Skid Trail"
WD	wepp-120273	"10:12 am  Monday February 9, 2015"	"Kahler_2_2015 +"	30	clay	OldForest	295	35	35	100	10	OldForest	5	50	5	100	10	0	ft	"51 Clay Loam Skid Trail"
WD	wepp-120374	"10:13 am  Monday February 9, 2015"	"Kahler_2_2015 +"	30	clay	OldForest	295	35	35	100	10	OldForest	5	60	5	100	10	0	ft	"52 Clay Loam Skid Trail"
WD	wepp-120818	"10:23 am  Monday February 9, 2015"	"Kahler_2_2015 +"	30	clay	Sod	1150	60	60	40	10	OldForest	50	40	5	100	10	0	ft	"52 Clay Loam Skid Trail"
WD	wepp-120899	"10:25 am  Monday February 9, 2015"	"Kahler_2_2015 +"	30	clay	Sod	1150	60	60	40	10	OldForest	50	40	5	100	10	0	ft	"52 Clay Loam Wildfire"
WD	wepp-120956	"10:26 am  Monday February 9, 2015"	"Kahler_2_2015 +"	30	clay	Sod	1150	60	60	40	10	OldForest	50	40	5	100	10	0	ft	"1 Clay Loam Wildfire"
WD	wepp-121020	"10:27 am  Monday February 9, 2015"	"Kahler_2_2015 +"	30	clay	Sod	1150	60	60	40	10	HighFire	50	40	5	45	10	0	ft	"1 Clay Loam Wildfire"
WD	wepp-122433	"11:36 am  Monday February 9, 2015"	"Kahler_2_2015 +"	30	clay	Sod	1175	60	60	40	10	HighFire	25	40	5	45	10	0	ft	"2 Clay Loam Wildfire"
WD	wepp-122493	"11:37 am  Monday February 9, 2015"	"Kahler_2_2015 +"	30	clay	Sod	1195	60	60	40	10	HighFire	5	40	5	45	10	0	ft	"3 Clay Loam Wildfire"
WD	wepp-122568	"11:39 am  Monday February 9, 2015"	"Kahler_2_2015 +"	30	clay	Sod	1150	60	60	40	10	HighFire	50	50	5	45	10	0	ft	"4 Clay Loam Wildfire"
WD	wepp-122609	"11:39 am  Monday February 9, 2015"	"Kahler_2_2015 +"	30	clay	Sod	1150	60	60	40	10	HighFire	50	50	5	45	10	0	ft	"4 Clay Loam Wildfire"
WD	wepp-122694	"11:41 am  Monday February 9, 2015"	"Kahler_2_2015 +"	30	clay	Sod	1175	60	60	40	10	HighFire	25	50	5	45	10	0	ft	"5 Clay Loam Wildfire"
WD	wepp-122758	"11:42 am  Monday February 9, 2015"	"Kahler_2_2015 +"	30	clay	Sod	1195	60	60	40	10	HighFire	5	50	5	45	10	0	ft	"6 Clay Loam Wildfire"
WD	wepp-122812	"11:43 am  Monday February 9, 2015"	"Kahler_2_2015 +"	30	clay	Sod	1150	60	60	40	10	HighFire	50	60	5	45	10	0	ft	"7 Clay Loam Wildfire"
WD	wepp-122875	"11:44 am  Monday February 9, 2015"	"Kahler_2_2015 +"	30	clay	Sod	1175	60	60	40	10	HighFire	25	60	5	45	10	0	ft	"8 Clay Loam Wildfire"
WD	wepp-122942	"11:45 am  Monday February 9, 2015"	"Kahler_2_2015 +"	30	clay	Sod	1195	60	60	40	10	HighFire	5	60	5	45	10	0	ft	"9 Clay Loam Wildfire"
WD	wepp-123207	"11:56 am  Monday February 9, 2015"	"Kahler_2_2015 +"	30	clay	Sod	1195	60	60	40	10	HighFire	5	60	5	45	10	0	ft	"9 Clay Loam Wildfire"
WD	wepp-123240	"11:56 am  Monday February 9, 2015"	"Kahler_2_2015 +"	30	clay	Sod	1195	60	60	40	10	HighFire	5	60	5	45	10	0	ft	"9 Clay Loam Wildfire"
WD	wepp-123265	"11:59 am  Monday February 9, 2015"	"Kahler_2_2015 +"	30	clay	Skid	695	35	60	10	10	HighFire	5	10	5	45	10	0	ft	"Clay Loam Wildfire Skid Trail 1"
WD	wepp-123317	"12:00 pm  Monday February 9, 2015"	"Kahler_2_2015 +"	30	clay	Skid	675	35	60	10	10	HighFire	25	10	5	45	10	0	ft	"Clay Loam Wildfire Skid Trail 1"
WD	wepp-123355	"12:00 pm  Monday February 9, 2015"	"Kahler_2_2015 +"	30	clay	Skid	675	35	60	10	10	HighFire	25	10	5	45	10	0	ft	"Clay Loam Wildfire Skid Trail 2"
WD	wepp-123411	"12:01 pm  Monday February 9, 2015"	"Kahler_2_2015 +"	30	clay	Skid	650	35	60	10	10	HighFire	50	10	5	45	10	0	ft	"Clay Loam Wildfire Skid Trail 3"
WD	wepp-123505	"12:04 pm  Monday February 9, 2015"	"Kahler_2_2015 +"	30	clay	Skid	625	35	60	10	10	HighFire	75	10	5	45	10	0	ft	"Clay Loam Wildfire Skid Trail 4"
WD	wepp-123577	"12:05 pm  Monday February 9, 2015"	"Kahler_2_2015 +"	30	clay	Skid	600	35	60	10	10	HighFire	100	10	5	45	10	0	ft	"Clay Loam Wildfire Skid Trail 5"
WD	wepp-124079	"12:17 pm  Monday February 9, 2015"	"Kahler_2_2015 +"	10	clay	Sod	600	35	35	40	10	HighFire	100	10	5	45	10	0	ft	"Clay Loam Wildfire Skid Trail 5"
WD	wepp-124133	"12:17 pm  Monday February 9, 2015"	"Kahler_2_2015 +"	10	clay	Skid	600	35	35	10	10	HighFire	100	10	5	45	10	0	ft	"Clay Loam Wildfire Skid Trail 5"
WD	wepp-124190	"12:18 pm  Monday February 9, 2015"	"Kahler_2_2015 +"	30	clay	Skid	600	35	35	10	10	HighFire	100	10	5	45	10	0	ft	"Clay Loam Wildfire Skid Trail 5"
WD	wepp-124258	"12:20 pm  Monday February 9, 2015"	"Kahler_2_2015 +"	30	clay	Skid	625	35	35	10	10	HighFire	75	10	5	45	10	0	ft	"Clay Loam Wildfire Skid Trail 5"
WD	wepp-124378	"12:22 pm  Monday February 9, 2015"	"Kahler_2_2015 +"	30	clay	Skid	695	35	35	10	10	HighFire	5	10	5	45	10	0	ft	"Clay Loam Wildfire Skid Trail 1"
WD	wepp-124435	"12:23 pm  Monday February 9, 2015"	"Kahler_2_2015 +"	30	clay	Skid	675	35	35	10	10	HighFire	25	10	5	45	10	0	ft	"Clay Loam Wildfire Skid Trail 2"
WD	wepp-124487	"12:24 pm  Monday February 9, 2015"	"Kahler_2_2015 +"	30	clay	Skid	650	35	35	10	10	HighFire	50	10	5	45	10	0	ft	"Clay Loam Wildfire Skid Trail 3"
WD	wepp-124551	"12:25 pm  Monday February 9, 2015"	"Kahler_2_2015 +"	30	clay	Skid	625	35	35	10	10	HighFire	75	10	5	45	10	0	ft	"Clay Loam Wildfire Skid Trail 4"
WD	wepp-124600	"12:25 pm  Monday February 9, 2015"	"Kahler_2_2015 +"	30	clay	Skid	600	35	35	10	10	HighFire	100	10	5	45	10	0	ft	"Clay Loam Wildfire Skid Trail 5"
WD	wepp-124650	"12:26 pm  Monday February 9, 2015"	"Kahler_2_2015 +"	30	clay	Skid	575	35	35	10	10	HighFire	125	10	5	45	10	0	ft	"Clay Loam Wildfire Skid Trail 6"
WD	wepp-124703	"12:27 pm  Monday February 9, 2015"	"Kahler_2_2015 +"	30	clay	Skid	550	35	35	10	10	HighFire	150	10	5	45	10	0	ft	"Clay Loam Wildfire Skid Trail 7"
WD	wepp-124756	"12:28 pm  Monday February 9, 2015"	"Kahler_2_2015 +"	30	clay	Skid	525	35	35	10	10	HighFire	175	10	5	45	10	0	ft	"Clay Loam Wildfire Skid Trail 8"
WD	wepp-124803	"12:29 pm  Monday February 9, 2015"	"Kahler_2_2015 +"	30	clay	Skid	500	35	35	10	10	HighFire	200	10	5	45	10	0	ft	"Clay Loam Wildfire Skid Trail 9"
WD	wepp-124861	"12:30 pm  Monday February 9, 2015"	"Kahler_2_2015 +"	30	clay	Skid	475	35	35	10	10	HighFire	225	10	5	45	10	0	ft	"Clay Loam Wildfire Skid Trail 10"
WD	wepp-124898	"12:31 pm  Monday February 9, 2015"	"Kahler_2_2015 +"	30	clay	Skid	450	35	35	10	10	HighFire	250	10	5	45	10	0	ft	"Clay Loam Wildfire Skid Trail 11"
WD	wepp-124941	"12:32 pm  Monday February 9, 2015"	"Kahler_2_2015 +"	30	clay	Skid	425	35	35	10	10	HighFire	275	10	5	45	10	0	ft	"Clay Loam Wildfire Skid Trail 12"
WD	wepp-124981	"12:33 pm  Monday February 9, 2015"	"Kahler_2_2015 +"	30	clay	Skid	400	35	35	10	10	HighFire	300	10	5	45	10	0	ft	"Clay Loam Wildfire Skid Trail 13"
WD	wepp-125018	"12:33 pm  Monday February 9, 2015"	"Kahler_2_2015 +"	30	clay	Skid	375	35	35	10	10	HighFire	325	10	5	45	10	0	ft	"Clay Loam Wildfire Skid Trail 14"
WD	wepp-125055	"12:34 pm  Monday February 9, 2015"	"Kahler_2_2015 +"	30	clay	Skid	350	35	35	10	10	HighFire	350	10	5	45	10	0	ft	"Clay Loam Wildfire Skid Trail 15"
WD	wepp-125117	"12:36 pm  Monday February 9, 2015"	"Kahler_2_2015 +"	30	clay	Skid	325	35	35	10	10	HighFire	375	10	5	45	10	0	ft	"Clay Loam Wildfire Skid Trail 16"
WD	wepp-125203	"12:40 pm  Monday February 9, 2015"	"Kahler_2_2015 +"	30	clay	Skid	695	35	35	10	10	HighFire	5	35	5	45	10	0	ft	"Clay Loam Wildfire Skid Trail 1"
WD	wepp-125251	"12:41 pm  Monday February 9, 2015"	"Kahler_2_2015 +"	30	clay	Skid	675	35	35	10	10	HighFire	25	35	5	45	10	0	ft	"Clay Loam Wildfire Skid Trail 2"
WD	wepp-125291	"12:42 pm  Monday February 9, 2015"	"Kahler_2_2015 +"	30	clay	Skid	650	35	35	10	10	HighFire	50	35	5	45	10	0	ft	"Clay Loam Wildfire Skid Trail 3"
WD	wepp-125367	"12:43 pm  Monday February 9, 2015"	"Kahler_2_2015 +"	30	clay	Skid	625	35	35	10	10	HighFire	75	35	5	45	10	0	ft	"Clay Loam Wildfire Skid Trail 4"
WD	wepp-125412	"12:44 pm  Monday February 9, 2015"	"Kahler_2_2015 +"	30	clay	Skid	600	35	35	10	10	HighFire	100	35	5	45	10	0	ft	"Clay Loam Wildfire Skid Trail 5"
WD	wepp-125471	"12:45 pm  Monday February 9, 2015"	"Kahler_2_2015 +"	30	clay	Skid	575	35	35	10	10	HighFire	125	35	5	45	10	0	ft	"Clay Loam Wildfire Skid Trail 6"
WD	wepp-125514	"12:46 pm  Monday February 9, 2015"	"Kahler_2_2015 +"	30	clay	Skid	550	35	35	10	10	HighFire	150	35	5	45	10	0	ft	"Clay Loam Wildfire Skid Trail 7"
WD	wepp-125552	"12:47 pm  Monday February 9, 2015"	"Kahler_2_2015 +"	30	clay	Skid	525	35	35	10	10	HighFire	175	35	5	45	10	0	ft	"Clay Loam Wildfire Skid Trail 8"
WD	wepp-125588	"12:47 pm  Monday February 9, 2015"	"Kahler_2_2015 +"	30	clay	Skid	525	35	35	10	10	HighFire	175	35	5	45	10	0	ft	"Clay Loam Wildfire Skid Trail 8"
WD	wepp-125636	"12:48 pm  Monday February 9, 2015"	"Kahler_2_2015 +"	30	clay	Skid	500	35	35	10	10	HighFire	200	35	5	45	10	0	ft	"Clay Loam Wildfire Skid Trail 9"
WD	wepp-125687	"12:49 pm  Monday February 9, 2015"	"Kahler_2_2015 +"	30	clay	Skid	475	35	35	10	10	HighFire	225	35	5	45	10	0	ft	"Clay Loam Wildfire Skid Trail 10"
WD	wepp-125743	"12:50 pm  Monday February 9, 2015"	"Kahler_2_2015 +"	30	clay	Skid	450	35	35	10	10	HighFire	250	35	5	45	10	0	ft	"Clay Loam Wildfire Skid Trail 11"
WD	wepp-125780	"12:50 pm  Monday February 9, 2015"	"Kahler_2_2015 +"	30	clay	Skid	450	35	35	10	10	HighFire	250	35	5	45	10	0	ft	"Clay Loam Wildfire Skid Trail 11"
WD	wepp-125823	"12:51 pm  Monday February 9, 2015"	"Kahler_2_2015 +"	30	clay	Skid	425	35	35	10	10	HighFire	275	35	5	45	10	0	ft	"Clay Loam Wildfire Skid Trail 12"
WD	wepp-125866	"12:52 pm  Monday February 9, 2015"	"Kahler_2_2015 +"	30	clay	Skid	400	35	35	10	10	HighFire	300	35	5	45	10	0	ft	"Clay Loam Wildfire Skid Trail 13"
WD	wepp-125907	"12:53 pm  Monday February 9, 2015"	"Kahler_2_2015 +"	30	clay	Skid	375	35	35	10	10	HighFire	325	35	5	45	10	0	ft	"Clay Loam Wildfire Skid Trail 14"
WD	wepp-125948	"12:54 pm  Monday February 9, 2015"	"Kahler_2_2015 +"	30	clay	Skid	350	35	35	10	10	HighFire	350	35	5	45	10	0	ft	"Clay Loam Wildfire Skid Trail 15"
WD	wepp-125997	"12:55 pm  Monday February 9, 2015"	"Kahler_2_2015 +"	30	clay	Skid	325	35	35	10	10	HighFire	375	35	5	45	10	0	ft	"Clay Loam Wildfire Skid Trail 16"
WD	wepp-126246	"12:56 pm  Monday February 9, 2015"	"Kahler_2_2015 +"	30	clay	Skid	300	35	35	10	10	HighFire	400	35	5	45	10	0	ft	"Clay Loam Wildfire Skid Trail 17"
WD	wepp-126498	"01:01 pm  Monday February 9, 2015"	"Kahler_2_2015 +"	30	clay	Skid	275	35	35	10	10	HighFire	325	35	5	45	10	0	ft	"Clay Loam Wildfire Skid Trail 18"
WD	wepp-126572	"01:02 pm  Monday February 9, 2015"	"Kahler_2_2015 +"	30	clay	Skid	250	35	35	10	10	HighFire	350	35	5	45	10	0	ft	"Clay Loam Wildfire Skid Trail 19"
WD	wepp-126731	"01:04 pm  Monday February 9, 2015"	"Kahler_2_2015 +"	30	clay	Skid	300	35	35	10	10	HighFire	400	35	5	45	10	0	ft	"Clay Loam Wildfire Skid Trail 17"
WD	wepp-126820	"01:05 pm  Monday February 9, 2015"	"Kahler_2_2015 +"	30	clay	Skid	275	35	35	10	10	HighFire	425	35	5	45	10	0	ft	"Clay Loam Wildfire Skid Trail 18"
WD	wepp-126908	"01:06 pm  Monday February 9, 2015"	"Kahler_2_2015 +"	30	clay	Skid	250	35	35	10	10	HighFire	450	35	5	45	10	0	ft	"Clay Loam Wildfire Skid Trail 19"
WD	wepp-127285	"01:12 pm  Monday February 9, 2015"	"Kahler_2_2015 +"	30	clay	Skid	225	35	35	10	10	HighFire	475	35	5	45	10	0	ft	"Clay Loam Wildfire Skid Trail 20"
WD	wepp-127351	"01:13 pm  Monday February 9, 2015"	"Kahler_2_2015 +"	30	clay	Skid	200	35	35	10	10	HighFire	500	35	5	45	10	0	ft	"Clay Loam Wildfire Skid Trail 20"
WD	wepp-127392	"01:14 pm  Monday February 9, 2015"	"Kahler_2_2015 +"	30	clay	Skid	200	35	35	10	10	HighFire	500	35	5	45	10	0	ft	"Clay Loam Wildfire Skid Trail 21"
