WR	wepp-12360	"01:46 pm  Thursday February 13, 2014"	"LAKEPORT CA"	1	silt	native	1000	5	18	1	66.7	1	66.7	20	inveg	ft
WR	wepp-12398	"01:47 pm  Thursday February 13, 2014"	"LAKEPORT CA"	1	silt	native	1000	5	18	1	66.7	1	66.7	20	outunrut	ft
WR	wepp-13216	"01:49 pm  Thursday February 13, 2014"	"LAKEPORT CA"	1	silt	native	1000	5	18	1	66.7	1	66.7	20	outunrut	ft
WR	wepp-15133	"01:54 pm  Thursday February 13, 2014"	"LAKEPORT CA"	1	silt	native	1000	5	18	1	66.7	150	66.7	20	outunrut	ft
WR	wepp-15168	"01:55 pm  Thursday February 13, 2014"	"LAKEPORT CA"	30	silt	native	1000	5	18	1	66.7	150	66.7	20	outunrut	ft
WR	wepp-15214	"01:56 pm  Thursday February 13, 2014"	"LAKEPORT CA"	30	clay	native	1000	5	18	1	66.7	150	66.7	20	outunrut	ft
WR	wepp-15249	"01:56 pm  Thursday February 13, 2014"	"LAKEPORT CA"	30	silt	native	1000	5	18	1	66.7	150	66.7	20	outunrut	ft
WR	wepp-15658	"01:58 pm  Thursday February 13, 2014"	"LAKEPORT CA"	30	silt	native	1000	5	18	1	66.7	150	70	20	outunrut	ft
WR	wepp-15693	"01:58 pm  Thursday February 13, 2014"	"LAKEPORT CA"	30	silt	native	1000	5	18	1	66.7	150	66.7	20	outunrut	ft
WR	wepp-17367	"02:00 pm  Thursday February 13, 2014"	"UKIAH CA"	30	loam	native	1000	5	18	1	50	150	25	20	inveg	ft
WR	wepp-17535	"02:00 pm  Thursday February 13, 2014"	"UKIAH CA"	1	loam	native	1000	5	18	1	50	150	25	20	inveg	ft
WR	wepp-18641	"02:01 pm  Thursday February 13, 2014"	"UKIAH CA"	1	loam	native	200	5	18	1	50	150	25	20	inveg	ft
WR	wepp-18677	"02:02 pm  Thursday February 13, 2014"	"UKIAH CA"	1	loam	native	220	5	18	1	50	150	25	20	inveg	ft
WR	wepp-18712	"02:02 pm  Thursday February 13, 2014"	"UKIAH CA"	1	loam	native	220	5	18	1	50	150	25	20	inveg	ft
WR	wepp-18748	"02:02 pm  Thursday February 13, 2014"	"UKIAH CA"	1	loam	native	1000	5	18	1	50	150	25	20	inveg	ft
WR	wepp-18785	"02:04 pm  Thursday February 13, 2014"	"UKIAH CA"	1	loam	native	10	5	18	1	50	150	25	20	inveg	ft
WR	wepp-18842	"02:06 pm  Thursday February 13, 2014"	"UKIAH CA"	1	loam	native	74	5	18	1	50	150	25	20	inveg	ft
WR	wepp-18877	"02:07 pm  Thursday February 13, 2014"	"UKIAH CA"	1	loam	native	71	5	18	1	50	150	25	20	inveg	ft
WR	wepp-18922	"02:08 pm  Thursday February 13, 2014"	"LAKEPORT CA"	1	silt	native	71	5	18	1	50	150	25	20	inveg	ft
WR	wepp-18959	"02:08 pm  Thursday February 13, 2014"	"LAKEPORT CA"	1	silt	native	71	5	18	1	50	150	25	20	outunrut	ft
WR	wepp-21947	"02:11 pm  Thursday February 13, 2014"	"LAKEPORT CA"	30	silt	native	71	5	18	1	50	150	25	20	outunrut	ft
WR	wepp-21986	"02:13 pm  Thursday February 13, 2014"	"LAKEPORT CA"	30	silt	native	71	5	18	1	50	150	25	20	outunrut	ft
WR	wepp-23428	"02:20 pm  Thursday February 13, 2014"	"LAKEPORT CA"	30	silt	native	71	5	12	1	50	150	25	20	outunrut	ft
WR	wepp-24144	"02:20 pm  Thursday February 13, 2014"	"LAKEPORT CA"	30	silt	native	71	5	12	1	50	1	25	20	outunrut	ft
WR	wepp-24299	"02:21 pm  Thursday February 13, 2014"	"LAKEPORT CA"	30	silt	native	71	5	12	1	50	150	25	20	outunrut	ft
WR	wepp-24961	"02:25 pm  Thursday February 13, 2014"	"LAKEPORT CA"	30	silt	native	200	5	18	1	50	150	25	20	outunrut	ft
WR	wepp-24998	"02:27 pm  Thursday February 13, 2014"	"LAKEPORT CA"	30	silt	native	200	5	18	1	50	150	25	20	inveg	ft
WR	wepp-25037	"02:28 pm  Thursday February 13, 2014"	"LAKEPORT CA"	30	silt	native	71	5	18	1	50	150	25	20	inveg	ft
WR	wepp-104108	"09:48 am  Friday February 14, 2014"	"UKIAH CA"	30	loam	native	1000	5	2	15	50	150	25	20	inbare	ft
WR	wepp-112990	"10:19 am  Friday February 14, 2014"	"UKIAH CA"	30	loam	native	71	5	18	15	50	150	25	20	outrut	ft
WR	wepp-113418	"10:19 am  Friday February 14, 2014"	"UKIAH CA"	30	loam	native	71	5	18	15	50	150	25	20	outrut	ft
WR	wepp-113679	"10:20 am  Friday February 14, 2014"	"UKIAH CA"	30	loam	native	71	5	18	15	50	150	25	20	outrut	ft
WR	wepp-113830	"10:20 am  Friday February 14, 2014"	"UKIAH CA"	30	loam	native	71	5	18	15	50	150	25	20	outunrut	ft
WR	wepp-115452	"10:22 am  Friday February 14, 2014"	"UKIAH CA"	30	loam	native	1000	5	18	15	50	150	25	20	outunrut	ft
WR	wepp-115489	"10:22 am  Friday February 14, 2014"	"UKIAH CA"	30	loam	native	1000	5	18	15	50	150	25	20	inbare	ft
WR	wepp-115598	"10:24 am  Friday February 14, 2014"	"UKIAH CA"	30	loam	native	1000	5	2	15	50	150	25	20	outunrut	ft
WR	wepp-115798	"10:26 am  Friday February 14, 2014"	"UKIAH CA"	30	loam	graveled	20	5	15	15	50	150	25	20	inveg	ft
WR	wepp-115838	"10:26 am  Friday February 14, 2014"	"UKIAH CA"	30	loam	graveled	40	5	15	15	50	150	25	20	inveg	ft
WR	wepp-118539	"10:31 am  Friday February 14, 2014"	"UKIAH CA"	30	loam	native	71	5	18	15	50	150	25	20	inbare	ft
WR	wepp-118574	"10:32 am  Friday February 14, 2014"	"UKIAH CA"	30	loam	native	1000	5	18	15	50	150	25	20	inbare	ft
WR	wepp-118611	"10:34 am  Friday February 14, 2014"	"UKIAH CA"	30	loam	native	1000	5	18	15	50	150	25	20	outunrut	ft
WR	wepp-118653	"10:34 am  Friday February 14, 2014"	"UKIAH CA"	30	loam	native	1000	5	2	15	50	150	25	20	inveg	ft
WR	wepp-118700	"10:36 am  Friday February 14, 2014"	"UKIAH CA"	30	loam	native	20	5	15	15	50	150	25	20	inbare	ft
WR	wepp-118735	"10:37 am  Friday February 14, 2014"	"UKIAH CA"	30	loam	graveled	20	5	15	15	50	150	25	20	inveg	ft
WR	wepp-119761	"10:39 am  Friday February 14, 2014"	"UKIAH CA"	30	loam	native	40	5	15	15	50	150	25	20	inbare	ft
WR	wepp-120138	"10:40 am  Friday February 14, 2014"	"UKIAH CA"	30	loam	graveled	40	5	15	15	50	150	25	20	inveg	ft
WR	wepp-120604	"10:40 am  Friday February 14, 2014"	"UKIAH CA"	30	loam	graveled	40	5	15	15	50	150	25	20	inbare	ft
WR	wepp-120731	"10:40 am  Friday February 14, 2014"	"UKIAH CA"	30	loam	native	40	5	15	15	50	150	25	20	inbare	ft
WR	wepp-120943	"10:40 am  Friday February 14, 2014"	"UKIAH CA"	30	loam	graveled	40	5	15	15	50	150	25	20	inbare	ft
WR	wepp-121665	"10:41 am  Friday February 14, 2014"	"UKIAH CA"	30	loam	graveled	20	5	15	15	50	150	25	20	inbare	ft
WR	wepp-121735	"10:41 am  Friday February 14, 2014"	"UKIAH CA"	30	loam	native	20	5	15	15	50	150	25	20	inbare	ft
WR	wepp-121784	"10:44 am  Friday February 14, 2014"	"UKIAH CA"	30	loam	native	20	5	15	1	50	1	25	20	inbare	ft
WR	wepp-121820	"10:44 am  Friday February 14, 2014"	"UKIAH CA"	30	loam	graveled	20	5	15	1	50	1	25	20	inbare	ft
WR	wepp-121890	"10:44 am  Friday February 14, 2014"	"UKIAH CA"	30	loam	native	20	5	15	15	50	150	25	20	inbare	ft
WR	wepp-121926	"10:44 am  Friday February 14, 2014"	"UKIAH CA"	30	loam	graveled	20	5	15	1	50	1	25	20	inbare	ft
WR	wepp-121973	"10:45 am  Friday February 14, 2014"	"UKIAH CA"	30	loam	native	20	5	15	1	50	1	25	20	inbare	ft
WR	wepp-122008	"10:45 am  Friday February 14, 2014"	"UKIAH CA"	30	loam	graveled	20	5	15	1	50	1	25	20	inveg	ft
WR	wepp-122043	"10:46 am  Friday February 14, 2014"	"UKIAH CA"	30	loam	native	20	5	15	1	50	1	25	20	inbare	ft
WR	wepp-122080	"10:46 am  Friday February 14, 2014"	"UKIAH CA"	30	loam	native	20	5	15	15	50	1	25	20	inbare	ft
WR	wepp-122115	"10:47 am  Friday February 14, 2014"	"UKIAH CA"	30	loam	native	20	5	15	1	50	1	25	20	inbare	ft
WR	wepp-122151	"10:47 am  Friday February 14, 2014"	"UKIAH CA"	30	loam	graveled	20	5	15	1	50	1	25	20	inveg	ft
WR	wepp-122187	"10:48 am  Friday February 14, 2014"	"UKIAH CA"	30	loam	native	40	5	15	15	50	1	25	20	inbare	ft
WR	wepp-122425	"10:49 am  Friday February 14, 2014"	"UKIAH CA"	30	loam	graveled	40	5	15	1	50	1	25	20	inveg	ft
WR	wepp-130703	"11:14 am  Friday February 14, 2014"	"UKIAH CA"	30	loam	native	40	5	15	1	1	1	1	20	inbare	ft
WR	wepp-130738	"11:14 am  Friday February 14, 2014"	"UKIAH CA"	30	loam	native	40	5	15	1	1	1	1	20	inveg	ft
WR	wepp-130789	"11:16 am  Friday February 14, 2014"	"UKIAH CA"	30	loam	graveled	40	5	15	15	30	1	25	20	inveg	ft
WR	wepp-130827	"11:16 am  Friday February 14, 2014"	"UKIAH CA"	30	loam	native	40	5	15	15	50	1	25	20	inbare	ft
WR	wepp-130869	"11:17 am  Friday February 14, 2014"	"UKIAH CA"	30	loam	native	20	5	15	15	50	1	25	20	inbare	ft
WR	wepp-130908	"11:17 am  Friday February 14, 2014"	"UKIAH CA"	30	loam	graveled	20	5	15	15	30	1	25	20	inveg	ft
WR	wepp-137391	"11:39 am  Friday February 14, 2014"	"UKIAH CA"	30	loam	native	250	5	2	15	50	150	25	20	inbare	ft
WR	wepp-137605	"11:39 am  Friday February 14, 2014"	"UKIAH CA"	30	loam	native	250	5	2	15	50	150	25	20	outunrut	ft
WR	wepp-237015	"10:09 am  Tuesday February 18, 2014"	"UKIAH CA"	30	loam	native	71	5	18	15	50	150	25	20	inbare	ft
WR	wepp-31447	"07:42 am  Friday April 11, 2014"	"LAKEPORT CA"	30	silt	native	309	5	19	100	66.7	1	66.7	20	outunrut	ft
