WE	wepp-130847	"03:20 pm  Thursday January 22, 2015"	"ClackamasWater +"	sand	20	forest	70	70	70	50	u			ft
WE	wepp-130937	"03:20 pm  Thursday January 22, 2015"	"ClackamasWater +"	sand	20	forest	70	70	70	50	m			ft
WE	wepp-131138	"03:21 pm  Thursday January 22, 2015"	"ClackamasWater +"	sand	20	forest	70	70	70	500	m			ft
WE	wepp-131344	"03:22 pm  Thursday January 22, 2015"	"ClackamasWater +"	sand	20	forest	70	70	70	500	m			ft
WD	wepp-131857	"03:26 pm  Thursday January 22, 2015"	"ClackamasWater +"	10	clay	Skid	50	3	3	20	20	Skid	20	70	70	20	20	0	ft	""
WD	wepp-131908	"03:27 pm  Thursday January 22, 2015"	"ClackamasWater +"	10	clay	Skid	50	3	3	20	20	OldForest	20	70	70	100	20	0	ft	""
WD	wepp-131966	"03:27 pm  Thursday January 22, 2015"	"ClackamasWater +"	10	sand	Skid	50	3	3	20	20	OldForest	20	70	70	100	20	0	ft	""
WD	wepp-132019	"03:27 pm  Thursday January 22, 2015"	"ClackamasWater +"	10	sand	Skid	50	3	3	20	20	Skid	20	70	70	20	20	0	ft	""
WD	wepp-132071	"03:28 pm  Thursday January 22, 2015"	"ClackamasWater +"	10	sand	Skid	50	3	3	20	20	OldForest	20	70	70	100	20	0	ft	""
WE	wepp-91802	"12:44 pm  Monday March 2, 2015"	"ClackamasWater +"	silt	20	forest	15	15	15	300	l			ft
WE	wepp-91959	"12:45 pm  Monday March 2, 2015"	"ClackamasWater +"	silt	20	forest	15	15	15	300	u			ft
WE	wepp-92044	"12:45 pm  Monday March 2, 2015"	"ClackamasWater +"	silt	20	forest	15	15	15	300	l			ft
WE	wepp-92217	"12:47 pm  Monday March 2, 2015"	"ClackamasWater +"	silt	20	forest	15	15	15	300	l			ft
WE	wepp-135763	"03:37 pm  Monday August 10, 2015"	"ClackamasWater +"	sand	20	forest	33	33	33	300	m			ft
WE	wepp-136009	"03:43 pm  Monday August 10, 2015"	"Mt Hood Test Site +"	sand	20	forest	33	33	33	300	l			ft
WE	wepp-136157	"03:44 pm  Monday August 10, 2015"	"Mt Hood Test Site +"	sand	20	forest	33	33	33	300	l			ft
WD	wepp-137277	"04:31 pm  Monday August 10, 2015"	"ClackamasWater +"	10	sand	Bunchgrass	15	15	15	60	20	Skid	50	50	50	20	20	0	ft	""
WD	wepp-137315	"04:33 pm  Monday August 10, 2015"	"ClackamasWater +"	10	sand	Bunchgrass	15	15	15	60	20	Bunchgrass	50	50	50	60	20	0	ft	""
WR	wepp-38543	"08:54 am  Monday September 14, 2015"	"Mt Hood Test Site +"	50	sand	native	100	27	18	1	0.3	1	25	20	outrut	ft
WR	wepp-38956	"09:16 am  Monday September 14, 2015"	"Mt Hood Test Site +"	50	sand	native	100	27	18	1	25	1	25	20	outrut	ft
WR	wepp-39166	"09:29 am  Monday September 14, 2015"	"Mt Hood Test Site +"	50	sand	paved	100	27	18	1	25	1	25	20	outrut	ft
WR	wepp-39225	"09:30 am  Monday September 14, 2015"	"Mt Hood Test Site +"	50	sand	native	100	27	18	1	25	1	25	20	outrut	ft
WR	wepp-39460	"09:43 am  Monday September 14, 2015"	"Mt Hood Test Site +"	50	sand	native	100	27	18	1	25	1	25	20	outrut	ft
WR	wepp-39557	"09:47 am  Monday September 14, 2015"	"Mt Hood Test Site +"	50	sand	native	100	27	18	1	25	1	25	20	outrut	ft
WR	wepp-39790	"09:56 am  Monday September 14, 2015"	"Mt Hood Test Site +"	50	sand	native	6	1	18	1	1	1	1	20	outrut	ft
WR	wepp-39984	"10:08 am  Monday September 14, 2015"	"Mt Hood Test Site +"	50	sand	native	102	21	18	1	21	1	21	20	outrut	ft
WR	wepp-40042	"10:09 am  Monday September 14, 2015"	"Mt Hood Test Site +"	50	sand	native	89	9	18	1	9	1	9	20	outrut	ft
WR	wepp-40097	"10:10 am  Monday September 14, 2015"	"Mt Hood Test Site +"	50	sand	native	89	9	18	1	9	1	9	20	outrut	ft
WD	wepp-40706	"10:36 am  Monday September 14, 2015"	"Mt Hood Test Site +"	10	sand	Skid	220	25	25	20	20	Skid	24	25	25	20	20	0	ft	""
WD	wepp-40746	"10:36 am  Monday September 14, 2015"	"Mt Hood Test Site +"	50	sand	Skid	220	25	25	20	20	Skid	24	25	25	20	20	0	ft	"Sorting Area"
WR	wepp-146607	"04:42 pm  Tuesday October 27, 2015"	"ClackamasWater +"	30	silt	native	200	4	13	15	50	130	1	20	inveg	ft
WR	wepp-146663	"04:43 pm  Tuesday October 27, 2015"	"ClackamasWater +"	30	silt	native	200	4	13	15	50	130	1	20	inveg	ft
