WD	wepp-190363	"09:06 am  Friday April 27, 2018"	"Salitre Mesa +"	10	sand	OldForest	566	2	2	60	0	Bunchgrass	566	2	2	60	0	0	ft	"1 UL"
WD	wepp-190418	"09:10 am  Friday April 27, 2018"	"Salitre Mesa +"	10	sand	HighFire	566	2	2	30	0	HighFire	566	2	2	30	0	0	ft	"1 M"
WD	wepp-190457	"09:11 am  Friday April 27, 2018"	"Salitre Mesa +"	10	sand	HighFire	566	2	2	1	0	HighFire	566	2	2	1	0	0	ft	"1 M"
WD	wepp-190494	"09:12 am  Friday April 27, 2018"	"Salitre Mesa +"	10	sand	OldForest	1196	2	2	1	0	Bunchgrass	1196	2	2	1	0	0	ft	"2 UL"
WD	wepp-190610	"09:18 am  Friday April 27, 2018"	"Salitre Mesa +"	10	loam	HighFire	1196	2	2	45	0	HighFire	1196	2	2	45	0	0	ft	"2"
WD	wepp-190650	"09:19 am  Friday April 27, 2018"	"Salitre Mesa +"	10	sand	HighFire	467	5	5	1	15	HighFire	467	5	5	1	15	0	ft	"31 H"
WD	wepp-190688	"09:21 am  Friday April 27, 2018"	"Salitre Mesa +"	10	sand	HighFire	1094	3	3	1	15	HighFire	1094	3	3	1	15	0	ft	"33 H"
WD	wepp-190732	"09:23 am  Friday April 27, 2018"	"Salitre Mesa +"	10	sand	HighFire	1094	3	3	1	35	HighFire	1094	3	3	1	35	0	ft	"153 H"
WD	wepp-190770	"09:23 am  Friday April 27, 2018"	"Salitre Mesa +"	10	sand	HighFire	549	6	6	1	35	HighFire	549	6	6	1	35	0	ft	"153 H"
WD	wepp-190811	"09:25 am  Friday April 27, 2018"	"Salitre Mesa +"	10	sand	HighFire	390	30	30	1	50	HighFire	390	30	30	1	50	0	ft	"154 H"
WD	wepp-190847	"09:27 am  Friday April 27, 2018"	"Salitre Mesa +"	10	sand	HighFire	390	30	30	15	50	HighFire	390	30	30	15	50	0	ft	"154 M"
WD	wepp-191112	"09:32 am  Friday April 27, 2018"	"Salitre Mesa +"	10	sand	HighFire	374	30	30	1	45	HighFire	374	30	30	1	45	0	ft	"155 H"
WD	wepp-191158	"09:33 am  Friday April 27, 2018"	"Salitre Mesa +"	10	sand	HighFire	369	4	4	1	20	HighFire	369	4	4	1	20	0	ft	"156 H"
WD	wepp-191197	"09:34 am  Friday April 27, 2018"	"Salitre Mesa +"	10	sand	HighFire	397	3	3	1	35	HighFire	397	3	3	1	35	0	ft	"157 H"
WD	wepp-191236	"09:35 am  Friday April 27, 2018"	"Salitre Mesa +"	10	sand	HighFire	546	30	30	1	55	HighFire	546	30	30	1	55	0	ft	"158 H"
WD	wepp-191272	"09:35 am  Friday April 27, 2018"	"Salitre Mesa +"	10	sand	HighFire	546	30	30	100	50	HighFire	546	30	30	100	50	0	ft	"158 H"
WD	wepp-191308	"09:35 am  Friday April 27, 2018"	"Salitre Mesa +"	10	sand	HighFire	50	0	30	100	55	HighFire	50	30	5	100	55	0	ft	""
WD	wepp-191345	"09:36 am  Friday April 27, 2018"	"Salitre Mesa +"	10	sand	HighFire	546	30	30	1	55	HighFire	546	30	30	1	55	0	ft	"158 H"
WD	wepp-191384	"09:37 am  Friday April 27, 2018"	"Salitre Mesa +"	10	sand	HighFire	182	55	55	1	65	HighFire	182	55	55	1	65	0	ft	"166 H"
WD	wepp-191421	"09:38 am  Friday April 27, 2018"	"Salitre Mesa +"	10	sand	HighFire	182	55	55	7.5	65	HighFire	182	55	55	7.5	65	0	ft	"166M"
WD	wepp-191467	"09:39 am  Friday April 27, 2018"	"Salitre Mesa +"	10	sand	OldForest	182	55	55	15	65	OldForest	182	55	55	15	65	0	ft	"166M"
WD	wepp-191506	"09:40 am  Friday April 27, 2018"	"Salitre Mesa +"	10	sand	OldForest	284	12	12	1	70	OldForest	284	12	12	1	70	0	ft	"250 H"
WD	wepp-191548	"09:41 am  Friday April 27, 2018"	"Salitre Mesa +"	10	sand	OldForest	284	12	12	1	70	OldForest	284	12	12	1	70	0	ft	"250 H"
WD	wepp-191584	"09:42 am  Friday April 27, 2018"	"Mount Sedgwick +"	10	sand	HighFire	60	10	10	1	40	HighFire	60	10	10	1	40	0	ft	"253"
WD	wepp-191627	"09:44 am  Friday April 27, 2018"	"Mount Sedgwick +"	10	sand	HighFire	1200	6	6	1	30	HighFire	1200	6	6	1	30	0	ft	"302 H"
WD	wepp-191669	"09:45 am  Friday April 27, 2018"	"Mount Sedgwick +"	10	sand	HighFire	594	30	30	1	15	HighFire	594	30	30	1	15	0	ft	"302 H"
WD	wepp-191766	"09:47 am  Friday April 27, 2018"	"Mount Sedgwick +"	10	sand	HighFire	1200	45	45	1	65	HighFire	1200	45	45	1	65	0	ft	""
WD	wepp-191805	"09:48 am  Friday April 27, 2018"	"Mount Sedgwick +"	10	sand	HighFire	1200	45	45	42.5	65	HighFire	1200	45	45	42.5	65	0	ft	""
WD	wepp-191885	"09:55 am  Friday April 27, 2018"	"Mount Sedgwick +"	10	sand	HighFire	50	80	80	1	20	HighFire	50	80	80	1	20	0	ft	""
WD	wepp-191927	"09:55 am  Friday April 27, 2018"	"Mount Sedgwick +"	100	sand	HighFire	50	80	80	1	20	HighFire	50	80	80	1	20	0	ft	""
WD	wepp-191994	"09:57 am  Friday April 27, 2018"	"Mount Sedgwick +"	30	sand	high	182	55	55	1	65	high	182	55	55	1	65	0	m	"166 H"
WD	wepp-192000	"09:59 am  Friday April 27, 2018"	"Mount Sedgwick +"	30	sand	high	182	55	55	7.5	65	high	182	55	55	7.5	65	0	m	"166 H"
WD	wepp-192081	"10:02 am  Friday April 27, 2018"	"../working/166_3_79_226_g"	30	sand	high	400	2	2	1	0	high	400	2	2	1	0	0	m	"1 H"
WD	wepp-192088	"10:02 am  Friday April 27, 2018"	"../working/166_3_79_226_g"	30	sand	high	400	2	2	1	0	high	400	2	2	1	0	0	m	"1 H"
WD	wepp-192099	"10:03 am  Friday April 27, 2018"	"Salitre Mesa +"	30	sand	short	400	2	2	60	0	short	400	2	2	60	0	0	m	"1 UL"
WD	wepp-192106	"10:03 am  Friday April 27, 2018"	"Salitre Mesa +"	30	sand	short	400	2	2	60	0	short	400	2	2	60	0	0	m	"1 UL"
WD	wepp-192122	"10:05 am  Friday April 27, 2018"	"Salitre Mesa +"	30	sand	high	400	2	2	30	0	high	400	2	2	30	0	0	m	"1M"
WD	wepp-192128	"10:05 am  Friday April 27, 2018"	"../working/166_3_79_226_g"	30	sand	high	400	2	2	1	0	high	400	2	2	1	0	0	m	"1H"
WD	wepp-192135	"10:06 am  Friday April 27, 2018"	"Salitre Mesa +"	30	sand	high	50	2	2	1	0	high	50	2	2	1	0	0	m	"1HH"
WD	wepp-192141	"10:06 am  Friday April 27, 2018"	"Salitre Mesa +"	30	sand	high	50	2	2	100	0	high	50	2	2	100	0	0	m	"1HH"
WD	wepp-192162	"10:08 am  Friday April 27, 2018"	"../working/166_3_79_226_g"	30	sand	high	400	2	2	5	0	high	400	2	2	5	0	0	m	""
WD	wepp-192168	"10:08 am  Friday April 27, 2018"	"Salitre Mesa +"	30	sand	high	399	2	2	1	0	high	399	2	2	1	0	0	m	""
WD	wepp-192186	"10:11 am  Friday April 27, 2018"	"Salitre Mesa +"	30	loam	high	400	5	5	1	15	high	400	5	5	1	15	0	m	""
WD	wepp-192191	"10:11 am  Friday April 27, 2018"	"../working/166_3_79_226_g"	30	loam	high	400	2	2	1	0	high	400	2	2	1	0	0	m	""
WD	wepp-192196	"10:12 am  Friday April 27, 2018"	"../working/166_3_79_226_g"	30	loam	high	399	2	2	1	0	high	399	2	2	1	0	0	m	""
WD	wepp-192201	"10:12 am  Friday April 27, 2018"	"../working/166_3_79_226_g"	30	loam	high	399	2	2	1	0	high	399	2	2	1	0	0	m	""
WD	wepp-192207	"10:13 am  Friday April 27, 2018"	"../working/166_3_79_226_g"	30	sand	high	400	5	5	1	15	high	400	5	5	1	15	0	m	""
WD	wepp-192212	"10:13 am  Friday April 27, 2018"	"../working/166_3_79_226_g"	30	sand	high	399	5	5	1	15	high	399	5	5	1	15	0	m	"31H"
WD	wepp-192222	"10:15 am  Friday April 27, 2018"	"Salitre Mesa +"	30	sand	tree20	399	5	5	100	15	short	399	5	5	25	15	0	m	"31H"
WD	wepp-192297	"10:16 am  Friday April 27, 2018"	"Salitre Mesa +"	30	sand	tree20	399	2	2	60	0	short	399	2	2	60	0	0	m	""
WD	wepp-192305	"10:17 am  Friday April 27, 2018"	"Salitre Mesa +"	30	sand	tree20	399	2	2	60	0	short	399	2	2	60	0	0	m	""
WD	wepp-192313	"10:17 am  Friday April 27, 2018"	"../working/166_3_79_226_g"	30	sand	high	399	2	2	30	0	high	399	2	2	30	0	0	m	""
WD	wepp-192318	"10:18 am  Friday April 27, 2018"	"../working/166_3_79_226_g"	30	sand	high	399	2	2	30	0.1	high	399	2	2	30	0.1	0	m	""
WD	wepp-192323	"10:18 am  Friday April 27, 2018"	"Salitre Mesa +"	30	sand	high	399	5	5	12.5	15	high	399	5	5	12.5	15	0	m	""
WD	wepp-192328	"10:19 am  Friday April 27, 2018"	"../working/166_3_79_226_g"	30	sand	high	399	5	5	1	15	high	399	5	5	1	15	0	m	""
WD	wepp-192351	"10:19 am  Friday April 27, 2018"	"../working/166_3_79_226_g"	30	sand	high	399	5	5	1	15	high	399	5	5	1	15	0	m	""
WD	wepp-192358	"10:21 am  Friday April 27, 2018"	"../working/166_3_79_226_g"	30	sand	high	400	5	5	1	15	high	400	5	5	1	15	0	m	"31H"
WD	wepp-192364	"10:22 am  Friday April 27, 2018"	"../working/166_3_79_226_g"	30	sand	high	400	3	3	1	5	high	400	3	3	1	5	0	m	"33"
WD	wepp-192389	"10:23 am  Friday April 27, 2018"	"Salitre Mesa +"	30	loam	tree20	400	2	2	35	0	short	400	2	2	35	0	0	m	"33"
WD	wepp-192394	"10:24 am  Friday April 27, 2018"	"Salitre Mesa +"	30	loam	tree20	400	2	2	17.5	0	short	400	2	2	17.5	0	0	m	""
WD	wepp-192399	"10:25 am  Friday April 27, 2018"	"Salitre Mesa +"	30	loam	high	400	2	2	17.5	0	high	400	2	2	17.5	0	0	m	""
WD	wepp-192427	"10:26 am  Friday April 27, 2018"	"../working/166_3_79_226_g"	30	loam	high	400	2	2	1	0	high	400	2	2	1	0	0	m	""
WD	wepp-192606	"10:44 am  Friday April 27, 2018"	"Salitre Mesa +"	30	loam	tree20	400	5	5	25	15	tree20	400	5	5	25	15	0	m	""
WD	wepp-192611	"10:44 am  Friday April 27, 2018"	"Salitre Mesa +"	30	loam	tree20	400	5	5	25	15	tree20	400	5	5	25	15	0	m	""
WD	wepp-192616	"10:44 am  Friday April 27, 2018"	"Salitre Mesa +"	30	loam	tree20	50	0	30	100	20	tree20	50	30	5	100	20	0	m	""
WD	wepp-192624	"10:45 am  Friday April 27, 2018"	"Salitre Mesa +"	30	loam	tree20	400	5	5	25	15	tree20	400	5	5	25	15	0	m	""
WD	wepp-192629	"10:45 am  Friday April 27, 2018"	"Salitre Mesa +"	30	loam	tree20	400	5	5	25	15	tree20	400	5	5	25	15	0	m	""
WD	wepp-192634	"10:45 am  Friday April 27, 2018"	"Salitre Mesa +"	30	sand	tree20	400	5	5	25	15	tree20	400	5	5	25	15	0	m	""
WD	wepp-192858	"10:46 am  Friday April 27, 2018"	"Salitre Mesa +"	30	sand	tree20	400	5	5	15	15	tree20	400	5	5	15	15	0	m	""
WD	wepp-192867	"10:46 am  Friday April 27, 2018"	"../working/166_3_79_226_g"	30	sand	high	400	5	5	45	15	high	400	5	5	45	15	0	m	""
WD	wepp-192872	"10:46 am  Friday April 27, 2018"	"Salitre Mesa +"	30	sand	high	50	0	30	45	20	high	50	30	5	45	20	0	m	""
WD	wepp-192885	"10:47 am  Friday April 27, 2018"	"Salitre Mesa +"	30	sand	high	400	5	5	12.5	15	high	400	5	5	12.5	15	0	m	""
WD	wepp-192892	"10:47 am  Friday April 27, 2018"	"../working/166_3_79_226_g"	30	sand	high	400	5	5	1	15	high	400	5	5	1	15	0	m	""
WD	wepp-192905	"10:54 am  Friday April 27, 2018"	"../working/166_3_79_226_g"	30	sand	high	400	3	3	1	5	high	400	3	3	1	5	0	m	""
WD	wepp-192911	"10:54 am  Friday April 27, 2018"	"../working/166_3_79_226_g"	30	sand	high	399	3	3	1	5	high	399	3	3	1	5	0	m	""
WD	wepp-192923	"10:55 am  Friday April 27, 2018"	"Salitre Mesa +"	30	sand	high	400	3	3	2	15	high	40	3	3	2	15	0	m	""
WD	wepp-192932	"10:56 am  Friday April 27, 2018"	"../working/166_3_79_226_g"	30	sand	high	400	2	2	2	15	high	400	2	2	2	15	0	m	""
WD	wepp-192937	"10:57 am  Friday April 27, 2018"	"Salitre Mesa +"	30	sand	high	400	2	2	2	0	high	400	2	2	2	0	0	m	""
WD	wepp-192944	"10:57 am  Friday April 27, 2018"	"Salitre Mesa +"	30	loam	high	400	0	30	2	0	high	50	30	5	2	0	0	m	""
WD	wepp-192949	"10:58 am  Friday April 27, 2018"	"../working/166_3_79_226_g"	30	loam	high	400	2	2	2	0	high	400	2	2	2	0	0	m	""
WD	wepp-192954	"10:58 am  Friday April 27, 2018"	"Salitre Mesa +"	30	loam	high	399	2	2	2	0	high	399	2	2	2	0	0	m	""
WD	wepp-192959	"10:59 am  Friday April 27, 2018"	"Salitre Mesa +"	30	loam	high	399	5	5	2	15	high	399	5	5	2	15	0	m	""
WD	wepp-192964	"11:00 am  Friday April 27, 2018"	"Salitre Mesa +"	30	loam	high	400	5	5	1	15	high	400	5	5	1	15	0	m	""
WD	wepp-193029	"11:01 am  Friday April 27, 2018"	"Salitre Mesa +"	30	sand	tree20	400	3	3	70	5	tree20	400	3	3	70	5	0	m	""
WD	wepp-193039	"11:01 am  Friday April 27, 2018"	"Salitre Mesa +"	30	sand	high	400	3	3	35	5	high	400	3	3	35	5	0	m	""
WD	wepp-193046	"11:02 am  Friday April 27, 2018"	"../working/166_3_79_226_g"	30	sand	high	400	3	3	1	5	high	400	3	3	1	5	0	m	""
WD	wepp-193053	"11:03 am  Friday April 27, 2018"	"../working/166_3_79_226_g"	30	sand	high	400	3	3	2	5	high	400	3	3	2	5	0	m	""
WD	wepp-193059	"11:03 am  Friday April 27, 2018"	"../working/166_3_79_226_g"	30	sand	high	399	3	3	1	5	high	399	3	3	1	5	0	m	""
WD	wepp-193064	"11:03 am  Friday April 27, 2018"	"../working/166_3_79_226_g"	30	sand	high	399	3	3	2	5	high	399	3	3	2	5	0	m	""
WD	wepp-193069	"11:04 am  Friday April 27, 2018"	"../working/166_3_79_226_g"	30	sand	high	399	3	3	2	5	high	399	3	3	2	5	0	m	""
WD	wepp-193074	"11:04 am  Friday April 27, 2018"	"../working/166_3_79_226_g"	30	sand	high	399	3	3	3	5	high	399	3	3	3	5	0	m	""
WD	wepp-193082	"11:05 am  Friday April 27, 2018"	"../working/166_3_79_226_g"	30	sand	tree20	400	6	6	100	35	tree20	400	6	6	100	35	0	m	""
WD	wepp-193110	"11:06 am  Friday April 27, 2018"	"../working/166_3_79_226_g"	30	sand	high	400	3	3	1	5	high	400	3	3	1	5	0	m	""
WD	wepp-193117	"11:06 am  Friday April 27, 2018"	"Salitre Mesa +"	30	sand	tree20	400	6	6	50	35	tree20	400	6	6	50	35	0	m	""
WD	wepp-193124	"11:07 am  Friday April 27, 2018"	"../working/166_3_79_226_g"	30	sand	high	400	6	6	25	35	high	400	6	6	25	35	0	m	""
WD	wepp-193130	"11:07 am  Friday April 27, 2018"	"Salitre Mesa +"	30	sand	high	399	6	6	25	35	high	399	6	6	25	35	0	m	""
WD	wepp-193138	"11:08 am  Friday April 27, 2018"	"Salitre Mesa +"	30	sand	high	400	6	6	1	35	high	400	6	6	1	35	0	m	""
WD	wepp-193155	"11:09 am  Friday April 27, 2018"	"Salitre Mesa +"	30	sand	tree20	390	30	30	30	50	tree20	390	30	30	30	50	0	m	""
WD	wepp-193273	"11:16 am  Friday April 27, 2018"	"Salitre Mesa +"	30	sand	high	390	30	30	45	50	high	390	30	30	45	50	0	m	""
WD	wepp-193284	"11:17 am  Friday April 27, 2018"	"Salitre Mesa +"	30	sand	low	400	30	30	15	50	low	400	30	30	15	50	0	m	""
WD	wepp-193312	"11:17 am  Friday April 27, 2018"	"Salitre Mesa +"	30	sand	high	400	30	30	45	50	high	400	30	30	45	50	0	m	""
WD	wepp-193317	"11:18 am  Friday April 27, 2018"	"Salitre Mesa +"	30	sand	high	400	30	30	1	50	high	400	30	30	1	50	0	m	""
WD	wepp-193322	"11:19 am  Friday April 27, 2018"	"Salitre Mesa +"	30	sand	high	390	30	30	45	50	high	390	30	30	45	50	0	m	""
WD	wepp-193327	"11:20 am  Friday April 27, 2018"	"Salitre Mesa +"	30	sand	high	390	30	30	15	50	high	390	30	30	15	50	0	m	""
WD	wepp-193332	"11:21 am  Friday April 27, 2018"	"Salitre Mesa +"	30	sand	low	390	30	30	15	50	low	390	30	30	15	50	0	m	""
WD	wepp-193347	"11:21 am  Friday April 27, 2018"	"Salitre Mesa +"	30	sand	high	390	30	30	1	50	high	390	30	30	1	50	0	m	""
WD	wepp-193352	"11:22 am  Friday April 27, 2018"	"Salitre Mesa +"	30	sand	high	400	3	3	1	50	high	400	3	3	1	5	0	m	""
WD	wepp-193363	"11:23 am  Friday April 27, 2018"	"Salitre Mesa +"	30	sand	tree20	374	30	30	30	45	tree20	374	30	30	30	45	0	m	""
WD	wepp-193368	"11:24 am  Friday April 27, 2018"	"Salitre Mesa +"	30	sand	low	374	30	30	15	45	low	374	30	30	15	45	0	m	""
WD	wepp-193378	"11:25 am  Friday April 27, 2018"	"Salitre Mesa +"	30	sand	high	374	30	30	1	45	high	374	30	30	1	20	0	m	""
WD	wepp-193385	"11:25 am  Friday April 27, 2018"	"Salitre Mesa +"	30	sand	tree20	369	4	4	55	20	tree20	369	4	4	55	20	0	m	""
WD	wepp-193391	"11:26 am  Friday April 27, 2018"	"Salitre Mesa +"	30	sand	low	369	4	4	27.5	20	low	369	4	4	27.5	20	0	m	""
WD	wepp-193396	"11:27 am  Friday April 27, 2018"	"Salitre Mesa +"	30	sand	high	369	4	4	1	20	high	369	4	4	1	20	0	m	""
WD	wepp-193403	"11:27 am  Friday April 27, 2018"	"Salitre Mesa +"	30	sand	tree20	397	3	3	30	35	tree20	397	3	3	30	35	0	m	""
WD	wepp-193409	"11:28 am  Friday April 27, 2018"	"../working/166_3_79_226_g"	30	sand	low	397	3	3	15	35	low	397	3	3	15	35	0	m	""
WD	wepp-193414	"11:28 am  Friday April 27, 2018"	"../working/166_3_79_226_g"	30	sand	low	397	3	3	15	35	low	397	3	3	15	35	0	m	""
WD	wepp-193419	"11:28 am  Friday April 27, 2018"	"../working/166_3_79_226_g"	30	sand	low	397	3	3	15	35	low	397	3	3	15	35	0	m	""
WD	wepp-193429	"11:29 am  Friday April 27, 2018"	"Salitre Mesa +"	30	sand	tree20	400	30	30	35	55	tree20	400	30	30	35	55	0	m	""
WD	wepp-193434	"11:30 am  Friday April 27, 2018"	"Salitre Mesa +"	30	sand	low	400	30	30	17.5	55	low	400	30	30	17.5	55	0	m	""
WD	wepp-193446	"11:31 am  Friday April 27, 2018"	"Salitre Mesa +"	30	sand	high	400	30	30	1	55	high	400	30	30	1	55	0	m	""
WD	wepp-193510	"11:32 am  Friday April 27, 2018"	"../working/166_3_79_226_g"	30	sand	high	400	3	3	1	35	high	400	3	3	1	35	0	m	""
WD	wepp-193518	"11:32 am  Friday April 27, 2018"	"Salitre Mesa +"	30	sand	tree20	182	55	55	15	65	tree20	182	55	55	15	65	0	m	""
WD	wepp-193524	"11:33 am  Friday April 27, 2018"	"Salitre Mesa +"	30	sand	low	182	55	55	7.5	65	low	182	55	55	7.5	65	0	m	""
WD	wepp-193529	"11:34 am  Friday April 27, 2018"	"Salitre Mesa +"	30	sand	high	400	55	55	1	65	high	400	55	55	1	65	0	m	""
WD	wepp-193537	"11:34 am  Friday April 27, 2018"	"Salitre Mesa +"	30	sand	tree20	284	12	12	20	70	tree20	284	12	12	20	70	0	m	""
WD	wepp-193547	"11:35 am  Friday April 27, 2018"	"Salitre Mesa +"	30	sand	low	284	12	12	10	70	low	284	12	12	10	70	0	m	""
WD	wepp-193556	"11:35 am  Friday April 27, 2018"	"Salitre Mesa +"	30	sand	high	284	12	12	1	70	high	284	12	12	1	70	0	m	""
WD	wepp-193569	"11:36 am  Friday April 27, 2018"	"Salitre Mesa +"	30	sand	tree20	60	10	10	45	40	tree20	60	10	10	45	40	0	m	""
WD	wepp-193574	"11:37 am  Friday April 27, 2018"	"Salitre Mesa +"	30	sand	low	60	10	10	22.5	40	short	60	10	10	22.5	40	0	m	""
WD	wepp-193580	"11:38 am  Friday April 27, 2018"	"Salitre Mesa +"	30	sand	high	60	10	10	1	40	high	60	10	10	1	40	0	m	""
WD	wepp-193599	"11:39 am  Friday April 27, 2018"	"Salitre Mesa +"	30	sand	tree20	400	6	6	55	30	tree20	400	6	6	55	30	0	m	""
WD	wepp-193606	"11:39 am  Friday April 27, 2018"	"Salitre Mesa +"	30	sand	low	400	6	6	27.5	30	short	400	6	6	27.5	30	0	m	""
WD	wepp-193614	"11:40 am  Friday April 27, 2018"	"Mount Sedgwick +"	30	sand	tree20	60	10	10	45	40	tree20	60	10	10	45	40	0	m	""
WD	wepp-193620	"11:41 am  Friday April 27, 2018"	"Mount Sedgwick +"	30	sand	low	60	10	10	22.5	40	low	60	10	10	22.5	40	0	m	""
WD	wepp-193625	"11:42 am  Friday April 27, 2018"	"../working/166_3_79_226_f"	30	sand	high	60	10	10	1	40	high	60	10	10	1	40	0	m	""
WD	wepp-193631	"11:43 am  Friday April 27, 2018"	"Mount Sedgwick +"	30	sand	tree20	400	6	6	27.5	30	tree20	400	6	6	27.5	30	0	m	""
WD	wepp-193637	"11:43 am  Friday April 27, 2018"	"../working/166_3_79_226_f"	30	sand	low	400	6	6	27.5	30	low	400	6	6	27.5	30	0	m	""
WD	wepp-193760	"11:58 am  Friday April 27, 2018"	"../working/166_3_79_226_g"	30	sand	low	397	3	3	15	35	low	397	3	3	15	35	0	m	""
WD	wepp-193766	"11:58 am  Friday April 27, 2018"	"../working/166_3_79_226_f"	30	sand	low	400	6	6	27.5	30	low	400	6	6	27.5	30	0	m	""
WD	wepp-193773	"12:00 pm  Friday April 27, 2018"	"Mount Sedgwick +"	30	sand	tree20	400	30	30	85	15	tree20	400	30	30	85	15	0	m	""
WD	wepp-193779	"12:01 pm  Friday April 27, 2018"	"Mount Sedgwick +"	30	sand	low	400	30	30	42.5	15	low	400	30	30	42.5	15	0	m	""
WD	wepp-194012	"12:01 pm  Friday April 27, 2018"	"Mount Sedgwick +"	30	sand	high	400	30	30	1	15	high	400	30	30	1	15	0	m	""
WD	wepp-194025	"12:03 pm  Friday April 27, 2018"	"Mount Sedgwick +"	30	sand	tree20	400	45	45	55	65	tree20	400	45	45	55	65	0	m	""
WD	wepp-194030	"12:03 pm  Friday April 27, 2018"	"Mount Sedgwick +"	30	sand	low	400	45	45	27.5	65	low	400	45	45	27.5	65	0	m	""
WD	wepp-194037	"12:04 pm  Friday April 27, 2018"	"Mount Sedgwick +"	30	sand	high	400	45	45	1	65	high	400	45	45	1	65	0	m	""
WD	wepp-194046	"12:05 pm  Friday April 27, 2018"	"Mount Sedgwick +"	30	sand	tree20	136	6	6	30	50	tree20	136	6	6	30	50	0	m	""
WD	wepp-194051	"12:06 pm  Friday April 27, 2018"	"../working/166_3_79_226_f"	30	sand	low	136	6	6	15	50	low	136	6	6	15	50	0	m	""
WD	wepp-194056	"12:06 pm  Friday April 27, 2018"	"Mount Sedgwick +"	30	sand	low	136	6	6	1	50	low	136	6	6	1	50	0	m	""
WD	wepp-194061	"12:07 pm  Friday April 27, 2018"	"Mount Sedgwick +"	30	sand	high	136	6	6	1	50	high	136	6	6	1	50	0	m	""
WD	wepp-194067	"12:08 pm  Friday April 27, 2018"	"Mount Sedgwick +"	30	sand	tree20	400	25	25	45	45	tree20	400	25	25	45	45	0	m	""
WD	wepp-194075	"12:08 pm  Friday April 27, 2018"	"Mount Sedgwick +"	30	sand	low	400	25	25	22.5	45	low	400	25	25	22.5	45	0	m	""
WD	wepp-194093	"12:10 pm  Friday April 27, 2018"	"Mount Sedgwick +"	30	sand	high	400	25	25	1	45	high	400	25	25	1	45	0	m	""
WD	wepp-194102	"12:11 pm  Friday April 27, 2018"	"Mount Sedgwick +"	30	sand	tree20	400	45	45	50	50	tree20	400	45	45	50	50	0	m	""
WD	wepp-194111	"12:13 pm  Friday April 27, 2018"	"Mount Sedgwick +"	30	sand	low	400	45	45	25	50	low	400	45	45	25	50	0	m	""
WD	wepp-194118	"12:13 pm  Friday April 27, 2018"	"Mount Sedgwick +"	30	sand	high	400	45	45	1	50	high	400	45	45	1	50	0	m	""
WD	wepp-194127	"12:15 pm  Friday April 27, 2018"	"Mount Sedgwick +"	30	sand	tree20	400	46	46	35	55	tree20	400	46	46	35	55	0	m	""
WD	wepp-194133	"12:16 pm  Friday April 27, 2018"	"Mount Sedgwick +"	30	sand	low	400	46	46	17.5	55	low	400	46	46	17.5	55	0	m	""
WD	wepp-194197	"12:16 pm  Friday April 27, 2018"	"Mount Sedgwick +"	30	sand	high	400	46	46	1	55	high	400	46	46	1	55	0	m	""
WD	wepp-194207	"12:17 pm  Friday April 27, 2018"	"Mount Sedgwick +"	30	loam	tree20	400	6	6	55	45	tree20	400	6	6	55	45	0	m	""
WD	wepp-194214	"12:17 pm  Friday April 27, 2018"	"Mount Sedgwick +"	30	loam	low	400	6	6	27.5	45	low	400	6	6	27.5	45	0	m	""
WD	wepp-194219	"12:18 pm  Friday April 27, 2018"	"Mount Sedgwick +"	30	loam	high	400	6	6	1	45	high	400	6	6	1	45	0	m	""
WD	wepp-194229	"12:19 pm  Friday April 27, 2018"	"Salitre Mesa +"	30	sand	tree20	400	46	46	35	55	tree20	400	46	46	35	55	0	m	""
WD	wepp-194235	"12:20 pm  Friday April 27, 2018"	"Salitre Mesa +"	30	sand	low	400	46	46	17.5	55	low	400	46	46	17.5	55	0	m	""
WD	wepp-194240	"12:21 pm  Friday April 27, 2018"	"Salitre Mesa +"	30	sand	high	400	46	46	1	55	high	400	46	46	1	55	0	m	""
WD	wepp-194252	"12:22 pm  Friday April 27, 2018"	"../working/166_3_79_226_g"	30	sand	low	397	3	3	15	35	low	397	3	3	15	35	0	m	""
WD	wepp-194268	"12:26 pm  Friday April 27, 2018"	"Salitre Mesa +"	30	sand	tree20	239	6	6	50	35	tree20	239	6	6	50	35	0	m	""
WD	wepp-194274	"12:26 pm  Friday April 27, 2018"	"../working/166_3_79_226_g"	30	sand	low	239	6	6	25	35	low	239	6	6	25	35	0	m	""
WD	wepp-194299	"12:27 pm  Friday April 27, 2018"	"../working/166_3_79_226_g"	30	sand	low	239	6	6	25	35	low	239	6	6	25	35	0	m	""
WD	wepp-194304	"12:27 pm  Friday April 27, 2018"	"Salitre Mesa +"	30	sand	high	239	6	6	1	35	high	239	6	6	1	35	0	m	""
WD	wepp-194311	"12:28 pm  Friday April 27, 2018"	"Salitre Mesa +"	30	sand	high	239	6	6	25	35	high	239	6	6	25	35	0	m	""
WD	wepp-194316	"12:29 pm  Friday April 27, 2018"	"Salitre Mesa +"	30	sand	tree20	400	3	3	30	35	tree20	400	3	3	30	35	0	m	""
WD	wepp-194322	"12:29 pm  Friday April 27, 2018"	"../working/166_3_79_226_g"	30	sand	low	400	3	3	15	35	low	400	3	3	15	35	0	m	""
WD	wepp-194327	"12:30 pm  Friday April 27, 2018"	"Salitre Mesa +"	30	sand	high	400	3	3	15	35	low	400	3	3	15	35	0	m	""
WD	wepp-194332	"12:30 pm  Friday April 27, 2018"	"Salitre Mesa +"	30	sand	high	400	3	3	1	35	low	400	3	3	1	35	0	m	""
WD	wepp-194397	"12:31 pm  Friday April 27, 2018"	"Salitre Mesa +"	30	sand	tree20	400	30	30	35	55	tree20	400	30	30	35	55	0	m	""
WD	wepp-194407	"12:32 pm  Friday April 27, 2018"	"Salitre Mesa +"	30	sand	low	400	30	30	15	55	low	400	30	30	15	55	0	m	""
WD	wepp-194413	"12:33 pm  Friday April 27, 2018"	"Salitre Mesa +"	30	sand	high	400	30	30	1	55	short	400	30	30	1	55	0	m	""
WD	wepp-194418	"12:34 pm  Friday April 27, 2018"	"Salitre Mesa +"	30	sand	tree20	400	55	55	35	65	tree20	400	55	55	35	65	0	m	""
WD	wepp-194424	"12:34 pm  Friday April 27, 2018"	"Salitre Mesa +"	30	sand	low	400	55	55	17.5	65	low	400	55	55	17.5	65	0	m	""
WD	wepp-194433	"12:35 pm  Friday April 27, 2018"	"Salitre Mesa +"	30	sand	high	400	55	55	1	65	high	400	55	55	1	65	0	m	""
WD	wepp-194443	"12:38 pm  Friday April 27, 2018"	"Salitre Mesa +"	30	sand	tree20	268	55	55	15	65	tree20	268	55	55	15	65	0	m	""
WD	wepp-194460	"12:39 pm  Friday April 27, 2018"	"Salitre Mesa +"	30	sand	low	268	55	55	7.5	65	low	268	55	55	7.5	65	0	m	""
WD	wepp-194466	"12:40 pm  Friday April 27, 2018"	"Salitre Mesa +"	30	sand	high	267	55	55	1	65	high	267	55	55	1	65	0	m	""
WD	wepp-194474	"12:42 pm  Friday April 27, 2018"	"Salitre Mesa +"	30	sand	tree20	400	12	12	20	70	tree20	400	12	12	20	70	0	m	""
WD	wepp-194479	"12:42 pm  Friday April 27, 2018"	"../working/166_3_79_226_g"	30	sand	low	400	12	12	10	70	low	400	12	12	10	70	0	m	""
WD	wepp-194486	"12:43 pm  Friday April 27, 2018"	"Salitre Mesa +"	30	sand	high	400	12	12	10	70	high	400	12	12	10	70	0	m	""
WD	wepp-194491	"12:44 pm  Friday April 27, 2018"	"Salitre Mesa +"	30	sand	high	400	12	12	1	70	low	400	12	12	1	70	0	m	""
WD	wepp-194501	"12:45 pm  Friday April 27, 2018"	"Salitre Mesa +"	30	sand	tree20	400	10	10	45	40	tree20	400	10	10	45	40	0	m	""
WD	wepp-194506	"12:45 pm  Friday April 27, 2018"	"Salitre Mesa +"	30	sand	low	400	10	10	22.5	40	short	400	10	10	22.5	40	0	m	""
WD	wepp-194574	"12:47 pm  Friday April 27, 2018"	"Salitre Mesa +"	30	sand	high	400	10	10	1	40	high	400	10	10	1	40	0	m	""
WD	wepp-194579	"12:48 pm  Friday April 27, 2018"	"Salitre Mesa +"	30	loam	tree20	400	18	18	40	50	tree20	400	18	18	40	50	0	m	""
WD	wepp-194584	"12:49 pm  Friday April 27, 2018"	"Salitre Mesa +"	30	loam	low	400	18	18	20	50	tree20	400	18	18	20	50	0	m	""
WD	wepp-194589	"12:50 pm  Friday April 27, 2018"	"Salitre Mesa +"	30	loam	high	400	18	18	1	50	high	400	18	18	1	50	0	m	""
WD	wepp-194595	"12:51 pm  Friday April 27, 2018"	"Salitre Mesa +"	30	sand	tree20	400	5	5	35	35	tree20	400	5	5	35	35	0	m	""
WD	wepp-194600	"12:51 pm  Friday April 27, 2018"	"../working/166_3_79_226_g"	30	sand	low	400	5	5	17.5	35	low	400	5	5	17.5	35	0	m	""
WD	wepp-194608	"12:52 pm  Friday April 27, 2018"	"Salitre Mesa +"	30	sand	high	400	5	5	17.5	35	high	400	5	5	17.5	35	0	m	""
WD	wepp-194614	"12:52 pm  Friday April 27, 2018"	"../working/166_3_79_226_g"	30	sand	high	400	5	5	1	35	high	400	5	5	1	35	0	m	""
WD	wepp-194620	"12:53 pm  Friday April 27, 2018"	"Salitre Mesa +"	30	sand	tree20	328	30	30	85	15	tree20	328	30	30	85	15	0	m	""
WD	wepp-194627	"12:53 pm  Friday April 27, 2018"	"Salitre Mesa +"	30	sand	low	328	30	30	42.5	15	low	328	30	30	42.5	15	0	m	""
WD	wepp-194633	"12:54 pm  Friday April 27, 2018"	"Salitre Mesa +"	30	sand	high	328	30	30	1	15	high	328	30	30	1	15	0	m	""
WD	wepp-194644	"12:55 pm  Friday April 27, 2018"	"Salitre Mesa +"	30	sand	tree20	230	45	45	55	65	tree20	230	45	45	55	65	0	m	""
WD	wepp-194649	"12:55 pm  Friday April 27, 2018"	"Salitre Mesa +"	30	sand	low	230	45	45	27.5	65	low	230	45	45	27.5	65	0	m	""
WD	wepp-194654	"12:56 pm  Friday April 27, 2018"	"Salitre Mesa +"	30	sand	high	230	45	45	1	65	high	230	45	45	1	65	0	m	""
WD	wepp-194663	"01:00 pm  Friday April 27, 2018"	"../working/166_3_79_226_g"	30	sand	high	397	3	3	1	35	high	397	3	3	1	35	0	m	""
WD	wepp-194922	"01:05 pm  Friday April 27, 2018"	"Salitre Mesa +"	30	clay	tree20	283	2	2	60	0	tree20	283	2	2	60	0	0	m	""
WD	wepp-194928	"01:06 pm  Friday April 27, 2018"	"Salitre Mesa +"	30	clay	tree20	283	2	2	60	0	short	283	2	2	60	0	0	m	""
WD	wepp-194933	"01:06 pm  Friday April 27, 2018"	"Salitre Mesa +"	30	sand	tree20	283	2	2	60	0	short	283	2	2	60	0	0	m	""
WD	wepp-194938	"01:07 pm  Friday April 27, 2018"	"Salitre Mesa +"	30	sand	low	283	2	2	30	0	low	283	2	2	30	0	0	m	""
WD	wepp-194947	"01:07 pm  Friday April 27, 2018"	"../working/166_3_79_226_g"	30	sand	high	283	2	2	1	0	high	283	2	2	1	0	0	m	""
WD	wepp-194952	"01:07 pm  Friday April 27, 2018"	"Salitre Mesa +"	30	sand	high	283	2	2	2	0	high	283	2	2	2	0	0	m	""
WD	wepp-194973	"01:10 pm  Friday April 27, 2018"	"Salitre Mesa +"	30	loam	tree20	233	5	5	25	15	tree20	233	5	5	25	15	0	m	""
WD	wepp-194978	"01:11 pm  Friday April 27, 2018"	"Salitre Mesa +"	30	loam	low	233	5	5	12.5	15	low	233	5	5	12.5	15	0	m	""
WD	wepp-194983	"01:11 pm  Friday April 27, 2018"	"Salitre Mesa +"	30	loam	high	233	5	5	45	15	high	233	5	5	45	15	0	m	""
WD	wepp-194990	"01:12 pm  Friday April 27, 2018"	"../working/166_3_79_226_g"	30	loam	high	233	5	5	1	15	high	233	5	5	1	15	0	m	""
WD	wepp-194997	"01:12 pm  Friday April 27, 2018"	"Salitre Mesa +"	30	sand	low	233	5	5	12.5	15	low	233	5	5	12.5	15	0	m	""
WD	wepp-195002	"01:13 pm  Friday April 27, 2018"	"Salitre Mesa +"	30	sand	high	233	5	5	2	15	high	233	5	5	2	15	0	m	""
WD	wepp-195012	"01:15 pm  Friday April 27, 2018"	"Salitre Mesa +"	30	sand	tree20	275	6	6	50	35	tree20	275	6	6	50	35	0	m	""
WD	wepp-195021	"01:15 pm  Friday April 27, 2018"	"../working/166_3_79_226_g"	30	sand	low	275	6	6	25	35	low	275	6	6	25	35	0	m	""
WD	wepp-195086	"01:16 pm  Friday April 27, 2018"	"../working/166_3_79_226_g"	30	sand	low	233	6	6	25	35	low	233	6	6	25	35	0	m	""
WD	wepp-195092	"01:16 pm  Friday April 27, 2018"	"Salitre Mesa +"	30	sand	high	233	6	6	25	35	high	233	6	6	25	35	0	m	""
WD	wepp-195102	"01:17 pm  Friday April 27, 2018"	"Salitre Mesa +"	30	sand	high	275	6	6	1	35	high	275	6	6	1	35	0	m	""
WD	wepp-195112	"01:19 pm  Friday April 27, 2018"	"Salitre Mesa +"	30	sand	tree20	195	30	30	30	50	tree20	195	30	30	30	50	0	m	""
WD	wepp-195117	"01:19 pm  Friday April 27, 2018"	"Salitre Mesa +"	30	sand	low	195	30	30	15	50	low	195	30	30	15	50	0	m	""
WD	wepp-195123	"01:20 pm  Friday April 27, 2018"	"Salitre Mesa +"	30	sand	high	195	30	30	1	50	high	195	30	30	1	50	0	m	""
WD	wepp-195131	"01:21 pm  Friday April 27, 2018"	"Salitre Mesa +"	30	sand	tree20	187	30	30	30	45	tree20	187	30	30	30	45	0	m	""
WD	wepp-195140	"01:22 pm  Friday April 27, 2018"	"Salitre Mesa +"	30	sand	low	187	30	30	15	45	low	187	30	30	15	45	0	m	""
WD	wepp-195145	"01:22 pm  Friday April 27, 2018"	"Salitre Mesa +"	30	sand	high	187	30	30	1	45	high	187	30	30	1	45	0	m	""
WD	wepp-195156	"01:25 pm  Friday April 27, 2018"	"Salitre Mesa +"	30	sand	tree20	185	4	4	55	20	tree20	185	4	4	55	20	0	m	""
WD	wepp-195161	"01:25 pm  Friday April 27, 2018"	"Salitre Mesa +"	30	sand	low	185	4	4	27.5	20	low	185	4	4	27.5	20	0	m	""
WD	wepp-195166	"01:26 pm  Friday April 27, 2018"	"../working/166_3_79_226_g"	30	sand	high	185	4	4	1	20	high	185	4	4	1	20	0	m	""
WD	wepp-195171	"01:26 pm  Friday April 27, 2018"	"../working/166_3_79_226_g"	30	sand	high	185	4	4	2	20	high	185	4	4	2	20	0	m	""
WD	wepp-195176	"01:26 pm  Friday April 27, 2018"	"../working/166_3_79_226_g"	30	sand	high	185	4	4	2	20	high	185	4	4	2	20	0	m	""
WD	wepp-195184	"01:28 pm  Friday April 27, 2018"	"Salitre Mesa +"	30	sand	tree20	199	3	3	30	35	tree20	199	3	3	30	35	0	m	""
WD	wepp-195196	"01:28 pm  Friday April 27, 2018"	"Salitre Mesa +"	30	sand	low	199	3	3	15	35	low	199	3	3	15	35	0	m	""
WD	wepp-195205	"01:29 pm  Friday April 27, 2018"	"Salitre Mesa +"	30	sand	high	199	2	2	1	35	high	199	2	2	1	35	0	m	""
WD	wepp-195210	"01:30 pm  Friday April 27, 2018"	"../working/166_3_79_226_g"	30	sand	high	199	2	2	15	35	high	199	2	2	15	35	0	m	""
WD	wepp-195216	"01:30 pm  Friday April 27, 2018"	"Salitre Mesa +"	30	sand	low	199	3	3	15	35	low	199	3	3	15	35	0	m	""
WD	wepp-195281	"01:31 pm  Friday April 27, 2018"	"Salitre Mesa +"	30	sand	tree20	273	30	30	35	55	tree20	273	30	30	35	55	0	m	""
WD	wepp-195292	"01:32 pm  Friday April 27, 2018"	"Salitre Mesa +"	30	sand	low	273	30	30	17.5	55	low	273	30	30	17.5	55	0	m	""
WD	wepp-195299	"01:33 pm  Friday April 27, 2018"	"Salitre Mesa +"	30	sand	high	273	30	30	1	55	high	273	30	30	1	55	0	m	""
WD	wepp-195309	"01:35 pm  Friday April 27, 2018"	"Salitre Mesa +"	30	sand	tree20	91	55	55	15	65	tree20	91	55	55	15	65	0	m	""
WD	wepp-195315	"01:35 pm  Friday April 27, 2018"	"Salitre Mesa +"	30	sand	low	91	55	55	7.5	65	low	91	55	55	7.5	65	0	m	""
WD	wepp-195320	"01:36 pm  Friday April 27, 2018"	"Salitre Mesa +"	30	sand	high	91	55	55	1	65	low	91	55	55	1	65	0	m	""
WD	wepp-195328	"01:38 pm  Friday April 27, 2018"	"Salitre Mesa +"	30	sand	tree20	142	12	12	20	70	tree20	142	12	12	20	70	0	m	""
WD	wepp-195334	"01:38 pm  Friday April 27, 2018"	"Salitre Mesa +"	30	sand	low	142	12	12	20	70	low	142	12	12	20	70	0	m	""
WD	wepp-195353	"01:39 pm  Friday April 27, 2018"	"Salitre Mesa +"	30	sand	high	142	12	12	1	70	high	142	12	12	1	70	0	m	""
WD	wepp-195359	"01:41 pm  Friday April 27, 2018"	"Mount Sedgwick +"	30	sand	tree20	30	10	10	45	40	tree20	30	10	10	45	40	0	m	""
WD	wepp-195364	"01:41 pm  Friday April 27, 2018"	"Mount Sedgwick +"	30	sand	low	30	10	10	22.5	40	low	30	10	10	22.5	40	0	m	""
WD	wepp-195417	"01:42 pm  Friday April 27, 2018"	"Mount Sedgwick +"	30	sand	high	30	100	10	1	40	high	30	10	10	1	40	0	m	""
WD	wepp-195436	"01:45 pm  Friday April 27, 2018"	"../working/166_3_79_226_f"	30	sand	low	400	6	6	27.5	30	low	400	6	6	27.5	30	0	m	""
WD	wepp-195441	"01:45 pm  Friday April 27, 2018"	"../working/166_3_79_226_f"	30	sand	low	399	6	6	27.5	30	low	399	6	6	27.5	30	0	m	""
WD	wepp-195507	"01:46 pm  Friday April 27, 2018"	"Mount Sedgwick +"	30	sand	tree20	297	30	30	85	15	tree20	297	30	30	85	15	0	m	""
WD	wepp-195514	"01:47 pm  Friday April 27, 2018"	"Mount Sedgwick +"	30	sand	low	297	30	30	42.5	15	low	297	30	30	42.5	15	0	m	""
WD	wepp-195519	"01:48 pm  Friday April 27, 2018"	"Mount Sedgwick +"	30	sand	high	297	30	30	1	15	high	297	30	30	1	15	0	m	""
WD	wepp-195534	"01:51 pm  Friday April 27, 2018"	"Mount Sedgwick +"	30	sand	tree20	68	6	6	30	50	tree20	68	6	6	30	50	0	m	""
WD	wepp-195539	"01:52 pm  Friday April 27, 2018"	"Mount Sedgwick +"	30	sand	low	68	6	6	15	50	low	68	6	6	15	50	0	m	""
WD	wepp-195563	"01:52 pm  Friday April 27, 2018"	"Mount Sedgwick +"	30	sand	high	68	30	30	1	50	high	68	30	30	1	50	0	m	""
WD	wepp-195568	"01:53 pm  Friday April 27, 2018"	"Mount Sedgwick +"	30	sand	high	68	30	30	15	50	high	68	30	30	15	50	0	m	""
WD	wepp-195582	"01:53 pm  Friday April 27, 2018"	"Mount Sedgwick +"	30	sand	high	68	6	6	1	50	high	68	6	6	1	50	0	m	""
WD	wepp-195611	"01:56 pm  Friday April 27, 2018"	"Mount Sedgwick +"	30	sand	tree20	233	46	46	35	55	tree20	233	46	46	35	55	0	m	""
WD	wepp-195619	"01:57 pm  Friday April 27, 2018"	"Mount Sedgwick +"	30	sand	low	233	46	46	17.5	55	low	233	46	46	17.5	55	0	m	""
WD	wepp-195626	"01:58 pm  Friday April 27, 2018"	"Mount Sedgwick +"	30	sand	high	233	46	46	17.5	55	high	233	46	46	17.5	55	0	m	""
WD	wepp-195631	"01:59 pm  Friday April 27, 2018"	"Mount Sedgwick +"	30	sand	low	233	46	46	17.5	55	low	233	46	46	17.5	55	0	m	""
WD	wepp-195636	"01:59 pm  Friday April 27, 2018"	"Salitre Mesa +"	30	sand	low	50	46	46	17.5	55	low	50	46	46	17.5	55	0	m	""
WD	wepp-195642	"02:00 pm  Friday April 27, 2018"	"Salitre Mesa +"	30	sand	high	233	46	46	1	55	high	233	46	46	1	55	0	m	""
WD	wepp-195877	"02:03 pm  Friday April 27, 2018"	"Salitre Mesa +"	30	loam	tree20	342	6	6	55	45	tree20	342	6	6	55	45	0	m	""
WD	wepp-195887	"02:04 pm  Friday April 27, 2018"	"../working/166_3_79_226_g"	30	loam	low	342	6	6	55	45	low	342	6	6	55	45	0	m	""
WD	wepp-195895	"02:05 pm  Friday April 27, 2018"	"Mount Sedgwick +"	30	loam	low	342	6	6	27.5	45	low	342	6	6	27.5	45	0	m	""
WD	wepp-195900	"02:06 pm  Friday April 27, 2018"	"Mount Sedgwick +"	30	loam	high	342	6	6	1	45	high	342	6	6	1	45	0	m	""
WD	wepp-195910	"02:08 pm  Friday April 27, 2018"	"Mount Sedgwick +"	30	loam	high	400	6	6	1	30	high	400	6	6	1	30	0	m	""
WD	wepp-195926	"02:09 pm  Friday April 27, 2018"	"Mount Sedgwick +"	30	sand	high	400	6	6	100	30	high	400	6	6	1	30	0	m	""
WD	wepp-195931	"02:09 pm  Friday April 27, 2018"	"Mount Sedgwick +"	30	sand	high	400	6	6	1	30	high	400	6	6	1	30	0	m	""
WD	wepp-195936	"02:10 pm  Friday April 27, 2018"	"../working/166_3_79_226_f"	30	sand	low	400	6	6	27.5	30	low	400	6	6	27.5	30	0	m	""
WD	wepp-195943	"02:10 pm  Friday April 27, 2018"	"../working/166_3_79_226_f"	30	sand	low	400	6	6	27.5	30	low	400	6	6	27.5	30	0	m	""
WD	wepp-195959	"02:11 pm  Friday April 27, 2018"	"../working/166_3_79_226_f"	30	sand	low	399	6	6	27.5	30	low	399	6	6	27.5	30	0	m	""
WD	wepp-197975	"05:15 pm  Friday April 27, 2018"	"Mount Sedgwick +"	30	sand	high	399	6	6	1	30	high	399	6	6	1	30	0	m	""
WD	wepp-198049	"05:17 pm  Friday April 27, 2018"	"../working/166_3_79_226_f"	30	sand	high	399	6	6	27.5	30	high	399	6	6	27.5	30	0	m	""
WD	wepp-198055	"05:18 pm  Friday April 27, 2018"	"../working/166_3_79_226_f"	30	sand	low	399	6	6	27.5	30	low	399	6	6	27.5	30	0	m	""
WD	wepp-198060	"05:18 pm  Friday April 27, 2018"	"../working/166_3_79_226_f"	30	sand	low	400	6	6	27.5	30	low	400	6	6	27.5	30	0	m	""
WD	wepp-198065	"05:19 pm  Friday April 27, 2018"	"../working/166_3_79_226_f"	30	sand	low	399	6	6	27	30	low	399	6	6	27	30	0	m	""
WD	wepp-198070	"05:20 pm  Friday April 27, 2018"	"../working/166_3_79_226_f"	30	sand	high	399	6	6	27.5	30	high	399	6	6	27.5	30	0	m	""
WD	wepp-198153	"05:22 pm  Friday April 27, 2018"	"Mount Sedgwick +"	30	clay	high	400	6	6	27.5	30	high	400	6	6	27.5	30	0	m	""
WD	wepp-198161	"05:24 pm  Friday April 27, 2018"	"Mount Sedgwick +"	30	clay	high	400	6	6	1	30	high	400	6	6	1	30	0	m	""
WD	wepp-198167	"05:24 pm  Friday April 27, 2018"	"Mount Sedgwick +"	30	sand	high	400	6	6	1	30	high	400	6	5	1	30	0	m	""
WD	wepp-198175	"05:25 pm  Friday April 27, 2018"	"Mount Sedgwick +"	30	sand	low	400	6	6	27.5	30	low	400	6	5	27.5	30	0	m	""
WD	wepp-198182	"05:27 pm  Friday April 27, 2018"	"../working/166_3_79_226_g"	30	sand	high	185	4	4	1	20	high	185	4	4	1	20	0	m	""
WD	wepp-198211	"05:28 pm  Friday April 27, 2018"	"../working/166_3_79_226_g"	30	sand	high	185	4	4	1	20	high	185	4	4	1	20	0	m	""
WD	wepp-198217	"05:28 pm  Friday April 27, 2018"	"../working/166_3_79_226_g"	30	sand	high	185	4	4	2	20	high	185	4	4	2	20	0	m	""
WD	wepp-198222	"05:28 pm  Friday April 27, 2018"	"../working/166_3_79_226_g"	30	sand	high	185	4	4	2	20	high	185	4	4	2	20	0	m	""
WD	wepp-198252	"05:29 pm  Friday April 27, 2018"	"Salitre Mesa +"	30	sand	high	185	6	6	1	20	high	185	6	6	1	20	0	m	""
WD	wepp-198351	"05:38 pm  Friday April 27, 2018"	"Salitre Mesa +"	30	sand	high	220	6	6	50	35	high	220	6	6	50	35	0	m	""
WD	wepp-198369	"05:39 pm  Friday April 27, 2018"	"Salitre Mesa +"	30	sand	tree20	220	6	6	50	35	tree20	220	6	6	50	35	0	m	""
WD	wepp-198374	"05:39 pm  Friday April 27, 2018"	"../working/166_3_79_226_g"	30	sand	low	220	6	6	25	35	low	220	6	6	25	35	0	m	""
WD	wepp-198401	"05:40 pm  Friday April 27, 2018"	"../working/166_3_79_226_g"	30	sand	low	220	6	6	25	35	low	220	6	6	25	35	0	m	""
WD	wepp-198430	"05:42 pm  Friday April 27, 2018"	"Salitre Mesa +"	30	sand	high	220	6	6	1	35	high	220	6	6	1	35	0	m	""
WD	wepp-198438	"05:43 pm  Friday April 27, 2018"	"../working/166_3_79_226_g"	30	sand	low	220	6	6	25	35	low	220	6	6	25	35	0	m	""
WD	wepp-198471	"05:45 pm  Friday April 27, 2018"	"Salitre Mesa +"	30	sand	tree20	256	30	30	35	55	tree20	256	30	30	35	55	0	m	""
WD	wepp-198696	"05:46 pm  Friday April 27, 2018"	"Salitre Mesa +"	30	sand	low	256	30	30	17.5	55	tree20	256	30	30	17.5	55	0	m	""
WD	wepp-198703	"05:46 pm  Friday April 27, 2018"	"Salitre Mesa +"	30	sand	low	50	0	30	17.5	20	low	50	30	5	17.5	20	0	m	""
WD	wepp-198787	"05:50 pm  Friday April 27, 2018"	"Salitre Mesa +"	30	sand	high	256	30	30	1	55	high	256	30	30	1	55	0	m	""
WD	wepp-198794	"05:52 pm  Friday April 27, 2018"	"Salitre Mesa +"	30	sand	high	256	30	30	1	55	high	256	30	30	1	55	0	m	""
WD	wepp-198805	"05:53 pm  Friday April 27, 2018"	"Salitre Mesa +"	30	sand	high	256	30	30	17.5	55	high	256	30	30	17.5	55	0	m	""
WD	wepp-198817	"05:54 pm  Friday April 27, 2018"	"Salitre Mesa +"	30	sand	low	256	30	30	17.5	55	low	256	30	30	17.5	55	0	m	""
WD	wepp-198940	"06:05 pm  Friday April 27, 2018"	"Salitre Mesa +"	30	sand	tree20	254	55	55	35	65	tree20	254	55	55	35	65	0	m	""
WD	wepp-198947	"06:06 pm  Friday April 27, 2018"	"Salitre Mesa +"	30	sand	tree20	254	55	55	17.5	65	tree20	254	55	55	17.5	65	0	m	""
WD	wepp-198952	"06:07 pm  Friday April 27, 2018"	"Salitre Mesa +"	30	sand	low	254	55	55	17.5	65	low	254	55	55	17.5	65	0	m	""
WD	wepp-198973	"06:11 pm  Friday April 27, 2018"	"Salitre Mesa +"	30	sand	high	254	55	55	1	65	high	254	55	55	1	65	0	m	""
WD	wepp-198980	"06:13 pm  Friday April 27, 2018"	"Salitre Mesa +"	30	sand	tree20	134	55	55	15	65	tree20	134	55	55	15	65	0	m	""
WD	wepp-198989	"06:14 pm  Friday April 27, 2018"	"Salitre Mesa +"	30	sand	low	134	55	55	10	65	low	134	55	55	10	65	0	m	""
WD	wepp-198997	"06:15 pm  Friday April 27, 2018"	"Salitre Mesa +"	30	sand	high	134	55	55	1	65	high	134	55	55	1	65	0	m	""
WD	wepp-199066	"06:16 pm  Friday April 27, 2018"	"Salitre Mesa +"	30	sand	tree20	400	12	12	20	70	tree20	400	12	12	20	70	0	m	""
WD	wepp-199077	"06:17 pm  Friday April 27, 2018"	"Salitre Mesa +"	30	sand	tree20	250	10	10	45	40	tree20	250	10	10	45	40	0	m	""
WD	wepp-199086	"06:18 pm  Friday April 27, 2018"	"Salitre Mesa +"	30	sand	low	250	10	10	10	40	low	250	10	10	10	40	0	m	""
WD	wepp-199091	"06:18 pm  Friday April 27, 2018"	"Salitre Mesa +"	30	sand	high	250	10	10	1	40	high	250	10	10	1	40	0	m	""
WD	wepp-199096	"06:19 pm  Friday April 27, 2018"	"Salitre Mesa +"	30	sand	tree20	164	30	30	85	15	tree20	164	30	30	85	15	0	m	""
WD	wepp-199102	"06:20 pm  Friday April 27, 2018"	"Salitre Mesa +"	30	sand	low	164	30	30	42.5	15	low	164	30	30	42.5	15	0	m	""
WD	wepp-199111	"06:22 pm  Friday April 27, 2018"	"Salitre Mesa +"	30	sand	high	164	30	30	1	15	high	164	30	30	1	15	0	m	""
WD	wepp-199120	"06:23 pm  Friday April 27, 2018"	"Salitre Mesa +"	30	sand	tree20	115	45	45	55	65	tree20	115	45	45	55	65	0	m	""
WD	wepp-199125	"06:23 pm  Friday April 27, 2018"	"Salitre Mesa +"	30	sand	tree20	115	45	45	55	65	tree20	115	45	45	55	65	0	m	""
WD	wepp-199130	"06:24 pm  Friday April 27, 2018"	"Salitre Mesa +"	30	sand	low	50	45	45	27.5	65	low	50	45	45	27.5	65	0	m	""
WD	wepp-199135	"06:24 pm  Friday April 27, 2018"	"Salitre Mesa +"	30	sand	high	115	45	45	1	65	high	115	45	45	1	65	0	m	""
WD	wepp-199167	"06:26 pm  Friday April 27, 2018"	"../working/166_3_79_226_g"	30	sand	low	220	6	6	25	35	low	220	6	6	25	35	0	m	""
