WD	wepp-75098	"02:51 pm  Wednesday December 3, 2014"	"Thomas Creek WEPP + +"	10	loam	Sod	1150	60	60	40	10	OldForest	50	40	5	100	10	0	ft	"Thomas Creek Harvest Scenario 1"
WD	wepp-79122	"04:05 pm  Wednesday December 3, 2014"	"Thomas Creek WEPP + +"	10	loam	Sod	1175	60	60	40	10	OldForest	25	40	5	100	10	0	ft	"Thomas Creek Harvest Scenario 2"
WD	wepp-79170	"04:06 pm  Wednesday December 3, 2014"	"Thomas Creek WEPP + +"	10	loam	Sod	1195	60	60	40	10	OldForest	5	40	5	100	10	0	ft	"Thomas Creek Harvest Scenario 3"
WD	wepp-79519	"04:08 pm  Wednesday December 3, 2014"	"Thomas Creek WEPP + +"	10	loam	Sod	1150	60	60	40	10	OldForest	50	50	5	100	10	0	ft	"Thomas Creek Harvest Scenario 4"
WD	wepp-79581	"04:09 pm  Wednesday December 3, 2014"	"Thomas Creek WEPP + +"	10	loam	Sod	1175	60	60	40	10	OldForest	25	50	5	100	10	0	ft	"Thomas Creek Harvest Scenario 5"
WD	wepp-79690	"04:09 pm  Wednesday December 3, 2014"	"Thomas Creek WEPP + +"	10	loam	Sod	1195	60	60	40	10	OldForest	5	50	5	100	10	0	ft	"Thomas Creek Harvest Scenario 6"
WD	wepp-79745	"04:10 pm  Wednesday December 3, 2014"	"Thomas Creek WEPP + +"	10	loam	Sod	1150	60	60	40	10	OldForest	50	60	5	100	10	0	ft	"Thomas Creek Harvest Scenario 7"
WD	wepp-79787	"04:11 pm  Wednesday December 3, 2014"	"Thomas Creek WEPP + +"	10	loam	Sod	1175	60	60	40	10	OldForest	25	60	5	100	10	0	ft	"Thomas Creek Harvest Scenario 7"
WD	wepp-79823	"04:11 pm  Wednesday December 3, 2014"	"Thomas Creek WEPP + +"	10	loam	Sod	1195	60	60	40	10	OldForest	5	60	5	100	10	0	ft	"Thomas Creek Harvest Scenario 7"
WD	wepp-79878	"04:13 pm  Wednesday December 3, 2014"	"Thomas Creek WEPP + +"	10	loam	Sod	1175	60	60	40	10	OldForest	25	60	5	100	10	0	ft	"Thomas Creek Harvest Scenario 8"
WD	wepp-79917	"04:13 pm  Wednesday December 3, 2014"	"Thomas Creek WEPP + +"	10	loam	Sod	1195	60	60	40	10	OldForest	5	60	5	100	10	0	ft	"Thomas Creek Harvest Scenario 9"
WD	wepp-79999	"04:15 pm  Wednesday December 3, 2014"	"Thomas Creek WEPP + +"	10	loam	OldForest	1150	60	60	100	10	OldForest	50	60	5	100	10	0	ft	"Thomas Creek Harvest Scenario 9"
WD	wepp-114590	"11:21 am  Thursday December 4, 2014"	"Thomas Creek WEPP +"	30	loam	Sod	1150	60	60	40	10	OldForest	50	40	5	100	10	0	ft	"Thomas Cr Harvest (30yr) Scenario 1"
WD	wepp-114692	"11:22 am  Thursday December 4, 2014"	"Thomas Creek WEPP +"	30	loam	Sod	1175	60	60	40	10	OldForest	25	40	5	100	10	0	ft	"Thomas Cr Harvest (30yr) Scenario 2"
WD	wepp-114904	"11:28 am  Thursday December 4, 2014"	"Thomas Creek WEPP +"	30	loam	Sod	1195	0	30	100	20	OldForest	5	30	5	100	20	0	ft	"Thomas Cr Harvest (30yr) Scenario 2"
WD	wepp-114973	"11:29 am  Thursday December 4, 2014"	"Thomas Creek WEPP +"	30	loam	Sod	1195	0	30	100	20	OldForest	5	30	5	100	20	0	ft	"Thomas Cr Harvest (30yr) Scenario 3"
WD	wepp-115083	"11:32 am  Thursday December 4, 2014"	"Thomas Creek WEPP +"	30	loam	Sod	1150	60	60	100	10	OldForest	50	40	5	100	10	0	ft	"Thomas Cr Harvest (30yr) Scenario 4"
WD	wepp-115133	"11:33 am  Thursday December 4, 2014"	"Thomas Creek WEPP +"	30	loam	Sod	1175	60	60	100	10	OldForest	25	40	5	100	10	0	ft	"Thomas Cr Harvest (30yr) Scenario 4"
WD	wepp-115221	"11:35 am  Thursday December 4, 2014"	"Thomas Creek WEPP +"	30	loam	Sod	1150	60	60	100	10	OldForest	50	50	5	100	10	0	ft	"Thomas Cr Harvest (30yr) Scenario 4"
WD	wepp-115285	"11:36 am  Thursday December 4, 2014"	"Thomas Creek WEPP +"	30	loam	Sod	1175	60	60	100	10	OldForest	25	50	5	100	10	0	ft	"Thomas Cr Harvest (30yr) Scenario 5"
WD	wepp-115331	"11:36 am  Thursday December 4, 2014"	"Thomas Creek WEPP +"	30	loam	Sod	1195	0	30	100	20	OldForest	5	30	5	100	20	0	ft	"Thomas Cr Harvest (30yr) Scenario 6"
WD	wepp-115388	"11:37 am  Thursday December 4, 2014"	"Thomas Creek WEPP +"	30	loam	Sod	1195	60	60	100	10	OldForest	5	50	5	100	10	0	ft	"Thomas Cr Harvest (30yr) Scenario 6"
WD	wepp-115459	"11:39 am  Thursday December 4, 2014"	"Thomas Creek WEPP +"	30	loam	Sod	1150	60	60	100	10	OldForest	50	60	5	100	10	0	ft	"Thomas Cr Harvest (30yr) Scenario 7"
WD	wepp-115539	"11:40 am  Thursday December 4, 2014"	"Thomas Creek WEPP +"	30	loam	Sod	1175	60	60	100	10	OldForest	25	60	5	100	10	0	ft	"Thomas Cr Harvest (30yr) Scenario 7"
WD	wepp-115587	"11:40 am  Thursday December 4, 2014"	"Thomas Creek WEPP +"	30	loam	Sod	1175	60	60	100	10	OldForest	25	30	5	100	10	0	ft	"Thomas Creek Harvest (30yr) Scenario 8"
WD	wepp-115645	"11:41 am  Thursday December 4, 2014"	"Thomas Creek WEPP +"	30	loam	Sod	1195	60	60	100	10	OldForest	5	60	5	100	10	0	ft	"Thomas Creek Harvest (30yr) Scenario 9"
WD	wepp-115704	"11:43 am  Thursday December 4, 2014"	"Thomas Creek WEPP +"	30	loam	Sod	1150	60	60	100	10	OldForest	50	40	5	100	10	0	ft	"Thomas Creek Harvest (30yr) Scenario 10"
WD	wepp-115795	"11:45 am  Thursday December 4, 2014"	"Thomas Creek WEPP +"	30	loam	OldForest	1150	60	60	100	10	OldForest	50	40	5	100	10	0	ft	"Thomas Creek No Harvest (30yr) Scenario 10 "
WD	wepp-115888	"11:47 am  Thursday December 4, 2014"	"Thomas Creek WEPP +"	30	loam	OldForest	1150	60	60	100	10	OldForest	50	50	5	100	10	0	ft	"Thomas Creek No Harvest (30yr) Scenario 10 "
WD	wepp-115948	"11:48 am  Thursday December 4, 2014"	"Thomas Creek WEPP +"	30	loam	OldForest	1150	60	60	100	10	OldForest	50	60	5	100	10	0	ft	"Thomas Creek No Harvest (30yr) Scenario 12"
WD	wepp-116519	"11:59 am  Thursday December 4, 2014"	"Thomas Creek WEPP +"	30	silt	Sod	1150	60	60	40	10	OldForest	50	40	5	100	10	0	ft	"Thomas Creek Silt Loam Harvest (30yr) Scenario 1"
WD	wepp-116787	"12:11 pm  Thursday December 4, 2014"	"Thomas Creek WEPP +"	30	silt	Sod	1150	0	30	40	20	OldForest	50	40	5	100	20	0	ft	"Thomas Creek Silt Loam Harvest (30yr) Scenario 1"
WD	wepp-90431	"11:45 am  Monday December 8, 2014"	"Thomas Creek WEPP +"	30	silt	Sod	1175	60	60	40	10	OldForest	25	40	5	100	10	0	ft	""
WD	wepp-90511	"11:46 am  Monday December 8, 2014"	"Thomas Creek WEPP +"	30	silt	Sod	1175	60	60	40	10	OldForest	25	40	5	100	10	0	ft	"HarvestTC Silt Loam Harvest (30yr) Scenario 2"
WD	wepp-90552	"11:47 am  Monday December 8, 2014"	"Thomas Creek WEPP +"	30	silt	Sod	1195	60	60	40	10	OldForest	5	40	5	100	10	0	ft	"HarvestTC Silt Loam Harvest (30yr) Scenario 3"
WD	wepp-90600	"11:48 am  Monday December 8, 2014"	"Thomas Creek WEPP +"	30	silt	Sod	1150	60	60	40	10	OldForest	50	50	5	100	10	0	ft	"HarvestTC Silt Loam Harvest (30yr) Scenario 4"
WD	wepp-90676	"11:48 am  Monday December 8, 2014"	"Thomas Creek WEPP +"	30	silt	Sod	1175	60	60	40	10	OldForest	25	50	5	100	10	0	ft	"HarvestTC Silt Loam Harvest (30yr) Scenario 5"
WD	wepp-90729	"11:50 am  Monday December 8, 2014"	"Thomas Creek WEPP +"	30	silt	Sod	1195	60	60	40	10	OldForest	5	50	5	100	10	0	ft	"HarvestTC Silt Loam Harvest (30yr) Scenario 6"
WD	wepp-90772	"11:51 am  Monday December 8, 2014"	"Thomas Creek WEPP +"	30	silt	Sod	1150	60	60	40	10	OldForest	50	60	5	100	10	0	ft	"HarvestTC Silt Loam Harvest (30yr) Scenario 7"
WD	wepp-90846	"11:51 am  Monday December 8, 2014"	"Thomas Creek WEPP +"	30	silt	Sod	1175	60	60	40	10	OldForest	25	60	5	100	10	0	ft	"HarvestTC Silt Loam Harvest (30yr) Scenario 8"
WD	wepp-90883	"11:52 am  Monday December 8, 2014"	"Thomas Creek WEPP +"	30	silt	Sod	1195	60	60	40	10	OldForest	5	60	5	100	10	0	ft	"HarvestTC Silt Loam Harvest (30yr) Scenario 8"
WD	wepp-90956	"11:53 am  Monday December 8, 2014"	"Thomas Creek WEPP +"	30	silt	Sod	1195	60	60	40	10	OldForest	5	60	5	100	10	0	ft	"HarvestTC Silt Loam Harvest (30yr) Scenario 9"
WD	wepp-91219	"11:58 am  Monday December 8, 2014"	"Thomas Creek WEPP +"	30	silt	OldForest	1150	60	60	100	10	OldForest	50	40	5	100	10	0	ft	"No HarvestTC Silt Loam Harvest (30yr) Scenario 10"
WD	wepp-91255	"11:59 am  Monday December 8, 2014"	"Thomas Creek WEPP +"	30	silt	OldForest	1150	60	60	100	10	OldForest	50	50	5	100	10	0	ft	"No HarvestTC Silt Loam Harvest (30yr) Scenario 10"
WD	wepp-91300	"11:59 am  Monday December 8, 2014"	"Thomas Creek WEPP +"	30	silt	OldForest	1150	60	60	100	10	OldForest	50	60	5	100	10	0	ft	"No HarvestTC Silt Loam Harvest (30yr) Scenario 10"
WD	wepp-91349	"12:00 pm  Monday December 8, 2014"	"Thomas Creek WEPP +"	30	silt	OldForest	1150	60	60	100	10	OldForest	50	50	5	100	10	0	ft	"No HarvestTC Silt Loam Harvest (30yr) Scenario 10"
WD	wepp-91386	"12:00 pm  Monday December 8, 2014"	"Thomas Creek WEPP +"	30	silt	OldForest	1150	60	60	100	10	OldForest	50	50	5	100	10	0	ft	"No HarvestTC Silt Loam Harvest (30yr) Scenario 11"
WD	wepp-91423	"12:00 pm  Monday December 8, 2014"	"Thomas Creek WEPP +"	30	silt	OldForest	1150	60	60	100	10	OldForest	50	60	5	100	10	0	ft	"No HarvestTC Silt Loam Harvest (30yr) Scenario 12"
WD	wepp-93455	"01:00 pm  Monday December 8, 2014"	"Thomas Creek WEPP +"	30	silt	OldForest	1125	60	60	100	10	OldForest	75	40	5	100	10	0	ft	"No HarvestTC Silt Loam Harvest (30yr) Scenario 13"
WD	wepp-93530	"01:01 pm  Monday December 8, 2014"	"Thomas Creek WEPP +"	30	silt	Sod	1125	60	60	40	10	OldForest	75	40	5	100	10	0	ft	"No HarvestTC Silt Loam Harvest (30yr) Scenario 13"
WD	wepp-93603	"01:02 pm  Monday December 8, 2014"	"Thomas Creek WEPP +"	30	silt	Sod	1125	60	60	40	10	OldForest	75	40	5	100	10	0	ft	"HarvestTC Silt Loam Harvest (30yr) Scenario 13"
WD	wepp-93666	"01:03 pm  Monday December 8, 2014"	"Thomas Creek WEPP +"	30	silt	Sod	1100	60	60	40	10	OldForest	100	40	5	100	10	0	ft	"HarvestTC Silt Loam Harvest (30yr) Scenario 14"
WD	wepp-93828	"01:04 pm  Monday December 8, 2014"	"Thomas Creek WEPP +"	30	silt	Sod	1075	60	60	40	10	OldForest	125	40	5	100	10	0	ft	"HarvestTC Silt Loam Harvest (30yr) Scenario 15"
WD	wepp-93919	"01:06 pm  Monday December 8, 2014"	"Thomas Creek WEPP +"	30	silt	Sod	1050	60	60	40	10	OldForest	150	40	5	100	10	0	ft	"HarvestTC Silt Loam Harvest (30yr) Scenario 15"
WD	wepp-93956	"01:06 pm  Monday December 8, 2014"	"Thomas Creek WEPP +"	30	silt	Sod	1050	60	60	40	10	OldForest	150	40	5	100	10	0	ft	"HarvestTC Silt Loam Harvest (30yr) Scenario 16"
WD	wepp-93994	"01:08 pm  Monday December 8, 2014"	"Thomas Creek WEPP +"	30	silt	Sod	1025	60	60	40	10	OldForest	175	40	5	100	10	0	ft	"HarvestTC Silt Loam Harvest (30yr) Scenario 17"
WD	wepp-94086	"01:09 pm  Monday December 8, 2014"	"Thomas Creek WEPP +"	30	silt	Sod	1000	60	60	40	10	OldForest	200	40	5	100	10	0	ft	"HarvestTC Silt Loam Harvest (30yr) Scenario 18"
WD	wepp-94174	"01:10 pm  Monday December 8, 2014"	"Thomas Creek WEPP +"	30	silt	Sod	975	60	60	40	10	OldForest	225	40	5	100	10	0	ft	"HarvestTC Silt Loam Harvest (30yr) Scenario 19"
WD	wepp-94213	"01:11 pm  Monday December 8, 2014"	"Thomas Creek WEPP +"	30	silt	Sod	950	60	60	40	10	OldForest	250	40	5	100	10	0	ft	"HarvestTC Silt Loam Harvest (30yr) Scenario 20"
WD	wepp-100226	"02:17 pm  Monday December 8, 2014"	"Thomas Creek WEPP +"	30	silt	Sod	1100	60	60	40	10	OldForest	100	30	5	100	10	0	ft	"HarvestTC Silt Loam Harvest (30yr) Scenario 20"
WD	wepp-100270	"02:17 pm  Monday December 8, 2014"	"Thomas Creek WEPP +"	30	silt	Sod	1100	60	60	40	10	OldForest	100	30	5	100	10	0	ft	"HarvestTC Silt Loam Harvest (30yr) Scenario 21"
WD	wepp-100475	"02:19 pm  Monday December 8, 2014"	"Thomas Creek WEPP +"	30	silt	Sod	1100	60	60	40	10	OldForest	100	20	5	100	10	0	ft	"HarvestTC Silt Loam Harvest (30yr) Scenario 21"
WD	wepp-100516	"02:19 pm  Monday December 8, 2014"	"Thomas Creek WEPP +"	30	silt	Sod	1100	60	60	40	10	OldForest	100	20	5	100	10	0	ft	"HarvestTC Silt Loam Harvest (30yr) Scenario 22"
WD	wepp-100630	"02:20 pm  Monday December 8, 2014"	"Thomas Creek WEPP +"	30	silt	Sod	1100	60	60	40	10	OldForest	100	10	5	100	10	0	ft	"HarvestTC Silt Loam Harvest (30yr) Scenario 23"
WD	wepp-100976	"02:23 pm  Monday December 8, 2014"	"Thomas Creek WEPP +"	30	silt	Sod	1100	60	60	40	10	OldForest	100	5	5	100	10	0	ft	"HarvestTC Silt Loam Harvest (30yr) Scenario 24"
WD	wepp-102395	"02:40 pm  Monday December 8, 2014"	"Thomas Creek WEPP +"	30	silt	Sod	1100	60	60	40	10	OldForest	100	5	5	100	10	0	ft	"HarvestTC Silt Loam Harvest (30yr) Scenario 24"
WD	wepp-102623	"02:49 pm  Monday December 8, 2014"	"Thomas Creek WEPP +"	30	silt	OldForest	1100	60	60	100	10	OldForest	100	40	5	100	10	0	ft	"HarvestTC Silt Loam No Harvest (30yr) Scenario 1"
WD	wepp-102687	"02:50 pm  Monday December 8, 2014"	"Thomas Creek WEPP +"	30	silt	OldForest	1150	60	60	100	10	OldForest	50	40	5	100	10	0	ft	"HarvestTC Silt Loam No Harvest (30yr) Scenario 1"
WD	wepp-102733	"02:50 pm  Monday December 8, 2014"	"Thomas Creek WEPP +"	30	silt	OldForest	1150	60	60	100	10	OldForest	50	50	5	100	10	0	ft	"HarvestTC Silt Loam No Harvest (30yr) Scenario 2"
WD	wepp-102778	"02:51 pm  Monday December 8, 2014"	"Thomas Creek WEPP +"	30	silt	OldForest	1150	60	60	100	10	OldForest	50	60	5	100	10	0	ft	"HarvestTC Silt Loam No Harvest (30yr) Scenario 3"
WD	wepp-102823	"02:51 pm  Monday December 8, 2014"	"Thomas Creek WEPP +"	30	silt	OldForest	1150	60	60	100	10	OldForest	50	60	5	100	10	0	ft	"HarvestTC Silt Loam No Harvest (30yr) Scenario 3"
WD	wepp-102878	"02:52 pm  Monday December 8, 2014"	"Thomas Creek WEPP +"	30	silt	OldForest	1150	60	60	100	10	OldForest	50	40	5	100	10	0	ft	"HarvestTC Silt Loam Harvest (30yr) Scenario 4"
WD	wepp-102926	"02:53 pm  Monday December 8, 2014"	"Thomas Creek WEPP +"	30	silt	OldForest	1175	60	60	100	10	OldForest	25	40	5	100	10	0	ft	"HarvestTC Silt Loam Harvest (30yr) Scenario 4"
WD	wepp-103295	"02:57 pm  Monday December 8, 2014"	"Thomas Creek WEPP +"	30	silt	OldForest	1175	60	60	100	10	OldForest	25	40	5	100	10	0	ft	"HarvestTC Silt Loam Harvest (30yr) Scenario 5"
WD	wepp-103375	"02:59 pm  Monday December 8, 2014"	"Thomas Creek WEPP +"	30	silt	OldForest	1175	60	60	100	10	Sod	25	40	5	40	10	0	ft	"HarvestTC Silt Loam Harvest (30yr) Scenario 5"
WD	wepp-103423	"02:59 pm  Monday December 8, 2014"	"Thomas Creek WEPP +"	30	silt	OldForest	1150	60	60	100	10	Sod	50	40	5	40	10	0	ft	"HarvestTC Silt Loam Harvest (30yr) Scenario 4"
WD	wepp-103483	"03:00 pm  Monday December 8, 2014"	"Thomas Creek WEPP +"	30	silt	OldForest	1195	60	60	100	10	Sod	5	40	5	40	10	0	ft	"HarvestTC Silt Loam Harvest (30yr) Scenario 6"
WD	wepp-103539	"03:01 pm  Monday December 8, 2014"	"Thomas Creek WEPP +"	30	silt	OldForest	1150	60	60	100	10	Sod	50	50	5	40	10	0	ft	"HarvestTC Silt Loam Harvest (30yr) Scenario 7"
WD	wepp-103587	"03:01 pm  Monday December 8, 2014"	"Thomas Creek WEPP +"	30	silt	OldForest	1125	60	60	100	10	Sod	75	50	5	40	10	0	ft	"HarvestTC Silt Loam Harvest (30yr) Scenario 8"
WD	wepp-103654	"03:03 pm  Monday December 8, 2014"	"Thomas Creek WEPP +"	30	silt	OldForest	1195	60	60	100	10	Sod	5	50	5	40	10	0	ft	"HarvestTC Silt Loam Harvest (30yr) Scenario 9"
WD	wepp-103712	"03:04 pm  Monday December 8, 2014"	"Thomas Creek WEPP +"	30	silt	OldForest	1150	60	60	100	10	Sod	50	60	5	40	10	0	ft	"HarvestTC Silt Loam Harvest (30yr) Scenario 10"
WD	wepp-103760	"03:04 pm  Monday December 8, 2014"	"Thomas Creek WEPP +"	30	silt	OldForest	1175	60	60	100	10	Sod	25	60	5	40	10	0	ft	"HarvestTC Silt Loam Harvest (30yr) Scenario 11"
WD	wepp-103830	"03:05 pm  Monday December 8, 2014"	"Thomas Creek WEPP +"	30	silt	OldForest	1195	60	60	100	10	Sod	5	60	5	40	10	0	ft	"HarvestTC Silt Loam Harvest (30yr) Scenario 12"
WD	wepp-103875	"03:06 pm  Monday December 8, 2014"	"Thomas Creek WEPP +"	30	silt	OldForest	1195	60	60	100	10	Sod	5	60	5	40	10	0	ft	"HarvestTC Silt Loam Harvest (30yr) Scenario 12"
WD	wepp-103939	"03:08 pm  Monday December 8, 2014"	"Thomas Creek WEPP +"	30	silt	OldForest	1125	60	60	100	10	Sod	75	40	5	40	10	0	ft	"HarvestTC Silt Loam Harvest (30yr) Scenario 13"
WD	wepp-104107	"03:13 pm  Monday December 8, 2014"	"Thomas Creek WEPP +"	30	silt	Sod	1150	60	60	40	10	OldForest	50	40	5	100	10	0	ft	"HarvestTC Silt Loam Harvest (30yr) Scenario 4"
WD	wepp-104159	"03:14 pm  Monday December 8, 2014"	"Thomas Creek WEPP +"	30	silt	Sod	1175	60	60	40	10	OldForest	25	40	5	100	10	0	ft	"HarvestTC Silt Loam Harvest (30yr) Scenario 5"
WD	wepp-104211	"03:14 pm  Monday December 8, 2014"	"Thomas Creek WEPP +"	30	silt	Sod	1195	60	60	40	10	OldForest	5	40	5	100	10	0	ft	"HarvestTC Silt Loam Harvest (30yr) Scenario 5"
WD	wepp-104253	"03:15 pm  Monday December 8, 2014"	"Thomas Creek WEPP +"	30	silt	Sod	1195	60	60	40	10	OldForest	5	40	5	100	10	0	ft	"HarvestTC Silt Loam Harvest (30yr) Scenario 6"
WD	wepp-104340	"03:16 pm  Monday December 8, 2014"	"Thomas Creek WEPP +"	30	silt	Sod	1150	60	60	40	10	OldForest	50	50	5	100	10	0	ft	"HarvestTC Silt Loam Harvest (30yr) Scenario 7"
WD	wepp-104393	"03:17 pm  Monday December 8, 2014"	"Thomas Creek WEPP +"	30	silt	Sod	1175	60	60	40	10	OldForest	25	50	5	100	10	0	ft	"HarvestTC Silt Loam Harvest (30yr) Scenario 8"
WD	wepp-104461	"03:19 pm  Monday December 8, 2014"	"Thomas Creek WEPP +"	30	silt	Sod	1195	60	60	40	10	OldForest	5	50	5	100	10	0	ft	"HarvestTC Silt Loam Harvest (30yr) Scenario 9"
WD	wepp-104527	"03:20 pm  Monday December 8, 2014"	"Thomas Creek WEPP +"	30	silt	Sod	1150	60	60	40	10	OldForest	50	60	5	100	10	0	ft	"HarvestTC Silt Loam Harvest (30yr) Scenario 10"
WD	wepp-104617	"03:21 pm  Monday December 8, 2014"	"Thomas Creek WEPP +"	30	silt	Sod	1175	60	60	40	10	OldForest	25	60	5	100	10	0	ft	"HarvestTC Silt Loam Harvest (30yr) Scenario 10"
WD	wepp-104664	"03:21 pm  Monday December 8, 2014"	"Thomas Creek WEPP +"	30	silt	Sod	1175	60	60	40	10	OldForest	25	60	5	100	10	0	ft	"HarvestTC Silt Loam Harvest (30yr) Scenario 11"
WD	wepp-104709	"03:22 pm  Monday December 8, 2014"	"Thomas Creek WEPP +"	30	silt	Sod	1195	60	60	40	10	OldForest	5	60	5	100	10	0	ft	"HarvestTC Silt Loam Harvest (30yr) Scenario 12"
WD	wepp-104789	"03:23 pm  Monday December 8, 2014"	"Thomas Creek WEPP +"	30	silt	Sod	1125	60	60	40	10	OldForest	75	40	5	100	10	0	ft	"HarvestTC Silt Loam Harvest (30yr) Scenario 13"
WD	wepp-104888	"03:25 pm  Monday December 8, 2014"	"Thomas Creek WEPP +"	30	silt	Sod	1150	60	60	40	10	OldForest	50	40	5	100	10	0	ft	"Harvest TC Loam No Harvest (30yr) Scenario 1"
WD	wepp-105201	"03:31 pm  Monday December 8, 2014"	"Thomas Creek WEPP +"	30	loam	OldForest	1150	60	60	100	10	OldForest	50	40	5	100	10	0	ft	"Harvest TC Loam No Harvest (30yr) Scenario 1"
WD	wepp-105249	"03:31 pm  Monday December 8, 2014"	"Thomas Creek WEPP +"	30	loam	OldForest	1150	60	60	100	10	OldForest	50	40	5	100	10	0	ft	"Harvest TC Loam No Harvest (30yr) Scenario 1"
WD	wepp-105302	"03:32 pm  Monday December 8, 2014"	"Thomas Creek WEPP +"	30	loam	OldForest	1150	60	60	100	10	OldForest	50	50	5	100	10	0	ft	"Harvest TC Loam No Harvest (30yr) Scenario 2"
WD	wepp-105353	"03:32 pm  Monday December 8, 2014"	"Thomas Creek WEPP +"	30	loam	OldForest	1150	60	60	100	10	OldForest	50	60	5	100	10	0	ft	"Harvest TC Loam No Harvest (30yr) Scenario 3"
WD	wepp-105438	"03:33 pm  Monday December 8, 2014"	"Thomas Creek WEPP +"	30	loam	Sod	1150	60	60	40	10	OldForest	50	40	5	100	10	0	ft	"Harvest TC Loam No Harvest (30yr) Scenario 4"
WD	wepp-105478	"03:33 pm  Monday December 8, 2014"	"Thomas Creek WEPP +"	30	loam	Sod	1150	60	60	40	10	OldForest	50	40	5	100	10	0	ft	"Harvest TC Loam Harvest (30yr) Scenario 4"
WD	wepp-105598	"03:34 pm  Monday December 8, 2014"	"Thomas Creek WEPP +"	30	loam	Sod	1175	60	60	40	10	OldForest	25	40	5	100	10	0	ft	"Harvest TC Loam Harvest (30yr) Scenario 5"
WD	wepp-105674	"03:35 pm  Monday December 8, 2014"	"Thomas Creek WEPP +"	30	loam	Sod	1195	60	60	40	10	OldForest	5	40	5	100	10	0	ft	"Harvest TC Loam Harvest (30yr) Scenario 6"
WD	wepp-105814	"03:36 pm  Monday December 8, 2014"	"Thomas Creek WEPP +"	30	loam	Sod	1150	60	60	40	10	OldForest	25	50	5	100	10	0	ft	"Harvest TC Loam Harvest (30yr) Scenario 7"
WD	wepp-106177	"03:38 pm  Monday December 8, 2014"	"Thomas Creek WEPP +"	30	loam	Sod	1175	60	60	40	10	OldForest	25	50	5	100	10	0	ft	"Harvest TC Loam Harvest (30yr) Scenario 8"
WD	wepp-106372	"03:39 pm  Monday December 8, 2014"	"Thomas Creek WEPP +"	30	loam	Sod	1195	60	60	40	10	OldForest	5	50	5	100	10	0	ft	"Harvest TC Loam Harvest (30yr) Scenario 9"
WD	wepp-106433	"03:40 pm  Monday December 8, 2014"	"Thomas Creek WEPP +"	30	loam	Sod	1150	60	60	40	10	OldForest	50	60	5	100	10	0	ft	"Harvest TC Loam Harvest (30yr) Scenario 10"
WD	wepp-106581	"03:42 pm  Monday December 8, 2014"	"Thomas Creek WEPP +"	30	loam	Sod	1175	60	60	40	10	OldForest	25	60	5	100	10	0	ft	"Harvest TC Loam Harvest (30yr) Scenario 11"
WD	wepp-106638	"03:42 pm  Monday December 8, 2014"	"Thomas Creek WEPP +"	30	loam	Sod	1195	60	60	40	10	OldForest	5	60	5	100	10	0	ft	"Harvest TC Loam Harvest (30yr) Scenario 12"
WD	wepp-107991	"04:11 pm  Monday December 8, 2014"	""				0	0	0	0	0		0	0	0	0	0	0		""
