WR	wepp-4687	"09:30 am  Friday February 5, 2010"	"MOSCOW U OF I ID"	1	silt	paved	200	0.3	200	15	50	130	25	20	inbare
WR	wepp-4692	"09:31 am  Friday February 5, 2010"	"MOSCOW U OF I ID"	100	silt	paved	200	0.3	200	15	50	130	25	20	inbare
WE	wepp-15423	"10:58 am  Friday September 10, 1984"	"MOSCOW U OF I ID"	silt	10	range	10	30	20	300	l	15	75	ft
WD	wepp-16300	"12:53 pm  Friday September 10, 2010"	"WARREN ID"	5	silt	short	300	20	30	90	10	short	300	20	30	45	10	0	ft	""
WD	wepp-16364	"12:59 pm  Friday September 10, 2010"	"WARREN ID"	1	silt	short	300	0	30	90	10	short	300	30	5	45	10	0	ft	""
WD	wepp-16369	"12:59 pm  Friday September 10, 2010"	"WARREN ID"	1	silt	short	300	0	30	90	10	short	300	30	5	45	10	0	ft	""
WD	wepp-16374	"12:59 pm  Friday September 10, 2010"	"WARREN ID"	1	silt	tall	300	0	30	60	10	short	300	30	5	45	10	0	ft	""
WD	wepp-16398	"01:00 pm  Friday September 10, 2010"	"WARREN ID"	1	silt	tall	300	0	30	60	10	short	300	30	5	45	10	0	ft	""
WD	wepp-16403	"01:00 pm  Friday September 10, 2010"	"WARREN ID"	5	silt	short	300	0	30	40	10	short	300	30	5	45	10	0	ft	""
WD	wepp-16408	"01:01 pm  Friday September 10, 2010"	"WARREN ID"	5	silt	short	300	0	30	90	10	short	300	30	5	45	10	0	ft	""
WD	wepp-16413	"01:02 pm  Friday September 10, 2010"	"WARREN ID"	5	silt	short	300	0	30	90	10	short	300	30	5	90	10	0	ft	""
WD	wepp-16418	"01:02 pm  Friday September 10, 2010"	"WARREN ID"	5	silt	short	300	0	30	90	10	short	300	30	5	60	10	0	ft	""
WD	wepp-16477	"01:03 pm  Friday September 10, 2010"	"WARREN ID"	5	silt	short	300	0	30	90	10	short	300	30	5	75	10	0	ft	""
WD	wepp-16483	"01:03 pm  Friday September 10, 2010"	"WARREN ID"	5	silt	short	300	0	30	90	10	short	300	30	5	80	10	0	ft	""
WD	wepp-16488	"01:03 pm  Friday September 10, 2010"	"WARREN ID"	5	silt	short	300	0	30	90	10	short	300	30	5	85	10	0	ft	""
WD	wepp-16493	"01:06 pm  Friday September 10, 2010"	"WARREN ID"	5	silt	short	300	0	30	90	10	short	300	30	5	35	10	0	ft	""
WD	wepp-16526	"01:11 pm  Friday September 10, 2010"	"WARREN ID"	5	silt	short	300	0	30	90	10	short	300	30	5	35	10	0	ft	""
WD	wepp-16585	"01:13 pm  Friday September 10, 2010"	"WARREN ID"	5	silt	short	300	0	30	40	10	short	300	30	5	60	10	0	ft	""
WD	wepp-16692	"01:19 pm  Friday September 10, 2010"	"WARREN ID"	5	silt	short	300	0	30	35	10	short	300	30	5	35	10	0	ft	""
WD	wepp-16697	"01:19 pm  Friday September 10, 2010"	"WARREN ID"	5	silt	short	300	0	30	90	10	short	300	30	5	90	10	0	ft	""
WD	wepp-16702	"01:20 pm  Friday September 10, 2010"	"WARREN ID"	5	silt	short	300	0	30	80	10	short	300	30	5	80	10	0	ft	""
WD	wepp-16707	"01:20 pm  Friday September 10, 2010"	"WARREN ID"	5	silt	short	300	0	30	35	10	short	300	30	5	35	10	0	ft	""
WD	wepp-16712	"01:21 pm  Friday September 10, 2010"	"WARREN ID"	5	silt	short	300	0	30	50	10	short	300	30	5	50	10	0	ft	""
WD	wepp-16717	"01:22 pm  Friday September 10, 2010"	"WARREN ID"	5	silt	short	300	0	30	35	10	short	300	30	5	35	10	0	ft	""
WD	wepp-16722	"01:22 pm  Friday September 10, 2010"	"WARREN ID"	5	silt	short	300	0	30	80	10	short	300	30	5	80	10	0	ft	""
WD	wepp-16754	"01:23 pm  Friday September 10, 2010"	"WARREN ID"	5	silt	short	300	0	30	90	10	short	300	30	5	90	10	0	ft	""
WD	wepp-16788	"01:29 pm  Friday September 10, 2010"	"WARREN ID"	5	silt	short	300	0	30	80	10	short	300	30	5	80	10	0	ft	""
WD	wepp-16812	"01:30 pm  Friday September 10, 2010"	"WARREN ID"	5	silt	short	300	0	30	50	10	short	300	30	5	50	10	0	ft	""
WD	wepp-16820	"01:30 pm  Friday September 10, 2010"	"WARREN ID"	5	silt	short	300	0	30	35	10	short	300	30	5	35	10	0	ft	""
WD	wepp-16850	"01:31 pm  Friday September 10, 2010"	"WARREN ID"	5	silt	short	300	0	30	20	10	short	300	30	5	20	10	0	ft	""
WD	wepp-17503	"02:54 pm  Friday September 10, 2010"	""				0	0	0	0	0		0	0	0	0	0	0		""
WD	wepp-17508	"02:56 pm  Friday September 10, 2010"	"WARREN ID"	30	silt	short	300	0	30	98.5	20	short	300	30	5	98.5	20	0	ft	""
WD	wepp-17520	"02:58 pm  Friday September 10, 2010"	"RIGGINS RS ID"	30	clay	short	300	0	30	98.5	20	short	300	30	5	98.5	20	0	ft	""
WD	wepp-17525	"02:58 pm  Friday September 10, 2010"	"RIGGINS RS ID"	30	clay	short	300	0	30	98.5	20	short	300	30	5	98.5	20	0	ft	""
WD	wepp-17530	"02:59 pm  Friday September 10, 2010"	"WARREN ID"	30	clay	short	300	0	30	77	20	short	300	30	5	77	20	0	ft	""
WD	wepp-17562	"02:59 pm  Friday September 10, 2010"	"WARREN ID"	30	clay	short	300	0	30	68	20	short	300	30	5	68	20	0	ft	""
WD	wepp-17586	"03:00 pm  Friday September 10, 2010"	"WARREN ID"	30	clay	short	300	0	30	68	20	short	300	30	5	68	20	0	ft	""
WD	wepp-22585	"08:47 am  Tuesday September 21, 2010"	"WARREN ID"	30	silt	short	300	0	10	95	0	short	300	10	0	95	0	0	ft	""
WD	wepp-22590	"08:48 am  Tuesday September 21, 2010"	"WARREN ID"	30	silt	short	300	0	10	95	0	short	300	10	0	95	0	0	ft	""
WD	wepp-22625	"08:53 am  Tuesday September 21, 2010"	"WARREN ID"	30	silt	short	300	0	10	60	0	short	300	10	0	60	0	0	ft	""
WD	wepp-22742	"09:08 am  Tuesday September 21, 2010"	"WARREN ID"	30	clay	short	300	0	2	90	0	short	300	2	0	90	0	0	ft	""
WD	wepp-22748	"09:09 am  Tuesday September 21, 2010"	"WARREN ID"	30	clay	short	300	0	2	60	0	short	300	2	0	60	0	0	ft	""
WD	wepp-23167	"10:04 am  Tuesday September 21, 2010"	"WARREN ID"	30	clay	short	300	0	5	90	0	short	300	5	0	90	0	0	ft	""
WD	wepp-23286	"10:18 am  Tuesday September 21, 2010"	"WARREN ID"	30	clay	short	300	0	5	65	0	short	300	5	0	65	0	0	ft	""
WD	wepp-24154	"11:54 am  Tuesday September 21, 2010"	"WARREN ID"	30	clay	short	300	0	5	65	0	short	300	5	0	65	0	0	ft	""
WD	wepp-24163	"11:55 am  Tuesday September 21, 2010"	"WARREN ID"	30	sand	short	300	0	10	65	0	short	300	10	0	65	0	0	ft	""
WD	wepp-24169	"11:55 am  Tuesday September 21, 2010"	"WARREN ID"	30	sand	short	300	0	10	90	0	short	300	10	0	90	0	0	ft	""
WD	wepp-24174	"11:56 am  Tuesday September 21, 2010"	"WARREN ID"	30	sand	short	300	0	20	80	0	short	300	20	0	80	0	0	ft	""
WD	wepp-24179	"11:56 am  Tuesday September 21, 2010"	"WARREN ID"	30	sand	short	300	0	20	65	0	short	300	20	0	65	0	0	ft	""
WD	wepp-24230	"12:02 pm  Tuesday September 21, 2010"	"WARREN ID"	30	sand	short	300	0	10	90	0	short	300	10	0	90	0	0	ft	""
WD	wepp-24527	"12:34 pm  Tuesday September 21, 2010"	"RIGGINS RS ID"	2	clay	tree20	300	0	2	90	0	tree5	300	2	5	90	0	0	ft	""
WD	wepp-24534	"12:35 pm  Tuesday September 21, 2010"	"WARREN ID"	2	clay	short	300	0	2	90	0	short	300	2	5	90	0	0	ft	""
WD	wepp-24539	"12:35 pm  Tuesday September 21, 2010"	"WARREN ID"	2	clay	short	300	0	2	65	0	short	300	2	5	65	0	0	ft	""
WD	wepp-24549	"12:37 pm  Tuesday September 21, 2010"	"WARREN ID"	2	silt	short	300	0	10	95	0	short	300	10	5	95	0	0	ft	""
WD	wepp-24555	"12:37 pm  Tuesday September 21, 2010"	"WARREN ID"	2	silt	short	300	0	10	95	0	short	300	10	5	95	0	0	ft	""
WD	wepp-24566	"12:37 pm  Tuesday September 21, 2010"	"WARREN ID"	2	silt	short	300	0	10	65	0	short	300	10	5	65	0	0	ft	""
WD	wepp-24621	"12:42 pm  Tuesday September 21, 2010"	"WARREN ID"	2	sand	short	300	0	10	65	0	short	300	10	0	65	0	0	ft	""
WD	wepp-24658	"12:43 pm  Tuesday September 21, 2010"	"WARREN ID"	2	sand	short	300	0	10	90	0	short	300	10	0	90	0	0	ft	""
WD	wepp-24663	"12:44 pm  Tuesday September 21, 2010"	"WARREN ID"	2	sand	short	300	0	20	80	0	short	300	20	0	80	0	0	ft	""
WD	wepp-24668	"12:44 pm  Tuesday September 21, 2010"	"WARREN ID"	2	sand	short	300	0	20	65	0	short	300	20	0	65	0	0	ft	""
WD	wepp-24724	"12:48 pm  Tuesday September 21, 2010"	"WARREN ID"	2	silt	short	300	0	5	65	0	short	300	5	0	65	0	0	ft	""
WD	wepp-24734	"12:49 pm  Tuesday September 21, 2010"	"WARREN ID"	2	silt	short	300	0	5	90	0	short	300	5	0	90	0	0	ft	""
WD	wepp-24739	"12:49 pm  Tuesday September 21, 2010"	"WARREN ID"	2	silt	short	300	0	5	90	0	short	300	5	0	90	0	0	ft	""
WD	wepp-32042	"11:43 am  Monday May 23, 2011"	"WARREN ID"	10	sand	OldForest	1000	40	60	90	10	OldForest	300	20	5	90	5	0	ft	""
WD	wepp-499	"12:44 pm  Monday May 23, 2011"	"WARREN ID"	10	sand	OldForest	750	10	20	90	15	OldForest	750	10	20	90	15	0	ft	""
WD	wepp-538	"12:45 pm  Monday May 23, 2011"	"WARREN ID"	10	sand	LowFire	750	10	20	85	15	LowFire	750	10	20	85	15	0	ft	""
WD	wepp-586	"12:46 pm  Monday May 23, 2011"	"WARREN ID"	10	sand	Skid	1000	40	60	10	10	Skid	300	20	5	90	5	0	ft	""
WD	wepp-606	"12:48 pm  Monday May 23, 2011"	"WARREN ID"	10	sand	Skid	1000	40	60	90	10	Skid	300	20	5	90	5	0	ft	""
WD	wepp-626	"12:49 pm  Monday May 23, 2011"	"WARREN ID"	25	sand	Skid	1000	40	60	90	10	Skid	300	20	5	90	5	0	ft	""
WD	wepp-646	"12:49 pm  Monday May 23, 2011"	"WARREN ID"	5	sand	Skid	1000	40	60	90	10	Skid	300	20	5	90	5	0	ft	""
WD	wepp-675	"12:51 pm  Monday May 23, 2011"	"WARREN ID"	5	sand	Skid	1000	30	50	90	10	Skid	300	20	5	90	5	0	ft	""
WD	wepp-722	"12:51 pm  Monday May 23, 2011"	"WARREN ID"	10	sand	Skid	1000	40	60	100	10	Skid	300	20	5	100	5	0	ft	""
WD	wepp-742	"12:52 pm  Monday May 23, 2011"	"WARREN ID"	10	sand	Skid	1000	40	60	90	10	Skid	300	20	5	95	5	0	ft	""
WD	wepp-863	"01:05 pm  Monday May 23, 2011"	"WARREN ID"	10	sand	Skid	1000	40	60	10	10	OldForest	300	20	5	95	5	0	ft	""
WD	wepp-13014	"03:07 pm  Thursday October 29, 2015"	"CAMBRIDGE ID"	10	clay	OldForest	30	17	17	100	0	OldForest	210	3	3	100	0	0	ft	"Lost Butter "Echo" T-1"
WD	wepp-13057	"03:07 pm  Thursday October 29, 2015"	"CAMBRIDGE ID"	10	clay	YoungForest	30	17	17	100	0	OldForest	210	3	3	100	0	0	ft	"Lost Butter "Echo" T-1"
WD	wepp-35874	"06:59 am  Friday October 30, 2015"	"CAMBRIDGE ID"	10	clay	OldForest	120	17	3	100	0	OldForest	120	3	3	90	0	0	ft	""
WD	wepp-35929	"07:00 am  Friday October 30, 2015"	"CAMBRIDGE ID"	10	clay	OldForest	120	17	3	100	0	OldForest	120	3	3	90	0	0	ft	"Lost Butter "Echo" T-1"
WD	wepp-36037	"07:01 am  Friday October 30, 2015"	"CAMBRIDGE ID"	10	clay	YoungForest	120	17	3	100	0	OldForest	120	3	3	90	0	0	ft	"Lost Butter "Echo" T-2"
WD	wepp-36079	"07:01 am  Friday October 30, 2015"	"CAMBRIDGE ID"	10	clay	YoungForest	120	17	3	100	0	OldForest	120	3	3	90	0	0	ft	"Lost Butter "Echo" T-1"
WD	wepp-36178	"07:03 am  Friday October 30, 2015"	"CAMBRIDGE ID"	10	clay	YoungForest	30	17	17	100	0	OldForest	210	3	3	90	0	0	ft	"Lost Butter "Echo" T-1"
WD	wepp-36277	"07:05 am  Friday October 30, 2015"	"CAMBRIDGE ID"	10	clay	YoungForest	30	41	41	95	5	OldForest	210	2.5	2.5	100	0	0	ft	"Lost Butter "Echo" T-2"
WD	wepp-36347	"07:05 am  Friday October 30, 2015"	"CAMBRIDGE ID"	10	clay	YoungForest	50	25	25	95	5	OldForest	190	8	8	100	0	0	ft	"Lost Butter "Echo" T-3"
