WD	wepp-80951	"08:21 am  Friday August 1, 2014"	"HEBER AZ"	30	clay	tree20	58	0	15	100	25	tree20	58	15	0	100	25	0	m	""
WD	wepp-81110	"08:49 am  Friday August 1, 2014"	"HEBER AZ"	30	loam	tree20	18	15	40	100	35	tree20	18	40	15	100	35	0	m	""
WD	wepp-81314	"09:10 am  Friday August 1, 2014"	"HEBER AZ"	30	clay	tall	100	0	5	95	5	tall	100	5	0	95	5	0	m	""
WD	wepp-81474	"09:36 am  Friday August 1, 2014"	"HEBER AZ"	30	clay	tree20	9	15	40	99	45	tree20	9	40	15	99	45	0	m	""
WD	wepp-82353	"10:13 am  Friday August 1, 2014"	"HEBER AZ"	30	loam	tree20	5	15	40	99	15	tree20	5	40	15	99	15	0	m	""
WD	wepp-82452	"10:35 am  Friday August 1, 2014"	"HEBER AZ"	30	clay	tree5	108	0	15	90	5	tree5	108	15	0	90	5	0	m	""
WD	wepp-82570	"10:57 am  Friday August 1, 2014"	"HEBER AZ"	30	clay	short	181	0	15	75	35	short	181	15	0	75	35	0	m	""
WD	wepp-82581	"10:58 am  Friday August 1, 2014"	"HEBER AZ"	30	clay	tree5	158	0	15	90	5	tree5	158	15	0	90	5	0	m	""
WD	wepp-82814	"11:26 am  Friday August 1, 2014"	"HEBER AZ"	30	clay	tree20	70	0	15	100	10	tree20	70	15	0	100	10	0	m	""
WD	wepp-83804	"12:22 pm  Friday August 1, 2014"	"HEBER AZ"	30	clay	tree20	105	0	15	100	20	tree20	105	15	0	100	20	0	m	""
WD	wepp-84359	"12:47 pm  Friday August 1, 2014"	"HEBER AZ"	30	clay	tree20	33	0	15	100	35	tree20	33	15	0	100	35	0	m	""
WD	wepp-85778	"01:28 pm  Friday August 1, 2014"	"HEBER AZ"	30	clay	tree20	91	0	15	95	20	tree20	91	15	0	95	20	0	m	""
WD	wepp-86617	"02:05 pm  Friday August 1, 2014"	"HEBER AZ"	30	loam	high	27	15	40	60	35	high	27	40	15	60	35	0	m	""
WD	wepp-86624	"02:06 pm  Friday August 1, 2014"	"HEBER AZ"	30	loam	tree20	27	15	40	60	35	tree20	27	40	15	60	35	0	m	""
WD	wepp-171909	"07:59 am  Monday August 11, 2014"	"HEBER AZ"	30	clay	tree20	82	0	15	90	35	tree20	82	15	0	90	35	0	m	""
WD	wepp-172096	"08:20 am  Monday August 11, 2014"	"HEBER AZ"	30	clay	short	184	0	15	65	35	short	184	15	0	65	35	0	m	""
WD	wepp-17058	"08:12 am  Friday August 15, 2014"	"HEBER AZ"	30	clay	tree20	50	0	30	100	20	tree5	50	30	5	100	20	0	m	""
WD	wepp-17082	"08:13 am  Friday August 15, 2014"	"HEBER AZ"	30	clay	tree20	15	15	40	100	35	tree20	15	40	15	100	35	0	m	""
WD	wepp-17506	"08:36 am  Friday August 15, 2014"	"HEBER AZ"	30	clay	short	200	0	5	80	25	short	200	5	0	80	25	0	m	""
WD	wepp-35385	"09:03 am  Friday August 15, 2014"	"HEBER AZ"	30	clay	tree20	80	0	15	90	10	tree20	80	15	0	90	10	0	m	""
WD	wepp-52563	"09:28 am  Friday August 15, 2014"	"HEBER AZ"	30	clay	tree20	30	15	40	96	40	tree20	30	40	15	96	40	0	m	""
WD	wepp-57017	"09:56 am  Friday August 15, 2014"	"HEBER AZ"	30	clay	tree20	20	15	40	100	40	tree20	20	40	15	100	40	0	m	""
WD	wepp-64454	"10:14 am  Friday August 15, 2014"	"HEBER AZ"	30	loam	tree20	100	0	15	100	30	tree20	100	15	0	100	30	0	m	""
WD	wepp-231736	"01:11 pm  Wednesday September 10, 2014"	"SPRINGERVILLE AZ"	30	clay	short	60	0	10	50	10	short	60	10	0	50	10	0	m	""
WD	wepp-232094	"01:33 pm  Wednesday September 10, 2014"	"SPRINGERVILLE AZ"	30	clay	tall	60	0	5	60	20	tall	60	5	0	60	20	0	m	""
WD	wepp-14841	"03:32 pm  Tuesday September 16, 2014"	"SPRINGERVILLE AZ"	30	sand	short	84	0	5	50	5	short	84	5	0	50	5	0	m	""
WD	wepp-206965	"08:59 am  Wednesday October 8, 2014"	"ALPINE AZ"	30	clay	tree20	49	0	15	90	20	tree20	49	15	0	90	20	0	m	""
WD	wepp-212987	"10:48 am  Wednesday October 8, 2014"	"ALPINE AZ"	30	clay	tree20	35	0	15	100	30	tree20	35	15	0	100	30	0	m	""
WD	wepp-24056	"12:51 pm  Wednesday October 8, 2014"	"ALPINE AZ"	30	sand	tree20	25	15	40	100	35	tree20	25	40	15	100	35	0	m	""
WD	wepp-69905	"02:03 pm  Wednesday October 8, 2014"	"ALPINE AZ"	30	clay	tree20	37	0	15	95	45	tree20	37	15	0	95	45	0	m	""
WD	wepp-76501	"02:22 pm  Wednesday October 8, 2014"	"SPRINGERVILLE AZ"	30	clay	tree20	88	0	15	91	45	tree20	88	15	0	91	45	0	m	""
WD	wepp-88756	"02:40 pm  Wednesday October 8, 2014"	"SPRINGERVILLE AZ"	30	clay	tree20	45	0	15	90	40	tree20	45	15	0	90	40	0	m	""
WD	wepp-174228	"01:55 pm  Thursday November 6, 2014"	"ALPINE AZ"	30	clay	tall	125	0	5	98	0	tall	125	5	0	98	0	0	m	""
WD	wepp-174525	"02:12 pm  Thursday November 6, 2014"	"ALPINE AZ"	30	clay	tree20	33	15	40	100	35	tree20	33	40	15	100	35	0	m	""
WD	wepp-63641	"12:22 pm  Wednesday November 12, 2014"	"ALPINE AZ"	30	clay	tree20	30	0	15	99	25	tree20	30	15	0	99	25	0	m	""
WD	wepp-64581	"12:53 pm  Wednesday November 12, 2014"	"ALPINE AZ"	30	sand	tree20	10	15	40	95	35	tree20	10	40	15	95	35	0	m	""
