WD	wepp-117240	"10:14 am  Friday September 20, 2019"	"MC GAFFEY NM"	10	sand	LowFire	60	4	6	85	5	LowFire	80	4	4	85	5	0	ft	""
WD	wepp-117343	"10:15 am  Friday September 20, 2019"	"MC GAFFEY NM"	50	sand	LowFire	60	4	6	85	5	LowFire	80	4	4	85	5	0	ft	""
WR	wepp-117420	"10:17 am  Friday September 20, 2019"	"MC GAFFEY NM"	30	sand	native	200	4	13	1	4	200	100	5	outrut	ft
WD	wepp-127120	"03:50 pm  Friday September 20, 2019"	"MC GAFFEY NM"	10	loam	OldForest	540.53	17.3	10.9	0	5	OldForest	540.53	7.7	11	0	5	0	ft	"38"
WD	wepp-127157	"03:50 pm  Friday September 20, 2019"	"MC GAFFEY NM"	10	loam	Shrub	153.63	13.8	11.8	0	5	Shrub	153.63	8.8	5.3	0	5	0	ft	"33"
WD	wepp-127164	"03:50 pm  Friday September 20, 2019"	"MC GAFFEY NM"	10	sand	OldForest	497.53	4.1	5.2	0	5	OldForest	497.53	7.1	6.6	0	5	0	ft	"11"
WD	wepp-127176	"03:50 pm  Friday September 20, 2019"	"MC GAFFEY NM"	10	loam	OldForest	1413.44	5.2	12.5	0	5	OldForest	1413.44	5.8	3.4	0	5	0	ft	"45"
WD	wepp-127183	"03:50 pm  Friday September 20, 2019"	"MC GAFFEY NM"	10	loam	Shrub	700.23	5.5	4.3	0	5	Shrub	700.23	1.6	1.3	0	5	0	ft	"21"
WD	wepp-127190	"03:50 pm  Friday September 20, 2019"	"MC GAFFEY NM"	10	loam	OldForest	440.08	6.4	5.8	0	5	OldForest	440.08	4.7	4.3	0	5	0	ft	"55"
WD	wepp-127197	"03:50 pm  Friday September 20, 2019"	"MC GAFFEY NM"	10	loam	OldForest	172.97	5.6	5.5	0	5	OldForest	172.97	6	6	0	5	0	ft	"39"
WD	wepp-127205	"03:50 pm  Friday September 20, 2019"	"MC GAFFEY NM"	10	loam	OldForest	62.49	20.3	22.3	0	5	OldForest	62.49	11.8	2.7	0	5	0	ft	"34"
WD	wepp-127212	"03:50 pm  Friday September 20, 2019"	"MC GAFFEY NM"	10	loam	OldForest	862.08	29.4	11.2	0	5	OldForest	862.08	3.3	3.2	0	5	0	ft	"22"
WD	wepp-127219	"03:50 pm  Friday September 20, 2019"	"MC GAFFEY NM"	10	loam	Shrub	48.83	2.8	2.8	0	5	Shrub	48.83	2.5	2.3	0	5	0	ft	"25"
WD	wepp-127226	"03:50 pm  Friday September 20, 2019"	"MC GAFFEY NM"	10	loam	OldForest	907.51	16.5	11.9	0	5	OldForest	907.51	10.2	11.8	0	5	0	ft	"35"
WD	wepp-127233	"03:50 pm  Friday September 20, 2019"	"MC GAFFEY NM"	10	sand	OldForest	473.9	3.9	3.7	0	5	OldForest	473.9	3.4	4.1	0	5	0	ft	"6"
WD	wepp-127240	"03:50 pm  Friday September 20, 2019"	"MC GAFFEY NM"	10	loam	OldForest	197.9	1.9	1.5	0	5	OldForest	197.9	1.3	3.4	0	5	0	ft	"3"
WD	wepp-127252	"03:50 pm  Friday September 20, 2019"	"MC GAFFEY NM"	10	loam	Shrub	313.19	6.8	5.7	0	5	Shrub	313.19	3.7	1.7	0	5	0	ft	"40"
WD	wepp-127261	"03:50 pm  Friday September 20, 2019"	"MC GAFFEY NM"	10	loam	OldForest	1244.44	4.4	3.4	0	5	OldForest	1244.44	2.3	2.7	0	5	0	ft	"53"
WD	wepp-127268	"03:50 pm  Friday September 20, 2019"	"MC GAFFEY NM"	10	sand	OldForest	725.54	4.2	3.1	0	5	OldForest	725.54	2.3	2.5	0	5	0	ft	"19"
WD	wepp-127275	"03:50 pm  Friday September 20, 2019"	"MC GAFFEY NM"	10	loam	Shrub	367.4	8	14.7	0	5	Shrub	367.4	6.3	3.5	0	5	0	ft	"26"
WD	wepp-127282	"03:50 pm  Friday September 20, 2019"	"MC GAFFEY NM"	10	loam	OldForest	410.02	16.6	11.9	0	5	OldForest	410.02	10.3	11.3	0	5	0	ft	"29"
WD	wepp-127290	"03:50 pm  Friday September 20, 2019"	"MC GAFFEY NM"	10	sand	OldForest	205.69	5.8	7.5	0	5	OldForest	205.69	6.8	4.8	0	5	0	ft	"10"
WD	wepp-127298	"03:50 pm  Friday September 20, 2019"	"MC GAFFEY NM"	10	loam	OldForest	206.51	5.4	7.8	0	5	OldForest	206.51	7.9	5.8	0	5	0	ft	"51"
WD	wepp-127305	"03:50 pm  Friday September 20, 2019"	"MC GAFFEY NM"	10	loam	OldForest	319.33	3.4	4.1	0	5	OldForest	319.33	7.5	7.8	0	5	0	ft	"47"
WD	wepp-127312	"03:50 pm  Friday September 20, 2019"	"MC GAFFEY NM"	10	loam	OldForest	1141.17	4.5	5.7	0	5	OldForest	1141.17	5	3.5	0	5	0	ft	"58"
WD	wepp-127319	"03:50 pm  Friday September 20, 2019"	"MC GAFFEY NM"	10	loam	OldForest	796.58	4.4	3.1	0	5	OldForest	796.58	4.6	5.1	0	5	0	ft	"49"
WD	wepp-127326	"03:50 pm  Friday September 20, 2019"	"MC GAFFEY NM"	10	loam	OldForest	88.68	11.8	6.8	0	5	OldForest	88.68	4	3.3	0	5	0	ft	"44"
WD	wepp-127333	"03:50 pm  Friday September 20, 2019"	"MC GAFFEY NM"	10	loam	OldForest	154.89	9.1	7.7	0	5	OldForest	154.89	6.5	5.1	0	5	0	ft	"52"
WD	wepp-127340	"03:50 pm  Friday September 20, 2019"	"MC GAFFEY NM"	10	loam	OldForest	397.5	2.2	4.4	0	5	OldForest	397.5	5.3	8.3	0	5	0	ft	"1"
WD	wepp-127347	"03:50 pm  Friday September 20, 2019"	"MC GAFFEY NM"	10	loam	OldForest	1576.76	4.8	6.1	0	5	OldForest	1576.76	3.6	3.4	0	5	0	ft	"37"
WD	wepp-127355	"03:50 pm  Friday September 20, 2019"	"MC GAFFEY NM"	10	sand	OldForest	2198.34	4	5.6	0	5	OldForest	2198.34	2.6	3.9	0	5	0	ft	"18"
WD	wepp-127362	"03:50 pm  Friday September 20, 2019"	"MC GAFFEY NM"	10	sand	OldForest	3487.53	3.2	4.8	0	5	OldForest	3487.53	5.2	4.6	0	5	0	ft	"15"
WD	wepp-127369	"03:50 pm  Friday September 20, 2019"	"MC GAFFEY NM"	10	loam	Shrub	16.28	1.2	1.3	0	5	Shrub	16.28	1.4	1.5	0	5	0	ft	"24"
WD	wepp-127376	"03:50 pm  Friday September 20, 2019"	"MC GAFFEY NM"	10	sand	OldForest	372.17	6.8	7.6	0	5	OldForest	372.17	6.1	8.1	0	5	0	ft	"7"
WD	wepp-127383	"03:50 pm  Friday September 20, 2019"	"MC GAFFEY NM"	10	loam	OldForest	237.81	27.7	22.5	0	5	OldForest	237.81	7.1	0.4	0	5	0	ft	"9"
WD	wepp-127390	"03:51 pm  Friday September 20, 2019"	"MC GAFFEY NM"	10	loam	OldForest	780.49	6.2	8.4	0	5	OldForest	780.49	10.1	3.8	0	5	0	ft	"57"
WD	wepp-127397	"03:51 pm  Friday September 20, 2019"	"MC GAFFEY NM"	10	loam	OldForest	562.77	25.8	22.4	0	5	OldForest	562.77	9.7	4.6	0	5	0	ft	"30"
WD	wepp-127404	"03:51 pm  Friday September 20, 2019"	"MC GAFFEY NM"	10	loam	OldForest	1315.86	11.5	14.9	0	5	OldForest	1315.86	4.1	3.6	0	5	0	ft	"50"
WD	wepp-127411	"03:51 pm  Friday September 20, 2019"	"MC GAFFEY NM"	10	loam	OldForest	1273.1	10	6.2	0	5	OldForest	1273.1	5.9	5.6	0	5	0	ft	"28"
WD	wepp-127418	"03:51 pm  Friday September 20, 2019"	"MC GAFFEY NM"	10	sand	OldForest	363.3	4	6.9	0	5	OldForest	363.3	4.5	2.9	0	5	0	ft	"20"
WD	wepp-127425	"03:51 pm  Friday September 20, 2019"	"MC GAFFEY NM"	10	loam	OldForest	1637.58	7.9	6.7	0	5	OldForest	1637.58	4.1	3	0	5	0	ft	"42"
WD	wepp-127432	"03:51 pm  Friday September 20, 2019"	"MC GAFFEY NM"	10	sand	OldForest	2589.67	5	5.3	0	5	OldForest	2589.67	3.3	4.5	0	5	0	ft	"12"
WD	wepp-127439	"03:51 pm  Friday September 20, 2019"	"MC GAFFEY NM"	10	loam	OldForest	295.58	5.2	4.4	0	5	OldForest	295.58	2.6	1.4	0	5	0	ft	"2"
WD	wepp-127446	"03:51 pm  Friday September 20, 2019"	"MC GAFFEY NM"	10	sand	OldForest	2066.12	5.6	4	0	5	OldForest	2066.12	3.9	4.3	0	5	0	ft	"5"
WD	wepp-127453	"03:51 pm  Friday September 20, 2019"	"MC GAFFEY NM"	10	loam	OldForest	468.06	21.6	9.7	0	5	OldForest	468.06	3.6	2.5	0	5	0	ft	"27"
WD	wepp-127460	"03:51 pm  Friday September 20, 2019"	"MC GAFFEY NM"	10	loam	OldForest	571.89	13.5	12	0	5	OldForest	571.89	10.5	2.3	0	5	0	ft	"31"
WD	wepp-127467	"03:51 pm  Friday September 20, 2019"	"MC GAFFEY NM"	10	loam	OldForest	2429.05	15	6.9	0	5	OldForest	2429.05	3.7	4.1	0	5	0	ft	"54"
WD	wepp-127474	"03:51 pm  Friday September 20, 2019"	"MC GAFFEY NM"	10	loam	OldForest	1019.29	6.3	8	0	5	OldForest	1019.29	4.1	3.6	0	5	0	ft	"56"
WD	wepp-127481	"03:51 pm  Friday September 20, 2019"	"MC GAFFEY NM"	10	loam	OldForest	122.4	17.7	13.9	0	5	OldForest	122.4	6	2.3	0	5	0	ft	"36"
WD	wepp-127488	"03:51 pm  Friday September 20, 2019"	"MC GAFFEY NM"	10	loam	OldForest	121.79	17	12.8	0	5	OldForest	121.79	5.1	1.7	0	5	0	ft	"41"
WD	wepp-127495	"03:51 pm  Friday September 20, 2019"	"MC GAFFEY NM"	10	sand	Shrub	297.27	4.5	5.3	0	5	Shrub	297.27	3.6	2	0	5	0	ft	"8"
WD	wepp-127502	"03:51 pm  Friday September 20, 2019"	"MC GAFFEY NM"	10	loam	OldForest	287.68	7.7	7.8	0	5	OldForest	287.68	6.8	5.4	0	5	0	ft	"46"
WD	wepp-127509	"03:51 pm  Friday September 20, 2019"	"MC GAFFEY NM"	10	sand	OldForest	161.65	4.2	3.2	0	5	OldForest	161.65	3.6	3.6	0	5	0	ft	"16"
WD	wepp-127516	"03:51 pm  Friday September 20, 2019"	"MC GAFFEY NM"	10	sand	OldForest	580.57	5.1	3.5	0	5	OldForest	580.57	3.9	5.3	0	5	0	ft	"13"
WD	wepp-127523	"03:51 pm  Friday September 20, 2019"	"MC GAFFEY NM"	10	loam	OldForest	395.02	9.4	7.2	0	5	OldForest	395.02	5.4	3.4	0	5	0	ft	"43"
WD	wepp-127530	"03:51 pm  Friday September 20, 2019"	"MC GAFFEY NM"	10	loam	OldForest	831	8.2	10.2	0	5	OldForest	831	11.9	5.2	0	5	0	ft	"32"
WD	wepp-127537	"03:51 pm  Friday September 20, 2019"	"MC GAFFEY NM"	10	sand	OldForest	762	5.1	4.9	0	5	OldForest	762	5.6	5	0	5	0	ft	"14"
WD	wepp-127544	"03:51 pm  Friday September 20, 2019"	"MC GAFFEY NM"	10	loam	OldForest	1354.5	6.1	3.9	0	5	OldForest	1354.5	4.7	2.8	0	5	0	ft	"23"
WD	wepp-127551	"03:51 pm  Friday September 20, 2019"	"MC GAFFEY NM"	10	loam	OldForest	874.27	13.8	6.3	0	5	OldForest	874.27	4.3	4.6	0	5	0	ft	"48"
WD	wepp-127558	"03:51 pm  Friday September 20, 2019"	"MC GAFFEY NM"	10	sand	OldForest	442.13	4.1	3.7	0	5	OldForest	442.13	4	4.9	0	5	0	ft	"17"
WD	wepp-127565	"03:51 pm  Friday September 20, 2019"	"MC GAFFEY NM"	10	loam	OldForest	398.4	5.6	6.8	0	5	OldForest	398.4	10.6	3.8	0	5	0	ft	"4"
WF	wepp-17280	"02:16 pm  Tuesday October 1, 2019"	"MC GAFFEY NM"	clay	200	50	0	10	5	40	20	20	1	ft
