WD	wepp-175288	"02:59 pm  Tuesday November 1, 2016"	"LCNF MCV +"	50	loam	YoungForest	1217	32	26	85	8	YoungForest	50	26	8	100	8	0	ft	"32"
WD	wepp-175323	"02:59 pm  Tuesday November 1, 2016"	"LCNF MCV +"	50	loam	YoungForest	91	25	22	85	8	YoungForest	800	22	8	100	8	0	ft	"33"
WD	wepp-175471	"03:16 pm  Tuesday November 1, 2016"	"LCNF MCV +"	50	loam	YoungForest	1732	25	18	85	75	YoungForest	50	18	8	100	75	0	ft	"35"
WD	wepp-175529	"03:17 pm  Tuesday November 1, 2016"	"LCNF MCV +"	50	loam	YoungForest	1512	20	22	85	62	YoungForest	850	22	8	100	62	0	ft	"34"
WD	wepp-175565	"03:18 pm  Tuesday November 1, 2016"	"LCNF MCV +"	50	loam	YoungForest	1500	25	17	85	58	YoungForest	50	17	8	100	58	0	ft	"18"
WD	wepp-178511	"06:34 am  Wednesday November 2, 2016"	"LCNF MCV +"	10	loam	YoungForest	1732	25	18	85	75	YoungForest	50	18	8	100	75	0	ft	"35"
WD	wepp-178550	"06:36 am  Wednesday November 2, 2016"	"LCNF MCV +"	10	loam	YoungForest	1512	20	22	85	62	YoungForest	850	22	8	100	62	0	ft	"34"
WD	wepp-178585	"06:37 am  Wednesday November 2, 2016"	"LCNF MCV +"	10	loam	YoungForest	1500	25	17	85	58	YoungForest	50	17	8	100	58	0	ft	"18"
WD	wepp-178746	"07:01 am  Wednesday November 2, 2016"	"LCNF MCV +"	50	loam	YoungForest	1732	25	18	85	75	YoungForest	50	18	8	100	75	0	ft	"35"
WD	wepp-178784	"07:01 am  Wednesday November 2, 2016"	"LCNF MCV +"	50	loam	YoungForest	1512	20	22	85	62	YoungForest	850	22	8	100	62	0	ft	"34"
WD	wepp-178823	"07:01 am  Wednesday November 2, 2016"	"LCNF MCV +"	50	loam	YoungForest	1500	25	17	85	58	YoungForest	50	17	8	100	58	0	ft	"18"
WD	wepp-178918	"07:15 am  Wednesday November 2, 2016"	"LCNF MCV +"	50	loam	YoungForest	1732	25	18	85	75	YoungForest	50	18	8	100	75	0	ft	"35"
WD	wepp-178954	"07:15 am  Wednesday November 2, 2016"	"LCNF MCV +"	50	loam	YoungForest	1512	20	22	85	62	YoungForest	850	22	8	100	62	0	ft	"34"
WD	wepp-178990	"07:15 am  Wednesday November 2, 2016"	"LCNF MCV +"	50	loam	YoungForest	1500	25	17	85	58	YoungForest	50	17	8	100	58	0	ft	"18"
WD	wepp-179058	"07:17 am  Wednesday November 2, 2016"	"LCNF MCV +"	50	loam	YoungForest	1732	25	18	85	75	YoungForest	50	18	8	100	75	0	ft	"35"
WD	wepp-179133	"07:19 am  Wednesday November 2, 2016"	"LCNF MCV +"	50	loam	YoungForest	1512	20	22	85	62	YoungForest	850	22	8	100	62	0	ft	"34"
WD	wepp-179501	"07:35 am  Wednesday November 2, 2016"	"LCNF MCV +"	50	loam	YoungForest	1732	25	18	85	75	YoungForest	50	18	8	100	75	0	ft	"35"
WD	wepp-179541	"07:35 am  Wednesday November 2, 2016"	"LCNF MCV +"	50	loam	YoungForest	1512	20	22	85	62	YoungForest	850	22	8	100	62	0	ft	"34"
WD	wepp-179578	"07:36 am  Wednesday November 2, 2016"	"LCNF MCV +"	50	loam	YoungForest	1500	25	17	85	58	YoungForest	50	17	8	100	58	0	ft	"18"
WD	wepp-179645	"07:36 am  Wednesday November 2, 2016"	"LCNF MCV +"	50	loam	YoungForest	686	7	45	85	53	YoungForest	1000	45	15	100	53	0	ft	"EWBP"
WD	wepp-179680	"07:36 am  Wednesday November 2, 2016"	"LCNF MCV +"	50	loam	YoungForest	3546	15	10	85	46	YoungForest	250	10	8	100	46	0	ft	"16"
WD	wepp-179902	"07:43 am  Wednesday November 2, 2016"	"LCNF MCV +"	10	loam	YoungForest	1732	25	18	85	75	YoungForest	50	18	8	100	75	0	ft	"35"
WD	wepp-185955	"10:07 am  Wednesday November 2, 2016"	"LCNF MCV +"	50	loam	YoungForest	1732	25	18	85	75	YoungForest	50	18	8	100	75	0	ft	"35"
WD	wepp-185990	"10:07 am  Wednesday November 2, 2016"	"LCNF MCV +"	50	loam	YoungForest	1512	20	22	85	62	YoungForest	850	22	8	100	62	0	ft	"34"
WD	wepp-185997	"10:07 am  Wednesday November 2, 2016"	"LCNF MCV +"	50	loam	YoungForest	1500	25	17	85	58	YoungForest	50	17	8	100	58	0	ft	"18"
WD	wepp-186006	"10:07 am  Wednesday November 2, 2016"	"LCNF MCV +"	50	loam	YoungForest	686	7	45	85	53	YoungForest	1000	45	15	100	53	0	ft	"EWBP"
WD	wepp-186013	"10:07 am  Wednesday November 2, 2016"	"LCNF MCV +"	50	loam	YoungForest	3546	15	10	85	46	YoungForest	250	10	8	100	46	0	ft	"16"
WD	wepp-186020	"10:07 am  Wednesday November 2, 2016"	"LCNF MCV +"	50	loam	YoungForest	1463	5	13	85	45	YoungForest	1800	13	5	100	45	0	ft	"1"
WD	wepp-186027	"10:07 am  Wednesday November 2, 2016"	"LCNF MCV +"	50	sand	LowFire	1328	5	10	85	45	YoungForest	1400	10	8	100	45	0	ft	"2"
WD	wepp-186034	"10:07 am  Wednesday November 2, 2016"	"LCNF MCV +"	50	loam	YoungForest	958	30	14	85	45	YoungForest	50	14	8	100	45	0	ft	"3"
WD	wepp-186041	"10:07 am  Wednesday November 2, 2016"	"LCNF MCV +"	50	loam	YoungForest	511	30	39	85	45	YoungForest	500	65	5	100	45	0	ft	"5"
WD	wepp-186065	"10:07 am  Wednesday November 2, 2016"	"LCNF MCV +"	50	loam	YoungForest	262	30	30	85	45	YoungForest	50	30	20	100	45	0	ft	"6"
WD	wepp-186075	"10:07 am  Wednesday November 2, 2016"	"LCNF MCV +"	50	loam	YoungForest	1735	30	39	85	45	YoungForest	50	60	10	100	45	0	ft	"7"
WD	wepp-186088	"10:07 am  Wednesday November 2, 2016"	"LCNF MCV +"	50	sand	YoungForest	988	15	19	85	45	YoungForest	2500	19	10	100	45	0	ft	"15"
WD	wepp-186095	"10:07 am  Wednesday November 2, 2016"	"LCNF MCV +"	50	sand	LowFire	600	10	10	85	45	YoungForest	1000	10	8	100	45	0	ft	"19"
WD	wepp-186102	"10:07 am  Wednesday November 2, 2016"	"LCNF MCV +"	50	loam	YoungForest	220	37	28	85	45	YoungForest	450	28	8	100	45	0	ft	"20"
WD	wepp-186109	"10:07 am  Wednesday November 2, 2016"	"LCNF MCV +"	50	loam	YoungForest	462	15	21	85	45	YoungForest	50	21	8	100	45	0	ft	"22"
WD	wepp-186116	"10:07 am  Wednesday November 2, 2016"	"LCNF MCV +"	50	sand	YoungForest	1837	5	14	85	45	YoungForest	200	14	8	100	45	0	ft	"24"
WD	wepp-186125	"10:07 am  Wednesday November 2, 2016"	"LCNF MCV +"	50	loam	YoungForest	417	45	39	85	45	YoungForest	50	39	8	100	45	0	ft	"27"
WD	wepp-186133	"10:07 am  Wednesday November 2, 2016"	"LCNF MCV +"	50	loam	YoungForest	846	23	25	85	45	YoungForest	350	25	8	100	45	0	ft	"28"
WD	wepp-186149	"10:07 am  Wednesday November 2, 2016"	"LCNF MCV +"	50	loam	YoungForest	65	13	27	85	45	YoungForest	50	27	8	100	45	0	ft	"30"
WD	wepp-186156	"10:07 am  Wednesday November 2, 2016"	"LCNF MCV +"	50	loam	YoungForest	2139	15	20	85	45	YoungForest	50	20	8	100	45	0	ft	"36"
WD	wepp-186163	"10:08 am  Wednesday November 2, 2016"	"LCNF MCV +"	50	loam	YoungForest	777	41	41	85	45	YoungForest	50	41	8	100	45	0	ft	"43"
WD	wepp-186170	"10:08 am  Wednesday November 2, 2016"	"LCNF MCV +"	50	loam	YoungForest	223	40	32	85	45	YoungForest	50	32	8	100	45	0	ft	"45"
WD	wepp-186177	"10:08 am  Wednesday November 2, 2016"	"LCNF MCV +"	50	loam	YoungForest	1965	40	40	85	45	YoungForest	50	40	8	100	45	0	ft	"46"
WD	wepp-186184	"10:08 am  Wednesday November 2, 2016"	"LCNF MCV +"	50	loam	LowFire	138	20	24	85	45	YoungForest	275	24	55	100	45	0	ft	"10c"
WD	wepp-186191	"10:08 am  Wednesday November 2, 2016"	"LCNF MCV +"	50	loam	YoungForest	630	27	26	85	45	YoungForest	200	26	8	100	45	0	ft	"23a"
WD	wepp-186200	"10:08 am  Wednesday November 2, 2016"	"LCNF MCV +"	50	sand	YoungForest	279	27	21	85	45	YoungForest	950	21	8	100	45	0	ft	"23b"
WD	wepp-186207	"10:08 am  Wednesday November 2, 2016"	"LCNF MCV +"	50	sand	YoungForest	416	17	17	85	45	YoungForest	3000	17	8	100	45	0	ft	"25b"
WD	wepp-186214	"10:08 am  Wednesday November 2, 2016"	"LCNF MCV +"	50	sand	YoungForest	138	20	23	85	45	YoungForest	1220	23	8	100	45	0	ft	"4a"
WD	wepp-186221	"10:08 am  Wednesday November 2, 2016"	"LCNF MCV +"	50	loam	YoungForest	567	15	20	85	45	YoungForest	600	20	8	100	45	0	ft	"4b"
WD	wepp-186229	"10:08 am  Wednesday November 2, 2016"	"LCNF MCV +"	50	sand	YoungForest	1076	20	17	85	45	YoungForest	300	17	15	100	45	0	ft	"B"
WD	wepp-186236	"10:08 am  Wednesday November 2, 2016"	"LCNF MCV +"	50	loam	YoungForest	636	45	22	85	45	YoungForest	400	22	36	100	45	0	ft	"C"
WD	wepp-186243	"10:08 am  Wednesday November 2, 2016"	"LCNF MCV +"	50	loam	YoungForest	243	13	22	85	45	YoungForest	225	22	8	100	45	0	ft	"EPCT"
WD	wepp-186250	"10:08 am  Wednesday November 2, 2016"	"LCNF MCV +"	50	loam	YoungForest	636	24	24	85	44	YoungForest	425	24	8	100	44	0	ft	"F"
WD	wepp-186257	"10:08 am  Wednesday November 2, 2016"	"LCNF MCV +"	50	loam	YoungForest	1214	15	31	85	44	YoungForest	600	31	20	100	44	0	ft	"G"
WD	wepp-186264	"10:08 am  Wednesday November 2, 2016"	"LCNF MCV +"	50	loam	YoungForest	1656	35	29	85	43	YoungForest	50	29	8	100	43	0	ft	"31"
WD	wepp-186271	"10:08 am  Wednesday November 2, 2016"	"LCNF MCV +"	50	silt	YoungForest	971	9	24	85	24	YoungForest	275	24	8	100	24	0	ft	"8"
WD	wepp-186278	"10:08 am  Wednesday November 2, 2016"	"LCNF MCV +"	50	silt	YoungForest	853	22	22	85	24	YoungForest	1650	22	8	100	24	0	ft	"13"
WD	wepp-186288	"10:08 am  Wednesday November 2, 2016"	"LCNF MCV +"	50	silt	LowFire	223	5	7	85	23	YoungForest	775	7	55	100	23	0	ft	"10a"
WD	wepp-186295	"10:08 am  Wednesday November 2, 2016"	"LCNF MCV +"	50	silt	LowFire	50	18	18	85	23	YoungForest	925	18	20	100	23	0	ft	"10b"
WD	wepp-186302	"10:08 am  Wednesday November 2, 2016"	"LCNF MCV +"	50	loam	YoungForest	1161	14	18	85	9	YoungForest	50	18	8	100	9	0	ft	"29"
WD	wepp-186324	"10:08 am  Wednesday November 2, 2016"	"LCNF MCV +"	50	loam	YoungForest	80	30	21	85	8	YoungForest	150	21	8	100	8	0	ft	"33"
WD	wepp-186781	"10:20 am  Wednesday November 2, 2016"	"LCNF MCV +"	50	sand	YoungForest	2946	5	11	85	45	YoungForest	50	11	8	100	45	0	ft	"14"
WD	wepp-186817	"10:20 am  Wednesday November 2, 2016"	"LCNF MCV +"	50	sand	YoungForest	1302	15	14	85	45	YoungForest	1200	14	10	100	45	0	ft	"15and15a"
WD	wepp-186824	"10:20 am  Wednesday November 2, 2016"	"LCNF MCV +"	50	sand	YoungForest	4338	10	14	85	45	YoungForest	300	14	8	100	45	0	ft	"16"
WD	wepp-186831	"10:20 am  Wednesday November 2, 2016"	"LCNF MCV +"	50	loam	YoungForest	2339	15	11	85	45	YoungForest	175	11	8	100	45	0	ft	"17"
WD	wepp-186838	"10:21 am  Wednesday November 2, 2016"	"LCNF MCV +"	50	sand	LowFire	1073	10	10	85	45	YoungForest	1000	10	8	100	45	0	ft	"19"
WD	wepp-186845	"10:21 am  Wednesday November 2, 2016"	"LCNF MCV +"	50	loam	YoungForest	1328	10	10	85	45	YoungForest	2000	10	8	100	45	0	ft	"24"
WD	wepp-186852	"10:21 am  Wednesday November 2, 2016"	"LCNF MCV +"	50	loam	YoungForest	285	13	18	85	45	YoungForest	50	18	8	100	45	0	ft	"26"
WD	wepp-186859	"10:21 am  Wednesday November 2, 2016"	"LCNF MCV +"	50	loam	YoungForest	1509	15	13	85	45	YoungForest	50	13	8	100	45	0	ft	"39"
WD	wepp-186866	"10:21 am  Wednesday November 2, 2016"	"LCNF MCV +"	50	sand	YoungForest	423	18	18	85	45	YoungForest	50	18	8	100	45	0	ft	"40"
WD	wepp-186873	"10:21 am  Wednesday November 2, 2016"	"LCNF MCV +"	50	loam	YoungForest	646	9	6	85	45	YoungForest	500	6	8	100	45	0	ft	"41"
WD	wepp-186880	"10:21 am  Wednesday November 2, 2016"	"LCNF MCV +"	50	sand	YoungForest	1142	18	15	85	45	YoungForest	2000	15	8	100	45	0	ft	"25a"
WD	wepp-186887	"10:21 am  Wednesday November 2, 2016"	"LCNF MCV +"	50	sand	YoungForest	300	17	19	85	45	YoungForest	3000	19	8	100	45	0	ft	"25b"
WD	wepp-186894	"10:21 am  Wednesday November 2, 2016"	"LCNF MCV +"	50	loam	YoungForest	984	5	5	85	45	YoungForest	850	5	8	100	45	0	ft	"38a"
WD	wepp-186901	"10:21 am  Wednesday November 2, 2016"	"LCNF MCV +"	50	loam	YoungForest	600	5	5	85	45	YoungForest	1000	5	8	100	45	0	ft	"38b"
WD	wepp-186908	"10:21 am  Wednesday November 2, 2016"	"LCNF MCV +"	50	loam	YoungForest	535	5	5	85	45	YoungForest	750	5	8	100	45	0	ft	"38c"
WD	wepp-186915	"10:21 am  Wednesday November 2, 2016"	"LCNF MCV +"	50	loam	YoungForest	938	5	5	85	45	YoungForest	600	5	8	100	45	0	ft	"38d"
WD	wepp-186922	"10:21 am  Wednesday November 2, 2016"	"LCNF MCV +"	50	loam	YoungForest	1834	7	9	85	45	YoungForest	50	9	8	100	45	0	ft	"38e"
WD	wepp-186929	"10:21 am  Wednesday November 2, 2016"	"LCNF MCV +"	50	loam	YoungForest	1463	5	10	85	45	YoungForest	50	10	8	100	45	0	ft	"38f"
WD	wepp-186936	"10:21 am  Wednesday November 2, 2016"	"LCNF MCV +"	50	loam	YoungForest	344	9	7	85	45	YoungForest	50	7	8	100	45	0	ft	"38g"
WD	wepp-186943	"10:21 am  Wednesday November 2, 2016"	"LCNF MCV +"	50	loam	YoungForest	433	6	6	85	45	YoungForest	50	6	8	100	45	0	ft	"38h"
WD	wepp-186950	"10:21 am  Wednesday November 2, 2016"	"LCNF MCV +"	50	loam	YoungForest	50	4	4	85	45	YoungForest	800	4	8	100	45	0	ft	"38i"
WD	wepp-186957	"10:21 am  Wednesday November 2, 2016"	"LCNF MCV +"	50	loam	YoungForest	876	4	4	85	45	YoungForest	900	4	8	100	45	0	ft	"38j"
WD	wepp-186964	"10:21 am  Wednesday November 2, 2016"	"LCNF MCV +"	50	loam	YoungForest	50	4	4	85	45	YoungForest	1750	4	8	100	45	0	ft	"38k"
WD	wepp-186971	"10:21 am  Wednesday November 2, 2016"	"LCNF MCV +"	50	loam	YoungForest	188	4	4	85	45	YoungForest	2000	4	8	100	45	0	ft	"38l"
WD	wepp-186978	"10:21 am  Wednesday November 2, 2016"	"LCNF MCV +"	50	loam	YoungForest	92	21	14	85	45	YoungForest	50	14	8	100	45	0	ft	"38m"
WD	wepp-186985	"10:21 am  Wednesday November 2, 2016"	"LCNF MCV +"	50	loam	YoungForest	722	7	7	85	45	YoungForest	50	7	8	100	45	0	ft	"38o"
WD	wepp-186992	"10:21 am  Wednesday November 2, 2016"	"LCNF MCV +"	50	loam	YoungForest	50	12	10	85	45	YoungForest	900	10	8	100	45	0	ft	"38q"
WD	wepp-186999	"10:21 am  Wednesday November 2, 2016"	"LCNF MCV +"	50	loam	YoungForest	797	6	6	85	45	YoungForest	200	6	6	100	45	0	ft	"A"
WD	wepp-187006	"10:21 am  Wednesday November 2, 2016"	"LCNF MCV +"	50	loam	YoungForest	758	9	9	85	45	YoungForest	450	9	7	100	45	0	ft	"D"
WD	wepp-195576	"06:49 am  Thursday November 3, 2016"	"LCNF MCV +"	50	loam	YoungForest	1217	32	26	85	8	YoungForest	50	26	8	100	8	0	ft	"32"
WD	wepp-195611	"06:49 am  Thursday November 3, 2016"	"LCNF MCV +"	50	loam	YoungForest	91	25	22	85	8	YoungForest	450	22	8	100	8	0	ft	"33"
WD	wepp-195711	"07:02 am  Thursday November 3, 2016"	"LCNF MCV MidSheep +"	50	loam	YoungForest	1217	32	26	85	8	YoungForest	50	26	8	100	8	0	ft	"32"
WD	wepp-195746	"07:02 am  Thursday November 3, 2016"	"LCNF MCV MidSheep +"	50	loam	YoungForest	91	25	22	85	8	YoungForest	450	22	8	100	8	0	ft	"33"
WD	wepp-197202	"09:19 am  Thursday November 3, 2016"	"LCNF MCV +"	50	loam	YoungForest	1500	30	55	85	45	YoungForest	100	60	10	100	45	0	ft	"7-BtwDraws"
WD	wepp-198501	"10:13 am  Thursday November 3, 2016"	"LCNF MCV MidSheep +"	50	loam	YoungForest	1656	35	29	85	43	YoungForest	50	29	8	100	43	0	ft	"31"
