WD	wepp-223487	"08:46 pm  Monday February 19, 2018"	"Alder Springs CA (2) +"	30	clay	YoungForest	275	58	85	100	20	YoungForest	50	30	5	100	20	0	ft	"Run1 WS Scott d HB treatment "
WD	wepp-223857	"09:20 pm  Monday February 19, 2018"	"Alder Springs CA (2) +"	30	sand	YoungForest	276	67	55	100	30	YoungForest	276	39	35	100	30	0	ft	"4 Beetles So Scott d  Unit n/a Treat HB  Cov100 Run1"
WD	wepp-223923	"09:30 pm  Monday February 19, 2018"	"BIRMINGHAM WB AP AL"	30	sand	YoungForest	276	67	55	80	30	YoungForest	276	39	35	80	30	0	ft	"4 Beetles So Scott d  Unit n/a Treat HB  Cov80 Run2"
WD	wepp-223963	"09:31 pm  Monday February 19, 2018"	"Alder Springs CA (2) +"	30	sand	YoungForest	276	67	55	80	30	YoungForest	304	39	35	80	30	0	ft	"4 Beetles So Scott d  Unit n/a Treat HB  Cov80 Run2"
WD	wepp-224453	"10:03 pm  Monday February 19, 2018"	"Alder Springs CA (2) +"	30	sand	YoungForest	146	53	56	80	30	YoungForest	274	35	31	50	30	0	ft	"4 Beetles So Scott d  Unit 16 Treat SSC  Cov50 RM cCov80 Run3"
WD	wepp-239613	"04:11 pm  Tuesday February 20, 2018"	"Alder Springs CA (3) +"	30	sand	YoungForest	276	67	55	100	30	YoungForest	304	39	35	100	30	0	ft	"4 BeetSo LINE1  Unit n/a Treat HB  Cov100 Run1"
WD	wepp-239745	"04:21 pm  Tuesday February 20, 2018"	"Alder Springs CA (EAST) + +"	30	sand	YoungForest	276	67	55	100	30	YoungForest	304	39	35	100	30	0	ft	"4 BeetSo LINE1  Unit n/a Treat HB  Cov100 Run1"
WD	wepp-239791	"04:25 pm  Tuesday February 20, 2018"	"../working/166_5_81_79_j"	30	sand	YoungForest	276	67	55	100	30	YoungForest	304	39	35	80	30	0	ft	"4 BeetSo LINE1  Unit n/a Treat HB  Cov100 Run2"
WD	wepp-239828	"04:25 pm  Tuesday February 20, 2018"	"../working/166_5_81_79_j"	30	sand	YoungForest	50	0	30	100	20	YoungForest	50	30	5	80	20	0	ft	"4 BeetSo LINE1  Unit n/a Treat HB  Cov100 Run2"
WD	wepp-239870	"04:27 pm  Tuesday February 20, 2018"	"Alder Springs CA (EAST) + +"	30	sand	YoungForest	276	67	55	100	30	YoungForest	304	39	35	80	30	0	ft	"4 BeetSo LINE1  Unit n/a Treat HB  Cov100 Run2"
WD	wepp-240121	"04:52 pm  Tuesday February 20, 2018"	"Alder Springs CA (EAST) + +"	30	sand	YoungForest	146	53	56	80	30	YoungForest	274	35	31	50	30	0	ft	"4 BeetSo LINE2  Treat Unit 16 Treat SSC Cov50 RM cCov80 Run3"
WD	wepp-240190	"04:56 pm  Tuesday February 20, 2018"	"Alder Springs CA (EAST) + +"	30	sand	YoungForest	146	52	56	80	30	YoungForest	274	36	31	80	30	0	ft	"4 Beetles So LINE2 Unit 16 Treat SSC Cov50 RM Cov80 Run4"
WD	wepp-240234	"05:00 pm  Tuesday February 20, 2018"	"Alder Springs CA (EAST) + +"	30	clay	YoungForest	146	53	56	80	30	YoungForest	274	35	31	80	30	0	ft	"4 Beetles So LINE2 Unit 16 Treat SSC Cov80 RM Cov80 Run4"
WD	wepp-240342	"05:03 pm  Tuesday February 20, 2018"	"Alder Springs CA (EAST) + +"	30	sand	YoungForest	146	53	56	80	30	YoungForest	274	35	31	80	30	0	ft	"4 Beetles So LINE2 Unit 16 Treat SSC Cov80 RM Cov80 Run4"
WD	wepp-240696	"05:26 pm  Tuesday February 20, 2018"	"Alder Springs CA (EAST) + + +"	30	sand	YoungForest	89	67	67	90	30	YoungForest	1167	33	27	80	30	0	ft	"4 Beetles So LINE3 Unit 17 Treat T Cov80 RM Cov90 Run3"
WD	wepp-10505	"10:22 am  Wednesday February 21, 2018"	"Alder Springs CA (EAST) + + +"	30	sand	YoungForest	586	19	28	80	30	YoungForest	707	32	54	80	30	0	ft	"4 Beetles So LINE4 Unit 27 Treat T Cov80  Run6"
WD	wepp-16959	"04:13 pm  Wednesday February 21, 2018"	"Alder Springs CA (EAST) + + +"	30	sand	YoungForest	131	46	46	90	30	YoungForest	1071	29	35	80	30	0	ft	"4 Beetles So LINE5 Unit 15 Treat GTR Cov80 HB Cov90 Run5"
WD	wepp-18246	"05:31 pm  Wednesday February 21, 2018"	"Alder Springs CA (WEST) +"	30	sand	YoungForest	145	48	28	90	30	YoungForest	855	30	26	80	30	0	ft	"4 Beetles So LINE6 Unit 1 Treat GTR Cov80 HB Cov90 Run8"
WD	wepp-18635	"05:58 pm  Wednesday February 21, 2018"	"Alder Springs CA (WEST) +"	30	sand	YoungForest	85	59	59	90	30	Skid	177	3	3	30	30	0	ft	"4 Beetles So LINE7 Unit 1 Treat SSC Cov50 HB Cov90 Run9"
WD	wepp-18674	"06:01 pm  Wednesday February 21, 2018"	"BIRMINGHAM WB AP AL"	30	sand	YoungForest	85	59	59	90	30	Skid	177	3	3	30	30	0	ft	"4 Beetles So LINE7 Unit 1 Treat SSC Cov50 (skidd tr) HB Cov90 Run9"
WD	wepp-18778	"06:03 pm  Wednesday February 21, 2018"	"Alder Springs CA (WEST) + + +"	30	sand	YoungForest	85	59	59	90	30	Skid	177	2	2	20	30	0	ft	"4 Beetles So LINE7 Unit 1 Treat SSC Cov50 (skidd tr) HB Cov90 Run9"
WD	wepp-90068	"11:23 am  Thursday February 22, 2018"	"Alder Springs CA (EAST) + +"	30	sand	YoungForest	146	53	56	80	30	YoungForest	274	35	31	100	20	0	ft	"4 Beetles So LINE2 Unit 16 Treat SSC Cov50 RM Cov80 Run4a"
WD	wepp-90196	"11:37 am  Thursday February 22, 2018"	"Alder Springs CA (WEST) +"	30	sand	YoungForest	92	45	54	90	30	YoungForest	50	45	19	50	30	0	ft	"4 Beetles So LINE8 Unit 1 Treat SSC Cov50 HB Cov90 Run10"
WD	wepp-194357	"11:37 am  Sunday February 25, 2018"	"Alder Springs CA (WEST) +"	30	sand	YoungForest	142	56	56	80	30	YoungForest	358	28	42	80	30	0	ft	"4 Beetles So LINE9 Unit 1 Treat SSC Cov80 HB Cov80 Run11"
WR	wepp-195151	"12:57 pm  Sunday February 25, 2018"	"Alder Springs CA (WEST) +"	30	sand	native	403	4	21	15	30	20	25	30	inveg	ft
WR	wepp-195193	"12:59 pm  Sunday February 25, 2018"	"Alder Springs CA (WEST) +"	30	sand	native	403	4	21	15	30	15	25	30	inveg	ft
WR	wepp-195454	"01:02 pm  Sunday February 25, 2018"	"Alder Springs CA (WEST) +"	30	sand	native	200	5	13	15	50	15	25	30	inveg	ft
WR	wepp-195498	"01:07 pm  Sunday February 25, 2018"	"Alder Springs CA (WEST) +"	30	sand	native	403	5	20	15	35	20	25	30	inveg	ft
WR	wepp-195559	"01:10 pm  Sunday February 25, 2018"	"Alder Springs CA (WEST) +"	30	sand	native	403	5	20	20	35	20	25	30	inveg	ft
WR	wepp-195909	"01:49 pm  Sunday February 25, 2018"	"Alder Springs CA (WEST) +"	30	sand	native	403	4	20	20	35	20	25	30	inveg	ft
WR	wepp-195956	"01:54 pm  Sunday February 25, 2018"	"Alder Springs CA (WEST) +"	30	sand	native	126	4	20	20	35	20	25	20	inveg	ft
WR	wepp-196234	"02:04 pm  Sunday February 25, 2018"	"Alder Springs CA (WEST) +"	30	sand	native	106	4	20	20	35	20	25	30	inveg	ft
WR	wepp-196724	"03:08 pm  Sunday February 25, 2018"	"Alder Springs CA (WEST) +"	30	sand	native	356	6	20	20	35	20	25	30	inveg	ft
WR	wepp-197176	"03:46 pm  Sunday February 25, 2018"	"Alder Springs CA (WEST) +"	30	sand	native	197	3	20	20	35	20	25	30	inveg	ft
WR	wepp-197213	"03:47 pm  Sunday February 25, 2018"	"Alder Springs CA (WEST) +"	30	sand	native	356	6	20	20	35	20	25	30	inveg	ft
WR	wepp-197311	"03:48 pm  Sunday February 25, 2018"	"Alder Springs CA (WEST) +"	30	sand	native	106	8	20	20	35	20	25	30	inveg	ft
WR	wepp-197396	"03:59 pm  Sunday February 25, 2018"	"Alder Springs CA (WEST) +"	30	sand	native	115	9	20	20	35	20	25	30	inveg	ft
WR	wepp-197507	"04:04 pm  Sunday February 25, 2018"	"Alder Springs CA (WEST) +"	30	sand	native	88	6	20	20	35	120	25	30	inveg	ft
WR	wepp-197544	"04:05 pm  Sunday February 25, 2018"	"Alder Springs CA (WEST) +"	30	sand	native	88	6	20	20	35	120	25	30	inveg	ft
WR	wepp-197581	"04:06 pm  Sunday February 25, 2018"	"Alder Springs CA (WEST) +"	30	sand	native	88	6	20	20	35	120	25	30	inveg	ft
WR	wepp-197641	"04:09 pm  Sunday February 25, 2018"	"Alder Springs CA (WEST) +"	30	sand	native	306	5	20	20	35	20	25	30	inveg	ft
WR	wepp-197881	"04:29 pm  Sunday February 25, 2018"	"Alder Springs CA (WEST) +"	30	sand	native	716	2	20	20	35	20	25	20	inveg	ft
WR	wepp-198204	"04:33 pm  Sunday February 25, 2018"	"Alder Springs CA (WEST) +"	30	sand	native	170	4	20	20	35	20	25	30	inveg	ft
WR	wepp-198273	"04:42 pm  Sunday February 25, 2018"	"Alder Springs CA (WEST) +"	30	sand	native	346	3	20	20	35	20	25	30	inveg	ft
WR	wepp-198603	"05:15 pm  Sunday February 25, 2018"	"Alder Springs CA (EAST) + +"	30	sand	native	416	3	20	20	35	120	25	20	inveg	ft
WR	wepp-198755	"05:22 pm  Sunday February 25, 2018"	"Alder Springs CA (EAST) + +"	30	sand	native	211	2	20	20	35	120	25	30	inveg	ft
WR	wepp-198892	"05:37 pm  Sunday February 25, 2018"	"Alder Springs CA (EAST) + +"	30	sand	native	259	1	20	20	35	20	25	30	inveg	ft
WR	wepp-198929	"05:38 pm  Sunday February 25, 2018"	"Alder Springs CA (EAST) + +"	30	sand	native	259	1	20	20	25	20	25	30	inveg	ft
WR	wepp-198979	"05:39 pm  Sunday February 25, 2018"	"Alder Springs CA (EAST) + +"	30	sand	native	259	1	20	20	25	20	25	30	inveg	ft
WR	wepp-199020	"05:40 pm  Sunday February 25, 2018"	"Alder Springs CA (EAST) + +"	30	sand	native	378	6	20	20	35	20	25	30	inveg	ft
WR	wepp-199061	"05:41 pm  Sunday February 25, 2018"	"Alder Springs CA (EAST) + +"	30	sand	native	378	6	20	20	35	20	25	30	inveg	ft
WR	wepp-199349	"05:57 pm  Sunday February 25, 2018"	"Alder Springs CA (EAST) + +"	30	sand	native	97	1	20	20	35	120	25	30	inveg	ft
WR	wepp-199387	"05:57 pm  Sunday February 25, 2018"	"Alder Springs CA (EAST) + +"	30	sand	native	256	8	20	20	35	120	25	30	inveg	ft
WR	wepp-199531	"06:15 pm  Sunday February 25, 2018"	"Alder Springs CA (EAST) + +"	30	sand	native	873	9	20	20	35	120	25	30	inveg	ft
WR	wepp-199573	"06:17 pm  Sunday February 25, 2018"	"Alder Springs CA (EAST) + +"	30	sand	native	873	9	20	20	35	120	25	30	inveg	ft
WR	wepp-199675	"06:18 pm  Sunday February 25, 2018"	"Alder Springs CA (EAST) + +"	30	sand	native	1000	9	20	20	35	120	25	20	inveg	ft
WD	wepp-239523	"03:09 pm  Tuesday February 27, 2018"	"Alder Springs CA (EAST) + +"	30	loam	YoungForest	276	67	55	100	30	YoungForest	304	39	35	100	30	0	ft	"4 BeetSo LINE1  Unit n/a Treat HB  Cov100 Run1"
WD	wepp-239789	"03:18 pm  Tuesday February 27, 2018"	"Alder Springs CA (EAST) + +"	30	loam	YoungForest	276	67	55	100	30	YoungForest	304	39	35	100	30	0	ft	"4 BeetSo LINE1  Unit n/a Treat HB  Cov80 Run1"
WD	wepp-239827	"03:20 pm  Tuesday February 27, 2018"	"Alder Springs CA (EAST) + +"	30	loam	YoungForest	276	67	55	100	30	YoungForest	304	39	35	80	30	0	ft	"4 BeetSo LINE1  Unit n/a Treat HB  Cov80 Run1"
WD	wepp-239879	"03:25 pm  Tuesday February 27, 2018"	"Alder Springs CA (EAST) + +"	30	loam	YoungForest	146	53	56	80	30	YoungForest	274	35	31	80	30	0	ft	"4 Beetles So LINE2 Unit 16 Treat SSC Cov80 RM Cov80 Run4"
WD	wepp-240453	"04:15 pm  Tuesday February 27, 2018"	"Alder Springs CA (EAST) + +"	30	loam	YoungForest	75	67	67	100	30	YoungForest	505	55	35	90	30	0	ft	"4 BeetSo LINE1  Unit n/a Treat RRHB Coc100 HB  Cov90 Run2"
WD	wepp-240876	"04:24 pm  Tuesday February 27, 2018"	"Alder Springs CA (EAST) + +"	30	loam	YoungForest	75	53	56	100	30	YoungForest	345	35	31	90	30	0	ft	"4 Beetles So LINE2 Unit 16  SSC Cov90 RM Cov90 Run4"
WD	wepp-7612	"04:32 pm  Tuesday February 27, 2018"	"Alder Springs CA (EAST) + +"	30	loam	YoungForest	75	53	56	90	30	YoungForest	345	35	31	80	30	0	ft	"4 Beetles So LINE2 Unit 16  SSC Cov80 RM Cov90 Run4"
WD	wepp-7660	"04:35 pm  Tuesday February 27, 2018"	"Alder Springs CA (EAST) + +"	30	loam	YoungForest	75	53	56	90	30	YoungForest	345	35	31	90	30	0	ft	"4 Beetles So LINE2 Unit 16  SSC Cov90 RM Cov90 Run4"
WD	wepp-7859	"04:52 pm  Tuesday February 27, 2018"	"Alder Springs CA (EAST) + +"	30	loam	YoungForest	89	67	33	90	30	YoungForest	1167	25	27	90	30	0	ft	"4 Beetles So LINE3 Unit 17 T Cov90 RM Cov90 Run5"
WD	wepp-7920	"05:03 pm  Tuesday February 27, 2018"	"Alder Springs CA (EAST) + +"	30	loam	YoungForest	586	19	28	90	30	YoungForest	707	32	54	90	30	0	ft	"4 Beetles So LINE4 Unit 27 Treat T Cov90  Run6"
WD	wepp-7986	"05:09 pm  Tuesday February 27, 2018"	"Alder Springs CA (EAST) + +"	30	loam	YoungForest	131	46	29	100	30	YoungForest	1071	29	35	90	30	0	ft	"4 Beetles So LINE5 Unit 15 Treat GTR Cov90 HB Cov100 Run7"
WD	wepp-8025	"05:10 pm  Tuesday February 27, 2018"	"Alder Springs CA (EAST) + +"	30	loam	YoungForest	131	46	29	100	30	YoungForest	1071	29	35	100	30	0	ft	"4 Beetles So LINE5 Unit 15 Treat GTR Cov90 HB Cov100 Run7"
WD	wepp-17267	"09:15 am  Wednesday February 28, 2018"	"Alder Springs CA (EAST) + +"	30	loam	OldForest	276	67	55	100	30	OldForest	304	39	35	100	30	0	ft	"4 BeetSo LINE1  Mature forest Treat HB  Cov100 Run0"
WD	wepp-5116	"11:04 am  Wednesday February 28, 2018"	"Alder Springs CA (EAST) + +"	30	loam	YoungForest	131	46	46	100	30	YoungForest	1071	29	35	90	30	0	ft	"4 Beetles So LINE5 Unit 15 Treat GTR Cov90 HB Cov100 Run7"
WD	wepp-5415	"11:10 am  Wednesday February 28, 2018"	"Alder Springs CA (WEST) +"	30	loam	OldForest	145	48	28	100	30	OldForest	855	30	26	100	30	0	ft	"4 Beetles So LINE6 Unit 1 Treat GTR Cov100 HB Cov100 Run0a BASELINE"
WD	wepp-5475	"11:17 am  Wednesday February 28, 2018"	"Alder Springs CA (WEST) +"	30	loam	YoungForest	145	48	28	100	30	YoungForest	855	30	26	90	30	0	ft	"4 Beetles So LINE6 Unit 1 Treat GTR Cov90 HB Cov100 Run8"
WD	wepp-5768	"11:22 am  Wednesday February 28, 2018"	"Alder Springs CA (WEST) +"	30	loam	YoungForest	85	59	59	100	30	Skid	177	2	2	20	30	0	ft	"4 Beetles So LINE7 Unit 1 Treat SSC Cov50 (skidd tr) HB Cov90 Run9"
WD	wepp-6102	"11:31 am  Wednesday February 28, 2018"	"Alder Springs CA (WEST) +"	30	loam	YoungForest	92	45	54	100	30	YoungForest	270	45	19	90	30	0	ft	"4 Beetles So LINE8 Unit 1 Treat SSC Cov90 HB Cov100 Run10"
WD	wepp-6453	"11:43 am  Wednesday February 28, 2018"	"Alder Springs CA (WEST) +"	30	loam	YoungForest	142	56	56	100	30	YoungForest	358	28	42	90	30	0	ft	"4 Beetles So LINE9 Unit 1 Treat SSC Cov90 HB Cov100 Run11"
WD	wepp-6521	"11:48 am  Wednesday February 28, 2018"	"Alder Springs CA (WEST) +"	30	loam	YoungForest	142	56	56	100	30	YoungForest	358	28	42	80	30	0	ft	"4 Beetles So LINE9 Unit 1 Treat SSC Cov80 HB Cov100 Run12"
WD	wepp-6737	"12:15 pm  Wednesday February 28, 2018"	"Alder Springs CA (WEST) +"	30	loam	YoungForest	166	42	42	100	30	YoungForest	772	19	33	90	30	0	ft	"4 Beetles So LINE10 Unit 1 Treat GTR Cov90 HB Cov100 Run13"
WD	wepp-6795	"12:18 pm  Wednesday February 28, 2018"	"Alder Springs CA (WEST) +"	30	loam	YoungForest	166	42	42	100	30	YoungForest	772	19	33	80	30	0	ft	"4 Beetles So LINE10 Unit 1 Treat GTR Cov80 HB Cov100 Run13"
WE	wepp-6883	"12:22 pm  Wednesday February 28, 2018"	"Alder Springs CA (WEST) +"	loam	20	forest	0	50	30	300	u			ft
WE	wepp-6968	"12:22 pm  Wednesday February 28, 2018"	"Alder Springs CA (WEST) +"	loam	20	forest	0	50	30	300	u			ft
WE	wepp-7055	"12:23 pm  Wednesday February 28, 2018"	"Alder Springs CA (WEST) +"	loam	20	forest	0	50	30	300	l			ft
WR	wepp-7397	"12:36 pm  Wednesday February 28, 2018"	"Alder Springs CA (WEST) +"	30	loam	native	403	4	20	20	35	30	25	30	inveg	ft
WR	wepp-7483	"12:38 pm  Wednesday February 28, 2018"	"Alder Springs CA (WEST) +"	30	loam	native	106	8	20	20	35	30	25	30	inveg	ft
WR	wepp-7547	"12:40 pm  Wednesday February 28, 2018"	"Alder Springs CA (WEST) +"	30	loam	native	403	4	20	20	35	20	25	30	inveg	ft
WR	wepp-13346	"05:20 pm  Wednesday February 28, 2018"	"Alder Springs CA (WEST) +"	30	loam	native	200	4	13	15	50	20	25	20	outunrut	ft
WR	wepp-13383	"05:20 pm  Wednesday February 28, 2018"	"Alder Springs CA (WEST) +"	30	loam	native	200	4	13	15	50	20	25	20	outrut	ft
WR	wepp-13426	"05:21 pm  Wednesday February 28, 2018"	"Alder Springs CA (WEST) +"	30	loam	native	403	4	20	20	35	20	25	30	outunrut	ft
WR	wepp-13464	"05:21 pm  Wednesday February 28, 2018"	"Alder Springs CA (WEST) +"	30	loam	native	403	4	20	20	35	20	25	30	inveg	ft
WR	wepp-13501	"05:22 pm  Wednesday February 28, 2018"	"Alder Springs CA (WEST) +"	30	loam	native	200	4	13	15	50	130	25	20	outunrut	ft
WR	wepp-43625	"10:10 am  Friday March 2, 2018"	"Alder Springs CA (WEST) +"	30	loam	native	266	5	20	20	35	20	25	30	outunrut	ft
WR	wepp-43690	"10:13 am  Friday March 2, 2018"	"Alder Springs CA (WEST) +"	30	loam	native	266	5	20	20	35	20	25	30	outunrut	ft
WR	wepp-44219	"10:47 am  Friday March 2, 2018"	"Alder Springs CA (EAST) + +"	30	loam	native	427	9	20	20	35	20	25	30	inveg	ft
WF	wepp-159736	"10:49 am  Tuesday March 13, 2018"	"Alder Springs CA (EAST) + + +"	loam	1000	100	25	54	25	40	20	20	5.3	ft
WF	wepp-159825	"10:50 am  Tuesday March 13, 2018"	"Alder Springs CA (EAST) + + +"	loam	1000	100	25	65	25	40	30	50	5.3	ft
WF	wepp-159909	"10:52 am  Tuesday March 13, 2018"	"Alder Springs CA (EAST) + + +"	loam	1000	100	25	65	25	40	60	100	5.3	ft
WE	wepp-160015	"10:54 am  Tuesday March 13, 2018"	"Alder Springs CA (EAST) + + +"	loam	30	forest	25	65	30	1000	u			ft
WE	wepp-160105	"10:55 am  Tuesday March 13, 2018"	"Alder Springs CA (EAST) + + +"	loam	30	forest	25	65	30	1000	l			ft
WD	wepp-160263	"10:58 am  Tuesday March 13, 2018"	"Alder Springs CA (EAST) + + +"	10	loam	YoungForest	100	25	65	100	30	OldForest	1000	65	25	100	30	0	ft	""
WD	wepp-160300	"10:58 am  Tuesday March 13, 2018"	"Alder Springs CA (EAST) + + +"	10	loam	OldForest	100	25	65	50	30	OldForest	1000	65	25	90	30	0	ft	""
WD	wepp-229787	"04:22 pm  Thursday March 15, 2018"	"Alder Springs CA (EAST) + +"	30	loam	YoungForest	131	46	46	100	30	YoungForest	1071	29	35	66	30	0	ft	"4 Beetles So LINE5 Unit 15 Treat GTR AVECov50 HB Cov100 Run7a"
WD	wepp-229931	"04:33 pm  Thursday March 15, 2018"	"Alder Springs CA (EAST) + +"	30	loam	YoungForest	145	48	28	100	30	YoungForest	855	30	26	66	30	0	ft	"4 Beetles So LINE6 Unit 1 Treat GTR AVECov66 HB Cov100 Run8a"
WD	wepp-14299	"12:43 pm  Saturday March 17, 2018"	"Alder Springs CA (WEST) + +"	30	loam	OldForest	188	48	36	100	30	YoungForest	516	36	27	80	30	0	ft	"4 Beetles So LINE11 Unit 2 Treat GS Cov80 HB-RR Cov100 Run15"
WD	wepp-14343	"12:43 pm  Saturday March 17, 2018"	"Alder Springs CA (WEST) + +"	30	loam	YoungForest	188	48	36	100	30	YoungForest	516	36	27	80	30	0	ft	"4 Beetles So LINE11 Unit 2 Treat GS Cov80 HB-RR Cov100 Run15"
WD	wepp-29689	"02:34 pm  Sunday March 18, 2018"	"Alder Springs CA (WEST) +"	30	loam	YoungForest	166	42	19	100	30	YoungForest	772	33	18	80	30	0	ft	"4 Beetles So LINE10 Unit 1 Treat GTR Cov80 HB Cov100 Run14"
WD	wepp-33015	"08:09 pm  Sunday March 18, 2018"	"Alder Springs CA (EAST) + +"	30	loam	YoungForest	131	46	46	100	30	YoungForest	1071	29	35	75	30	0	ft	"4 Beetles So LINE5 Unit 15 Treat GTR AVECov75 HB Cov100 Run7a"
WD	wepp-33058	"08:14 pm  Sunday March 18, 2018"	"Alder Springs CA (EAST) + +"	30	loam	YoungForest	145	48	28	100	30	YoungForest	855	30	26	75	30	0	ft	"4 Beetles So LINE6 Unit 1 Treat GTR AVECov75 HB Cov100 Run8a"
