WE	wepp-25981	"12:40 pm  Saturday August 15, 2015"	"Solitude Fire UT +"	loam	20	forest	0	50	30	1000	m			ft
WE	wepp-26166	"12:42 pm  Saturday August 15, 2015"	"Solitude Fire UT +"	loam	20	range	0	50	30	1000	m	15	75	ft
WE	wepp-26351	"12:43 pm  Saturday August 15, 2015"	"Solitude Fire UT +"	silt	20	forest	0	50	30	1000	m			ft
WE	wepp-26542	"12:44 pm  Saturday August 15, 2015"	"Solitude Fire UT +"	loam	20	forest	0	50	30	1000	m			ft
WE	wepp-26740	"12:45 pm  Saturday August 15, 2015"	"Solitude Fire UT +"	sand	20	forest	0	50	30	1000	m			ft
WE	wepp-70269	"06:59 am  Monday August 17, 2015"	"Solitude Fire UT +"	silt	20	chap	0	50	30	800	m	70	10	ft
WE	wepp-70478	"07:00 am  Monday August 17, 2015"	"Solitude Fire UT +"	silt	20	forest	0	50	30	800	m			ft
WE	wepp-70663	"07:01 am  Monday August 17, 2015"	"Solitude Fire UT +"	loam	25	forest	0	50	30	800	m			ft
WE	wepp-70848	"07:02 am  Monday August 17, 2015"	"Solitude Fire UT +"	sand	25	forest	0	50	30	800	m			ft
WE	wepp-70967	"07:02 am  Monday August 17, 2015"	"Solitude Fire UT +"	sand	25	forest	0	50	30	1000	m			ft
WE	wepp-71189	"07:04 am  Monday August 17, 2015"	"Solitude Fire UT +"	loam	25	forest	0	50	30	1000	m			ft
WE	wepp-71374	"07:04 am  Monday August 17, 2015"	"Solitude Fire UT +"	loam	25	forest	30	30	10	1000	m			ft
WE	wepp-71570	"07:05 am  Monday August 17, 2015"	"Solitude Fire UT +"	loam	25	forest	30	30	10	1000	h			ft
WE	wepp-71950	"07:17 am  Monday August 17, 2015"	"Solitude Fire UT +"	sand	25	forest	30	30	10	1000	h			ft
WE	wepp-85356	"06:07 pm  Monday August 17, 2015"	"Solitude Fire UT +"	silt	25	forest	45	40	20	300	h			m
WE	wepp-85746	"06:12 pm  Monday August 17, 2015"	"Solitude Fire UT +"	loam	20	forest	55	40	20	1000	h			ft
WE	wepp-86297	"06:25 pm  Monday August 17, 2015"	"Solitude Fire UT +"	loam	25	forest	50	40	20	1000	u			ft
WE	wepp-86169	"06:25 pm  Monday August 17, 2015"	"Solitude Fire UT +"	loam	25	forest	50	40	20	1000	h			ft
WE	wepp-98037	"06:36 am  Tuesday August 18, 2015"	"Solitude Fire UT +"	loam	25	forest	50	40	25	1000	h			ft
WE	wepp-122777	"08:55 am  Tuesday August 18, 2015"	"Solitude Fire UT +"	loam	25	forest	50	40	20	1000	h			ft
WE	wepp-123033	"08:56 am  Tuesday August 18, 2015"	"Solitude Fire UT +"	sand	25	forest	50	40	20	1000	h			ft
WE	wepp-123291	"08:58 am  Tuesday August 18, 2015"	"Solitude Fire UT +"	loam	20	forest	0	50	30	300	h			ft
WE	wepp-123377	"08:58 am  Tuesday August 18, 2015"	"Solitude Fire UT +"	loam	20	forest	0	50	30	1000	h			ft
WE	wepp-123577	"08:58 am  Tuesday August 18, 2015"	"Solitude Fire UT +"	loam	25	forest	0	50	30	1000	h			ft
WE	wepp-123931	"08:59 am  Tuesday August 18, 2015"	"Solitude Fire UT +"	loam	25	forest	50	40	20	1000	h			ft
WE	wepp-124195	"09:01 am  Tuesday August 18, 2015"	"Solitude Fire UT +"	loam	25	forest	50	40	20	1000	h			ft
WE	wepp-124463	"09:03 am  Tuesday August 18, 2015"	"Solitude Fire UT +"	loam	25	forest	50	40	20	1000	h			ft
WE	wepp-124735	"09:05 am  Tuesday August 18, 2015"	"Solitude Fire UT +"	clay	25	forest	50	40	20	1000	h			ft
WE	wepp-124980	"09:06 am  Tuesday August 18, 2015"	"Solitude Fire UT +"	clay	20	forest	50	35	10	1000	h			ft
WE	wepp-125206	"09:06 am  Tuesday August 18, 2015"	"Solitude Fire UT +"	clay	20	forest	50	35	10	1000	h			ft
WE	wepp-125430	"09:07 am  Tuesday August 18, 2015"	"Solitude Fire UT +"	clay	25	forest	50	40	20	1000	h			ft
WE	wepp-125671	"09:09 am  Tuesday August 18, 2015"	"Solitude Fire UT +"	sand	25	forest	50	40	20	1000	h			ft
WE	wepp-125909	"09:11 am  Tuesday August 18, 2015"	"Solitude Fire UT +"	sand	20	range	0	50	30	1000	h	60	20	ft
WE	wepp-126134	"09:11 am  Tuesday August 18, 2015"	"Solitude Fire UT +"	sand	20	range	50	40	20	1000	h	60	20	ft
WE	wepp-126359	"09:12 am  Tuesday August 18, 2015"	"Solitude Fire UT +"	sand	20	range	50	40	20	1000	h	60	20	ft
WE	wepp-126584	"09:13 am  Tuesday August 18, 2015"	"Solitude Fire UT +"	sand	25	range	50	40	20	1000	h	60	20	ft
WE	wepp-126811	"09:14 am  Tuesday August 18, 2015"	"Solitude Fire UT +"	sand	25	range	50	40	20	1000	m	60	20	ft
WE	wepp-127007	"09:15 am  Tuesday August 18, 2015"	"Solitude Fire UT +"	clay	25	range	50	40	20	1000	m	60	20	ft
WE	wepp-127190	"09:16 am  Tuesday August 18, 2015"	"Solitude Fire UT +"	clay	25	range	50	40	20	1000	m	60	20	ft
WE	wepp-127406	"09:17 am  Tuesday August 18, 2015"	"Solitude Fire UT +"	clay	25	range	50	40	20	1000	m	60	20	ft
WE	wepp-127601	"09:18 am  Tuesday August 18, 2015"	"Solitude Fire UT +"	sand	25	chap	50	40	20	1000	h	60	20	ft
WE	wepp-127841	"09:20 am  Tuesday August 18, 2015"	"Solitude Fire UT +"	sand	25	chap	50	40	20	1000	m	60	20	ft
WE	wepp-128025	"09:21 am  Tuesday August 18, 2015"	"Solitude Fire UT +"	sand	25	chap	50	40	20	1000	m	60	20	ft
WE	wepp-128211	"09:21 am  Tuesday August 18, 2015"	"Solitude Fire UT +"	sand	25	chap	50	40	20	1000	l	60	20	ft
WE	wepp-128356	"09:22 am  Tuesday August 18, 2015"	"Solitude Fire UT +"	clay	25	chap	50	40	20	1000	h	60	20	ft
WE	wepp-129607	"09:57 am  Tuesday August 18, 2015"	"Solitude Fire UT +"	sand	25	forest	50	40	20	1000	m			ft
