WE	wepp-191627	"05:02 pm  Wednesday June 10, 2020"	"Cedar + +"	clay	20	forest	0	50	30	200	h			ft
WE	wepp-191835	"05:02 pm  Wednesday June 10, 2020"	"Cedar + +"	silt	20	forest	0	50	30	200	h			ft
WE	wepp-191952	"05:02 pm  Wednesday June 10, 2020"	"Cedar + +"	sand	20	forest	0	50	30	200	h			ft
WE	wepp-192211	"05:02 pm  Wednesday June 10, 2020"	"Cedar + +"	loam	20	forest	0	50	30	200	h			ft
WE	wepp-192404	"05:04 pm  Wednesday June 10, 2020"	"Hayman Mulch +"	clay	20	forest	0	50	30	200	l			ft
WE	wepp-192527	"05:04 pm  Wednesday June 10, 2020"	"Hayman Mulch +"	silt	20	forest	0	50	30	200	h			ft
WE	wepp-192626	"05:04 pm  Wednesday June 10, 2020"	"Hayman Mulch +"	clay	20	forest	0	50	30	200	h			ft
WE	wepp-192741	"05:04 pm  Wednesday June 10, 2020"	"Hayman Mulch +"	sand	20	forest	0	50	30	200	h			ft
WE	wepp-192951	"05:04 pm  Wednesday June 10, 2020"	"Hayman Mulch +"	loam	20	forest	0	50	30	200	h			ft
WE	wepp-193272	"05:05 pm  Wednesday June 10, 2020"	"Hayman Logs +"	clay	20	forest	0	50	30	200	h			ft
WE	wepp-193346	"05:06 pm  Wednesday June 10, 2020"	"Hayman Logs +"	silt	20	forest	0	50	30	200	h			ft
WE	wepp-193421	"05:06 pm  Wednesday June 10, 2020"	"Hayman Logs +"	sand	20	forest	0	50	30	200	h			ft
WE	wepp-193490	"05:06 pm  Wednesday June 10, 2020"	"Hayman Logs +"	loam	20	forest	0	50	30	200	h			ft
WE	wepp-194016	"05:06 pm  Wednesday June 10, 2020"	"Cannon +"	clay	20	forest	0	50	30	200	h			ft
WE	wepp-194104	"05:07 pm  Wednesday June 10, 2020"	"Cannon +"	silt	20	forest	0	50	30	200	h			ft
WE	wepp-194219	"05:07 pm  Wednesday June 10, 2020"	"Cannon +"	sand	20	forest	0	50	30	200	h			ft
WE	wepp-194379	"05:07 pm  Wednesday June 10, 2020"	"Cannon +"	loam	20	forest	0	50	30	200	h			ft
WE	wepp-194755	"05:08 pm  Wednesday June 10, 2020"	"Fridely +"	clay	20	forest	0	50	30	200	h			ft
WE	wepp-194837	"05:08 pm  Wednesday June 10, 2020"	"Fridely +"	silt	20	forest	0	50	30	200	h			ft
WE	wepp-194952	"05:08 pm  Wednesday June 10, 2020"	"Fridely +"	sand	20	forest	0	50	30	200	h			ft
WE	wepp-195120	"05:08 pm  Wednesday June 10, 2020"	"Fridely +"	loam	20	forest	0	50	30	200	h			ft
WE	wepp-195634	"05:11 pm  Wednesday June 10, 2020"	"Mixing +"	clay	20	forest	0	50	30	200	h			ft
WE	wepp-195709	"05:11 pm  Wednesday June 10, 2020"	"Mixing +"	silt	20	forest	0	50	30	200	h			ft
WE	wepp-195888	"05:11 pm  Wednesday June 10, 2020"	"Mixing +"	sand	20	forest	0	50	30	200	h			ft
WE	wepp-196057	"05:11 pm  Wednesday June 10, 2020"	"Mixing +"	loam	20	forest	0	50	30	200	h			ft
WE	wepp-196378	"05:12 pm  Wednesday June 10, 2020"	"North 25 +"	clay	20	forest	0	50	30	200	h			ft
WE	wepp-196464	"05:12 pm  Wednesday June 10, 2020"	"North 25 +"	silt	20	forest	0	50	30	200	h			ft
WE	wepp-196574	"05:12 pm  Wednesday June 10, 2020"	"North 25 +"	sand	20	forest	0	50	30	200	h			ft
WE	wepp-196694	"05:12 pm  Wednesday June 10, 2020"	"North 25 +"	loam	20	forest	0	50	30	200	h			ft
WE	wepp-197106	"05:13 pm  Wednesday June 10, 2020"	"Valley +"	clay	20	forest	0	50	30	200	h			ft
WE	wepp-197176	"05:13 pm  Wednesday June 10, 2020"	"Valley +"	silt	20	forest	0	50	30	200	h			ft
WE	wepp-197325	"05:13 pm  Wednesday June 10, 2020"	"Valley +"	sand	20	forest	0	50	30	200	h			ft
WE	wepp-197576	"05:13 pm  Wednesday June 10, 2020"	"Valley +"	loam	20	forest	0	50	30	200	h			ft
