WD	wepp-157038	"09:53 am  Monday November 28, 2016"	"LCNF MCV +"	50	loam	YoungForest	1732	25	18	85	75	YoungForest	50	18	8	100	75	0	ft	"35"
WD	wepp-157073	"09:53 am  Monday November 28, 2016"	"LCNF MCV +"	50	loam	YoungForest	1512	20	22	85	62	YoungForest	850	22	8	100	62	0	ft	"34"
WD	wepp-157080	"09:53 am  Monday November 28, 2016"	"LCNF MCV +"	50	loam	YoungForest	1500	25	17	85	58	YoungForest	50	17	8	100	58	0	ft	"18"
WD	wepp-157087	"09:53 am  Monday November 28, 2016"	"LCNF MCV +"	50	loam	YoungForest	686	7	45	85	53	YoungForest	1000	45	15	100	53	0	ft	"EWBP"
WD	wepp-157095	"09:53 am  Monday November 28, 2016"	"LCNF MCV +"	50	loam	YoungForest	3546	15	10	85	46	YoungForest	250	10	8	100	46	0	ft	"16"
WD	wepp-157102	"09:53 am  Monday November 28, 2016"	"LCNF MCV +"	50	loam	YoungForest	1463	5	13	85	45	YoungForest	1800	13	5	100	45	0	ft	"1"
WD	wepp-157109	"09:54 am  Monday November 28, 2016"	"LCNF MCV +"	50	sand	LowFire	1328	5	10	85	45	YoungForest	1400	10	8	100	45	0	ft	"2"
WD	wepp-157116	"09:54 am  Monday November 28, 2016"	"LCNF MCV +"	50	loam	YoungForest	958	30	14	85	45	YoungForest	50	14	8	100	45	0	ft	"3"
WD	wepp-157123	"09:54 am  Monday November 28, 2016"	"LCNF MCV +"	50	loam	YoungForest	262	30	30	85	45	YoungForest	50	30	20	100	45	0	ft	"6"
WD	wepp-157130	"09:54 am  Monday November 28, 2016"	"LCNF MCV +"	50	loam	YoungForest	1735	30	39	85	45	YoungForest	50	60	10	100	45	0	ft	"7"
WD	wepp-157137	"09:54 am  Monday November 28, 2016"	"LCNF MCV +"	50	sand	YoungForest	988	15	19	85	45	YoungForest	2500	19	10	100	45	0	ft	"15"
WD	wepp-157144	"09:54 am  Monday November 28, 2016"	"LCNF MCV +"	50	sand	LowFire	600	10	10	85	45	YoungForest	1000	10	8	100	45	0	ft	"19"
WD	wepp-157151	"09:54 am  Monday November 28, 2016"	"LCNF MCV +"	50	loam	YoungForest	220	37	28	85	45	YoungForest	450	28	8	100	45	0	ft	"20"
WD	wepp-157158	"09:54 am  Monday November 28, 2016"	"LCNF MCV +"	50	loam	YoungForest	462	15	21	85	45	YoungForest	50	21	8	100	45	0	ft	"22"
WD	wepp-157165	"09:54 am  Monday November 28, 2016"	"LCNF MCV +"	50	sand	YoungForest	1837	5	14	85	45	YoungForest	200	14	8	100	45	0	ft	"24"
WD	wepp-157172	"09:54 am  Monday November 28, 2016"	"LCNF MCV +"	50	loam	YoungForest	417	45	39	85	45	YoungForest	50	39	8	100	45	0	ft	"27"
WD	wepp-157179	"09:54 am  Monday November 28, 2016"	"LCNF MCV +"	50	loam	YoungForest	846	23	25	85	45	YoungForest	350	25	8	100	45	0	ft	"28"
WD	wepp-157186	"09:54 am  Monday November 28, 2016"	"LCNF MCV +"	50	loam	YoungForest	2139	15	20	85	45	YoungForest	50	20	8	100	45	0	ft	"36"
WD	wepp-157193	"09:54 am  Monday November 28, 2016"	"LCNF MCV +"	50	loam	YoungForest	777	41	41	85	45	YoungForest	50	41	8	100	45	0	ft	"43"
WD	wepp-157200	"09:54 am  Monday November 28, 2016"	"LCNF MCV +"	50	loam	YoungForest	1965	40	40	85	45	YoungForest	50	40	8	100	45	0	ft	"46"
WD	wepp-157207	"09:54 am  Monday November 28, 2016"	"LCNF MCV +"	50	loam	YoungForest	630	27	26	85	45	YoungForest	200	26	8	100	45	0	ft	"23a"
WD	wepp-157214	"09:54 am  Monday November 28, 2016"	"LCNF MCV +"	50	sand	YoungForest	279	27	21	85	45	YoungForest	950	21	8	100	45	0	ft	"23b"
WD	wepp-157221	"09:54 am  Monday November 28, 2016"	"LCNF MCV +"	50	sand	YoungForest	1076	20	17	85	45	YoungForest	300	17	15	100	45	0	ft	"B"
WD	wepp-157228	"09:54 am  Monday November 28, 2016"	"LCNF MCV +"	50	loam	YoungForest	636	45	22	85	45	YoungForest	400	22	36	100	45	0	ft	"C"
WD	wepp-157235	"09:54 am  Monday November 28, 2016"	"LCNF MCV +"	50	loam	YoungForest	243	13	22	85	45	YoungForest	225	22	8	100	45	0	ft	"EPCT"
WD	wepp-157242	"09:54 am  Monday November 28, 2016"	"LCNF MCV +"	50	loam	YoungForest	636	24	24	85	44	YoungForest	425	24	8	100	44	0	ft	"F"
WD	wepp-157249	"09:54 am  Monday November 28, 2016"	"LCNF MCV +"	50	loam	YoungForest	1214	15	31	85	44	YoungForest	600	31	20	100	44	0	ft	"G"
WD	wepp-157256	"09:55 am  Monday November 28, 2016"	"LCNF MCV +"	50	loam	YoungForest	1656	35	29	85	43	YoungForest	50	29	8	100	43	0	ft	"31"
WD	wepp-157263	"09:55 am  Monday November 28, 2016"	"LCNF MCV +"	50	silt	YoungForest	971	9	24	85	24	YoungForest	275	24	8	100	24	0	ft	"8"
WD	wepp-157270	"09:55 am  Monday November 28, 2016"	"LCNF MCV +"	50	loam	YoungForest	1161	14	18	85	9	YoungForest	50	18	8	100	9	0	ft	"29"
WD	wepp-157277	"09:55 am  Monday November 28, 2016"	"LCNF MCV +"	50	loam	YoungForest	80	30	21	85	8	YoungForest	150	21	8	100	8	0	ft	"33"
WD	wepp-157336	"10:15 am  Monday November 28, 2016"	"LCNF MCV +"	50	sand	YoungForest	2946	5	11	85	45	YoungForest	50	11	8	100	45	0	ft	"14"
WD	wepp-157371	"10:15 am  Monday November 28, 2016"	"LCNF MCV +"	50	sand	YoungForest	1302	15	14	85	45	YoungForest	1200	14	10	100	45	0	ft	"15and15a"
WD	wepp-157378	"10:15 am  Monday November 28, 2016"	"LCNF MCV +"	50	sand	YoungForest	4338	10	14	85	45	YoungForest	300	14	8	100	45	0	ft	"16"
WD	wepp-157385	"10:15 am  Monday November 28, 2016"	"LCNF MCV +"	50	loam	YoungForest	2339	15	11	85	45	YoungForest	175	11	8	100	45	0	ft	"17"
WD	wepp-157392	"10:15 am  Monday November 28, 2016"	"LCNF MCV +"	50	sand	LowFire	1073	10	10	85	45	YoungForest	1000	10	8	100	45	0	ft	"19"
WD	wepp-157401	"10:15 am  Monday November 28, 2016"	"LCNF MCV +"	50	loam	YoungForest	1328	10	10	85	45	YoungForest	2000	10	8	100	45	0	ft	"24"
WD	wepp-157437	"10:15 am  Monday November 28, 2016"	"LCNF MCV +"	50	loam	YoungForest	1509	15	13	85	45	YoungForest	50	13	8	100	45	0	ft	"39"
WD	wepp-157444	"10:16 am  Monday November 28, 2016"	"LCNF MCV +"	50	sand	YoungForest	423	18	18	85	45	YoungForest	50	18	8	100	45	0	ft	"40"
WD	wepp-157451	"10:16 am  Monday November 28, 2016"	"LCNF MCV +"	50	loam	YoungForest	646	9	6	85	45	YoungForest	500	6	8	100	45	0	ft	"41"
WD	wepp-157458	"10:16 am  Monday November 28, 2016"	"LCNF MCV +"	50	loam	YoungForest	984	5	5	85	45	YoungForest	850	5	8	100	45	0	ft	"38a"
WD	wepp-157465	"10:16 am  Monday November 28, 2016"	"LCNF MCV +"	50	loam	YoungForest	600	5	5	85	45	YoungForest	1000	5	8	100	45	0	ft	"38b"
WD	wepp-157472	"10:16 am  Monday November 28, 2016"	"LCNF MCV +"	50	loam	YoungForest	535	5	5	85	45	YoungForest	750	5	8	100	45	0	ft	"38c"
WD	wepp-157479	"10:16 am  Monday November 28, 2016"	"LCNF MCV +"	50	loam	YoungForest	938	5	5	85	45	YoungForest	600	5	8	100	45	0	ft	"38d"
WD	wepp-157486	"10:16 am  Monday November 28, 2016"	"LCNF MCV +"	50	loam	YoungForest	1834	7	9	85	45	YoungForest	50	9	8	100	45	0	ft	"38e"
WD	wepp-157493	"10:16 am  Monday November 28, 2016"	"LCNF MCV +"	50	loam	YoungForest	1463	5	10	85	45	YoungForest	50	10	8	100	45	0	ft	"38f"
WD	wepp-157500	"10:16 am  Monday November 28, 2016"	"LCNF MCV +"	50	loam	YoungForest	344	9	7	85	45	YoungForest	50	7	8	100	45	0	ft	"38g"
WD	wepp-157507	"10:16 am  Monday November 28, 2016"	"LCNF MCV +"	50	loam	YoungForest	433	6	6	85	45	YoungForest	50	6	8	100	45	0	ft	"38h"
WD	wepp-157514	"10:16 am  Monday November 28, 2016"	"LCNF MCV +"	50	loam	YoungForest	50	4	4	85	45	YoungForest	800	4	8	100	45	0	ft	"38i"
WD	wepp-157521	"10:16 am  Monday November 28, 2016"	"LCNF MCV +"	50	loam	YoungForest	876	4	4	85	45	YoungForest	900	4	8	100	45	0	ft	"38j"
WD	wepp-157528	"10:16 am  Monday November 28, 2016"	"LCNF MCV +"	50	loam	YoungForest	50	4	4	85	45	YoungForest	1750	4	8	100	45	0	ft	"38k"
WD	wepp-157535	"10:16 am  Monday November 28, 2016"	"LCNF MCV +"	50	loam	YoungForest	188	4	4	85	45	YoungForest	2000	4	8	100	45	0	ft	"38l"
WD	wepp-157542	"10:16 am  Monday November 28, 2016"	"LCNF MCV +"	50	loam	YoungForest	92	21	14	85	45	YoungForest	50	14	8	100	45	0	ft	"38m"
WD	wepp-157550	"10:16 am  Monday November 28, 2016"	"LCNF MCV +"	50	loam	YoungForest	722	7	7	85	45	YoungForest	50	7	8	100	45	0	ft	"38o"
WD	wepp-157581	"10:16 am  Monday November 28, 2016"	"LCNF MCV +"	50	loam	YoungForest	50	12	10	85	45	YoungForest	900	10	8	100	45	0	ft	"38q"
WD	wepp-157598	"10:16 am  Monday November 28, 2016"	"LCNF MCV +"	50	loam	YoungForest	797	6	6	85	45	YoungForest	200	6	6	100	45	0	ft	"A"
WD	wepp-157606	"10:16 am  Monday November 28, 2016"	"LCNF MCV +"	50	loam	YoungForest	758	9	9	85	45	YoungForest	450	9	7	100	45	0	ft	"D"
WD	wepp-157635	"10:28 am  Monday November 28, 2016"	"LCNF MCV +"	50	loam	YoungForest	1167	32	26	85	8	YoungForest	100	26	8	100	8	0	ft	"32"
WD	wepp-157670	"10:28 am  Monday November 28, 2016"	"LCNF MCV +"	50	loam	YoungForest	91	25	22	85	8	YoungForest	450	22	8	100	8	0	ft	"33"
WD	wepp-157691	"10:31 am  Monday November 28, 2016"	"LCNF MCV MidSheep +"	50	loam	YoungForest	1167	32	26	85	8	YoungForest	100	26	8	100	8	0	ft	"32"
WD	wepp-157726	"10:31 am  Monday November 28, 2016"	"LCNF MCV MidSheep +"	50	loam	YoungForest	91	25	22	85	8	YoungForest	450	22	8	100	8	0	ft	"33"
WD	wepp-122107	"09:21 am  Tuesday January 3, 2017"	"HollowayGulch +"	50	loam	YoungForest	475	20	40	85	62	YoungForest	50	40	10	100	62	0	ft	"Holloway 4"
WD	wepp-122165	"09:27 am  Tuesday January 3, 2017"	"HollowayGulch +"	50	loam	YoungForest	530	70	35	85	62.5	YoungForest	50	35	10	100	62	0	ft	"Holloway 5"
WD	wepp-122203	"09:32 am  Tuesday January 3, 2017"	"HollowayGulch +"	50	loam	YoungForest	715	60	30	100	62.5	YoungForest	50	30	25	100	62.5	0	ft	"Holloway 7"
WD	wepp-122242	"09:38 am  Tuesday January 3, 2017"	"HollowayGulch +"	50	loam	YoungForest	205	35	75	85	62.5	YoungForest	50	75	10	100	62.5	0	ft	"Holloway 8-North"
WD	wepp-122311	"09:49 am  Tuesday January 3, 2017"	"HollowayGulch +"	50	silt	YoungForest	240	30	60	85	30	YoungForest	250	60	10	100	30	0	ft	"Holloway 8-Middle"
WD	wepp-122578	"09:52 am  Tuesday January 3, 2017"	"HollowayGulch +"	50	silt	YoungForest	430	55	65	85	30	YoungForest	50	65	10	100	30	0	ft	"Holloway 8-South"
WD	wepp-122615	"09:54 am  Tuesday January 3, 2017"	"HollowayGulch +"	50	sand	YoungForest	800	50	30	85	62.5	YoungForest	50	30	20	100	62.5	0	ft	"Holloway 10"
WD	wepp-122654	"09:57 am  Tuesday January 3, 2017"	"HollowayGulch +"	50	silt	YoungForest	245	30	45	85	30	YoungForest	50	45	10	100	30	0	ft	"Holloway 13-North"
WD	wepp-122714	"10:09 am  Tuesday January 3, 2017"	"HollowayGulch +"	50	loam	YoungForest	320	20	45	85	62.5	YoungForest	50	45	10	100	62.5	0	ft	"Holloway 13-South"
WD	wepp-122750	"10:11 am  Tuesday January 3, 2017"	"HollowayGulch +"	50	loam	YoungForest	350	20	40	100	62.5	YoungForest	50	40	10	100	62.5	0	ft	"Holloway 14-North"
WD	wepp-122787	"10:11 am  Tuesday January 3, 2017"	"HollowayGulch +"	50	loam	YoungForest	350	0	40	100	20	YoungForest	50	40	10	100	20	0	ft	"Holloway 14-North"
WD	wepp-122845	"10:12 am  Tuesday January 3, 2017"	"HollowayGulch +"	50	loam	YoungForest	350	20	40	85	62.5	YoungForest	50	40	10	100	62.5	0	ft	""
WD	wepp-122882	"10:12 am  Tuesday January 3, 2017"	"HollowayGulch +"	50	loam	YoungForest	350	20	40	85	62.5	YoungForest	50	40	10	100	62.5	0	ft	"Holloway 14-North"
WD	wepp-122919	"10:13 am  Tuesday January 3, 2017"	"HollowayGulch +"	50	sand	YoungForest	370	40	65	85	62.5	YoungForest	50	65	10	100	62.5	0	ft	"Holloway 14-South"
WD	wepp-168947	"09:42 am  Tuesday February 21, 2017"	"HollowayGulch +"	50	loam	YoungForest	475	20	45	85	62.5	YoungForest	15	10	10	100	62.5	0	ft	"5 (was 4)"
WD	wepp-168982	"09:42 am  Tuesday February 21, 2017"	"HollowayGulch +"	50	loam	YoungForest	715	60	30	85	62.5	YoungForest	50	30	25	100	62.5	0	ft	"3 (was 7)"
WD	wepp-168989	"09:42 am  Tuesday February 21, 2017"	"HollowayGulch +"	50	loam	YoungForest	200	45	60	85	30	YoungForest	50	45	10	100	30	0	ft	"8-N loam"
WD	wepp-168996	"09:42 am  Tuesday February 21, 2017"	"HollowayGulch +"	50	silt	YoungForest	550	30	60	85	62.5	YoungForest	50	60	10	100	62.5	0	ft	"8-S silt loam"
WD	wepp-169003	"09:42 am  Tuesday February 21, 2017"	"HollowayGulch +"	50	sand	YoungForest	800	50	30	85	62.5	YoungForest	50	30	20	100	62.5	0	ft	"1 (was 10)"
WD	wepp-169010	"09:42 am  Tuesday February 21, 2017"	"HollowayGulch +"	50	loam	YoungForest	320	20	45	85	62.5	YoungForest	25	45	10	100	62.5	0	ft	"12-S loam  (was 13)"
WD	wepp-169017	"09:42 am  Tuesday February 21, 2017"	"HollowayGulch +"	50	silt	YoungForest	245	30	45	85	30	YoungForest	25	45	10	100	30	0	ft	"12-N silt loam (was 13)"
WD	wepp-169024	"09:42 am  Tuesday February 21, 2017"	"HollowayGulch +"	50	sand	YoungForest	690	15	20	85	62.5	YoungForest	200	40	10	100	62.5	0	ft	"14 (was 15)"
WD	wepp-169031	"09:42 am  Tuesday February 21, 2017"	"HollowayGulch +"	50	sand	YoungForest	425	60	25	85	62.5	YoungForest	140	60	10	100	62.5	0	ft	"15 (was 16)"
WD	wepp-169041	"09:45 am  Tuesday February 21, 2017"	"HollowayGulch +"	50	loam	YoungForest	475	20	45	85	62.5	YoungForest	15	10	10	95	62.5	0	ft	"5 (was 4)"
WD	wepp-169076	"09:45 am  Tuesday February 21, 2017"	"HollowayGulch +"	50	loam	YoungForest	715	60	30	85	62.5	YoungForest	50	30	25	95	62.5	0	ft	"3 (was 7)"
WD	wepp-169083	"09:45 am  Tuesday February 21, 2017"	"HollowayGulch +"	50	loam	YoungForest	200	45	60	85	30	YoungForest	50	45	10	95	30	0	ft	"8-N loam"
WD	wepp-169090	"09:45 am  Tuesday February 21, 2017"	"HollowayGulch +"	50	silt	YoungForest	550	30	60	85	62.5	YoungForest	50	60	10	95	62.5	0	ft	"8-S silt loam"
WD	wepp-169097	"09:45 am  Tuesday February 21, 2017"	"HollowayGulch +"	50	sand	YoungForest	800	50	30	85	62.5	YoungForest	50	30	20	95	62.5	0	ft	"1 (was 10)"
WD	wepp-169104	"09:45 am  Tuesday February 21, 2017"	"HollowayGulch +"	50	loam	YoungForest	320	20	45	85	62.5	YoungForest	25	45	10	95	62.5	0	ft	"12-S loam  (was 13)"
WD	wepp-169111	"09:45 am  Tuesday February 21, 2017"	"HollowayGulch +"	50	silt	YoungForest	245	30	45	85	30	YoungForest	25	45	10	95	30	0	ft	"12-N silt loam (was 13)"
WD	wepp-169118	"09:45 am  Tuesday February 21, 2017"	"HollowayGulch +"	50	sand	YoungForest	690	15	20	85	62.5	YoungForest	200	40	10	95	62.5	0	ft	"14 (was 15)"
WD	wepp-169125	"09:45 am  Tuesday February 21, 2017"	"HollowayGulch +"	50	sand	YoungForest	425	60	25	85	62.5	YoungForest	140	60	10	95	62.5	0	ft	"15 (was 16)"
WD	wepp-171015	"12:05 pm  Tuesday February 21, 2017"	"HollowayGulch +"	50	loam	YoungForest	475	20	45	85	62.5	YoungForest	15	10	10	95	62.5	0	ft	"5 (was 4)"
WD	wepp-171050	"12:05 pm  Tuesday February 21, 2017"	"HollowayGulch +"	50	loam	YoungForest	715	60	30	90	62.5	YoungForest	50	30	25	95	62.5	0	ft	"3 (was 7)"
WD	wepp-171057	"12:05 pm  Tuesday February 21, 2017"	"HollowayGulch +"	50	loam	YoungForest	200	45	60	90	30	YoungForest	50	45	10	95	30	0	ft	"8-N loam"
WD	wepp-171064	"12:05 pm  Tuesday February 21, 2017"	"HollowayGulch +"	50	silt	YoungForest	550	30	60	90	62.5	YoungForest	50	60	10	95	62.5	0	ft	"8-S silt loam"
WD	wepp-171071	"12:05 pm  Tuesday February 21, 2017"	"HollowayGulch +"	50	sand	YoungForest	800	50	30	90	62.5	YoungForest	50	30	20	95	62.5	0	ft	"1 (was 10)"
WD	wepp-171078	"12:05 pm  Tuesday February 21, 2017"	"HollowayGulch +"	50	loam	YoungForest	320	20	45	85	62.5	YoungForest	25	45	10	95	62.5	0	ft	"12-S loam  (was 13)"
WD	wepp-171085	"12:05 pm  Tuesday February 21, 2017"	"HollowayGulch +"	50	silt	YoungForest	245	30	45	85	30	YoungForest	25	45	10	95	30	0	ft	"12-N silt loam (was 13)"
WD	wepp-171092	"12:05 pm  Tuesday February 21, 2017"	"HollowayGulch +"	50	sand	YoungForest	690	15	20	85	62.5	YoungForest	200	40	10	95	62.5	0	ft	"14 (was 15)"
WD	wepp-171099	"12:05 pm  Tuesday February 21, 2017"	"HollowayGulch +"	50	sand	YoungForest	425	60	25	90	62.5	YoungForest	140	60	10	95	62.5	0	ft	"15 (was 16)"
WD	wepp-171135	"12:10 pm  Tuesday February 21, 2017"	"HollowayGulch +"	50	loam	YoungForest	475	20	45	85	62.5	YoungForest	45	10	10	95	62.5	0	ft	"5 (was 4)"
WD	wepp-171170	"12:10 pm  Tuesday February 21, 2017"	"HollowayGulch +"	50	loam	YoungForest	715	60	30	90	62.5	YoungForest	50	30	25	95	62.5	0	ft	"3 (was 7)"
WD	wepp-171177	"12:10 pm  Tuesday February 21, 2017"	"HollowayGulch +"	50	loam	YoungForest	200	45	60	90	30	YoungForest	50	45	10	95	30	0	ft	"8-N loam"
WD	wepp-171184	"12:10 pm  Tuesday February 21, 2017"	"HollowayGulch +"	50	silt	YoungForest	550	30	60	90	62.5	YoungForest	50	60	10	95	62.5	0	ft	"8-S silt loam"
WD	wepp-171191	"12:10 pm  Tuesday February 21, 2017"	"HollowayGulch +"	50	sand	YoungForest	800	50	30	90	62.5	YoungForest	50	30	20	95	62.5	0	ft	"1 (was 10)"
WD	wepp-171198	"12:10 pm  Tuesday February 21, 2017"	"HollowayGulch +"	50	loam	YoungForest	320	20	45	85	62.5	YoungForest	50	45	10	95	62.5	0	ft	"12-S loam  (was 13)"
WD	wepp-171205	"12:10 pm  Tuesday February 21, 2017"	"HollowayGulch +"	50	silt	YoungForest	245	30	45	85	30	YoungForest	50	45	10	95	30	0	ft	"12-N silt loam (was 13)"
WD	wepp-171212	"12:10 pm  Tuesday February 21, 2017"	"HollowayGulch +"	50	sand	YoungForest	690	15	20	85	62.5	YoungForest	200	40	10	95	62.5	0	ft	"14 (was 15)"
WD	wepp-171219	"12:10 pm  Tuesday February 21, 2017"	"HollowayGulch +"	50	sand	YoungForest	425	60	25	90	62.5	YoungForest	140	60	10	95	62.5	0	ft	"15 (was 16)"
WD	wepp-171232	"12:13 pm  Tuesday February 21, 2017"	"HollowayGulch +"	50	loam	YoungForest	475	20	45	85	62.5	YoungForest	50	45	10	95	62.5	0	ft	"5 (was 4)"
WD	wepp-171267	"12:13 pm  Tuesday February 21, 2017"	"HollowayGulch +"	50	loam	YoungForest	715	60	30	90	62.5	YoungForest	50	30	25	95	62.5	0	ft	"3 (was 7)"
WD	wepp-171274	"12:13 pm  Tuesday February 21, 2017"	"HollowayGulch +"	50	loam	YoungForest	200	45	60	90	30	YoungForest	50	45	10	95	30	0	ft	"8-N loam"
WD	wepp-171281	"12:13 pm  Tuesday February 21, 2017"	"HollowayGulch +"	50	silt	YoungForest	550	30	60	90	62.5	YoungForest	50	60	10	95	62.5	0	ft	"8-S silt loam"
WD	wepp-171288	"12:13 pm  Tuesday February 21, 2017"	"HollowayGulch +"	50	sand	YoungForest	800	50	30	90	62.5	YoungForest	50	30	20	95	62.5	0	ft	"1 (was 10)"
WD	wepp-171295	"12:13 pm  Tuesday February 21, 2017"	"HollowayGulch +"	50	loam	YoungForest	320	20	45	85	62.5	YoungForest	50	45	10	95	62.5	0	ft	"12-S loam  (was 13)"
WD	wepp-171302	"12:13 pm  Tuesday February 21, 2017"	"HollowayGulch +"	50	silt	YoungForest	245	30	45	85	30	YoungForest	50	45	10	95	30	0	ft	"12-N silt loam (was 13)"
WD	wepp-171309	"12:13 pm  Tuesday February 21, 2017"	"HollowayGulch +"	50	sand	YoungForest	690	15	20	85	62.5	YoungForest	200	40	10	95	62.5	0	ft	"14 (was 15)"
WD	wepp-171316	"12:13 pm  Tuesday February 21, 2017"	"HollowayGulch +"	50	sand	YoungForest	425	60	25	90	62.5	YoungForest	140	60	10	95	62.5	0	ft	"15 (was 16)"
WD	wepp-171333	"12:19 pm  Tuesday February 21, 2017"	"HollowayGulch +"	50	loam	YoungForest	475	20	45	85	62.5	YoungForest	50	45	10	97	62.5	0	ft	"5 (was 4)"
WD	wepp-171369	"12:19 pm  Tuesday February 21, 2017"	"HollowayGulch +"	50	loam	YoungForest	715	60	30	90	62.5	YoungForest	50	30	25	97	62.5	0	ft	"3 (was 7)"
WD	wepp-171376	"12:19 pm  Tuesday February 21, 2017"	"HollowayGulch +"	50	loam	YoungForest	200	45	60	90	30	YoungForest	50	45	10	97	30	0	ft	"8-N loam"
WD	wepp-171383	"12:19 pm  Tuesday February 21, 2017"	"HollowayGulch +"	50	silt	YoungForest	550	30	60	90	62.5	YoungForest	50	60	10	97	62.5	0	ft	"8-S silt loam"
WD	wepp-171390	"12:19 pm  Tuesday February 21, 2017"	"HollowayGulch +"	50	sand	YoungForest	800	50	30	90	62.5	YoungForest	50	30	20	97	62.5	0	ft	"1 (was 10)"
WD	wepp-171397	"12:19 pm  Tuesday February 21, 2017"	"HollowayGulch +"	50	loam	YoungForest	320	20	45	85	62.5	YoungForest	50	45	10	97	62.5	0	ft	"12-S loam  (was 13)"
WD	wepp-171404	"12:19 pm  Tuesday February 21, 2017"	"HollowayGulch +"	50	silt	YoungForest	245	30	45	85	30	YoungForest	50	45	10	97	30	0	ft	"12-N silt loam (was 13)"
WD	wepp-171414	"12:19 pm  Tuesday February 21, 2017"	"HollowayGulch +"	50	sand	YoungForest	690	15	20	85	62.5	YoungForest	200	40	10	97	62.5	0	ft	"14 (was 15)"
WD	wepp-171425	"12:19 pm  Tuesday February 21, 2017"	"HollowayGulch +"	50	sand	YoungForest	425	60	25	90	62.5	YoungForest	140	60	10	97	62.5	0	ft	"15 (was 16)"
WD	wepp-171433	"12:20 pm  Tuesday February 21, 2017"	"HollowayGulch +"	50	loam	YoungForest	475	20	45	85	62.5	YoungForest	15	10	10	97	62.5	0	ft	"5 (was 4)"
WD	wepp-171468	"12:20 pm  Tuesday February 21, 2017"	"HollowayGulch +"	50	loam	YoungForest	715	60	30	90	62.5	YoungForest	50	30	25	97	62.5	0	ft	"3 (was 7)"
WD	wepp-171475	"12:20 pm  Tuesday February 21, 2017"	"HollowayGulch +"	50	loam	YoungForest	200	45	60	90	30	YoungForest	50	45	10	97	30	0	ft	"8-N loam"
WD	wepp-171482	"12:20 pm  Tuesday February 21, 2017"	"HollowayGulch +"	50	silt	YoungForest	550	30	60	90	62.5	YoungForest	50	60	10	97	62.5	0	ft	"8-S silt loam"
WD	wepp-171489	"12:20 pm  Tuesday February 21, 2017"	"HollowayGulch +"	50	sand	YoungForest	800	50	30	90	62.5	YoungForest	50	30	20	97	62.5	0	ft	"1 (was 10)"
WD	wepp-171496	"12:20 pm  Tuesday February 21, 2017"	"HollowayGulch +"	50	loam	YoungForest	320	20	45	85	62.5	YoungForest	25	45	10	97	62.5	0	ft	"12-S loam  (was 13)"
WD	wepp-171503	"12:20 pm  Tuesday February 21, 2017"	"HollowayGulch +"	50	silt	YoungForest	245	30	45	85	30	YoungForest	25	45	10	97	30	0	ft	"12-N silt loam (was 13)"
WD	wepp-171510	"12:20 pm  Tuesday February 21, 2017"	"HollowayGulch +"	50	sand	YoungForest	690	15	20	85	62.5	YoungForest	200	40	10	97	62.5	0	ft	"14 (was 15)"
WD	wepp-171517	"12:20 pm  Tuesday February 21, 2017"	"HollowayGulch +"	50	sand	YoungForest	425	60	25	90	62.5	YoungForest	140	60	10	97	62.5	0	ft	"15 (was 16)"
