WE	wepp-42100	"10:28 am  Friday August 13, 2021"	"Tamarack +"	clay	5	range	10	10	10	250	u	15	75	ft
WE	wepp-42158	"10:28 am  Friday August 13, 2021"	"Tamarack +"	clay	5	range	10	10	10	250	u	15	75	ft
WE	wepp-42188	"10:28 am  Friday August 13, 2021"	"Tamarack +"	clay	5	range	30	30	30	225	u	15	75	ft
WE	wepp-42218	"10:28 am  Friday August 13, 2021"	"Tamarack +"	loam	20	forest	10	10	10	250	u			ft
WE	wepp-42250	"10:28 am  Friday August 13, 2021"	"Tamarack +"	loam	20	forest	30	30	30	225	u			ft
WE	wepp-42280	"10:28 am  Friday August 13, 2021"	"Tamarack +"	loam	40	forest	10	10	10	250	u			ft
WE	wepp-42310	"10:28 am  Friday August 13, 2021"	"Tamarack +"	loam	40	forest	30	30	30	225	u			ft
WE	wepp-42341	"10:28 am  Friday August 13, 2021"	"Tamarack +"	loam	40	forest	50	50	50	200	u			ft
WE	wepp-42371	"10:28 am  Friday August 13, 2021"	"Tamarack +"	loam	40	forest	70	70	70	175	u			ft
WE	wepp-42401	"10:29 am  Friday August 13, 2021"	"Tamarack +"	loam	40	forest	90	90	90	150	u			ft
WE	wepp-42431	"10:29 am  Friday August 13, 2021"	"Tamarack +"	loam	40	range	10	10	10	250	u	15	75	ft
WE	wepp-42462	"10:29 am  Friday August 13, 2021"	"Tamarack +"	loam	40	range	10	10	10	250	u	15	75	ft
WE	wepp-42494	"10:29 am  Friday August 13, 2021"	"Tamarack +"	loam	40	range	30	30	30	225	u	15	75	ft
WE	wepp-42524	"10:29 am  Friday August 13, 2021"	"Tamarack +"	loam	40	range	30	30	30	225	u	15	75	ft
WE	wepp-42554	"10:29 am  Friday August 13, 2021"	"Tamarack +"	loam	40	range	50	50	50	200	u	15	75	ft
WE	wepp-42584	"10:29 am  Friday August 13, 2021"	"Tamarack +"	loam	40	range	50	50	50	200	u	15	75	ft
WE	wepp-42614	"10:29 am  Friday August 13, 2021"	"Tamarack +"	loam	40	range	70	70	70	175	u	15	75	ft
WE	wepp-42644	"10:29 am  Friday August 13, 2021"	"Tamarack +"	loam	40	range	90	90	90	150	u	15	75	ft
WE	wepp-42675	"10:29 am  Friday August 13, 2021"	"Tamarack +"	loam	5	forest	10	10	10	250	u			ft
WE	wepp-42705	"10:29 am  Friday August 13, 2021"	"Tamarack +"	loam	5	range	10	10	10	250	u	15	75	ft
WE	wepp-42737	"10:30 am  Friday August 13, 2021"	"Tamarack +"	loam	5	range	10	10	10	250	u	15	75	ft
WE	wepp-42772	"10:30 am  Friday August 13, 2021"	"Tamarack +"	loam	5	range	10	10	10	250	u	15	75	ft
WE	wepp-42803	"10:30 am  Friday August 13, 2021"	"Tamarack +"	loam	5	range	30	30	30	225	u	15	75	ft
WE	wepp-42833	"10:30 am  Friday August 13, 2021"	"Tamarack +"	loam	5	range	30	30	30	225	u	15	75	ft
WE	wepp-42863	"10:30 am  Friday August 13, 2021"	"Tamarack +"	loam	5	range	50	50	50	200	u	15	75	ft
WE	wepp-42893	"10:30 am  Friday August 13, 2021"	"Tamarack +"	sand	20	forest	10	10	10	250	u			ft
WE	wepp-42923	"10:30 am  Friday August 13, 2021"	"Tamarack +"	sand	20	forest	10	10	10	250	u			ft
WE	wepp-42953	"10:30 am  Friday August 13, 2021"	"Tamarack +"	sand	20	forest	10	10	10	250	u			ft
WE	wepp-42983	"10:30 am  Friday August 13, 2021"	"Tamarack +"	sand	20	forest	30	30	30	225	u			ft
WE	wepp-43014	"10:30 am  Friday August 13, 2021"	"Tamarack +"	sand	20	forest	30	30	30	225	u			ft
WE	wepp-43044	"10:30 am  Friday August 13, 2021"	"Tamarack +"	sand	20	forest	30	30	30	225	u			ft
WE	wepp-43074	"10:31 am  Friday August 13, 2021"	"Tamarack +"	sand	20	forest	50	50	50	200	u			ft
WE	wepp-43109	"10:31 am  Friday August 13, 2021"	"Tamarack +"	sand	20	forest	50	50	50	200	u			ft
WE	wepp-43139	"10:31 am  Friday August 13, 2021"	"Tamarack +"	sand	20	forest	50	50	50	200	u			ft
WE	wepp-43170	"10:31 am  Friday August 13, 2021"	"Tamarack +"	sand	20	forest	70	70	70	175	u			ft
WE	wepp-43200	"10:31 am  Friday August 13, 2021"	"Tamarack +"	sand	20	forest	90	90	90	150	u			ft
WE	wepp-43230	"10:31 am  Friday August 13, 2021"	"Tamarack +"	sand	20	range	10	10	10	250	u	15	75	ft
WE	wepp-43260	"10:31 am  Friday August 13, 2021"	"Tamarack +"	sand	20	range	10	10	10	250	u	15	75	ft
WE	wepp-43290	"10:31 am  Friday August 13, 2021"	"Tamarack +"	sand	20	range	10	10	10	250	u	15	75	ft
WE	wepp-43320	"10:31 am  Friday August 13, 2021"	"Tamarack +"	sand	20	range	30	30	30	225	u	15	75	ft
WE	wepp-43352	"10:31 am  Friday August 13, 2021"	"Tamarack +"	sand	20	range	30	30	30	225	u	15	75	ft
WE	wepp-43388	"10:31 am  Friday August 13, 2021"	"Tamarack +"	sand	20	range	30	30	30	225	u	15	75	ft
WE	wepp-43419	"10:31 am  Friday August 13, 2021"	"Tamarack +"	sand	20	range	50	50	50	200	u	15	75	ft
WE	wepp-43449	"10:32 am  Friday August 13, 2021"	"Tamarack +"	sand	40	forest	10	10	10	250	u			ft
WE	wepp-43479	"10:32 am  Friday August 13, 2021"	"Tamarack +"	sand	40	forest	10	10	10	250	u			ft
WE	wepp-43510	"10:32 am  Friday August 13, 2021"	"Tamarack +"	sand	40	forest	10	10	10	250	u			ft
WE	wepp-43540	"10:32 am  Friday August 13, 2021"	"Tamarack +"	sand	40	forest	30	30	30	225	u			ft
WE	wepp-43570	"10:32 am  Friday August 13, 2021"	"Tamarack +"	sand	40	forest	30	30	30	225	u			ft
WE	wepp-43600	"10:32 am  Friday August 13, 2021"	"Tamarack +"	sand	40	forest	30	30	30	225	u			ft
WE	wepp-43630	"10:32 am  Friday August 13, 2021"	"Tamarack +"	sand	40	forest	50	50	50	200	u			ft
WE	wepp-43660	"10:32 am  Friday August 13, 2021"	"Tamarack +"	sand	40	forest	50	50	50	200	u			ft
WE	wepp-43690	"10:32 am  Friday August 13, 2021"	"Tamarack +"	sand	40	forest	50	50	50	200	u			ft
WE	wepp-43721	"10:32 am  Friday August 13, 2021"	"Tamarack +"	sand	40	forest	70	70	70	175	u			ft
WE	wepp-43751	"10:32 am  Friday August 13, 2021"	"Tamarack +"	sand	40	forest	70	70	70	175	u			ft
WE	wepp-43781	"10:33 am  Friday August 13, 2021"	"Tamarack +"	sand	40	forest	70	70	70	175	u			ft
WE	wepp-43811	"10:33 am  Friday August 13, 2021"	"Tamarack +"	sand	40	forest	90	90	90	150	u			ft
WE	wepp-43842	"10:33 am  Friday August 13, 2021"	"Tamarack +"	sand	40	forest	90	90	90	150	u			ft
WE	wepp-43873	"10:33 am  Friday August 13, 2021"	"Tamarack +"	sand	40	forest	90	90	90	150	u			ft
WE	wepp-43903	"10:33 am  Friday August 13, 2021"	"Tamarack +"	sand	40	range	10	10	10	250	u	15	75	ft
WE	wepp-43933	"10:33 am  Friday August 13, 2021"	"Tamarack +"	sand	40	range	10	10	10	250	u	15	75	ft
WE	wepp-43963	"10:33 am  Friday August 13, 2021"	"Tamarack +"	sand	40	range	30	30	30	225	u	15	75	ft
WE	wepp-43993	"10:33 am  Friday August 13, 2021"	"Tamarack +"	sand	40	range	30	30	30	225	u	15	75	ft
WE	wepp-44023	"10:33 am  Friday August 13, 2021"	"Tamarack +"	sand	40	range	30	30	30	225	u	15	75	ft
WE	wepp-44053	"10:33 am  Friday August 13, 2021"	"Tamarack +"	sand	40	range	50	50	50	200	u	15	75	ft
WE	wepp-44084	"10:33 am  Friday August 13, 2021"	"Tamarack +"	sand	40	range	50	50	50	200	u	15	75	ft
WE	wepp-44114	"10:33 am  Friday August 13, 2021"	"Tamarack +"	sand	40	range	50	50	50	200	u	15	75	ft
WE	wepp-44146	"10:34 am  Friday August 13, 2021"	"Tamarack +"	sand	40	range	70	70	70	175	u	15	75	ft
WE	wepp-44176	"10:34 am  Friday August 13, 2021"	"Tamarack +"	sand	40	range	70	70	70	175	u	15	75	ft
WE	wepp-44207	"10:34 am  Friday August 13, 2021"	"Tamarack +"	sand	40	range	90	90	90	150	u	15	75	ft
WE	wepp-44244	"10:34 am  Friday August 13, 2021"	"Tamarack +"	sand	50	forest	10	10	10	250	u			ft
WE	wepp-44275	"10:34 am  Friday August 13, 2021"	"Tamarack +"	sand	50	forest	30	30	30	225	u			ft
WE	wepp-44305	"10:34 am  Friday August 13, 2021"	"Tamarack +"	sand	50	forest	50	50	50	200	u			ft
WE	wepp-44335	"10:34 am  Friday August 13, 2021"	"Tamarack +"	sand	50	forest	70	70	70	175	u			ft
WE	wepp-44367	"10:34 am  Friday August 13, 2021"	"Tamarack +"	sand	50	forest	90	90	90	150	u			ft
WE	wepp-44397	"10:34 am  Friday August 13, 2021"	"Tamarack +"	sand	50	range	10	10	10	250	u	15	75	ft
WE	wepp-44430	"10:34 am  Friday August 13, 2021"	"Tamarack +"	sand	50	range	30	30	30	225	u	15	75	ft
WE	wepp-44460	"10:34 am  Friday August 13, 2021"	"Tamarack +"	sand	50	range	50	50	50	200	u	15	75	ft
WE	wepp-44500	"10:35 am  Friday August 13, 2021"	"Tamarack +"	sand	50	range	70	70	70	175	u	15	75	ft
WE	wepp-44530	"10:35 am  Friday August 13, 2021"	"Tamarack +"	sand	5	forest	70	70	70	175	u			ft
WE	wepp-44560	"10:35 am  Friday August 13, 2021"	"Tamarack +"	sand	5	range	10	10	10	250	u	15	75	ft
WE	wepp-44591	"10:35 am  Friday August 13, 2021"	"Tamarack +"	sand	5	range	10	10	10	250	u	15	75	ft
WE	wepp-44621	"10:35 am  Friday August 13, 2021"	"Tamarack +"	sand	5	range	10	10	10	250	u	15	75	ft
WE	wepp-44651	"10:35 am  Friday August 13, 2021"	"Tamarack +"	sand	5	range	30	30	30	225	u	15	75	ft
WE	wepp-44681	"10:35 am  Friday August 13, 2021"	"Tamarack +"	sand	5	range	30	30	30	225	u	15	75	ft
WE	wepp-44711	"10:35 am  Friday August 13, 2021"	"Tamarack +"	sand	5	range	50	50	50	200	u	15	75	ft
WE	wepp-44741	"10:35 am  Friday August 13, 2021"	"Tamarack +"	sand	5	range	70	70	70	175	u	15	75	ft
WE	wepp-44777	"10:35 am  Friday August 13, 2021"	"Tamarack +"	clay	5	range	10	10	10	250	l	15	75	ft
WE	wepp-44874	"10:36 am  Friday August 13, 2021"	"Tamarack +"	clay	5	range	10	10	10	250	l	15	75	ft
WE	wepp-44965	"10:36 am  Friday August 13, 2021"	"Tamarack +"	clay	5	range	30	30	30	225	l	15	75	ft
WE	wepp-45055	"10:36 am  Friday August 13, 2021"	"Tamarack +"	clay	5	range	30	30	30	225	l	15	75	ft
WE	wepp-45162	"10:37 am  Friday August 13, 2021"	"Tamarack +"	clay	5	range	50	50	50	200	l	15	75	ft
WE	wepp-45254	"10:37 am  Friday August 13, 2021"	"Tamarack +"	loam	20	forest	10	10	10	250	l			ft
WE	wepp-45344	"10:37 am  Friday August 13, 2021"	"Tamarack +"	loam	40	forest	10	10	10	250	l			ft
WE	wepp-45435	"10:37 am  Friday August 13, 2021"	"Tamarack +"	loam	40	forest	30	30	30	225	l			ft
WE	wepp-45527	"10:38 am  Friday August 13, 2021"	"Tamarack +"	loam	40	forest	50	50	50	200	l			ft
WE	wepp-45618	"10:38 am  Friday August 13, 2021"	"Tamarack +"	loam	40	forest	70	70	70	175	l			ft
WE	wepp-45710	"10:38 am  Friday August 13, 2021"	"Tamarack +"	loam	40	forest	90	90	90	150	l			ft
WE	wepp-45856	"10:39 am  Friday August 13, 2021"	"Tamarack +"	loam	40	range	10	10	10	250	l	15	75	ft
WE	wepp-45947	"10:39 am  Friday August 13, 2021"	"Tamarack +"	loam	40	range	10	10	10	250	l	15	75	ft
WE	wepp-46039	"10:39 am  Friday August 13, 2021"	"Tamarack +"	loam	40	range	30	30	30	225	l	15	75	ft
WE	wepp-46130	"10:39 am  Friday August 13, 2021"	"Tamarack +"	loam	40	range	30	30	30	225	l	15	75	ft
WE	wepp-46226	"10:40 am  Friday August 13, 2021"	"Tamarack +"	loam	40	range	50	50	50	200	l	15	75	ft
WE	wepp-46316	"10:40 am  Friday August 13, 2021"	"Tamarack +"	loam	40	range	50	50	50	200	l	15	75	ft
WE	wepp-46409	"10:40 am  Friday August 13, 2021"	"Tamarack +"	loam	40	range	70	70	70	175	l	15	75	ft
WE	wepp-46499	"10:41 am  Friday August 13, 2021"	"Tamarack +"	loam	40	range	70	70	70	175	l	15	75	ft
WE	wepp-46590	"10:41 am  Friday August 13, 2021"	"Tamarack +"	loam	40	range	90	90	90	150	l	15	75	ft
WE	wepp-46680	"10:41 am  Friday August 13, 2021"	"Tamarack +"	loam	5	forest	10	10	10	250	l			ft
WE	wepp-46778	"10:42 am  Friday August 13, 2021"	"Tamarack +"	loam	5	range	10	10	10	250	l	15	75	ft
WE	wepp-46871	"10:42 am  Friday August 13, 2021"	"Tamarack +"	loam	5	range	10	10	10	250	l	15	75	ft
WE	wepp-46964	"10:42 am  Friday August 13, 2021"	"Tamarack +"	loam	5	range	10	10	10	250	l	15	75	ft
WE	wepp-47062	"10:42 am  Friday August 13, 2021"	"Tamarack +"	loam	5	range	30	30	30	225	l	15	75	ft
WE	wepp-47153	"10:43 am  Friday August 13, 2021"	"Tamarack +"	sand	20	forest	10	10	10	250	l			ft
WE	wepp-47244	"10:43 am  Friday August 13, 2021"	"Tamarack +"	sand	20	forest	10	10	10	250	l			ft
WE	wepp-47336	"10:43 am  Friday August 13, 2021"	"Tamarack +"	sand	20	forest	10	10	10	250	l			ft
WE	wepp-47434	"10:44 am  Friday August 13, 2021"	"Tamarack +"	sand	20	forest	30	30	30	225	l			ft
WE	wepp-47525	"10:44 am  Friday August 13, 2021"	"Tamarack +"	sand	20	forest	30	30	30	225	l			ft
WE	wepp-47634	"10:44 am  Friday August 13, 2021"	"Tamarack +"	sand	20	forest	30	30	30	225	l			ft
WE	wepp-47729	"10:44 am  Friday August 13, 2021"	"Tamarack +"	sand	20	forest	50	50	50	200	l			ft
WE	wepp-47828	"10:45 am  Friday August 13, 2021"	"Tamarack +"	sand	20	forest	50	50	50	200	l			ft
WE	wepp-47918	"10:45 am  Friday August 13, 2021"	"Tamarack +"	sand	20	forest	50	50	50	200	l			ft
WE	wepp-48009	"10:45 am  Friday August 13, 2021"	"Tamarack +"	sand	20	forest	70	70	70	175	l			ft
WE	wepp-48104	"10:46 am  Friday August 13, 2021"	"Tamarack +"	sand	20	forest	70	70	70	175	l			ft
WE	wepp-48199	"10:46 am  Friday August 13, 2021"	"Tamarack +"	sand	20	forest	90	90	90	150	l			ft
WE	wepp-48289	"10:46 am  Friday August 13, 2021"	"Tamarack +"	sand	20	range	10	10	10	250	l	15	75	ft
WE	wepp-48382	"10:47 am  Friday August 13, 2021"	"Tamarack +"	sand	20	range	10	10	10	250	l	15	75	ft
WE	wepp-48486	"10:47 am  Friday August 13, 2021"	"Tamarack +"	sand	20	range	10	10	10	250	l	15	75	ft
WE	wepp-48576	"10:47 am  Friday August 13, 2021"	"Tamarack +"	sand	20	range	30	30	30	225	l	15	75	ft
WE	wepp-48668	"10:47 am  Friday August 13, 2021"	"Tamarack +"	sand	20	range	30	30	30	225	l	15	75	ft
WE	wepp-48765	"10:48 am  Friday August 13, 2021"	"Tamarack +"	sand	20	range	30	30	30	225	l	15	75	ft
WE	wepp-48857	"10:48 am  Friday August 13, 2021"	"Tamarack +"	sand	20	range	50	50	50	200	l	15	75	ft
WE	wepp-48947	"10:48 am  Friday August 13, 2021"	"Tamarack +"	sand	20	range	50	50	50	200	l	15	75	ft
WE	wepp-49038	"10:49 am  Friday August 13, 2021"	"Tamarack +"	sand	40	forest	10	10	10	250	l			ft
WE	wepp-49138	"10:49 am  Friday August 13, 2021"	"Tamarack +"	sand	40	forest	10	10	10	250	l			ft
WE	wepp-49235	"10:49 am  Friday August 13, 2021"	"Tamarack +"	sand	40	forest	10	10	10	250	l			ft
WE	wepp-49326	"10:50 am  Friday August 13, 2021"	"Tamarack +"	sand	40	forest	30	30	30	225	l			ft
WE	wepp-49417	"10:50 am  Friday August 13, 2021"	"Tamarack +"	sand	40	forest	30	30	30	225	l			ft
WE	wepp-49508	"10:50 am  Friday August 13, 2021"	"Tamarack +"	sand	40	forest	30	30	30	225	l			ft
WE	wepp-49601	"10:50 am  Friday August 13, 2021"	"Tamarack +"	sand	40	forest	50	50	50	200	l			ft
WE	wepp-49691	"10:51 am  Friday August 13, 2021"	"Tamarack +"	sand	40	forest	50	50	50	200	l			ft
WE	wepp-49789	"10:51 am  Friday August 13, 2021"	"Tamarack +"	sand	40	forest	50	50	50	200	l			ft
WE	wepp-49879	"10:51 am  Friday August 13, 2021"	"Tamarack +"	sand	40	forest	70	70	70	175	l			ft
WE	wepp-49970	"10:52 am  Friday August 13, 2021"	"Tamarack +"	sand	40	forest	70	70	70	175	l			ft
WE	wepp-50061	"10:52 am  Friday August 13, 2021"	"Tamarack +"	sand	40	forest	70	70	70	175	l			ft
WE	wepp-50151	"10:52 am  Friday August 13, 2021"	"Tamarack +"	sand	40	forest	90	90	90	150	l			ft
WE	wepp-50247	"10:53 am  Friday August 13, 2021"	"Tamarack +"	sand	40	forest	90	90	90	150	l			ft
WE	wepp-50340	"10:53 am  Friday August 13, 2021"	"Tamarack +"	sand	40	forest	90	90	90	150	l			ft
WE	wepp-50430	"10:53 am  Friday August 13, 2021"	"Tamarack +"	sand	40	range	10	10	10	250	l	15	75	ft
WE	wepp-50521	"10:53 am  Friday August 13, 2021"	"Tamarack +"	sand	40	range	10	10	10	250	l	15	75	ft
WE	wepp-50622	"10:54 am  Friday August 13, 2021"	"Tamarack +"	sand	40	range	30	30	30	225	l	15	75	ft
WE	wepp-50720	"10:54 am  Friday August 13, 2021"	"Tamarack +"	sand	40	range	30	30	30	225	l	15	75	ft
WE	wepp-50824	"10:54 am  Friday August 13, 2021"	"Tamarack +"	sand	40	range	30	30	30	225	l	15	75	ft
WE	wepp-50918	"10:55 am  Friday August 13, 2021"	"Tamarack +"	sand	40	range	50	50	50	200	l	15	75	ft
WE	wepp-51009	"10:55 am  Friday August 13, 2021"	"Tamarack +"	sand	40	range	50	50	50	200	l	15	75	ft
WE	wepp-51103	"10:55 am  Friday August 13, 2021"	"Tamarack +"	sand	40	range	50	50	50	200	l	15	75	ft
WE	wepp-51194	"10:55 am  Friday August 13, 2021"	"Tamarack +"	sand	40	range	70	70	70	175	l	15	75	ft
WE	wepp-51285	"10:56 am  Friday August 13, 2021"	"Tamarack +"	sand	40	range	70	70	70	175	l	15	75	ft
WE	wepp-51376	"10:56 am  Friday August 13, 2021"	"Tamarack +"	sand	40	range	70	70	70	175	l	15	75	ft
WE	wepp-51469	"10:56 am  Friday August 13, 2021"	"Tamarack +"	sand	50	forest	10	10	10	250	l			ft
WE	wepp-51572	"10:57 am  Friday August 13, 2021"	"Tamarack +"	sand	50	forest	30	30	30	225	l			ft
WE	wepp-51677	"10:57 am  Friday August 13, 2021"	"Tamarack +"	sand	50	forest	50	50	50	200	l			ft
WE	wepp-51767	"10:57 am  Friday August 13, 2021"	"Tamarack +"	sand	50	forest	70	70	70	175	l			ft
WE	wepp-51859	"10:58 am  Friday August 13, 2021"	"Tamarack +"	sand	50	forest	90	90	90	150	l			ft
WE	wepp-51955	"10:58 am  Friday August 13, 2021"	"Tamarack +"	sand	50	range	10	10	10	250	l	15	75	ft
WE	wepp-52052	"10:58 am  Friday August 13, 2021"	"Tamarack +"	sand	50	range	30	30	30	225	l	15	75	ft
WE	wepp-52145	"10:58 am  Friday August 13, 2021"	"Tamarack +"	sand	50	range	50	50	50	200	l	15	75	ft
WE	wepp-52238	"10:59 am  Friday August 13, 2021"	"Tamarack +"	sand	50	range	70	70	70	175	l	15	75	ft
WE	wepp-52339	"10:59 am  Friday August 13, 2021"	"Tamarack +"	sand	5	forest	10	10	10	250	l			ft
WE	wepp-52445	"10:59 am  Friday August 13, 2021"	"Tamarack +"	sand	5	forest	30	30	30	225	l			ft
WE	wepp-52540	"11:00 am  Friday August 13, 2021"	"Tamarack +"	sand	5	forest	50	50	50	200	l			ft
WE	wepp-52631	"11:00 am  Friday August 13, 2021"	"Tamarack +"	sand	5	forest	70	70	70	175	l			ft
WE	wepp-52721	"11:00 am  Friday August 13, 2021"	"Tamarack +"	sand	5	range	10	10	10	250	l	15	75	ft
WE	wepp-52826	"11:00 am  Friday August 13, 2021"	"Tamarack +"	sand	5	range	10	10	10	250	l	15	75	ft
WE	wepp-52924	"11:01 am  Friday August 13, 2021"	"Tamarack +"	sand	5	range	10	10	10	250	l	15	75	ft
WE	wepp-53028	"11:01 am  Friday August 13, 2021"	"Tamarack +"	sand	5	range	30	30	30	225	l	15	75	ft
WE	wepp-53125	"11:01 am  Friday August 13, 2021"	"Tamarack +"	sand	5	range	30	30	30	225	l	15	75	ft
WE	wepp-53216	"11:02 am  Friday August 13, 2021"	"Tamarack +"	sand	5	range	50	50	50	200	l	15	75	ft
WE	wepp-53307	"11:02 am  Friday August 13, 2021"	"Tamarack +"	sand	5	range	70	70	70	175	l	15	75	ft
WE	wepp-53404	"11:02 am  Friday August 13, 2021"	"Tamarack +"	clay	5	range	10	10	10	250	m	15	75	ft
WE	wepp-53539	"11:03 am  Friday August 13, 2021"	"Tamarack +"	loam	20	forest	10	10	10	250	m			ft
WE	wepp-53670	"11:03 am  Friday August 13, 2021"	"Tamarack +"	loam	40	forest	10	10	10	250	m			ft
WE	wepp-53801	"11:04 am  Friday August 13, 2021"	"Tamarack +"	loam	40	forest	30	30	30	225	m			ft
WE	wepp-53934	"11:04 am  Friday August 13, 2021"	"Tamarack +"	loam	40	forest	50	50	50	200	m			ft
WE	wepp-54065	"11:04 am  Friday August 13, 2021"	"Tamarack +"	loam	40	forest	70	70	70	175	m			ft
WE	wepp-54201	"11:05 am  Friday August 13, 2021"	"Tamarack +"	loam	40	range	10	10	10	250	m	15	75	ft
WE	wepp-54334	"11:05 am  Friday August 13, 2021"	"Tamarack +"	loam	40	range	10	10	10	250	m	15	75	ft
WE	wepp-54474	"11:06 am  Friday August 13, 2021"	"Tamarack +"	loam	40	range	30	30	30	225	m	15	75	ft
WE	wepp-54605	"11:06 am  Friday August 13, 2021"	"Tamarack +"	loam	40	range	30	30	30	225	m	15	75	ft
WE	wepp-54738	"11:07 am  Friday August 13, 2021"	"Tamarack +"	loam	40	range	50	50	50	200	m	15	75	ft
WE	wepp-54881	"11:07 am  Friday August 13, 2021"	"Tamarack +"	loam	40	range	50	50	50	200	m	15	75	ft
WE	wepp-55012	"11:07 am  Friday August 13, 2021"	"Tamarack +"	loam	40	range	70	70	70	175	m	15	75	ft
WE	wepp-55143	"11:08 am  Friday August 13, 2021"	"Tamarack +"	loam	40	range	70	70	70	175	m	15	75	ft
WE	wepp-55278	"11:08 am  Friday August 13, 2021"	"Tamarack +"	loam	5	range	10	10	10	250	m	15	75	ft
WE	wepp-55470	"11:09 am  Friday August 13, 2021"	"Tamarack +"	loam	5	range	10	10	10	250	m	15	75	ft
WE	wepp-55613	"11:09 am  Friday August 13, 2021"	"Tamarack +"	loam	5	range	10	10	10	250	m	15	75	ft
WE	wepp-55749	"11:10 am  Friday August 13, 2021"	"Tamarack +"	loam	5	range	30	30	30	225	m	15	75	ft
WE	wepp-55880	"11:10 am  Friday August 13, 2021"	"Tamarack +"	sand	20	forest	10	10	10	250	m			ft
WE	wepp-56026	"11:10 am  Friday August 13, 2021"	"Tamarack +"	sand	20	forest	10	10	10	250	m			ft
WE	wepp-56167	"11:11 am  Friday August 13, 2021"	"Tamarack +"	sand	20	forest	10	10	10	250	m			ft
WE	wepp-56309	"11:11 am  Friday August 13, 2021"	"Tamarack +"	sand	20	forest	30	30	30	225	m			ft
WE	wepp-56442	"11:12 am  Friday August 13, 2021"	"Tamarack +"	sand	20	forest	30	30	30	225	m			ft
WE	wepp-56578	"11:12 am  Friday August 13, 2021"	"Tamarack +"	sand	20	forest	30	30	30	225	m			ft
WE	wepp-56709	"11:13 am  Friday August 13, 2021"	"Tamarack +"	sand	20	forest	50	50	50	200	m			ft
WE	wepp-56840	"11:13 am  Friday August 13, 2021"	"Tamarack +"	sand	20	forest	50	50	50	200	m			ft
WE	wepp-56971	"11:13 am  Friday August 13, 2021"	"Tamarack +"	sand	20	forest	70	70	70	175	m			ft
WE	wepp-57118	"11:14 am  Friday August 13, 2021"	"Tamarack +"	sand	20	forest	90	90	90	150	m			ft
WE	wepp-57260	"11:14 am  Friday August 13, 2021"	"Tamarack +"	sand	20	range	10	10	10	250	m	15	75	ft
WE	wepp-57394	"11:15 am  Friday August 13, 2021"	"Tamarack +"	sand	20	range	10	10	10	250	m	15	75	ft
WE	wepp-57525	"11:15 am  Friday August 13, 2021"	"Tamarack +"	sand	20	range	10	10	10	250	m	15	75	ft
WE	wepp-57661	"11:16 am  Friday August 13, 2021"	"Tamarack +"	sand	20	range	30	30	30	225	m	15	75	ft
WE	wepp-57792	"11:16 am  Friday August 13, 2021"	"Tamarack +"	sand	20	range	30	30	30	225	m	15	75	ft
WE	wepp-57930	"11:16 am  Friday August 13, 2021"	"Tamarack +"	sand	20	range	30	30	30	225	m	15	75	ft
WE	wepp-58069	"11:17 am  Friday August 13, 2021"	"Tamarack +"	sand	20	range	50	50	50	200	m	15	75	ft
WE	wepp-58199	"11:17 am  Friday August 13, 2021"	"Tamarack +"	sand	40	forest	10	10	10	250	m			ft
WE	wepp-58331	"11:18 am  Friday August 13, 2021"	"Tamarack +"	sand	40	forest	10	10	10	250	m			ft
WE	wepp-58463	"11:18 am  Friday August 13, 2021"	"Tamarack +"	sand	40	forest	10	10	10	250	m			ft
WE	wepp-58594	"11:19 am  Friday August 13, 2021"	"Tamarack +"	sand	40	forest	30	30	30	225	m			ft
WE	wepp-58732	"11:19 am  Friday August 13, 2021"	"Tamarack +"	sand	40	forest	30	30	30	225	m			ft
WE	wepp-58863	"11:20 am  Friday August 13, 2021"	"Tamarack +"	sand	40	forest	30	30	30	225	m			ft
WE	wepp-58996	"11:20 am  Friday August 13, 2021"	"Tamarack +"	sand	40	forest	50	50	50	200	m			ft
WE	wepp-59132	"11:20 am  Friday August 13, 2021"	"Tamarack +"	sand	40	forest	50	50	50	200	m			ft
WE	wepp-59263	"11:21 am  Friday August 13, 2021"	"Tamarack +"	sand	40	forest	50	50	50	200	m			ft
WE	wepp-59395	"11:21 am  Friday August 13, 2021"	"Tamarack +"	sand	40	forest	70	70	70	175	m			ft
WE	wepp-59526	"11:22 am  Friday August 13, 2021"	"Tamarack +"	sand	40	forest	70	70	70	175	m			ft
WE	wepp-59664	"11:22 am  Friday August 13, 2021"	"Tamarack +"	sand	40	forest	70	70	70	175	m			ft
WE	wepp-59800	"11:23 am  Friday August 13, 2021"	"Tamarack +"	sand	40	forest	90	90	90	150	m			ft
WE	wepp-59931	"11:23 am  Friday August 13, 2021"	"Tamarack +"	sand	40	forest	90	90	90	150	m			ft
WE	wepp-60069	"11:23 am  Friday August 13, 2021"	"Tamarack +"	sand	40	forest	90	90	90	150	m			ft
WE	wepp-60212	"11:24 am  Friday August 13, 2021"	"Tamarack +"	sand	40	range	10	10	10	250	m	15	75	ft
WE	wepp-60343	"11:24 am  Friday August 13, 2021"	"Tamarack +"	sand	40	range	10	10	10	250	m	15	75	ft
WE	wepp-60477	"11:25 am  Friday August 13, 2021"	"Tamarack +"	sand	40	range	30	30	30	225	m	15	75	ft
WE	wepp-60621	"11:25 am  Friday August 13, 2021"	"Tamarack +"	sand	40	range	30	30	30	225	m	15	75	ft
WE	wepp-60756	"11:26 am  Friday August 13, 2021"	"Tamarack +"	sand	40	range	50	50	50	200	m	15	75	ft
WE	wepp-60894	"11:26 am  Friday August 13, 2021"	"Tamarack +"	sand	40	range	50	50	50	200	m	15	75	ft
WE	wepp-61027	"11:27 am  Friday August 13, 2021"	"Tamarack +"	sand	40	range	70	70	70	175	m	15	75	ft
WE	wepp-61160	"11:27 am  Friday August 13, 2021"	"Tamarack +"	sand	40	range	70	70	70	175	m	15	75	ft
WE	wepp-61291	"11:27 am  Friday August 13, 2021"	"Tamarack +"	sand	50	forest	30	30	30	225	m			ft
WE	wepp-61426	"11:28 am  Friday August 13, 2021"	"Tamarack +"	sand	50	forest	50	50	50	200	m			ft
WE	wepp-61558	"11:28 am  Friday August 13, 2021"	"Tamarack +"	sand	50	forest	70	70	70	175	m			ft
WE	wepp-61689	"11:29 am  Friday August 13, 2021"	"Tamarack +"	sand	50	forest	90	90	90	150	m			ft
WE	wepp-61820	"11:29 am  Friday August 13, 2021"	"Tamarack +"	sand	50	range	10	10	10	250	m	15	75	ft
WE	wepp-61953	"11:30 am  Friday August 13, 2021"	"Tamarack +"	sand	50	range	30	30	30	225	m	15	75	ft
WE	wepp-62084	"11:30 am  Friday August 13, 2021"	"Tamarack +"	sand	50	range	50	50	50	200	m	15	75	ft
WE	wepp-62215	"11:30 am  Friday August 13, 2021"	"Tamarack +"	sand	50	range	70	70	70	175	m	15	75	ft
WE	wepp-62346	"11:31 am  Friday August 13, 2021"	"Tamarack +"	sand	5	forest	10	10	10	250	m			ft
WE	wepp-62477	"11:31 am  Friday August 13, 2021"	"Tamarack +"	sand	5	forest	30	30	30	225	m			ft
WE	wepp-62609	"11:32 am  Friday August 13, 2021"	"Tamarack +"	sand	5	forest	50	50	50	200	m			ft
WE	wepp-62760	"11:32 am  Friday August 13, 2021"	"Tamarack +"	sand	5	forest	70	70	70	175	m			ft
WE	wepp-62898	"11:33 am  Friday August 13, 2021"	"Tamarack +"	sand	5	range	10	10	10	250	m	15	75	ft
WE	wepp-63029	"11:33 am  Friday August 13, 2021"	"Tamarack +"	sand	5	range	10	10	10	250	m	15	75	ft
WE	wepp-63165	"11:34 am  Friday August 13, 2021"	"Tamarack +"	sand	5	range	30	30	30	225	m	15	75	ft
WE	wepp-63305	"11:34 am  Friday August 13, 2021"	"Tamarack +"	sand	5	range	30	30	30	225	m	15	75	ft
WE	wepp-63442	"11:34 am  Friday August 13, 2021"	"Tamarack +"	sand	5	range	50	50	50	200	m	15	75	ft
WE	wepp-63576	"11:35 am  Friday August 13, 2021"	"Tamarack +"	loam	5	range	10	10	10	250	h	15	75	ft
WE	wepp-63788	"11:35 am  Friday August 13, 2021"	"Tamarack +"	sand	20	forest	10	10	10	250	h			ft
WE	wepp-63967	"11:36 am  Friday August 13, 2021"	"Tamarack +"	sand	20	forest	30	30	30	225	h			ft
WE	wepp-64147	"11:37 am  Friday August 13, 2021"	"Tamarack +"	sand	20	forest	50	50	50	200	h			ft
WE	wepp-64323	"11:37 am  Friday August 13, 2021"	"Tamarack +"	sand	20	forest	70	70	70	175	h			ft
WE	wepp-64524	"11:38 am  Friday August 13, 2021"	"Tamarack +"	sand	20	forest	90	90	90	150	h			ft
WE	wepp-64698	"11:38 am  Friday August 13, 2021"	"Tamarack +"	sand	20	range	10	10	10	250	h	15	75	ft
WE	wepp-64925	"11:39 am  Friday August 13, 2021"	"Tamarack +"	sand	40	forest	10	10	10	250	h			ft
WE	wepp-65098	"11:39 am  Friday August 13, 2021"	"Tamarack +"	sand	40	forest	10	10	10	250	h			ft
WE	wepp-65284	"11:40 am  Friday August 13, 2021"	"Tamarack +"	sand	40	forest	10	10	10	250	h			ft
WE	wepp-65489	"11:41 am  Friday August 13, 2021"	"Tamarack +"	sand	40	forest	30	30	30	225	h			ft
WE	wepp-65662	"11:41 am  Friday August 13, 2021"	"Tamarack +"	sand	40	forest	30	30	30	225	h			ft
WE	wepp-65840	"11:42 am  Friday August 13, 2021"	"Tamarack +"	sand	40	forest	30	30	30	225	h			ft
WE	wepp-66030	"11:42 am  Friday August 13, 2021"	"Tamarack +"	sand	40	forest	50	50	50	200	h			ft
WE	wepp-66211	"11:43 am  Friday August 13, 2021"	"Tamarack +"	sand	40	forest	50	50	50	200	h			ft
WE	wepp-66382	"11:43 am  Friday August 13, 2021"	"Tamarack +"	sand	40	forest	50	50	50	200	h			ft
WE	wepp-66560	"11:44 am  Friday August 13, 2021"	"Tamarack +"	sand	40	forest	70	70	70	175	h			ft
WE	wepp-66741	"11:45 am  Friday August 13, 2021"	"Tamarack +"	sand	40	forest	70	70	70	175	h			ft
WE	wepp-66913	"11:45 am  Friday August 13, 2021"	"Tamarack +"	sand	40	forest	90	90	90	150	h			ft
WE	wepp-67088	"11:46 am  Friday August 13, 2021"	"Tamarack +"	sand	40	range	10	10	10	250	h	15	75	ft
WE	wepp-67271	"11:46 am  Friday August 13, 2021"	"Tamarack +"	sand	50	forest	70	70	70	175	h			ft
WE	wepp-67463	"11:47 am  Friday August 13, 2021"	"Tamarack +"	sand	50	range	10	10	10	250	h	15	75	ft
WE	wepp-67640	"11:47 am  Friday August 13, 2021"	"Tamarack +"	sand	50	range	30	30	30	225	h	15	75	ft
WE	wepp-67820	"11:48 am  Friday August 13, 2021"	"Tamarack +"	sand	5	forest	10	10	10	250	h			ft
WE	wepp-67998	"11:48 am  Friday August 13, 2021"	"Tamarack +"	sand	5	forest	30	30	30	225	h			ft
WE	wepp-68187	"11:49 am  Friday August 13, 2021"	"Tamarack +"	sand	5	forest	50	50	50	200	h			ft
