WE	wepp-109389	"12:16 pm  Wednesday September 9, 2020"	"MIAMI AZ Griffin +"	sand	25	range	10	10	10	150	u	15	75	ft
WE	wepp-109448	"12:16 pm  Wednesday September 9, 2020"	"MIAMI AZ Griffin +"	sand	25	range	10	10	10	150	l	15	75	ft
WE	wepp-109538	"12:16 pm  Wednesday September 9, 2020"	"MIAMI AZ Griffin +"	sand	25	range	10	10	10	150	m	15	75	ft
WE	wepp-109685	"12:16 pm  Wednesday September 9, 2020"	"MIAMI AZ Griffin +"	sand	25	range	17	17	17	170	u	56	0	ft
WE	wepp-109721	"12:16 pm  Wednesday September 9, 2020"	"MIAMI AZ Griffin +"	sand	25	range	17	17	17	170	l	56	0	ft
WE	wepp-109814	"12:17 pm  Wednesday September 9, 2020"	"MIAMI AZ Griffin +"	sand	25	range	17	17	17	170	m	56	0	ft
WE	wepp-109960	"12:17 pm  Wednesday September 9, 2020"	"MIAMI AZ Griffin +"	sand	25	range	12	12	12	250	u	15	75	ft
WE	wepp-109990	"12:17 pm  Wednesday September 9, 2020"	"MIAMI AZ Griffin +"	sand	25	range	12	12	12	250	l	15	75	ft
WE	wepp-110080	"12:17 pm  Wednesday September 9, 2020"	"MIAMI AZ Griffin +"	sand	25	range	12	12	12	250	m	15	75	ft
WE	wepp-110231	"12:17 pm  Wednesday September 9, 2020"	"MIAMI AZ Griffin +"	sand	47.5	range	33	33	33	300	u	21	3	ft
WE	wepp-110261	"12:17 pm  Wednesday September 9, 2020"	"MIAMI AZ Griffin +"	sand	47.5	range	33	33	33	300	l	21	3	ft
WE	wepp-110351	"12:17 pm  Wednesday September 9, 2020"	"MIAMI AZ Griffin +"	sand	47.5	range	33	33	33	300	m	21	3	ft
WE	wepp-110488	"12:18 pm  Wednesday September 9, 2020"	"MIAMI AZ Griffin +"	sand	47.5	range	32	32	32	310	u	14	41	ft
WE	wepp-110518	"12:18 pm  Wednesday September 9, 2020"	"MIAMI AZ Griffin +"	sand	47.5	range	32	32	32	310	l	14	41	ft
WE	wepp-110608	"12:18 pm  Wednesday September 9, 2020"	"MIAMI AZ Griffin +"	sand	47.5	range	32	32	32	310	m	14	41	ft
WE	wepp-110738	"12:18 pm  Wednesday September 9, 2020"	"MIAMI AZ Griffin +"	clay	25	range	21	21	21	400	u	22	34	ft
WE	wepp-110768	"12:18 pm  Wednesday September 9, 2020"	"MIAMI AZ Griffin +"	clay	25	range	21	21	21	400	l	22	34	ft
WE	wepp-110858	"12:18 pm  Wednesday September 9, 2020"	"MIAMI AZ Griffin +"	clay	25	range	21	21	21	400	m	22	34	ft
WE	wepp-110988	"12:19 pm  Wednesday September 9, 2020"	"MIAMI AZ Griffin +"	clay	47.5	range	28	28	28	650	u	38	42	ft
WE	wepp-111018	"12:19 pm  Wednesday September 9, 2020"	"MIAMI AZ Griffin +"	clay	47.5	range	28	28	28	650	l	38	42	ft
WE	wepp-111108	"12:19 pm  Wednesday September 9, 2020"	"MIAMI AZ Griffin +"	clay	47.5	range	28	28	28	650	m	38	42	ft
WE	wepp-111239	"12:19 pm  Wednesday September 9, 2020"	"MIAMI AZ Griffin +"	clay	47.5	range	42	42	42	400	u	22	18	ft
WE	wepp-111269	"12:19 pm  Wednesday September 9, 2020"	"MIAMI AZ Griffin +"	clay	47.5	range	42	42	42	400	l	22	18	ft
WE	wepp-111359	"12:19 pm  Wednesday September 9, 2020"	"MIAMI AZ Griffin +"	clay	47.5	range	42	42	42	400	m	22	18	ft
WE	wepp-111490	"12:19 pm  Wednesday September 9, 2020"	"MIAMI AZ Griffin +"	loam	47.5	range	46	46	46	450	u	48	6	ft
WE	wepp-111532	"12:20 pm  Wednesday September 9, 2020"	"MIAMI AZ Griffin +"	loam	47.5	range	46	46	46	450	l	48	6	ft
WE	wepp-111622	"12:20 pm  Wednesday September 9, 2020"	"MIAMI AZ Griffin +"	loam	47.5	range	46	46	46	450	m	48	6	ft
WE	wepp-111752	"12:20 pm  Wednesday September 9, 2020"	"MIAMI AZ Griffin +"	clay	47.5	range	37	37	37	900	u	42	5.6	ft
WE	wepp-111782	"12:20 pm  Wednesday September 9, 2020"	"MIAMI AZ Griffin +"	clay	47.5	range	37	37	37	900	l	42	5.6	ft
WE	wepp-111872	"12:20 pm  Wednesday September 9, 2020"	"MIAMI AZ Griffin +"	clay	47.5	range	37	37	37	900	m	42	5.6	ft
WE	wepp-112002	"12:20 pm  Wednesday September 9, 2020"	"MIAMI AZ Griffin +"	sand	25	chap	53	53	53	1000	u	100	0	ft
WE	wepp-112032	"12:20 pm  Wednesday September 9, 2020"	"MIAMI AZ Griffin +"	sand	25	chap	53	53	53	1000	l	100	0	ft
WE	wepp-112122	"12:21 pm  Wednesday September 9, 2020"	"MIAMI AZ Griffin +"	sand	25	chap	53	53	53	1000	m	100	0	ft
WE	wepp-112253	"12:21 pm  Wednesday September 9, 2020"	"MIAMI AZ Griffin +"	sand	25	chap	27	27	27	300	u	78	0	ft
WE	wepp-112289	"12:21 pm  Wednesday September 9, 2020"	"MIAMI AZ Griffin +"	sand	25	chap	27	27	27	300	l	78	0	ft
WE	wepp-112380	"12:21 pm  Wednesday September 9, 2020"	"MIAMI AZ Griffin +"	sand	25	chap	27	27	27	300	m	78	0	ft
WE	wepp-112510	"12:21 pm  Wednesday September 9, 2020"	"MIAMI AZ Griffin +"	sand	25	chap	22	22	22	250	u	78	0	ft
WE	wepp-112540	"12:21 pm  Wednesday September 9, 2020"	"MIAMI AZ Griffin +"	sand	25	chap	22	22	22	250	l	78	0	ft
WE	wepp-112630	"12:21 pm  Wednesday September 9, 2020"	"MIAMI AZ Griffin +"	sand	25	chap	22	22	22	250	m	78	0	ft
WE	wepp-112772	"12:22 pm  Wednesday September 9, 2020"	"MIAMI AZ Griffin +"	sand	25	chap	51	51	51	1000	u	100	0	ft
WE	wepp-112802	"12:22 pm  Wednesday September 9, 2020"	"MIAMI AZ Griffin +"	sand	25	chap	51	51	51	1000	l	100	0	ft
WE	wepp-112892	"12:22 pm  Wednesday September 9, 2020"	"MIAMI AZ Griffin +"	sand	25	chap	51	51	51	1000	m	100	0	ft
WE	wepp-113022	"12:22 pm  Wednesday September 9, 2020"	"MIAMI AZ Griffin +"	clay	47.5	range	26	26	26	300	l	15	75	ft
WE	wepp-113112	"12:22 pm  Wednesday September 9, 2020"	"MIAMI AZ Griffin +"	clay	25	range	13	13	13	200	u	15	75	ft
WE	wepp-113142	"12:22 pm  Wednesday September 9, 2020"	"MIAMI AZ Griffin +"	clay	25	range	13	13	13	200	l	15	75	ft
WE	wepp-113232	"12:23 pm  Wednesday September 9, 2020"	"MIAMI AZ Griffin +"	clay	25	range	12	12	12	400	u	15	75	ft
WE	wepp-113262	"12:23 pm  Wednesday September 9, 2020"	"MIAMI AZ Griffin +"	clay	25	range	12	12	12	400	l	15	75	ft
WE	wepp-113352	"12:23 pm  Wednesday September 9, 2020"	"MIAMI AZ Griffin +"	clay	25	range	12	12	12	400	m	15	75	ft
WE	wepp-113482	"12:23 pm  Wednesday September 9, 2020"	"MIAMI AZ Griffin +"	clay	47.5	range	26	26	26	550	u	15	75	ft
WE	wepp-113512	"12:23 pm  Wednesday September 9, 2020"	"MIAMI AZ Griffin +"	clay	47.5	range	26	26	26	550	l	15	75	ft
WE	wepp-113602	"12:23 pm  Wednesday September 9, 2020"	"MIAMI AZ Griffin +"	clay	47.5	range	26	26	26	550	m	15	75	ft
WE	wepp-113732	"12:23 pm  Wednesday September 9, 2020"	"MIAMI AZ Griffin +"	clay	25	range	15	15	15	200	u	15	75	ft
WE	wepp-113762	"12:23 pm  Wednesday September 9, 2020"	"MIAMI AZ Griffin +"	clay	25	range	15	15	15	200	l	15	75	ft
WE	wepp-113852	"12:24 pm  Wednesday September 9, 2020"	"MIAMI AZ Griffin +"	clay	25	range	15	15	15	200	m	15	75	ft
WE	wepp-113982	"12:24 pm  Wednesday September 9, 2020"	"MIAMI AZ Griffin +"	sand	47.5	range	28	28	28	650	u	15	75	ft
WE	wepp-114012	"12:24 pm  Wednesday September 9, 2020"	"MIAMI AZ Griffin +"	sand	47.5	range	28	28	28	650	l	15	75	ft
WE	wepp-114103	"12:24 pm  Wednesday September 9, 2020"	"MIAMI AZ Griffin +"	sand	47.5	range	28	28	28	650	m	15	75	ft
WE	wepp-114241	"12:24 pm  Wednesday September 9, 2020"	"MIAMI AZ Griffin +"	clay	25	range	14	14	14	350	u	15	75	ft
WE	wepp-114271	"12:24 pm  Wednesday September 9, 2020"	"MIAMI AZ Griffin +"	clay	25	range	14	14	14	350	l	15	75	ft
WE	wepp-114362	"12:24 pm  Wednesday September 9, 2020"	"MIAMI AZ Griffin +"	clay	25	range	16	16	16	300	u	15	75	ft
WE	wepp-114395	"12:25 pm  Wednesday September 9, 2020"	"MIAMI AZ Griffin +"	clay	25	range	16	16	16	300	l	15	75	ft
WE	wepp-114485	"12:25 pm  Wednesday September 9, 2020"	"MIAMI AZ Griffin +"	clay	25	range	16	16	16	300	m	15	75	ft
WE	wepp-114615	"12:25 pm  Wednesday September 9, 2020"	"MIAMI AZ Griffin +"	loam	25	range	15	15	15	250	u	15	75	ft
WE	wepp-114645	"12:25 pm  Wednesday September 9, 2020"	"MIAMI AZ Griffin +"	loam	25	range	15	15	15	250	l	15	75	ft
WE	wepp-114735	"12:25 pm  Wednesday September 9, 2020"	"MIAMI AZ Griffin +"	loam	25	range	15	15	15	250	m	15	75	ft
WE	wepp-114881	"12:25 pm  Wednesday September 9, 2020"	"MIAMI AZ Griffin +"	loam	47.5	range	37	37	37	400	u	15	75	ft
WE	wepp-114911	"12:25 pm  Wednesday September 9, 2020"	"MIAMI AZ Griffin +"	loam	47.5	range	37	37	37	400	l	15	75	ft
WE	wepp-115001	"12:26 pm  Wednesday September 9, 2020"	"MIAMI AZ Griffin +"	loam	47.5	range	37	37	37	400	m	15	75	ft
WE	wepp-115132	"12:26 pm  Wednesday September 9, 2020"	"MIAMI AZ Griffin +"	loam	47.5	range	35	35	35	800	u	15	75	ft
WE	wepp-115162	"12:26 pm  Wednesday September 9, 2020"	"MIAMI AZ Griffin +"	loam	47.5	range	35	35	35	800	l	15	75	ft
WE	wepp-115252	"12:26 pm  Wednesday September 9, 2020"	"MIAMI AZ Griffin +"	loam	47.5	range	35	35	35	800	m	15	75	ft
WE	wepp-115382	"12:26 pm  Wednesday September 9, 2020"	"MIAMI AZ Griffin +"	loam	7.5	range	13	13	13	300	u	15	75	ft
WE	wepp-115412	"12:26 pm  Wednesday September 9, 2020"	"MIAMI AZ Griffin +"	loam	7.5	range	13	13	13	300	l	15	75	ft
WE	wepp-115502	"12:26 pm  Wednesday September 9, 2020"	"MIAMI AZ Griffin +"	loam	7.5	range	13	13	13	300	m	15	75	ft
WE	wepp-115632	"12:27 pm  Wednesday September 9, 2020"	"MIAMI AZ Griffin +"	loam	7.5	range	13	13	13	300	h	15	75	ft
WE	wepp-115824	"12:27 pm  Wednesday September 9, 2020"	"MIAMI AZ Griffin +"	loam	7.5	range	13	13	13	200	l	15	75	ft
WE	wepp-115914	"12:27 pm  Wednesday September 9, 2020"	"MIAMI AZ Griffin +"	loam	7.5	range	13	13	13	200	m	15	75	ft
WE	wepp-116056	"12:27 pm  Wednesday September 9, 2020"	"MIAMI AZ Griffin +"	loam	7.5	range	13	13	13	200	h	15	75	ft
WE	wepp-116226	"12:28 pm  Wednesday September 9, 2020"	"MIAMI AZ Griffin +"	sand	47.5	range	13	13	13	700	l	15	75	ft
WE	wepp-116319	"12:28 pm  Wednesday September 9, 2020"	"MIAMI AZ Griffin +"	sand	47.5	range	13	13	13	700	h	15	75	ft
WE	wepp-116489	"12:28 pm  Wednesday September 9, 2020"	"MIAMI AZ Griffin +"	loam	25	range	25	25	25	500	u	15	75	ft
WE	wepp-116519	"12:28 pm  Wednesday September 9, 2020"	"MIAMI AZ Griffin +"	loam	25	range	25	25	25	500	l	15	75	ft
WE	wepp-116625	"12:28 pm  Wednesday September 9, 2020"	"MIAMI AZ Griffin +"	loam	25	range	25	25	25	500	m	15	75	ft
WE	wepp-116773	"12:29 pm  Wednesday September 9, 2020"	"MIAMI AZ Griffin +"	sand	47.5	range	35	35	35	450	u	15	75	ft
WE	wepp-116803	"12:29 pm  Wednesday September 9, 2020"	"MIAMI AZ Griffin +"	sand	47.5	range	35	35	35	450	l	15	75	ft
WE	wepp-116894	"12:29 pm  Wednesday September 9, 2020"	"MIAMI AZ Griffin +"	sand	47.5	range	35	35	35	450	m	15	75	ft
WE	wepp-117080	"12:29 pm  Wednesday September 9, 2020"	"MIAMI AZ Griffin +"	sand	47.5	range	35	35	35	450	h	15	75	ft
WE	wepp-117250	"12:29 pm  Wednesday September 9, 2020"	"MIAMI AZ Griffin +"	sand	25	forest	42	42	42	150	u			ft
WE	wepp-117280	"12:29 pm  Wednesday September 9, 2020"	"MIAMI AZ Griffin +"	sand	25	forest	42	42	42	150	l			ft
WE	wepp-117370	"12:30 pm  Wednesday September 9, 2020"	"MIAMI AZ Griffin +"	sand	25	forest	42	42	42	150	m			ft
WE	wepp-117500	"12:30 pm  Wednesday September 9, 2020"	"MIAMI AZ Griffin +"	loam	25	range	32	32	32	500	u	15	75	ft
WE	wepp-117530	"12:30 pm  Wednesday September 9, 2020"	"MIAMI AZ Griffin +"	loam	25	range	32	32	32	500	l	15	75	ft
WE	wepp-117620	"12:30 pm  Wednesday September 9, 2020"	"MIAMI AZ Griffin +"	loam	25	range	32	32	32	500	m	15	75	ft
WE	wepp-117750	"12:30 pm  Wednesday September 9, 2020"	"MIAMI AZ Griffin +"	sand	47.5	range	44	44	44	400	l	15	75	ft
WE	wepp-117840	"12:30 pm  Wednesday September 9, 2020"	"MIAMI AZ Griffin +"	sand	47.5	range	44	44	44	400	m	15	75	ft
WE	wepp-117981	"12:31 pm  Wednesday September 9, 2020"	"MIAMI AZ Griffin +"	sand	47.5	range	44	44	44	1000	u	15	75	ft
WE	wepp-118011	"12:31 pm  Wednesday September 9, 2020"	"MIAMI AZ Griffin +"	sand	47.5	range	44	44	44	1000	l	15	75	ft
WE	wepp-118101	"12:31 pm  Wednesday September 9, 2020"	"MIAMI AZ Griffin +"	sand	47.5	range	44	44	44	1000	m	15	75	ft
WE	wepp-118231	"12:31 pm  Wednesday September 9, 2020"	"MIAMI AZ Griffin +"	sand	47.5	range	44	44	44	1000	h	15	75	ft
WE	wepp-118401	"12:31 pm  Wednesday September 9, 2020"	"MIAMI AZ Griffin +"	sand	7.5	forest	48	48	48	600	u			ft
WE	wepp-118431	"12:31 pm  Wednesday September 9, 2020"	"MIAMI AZ Griffin +"	sand	7.5	forest	48	48	48	600	l			ft
WE	wepp-118537	"12:32 pm  Wednesday September 9, 2020"	"MIAMI AZ Griffin +"	sand	7.5	forest	48	48	48	600	m			ft
