WD	wepp-20717	"05:08 pm  Friday November 23, 2012"	"ALPINE AZ +"	50	clay	HighFire	1970	11	7	10	40	HighFire	230	7	10	10	40	0	ft	"577 Year 1 Wallow Fire (No Salvage)"
WD	wepp-20739	"05:08 pm  Friday November 23, 2012"	"ALPINE AZ +"	50	clay	LowFire	1970	11	7	30	40	LowFire	230	7	10	30	40	0	ft	"577 Year 2 Current Condition (No Salvage)"
WD	wepp-20759	"05:09 pm  Friday November 23, 2012"	"ALPINE AZ +"	50	clay	Sod	1970	11	7	40	40	Sod	230	7	10	40	40	0	ft	"577 Year 3 (No Salvage)"
WD	wepp-20779	"05:09 pm  Friday November 23, 2012"	"ALPINE AZ +"	50	clay	Bunchgrass	1970	11	7	50	40	Bunchgrass	230	7	10	50	40	0	ft	"577 Year 4 (No Salvage"
WD	wepp-20798	"05:10 pm  Friday November 23, 2012"	"ALPINE AZ +"	50	clay	Shrub	1970	11	7	60	40	Shrub	230	7	10	60	40	0	ft	"577 Year 5 (No Salvage)"
WD	wepp-20818	"05:10 pm  Friday November 23, 2012"	"ALPINE AZ +"	50	clay	YoungForest	1970	11	7	70	40	YoungForest	230	7	10	70	40	0	ft	"577 Year 6 (No Salvage"
WD	wepp-20838	"05:10 pm  Friday November 23, 2012"	"ALPINE AZ +"	50	clay	HighFire	1970	11	7	10	40	HighFire	230	7	10	10	40	0	ft	"577 Year 1 Wallow Fire (Salvage)"
WD	wepp-20860	"05:11 pm  Friday November 23, 2012"	"ALPINE AZ +"	50	clay	LowFire	1970	11	7	30	40	LowFire	230	7	10	30	40	0	ft	"577 Year 2 Current Condition Salvage"
WD	wepp-20880	"05:11 pm  Friday November 23, 2012"	"ALPINE AZ +"	50	clay	LowFire	1970	11	7	30	40	LowFire	230	7	10	30	40	0	ft	"577 Year 3 (Salvage)"
WD	wepp-20900	"05:12 pm  Friday November 23, 2012"	"ALPINE AZ +"	50	clay	Sod	1970	11	7	40	40	Sod	230	7	10	40	40	0	ft	"577 Year 4 (Salvage"
WD	wepp-20920	"05:12 pm  Friday November 23, 2012"	"ALPINE AZ +"	50	clay	Bunchgrass	1970	11	7	50	40	Bunchgrass	230	7	10	50	40	0	ft	"577 Year 5 (Salvage)"
WD	wepp-20940	"05:12 pm  Friday November 23, 2012"	"ALPINE AZ +"	50	clay	Shrub	1970	11	7	60	40	Shrub	230	7	10	60	40	0	ft	"577 Year 6 (Salvage)"
WD	wepp-20961	"05:12 pm  Friday November 23, 2012"	"ALPINE AZ +"	50	clay	HighFire	1315	5	10	10	60	HighFire	130	10	15	10	60	0	ft	"574 Year 1 Wallow Fire (No Salvage)"
WD	wepp-21007	"05:13 pm  Friday November 23, 2012"	"ALPINE AZ +"	50	clay	LowFire	1315	5	10	30	60	LowFire	130	10	15	30	60	0	ft	"574 Year 2 Current Condition (No Salvage)"
WD	wepp-21027	"05:13 pm  Friday November 23, 2012"	"ALPINE AZ +"	50	clay	Sod	1315	5	10	40	60	Sod	130	10	15	40	60	0	ft	"574 Year 3 (No Salvage)"
WD	wepp-21049	"05:13 pm  Friday November 23, 2012"	"ALPINE AZ +"	50	clay	Bunchgrass	1315	5	10	50	60	Bunchgrass	130	10	15	50	60	0	ft	"574 Year 4 (No Salvage"
WD	wepp-21069	"05:14 pm  Friday November 23, 2012"	"ALPINE AZ +"	50	clay	Shrub	1315	5	10	60	60	Shrub	130	10	15	60	60	0	ft	"574 Year 5 (No Salvage)"
WD	wepp-21091	"05:14 pm  Friday November 23, 2012"	"ALPINE AZ +"	50	clay	YoungForest	1315	5	10	70	60	YoungForest	130	10	15	70	60	0	ft	"574 Year 6 (No Salvage"
WD	wepp-21111	"05:14 pm  Friday November 23, 2012"	"ALPINE AZ +"	50	clay	HighFire	1315	5	10	10	60	HighFire	130	10	15	10	60	0	ft	"574 Year 1 Wallow Fire (Salvage)"
WD	wepp-21150	"05:15 pm  Friday November 23, 2012"	"ALPINE AZ +"	50	clay	LowFire	1315	5	10	30	60	LowFire	130	10	15	30	60	0	ft	"574 Year 2 Current Condition Salvage"
WD	wepp-21170	"05:15 pm  Friday November 23, 2012"	"ALPINE AZ +"	50	clay	LowFire	1315	5	10	30	60	LowFire	130	10	15	30	60	0	ft	"574 Year 3 (Salvage)"
WD	wepp-21191	"05:15 pm  Friday November 23, 2012"	"ALPINE AZ +"	50	clay	Sod	1315	5	10	40	60	Sod	130	10	15	40	60	0	ft	"574 Year 4 (Salvage"
WD	wepp-21211	"05:15 pm  Friday November 23, 2012"	"ALPINE AZ +"	50	clay	Bunchgrass	1315	5	10	50	60	Bunchgrass	130	10	15	50	60	0	ft	"574 Year 5 (Salvage)"
WD	wepp-21231	"05:16 pm  Friday November 23, 2012"	"ALPINE AZ +"	50	clay	Shrub	1315	5	10	60	60	Shrub	130	10	15	60	60	0	ft	"574 Year 6 (Salvage)"
WD	wepp-21251	"05:16 pm  Friday November 23, 2012"	"ALPINE AZ +"	50	clay	HighFire	720	28	14	10	30	HighFire	230	14	18	10	30	0	ft	"667 Year 1 Wallow Fire (No Salvage)"
WD	wepp-21272	"05:16 pm  Friday November 23, 2012"	"ALPINE AZ +"	50	clay	LowFire	720	28	14	30	30	LowFire	230	14	18	30	30	0	ft	"667 Year 2 Current Condition (No Salvage)"
WD	wepp-21292	"05:16 pm  Friday November 23, 2012"	"ALPINE AZ +"	50	clay	Sod	720	28	14	40	30	Sod	230	14	18	40	30	0	ft	"667 Year 3 (No Salvage)"
WD	wepp-21312	"05:17 pm  Friday November 23, 2012"	"ALPINE AZ +"	50	clay	Bunchgrass	720	28	14	50	30	Bunchgrass	230	14	18	50	30	0	ft	"667 Year 4 (No Salvage"
WD	wepp-21333	"05:17 pm  Friday November 23, 2012"	"ALPINE AZ +"	50	clay	Shrub	720	28	14	60	30	Shrub	230	14	18	60	30	0	ft	"667 Year 5 (No Salvage)"
WD	wepp-21353	"05:17 pm  Friday November 23, 2012"	"ALPINE AZ +"	50	clay	YoungForest	720	28	14	70	30	YoungForest	230	14	18	70	30	0	ft	"667 Year 6 (No Salvage"
WD	wepp-21373	"05:17 pm  Friday November 23, 2012"	"ALPINE AZ +"	50	clay	HighFire	720	28	14	10	30	HighFire	230	14	18	10	30	0	ft	"667 Year 1 Wallow Fire (Salvage)"
WD	wepp-21420	"05:18 pm  Friday November 23, 2012"	"ALPINE AZ +"	50	clay	LowFire	720	28	14	30	30	LowFire	230	14	18	30	30	0	ft	"667 Year 2 Current Condition Salvage"
WD	wepp-21440	"05:18 pm  Friday November 23, 2012"	"ALPINE AZ +"	50	clay	LowFire	720	28	14	30	30	LowFire	230	14	18	30	30	0	ft	"667 Year 3 (Salvage)"
WD	wepp-21460	"05:18 pm  Friday November 23, 2012"	"ALPINE AZ +"	50	clay	Sod	720	28	14	40	30	Sod	230	14	18	40	30	0	ft	"667 Year 4 (Salvage"
WD	wepp-21480	"05:18 pm  Friday November 23, 2012"	"ALPINE AZ +"	50	clay	Bunchgrass	720	28	14	50	30	Bunchgrass	230	14	18	50	30	0	ft	"667 Year 5 (Salvage)"
WD	wepp-21500	"05:19 pm  Friday November 23, 2012"	"ALPINE AZ +"	50	clay	Shrub	720	28	14	60	30	Shrub	230	14	18	60	30	0	ft	"667 Year 6 (Salvage)"
