WD	wepp-24014	"02:35 pm  Friday May 27, 2011"	"teton2snake +"	30	clay	low	678	32	32	81	25	tree20	100	32	32	81	25	0	ft	""
WD	wepp-24074	"02:37 pm  Friday May 27, 2011"	"teton2snake +"	30	clay	low	678	32	32	100	25	tree20	100	32	32	81	25	0	ft	""
WD	wepp-24079	"02:38 pm  Friday May 27, 2011"	"teton2snake +"	30	clay	low	678	32	32	100	25	tree20	100	32	32	81	25	0	ft	""
WD	wepp-24112	"02:42 pm  Friday May 27, 2011"	"teton2snake +"	30	loam	low	678	32	32	100	25	tree20	100	32	32	81	25	0	ft	""
WD	wepp-24117	"02:42 pm  Friday May 27, 2011"	"teton2snake +"	30	loam	low	678	32	32	100	25	tree20	100	32	32	81	25	0	ft	""
WD	wepp-24123	"02:43 pm  Friday May 27, 2011"	"teton2snake +"	30	loam	low	678	32	32	81	25	tree20	100	32	32	81	25	0	ft	""
WD	wepp-24128	"02:43 pm  Friday May 27, 2011"	"teton2snake +"	30	loam	low	678	32	32	81	25	tree20	100	32	32	81	25	0	ft	""
WD	wepp-24152	"02:46 pm  Friday May 27, 2011"	"teton2snake +"	30	loam	low	174	32	32	82	17	tree20	150	32	32	82	17	0	ft	""
WD	wepp-24184	"02:47 pm  Friday May 27, 2011"	"teton2snake +"	30	loam	low	174	32	32	100	17	tree20	150	32	32	100	17	0	ft	""
WD	wepp-24189	"02:47 pm  Friday May 27, 2011"	"teton2snake +"	30	loam	low	174	32	32	100	17	tree20	150	32	32	100	17	0	ft	""
WD	wepp-24195	"02:50 pm  Friday May 27, 2011"	"teton2snake +"	30	loam	low	524	17	17	82	18	tree20	524	5	5	82	18	0	ft	""
WD	wepp-24227	"02:51 pm  Friday May 27, 2011"	"teton2snake +"	30	loam	low	524	17	17	82	18	tree20	100	5	5	82	18	0	ft	""
WD	wepp-24232	"02:52 pm  Friday May 27, 2011"	"teton2snake +"	30	loam	low	524	17	17	98	18	tree20	100	5	5	98	18	0	ft	""
WD	wepp-24237	"02:52 pm  Friday May 27, 2011"	"teton2snake +"	30	loam	low	524	17	17	100	18	tree20	100	5	5	100	18	0	ft	""
WD	wepp-24242	"02:52 pm  Friday May 27, 2011"	"teton2snake +"	30	loam	low	524	17	17	99	18	tree20	100	5	5	99	18	0	ft	""
WD	wepp-24247	"02:53 pm  Friday May 27, 2011"	"teton2snake +"	30	loam	low	524	17	17	99	18	tree20	100	5	5	99	18	0	ft	""
WD	wepp-24253	"02:54 pm  Friday May 27, 2011"	"teton2snake +"	30	loam	low	318	17	17	82	18	tree20	100	17	17	82	18	0	ft	""
WD	wepp-24258	"02:54 pm  Friday May 27, 2011"	"teton2snake +"	30	loam	low	318	17	17	82	18	tree20	100	17	17	82	18	0	ft	""
WD	wepp-24271	"02:56 pm  Friday May 27, 2011"	"teton2snake +"	30	clay	low	524	17	17	82	18	tree5	100	5	5	82	18	0	ft	""
WD	wepp-24276	"02:56 pm  Friday May 27, 2011"	"teton2snake +"	30	clay	low	524	17	17	82	18	tree5	100	5	5	82	18	0	ft	""
WD	wepp-24413	"03:13 pm  Friday May 27, 2011"	"teton2snake +"	30	clay	low	392	17	17	85	15	tree20	100	5	5	85	15	0	ft	""
WD	wepp-24419	"03:13 pm  Friday May 27, 2011"	"teton2snake +"	30	clay	low	392	17	17	95	15	tree20	100	5	5	95	15	0	ft	""
WD	wepp-24424	"03:13 pm  Friday May 27, 2011"	"teton2snake +"	30	clay	low	392	17	17	90	15	tree20	100	5	5	90	15	0	ft	""
WD	wepp-24429	"03:14 pm  Friday May 27, 2011"	"teton2snake +"	30	clay	low	392	17	17	95	15	tree20	100	5	5	95	15	0	ft	""
WD	wepp-24454	"03:15 pm  Friday May 27, 2011"	"teton2snake +"	30	clay	low	392	17	17	86	15	tree20	100	5	5	100	15	0	ft	""
WD	wepp-24459	"03:16 pm  Friday May 27, 2011"	"teton2snake +"	30	clay	tree20	392	17	17	92	15	tree20	100	5	5	92	15	0	ft	""
WD	wepp-24466	"03:16 pm  Friday May 27, 2011"	"teton2snake +"	30	clay	tree20	392	17	17	89	15	tree20	100	5	5	89	15	0	ft	""
WD	wepp-24499	"03:17 pm  Friday May 27, 2011"	"teton2snake +"	30	clay	tree20	392	17	17	86	15	tree20	100	5	5	86	15	0	ft	""
WD	wepp-24504	"03:17 pm  Friday May 27, 2011"	"teton2snake +"	30	clay	tree20	392	17	17	75	15	tree20	100	5	5	75	15	0	ft	""
WD	wepp-24540	"03:24 pm  Friday May 27, 2011"	"teton2snake +"	30	loam	tree20	330	17	17	77	15	tree20	96	5	5	77	15	0	ft	""
WD	wepp-24545	"03:24 pm  Friday May 27, 2011"	"teton2snake +"	30	loam	tree20	330	17	17	40	15	tree20	96	5	5	40	15	0	ft	""
WD	wepp-24550	"03:25 pm  Friday May 27, 2011"	"teton2snake +"	30	loam	tree20	330	17	17	25	15	tree20	96	5	5	25	15	0	ft	""
WD	wepp-24634	"03:34 pm  Friday May 27, 2011"	"teton2snake +"	30	silt	tree20	244	32	32	98	17	tree20	340	17	17	98	17	0	ft	""
WD	wepp-24639	"03:34 pm  Friday May 27, 2011"	"teton2snake +"	30	silt	tree20	244	32	32	98	17	tree20	340	17	17	98	17	0	ft	""
WD	wepp-24644	"03:35 pm  Friday May 27, 2011"	"teton2snake +"	30	silt	low	484	32	32	75	17	tree20	100	17	17	98	17	0	ft	""
WD	wepp-24649	"03:35 pm  Friday May 27, 2011"	"teton2snake +"	30	silt	low	484	32	32	75	17	tree20	100	17	17	98	17	0	ft	""
WD	wepp-24811	"03:56 pm  Friday May 27, 2011"	"teton2snake +"	30	silt	low	484	32	32	85	17	tree20	100	17	17	85	17	0	ft	""
WD	wepp-24862	"04:01 pm  Friday May 27, 2011"	"teton2snake +"	30	silt	low	484	32	32	75	17	tree20	100	17	17	100	17	0	ft	""
WD	wepp-25033	"04:14 pm  Friday May 27, 2011"	"teton2snake +"	30	silt	tree20	326	17	17	75	15	tree20	100	5	5	85	15	0	ft	""
WD	wepp-25151	"04:28 pm  Friday May 27, 2011"	"teton2snake +"	30	silt	low	326	17	17	75	15	tree20	100	5	5	85	15	0	ft	""
WD	wepp-25156	"04:28 pm  Friday May 27, 2011"	"teton2snake +"	30	silt	low	326	17	17	80	15	tree20	100	5	5	85	15	0	ft	""
WD	wepp-25161	"04:28 pm  Friday May 27, 2011"	"teton2snake +"	30	silt	low	326	17	17	87	15	tree20	100	5	5	85	15	0	ft	""
WD	wepp-25166	"04:28 pm  Friday May 27, 2011"	"teton2snake +"	30	silt	low	326	17	17	85	15	tree20	100	5	5	85	15	0	ft	""
WD	wepp-25171	"04:29 pm  Friday May 27, 2011"	"teton2snake +"	30	silt	low	326	17	17	86	15	tree20	100	5	5	85	15	0	ft	""
WD	wepp-25176	"04:29 pm  Friday May 27, 2011"	"teton2snake +"	30	silt	low	326	17	17	86	15	tree20	100	5	5	85	15	0	ft	""
WD	wepp-25202	"04:31 pm  Friday May 27, 2011"	"teton2snake +"	30	silt	low	1200	5	5	86	15	tree20	100	17	17	85	15	0	ft	""
WD	wepp-25207	"04:32 pm  Friday May 27, 2011"	"teton2snake +"	30	silt	low	1200	5	5	86	15	tree20	100	17	17	85	15	0	ft	""
WD	wepp-25265	"04:35 pm  Friday May 27, 2011"	"teton2snake +"	30	loam	low	890	17	17	75	15	tree20	100	5	5	77	15	0	ft	""
WD	wepp-25270	"04:35 pm  Friday May 27, 2011"	"teton2snake +"	30	loam	low	890	17	17	85	15	tree20	100	5	5	77	15	0	ft	""
WD	wepp-25275	"04:35 pm  Friday May 27, 2011"	"teton2snake +"	30	loam	low	890	17	17	86	15	tree20	100	5	5	77	15	0	ft	""
WD	wepp-25280	"04:35 pm  Friday May 27, 2011"	"teton2snake +"	30	loam	low	890	17	17	86	15	tree20	100	5	5	77	15	0	ft	""
WD	wepp-25317	"04:36 pm  Friday May 27, 2011"	"teton2snake +"	30	loam	low	890	17	17	86	15	tree20	100	5	5	77	15	0	ft	""
WD	wepp-25322	"04:37 pm  Friday May 27, 2011"	"teton2snake +"	30	loam	low	890	17	17	86	15	tree20	100	5	5	77	15	0	ft	""
WD	wepp-25382	"04:39 pm  Friday May 27, 2011"	"teton2snake +"	30	loam	low	140	32	32	86	15	tree20	150	17	17	77	15	0	ft	""
WD	wepp-25387	"04:39 pm  Friday May 27, 2011"	"teton2snake +"	30	loam	low	140	32	32	86	15	tree20	150	17	17	77	15	0	ft	""
WD	wepp-25465	"04:41 pm  Friday May 27, 2011"	"teton2snake +"	30	silt	low	484	32	32	86	17	tree20	100	17	17	98	17	0	ft	""
WD	wepp-25483	"04:41 pm  Friday May 27, 2011"	"teton2snake +"	30	silt	low	484	32	32	86	17	tree20	100	17	17	98	17	0	ft	""
WD	wepp-25513	"04:42 pm  Friday May 27, 2011"	"teton2snake +"	30	silt	low	461	32	32	86	17	tree20	100	17	17	98	17	0	ft	""
WD	wepp-25518	"04:42 pm  Friday May 27, 2011"	"teton2snake +"	30	silt	low	461	32	32	86	17	tree20	100	17	17	98	17	0	ft	""
WD	wepp-25555	"04:44 pm  Friday May 27, 2011"	"teton2snake +"	30	loam	low	524	17	17	86	18	tree20	100	5	5	96	18	0	ft	""
WD	wepp-25560	"04:44 pm  Friday May 27, 2011"	"teton2snake +"	30	loam	low	524	17	17	86	18	tree20	100	5	5	95	18	0	ft	""
WD	wepp-25565	"04:44 pm  Friday May 27, 2011"	"teton2snake +"	30	loam	low	524	17	17	86	18	tree20	100	5	5	93	18	0	ft	""
WD	wepp-25571	"04:44 pm  Friday May 27, 2011"	"teton2snake +"	30	loam	low	524	17	17	86	18	tree20	100	5	5	91	18	0	ft	""
WD	wepp-25578	"04:45 pm  Friday May 27, 2011"	"teton2snake +"	30	loam	low	524	17	17	86	18	tree20	100	5	5	88	18	0	ft	""
WD	wepp-25602	"04:45 pm  Friday May 27, 2011"	"teton2snake +"	30	loam	low	524	17	17	86	18	tree20	100	5	5	88	18	0	ft	""
WD	wepp-25607	"04:46 pm  Friday May 27, 2011"	"teton2snake +"	30	loam	low	268	32	32	86	18	tree20	150	32	32	88	18	0	ft	""
WD	wepp-25612	"04:46 pm  Friday May 27, 2011"	"teton2snake +"	30	loam	low	268	32	32	86	18	tree20	150	32	32	88	18	0	ft	""
