WR	wepp-166505	"01:19 pm  Tuesday February 10, 2015"	"MOSCOW U OF I ID"	30	sand	paved	1000	4	15	10	10	1000	20	20	inbare	ft
WR	wepp-169218	"02:39 pm  Tuesday February 10, 2015"	"MOSCOW U OF I ID"	30	sand	paved	1000	4	15	10	10	1000	20	20	inbare	ft
WR	wepp-169331	"02:43 pm  Tuesday February 10, 2015"	""	1			0	0	0	0	0	0	0	0		
WR	wepp-169333	"02:44 pm  Tuesday February 10, 2015"	"MOSCOW U OF I ID"	30	sand	paved	200	4	13	15	50	130	25	20	inveg	ft
WR	wepp-169382	"02:45 pm  Tuesday February 10, 2015"	""	1			0	0	0	0	0	0	0	0		
WR	wepp-169385	"02:46 pm  Tuesday February 10, 2015"	"MOSCOW U OF I ID"	30	sand	paved	200	4	13	15	50	130	25	20	outrut	ft
WR	wepp-169423	"02:46 pm  Tuesday February 10, 2015"	"MOSCOW U OF I ID"	30	sand	paved	200	4	13	15	50	130	25	20	outunrut	ft
WR	wepp-169460	"02:47 pm  Tuesday February 10, 2015"	"MOSCOW U OF I ID"	30	sand	paved	200	4	13	15	50	130	25	20	outunrut	ft
WR	wepp-169496	"02:48 pm  Tuesday February 10, 2015"	"MOSCOW U OF I ID"	30	sand	graveled	200	4	13	15	50	130	25	20	inbare	ft
WR	wepp-169533	"02:48 pm  Tuesday February 10, 2015"	"MOSCOW U OF I ID"	30	sand	graveled	200	4	13	15	50	130	25	20	inveg	ft
WR	wepp-169571	"02:49 pm  Tuesday February 10, 2015"	"MOSCOW U OF I ID"	30	sand	graveled	200	4	13	15	50	130	25	20	outrut	ft
WR	wepp-169610	"02:49 pm  Tuesday February 10, 2015"	"MOSCOW U OF I ID"	30	sand	graveled	200	4	13	15	50	130	25	20	outunrut	ft
WR	wepp-169667	"02:52 pm  Tuesday February 10, 2015"	"MOSCOW U OF I ID"	30	sand	paved	1000	4	15	10	10	1000	20	20	inbare	ft
WR	wepp-169705	"02:53 pm  Tuesday February 10, 2015"	"MOSCOW U OF I ID"	30	sand	paved	1000	4	15	10	10	1000	20	20	inveg	ft
WR	wepp-169743	"02:54 pm  Tuesday February 10, 2015"	"MOSCOW U OF I ID"	30	sand	paved	1000	4	15	10	10	1000	20	20	outunrut	ft
WR	wepp-169792	"02:55 pm  Tuesday February 10, 2015"	"MOSCOW U OF I ID"	30	sand	paved	1000	4	15	10	10	1000	20	20	outrut	ft
WR	wepp-169827	"02:55 pm  Tuesday February 10, 2015"	"MOSCOW U OF I ID"	30	sand	paved	1000	4	15	10	10	1000	20	20	outrut	ft
WR	wepp-170035	"02:55 pm  Tuesday February 10, 2015"	"MOSCOW U OF I ID"	30	sand	graveled	1000	4	15	10	10	1000	20	20	inbare	ft
WR	wepp-170074	"02:56 pm  Tuesday February 10, 2015"	"MOSCOW U OF I ID"	30	sand	graveled	1000	4	15	10	10	1000	20	20	inveg	ft
WR	wepp-170113	"02:57 pm  Tuesday February 10, 2015"	"MOSCOW U OF I ID"	30	sand	graveled	1000	4	15	10	10	1000	20	20	outunrut	ft
WR	wepp-170152	"02:58 pm  Tuesday February 10, 2015"	"MOSCOW U OF I ID"	30	sand	graveled	1000	4	15	10	10	1000	20	20	outrut	ft
WR	wepp-170190	"02:59 pm  Tuesday February 10, 2015"	"MOSCOW U OF I ID"	30	sand	paved	3	1	1	1	1	1	1	20	inbare	ft
WR	wepp-170225	"02:59 pm  Tuesday February 10, 2015"	"MOSCOW U OF I ID"	30	sand	paved	3	1	1	1	1	1	1	20	inbare	ft
WR	wepp-170235	"03:00 pm  Tuesday February 10, 2015"	"MOSCOW U OF I ID"	30	sand	paved	3	1	1	1	1	1	1	20	inbare	ft
WR	wepp-170357	"03:05 pm  Tuesday February 10, 2015"	"MOSCOW U OF I ID"	30	sand	paved	1000	4	15	10	10	1000	20	20	inbare	ft
