WD	wepp-179095	"09:45 am  Friday July 14, 2017"	"SAFFORD EXPRMT FRM AZ + +"	50	sand	tree5	400	65	65	98	62	tree5	400	65	65	98	62	0	ft	""
WD	wepp-179101	"09:47 am  Friday July 14, 2017"	"SAFFORD EXPRMT FRM AZ + +"	50	sand	low	400	65	65	80	62	low	400	65	65	80	62	0	ft	""
WD	wepp-179108	"09:47 am  Friday July 14, 2017"	"SAFFORD EXPRMT FRM AZ + +"	50	sand	low	50	0	30	67.4	20	low	50	30	5	67.4	20	0	ft	""
WD	wepp-179125	"09:48 am  Friday July 14, 2017"	"SAFFORD EXPRMT FRM AZ + +"	50	sand	low	400	65	65	67.4	62	low	400	65	65	67.4	62	0	ft	""
WD	wepp-179132	"09:50 am  Friday July 14, 2017"	"SAFFORD EXPRMT FRM AZ + +"	50	sand	high	400	65	65	63	62	high	400	65	65	63	62	0	ft	""
WD	wepp-179221	"09:54 am  Friday July 14, 2017"	"SAFFORD EXPRMT FRM AZ + +"	50	sand	high	400	65	65	63	62	high	400	65	65	63	62	0	ft	""
WD	wepp-179244	"09:56 am  Friday July 14, 2017"	"SAFFORD EXPRMT FRM AZ + +"	50	sand	short	500	8	8	100	35	short	500	8	8	100	35	0	ft	""
WD	wepp-179249	"09:58 am  Friday July 14, 2017"	"SAFFORD EXPRMT FRM AZ + +"	50	sand	low	500	8	8	85	35	low	500	8	8	85	35	0	ft	""
WD	wepp-179473	"09:59 am  Friday July 14, 2017"	"SAFFORD EXPRMT FRM AZ + +"	50	sand	low	500	8	8	50	35	low	500	8	8	50	35	0	ft	""
WD	wepp-179481	"10:01 am  Friday July 14, 2017"	"SAFFORD EXPRMT FRM AZ + +"	50	sand	high	500	8	8	36	35	high	500	8	8	36	35	0	ft	""
WD	wepp-179487	"10:05 am  Friday July 14, 2017"	"SAFFORD EXPRMT FRM AZ + +"	50	sand	short	400	65	65	101	48	short	400	65	65	101	48	0	ft	""
WD	wepp-179492	"10:06 am  Friday July 14, 2017"	"SAFFORD EXPRMT FRM AZ + +"	50	sand	low	400	65	65	98.5	48	low	400	65	65	98.5	48	0	ft	""
WD	wepp-179516	"10:13 am  Friday July 14, 2017"	"SAFFORD EXPRMT FRM AZ + +"	50	sand	tree5	200	65	65	98	62	tree5	200	65	65	98	62	0	ft	""
WD	wepp-179587	"10:15 am  Friday July 14, 2017"	"SAFFORD EXPRMT FRM AZ + +"	50	sand	low	200	65	65	80	62	low	200	65	65	80	62	0	ft	""
WD	wepp-179606	"10:17 am  Friday July 14, 2017"	"SAFFORD EXPRMT FRM AZ + +"	50	sand	low	200	65	65	67.4	62	low	200	65	65	67.4	62	0	ft	""
WD	wepp-179622	"10:17 am  Friday July 14, 2017"	"SAFFORD EXPRMT FRM AZ + +"	50	sand	high	200	65	65	63	62	high	200	65	65	63	62	0	ft	""
WD	wepp-179765	"10:30 am  Friday July 14, 2017"	"SAFFORD EXPRMT FRM AZ + +"	50	sand	low	200	65	65	63	62	low	200	65	65	63	62	0	ft	""
WD	wepp-179774	"10:32 am  Friday July 14, 2017"	"SAFFORD EXPRMT FRM AZ + +"	50	sand	high	200	65	65	63	40	high	200	65	65	63	40	0	ft	""
WD	wepp-179891	"10:41 am  Friday July 14, 2017"	"SAFFORD EXPRMT FRM AZ + +"	50	sand	high	450	30	30	36	40	high	450	30	30	36	40	0	ft	""
WD	wepp-179897	"10:42 am  Friday July 14, 2017"	"SAFFORD EXPRMT FRM AZ + +"	50	sand	high	225	30	30	36	40	high	225	30	30	36	40	0	ft	""
WD	wepp-179947	"10:44 am  Friday July 14, 2017"	"SAFFORD EXPRMT FRM AZ + +"	50	sand	tall	225	30	30	55	40	tall	225	30	30	55	40	0	ft	""
WD	wepp-180063	"10:45 am  Friday July 14, 2017"	"SAFFORD EXPRMT FRM AZ + +"	50	sand	low	50	30	30	45	40	low	50	30	30	45	40	0	ft	""
WD	wepp-180087	"10:47 am  Friday July 14, 2017"	"SAFFORD EXPRMT FRM AZ + +"	50	sand	low	225	30	30	38	40	low	225	30	30	38	40	0	ft	""
WD	wepp-180176	"10:49 am  Friday July 14, 2017"	"SAFFORD EXPRMT FRM AZ + +"	50	sand	tall	225	30	30	70	40	tall	225	30	30	70	40	0	ft	""
WD	wepp-180181	"10:51 am  Friday July 14, 2017"	"SAFFORD EXPRMT FRM AZ + +"	50	sand	low	225	30	30	59	40	low	225	30	30	59	40	0	ft	""
WD	wepp-180213	"10:52 am  Friday July 14, 2017"	"SAFFORD EXPRMT FRM AZ + +"	50	sand	low	225	30	30	51.3	40	low	225	30	30	51.3	40	0	ft	""
WD	wepp-180260	"10:54 am  Friday July 14, 2017"	"SAFFORD EXPRMT FRM AZ + +"	50	sand	high	225	30	30	49	40	high	225	30	30	49	40	0	ft	""
WD	wepp-180277	"10:56 am  Friday July 14, 2017"	"SAFFORD EXPRMT FRM AZ + +"	50	sand	tree5	200	65	65	98	40	tree5	200	65	65	98	40	0	ft	""
WD	wepp-180282	"10:56 am  Friday July 14, 2017"	"SAFFORD EXPRMT FRM AZ + +"	50	sand	low	200	65	65	80	40	low	200	65	65	80	40	0	ft	""
WD	wepp-180298	"10:57 am  Friday July 14, 2017"	"SAFFORD EXPRMT FRM AZ + +"	50	sand	low	200	65	65	67.4	40	low	200	65	65	67.4	40	0	ft	""
WD	wepp-180303	"10:58 am  Friday July 14, 2017"	"SAFFORD EXPRMT FRM AZ + +"	50	sand	high	200	65	65	63	40	high	200	65	65	63	40	0	ft	""
WD	wepp-180384	"10:59 am  Friday July 14, 2017"	"SAFFORD EXPRMT FRM AZ + +"	50	sand	tree5	200	65	65	82	40	tree5	200	65	65	82	40	0	ft	""
WD	wepp-180391	"11:00 am  Friday July 14, 2017"	"SAFFORD EXPRMT FRM AZ + +"	50	sand	low	200	65	65	66	40	low	200	65	65	66	40	0	ft	""
WD	wepp-180401	"11:01 am  Friday July 14, 2017"	"SAFFORD EXPRMT FRM AZ + +"	50	sand	low	200	65	65	54.8	40	low	200	65	65	54.8	40	0	ft	""
WD	wepp-180417	"11:02 am  Friday July 14, 2017"	"SAFFORD EXPRMT FRM AZ + +"	50	sand	high	200	65	65	51	40	high	200	65	65	51	40	0	ft	""
WD	wepp-180422	"11:03 am  Friday July 14, 2017"	"SAFFORD EXPRMT FRM AZ + +"	50	sand	tree5	225	30	30	128	10	tree5	225	30	30	128	10	0	ft	""
WD	wepp-180428	"11:04 am  Friday July 14, 2017"	"SAFFORD EXPRMT FRM AZ + +"	50	sand	low	225	30	30	101.5	10	low	225	30	30	101.5	10	0	ft	""
WD	wepp-180434	"11:05 am  Friday July 14, 2017"	"SAFFORD EXPRMT FRM AZ + +"	50	sand	low	225	30	30	82.95	10	low	225	30	30	82.95	10	0	ft	""
WD	wepp-180439	"11:07 am  Friday July 14, 2017"	"SAFFORD EXPRMT FRM AZ + +"	50	sand	high	225	30	30	76	10	high	225	30	30	76	10	0	ft	""
WD	wepp-180444	"11:08 am  Friday July 14, 2017"	"SAFFORD EXPRMT FRM AZ + +"	50	sand	shrub	225	30	30	108	40	shrub	225	30	30	108	40	0	ft	""
WD	wepp-180462	"11:09 am  Friday July 14, 2017"	"SAFFORD EXPRMT FRM AZ + +"	50	sand	low	225	30	30	87.5	40	low	225	30	30	87.5	40	0	ft	""
WD	wepp-180467	"11:10 am  Friday July 14, 2017"	"SAFFORD EXPRMT FRM AZ + +"	50	sand	low	225	30	30	73.152	40	low	225	30	30	73.152	40	0	ft	""
WD	wepp-180472	"11:10 am  Friday July 14, 2017"	"SAFFORD EXPRMT FRM AZ + +"	50	sand	high	225	30	30	68	40	high	225	30	30	68	40	0	ft	""
WD	wepp-180478	"11:12 am  Friday July 14, 2017"	"SAFFORD EXPRMT FRM AZ + +"	50	sand	short	500	8	8	100	10	short	500	8	8	100	10	0	ft	""
WD	wepp-180590	"11:13 am  Friday July 14, 2017"	"SAFFORD EXPRMT FRM AZ + +"	50	sand	low	500	8	8	85	10	low	500	8	8	85	10	0	ft	""
WD	wepp-180618	"11:14 am  Friday July 14, 2017"	"SAFFORD EXPRMT FRM AZ + +"	50	sand	low	500	8	8	50	10	low	500	8	8	50	10	0	ft	""
WD	wepp-180857	"11:15 am  Friday July 14, 2017"	"SAFFORD EXPRMT FRM AZ + +"	50	sand	high	500	8	8	36	10	high	500	8	8	36	10	0	ft	""
WD	wepp-180862	"11:16 am  Friday July 14, 2017"	"SAFFORD EXPRMT FRM AZ + +"	50	sand	short	200	65	65	101	40	short	200	65	65	101	40	0	ft	""
WD	wepp-180870	"11:17 am  Friday July 14, 2017"	"SAFFORD EXPRMT FRM AZ + +"	50	sand	low	200	65	65	98.5	40	low	200	65	65	98.5	40	0	ft	""
WD	wepp-180875	"11:18 am  Friday July 14, 2017"	"SAFFORD EXPRMT FRM AZ + +"	50	sand	low	200	65	65	63.15	40	low	200	65	65	63	40	0	ft	""
WD	wepp-180882	"11:19 am  Friday July 14, 2017"	"SAFFORD EXPRMT FRM AZ + +"	50	sand	high	200	65	65	49	40	high	200	65	65	49	40	0	ft	""
WD	wepp-180961	"11:20 am  Friday July 14, 2017"	"SAFFORD EXPRMT FRM AZ + +"	50	sand	short	225	30	30	102	40	short	225	30	30	102	40	0	ft	""
WD	wepp-181070	"11:24 am  Friday July 14, 2017"	"SAFFORD EXPRMT FRM AZ + +"	50	sand	low	225	30	30	82	40	low	225	30	30	82	40	0	ft	""
WD	wepp-181077	"11:26 am  Friday July 14, 2017"	"SAFFORD EXPRMT FRM AZ + +"	50	sand	low	225	30	30	77	40	low	225	30	30	77	40	0	ft	""
WD	wepp-181082	"11:27 am  Friday July 14, 2017"	"SAFFORD EXPRMT FRM AZ + +"	50	sand	high	225	30	30	63	40	high	225	30	30	63	40	0	ft	""
WD	wepp-181318	"11:42 am  Friday July 14, 2017"	"SAFFORD EXPRMT FRM AZ + +"	50	sand	low	500	8	8	67.5	10	low	500	8	8	67.5	10	0	ft	""
WD	wepp-181323	"11:43 am  Friday July 14, 2017"	"SAFFORD EXPRMT FRM AZ + +"	50	sand	low	500	8	8	44.75	10	low	500	8	8	44.75	10	0	ft	""
WD	wepp-181328	"11:44 am  Friday July 14, 2017"	"SAFFORD EXPRMT FRM AZ + +"	50	sand	short	200	65	65	126	40	short	200	65	65	126	40	0	ft	""
WD	wepp-181393	"11:44 am  Friday July 14, 2017"	"SAFFORD EXPRMT FRM AZ + +"	50	sand	low	200	65	65	87	40	low	200	65	65	87	40	0	ft	""
WD	wepp-181400	"11:45 am  Friday July 14, 2017"	"SAFFORD EXPRMT FRM AZ + +"	50	sand	low	200	65	65	60	40	low	200	65	65	60	40	0	ft	""
WD	wepp-181420	"11:47 am  Friday July 14, 2017"	"SAFFORD EXPRMT FRM AZ + +"	50	sand	short	225	30	30	40	40	short	225	30	30	40	40	0	ft	""
WD	wepp-181436	"11:48 am  Friday July 14, 2017"	"SAFFORD EXPRMT FRM AZ + +"	50	sand	low	225	30	30	98.5	40	low	225	30	30	98.5	40	0	ft	""
WD	wepp-181441	"11:48 am  Friday July 14, 2017"	"SAFFORD EXPRMT FRM AZ + +"	50	sand	low	225	30	30	73	40	low	225	30	30	73	40	0	ft	""
WD	wepp-181491	"11:51 am  Friday July 14, 2017"	"SAFFORD EXPRMT FRM AZ + +"	50	sand	short	225	30	30	84	40	short	225	30	30	84	40	0	ft	""
WD	wepp-181496	"11:51 am  Friday July 14, 2017"	"SAFFORD EXPRMT FRM AZ + +"	50	sand	low	225	30	30	67	40	low	225	30	30	67	40	0	ft	""
WD	wepp-181501	"11:52 am  Friday July 14, 2017"	"SAFFORD EXPRMT FRM AZ + +"	50	sand	low	225	30	30	55	40	low	225	30	30	55	40	0	ft	""
WD	wepp-181508	"11:53 am  Friday July 14, 2017"	"SAFFORD EXPRMT FRM AZ + +"	50	sand	high	225	30	30	51	40	high	225	30	30	51	40	0	ft	""
WD	wepp-181519	"11:57 am  Friday July 14, 2017"	"SAFFORD EXPRMT FRM AZ + +"	50	sand	short	225	30	30	150	40	short	225	30	30	150	40	0	ft	""
WD	wepp-181530	"11:59 am  Friday July 14, 2017"	"SAFFORD EXPRMT FRM AZ + +"	50	sand	low	225	30	30	85	40	low	225	30	30	85	40	0	ft	""
WD	wepp-181596	"12:00 pm  Friday July 14, 2017"	"SAFFORD EXPRMT FRM AZ + +"	50	sand	low	225	30	30	86	40	low	225	30	30	86	40	0	ft	""
WD	wepp-181607	"12:00 pm  Friday July 14, 2017"	"SAFFORD EXPRMT FRM AZ + +"	50	sand	high	225	30	30	76	40	high	225	30	30	76	40	0	ft	""
WD	wepp-181616	"12:01 pm  Friday July 14, 2017"	"SAFFORD EXPRMT FRM AZ + +"	50	sand	short	225	30	30	131	40	short	225	30	30	131	40	0	ft	""
WD	wepp-181621	"12:02 pm  Friday July 14, 2017"	"SAFFORD EXPRMT FRM AZ + +"	50	sand	low	225	30	30	99	40	low	225	30	30	99	40	0	ft	""
WD	wepp-181629	"12:03 pm  Friday July 14, 2017"	"SAFFORD EXPRMT FRM AZ + +"	50	sand	low	225	30	30	77	40	low	225	30	30	77	40	0	ft	""
WD	wepp-181635	"12:03 pm  Friday July 14, 2017"	"SAFFORD EXPRMT FRM AZ + +"	50	sand	high	225	30	30	68	40	high	225	30	30	68	40	0	ft	""
WD	wepp-181640	"12:05 pm  Friday July 14, 2017"	"SAFFORD EXPRMT FRM AZ + +"	50	sand	low	225	30	30	76	40	low	225	30	30	76	40	0	ft	""
WD	wepp-181645	"12:05 pm  Friday July 14, 2017"	"SAFFORD EXPRMT FRM AZ + +"	50	sand	short	200	65	65	99	40	short	200	65	65	99	40	0	ft	""
WD	wepp-181650	"12:06 pm  Friday July 14, 2017"	"SAFFORD EXPRMT FRM AZ + +"	50	sand	low	200	65	65	69	40	low	200	65	65	69	40	0	ft	""
WD	wepp-181662	"12:07 pm  Friday July 14, 2017"	"SAFFORD EXPRMT FRM AZ + +"	50	sand	low	200	65	65	48	40	low	200	65	65	48	40	0	ft	""
WD	wepp-181673	"12:07 pm  Friday July 14, 2017"	"SAFFORD EXPRMT FRM AZ + +"	50	sand	high	200	65	65	40	40	high	200	65	65	40	40	0	ft	""
WD	wepp-181684	"12:08 pm  Friday July 14, 2017"	"SAFFORD EXPRMT FRM AZ + +"	50	sand	short	500	8	8	59	40	short	500	8	8	59	40	0	ft	""
WD	wepp-181701	"12:09 pm  Friday July 14, 2017"	"SAFFORD EXPRMT FRM AZ + +"	50	sand	low	500	8	8	49	40	low	500	8	8	49	40	0	ft	""
WD	wepp-181706	"12:10 pm  Friday July 14, 2017"	"SAFFORD EXPRMT FRM AZ + +"	50	sand	low	500	8	8	42	40	low	500	8	8	42	40	0	ft	""
WD	wepp-181722	"12:10 pm  Friday July 14, 2017"	"SAFFORD EXPRMT FRM AZ + +"	50	sand	high	500	8	8	40	40	high	500	8	8	40	40	0	ft	""
WD	wepp-193319	"01:06 pm  Friday July 14, 2017"	"SAFFORD EXPRMT FRM AZ + +"	50	sand	short	500	8	8	40	10	short	500	8	8	40	10	0	ft	""
WD	wepp-195202	"01:09 pm  Friday July 14, 2017"	"SAFFORD EXPRMT FRM AZ + +"	50	sand	short	500	8	8	39	40	short	500	8	8	39	40	0	ft	""
WD	wepp-196068	"01:11 pm  Friday July 14, 2017"	"SAFFORD EXPRMT FRM AZ + +"	50	sand	tall	225	30	30	48	40	tall	225	30	30	48	40	0	ft	""
WD	wepp-197308	"01:13 pm  Friday July 14, 2017"	"SAFFORD EXPRMT FRM AZ + +"	50	sand	tree5	200	65	65	63	40	tree5	200	65	65	63	40	0	ft	""
WD	wepp-198258	"01:14 pm  Friday July 14, 2017"	"SAFFORD EXPRMT FRM AZ + +"	50	sand	tree5	200	65	65	51	40	tree5	200	65	65	51	40	0	ft	""
WD	wepp-205930	"01:27 pm  Friday July 14, 2017"	"SAFFORD EXPRMT FRM AZ + +"	50	sand	tree5	225	30	30	75	10	tree5	225	30	30	75	10	0	ft	""
WD	wepp-206934	"01:29 pm  Friday July 14, 2017"	"SAFFORD EXPRMT FRM AZ + +"	50	sand	shrub	225	30	30	67	40	shrub	225	30	30	67	40	0	ft	""
WD	wepp-208237	"01:31 pm  Friday July 14, 2017"	"SAFFORD EXPRMT FRM AZ + +"	50	sand	tall	225	30	30	48	40	tall	225	30	30	48	40	0	ft	""
WD	wepp-209180	"01:32 pm  Friday July 14, 2017"	"SAFFORD EXPRMT FRM AZ + +"	50	sand	short	225	30	30	62	40	short	225	30	30	62	40	0	ft	""
WD	wepp-210424	"01:34 pm  Friday July 14, 2017"	"SAFFORD EXPRMT FRM AZ + +"	50	sand	short	225	30	30	67	40	short	225	30	30	67	40	0	ft	""
WD	wepp-211246	"01:36 pm  Friday July 14, 2017"	"SAFFORD EXPRMT FRM AZ + +"	50	sand	short	200	65	65	39	40	short	200	65	65	39	40	0	ft	""
WD	wepp-212080	"01:37 pm  Friday July 14, 2017"	"SAFFORD EXPRMT FRM AZ + +"	50	sand	short	500	8	8	39	40	short	500	8	8	39	40	0	ft	""
WD	wepp-212977	"01:39 pm  Friday July 14, 2017"	"SAFFORD EXPRMT FRM AZ + +"	50	sand	short	225	30	30	75	40	short	225	30	30	75	40	0	ft	""
WD	wepp-214336	"01:41 pm  Friday July 14, 2017"	"SAFFORD EXPRMT FRM AZ + +"	50	sand	low	200	65	65	85	40	low	200	65	65	85	40	0	ft	""
WD	wepp-215320	"01:43 pm  Friday July 14, 2017"	"SAFFORD EXPRMT FRM AZ + +"	50	sand	short	225	30	30	135	40	short	225	30	30	135	40	0	ft	""
WD	wepp-216826	"01:45 pm  Friday July 14, 2017"	"SAFFORD EXPRMT FRM AZ + +"	50	sand	low	225	30	30	112	40	low	225	30	30	112	40	0	ft	""
WD	wepp-217616	"01:47 pm  Friday July 14, 2017"	"SAFFORD EXPRMT FRM AZ + +"	50	sand	low	225	30	30	86	40	low	225	30	30	86	40	0	ft	""
