WF	wepp-15013	"11:00 am  Friday December 20, 2013"	"Wolf +"	clay	200	50	0	15	1	14	20	17	8.84	ft
WD	wepp-15639	"11:43 am  Friday December 20, 2013"	"Wolf +"	30	clay	Shrub	150	1	15	60	22.4	Shrub	50	15	1	60	22.4	0	ft	"1"
WD	wepp-15658	"11:43 am  Friday December 20, 2013"	"Wolf +"	30	clay	Shrub	150	1	24.9	60	22.4	Shrub	50	24.9	1	60	22.4	0	ft	"2"
WD	wepp-15678	"11:43 am  Friday December 20, 2013"	"Wolf +"	30	loam	Shrub	150	1	8.7	60	2.2	Shrub	50	8.7	1	60	2.2	0	ft	"3"
WD	wepp-15698	"11:43 am  Friday December 20, 2013"	"Wolf +"	30	loam	Shrub	150	1	15	60	2.2	Shrub	50	15	1	60	2.2	0	ft	"4"
WD	wepp-15718	"11:43 am  Friday December 20, 2013"	"Wolf +"	30	loam	Shrub	150	1	24.9	60	2.2	Shrub	50	24.9	1	60	2.2	0	ft	"5"
WD	wepp-15765	"11:44 am  Friday December 20, 2013"	"Wolf +"	30	loam	Shrub	150	1	24.9	60	25	Shrub	50	24.9	1	60	25	0	ft	"6"
WD	wepp-15785	"11:44 am  Friday December 20, 2013"	"Wolf +"	30	sand	Shrub	150	1	8.7	60	1.9	Shrub	50	8.7	1	60	1.9	0	ft	"7"
WD	wepp-15805	"11:44 am  Friday December 20, 2013"	"Wolf +"	30	sand	Shrub	150	1	15	60	1.9	Shrub	50	15	1	60	1.9	0	ft	"8"
WD	wepp-15825	"11:44 am  Friday December 20, 2013"	"Wolf +"	30	sand	Shrub	150	1	24.9	60	1.9	Shrub	50	24.9	1	60	1.9	0	ft	"9"
WD	wepp-15845	"11:44 am  Friday December 20, 2013"	"Wolf +"	30	silt	Shrub	150	1	8.7	60	5.4	Shrub	50	8.7	1	60	5.4	0	ft	"10"
WD	wepp-15865	"11:44 am  Friday December 20, 2013"	"Wolf +"	30	silt	Shrub	150	1	15	60	5.4	Shrub	50	15	1	60	5.4	0	ft	"11"
WD	wepp-15885	"11:44 am  Friday December 20, 2013"	"Wolf +"	30	silt	Shrub	150	1	24.9	60	5.4	Shrub	50	24.9	1	60	5.4	0	ft	"12"
WD	wepp-15905	"11:44 am  Friday December 20, 2013"	"Wolf +"	30	silt	Shrub	150	1	8.7	60	18.5	Shrub	50	8.7	1	60	18.5	0	ft	"13"
WD	wepp-15925	"11:44 am  Friday December 20, 2013"	"Wolf +"	30	silt	Shrub	150	1	15	60	18.5	Shrub	50	15	1	60	18.5	0	ft	"14"
WD	wepp-15945	"11:44 am  Friday December 20, 2013"	"Wolf +"	30	silt	Shrub	150	1	24.9	60	18.5	Shrub	50	24.9	1	60	18.5	0	ft	"15"
WD	wepp-15984	"11:45 am  Friday December 20, 2013"	"Wolf +"	30	silt	Shrub	150	1	8.7	60	34.1	Shrub	50	8.7	1	60	34.1	0	ft	"16"
WD	wepp-16004	"11:45 am  Friday December 20, 2013"	"Wolf +"	30	silt	Shrub	150	1	15	60	34.1	Shrub	50	15	1	60	34.1	0	ft	"17"
WD	wepp-16024	"11:45 am  Friday December 20, 2013"	"Wolf +"	30	silt	Shrub	150	1	24.9	60	34.1	Shrub	50	24.9	1	60	34.1	0	ft	"18"
WD	wepp-16097	"11:53 am  Friday December 20, 2013"	"Wolf +"	30	clay	Shrub	150	1	15	60	22.4	Shrub	50	15	1	60	22.4	0	ft	"1"
WD	wepp-16117	"11:53 am  Friday December 20, 2013"	"Wolf +"	30	clay	Shrub	150	1	24.9	60	22.4	Shrub	50	24.9	1	60	22.4	0	ft	"2"
WD	wepp-16124	"11:53 am  Friday December 20, 2013"	"Wolf +"	30	loam	Shrub	150	1	8.7	60	2.2	Shrub	50	8.7	1	60	2.2	0	ft	"3"
WD	wepp-16144	"11:53 am  Friday December 20, 2013"	"Wolf +"	30	loam	Shrub	150	1	15	60	2.2	Shrub	50	15	1	60	2.2	0	ft	"4"
WD	wepp-16164	"11:53 am  Friday December 20, 2013"	"Wolf +"	30	loam	Shrub	150	1	24.9	60	2.2	Shrub	50	24.9	1	60	2.2	0	ft	"5"
WD	wepp-16184	"11:53 am  Friday December 20, 2013"	"Wolf +"	30	loam	Shrub	150	1	24.9	60	25	Shrub	50	24.9	1	60	25	0	ft	"6"
WD	wepp-16231	"11:54 am  Friday December 20, 2013"	"Wolf +"	30	sand	Shrub	150	1	8.7	60	1.9	Shrub	50	8.7	1	60	1.9	0	ft	"7"
WD	wepp-16254	"11:54 am  Friday December 20, 2013"	"Wolf +"	30	sand	Shrub	150	1	15	60	1.9	Shrub	50	15	1	60	1.9	0	ft	"8"
WD	wepp-16274	"11:54 am  Friday December 20, 2013"	"Wolf +"	30	sand	Shrub	150	1	24.9	60	1.9	Shrub	50	24.9	1	60	1.9	0	ft	"9"
WD	wepp-16294	"11:54 am  Friday December 20, 2013"	"Wolf +"	30	silt	Shrub	150	1	8.7	60	5.4	Shrub	50	8.7	1	60	5.4	0	ft	"10"
WD	wepp-16314	"11:54 am  Friday December 20, 2013"	"Wolf +"	30	silt	Shrub	150	1	15	60	5.4	Shrub	50	15	1	60	5.4	0	ft	"11"
WD	wepp-16334	"11:54 am  Friday December 20, 2013"	"Wolf +"	30	silt	Shrub	150	1	24.9	60	5.4	Shrub	50	24.9	1	60	5.4	0	ft	"12"
WD	wepp-16354	"11:54 am  Friday December 20, 2013"	"Wolf +"	30	silt	Shrub	150	1	8.7	60	18.5	Shrub	50	8.7	1	60	18.5	0	ft	"13"
WD	wepp-16374	"11:54 am  Friday December 20, 2013"	"Wolf +"	30	silt	Shrub	150	1	15	60	18.5	Shrub	50	15	1	60	18.5	0	ft	"14"
WD	wepp-16394	"11:54 am  Friday December 20, 2013"	"Wolf +"	30	silt	Shrub	150	1	24.9	60	18.5	Shrub	50	24.9	1	60	18.5	0	ft	"15"
WD	wepp-16414	"11:55 am  Friday December 20, 2013"	"Wolf +"	30	silt	Shrub	150	1	8.7	60	34.1	Shrub	50	8.7	1	60	34.1	0	ft	"16"
WD	wepp-16434	"11:55 am  Friday December 20, 2013"	"Wolf +"	30	silt	Shrub	150	1	15	60	34.1	Shrub	50	15	1	60	34.1	0	ft	"17"
WD	wepp-16454	"11:55 am  Friday December 20, 2013"	"Wolf +"	30	silt	Shrub	150	1	24.9	60	34.1	Shrub	50	24.9	1	60	34.1	0	ft	"18"
WD	wepp-16652	"12:16 pm  Friday December 20, 2013"	"Wolf +"	30	clay	Bunchgrass	150	1	15	60	22.4	Bunchgrass	50	15	1	60	22.4	0	ft	"1"
WD	wepp-16675	"12:16 pm  Friday December 20, 2013"	"Wolf +"	30	clay	Bunchgrass	150	1	24.9	60	22.4	Bunchgrass	50	24.9	1	60	22.4	0	ft	"2"
WD	wepp-16695	"12:16 pm  Friday December 20, 2013"	"Wolf +"	30	loam	Bunchgrass	150	1	8.7	60	2.2	Bunchgrass	50	8.7	1	60	2.2	0	ft	"3"
WD	wepp-16715	"12:16 pm  Friday December 20, 2013"	"Wolf +"	30	loam	Bunchgrass	150	1	15	60	2.2	Bunchgrass	50	15	1	60	2.2	0	ft	"4"
WD	wepp-16735	"12:16 pm  Friday December 20, 2013"	"Wolf +"	30	loam	Bunchgrass	150	1	24.9	60	2.2	Bunchgrass	50	24.9	1	60	2.2	0	ft	"5"
WD	wepp-16755	"12:16 pm  Friday December 20, 2013"	"Wolf +"	30	loam	Bunchgrass	150	1	24.9	60	25	Bunchgrass	50	24.9	1	60	25	0	ft	"6"
WD	wepp-16775	"12:17 pm  Friday December 20, 2013"	"Wolf +"	30	sand	Bunchgrass	150	1	8.7	60	1.9	Bunchgrass	50	8.7	1	60	1.9	0	ft	"7"
WD	wepp-16795	"12:17 pm  Friday December 20, 2013"	"Wolf +"	30	sand	Bunchgrass	150	1	15	60	1.9	Bunchgrass	50	15	1	60	1.9	0	ft	"8"
WD	wepp-16802	"12:17 pm  Friday December 20, 2013"	"Wolf +"	30	sand	Bunchgrass	150	1	24.9	60	1.9	Bunchgrass	50	24.9	1	60	1.9	0	ft	"9"
WD	wepp-16822	"12:17 pm  Friday December 20, 2013"	"Wolf +"	30	silt	Bunchgrass	150	1	8.7	60	5.4	Bunchgrass	50	8.7	1	60	5.4	0	ft	"10"
WD	wepp-16842	"12:17 pm  Friday December 20, 2013"	"Wolf +"	30	silt	Bunchgrass	150	1	15	60	5.4	Bunchgrass	50	15	1	60	5.4	0	ft	"11"
WD	wepp-16862	"12:17 pm  Friday December 20, 2013"	"Wolf +"	30	silt	Bunchgrass	150	1	24.9	60	5.4	Bunchgrass	50	24.9	1	60	5.4	0	ft	"12"
WD	wepp-16883	"12:17 pm  Friday December 20, 2013"	"Wolf +"	30	silt	Bunchgrass	150	1	8.7	60	18.5	Bunchgrass	50	8.7	1	60	18.5	0	ft	"13"
WD	wepp-16903	"12:17 pm  Friday December 20, 2013"	"Wolf +"	30	silt	Bunchgrass	150	1	15	60	18.5	Bunchgrass	50	15	1	60	18.5	0	ft	"14"
WD	wepp-16924	"12:17 pm  Friday December 20, 2013"	"Wolf +"	30	silt	Bunchgrass	150	1	24.9	60	18.5	Bunchgrass	50	24.9	1	60	18.5	0	ft	"15"
WD	wepp-16943	"12:17 pm  Friday December 20, 2013"	"Wolf +"	30	silt	Bunchgrass	150	1	8.7	60	34.1	Bunchgrass	50	8.7	1	60	34.1	0	ft	"16"
WD	wepp-16963	"12:18 pm  Friday December 20, 2013"	"Wolf +"	30	silt	Bunchgrass	150	1	15	60	34.1	Bunchgrass	50	15	1	60	34.1	0	ft	"17"
WD	wepp-16983	"12:18 pm  Friday December 20, 2013"	"Wolf +"	30	silt	Bunchgrass	150	1	24.9	60	34.1	Bunchgrass	50	24.9	1	60	34.1	0	ft	"18"
WD	wepp-17032	"12:22 pm  Friday December 20, 2013"	"Wolf +"	30	clay	Sod	150	1	15	40	22.4	Sod	50	15	1	40	22.4	0	ft	"1"
WD	wepp-17052	"12:22 pm  Friday December 20, 2013"	"Wolf +"	30	clay	Sod	150	1	24.9	40	22.4	Sod	50	24.9	1	40	22.4	0	ft	"2"
WD	wepp-17071	"12:22 pm  Friday December 20, 2013"	"Wolf +"	30	loam	Sod	150	1	8.7	40	2.2	Sod	50	8.7	1	40	2.2	0	ft	"3"
WD	wepp-17090	"12:22 pm  Friday December 20, 2013"	"Wolf +"	30	loam	Sod	150	1	15	40	2.2	Sod	50	15	1	40	2.2	0	ft	"4"
WD	wepp-17110	"12:22 pm  Friday December 20, 2013"	"Wolf +"	30	loam	Sod	150	1	24.9	40	2.2	Sod	50	24.9	1	40	2.2	0	ft	"5"
WD	wepp-17130	"12:22 pm  Friday December 20, 2013"	"Wolf +"	30	loam	Sod	150	1	24.9	40	25	Sod	50	24.9	1	40	25	0	ft	"6"
WD	wepp-17150	"12:22 pm  Friday December 20, 2013"	"Wolf +"	30	sand	Sod	150	1	8.7	40	1.9	Sod	50	8.7	1	40	1.9	0	ft	"7"
WD	wepp-17170	"12:22 pm  Friday December 20, 2013"	"Wolf +"	30	sand	Sod	150	1	15	40	1.9	Sod	50	15	1	40	1.9	0	ft	"8"
WD	wepp-17190	"12:22 pm  Friday December 20, 2013"	"Wolf +"	30	sand	Sod	150	1	24.9	40	1.9	Sod	50	24.9	1	40	1.9	0	ft	"9"
WD	wepp-17210	"12:23 pm  Friday December 20, 2013"	"Wolf +"	30	silt	Sod	150	1	8.7	40	5.4	Sod	50	8.7	1	40	5.4	0	ft	"10"
WD	wepp-17230	"12:23 pm  Friday December 20, 2013"	"Wolf +"	30	silt	Sod	150	1	15	40	5.4	Sod	50	15	1	40	5.4	0	ft	"11"
WD	wepp-17249	"12:23 pm  Friday December 20, 2013"	"Wolf +"	30	silt	Sod	150	1	24.9	40	5.4	Sod	50	24.9	1	40	5.4	0	ft	"12"
WD	wepp-17269	"12:23 pm  Friday December 20, 2013"	"Wolf +"	30	silt	Sod	150	1	8.7	40	18.5	Sod	50	8.7	1	40	18.5	0	ft	"13"
WD	wepp-17289	"12:23 pm  Friday December 20, 2013"	"Wolf +"	30	silt	Sod	150	1	15	40	18.5	Sod	50	15	1	40	18.5	0	ft	"14"
WD	wepp-17309	"12:23 pm  Friday December 20, 2013"	"Wolf +"	30	silt	Sod	150	1	24.9	40	18.5	Sod	50	24.9	1	40	18.5	0	ft	"15"
WD	wepp-17329	"12:23 pm  Friday December 20, 2013"	"Wolf +"	30	silt	Sod	150	1	8.7	40	34.1	Sod	50	8.7	1	40	34.1	0	ft	"16"
WD	wepp-17349	"12:23 pm  Friday December 20, 2013"	"Wolf +"	30	silt	Sod	150	1	15	40	34.1	Sod	50	15	1	40	34.1	0	ft	"17"
WD	wepp-17369	"12:23 pm  Friday December 20, 2013"	"Wolf +"	30	silt	Sod	150	1	24.9	40	34.1	Sod	50	24.9	1	40	34.1	0	ft	"18"
WD	wepp-17492	"12:35 pm  Friday December 20, 2013"	"Wolf +"	30	clay	YoungForest	150	1	15	60	22.4	Shrub	50	15	1	40	22.4	0	ft	"1"
WD	wepp-17512	"12:35 pm  Friday December 20, 2013"	"Wolf +"	30	clay	YoungForest	150	1	24.9	60	22.4	Shrub	50	24.9	1	40	22.4	0	ft	"2"
WD	wepp-17532	"12:35 pm  Friday December 20, 2013"	"Wolf +"	30	loam	YoungForest	150	1	8.7	60	2.2	Shrub	50	8.7	1	40	2.2	0	ft	"3"
WD	wepp-17539	"12:35 pm  Friday December 20, 2013"	"Wolf +"	30	loam	YoungForest	150	1	15	60	2.2	Shrub	50	15	1	40	2.2	0	ft	"4"
WD	wepp-17559	"12:35 pm  Friday December 20, 2013"	"Wolf +"	30	loam	YoungForest	150	1	24.9	60	2.2	Shrub	50	24.9	1	40	2.2	0	ft	"5"
WD	wepp-17578	"12:35 pm  Friday December 20, 2013"	"Wolf +"	30	loam	YoungForest	150	1	24.9	60	25	Shrub	50	24.9	1	40	25	0	ft	"6"
WD	wepp-17598	"12:35 pm  Friday December 20, 2013"	"Wolf +"	30	sand	YoungForest	150	1	8.7	60	1.9	Shrub	50	8.7	1	40	1.9	0	ft	"7"
WD	wepp-17618	"12:35 pm  Friday December 20, 2013"	"Wolf +"	30	sand	YoungForest	150	1	15	60	1.9	Shrub	50	15	1	40	1.9	0	ft	"8"
WD	wepp-17638	"12:35 pm  Friday December 20, 2013"	"Wolf +"	30	sand	YoungForest	150	1	24.9	60	1.9	Shrub	50	24.9	1	40	1.9	0	ft	"9"
WD	wepp-17658	"12:35 pm  Friday December 20, 2013"	"Wolf +"	30	silt	YoungForest	150	1	8.7	60	5.4	Shrub	50	8.7	1	40	5.4	0	ft	"10"
WD	wepp-17678	"12:36 pm  Friday December 20, 2013"	"Wolf +"	30	silt	YoungForest	150	1	15	60	5.4	Shrub	50	15	1	40	5.4	0	ft	"11"
WD	wepp-17698	"12:36 pm  Friday December 20, 2013"	"Wolf +"	30	silt	YoungForest	150	1	24.9	60	5.4	Shrub	50	24.9	1	40	5.4	0	ft	"12"
WD	wepp-17718	"12:36 pm  Friday December 20, 2013"	"Wolf +"	30	silt	YoungForest	150	1	8.7	60	18.5	Shrub	50	8.7	1	40	18.5	0	ft	"13"
WD	wepp-17738	"12:36 pm  Friday December 20, 2013"	"Wolf +"	30	silt	YoungForest	150	1	15	60	18.5	Shrub	50	15	1	40	18.5	0	ft	"14"
WD	wepp-17758	"12:36 pm  Friday December 20, 2013"	"Wolf +"	30	silt	YoungForest	150	1	24.9	60	18.5	Shrub	50	24.9	1	40	18.5	0	ft	"15"
WD	wepp-17778	"12:36 pm  Friday December 20, 2013"	"Wolf +"	30	silt	YoungForest	150	1	8.7	60	34.1	Shrub	50	8.7	1	40	34.1	0	ft	"16"
WD	wepp-17798	"12:36 pm  Friday December 20, 2013"	"Wolf +"	30	silt	YoungForest	150	1	15	60	34.1	Shrub	50	15	1	40	34.1	0	ft	"17"
WD	wepp-17818	"12:36 pm  Friday December 20, 2013"	"Wolf +"	30	silt	YoungForest	150	1	24.9	60	34.1	Shrub	50	24.9	1	40	34.1	0	ft	"18"
WD	wepp-17869	"12:42 pm  Friday December 20, 2013"	"Wolf +"	30	clay	YoungForest	150	1	15	40	22.4	Shrub	50	15	1	40	22.4	0	ft	"1"
WD	wepp-17889	"12:42 pm  Friday December 20, 2013"	"Wolf +"	30	clay	YoungForest	150	1	24.9	40	22.4	Shrub	50	24.9	1	40	22.4	0	ft	"2"
WD	wepp-17909	"12:42 pm  Friday December 20, 2013"	"Wolf +"	30	loam	YoungForest	150	1	8.7	40	2.2	Shrub	50	8.7	1	40	2.2	0	ft	"3"
WD	wepp-17929	"12:42 pm  Friday December 20, 2013"	"Wolf +"	30	loam	YoungForest	150	1	15	40	2.2	Shrub	50	15	1	40	2.2	0	ft	"4"
WD	wepp-17949	"12:42 pm  Friday December 20, 2013"	"Wolf +"	30	loam	YoungForest	150	1	24.9	40	2.2	Shrub	50	24.9	1	40	2.2	0	ft	"5"
WD	wepp-17969	"12:42 pm  Friday December 20, 2013"	"Wolf +"	30	loam	YoungForest	150	1	24.9	40	25	Shrub	50	24.9	1	40	25	0	ft	"6"
WD	wepp-17989	"12:43 pm  Friday December 20, 2013"	"Wolf +"	30	sand	YoungForest	150	1	8.7	40	1.9	Shrub	50	8.7	1	40	1.9	0	ft	"7"
WD	wepp-18009	"12:43 pm  Friday December 20, 2013"	"Wolf +"	30	sand	YoungForest	150	1	15	40	1.9	Shrub	50	15	1	40	1.9	0	ft	"8"
WD	wepp-18029	"12:43 pm  Friday December 20, 2013"	"Wolf +"	30	sand	YoungForest	150	1	24.9	40	1.9	Shrub	50	24.9	1	40	1.9	0	ft	"9"
WD	wepp-18049	"12:43 pm  Friday December 20, 2013"	"Wolf +"	30	silt	YoungForest	150	1	8.7	40	5.4	Shrub	50	8.7	1	40	5.4	0	ft	"10"
WD	wepp-18069	"12:43 pm  Friday December 20, 2013"	"Wolf +"	30	silt	YoungForest	150	1	15	40	5.4	Shrub	50	15	1	40	5.4	0	ft	"11"
WD	wepp-18089	"12:43 pm  Friday December 20, 2013"	"Wolf +"	30	silt	YoungForest	150	1	24.9	40	5.4	Shrub	50	24.9	1	40	5.4	0	ft	"12"
WD	wepp-18109	"12:43 pm  Friday December 20, 2013"	"Wolf +"	30	silt	YoungForest	150	1	8.7	40	18.5	Shrub	50	8.7	1	40	18.5	0	ft	"13"
WD	wepp-18129	"12:44 pm  Friday December 20, 2013"	"Wolf +"	30	silt	YoungForest	150	1	15	40	18.5	Shrub	50	15	1	40	18.5	0	ft	"14"
WD	wepp-18149	"12:44 pm  Friday December 20, 2013"	"Wolf +"	30	silt	YoungForest	150	1	24.9	40	18.5	Shrub	50	24.9	1	40	18.5	0	ft	"15"
WD	wepp-18169	"12:44 pm  Friday December 20, 2013"	"Wolf +"	30	silt	YoungForest	150	1	8.7	40	34.1	Shrub	50	8.7	1	40	34.1	0	ft	"16"
WD	wepp-18216	"12:44 pm  Friday December 20, 2013"	"Wolf +"	30	silt	YoungForest	150	1	15	40	34.1	Shrub	50	15	1	40	34.1	0	ft	"17"
WD	wepp-18236	"12:44 pm  Friday December 20, 2013"	"Wolf +"	30	silt	YoungForest	150	1	24.9	40	34.1	Shrub	50	24.9	1	40	34.1	0	ft	"18"
WD	wepp-18276	"12:46 pm  Friday December 20, 2013"	"Wolf +"	30	clay	OldForest	150	1	15	40	22.4	Shrub	50	15	1	40	22.4	0	ft	"1"
WD	wepp-18296	"12:46 pm  Friday December 20, 2013"	"Wolf +"	30	clay	OldForest	150	1	24.9	40	22.4	Shrub	50	24.9	1	40	22.4	0	ft	"2"
WD	wepp-18316	"12:46 pm  Friday December 20, 2013"	"Wolf +"	30	loam	OldForest	150	1	8.7	40	2.2	Shrub	50	8.7	1	40	2.2	0	ft	"3"
WD	wepp-18336	"12:47 pm  Friday December 20, 2013"	"Wolf +"	30	loam	OldForest	150	1	15	40	2.2	Shrub	50	15	1	40	2.2	0	ft	"4"
WD	wepp-18356	"12:47 pm  Friday December 20, 2013"	"Wolf +"	30	loam	OldForest	150	1	24.9	40	2.2	Shrub	50	24.9	1	40	2.2	0	ft	"5"
WD	wepp-18375	"12:47 pm  Friday December 20, 2013"	"Wolf +"	30	loam	OldForest	150	1	24.9	40	25	Shrub	50	24.9	1	40	25	0	ft	"6"
WD	wepp-18395	"12:47 pm  Friday December 20, 2013"	"Wolf +"	30	sand	OldForest	150	1	8.7	40	1.9	Shrub	50	8.7	1	40	1.9	0	ft	"7"
WD	wepp-18415	"12:47 pm  Friday December 20, 2013"	"Wolf +"	30	sand	OldForest	150	1	15	40	1.9	Shrub	50	15	1	40	1.9	0	ft	"8"
WD	wepp-18435	"12:47 pm  Friday December 20, 2013"	"Wolf +"	30	sand	OldForest	150	1	24.9	40	1.9	Shrub	50	24.9	1	40	1.9	0	ft	"9"
WD	wepp-18455	"12:47 pm  Friday December 20, 2013"	"Wolf +"	30	silt	OldForest	150	1	8.7	40	5.4	Shrub	50	8.7	1	40	5.4	0	ft	"10"
WD	wepp-18475	"12:47 pm  Friday December 20, 2013"	"Wolf +"	30	silt	OldForest	150	1	15	40	5.4	Shrub	50	15	1	40	5.4	0	ft	"11"
WD	wepp-18495	"12:47 pm  Friday December 20, 2013"	"Wolf +"	30	silt	OldForest	150	1	24.9	40	5.4	Shrub	50	24.9	1	40	5.4	0	ft	"12"
WD	wepp-18515	"12:48 pm  Friday December 20, 2013"	"Wolf +"	30	silt	OldForest	150	1	8.7	40	18.5	Shrub	50	8.7	1	40	18.5	0	ft	"13"
WD	wepp-18534	"12:48 pm  Friday December 20, 2013"	"Wolf +"	30	silt	OldForest	150	1	15	40	18.5	Shrub	50	15	1	40	18.5	0	ft	"14"
WD	wepp-18554	"12:48 pm  Friday December 20, 2013"	"Wolf +"	30	silt	OldForest	150	1	24.9	40	18.5	Shrub	50	24.9	1	40	18.5	0	ft	"15"
WD	wepp-18574	"12:48 pm  Friday December 20, 2013"	"Wolf +"	30	silt	OldForest	150	1	8.7	40	34.1	Shrub	50	8.7	1	40	34.1	0	ft	"16"
WD	wepp-18594	"12:48 pm  Friday December 20, 2013"	"Wolf +"	30	silt	OldForest	150	1	15	40	34.1	Shrub	50	15	1	40	34.1	0	ft	"17"
WD	wepp-18614	"12:48 pm  Friday December 20, 2013"	"Wolf +"	30	silt	OldForest	150	1	24.9	40	34.1	Shrub	50	24.9	1	40	34.1	0	ft	"18"
WD	wepp-18691	"12:55 pm  Friday December 20, 2013"	"Wolf +"	30	clay	Shrub	150	1	15	40	22.4	Shrub	50	15	1	40	22.4	0	ft	"1"
WD	wepp-18710	"12:55 pm  Friday December 20, 2013"	"Wolf +"	30	clay	Shrub	150	1	24.9	40	22.4	Shrub	50	24.9	1	40	22.4	0	ft	"2"
WD	wepp-18730	"12:55 pm  Friday December 20, 2013"	"Wolf +"	30	loam	Shrub	150	1	8.7	40	2.2	Shrub	50	8.7	1	40	2.2	0	ft	"3"
WD	wepp-18750	"12:55 pm  Friday December 20, 2013"	"Wolf +"	30	loam	Shrub	150	1	15	40	2.2	Shrub	50	15	1	40	2.2	0	ft	"4"
WD	wepp-18770	"12:55 pm  Friday December 20, 2013"	"Wolf +"	30	loam	Shrub	150	1	24.9	40	2.2	Shrub	50	24.9	1	40	2.2	0	ft	"5"
WD	wepp-18790	"12:56 pm  Friday December 20, 2013"	"Wolf +"	30	loam	Shrub	150	1	24.9	40	25	Shrub	50	24.9	1	40	25	0	ft	"6"
WD	wepp-18810	"12:56 pm  Friday December 20, 2013"	"Wolf +"	30	sand	Shrub	150	1	8.7	40	1.9	Shrub	50	8.7	1	40	1.9	0	ft	"7"
WD	wepp-18830	"12:56 pm  Friday December 20, 2013"	"Wolf +"	30	sand	Shrub	150	1	15	40	1.9	Shrub	50	15	1	40	1.9	0	ft	"8"
WD	wepp-18850	"12:56 pm  Friday December 20, 2013"	"Wolf +"	30	sand	Shrub	150	1	24.9	40	1.9	Shrub	50	24.9	1	40	1.9	0	ft	"9"
WD	wepp-18870	"12:56 pm  Friday December 20, 2013"	"Wolf +"	30	silt	Shrub	150	1	8.7	40	5.4	Shrub	50	8.7	1	40	5.4	0	ft	"10"
WD	wepp-18890	"12:56 pm  Friday December 20, 2013"	"Wolf +"	30	silt	Shrub	150	1	15	40	5.4	Shrub	50	15	1	40	5.4	0	ft	"11"
WD	wepp-18910	"12:56 pm  Friday December 20, 2013"	"Wolf +"	30	silt	Shrub	150	1	24.9	40	5.4	Shrub	50	24.9	1	40	5.4	0	ft	"12"
WD	wepp-18930	"12:56 pm  Friday December 20, 2013"	"Wolf +"	30	silt	Shrub	150	1	8.7	40	18.5	Shrub	50	8.7	1	40	18.5	0	ft	"13"
WD	wepp-18950	"12:56 pm  Friday December 20, 2013"	"Wolf +"	30	silt	Shrub	150	1	15	40	18.5	Shrub	50	15	1	40	18.5	0	ft	"14"
WD	wepp-18970	"12:57 pm  Friday December 20, 2013"	"Wolf +"	30	silt	Shrub	150	1	24.9	40	18.5	Shrub	50	24.9	1	40	18.5	0	ft	"15"
WD	wepp-18990	"12:57 pm  Friday December 20, 2013"	"Wolf +"	30	silt	Shrub	150	1	8.7	40	34.1	Shrub	50	8.7	1	40	34.1	0	ft	"16"
WD	wepp-19010	"12:57 pm  Friday December 20, 2013"	"Wolf +"	30	silt	Shrub	150	1	15	40	34.1	Shrub	50	15	1	40	34.1	0	ft	"17"
WD	wepp-19029	"12:57 pm  Friday December 20, 2013"	"Wolf +"	30	silt	Shrub	150	1	24.9	40	34.1	Shrub	50	24.9	1	40	34.1	0	ft	"18"
