WE	wepp-138704	"11:55 am  Monday July 4, 2016"	"San Gabriel Complex +"	loam	35	chap	5	10	5	150	u	60	20	ft
WE	wepp-138789	"11:55 am  Monday July 4, 2016"	"San Gabriel Complex +"	loam	35	chap	5	10	5	150	u	60	20	ft
WE	wepp-138845	"11:56 am  Monday July 4, 2016"	"San Gabriel Complex +"	loam	35	chap	5	10	5	150	u	60	20	ft
WE	wepp-138899	"11:56 am  Monday July 4, 2016"	"San Gabriel Complex +"	loam	35	chap	5	10	5	150	u	60	20	ft
WE	wepp-138953	"11:56 am  Monday July 4, 2016"	"San Gabriel Complex +"	loam	35	chap	20	30	20	125	u	60	20	ft
WE	wepp-139007	"11:56 am  Monday July 4, 2016"	"San Gabriel Complex +"	loam	35	chap	20	30	20	125	u	60	20	ft
WE	wepp-139061	"11:56 am  Monday July 4, 2016"	"San Gabriel Complex +"	loam	35	chap	20	30	20	125	u	60	20	ft
WE	wepp-139117	"11:56 am  Monday July 4, 2016"	"San Gabriel Complex +"	loam	35	chap	20	30	20	125	u	60	20	ft
WE	wepp-139171	"11:56 am  Monday July 4, 2016"	"San Gabriel Complex +"	loam	35	chap	40	50	50	100	u	60	20	ft
WE	wepp-139225	"11:56 am  Monday July 4, 2016"	"San Gabriel Complex +"	loam	35	chap	40	50	50	100	u	60	20	ft
WE	wepp-139280	"11:56 am  Monday July 4, 2016"	"San Gabriel Complex +"	loam	35	chap	40	50	50	100	u	60	20	ft
WE	wepp-139336	"11:56 am  Monday July 4, 2016"	"San Gabriel Complex +"	loam	35	chap	40	50	50	100	u	60	20	ft
WE	wepp-139390	"11:56 am  Monday July 4, 2016"	"San Gabriel Complex +"	loam	35	chap	70	70	70	75	u	60	20	ft
WE	wepp-139444	"11:56 am  Monday July 4, 2016"	"San Gabriel Complex +"	loam	35	chap	70	70	70	75	u	60	20	ft
WE	wepp-139498	"11:56 am  Monday July 4, 2016"	"San Gabriel Complex +"	loam	35	chap	70	70	70	75	u	60	20	ft
WE	wepp-139554	"11:56 am  Monday July 4, 2016"	"San Gabriel Complex +"	loam	35	chap	70	70	70	75	u	60	20	ft
WE	wepp-139608	"11:56 am  Monday July 4, 2016"	"San Gabriel Complex +"	loam	35	chap	90	90	90	75	u	60	20	ft
WE	wepp-139662	"11:56 am  Monday July 4, 2016"	"San Gabriel Complex +"	loam	35	chap	90	90	90	75	u	60	20	ft
WE	wepp-139718	"11:56 am  Monday July 4, 2016"	"San Gabriel Complex +"	loam	35	chap	90	90	90	75	u	60	20	ft
WE	wepp-139772	"11:56 am  Monday July 4, 2016"	"San Gabriel Complex +"	loam	35	chap	90	90	90	75	u	60	20	ft
WE	wepp-139826	"11:56 am  Monday July 4, 2016"	"San Gabriel Complex +"	loam	35	chap	100	100	100	75	u	60	20	ft
WE	wepp-139880	"11:56 am  Monday July 4, 2016"	"San Gabriel Complex +"	loam	35	chap	100	100	100	75	u	60	20	ft
WE	wepp-139934	"11:56 am  Monday July 4, 2016"	"San Gabriel Complex +"	loam	35	chap	100	100	100	75	u	60	20	ft
WE	wepp-139990	"11:57 am  Monday July 4, 2016"	"San Gabriel Complex +"	loam	35	chap	100	100	100	75	u	60	20	ft
WE	wepp-140097	"12:02 pm  Monday July 4, 2016"	"San Gabriel Complex +"	loam	35	chap	5	10	5	150	u	60	20	ft
WE	wepp-140180	"12:02 pm  Monday July 4, 2016"	"San Gabriel Complex +"	loam	35	chap	100	100	100	75	u	60	20	ft
WE	wepp-140236	"12:02 pm  Monday July 4, 2016"	"San Gabriel Complex +"	loam	35	chap	20	30	20	125	u	60	20	ft
WE	wepp-140290	"12:02 pm  Monday July 4, 2016"	"San Gabriel Complex +"	loam	35	chap	40	50	50	100	u	60	20	ft
WE	wepp-140344	"12:02 pm  Monday July 4, 2016"	"San Gabriel Complex +"	loam	35	chap	70	70	70	75	u	60	20	ft
WE	wepp-140400	"12:02 pm  Monday July 4, 2016"	"San Gabriel Complex +"	loam	35	chap	90	90	90	75	u	60	20	ft
WE	wepp-140454	"12:02 pm  Monday July 4, 2016"	"San Gabriel Complex +"	loam	35	chap	5	10	5	150	l	60	20	ft
WE	wepp-140570	"12:02 pm  Monday July 4, 2016"	"San Gabriel Complex +"	loam	35	chap	100	100	100	75	l	60	20	ft
WE	wepp-140684	"12:02 pm  Monday July 4, 2016"	"San Gabriel Complex +"	loam	35	chap	20	30	20	125	l	60	20	ft
WE	wepp-140800	"12:02 pm  Monday July 4, 2016"	"San Gabriel Complex +"	loam	35	chap	40	50	50	100	l	60	20	ft
WE	wepp-140915	"12:03 pm  Monday July 4, 2016"	"San Gabriel Complex +"	loam	35	chap	70	70	70	75	l	60	20	ft
WE	wepp-141030	"12:03 pm  Monday July 4, 2016"	"San Gabriel Complex +"	loam	35	chap	90	90	90	75	l	60	20	ft
WE	wepp-141146	"12:03 pm  Monday July 4, 2016"	"San Gabriel Complex +"	loam	35	chap	5	10	5	150	m	60	20	ft
WE	wepp-141302	"12:03 pm  Monday July 4, 2016"	"San Gabriel Complex +"	loam	35	chap	100	100	100	75	m	60	20	ft
WE	wepp-141456	"12:03 pm  Monday July 4, 2016"	"San Gabriel Complex +"	loam	35	chap	20	30	20	125	m	60	20	ft
WE	wepp-141612	"12:03 pm  Monday July 4, 2016"	"San Gabriel Complex +"	loam	35	chap	40	50	50	100	m	60	20	ft
WE	wepp-141766	"12:03 pm  Monday July 4, 2016"	"San Gabriel Complex +"	loam	35	chap	70	70	70	75	m	60	20	ft
WE	wepp-141924	"12:04 pm  Monday July 4, 2016"	"San Gabriel Complex +"	loam	35	chap	90	90	90	75	m	60	20	ft
WE	wepp-142080	"12:04 pm  Monday July 4, 2016"	"San Gabriel Complex +"	loam	35	chap	5	10	5	150	h	60	20	ft
WE	wepp-142276	"12:04 pm  Monday July 4, 2016"	"San Gabriel Complex +"	loam	35	chap	100	100	100	75	h	60	20	ft
WE	wepp-142472	"12:04 pm  Monday July 4, 2016"	"San Gabriel Complex +"	loam	35	chap	20	30	20	125	h	60	20	ft
WE	wepp-142672	"12:04 pm  Monday July 4, 2016"	"San Gabriel Complex +"	loam	35	chap	40	50	50	100	h	60	20	ft
WE	wepp-142869	"12:04 pm  Monday July 4, 2016"	"San Gabriel Complex +"	loam	35	chap	70	70	70	75	h	60	20	ft
WE	wepp-143067	"12:05 pm  Monday July 4, 2016"	"San Gabriel Complex +"	loam	35	chap	90	90	90	75	h	60	20	ft
