WE	wepp-53330	"04:06 pm  Friday September 3, 2021"	"CASCADIA R S OR"	clay	30	forest	0	60	30	600	l			ft
WE	wepp-53454	"04:07 pm  Friday September 3, 2021"	"CASCADIA R S OR"	clay	30	forest	0	50	30	300	l			ft
WE	wepp-53525	"04:08 pm  Friday September 3, 2021"	"CASCADIA R S OR"	clay	30	forest	0	50	30	300	l			ft
WE	wepp-53990	"04:26 pm  Friday September 3, 2021"	"CASCADIA R S OR"	clay	30	forest	0	50	30	600	l			ft
WE	wepp-54486	"04:47 pm  Friday September 3, 2021"	"CASCADIA R S OR"	clay	30	forest	0	50	30	600	u			ft
WE	wepp-57729	"07:51 pm  Friday September 3, 2021"	"CASCADIA R S OR"	clay	30	forest	0	50	30	600	u			ft
WE	wepp-57877	"07:56 pm  Friday September 3, 2021"	"CASCADIA R S OR"	clay	30	forest	0	50	30	600	l			ft
WE	wepp-58459	"08:14 pm  Friday September 3, 2021"	"CASCADIA R S OR"	silt	50	forest	0	50	30	300	u			ft
WE	wepp-58569	"08:17 pm  Friday September 3, 2021"	"CASCADIA R S OR"	silt	50	forest	0	50	30	300	l			ft
WE	wepp-58835	"08:21 pm  Friday September 3, 2021"	"CASCADIA R S OR"	silt	50	forest	0	70	30	600	l			ft
WE	wepp-58910	"08:21 pm  Friday September 3, 2021"	"CASCADIA R S OR"	silt	50	forest	0	60	40	600	l			ft
WE	wepp-58917	"08:21 pm  Friday September 3, 2021"	"CASCADIA R S OR"	silt	50	forest	0	60	40	600	l			ft
WE	wepp-59219	"08:26 pm  Friday September 3, 2021"	"CASCADIA R S OR"	silt	50	forest	0	60	40	300	u			ft
WE	wepp-59286	"08:26 pm  Friday September 3, 2021"	"CASCADIA R S OR"	silt	50	forest	0	60	40	600	u			ft
WE	wepp-59371	"08:28 pm  Friday September 3, 2021"	"CASCADIA R S OR"	silt	50	forest	0	60	40	600	m			ft
WE	wepp-59570	"08:30 pm  Friday September 3, 2021"	"CASCADIA R S OR"	silt	50	forest	0	60	40	300	m			ft
WE	wepp-59736	"08:31 pm  Friday September 3, 2021"	"CASCADIA R S OR"	silt	50	forest	0	60	40	300	m			ft
WE	wepp-60123	"08:43 pm  Friday September 3, 2021"	"CASCADIA R S OR"	clay	35	forest	0	60	40	300	m			ft
WE	wepp-60291	"08:43 pm  Friday September 3, 2021"	"CASCADIA R S OR"	clay	35	forest	0	60	40	300	u			ft
WE	wepp-60357	"08:44 pm  Friday September 3, 2021"	"CASCADIA R S OR"	clay	35	forest	0	60	40	600	u			ft
WE	wepp-60426	"08:44 pm  Friday September 3, 2021"	"CASCADIA R S OR"	clay	35	forest	0	60	40	600	h			ft
WE	wepp-60649	"08:46 pm  Friday September 3, 2021"	"CASCADIA R S OR"	clay	35	forest	0	60	40	300	h			ft
WE	wepp-60879	"08:49 pm  Friday September 3, 2021"	"CASCADIA R S OR"	clay	35	forest	0	60	40	300	m			ft
WE	wepp-61101	"08:49 pm  Friday September 3, 2021"	"CASCADIA R S OR"	clay	35	forest	0	60	40	300	m			ft
WE	wepp-61160	"08:50 pm  Friday September 3, 2021"	"CASCADIA R S OR"	clay	35	forest	0	60	40	300	m			ft
WE	wepp-61491	"08:58 pm  Friday September 3, 2021"	"CASCADIA R S OR"	clay	50	forest	0	50	30	300	u			ft
WE	wepp-61555	"08:58 pm  Friday September 3, 2021"	"CASCADIA R S OR"	clay	50	forest	0	50	30	300	l			ft
WE	wepp-61679	"09:00 pm  Friday September 3, 2021"	"CASCADIA R S OR"	clay	50	forest	0	50	30	300	m			ft
WE	wepp-61849	"09:01 pm  Friday September 3, 2021"	"CASCADIA R S OR"	clay	50	forest	0	50	30	600	m			ft
WE	wepp-62086	"09:08 pm  Friday September 3, 2021"	"CASCADIA R S OR"	clay	30	forest	0	50	30	300	l			ft
WE	wepp-62262	"09:09 pm  Friday September 3, 2021"	"CASCADIA R S OR"	silt	30	forest	0	50	30	300	l			ft
