WE	wepp-132144	"02:09 pm  Tuesday February 23, 2016"	"Trail Creek Salvage 2 +"	silt	5	forest	34	39	0	100	m			ft
WE	wepp-132479	"02:09 pm  Tuesday February 23, 2016"	"Trail Creek Salvage 2 +"	silt	5	forest	28.39	0	0	90	m			ft
WE	wepp-132797	"02:09 pm  Tuesday February 23, 2016"	"Trail Creek Salvage 2 +"	silt	5	forest	38	33.11	19	70	m			ft
WE	wepp-133132	"02:09 pm  Tuesday February 23, 2016"	"Trail Creek Salvage 2 +"	silt	5	forest	44.75	38	0	100	m			ft
WE	wepp-133470	"02:10 pm  Tuesday February 23, 2016"	"Trail Creek Salvage 2 +"	silt	5	forest	41.65	48.75	0	220	m			ft
WE	wepp-133799	"02:10 pm  Tuesday February 23, 2016"	"Trail Creek Salvage 2 +"	silt	5	forest	28.68	0	0	130	m			ft
WE	wepp-134106	"02:10 pm  Tuesday February 23, 2016"	"Trail Creek Salvage 2 +"	silt	5	forest	46.69	59.69	0	170	m			ft
WE	wepp-134426	"02:10 pm  Tuesday February 23, 2016"	"Trail Creek Salvage 2 +"	silt	5	forest	40.18	0	0	130	m			ft
WE	wepp-134727	"02:11 pm  Tuesday February 23, 2016"	"Trail Creek Salvage 2 +"	silt	5	forest	26	58.88	0	190	m			ft
WE	wepp-135049	"02:11 pm  Tuesday February 23, 2016"	"Trail Creek Salvage 2 +"	silt	5	forest	13.7	0	0	120	m			ft
WE	wepp-135363	"02:11 pm  Tuesday February 23, 2016"	"Trail Creek Salvage 2 +"	silt	5	forest	12.61	0	0	80	m			ft
WE	wepp-135680	"02:11 pm  Tuesday February 23, 2016"	"Trail Creek Salvage 2 +"	silt	5	forest	22	0	0	20	m			ft
WE	wepp-136005	"02:12 pm  Tuesday February 23, 2016"	"Trail Creek Salvage 2 +"	silt	5	forest	12	0	0	1	m			ft
WE	wepp-136329	"02:12 pm  Tuesday February 23, 2016"	"Trail Creek Salvage 2 +"	loam	5	forest	20	22.5	0	30	m			ft
WE	wepp-136645	"02:12 pm  Tuesday February 23, 2016"	"Trail Creek Salvage 2 +"	loam	5	forest	39.5	35.54	38.79	150	m			ft
WE	wepp-136977	"02:13 pm  Tuesday February 23, 2016"	"Trail Creek Salvage 2 +"	silt	5	forest	30	27.63	32.33	260	m			ft
WE	wepp-137319	"02:13 pm  Tuesday February 23, 2016"	"Trail Creek Salvage 2 +"	loam	5	forest	60.25	52.73	43.31	140	m			ft
WE	wepp-137645	"02:13 pm  Tuesday February 23, 2016"	"Trail Creek Salvage 2 +"	silt	5	forest	25.26	0	0	80	m			ft
WE	wepp-141298	"02:18 pm  Tuesday February 23, 2016"	"Trail Creek Salvage 2 +"	silt	5	forest	34	39	0	100	m			ft
WE	wepp-141621	"02:19 pm  Tuesday February 23, 2016"	"Trail Creek Salvage 2 +"	silt	5	forest	28.39	0	0	90	m			ft
WE	wepp-141931	"02:19 pm  Tuesday February 23, 2016"	"Trail Creek Salvage 2 +"	silt	5	forest	38	33.11	19	70	m			ft
WE	wepp-142258	"02:19 pm  Tuesday February 23, 2016"	"Trail Creek Salvage 2 +"	silt	5	forest	44.75	38	0	100	m			ft
WE	wepp-142597	"02:20 pm  Tuesday February 23, 2016"	"Trail Creek Salvage 2 +"	silt	5	forest	41.65	48.75	0	220	m			ft
WE	wepp-142933	"02:20 pm  Tuesday February 23, 2016"	"Trail Creek Salvage 2 +"	silt	5	forest	28.68	0	0	130	m			ft
WE	wepp-143250	"02:20 pm  Tuesday February 23, 2016"	"Trail Creek Salvage 2 +"	silt	5	forest	46.69	59.69	0	170	m			ft
WE	wepp-143616	"02:20 pm  Tuesday February 23, 2016"	"Trail Creek Salvage 2 +"	silt	5	forest	40.18	0	0	130	m			ft
WE	wepp-143941	"02:21 pm  Tuesday February 23, 2016"	"Trail Creek Salvage 2 +"	silt	5	forest	26	58.88	0	190	m			ft
WE	wepp-144256	"02:21 pm  Tuesday February 23, 2016"	"Trail Creek Salvage 2 +"	silt	5	forest	13.7	0	0	120	m			ft
WE	wepp-144597	"02:21 pm  Tuesday February 23, 2016"	"Trail Creek Salvage 2 +"	silt	5	forest	12.61	0	0	80	m			ft
WE	wepp-144949	"02:22 pm  Tuesday February 23, 2016"	"Trail Creek Salvage 2 +"	silt	5	forest	22	0	0	20	m			ft
WE	wepp-145221	"02:22 pm  Tuesday February 23, 2016"	"Trail Creek Salvage 2 +"	silt	5	forest	12	0	0	1	m			ft
WE	wepp-145532	"02:22 pm  Tuesday February 23, 2016"	"Trail Creek Salvage 2 +"	loam	5	forest	20	22.5	0	30	m			ft
WE	wepp-145869	"02:22 pm  Tuesday February 23, 2016"	"Trail Creek Salvage 2 +"	loam	5	forest	39.5	35.54	38.79	150	m			ft
WE	wepp-146213	"02:23 pm  Tuesday February 23, 2016"	"Trail Creek Salvage 2 +"	silt	5	forest	30	27.63	32.33	260	m			ft
WE	wepp-146544	"02:23 pm  Tuesday February 23, 2016"	"Trail Creek Salvage 2 +"	loam	5	forest	60.25	52.73	43.31	140	m			ft
WE	wepp-146872	"02:23 pm  Tuesday February 23, 2016"	"Trail Creek Salvage 2 +"	silt	5	forest	25.26	0	0	80	m			ft
WE	wepp-147217	"02:23 pm  Tuesday February 23, 2016"	"Trail Creek Salvage 2 +"	silt	5	forest	32.12	0	0	90	m			ft
WE	wepp-147513	"02:24 pm  Tuesday February 23, 2016"	"Trail Creek Salvage 2 +"	silt	5	forest	25.5	40.5	30.78	40	m			ft
WE	wepp-147840	"02:24 pm  Tuesday February 23, 2016"	"Trail Creek Salvage 2 +"	silt	5	forest	46.83	0	0	200	m			ft
WE	wepp-148152	"02:24 pm  Tuesday February 23, 2016"	"Trail Creek Salvage 2 +"	silt	5	forest	48.1	46	0	170	m			ft
WE	wepp-148479	"02:24 pm  Tuesday February 23, 2016"	"Trail Creek Salvage 2 +"	silt	5	forest	40.33	57.9	33.11	200	m			ft
WE	wepp-148825	"02:25 pm  Tuesday February 23, 2016"	"Trail Creek Salvage 2 +"	loam	5	forest	33.5	42.04	34.12	50	m			ft
WE	wepp-149152	"02:25 pm  Tuesday February 23, 2016"	"Trail Creek Salvage 2 +"	silt	5	forest	37.9	0	0	100	m			ft
WE	wepp-149444	"02:25 pm  Tuesday February 23, 2016"	"Trail Creek Salvage 2 +"	loam	5	forest	34.88	40.19	34	200	m			ft
WE	wepp-149766	"02:26 pm  Tuesday February 23, 2016"	"Trail Creek Salvage 2 +"	loam	5	forest	51	59.29	55.72	80	m			ft
WE	wepp-150075	"02:26 pm  Tuesday February 23, 2016"	"Trail Creek Salvage 2 +"	loam	5	forest	56.5	0	0	1	m			ft
WE	wepp-150401	"02:26 pm  Tuesday February 23, 2016"	"Trail Creek Salvage 2 +"	loam	5	forest	49.86	33	0	80	m			ft
WE	wepp-150739	"02:26 pm  Tuesday February 23, 2016"	"Trail Creek Salvage 2 +"	silt	5	forest	29.6	0	0	80	m			ft
WE	wepp-151059	"02:27 pm  Tuesday February 23, 2016"	"Trail Creek Salvage 2 +"	loam	5	forest	38	41.4	36.92	60	m			ft
WE	wepp-151377	"02:27 pm  Tuesday February 23, 2016"	"Trail Creek Salvage 2 +"	silt	5	forest	49.67	0	0	20	m			ft
WE	wepp-151679	"02:27 pm  Tuesday February 23, 2016"	"Trail Creek Salvage 2 +"	silt	5	forest	43.65	68.29	0	210	m			ft
WE	wepp-152012	"02:27 pm  Tuesday February 23, 2016"	"Trail Creek Salvage 2 +"	silt	5	forest	22.75	0	0	30	m			ft
WE	wepp-152323	"02:28 pm  Tuesday February 23, 2016"	"Trail Creek Salvage 2 +"	loam	5	forest	15.11	27.06	0	230	m			ft
WE	wepp-152641	"02:28 pm  Tuesday February 23, 2016"	"Trail Creek Salvage 2 +"	loam	5	forest	20.44	0	0	110	m			ft
WE	wepp-152966	"02:28 pm  Tuesday February 23, 2016"	"Trail Creek Salvage 2 +"	silt	5	forest	15.87	0	0	160	m			ft
WE	wepp-153254	"02:28 pm  Tuesday February 23, 2016"	"Trail Creek Salvage 2 +"	loam	5	forest	19.33	0	0	30	m			ft
WE	wepp-153594	"02:29 pm  Tuesday February 23, 2016"	"Trail Creek Salvage 2 +"	loam	5	forest	26	28.14	23.08	110	m			ft
WE	wepp-153913	"02:29 pm  Tuesday February 23, 2016"	"Trail Creek Salvage 2 +"	loam	5	forest	16.61	24.14	34.5	430	m			ft
WE	wepp-154240	"02:29 pm  Tuesday February 23, 2016"	"Trail Creek Salvage 2 +"	loam	5	forest	12.33	0	0	30	m			ft
WE	wepp-154556	"02:29 pm  Tuesday February 23, 2016"	"Trail Creek Salvage 2 +"	loam	5	forest	15.4	0	0	140	m			ft
WE	wepp-154893	"02:30 pm  Tuesday February 23, 2016"	"Trail Creek Salvage 2 +"	silt	5	forest	10	12.73	17.12	110	m			ft
WE	wepp-155203	"02:30 pm  Tuesday February 23, 2016"	"Trail Creek Salvage 2 +"	silt	5	forest	21.53	14.58	5	270	m			ft
WE	wepp-155543	"02:30 pm  Tuesday February 23, 2016"	"Trail Creek Salvage 2 +"	loam	5	forest	5	0	2.5	10	m			ft
WE	wepp-155862	"02:31 pm  Tuesday February 23, 2016"	"Trail Creek Salvage 2 +"	loam	5	forest	19.48	19	0	220	m			ft
WE	wepp-156188	"02:31 pm  Tuesday February 23, 2016"	"Trail Creek Salvage 2 +"	loam	5	forest	24.62	31.06	0	190	m			ft
WE	wepp-156498	"02:31 pm  Tuesday February 23, 2016"	"Trail Creek Salvage 2 +"	loam	5	forest	12.44	0	0	90	m			ft
WE	wepp-156808	"02:31 pm  Tuesday February 23, 2016"	"Trail Creek Salvage 2 +"	silt	5	forest	22.85	0	0	100	m			ft
WE	wepp-157100	"02:32 pm  Tuesday February 23, 2016"	"Trail Creek Salvage 2 +"	loam	5	forest	22	21.26	16.06	220	m			ft
WE	wepp-157418	"02:32 pm  Tuesday February 23, 2016"	"Trail Creek Salvage 2 +"	loam	5	forest	22.22	0	0	60	m			ft
WE	wepp-157728	"02:32 pm  Tuesday February 23, 2016"	"Trail Creek Salvage 2 +"	loam	5	forest	13	18.39	20	130	m			ft
WE	wepp-158050	"02:32 pm  Tuesday February 23, 2016"	"Trail Creek Salvage 2 +"	loam	5	forest	16	0	0	10	m			ft
WE	wepp-158365	"02:33 pm  Tuesday February 23, 2016"	"Trail Creek Salvage 2 +"	silt	5	forest	17	0	0	1	m			ft
WE	wepp-158681	"02:33 pm  Tuesday February 23, 2016"	"Trail Creek Salvage 2 +"	silt	5	forest	38.67	0	0	50	m			ft
WE	wepp-158980	"02:33 pm  Tuesday February 23, 2016"	"Trail Creek Salvage 2 +"	silt	5	forest	50.99	0	0	120	m			ft
WE	wepp-159291	"02:33 pm  Tuesday February 23, 2016"	"Trail Creek Salvage 2 +"	silt	5	forest	51.6	28.74	32	430	m			ft
WE	wepp-159627	"02:34 pm  Tuesday February 23, 2016"	"Trail Creek Salvage 2 +"	silt	5	forest	28	0	0	1	m			ft
WE	wepp-159941	"02:34 pm  Tuesday February 23, 2016"	"Trail Creek Salvage 2 +"	silt	5	forest	61.58	0	0	250	m			ft
WE	wepp-160270	"02:34 pm  Tuesday February 23, 2016"	"Trail Creek Salvage 2 +"	silt	5	forest	42.52	0	0	230	m			ft
WE	wepp-160567	"02:35 pm  Tuesday February 23, 2016"	"Trail Creek Salvage 2 +"	silt	5	forest	24.19	0	0	70	m			ft
WE	wepp-160905	"02:35 pm  Tuesday February 23, 2016"	"Trail Creek Salvage 2 +"	silt	5	forest	33.39	0	0	180	m			ft
WE	wepp-161216	"02:35 pm  Tuesday February 23, 2016"	"Trail Creek Salvage 2 +"	silt	5	forest	19	0	0	20	m			ft
WE	wepp-161540	"02:35 pm  Tuesday February 23, 2016"	"Trail Creek Salvage 2 +"	loam	5	forest	39.17	34.37	43.33	280	m			ft
WE	wepp-161861	"02:36 pm  Tuesday February 23, 2016"	"Trail Creek Salvage 2 +"	silt	5	forest	56.33	39.21	31.43	250	m			ft
WE	wepp-162193	"02:36 pm  Tuesday February 23, 2016"	"Trail Creek Salvage 2 +"	silt	5	forest	26	33.26	36.89	280	m			ft
WE	wepp-162494	"02:36 pm  Tuesday February 23, 2016"	"Trail Creek Salvage 2 +"	silt	5	forest	69.79	0	0	210	m			ft
WE	wepp-162820	"02:36 pm  Tuesday February 23, 2016"	"Trail Creek Salvage 2 +"	loam	5	forest	35	0	27.33	10	m			ft
WE	wepp-163157	"02:37 pm  Tuesday February 23, 2016"	"Trail Creek Salvage 2 +"	silt	5	forest	0	0	30.67	1	m			ft
WE	wepp-163480	"02:37 pm  Tuesday February 23, 2016"	"Trail Creek Salvage 2 +"	loam	5	forest	48.88	48.49	37.23	340	m			ft
WE	wepp-163807	"02:37 pm  Tuesday February 23, 2016"	"Trail Creek Salvage 2 +"	loam	5	forest	58.09	0	0	120	m			ft
WE	wepp-164126	"02:37 pm  Tuesday February 23, 2016"	"Trail Creek Salvage 2 +"	loam	5	forest	58.32	0	0	150	m			ft
WE	wepp-164454	"02:38 pm  Tuesday February 23, 2016"	"Trail Creek Salvage 2 +"	silt	5	forest	37.06	0	0	120	m			ft
WE	wepp-164742	"02:38 pm  Tuesday February 23, 2016"	"Trail Creek Salvage 2 +"	loam	5	forest	40.33	53.92	51.17	460	m			ft
WE	wepp-165082	"02:38 pm  Tuesday February 23, 2016"	"Trail Creek Salvage 2 +"	silt	5	forest	25.6	0	0	60	m			ft
WE	wepp-165409	"02:39 pm  Tuesday February 23, 2016"	"Trail Creek Salvage 2 +"	silt	5	forest	45.08	0	0	180	m			ft
WE	wepp-165720	"02:39 pm  Tuesday February 23, 2016"	"Trail Creek Salvage 2 +"	silt	5	forest	28.42	0	0	70	m			ft
WE	wepp-166034	"02:39 pm  Tuesday February 23, 2016"	"Trail Creek Salvage 2 +"	silt	5	forest	44.03	0	0	280	m			ft
WE	wepp-166580	"02:39 pm  Tuesday February 23, 2016"	"Trail Creek Salvage 2 +"	silt	5	forest	36.06	24.15	0	290	m			ft
WE	wepp-166942	"02:40 pm  Tuesday February 23, 2016"	"Trail Creek Salvage 2 +"	silt	5	forest	31.58	0	0	170	m			ft
WE	wepp-167238	"02:40 pm  Tuesday February 23, 2016"	"Trail Creek Salvage 2 +"	loam	5	forest	22.27	0	0	230	m			ft
WE	wepp-167558	"02:40 pm  Tuesday February 23, 2016"	"Trail Creek Salvage 2 +"	loam	5	forest	29.79	29.91	0	360	m			ft
WE	wepp-167898	"02:40 pm  Tuesday February 23, 2016"	"Trail Creek Salvage 2 +"	loam	5	forest	10	0	0	1	m			ft
WE	wepp-168224	"02:41 pm  Tuesday February 23, 2016"	"Trail Creek Salvage 2 +"	loam	5	forest	1	2.88	1.38	160	m			ft
WE	wepp-168557	"02:41 pm  Tuesday February 23, 2016"	"Trail Creek Salvage 2 +"	silt	5	forest	52.25	0	0	270	m			ft
WE	wepp-168873	"02:41 pm  Tuesday February 23, 2016"	"Trail Creek Salvage 2 +"	loam	5	forest	22	46.44	32.71	100	m			ft
WE	wepp-169216	"02:41 pm  Tuesday February 23, 2016"	"Trail Creek Salvage 2 +"	loam	5	forest	5	0	0	1	m			ft
WE	wepp-169518	"02:42 pm  Tuesday February 23, 2016"	"Trail Creek Salvage 2 +"	loam	5	forest	24.49	36.23	13.67	1000	m			ft
WE	wepp-169833	"02:42 pm  Tuesday February 23, 2016"	"Trail Creek Salvage 2 +"	loam	5	forest	26.28	0	0	270	m			ft
WE	wepp-170137	"02:42 pm  Tuesday February 23, 2016"	"Trail Creek Salvage 2 +"	loam	5	forest	16	0	0	280	m			ft
WE	wepp-170456	"02:42 pm  Tuesday February 23, 2016"	"Trail Creek Salvage 2 +"	loam	5	forest	11.61	0	0	120	m			ft
WE	wepp-170775	"02:43 pm  Tuesday February 23, 2016"	"Trail Creek Salvage 2 +"	loam	5	forest	8.46	3.29	0	120	m			ft
WE	wepp-171100	"02:43 pm  Tuesday February 23, 2016"	"Trail Creek Salvage 2 +"	sand	5	forest	5.38	0	0	300	m			ft
WE	wepp-171434	"02:43 pm  Tuesday February 23, 2016"	"Trail Creek Salvage 2 +"	loam	5	forest	3.5	2	2	90	m			ft
WE	wepp-171764	"02:44 pm  Tuesday February 23, 2016"	"Trail Creek Salvage 2 +"	loam	5	forest	16.18	12.14	0	290	m			ft
WE	wepp-172090	"02:44 pm  Tuesday February 23, 2016"	"Trail Creek Salvage 2 +"	loam	5	forest	6.43	3.4	0	120	m			ft
WE	wepp-172419	"02:44 pm  Tuesday February 23, 2016"	"Trail Creek Salvage 2 +"	loam	5	forest	15.17	11.54	0	250	m			ft
WE	wepp-172765	"02:44 pm  Tuesday February 23, 2016"	"Trail Creek Salvage 2 +"	silt	5	forest	22.9	25	0	140	m			ft
WE	wepp-173110	"02:45 pm  Tuesday February 23, 2016"	"Trail Creek Salvage 2 +"	loam	5	forest	15.5	35.59	49.8	250	m			ft
WE	wepp-173432	"02:45 pm  Tuesday February 23, 2016"	"Trail Creek Salvage 2 +"	loam	5	forest	34	48.99	42.25	120	m			ft
WE	wepp-173758	"02:45 pm  Tuesday February 23, 2016"	"Trail Creek Salvage 2 +"	loam	5	forest	45	45.25	0	80	m			ft
WE	wepp-174066	"02:46 pm  Tuesday February 23, 2016"	"Trail Creek Salvage 2 +"	silt	5	forest	31.17	0	0	70	m			ft
WE	wepp-174385	"02:46 pm  Tuesday February 23, 2016"	"Trail Creek Salvage 2 +"	silt	5	forest	23	0	0	20	m			ft
WE	wepp-174698	"02:46 pm  Tuesday February 23, 2016"	"Trail Creek Salvage 2 +"	loam	5	forest	35	40.48	46.67	80	m			ft
WE	wepp-175028	"02:46 pm  Tuesday February 23, 2016"	"Trail Creek Salvage 2 +"	loam	5	forest	44.12	34.24	0	250	m			ft
WE	wepp-175368	"02:47 pm  Tuesday February 23, 2016"	"Trail Creek Salvage 2 +"	loam	5	forest	35	0	0	1	m			ft
WE	wepp-175677	"02:47 pm  Tuesday February 23, 2016"	"Trail Creek Salvage 2 +"	loam	5	forest	46	51.07	37	120	m			ft
WE	wepp-176016	"02:47 pm  Tuesday February 23, 2016"	"Trail Creek Salvage 2 +"	loam	5	forest	48.88	47.96	0	360	m			ft
WE	wepp-176366	"02:47 pm  Tuesday February 23, 2016"	"Trail Creek Salvage 2 +"	silt	5	forest	23.25	0	0	40	m			ft
WE	wepp-176650	"02:48 pm  Tuesday February 23, 2016"	"Trail Creek Salvage 2 +"	silt	5	forest	47.94	0	0	190	m			ft
WE	wepp-176960	"02:48 pm  Tuesday February 23, 2016"	"Trail Creek Salvage 2 +"	loam	5	forest	28.72	39.09	0	320	m			ft
WE	wepp-177290	"02:48 pm  Tuesday February 23, 2016"	"Trail Creek Salvage 2 +"	loam	5	forest	47.98	0	0	160	m			ft
WE	wepp-177623	"02:48 pm  Tuesday February 23, 2016"	"Trail Creek Salvage 2 +"	silt	5	forest	51.49	0	0	200	m			ft
WE	wepp-177934	"02:49 pm  Tuesday February 23, 2016"	"Trail Creek Salvage 2 +"	loam	5	forest	36.77	30	0	160	m			ft
WE	wepp-178241	"02:49 pm  Tuesday February 23, 2016"	"Trail Creek Salvage 2 +"	loam	5	forest	44.75	43.47	40.83	200	m			ft
WE	wepp-178558	"02:49 pm  Tuesday February 23, 2016"	"Trail Creek Salvage 2 +"	silt	5	forest	53.01	0	0	210	m			ft
WE	wepp-178868	"02:50 pm  Tuesday February 23, 2016"	"Trail Creek Salvage 2 +"	silt	5	forest	15.61	0	0	50	m			ft
WE	wepp-179194	"02:50 pm  Tuesday February 23, 2016"	"Trail Creek Salvage 2 +"	silt	5	forest	13.56	20.17	0	210	m			ft
WE	wepp-179507	"02:50 pm  Tuesday February 23, 2016"	"Trail Creek Salvage 2 +"	silt	5	forest	15.17	15.8	0	400	m			ft
WE	wepp-179856	"02:50 pm  Tuesday February 23, 2016"	"Trail Creek Salvage 2 +"	sand	5	forest	0	0	0	20	m			ft
WE	wepp-180153	"02:51 pm  Tuesday February 23, 2016"	"Trail Creek Salvage 2 +"	sand	5	forest	13.25	11.4	0	280	m			ft
WE	wepp-180471	"02:51 pm  Tuesday February 23, 2016"	"Trail Creek Salvage 2 +"	sand	5	forest	2.88	2.56	0	200	m			ft
WE	wepp-180786	"02:51 pm  Tuesday February 23, 2016"	"Trail Creek Salvage 2 +"	sand	5	forest	6.8	5.75	0	160	m			ft
WE	wepp-181109	"02:51 pm  Tuesday February 23, 2016"	"Trail Creek Salvage 2 +"	sand	5	forest	0.75	1.17	0.67	110	m			ft
WE	wepp-181415	"02:52 pm  Tuesday February 23, 2016"	"Trail Creek Salvage 2 +"	sand	5	forest	4	0	0	20	m			ft
WE	wepp-181724	"02:52 pm  Tuesday February 23, 2016"	"Trail Creek Salvage 2 +"	sand	5	forest	1	1.56	1.06	290	m			ft
WE	wepp-182047	"02:52 pm  Tuesday February 23, 2016"	"Trail Creek Salvage 2 +"	loam	5	forest	53.67	46.89	31.47	210	m			ft
WE	wepp-182382	"02:52 pm  Tuesday February 23, 2016"	"Trail Creek Salvage 2 +"	loam	5	forest	32.3	0	0	100	m			ft
WE	wepp-182689	"02:53 pm  Tuesday February 23, 2016"	"Trail Creek Salvage 2 +"	loam	5	forest	27	0	0	1	m			ft
WE	wepp-183003	"02:53 pm  Tuesday February 23, 2016"	"Trail Creek Salvage 2 +"	loam	5	forest	38.5	31.39	36.43	230	m			ft
WE	wepp-183320	"02:53 pm  Tuesday February 23, 2016"	"Trail Creek Salvage 2 +"	loam	5	forest	57	48.97	40.85	150	m			ft
WE	wepp-183671	"02:53 pm  Tuesday February 23, 2016"	"Trail Creek Salvage 2 +"	loam	5	forest	65.56	51.92	29	160	m			ft
WE	wepp-183999	"02:54 pm  Tuesday February 23, 2016"	"Trail Creek Salvage 2 +"	loam	5	forest	21	43.58	24.67	40	m			ft
WE	wepp-184310	"02:54 pm  Tuesday February 23, 2016"	"Trail Creek Salvage 2 +"	silt	5	forest	17.5	25	11	620	m			ft
WE	wepp-184648	"02:54 pm  Tuesday February 23, 2016"	"Trail Creek Salvage 2 +"	silt	5	forest	19	9.69	6.48	100	m			ft
WE	wepp-184977	"02:55 pm  Tuesday February 23, 2016"	"Trail Creek Salvage 2 +"	silt	5	forest	17	22	18.5	50	m			ft
WE	wepp-185309	"02:55 pm  Tuesday February 23, 2016"	"Trail Creek Salvage 2 +"	silt	5	forest	9	0	0	20	m			ft
WE	wepp-185612	"02:55 pm  Tuesday February 23, 2016"	"Trail Creek Salvage 2 +"	silt	5	forest	29.38	0	0	60	m			ft
WE	wepp-185933	"02:55 pm  Tuesday February 23, 2016"	"Trail Creek Salvage 2 +"	loam	5	forest	17	0	0	1	m			ft
WE	wepp-186252	"02:56 pm  Tuesday February 23, 2016"	"Trail Creek Salvage 2 +"	loam	5	forest	31.94	53.38	0	410	m			ft
WE	wepp-186576	"02:56 pm  Tuesday February 23, 2016"	"Trail Creek Salvage 2 +"	loam	5	forest	49.25	58.45	0	280	m			ft
WE	wepp-186895	"02:56 pm  Tuesday February 23, 2016"	"Trail Creek Salvage 2 +"	loam	5	forest	20	0	0	330	m			ft
WE	wepp-187211	"02:56 pm  Tuesday February 23, 2016"	"Trail Creek Salvage 2 +"	loam	5	forest	24.87	0	0	150	m			ft
WE	wepp-187511	"02:57 pm  Tuesday February 23, 2016"	"Trail Creek Salvage 2 +"	loam	5	forest	4.67	6.33	7.75	210	m			ft
WE	wepp-187830	"02:57 pm  Tuesday February 23, 2016"	"Trail Creek Salvage 2 +"	sand	5	forest	13	0	0	30	m			ft
WE	wepp-188146	"02:57 pm  Tuesday February 23, 2016"	"Trail Creek Salvage 2 +"	loam	5	forest	13	0	0	10	m			ft
WE	wepp-188456	"02:57 pm  Tuesday February 23, 2016"	"Trail Creek Salvage 2 +"	loam	5	forest	18.24	0	0	350	m			ft
WE	wepp-188801	"02:58 pm  Tuesday February 23, 2016"	"Trail Creek Salvage 2 +"	loam	5	forest	12.2	0	0	50	m			ft
WE	wepp-189092	"02:58 pm  Tuesday February 23, 2016"	"Trail Creek Salvage 2 +"	loam	5	forest	26.33	33.47	33.47	330	m			ft
WE	wepp-189438	"02:58 pm  Tuesday February 23, 2016"	"Trail Creek Salvage 2 +"	loam	5	forest	22	41.88	35	70	m			ft
WE	wepp-189759	"02:59 pm  Tuesday February 23, 2016"	"Trail Creek Salvage 2 +"	loam	5	forest	6.25	14.33	16	200	m			ft
WE	wepp-190083	"02:59 pm  Tuesday February 23, 2016"	"Trail Creek Salvage 2 +"	silt	5	forest	21.85	0	0	280	m			ft
WE	wepp-190402	"02:59 pm  Tuesday February 23, 2016"	"Trail Creek Salvage 2 +"	silt	5	forest	15.88	13.54	11.33	330	m			ft
WE	wepp-190729	"02:59 pm  Tuesday February 23, 2016"	"Trail Creek Salvage 2 +"	silt	5	forest	28.67	27.73	28.96	110	m			ft
WE	wepp-191084	"03:00 pm  Tuesday February 23, 2016"	"Trail Creek Salvage 2 +"	silt	5	forest	21	24.88	45	200	m			ft
WE	wepp-191434	"03:00 pm  Tuesday February 23, 2016"	"Trail Creek Salvage 2 +"	silt	5	forest	11.2	15.67	0	70	m			ft
WE	wepp-191735	"03:00 pm  Tuesday February 23, 2016"	"Trail Creek Salvage 2 +"	silt	5	forest	7	11	8.67	20	m			ft
WE	wepp-192076	"03:01 pm  Tuesday February 23, 2016"	"Trail Creek Salvage 2 +"	silt	5	forest	28.98	28.05	0	150	m			ft
WE	wepp-192469	"03:01 pm  Tuesday February 23, 2016"	"Trail Creek Salvage 2 +"	silt	5	forest	25	17.25	12	50	m			ft
WE	wepp-192811	"03:01 pm  Tuesday February 23, 2016"	"Trail Creek Salvage 2 +"	silt	5	forest	7	0	0	1	m			ft
WE	wepp-193152	"03:01 pm  Tuesday February 23, 2016"	"Trail Creek Salvage 2 +"	silt	5	forest	12.5	0	0	10	m			ft
WE	wepp-193515	"03:02 pm  Tuesday February 23, 2016"	"Trail Creek Salvage 2 +"	loam	5	forest	25	0	0	10	m			ft
WE	wepp-193817	"03:02 pm  Tuesday February 23, 2016"	"Trail Creek Salvage 2 +"	loam	5	forest	44.24	20.25	0	240	m			ft
WE	wepp-194164	"03:02 pm  Tuesday February 23, 2016"	"Trail Creek Salvage 2 +"	silt	5	forest	10	0	0	1	m			ft
WE	wepp-194508	"03:02 pm  Tuesday February 23, 2016"	"Trail Creek Salvage 2 +"	silt	5	forest	20.19	0	0	90	m			ft
WE	wepp-194812	"03:03 pm  Tuesday February 23, 2016"	"Trail Creek Salvage 2 +"	silt	5	forest	20.62	0	0	30	m			ft
WE	wepp-195126	"03:03 pm  Tuesday February 23, 2016"	"Trail Creek Salvage 2 +"	silt	5	forest	19	37.42	35.42	100	m			ft
WE	wepp-195456	"03:03 pm  Tuesday February 23, 2016"	"Trail Creek Salvage 2 +"	silt	5	forest	47.56	34.09	0	260	m			ft
WE	wepp-195787	"03:03 pm  Tuesday February 23, 2016"	"Trail Creek Salvage 2 +"	loam	5	forest	22.83	0	0	60	m			ft
WE	wepp-196095	"03:04 pm  Tuesday February 23, 2016"	"Trail Creek Salvage 2 +"	silt	5	forest	13.4	0	0	110	m			ft
WE	wepp-196413	"03:04 pm  Tuesday February 23, 2016"	"Trail Creek Salvage 2 +"	silt	5	forest	24.95	0	0	290	m			ft
WE	wepp-196716	"03:04 pm  Tuesday February 23, 2016"	"Trail Creek Salvage 2 +"	silt	5	forest	20.33	0	0	430	m			ft
WE	wepp-196927	"03:05 pm  Tuesday February 23, 2016"	"Trail Creek Salvage 2 +"	silt	5	forest	18	0	0	1	m			ft
WE	wepp-197090	"03:05 pm  Tuesday February 23, 2016"	"Trail Creek Salvage 2 +"	silt	5	forest	10.33	0	0	20	m			ft
WE	wepp-197247	"03:05 pm  Tuesday February 23, 2016"	"Trail Creek Salvage 2 +"	silt	5	forest	13.5	0	0	110	m			ft
