WE	wepp-111200	"10:50 am  Thursday October 8, 2020"	"CASCADIA R S OR +"	silt	5	forest	19.09	43.43	28.04	950.5482	m			ft
WE	wepp-111453	"10:51 am  Thursday October 8, 2020"	"CASCADIA R S OR +"	silt	5	forest	31.58	60.56	24.18	948.6656	m			ft
WE	wepp-111711	"10:51 am  Thursday October 8, 2020"	"CASCADIA R S OR +"	silt	5	forest	61	70.65	25.94	749.5299	h			ft
WE	wepp-112069	"10:51 am  Thursday October 8, 2020"	"CASCADIA R S OR +"	silt	5	forest	72	78.54	53.45	693.0739	m			ft
WE	wepp-112316	"10:52 am  Thursday October 8, 2020"	"CASCADIA R S OR +"	silt	5	forest	16.74	50.16	66.62	1000	h			ft
WE	wepp-112662	"10:52 am  Thursday October 8, 2020"	"CASCADIA R S OR +"	silt	5	forest	44.78	62.41	39.39	1000	m			ft
WE	wepp-112907	"10:52 am  Thursday October 8, 2020"	"CASCADIA R S OR +"	silt	5	forest	45.67	64.06	36.64	282.4266	m			ft
WE	wepp-113168	"10:53 am  Thursday October 8, 2020"	"CASCADIA R S OR +"	silt	5	forest	30.52	57.54	56.65	717.4564	h			ft
WE	wepp-113519	"10:53 am  Thursday October 8, 2020"	"CASCADIA R S OR +"	silt	5	forest	31.35	70.42	41.67	129.4455	m			ft
WE	wepp-113789	"10:53 am  Thursday October 8, 2020"	"CASCADIA R S OR +"	silt	5	forest	37	82.78	54.43	474.7997	h			ft
WE	wepp-114129	"10:54 am  Thursday October 8, 2020"	"CASCADIA R S OR +"	silt	5	forest	18.67	54.24	36.64	1000	l			ft
WE	wepp-114310	"10:54 am  Thursday October 8, 2020"	"CASCADIA R S OR +"	silt	5	forest	32.53	72	100	687.8624	m			ft
WE	wepp-114571	"10:54 am  Thursday October 8, 2020"	"CASCADIA R S OR +"	silt	5	forest	62.46	75.86	44.82	345.9369	m			ft
WE	wepp-114830	"10:55 am  Thursday October 8, 2020"	"CASCADIA R S OR +"	silt	5	forest	35.12	77.21	49.78	158.5426	m			ft
WE	wepp-115078	"10:55 am  Thursday October 8, 2020"	"CASCADIA R S OR +"	silt	5	forest	71.67	100	51.58	215.0074	m			ft
WE	wepp-115307	"10:55 am  Thursday October 8, 2020"	"CASCADIA R S OR +"	silt	5	forest	44.31	74.14	53.51	318.3495	m			ft
WE	wepp-115437	"10:56 am  Thursday October 8, 2020"	"CASCADIA R S OR +"	silt	5	forest	44.08	63.87	52.96	465.6982	m			ft
WE	wepp-115576	"10:56 am  Thursday October 8, 2020"	"CASCADIA R S OR +"	silt	5	forest	77.08	70.42	33.65	942.0697	m			ft
WE	wepp-115713	"10:56 am  Thursday October 8, 2020"	"CASCADIA R S OR +"	silt	5	forest	68.67	78.93	32.12	167.8559	h			ft
WE	wepp-115893	"10:57 am  Thursday October 8, 2020"	"CASCADIA R S OR +"	silt	5	forest	25.93	40.19	33.31	737.6192	h			ft
WE	wepp-116066	"10:57 am  Thursday October 8, 2020"	"CASCADIA R S OR +"	silt	5	forest	20.51	63.54	39.55	594.8704	m			ft
WE	wepp-116203	"10:57 am  Thursday October 8, 2020"	"CASCADIA R S OR +"	silt	5	forest	30.41	52.27	37.45	156.4498	h			ft
WE	wepp-116391	"10:58 am  Thursday October 8, 2020"	"CASCADIA R S OR +"	silt	5	forest	29.93	39.68	49.02	272.5533	h			ft
WE	wepp-116580	"10:58 am  Thursday October 8, 2020"	"CASCADIA R S OR +"	silt	5	forest	37.33	100	55.99	337.8007	m			ft
WE	wepp-116712	"10:58 am  Thursday October 8, 2020"	"CASCADIA R S OR +"	silt	5	forest	27.34	48.27	20.96	922.2886	m			ft
WE	wepp-116844	"10:59 am  Thursday October 8, 2020"	"CASCADIA R S OR +"	silt	5	forest	28	43.11	27.43	532.806	m			ft
WE	wepp-117032	"10:59 am  Thursday October 8, 2020"	"CASCADIA R S OR +"	silt	5	forest	27.67	43.59	43.08	596.8081	m			ft
WE	wepp-117177	"10:59 am  Thursday October 8, 2020"	"CASCADIA R S OR +"	silt	5	forest	42.96	41.27	39.57	138.3007	m			ft
WE	wepp-117309	"10:59 am  Thursday October 8, 2020"	"CASCADIA R S OR +"	silt	5	forest	34.65	82.72	58.34	554.1127	m			ft
WE	wepp-117439	"11:00 am  Thursday October 8, 2020"	"CASCADIA R S OR +"	silt	5	forest	66.33	74.47	58.26	1000	m			ft
WE	wepp-117586	"11:00 am  Thursday October 8, 2020"	"CASCADIA R S OR +"	silt	5	forest	42.9	68.42	54.3	1000	h			ft
WE	wepp-117760	"11:00 am  Thursday October 8, 2020"	"CASCADIA R S OR +"	silt	5	forest	19.33	47.92	41.2	177.2697	l			ft
WE	wepp-117864	"11:01 am  Thursday October 8, 2020"	"CASCADIA R S OR +"	silt	5	forest	78.49	80.05	65.76	477.5243	m			ft
WE	wepp-118004	"11:01 am  Thursday October 8, 2020"	"CASCADIA R S OR +"	silt	5	forest	61.28	77.63	29.2	474.4163	m			ft
WE	wepp-118134	"11:01 am  Thursday October 8, 2020"	"CASCADIA R S OR +"	silt	5	forest	45.26	71.93	29.36	557.0292	h			ft
WE	wepp-118315	"11:02 am  Thursday October 8, 2020"	"CASCADIA R S OR +"	silt	5	forest	29.93	52.53	23.57	1000	m			ft
WE	wepp-118450	"11:02 am  Thursday October 8, 2020"	"CASCADIA R S OR +"	silt	5	forest	27.67	32.5	22.61	1000	l			ft
WE	wepp-118549	"11:02 am  Thursday October 8, 2020"	"CASCADIA R S OR +"	silt	5	forest	80.67	64.09	46.52	1000	m			ft
WE	wepp-118688	"11:02 am  Thursday October 8, 2020"	"CASCADIA R S OR +"	silt	5	forest	48.79	68.6	47.56	244.6143	m			ft
WE	wepp-118825	"11:03 am  Thursday October 8, 2020"	"CASCADIA R S OR +"	silt	5	forest	70.95	87.64	50.95	315.3319	h			ft
WE	wepp-119002	"11:03 am  Thursday October 8, 2020"	"CASCADIA R S OR +"	silt	5	forest	57.28	78.93	56.1	319.1576	h			ft
WE	wepp-119177	"11:04 am  Thursday October 8, 2020"	"CASCADIA R S OR +"	silt	5	forest	41.67	66.53	41.97	623.3596	m			ft
WE	wepp-119325	"11:04 am  Thursday October 8, 2020"	"CASCADIA R S OR +"	silt	5	forest	54.33	59.18	37.41	162.5446	m			ft
WE	wepp-119467	"11:04 am  Thursday October 8, 2020"	"CASCADIA R S OR +"	silt	5	forest	41.33	80.33	69.95	256.4193	h			ft
WE	wepp-119644	"11:05 am  Thursday October 8, 2020"	"CASCADIA R S OR +"	loam	5	forest	21.92	24.32	24.93	1000	l			ft
WE	wepp-119737	"11:05 am  Thursday October 8, 2020"	"CASCADIA R S OR +"	silt	5	forest	35	64.06	31.54	614.8973	h			ft
WE	wepp-119914	"11:05 am  Thursday October 8, 2020"	"CASCADIA R S OR +"	silt	5	forest	26.33	59.27	43.38	1000	h			ft
WE	wepp-120095	"11:06 am  Thursday October 8, 2020"	"CASCADIA R S OR +"	silt	5	forest	74.83	100	41.25	101.3226	m			ft
WE	wepp-120232	"11:06 am  Thursday October 8, 2020"	"CASCADIA R S OR +"	silt	5	forest	25.33	64.73	62.41	1000	h			ft
WE	wepp-120402	"11:06 am  Thursday October 8, 2020"	"CASCADIA R S OR +"	silt	5	forest	48.33	60.36	28.68	278.3885	m			ft
WE	wepp-120532	"11:07 am  Thursday October 8, 2020"	"CASCADIA R S OR +"	silt	5	forest	66.33	75.51	60.67	1000	m			ft
WE	wepp-120663	"11:07 am  Thursday October 8, 2020"	"CASCADIA R S OR +"	silt	5	forest	50.67	71.73	63	159.3024	m			ft
WE	wepp-120793	"11:07 am  Thursday October 8, 2020"	"CASCADIA R S OR +"	silt	5	forest	92.4	87.49	27.45	602.5902	l			ft
WE	wepp-120885	"11:07 am  Thursday October 8, 2020"	"CASCADIA R S OR +"	silt	5	forest	46.33	57.31	29.8	1000	h			ft
WE	wepp-121057	"11:08 am  Thursday October 8, 2020"	"CASCADIA R S OR +"	silt	5	forest	45.33	60.32	55.54	650.3389	h			ft
WE	wepp-121232	"11:08 am  Thursday October 8, 2020"	"CASCADIA R S OR +"	silt	5	forest	29	48.52	40.67	62.57991	h			ft
WE	wepp-121403	"11:09 am  Thursday October 8, 2020"	"CASCADIA R S OR +"	silt	5	forest	41.33	60.95	41.42	1000	h			ft
WE	wepp-121635	"11:09 am  Thursday October 8, 2020"	"CASCADIA R S OR +"	silt	5	forest	56.1	66.19	29.15	1000	h			ft
WE	wepp-121825	"11:09 am  Thursday October 8, 2020"	"CASCADIA R S OR +"	silt	5	forest	16.33	54.75	50.49	1000	m			ft
WE	wepp-121955	"11:10 am  Thursday October 8, 2020"	"CASCADIA R S OR +"	silt	5	forest	26.63	57.76	48.56	431.8014	m			ft
WE	wepp-122092	"11:10 am  Thursday October 8, 2020"	"CASCADIA R S OR +"	silt	5	forest	39.6	64.8	60.5	711.8774	m			ft
WE	wepp-122227	"11:10 am  Thursday October 8, 2020"	"CASCADIA R S OR +"	silt	5	forest	54.64	50.23	45.81	106.764	m			ft
WE	wepp-122361	"11:10 am  Thursday October 8, 2020"	"CASCADIA R S OR +"	silt	5	forest	72.33	68.69	21.67	1000	m			ft
WE	wepp-122500	"11:11 am  Thursday October 8, 2020"	"CASCADIA R S OR +"	silt	5	forest	18.62	36.22	36.86	532.806	m			ft
WE	wepp-122630	"11:11 am  Thursday October 8, 2020"	"CASCADIA R S OR +"	silt	5	forest	42.43	64.26	17.77	648.0687	m			ft
WE	wepp-122776	"11:11 am  Thursday October 8, 2020"	"CASCADIA R S OR +"	silt	5	forest	71.67	84.25	58.67	559.5198	h			ft
WE	wepp-122946	"11:12 am  Thursday October 8, 2020"	"CASCADIA R S OR +"	silt	5	forest	60.86	66.17	36.49	401.7598	h			ft
WE	wepp-123132	"11:12 am  Thursday October 8, 2020"	"CASCADIA R S OR +"	silt	5	forest	40	62.03	39.75	1000	h			ft
WE	wepp-123307	"11:13 am  Thursday October 8, 2020"	"CASCADIA R S OR +"	silt	5	forest	44.67	83.85	59.92	382.2099	h			ft
WE	wepp-123497	"11:13 am  Thursday October 8, 2020"	"CASCADIA R S OR +"	silt	5	forest	64.67	81.2	52.48	571.4565	m			ft
WE	wepp-123629	"11:13 am  Thursday October 8, 2020"	"CASCADIA R S OR +"	silt	5	forest	60.58	52.92	45.26	49.2126	m			ft
WE	wepp-123769	"11:14 am  Thursday October 8, 2020"	"CASCADIA R S OR +"	silt	5	forest	43.84	60.62	49.01	350.1149	m			ft
WE	wepp-123959	"11:14 am  Thursday October 8, 2020"	"CASCADIA R S OR +"	silt	5	forest	67.65	71.13	58.24	358.7375	h			ft
WE	wepp-124148	"11:14 am  Thursday October 8, 2020"	"CASCADIA R S OR +"	silt	5	forest	40.54	62.34	41.76	401.4668	m			ft
WE	wepp-124282	"11:15 am  Thursday October 8, 2020"	"CASCADIA R S OR +"	silt	5	forest	47.85	76.78	79.4	700.6765	m			ft
WE	wepp-124416	"11:15 am  Thursday October 8, 2020"	"CASCADIA R S OR +"	silt	5	forest	34.65	63.24	31.23	1000	m			ft
WE	wepp-124548	"11:15 am  Thursday October 8, 2020"	"CASCADIA R S OR +"	silt	5	forest	35.35	59.13	33.06	807.2809	m			ft
WE	wepp-124685	"11:15 am  Thursday October 8, 2020"	"CASCADIA R S OR +"	silt	5	forest	77.55	71.28	51.25	198.6442	m			ft
WE	wepp-124817	"11:16 am  Thursday October 8, 2020"	"CASCADIA R S OR +"	silt	5	forest	24.75	27.36	22.55	1000	m			ft
WE	wepp-124951	"11:16 am  Thursday October 8, 2020"	"CASCADIA R S OR +"	silt	5	forest	60.67	95.67	51.29	272.2226	h			ft
WE	wepp-125130	"11:16 am  Thursday October 8, 2020"	"CASCADIA R S OR +"	silt	5	forest	59.4	52.61	45.82	84.43547	m			ft
WE	wepp-125264	"11:17 am  Thursday October 8, 2020"	"CASCADIA R S OR +"	silt	5	forest	58	80.17	26.38	524.9344	m			ft
WE	wepp-125394	"11:17 am  Thursday October 8, 2020"	"CASCADIA R S OR +"	silt	5	forest	60.33	73.18	48.47	332.2842	m			ft
WE	wepp-125525	"11:17 am  Thursday October 8, 2020"	"CASCADIA R S OR +"	silt	5	forest	29.46	61.88	25.2	1000	m			ft
WE	wepp-125655	"11:18 am  Thursday October 8, 2020"	"CASCADIA R S OR +"	silt	5	forest	41.72	49.6	41.63	450.5754	l			ft
WE	wepp-125759	"11:18 am  Thursday October 8, 2020"	"CASCADIA R S OR +"	silt	5	forest	79.43	82.13	44.26	719.1703	m			ft
WE	wepp-125893	"11:18 am  Thursday October 8, 2020"	"CASCADIA R S OR +"	silt	5	forest	42	53.9	31.35	1000	m			ft
WE	wepp-126030	"11:18 am  Thursday October 8, 2020"	"CASCADIA R S OR +"	silt	5	forest	55.33	71.06	56.2	1000	h			ft
WE	wepp-126214	"11:19 am  Thursday October 8, 2020"	"CASCADIA R S OR +"	silt	5	forest	58.93	57.86	56.8	28.12148	m			ft
WE	wepp-126388	"11:19 am  Thursday October 8, 2020"	"CASCADIA R S OR +"	silt	5	forest	51.33	63.06	38.26	1000	h			ft
WE	wepp-126570	"11:20 am  Thursday October 8, 2020"	"CASCADIA R S OR +"	silt	5	forest	10	45.78	69.45	1000	h			ft
WE	wepp-126757	"11:20 am  Thursday October 8, 2020"	"CASCADIA R S OR +"	silt	5	forest	61.75	88.93	51.45	135.2344	m			ft
WE	wepp-126896	"11:20 am  Thursday October 8, 2020"	"CASCADIA R S OR +"	silt	5	forest	55.33	67.37	49.06	1000	m			ft
WE	wepp-127026	"11:21 am  Thursday October 8, 2020"	"CASCADIA R S OR +"	silt	5	forest	57.04	67.29	45.79	1000	h			ft
WE	wepp-127196	"11:21 am  Thursday October 8, 2020"	"CASCADIA R S OR +"	silt	5	forest	52.17	83.67	41.32	344.4882	m			ft
WE	wepp-127328	"11:21 am  Thursday October 8, 2020"	"CASCADIA R S OR +"	silt	5	forest	37.48	57.26	42	261.8773	m			ft
WE	wepp-127467	"11:22 am  Thursday October 8, 2020"	"CASCADIA R S OR +"	silt	5	forest	11.55	72.55	61.28	635.4741	h			ft
WE	wepp-127652	"11:22 am  Thursday October 8, 2020"	"CASCADIA R S OR +"	silt	5	forest	25.22	47.83	43.94	1000	h			ft
WE	wepp-127833	"11:22 am  Thursday October 8, 2020"	"CASCADIA R S OR +"	silt	5	forest	68.82	100	77.78	53.10082	m			ft
WE	wepp-127964	"11:23 am  Thursday October 8, 2020"	"CASCADIA R S OR +"	silt	5	forest	33.94	82.11	67.38	378.3983	m			ft
WE	wepp-128094	"11:23 am  Thursday October 8, 2020"	"CASCADIA R S OR +"	silt	5	forest	41	41.83	42.67	10.69013	h			ft
WE	wepp-128264	"11:23 am  Thursday October 8, 2020"	"CASCADIA R S OR +"	silt	5	forest	51.33	57.96	51.89	1000	h			ft
WE	wepp-128443	"11:24 am  Thursday October 8, 2020"	"CASCADIA R S OR +"	silt	5	forest	24.33	50.51	15.78	606.9057	m			ft
WE	wepp-128580	"11:24 am  Thursday October 8, 2020"	"CASCADIA R S OR +"	silt	5	forest	74.95	75.38	28.58	359.9266	m			ft
WE	wepp-128717	"11:24 am  Thursday October 8, 2020"	"CASCADIA R S OR +"	loam	5	forest	11	29.58	26.8	1000	l			ft
WE	wepp-128809	"11:25 am  Thursday October 8, 2020"	"CASCADIA R S OR +"	silt	5	forest	61.67	69.88	66.45	1000	m			ft
WE	wepp-128944	"11:25 am  Thursday October 8, 2020"	"CASCADIA R S OR +"	sand	5	forest	34.18	57.13	64.68	1000	m			ft
WE	wepp-129077	"11:25 am  Thursday October 8, 2020"	"CASCADIA R S OR +"	silt	5	forest	33.47	49.55	34.53	841.6343	m			ft
WE	wepp-129208	"11:25 am  Thursday October 8, 2020"	"CASCADIA R S OR +"	silt	5	forest	61.33	62.93	13.33	231.3814	m			ft
WE	wepp-129347	"11:26 am  Thursday October 8, 2020"	"CASCADIA R S OR +"	silt	5	forest	26.16	54.51	49.25	844.8288	h			ft
WE	wepp-129531	"11:26 am  Thursday October 8, 2020"	"CASCADIA R S OR +"	silt	5	forest	46.43	73.27	84.93	736.9926	h			ft
WE	wepp-129729	"11:26 am  Thursday October 8, 2020"	"CASCADIA R S OR +"	silt	5	forest	51.86	61.25	52.1	599.1307	m			ft
WE	wepp-129861	"11:27 am  Thursday October 8, 2020"	"CASCADIA R S OR +"	silt	5	forest	53.32	100	62.77	311.4464	m			ft
WE	wepp-130015	"11:27 am  Thursday October 8, 2020"	"CASCADIA R S OR +"	silt	5	forest	63.67	93.7	54.33	112.6438	m			ft
WE	wepp-130147	"11:27 am  Thursday October 8, 2020"	"CASCADIA R S OR +"	silt	5	forest	45.73	65.08	26.66	1000	h			ft
WE	wepp-130319	"11:28 am  Thursday October 8, 2020"	"CASCADIA R S OR +"	silt	5	forest	16.5	19.85	26.28	1000	h			ft
WE	wepp-130494	"11:28 am  Thursday October 8, 2020"	"CASCADIA R S OR +"	silt	5	forest	19.33	37.14	30.64	1000	h			ft
WE	wepp-130669	"11:29 am  Thursday October 8, 2020"	"CASCADIA R S OR +"	silt	5	forest	46.43	67.12	66.67	337.9315	h			ft
WE	wepp-130900	"11:29 am  Thursday October 8, 2020"	"CASCADIA R S OR +"	silt	5	forest	95	100	89.64	545.3712	m			ft
WE	wepp-131033	"11:29 am  Thursday October 8, 2020"	"CASCADIA R S OR +"	silt	5	forest	75	76.75	55.24	542.5226	h			ft
WE	wepp-132154	"12:12 pm  Thursday October 8, 2020"	"CASCADIA R S OR +"	silt	5	forest	10.67	27.67	25.08	585.9356	l			ft
WE	wepp-132282	"12:13 pm  Thursday October 8, 2020"	"CASCADIA R S OR +"	silt	5	forest	50.91	93.78	58.72	377.0659	h			ft
WE	wepp-132482	"12:13 pm  Thursday October 8, 2020"	"CASCADIA R S OR +"	silt	5	forest	67.67	100	64	122.3072	h			ft
WE	wepp-132686	"12:13 pm  Thursday October 8, 2020"	"CASCADIA R S OR +"	silt	5	forest	18.62	48.66	32	700.1234	m			ft
WE	wepp-132817	"12:14 pm  Thursday October 8, 2020"	"CASCADIA R S OR +"	silt	5	forest	56.67	69.77	24.05	763.944	h			ft
WE	wepp-133074	"12:14 pm  Thursday October 8, 2020"	"CASCADIA R S OR +"	silt	5	forest	45	62.49	60.32	639.1902	h			ft
WE	wepp-133250	"12:14 pm  Thursday October 8, 2020"	"CASCADIA R S OR +"	silt	5	forest	34.65	53.61	49.38	1000	h			ft
WE	wepp-133515	"12:15 pm  Thursday October 8, 2020"	"CASCADIA R S OR +"	silt	5	forest	37.45	80.63	60.36	484.526	m			ft
WE	wepp-133663	"12:15 pm  Thursday October 8, 2020"	"CASCADIA R S OR +"	silt	5	forest	52.56	66.54	59.03	380.9764	h			ft
WE	wepp-133924	"12:16 pm  Thursday October 8, 2020"	"CASCADIA R S OR +"	silt	5	forest	18.62	62.65	59.87	1000	l			ft
WE	wepp-134030	"12:16 pm  Thursday October 8, 2020"	"CASCADIA R S OR +"	silt	5	forest	34.65	52.81	36.57	183.302	h			ft
WE	wepp-134206	"12:16 pm  Thursday October 8, 2020"	"CASCADIA R S OR +"	silt	5	forest	50.33	100	44.43	118.907	m			ft
WE	wepp-134338	"12:16 pm  Thursday October 8, 2020"	"CASCADIA R S OR +"	silt	5	forest	55.15	69.05	63.23	347.9856	m			ft
WE	wepp-134472	"12:17 pm  Thursday October 8, 2020"	"CASCADIA R S OR +"	silt	5	forest	25.93	47.72	32.78	968.312	h			ft
WE	wepp-134646	"12:17 pm  Thursday October 8, 2020"	"CASCADIA R S OR +"	silt	5	forest	32.29	52.34	19.62	1000	m			ft
WE	wepp-134782	"12:17 pm  Thursday October 8, 2020"	"CASCADIA R S OR +"	silt	5	forest	63.33	50.04	36.75	93.69124	m			ft
WE	wepp-134912	"12:18 pm  Thursday October 8, 2020"	"CASCADIA R S OR +"	silt	5	forest	54	75.31	39	527.1921	l			ft
WE	wepp-135003	"12:18 pm  Thursday October 8, 2020"	"CASCADIA R S OR +"	silt	5	forest	28	43.5	39.09	150.9546	h			ft
WE	wepp-135264	"12:18 pm  Thursday October 8, 2020"	"CASCADIA R S OR +"	silt	5	forest	42.67	66.4	33.27	578.4535	h			ft
WE	wepp-135436	"12:19 pm  Thursday October 8, 2020"	"CASCADIA R S OR +"	silt	5	forest	8.72	69.83	66.18	774.8673	m			ft
WE	wepp-135568	"12:19 pm  Thursday October 8, 2020"	"CASCADIA R S OR +"	silt	5	forest	42.9	72.59	51.47	420.6761	m			ft
WE	wepp-135698	"12:19 pm  Thursday October 8, 2020"	"CASCADIA R S OR +"	silt	5	forest	58.69	74.93	99.49	100	h			ft
WE	wepp-135868	"12:20 pm  Thursday October 8, 2020"	"CASCADIA R S OR +"	silt	5	forest	44.33	79.14	54.85	285.3834	m			ft
WE	wepp-136006	"12:20 pm  Thursday October 8, 2020"	"CASCADIA R S OR +"	silt	5	forest	56.67	67.2	37.52	406.0872	h			ft
WE	wepp-136184	"12:20 pm  Thursday October 8, 2020"	"CASCADIA R S OR +"	silt	5	forest	27.58	77.17	61.31	502.9117	h			ft
WE	wepp-136372	"12:21 pm  Thursday October 8, 2020"	"CASCADIA R S OR +"	silt	5	forest	68.33	88.81	57.99	335.3452	h			ft
WE	wepp-136552	"12:21 pm  Thursday October 8, 2020"	"CASCADIA R S OR +"	silt	5	forest	16.03	16.35	9.77	738.9488	m			ft
WE	wepp-136682	"12:21 pm  Thursday October 8, 2020"	"CASCADIA R S OR +"	silt	5	forest	48.33	64.06	40.06	125.2748	m			ft
WE	wepp-136812	"12:22 pm  Thursday October 8, 2020"	"CASCADIA R S OR +"	silt	5	forest	35.35	56.94	43.54	264.8251	m			ft
WE	wepp-136942	"12:22 pm  Thursday October 8, 2020"	"CASCADIA R S OR +"	silt	5	forest	33	88.15	50.08	325.2819	m			ft
WE	wepp-137078	"12:22 pm  Thursday October 8, 2020"	"CASCADIA R S OR +"	silt	5	forest	19.33	55.15	40.06	540.5264	m			ft
WE	wepp-137223	"12:23 pm  Thursday October 8, 2020"	"CASCADIA R S OR +"	silt	5	forest	55.33	63.05	58.67	249.3682	h			ft
WE	wepp-137397	"12:23 pm  Thursday October 8, 2020"	"CASCADIA R S OR +"	silt	5	forest	49.26	61.98	43.48	413.0274	l			ft
WE	wepp-137489	"12:23 pm  Thursday October 8, 2020"	"CASCADIA R S OR +"	silt	5	forest	63.4	96.3	66.07	420.6761	m			ft
WE	wepp-137621	"12:24 pm  Thursday October 8, 2020"	"CASCADIA R S OR +"	clay	5	forest	39.36	55.45	35.89	423.6399	m			ft
WE	wepp-137758	"12:24 pm  Thursday October 8, 2020"	"CASCADIA R S OR +"	silt	5	forest	43.33	66.82	56.68	789.6652	h			ft
WE	wepp-137928	"12:24 pm  Thursday October 8, 2020"	"CASCADIA R S OR +"	silt	5	forest	37	60.48	39.12	1000	m			ft
WE	wepp-138107	"12:25 pm  Thursday October 8, 2020"	"CASCADIA R S OR +"	silt	5	forest	49.67	56.8	22.76	278.3885	m			ft
WE	wepp-138250	"12:25 pm  Thursday October 8, 2020"	"CASCADIA R S OR +"	silt	5	forest	37.95	54.62	11.44	657.0891	m			ft
WE	wepp-138385	"12:25 pm  Thursday October 8, 2020"	"CASCADIA R S OR +"	silt	5	forest	17.44	32.36	29.65	630.6639	l			ft
WE	wepp-138475	"12:25 pm  Thursday October 8, 2020"	"CASCADIA R S OR +"	silt	5	forest	24.33	55.39	53.27	1000	m			ft
WE	wepp-138605	"12:26 pm  Thursday October 8, 2020"	"CASCADIA R S OR +"	silt	5	forest	44.9	100	43.31	295.2756	m			ft
WE	wepp-138735	"12:26 pm  Thursday October 8, 2020"	"CASCADIA R S OR +"	silt	5	forest	72.12	100	59.16	101.9226	h			ft
WE	wepp-138905	"12:26 pm  Thursday October 8, 2020"	"CASCADIA R S OR +"	silt	5	forest	20.33	20.33	20.33	20.90991	h			ft
WE	wepp-139081	"12:27 pm  Thursday October 8, 2020"	"CASCADIA R S OR +"	silt	5	forest	54.45	100	65.29	86.48421	m			ft
WE	wepp-139211	"12:27 pm  Thursday October 8, 2020"	"CASCADIA R S OR +"	silt	5	forest	66.7	100	33.94	393.7008	l			ft
WE	wepp-139301	"12:27 pm  Thursday October 8, 2020"	"CASCADIA R S OR +"	silt	5	forest	60.67	100	53.48	231.3814	h			ft
WE	wepp-139473	"12:28 pm  Thursday October 8, 2020"	"CASCADIA R S OR +"	silt	5	forest	32.76	41.46	35.88	502.4363	h			ft
WE	wepp-139645	"12:28 pm  Thursday October 8, 2020"	"CASCADIA R S OR +"	silt	5	forest	40	71.87	24.71	590.5512	m			ft
WE	wepp-139775	"12:28 pm  Thursday October 8, 2020"	"CASCADIA R S OR +"	silt	5	forest	58.45	60.96	46.65	487.5957	h			ft
WE	wepp-139949	"12:29 pm  Thursday October 8, 2020"	"CASCADIA R S OR +"	silt	5	forest	63.54	100	65.08	225.0941	h			ft
WE	wepp-140181	"12:29 pm  Thursday October 8, 2020"	"CASCADIA R S OR +"	silt	5	forest	43.33	79.4	44.92	111.7938	m			ft
WE	wepp-140313	"12:29 pm  Thursday October 8, 2020"	"CASCADIA R S OR +"	silt	5	forest	48.08	50.72	24.5	94.09461	m			ft
WE	wepp-140443	"12:30 pm  Thursday October 8, 2020"	"CASCADIA R S OR +"	silt	5	forest	64.67	71.1	23.93	407.6905	m			ft
WE	wepp-140585	"12:30 pm  Thursday October 8, 2020"	"CASCADIA R S OR +"	silt	5	forest	43.84	80.31	71.3	911.8693	h			ft
WE	wepp-140760	"12:30 pm  Thursday October 8, 2020"	"CASCADIA R S OR +"	silt	5	forest	91.33	91.33	91.33	122.3072	m			ft
WE	wepp-140892	"12:31 pm  Thursday October 8, 2020"	"CASCADIA R S OR +"	silt	5	forest	20	35.75	32.81	240.3441	m			ft
WE	wepp-141043	"12:31 pm  Thursday October 8, 2020"	"CASCADIA R S OR +"	silt	5	forest	30.17	66.59	77.81	1000	m			ft
WE	wepp-141180	"12:31 pm  Thursday October 8, 2020"	"CASCADIA R S OR +"	silt	5	forest	39.13	100	41.82	164.042	m			ft
WE	wepp-141310	"12:32 pm  Thursday October 8, 2020"	"CASCADIA R S OR +"	silt	5	forest	56.57	84.79	56.88	263.5177	m			ft
WE	wepp-141441	"12:32 pm  Thursday October 8, 2020"	"CASCADIA R S OR +"	silt	5	forest	66	71.27	30.88	150.1918	m			ft
WE	wepp-141573	"12:32 pm  Thursday October 8, 2020"	"CASCADIA R S OR +"	silt	5	forest	58.69	55.15	51.62	49.2126	m			ft
WE	wepp-141707	"12:33 pm  Thursday October 8, 2020"	"CASCADIA R S OR +"	silt	5	forest	39.6	60.11	10.09	936.0867	m			ft
WE	wepp-141837	"12:33 pm  Thursday October 8, 2020"	"CASCADIA R S OR +"	silt	5	forest	44.78	71.39	56.76	839.8437	m			ft
WE	wepp-141967	"12:33 pm  Thursday October 8, 2020"	"CASCADIA R S OR +"	sand	5	forest	38.18	58.83	50.44	811.7842	m			ft
WE	wepp-142115	"12:33 pm  Thursday October 8, 2020"	"CASCADIA R S OR +"	silt	5	forest	54.67	71.14	26.58	259.4527	m			ft
WE	wepp-142247	"12:34 pm  Thursday October 8, 2020"	"CASCADIA R S OR +"	silt	5	forest	75.9	70.53	33.43	366.3604	m			ft
WE	wepp-142377	"12:34 pm  Thursday October 8, 2020"	"CASCADIA R S OR +"	silt	5	forest	14.61	36.88	29.22	785.3541	m			ft
WE	wepp-142509	"12:34 pm  Thursday October 8, 2020"	"CASCADIA R S OR +"	silt	5	forest	79	68.45	26.46	1000	m			ft
WE	wepp-142644	"12:35 pm  Thursday October 8, 2020"	"CASCADIA R S OR +"	silt	5	forest	24.75	46.5	16.3	863.6028	m			ft
WE	wepp-142784	"12:35 pm  Thursday October 8, 2020"	"CASCADIA R S OR +"	silt	5	forest	24.98	68.77	62.61	402.3294	m			ft
WE	wepp-142918	"12:35 pm  Thursday October 8, 2020"	"CASCADIA R S OR +"	silt	5	forest	58.67	84.78	66.56	490.4119	h			ft
WE	wepp-143097	"12:36 pm  Thursday October 8, 2020"	"CASCADIA R S OR +"	silt	5	forest	65.53	81.92	63.24	259.4527	h			ft
WE	wepp-143275	"12:36 pm  Thursday October 8, 2020"	"CASCADIA R S OR +"	silt	5	forest	29.83	78.92	40.67	185.5923	h			ft
WE	wepp-143451	"12:37 pm  Thursday October 8, 2020"	"CASCADIA R S OR +"	sand	5	forest	28.28	59.59	49.62	374.765	m			ft
WE	wepp-143585	"12:37 pm  Thursday October 8, 2020"	"CASCADIA R S OR +"	silt	5	forest	41.72	73.44	67	456.2022	h			ft
WE	wepp-143755	"12:37 pm  Thursday October 8, 2020"	"CASCADIA R S OR +"	silt	5	forest	71.65	100	56.73	187.3825	h			ft
WE	wepp-143926	"12:38 pm  Thursday October 8, 2020"	"CASCADIA R S OR +"	silt	5	forest	59.67	72.14	60.24	1000	h			ft
WE	wepp-144103	"12:38 pm  Thursday October 8, 2020"	"CASCADIA R S OR +"	silt	5	forest	22.63	62.25	45.44	825.7328	m			ft
WE	wepp-144244	"12:38 pm  Thursday October 8, 2020"	"CASCADIA R S OR +"	silt	5	forest	33.33	67.95	47.99	158.5544	m			ft
WE	wepp-144429	"12:39 pm  Thursday October 8, 2020"	"CASCADIA R S OR +"	silt	5	forest	49.93	46.14	27.38	541.4389	m			ft
WE	wepp-144589	"12:39 pm  Thursday October 8, 2020"	"CASCADIA R S OR +"	silt	5	forest	59	86.89	56.54	443.9297	m			ft
WE	wepp-144719	"12:39 pm  Thursday October 8, 2020"	"CASCADIA R S OR +"	silt	5	forest	12.26	66.41	63.91	428.0751	m			ft
WE	wepp-144849	"12:40 pm  Thursday October 8, 2020"	"CASCADIA R S OR +"	silt	5	forest	45.26	64.38	22.72	781.7939	m			ft
WE	wepp-144979	"12:40 pm  Thursday October 8, 2020"	"CASCADIA R S OR +"	silt	5	forest	57.04	100	52.33	81.5381	h			ft
WE	wepp-145156	"12:40 pm  Thursday October 8, 2020"	"CASCADIA R S OR +"	silt	5	forest	66	60.1	54.21	39.37008	m			ft
WE	wepp-145286	"12:41 pm  Thursday October 8, 2020"	"CASCADIA R S OR +"	silt	5	forest	46.67	72.33	29.98	582.7383	h			ft
WE	wepp-145465	"12:41 pm  Thursday October 8, 2020"	"CASCADIA R S OR +"	silt	5	forest	18.15	64.73	57.94	806.0925	h			ft
WE	wepp-145637	"12:41 pm  Thursday October 8, 2020"	"CASCADIA R S OR +"	silt	5	forest	98.89	100	87.96	610.6594	m			ft
WE	wepp-145767	"12:42 pm  Thursday October 8, 2020"	"CASCADIA R S OR +"	silt	5	forest	71.33	69.29	29.88	403.593	l			ft
WE	wepp-145859	"12:42 pm  Thursday October 8, 2020"	"CASCADIA R S OR +"	silt	5	forest	59.93	100	64.38	322.6159	m			ft
WE	wepp-145989	"12:42 pm  Thursday October 8, 2020"	"CASCADIA R S OR +"	silt	5	forest	14.38	56.6	60.73	396.7683	m			ft
WE	wepp-146134	"12:42 pm  Thursday October 8, 2020"	"CASCADIA R S OR +"	silt	5	forest	44.67	68.39	49.34	526.444	h			ft
WE	wepp-146304	"12:43 pm  Thursday October 8, 2020"	"CASCADIA R S OR +"	silt	5	forest	98.29	99.08	45.69	443.4154	l			ft
WE	wepp-146396	"12:43 pm  Thursday October 8, 2020"	"CASCADIA R S OR +"	silt	5	forest	27.58	65.83	49.34	282.7995	h			ft
WE	wepp-146570	"12:43 pm  Thursday October 8, 2020"	"CASCADIA R S OR +"	silt	5	forest	50.44	95.78	44.84	150.1918	m			ft
WE	wepp-146704	"12:44 pm  Thursday October 8, 2020"	"CASCADIA R S OR +"	silt	5	forest	61.52	100	59.63	224.2298	m			ft
WE	wepp-146893	"12:44 pm  Thursday October 8, 2020"	"CASCADIA R S OR +"	silt	5	forest	19.56	59.34	41.66	597.3547	l			ft
WE	wepp-146983	"12:44 pm  Thursday October 8, 2020"	"CASCADIA R S OR +"	silt	5	forest	37.67	71.38	50.18	1000	m			ft
WE	wepp-147116	"12:45 pm  Thursday October 8, 2020"	"CASCADIA R S OR +"	silt	5	forest	54.21	58.23	39.41	751.4757	m			ft
WE	wepp-147254	"12:45 pm  Thursday October 8, 2020"	"CASCADIA R S OR +"	silt	5	forest	23.81	51.44	35.69	323.132	m			ft
WE	wepp-147390	"12:45 pm  Thursday October 8, 2020"	"CASCADIA R S OR +"	silt	5	forest	59.67	68.32	49.74	1000	m			ft
WE	wepp-147525	"12:46 pm  Thursday October 8, 2020"	"CASCADIA R S OR +"	silt	5	forest	72.6	88.81	56	1000	m			ft
WE	wepp-147655	"12:46 pm  Thursday October 8, 2020"	"CASCADIA R S OR +"	silt	5	forest	45.19	42.67	40.15	202.6451	m			ft
WE	wepp-147842	"12:46 pm  Thursday October 8, 2020"	"CASCADIA R S OR +"	silt	5	forest	36.06	55.46	37.06	224.7202	l			ft
WE	wepp-147942	"12:46 pm  Thursday October 8, 2020"	"CASCADIA R S OR +"	silt	5	forest	48.56	58.35	30.4	987.0795	m			ft
WE	wepp-148078	"12:47 pm  Thursday October 8, 2020"	"CASCADIA R S OR +"	silt	5	forest	35.67	100	30.67	23.3293	m			ft
WE	wepp-148209	"12:47 pm  Thursday October 8, 2020"	"CASCADIA R S OR +"	sand	5	forest	35.83	63.16	62.43	273.8667	m			ft
WE	wepp-148348	"12:47 pm  Thursday October 8, 2020"	"CASCADIA R S OR +"	silt	5	forest	70.71	74.41	59.87	1000	h			ft
WE	wepp-148551	"12:48 pm  Thursday October 8, 2020"	"CASCADIA R S OR +"	silt	5	forest	46.67	46.67	46.67	276.2074	m			ft
WE	wepp-148688	"12:48 pm  Thursday October 8, 2020"	"CASCADIA R S OR +"	silt	5	forest	74.72	89.41	56.79	765.5684	m			ft
WE	wepp-148834	"12:48 pm  Thursday October 8, 2020"	"CASCADIA R S OR +"	silt	5	forest	29.46	78.47	86.49	805.3107	m			ft
WE	wepp-148964	"12:49 pm  Thursday October 8, 2020"	"CASCADIA R S OR +"	silt	5	forest	28.99	73.61	47.87	201.7965	m			ft
WE	wepp-149099	"12:49 pm  Thursday October 8, 2020"	"CASCADIA R S OR +"	silt	5	forest	67.18	76.61	31.54	181.914	m			ft
WE	wepp-149229	"12:49 pm  Thursday October 8, 2020"	"CASCADIA R S OR +"	silt	5	forest	30.88	40.17	45.85	192.1933	h			ft
WE	wepp-149404	"12:50 pm  Thursday October 8, 2020"	"CASCADIA R S OR +"	silt	5	forest	73.67	70	37.51	1000	m			ft
WE	wepp-149536	"12:50 pm  Thursday October 8, 2020"	"CASCADIA R S OR +"	silt	5	forest	42.33	72.5	58.87	798.4037	m			ft
WE	wepp-149668	"12:50 pm  Thursday October 8, 2020"	"CASCADIA R S OR +"	silt	5	forest	69.65	91.92	63.12	295.5756	h			ft
WE	wepp-149840	"12:51 pm  Thursday October 8, 2020"	"CASCADIA R S OR +"	silt	5	forest	42.33	43.5	44.67	10.69013	h			ft
WE	wepp-150017	"12:51 pm  Thursday October 8, 2020"	"CASCADIA R S OR +"	silt	5	forest	19.56	82.6	64.18	666.7571	h			ft
WE	wepp-150187	"12:51 pm  Thursday October 8, 2020"	"CASCADIA R S OR +"	silt	5	forest	43.6	66.92	52.09	756.6866	m			ft
WE	wepp-150320	"12:52 pm  Thursday October 8, 2020"	"CASCADIA R S OR +"	silt	5	forest	63	100	56.81	231.9995	m			ft
WE	wepp-150459	"12:52 pm  Thursday October 8, 2020"	"CASCADIA R S OR +"	silt	5	forest	36.33	61.37	65.29	1000	m			ft
WE	wepp-150589	"12:52 pm  Thursday October 8, 2020"	"CASCADIA R S OR +"	silt	5	forest	50.2	88.86	59.29	334.3474	m			ft
WE	wepp-150732	"12:52 pm  Thursday October 8, 2020"	"CASCADIA R S OR +"	loam	5	forest	16.67	69.72	58.68	870.2034	m			ft
WE	wepp-150863	"12:53 pm  Thursday October 8, 2020"	"CASCADIA R S OR +"	silt	5	forest	18.33	35.78	29.04	953.387	h			ft
WE	wepp-151035	"12:53 pm  Thursday October 8, 2020"	"CASCADIA R S OR +"	silt	5	forest	55.63	56.22	56.81	102.8362	m			ft
WE	wepp-151174	"12:53 pm  Thursday October 8, 2020"	"CASCADIA R S OR +"	silt	5	forest	47.38	77.42	84.81	693.3777	m			ft
WE	wepp-151307	"12:54 pm  Thursday October 8, 2020"	"CASCADIA R S OR +"	silt	5	forest	16	54.07	65.11	471.4798	h			ft
WE	wepp-151484	"12:54 pm  Thursday October 8, 2020"	"CASCADIA R S OR +"	silt	5	forest	58	100	62.5	242.3492	m			ft
WE	wepp-151617	"12:54 pm  Thursday October 8, 2020"	"CASCADIA R S OR +"	silt	5	forest	81.67	71.38	29.26	1000	h			ft
WE	wepp-151792	"12:55 pm  Thursday October 8, 2020"	"CASCADIA R S OR +"	silt	5	forest	41.72	62.69	23.24	610.8878	m			ft
WE	wepp-151934	"12:55 pm  Thursday October 8, 2020"	"CASCADIA R S OR +"	silt	5	forest	73.33	72.95	14	1000	m			ft
WE	wepp-152065	"12:55 pm  Thursday October 8, 2020"	"CASCADIA R S OR +"	silt	5	forest	22.67	56.67	38.15	378.9738	m			ft
WE	wepp-152195	"12:56 pm  Thursday October 8, 2020"	"CASCADIA R S OR +"	silt	5	forest	38.89	61.88	36	565.5989	m			ft
WE	wepp-152325	"12:56 pm  Thursday October 8, 2020"	"CASCADIA R S OR +"	silt	5	forest	78	99	58.04	447.508	h			ft
WE	wepp-152508	"12:56 pm  Thursday October 8, 2020"	"CASCADIA R S OR +"	silt	5	forest	55.63	100	88.39	144.1404	m			ft
WE	wepp-152644	"12:57 pm  Thursday October 8, 2020"	"CASCADIA R S OR +"	silt	5	forest	71	65.97	49.19	549.3714	h			ft
WE	wepp-152821	"12:57 pm  Thursday October 8, 2020"	"CASCADIA R S OR +"	silt	5	forest	46.67	62.2	46.55	350.1149	m			ft
WE	wepp-152955	"12:57 pm  Thursday October 8, 2020"	"CASCADIA R S OR +"	silt	5	forest	28.05	58.36	48.79	289.2267	m			ft
WE	wepp-153087	"12:58 pm  Thursday October 8, 2020"	"CASCADIA R S OR +"	silt	5	forest	18	52.46	70.93	870.4725	h			ft
WE	wepp-153257	"12:58 pm  Thursday October 8, 2020"	"CASCADIA R S OR +"	silt	5	forest	33.7	64.68	45.33	487.1799	m			ft
WE	wepp-153394	"12:58 pm  Thursday October 8, 2020"	"CASCADIA R S OR +"	silt	5	forest	68.33	68.33	68.33	576.5615	m			ft
WE	wepp-153527	"12:59 pm  Thursday October 8, 2020"	"CASCADIA R S OR +"	silt	5	forest	34.67	31.48	28.36	440.6309	m			ft
WE	wepp-153730	"12:59 pm  Thursday October 8, 2020"	"CASCADIA R S OR +"	silt	5	forest	22.39	56.47	26.66	850.2567	m			ft
WE	wepp-153865	"12:59 pm  Thursday October 8, 2020"	"CASCADIA R S OR +"	silt	5	forest	60.58	64.1	31.37	658.5967	h			ft
WE	wepp-154040	"01:00 pm  Thursday October 8, 2020"	"CASCADIA R S OR +"	silt	5	forest	77.78	100	65.09	347.9856	h			ft
WE	wepp-154215	"01:00 pm  Thursday October 8, 2020"	"CASCADIA R S OR +"	silt	5	forest	33.47	65.96	55.18	908.1163	m			ft
WE	wepp-154345	"01:00 pm  Thursday October 8, 2020"	"CASCADIA R S OR +"	silt	5	forest	57.98	74.56	23.3	496.3125	m			ft
WE	wepp-154480	"01:01 pm  Thursday October 8, 2020"	"CASCADIA R S OR +"	silt	5	forest	41.83	98.62	62.41	331.5228	m			ft
WE	wepp-154634	"01:01 pm  Thursday October 8, 2020"	"CASCADIA R S OR +"	silt	5	forest	40.33	63.17	48.14	1000	h			ft
WE	wepp-154814	"01:01 pm  Thursday October 8, 2020"	"CASCADIA R S OR +"	silt	5	forest	51.62	64.72	77.83	46.03458	m			ft
WE	wepp-154953	"01:02 pm  Thursday October 8, 2020"	"CASCADIA R S OR +"	loam	5	forest	12.44	30.18	24.12	649.9976	l			ft
WE	wepp-155043	"01:02 pm  Thursday October 8, 2020"	"CASCADIA R S OR +"	silt	5	forest	42.9	61.51	41.13	754.5932	m			ft
WE	wepp-155179	"01:02 pm  Thursday October 8, 2020"	"CASCADIA R S OR +"	silt	5	forest	62.33	100	62.06	239.6109	m			ft
WE	wepp-155312	"01:02 pm  Thursday October 8, 2020"	"CASCADIA R S OR +"	silt	5	forest	30	31.21	22.53	782.3303	l			ft
WE	wepp-155403	"01:03 pm  Thursday October 8, 2020"	"CASCADIA R S OR +"	silt	5	forest	77.31	72.65	52.62	341.6804	h			ft
WE	wepp-155573	"01:03 pm  Thursday October 8, 2020"	"CASCADIA R S OR +"	silt	5	forest	30.64	62.96	32.9	1000	m			ft
WE	wepp-155708	"01:03 pm  Thursday October 8, 2020"	"CASCADIA R S OR +"	loam	5	forest	5.42	51.93	48.1	106.8687	h			ft
WE	wepp-155887	"01:04 pm  Thursday October 8, 2020"	"CASCADIA R S OR +"	loam	5	forest	2.33	4.85	5.39	489.2286	m			ft
WE	wepp-156022	"01:04 pm  Thursday October 8, 2020"	"CASCADIA R S OR +"	silt	5	forest	6.67	11.38	16.1	54.43504	m			ft
WE	wepp-156152	"01:04 pm  Thursday October 8, 2020"	"CASCADIA R S OR +"	silt	5	forest	20.33	43.22	48.36	256.1811	l			ft
WE	wepp-156247	"01:05 pm  Thursday October 8, 2020"	"CASCADIA R S OR +"	silt	5	forest	6.67	56.4	62.82	1000	m			ft
WE	wepp-156406	"01:05 pm  Thursday October 8, 2020"	"CASCADIA R S OR +"	silt	5	forest	52	82.62	40	344.4882	m			ft
WE	wepp-156692	"01:05 pm  Thursday October 8, 2020"	"CASCADIA R S OR +"	silt	5	forest	59.63	100	100	326.1524	m			ft
WE	wepp-156829	"01:05 pm  Thursday October 8, 2020"	"CASCADIA R S OR +"	silt	5	forest	90.74	83.42	73.3	523.0028	m			ft
WE	wepp-156959	"01:06 pm  Thursday October 8, 2020"	"CASCADIA R S OR +"	silt	5	forest	56.67	70.05	57.75	565.5989	m			ft
WE	wepp-157093	"01:06 pm  Thursday October 8, 2020"	"CASCADIA R S OR +"	silt	5	forest	55.86	59	62.15	109.0742	h			ft
WE	wepp-157270	"01:07 pm  Thursday October 8, 2020"	"CASCADIA R S OR +"	silt	5	forest	69.53	72.08	45.6	289.9133	m			ft
WE	wepp-157402	"01:07 pm  Thursday October 8, 2020"	"CASCADIA R S OR +"	silt	5	forest	33	45.77	35.04	472.9979	m			ft
WE	wepp-157532	"01:07 pm  Thursday October 8, 2020"	"CASCADIA R S OR +"	silt	5	forest	77.33	78.88	35.18	188.2844	h			ft
WE	wepp-157702	"01:07 pm  Thursday October 8, 2020"	"CASCADIA R S OR +"	silt	5	forest	23.34	60.24	51.63	555.3619	h			ft
WE	wepp-157874	"01:08 pm  Thursday October 8, 2020"	"CASCADIA R S OR +"	silt	5	forest	58.93	78.41	67.66	336.8705	m			ft
WE	wepp-158004	"01:08 pm  Thursday October 8, 2020"	"CASCADIA R S OR +"	silt	5	forest	51.67	73.71	58.37	626.3741	h			ft
WE	wepp-158229	"01:09 pm  Thursday October 8, 2020"	"CASCADIA R S OR +"	loam	5	forest	28	66.66	58.55	1000	l			ft
WE	wepp-158319	"01:09 pm  Thursday October 8, 2020"	"CASCADIA R S OR +"	silt	5	forest	26.33	43.35	41.66	865.8112	l			ft
WE	wepp-158409	"01:09 pm  Thursday October 8, 2020"	"CASCADIA R S OR +"	silt	5	forest	32.06	49.91	36.36	903.5448	m			ft
WE	wepp-158549	"01:09 pm  Thursday October 8, 2020"	"CASCADIA R S OR +"	silt	5	forest	23	32.08	29.98	384.3865	h			ft
WE	wepp-158720	"01:10 pm  Thursday October 8, 2020"	"CASCADIA R S OR +"	silt	5	forest	24.28	28.68	34.83	829.975	m			ft
WE	wepp-158850	"01:10 pm  Thursday October 8, 2020"	"CASCADIA R S OR +"	silt	5	forest	43.6	73.44	82.3	754.1319	h			ft
WE	wepp-159020	"01:10 pm  Thursday October 8, 2020"	"CASCADIA R S OR +"	loam	5	forest	22.39	22.52	19.93	695.3523	l			ft
WE	wepp-159110	"01:11 pm  Thursday October 8, 2020"	"CASCADIA R S OR +"	silt	5	forest	58.81	78.55	98.29	115.3123	m			ft
WE	wepp-159245	"01:11 pm  Thursday October 8, 2020"	"CASCADIA R S OR +"	silt	5	forest	26.63	42.42	47.79	425.5681	h			ft
WE	wepp-159423	"01:11 pm  Thursday October 8, 2020"	"CASCADIA R S OR +"	silt	5	forest	26.33	63.21	55.32	1000	h			ft
WE	wepp-159598	"01:12 pm  Thursday October 8, 2020"	"CASCADIA R S OR +"	silt	5	forest	45.96	60.18	44.16	488.8083	m			ft
WE	wepp-159732	"01:12 pm  Thursday October 8, 2020"	"CASCADIA R S OR +"	silt	5	forest	54.33	70.09	57.34	1000	h			ft
WE	wepp-159919	"01:12 pm  Thursday October 8, 2020"	"CASCADIA R S OR +"	silt	5	forest	41.33	67.34	62.93	264.9988	h			ft
WE	wepp-160089	"01:13 pm  Thursday October 8, 2020"	"CASCADIA R S OR +"	silt	5	forest	21.92	64.74	46.23	587.3403	m			ft
WE	wepp-160219	"01:13 pm  Thursday October 8, 2020"	"CASCADIA R S OR +"	silt	5	forest	48.32	100	57.91	161.8601	m			ft
WE	wepp-160349	"01:13 pm  Thursday October 8, 2020"	"CASCADIA R S OR +"	silt	5	forest	12.02	72.89	60.54	631.7578	h			ft
WE	wepp-160528	"01:14 pm  Thursday October 8, 2020"	"CASCADIA R S OR +"	silt	5	forest	45.73	63.89	53.01	944.8257	m			ft
