WR	wepp-116394	"01:19 pm  Friday May 15, 2020"	"Mud +"	50	sand	native	1000	2	30	15	50	130	2	20	inbare	ft
WR	wepp-116431	"01:20 pm  Friday May 15, 2020"	"Mud +"	50	sand	graveled	1000	2	30	15	50	130	2	20	inveg	ft
WR	wepp-116469	"01:20 pm  Friday May 15, 2020"	"Mud +"	30	sand	graveled	200	4	13	15	50	130	25	20	outunrut	ft
WR	wepp-116505	"01:21 pm  Friday May 15, 2020"	"Mud +"	30	sand	graveled	1000	2	30	15	50	130	2	20	outunrut	ft
WR	wepp-116586	"01:23 pm  Friday May 15, 2020"	"Mud +"	50	sand	native	1000	2	30	10	40	130	2	20	inbare	ft
WR	wepp-116623	"01:24 pm  Friday May 15, 2020"	"Mud +"	50	sand	graveled	1000	2	30	10	40	130	2	20	inveg	ft
WR	wepp-116660	"01:25 pm  Friday May 15, 2020"	"Mud +"	50	sand	graveled	1000	2	30	10	40	130	2	20	outunrut	ft
WR	wepp-116708	"01:26 pm  Friday May 15, 2020"	"Mud +"	50	sand	native	1000	2	30	10	40	5	2	20	inbare	ft
WR	wepp-116824	"01:31 pm  Friday May 15, 2020"	"Mud +"	50	sand	graveled	1000	2	30	10	40	5	2	20	inveg	ft
WR	wepp-116869	"01:32 pm  Friday May 15, 2020"	"Mud +"	50	sand	graveled	1000	2	30	10	40	5	2	20	outunrut	ft
WR	wepp-116923	"01:34 pm  Friday May 15, 2020"	"Mud +"	50	sand	graveled	1000	2	30	10	40	5	2	20	outunrut	ft
WR	wepp-118551	"02:58 pm  Friday May 15, 2020"	"Mud +"	50	sand	native	500	8	14	15	50	5	20	20	outrut	ft
WR	wepp-118651	"03:00 pm  Friday May 15, 2020"	"Mud +"	50	sand	graveled	200	8	14	15	50	5	20	20	outrut	ft
WR	wepp-118714	"03:01 pm  Friday May 15, 2020"	"Mud +"	50	sand	graveled	200	8	14	15	50	5	20	20	outrut	ft
WR	wepp-118829	"03:04 pm  Friday May 15, 2020"	"Mud +"	50	sand	native	500	8	14	15	50	5	20	20	inbare	ft
WR	wepp-118881	"03:05 pm  Friday May 15, 2020"	"Mud +"	50	sand	graveled	500	8	14	15	50	5	20	20	inveg	ft
WR	wepp-118935	"03:05 pm  Friday May 15, 2020"	"Mud +"	50	sand	graveled	200	8	14	15	50	5	20	20	inveg	ft
WR	wepp-118975	"03:07 pm  Friday May 15, 2020"	"Mud +"	50	sand	graveled	200	8	14	15	50	5	20	20	inveg	ft
WR	wepp-119080	"03:09 pm  Friday May 15, 2020"	"Mud +"	50	sand	graveled	200	8	14	15	50	5	20	20	inveg	ft
WR	wepp-119139	"03:11 pm  Friday May 15, 2020"	"Mud +"	50	sand	graveled	200	8	14	15	50	5	20	20	outrut	ft
WR	wepp-119188	"03:12 pm  Friday May 15, 2020"	"Mud +"	50	sand	native	500	8	14	15	50	5	20	20	outrut	ft
WR	wepp-119226	"03:13 pm  Friday May 15, 2020"	"Mud +"	50	sand	native	500	8	14	15	50	5	20	20	inbare	ft
