WD	wepp-152398	"07:06 am  Tuesday May 24, 2022"	"MOUNT SHASTA CA"	30	clay	high	1200	0	30	45	20	tree5	1200	30	5	100	20	0	ft	""
WD	wepp-153437	"07:54 am  Tuesday May 24, 2022"	"GASCON NM Modified +"	30	sand	high	500	35	45	41	47	high	500	45	35	41	47	0	ft	"1High"
WD	wepp-153449	"07:55 am  Tuesday May 24, 2022"	"GASCON NM Modified +"	30	sand	high	500	35	45	41	47	high	500	45	35	41	47	0	ft	"1High"
WD	wepp-153454	"07:56 am  Tuesday May 24, 2022"	"GASCON NM Modified +"	30	sand	high	500	35	45	41	47	high	500	45	35	41	47	0	ft	"1High"
WD	wepp-153775	"08:13 am  Tuesday May 24, 2022"	"GASCON NM Modified +"	30	sand	tree20	500	35	45	100	47	tree20	500	45	35	100	47	0	ft	"1Unburned"
WD	wepp-153780	"08:13 am  Tuesday May 24, 2022"	"GASCON NM Modified +"	30	sand	tree20	500	35	45	100	47	tree20	500	45	35	100	47	0	ft	"1Unburned"
WD	wepp-153801	"08:15 am  Tuesday May 24, 2022"	"GASCON NM Modified +"	30	sand	high	500	35	45	56	47	high	500	45	35	56	47	0	ft	"1Moderate"
WD	wepp-153807	"08:15 am  Tuesday May 24, 2022"	"GASCON NM Modified +"	30	sand	high	500	35	45	56	47	high	500	45	35	56	47	0	ft	"1Moderate"
WD	wepp-153812	"08:16 am  Tuesday May 24, 2022"	"GASCON NM Modified +"	30	sand	low	500	35	45	83	47	low	500	45	35	83	47	0	ft	"1Low"
WD	wepp-153818	"08:16 am  Tuesday May 24, 2022"	"GASCON NM Modified +"	30	sand	low	500	35	45	83	47	low	500	45	35	83	47	0	ft	"1Low"
WD	wepp-153823	"08:16 am  Tuesday May 24, 2022"	"GASCON NM Modified +"	30	sand	low	500	35	45	83	47	low	500	45	35	83	47	0	ft	"1Low"
WD	wepp-153985	"08:28 am  Tuesday May 24, 2022"	"GASCON NM Modified +"	30	sand	high	500	35	45	41	47	high	500	45	35	41	47	0	ft	"2High"
WD	wepp-153991	"08:28 am  Tuesday May 24, 2022"	"GASCON NM Modified +"	30	sand	high	500	35	45	41	47	high	500	45	35	41	47	0	ft	"2High"
WD	wepp-154001	"08:29 am  Tuesday May 24, 2022"	"GASCON NM Modified +"	30	sand	high	500	35	45	56	47	high	500	45	35	56	47	0	ft	"2Moderate"
WD	wepp-154006	"08:29 am  Tuesday May 24, 2022"	"GASCON NM Modified +"	30	sand	high	500	35	45	56	47	high	500	45	35	56	47	0	ft	"2Moderate"
WD	wepp-154012	"08:29 am  Tuesday May 24, 2022"	"GASCON NM Modified +"	30	sand	tree20	500	35	45	100	47	tree20	500	45	35	100	47	0	ft	"2Unburned"
WD	wepp-154068	"08:30 am  Tuesday May 24, 2022"	"GASCON NM Modified +"	30	sand	tree20	500	35	45	100	47	tree20	500	45	35	100	47	0	ft	"2Unburned"
WD	wepp-154090	"08:30 am  Tuesday May 24, 2022"	"GASCON NM Modified +"	30	sand	low	500	35	45	83	47	low	500	45	35	83	47	0	ft	"2Low"
WD	wepp-154095	"08:31 am  Tuesday May 24, 2022"	"GASCON NM Modified +"	30	sand	low	500	35	45	83	47	low	500	45	35	83	47	0	ft	"2Low"
WD	wepp-154146	"08:35 am  Tuesday May 24, 2022"	"GASCON NM Modified +"	30	sand	low	500	35	45	83	47	low	500	45	35	83	47	0	ft	"3Low"
WD	wepp-154153	"08:35 am  Tuesday May 24, 2022"	"GASCON NM Modified +"	30	sand	low	500	35	45	83	47	low	500	45	35	83	47	0	ft	"3Low"
WD	wepp-154182	"08:36 am  Tuesday May 24, 2022"	"GASCON NM Modified +"	30	sand	high	500	35	45	56	47	high	500	45	35	56	47	0	ft	"3Moderate"
WD	wepp-154187	"08:36 am  Tuesday May 24, 2022"	"GASCON NM Modified +"	30	sand	high	500	35	45	56	47	high	500	45	35	56	47	0	ft	"3Moderate"
WD	wepp-154202	"08:37 am  Tuesday May 24, 2022"	"GASCON NM Modified +"	30	sand	high	500	35	45	41	47	high	500	45	35	41	47	0	ft	"3High"
WD	wepp-154207	"08:38 am  Tuesday May 24, 2022"	"GASCON NM Modified +"	30	sand	high	500	35	45	41	47	high	500	45	35	41	47	0	ft	"3High"
WD	wepp-154572	"08:55 am  Tuesday May 24, 2022"	"GASCON NM Modified +"	30	loam	high	500	15	17	26	25	high	500	17	15	26	25	0	ft	"4High"
WD	wepp-154577	"08:55 am  Tuesday May 24, 2022"	"GASCON NM Modified +"	30	loam	high	500	15	17	26	25	high	500	17	15	26	25	0	ft	"4High"
WD	wepp-154589	"08:56 am  Tuesday May 24, 2022"	"GASCON NM Modified +"	30	loam	high	500	15	17	43	25	high	500	17	15	43	25	0	ft	"4Moderate"
WD	wepp-154594	"08:56 am  Tuesday May 24, 2022"	"GASCON NM Modified +"	30	loam	high	500	15	17	43	25	high	500	17	15	43	25	0	ft	"4Moderate"
WD	wepp-154608	"08:57 am  Tuesday May 24, 2022"	"GASCON NM Modified +"	30	loam	tree20	500	15	17	100	25	tree20	500	17	15	100	25	0	ft	"4Unburned"
WD	wepp-154614	"08:57 am  Tuesday May 24, 2022"	"GASCON NM Modified +"	30	loam	tree20	500	15	17	100	25	tree20	500	17	15	100	25	0	ft	"4Unburned"
WD	wepp-154628	"08:59 am  Tuesday May 24, 2022"	"GASCON NM Modified +"	30	loam	low	500	15	17	73	25	low	500	17	15	73	25	0	ft	"4Low"
WD	wepp-154633	"08:59 am  Tuesday May 24, 2022"	"GASCON NM Modified +"	30	loam	low	500	15	17	73	25	low	500	17	15	73	25	0	ft	"4Low"
WD	wepp-154711	"09:01 am  Tuesday May 24, 2022"	"GASCON NM Modified +"	30	sand	tree20	500	35	45	100	47	tree20	500	45	35	100	47	0	ft	"5unburned"
WD	wepp-154716	"09:01 am  Tuesday May 24, 2022"	"GASCON NM Modified +"	30	sand	tree20	500	35	45	100	47	tree20	500	45	35	100	47	0	ft	"5unburned"
WD	wepp-154723	"09:02 am  Tuesday May 24, 2022"	"GASCON NM Modified +"	30	sand	high	500	35	45	56	47	high	500	45	35	56	47	0	ft	"5Moderate"
WD	wepp-154728	"09:02 am  Tuesday May 24, 2022"	"GASCON NM Modified +"	30	sand	high	500	35	45	56	47	high	500	45	35	56	47	0	ft	"5Moderate"
WD	wepp-154735	"09:03 am  Tuesday May 24, 2022"	"GASCON NM Modified +"	30	sand	low	500	35	45	83	47	low	500	45	35	83	47	0	ft	"5Low"
WD	wepp-154741	"09:03 am  Tuesday May 24, 2022"	"GASCON NM Modified +"	30	sand	low	500	35	45	83	47	low	500	45	35	83	47	0	ft	"5Low"
WD	wepp-154748	"09:04 am  Tuesday May 24, 2022"	"GASCON NM Modified +"	30	sand	high	500	35	45	41	47	high	500	45	35	41	47	0	ft	"5High"
WD	wepp-154753	"09:04 am  Tuesday May 24, 2022"	"GASCON NM Modified +"	30	sand	high	500	35	45	41	47	high	500	45	35	41	47	0	ft	"5High"
WD	wepp-155436	"09:44 am  Tuesday May 24, 2022"	"GASCON NM Modified +"	30	sand	high	500	35	56	61	50	high	500	56	35	61	50	0	ft	"353High"
WD	wepp-155441	"09:44 am  Tuesday May 24, 2022"	"GASCON NM Modified +"	30	sand	high	500	35	56	61	50	high	500	56	35	61	50	0	ft	"353High"
WD	wepp-156011	"10:02 am  Tuesday May 24, 2022"	"GASCON NM Modified +"	50	sand	high	500	35	56	61	50	high	500	56	35	61	50	0	ft	"353High"
WD	wepp-156016	"10:02 am  Tuesday May 24, 2022"	"GASCON NM Modified +"	50	sand	high	500	35	56	61	50	high	500	56	35	61	50	0	ft	"353High"
WD	wepp-156086	"10:06 am  Tuesday May 24, 2022"	"GASCON NM Modified +"	30	sand	high	500	35	56	61	50	high	500	56	35	61	50	0	ft	"353High"
WD	wepp-156330	"10:12 am  Tuesday May 24, 2022"	"GASCON NM Modified +"	30	sand	high	500	35	56	61	50	high	500	56	35	61	50	0	ft	""
WD	wepp-156335	"10:12 am  Tuesday May 24, 2022"	"GASCON NM Modified +"	30	sand	high	500	35	56	61	50	high	500	56	35	61	50	0	ft	""
WD	wepp-156386	"10:14 am  Tuesday May 24, 2022"	"GASCON NM Modified +"	30	sand	high	500	35	56	75	50	high	500	56	35	75	50	0	ft	""
WD	wepp-156416	"10:15 am  Tuesday May 24, 2022"	"GASCON NM Modified +"	30	sand	high	500	35	56	75	50	high	500	56	35	75	50	0	ft	""
WD	wepp-156430	"10:16 am  Tuesday May 24, 2022"	"GASCON NM Modified +"	30	sand	low	500	35	56	100	50	low	500	56	35	100	50	0	ft	""
WD	wepp-156440	"10:16 am  Tuesday May 24, 2022"	"GASCON NM Modified +"	30	sand	low	500	35	56	100	50	low	500	56	35	100	50	0	ft	""
WD	wepp-156465	"10:17 am  Tuesday May 24, 2022"	"GASCON NM Modified +"	30	sand	tree20	500	35	56	100	50	tree20	500	56	35	100	50	0	ft	""
WD	wepp-156480	"10:17 am  Tuesday May 24, 2022"	"GASCON NM Modified +"	30	sand	tree20	500	35	56	100	50	tree20	500	56	35	100	50	0	ft	""
WD	wepp-156504	"10:18 am  Tuesday May 24, 2022"	"GASCON NM Modified +"	30	sand	tree20	500	15	37	100	50	tree20	500	37	15	100	50	0	ft	""
WD	wepp-156509	"10:18 am  Tuesday May 24, 2022"	"GASCON NM Modified +"	30	sand	tree20	500	15	37	100	50	tree20	500	37	15	100	50	0	ft	""
WD	wepp-156514	"10:18 am  Tuesday May 24, 2022"	"GASCON NM Modified +"	30	sand	tree20	500	15	37	100	50	tree20	500	37	15	100	50	0	ft	""
WD	wepp-156530	"10:19 am  Tuesday May 24, 2022"	"GASCON NM Modified +"	30	sand	low	500	15	37	95	50	low	500	37	15	95	50	0	ft	""
WD	wepp-156535	"10:19 am  Tuesday May 24, 2022"	"GASCON NM Modified +"	30	sand	low	500	15	37	95	50	low	500	37	15	95	50	0	ft	""
WE	wepp-156620	"10:20 am  Tuesday May 24, 2022"	"GASCON NM Modified +"	clay	20	forest	0	50	30	300	l			ft
WE	wepp-156823	"10:24 am  Tuesday May 24, 2022"	"GASCON NM Modified +"	clay	20	forest	0	50	30	300	l			ft
WD	wepp-159886	"12:26 pm  Tuesday May 24, 2022"	"GASCON NM Modified +"	30	sand	low	500	15	37	95	50	low	500	37	15	95	50	0	ft	""
WD	wepp-159908	"12:27 pm  Tuesday May 24, 2022"	"GASCON NM Modified +"	30	sand	high	500	15	37	73	50	high	500	37	15	73	50	0	ft	""
WD	wepp-159915	"12:28 pm  Tuesday May 24, 2022"	"GASCON NM Modified +"	30	sand	high	500	15	37	73	50	high	500	37	15	73	50	0	ft	""
WD	wepp-159926	"12:29 pm  Tuesday May 24, 2022"	"GASCON NM Modified +"	30	sand	high	500	15	37	61	50	high	500	37	15	61	50	0	ft	""
WD	wepp-159931	"12:29 pm  Tuesday May 24, 2022"	"GASCON NM Modified +"	30	sand	high	500	15	37	61	50	high	500	37	15	61	50	0	ft	""
WD	wepp-160046	"12:31 pm  Tuesday May 24, 2022"	"GASCON NM Modified +"	30	sand	tree20	500	15	26	100	47	tree20	500	26	15	100	47	0	ft	""
WD	wepp-160051	"12:31 pm  Tuesday May 24, 2022"	"GASCON NM Modified +"	30	sand	tree20	500	15	26	100	47	tree20	500	26	15	100	47	0	ft	""
WD	wepp-160085	"12:33 pm  Tuesday May 24, 2022"	"GASCON NM Modified +"	30	sand	low	500	15	26	75	47	low	500	26	15	75	47	0	ft	""
WD	wepp-160095	"12:33 pm  Tuesday May 24, 2022"	"GASCON NM Modified +"	30	sand	low	500	15	26	75	47	low	500	26	15	75	47	0	ft	""
WD	wepp-160120	"12:34 pm  Tuesday May 24, 2022"	"GASCON NM Modified +"	30	sand	high	500	15	26	51	47	high	500	26	15	51	47	0	ft	""
WD	wepp-160125	"12:34 pm  Tuesday May 24, 2022"	"GASCON NM Modified +"	30	sand	high	500	15	26	51	47	high	500	26	15	51	47	0	ft	""
WD	wepp-160159	"12:35 pm  Tuesday May 24, 2022"	"GASCON NM Modified +"	30	sand	high	500	15	26	41	47	high	500	26	15	41	47	0	ft	""
WD	wepp-160166	"12:35 pm  Tuesday May 24, 2022"	"GASCON NM Modified +"	30	sand	high	500	15	26	41	47	high	500	26	15	41	47	0	ft	""
WD	wepp-160223	"12:37 pm  Tuesday May 24, 2022"	"GASCON NM Modified +"	30	sand	tree20	500	35	45	100	47	tree20	500	45	35	100	47	0	ft	""
WD	wepp-160228	"12:37 pm  Tuesday May 24, 2022"	"GASCON NM Modified +"	30	sand	tree20	500	35	45	100	47	tree20	500	45	35	100	47	0	ft	""
WD	wepp-160252	"12:38 pm  Tuesday May 24, 2022"	"GASCON NM Modified +"	30	sand	low	500	35	45	83	47	low	500	45	35	83	47	0	ft	""
WD	wepp-160262	"12:38 pm  Tuesday May 24, 2022"	"GASCON NM Modified +"	30	sand	low	500	35	45	83	47	low	500	45	35	83	47	0	ft	""
WD	wepp-160421	"12:41 pm  Tuesday May 24, 2022"	"GASCON NM Modified +"	30	sand	high	500	35	45	56	47	high	500	45	35	56	47	0	ft	""
WD	wepp-160426	"12:41 pm  Tuesday May 24, 2022"	"GASCON NM Modified +"	30	sand	high	500	35	45	56	47	high	500	45	35	56	47	0	ft	""
WD	wepp-160433	"12:41 pm  Tuesday May 24, 2022"	"GASCON NM Modified +"	30	sand	high	500	35	45	45	47	high	500	45	35	41	47	0	ft	""
WD	wepp-160438	"12:42 pm  Tuesday May 24, 2022"	"GASCON NM Modified +"	30	sand	high	500	35	45	45	47	high	500	45	35	41	47	0	ft	""
