WD	wepp-170720	"10:05 pm  Wednesday April 22, 2020"	"../working/170_144_212_13_h"	50		OldForest	50	33.4184157053629	33.4184157053629	95	50	OldForest	100	33.4184157053629	5	100	50	0	ft	"19"
WD	wepp-170768	"10:07 pm  Wednesday April 22, 2020"	"Am Bar Gulch + +"	50	loam	OldForest	50	33.4184157053629	33.4184157053629	95	50	OldForest	100	33.4184157053629	5	100	50	0	ft	"19"
WD	wepp-170803	"10:07 pm  Wednesday April 22, 2020"	"Am Bar Gulch + +"	50	loam	LowFire	600	54.0639856106824	54.0639856106824	85	50	OldForest	300	54.0639856106824	5	95	50	0	ft	"22"
WD	wepp-170810	"10:07 pm  Wednesday April 22, 2020"	"Am Bar Gulch + +"	50	loam	LowFire	1400	29.9274379200943	29.9274379200943	85	50	OldForest	100	29.9274379200943	5	95	50	0	ft	"27"
WD	wepp-170817	"10:07 pm  Wednesday April 22, 2020"	"Am Bar Gulch + +"	50	silt	LowFire	1500	20.0989579175653	20.0989579175653	85	50	OldForest	100	20.0989579175653	5	95	50	0	ft	"28"
WD	wepp-170950	"10:10 pm  Wednesday April 22, 2020"	"Avalanche + +"	50	loam	LowFire	1300	49.9559511699847	49.9559511699847	85	39.5809446648376	OldForest	100	49.9559511699847	5	95	39.5809446648376	0	ft	"90"
WD	wepp-170986	"10:10 pm  Wednesday April 22, 2020"	"Avalanche + +"	50	loam	LowFire	1200	50.695602072062	50.695602072062	75	50	OldForest	100	50.695602072062	5	90	50	0	ft	"91"
WD	wepp-170998	"10:10 pm  Wednesday April 22, 2020"	"Avalanche + +"	50	loam	LowFire	850	51.0043303072506	51.0043303072506	75	49.1139953288661	OldForest	100	51.0043303072506	5	90	49.1139953288661	0	ft	"92"
WD	wepp-171005	"10:10 pm  Wednesday April 22, 2020"	"Avalanche + +"	50	loam	LowFire	1500	49.6044399099522	49.6044399099522	85	48.4375621706861	OldForest	100	49.6044399099522	5	95	48.4375621706861	0	ft	"93"
WD	wepp-171012	"10:10 pm  Wednesday April 22, 2020"	"Avalanche + +"	50	loam	LowFire	1500	56.837380962258	56.837380962258	85	50	OldForest	100	56.837380962258	5	95	50	0	ft	"96"
WD	wepp-171019	"10:10 pm  Wednesday April 22, 2020"	"Avalanche + +"	50	sand	LowFire	1600	50.0841814367842	50.0841814367842	75	50	OldForest	100	50.0841814367842	5	90	50	0	ft	"97"
WD	wepp-171028	"10:10 pm  Wednesday April 22, 2020"	"Avalanche + +"	50	sand	LowFire	2000	54.2804630136122	54.2804630136122	85	50	OldForest	300	54.2804630136122	5	95	50	0	ft	"98"
WD	wepp-171035	"10:10 pm  Wednesday April 22, 2020"	"Avalanche + +"	50	sand	LowFire	1300	48.9761861180855	48.9761861180855	75	50	OldForest	100	48.9761861180855	5	90	50	0	ft	"99"
WD	wepp-171042	"10:10 pm  Wednesday April 22, 2020"	"Avalanche + +"	50	loam	LowFire	570	48.8729118296747	48.8729118296747	85	43.1475311678816	OldForest	100	48.8729118296747	5	95	43.1475311678816	0	ft	"100"
WD	wepp-171049	"10:10 pm  Wednesday April 22, 2020"	"Avalanche + +"	50	loam	LowFire	1380	36.8651276232264	36.8651276232264	85	50	OldForest	100	36.8651276232264	5	95	50	0	ft	"101"
WD	wepp-171056	"10:10 pm  Wednesday April 22, 2020"	"Avalanche + +"	50	loam	LowFire	770	44.5657646161304	44.5657646161304	85	50	OldForest	100	44.5657646161304	5	95	50	0	ft	"102"
WD	wepp-171064	"10:10 pm  Wednesday April 22, 2020"	"Avalanche + +"	50	loam	LowFire	1100	46.0899087474009	46.0899087474009	85	36.8391830782251	OldForest	100	46.0899087474009	5	95	36.8391830782251	0	ft	"103"
WD	wepp-171071	"10:10 pm  Wednesday April 22, 2020"	"Avalanche + +"	50	silt	LowFire	1700	41.0723860625672	41.0723860625672	85	50	OldForest	100	41.0723860625672	5	95	50	0	ft	"104"
WD	wepp-171078	"10:10 pm  Wednesday April 22, 2020"	"Avalanche + +"	50	loam	LowFire	600	50.5175592013233	50.5175592013233	85	37.2185448544454	OldForest	100	50.5175592013233	5	95	37.2185448544454	0	ft	"105"
WD	wepp-171085	"10:10 pm  Wednesday April 22, 2020"	"Avalanche + +"	50	loam	LowFire	1300	50.5092329606239	50.5092329606239	85	50	OldForest	100	50.5092329606239	5	95	50	0	ft	"106"
WD	wepp-171092	"10:10 pm  Wednesday April 22, 2020"	"Avalanche + +"	50	loam	LowFire	1750	51.053395503246	51.053395503246	85	32.6556171536792	OldForest	100	51.053395503246	5	95	32.6556171536792	0	ft	"107"
WD	wepp-171099	"10:10 pm  Wednesday April 22, 2020"	"Avalanche + +"	50	sand	LowFire	1500	52.0650894948336	52.0650894948336	75	50	OldForest	100	52.0650894948336	5	90	50	0	ft	"108"
WD	wepp-171106	"10:10 pm  Wednesday April 22, 2020"	"Avalanche + +"	50	sand	LowFire	1300	48.5015046582481	48.5015046582481	85	50	OldForest	300	48.5015046582481	5	95	50	0	ft	"109"
WD	wepp-171115	"10:10 pm  Wednesday April 22, 2020"	"Avalanche + +"	50	loam	LowFire	2000	51.1620249772294	51.1620249772294	75	30.2125050534461	OldForest	300	51.1620249772294	5	90	30.2125050534461	0	ft	"110"
WD	wepp-171127	"10:10 pm  Wednesday April 22, 2020"	"Avalanche + +"	50	loam	LowFire	1800	47.7375771162747	47.7375771162747	85	30.3346478208561	OldForest	100	47.7375771162747	5	95	30.3346478208561	0	ft	"111"
WD	wepp-171134	"10:10 pm  Wednesday April 22, 2020"	"Avalanche + +"	50	silt	LowFire	1800	26.3950781703263	26.3950781703263	80	30.2012848190282	OldForest	100	26.3950781703263	5	95	30.2012848190282	0	ft	"112"
WD	wepp-171141	"10:10 pm  Wednesday April 22, 2020"	"Avalanche + +"	50	silt	OldForest	1900	22.1061922170561	22.1061922170561	95	30.3552294638453	OldForest	100	22.1061922170561	5	100	30.3552294638453	0	ft	"113"
WD	wepp-171148	"10:10 pm  Wednesday April 22, 2020"	"Avalanche + +"	50	silt	LowFire	1000	23.1121774641189	23.1121774641189	80	30	OldForest	100	23.1121774641189	5	95	30	0	ft	"124"
WD	wepp-171155	"10:11 pm  Wednesday April 22, 2020"	"Avalanche + +"	50	loam	LowFire	600	43.4257100954279	43.4257100954279	85	30	OldForest	100	43.4257100954279	5	95	30	0	ft	"125"
WD	wepp-171162	"10:11 pm  Wednesday April 22, 2020"	"Avalanche + +"	50	clay	LowFire	1800	45.1932581724115	45.1932581724115	85	40.4660175323148	OldForest	100	45.1932581724115	5	95	40.4660175323148	0	ft	"126"
WD	wepp-171169	"10:11 pm  Wednesday April 22, 2020"	"Avalanche + +"	50	silt	LowFire	800	41.5624957632294	41.5624957632294	85	35.5615706538995	OldForest	100	41.5624957632294	5	95	35.5615706538995	0	ft	"127"
WD	wepp-171176	"10:11 pm  Wednesday April 22, 2020"	"Avalanche + +"	50	loam	LowFire	1000	18.3006887148058	18.3006887148058	80	50	OldForest	500	18.3006887148058	5	95	50	0	ft	"128"
WD	wepp-171186	"10:11 pm  Wednesday April 22, 2020"	"Avalanche + +"	50	silt	LowFire	1100	21.5517694718924	21.5517694718924	85	50	OldForest	350	21.5517694718924	5	95	50	0	ft	"129"
WD	wepp-171193	"10:11 pm  Wednesday April 22, 2020"	"Avalanche + +"	50	silt	OldForest	1500	20.3408234708175	20.3408234708175	95	49.1315044033959	OldForest	400	20.3408234708175	5	100	49.1315044033959	0	ft	"130"
WD	wepp-171200	"10:11 pm  Wednesday April 22, 2020"	"Avalanche + +"	50	silt	OldForest	250	7.04082143089988	7.04082143089988	95	30	OldForest	1300	7.04082143089988	5	100	30	0	ft	"134"
WD	wepp-171207	"10:11 pm  Wednesday April 22, 2020"	"Avalanche + +"	50	loam	LowFire	100	25.1938532420567	25.1938532420567	85	50	OldForest	1350	25.1938532420567	5	95	50	0	ft	"136"
WD	wepp-171214	"10:11 pm  Wednesday April 22, 2020"	"Avalanche + +"	50	sand	LowFire	1500	48.8383520151889	48.8383520151889	75	50	OldForest	150	48.8383520151889	5	90	50	0	ft	"139"
WD	wepp-171252	"10:12 pm  Wednesday April 22, 2020"	"../working/170_144_212_13_f"	50		LowFire	150	8.07630391885306	8.07630391885306	85	50	OldForest	100	8.07630391885306	5	95	50	0	ft	"22"
WD	wepp-171254	"10:12 pm  Wednesday April 22, 2020"	"Big Log +"	50	loam	LowFire	150	8.07630391885306	8.07630391885306	85	50	OldForest	100	8.07630391885306	5	95	50	0	ft	"22"
WD	wepp-171290	"10:13 pm  Wednesday April 22, 2020"	"Big Log +"	50	loam	OldForest	280	21.9517593757779	21.9517593757779	95	50	OldForest	100	21.9517593757779	5	100	50	0	ft	"23"
WD	wepp-171297	"10:13 pm  Wednesday April 22, 2020"	"Big Log +"	50	loam	LowFire	550	24.7832557606542	24.7832557606542	85	50	OldForest	100	24.7832557606542	5	95	50	0	ft	"27"
WD	wepp-171404	"10:14 pm  Wednesday April 22, 2020"	"Cave Bay +"	50	sand	LowFire	1100	38.4420587120159	38.4420587120159	85	50	OldForest	100	38.4420587120159	5	95	50	0	ft	"61"
WD	wepp-171442	"10:14 pm  Wednesday April 22, 2020"	"Cave Bay +"	50	sand	LowFire	1800	40.2985842000079	40.2985842000079	85	50	OldForest	150	40.2985842000079	5	95	50	0	ft	"81"
WD	wepp-171449	"10:14 pm  Wednesday April 22, 2020"	"Cave Bay +"	50	sand	LowFire	1200	26.7906204429498	26.7906204429498	85	50	OldForest	100	26.7906204429498	5	95	50	0	ft	"82"
WD	wepp-171456	"10:14 pm  Wednesday April 22, 2020"	"Cave Bay +"	50	loam	OldForest	850	27.060724775131	27.060724775131	95	50	OldForest	100	27.060724775131	5	100	50	0	ft	"84"
WD	wepp-171463	"10:14 pm  Wednesday April 22, 2020"	"Cave Bay +"	50	loam	OldForest	600	31.3161805692466	31.3161805692466	95	50	OldForest	100	31.3161805692466	5	100	50	0	ft	"85"
WD	wepp-171471	"10:14 pm  Wednesday April 22, 2020"	"Cave Bay +"	50	clay	OldForest	300	10.6999524235574	10.6999524235574	95	50	OldForest	100	10.6999524235574	5	100	50	0	ft	"86"
WD	wepp-171510	"10:15 pm  Wednesday April 22, 2020"	"Avalanche + +"	50	loam	LowFire	1300	49.9559511699847	49.9559511699847	85	39.5809446648376	OldForest	100	49.9559511699847	5	95	39.5809446648376	0	ft	"90"
WD	wepp-171549	"10:15 pm  Wednesday April 22, 2020"	"Avalanche + +"	50	loam	LowFire	1200	50.695602072062	50.695602072062	75	50	OldForest	100	50.695602072062	5	90	50	0	ft	"91"
WD	wepp-171558	"10:15 pm  Wednesday April 22, 2020"	"Avalanche + +"	50	loam	LowFire	850	51.0043303072506	51.0043303072506	75	49.1139953288661	OldForest	100	51.0043303072506	5	90	49.1139953288661	0	ft	"92"
WD	wepp-171565	"10:15 pm  Wednesday April 22, 2020"	"Avalanche + +"	50	loam	LowFire	1500	49.6044399099522	49.6044399099522	85	48.4375621706861	OldForest	100	49.6044399099522	5	95	48.4375621706861	0	ft	"93"
WD	wepp-171572	"10:15 pm  Wednesday April 22, 2020"	"Avalanche + +"	50	loam	LowFire	1500	56.837380962258	56.837380962258	85	50	OldForest	100	56.837380962258	5	95	50	0	ft	"96"
WD	wepp-171579	"10:16 pm  Wednesday April 22, 2020"	"Avalanche + +"	50	sand	LowFire	1600	50.0841814367842	50.0841814367842	75	50	OldForest	100	50.0841814367842	5	90	50	0	ft	"97"
WD	wepp-171586	"10:16 pm  Wednesday April 22, 2020"	"Avalanche + +"	50	sand	LowFire	2000	54.2804630136122	54.2804630136122	85	50	OldForest	300	54.2804630136122	5	95	50	0	ft	"98"
WD	wepp-171593	"10:16 pm  Wednesday April 22, 2020"	"Avalanche + +"	50	sand	LowFire	1300	48.9761861180855	48.9761861180855	75	50	OldForest	100	48.9761861180855	5	90	50	0	ft	"99"
WD	wepp-171601	"10:16 pm  Wednesday April 22, 2020"	"Avalanche + +"	50	loam	LowFire	570	48.8729118296747	48.8729118296747	85	43.1475311678816	OldForest	100	48.8729118296747	5	95	43.1475311678816	0	ft	"100"
WD	wepp-171611	"10:16 pm  Wednesday April 22, 2020"	"Avalanche + +"	50	loam	LowFire	1380	36.8651276232264	36.8651276232264	85	50	OldForest	100	36.8651276232264	5	95	50	0	ft	"101"
WD	wepp-171618	"10:16 pm  Wednesday April 22, 2020"	"Avalanche + +"	50	loam	LowFire	770	44.5657646161304	44.5657646161304	85	50	OldForest	100	44.5657646161304	5	95	50	0	ft	"102"
WD	wepp-171630	"10:16 pm  Wednesday April 22, 2020"	"Avalanche + +"	50	loam	LowFire	1100	46.0899087474009	46.0899087474009	85	36.8391830782251	OldForest	100	46.0899087474009	5	95	36.8391830782251	0	ft	"103"
WD	wepp-171639	"10:16 pm  Wednesday April 22, 2020"	"Avalanche + +"	50	silt	LowFire	1700	41.0723860625672	41.0723860625672	85	50	OldForest	100	41.0723860625672	5	95	50	0	ft	"104"
WD	wepp-171646	"10:16 pm  Wednesday April 22, 2020"	"Avalanche + +"	50	loam	LowFire	600	50.5175592013233	50.5175592013233	85	37.2185448544454	OldForest	100	50.5175592013233	5	95	37.2185448544454	0	ft	"105"
WD	wepp-171654	"10:16 pm  Wednesday April 22, 2020"	"Avalanche + +"	50	loam	LowFire	1300	50.5092329606239	50.5092329606239	85	50	OldForest	100	50.5092329606239	5	95	50	0	ft	"106"
WD	wepp-171663	"10:16 pm  Wednesday April 22, 2020"	"Avalanche + +"	50	loam	LowFire	1750	51.053395503246	51.053395503246	85	32.6556171536792	OldForest	100	51.053395503246	5	95	32.6556171536792	0	ft	"107"
WD	wepp-171671	"10:16 pm  Wednesday April 22, 2020"	"Avalanche + +"	50	sand	LowFire	1500	52.0650894948336	52.0650894948336	75	50	OldForest	100	52.0650894948336	5	90	50	0	ft	"108"
WD	wepp-171690	"10:16 pm  Wednesday April 22, 2020"	"Avalanche + +"	50	sand	LowFire	1300	48.5015046582481	48.5015046582481	85	50	OldForest	300	48.5015046582481	5	95	50	0	ft	"109"
WD	wepp-171698	"10:16 pm  Wednesday April 22, 2020"	"Avalanche + +"	50	loam	LowFire	2000	51.1620249772294	51.1620249772294	75	30.2125050534461	OldForest	300	51.1620249772294	5	90	30.2125050534461	0	ft	"110"
WD	wepp-171706	"10:16 pm  Wednesday April 22, 2020"	"Avalanche + +"	50	loam	LowFire	1800	47.7375771162747	47.7375771162747	85	30.3346478208561	OldForest	100	47.7375771162747	5	95	30.3346478208561	0	ft	"111"
WD	wepp-171713	"10:16 pm  Wednesday April 22, 2020"	"Avalanche + +"	50	silt	LowFire	1800	26.3950781703263	26.3950781703263	80	30.2012848190282	OldForest	100	26.3950781703263	5	95	30.2012848190282	0	ft	"112"
WD	wepp-171721	"10:16 pm  Wednesday April 22, 2020"	"Avalanche + +"	50	silt	OldForest	1900	22.1061922170561	22.1061922170561	95	30.3552294638453	OldForest	100	22.1061922170561	5	100	30.3552294638453	0	ft	"113"
WD	wepp-171729	"10:16 pm  Wednesday April 22, 2020"	"Avalanche + +"	50	silt	LowFire	1000	23.1121774641189	23.1121774641189	80	30	OldForest	100	23.1121774641189	5	95	30	0	ft	"124"
WD	wepp-171742	"10:16 pm  Wednesday April 22, 2020"	"Avalanche + +"	50	loam	LowFire	600	43.4257100954279	43.4257100954279	85	30	OldForest	100	43.4257100954279	5	95	30	0	ft	"125"
WD	wepp-171750	"10:16 pm  Wednesday April 22, 2020"	"Avalanche + +"	50	clay	LowFire	1800	45.1932581724115	45.1932581724115	85	40.4660175323148	OldForest	100	45.1932581724115	5	95	40.4660175323148	0	ft	"126"
WD	wepp-171757	"10:16 pm  Wednesday April 22, 2020"	"Avalanche + +"	50	silt	LowFire	800	41.5624957632294	41.5624957632294	85	35.5615706538995	OldForest	100	41.5624957632294	5	95	35.5615706538995	0	ft	"127"
WD	wepp-171764	"10:16 pm  Wednesday April 22, 2020"	"Avalanche + +"	50	loam	LowFire	1000	18.3006887148058	18.3006887148058	80	50	OldForest	500	18.3006887148058	5	95	50	0	ft	"128"
WD	wepp-171771	"10:16 pm  Wednesday April 22, 2020"	"Avalanche + +"	50	silt	LowFire	1100	21.5517694718924	21.5517694718924	85	50	OldForest	350	21.5517694718924	5	95	50	0	ft	"129"
WD	wepp-171778	"10:16 pm  Wednesday April 22, 2020"	"Avalanche + +"	50	silt	OldForest	1500	20.3408234708175	20.3408234708175	95	49.1315044033959	OldForest	400	20.3408234708175	5	100	49.1315044033959	0	ft	"130"
WD	wepp-171785	"10:16 pm  Wednesday April 22, 2020"	"Avalanche + +"	50	silt	OldForest	250	7.04082143089988	7.04082143089988	95	30	OldForest	1300	7.04082143089988	5	100	30	0	ft	"134"
WD	wepp-171792	"10:16 pm  Wednesday April 22, 2020"	"Avalanche + +"	50	loam	LowFire	100	25.1938532420567	25.1938532420567	85	50	OldForest	1350	25.1938532420567	5	95	50	0	ft	"136"
WD	wepp-171799	"10:16 pm  Wednesday April 22, 2020"	"Avalanche + +"	50	sand	LowFire	1500	48.8383520151889	48.8383520151889	75	50	OldForest	150	48.8383520151889	5	90	50	0	ft	"139"
WD	wepp-171907	"10:21 pm  Wednesday April 22, 2020"	"Hellgate +"	50	clay	OldForest	500	13.7896873409057	13.7896873409057	95	50	OldForest	100	13.7896873409057	5	100	50	0	ft	"86"
WD	wepp-171942	"10:21 pm  Wednesday April 22, 2020"	"Hellgate +"	50	loam	LowFire	400	28.8739172253968	28.8739172253968	85	50	OldForest	350	28.8739172253968	5	95	50	0	ft	"87"
WD	wepp-171949	"10:21 pm  Wednesday April 22, 2020"	"Hellgate +"	50	loam	LowFire	100	7.52991029068275	7.52991029068275	85	40	OldForest	650	7.52991029068275	5	95	40	0	ft	"88"
WD	wepp-171956	"10:21 pm  Wednesday April 22, 2020"	"Hellgate +"	50	loam	LowFire	1800	41.3321567532596	41.3321567532596	85	50	OldForest	100	41.3321567532596	5	95	50	0	ft	"89"
WD	wepp-171963	"10:21 pm  Wednesday April 22, 2020"	"Hellgate +"	50	loam	LowFire	1300	46.0241107666929	46.0241107666929	85	30.4855657760191	OldForest	100	46.0241107666929	5	95	30.4855657760191	0	ft	"90"
WD	wepp-171970	"10:21 pm  Wednesday April 22, 2020"	"Hellgate +"	50	loam	LowFire	2000	51.8586360819851	51.8586360819851	75	49.8030599390363	OldForest	150	51.8586360819851	5	90	49.8030599390363	0	ft	"91"
WD	wepp-171977	"10:21 pm  Wednesday April 22, 2020"	"Hellgate +"	50	sand	LowFire	500	25.4705221339733	25.4705221339733	85	50	OldForest	200	25.4705221339733	5	95	50	0	ft	"93"
WD	wepp-171984	"10:21 pm  Wednesday April 22, 2020"	"Hellgate +"	50	sand	LowFire	1800	47.5823313248863	47.5823313248863	85	50	OldForest	100	47.5823313248863	5	95	50	0	ft	"94"
WD	wepp-171991	"10:21 pm  Wednesday April 22, 2020"	"Hellgate +"	50	loam	LowFire	50	8.49276305783179	8.49276305783179	85	41.9252969418938	OldForest	1000	8.49276305783179	5	95	41.9252969418938	0	ft	"95"
WD	wepp-171998	"10:21 pm  Wednesday April 22, 2020"	"Hellgate +"	50	clay	LowFire	200	21.5663061358711	21.5663061358711	75	50	OldForest	1400	21.5663061358711	5	90	50	0	ft	"97"
WD	wepp-172010	"10:21 pm  Wednesday April 22, 2020"	"Hellgate +"	50	silt	LowFire	800	38.2869560840228	38.2869560840228	85	45.0518374843962	OldForest	650	38.2869560840228	5	95	45.0518374843962	0	ft	"126"
WD	wepp-172018	"10:21 pm  Wednesday April 22, 2020"	"Hellgate +"	50	loam	LowFire	100	16.3354366620381	16.3354366620381	85	43.4994014335288	OldForest	800	16.3354366620381	5	95	43.4994014335288	0	ft	"127"
WD	wepp-172028	"10:21 pm  Wednesday April 22, 2020"	"Hellgate +"	50	loam	LowFire	100	5.99843850409149	5.99843850409149	80	50	OldForest	1000	5.99843850409149	5	95	50	0	ft	"128"
WD	wepp-172035	"10:21 pm  Wednesday April 22, 2020"	"Hellgate +"	50	loam	LowFire	500	18.456331273473	18.456331273473	85	50	OldForest	2000	18.456331273473	5	95	50	0	ft	"136"
WD	wepp-172047	"10:21 pm  Wednesday April 22, 2020"	"Hellgate +"	50	sand	LowFire	650	47.8863141428223	47.8863141428223	85	50	OldForest	100	47.8863141428223	5	95	50	0	ft	"137"
WD	wepp-172054	"10:21 pm  Wednesday April 22, 2020"	"Hellgate +"	50	silt	LowFire	1250	46.7431764328283	46.7431764328283	85	46.326250436948	OldForest	100	46.7431764328283	5	95	46.326250436948	0	ft	"138"
WD	wepp-172061	"10:21 pm  Wednesday April 22, 2020"	"Hellgate +"	50	sand	LowFire	100	21.9956485629081	21.9956485629081	75	50	OldForest	900	21.9956485629081	5	90	50	0	ft	"139"
WD	wepp-172068	"10:21 pm  Wednesday April 22, 2020"	"Hellgate +"	50	sand	LowFire	1100	40.1345543217906	40.1345543217906	85	50	OldForest	100	40.1345543217906	5	95	50	0	ft	"141"
WD	wepp-172133	"10:24 pm  Wednesday April 22, 2020"	"Lower Beaver +"	50	loam	LowFire	200	33.491730762704	33.491730762704	85	50	OldForest	1200	33.491730762704	5	95	50	0	ft	"20"
WD	wepp-172168	"10:24 pm  Wednesday April 22, 2020"	"Lower Beaver +"	50	loam	LowFire	100	22.5444305801391	22.5444305801391	85	50	OldForest	1000	22.5444305801391	5	95	50	0	ft	"21"
WD	wepp-172175	"10:24 pm  Wednesday April 22, 2020"	"Lower Beaver +"	50	loam	LowFire	2500	36.4572764170742	36.4572764170742	85	50	OldForest	300	36.4572764170742	5	95	50	0	ft	"22"
WD	wepp-172182	"10:24 pm  Wednesday April 22, 2020"	"Lower Beaver +"	50	loam	OldForest	200	36.0918161359495	36.0918161359495	95	50	OldForest	300	36.0918161359495	5	100	50	0	ft	"23"
WD	wepp-172189	"10:24 pm  Wednesday April 22, 2020"	"Lower Beaver +"	50	loam	LowFire	1500	11.3582681387903	11.3582681387903	85	50	OldForest	100	11.3582681387903	5	95	50	0	ft	"24"
WD	wepp-172196	"10:24 pm  Wednesday April 22, 2020"	"Lower Beaver +"	50	loam	LowFire	1200	22.0645029795996	22.0645029795996	85	50	OldForest	100	22.0645029795996	5	95	50	0	ft	"25"
WD	wepp-172203	"10:24 pm  Wednesday April 22, 2020"	"Lower Beaver +"	50	loam	OldForest	250	44.4630836062231	44.4630836062231	95	50	OldForest	300	44.4630836062231	5	100	50	0	ft	"26"
WD	wepp-172210	"10:24 pm  Wednesday April 22, 2020"	"Lower Beaver +"	50	loam	LowFire	800	32.3215641308681	32.3215641308681	85	50	OldForest	300	32.3215641308681	5	95	50	0	ft	"27"
WD	wepp-172217	"10:24 pm  Wednesday April 22, 2020"	"Lower Beaver +"	50	loam	LowFire	1700	40.7492018966143	40.7492018966143	85	50	OldForest	100	40.7492018966143	5	95	50	0	ft	"29"
WD	wepp-172224	"10:24 pm  Wednesday April 22, 2020"	"Lower Beaver +"	50	loam	LowFire	1300	43.2622121924495	43.2622121924495	85	50	OldForest	100	43.2622121924495	5	95	50	0	ft	"30"
WD	wepp-172231	"10:24 pm  Wednesday April 22, 2020"	"Lower Beaver +"	50	loam	LowFire	1500	15.0288729745458	15.0288729745458	85	50	OldForest	100	15.0288729745458	5	95	50	0	ft	"31"
WD	wepp-172238	"10:24 pm  Wednesday April 22, 2020"	"Lower Beaver +"	50	loam	LowFire	1200	33.2581900578752	33.2581900578752	85	50	OldForest	100	33.2581900578752	5	95	50	0	ft	"32"
WD	wepp-172245	"10:24 pm  Wednesday April 22, 2020"	"Lower Beaver +"	50	loam	LowFire	500	3.71630752086639	3.71630752086639	85	50	OldForest	1500	3.71630752086639	5	95	50	0	ft	"33"
WD	wepp-172252	"10:24 pm  Wednesday April 22, 2020"	"Lower Beaver +"	50	silt	LowFire	1000	30.1628371147827	30.1628371147827	75	50	OldForest	500	30.1628371147827	5	90	50	0	ft	"36"
WD	wepp-172259	"10:24 pm  Wednesday April 22, 2020"	"Lower Beaver +"	50	loam	OldForest	400	4.9300217108293	4.9300217108293	95	50	OldForest	200	4.9300217108293	5	100	50	0	ft	"168"
WD	wepp-172354	"10:28 pm  Wednesday April 22, 2020"	"Lower Trout +"	50	loam	LowFire	500	17.4221426223934	17.4221426223934	85	50	OldForest	500	17.4221426223934	5	95	50	0	ft	"3"
WD	wepp-172389	"10:28 pm  Wednesday April 22, 2020"	"Lower Trout +"	50	loam	LowFire	300	21.5904470883163	21.5904470883163	85	33.1762659904201	OldForest	100	21.5904470883163	5	95	33.1762659904201	0	ft	"4"
WD	wepp-172401	"10:28 pm  Wednesday April 22, 2020"	"Lower Trout +"	50	loam	LowFire	500	25.2868209250357	25.2868209250357	80	50	OldForest	100	25.2868209250357	5	95	50	0	ft	"5"
WD	wepp-172410	"10:28 pm  Wednesday April 22, 2020"	"Lower Trout +"	50	loam	LowFire	1600	46.8719472126339	46.8719472126339	85	50	OldForest	300	46.8719472126339	5	95	50	0	ft	"6"
WD	wepp-172417	"10:28 pm  Wednesday April 22, 2020"	"Lower Trout +"	50	loam	LowFire	650	24.7168876121142	24.7168876121142	80	50	OldForest	100	24.7168876121142	5	95	50	0	ft	"7"
WD	wepp-172426	"10:28 pm  Wednesday April 22, 2020"	"Lower Trout +"	50	loam	LowFire	500	45.3583381113841	45.3583381113841	75	50	OldForest	300	45.3583381113841	5	90	50	0	ft	"8"
WD	wepp-172433	"10:28 pm  Wednesday April 22, 2020"	"Lower Trout +"	50	loam	LowFire	800	19.7491236225264	19.7491236225264	85	50	OldForest	100	19.7491236225264	5	95	50	0	ft	"9"
WD	wepp-172440	"10:28 pm  Wednesday April 22, 2020"	"Lower Trout +"	50	loam	OldForest	500	54.8398389768205	54.8398389768205	95	50	OldForest	300	54.8398389768205	5	100	50	0	ft	"10"
WD	wepp-172447	"10:28 pm  Wednesday April 22, 2020"	"Lower Trout +"	50	loam	LowFire	1100	31.6561005213793	31.6561005213793	85	50	OldForest	100	31.6561005213793	5	95	50	0	ft	"11"
WD	wepp-172459	"10:28 pm  Wednesday April 22, 2020"	"Lower Trout +"	50	loam	LowFire	750	16.7283153376696	16.7283153376696	85	30.3015719539	OldForest	100	16.7283153376696	5	95	30.3015719539	0	ft	"39"
WD	wepp-172466	"10:28 pm  Wednesday April 22, 2020"	"Lower Trout +"	50	loam	LowFire	2000	33.9934676370478	33.9934676370478	85	50	OldForest	100	33.9934676370478	5	95	50	0	ft	"40"
WD	wepp-172473	"10:28 pm  Wednesday April 22, 2020"	"Lower Trout +"	50	loam	LowFire	300	47.3925862439888	47.3925862439888	85	50	OldForest	300	47.3925862439888	5	95	50	0	ft	"41"
WD	wepp-172480	"10:28 pm  Wednesday April 22, 2020"	"Lower Trout +"	50	sand	LowFire	2000	52.5242857790101	52.5242857790101	85	50	OldForest	300	52.5242857790101	5	95	50	0	ft	"42"
WD	wepp-172489	"10:28 pm  Wednesday April 22, 2020"	"Lower Trout +"	50	loam	OldForest	100	36.9181344515349	36.9181344515349	95	43.9960940638809	OldForest	100	36.9181344515349	5	100	43.9960940638809	0	ft	"43"
WD	wepp-172496	"10:28 pm  Wednesday April 22, 2020"	"Lower Trout +"	50	sand	LowFire	1400	45.5350928324293	45.5350928324293	75	50	OldForest	100	45.5350928324293	5	90	50	0	ft	"44"
WD	wepp-172503	"10:28 pm  Wednesday April 22, 2020"	"Lower Trout +"	50	sand	LowFire	1700	46.9044998460498	46.9044998460498	75	50	OldForest	100	46.9044998460498	5	90	50	0	ft	"45"
WD	wepp-172510	"10:28 pm  Wednesday April 22, 2020"	"Lower Trout +"	50	sand	LowFire	2000	60.6133304267006	60.6133304267006	75	50	OldForest	100	60.6133304267006	5	90	50	0	ft	"46"
WD	wepp-172517	"10:28 pm  Wednesday April 22, 2020"	"Lower Trout +"	50	sand	LowFire	1200	53.6833943904033	53.6833943904033	75	50	OldForest	100	53.6833943904033	5	90	50	0	ft	"47"
WD	wepp-172524	"10:28 pm  Wednesday April 22, 2020"	"Lower Trout +"	50	sand	LowFire	1300	40.9830309567451	40.9830309567451	75	50	OldForest	100	40.9830309567451	5	90	50	0	ft	"48"
WD	wepp-172531	"10:28 pm  Wednesday April 22, 2020"	"Lower Trout +"	50	loam	LowFire	2500	56.1113303021236	56.1113303021236	85	50	OldForest	300	56.1113303021236	5	95	50	0	ft	"49"
WD	wepp-172538	"10:28 pm  Wednesday April 22, 2020"	"Lower Trout +"	50	clay	LowFire	800	53.5582081811331	53.5582081811331	85	39.7398460727189	OldForest	300	53.5582081811331	5	95	39.7398460727189	0	ft	"50"
WD	wepp-172545	"10:28 pm  Wednesday April 22, 2020"	"Lower Trout +"	50	clay	LowFire	850	57.0960129542127	57.0960129542127	85	39.6003875312966	OldForest	300	57.0960129542127	5	95	39.6003875312966	0	ft	"51"
WD	wepp-172552	"10:28 pm  Wednesday April 22, 2020"	"Lower Trout +"	50	clay	LowFire	1500	57.1869180397558	57.1869180397558	85	50	OldForest	100	57.1869180397558	5	95	50	0	ft	"52"
WD	wepp-172561	"10:29 pm  Wednesday April 22, 2020"	"Lower Trout +"	50	loam	LowFire	1600	71.4288308594242	71.4288308594242	85	50	OldForest	300	71.4288308594242	5	95	50	0	ft	"53"
WD	wepp-172568	"10:29 pm  Wednesday April 22, 2020"	"Lower Trout +"	50	loam	LowFire	900	25.9946566830694	25.9946566830694	85	50	OldForest	100	25.9946566830694	5	95	50	0	ft	"54"
WD	wepp-172580	"10:29 pm  Wednesday April 22, 2020"	"Lower Trout +"	50	loam	LowFire	650	22.0761151247995	22.0761151247995	80	40.1921366370115	OldForest	100	22.0761151247995	5	95	40.1921366370115	0	ft	"55"
WD	wepp-172587	"10:29 pm  Wednesday April 22, 2020"	"Lower Trout +"	50	sand	LowFire	400	51.2226145846821	51.2226145846821	80	50	OldForest	100	51.2226145846821	5	95	50	0	ft	"56"
WD	wepp-172594	"10:29 pm  Wednesday April 22, 2020"	"Lower Trout +"	50	loam	LowFire	650	35.8540259882775	35.8540259882775	80	40.1397253171122	OldForest	100	35.8540259882775	5	95	40.1397253171122	0	ft	"57"
WD	wepp-172601	"10:29 pm  Wednesday April 22, 2020"	"Lower Trout +"	50	loam	LowFire	1000	32.1582960584264	32.1582960584264	85	50	OldForest	300	32.1582960584264	5	95	50	0	ft	"58"
WD	wepp-172608	"10:29 pm  Wednesday April 22, 2020"	"Lower Trout +"	50	loam	LowFire	1600	49.9271765917545	49.9271765917545	85	50	OldForest	100	49.9271765917545	5	95	50	0	ft	"59"
WD	wepp-172615	"10:29 pm  Wednesday April 22, 2020"	"Lower Trout +"	50	sand	LowFire	1200	40.326211311785	40.326211311785	75	50	OldForest	100	40.326211311785	5	90	50	0	ft	"60"
WD	wepp-172627	"10:29 pm  Wednesday April 22, 2020"	"Lower Trout +"	50	loam	LowFire	1000	35.2140880805685	35.2140880805685	85	49.1231929477126	OldForest	600	35.2140880805685	5	95	49.1231929477126	0	ft	"61"
WD	wepp-172634	"10:29 pm  Wednesday April 22, 2020"	"Lower Trout +"	50	clay	LowFire	1800	45.4485093405136	45.4485093405136	85	39.8036814126929	OldForest	300	45.4485093405136	5	95	39.8036814126929	0	ft	"64"
WD	wepp-172641	"10:29 pm  Wednesday April 22, 2020"	"Lower Trout +"	50	clay	OldForest	250	53.3703397382505	53.3703397382505	95	44.5461853744253	OldForest	300	53.3703397382505	5	100	44.5461853744253	0	ft	"65"
WD	wepp-172695	"10:29 pm  Wednesday April 22, 2020"	"Lower Trout +"	50	loam	LowFire	500	45.5435679283831	45.5435679283831	85	50	OldForest	100	45.5435679283831	5	95	50	0	ft	"68"
WD	wepp-172702	"10:29 pm  Wednesday April 22, 2020"	"Lower Trout +"	50	loam	LowFire	800	28.2448871855526	28.2448871855526	80	50	OldForest	100	28.2448871855526	5	95	50	0	ft	"69"
WD	wepp-172709	"10:29 pm  Wednesday April 22, 2020"	"Lower Trout +"	50	loam	LowFire	1200	18.8089496560363	18.8089496560363	85	50	OldForest	100	18.8089496560363	5	95	50	0	ft	"70"
WD	wepp-172718	"10:29 pm  Wednesday April 22, 2020"	"Lower Trout +"	50	clay	LowFire	1300	60.1499499422508	60.1499499422508	85	50	OldForest	100	60.1499499422508	5	95	50	0	ft	"71"
WD	wepp-172736	"10:29 pm  Wednesday April 22, 2020"	"Lower Trout +"	50	clay	LowFire	1000	40.6435708284697	40.6435708284697	80	40.0675822737151	OldForest	100	40.6435708284697	5	95	40.0675822737151	0	ft	"72"
WD	wepp-172748	"10:29 pm  Wednesday April 22, 2020"	"Lower Trout +"	50	clay	LowFire	800	44.8553208643484	44.8553208643484	85	45.0381055520357	OldForest	100	44.8553208643484	5	95	45.0381055520357	0	ft	"73"
WD	wepp-172755	"10:29 pm  Wednesday April 22, 2020"	"Lower Trout +"	50	sand	LowFire	400	42.3269440236339	42.3269440236339	85	50	OldForest	100	42.3269440236339	5	95	50	0	ft	"74"
WD	wepp-172762	"10:29 pm  Wednesday April 22, 2020"	"Lower Trout +"	50	sand	LowFire	900	22.129472227028	22.129472227028	80	50	OldForest	100	22.129472227028	5	95	50	0	ft	"75"
WD	wepp-172769	"10:29 pm  Wednesday April 22, 2020"	"Lower Trout +"	50	loam	OldForest	1600	28.6138948540472	28.6138948540472	95	40.3946795749872	OldForest	100	28.6138948540472	5	100	40.3946795749872	0	ft	"76"
WD	wepp-172776	"10:29 pm  Wednesday April 22, 2020"	"Lower Trout +"	50	loam	LowFire	800	16.153256805685	16.153256805685	85	37.0521622288994	OldForest	100	16.153256805685	5	95	37.0521622288994	0	ft	"77"
WD	wepp-172783	"10:29 pm  Wednesday April 22, 2020"	"Lower Trout +"	50	loam	OldForest	250	28.4873595375695	28.4873595375695	95	30	OldForest	100	28.4873595375695	5	100	30	0	ft	"79"
WD	wepp-172790	"10:29 pm  Wednesday April 22, 2020"	"Lower Trout +"	50	sand	LowFire	1200	38.9696250083292	38.9696250083292	85	50	OldForest	100	38.9696250083292	5	95	50	0	ft	"80"
WD	wepp-172797	"10:29 pm  Wednesday April 22, 2020"	"Lower Trout +"	50	sand	LowFire	800	34.0863296432559	34.0863296432559	85	50	OldForest	100	34.0863296432559	5	95	50	0	ft	"81"
WD	wepp-172804	"10:29 pm  Wednesday April 22, 2020"	"Lower Trout +"	50	silt	LowFire	1400	28.1383266537928	28.1383266537928	80	30.8055333053327	OldForest	100	28.1383266537928	5	95	30.8055333053327	0	ft	"143"
WD	wepp-172811	"10:29 pm  Wednesday April 22, 2020"	"Lower Trout +"	50	silt	LowFire	1000	31.5720485923152	31.5720485923152	85	37.1401662768632	OldForest	100	31.5720485923152	5	95	37.1401662768632	0	ft	"144"
WD	wepp-172859	"10:31 pm  Wednesday April 22, 2020"	"Magpie +"	50	loam	LowFire	900	40.3788374623819	40.3788374623819	85	47.7757342885054	OldForest	100	40.3788374623819	5	95	47.7757342885054	0	ft	"61"
WD	wepp-172894	"10:31 pm  Wednesday April 22, 2020"	"Magpie +"	50	sand	LowFire	1500	46.4795403747341	46.4795403747341	75	50	OldForest	150	46.4795403747341	5	90	50	0	ft	"62"
WD	wepp-172906	"10:31 pm  Wednesday April 22, 2020"	"Magpie +"	50	loam	LowFire	1200	43.9972814500031	43.9972814500031	85	50	OldForest	100	43.9972814500031	5	95	50	0	ft	"82"
WD	wepp-172913	"10:31 pm  Wednesday April 22, 2020"	"Magpie +"	50	loam	OldForest	1100	38.7295692781495	38.7295692781495	95	50	OldForest	100	38.7295692781495	5	100	50	0	ft	"85"
WD	wepp-172920	"10:31 pm  Wednesday April 22, 2020"	"Magpie +"	50	loam	OldForest	750	27.1057487635855	27.1057487635855	95	50	OldForest	100	27.1057487635855	5	100	50	0	ft	"86"
WD	wepp-172927	"10:31 pm  Wednesday April 22, 2020"	"Magpie +"	50	loam	LowFire	1200	46.3965516661426	46.3965516661426	85	50	OldForest	100	46.3965516661426	5	95	50	0	ft	"87"
WD	wepp-172934	"10:31 pm  Wednesday April 22, 2020"	"Magpie +"	50	sand	LowFire	700	38.5775672601095	38.5775672601095	85	50	OldForest	100	38.5775672601095	5	95	50	0	ft	"88"
WD	wepp-172941	"10:31 pm  Wednesday April 22, 2020"	"Magpie +"	50	loam	LowFire	350	30.4801871968411	30.4801871968411	85	41.0541266724764	OldForest	400	30.4801871968411	5	95	41.0541266724764	0	ft	"94"
WD	wepp-172948	"10:31 pm  Wednesday April 22, 2020"	"Magpie +"	50	sand	LowFire	650	48.1106177366416	48.1106177366416	85	50	OldForest	100	48.1106177366416	5	95	50	0	ft	"95"
WD	wepp-172955	"10:31 pm  Wednesday April 22, 2020"	"Magpie +"	50	silt	LowFire	600	24.0273771811588	24.0273771811588	80	30	OldForest	350	24.0273771811588	5	95	30	0	ft	"117"
WD	wepp-172962	"10:32 pm  Wednesday April 22, 2020"	"Magpie +"	50	silt	LowFire	1000	29.7944807107165	29.7944807107165	85	30	OldForest	100	29.7944807107165	5	95	30	0	ft	"120"
WD	wepp-172969	"10:32 pm  Wednesday April 22, 2020"	"Magpie +"	50	silt	LowFire	800	41.6952304796613	41.6952304796613	80	50	OldForest	100	41.6952304796613	5	95	50	0	ft	"121"
WD	wepp-172976	"10:32 pm  Wednesday April 22, 2020"	"Magpie +"	50	silt	LowFire	350	33.5617361602697	33.5617361602697	80	50	OldForest	100	33.5617361602697	5	95	50	0	ft	"122"
WD	wepp-172983	"10:32 pm  Wednesday April 22, 2020"	"Magpie +"	50	silt	LowFire	800	48.6647854939312	48.6647854939312	85	50	OldForest	100	48.6647854939312	5	95	50	0	ft	"123"
WD	wepp-172990	"10:32 pm  Wednesday April 22, 2020"	"Magpie +"	50	silt	LowFire	950	9.24335112863657	9.24335112863657	80	30	OldForest	100	9.24335112863657	5	95	30	0	ft	"124"
WD	wepp-173003	"10:32 pm  Wednesday April 22, 2020"	"Magpie +"	50	silt	LowFire	1000	35.2730821192134	35.2730821192134	85	30	OldForest	100	35.2730821192134	5	95	30	0	ft	"131"
WD	wepp-173011	"10:32 pm  Wednesday April 22, 2020"	"Magpie +"	50	silt	LowFire	450	25.1307224601436	25.1307224601436	85	50	OldForest	100	25.1307224601436	5	95	50	0	ft	"132"
WD	wepp-173018	"10:32 pm  Wednesday April 22, 2020"	"Magpie +"	50	silt	YoungForest	1100	19.7960743766438	19.7960743766438	90	42.1691837606517	OldForest	100	19.7960743766438	5	100	42.1691837606517	0	ft	"133"
WD	wepp-173030	"10:32 pm  Wednesday April 22, 2020"	"Magpie +"	50	silt	OldForest	750	31.7724191749757	31.7724191749757	95	35.8044757440878	OldForest	100	31.7724191749757	5	100	35.8044757440878	0	ft	"134"
WD	wepp-173037	"10:32 pm  Wednesday April 22, 2020"	"Magpie +"	50	sand	LowFire	650	51.3796724712403	51.3796724712403	85	50	OldForest	100	51.3796724712403	5	95	50	0	ft	"135"
WD	wepp-173044	"10:32 pm  Wednesday April 22, 2020"	"Magpie +"	50	silt	LowFire	1400	37.4605349863189	37.4605349863189	85	44.3633402348094	OldForest	100	37.4605349863189	5	95	44.3633402348094	0	ft	"136"
WD	wepp-173051	"10:32 pm  Wednesday April 22, 2020"	"Magpie +"	50	loam	LowFire	900	17.9084843752038	17.9084843752038	85	50	OldForest	100	17.9084843752038	5	95	50	0	ft	"137"
WD	wepp-173058	"10:32 pm  Wednesday April 22, 2020"	"Magpie +"	50	sand	LowFire	1350	53.1504702367917	53.1504702367917	85	50	OldForest	150	53.1504702367917	5	95	50	0	ft	"140"
WD	wepp-173065	"10:32 pm  Wednesday April 22, 2020"	"Magpie +"	50	sand	LowFire	1050	50.4942718148794	50.4942718148794	85	50	OldForest	100	50.4942718148794	5	95	50	0	ft	"141"
WD	wepp-173072	"10:32 pm  Wednesday April 22, 2020"	"Magpie +"	50	silt	LowFire	1600	34.93558649932	34.93558649932	85	50	OldForest	100	34.93558649932	5	95	50	0	ft	"142"
WD	wepp-173134	"10:33 pm  Wednesday April 22, 2020"	"Missouri Hauser +"	50	loam	LowFire	2000	28.6239366585003	28.6239366585003	85	50	OldForest	100	28.6239366585003	5	95	50	0	ft	"1"
WD	wepp-173170	"10:33 pm  Wednesday April 22, 2020"	"Missouri Hauser +"	50	loam	LowFire	1200	12.9183091200654	12.9183091200654	85	50	OldForest	100	12.9183091200654	5	95	50	0	ft	"3"
WD	wepp-173177	"10:33 pm  Wednesday April 22, 2020"	"Missouri Hauser +"	50	loam	LowFire	900	29.246965728965	29.246965728965	85	50	OldForest	100	29.246965728965	5	95	50	0	ft	"17"
WD	wepp-173186	"10:33 pm  Wednesday April 22, 2020"	"Missouri Hauser +"	50	loam	LowFire	900	23.8986022717517	23.8986022717517	85	50	OldForest	100	23.8986022717517	5	95	50	0	ft	"18"
WD	wepp-173193	"10:33 pm  Wednesday April 22, 2020"	"Missouri Hauser +"	50	loam	OldForest	350	43.3018442238148	43.3018442238148	95	50	OldForest	300	43.3018442238148	5	100	50	0	ft	"19"
WD	wepp-173200	"10:34 pm  Wednesday April 22, 2020"	"Missouri Hauser +"	50	loam	LowFire	1500	33.9595343204278	33.9595343204278	85	50	OldForest	300	33.9595343204278	5	95	50	0	ft	"20"
WD	wepp-173207	"10:34 pm  Wednesday April 22, 2020"	"Missouri Hauser +"	50	loam	LowFire	2000	27.8489903491937	27.8489903491937	85	50	OldForest	100	27.8489903491937	5	95	50	0	ft	"21"
WD	wepp-173214	"10:34 pm  Wednesday April 22, 2020"	"Missouri Hauser +"	50	loam	LowFire	1300	5.18706475329321	5.18706475329321	85	50	OldForest	300	5.18706475329321	5	95	50	0	ft	"25"
WD	wepp-173228	"10:34 pm  Wednesday April 22, 2020"	"Missouri Upper Holter +"	50	silt	LowFire	1000	11.2807564546346	11.2807564546346	85	50	OldForest	100	11.2807564546346	5	95	50	0	ft	"28"
WD	wepp-173311	"10:36 pm  Wednesday April 22, 2020"	"NF Rock +"	50	loam	LowFire	850	12.7548593848915	12.7548593848915	80	46.4602433073273	OldForest	650	12.7548593848915	5	95	46.4602433073273	0	ft	"187"
WD	wepp-173346	"10:36 pm  Wednesday April 22, 2020"	"NF Rock +"	50	loam	LowFire	2000	21.543505677719	21.543505677719	80	50	OldForest	100	21.543505677719	5	95	50	0	ft	"188"
WD	wepp-173358	"10:36 pm  Wednesday April 22, 2020"	"NF Rock +"	50	loam	LowFire	700	38.4399216789869	38.4399216789869	85	50	OldForest	700	38.4399216789869	5	95	50	0	ft	"189"
WD	wepp-173365	"10:36 pm  Wednesday April 22, 2020"	"NF Rock +"	50	loam	LowFire	900	19.9585719634036	19.9585719634036	85	50	OldForest	650	19.9585719634036	5	95	50	0	ft	"190"
WD	wepp-173391	"10:37 pm  Wednesday April 22, 2020"	"Oregon +"	50	loam	LowFire	1300	25.3442840098288	25.3442840098288	85	50	OldForest	100	25.3442840098288	5	95	50	0	ft	"1"
WD	wepp-173426	"10:37 pm  Wednesday April 22, 2020"	"Oregon +"	50	loam	LowFire	850	43.5628050379422	43.5628050379422	85	50	OldForest	100	43.5628050379422	5	95	50	0	ft	"2"
WD	wepp-173437	"10:37 pm  Wednesday April 22, 2020"	"Oregon +"	50	loam	LowFire	2000	22.2740116468255	22.2740116468255	85	50	OldForest	100	22.2740116468255	5	95	50	0	ft	"3"
WD	wepp-173444	"10:37 pm  Wednesday April 22, 2020"	"Oregon +"	50	loam	LowFire	1200	19.3441473947261	19.3441473947261	85	47.8832853213811	OldForest	100	19.3441473947261	5	95	47.8832853213811	0	ft	"4"
WD	wepp-173453	"10:37 pm  Wednesday April 22, 2020"	"Oregon +"	50	loam	LowFire	750	38.8845977910927	38.8845977910927	85	50	OldForest	100	38.8845977910927	5	95	50	0	ft	"6"
WD	wepp-173460	"10:37 pm  Wednesday April 22, 2020"	"Oregon +"	50	loam	LowFire	600	28.1040604290623	28.1040604290623	80	50	OldForest	100	28.1040604290623	5	95	50	0	ft	"66"
WD	wepp-173474	"10:37 pm  Wednesday April 22, 2020"	"Oregon +"	50	loam	LowFire	1700	23.1159878986862	23.1159878986862	80	31.6620947047856	OldForest	100	23.1159878986862	5	95	31.6620947047856	0	ft	"67"
WD	wepp-173481	"10:37 pm  Wednesday April 22, 2020"	"Oregon +"	50	loam	LowFire	900	10.0388700391364	10.0388700391364	85	30.3251349205046	OldForest	100	10.0388700391364	5	95	30.3251349205046	0	ft	"77"
WD	wepp-173488	"10:37 pm  Wednesday April 22, 2020"	"Oregon +"	50	loam	LowFire	800	21.4176417631551	21.4176417631551	85	50	OldForest	100	21.4176417631551	5	95	50	0	ft	"78"
WD	wepp-173495	"10:37 pm  Wednesday April 22, 2020"	"Oregon +"	50	sand	OldForest	400	20.9956773915036	20.9956773915036	95	50	OldForest	300	20.9956773915036	5	100	50	0	ft	"79"
WD	wepp-173502	"10:37 pm  Wednesday April 22, 2020"	"Oregon +"	50	sand	LowFire	1500	30.9262117254526	30.9262117254526	85	50	OldForest	100	30.9262117254526	5	95	50	0	ft	"81"
WD	wepp-173511	"10:37 pm  Wednesday April 22, 2020"	"Oregon +"	50	loam	OldForest	500	33.4239004089914	33.4239004089914	95	50	OldForest	100	33.4239004089914	5	100	50	0	ft	"83"
WD	wepp-173518	"10:37 pm  Wednesday April 22, 2020"	"Oregon +"	50	loam	OldForest	800	26.6891978732644	26.6891978732644	95	50	OldForest	100	26.6891978732644	5	100	50	0	ft	"84"
WD	wepp-173631	"10:39 pm  Wednesday April 22, 2020"	"Soup +"	50	loam	LowFire	700	24.8311651295219	24.8311651295219	85	50	OldForest	100	24.8311651295219	5	95	50	0	ft	"11"
WD	wepp-173666	"10:39 pm  Wednesday April 22, 2020"	"Soup +"	50	loam	LowFire	800	42.8873458361062	42.8873458361062	85	50	OldForest	100	42.8873458361062	5	95	50	0	ft	"12"
WD	wepp-173673	"10:39 pm  Wednesday April 22, 2020"	"Soup +"	50	loam	LowFire	950	41.9913936069194	41.9913936069194	85	50	OldForest	100	41.9913936069194	5	95	50	0	ft	"13"
WD	wepp-173680	"10:39 pm  Wednesday April 22, 2020"	"Soup +"	50	loam	LowFire	150	44.1247815250801	44.1247815250801	85	50	OldForest	150	44.1247815250801	5	95	50	0	ft	"14"
WD	wepp-173687	"10:39 pm  Wednesday April 22, 2020"	"Soup +"	50	loam	LowFire	1200	24.3271370839343	24.3271370839343	85	50	OldForest	100	24.3271370839343	5	95	50	0	ft	"15"
WD	wepp-173694	"10:39 pm  Wednesday April 22, 2020"	"Soup +"	50	loam	LowFire	1300	28.2457819324269	28.2457819324269	85	50	OldForest	100	28.2457819324269	5	95	50	0	ft	"16"
WD	wepp-173701	"10:39 pm  Wednesday April 22, 2020"	"Soup +"	50	loam	LowFire	1600	51.1805625619543	51.1805625619543	85	50	OldForest	100	51.1805625619543	5	95	50	0	ft	"17"
WD	wepp-173708	"10:39 pm  Wednesday April 22, 2020"	"Soup +"	50	loam	LowFire	950	44.1119420962598	44.1119420962598	85	50	OldForest	100	44.1119420962598	5	95	50	0	ft	"32"
WD	wepp-173715	"10:39 pm  Wednesday April 22, 2020"	"Soup +"	50	loam	LowFire	2000	18.4847772862615	18.4847772862615	85	43.2287402881984	OldForest	100	18.4847772862615	5	95	43.2287402881984	0	ft	"33"
WD	wepp-173722	"10:39 pm  Wednesday April 22, 2020"	"Soup +"	50	loam	OldForest	350	11.6459684767295	11.6459684767295	95	50	OldForest	100	11.6459684767295	5	100	50	0	ft	"34"
WD	wepp-173736	"10:39 pm  Wednesday April 22, 2020"	"Soup +"	50	sand	LowFire	950	47.155190111382	47.155190111382	85	50	OldForest	100	47.155190111382	5	95	50	0	ft	"35"
WD	wepp-173748	"10:39 pm  Wednesday April 22, 2020"	"Soup +"	50	sand	LowFire	1600	39.5219364583325	39.5219364583325	75	50	OldForest	100	39.5219364583325	5	90	50	0	ft	"36"
WD	wepp-173755	"10:39 pm  Wednesday April 22, 2020"	"Soup +"	50	loam	LowFire	2200	19.6443086426734	19.6443086426734	85	48.7794736474938	OldForest	100	19.6443086426734	5	95	48.7794736474938	0	ft	"37"
WD	wepp-173762	"10:39 pm  Wednesday April 22, 2020"	"Soup +"	50	sand	LowFire	2000	42.3071237910215	42.3071237910215	85	50	OldForest	100	42.3071237910215	5	95	50	0	ft	"38"
WD	wepp-173769	"10:39 pm  Wednesday April 22, 2020"	"Soup +"	50	loam	LowFire	2050	42.0709192214578	42.0709192214578	85	50	OldForest	100	42.0709192214578	5	95	50	0	ft	"39"
WD	wepp-173777	"10:39 pm  Wednesday April 22, 2020"	"Soup +"	50	sand	LowFire	2200	38.1370106951697	38.1370106951697	75	50	OldForest	100	38.1370106951697	5	90	50	0	ft	"44"
WD	wepp-173784	"10:39 pm  Wednesday April 22, 2020"	"Soup +"	50	sand	LowFire	1600	31.3130990759737	31.3130990759737	75	50	OldForest	3000	31.3130990759737	5	90	50	0	ft	"45"
WD	wepp-173791	"10:39 pm  Wednesday April 22, 2020"	"Soup +"	50	silt	LowFire	1100	41.8049224290107	41.8049224290107	80	50	OldForest	100	41.8049224290107	5	95	50	0	ft	"143"
WD	wepp-173798	"10:39 pm  Wednesday April 22, 2020"	"Soup +"	50	silt	LowFire	2500	48.7509805259347	48.7509805259347	85	50	OldForest	100	48.7509805259347	5	95	50	0	ft	"144"
WD	wepp-173807	"10:39 pm  Wednesday April 22, 2020"	"Soup +"	50	silt	LowFire	500	33.4322359158041	33.4322359158041	80	30	OldForest	1800	33.4322359158041	5	95	30	0	ft	"156"
WD	wepp-173814	"10:39 pm  Wednesday April 22, 2020"	"Soup +"	50	loam	OldForest	350	29.223479418321	29.223479418321	95	50	OldForest	1500	29.223479418321	5	100	50	0	ft	"168"
WD	wepp-173850	"10:41 pm  Wednesday April 22, 2020"	"Upper Beaver +"	50	loam	OldForest	50	42.2770710658173	42.2770710658173	95	50	OldForest	300	42.2770710658173	5	100	50	0	ft	"26"
WD	wepp-173885	"10:41 pm  Wednesday April 22, 2020"	"Upper Beaver +"	50	silt	LowFire	1200	25.7672117280592	25.7672117280592	80	30.5382781709963	OldForest	100	25.7672117280592	5	95	30.5382781709963	0	ft	"159"
WD	wepp-173894	"10:41 pm  Wednesday April 22, 2020"	"Upper Beaver +"	50	silt	LowFire	1050	61.3042013836684	61.3042013836684	85	30	OldForest	1600	61.3042013836684	5	95	30	0	ft	"160"
WD	wepp-173901	"10:41 pm  Wednesday April 22, 2020"	"Upper Beaver +"	50	silt	LowFire	850	12.2717091310386	12.2717091310386	85	31.4417062876094	OldForest	100	12.2717091310386	5	95	31.4417062876094	0	ft	"167"
WD	wepp-173910	"10:41 pm  Wednesday April 22, 2020"	"Upper Beaver +"	50	loam	OldForest	600	16.7971599594818	16.7971599594818	95	50	OldForest	900	16.7971599594818	5	100	50	0	ft	"168"
WD	wepp-173917	"10:41 pm  Wednesday April 22, 2020"	"Upper Beaver +"	50	silt	LowFire	2400	21.823182602524	21.823182602524	80	34.4397113632729	OldForest	100	21.823182602524	5	95	34.4397113632729	0	ft	"169"
WD	wepp-173924	"10:41 pm  Wednesday April 22, 2020"	"Upper Beaver +"	50	silt	OldForest	900	24.30336817054	24.30336817054	95	30	OldForest	100	24.30336817054	5	100	30	0	ft	"170"
WD	wepp-173936	"10:41 pm  Wednesday April 22, 2020"	"Upper Beaver +"	50	silt	OldForest	850	24.4693036584293	24.4693036584293	95	30.1192764660841	OldForest	1050	24.4693036584293	5	100	30.1192764660841	0	ft	"171"
WD	wepp-173943	"10:41 pm  Wednesday April 22, 2020"	"Upper Beaver +"	50	silt	OldForest	400	8.52216674595275	8.52216674595275	95	40	OldForest	100	8.52216674595275	5	100	40	0	ft	"172"
WD	wepp-173950	"10:41 pm  Wednesday April 22, 2020"	"Upper Beaver +"	50	sand	LowFire	350	25.9155961114269	25.9155961114269	85	50	OldForest	100	25.9155961114269	5	95	50	0	ft	"173"
WD	wepp-173957	"10:41 pm  Wednesday April 22, 2020"	"Upper Beaver +"	50	sand	LowFire	1300	27.9632618335312	27.9632618335312	85	47.821356023642	OldForest	100	27.9632618335312	5	95	47.821356023642	0	ft	"174"
WD	wepp-173964	"10:41 pm  Wednesday April 22, 2020"	"Upper Beaver +"	50	sand	LowFire	550	27.8068735242963	27.8068735242963	80	50	OldForest	100	27.8068735242963	5	95	50	0	ft	"175"
WD	wepp-173973	"10:41 pm  Wednesday April 22, 2020"	"Upper Beaver +"	50	sand	LowFire	1100	40.7710366635448	40.7710366635448	80	50	OldForest	100	40.7710366635448	5	95	50	0	ft	"176"
WD	wepp-173980	"10:41 pm  Wednesday April 22, 2020"	"Upper Beaver +"	50	sand	YoungForest	1150	16.477402242101	16.477402242101	90	50	OldForest	100	16.477402242101	5	100	50	0	ft	"177"
WD	wepp-173987	"10:41 pm  Wednesday April 22, 2020"	"Upper Beaver +"	50	loam	LowFire	850	41.7175921493476	41.7175921493476	85	50	OldForest	100	41.7175921493476	5	95	50	0	ft	"178"
WD	wepp-173994	"10:41 pm  Wednesday April 22, 2020"	"Upper Beaver +"	50	loam	LowFire	650	11.3762543233928	11.3762543233928	80	42.4654494581097	OldForest	550	11.3762543233928	5	95	42.4654494581097	0	ft	"179"
WD	wepp-174001	"10:41 pm  Wednesday April 22, 2020"	"Upper Beaver +"	50	loam	LowFire	1400	29.6497122823146	29.6497122823146	80	50	OldForest	100	29.6497122823146	5	95	50	0	ft	"180"
WD	wepp-174008	"10:41 pm  Wednesday April 22, 2020"	"Upper Beaver +"	50	loam	LowFire	1000	47.960941694637	47.960941694637	85	50	OldForest	3500	47.960941694637	5	95	50	0	ft	"181"
WD	wepp-174015	"10:41 pm  Wednesday April 22, 2020"	"Upper Beaver +"	50	silt	LowFire	1050	22.5465703253698	22.5465703253698	80	38.3031586430197	OldForest	100	22.5465703253698	5	95	38.3031586430197	0	ft	"196"
WD	wepp-174024	"10:41 pm  Wednesday April 22, 2020"	"Upper Beaver +"	50	silt	LowFire	500	9.66739941121209	9.66739941121209	80	40	OldForest	100	9.66739941121209	5	95	40	0	ft	"197"
WD	wepp-174036	"10:41 pm  Wednesday April 22, 2020"	"Upper Beaver +"	50	silt	LowFire	1200	9.38265260117214	9.38265260117214	80	39.9990024117445	OldForest	100	9.38265260117214	5	95	39.9990024117445	0	ft	"198"
WD	wepp-174043	"10:41 pm  Wednesday April 22, 2020"	"Upper Beaver +"	50	silt	LowFire	1250	17.9608017976145	17.9608017976145	80	30.7197629707125	OldForest	100	17.9608017976145	5	95	30.7197629707125	0	ft	"199"
WD	wepp-174050	"10:41 pm  Wednesday April 22, 2020"	"Upper Beaver +"	50	silt	LowFire	1450	13.7256272951129	13.7256272951129	80	32.0587199213197	OldForest	100	13.7256272951129	5	95	32.0587199213197	0	ft	"200"
WD	wepp-174101	"10:43 pm  Wednesday April 22, 2020"	"Upper Rock +"	50	loam	LowFire	1500	11.7198889726993	11.7198889726993	85	48.5238014764964	OldForest	100	11.7198889726993	5	95	48.5238014764964	0	ft	"174"
WD	wepp-174136	"10:43 pm  Wednesday April 22, 2020"	"Upper Rock +"	50	sand	LowFire	2500	25.5337412291889	25.5337412291889	80	50	OldForest	100	25.5337412291889	5	95	50	0	ft	"175"
WD	wepp-174143	"10:43 pm  Wednesday April 22, 2020"	"Upper Rock +"	50	sand	LowFire	2200	10.5059762749453	10.5059762749453	80	50	OldForest	300	10.5059762749453	5	95	50	0	ft	"182"
WD	wepp-174150	"10:43 pm  Wednesday April 22, 2020"	"Upper Rock +"	50	sand	LowFire	1900	18.4850591557063	18.4850591557063	80	50	OldForest	300	18.4850591557063	5	95	50	0	ft	"183"
WD	wepp-174157	"10:43 pm  Wednesday April 22, 2020"	"Upper Rock +"	50	sand	LowFire	2200	20.4303369664442	20.4303369664442	80	50	OldForest	100	20.4303369664442	5	95	50	0	ft	"186"
WD	wepp-174164	"10:43 pm  Wednesday April 22, 2020"	"Upper Rock +"	50	loam	LowFire	1800	8.66637466902867	8.66637466902867	85	46.5181135433872	OldForest	300	8.66637466902867	5	95	46.5181135433872	0	ft	"190"
WD	wepp-174171	"10:43 pm  Wednesday April 22, 2020"	"Upper Rock +"	50	loam	LowFire	1100	19.2043950957848	19.2043950957848	85	42.1362174332473	OldForest	300	19.2043950957848	5	95	42.1362174332473	0	ft	"195"
WD	wepp-174178	"10:43 pm  Wednesday April 22, 2020"	"Upper Rock +"	50	silt	LowFire	1150	17.1481669760623	17.1481669760623	80	38.8200511925457	OldForest	100	17.1481669760623	5	95	38.8200511925457	0	ft	"205"
WD	wepp-174185	"10:43 pm  Wednesday April 22, 2020"	"Upper Rock +"	50	silt	LowFire	500	11.1301514230276	11.1301514230276	80	48.793498208798	OldForest	450	11.1301514230276	5	95	48.793498208798	0	ft	"210"
WD	wepp-174192	"10:43 pm  Wednesday April 22, 2020"	"Upper Rock +"	50	silt	LowFire	1400	24.119497894942	24.119497894942	80	50	OldForest	100	24.119497894942	5	95	50	0	ft	"211"
WD	wepp-174201	"10:44 pm  Wednesday April 22, 2020"	"Upper Rock +"	50	silt	LowFire	1150	16.0831688014677	16.0831688014677	80	39.1485846880582	OldForest	100	16.0831688014677	5	95	39.1485846880582	0	ft	"212"
WD	wepp-174208	"10:44 pm  Wednesday April 22, 2020"	"Upper Rock +"	50	silt	LowFire	800	34.3006252015452	34.3006252015452	80	30	OldForest	100	34.3006252015452	5	95	30	0	ft	"213"
WD	wepp-174215	"10:44 pm  Wednesday April 22, 2020"	"Upper Rock +"	50	silt	LowFire	1200	21.9920009676641	21.9920009676641	80	30.4955536346661	OldForest	100	21.9920009676641	5	95	30.4955536346661	0	ft	"214"
WD	wepp-174222	"10:44 pm  Wednesday April 22, 2020"	"Upper Rock +"	50	silt	LowFire	1000	25.278808457637	25.278808457637	85	30	OldForest	100	25.278808457637	5	95	30	0	ft	"215"
WD	wepp-174357	"10:46 pm  Wednesday April 22, 2020"	"Upper Trout +"	50	loam	LowFire	100	34.3281472544018	34.3281472544018	85	50	OldForest	300	34.3281472544018	5	95	50	0	ft	"41"
WD	wepp-174397	"10:46 pm  Wednesday April 22, 2020"	"Upper Trout +"	50	sand	LowFire	1200	50.98766712823	50.98766712823	75	50	OldForest	100	50.98766712823	5	90	50	0	ft	"63"
WD	wepp-174404	"10:46 pm  Wednesday April 22, 2020"	"Upper Trout +"	50	clay	LowFire	600	46.1736397540707	46.1736397540707	85	40	OldForest	100	46.1736397540707	5	95	40	0	ft	"64"
WD	wepp-174413	"10:46 pm  Wednesday April 22, 2020"	"Upper Trout +"	50	clay	OldForest	100	25.7124126500509	25.7124126500509	95	50	OldForest	300	25.7124126500509	5	100	50	0	ft	"65"
WD	wepp-174420	"10:46 pm  Wednesday April 22, 2020"	"Upper Trout +"	50	silt	LowFire	950	25.7987675125316	25.7987675125316	80	30	OldForest	100	25.7987675125316	5	95	30	0	ft	"112"
WD	wepp-174432	"10:46 pm  Wednesday April 22, 2020"	"Upper Trout +"	50	silt	OldForest	2250	25.2585715082085	25.2585715082085	95	30	OldForest	100	25.2585715082085	5	100	30	0	ft	"113"
WD	wepp-174439	"10:46 pm  Wednesday April 22, 2020"	"Upper Trout +"	50	silt	LowFire	1250	18.0370366329514	18.0370366329514	80	37.4907388470007	OldForest	300	18.0370366329514	5	95	37.4907388470007	0	ft	"114"
WD	wepp-174446	"10:46 pm  Wednesday April 22, 2020"	"Upper Trout +"	50	silt	LowFire	1300	25.8249898011481	25.8249898011481	80	30.0000298083328	OldForest	300	25.8249898011481	5	95	30.0000298083328	0	ft	"115"
WD	wepp-174453	"10:46 pm  Wednesday April 22, 2020"	"Upper Trout +"	50	silt	LowFire	750	42.4531212008112	42.4531212008112	85	30	OldForest	100	42.4531212008112	5	95	30	0	ft	"116"
WD	wepp-174460	"10:46 pm  Wednesday April 22, 2020"	"Upper Trout +"	50	silt	OldForest	2200	19.6748962654041	19.6748962654041	95	30	OldForest	100	19.6748962654041	5	100	30	0	ft	"118"
WD	wepp-174468	"10:46 pm  Wednesday April 22, 2020"	"Upper Trout +"	50	silt	OldForest	1100	18.1993932790992	18.1993932790992	95	30	OldForest	100	18.1993932790992	5	100	30	0	ft	"119"
WD	wepp-174476	"10:46 pm  Wednesday April 22, 2020"	"Upper Trout +"	50	silt	LowFire	2000	34.2963441673053	34.2963441673053	85	50	OldForest	100	34.2963441673053	5	95	50	0	ft	"142"
WD	wepp-174483	"10:46 pm  Wednesday April 22, 2020"	"Upper Trout +"	50	silt	LowFire	1000	22.0618630956285	22.0618630956285	80	30	OldForest	100	22.0618630956285	5	95	30	0	ft	"143"
WD	wepp-174492	"10:46 pm  Wednesday April 22, 2020"	"Upper Trout +"	50	silt	LowFire	700	35.3439582101407	35.3439582101407	85	30.2855732172391	OldForest	100	35.3439582101407	5	95	30.2855732172391	0	ft	"144"
WD	wepp-174499	"10:46 pm  Wednesday April 22, 2020"	"Upper Trout +"	50	silt	YoungForest	1700	26.9891715044927	26.9891715044927	90	30	OldForest	100	26.9891715044927	5	100	30	0	ft	"147"
WD	wepp-174506	"10:46 pm  Wednesday April 22, 2020"	"Upper Trout +"	50	silt	LowFire	1200	49.0068530699219	49.0068530699219	85	30	OldForest	100	49.0068530699219	5	95	30	0	ft	"150"
WD	wepp-174513	"10:46 pm  Wednesday April 22, 2020"	"Upper Trout +"	50	silt	LowFire	850	55.1640086612123	55.1640086612123	85	30.7860318778755	OldForest	100	55.1640086612123	5	95	30.7860318778755	0	ft	"151"
WD	wepp-174520	"10:46 pm  Wednesday April 22, 2020"	"Upper Trout +"	50	silt	LowFire	700	34.2155834707455	34.2155834707455	80	30	OldForest	100	34.2155834707455	5	95	30	0	ft	"152"
WD	wepp-174528	"10:47 pm  Wednesday April 22, 2020"	"Upper Trout +"	50	silt	LowFire	700	32.9818675550381	32.9818675550381	80	30.7262288688199	OldForest	100	32.9818675550381	5	95	30.7262288688199	0	ft	"153"
WD	wepp-174536	"10:47 pm  Wednesday April 22, 2020"	"Upper Trout +"	50	silt	YoungForest	1300	31.3037440673636	31.3037440673636	90	30	OldForest	100	31.3037440673636	5	100	30	0	ft	"154"
WD	wepp-174543	"10:47 pm  Wednesday April 22, 2020"	"Upper Trout +"	50	silt	LowFire	1250	41.7459818711578	41.7459818711578	85	30	OldForest	100	41.7459818711578	5	95	30	0	ft	"155"
WD	wepp-174550	"10:47 pm  Wednesday April 22, 2020"	"Upper Trout +"	50	silt	LowFire	1150	28.1764433271383	28.1764433271383	80	30	OldForest	100	28.1764433271383	5	95	30	0	ft	"156"
WD	wepp-174557	"10:47 pm  Wednesday April 22, 2020"	"Upper Trout +"	50	silt	LowFire	950	42.0406071940215	42.0406071940215	80	30	OldForest	100	42.0406071940215	5	95	30	0	ft	"157"
WD	wepp-174564	"10:47 pm  Wednesday April 22, 2020"	"Upper Trout +"	50	loam	LowFire	1250	27.4912979007057	27.4912979007057	80	37.6046919473004	OldForest	100	27.4912979007057	5	95	37.6046919473004	0	ft	"158"
WD	wepp-174571	"10:47 pm  Wednesday April 22, 2020"	"Upper Trout +"	50	silt	LowFire	800	45.466891745563	45.466891745563	85	31.6218298114167	OldForest	100	45.466891745563	5	95	31.6218298114167	0	ft	"160"
WD	wepp-174578	"10:47 pm  Wednesday April 22, 2020"	"Upper Trout +"	50	silt	LowFire	2300	41.8248908950722	41.8248908950722	75	50	OldForest	100	41.8248908950722	5	90	50	0	ft	"161"
WD	wepp-174585	"10:47 pm  Wednesday April 22, 2020"	"Upper Trout +"	50	loam	LowFire	650	21.7605543016407	21.7605543016407	80	50	OldForest	100	21.7605543016407	5	95	50	0	ft	"162"
WD	wepp-174592	"10:47 pm  Wednesday April 22, 2020"	"Upper Trout +"	50	loam	LowFire	1400	28.1548258456508	28.1548258456508	80	50	OldForest	100	28.1548258456508	5	95	50	0	ft	"164"
WD	wepp-174599	"10:47 pm  Wednesday April 22, 2020"	"Upper Trout +"	50	silt	LowFire	1550	35.8941046837676	35.8941046837676	85	38.1945411845881	OldForest	100	35.8941046837676	5	95	38.1945411845881	0	ft	"165"
WD	wepp-174606	"10:47 pm  Wednesday April 22, 2020"	"Upper Trout +"	50	loam	OldForest	1750	18.2888531751361	18.2888531751361	95	50	OldForest	100	18.2888531751361	5	100	50	0	ft	"166"
WD	wepp-174613	"10:47 pm  Wednesday April 22, 2020"	"Upper Trout +"	50	silt	LowFire	2700	20.6828124666859	20.6828124666859	85	34.6811543855512	OldForest	100	20.6828124666859	5	95	34.6811543855512	0	ft	"167"
WD	wepp-174620	"10:47 pm  Wednesday April 22, 2020"	"Upper Trout +"	50	silt	LowFire	1150	32.4004104832093	32.4004104832093	80	31.7369592260087	OldForest	100	32.4004104832093	5	95	31.7369592260087	0	ft	"201"
WD	wepp-174627	"10:47 pm  Wednesday April 22, 2020"	"Upper Trout +"	50	loam	LowFire	1550	29.5627642419505	29.5627642419505	85	41.2625014432767	OldForest	100	29.5627642419505	5	95	41.2625014432767	0	ft	"202"
WD	wepp-174634	"10:47 pm  Wednesday April 22, 2020"	"Upper Trout +"	50	silt	LowFire	1650	47.5792210883453	47.5792210883453	80	48.3652651441527	OldForest	100	47.5792210883453	5	95	48.3652651441527	0	ft	"203"
WD	wepp-174641	"10:47 pm  Wednesday April 22, 2020"	"Upper Trout +"	50	loam	LowFire	1950	38.1128444972298	38.1128444972298	85	50	OldForest	100	38.1128444972298	5	95	50	0	ft	"204"
WD	wepp-174650	"10:47 pm  Wednesday April 22, 2020"	"Upper Trout +"	50	silt	LowFire	1250	47.8108055632832	47.8108055632832	80	30	OldForest	100	47.8108055632832	5	95	30	0	ft	"206"
WD	wepp-174662	"10:47 pm  Wednesday April 22, 2020"	"Upper Trout +"	50	silt	LowFire	1500	26.050381597401	26.050381597401	85	33.2606456711854	OldForest	100	26.050381597401	5	95	33.2606456711854	0	ft	"207"
WD	wepp-174674	"10:47 pm  Wednesday April 22, 2020"	"Upper Trout +"	50	silt	LowFire	2000	29.9594217695649	29.9594217695649	85	40.4442997603696	OldForest	100	29.9594217695649	5	95	40.4442997603696	0	ft	"208"
WD	wepp-174681	"10:47 pm  Wednesday April 22, 2020"	"Upper Trout +"	50	silt	LowFire	600	39.6721137198332	39.6721137198332	80	30	OldForest	100	39.6721137198332	5	95	30	0	ft	"209"
WD	wepp-174688	"10:47 pm  Wednesday April 22, 2020"	"Upper Trout +"	50	silt	LowFire	1250	23.9863350901933	23.9863350901933	80	50	OldForest	100	23.9863350901933	5	95	50	0	ft	"210"
