WE	wepp-19358	"02:23 pm  Friday July 13, 2012"	"Waldo Fire CO +"	sand	10	forest	5	15	5	200	l			ft
WE	wepp-19407	"02:23 pm  Friday July 13, 2012"	"Waldo Fire CO +"	sand	10	forest	5	21.85248	5	200	l			ft
WE	wepp-19456	"02:24 pm  Friday July 13, 2012"	"Waldo Fire CO +"	sand	10	forest	5	21.72044	5	200	l			ft
WE	wepp-19505	"02:24 pm  Friday July 13, 2012"	"Waldo Fire CO +"	sand	10	forest	5	30.05047	5	200	l			ft
WE	wepp-19554	"02:24 pm  Friday July 13, 2012"	"Waldo Fire CO +"	sand	10	forest	5	18.09705	5	200	m			ft
WE	wepp-19650	"02:24 pm  Friday July 13, 2012"	"Waldo Fire CO +"	sand	10	forest	5	24.95435	5	200	m			ft
WE	wepp-19719	"02:25 pm  Friday July 13, 2012"	"Waldo Fire CO +"	sand	10	forest	5	28.86463	5	200	h			ft
WE	wepp-19808	"02:25 pm  Friday July 13, 2012"	"Waldo Fire CO +"	loam	10	chap	35	23.68841	15	1000	l	60	20	ft
WE	wepp-19862	"02:25 pm  Friday July 13, 2012"	"Waldo Fire CO +"	loam	10	chap	35	15.29514	15	1000	l	60	20	ft
WE	wepp-19912	"02:25 pm  Friday July 13, 2012"	"Waldo Fire CO +"	sand	45	chap	10	17.24701	2	560	l	60	20	ft
WE	wepp-19961	"02:26 pm  Friday July 13, 2012"	"Waldo Fire CO +"	sand	45	chap	10	15.47444	2	560	l	60	20	ft
WE	wepp-20010	"02:26 pm  Friday July 13, 2012"	"Waldo Fire CO +"	sand	45	chap	15	24.35679	15	600	l	60	20	ft
WE	wepp-20059	"02:26 pm  Friday July 13, 2012"	"Waldo Fire CO +"	sand	45	chap	10	15.23651	2	1000	l	60	20	ft
WE	wepp-20108	"02:26 pm  Friday July 13, 2012"	"Waldo Fire CO +"	sand	45	chap	10	15.60993	2	1000	l	60	20	ft
WE	wepp-20157	"02:26 pm  Friday July 13, 2012"	"Waldo Fire CO +"	sand	35	chap	40	55.52336	15	900	l	60	20	ft
WE	wepp-20206	"02:27 pm  Friday July 13, 2012"	"Waldo Fire CO +"	sand	35	chap	40	28.42762	15	900	l	60	20	ft
WE	wepp-20255	"02:27 pm  Friday July 13, 2012"	"Waldo Fire CO +"	sand	35	chap	40	21.16798	15	900	l	60	20	ft
WE	wepp-20304	"02:27 pm  Friday July 13, 2012"	"Waldo Fire CO +"	sand	35	chap	40	18.10957	15	900	l	60	20	ft
WE	wepp-20353	"02:27 pm  Friday July 13, 2012"	"Waldo Fire CO +"	sand	35	chap	40	50.33982	15	900	m	60	20	ft
WE	wepp-20422	"02:27 pm  Friday July 13, 2012"	"Waldo Fire CO +"	sand	35	chap	40	22.55677	15	900	m	60	20	ft
WE	wepp-20491	"02:28 pm  Friday July 13, 2012"	"Waldo Fire CO +"	sand	35	chap	40	38.71832	15	900	m	60	20	ft
WE	wepp-20560	"02:28 pm  Friday July 13, 2012"	"Waldo Fire CO +"	sand	35	chap	40	37.40121	15	900	m	60	20	ft
WE	wepp-20629	"02:28 pm  Friday July 13, 2012"	"Waldo Fire CO +"	sand	35	chap	40	23.39	15	900	m	60	20	ft
WE	wepp-20698	"02:29 pm  Friday July 13, 2012"	"Waldo Fire CO +"	sand	35	chap	40	22.0293	15	900	h	60	20	ft
WE	wepp-20787	"02:29 pm  Friday July 13, 2012"	"Waldo Fire CO +"	sand	35	chap	30	20.55981	15	845	l	60	20	ft
WE	wepp-20836	"02:29 pm  Friday July 13, 2012"	"Waldo Fire CO +"	sand	40	chap	5	15.83448	35	1000	m	60	20	ft
WE	wepp-20932	"02:29 pm  Friday July 13, 2012"	"Waldo Fire CO +"	sand	40	chap	5	39.81265	35	1000	m	60	20	ft
WE	wepp-21020	"02:30 pm  Friday July 13, 2012"	"Waldo Fire CO +"	sand	40	chap	5	30.33437	35	1000	m	60	20	ft
WE	wepp-21089	"02:30 pm  Friday July 13, 2012"	"Waldo Fire CO +"	sand	40	chap	5	26.63683	35	1000	m	60	20	ft
WE	wepp-21158	"02:30 pm  Friday July 13, 2012"	"Waldo Fire CO +"	sand	40	chap	5	25.73662	35	1000	m	60	20	ft
WE	wepp-21227	"02:31 pm  Friday July 13, 2012"	"Waldo Fire CO +"	sand	40	chap	5	45.02697	35	1000	h	60	20	ft
WE	wepp-21316	"02:31 pm  Friday July 13, 2012"	"Waldo Fire CO +"	sand	35	chap	65	18.33347	40	490	l	60	20	ft
WE	wepp-21365	"02:31 pm  Friday July 13, 2012"	"Waldo Fire CO +"	sand	35	chap	65	57.82122	40	490	l	60	20	ft
WE	wepp-21414	"02:31 pm  Friday July 13, 2012"	"Waldo Fire CO +"	sand	35	chap	65	15.17481	40	490	l	60	20	ft
WE	wepp-21463	"02:32 pm  Friday July 13, 2012"	"Waldo Fire CO +"	sand	35	chap	65	15.04049	40	490	l	60	20	ft
WE	wepp-21512	"02:32 pm  Friday July 13, 2012"	"Waldo Fire CO +"	sand	35	chap	65	40	40	490	l	60	20	ft
WE	wepp-21561	"02:32 pm  Friday July 13, 2012"	"Waldo Fire CO +"	sand	35	chap	65	39.59365	40	490	l	60	20	ft
WE	wepp-21610	"02:32 pm  Friday July 13, 2012"	"Waldo Fire CO +"	sand	35	chap	65	15	40	490	l	60	20	ft
WE	wepp-21659	"02:33 pm  Friday July 13, 2012"	"Waldo Fire CO +"	sand	35	chap	65	32.18951	40	490	l	60	20	ft
WE	wepp-21708	"02:33 pm  Friday July 13, 2012"	"Waldo Fire CO +"	sand	35	chap	65	43.35649	40	490	l	60	20	ft
WE	wepp-21757	"02:33 pm  Friday July 13, 2012"	"Waldo Fire CO +"	sand	35	chap	65	40.80545	40	490	l	60	20	ft
WE	wepp-21806	"02:33 pm  Friday July 13, 2012"	"Waldo Fire CO +"	sand	35	chap	65	43.90882	40	490	l	60	20	ft
WE	wepp-21857	"02:34 pm  Friday July 13, 2012"	"Waldo Fire CO +"	sand	35	chap	65	17.16899	40	490	l	60	20	ft
WE	wepp-21906	"02:34 pm  Friday July 13, 2012"	"Waldo Fire CO +"	sand	35	chap	65	45.34403	40	490	l	60	20	ft
WE	wepp-21955	"02:34 pm  Friday July 13, 2012"	"Waldo Fire CO +"	sand	35	chap	65	41.85387	40	490	l	60	20	ft
WE	wepp-22004	"02:34 pm  Friday July 13, 2012"	"Waldo Fire CO +"	sand	35	chap	65	20.04918	40	490	l	60	20	ft
WE	wepp-22080	"02:34 pm  Friday July 13, 2012"	"Waldo Fire CO +"	sand	35	chap	65	15	40	490	l	60	20	ft
WE	wepp-22129	"02:35 pm  Friday July 13, 2012"	"Waldo Fire CO +"	sand	35	chap	65	15	40	490	l	60	20	ft
WE	wepp-22178	"02:35 pm  Friday July 13, 2012"	"Waldo Fire CO +"	sand	35	chap	65	40	40	490	l	60	20	ft
WE	wepp-22227	"02:35 pm  Friday July 13, 2012"	"Waldo Fire CO +"	sand	35	chap	65	50.15824	40	490	l	60	20	ft
WE	wepp-22276	"02:36 pm  Friday July 13, 2012"	"Waldo Fire CO +"	sand	35	chap	65	60.05368	40	490	l	60	20	ft
WE	wepp-22325	"02:36 pm  Friday July 13, 2012"	"Waldo Fire CO +"	sand	35	chap	65	34.8809	40	490	l	60	20	ft
WE	wepp-22374	"02:36 pm  Friday July 13, 2012"	"Waldo Fire CO +"	sand	35	chap	65	31.94445	40	490	l	60	20	ft
WE	wepp-22423	"02:36 pm  Friday July 13, 2012"	"Waldo Fire CO +"	sand	35	chap	65	41.2635	40	490	l	60	20	ft
WE	wepp-22472	"02:36 pm  Friday July 13, 2012"	"Waldo Fire CO +"	sand	35	chap	65	27.79869	40	490	l	60	20	ft
WE	wepp-22521	"02:37 pm  Friday July 13, 2012"	"Waldo Fire CO +"	sand	35	chap	65	30.22853	40	490	m	60	20	ft
WE	wepp-22590	"02:37 pm  Friday July 13, 2012"	"Waldo Fire CO +"	sand	35	chap	65	25.46744	40	490	m	60	20	ft
WE	wepp-22659	"02:37 pm  Friday July 13, 2012"	"Waldo Fire CO +"	sand	35	chap	65	23.6788	40	490	m	60	20	ft
WE	wepp-22728	"02:38 pm  Friday July 13, 2012"	"Waldo Fire CO +"	sand	35	chap	65	23.20441	40	490	m	60	20	ft
WE	wepp-22797	"02:38 pm  Friday July 13, 2012"	"Waldo Fire CO +"	sand	35	chap	65	15	40	490	m	60	20	ft
WE	wepp-22866	"02:38 pm  Friday July 13, 2012"	"Waldo Fire CO +"	sand	35	chap	65	16.49533	40	490	m	60	20	ft
WE	wepp-22935	"02:38 pm  Friday July 13, 2012"	"Waldo Fire CO +"	sand	35	chap	65	30	40	490	m	60	20	ft
WE	wepp-23004	"02:39 pm  Friday July 13, 2012"	"Waldo Fire CO +"	sand	35	chap	65	26.04302	40	490	m	60	20	ft
WE	wepp-23073	"02:39 pm  Friday July 13, 2012"	"Waldo Fire CO +"	sand	35	chap	65	49.50109	40	490	m	60	20	ft
WE	wepp-23142	"02:39 pm  Friday July 13, 2012"	"Waldo Fire CO +"	sand	35	chap	65	15	40	490	m	60	20	ft
WE	wepp-23211	"02:39 pm  Friday July 13, 2012"	"Waldo Fire CO +"	sand	35	chap	65	15	40	490	m	60	20	ft
WE	wepp-23307	"02:40 pm  Friday July 13, 2012"	"Waldo Fire CO +"	sand	35	chap	65	50.20704	40	490	m	60	20	ft
WE	wepp-23376	"02:40 pm  Friday July 13, 2012"	"Waldo Fire CO +"	sand	35	chap	65	37.96106	40	490	m	60	20	ft
WE	wepp-23445	"02:40 pm  Friday July 13, 2012"	"Waldo Fire CO +"	sand	35	chap	65	58.28189	40	490	m	60	20	ft
WE	wepp-23514	"02:40 pm  Friday July 13, 2012"	"Waldo Fire CO +"	sand	35	chap	65	15	40	490	m	60	20	ft
WE	wepp-23583	"02:41 pm  Friday July 13, 2012"	"Waldo Fire CO +"	sand	35	chap	65	63.45501	40	490	m	60	20	ft
WE	wepp-23653	"02:41 pm  Friday July 13, 2012"	"Waldo Fire CO +"	sand	35	chap	65	51.23972	40	490	m	60	20	ft
WE	wepp-23723	"02:41 pm  Friday July 13, 2012"	"Waldo Fire CO +"	sand	35	chap	65	32.7439	40	490	m	60	20	ft
WE	wepp-23792	"02:41 pm  Friday July 13, 2012"	"Waldo Fire CO +"	sand	35	chap	65	21.7754	40	490	m	60	20	ft
WE	wepp-23861	"02:42 pm  Friday July 13, 2012"	"Waldo Fire CO +"	sand	35	chap	65	19.20165	40	490	m	60	20	ft
WE	wepp-23930	"02:42 pm  Friday July 13, 2012"	"Waldo Fire CO +"	sand	35	chap	65	40	40	490	m	60	20	ft
WE	wepp-23999	"02:42 pm  Friday July 13, 2012"	"Waldo Fire CO +"	sand	35	chap	65	18.12466	40	490	m	60	20	ft
WE	wepp-24068	"02:42 pm  Friday July 13, 2012"	"Waldo Fire CO +"	sand	35	chap	65	40	40	490	m	60	20	ft
WE	wepp-24138	"02:43 pm  Friday July 13, 2012"	"Waldo Fire CO +"	sand	35	chap	65	19.48524	40	490	m	60	20	ft
WE	wepp-24207	"02:43 pm  Friday July 13, 2012"	"Waldo Fire CO +"	sand	35	chap	65	30	40	490	m	60	20	ft
WE	wepp-24276	"02:43 pm  Friday July 13, 2012"	"Waldo Fire CO +"	sand	35	chap	65	56.86404	40	490	m	60	20	ft
WE	wepp-24345	"02:43 pm  Friday July 13, 2012"	"Waldo Fire CO +"	sand	35	chap	65	59.6628	40	490	m	60	20	ft
WE	wepp-24414	"02:44 pm  Friday July 13, 2012"	"Waldo Fire CO +"	sand	35	chap	65	41.5676	40	490	m	60	20	ft
WE	wepp-24483	"02:44 pm  Friday July 13, 2012"	"Waldo Fire CO +"	sand	35	chap	65	30	40	490	m	60	20	ft
WE	wepp-24552	"02:44 pm  Friday July 13, 2012"	"Waldo Fire CO +"	sand	35	chap	65	28.57946	40	490	m	60	20	ft
WE	wepp-24648	"02:45 pm  Friday July 13, 2012"	"Waldo Fire CO +"	sand	35	chap	65	20.24144	40	490	m	60	20	ft
WE	wepp-24736	"02:45 pm  Friday July 13, 2012"	"Waldo Fire CO +"	sand	35	chap	65	32.87746	40	490	m	60	20	ft
WE	wepp-24805	"02:45 pm  Friday July 13, 2012"	"Waldo Fire CO +"	sand	35	chap	65	24.28473	40	490	h	60	20	ft
WE	wepp-24894	"02:45 pm  Friday July 13, 2012"	"Waldo Fire CO +"	sand	35	chap	65	25.0413	40	490	h	60	20	ft
WE	wepp-24983	"02:46 pm  Friday July 13, 2012"	"Waldo Fire CO +"	sand	35	chap	65	34.67883	40	490	h	60	20	ft
WE	wepp-25073	"02:46 pm  Friday July 13, 2012"	"Waldo Fire CO +"	sand	35	chap	65	24.30573	40	490	h	60	20	ft
WE	wepp-25162	"02:46 pm  Friday July 13, 2012"	"Waldo Fire CO +"	sand	35	chap	65	27.09094	40	490	h	60	20	ft
WE	wepp-25251	"02:47 pm  Friday July 13, 2012"	"Waldo Fire CO +"	sand	35	chap	65	35.68716	40	490	h	60	20	ft
WE	wepp-25340	"02:47 pm  Friday July 13, 2012"	"Waldo Fire CO +"	sand	35	chap	65	15	40	490	h	60	20	ft
WE	wepp-25429	"02:47 pm  Friday July 13, 2012"	"Waldo Fire CO +"	sand	35	chap	65	21.42241	40	490	h	60	20	ft
WE	wepp-25518	"02:48 pm  Friday July 13, 2012"	"Waldo Fire CO +"	sand	35	chap	65	15	40	490	h	60	20	ft
WE	wepp-25607	"02:48 pm  Friday July 13, 2012"	"Waldo Fire CO +"	sand	35	chap	65	27.72315	40	490	h	60	20	ft
WE	wepp-25696	"02:48 pm  Friday July 13, 2012"	"Waldo Fire CO +"	sand	35	chap	65	16.47387	40	490	h	60	20	ft
WE	wepp-25785	"02:49 pm  Friday July 13, 2012"	"Waldo Fire CO +"	sand	35	chap	65	35.33947	40	490	h	60	20	ft
WE	wepp-25874	"02:49 pm  Friday July 13, 2012"	"Waldo Fire CO +"	sand	35	chap	65	17.02688	40	490	h	60	20	ft
WE	wepp-25963	"02:49 pm  Friday July 13, 2012"	"Waldo Fire CO +"	sand	35	chap	65	52.71736	40	490	h	60	20	ft
WE	wepp-26079	"02:50 pm  Friday July 13, 2012"	"Waldo Fire CO +"	sand	35	chap	65	30.32465	40	490	h	60	20	ft
WE	wepp-26168	"02:50 pm  Friday July 13, 2012"	"Waldo Fire CO +"	sand	35	chap	65	36.61063	40	490	h	60	20	ft
WE	wepp-26286	"02:51 pm  Friday July 13, 2012"	"Waldo Fire CO +"	sand	35	chap	65	32.34892	40	490	h	60	20	ft
WE	wepp-26375	"02:51 pm  Friday July 13, 2012"	"Waldo Fire CO +"	sand	35	chap	65	15	40	490	h	60	20	ft
WE	wepp-26464	"02:52 pm  Friday July 13, 2012"	"Waldo Fire CO +"	sand	35	chap	65	15	40	490	h	60	20	ft
WE	wepp-26553	"02:52 pm  Friday July 13, 2012"	"Waldo Fire CO +"	sand	35	chap	65	15	40	490	h	60	20	ft
WE	wepp-26642	"02:52 pm  Friday July 13, 2012"	"Waldo Fire CO +"	sand	35	chap	65	15	40	490	h	60	20	ft
WE	wepp-26731	"02:53 pm  Friday July 13, 2012"	"Waldo Fire CO +"	sand	35	chap	65	38.93677	40	490	h	60	20	ft
WE	wepp-26823	"02:53 pm  Friday July 13, 2012"	"Waldo Fire CO +"	sand	35	chap	65	19.65794	40	490	h	60	20	ft
WE	wepp-26912	"02:53 pm  Friday July 13, 2012"	"Waldo Fire CO +"	sand	35	chap	65	27.92559	40	490	h	60	20	ft
WE	wepp-27001	"02:54 pm  Friday July 13, 2012"	"Waldo Fire CO +"	sand	35	chap	65	51.93307	40	490	h	60	20	ft
WE	wepp-27090	"02:54 pm  Friday July 13, 2012"	"Waldo Fire CO +"	sand	35	chap	65	29.8549	40	490	h	60	20	ft
WE	wepp-27179	"02:54 pm  Friday July 13, 2012"	"Waldo Fire CO +"	sand	35	chap	65	58.73748	40	490	h	60	20	ft
WE	wepp-27269	"02:54 pm  Friday July 13, 2012"	"Waldo Fire CO +"	loam	30	chap	15	26.04852	20	1000	l	60	20	ft
WE	wepp-27344	"02:55 pm  Friday July 13, 2012"	"Waldo Fire CO +"	loam	30	chap	15	34.77714	20	1000	l	60	20	ft
WE	wepp-27393	"02:55 pm  Friday July 13, 2012"	"Waldo Fire CO +"	loam	30	chap	15	27.52795	20	1000	l	60	20	ft
WE	wepp-27442	"02:55 pm  Friday July 13, 2012"	"Waldo Fire CO +"	loam	30	chap	15	49.06482	20	1000	m	60	20	ft
WE	wepp-27511	"02:55 pm  Friday July 13, 2012"	"Waldo Fire CO +"	loam	30	chap	15	18.3339	20	1000	m	60	20	ft
WE	wepp-27580	"02:56 pm  Friday July 13, 2012"	"Waldo Fire CO +"	loam	30	chap	15	17.70219	20	1000	m	60	20	ft
WE	wepp-27649	"02:56 pm  Friday July 13, 2012"	"Waldo Fire CO +"	loam	30	chap	15	26.23491	20	1000	m	60	20	ft
WE	wepp-27718	"02:56 pm  Friday July 13, 2012"	"Waldo Fire CO +"	loam	30	chap	15	22.96426	20	1000	m	60	20	ft
WE	wepp-27787	"02:57 pm  Friday July 13, 2012"	"Waldo Fire CO +"	loam	30	chap	15	38.22201	20	1000	m	60	20	ft
WE	wepp-27856	"02:57 pm  Friday July 13, 2012"	""	loam	30	chap	15	45.70805	20	1000	m	60	20	ft
WE	wepp-27925	"02:57 pm  Friday July 13, 2012"	"Waldo Fire CO +"	loam	30	chap	15	22.08724	20	1000	m	60	20	ft
WE	wepp-27994	"02:57 pm  Friday July 13, 2012"	"Waldo Fire CO +"	loam	30	chap	15	56.38874	35	1000	l	60	20	ft
WE	wepp-28043	"02:58 pm  Friday July 13, 2012"	"Waldo Fire CO +"	loam	30	chap	15	40.66532	35	1000	l	60	20	ft
WE	wepp-28092	"02:58 pm  Friday July 13, 2012"	"Waldo Fire CO +"	loam	30	chap	15	22.29783	35	1000	l	60	20	ft
WE	wepp-28141	"02:58 pm  Friday July 13, 2012"	"Waldo Fire CO +"	loam	30	chap	15	67.70844	35	1000	l	60	20	ft
WE	wepp-28190	"02:58 pm  Friday July 13, 2012"	"Waldo Fire CO +"	loam	30	chap	15	51.76086	35	1000	l	60	20	ft
WE	wepp-28239	"02:58 pm  Friday July 13, 2012"	"Waldo Fire CO +"	loam	30	chap	15	16.57772	35	1000	l	60	20	ft
WE	wepp-28288	"02:59 pm  Friday July 13, 2012"	"Waldo Fire CO +"	loam	30	chap	15	33.19427	35	1000	l	60	20	ft
WE	wepp-28337	"02:59 pm  Friday July 13, 2012"	"Waldo Fire CO +"	loam	30	chap	15	45.70772	35	1000	l	60	20	ft
WE	wepp-28386	"02:59 pm  Friday July 13, 2012"	"Waldo Fire CO +"	loam	30	chap	15	29.49875	35	1000	l	60	20	ft
WE	wepp-28435	"02:59 pm  Friday July 13, 2012"	"Waldo Fire CO +"	loam	30	chap	15	27.68194	35	1000	l	60	20	ft
WE	wepp-28484	"02:59 pm  Friday July 13, 2012"	"Waldo Fire CO +"	loam	30	chap	15	56.65	35	1000	l	60	20	ft
WE	wepp-28579	"03:00 pm  Friday July 13, 2012"	"Waldo Fire CO +"	loam	30	chap	15	15	35	1000	l	60	20	ft
WE	wepp-28628	"03:00 pm  Friday July 13, 2012"	"Waldo Fire CO +"	loam	30	chap	15	50.48835	35	1000	m	60	20	ft
WE	wepp-28697	"03:00 pm  Friday July 13, 2012"	"Waldo Fire CO +"	loam	30	chap	15	25.98259	35	1000	m	60	20	ft
WE	wepp-28766	"03:00 pm  Friday July 13, 2012"	"Waldo Fire CO +"	loam	30	chap	15	20.93026	35	1000	m	60	20	ft
WE	wepp-28835	"03:01 pm  Friday July 13, 2012"	"Waldo Fire CO +"	loam	30	chap	15	20.64992	35	1000	m	60	20	ft
WE	wepp-28904	"03:01 pm  Friday July 13, 2012"	"Waldo Fire CO +"	loam	30	chap	15	23.5512	35	1000	m	60	20	ft
WE	wepp-28976	"03:01 pm  Friday July 13, 2012"	"Waldo Fire CO +"	loam	30	chap	15	29.04034	35	1000	m	60	20	ft
WE	wepp-29045	"03:02 pm  Friday July 13, 2012"	"Waldo Fire CO +"	sand	20	chap	3	20.17841	15	500	l	60	20	ft
WE	wepp-29094	"03:02 pm  Friday July 13, 2012"	"Waldo Fire CO +"	sand	25	forest	80	72.25776	15	1000	l			ft
WE	wepp-29143	"03:02 pm  Friday July 13, 2012"	"Waldo Fire CO +"	sand	25	forest	80	37.91154	15	1000	l			ft
WE	wepp-29192	"03:02 pm  Friday July 13, 2012"	"Waldo Fire CO +"	sand	25	forest	80	74.36462	15	1000	l			ft
WE	wepp-29242	"03:02 pm  Friday July 13, 2012"	"Waldo Fire CO +"	sand	25	forest	80	48.58503	15	1000	l			ft
WE	wepp-29291	"03:03 pm  Friday July 13, 2012"	"Waldo Fire CO +"	sand	25	forest	80	85.61389	15	1000	l			ft
WE	wepp-29340	"03:03 pm  Friday July 13, 2012"	"Waldo Fire CO +"	sand	25	forest	80	76.88173	15	1000	l			ft
WE	wepp-29389	"03:03 pm  Friday July 13, 2012"	"Waldo Fire CO +"	sand	25	forest	80	70.81882	15	1000	m			ft
WE	wepp-29458	"03:03 pm  Friday July 13, 2012"	"Waldo Fire CO +"	sand	25	forest	80	70.90492	15	1000	h			ft
WE	wepp-29547	"03:04 pm  Friday July 13, 2012"	"Waldo Fire CO +"	sand	40	forest	15	25.88567	5	720	l			ft
WE	wepp-29597	"03:04 pm  Friday July 13, 2012"	"Waldo Fire CO +"	sand	40	forest	15	34.05824	5	720	l			ft
WE	wepp-29646	"03:04 pm  Friday July 13, 2012"	"Waldo Fire CO +"	sand	40	forest	15	31.5969	5	720	l			ft
WE	wepp-29695	"03:04 pm  Friday July 13, 2012"	"Waldo Fire CO +"	sand	40	forest	15	21.73578	5	720	l			ft
WE	wepp-29744	"03:05 pm  Friday July 13, 2012"	"Waldo Fire CO +"	sand	25	forest	40	20.00475	15	1000	l			ft
WE	wepp-29820	"03:05 pm  Friday July 13, 2012"	"Waldo Fire CO +"	sand	25	forest	40	20.90223	15	1000	l			ft
WE	wepp-29869	"03:05 pm  Friday July 13, 2012"	"Waldo Fire CO +"	sand	25	forest	40	16.70912	15	1000	l			ft
WE	wepp-29918	"03:05 pm  Friday July 13, 2012"	"Waldo Fire CO +"	sand	25	forest	40	15	15	1000	l			ft
WE	wepp-29967	"03:05 pm  Friday July 13, 2012"	"Waldo Fire CO +"	sand	25	forest	40	15	15	1000	l			ft
WE	wepp-30016	"03:06 pm  Friday July 13, 2012"	"Waldo Fire CO +"	sand	25	forest	40	15.9363	15	1000	l			ft
WE	wepp-30065	"03:06 pm  Friday July 13, 2012"	"Waldo Fire CO +"	sand	25	forest	40	23.98911	15	1000	l			ft
WE	wepp-30114	"03:06 pm  Friday July 13, 2012"	"Waldo Fire CO +"	sand	25	forest	40	21.32917	15	1000	l			ft
WE	wepp-30163	"03:06 pm  Friday July 13, 2012"	"Waldo Fire CO +"	sand	25	forest	40	29.95339	15	1000	l			ft
WE	wepp-30212	"03:06 pm  Friday July 13, 2012"	"Waldo Fire CO +"	sand	25	forest	40	15.22807	15	1000	l			ft
WE	wepp-30261	"03:07 pm  Friday July 13, 2012"	"Waldo Fire CO +"	sand	25	forest	40	21.00384	15	1000	l			ft
WE	wepp-30310	"03:07 pm  Friday July 13, 2012"	"Waldo Fire CO +"	sand	25	forest	40	20.57723	15	1000	l			ft
WE	wepp-30359	"03:07 pm  Friday July 13, 2012"	"Waldo Fire CO +"	sand	25	forest	40	23.54665	15	1000	l			ft
WE	wepp-30408	"03:07 pm  Friday July 13, 2012"	"Waldo Fire CO +"	sand	25	forest	40	20.83737	15	1000	l			ft
WE	wepp-30457	"03:07 pm  Friday July 13, 2012"	"Waldo Fire CO +"	sand	25	forest	40	15	15	1000	l			ft
WE	wepp-30506	"03:08 pm  Friday July 13, 2012"	"Waldo Fire CO +"	sand	25	forest	40	15	15	1000	l			ft
WE	wepp-30555	"03:08 pm  Friday July 13, 2012"	"Waldo Fire CO +"	sand	25	forest	40	15	15	1000	l			ft
WE	wepp-30605	"03:08 pm  Friday July 13, 2012"	"Waldo Fire CO +"	sand	25	forest	40	15	15	1000	l			ft
WE	wepp-30654	"03:08 pm  Friday July 13, 2012"	"Waldo Fire CO +"	sand	25	forest	40	15.09023	15	1000	l			ft
WE	wepp-30703	"03:09 pm  Friday July 13, 2012"	"Waldo Fire CO +"	sand	25	forest	40	15	15	1000	l			ft
WE	wepp-30753	"03:09 pm  Friday July 13, 2012"	"Waldo Fire CO +"	sand	25	forest	40	15	15	1000	l			ft
WE	wepp-30802	"03:09 pm  Friday July 13, 2012"	"Waldo Fire CO +"	sand	25	forest	40	15	15	1000	l			ft
WE	wepp-30851	"03:09 pm  Friday July 13, 2012"	"Waldo Fire CO +"	sand	25	forest	40	15.16756	15	1000	l			ft
WE	wepp-30900	"03:10 pm  Friday July 13, 2012"	"Waldo Fire CO +"	sand	25	forest	40	15	15	1000	l			ft
WE	wepp-30976	"03:10 pm  Friday July 13, 2012"	"Waldo Fire CO +"	sand	25	forest	40	15.38363	15	1000	l			ft
WE	wepp-31025	"03:10 pm  Friday July 13, 2012"	"Waldo Fire CO +"	sand	25	forest	40	15	15	1000	l			ft
WE	wepp-31074	"03:10 pm  Friday July 13, 2012"	"Waldo Fire CO +"	sand	25	forest	40	15	15	1000	l			ft
WE	wepp-31123	"03:10 pm  Friday July 13, 2012"	"Waldo Fire CO +"	sand	25	forest	40	15.00146	15	1000	l			ft
WE	wepp-31172	"03:11 pm  Friday July 13, 2012"	"Waldo Fire CO +"	sand	25	forest	40	15.03521	15	1000	l			ft
WE	wepp-31221	"03:11 pm  Friday July 13, 2012"	"Waldo Fire CO +"	sand	25	forest	40	15.62353	15	1000	l			ft
WE	wepp-31270	"03:11 pm  Friday July 13, 2012"	"Waldo Fire CO +"	sand	25	forest	40	15.56471	15	1000	l			ft
WE	wepp-31319	"03:11 pm  Friday July 13, 2012"	"Waldo Fire CO +"	sand	25	forest	40	15.24932	15	1000	l			ft
WE	wepp-31368	"03:11 pm  Friday July 13, 2012"	"Waldo Fire CO +"	sand	25	forest	40	15	15	1000	l			ft
WE	wepp-31417	"03:12 pm  Friday July 13, 2012"	"Waldo Fire CO +"	sand	25	forest	40	22.89021	15	1000	l			ft
WE	wepp-31466	"03:12 pm  Friday July 13, 2012"	"Waldo Fire CO +"	sand	25	forest	40	25.35655	15	1000	l			ft
WE	wepp-31515	"03:12 pm  Friday July 13, 2012"	"Waldo Fire CO +"	sand	25	forest	40	25.85541	15	1000	l			ft
WE	wepp-31564	"03:12 pm  Friday July 13, 2012"	"Waldo Fire CO +"	sand	25	forest	40	24.43421	15	1000	l			ft
WE	wepp-31613	"03:13 pm  Friday July 13, 2012"	"Waldo Fire CO +"	sand	25	forest	40	17.89174	15	1000	l			ft
WE	wepp-31663	"03:13 pm  Friday July 13, 2012"	"Waldo Fire CO +"	sand	25	forest	40	22.09167	15	1000	l			ft
WE	wepp-31713	"03:13 pm  Friday July 13, 2012"	"Waldo Fire CO +"	sand	25	forest	40	15	15	1000	l			ft
WE	wepp-31762	"03:13 pm  Friday July 13, 2012"	"Waldo Fire CO +"	sand	25	forest	40	16.19453	15	1000	m			ft
WE	wepp-31831	"03:13 pm  Friday July 13, 2012"	"Waldo Fire CO +"	sand	25	forest	40	15	15	1000	m			ft
WE	wepp-31900	"03:14 pm  Friday July 13, 2012"	"Waldo Fire CO +"	sand	25	forest	40	15.53303	15	1000	m			ft
WE	wepp-31969	"03:14 pm  Friday July 13, 2012"	"Waldo Fire CO +"	sand	25	forest	40	16.53723	15	1000	m			ft
WE	wepp-32038	"03:14 pm  Friday July 13, 2012"	"Waldo Fire CO +"	sand	25	forest	40	20.33899	15	1000	m			ft
WE	wepp-32126	"03:15 pm  Friday July 13, 2012"	"Waldo Fire CO +"	sand	25	forest	40	27.83986	15	1000	m			ft
WE	wepp-32224	"03:15 pm  Friday July 13, 2012"	"Waldo Fire CO +"	sand	25	forest	40	15	15	1000	m			ft
WE	wepp-32293	"03:15 pm  Friday July 13, 2012"	"Waldo Fire CO +"	sand	25	forest	40	15	15	1000	m			ft
WE	wepp-32362	"03:15 pm  Friday July 13, 2012"	"Waldo Fire CO +"	sand	25	forest	40	15.9639	15	1000	m			ft
WE	wepp-32431	"03:16 pm  Friday July 13, 2012"	"Waldo Fire CO +"	sand	25	forest	40	38.9761	15	1000	m			ft
WE	wepp-32500	"03:16 pm  Friday July 13, 2012"	"Waldo Fire CO +"	sand	25	forest	40	24.93645	15	1000	m			ft
WE	wepp-32569	"03:16 pm  Friday July 13, 2012"	"Waldo Fire CO +"	sand	25	forest	40	15	15	1000	m			ft
WE	wepp-32638	"03:17 pm  Friday July 13, 2012"	"Waldo Fire CO +"	sand	25	forest	40	15	15	1000	m			ft
WE	wepp-32707	"03:17 pm  Friday July 13, 2012"	"Waldo Fire CO +"	sand	25	forest	40	15	15	1000	m			ft
WE	wepp-309	"03:17 pm  Friday July 13, 2012"	"Waldo Fire CO +"	sand	25	forest	40	15	15	1000	m			ft
WE	wepp-380	"03:17 pm  Friday July 13, 2012"	"Waldo Fire CO +"	sand	25	forest	40	15	15	1000	m			ft
WE	wepp-449	"03:18 pm  Friday July 13, 2012"	"Waldo Fire CO +"	sand	25	forest	40	15	15	1000	m			ft
WE	wepp-518	"03:18 pm  Friday July 13, 2012"	"Waldo Fire CO +"	sand	25	forest	40	15	15	1000	m			ft
WE	wepp-589	"03:18 pm  Friday July 13, 2012"	"Waldo Fire CO +"	sand	25	forest	40	15	15	1000	m			ft
WE	wepp-659	"03:18 pm  Friday July 13, 2012"	"Waldo Fire CO +"	sand	25	forest	40	15	15	1000	m			ft
WE	wepp-728	"03:19 pm  Friday July 13, 2012"	"Waldo Fire CO +"	sand	25	forest	40	20.55064	15	1000	m			ft
WE	wepp-797	"03:19 pm  Friday July 13, 2012"	"Waldo Fire CO +"	sand	25	forest	40	15.72547	15	1000	m			ft
WE	wepp-866	"03:19 pm  Friday July 13, 2012"	"Waldo Fire CO +"	sand	25	forest	40	21.56144	15	1000	m			ft
WE	wepp-935	"03:20 pm  Friday July 13, 2012"	"Waldo Fire CO +"	sand	25	forest	40	23.35916	15	1000	m			ft
WE	wepp-1031	"03:20 pm  Friday July 13, 2012"	"Waldo Fire CO +"	sand	25	forest	40	15.53328	15	1000	h			ft
WE	wepp-1121	"03:20 pm  Friday July 13, 2012"	"Waldo Fire CO +"	sand	25	forest	40	15.72022	15	1000	h			ft
WE	wepp-1210	"03:21 pm  Friday July 13, 2012"	"Waldo Fire CO +"	sand	25	forest	40	19.4253	15	1000	h			ft
WE	wepp-1305	"03:21 pm  Friday July 13, 2012"	"Waldo Fire CO +"	sand	25	forest	40	19.86865	15	1000	h			ft
WE	wepp-1394	"03:21 pm  Friday July 13, 2012"	"Waldo Fire CO +"	sand	25	forest	40	58.51764	15	1000	h			ft
WE	wepp-1483	"03:22 pm  Friday July 13, 2012"	"Waldo Fire CO +"	sand	25	forest	40	15	15	1000	h			ft
WE	wepp-1581	"03:22 pm  Friday July 13, 2012"	"Waldo Fire CO +"	sand	25	forest	40	15	15	1000	h			ft
WE	wepp-1757	"03:22 pm  Friday July 13, 2012"	"Waldo Fire CO +"	sand	25	forest	40	15	15	1000	h			ft
WE	wepp-1910	"03:22 pm  Friday July 13, 2012"	"Waldo Fire CO +"	sand	25	forest	40	15.98551	15	1000	h			ft
WE	wepp-2216	"03:42 pm  Friday July 13, 2012"	"Waldo Fire CO +"	sand	10	forest	5	15	5	200	l			ft
WE	wepp-2265	"03:42 pm  Friday July 13, 2012"	"Waldo Fire CO +"	sand	10	forest	5	21.85248	5	200	l			ft
WE	wepp-2315	"03:43 pm  Friday July 13, 2012"	"Waldo Fire CO +"	sand	10	forest	5	15	5	200	l			ft
WE	wepp-2364	"03:43 pm  Friday July 13, 2012"	"Waldo Fire CO +"	sand	10	forest	5	21.85248	5	200	l			ft
WE	wepp-2413	"03:43 pm  Friday July 13, 2012"	"Waldo Fire CO +"	sand	10	forest	5	21.72044	5	200	l			ft
WE	wepp-2463	"03:44 pm  Friday July 13, 2012"	"Waldo Fire CO +"	sand	10	forest	5	30.05047	5	200	l			ft
WE	wepp-2521	"03:44 pm  Friday July 13, 2012"	"Waldo Fire CO +"	sand	10	forest	5	18.09705	5	200	m			ft
WE	wepp-2595	"03:44 pm  Friday July 13, 2012"	"Waldo Fire CO +"	sand	10	forest	5	24.95435	5	200	m			ft
WE	wepp-2667	"03:44 pm  Friday July 13, 2012"	"Waldo Fire CO +"	sand	10	forest	5	28.86463	5	200	h			ft
WE	wepp-2785	"03:45 pm  Friday July 13, 2012"	"Waldo Fire CO +"	loam	10	chap	35	23.68841	15	1000	l	60	20	ft
WE	wepp-2861	"03:45 pm  Friday July 13, 2012"	"Waldo Fire CO +"	loam	10	chap	35	15.29514	15	1000	l	60	20	ft
WE	wepp-2910	"03:45 pm  Friday July 13, 2012"	"Waldo Fire CO +"	sand	45	chap	10	17.24701	2	560	l	60	20	ft
WE	wepp-2959	"03:45 pm  Friday July 13, 2012"	"Waldo Fire CO +"	sand	45	chap	10	15.47444	2	560	l	60	20	ft
WE	wepp-3008	"03:46 pm  Friday July 13, 2012"	"Waldo Fire CO +"	sand	45	chap	15	24.35679	15	600	l	60	20	ft
WE	wepp-3057	"03:46 pm  Friday July 13, 2012"	"Waldo Fire CO +"	sand	45	chap	10	15.23651	2	1000	l	60	20	ft
WE	wepp-3106	"03:46 pm  Friday July 13, 2012"	"Waldo Fire CO +"	sand	45	chap	10	15.60993	2	1000	l	60	20	ft
WE	wepp-3155	"03:46 pm  Friday July 13, 2012"	"Waldo Fire CO +"	sand	35	chap	40	55.52336	15	900	l	60	20	ft
WE	wepp-3204	"03:46 pm  Friday July 13, 2012"	"Waldo Fire CO +"	sand	35	chap	40	28.42762	15	900	l	60	20	ft
WE	wepp-3253	"03:47 pm  Friday July 13, 2012"	"Waldo Fire CO +"	sand	35	chap	40	21.16798	15	900	l	60	20	ft
WE	wepp-3302	"03:47 pm  Friday July 13, 2012"	"Waldo Fire CO +"	sand	35	chap	40	18.10957	15	900	l	60	20	ft
WE	wepp-3351	"03:47 pm  Friday July 13, 2012"	"Waldo Fire CO +"	sand	35	chap	40	50.33982	15	900	m	60	20	ft
WE	wepp-3420	"03:47 pm  Friday July 13, 2012"	"Waldo Fire CO +"	sand	35	chap	40	22.55677	15	900	m	60	20	ft
WE	wepp-3489	"03:48 pm  Friday July 13, 2012"	"Waldo Fire CO +"	sand	35	chap	40	38.71832	15	900	m	60	20	ft
WE	wepp-3558	"03:48 pm  Friday July 13, 2012"	"Waldo Fire CO +"	sand	35	chap	40	37.40121	15	900	m	60	20	ft
WE	wepp-3627	"03:48 pm  Friday July 13, 2012"	"Waldo Fire CO +"	sand	35	chap	40	23.39	15	900	m	60	20	ft
WE	wepp-3696	"03:48 pm  Friday July 13, 2012"	"Waldo Fire CO +"	sand	35	chap	40	22.0293	15	900	h	60	20	ft
WE	wepp-3785	"03:49 pm  Friday July 13, 2012"	"Waldo Fire CO +"	sand	35	chap	30	20.55981	15	845	l	60	20	ft
WE	wepp-3834	"03:49 pm  Friday July 13, 2012"	"Waldo Fire CO +"	sand	40	chap	5	15.83448	35	1000	m	60	20	ft
WE	wepp-3904	"03:49 pm  Friday July 13, 2012"	"Waldo Fire CO +"	sand	40	chap	5	39.81265	35	1000	m	60	20	ft
WE	wepp-3973	"03:49 pm  Friday July 13, 2012"	"Waldo Fire CO +"	sand	40	chap	5	30.33437	35	1000	m	60	20	ft
WE	wepp-4042	"03:50 pm  Friday July 13, 2012"	"Waldo Fire CO +"	sand	40	chap	5	26.63683	35	1000	m	60	20	ft
WE	wepp-4114	"03:50 pm  Friday July 13, 2012"	"Waldo Fire CO +"	sand	40	chap	5	25.73662	35	1000	m	60	20	ft
WE	wepp-4207	"03:50 pm  Friday July 13, 2012"	"Waldo Fire CO +"	sand	40	chap	5	45.02697	35	1000	h	60	20	ft
WE	wepp-4300	"03:50 pm  Friday July 13, 2012"	"Waldo Fire CO +"	sand	35	chap	65	18.33347	40	490	l	60	20	ft
WE	wepp-4374	"03:51 pm  Friday July 13, 2012"	"Waldo Fire CO +"	sand	35	chap	65	57.82122	40	490	l	60	20	ft
WE	wepp-4423	"03:51 pm  Friday July 13, 2012"	"Waldo Fire CO +"	sand	35	chap	65	15.17481	40	490	l	60	20	ft
WE	wepp-4472	"03:51 pm  Friday July 13, 2012"	"Waldo Fire CO +"	sand	35	chap	65	15.04049	40	490	l	60	20	ft
WE	wepp-4521	"03:51 pm  Friday July 13, 2012"	"Waldo Fire CO +"	sand	35	chap	65	40	40	490	l	60	20	ft
WE	wepp-4570	"03:51 pm  Friday July 13, 2012"	"Waldo Fire CO +"	sand	35	chap	65	39.59365	40	490	l	60	20	ft
WE	wepp-4620	"03:52 pm  Friday July 13, 2012"	"Waldo Fire CO +"	sand	35	chap	65	15	40	490	l	60	20	ft
WE	wepp-4669	"03:52 pm  Friday July 13, 2012"	"Waldo Fire CO +"	sand	35	chap	65	32.18951	40	490	l	60	20	ft
WE	wepp-4719	"03:52 pm  Friday July 13, 2012"	"Waldo Fire CO +"	sand	35	chap	65	43.35649	40	490	l	60	20	ft
WE	wepp-4768	"03:52 pm  Friday July 13, 2012"	"Waldo Fire CO +"	sand	35	chap	65	40.80545	40	490	l	60	20	ft
WE	wepp-4817	"03:52 pm  Friday July 13, 2012"	"Waldo Fire CO +"	sand	35	chap	65	43.90882	40	490	l	60	20	ft
WE	wepp-4866	"03:53 pm  Friday July 13, 2012"	"Waldo Fire CO +"	sand	35	chap	65	17.16899	40	490	l	60	20	ft
WE	wepp-4915	"03:53 pm  Friday July 13, 2012"	"Waldo Fire CO +"	sand	35	chap	65	45.34403	40	490	l	60	20	ft
WE	wepp-4964	"03:53 pm  Friday July 13, 2012"	"Waldo Fire CO +"	sand	35	chap	65	41.85387	40	490	l	60	20	ft
WE	wepp-5013	"03:53 pm  Friday July 13, 2012"	"Waldo Fire CO +"	sand	35	chap	65	20.04918	40	490	l	60	20	ft
WE	wepp-5062	"03:53 pm  Friday July 13, 2012"	"Waldo Fire CO +"	sand	35	chap	65	15	40	490	l	60	20	ft
WE	wepp-5111	"03:54 pm  Friday July 13, 2012"	"Waldo Fire CO +"	sand	35	chap	65	15	40	490	l	60	20	ft
WE	wepp-5160	"03:54 pm  Friday July 13, 2012"	"Waldo Fire CO +"	sand	35	chap	65	40	40	490	l	60	20	ft
WE	wepp-5209	"03:54 pm  Friday July 13, 2012"	"Waldo Fire CO +"	sand	35	chap	65	50.15824	40	490	l	60	20	ft
WE	wepp-5258	"03:54 pm  Friday July 13, 2012"	"Waldo Fire CO +"	sand	35	chap	65	60.05368	40	490	l	60	20	ft
WE	wepp-5307	"03:55 pm  Friday July 13, 2012"	"Waldo Fire CO +"	sand	35	chap	65	34.8809	40	490	l	60	20	ft
WE	wepp-5356	"03:55 pm  Friday July 13, 2012"	"Waldo Fire CO +"	sand	35	chap	65	31.94445	40	490	l	60	20	ft
WE	wepp-5408	"03:55 pm  Friday July 13, 2012"	"Waldo Fire CO +"	sand	35	chap	65	41.2635	40	490	l	60	20	ft
WE	wepp-5481	"03:55 pm  Friday July 13, 2012"	"Waldo Fire CO +"	sand	35	chap	65	27.79869	40	490	l	60	20	ft
WE	wepp-5530	"03:55 pm  Friday July 13, 2012"	"Waldo Fire CO +"	sand	35	chap	65	30.22853	40	490	m	60	20	ft
WE	wepp-5599	"03:56 pm  Friday July 13, 2012"	"Waldo Fire CO +"	sand	35	chap	65	25.46744	40	490	m	60	20	ft
WE	wepp-5668	"03:56 pm  Friday July 13, 2012"	"Waldo Fire CO +"	sand	35	chap	65	23.6788	40	490	m	60	20	ft
WE	wepp-5737	"03:56 pm  Friday July 13, 2012"	"Waldo Fire CO +"	sand	35	chap	65	23.20441	40	490	m	60	20	ft
WE	wepp-5806	"03:56 pm  Friday July 13, 2012"	"Waldo Fire CO +"	sand	35	chap	65	15	40	490	m	60	20	ft
WE	wepp-5875	"03:57 pm  Friday July 13, 2012"	"Waldo Fire CO +"	sand	35	chap	65	16.49533	40	490	m	60	20	ft
WE	wepp-5944	"03:57 pm  Friday July 13, 2012"	"Waldo Fire CO +"	sand	35	chap	65	30	40	490	m	60	20	ft
WE	wepp-6013	"03:57 pm  Friday July 13, 2012"	"Waldo Fire CO +"	sand	35	chap	65	26.04302	40	490	m	60	20	ft
WE	wepp-6082	"03:57 pm  Friday July 13, 2012"	"Waldo Fire CO +"	sand	35	chap	65	49.50109	40	490	m	60	20	ft
WE	wepp-6151	"03:58 pm  Friday July 13, 2012"	"Waldo Fire CO +"	sand	35	chap	65	15	40	490	m	60	20	ft
WE	wepp-6220	"03:58 pm  Friday July 13, 2012"	"Waldo Fire CO +"	sand	35	chap	65	15	40	490	m	60	20	ft
WE	wepp-6289	"03:58 pm  Friday July 13, 2012"	"Waldo Fire CO +"	sand	35	chap	65	50.20704	40	490	m	60	20	ft
WE	wepp-6358	"03:58 pm  Friday July 13, 2012"	"Waldo Fire CO +"	sand	35	chap	65	37.96106	40	490	m	60	20	ft
WE	wepp-6427	"03:59 pm  Friday July 13, 2012"	"Waldo Fire CO +"	sand	35	chap	65	58.28189	40	490	m	60	20	ft
WE	wepp-6496	"03:59 pm  Friday July 13, 2012"	"Waldo Fire CO +"	sand	35	chap	65	15	40	490	m	60	20	ft
WE	wepp-6565	"03:59 pm  Friday July 13, 2012"	"Waldo Fire CO +"	sand	35	chap	65	63.45501	40	490	m	60	20	ft
WE	wepp-6634	"04:00 pm  Friday July 13, 2012"	"Waldo Fire CO +"	sand	35	chap	65	51.23972	40	490	m	60	20	ft
WE	wepp-6722	"04:00 pm  Friday July 13, 2012"	"Waldo Fire CO +"	sand	35	chap	65	32.7439	40	490	m	60	20	ft
WE	wepp-6793	"04:00 pm  Friday July 13, 2012"	"Waldo Fire CO +"	sand	35	chap	65	21.7754	40	490	m	60	20	ft
WE	wepp-6887	"04:00 pm  Friday July 13, 2012"	"Waldo Fire CO +"	sand	35	chap	65	19.20165	40	490	m	60	20	ft
WE	wepp-6956	"04:01 pm  Friday July 13, 2012"	"Waldo Fire CO +"	sand	35	chap	65	40	40	490	m	60	20	ft
WE	wepp-7025	"04:01 pm  Friday July 13, 2012"	"Waldo Fire CO +"	sand	35	chap	65	18.12466	40	490	m	60	20	ft
WE	wepp-7094	"04:02 pm  Friday July 13, 2012"	"Waldo Fire CO +"	sand	35	chap	65	40	40	490	m	60	20	ft
WE	wepp-7163	"04:02 pm  Friday July 13, 2012"	"Waldo Fire CO +"	sand	35	chap	65	19.48524	40	490	m	60	20	ft
WE	wepp-7232	"04:02 pm  Friday July 13, 2012"	"Waldo Fire CO +"	sand	35	chap	65	30	40	490	m	60	20	ft
WE	wepp-7301	"04:02 pm  Friday July 13, 2012"	"Waldo Fire CO +"	sand	35	chap	65	56.86404	40	490	m	60	20	ft
WE	wepp-7370	"04:03 pm  Friday July 13, 2012"	"Waldo Fire CO +"	sand	35	chap	65	59.6628	40	490	m	60	20	ft
WE	wepp-7440	"04:03 pm  Friday July 13, 2012"	"Waldo Fire CO +"	sand	35	chap	65	41.5676	40	490	m	60	20	ft
WE	wepp-7509	"04:03 pm  Friday July 13, 2012"	"Waldo Fire CO +"	sand	35	chap	65	30	40	490	m	60	20	ft
WE	wepp-7578	"04:03 pm  Friday July 13, 2012"	"Waldo Fire CO +"	sand	35	chap	65	28.57946	40	490	m	60	20	ft
WE	wepp-7647	"04:04 pm  Friday July 13, 2012"	"Waldo Fire CO +"	sand	35	chap	65	20.24144	40	490	m	60	20	ft
WE	wepp-7716	"04:04 pm  Friday July 13, 2012"	"Waldo Fire CO +"	sand	35	chap	65	32.87746	40	490	m	60	20	ft
WE	wepp-7785	"04:04 pm  Friday July 13, 2012"	"Waldo Fire CO +"	sand	35	chap	65	24.28473	40	490	h	60	20	ft
WE	wepp-7874	"04:05 pm  Friday July 13, 2012"	"Waldo Fire CO +"	sand	35	chap	65	25.0413	40	490	h	60	20	ft
WE	wepp-7963	"04:05 pm  Friday July 13, 2012"	"Waldo Fire CO +"	sand	35	chap	65	34.67883	40	490	h	60	20	ft
WE	wepp-8079	"04:05 pm  Friday July 13, 2012"	"Waldo Fire CO +"	sand	35	chap	65	24.30573	40	490	h	60	20	ft
WE	wepp-8168	"04:06 pm  Friday July 13, 2012"	"Waldo Fire CO +"	sand	35	chap	65	27.09094	40	490	h	60	20	ft
WE	wepp-8257	"04:06 pm  Friday July 13, 2012"	"Waldo Fire CO +"	sand	35	chap	65	35.68716	40	490	h	60	20	ft
WE	wepp-8347	"04:06 pm  Friday July 13, 2012"	"Waldo Fire CO +"	sand	35	chap	65	15	40	490	h	60	20	ft
WE	wepp-8436	"04:07 pm  Friday July 13, 2012"	"Waldo Fire CO +"	sand	35	chap	65	21.42241	40	490	h	60	20	ft
WE	wepp-8525	"04:07 pm  Friday July 13, 2012"	"Waldo Fire CO +"	sand	35	chap	65	15	40	490	h	60	20	ft
WE	wepp-8614	"04:07 pm  Friday July 13, 2012"	"Waldo Fire CO +"	sand	35	chap	65	27.72315	40	490	h	60	20	ft
WE	wepp-8703	"04:08 pm  Friday July 13, 2012"	"Waldo Fire CO +"	sand	35	chap	65	16.47387	40	490	h	60	20	ft
WE	wepp-8792	"04:08 pm  Friday July 13, 2012"	"Waldo Fire CO +"	sand	35	chap	65	35.33947	40	490	h	60	20	ft
WE	wepp-8881	"04:08 pm  Friday July 13, 2012"	"Waldo Fire CO +"	sand	35	chap	65	17.02688	40	490	h	60	20	ft
WE	wepp-8970	"04:09 pm  Friday July 13, 2012"	"Waldo Fire CO +"	sand	35	chap	65	52.71736	40	490	h	60	20	ft
WE	wepp-9059	"04:09 pm  Friday July 13, 2012"	"Waldo Fire CO +"	sand	35	chap	65	30.32465	40	490	h	60	20	ft
WE	wepp-9148	"04:09 pm  Friday July 13, 2012"	"Waldo Fire CO +"	sand	35	chap	65	36.61063	40	490	h	60	20	ft
WE	wepp-9237	"04:10 pm  Friday July 13, 2012"	"Waldo Fire CO +"	sand	35	chap	65	32.34892	40	490	h	60	20	ft
WE	wepp-9326	"04:10 pm  Friday July 13, 2012"	"Waldo Fire CO +"	sand	35	chap	65	15	40	490	h	60	20	ft
WE	wepp-9442	"04:10 pm  Friday July 13, 2012"	"Waldo Fire CO +"	sand	35	chap	65	15	40	490	h	60	20	ft
WE	wepp-9531	"04:11 pm  Friday July 13, 2012"	"Waldo Fire CO +"	sand	35	chap	65	15	40	490	h	60	20	ft
WE	wepp-9620	"04:11 pm  Friday July 13, 2012"	"Waldo Fire CO +"	sand	35	chap	65	15	40	490	h	60	20	ft
WE	wepp-9709	"04:11 pm  Friday July 13, 2012"	"Waldo Fire CO +"	sand	35	chap	65	38.93677	40	490	h	60	20	ft
WE	wepp-9798	"04:12 pm  Friday July 13, 2012"	"Waldo Fire CO +"	sand	35	chap	65	19.65794	40	490	h	60	20	ft
WE	wepp-9887	"04:12 pm  Friday July 13, 2012"	"Waldo Fire CO +"	sand	35	chap	65	27.92559	40	490	h	60	20	ft
WE	wepp-9976	"04:12 pm  Friday July 13, 2012"	"Waldo Fire CO +"	sand	35	chap	65	51.93307	40	490	h	60	20	ft
WE	wepp-10065	"04:13 pm  Friday July 13, 2012"	"Waldo Fire CO +"	sand	35	chap	65	29.8549	40	490	h	60	20	ft
WE	wepp-10154	"04:13 pm  Friday July 13, 2012"	"Waldo Fire CO +"	sand	35	chap	65	58.73748	40	490	h	60	20	ft
WE	wepp-10243	"04:13 pm  Friday July 13, 2012"	"Waldo Fire CO +"	loam	30	chap	15	26.04852	20	1000	l	60	20	ft
WE	wepp-10292	"04:14 pm  Friday July 13, 2012"	"Waldo Fire CO +"	loam	30	chap	15	34.77714	20	1000	l	60	20	ft
WE	wepp-10341	"04:14 pm  Friday July 13, 2012"	"Waldo Fire CO +"	loam	30	chap	15	27.52795	20	1000	l	60	20	ft
WE	wepp-10390	"04:14 pm  Friday July 13, 2012"	"Waldo Fire CO +"	loam	30	chap	15	49.06482	20	1000	m	60	20	ft
WE	wepp-10459	"04:14 pm  Friday July 13, 2012"	"Waldo Fire CO +"	loam	30	chap	15	18.3339	20	1000	m	60	20	ft
WE	wepp-10548	"04:15 pm  Friday July 13, 2012"	"Waldo Fire CO +"	loam	30	chap	15	17.70219	20	1000	m	60	20	ft
WE	wepp-10617	"04:15 pm  Friday July 13, 2012"	"Waldo Fire CO +"	loam	30	chap	15	26.23491	20	1000	m	60	20	ft
WE	wepp-10715	"04:15 pm  Friday July 13, 2012"	"Waldo Fire CO +"	loam	30	chap	15	22.96426	20	1000	m	60	20	ft
WE	wepp-10784	"04:16 pm  Friday July 13, 2012"	"Waldo Fire CO +"	loam	30	chap	15	38.22201	20	1000	m	60	20	ft
WE	wepp-10853	"04:16 pm  Friday July 13, 2012"	""	loam	30	chap	15	45.70805	20	1000	m	60	20	ft
WE	wepp-10922	"04:16 pm  Friday July 13, 2012"	"Waldo Fire CO +"	loam	30	chap	15	22.08724	20	1000	m	60	20	ft
WE	wepp-10991	"04:16 pm  Friday July 13, 2012"	"Waldo Fire CO +"	loam	30	chap	15	56.38874	35	1000	l	60	20	ft
WE	wepp-11040	"04:17 pm  Friday July 13, 2012"	"Waldo Fire CO +"	loam	30	chap	15	40.66532	35	1000	l	60	20	ft
WE	wepp-11089	"04:17 pm  Friday July 13, 2012"	"Waldo Fire CO +"	loam	30	chap	15	22.29783	35	1000	l	60	20	ft
WE	wepp-11138	"04:17 pm  Friday July 13, 2012"	"Waldo Fire CO +"	loam	30	chap	15	67.70844	35	1000	l	60	20	ft
WE	wepp-11187	"04:17 pm  Friday July 13, 2012"	"Waldo Fire CO +"	loam	30	chap	15	51.76086	35	1000	l	60	20	ft
WE	wepp-11236	"04:17 pm  Friday July 13, 2012"	"Waldo Fire CO +"	loam	30	chap	15	16.57772	35	1000	l	60	20	ft
WE	wepp-11285	"04:18 pm  Friday July 13, 2012"	"Waldo Fire CO +"	loam	30	chap	15	33.19427	35	1000	l	60	20	ft
WE	wepp-11334	"04:18 pm  Friday July 13, 2012"	"Waldo Fire CO +"	loam	30	chap	15	45.70772	35	1000	l	60	20	ft
WE	wepp-11383	"04:18 pm  Friday July 13, 2012"	"Waldo Fire CO +"	loam	30	chap	15	29.49875	35	1000	l	60	20	ft
WE	wepp-11432	"04:18 pm  Friday July 13, 2012"	"Waldo Fire CO +"	loam	30	chap	15	27.68194	35	1000	l	60	20	ft
WE	wepp-11481	"04:19 pm  Friday July 13, 2012"	"Waldo Fire CO +"	loam	30	chap	15	56.65	35	1000	l	60	20	ft
WE	wepp-11530	"04:19 pm  Friday July 13, 2012"	"Waldo Fire CO +"	loam	30	chap	15	15	35	1000	l	60	20	ft
WE	wepp-11579	"04:20 pm  Friday July 13, 2012"	"Waldo Fire CO +"	loam	30	chap	15	50.48835	35	1000	m	60	20	ft
WE	wepp-11675	"04:20 pm  Friday July 13, 2012"	"Waldo Fire CO +"	loam	30	chap	15	25.98259	35	1000	m	60	20	ft
WE	wepp-11927	"04:38 pm  Friday July 13, 2012"	"Waldo Fire CO +"	sand	10	forest	5	15	5	200	l			ft
WE	wepp-11977	"04:38 pm  Friday July 13, 2012"	"Waldo Fire CO +"	sand	10	forest	5	21.85248	5	200	l			ft
WE	wepp-12026	"04:39 pm  Friday July 13, 2012"	"Waldo Fire CO +"	sand	10	forest	5	21.72044	5	200	l			ft
WE	wepp-12075	"04:39 pm  Friday July 13, 2012"	"Waldo Fire CO +"	sand	10	forest	5	30.05047	5	200	l			ft
WE	wepp-12124	"04:39 pm  Friday July 13, 2012"	"Waldo Fire CO +"	sand	10	forest	5	18.09705	5	200	m			ft
WE	wepp-12193	"04:39 pm  Friday July 13, 2012"	"Waldo Fire CO +"	sand	10	forest	5	24.95435	5	200	m			ft
WE	wepp-12262	"04:40 pm  Friday July 13, 2012"	"Waldo Fire CO +"	sand	10	forest	5	28.86463	5	200	h			ft
WE	wepp-12351	"04:40 pm  Friday July 13, 2012"	"Waldo Fire CO +"	loam	10	chap	35	23.68841	15	1000	l	60	20	ft
WE	wepp-12427	"04:41 pm  Friday July 13, 2012"	"Waldo Fire CO +"	loam	10	chap	35	15.29514	15	1000	l	60	20	ft
WE	wepp-12476	"04:41 pm  Friday July 13, 2012"	"Waldo Fire CO +"	sand	45	chap	10	17.24701	2	560	l	60	20	ft
WE	wepp-12525	"04:41 pm  Friday July 13, 2012"	"Waldo Fire CO +"	sand	45	chap	10	15.47444	2	560	l	60	20	ft
WE	wepp-12574	"04:41 pm  Friday July 13, 2012"	"Waldo Fire CO +"	sand	45	chap	15	24.35679	15	600	l	60	20	ft
WE	wepp-12624	"04:43 pm  Friday July 13, 2012"	"Waldo Fire CO +"	sand	45	chap	10	15.23651	2	1000	l	60	20	ft
WE	wepp-12673	"04:44 pm  Friday July 13, 2012"	"Waldo Fire CO +"	sand	45	chap	10	15.60993	2	1000	l	60	20	ft
WE	wepp-12722	"04:44 pm  Friday July 13, 2012"	"Waldo Fire CO +"	sand	35	chap	40	55.52336	15	900	l	60	20	ft
WE	wepp-12771	"04:44 pm  Friday July 13, 2012"	"Waldo Fire CO +"	sand	35	chap	40	28.42762	15	900	l	60	20	ft
WE	wepp-12820	"04:44 pm  Friday July 13, 2012"	"Waldo Fire CO +"	sand	35	chap	40	21.16798	15	900	l	60	20	ft
WE	wepp-12888	"04:45 pm  Friday July 13, 2012"	"Waldo Fire CO +"	sand	35	chap	40	18.10957	15	900	l	60	20	ft
WE	wepp-12937	"04:45 pm  Friday July 13, 2012"	"Waldo Fire CO +"	sand	35	chap	40	50.33982	15	900	m	60	20	ft
WE	wepp-13006	"04:45 pm  Friday July 13, 2012"	"Waldo Fire CO +"	sand	35	chap	40	22.55677	15	900	m	60	20	ft
WE	wepp-13102	"04:45 pm  Friday July 13, 2012"	"Waldo Fire CO +"	sand	35	chap	40	38.71832	15	900	m	60	20	ft
WE	wepp-13171	"04:46 pm  Friday July 13, 2012"	"Waldo Fire CO +"	sand	35	chap	40	37.40121	15	900	m	60	20	ft
WE	wepp-13240	"04:46 pm  Friday July 13, 2012"	"Waldo Fire CO +"	sand	35	chap	40	23.39	15	900	m	60	20	ft
WE	wepp-13467	"05:07 pm  Friday July 13, 2012"	"Waldo Fire CO +"	sand	10	forest	5	15	5	200	l			ft
WE	wepp-13516	"05:08 pm  Friday July 13, 2012"	"Waldo Fire CO +"	sand	10	forest	5	21.85248	5	200	l			ft
WE	wepp-13565	"05:08 pm  Friday July 13, 2012"	"Waldo Fire CO +"	sand	10	forest	5	21.72044	5	200	l			ft
WE	wepp-13614	"05:08 pm  Friday July 13, 2012"	"Waldo Fire CO +"	sand	10	forest	5	30.05047	5	200	l			ft
WE	wepp-13663	"05:09 pm  Friday July 13, 2012"	"Waldo Fire CO +"	sand	10	forest	5	18.09705	5	200	m			ft
WE	wepp-13732	"05:09 pm  Friday July 13, 2012"	"Waldo Fire CO +"	sand	10	forest	5	24.95435	5	200	m			ft
WE	wepp-13801	"05:09 pm  Friday July 13, 2012"	"Waldo Fire CO +"	sand	10	forest	5	28.86463	5	200	h			ft
WE	wepp-13890	"05:10 pm  Friday July 13, 2012"	"Waldo Fire CO +"	loam	10	chap	35	23.68841	15	1000	l	60	20	ft
