WE	wepp-11845	"11:09 am  Saturday October 15, 2016"	"Loma Fire +"	clay	10	chap	5	10	5	150	u	80	0	ft
WE	wepp-11928	"11:10 am  Saturday October 15, 2016"	"Loma Fire +"	clay	10	forest	5	10	5	150	u			ft
WE	wepp-11982	"11:10 am  Saturday October 15, 2016"	"Loma Fire +"	loam	10	forest	5	10	5	150	u			ft
WE	wepp-12036	"11:10 am  Saturday October 15, 2016"	"Loma Fire +"	loam	30	forest	5	10	5	150	u			ft
WE	wepp-12090	"11:10 am  Saturday October 15, 2016"	"Loma Fire +"	clay	10	range	5	10	5	150	u	15	75	ft
WE	wepp-12144	"11:10 am  Saturday October 15, 2016"	"Loma Fire +"	clay	10	forest	20	30	20	100	u			ft
WE	wepp-12198	"11:10 am  Saturday October 15, 2016"	"Loma Fire +"	loam	10	forest	20	30	20	100	u			ft
WE	wepp-12252	"11:10 am  Saturday October 15, 2016"	"Loma Fire +"	loam	30	forest	20	30	20	100	u			ft
WE	wepp-12306	"11:10 am  Saturday October 15, 2016"	"Loma Fire +"	clay	10	range	20	30	20	100	u	15	75	ft
WE	wepp-12363	"11:10 am  Saturday October 15, 2016"	"Loma Fire +"	loam	50	chap	50	50	50	75	u	80	0	ft
WE	wepp-12417	"11:10 am  Saturday October 15, 2016"	"Loma Fire +"	clay	10	forest	50	50	50	75	u			ft
WE	wepp-12471	"11:10 am  Saturday October 15, 2016"	"Loma Fire +"	loam	10	forest	50	50	50	75	u			ft
WE	wepp-12525	"11:10 am  Saturday October 15, 2016"	"Loma Fire +"	loam	30	forest	50	50	50	75	u			ft
WE	wepp-12579	"11:10 am  Saturday October 15, 2016"	"Loma Fire +"	clay	10	range	50	50	50	75	u	15	75	ft
WE	wepp-12633	"11:10 am  Saturday October 15, 2016"	"Loma Fire +"	clay	50	chap	70	70	70	70	u	80	0	ft
WE	wepp-12687	"11:10 am  Saturday October 15, 2016"	"Loma Fire +"	loam	10	forest	70	70	70	70	u			ft
WE	wepp-12741	"11:10 am  Saturday October 15, 2016"	"Loma Fire +"	loam	30	forest	70	70	70	70	u			ft
WE	wepp-12795	"11:10 am  Saturday October 15, 2016"	"Loma Fire +"	clay	10	range	70	70	70	70	u	15	75	ft
WE	wepp-12849	"11:10 am  Saturday October 15, 2016"	"Loma Fire +"	clay	10	chap	90	90	90	70	u	80	0	ft
WE	wepp-12903	"11:10 am  Saturday October 15, 2016"	"Loma Fire +"	loam	10	forest	90	90	90	70	u			ft
WE	wepp-12957	"11:11 am  Saturday October 15, 2016"	"Loma Fire +"	clay	10	forest	5	10	5	150	l			ft
WE	wepp-13071	"11:11 am  Saturday October 15, 2016"	"Loma Fire +"	loam	10	forest	5	10	5	150	l			ft
WE	wepp-13185	"11:11 am  Saturday October 15, 2016"	"Loma Fire +"	clay	10	forest	20	30	20	100	l			ft
WE	wepp-13299	"11:11 am  Saturday October 15, 2016"	"Loma Fire +"	loam	10	forest	20	30	20	100	l			ft
WE	wepp-13413	"11:11 am  Saturday October 15, 2016"	"Loma Fire +"	clay	10	range	20	30	20	100	l	15	75	ft
WE	wepp-13527	"11:11 am  Saturday October 15, 2016"	"Loma Fire +"	clay	50	chap	50	50	50	75	l	80	0	ft
WE	wepp-13641	"11:11 am  Saturday October 15, 2016"	"Loma Fire +"	loam	50	chap	50	50	50	75	l	80	0	ft
WE	wepp-13755	"11:11 am  Saturday October 15, 2016"	"Loma Fire +"	clay	10	forest	50	50	50	75	l			ft
WE	wepp-13869	"11:12 am  Saturday October 15, 2016"	"Loma Fire +"	loam	10	forest	50	50	50	75	l			ft
WE	wepp-13983	"11:12 am  Saturday October 15, 2016"	"Loma Fire +"	clay	10	range	50	50	50	75	l	15	75	ft
WE	wepp-14097	"11:12 am  Saturday October 15, 2016"	"Loma Fire +"	clay	50	chap	70	70	70	70	l	80	0	ft
WE	wepp-14211	"11:12 am  Saturday October 15, 2016"	"Loma Fire +"	loam	50	chap	70	70	70	70	l	80	0	ft
WE	wepp-14325	"11:12 am  Saturday October 15, 2016"	"Loma Fire +"	loam	10	forest	70	70	70	70	l			ft
WE	wepp-14439	"11:12 am  Saturday October 15, 2016"	"Loma Fire +"	clay	50	chap	90	90	90	70	l	80	0	ft
WE	wepp-14553	"11:12 am  Saturday October 15, 2016"	"Loma Fire +"	loam	10	forest	90	90	90	70	l			ft
WE	wepp-14667	"11:12 am  Saturday October 15, 2016"	"Loma Fire +"	loam	30	forest	90	90	90	70	l			ft
WE	wepp-14784	"11:12 am  Saturday October 15, 2016"	"Loma Fire +"	clay	10	forest	5	10	5	150	m			ft
WE	wepp-14938	"11:13 am  Saturday October 15, 2016"	"Loma Fire +"	loam	10	forest	5	10	5	150	m			ft
WE	wepp-15092	"11:13 am  Saturday October 15, 2016"	"Loma Fire +"	clay	50	chap	20	30	20	100	m	80	0	ft
WE	wepp-15246	"11:13 am  Saturday October 15, 2016"	"Loma Fire +"	loam	50	chap	20	30	20	100	m	80	0	ft
WE	wepp-15400	"11:13 am  Saturday October 15, 2016"	"Loma Fire +"	clay	10	forest	20	30	20	100	m			ft
WE	wepp-15554	"11:13 am  Saturday October 15, 2016"	"Loma Fire +"	loam	10	forest	20	30	20	100	m			ft
WE	wepp-15708	"11:13 am  Saturday October 15, 2016"	"Loma Fire +"	clay	10	range	20	30	20	100	m	15	75	ft
WE	wepp-15862	"11:14 am  Saturday October 15, 2016"	"Loma Fire +"	clay	50	chap	50	50	50	75	m	80	0	ft
WE	wepp-16016	"11:14 am  Saturday October 15, 2016"	"Loma Fire +"	loam	50	chap	50	50	50	75	m	80	0	ft
WE	wepp-16170	"11:14 am  Saturday October 15, 2016"	"Loma Fire +"	clay	10	forest	50	50	50	75	m			ft
WE	wepp-16324	"11:14 am  Saturday October 15, 2016"	"Loma Fire +"	loam	10	forest	50	50	50	75	m			ft
WE	wepp-16478	"11:14 am  Saturday October 15, 2016"	"Loma Fire +"	clay	10	range	50	50	50	75	m	15	75	ft
WE	wepp-16632	"11:15 am  Saturday October 15, 2016"	"Loma Fire +"	clay	50	chap	70	70	70	70	m	80	0	ft
WE	wepp-16786	"11:15 am  Saturday October 15, 2016"	"Loma Fire +"	loam	50	chap	70	70	70	70	m	80	0	ft
WE	wepp-16940	"11:15 am  Saturday October 15, 2016"	"Loma Fire +"	clay	10	forest	70	70	70	70	m			ft
WE	wepp-17094	"11:15 am  Saturday October 15, 2016"	"Loma Fire +"	loam	10	forest	70	70	70	70	m			ft
WE	wepp-17248	"11:15 am  Saturday October 15, 2016"	"Loma Fire +"	clay	50	chap	90	90	90	70	m	80	0	ft
WE	wepp-17402	"11:15 am  Saturday October 15, 2016"	"Loma Fire +"	loam	50	chap	90	90	90	70	m	80	0	ft
WE	wepp-17559	"11:16 am  Saturday October 15, 2016"	"Loma Fire +"	loam	10	forest	90	90	90	70	m			ft
WE	wepp-17715	"11:16 am  Saturday October 15, 2016"	"Loma Fire +"	clay	10	forest	5	10	5	150	h			ft
WE	wepp-17910	"11:16 am  Saturday October 15, 2016"	"Loma Fire +"	loam	10	forest	5	10	5	150	h			ft
WE	wepp-18104	"11:16 am  Saturday October 15, 2016"	"Loma Fire +"	clay	10	forest	20	30	20	100	h			ft
WE	wepp-18298	"11:16 am  Saturday October 15, 2016"	"Loma Fire +"	loam	10	forest	20	30	20	100	h			ft
WE	wepp-18492	"11:16 am  Saturday October 15, 2016"	"Loma Fire +"	clay	10	forest	50	50	50	75	h			ft
WE	wepp-18689	"11:17 am  Saturday October 15, 2016"	"Loma Fire +"	loam	10	forest	50	50	50	75	h			ft
WE	wepp-18883	"11:17 am  Saturday October 15, 2016"	"Loma Fire +"	clay	10	forest	70	70	70	70	h			ft
WE	wepp-19077	"11:17 am  Saturday October 15, 2016"	"Loma Fire +"	loam	10	forest	70	70	70	70	h			ft
WE	wepp-19271	"11:17 am  Saturday October 15, 2016"	"Loma Fire +"	loam	10	forest	90	90	90	70	h			ft
