WE	wepp-32677	"04:22 pm  Sunday November 25, 2018"	"Woolsey Fire NPS +"	clay	10	chap	16	11	6	200	h	80	0	ft
WE	wepp-33122	"04:23 pm  Sunday November 25, 2018"	"Woolsey Fire NPS +"	clay	10	chap	16	11	6	200	h	80	0	ft
WE	wepp-33463	"04:23 pm  Sunday November 25, 2018"	"Woolsey Fire NPS +"	clay	10	chap	0	0	0	200	h	80	0	ft
WE	wepp-33776	"04:23 pm  Sunday November 25, 2018"	"Woolsey Fire NPS +"	clay	10	chap	74	69	63	200	h	80	0	ft
WE	wepp-34096	"04:23 pm  Sunday November 25, 2018"	"Woolsey Fire NPS +"	clay	10	chap	0	0	0	200	h	80	0	ft
WE	wepp-34433	"04:24 pm  Sunday November 25, 2018"	"Woolsey Fire NPS +"	clay	10	chap	36	30	24	200	h	80	0	ft
WE	wepp-34772	"04:24 pm  Sunday November 25, 2018"	"Woolsey Fire NPS +"	clay	10	forest	20	16	12	200	h			ft
WE	wepp-35126	"04:24 pm  Sunday November 25, 2018"	"Woolsey Fire NPS +"	clay	10	forest	36	30	24	200	h			ft
WE	wepp-35483	"04:25 pm  Sunday November 25, 2018"	"Woolsey Fire NPS +"	clay	10	forest	51	46	41	200	h			ft
WE	wepp-35810	"04:25 pm  Sunday November 25, 2018"	"Woolsey Fire NPS +"	clay	10	forest	0	0	0	200	h			ft
WE	wepp-36154	"04:25 pm  Sunday November 25, 2018"	"Woolsey Fire NPS +"	clay	10	forest	17	12	6	200	h			ft
WE	wepp-36496	"04:25 pm  Sunday November 25, 2018"	"Woolsey Fire NPS +"	clay	10	range	0	0	0	200	h	15	75	ft
WE	wepp-36839	"04:26 pm  Sunday November 25, 2018"	"Woolsey Fire NPS +"	clay	10	range	0	0	0	200	h	15	75	ft
WE	wepp-37184	"04:26 pm  Sunday November 25, 2018"	"Woolsey Fire NPS +"	clay	10	range	0	0	0	200	h	15	75	ft
WE	wepp-37526	"04:26 pm  Sunday November 25, 2018"	"Woolsey Fire NPS +"	loam	10	chap	0	0	0	200	h	80	0	ft
WE	wepp-37866	"04:26 pm  Sunday November 25, 2018"	"Woolsey Fire NPS +"	loam	20	chap	12	9	5	200	h	80	0	ft
WE	wepp-38210	"04:27 pm  Sunday November 25, 2018"	"Woolsey Fire NPS +"	loam	20	chap	31	26	22	200	h	80	0	ft
WE	wepp-38562	"04:27 pm  Sunday November 25, 2018"	"Woolsey Fire NPS +"	loam	20	chap	51	48	45	200	h	80	0	ft
WE	wepp-38917	"04:27 pm  Sunday November 25, 2018"	"Woolsey Fire NPS +"	loam	20	chap	16	10	5	200	h	80	0	ft
WE	wepp-39268	"04:28 pm  Sunday November 25, 2018"	"Woolsey Fire NPS +"	loam	20	chap	35	30	24	200	h	80	0	ft
WE	wepp-39614	"04:28 pm  Sunday November 25, 2018"	"Woolsey Fire NPS +"	loam	20	forest	52	46	41	200	h			ft
WE	wepp-39959	"04:28 pm  Sunday November 25, 2018"	"Woolsey Fire NPS +"	loam	20	forest	73	69	65	200	h			ft
WE	wepp-40304	"04:28 pm  Sunday November 25, 2018"	"Woolsey Fire NPS +"	loam	20	forest	19	14	8	200	h			ft
WE	wepp-40626	"04:29 pm  Sunday November 25, 2018"	"Woolsey Fire NPS +"	loam	20	forest	31	27	22	200	h			ft
WE	wepp-40958	"04:29 pm  Sunday November 25, 2018"	"Woolsey Fire NPS +"	loam	20	forest	54	47	41	200	h			ft
WE	wepp-41311	"04:29 pm  Sunday November 25, 2018"	"Woolsey Fire NPS +"	loam	20	range	0	0	0	200	h	15	75	ft
WE	wepp-41657	"04:30 pm  Sunday November 25, 2018"	"Woolsey Fire NPS +"	loam	20	range	0	0	0	200	h	15	75	ft
WE	wepp-42031	"04:30 pm  Sunday November 25, 2018"	"Woolsey Fire NPS +"	loam	20	range	0	0	0	200	h	15	75	ft
WE	wepp-42373	"04:30 pm  Sunday November 25, 2018"	"Woolsey Fire NPS +"	loam	30	chap	0	0	0	200	h	80	0	ft
WE	wepp-42703	"04:30 pm  Sunday November 25, 2018"	"Woolsey Fire NPS +"	loam	30	chap	0	0	0	200	h	80	0	ft
WE	wepp-43040	"04:31 pm  Sunday November 25, 2018"	"Woolsey Fire NPS +"	loam	30	chap	0	0	0	200	h	80	0	ft
WE	wepp-43369	"04:31 pm  Sunday November 25, 2018"	"Woolsey Fire NPS +"	loam	30	chap	13	9	5	200	h	80	0	ft
WE	wepp-43691	"04:31 pm  Sunday November 25, 2018"	"Woolsey Fire NPS +"	loam	30	chap	0	0	0	200	h	80	0	ft
WE	wepp-44026	"04:31 pm  Sunday November 25, 2018"	"Woolsey Fire NPS +"	loam	30	forest	6	6	6	200	h			ft
WE	wepp-44362	"04:32 pm  Sunday November 25, 2018"	"Woolsey Fire NPS +"	loam	30	forest	13	8	3	200	h			ft
WE	wepp-44706	"04:32 pm  Sunday November 25, 2018"	"Woolsey Fire NPS +"	loam	30	forest	37	32	26	200	h			ft
WE	wepp-45036	"04:32 pm  Sunday November 25, 2018"	"Woolsey Fire NPS +"	loam	30	forest	0	0	0	200	h			ft
WE	wepp-45359	"04:33 pm  Sunday November 25, 2018"	"Woolsey Fire NPS +"	loam	30	forest	56	50	45	200	h			ft
WE	wepp-45715	"04:33 pm  Sunday November 25, 2018"	"Woolsey Fire NPS +"	loam	30	range	73	68	62	200	h	15	75	ft
WE	wepp-46064	"04:33 pm  Sunday November 25, 2018"	"Woolsey Fire NPS +"	loam	30	range	0	0	0	200	h	15	75	ft
WE	wepp-46404	"04:33 pm  Sunday November 25, 2018"	"Woolsey Fire NPS +"	loam	30	range	13	10	6	200	h	15	75	ft
WE	wepp-46752	"04:34 pm  Sunday November 25, 2018"	"Woolsey Fire NPS +"	loam	30	range	0	0	0	200	h	15	75	ft
WE	wepp-47093	"04:34 pm  Sunday November 25, 2018"	"Woolsey Fire NPS +"	loam	30	range	37	33	29	200	h	15	75	ft
WE	wepp-47444	"04:34 pm  Sunday November 25, 2018"	"Woolsey Fire NPS +"	sand	10	chap	0	0	0	200	h	80	0	ft
WE	wepp-47786	"04:35 pm  Sunday November 25, 2018"	"Woolsey Fire NPS +"	sand	10	chap	0	0	0	200	h	80	0	ft
WE	wepp-48130	"04:35 pm  Sunday November 25, 2018"	"Woolsey Fire NPS +"	sand	10	chap	0	0	0	200	h	80	0	ft
WE	wepp-48474	"04:35 pm  Sunday November 25, 2018"	"Woolsey Fire NPS +"	sand	10	chap	32	28	24	200	h	80	0	ft
WE	wepp-48821	"04:35 pm  Sunday November 25, 2018"	"Woolsey Fire NPS +"	sand	10	chap	33	30	27	200	h	80	0	ft
WE	wepp-49159	"04:36 pm  Sunday November 25, 2018"	"Woolsey Fire NPS +"	sand	10	forest	0	0	0	200	h			ft
WE	wepp-49499	"04:36 pm  Sunday November 25, 2018"	"Woolsey Fire NPS +"	sand	10	forest	36	30	25	200	h			ft
WE	wepp-49836	"04:36 pm  Sunday November 25, 2018"	"Woolsey Fire NPS +"	sand	10	forest	18	14	9	200	h			ft
WE	wepp-50185	"04:37 pm  Sunday November 25, 2018"	"Woolsey Fire NPS +"	sand	10	forest	100	100	79	200	h			ft
WE	wepp-50510	"04:37 pm  Sunday November 25, 2018"	"Woolsey Fire NPS +"	sand	10	forest	73	68	62	200	h			ft
WE	wepp-50854	"04:37 pm  Sunday November 25, 2018"	"Woolsey Fire NPS +"	sand	10	range	73	68	62	200	h	15	75	ft
WE	wepp-51175	"04:37 pm  Sunday November 25, 2018"	"Woolsey Fire NPS +"	sand	10	range	0	0	0	200	h	15	75	ft
WE	wepp-51503	"04:38 pm  Sunday November 25, 2018"	"Woolsey Fire NPS +"	sand	10	range	75	70	64	200	h	15	75	ft
WE	wepp-51832	"04:38 pm  Sunday November 25, 2018"	"Woolsey Fire NPS +"	sand	10	range	55	49	43	200	h	15	75	ft
WE	wepp-52178	"04:38 pm  Sunday November 25, 2018"	"Woolsey Fire NPS +"	clay	10	chap	0	0	0	200	l	80	0	ft
WE	wepp-52349	"04:38 pm  Sunday November 25, 2018"	"Woolsey Fire NPS +"	clay	10	chap	0	0	0	200	l	80	0	ft
WE	wepp-52591	"04:39 pm  Sunday November 25, 2018"	"Woolsey Fire NPS +"	clay	10	chap	0	0	0	200	l	80	0	ft
WE	wepp-52783	"04:39 pm  Sunday November 25, 2018"	"Woolsey Fire NPS +"	clay	10	chap	0	0	0	200	l	80	0	ft
WE	wepp-52979	"04:39 pm  Sunday November 25, 2018"	"Woolsey Fire NPS +"	clay	10	chap	0	0	0	200	l	80	0	ft
WE	wepp-53163	"04:39 pm  Sunday November 25, 2018"	"Woolsey Fire NPS +"	clay	10	forest	55	50	44	200	l			ft
WE	wepp-53345	"04:39 pm  Sunday November 25, 2018"	"Woolsey Fire NPS +"	clay	10	forest	100	100	74	200	l			ft
WE	wepp-53543	"04:39 pm  Sunday November 25, 2018"	"Woolsey Fire NPS +"	clay	10	forest	39	32	26	200	l			ft
WE	wepp-53725	"04:40 pm  Sunday November 25, 2018"	"Woolsey Fire NPS +"	clay	10	forest	65	62	59	200	l			ft
WE	wepp-53909	"04:40 pm  Sunday November 25, 2018"	"Woolsey Fire NPS +"	clay	10	forest	0	0	0	200	l			ft
WE	wepp-54101	"04:40 pm  Sunday November 25, 2018"	"Woolsey Fire NPS +"	clay	10	range	32	27	22	200	l	15	75	ft
WE	wepp-54302	"04:40 pm  Sunday November 25, 2018"	"Woolsey Fire NPS +"	clay	10	range	100	100	93	200	l	15	75	ft
WE	wepp-54479	"04:40 pm  Sunday November 25, 2018"	"Woolsey Fire NPS +"	clay	10	range	0	0	0	200	l	15	75	ft
WE	wepp-54671	"04:40 pm  Sunday November 25, 2018"	"Woolsey Fire NPS +"	clay	10	range	51	47	42	200	l	15	75	ft
WE	wepp-54869	"04:41 pm  Sunday November 25, 2018"	"Woolsey Fire NPS +"	clay	10	range	18	14	9	200	l	15	75	ft
WE	wepp-55050	"04:41 pm  Sunday November 25, 2018"	"Woolsey Fire NPS +"	clay	50	chap	75	69	63	200	l	80	0	ft
WE	wepp-55243	"04:41 pm  Sunday November 25, 2018"	"Woolsey Fire NPS +"	clay	50	chap	0	0	0	200	l	80	0	ft
WE	wepp-55427	"04:41 pm  Sunday November 25, 2018"	"Woolsey Fire NPS +"	clay	50	chap	75	70	64	200	l	80	0	ft
WE	wepp-55626	"04:41 pm  Sunday November 25, 2018"	"Woolsey Fire NPS +"	clay	50	chap	0	0	0	200	l	80	0	ft
WE	wepp-55801	"04:41 pm  Sunday November 25, 2018"	"Woolsey Fire NPS +"	clay	50	forest	36	31	25	200	l			ft
WE	wepp-55981	"04:41 pm  Sunday November 25, 2018"	"Woolsey Fire NPS +"	clay	50	forest	0	0	0	200	l			ft
WE	wepp-56160	"04:42 pm  Sunday November 25, 2018"	"Woolsey Fire NPS +"	clay	50	range	35	29	23	200	l	15	75	ft
WE	wepp-56353	"04:42 pm  Sunday November 25, 2018"	"Woolsey Fire NPS +"	clay	50	range	0	0	0	200	l	15	75	ft
WE	wepp-56530	"04:42 pm  Sunday November 25, 2018"	"Woolsey Fire NPS +"	clay	50	range	36	31	25	200	l	15	75	ft
WE	wepp-56723	"04:42 pm  Sunday November 25, 2018"	"Woolsey Fire NPS +"	clay	50	range	0	0	0	200	l	15	75	ft
WE	wepp-56906	"04:42 pm  Sunday November 25, 2018"	"Woolsey Fire NPS +"	clay	50	range	36	30	25	200	l	15	75	ft
WE	wepp-57083	"04:42 pm  Sunday November 25, 2018"	"Woolsey Fire NPS +"	loam	10	chap	0	0	0	200	l	80	0	ft
WE	wepp-57277	"04:43 pm  Sunday November 25, 2018"	"Woolsey Fire NPS +"	loam	10	chap	0	0	0	200	l	80	0	ft
WE	wepp-57453	"04:43 pm  Sunday November 25, 2018"	"Woolsey Fire NPS +"	loam	10	chap	0	0	0	200	l	80	0	ft
WE	wepp-57650	"04:43 pm  Sunday November 25, 2018"	"Woolsey Fire NPS +"	loam	10	chap	0	0	0	200	l	80	0	ft
WE	wepp-57831	"04:43 pm  Sunday November 25, 2018"	"Woolsey Fire NPS +"	loam	10	chap	0	0	0	200	l	80	0	ft
WE	wepp-58007	"04:43 pm  Sunday November 25, 2018"	"Woolsey Fire NPS +"	loam	10	forest	0	0	0	200	l			ft
WE	wepp-58187	"04:43 pm  Sunday November 25, 2018"	"Woolsey Fire NPS +"	loam	10	forest	0	0	0	200	l			ft
WE	wepp-58376	"04:43 pm  Sunday November 25, 2018"	"Woolsey Fire NPS +"	loam	10	forest	0	0	0	200	l			ft
WE	wepp-58557	"04:44 pm  Sunday November 25, 2018"	"Woolsey Fire NPS +"	loam	10	forest	0	0	0	200	l			ft
WE	wepp-58743	"04:44 pm  Sunday November 25, 2018"	"Woolsey Fire NPS +"	loam	10	range	0	0	0	200	l	15	75	ft
WE	wepp-58925	"04:44 pm  Sunday November 25, 2018"	"Woolsey Fire NPS +"	loam	10	range	0	0	0	200	l	15	75	ft
WE	wepp-59113	"04:44 pm  Sunday November 25, 2018"	"Woolsey Fire NPS +"	loam	10	range	0	0	0	200	l	15	75	ft
WE	wepp-59291	"04:44 pm  Sunday November 25, 2018"	"Woolsey Fire NPS +"	loam	10	range	0	0	0	200	l	15	75	ft
WE	wepp-59487	"04:44 pm  Sunday November 25, 2018"	"Woolsey Fire NPS +"	loam	10	range	0	0	0	200	l	15	75	ft
WE	wepp-59666	"04:45 pm  Sunday November 25, 2018"	"Woolsey Fire NPS +"	loam	20	chap	72	67	62	200	l	80	0	ft
WE	wepp-59849	"04:45 pm  Sunday November 25, 2018"	"Woolsey Fire NPS +"	loam	20	chap	0	0	0	200	l	80	0	ft
WE	wepp-60084	"04:45 pm  Sunday November 25, 2018"	"Woolsey Fire NPS +"	loam	20	chap	73	67	62	200	l	80	0	ft
WE	wepp-60266	"04:45 pm  Sunday November 25, 2018"	"Woolsey Fire NPS +"	loam	20	chap	0	0	0	200	l	80	0	ft
WE	wepp-60453	"04:45 pm  Sunday November 25, 2018"	"Woolsey Fire NPS +"	loam	20	chap	73	69	64	200	l	80	0	ft
WE	wepp-60642	"04:45 pm  Sunday November 25, 2018"	"Woolsey Fire NPS +"	loam	20	forest	53	48	42	200	l			ft
WE	wepp-60822	"04:45 pm  Sunday November 25, 2018"	"Woolsey Fire NPS +"	loam	20	forest	0	0	0	200	l			ft
WE	wepp-61000	"04:46 pm  Sunday November 25, 2018"	"Woolsey Fire NPS +"	loam	20	forest	16	10	5	200	l			ft
WE	wepp-61191	"04:46 pm  Sunday November 25, 2018"	"Woolsey Fire NPS +"	loam	20	forest	0	0	0	200	l			ft
WE	wepp-61376	"04:46 pm  Sunday November 25, 2018"	"Woolsey Fire NPS +"	loam	20	forest	0	0	0	200	l			ft
WE	wepp-61544	"04:46 pm  Sunday November 25, 2018"	"Woolsey Fire NPS +"	loam	20	range	74	68	62	200	l	15	75	ft
WE	wepp-61734	"04:46 pm  Sunday November 25, 2018"	"Woolsey Fire NPS +"	loam	20	range	0	0	0	200	l	15	75	ft
WE	wepp-61929	"04:46 pm  Sunday November 25, 2018"	"Woolsey Fire NPS +"	loam	20	range	18	12	7	200	l	15	75	ft
WE	wepp-62113	"04:47 pm  Sunday November 25, 2018"	"Woolsey Fire NPS +"	loam	20	range	0	0	0	200	l	15	75	ft
WE	wepp-62310	"04:47 pm  Sunday November 25, 2018"	"Woolsey Fire NPS +"	loam	20	range	33	28	22	200	l	15	75	ft
WE	wepp-62488	"04:47 pm  Sunday November 25, 2018"	"Woolsey Fire NPS +"	loam	30	chap	18	13	8	200	l	80	0	ft
WE	wepp-62674	"04:47 pm  Sunday November 25, 2018"	"Woolsey Fire NPS +"	loam	30	chap	0	0	0	200	l	80	0	ft
WE	wepp-62856	"04:47 pm  Sunday November 25, 2018"	"Woolsey Fire NPS +"	loam	30	chap	17	12	7	200	l	80	0	ft
WE	wepp-63040	"04:47 pm  Sunday November 25, 2018"	"Woolsey Fire NPS +"	loam	30	chap	0	0	0	200	l	80	0	ft
WE	wepp-63226	"04:48 pm  Sunday November 25, 2018"	"Woolsey Fire NPS +"	loam	30	chap	18	13	8	200	l	80	0	ft
WE	wepp-63405	"04:48 pm  Sunday November 25, 2018"	"Woolsey Fire NPS +"	loam	30	forest	33	28	23	200	l			ft
WE	wepp-63573	"04:48 pm  Sunday November 25, 2018"	"Woolsey Fire NPS +"	loam	30	forest	68	65	61	200	l			ft
WE	wepp-63750	"04:48 pm  Sunday November 25, 2018"	"Woolsey Fire NPS +"	loam	30	forest	33	27	22	200	l			ft
WE	wepp-63943	"04:48 pm  Sunday November 25, 2018"	"Woolsey Fire NPS +"	loam	30	forest	0	0	0	200	l			ft
WE	wepp-64121	"04:48 pm  Sunday November 25, 2018"	"Woolsey Fire NPS +"	loam	30	range	63	62	60	200	l	15	75	ft
WE	wepp-64297	"04:48 pm  Sunday November 25, 2018"	"Woolsey Fire NPS +"	loam	30	range	0	0	0	200	l	15	75	ft
WE	wepp-64493	"04:49 pm  Sunday November 25, 2018"	"Woolsey Fire NPS +"	loam	30	range	30	26	22	200	l	15	75	ft
WE	wepp-64673	"04:49 pm  Sunday November 25, 2018"	"Woolsey Fire NPS +"	loam	30	range	32	31	31	200	l	15	75	ft
WE	wepp-64853	"04:49 pm  Sunday November 25, 2018"	"Woolsey Fire NPS +"	loam	30	range	19	15	11	200	l	15	75	ft
WE	wepp-65041	"04:49 pm  Sunday November 25, 2018"	"Woolsey Fire NPS +"	silt	10	chap	0	0	0	200	l	80	0	ft
WE	wepp-65227	"04:49 pm  Sunday November 25, 2018"	"Woolsey Fire NPS +"	silt	10	chap	0	0	0	200	l	80	0	ft
WE	wepp-65410	"04:49 pm  Sunday November 25, 2018"	"Woolsey Fire NPS +"	silt	10	chap	0	0	0	200	l	80	0	ft
WE	wepp-65593	"04:50 pm  Sunday November 25, 2018"	"Woolsey Fire NPS +"	silt	10	chap	0	0	0	200	l	80	0	ft
WE	wepp-65785	"04:50 pm  Sunday November 25, 2018"	"Woolsey Fire NPS +"	silt	10	chap	0	0	0	200	l	80	0	ft
WE	wepp-65966	"04:50 pm  Sunday November 25, 2018"	"Woolsey Fire NPS +"	silt	10	forest	0	0	0	200	l			ft
WE	wepp-66147	"04:50 pm  Sunday November 25, 2018"	"Woolsey Fire NPS +"	silt	10	range	55	49	43	200	l	15	75	ft
WE	wepp-66326	"04:50 pm  Sunday November 25, 2018"	"Woolsey Fire NPS +"	silt	10	range	61	61	61	200	l	15	75	ft
WE	wepp-66500	"04:50 pm  Sunday November 25, 2018"	"Woolsey Fire NPS +"	silt	10	range	19	19	19	200	l	15	75	ft
WE	wepp-66683	"04:50 pm  Sunday November 25, 2018"	"Woolsey Fire NPS +"	silt	10	range	27	24	21	200	l	15	75	ft
WE	wepp-66863	"04:51 pm  Sunday November 25, 2018"	"Woolsey Fire NPS +"	silt	10	range	0	0	0	200	l	15	75	ft
WE	wepp-67047	"04:51 pm  Sunday November 25, 2018"	"Woolsey Fire NPS +"	sand	10	chap	0	0	0	200	l	80	0	ft
WE	wepp-67231	"04:51 pm  Sunday November 25, 2018"	"Woolsey Fire NPS +"	sand	10	chap	0	0	0	200	l	80	0	ft
WE	wepp-67411	"04:51 pm  Sunday November 25, 2018"	"Woolsey Fire NPS +"	sand	10	chap	0	0	0	200	l	80	0	ft
WE	wepp-67584	"04:51 pm  Sunday November 25, 2018"	"Woolsey Fire NPS +"	sand	10	chap	0	0	0	200	l	80	0	ft
WE	wepp-67762	"04:51 pm  Sunday November 25, 2018"	"Woolsey Fire NPS +"	sand	10	chap	0	0	0	200	l	80	0	ft
WE	wepp-67935	"04:51 pm  Sunday November 25, 2018"	"Woolsey Fire NPS +"	sand	10	forest	16	10	5	200	l			ft
WE	wepp-68108	"04:52 pm  Sunday November 25, 2018"	"Woolsey Fire NPS +"	sand	10	forest	43	42	42	200	l			ft
WE	wepp-68293	"04:52 pm  Sunday November 25, 2018"	"Woolsey Fire NPS +"	sand	10	forest	38	33	28	200	l			ft
WE	wepp-68482	"04:52 pm  Sunday November 25, 2018"	"Woolsey Fire NPS +"	sand	10	forest	0	0	0	200	l			ft
WE	wepp-68670	"04:52 pm  Sunday November 25, 2018"	"Woolsey Fire NPS +"	sand	10	range	56	51	46	200	l	15	75	ft
WE	wepp-68858	"04:52 pm  Sunday November 25, 2018"	"Woolsey Fire NPS +"	sand	10	range	100	91	80	200	l	15	75	ft
WE	wepp-69042	"04:52 pm  Sunday November 25, 2018"	"Woolsey Fire NPS +"	sand	10	range	17	14	10	200	l	15	75	ft
WE	wepp-69220	"04:53 pm  Sunday November 25, 2018"	"Woolsey Fire NPS +"	sand	10	range	35	29	24	200	l	15	75	ft
WE	wepp-69406	"04:53 pm  Sunday November 25, 2018"	"Woolsey Fire NPS +"	sand	10	range	54	49	43	200	l	15	75	ft
WE	wepp-69578	"04:53 pm  Sunday November 25, 2018"	"Woolsey Fire NPS +"	clay	10	chap	18	13	9	200	m	80	0	ft
WE	wepp-69834	"04:53 pm  Sunday November 25, 2018"	"Woolsey Fire NPS +"	clay	10	chap	74	68	63	200	m	80	0	ft
WE	wepp-70091	"04:53 pm  Sunday November 25, 2018"	"Woolsey Fire NPS +"	clay	10	chap	36	30	25	200	m	80	0	ft
WE	wepp-70347	"04:53 pm  Sunday November 25, 2018"	"Woolsey Fire NPS +"	clay	10	chap	91	85	80	200	m	80	0	ft
WE	wepp-70611	"04:54 pm  Sunday November 25, 2018"	"Woolsey Fire NPS +"	clay	10	chap	55	49	43	200	m	80	0	ft
WE	wepp-70871	"04:54 pm  Sunday November 25, 2018"	"Woolsey Fire NPS +"	clay	10	forest	54	48	43	200	m			ft
WE	wepp-71135	"04:54 pm  Sunday November 25, 2018"	"Woolsey Fire NPS +"	clay	10	forest	94	88	82	200	m			ft
WE	wepp-71398	"04:54 pm  Sunday November 25, 2018"	"Woolsey Fire NPS +"	clay	10	forest	19	18	17	200	m			ft
WE	wepp-71661	"04:55 pm  Sunday November 25, 2018"	"Woolsey Fire NPS +"	clay	10	forest	0	0	0	200	m			ft
WE	wepp-71923	"04:55 pm  Sunday November 25, 2018"	"Woolsey Fire NPS +"	clay	10	forest	26	24	22	200	m			ft
WE	wepp-72180	"04:55 pm  Sunday November 25, 2018"	"Woolsey Fire NPS +"	clay	10	range	0	0	0	200	m	15	75	ft
WE	wepp-72451	"04:55 pm  Sunday November 25, 2018"	"Woolsey Fire NPS +"	clay	10	range	0	0	0	200	m	15	75	ft
WE	wepp-72707	"04:55 pm  Sunday November 25, 2018"	"Woolsey Fire NPS +"	clay	10	range	0	0	0	200	m	15	75	ft
WE	wepp-72953	"04:56 pm  Sunday November 25, 2018"	"Woolsey Fire NPS +"	clay	10	range	0	0	0	200	m	15	75	ft
WE	wepp-73204	"04:56 pm  Sunday November 25, 2018"	"Woolsey Fire NPS +"	clay	10	range	0	0	0	200	m	15	75	ft
WE	wepp-73456	"04:56 pm  Sunday November 25, 2018"	"Woolsey Fire NPS +"	clay	50	chap	52	47	41	200	m	80	0	ft
WE	wepp-73716	"04:56 pm  Sunday November 25, 2018"	"Woolsey Fire NPS +"	clay	50	chap	0	0	0	200	m	80	0	ft
WE	wepp-73993	"04:56 pm  Sunday November 25, 2018"	"Woolsey Fire NPS +"	clay	50	chap	57	51	45	200	m	80	0	ft
WE	wepp-74258	"04:57 pm  Sunday November 25, 2018"	"Woolsey Fire NPS +"	clay	50	chap	0	0	0	200	m	80	0	ft
WE	wepp-74522	"04:57 pm  Sunday November 25, 2018"	"Woolsey Fire NPS +"	clay	50	chap	52	47	41	200	m	80	0	ft
WE	wepp-74782	"04:57 pm  Sunday November 25, 2018"	"Woolsey Fire NPS +"	clay	50	forest	74	68	62	200	m			ft
WE	wepp-75047	"04:57 pm  Sunday November 25, 2018"	"Woolsey Fire NPS +"	clay	50	forest	0	0	0	200	m			ft
WE	wepp-75315	"04:58 pm  Sunday November 25, 2018"	"Woolsey Fire NPS +"	clay	50	range	37	31	26	200	m	15	75	ft
WE	wepp-75587	"04:58 pm  Sunday November 25, 2018"	"Woolsey Fire NPS +"	clay	50	range	0	0	0	200	m	15	75	ft
WE	wepp-75854	"04:58 pm  Sunday November 25, 2018"	"Woolsey Fire NPS +"	clay	50	range	36	31	25	200	m	15	75	ft
WE	wepp-76116	"04:58 pm  Sunday November 25, 2018"	"Woolsey Fire NPS +"	clay	50	range	0	0	0	200	m	15	75	ft
WE	wepp-76392	"04:58 pm  Sunday November 25, 2018"	"Woolsey Fire NPS +"	clay	50	range	54	48	42	200	m	15	75	ft
WE	wepp-76664	"04:59 pm  Sunday November 25, 2018"	"Woolsey Fire NPS +"	loam	10	chap	0	0	0	200	m	80	0	ft
WE	wepp-76929	"04:59 pm  Sunday November 25, 2018"	"Woolsey Fire NPS +"	loam	10	chap	0	0	0	200	m	80	0	ft
WE	wepp-77191	"04:59 pm  Sunday November 25, 2018"	"Woolsey Fire NPS +"	loam	10	chap	0	0	0	200	m	80	0	ft
WE	wepp-77452	"04:59 pm  Sunday November 25, 2018"	"Woolsey Fire NPS +"	loam	10	chap	0	0	0	200	m	80	0	ft
WE	wepp-77734	"05:00 pm  Sunday November 25, 2018"	"Woolsey Fire NPS +"	loam	10	chap	0	0	0	200	m	80	0	ft
WE	wepp-78031	"05:00 pm  Sunday November 25, 2018"	"Woolsey Fire NPS +"	loam	10	forest	0	0	0	200	m			ft
WE	wepp-78297	"05:00 pm  Sunday November 25, 2018"	"Woolsey Fire NPS +"	loam	10	forest	0	0	0	200	m			ft
WE	wepp-78553	"05:00 pm  Sunday November 25, 2018"	"Woolsey Fire NPS +"	loam	10	forest	0	0	0	200	m			ft
WE	wepp-78827	"05:00 pm  Sunday November 25, 2018"	"Woolsey Fire NPS +"	loam	10	forest	0	0	0	200	m			ft
WE	wepp-79096	"05:01 pm  Sunday November 25, 2018"	"Woolsey Fire NPS +"	loam	10	forest	36	30	24	200	m			ft
WE	wepp-79350	"05:01 pm  Sunday November 25, 2018"	"Woolsey Fire NPS +"	loam	10	range	0	0	0	200	m	15	75	ft
WE	wepp-79605	"05:01 pm  Sunday November 25, 2018"	"Woolsey Fire NPS +"	loam	10	range	0	0	0	200	m	15	75	ft
WE	wepp-79874	"05:01 pm  Sunday November 25, 2018"	"Woolsey Fire NPS +"	loam	10	range	0	0	0	200	m	15	75	ft
WE	wepp-80141	"05:02 pm  Sunday November 25, 2018"	"Woolsey Fire NPS +"	loam	10	range	0	0	0	200	m	15	75	ft
WE	wepp-80401	"05:02 pm  Sunday November 25, 2018"	"Woolsey Fire NPS +"	loam	10	range	15	9	3	200	m	15	75	ft
WE	wepp-80662	"05:02 pm  Sunday November 25, 2018"	"Woolsey Fire NPS +"	loam	20	chap	0	0	0	200	m	80	0	ft
WE	wepp-80908	"05:02 pm  Sunday November 25, 2018"	"Woolsey Fire NPS +"	loam	20	chap	100	94	76	200	m	80	0	ft
WE	wepp-81172	"05:02 pm  Sunday November 25, 2018"	"Woolsey Fire NPS +"	loam	20	chap	0	0	0	200	m	80	0	ft
WE	wepp-81445	"05:03 pm  Sunday November 25, 2018"	"Woolsey Fire NPS +"	loam	20	chap	17	14	11	200	m	80	0	ft
WE	wepp-81693	"05:03 pm  Sunday November 25, 2018"	"Woolsey Fire NPS +"	loam	20	chap	0	0	0	200	m	80	0	ft
WE	wepp-81953	"05:03 pm  Sunday November 25, 2018"	"Woolsey Fire NPS +"	loam	20	forest	18	14	9	200	m			ft
WE	wepp-82230	"05:03 pm  Sunday November 25, 2018"	"Woolsey Fire NPS +"	loam	20	forest	35	29	24	200	m			ft
WE	wepp-82492	"05:04 pm  Sunday November 25, 2018"	"Woolsey Fire NPS +"	loam	20	forest	0	0	0	200	m			ft
WE	wepp-82752	"05:04 pm  Sunday November 25, 2018"	"Woolsey Fire NPS +"	loam	20	forest	18	14	9	200	m			ft
WE	wepp-83025	"05:04 pm  Sunday November 25, 2018"	"Woolsey Fire NPS +"	loam	20	forest	36	30	24	200	m			ft
WE	wepp-83289	"05:04 pm  Sunday November 25, 2018"	"Woolsey Fire NPS +"	loam	20	range	36	30	24	200	m	15	75	ft
WE	wepp-83550	"05:04 pm  Sunday November 25, 2018"	"Woolsey Fire NPS +"	loam	20	range	0	0	0	200	m	15	75	ft
WE	wepp-83813	"05:05 pm  Sunday November 25, 2018"	"Woolsey Fire NPS +"	loam	20	range	38	32	27	200	m	15	75	ft
WE	wepp-84085	"05:05 pm  Sunday November 25, 2018"	"Woolsey Fire NPS +"	loam	20	range	0	0	0	200	m	15	75	ft
WE	wepp-84343	"05:05 pm  Sunday November 25, 2018"	"Woolsey Fire NPS +"	loam	20	range	0	0	0	200	m	15	75	ft
WE	wepp-84600	"05:05 pm  Sunday November 25, 2018"	"Woolsey Fire NPS +"	loam	30	chap	69	65	62	200	m	80	0	ft
WE	wepp-84868	"05:06 pm  Sunday November 25, 2018"	"Woolsey Fire NPS +"	loam	30	chap	0	0	0	200	m	80	0	ft
WE	wepp-85133	"05:06 pm  Sunday November 25, 2018"	"Woolsey Fire NPS +"	loam	30	chap	15	12	10	200	m	80	0	ft
WE	wepp-85405	"05:06 pm  Sunday November 25, 2018"	"Woolsey Fire NPS +"	loam	30	chap	0	0	0	200	m	80	0	ft
WE	wepp-85676	"05:06 pm  Sunday November 25, 2018"	"Woolsey Fire NPS +"	loam	30	chap	0	0	0	200	m	80	0	ft
WE	wepp-85942	"05:06 pm  Sunday November 25, 2018"	"Woolsey Fire NPS +"	loam	30	forest	0	0	0	200	m			ft
WE	wepp-86198	"05:07 pm  Sunday November 25, 2018"	"Woolsey Fire NPS +"	loam	30	forest	19	14	10	200	m			ft
WE	wepp-86463	"05:07 pm  Sunday November 25, 2018"	"Woolsey Fire NPS +"	loam	30	forest	0	0	0	200	m			ft
WE	wepp-86727	"05:07 pm  Sunday November 25, 2018"	"Woolsey Fire NPS +"	loam	30	forest	36	30	24	200	m			ft
WE	wepp-87004	"05:07 pm  Sunday November 25, 2018"	"Woolsey Fire NPS +"	loam	30	forest	0	0	0	200	m			ft
WE	wepp-87266	"05:08 pm  Sunday November 25, 2018"	"Woolsey Fire NPS +"	loam	30	range	73	67	62	200	m	15	75	ft
WE	wepp-87531	"05:08 pm  Sunday November 25, 2018"	"Woolsey Fire NPS +"	loam	30	range	0	0	0	200	m	15	75	ft
WE	wepp-87790	"05:08 pm  Sunday November 25, 2018"	"Woolsey Fire NPS +"	loam	30	range	18	18	18	200	m	15	75	ft
WE	wepp-88050	"05:08 pm  Sunday November 25, 2018"	"Woolsey Fire NPS +"	loam	30	range	54	48	42	200	m	15	75	ft
WE	wepp-88322	"05:08 pm  Sunday November 25, 2018"	"Woolsey Fire NPS +"	loam	30	range	37	31	25	200	m	15	75	ft
WE	wepp-88629	"05:09 pm  Sunday November 25, 2018"	"Woolsey Fire NPS +"	silt	10	chap	0	0	0	200	m	80	0	ft
WE	wepp-88898	"05:09 pm  Sunday November 25, 2018"	"Woolsey Fire NPS +"	silt	10	chap	0	0	0	200	m	80	0	ft
WE	wepp-89152	"05:09 pm  Sunday November 25, 2018"	"Woolsey Fire NPS +"	silt	10	chap	0	0	0	200	m	80	0	ft
WE	wepp-89415	"05:09 pm  Sunday November 25, 2018"	"Woolsey Fire NPS +"	silt	10	chap	0	0	0	200	m	80	0	ft
WE	wepp-89669	"05:10 pm  Sunday November 25, 2018"	"Woolsey Fire NPS +"	silt	10	chap	0	0	0	200	m	80	0	ft
WE	wepp-89909	"05:10 pm  Sunday November 25, 2018"	"Woolsey Fire NPS +"	silt	10	forest	0	0	0	200	m			ft
WE	wepp-90167	"05:10 pm  Sunday November 25, 2018"	"Woolsey Fire NPS +"	silt	10	forest	0	0	0	200	m			ft
WE	wepp-90433	"05:10 pm  Sunday November 25, 2018"	"Woolsey Fire NPS +"	silt	10	forest	0	0	0	200	m			ft
WE	wepp-90693	"05:10 pm  Sunday November 25, 2018"	"Woolsey Fire NPS +"	silt	10	forest	0	0	0	200	m			ft
WE	wepp-90948	"05:11 pm  Sunday November 25, 2018"	"Woolsey Fire NPS +"	silt	10	forest	0	0	0	200	m			ft
WE	wepp-91209	"05:11 pm  Sunday November 25, 2018"	"Woolsey Fire NPS +"	silt	10	range	100	89	77	200	m	15	75	ft
WE	wepp-91471	"05:11 pm  Sunday November 25, 2018"	"Woolsey Fire NPS +"	silt	10	range	16	11	5	200	m	15	75	ft
WE	wepp-91736	"05:11 pm  Sunday November 25, 2018"	"Woolsey Fire NPS +"	silt	10	range	36	30	24	200	m	15	75	ft
WE	wepp-92004	"05:11 pm  Sunday November 25, 2018"	"Woolsey Fire NPS +"	silt	10	range	55	49	43	200	m	15	75	ft
WE	wepp-92267	"05:12 pm  Sunday November 25, 2018"	"Woolsey Fire NPS +"	silt	10	range	72	67	62	200	m	15	75	ft
WE	wepp-92526	"05:12 pm  Sunday November 25, 2018"	"Woolsey Fire NPS +"	sand	10	chap	0	0	0	200	m	80	0	ft
WE	wepp-92784	"05:12 pm  Sunday November 25, 2018"	"Woolsey Fire NPS +"	sand	10	chap	0	0	0	200	m	80	0	ft
WE	wepp-93050	"05:12 pm  Sunday November 25, 2018"	"Woolsey Fire NPS +"	sand	10	chap	0	0	0	200	m	80	0	ft
WE	wepp-93314	"05:12 pm  Sunday November 25, 2018"	"Woolsey Fire NPS +"	sand	10	chap	0	0	0	200	m	80	0	ft
WE	wepp-93595	"05:13 pm  Sunday November 25, 2018"	"Woolsey Fire NPS +"	sand	10	chap	0	0	0	200	m	80	0	ft
WE	wepp-93860	"05:13 pm  Sunday November 25, 2018"	"Woolsey Fire NPS +"	sand	10	forest	0	0	0	200	m			ft
WE	wepp-94133	"05:13 pm  Sunday November 25, 2018"	"Woolsey Fire NPS +"	sand	10	forest	0	0	0	200	m			ft
WE	wepp-94411	"05:13 pm  Sunday November 25, 2018"	"Woolsey Fire NPS +"	sand	10	forest	76	71	65	200	m			ft
WE	wepp-94686	"05:14 pm  Sunday November 25, 2018"	"Woolsey Fire NPS +"	sand	10	forest	0	0	0	200	m			ft
WE	wepp-94958	"05:14 pm  Sunday November 25, 2018"	"Woolsey Fire NPS +"	sand	10	forest	0	0	0	200	m			ft
WE	wepp-95223	"05:14 pm  Sunday November 25, 2018"	"Woolsey Fire NPS +"	sand	10	range	74	68	63	200	m	15	75	ft
WE	wepp-95498	"05:14 pm  Sunday November 25, 2018"	"Woolsey Fire NPS +"	sand	10	range	100	92	79	200	m	15	75	ft
WE	wepp-95769	"05:14 pm  Sunday November 25, 2018"	"Woolsey Fire NPS +"	sand	10	range	18	16	14	200	m	15	75	ft
WE	wepp-96035	"05:15 pm  Sunday November 25, 2018"	"Woolsey Fire NPS +"	sand	10	range	36	31	26	200	m	15	75	ft
WE	wepp-96332	"05:15 pm  Sunday November 25, 2018"	"Woolsey Fire NPS +"	sand	10	range	55	49	44	200	m	15	75	ft
WE	wepp-96613	"05:15 pm  Sunday November 25, 2018"	"Woolsey Fire NPS +"	clay	10	chap	0	0	0	200	u	80	0	ft
WE	wepp-96681	"05:15 pm  Sunday November 25, 2018"	"Woolsey Fire NPS +"	clay	10	chap	0	0	0	200	u	80	0	ft
WE	wepp-96752	"05:15 pm  Sunday November 25, 2018"	"Woolsey Fire NPS +"	clay	10	chap	0	0	0	200	u	80	0	ft
WE	wepp-96809	"05:15 pm  Sunday November 25, 2018"	"Woolsey Fire NPS +"	clay	10	chap	0	0	0	200	u	80	0	ft
WE	wepp-96877	"05:15 pm  Sunday November 25, 2018"	"Woolsey Fire NPS +"	clay	10	chap	45	44	42	200	u	80	0	ft
WE	wepp-96948	"05:15 pm  Sunday November 25, 2018"	"Woolsey Fire NPS +"	clay	10	forest	18	12	7	200	u			ft
WE	wepp-97001	"05:15 pm  Sunday November 25, 2018"	"Woolsey Fire NPS +"	clay	10	forest	47	45	43	200	u			ft
WE	wepp-97066	"05:16 pm  Sunday November 25, 2018"	"Woolsey Fire NPS +"	clay	10	forest	17	14	10	200	u			ft
WE	wepp-97139	"05:16 pm  Sunday November 25, 2018"	"Woolsey Fire NPS +"	clay	10	range	75	69	64	200	u	15	75	ft
WE	wepp-97199	"05:16 pm  Sunday November 25, 2018"	"Woolsey Fire NPS +"	clay	10	range	36	31	25	200	u	15	75	ft
WE	wepp-97271	"05:16 pm  Sunday November 25, 2018"	"Woolsey Fire NPS +"	clay	10	range	93	87	82	200	u	15	75	ft
WE	wepp-97337	"05:16 pm  Sunday November 25, 2018"	"Woolsey Fire NPS +"	clay	10	range	56	50	44	200	u	15	75	ft
WE	wepp-97403	"05:16 pm  Sunday November 25, 2018"	"Woolsey Fire NPS +"	clay	10	range	19	16	12	200	u	15	75	ft
WE	wepp-97477	"05:16 pm  Sunday November 25, 2018"	"Woolsey Fire NPS +"	clay	50	chap	17	15	13	200	u	80	0	ft
WE	wepp-97536	"05:16 pm  Sunday November 25, 2018"	"Woolsey Fire NPS +"	clay	50	chap	0	0	0	200	u	80	0	ft
WE	wepp-97601	"05:16 pm  Sunday November 25, 2018"	"Woolsey Fire NPS +"	clay	50	chap	16	11	6	200	u	80	0	ft
WE	wepp-97676	"05:16 pm  Sunday November 25, 2018"	"Woolsey Fire NPS +"	clay	50	chap	0	0	0	200	u	80	0	ft
WE	wepp-97736	"05:16 pm  Sunday November 25, 2018"	"Woolsey Fire NPS +"	clay	50	forest	0	0	0	200	u			ft
WE	wepp-97801	"05:16 pm  Sunday November 25, 2018"	"Woolsey Fire NPS +"	clay	50	range	0	0	0	200	u	15	75	ft
WE	wepp-97871	"05:16 pm  Sunday November 25, 2018"	"Woolsey Fire NPS +"	clay	50	range	37	31	26	200	u	15	75	ft
WE	wepp-97933	"05:16 pm  Sunday November 25, 2018"	"Woolsey Fire NPS +"	clay	50	range	0	0	0	200	u	15	75	ft
WE	wepp-98001	"05:16 pm  Sunday November 25, 2018"	"Woolsey Fire NPS +"	clay	50	range	36	31	25	200	u	15	75	ft
WE	wepp-98066	"05:16 pm  Sunday November 25, 2018"	"Woolsey Fire NPS +"	clay	50	range	0	0	0	200	u	15	75	ft
WE	wepp-98130	"05:16 pm  Sunday November 25, 2018"	"Woolsey Fire NPS +"	loam	10	chap	0	0	0	200	u	80	0	ft
WE	wepp-98194	"05:16 pm  Sunday November 25, 2018"	"Woolsey Fire NPS +"	loam	10	chap	0	0	0	200	u	80	0	ft
WE	wepp-98258	"05:17 pm  Sunday November 25, 2018"	"Woolsey Fire NPS +"	loam	10	chap	0	0	0	200	u	80	0	ft
WE	wepp-98324	"05:17 pm  Sunday November 25, 2018"	"Woolsey Fire NPS +"	loam	10	range	0	0	0	200	u	15	75	ft
WE	wepp-98385	"05:17 pm  Sunday November 25, 2018"	"Woolsey Fire NPS +"	loam	10	range	0	0	0	200	u	15	75	ft
WE	wepp-98449	"05:17 pm  Sunday November 25, 2018"	"Woolsey Fire NPS +"	loam	10	range	0	0	0	200	u	15	75	ft
WE	wepp-98514	"05:17 pm  Sunday November 25, 2018"	"Woolsey Fire NPS +"	loam	10	range	0	0	0	200	u	15	75	ft
WE	wepp-98577	"05:17 pm  Sunday November 25, 2018"	"Woolsey Fire NPS +"	loam	20	chap	18	13	9	200	u	80	0	ft
WE	wepp-98643	"05:17 pm  Sunday November 25, 2018"	"Woolsey Fire NPS +"	loam	20	chap	0	0	0	200	u	80	0	ft
WE	wepp-98706	"05:17 pm  Sunday November 25, 2018"	"Woolsey Fire NPS +"	loam	20	chap	16	11	5	200	u	80	0	ft
WE	wepp-98772	"05:17 pm  Sunday November 25, 2018"	"Woolsey Fire NPS +"	loam	20	chap	0	0	0	200	u	80	0	ft
WE	wepp-98840	"05:17 pm  Sunday November 25, 2018"	"Woolsey Fire NPS +"	loam	20	forest	0	0	0	200	u			ft
WE	wepp-98905	"05:17 pm  Sunday November 25, 2018"	"Woolsey Fire NPS +"	loam	20	forest	15	10	6	200	u			ft
WE	wepp-98969	"05:17 pm  Sunday November 25, 2018"	"Woolsey Fire NPS +"	loam	20	forest	0	0	0	200	u			ft
WE	wepp-99026	"05:17 pm  Sunday November 25, 2018"	"Woolsey Fire NPS +"	loam	20	forest	75	69	63	200	u			ft
WE	wepp-99098	"05:17 pm  Sunday November 25, 2018"	"Woolsey Fire NPS +"	loam	20	range	0	0	0	200	u	15	75	ft
WE	wepp-99166	"05:17 pm  Sunday November 25, 2018"	"Woolsey Fire NPS +"	loam	20	range	55	49	43	200	u	15	75	ft
WE	wepp-99228	"05:17 pm  Sunday November 25, 2018"	"Woolsey Fire NPS +"	loam	20	range	0	0	0	200	u	15	75	ft
WE	wepp-99290	"05:17 pm  Sunday November 25, 2018"	"Woolsey Fire NPS +"	loam	20	range	54	49	43	200	u	15	75	ft
WE	wepp-99362	"05:17 pm  Sunday November 25, 2018"	"Woolsey Fire NPS +"	loam	20	range	100	98	77	200	u	15	75	ft
WE	wepp-99431	"05:17 pm  Sunday November 25, 2018"	"Woolsey Fire NPS +"	loam	30	chap	54	49	43	200	u	80	0	ft
WE	wepp-99491	"05:18 pm  Sunday November 25, 2018"	"Woolsey Fire NPS +"	loam	30	chap	100	90	80	200	u	80	0	ft
WE	wepp-99552	"05:18 pm  Sunday November 25, 2018"	"Woolsey Fire NPS +"	loam	30	chap	36	30	24	200	u	80	0	ft
WE	wepp-99625	"05:18 pm  Sunday November 25, 2018"	"Woolsey Fire NPS +"	loam	30	chap	66	63	61	200	u	80	0	ft
WE	wepp-99693	"05:18 pm  Sunday November 25, 2018"	"Woolsey Fire NPS +"	loam	30	range	54	49	43	200	u	15	75	ft
WE	wepp-99757	"05:18 pm  Sunday November 25, 2018"	"Woolsey Fire NPS +"	loam	30	range	88	84	81	200	u	15	75	ft
WE	wepp-99821	"05:18 pm  Sunday November 25, 2018"	"Woolsey Fire NPS +"	loam	30	range	36	31	25	200	u	15	75	ft
WE	wepp-99898	"05:18 pm  Sunday November 25, 2018"	"Woolsey Fire NPS +"	loam	30	range	69	65	62	200	u	15	75	ft
WE	wepp-99973	"05:18 pm  Sunday November 25, 2018"	"Woolsey Fire NPS +"	loam	30	range	37	31	26	200	u	15	75	ft
WE	wepp-100025	"05:18 pm  Sunday November 25, 2018"	"Woolsey Fire NPS +"	silt	10	chap	0	0	0	200	u	80	0	ft
WE	wepp-100094	"05:18 pm  Sunday November 25, 2018"	"Woolsey Fire NPS +"	silt	10	chap	0	0	0	200	u	80	0	ft
WE	wepp-100165	"05:18 pm  Sunday November 25, 2018"	"Woolsey Fire NPS +"	silt	10	chap	0	0	0	200	u	80	0	ft
WE	wepp-100233	"05:18 pm  Sunday November 25, 2018"	"Woolsey Fire NPS +"	silt	10	chap	0	0	0	200	u	80	0	ft
WE	wepp-100275	"05:18 pm  Sunday November 25, 2018"	"Woolsey Fire NPS +"	silt	10	chap	0	0	0	200	u	80	0	ft
WE	wepp-100335	"05:18 pm  Sunday November 25, 2018"	"Woolsey Fire NPS +"	silt	10	range	25	24	23	200	u	15	75	ft
WE	wepp-100406	"05:18 pm  Sunday November 25, 2018"	"Woolsey Fire NPS +"	silt	10	range	16	12	7	200	u	15	75	ft
WE	wepp-100474	"05:18 pm  Sunday November 25, 2018"	"Woolsey Fire NPS +"	silt	10	range	36	30	24	200	u	15	75	ft
WE	wepp-100532	"05:18 pm  Sunday November 25, 2018"	"Woolsey Fire NPS +"	silt	10	range	55	49	44	200	u	15	75	ft
WE	wepp-100595	"05:18 pm  Sunday November 25, 2018"	"Woolsey Fire NPS +"	silt	10	range	73	67	62	200	u	15	75	ft
WE	wepp-100663	"05:19 pm  Sunday November 25, 2018"	"Woolsey Fire NPS +"	sand	10	chap	0	0	0	200	u	80	0	ft
WE	wepp-100729	"05:19 pm  Sunday November 25, 2018"	"Woolsey Fire NPS +"	sand	10	chap	0	0	0	200	u	80	0	ft
WE	wepp-100795	"05:19 pm  Sunday November 25, 2018"	"Woolsey Fire NPS +"	sand	10	chap	0	0	0	200	u	80	0	ft
WE	wepp-100859	"05:19 pm  Sunday November 25, 2018"	"Woolsey Fire NPS +"	sand	10	chap	0	0	0	200	u	80	0	ft
WE	wepp-100923	"05:19 pm  Sunday November 25, 2018"	"Woolsey Fire NPS +"	sand	10	chap	0	0	0	200	u	80	0	ft
WE	wepp-100990	"05:19 pm  Sunday November 25, 2018"	"Woolsey Fire NPS +"	sand	10	forest	0	0	0	200	u			ft
WE	wepp-101057	"05:19 pm  Sunday November 25, 2018"	"Woolsey Fire NPS +"	sand	10	forest	0	0	0	200	u			ft
WE	wepp-101116	"05:19 pm  Sunday November 25, 2018"	"Woolsey Fire NPS +"	sand	10	forest	0	0	0	200	u			ft
WE	wepp-101184	"05:19 pm  Sunday November 25, 2018"	"Woolsey Fire NPS +"	sand	10	range	74	68	63	200	u	15	75	ft
WE	wepp-101251	"05:19 pm  Sunday November 25, 2018"	"Woolsey Fire NPS +"	sand	10	range	26	26	26	200	u	15	75	ft
WE	wepp-101317	"05:19 pm  Sunday November 25, 2018"	"Woolsey Fire NPS +"	sand	10	range	64	63	62	200	u	15	75	ft
WE	wepp-101383	"05:19 pm  Sunday November 25, 2018"	"Woolsey Fire NPS +"	sand	10	range	19	11	4	200	u	15	75	ft
WE	wepp-101454	"05:19 pm  Sunday November 25, 2018"	"Woolsey Fire NPS +"	sand	10	range	28	28	28	200	u	15	75	ft
