WE	wepp-230469	"07:21 pm  Friday October 18, 2019"	"saddle ridge fire +"	clay	10	range	10	10	10	250	u	15	75	ft
WE	wepp-230529	"07:21 pm  Friday October 18, 2019"	"saddle ridge fire +"	clay	15	range	10	10	10	250	u	15	75	ft
WE	wepp-230561	"07:21 pm  Friday October 18, 2019"	"saddle ridge fire +"	clay	10	range	10	10	10	250	l	15	75	ft
WE	wepp-230653	"07:21 pm  Friday October 18, 2019"	"saddle ridge fire +"	clay	15	range	10	10	10	250	l	15	75	ft
WE	wepp-230746	"07:22 pm  Friday October 18, 2019"	"saddle ridge fire +"	clay	15	range	10	10	10	250	m	15	75	ft
WE	wepp-230878	"07:22 pm  Friday October 18, 2019"	"saddle ridge fire +"	clay	10	range	30	30	30	225	u	15	75	ft
WE	wepp-230910	"07:22 pm  Friday October 18, 2019"	"saddle ridge fire +"	clay	15	range	30	30	30	225	u	15	75	ft
WE	wepp-230942	"07:22 pm  Friday October 18, 2019"	"saddle ridge fire +"	clay	10	range	30	30	30	225	l	15	75	ft
WE	wepp-231035	"07:22 pm  Friday October 18, 2019"	"saddle ridge fire +"	clay	15	range	30	30	30	225	l	15	75	ft
WE	wepp-231129	"07:22 pm  Friday October 18, 2019"	"saddle ridge fire +"	clay	15	range	30	30	30	225	m	15	75	ft
WE	wepp-231261	"07:22 pm  Friday October 18, 2019"	"saddle ridge fire +"	clay	10	range	50	50	50	200	u	15	75	ft
WE	wepp-231293	"07:22 pm  Friday October 18, 2019"	"saddle ridge fire +"	clay	15	range	50	50	50	200	u	15	75	ft
WE	wepp-231325	"07:22 pm  Friday October 18, 2019"	"saddle ridge fire +"	clay	10	range	50	50	50	200	l	15	75	ft
WE	wepp-231418	"07:23 pm  Friday October 18, 2019"	"saddle ridge fire +"	clay	15	range	50	50	50	200	l	15	75	ft
WE	wepp-231510	"07:23 pm  Friday October 18, 2019"	"saddle ridge fire +"	clay	15	range	50	50	50	200	m	15	75	ft
WE	wepp-231642	"07:23 pm  Friday October 18, 2019"	"saddle ridge fire +"	clay	15	range	70	70	70	175	u	15	75	ft
WE	wepp-231674	"07:23 pm  Friday October 18, 2019"	"saddle ridge fire +"	clay	15	range	70	70	70	175	l	15	75	ft
WE	wepp-231769	"07:23 pm  Friday October 18, 2019"	"saddle ridge fire +"	clay	15	range	70	70	70	175	m	15	75	ft
WE	wepp-231901	"07:23 pm  Friday October 18, 2019"	"saddle ridge fire +"	clay	15	range	90	90	90	175	u	15	75	ft
WE	wepp-231933	"07:23 pm  Friday October 18, 2019"	"saddle ridge fire +"	clay	15	range	90	90	90	175	l	15	75	ft
WE	wepp-232026	"07:24 pm  Friday October 18, 2019"	"saddle ridge fire +"	clay	15	range	90	90	90	175	m	15	75	ft
WE	wepp-232158	"07:24 pm  Friday October 18, 2019"	"saddle ridge fire +"	loam	10	chap	10	10	10	250	u	65	25	ft
WE	wepp-232190	"07:24 pm  Friday October 18, 2019"	"saddle ridge fire +"	loam	10	chap	10	10	10	250	l	65	25	ft
WE	wepp-232282	"07:24 pm  Friday October 18, 2019"	"saddle ridge fire +"	loam	10	chap	10	10	10	250	m	65	25	ft
WE	wepp-232415	"07:24 pm  Friday October 18, 2019"	"saddle ridge fire +"	loam	10	chap	10	10	10	250	h	65	25	ft
WE	wepp-232591	"07:24 pm  Friday October 18, 2019"	"saddle ridge fire +"	loam	10	chap	30	30	30	225	u	65	25	ft
WE	wepp-232623	"07:24 pm  Friday October 18, 2019"	"saddle ridge fire +"	loam	10	chap	30	30	30	225	l	65	25	ft
WE	wepp-232715	"07:25 pm  Friday October 18, 2019"	"saddle ridge fire +"	loam	10	chap	30	30	30	225	m	65	25	ft
WE	wepp-232851	"07:25 pm  Friday October 18, 2019"	"saddle ridge fire +"	loam	10	chap	30	30	30	225	h	65	25	ft
WE	wepp-233023	"07:25 pm  Friday October 18, 2019"	"saddle ridge fire +"	loam	10	chap	50	50	50	200	u	65	25	ft
WE	wepp-233055	"07:25 pm  Friday October 18, 2019"	"saddle ridge fire +"	loam	10	chap	50	50	50	200	l	65	25	ft
WE	wepp-233154	"07:25 pm  Friday October 18, 2019"	"saddle ridge fire +"	loam	10	chap	50	50	50	200	m	65	25	ft
WE	wepp-233288	"07:25 pm  Friday October 18, 2019"	"saddle ridge fire +"	loam	10	chap	50	50	50	200	h	65	25	ft
WE	wepp-233461	"07:26 pm  Friday October 18, 2019"	"saddle ridge fire +"	loam	10	chap	70	70	70	175	u	65	25	ft
WE	wepp-233493	"07:26 pm  Friday October 18, 2019"	"saddle ridge fire +"	loam	10	chap	70	70	70	175	l	65	25	ft
WE	wepp-233585	"07:26 pm  Friday October 18, 2019"	"saddle ridge fire +"	loam	10	chap	70	70	70	175	m	65	25	ft
WE	wepp-233717	"07:26 pm  Friday October 18, 2019"	"saddle ridge fire +"	loam	10	chap	90	90	90	175	u	65	25	ft
WE	wepp-233749	"07:26 pm  Friday October 18, 2019"	"saddle ridge fire +"	loam	10	chap	90	90	90	175	l	65	25	ft
WE	wepp-233844	"07:26 pm  Friday October 18, 2019"	"saddle ridge fire +"	loam	10	chap	90	90	90	175	m	65	25	ft
WE	wepp-233980	"07:26 pm  Friday October 18, 2019"	"saddle ridge fire +"	silt	10	chap	10	10	10	250	u	65	25	ft
WE	wepp-234012	"07:26 pm  Friday October 18, 2019"	"saddle ridge fire +"	silt	10	chap	10	10	10	250	l	65	25	ft
WE	wepp-234104	"07:26 pm  Friday October 18, 2019"	"saddle ridge fire +"	silt	10	chap	10	10	10	250	m	65	25	ft
WE	wepp-234237	"07:27 pm  Friday October 18, 2019"	"saddle ridge fire +"	silt	10	range	10	10	10	250	u	15	75	ft
WE	wepp-234274	"07:27 pm  Friday October 18, 2019"	"saddle ridge fire +"	silt	10	range	10	10	10	250	l	15	75	ft
WE	wepp-234366	"07:27 pm  Friday October 18, 2019"	"saddle ridge fire +"	silt	10	range	10	10	10	250	m	15	75	ft
WE	wepp-234498	"07:27 pm  Friday October 18, 2019"	"saddle ridge fire +"	silt	10	chap	30	30	30	225	u	65	25	ft
WE	wepp-234530	"07:27 pm  Friday October 18, 2019"	"saddle ridge fire +"	silt	10	chap	30	30	30	225	l	65	25	ft
WE	wepp-234625	"07:27 pm  Friday October 18, 2019"	"saddle ridge fire +"	silt	10	chap	30	30	30	225	m	65	25	ft
WE	wepp-234757	"07:27 pm  Friday October 18, 2019"	"saddle ridge fire +"	silt	10	range	30	30	30	225	u	15	75	ft
WE	wepp-234791	"07:27 pm  Friday October 18, 2019"	"saddle ridge fire +"	silt	10	range	30	30	30	225	l	15	75	ft
WE	wepp-234884	"07:28 pm  Friday October 18, 2019"	"saddle ridge fire +"	silt	10	range	30	30	30	225	m	15	75	ft
WE	wepp-235018	"07:28 pm  Friday October 18, 2019"	"saddle ridge fire +"	silt	10	chap	50	50	50	200	u	65	25	ft
WE	wepp-235050	"07:28 pm  Friday October 18, 2019"	"saddle ridge fire +"	silt	10	chap	50	50	50	200	l	65	25	ft
WE	wepp-235142	"07:28 pm  Friday October 18, 2019"	"saddle ridge fire +"	silt	10	chap	50	50	50	200	m	65	25	ft
WE	wepp-235275	"07:28 pm  Friday October 18, 2019"	"saddle ridge fire +"	silt	10	range	50	50	50	200	u	15	75	ft
WE	wepp-235309	"07:28 pm  Friday October 18, 2019"	"saddle ridge fire +"	silt	10	range	50	50	50	200	l	15	75	ft
WE	wepp-235403	"07:28 pm  Friday October 18, 2019"	"saddle ridge fire +"	silt	10	range	50	50	50	200	m	15	75	ft
WE	wepp-235535	"07:28 pm  Friday October 18, 2019"	"saddle ridge fire +"	silt	10	chap	70	70	70	175	u	65	25	ft
WE	wepp-235567	"07:29 pm  Friday October 18, 2019"	"saddle ridge fire +"	silt	10	chap	70	70	70	175	l	65	25	ft
WE	wepp-235660	"07:29 pm  Friday October 18, 2019"	"saddle ridge fire +"	silt	10	chap	70	70	70	175	m	65	25	ft
WE	wepp-235792	"07:29 pm  Friday October 18, 2019"	"saddle ridge fire +"	silt	10	range	70	70	70	175	u	15	75	ft
WE	wepp-235824	"07:29 pm  Friday October 18, 2019"	"saddle ridge fire +"	silt	10	range	70	70	70	175	l	15	75	ft
WE	wepp-235916	"07:29 pm  Friday October 18, 2019"	"saddle ridge fire +"	silt	10	range	70	70	70	175	m	15	75	ft
WE	wepp-236099	"07:29 pm  Friday October 18, 2019"	"saddle ridge fire +"	silt	10	chap	90	90	90	175	u	65	25	ft
WE	wepp-236140	"07:29 pm  Friday October 18, 2019"	"saddle ridge fire +"	silt	10	chap	90	90	90	175	l	65	25	ft
WE	wepp-236232	"07:29 pm  Friday October 18, 2019"	"saddle ridge fire +"	silt	10	chap	90	90	90	175	m	65	25	ft
WE	wepp-236365	"07:30 pm  Friday October 18, 2019"	"saddle ridge fire +"	silt	10	range	90	90	90	175	u	15	75	ft
WE	wepp-236397	"07:30 pm  Friday October 18, 2019"	"saddle ridge fire +"	silt	10	range	90	90	90	175	l	15	75	ft
WE	wepp-236489	"07:30 pm  Friday October 18, 2019"	"saddle ridge fire +"	silt	10	range	90	90	90	175	m	15	75	ft
WE	wepp-236628	"07:30 pm  Friday October 18, 2019"	"saddle ridge fire +"	sand	10	chap	10	10	10	250	u	65	25	ft
WE	wepp-236660	"07:30 pm  Friday October 18, 2019"	"saddle ridge fire +"	sand	50	chap	10	10	10	250	u	65	25	ft
WE	wepp-236692	"07:30 pm  Friday October 18, 2019"	"saddle ridge fire +"	sand	10	chap	10	10	10	250	l	65	25	ft
WE	wepp-236787	"07:30 pm  Friday October 18, 2019"	"saddle ridge fire +"	sand	50	chap	10	10	10	250	l	65	25	ft
WE	wepp-236879	"07:30 pm  Friday October 18, 2019"	"saddle ridge fire +"	sand	10	chap	10	10	10	250	m	65	25	ft
WE	wepp-237011	"07:30 pm  Friday October 18, 2019"	"saddle ridge fire +"	sand	50	chap	10	10	10	250	m	65	25	ft
WE	wepp-237144	"07:31 pm  Friday October 18, 2019"	"saddle ridge fire +"	sand	10	range	10	10	10	250	u	15	75	ft
WE	wepp-237176	"07:31 pm  Friday October 18, 2019"	"saddle ridge fire +"	sand	25	range	10	10	10	250	u	15	75	ft
WE	wepp-237208	"07:31 pm  Friday October 18, 2019"	"saddle ridge fire +"	sand	50	range	10	10	10	250	u	15	75	ft
WE	wepp-237240	"07:31 pm  Friday October 18, 2019"	"saddle ridge fire +"	sand	10	range	10	10	10	250	l	15	75	ft
WE	wepp-237332	"07:31 pm  Friday October 18, 2019"	"saddle ridge fire +"	sand	25	range	10	10	10	250	l	15	75	ft
WE	wepp-237430	"07:31 pm  Friday October 18, 2019"	"saddle ridge fire +"	sand	50	range	10	10	10	250	l	15	75	ft
WE	wepp-237524	"07:31 pm  Friday October 18, 2019"	"saddle ridge fire +"	sand	10	range	10	10	10	250	m	15	75	ft
WE	wepp-237656	"07:31 pm  Friday October 18, 2019"	"saddle ridge fire +"	sand	25	range	10	10	10	250	m	15	75	ft
WE	wepp-237796	"07:32 pm  Friday October 18, 2019"	"saddle ridge fire +"	sand	50	range	10	10	10	250	m	15	75	ft
WE	wepp-237928	"07:32 pm  Friday October 18, 2019"	"saddle ridge fire +"	sand	10	chap	30	30	30	225	u	65	25	ft
WE	wepp-237960	"07:32 pm  Friday October 18, 2019"	"saddle ridge fire +"	sand	50	chap	30	30	30	225	u	65	25	ft
WE	wepp-237992	"07:32 pm  Friday October 18, 2019"	"saddle ridge fire +"	sand	10	chap	30	30	30	225	l	65	25	ft
WE	wepp-238084	"07:32 pm  Friday October 18, 2019"	"saddle ridge fire +"	sand	50	chap	30	30	30	225	l	65	25	ft
WE	wepp-238179	"07:32 pm  Friday October 18, 2019"	"saddle ridge fire +"	sand	10	chap	30	30	30	225	m	65	25	ft
WE	wepp-238313	"07:32 pm  Friday October 18, 2019"	"saddle ridge fire +"	sand	50	chap	30	30	30	225	m	65	25	ft
WE	wepp-238447	"07:32 pm  Friday October 18, 2019"	"saddle ridge fire +"	sand	10	range	30	30	30	225	u	15	75	ft
WE	wepp-238479	"07:32 pm  Friday October 18, 2019"	"saddle ridge fire +"	sand	25	range	30	30	30	225	u	15	75	ft
WE	wepp-238512	"07:33 pm  Friday October 18, 2019"	"saddle ridge fire +"	sand	50	range	30	30	30	225	u	15	75	ft
WE	wepp-238547	"07:33 pm  Friday October 18, 2019"	"saddle ridge fire +"	sand	10	range	30	30	30	225	l	15	75	ft
WE	wepp-238641	"07:33 pm  Friday October 18, 2019"	"saddle ridge fire +"	sand	25	range	30	30	30	225	l	15	75	ft
WE	wepp-238733	"07:33 pm  Friday October 18, 2019"	"saddle ridge fire +"	sand	50	range	30	30	30	225	l	15	75	ft
WE	wepp-238825	"07:33 pm  Friday October 18, 2019"	"saddle ridge fire +"	sand	10	range	30	30	30	225	m	15	75	ft
WE	wepp-238960	"07:33 pm  Friday October 18, 2019"	"saddle ridge fire +"	sand	25	range	30	30	30	225	m	15	75	ft
WE	wepp-239092	"07:33 pm  Friday October 18, 2019"	"saddle ridge fire +"	sand	50	range	30	30	30	225	m	15	75	ft
WE	wepp-239224	"07:34 pm  Friday October 18, 2019"	"saddle ridge fire +"	sand	10	chap	50	50	50	200	u	65	25	ft
WE	wepp-239257	"07:34 pm  Friday October 18, 2019"	"saddle ridge fire +"	sand	50	chap	50	50	50	200	u	65	25	ft
WE	wepp-239289	"07:34 pm  Friday October 18, 2019"	"saddle ridge fire +"	sand	10	chap	50	50	50	200	l	65	25	ft
WE	wepp-239381	"07:34 pm  Friday October 18, 2019"	"saddle ridge fire +"	sand	50	chap	50	50	50	200	l	65	25	ft
WE	wepp-239473	"07:34 pm  Friday October 18, 2019"	"saddle ridge fire +"	sand	10	chap	50	50	50	200	m	65	25	ft
WE	wepp-239606	"07:34 pm  Friday October 18, 2019"	"saddle ridge fire +"	sand	50	chap	50	50	50	200	m	65	25	ft
WE	wepp-239740	"07:34 pm  Friday October 18, 2019"	"saddle ridge fire +"	sand	10	range	50	50	50	200	u	15	75	ft
WE	wepp-239772	"07:34 pm  Friday October 18, 2019"	"saddle ridge fire +"	sand	25	range	50	50	50	200	u	15	75	ft
WE	wepp-239804	"07:34 pm  Friday October 18, 2019"	"saddle ridge fire +"	sand	50	range	50	50	50	200	u	15	75	ft
WE	wepp-239836	"07:34 pm  Friday October 18, 2019"	"saddle ridge fire +"	sand	10	range	50	50	50	200	l	15	75	ft
WE	wepp-239932	"07:35 pm  Friday October 18, 2019"	"saddle ridge fire +"	sand	25	range	50	50	50	200	l	15	75	ft
WE	wepp-240024	"07:35 pm  Friday October 18, 2019"	"saddle ridge fire +"	sand	50	range	50	50	50	200	l	15	75	ft
WE	wepp-240116	"07:35 pm  Friday October 18, 2019"	"saddle ridge fire +"	sand	10	range	50	50	50	200	m	15	75	ft
WE	wepp-240248	"07:35 pm  Friday October 18, 2019"	"saddle ridge fire +"	sand	25	range	50	50	50	200	m	15	75	ft
WE	wepp-240384	"07:35 pm  Friday October 18, 2019"	"saddle ridge fire +"	sand	50	range	50	50	50	200	m	15	75	ft
WE	wepp-240516	"07:35 pm  Friday October 18, 2019"	"saddle ridge fire +"	sand	10	chap	70	70	70	175	u	65	25	ft
WE	wepp-240548	"07:35 pm  Friday October 18, 2019"	"saddle ridge fire +"	sand	50	chap	70	70	70	175	u	65	25	ft
WE	wepp-240580	"07:35 pm  Friday October 18, 2019"	"saddle ridge fire +"	sand	10	chap	70	70	70	175	l	65	25	ft
WE	wepp-240674	"07:36 pm  Friday October 18, 2019"	"saddle ridge fire +"	sand	50	chap	70	70	70	175	l	65	25	ft
WE	wepp-240766	"07:36 pm  Friday October 18, 2019"	"saddle ridge fire +"	sand	10	chap	70	70	70	175	m	65	25	ft
WE	wepp-240900	"07:36 pm  Friday October 18, 2019"	"saddle ridge fire +"	sand	50	chap	70	70	70	175	m	65	25	ft
WE	wepp-241033	"07:36 pm  Friday October 18, 2019"	"saddle ridge fire +"	sand	10	range	70	70	70	175	u	15	75	ft
WE	wepp-241065	"07:36 pm  Friday October 18, 2019"	"saddle ridge fire +"	sand	25	range	70	70	70	175	u	15	75	ft
WE	wepp-241115	"07:36 pm  Friday October 18, 2019"	"saddle ridge fire +"	sand	50	range	70	70	70	175	u	15	75	ft
WE	wepp-241147	"07:36 pm  Friday October 18, 2019"	"saddle ridge fire +"	sand	10	range	70	70	70	175	l	15	75	ft
WE	wepp-241239	"07:36 pm  Friday October 18, 2019"	"saddle ridge fire +"	sand	25	range	70	70	70	175	l	15	75	ft
WE	wepp-241331	"07:37 pm  Friday October 18, 2019"	"saddle ridge fire +"	sand	50	range	70	70	70	175	l	15	75	ft
WE	wepp-241424	"07:37 pm  Friday October 18, 2019"	"saddle ridge fire +"	sand	10	range	70	70	70	175	m	15	75	ft
WE	wepp-241556	"07:37 pm  Friday October 18, 2019"	"saddle ridge fire +"	sand	25	range	70	70	70	175	m	15	75	ft
WE	wepp-241688	"07:37 pm  Friday October 18, 2019"	"saddle ridge fire +"	sand	50	range	70	70	70	175	m	15	75	ft
WE	wepp-241823	"07:37 pm  Friday October 18, 2019"	"saddle ridge fire +"	sand	10	chap	90	90	90	175	u	65	25	ft
WE	wepp-241855	"07:37 pm  Friday October 18, 2019"	"saddle ridge fire +"	sand	50	chap	90	90	90	175	u	65	25	ft
WE	wepp-241887	"07:37 pm  Friday October 18, 2019"	"saddle ridge fire +"	sand	10	chap	90	90	90	175	l	65	25	ft
WE	wepp-241979	"07:37 pm  Friday October 18, 2019"	"saddle ridge fire +"	sand	50	chap	90	90	90	175	l	65	25	ft
WE	wepp-242072	"07:38 pm  Friday October 18, 2019"	"saddle ridge fire +"	sand	10	chap	90	90	90	175	m	65	25	ft
WE	wepp-242205	"07:38 pm  Friday October 18, 2019"	"saddle ridge fire +"	sand	50	chap	90	90	90	175	m	65	25	ft
WE	wepp-242337	"07:38 pm  Friday October 18, 2019"	"saddle ridge fire +"	sand	10	range	90	90	90	175	u	15	75	ft
WE	wepp-242369	"07:38 pm  Friday October 18, 2019"	"saddle ridge fire +"	sand	25	range	90	90	90	175	u	15	75	ft
WE	wepp-242401	"07:38 pm  Friday October 18, 2019"	"saddle ridge fire +"	sand	50	range	90	90	90	175	u	15	75	ft
WE	wepp-242434	"07:38 pm  Friday October 18, 2019"	"saddle ridge fire +"	sand	10	range	90	90	90	175	l	15	75	ft
WE	wepp-242528	"07:38 pm  Friday October 18, 2019"	"saddle ridge fire +"	sand	25	range	90	90	90	175	l	15	75	ft
WE	wepp-242620	"07:38 pm  Friday October 18, 2019"	"saddle ridge fire +"	sand	50	range	90	90	90	175	l	15	75	ft
WE	wepp-242712	"07:38 pm  Friday October 18, 2019"	"saddle ridge fire +"	sand	10	range	90	90	90	175	m	15	75	ft
WE	wepp-242900	"07:39 pm  Friday October 18, 2019"	"saddle ridge fire +"	sand	25	range	90	90	90	175	m	15	75	ft
WE	wepp-243032	"07:39 pm  Friday October 18, 2019"	"saddle ridge fire +"	sand	50	range	90	90	90	175	m	15	75	ft
