WE	wepp-200057	"10:32 am  Wednesday September 15, 2021"	"STEVENSVILLE MT"	silt	5	forest	27.69	31.44	8.52	984.252	u			ft
WE	wepp-200151	"10:32 am  Wednesday September 15, 2021"	"STEVENSVILLE MT"	silt	5	forest	29.7	42.39	16.54	984.252	u			ft
WE	wepp-200229	"10:32 am  Wednesday September 15, 2021"	"STEVENSVILLE MT"	silt	5	forest	33	43.7	45.59	984.252	u			ft
WE	wepp-200314	"10:32 am  Wednesday September 15, 2021"	"STEVENSVILLE MT"	silt	5	forest	31.33	33.85	12.66	984.252	u			ft
WE	wepp-200391	"10:33 am  Wednesday September 15, 2021"	"STEVENSVILLE MT"	silt	5	forest	10.83	31.71	15.13	984.252	u			ft
WE	wepp-200474	"10:33 am  Wednesday September 15, 2021"	"STEVENSVILLE MT"	silt	5	forest	35.35	28.49	7.15	984.252	u			ft
WE	wepp-200558	"10:33 am  Wednesday September 15, 2021"	"STEVENSVILLE MT"	sand	5	forest	18.86	23.36	25.27	984.252	u			ft
WE	wepp-200804	"10:33 am  Wednesday September 15, 2021"	"STEVENSVILLE MT"	silt	5	forest	27.69	31.44	8.52	984.252	u			ft
WE	wepp-200883	"10:33 am  Wednesday September 15, 2021"	"STEVENSVILLE MT"	silt	5	forest	29.7	42.39	16.54	984.252	u			ft
WE	wepp-200961	"10:34 am  Wednesday September 15, 2021"	"STEVENSVILLE MT"	silt	5	forest	33	43.7	45.59	984.252	u			ft
WE	wepp-201050	"10:34 am  Wednesday September 15, 2021"	"STEVENSVILLE MT"	silt	5	forest	31.33	33.85	12.66	984.252	u			ft
WE	wepp-201128	"10:34 am  Wednesday September 15, 2021"	"STEVENSVILLE MT"	silt	5	forest	10.83	31.71	15.13	984.252	u			ft
WE	wepp-201214	"10:34 am  Wednesday September 15, 2021"	"STEVENSVILLE MT"	silt	5	forest	35.35	28.49	7.15	984.252	u			ft
WE	wepp-201314	"10:34 am  Wednesday September 15, 2021"	"STEVENSVILLE MT"	sand	5	forest	18.86	23.36	25.27	984.252	u			ft
WE	wepp-201397	"10:34 am  Wednesday September 15, 2021"	"STEVENSVILLE MT"	silt	5	forest	27.69	31.44	8.52	984.252	u			ft
WE	wepp-201482	"10:34 am  Wednesday September 15, 2021"	"STEVENSVILLE MT"	silt	5	forest	29.7	42.39	16.54	984.252	u			ft
WE	wepp-211923	"10:56 am  Wednesday September 15, 2021"	"STEVENSVILLE MT_Granite Pass  +"	silt	5	forest	27.69	31.44	8.52	984.252	u			ft
WE	wepp-212008	"10:56 am  Wednesday September 15, 2021"	"STEVENSVILLE MT_Granite Pass  +"	silt	5	forest	29.7	42.39	16.54	984.252	u			ft
WE	wepp-212087	"10:56 am  Wednesday September 15, 2021"	"STEVENSVILLE MT_Granite Pass  +"	silt	5	forest	33	43.7	45.59	984.252	u			ft
WE	wepp-212135	"10:56 am  Wednesday September 15, 2021"	"STEVENSVILLE MT_Granite Pass  +"	silt	5	forest	31.33	33.85	12.66	984.252	u			ft
WE	wepp-212199	"10:56 am  Wednesday September 15, 2021"	"STEVENSVILLE MT_Granite Pass  +"	silt	5	forest	10.83	31.71	15.13	984.252	u			ft
WE	wepp-212267	"10:57 am  Wednesday September 15, 2021"	"STEVENSVILLE MT_Granite Pass  +"	silt	5	forest	35.35	28.49	7.15	984.252	u			ft
WE	wepp-212326	"10:57 am  Wednesday September 15, 2021"	"STEVENSVILLE MT_Granite Pass  +"	sand	5	forest	18.86	23.36	25.27	984.252	u			ft
WE	wepp-212388	"10:57 am  Wednesday September 15, 2021"	"STEVENSVILLE MT_Granite Pass  +"	silt	5	forest	5.89	40.57	41.3	742.5811	u			ft
WE	wepp-212454	"10:57 am  Wednesday September 15, 2021"	"STEVENSVILLE MT_Granite Pass  +"	silt	5	forest	19.56	62.83	31.49	154.9734	u			ft
WE	wepp-212511	"10:57 am  Wednesday September 15, 2021"	"STEVENSVILLE MT_Granite Pass  +"	silt	5	forest	53.33	45.09	14.67	313.1871	u			ft
WE	wepp-212572	"10:57 am  Wednesday September 15, 2021"	"STEVENSVILLE MT_Granite Pass  +"	silt	5	forest	8.72	9.59	10.46	104.3957	u			ft
WE	wepp-212656	"10:57 am  Wednesday September 15, 2021"	"STEVENSVILLE MT_Granite Pass  +"	silt	5	forest	18	31.39	14.88	984.252	u			ft
WE	wepp-212715	"10:57 am  Wednesday September 15, 2021"	"STEVENSVILLE MT_Granite Pass  +"	silt	5	forest	25	34.46	11.47	827.6118	u			ft
WE	wepp-212782	"10:58 am  Wednesday September 15, 2021"	"STEVENSVILLE MT_Granite Pass  +"	silt	5	forest	49.33	41.11	17.65	391.4679	u			ft
WE	wepp-212848	"10:58 am  Wednesday September 15, 2021"	"STEVENSVILLE MT_Granite Pass  +"	silt	5	forest	25.93	48.44	19.91	249.116	u			ft
WE	wepp-212911	"10:58 am  Wednesday September 15, 2021"	"STEVENSVILLE MT_Granite Pass  +"	sand	5	forest	15.08	26.81	19.17	984.252	u			ft
WE	wepp-212977	"10:58 am  Wednesday September 15, 2021"	"STEVENSVILLE MT_Granite Pass  +"	silt	5	forest	29.46	73.03	41.14	129.7263	u			ft
WE	wepp-213041	"10:58 am  Wednesday September 15, 2021"	"STEVENSVILLE MT_Granite Pass  +"	sand	5	range	12.26	29.39	26	984.252	u			ft
WE	wepp-213102	"10:58 am  Wednesday September 15, 2021"	"STEVENSVILLE MT_Granite Pass  +"	sand	5	forest	27.81	51.73	25.03	278.7167	u			ft
WE	wepp-213169	"10:58 am  Wednesday September 15, 2021"	"STEVENSVILLE MT_Granite Pass  +"	silt	5	forest	14.85	44.83	26.94	379.0547	u			ft
WE	wepp-213231	"10:58 am  Wednesday September 15, 2021"	"STEVENSVILLE MT_Granite Pass  +"	silt	5	forest	16.63	36.78	24.09	984.252	u			ft
WE	wepp-213299	"10:59 am  Wednesday September 15, 2021"	"STEVENSVILLE MT_Granite Pass  +"	sand	5	range	26.06	33.89	26.16	778.2762	u			ft
WE	wepp-213361	"10:59 am  Wednesday September 15, 2021"	"STEVENSVILLE MT_Granite Pass  +"	silt	5	forest	6.6	29.66	32.56	663.8238	u			ft
WE	wepp-213422	"10:59 am  Wednesday September 15, 2021"	"STEVENSVILLE MT_Granite Pass  +"	silt	5	forest	9.9	33.13	18.05	703.9137	u			ft
WE	wepp-213484	"10:59 am  Wednesday September 15, 2021"	"STEVENSVILLE MT_Granite Pass  +"	silt	5	forest	20	29.62	21.34	496.0551	u			ft
WE	wepp-213551	"10:59 am  Wednesday September 15, 2021"	"STEVENSVILLE MT_Granite Pass  +"	sand	5	forest	7.54	13.41	7.78	839.9847	u			ft
WE	wepp-213607	"10:59 am  Wednesday September 15, 2021"	"STEVENSVILLE MT_Granite Pass  +"	silt	5	forest	9.26	15.86	7.66	629.9213	u			ft
WE	wepp-213672	"10:59 am  Wednesday September 15, 2021"	"STEVENSVILLE MT_Granite Pass  +"	silt	5	forest	14	13.8	6.13	177.1654	u			ft
WE	wepp-213747	"10:59 am  Wednesday September 15, 2021"	"STEVENSVILLE MT_Granite Pass  +"	silt	5	forest	12.49	10.95	9.53	984.252	u			ft
WE	wepp-213814	"11:00 am  Wednesday September 15, 2021"	"STEVENSVILLE MT_Granite Pass  +"	silt	5	forest	15.33	16.39	7.04	557.1771	u			ft
WE	wepp-213878	"11:00 am  Wednesday September 15, 2021"	"STEVENSVILLE MT_Granite Pass  +"	silt	5	forest	16.03	36.49	17.59	747.8816	u			ft
WE	wepp-213947	"11:00 am  Wednesday September 15, 2021"	"STEVENSVILLE MT_Granite Pass  +"	silt	5	forest	15.67	29.12	10.24	984.252	u			ft
WE	wepp-214004	"11:00 am  Wednesday September 15, 2021"	"STEVENSVILLE MT_Granite Pass  +"	silt	5	forest	18.15	21.51	18.53	984.252	u			ft
WE	wepp-214068	"11:00 am  Wednesday September 15, 2021"	"STEVENSVILLE MT_Granite Pass  +"	silt	5	forest	13.67	25.9	18.3	840.2365	u			ft
WE	wepp-214133	"11:00 am  Wednesday September 15, 2021"	"STEVENSVILLE MT_Granite Pass  +"	silt	5	forest	28.67	25.27	8.78	582.3708	u			ft
WE	wepp-214199	"11:00 am  Wednesday September 15, 2021"	"STEVENSVILLE MT_Granite Pass  +"	silt	5	forest	20.51	29.72	23.72	984.252	u			ft
WE	wepp-214264	"11:00 am  Wednesday September 15, 2021"	"STEVENSVILLE MT_Granite Pass  +"	silt	5	forest	35.78	34.87	14.46	280.0447	u			ft
WE	wepp-214332	"11:00 am  Wednesday September 15, 2021"	"STEVENSVILLE MT_Granite Pass  +"	silt	5	forest	39.83	44.91	26.66	293.3802	u			ft
WE	wepp-214395	"11:01 am  Wednesday September 15, 2021"	"STEVENSVILLE MT_Granite Pass  +"	silt	5	forest	36.06	39.47	20.79	513.1397	u			ft
WE	wepp-214461	"11:01 am  Wednesday September 15, 2021"	"STEVENSVILLE MT_Granite Pass  +"	silt	5	forest	25.22	42.73	29.48	772.5923	u			ft
WE	wepp-214520	"11:01 am  Wednesday September 15, 2021"	"STEVENSVILLE MT_Granite Pass  +"	silt	5	forest	21.21	30.16	22.61	749.0458	u			ft
WE	wepp-214584	"11:01 am  Wednesday September 15, 2021"	"STEVENSVILLE MT_Granite Pass  +"	silt	5	forest	13.67	33.25	14.8	984.252	u			ft
WE	wepp-214650	"11:01 am  Wednesday September 15, 2021"	"STEVENSVILLE MT_Granite Pass  +"	silt	5	forest	12.26	27.98	25.26	981.0828	u			ft
WE	wepp-214710	"11:01 am  Wednesday September 15, 2021"	"STEVENSVILLE MT_Granite Pass  +"	silt	5	forest	16.26	35.72	28.99	484.967	u			ft
WE	wepp-214772	"11:01 am  Wednesday September 15, 2021"	"STEVENSVILLE MT_Granite Pass  +"	silt	5	forest	28.99	22.11	17.69	984.252	u			ft
WE	wepp-214847	"11:01 am  Wednesday September 15, 2021"	"STEVENSVILLE MT_Granite Pass  +"	silt	5	forest	29.17	43.02	27.67	300.3836	u			ft
WE	wepp-214906	"11:02 am  Wednesday September 15, 2021"	"STEVENSVILLE MT_Granite Pass  +"	silt	5	forest	36.33	59.28	25.09	150.1918	u			ft
WE	wepp-214968	"11:02 am  Wednesday September 15, 2021"	"STEVENSVILLE MT_Granite Pass  +"	silt	5	forest	13.91	14.44	10.22	831.5872	u			ft
WE	wepp-215037	"11:02 am  Wednesday September 15, 2021"	"STEVENSVILLE MT_Granite Pass  +"	silt	5	forest	15.56	23.85	11.58	423.9442	u			ft
WE	wepp-215106	"11:02 am  Wednesday September 15, 2021"	"STEVENSVILLE MT_Granite Pass  +"	silt	5	forest	10.14	17.59	14.65	984.252	u			ft
WE	wepp-215172	"11:02 am  Wednesday September 15, 2021"	"STEVENSVILLE MT_Granite Pass  +"	silt	5	forest	6.36	16.02	11.02	984.252	u			ft
WE	wepp-215241	"11:02 am  Wednesday September 15, 2021"	"STEVENSVILLE MT_Granite Pass  +"	silt	5	forest	28.05	34.65	16.89	473.5023	u			ft
WE	wepp-215436	"11:03 am  Wednesday September 15, 2021"	"STEVENSVILLE MT_Granite Pass  +"	silt	5	forest	12.96	30.4	30.52	718.3063	u			ft
WE	wepp-215500	"11:03 am  Wednesday September 15, 2021"	"STEVENSVILLE MT_Granite Pass  +"	silt	5	forest	16	39.14	31.2	778.9327	u			ft
WE	wepp-215571	"11:03 am  Wednesday September 15, 2021"	"STEVENSVILLE MT_Granite Pass  +"	silt	5	forest	36.33	53.72	30.34	304.4919	u			ft
WE	wepp-215635	"11:03 am  Wednesday September 15, 2021"	"STEVENSVILLE MT_Granite Pass  +"	silt	5	forest	15.33	10.91	8.33	984.252	u			ft
WE	wepp-215701	"11:03 am  Wednesday September 15, 2021"	"STEVENSVILLE MT_Granite Pass  +"	silt	5	forest	16.33	35.76	37	356.2423	u			ft
WE	wepp-215784	"11:03 am  Wednesday September 15, 2021"	"STEVENSVILLE MT_Granite Pass  +"	silt	5	forest	12.49	34.41	28.73	984.252	u			ft
WE	wepp-215856	"11:04 am  Wednesday September 15, 2021"	"STEVENSVILLE MT_Granite Pass  +"	silt	5	forest	28	32.76	15.42	984.252	u			ft
WE	wepp-215931	"11:04 am  Wednesday September 15, 2021"	"STEVENSVILLE MT_Granite Pass  +"	silt	5	forest	18.15	32.34	24.65	984.252	u			ft
WE	wepp-215994	"11:04 am  Wednesday September 15, 2021"	"STEVENSVILLE MT_Granite Pass  +"	silt	5	forest	27.34	38.39	23.22	407.7137	u			ft
WE	wepp-216068	"11:04 am  Wednesday September 15, 2021"	"STEVENSVILLE MT_Granite Pass  +"	silt	5	forest	27.58	39.39	42.72	984.252	u			ft
WE	wepp-216137	"11:04 am  Wednesday September 15, 2021"	"STEVENSVILLE MT_Granite Pass  +"	silt	5	forest	20.98	42.55	43.53	642.7261	u			ft
WE	wepp-216199	"11:04 am  Wednesday September 15, 2021"	"STEVENSVILLE MT_Granite Pass  +"	silt	5	forest	37.95	61.5	40.18	347.0721	u			ft
WE	wepp-216270	"11:04 am  Wednesday September 15, 2021"	"STEVENSVILLE MT_Granite Pass  +"	silt	5	forest	21.68	37.77	27.69	984.252	u			ft
WE	wepp-216340	"11:05 am  Wednesday September 15, 2021"	"STEVENSVILLE MT_Granite Pass  +"	silt	5	forest	27.67	44.67	25.4	92.24983	u			ft
WE	wepp-216409	"11:05 am  Wednesday September 15, 2021"	"STEVENSVILLE MT_Granite Pass  +"	silt	5	forest	24.51	36.21	28.78	847.5453	u			ft
WE	wepp-216480	"11:05 am  Wednesday September 15, 2021"	"STEVENSVILLE MT_Granite Pass  +"	silt	5	range	14.14	39.58	43.56	984.252	u			ft
WE	wepp-216545	"11:05 am  Wednesday September 15, 2021"	"STEVENSVILLE MT_Granite Pass  +"	silt	5	forest	17.44	36.45	39.8	606.8425	u			ft
WE	wepp-216611	"11:05 am  Wednesday September 15, 2021"	"STEVENSVILLE MT_Granite Pass  +"	silt	5	forest	15.33	44.16	38.17	538.1433	u			ft
WE	wepp-216677	"11:05 am  Wednesday September 15, 2021"	"STEVENSVILLE MT_Granite Pass  +"	silt	5	forest	16.26	42.31	36.71	984.252	u			ft
WE	wepp-216745	"11:05 am  Wednesday September 15, 2021"	"STEVENSVILLE MT_Granite Pass  +"	silt	5	forest	39.33	57.88	34.5	191.9478	u			ft
WE	wepp-216813	"11:05 am  Wednesday September 15, 2021"	"STEVENSVILLE MT_Granite Pass  +"	silt	5	forest	24.98	46.78	43.56	484.9208	u			ft
WE	wepp-856	"12:37 pm  Wednesday September 15, 2021"	"STEVENSVILLE MT_Granite Pass  +"	silt	5	forest	27.69	31.44	8.52	984.252	u			ft
WE	wepp-944	"12:38 pm  Wednesday September 15, 2021"	"STEVENSVILLE MT_Granite Pass  +"	silt	5	forest	29.7	42.39	16.54	984.252	u			ft
WE	wepp-1007	"12:38 pm  Wednesday September 15, 2021"	"STEVENSVILLE MT_Granite Pass  +"	silt	5	forest	33	43.7	45.59	984.252	u			ft
WE	wepp-1076	"12:38 pm  Wednesday September 15, 2021"	"STEVENSVILLE MT_Granite Pass  +"	silt	5	forest	31.33	33.85	12.66	984.252	u			ft
WE	wepp-1134	"12:38 pm  Wednesday September 15, 2021"	"STEVENSVILLE MT_Granite Pass  +"	silt	5	forest	10.83	31.71	15.13	984.252	u			ft
WE	wepp-1215	"12:38 pm  Wednesday September 15, 2021"	"STEVENSVILLE MT_Granite Pass  +"	silt	5	forest	35.35	28.49	7.15	984.252	u			ft
WE	wepp-1278	"12:38 pm  Wednesday September 15, 2021"	"STEVENSVILLE MT_Granite Pass  +"	sand	5	forest	18.86	23.36	25.27	984.252	u			ft
WE	wepp-1345	"12:38 pm  Wednesday September 15, 2021"	"STEVENSVILLE MT_Granite Pass  +"	silt	5	forest	5.89	40.57	41.3	742.5811	u			ft
WE	wepp-1408	"12:38 pm  Wednesday September 15, 2021"	"STEVENSVILLE MT_Granite Pass  +"	silt	5	forest	19.56	62.83	31.49	154.9734	u			ft
WE	wepp-1526	"12:39 pm  Wednesday September 15, 2021"	"STEVENSVILLE MT_Granite Pass  +"	silt	5	forest	53.33	45.09	14.67	313.1871	u			ft
WE	wepp-1590	"12:39 pm  Wednesday September 15, 2021"	"STEVENSVILLE MT_Granite Pass  +"	silt	5	forest	8.72	9.59	10.46	104.3957	u			ft
WE	wepp-1654	"12:39 pm  Wednesday September 15, 2021"	"STEVENSVILLE MT_Granite Pass  +"	silt	5	forest	18	31.39	14.88	984.252	u			ft
WE	wepp-1708	"12:39 pm  Wednesday September 15, 2021"	"STEVENSVILLE MT_Granite Pass  +"	silt	5	forest	25	34.46	11.47	827.6118	u			ft
WE	wepp-1773	"12:39 pm  Wednesday September 15, 2021"	"STEVENSVILLE MT_Granite Pass  +"	silt	5	forest	49.33	41.11	17.65	391.4679	u			ft
WE	wepp-1837	"12:39 pm  Wednesday September 15, 2021"	"STEVENSVILLE MT_Granite Pass  +"	silt	5	forest	25.93	48.44	19.91	249.116	u			ft
WE	wepp-1899	"12:39 pm  Wednesday September 15, 2021"	"STEVENSVILLE MT_Granite Pass  +"	sand	5	forest	15.08	26.81	19.17	984.252	u			ft
WE	wepp-1964	"12:39 pm  Wednesday September 15, 2021"	"STEVENSVILLE MT_Granite Pass  +"	silt	5	forest	29.46	73.03	41.14	129.7263	u			ft
WE	wepp-2025	"12:40 pm  Wednesday September 15, 2021"	"STEVENSVILLE MT_Granite Pass  +"	sand	5	range	12.26	29.39	26	984.252	u			ft
WE	wepp-2108	"12:40 pm  Wednesday September 15, 2021"	"STEVENSVILLE MT_Granite Pass  +"	sand	5	forest	27.81	51.73	25.03	278.7167	u			ft
WE	wepp-2185	"12:40 pm  Wednesday September 15, 2021"	"STEVENSVILLE MT_Granite Pass  +"	silt	5	forest	14.85	44.83	26.94	379.0547	u			ft
WE	wepp-2256	"12:40 pm  Wednesday September 15, 2021"	"STEVENSVILLE MT_Granite Pass  +"	silt	5	forest	16.63	36.78	24.09	984.252	u			ft
WE	wepp-2317	"12:40 pm  Wednesday September 15, 2021"	"STEVENSVILLE MT_Granite Pass  +"	sand	5	range	26.06	33.89	26.16	778.2762	u			ft
WE	wepp-2399	"12:40 pm  Wednesday September 15, 2021"	"STEVENSVILLE MT_Granite Pass  +"	silt	5	forest	6.6	29.66	32.56	663.8238	u			ft
WE	wepp-2463	"12:40 pm  Wednesday September 15, 2021"	"STEVENSVILLE MT_Granite Pass  +"	silt	5	forest	9.9	33.13	18.05	703.9137	u			ft
WE	wepp-2534	"12:40 pm  Wednesday September 15, 2021"	"STEVENSVILLE MT_Granite Pass  +"	silt	5	forest	20	29.62	21.34	496.0551	u			ft
WE	wepp-2597	"12:41 pm  Wednesday September 15, 2021"	"STEVENSVILLE MT_Granite Pass  +"	sand	5	forest	7.54	13.41	7.78	839.9847	u			ft
WE	wepp-2666	"12:41 pm  Wednesday September 15, 2021"	"STEVENSVILLE MT_Granite Pass  +"	silt	5	forest	9.26	15.86	7.66	629.9213	u			ft
WE	wepp-2732	"12:41 pm  Wednesday September 15, 2021"	"STEVENSVILLE MT_Granite Pass  +"	silt	5	forest	14	13.8	6.13	177.1654	u			ft
WE	wepp-2795	"12:41 pm  Wednesday September 15, 2021"	"STEVENSVILLE MT_Granite Pass  +"	silt	5	forest	12.49	10.95	9.53	984.252	u			ft
WE	wepp-2904	"12:41 pm  Wednesday September 15, 2021"	"STEVENSVILLE MT_Granite Pass  +"	silt	5	forest	15.33	16.39	7.04	557.1771	u			ft
WE	wepp-2986	"12:41 pm  Wednesday September 15, 2021"	"STEVENSVILLE MT_Granite Pass  +"	silt	5	forest	16.03	36.49	17.59	747.8816	u			ft
WE	wepp-3051	"12:41 pm  Wednesday September 15, 2021"	"STEVENSVILLE MT_Granite Pass  +"	silt	5	forest	15.67	29.12	10.24	984.252	u			ft
WE	wepp-3119	"12:41 pm  Wednesday September 15, 2021"	"STEVENSVILLE MT_Granite Pass  +"	silt	5	forest	18.15	21.51	18.53	984.252	u			ft
WE	wepp-3178	"12:42 pm  Wednesday September 15, 2021"	"STEVENSVILLE MT_Granite Pass  +"	silt	5	forest	13.67	25.9	18.3	840.2365	u			ft
WE	wepp-3250	"12:42 pm  Wednesday September 15, 2021"	"STEVENSVILLE MT_Granite Pass  +"	silt	5	forest	28.67	25.27	8.78	582.3708	u			ft
WE	wepp-3316	"12:42 pm  Wednesday September 15, 2021"	"STEVENSVILLE MT_Granite Pass  +"	silt	5	forest	20.51	29.72	23.72	984.252	u			ft
WE	wepp-3390	"12:42 pm  Wednesday September 15, 2021"	"STEVENSVILLE MT_Granite Pass  +"	silt	5	forest	35.78	34.87	14.46	280.0447	u			ft
WE	wepp-3501	"12:42 pm  Wednesday September 15, 2021"	"STEVENSVILLE MT_Granite Pass  +"	silt	5	forest	39.83	44.91	26.66	293.3802	u			ft
WE	wepp-3576	"12:42 pm  Wednesday September 15, 2021"	"STEVENSVILLE MT_Granite Pass  +"	silt	5	forest	36.06	39.47	20.79	513.1397	u			ft
WE	wepp-3642	"12:42 pm  Wednesday September 15, 2021"	"STEVENSVILLE MT_Granite Pass  +"	silt	5	forest	25.22	42.73	29.48	772.5923	u			ft
WE	wepp-3707	"12:42 pm  Wednesday September 15, 2021"	"STEVENSVILLE MT_Granite Pass  +"	silt	5	forest	21.21	30.16	22.61	749.0458	u			ft
WE	wepp-3765	"12:43 pm  Wednesday September 15, 2021"	"STEVENSVILLE MT_Granite Pass  +"	silt	5	forest	13.67	33.25	14.8	984.252	u			ft
WE	wepp-3835	"12:43 pm  Wednesday September 15, 2021"	"STEVENSVILLE MT_Granite Pass  +"	silt	5	forest	12.26	27.98	25.26	981.0828	u			ft
WE	wepp-3899	"12:43 pm  Wednesday September 15, 2021"	"STEVENSVILLE MT_Granite Pass  +"	silt	5	forest	16.26	35.72	28.99	484.967	u			ft
WE	wepp-3967	"12:43 pm  Wednesday September 15, 2021"	"STEVENSVILLE MT_Granite Pass  +"	silt	5	forest	28.99	22.11	17.69	984.252	u			ft
WE	wepp-4027	"12:43 pm  Wednesday September 15, 2021"	"STEVENSVILLE MT_Granite Pass  +"	silt	5	forest	29.17	43.02	27.67	300.3836	u			ft
WE	wepp-4090	"12:43 pm  Wednesday September 15, 2021"	"STEVENSVILLE MT_Granite Pass  +"	silt	5	forest	36.33	59.28	25.09	150.1918	u			ft
WE	wepp-4151	"12:43 pm  Wednesday September 15, 2021"	"STEVENSVILLE MT_Granite Pass  +"	silt	5	forest	13.91	14.44	10.22	831.5872	u			ft
WE	wepp-4217	"12:43 pm  Wednesday September 15, 2021"	"STEVENSVILLE MT_Granite Pass  +"	silt	5	forest	15.56	23.85	11.58	423.9442	u			ft
WE	wepp-4283	"12:44 pm  Wednesday September 15, 2021"	"STEVENSVILLE MT_Granite Pass  +"	silt	5	forest	10.14	17.59	14.65	984.252	u			ft
WE	wepp-4348	"12:44 pm  Wednesday September 15, 2021"	"STEVENSVILLE MT_Granite Pass  +"	silt	5	forest	6.36	16.02	11.02	984.252	u			ft
WE	wepp-4409	"12:44 pm  Wednesday September 15, 2021"	"STEVENSVILLE MT_Granite Pass  +"	silt	5	forest	28.05	34.65	16.89	473.5023	u			ft
WE	wepp-4475	"12:44 pm  Wednesday September 15, 2021"	"STEVENSVILLE MT_Granite Pass  +"	silt	5	forest	12.96	30.4	30.52	718.3063	u			ft
WE	wepp-4537	"12:44 pm  Wednesday September 15, 2021"	"STEVENSVILLE MT_Granite Pass  +"	silt	5	forest	16	39.14	31.2	778.9327	u			ft
WE	wepp-4600	"12:44 pm  Wednesday September 15, 2021"	"STEVENSVILLE MT_Granite Pass  +"	silt	5	forest	36.33	53.72	30.34	304.4919	u			ft
WE	wepp-4662	"12:44 pm  Wednesday September 15, 2021"	"STEVENSVILLE MT_Granite Pass  +"	silt	5	forest	15.33	10.91	8.33	984.252	u			ft
WE	wepp-4733	"12:44 pm  Wednesday September 15, 2021"	"STEVENSVILLE MT_Granite Pass  +"	silt	5	forest	16.33	35.76	37	356.2423	u			ft
WE	wepp-4789	"12:44 pm  Wednesday September 15, 2021"	"STEVENSVILLE MT_Granite Pass  +"	silt	5	forest	12.49	34.41	28.73	984.252	u			ft
WE	wepp-4854	"12:45 pm  Wednesday September 15, 2021"	"STEVENSVILLE MT_Granite Pass  +"	silt	5	forest	28	32.76	15.42	984.252	u			ft
WE	wepp-4917	"12:45 pm  Wednesday September 15, 2021"	"STEVENSVILLE MT_Granite Pass  +"	silt	5	forest	18.15	32.34	24.65	984.252	u			ft
WE	wepp-4982	"12:45 pm  Wednesday September 15, 2021"	"STEVENSVILLE MT_Granite Pass  +"	silt	5	forest	27.34	38.39	23.22	407.7137	u			ft
WE	wepp-5043	"12:45 pm  Wednesday September 15, 2021"	"STEVENSVILLE MT_Granite Pass  +"	silt	5	forest	27.58	39.39	42.72	984.252	u			ft
WE	wepp-5105	"12:45 pm  Wednesday September 15, 2021"	"STEVENSVILLE MT_Granite Pass  +"	silt	5	forest	20.98	42.55	43.53	642.7261	u			ft
WE	wepp-5169	"12:45 pm  Wednesday September 15, 2021"	"STEVENSVILLE MT_Granite Pass  +"	silt	5	forest	37.95	61.5	40.18	347.0721	u			ft
WE	wepp-5236	"12:45 pm  Wednesday September 15, 2021"	"STEVENSVILLE MT_Granite Pass  +"	silt	5	forest	21.68	37.77	27.69	984.252	u			ft
WE	wepp-5293	"12:45 pm  Wednesday September 15, 2021"	"STEVENSVILLE MT_Granite Pass  +"	silt	5	forest	27.67	44.67	25.4	92.24983	u			ft
WE	wepp-5358	"12:46 pm  Wednesday September 15, 2021"	"STEVENSVILLE MT_Granite Pass  +"	silt	5	forest	24.51	36.21	28.78	847.5453	u			ft
WE	wepp-5419	"12:46 pm  Wednesday September 15, 2021"	"STEVENSVILLE MT_Granite Pass  +"	silt	5	range	14.14	39.58	43.56	984.252	u			ft
WE	wepp-5491	"12:46 pm  Wednesday September 15, 2021"	"STEVENSVILLE MT_Granite Pass  +"	silt	5	forest	17.44	36.45	39.8	606.8425	u			ft
WE	wepp-5550	"12:46 pm  Wednesday September 15, 2021"	"STEVENSVILLE MT_Granite Pass  +"	silt	5	forest	15.33	44.16	38.17	538.1433	u			ft
WE	wepp-5613	"12:46 pm  Wednesday September 15, 2021"	"STEVENSVILLE MT_Granite Pass  +"	silt	5	forest	16.26	42.31	36.71	984.252	u			ft
WE	wepp-5679	"12:46 pm  Wednesday September 15, 2021"	"STEVENSVILLE MT_Granite Pass  +"	silt	5	forest	39.33	57.88	34.5	191.9478	u			ft
WE	wepp-5741	"12:46 pm  Wednesday September 15, 2021"	"STEVENSVILLE MT_Granite Pass  +"	silt	5	forest	24.98	46.78	43.56	484.9208	u			ft
WE	wepp-10908	"01:02 pm  Wednesday September 15, 2021"	"STEVENSVILLE MT_Granite Pass  +"	silt	5	forest	27.69	31.44	8.52	984.252	m			ft
WE	wepp-11210	"01:03 pm  Wednesday September 15, 2021"	"STEVENSVILLE MT_Granite Pass  +"	silt	5	forest	29.7	42.39	16.54	984.252	m			ft
WE	wepp-11490	"01:03 pm  Wednesday September 15, 2021"	"STEVENSVILLE MT_Granite Pass  +"	silt	5	forest	33	43.7	45.59	984.252	m			ft
WE	wepp-11822	"01:04 pm  Wednesday September 15, 2021"	"STEVENSVILLE MT_Granite Pass  +"	silt	5	forest	31.33	33.85	12.66	984.252	u			ft
WE	wepp-11889	"01:04 pm  Wednesday September 15, 2021"	"STEVENSVILLE MT_Granite Pass  +"	silt	5	forest	10.83	31.71	15.13	984.252	m			ft
WE	wepp-12171	"01:05 pm  Wednesday September 15, 2021"	"STEVENSVILLE MT_Granite Pass  +"	silt	5	forest	35.35	28.49	7.15	984.252	u			ft
WE	wepp-12240	"01:05 pm  Wednesday September 15, 2021"	"STEVENSVILLE MT_Granite Pass  +"	sand	5	forest	18.86	23.36	25.27	984.252	h			ft
WE	wepp-12598	"01:05 pm  Wednesday September 15, 2021"	"STEVENSVILLE MT_Granite Pass  +"	silt	5	forest	5.89	40.57	41.3	742.5811	m			ft
WE	wepp-12869	"01:06 pm  Wednesday September 15, 2021"	"STEVENSVILLE MT_Granite Pass  +"	silt	5	forest	19.56	62.83	31.49	154.9734	m			ft
WE	wepp-13151	"01:07 pm  Wednesday September 15, 2021"	"STEVENSVILLE MT_Granite Pass  +"	silt	5	forest	53.33	45.09	14.67	313.1871	l			ft
WE	wepp-13358	"01:07 pm  Wednesday September 15, 2021"	"STEVENSVILLE MT_Granite Pass  +"	silt	5	forest	8.72	9.59	10.46	104.3957	l			ft
WE	wepp-13548	"01:07 pm  Wednesday September 15, 2021"	"STEVENSVILLE MT_Granite Pass  +"	silt	5	forest	18	31.39	14.88	984.252	m			ft
WE	wepp-13846	"01:08 pm  Wednesday September 15, 2021"	"STEVENSVILLE MT_Granite Pass  +"	silt	5	forest	25	34.46	11.47	827.6118	u			ft
WE	wepp-13909	"01:08 pm  Wednesday September 15, 2021"	"STEVENSVILLE MT_Granite Pass  +"	silt	5	forest	49.33	41.11	17.65	391.4679	h			ft
WE	wepp-14338	"01:09 pm  Wednesday September 15, 2021"	"STEVENSVILLE MT_Granite Pass  +"	silt	5	forest	25.93	48.44	19.91	249.116	l			ft
WE	wepp-14532	"01:09 pm  Wednesday September 15, 2021"	"STEVENSVILLE MT_Granite Pass  +"	sand	5	forest	15.08	26.81	19.17	984.252	u			ft
WE	wepp-14595	"01:09 pm  Wednesday September 15, 2021"	"STEVENSVILLE MT_Granite Pass  +"	silt	5	forest	29.46	73.03	41.14	129.7263	h			ft
WE	wepp-14955	"01:10 pm  Wednesday September 15, 2021"	"STEVENSVILLE MT_Granite Pass  +"	sand	5	range	12.26	29.39	26	984.252	u	15	75	ft
WE	wepp-15020	"01:10 pm  Wednesday September 15, 2021"	"STEVENSVILLE MT_Granite Pass  +"	sand	5	forest	27.81	51.73	25.03	278.7167	h			ft
WE	wepp-15380	"01:11 pm  Wednesday September 15, 2021"	"STEVENSVILLE MT_Granite Pass  +"	silt	5	forest	14.85	44.83	26.94	379.0547	m			ft
WE	wepp-15662	"01:12 pm  Wednesday September 15, 2021"	"STEVENSVILLE MT_Granite Pass  +"	silt	5	forest	16.63	36.78	24.09	984.252	l			ft
WE	wepp-15863	"01:12 pm  Wednesday September 15, 2021"	"STEVENSVILLE MT_Granite Pass  +"	sand	5	range	26.06	33.89	26.16	778.2762	u	15	75	ft
WE	wepp-15925	"01:12 pm  Wednesday September 15, 2021"	"STEVENSVILLE MT_Granite Pass  +"	silt	5	forest	6.6	29.66	32.56	663.8238	l			ft
WE	wepp-16130	"01:13 pm  Wednesday September 15, 2021"	"STEVENSVILLE MT_Granite Pass  +"	silt	5	forest	9.9	33.13	18.05	703.9137	u			ft
WE	wepp-16190	"01:13 pm  Wednesday September 15, 2021"	"STEVENSVILLE MT_Granite Pass  +"	silt	5	forest	20	29.62	21.34	496.0551	u			ft
WE	wepp-16252	"01:13 pm  Wednesday September 15, 2021"	"STEVENSVILLE MT_Granite Pass  +"	sand	5	forest	7.54	13.41	7.78	839.9847	u			ft
WE	wepp-16322	"01:13 pm  Wednesday September 15, 2021"	"STEVENSVILLE MT_Granite Pass  +"	silt	5	forest	9.26	15.86	7.66	629.9213	u			ft
WE	wepp-16386	"01:13 pm  Wednesday September 15, 2021"	"STEVENSVILLE MT_Granite Pass  +"	silt	5	forest	14	13.8	6.13	177.1654	u			ft
WE	wepp-16446	"01:13 pm  Wednesday September 15, 2021"	"STEVENSVILLE MT_Granite Pass  +"	silt	5	forest	12.49	10.95	9.53	984.252	u			ft
WE	wepp-16507	"01:13 pm  Wednesday September 15, 2021"	"STEVENSVILLE MT_Granite Pass  +"	silt	5	forest	15.33	16.39	7.04	557.1771	u			ft
WE	wepp-16572	"01:13 pm  Wednesday September 15, 2021"	"STEVENSVILLE MT_Granite Pass  +"	silt	5	forest	16.03	36.49	17.59	747.8816	m			ft
WE	wepp-16837	"01:14 pm  Wednesday September 15, 2021"	"STEVENSVILLE MT_Granite Pass  +"	silt	5	forest	15.67	29.12	10.24	984.252	u			ft
WE	wepp-16899	"01:14 pm  Wednesday September 15, 2021"	"STEVENSVILLE MT_Granite Pass  +"	silt	5	forest	18.15	21.51	18.53	984.252	u			ft
WE	wepp-16960	"01:14 pm  Wednesday September 15, 2021"	"STEVENSVILLE MT_Granite Pass  +"	silt	5	forest	13.67	25.9	18.3	840.2365	u			ft
WE	wepp-17021	"01:14 pm  Wednesday September 15, 2021"	"STEVENSVILLE MT_Granite Pass  +"	silt	5	forest	28.67	25.27	8.78	582.3708	u			ft
WE	wepp-17093	"01:14 pm  Wednesday September 15, 2021"	"STEVENSVILLE MT_Granite Pass  +"	silt	5	forest	20.51	29.72	23.72	984.252	l			ft
WE	wepp-17282	"01:15 pm  Wednesday September 15, 2021"	"STEVENSVILLE MT_Granite Pass  +"	silt	5	forest	35.78	34.87	14.46	280.0447	u			ft
WE	wepp-17345	"01:15 pm  Wednesday September 15, 2021"	"STEVENSVILLE MT_Granite Pass  +"	silt	5	forest	39.83	44.91	26.66	293.3802	u			ft
WE	wepp-17408	"01:15 pm  Wednesday September 15, 2021"	"STEVENSVILLE MT_Granite Pass  +"	silt	5	forest	36.06	39.47	20.79	513.1397	l			ft
WE	wepp-17596	"01:16 pm  Wednesday September 15, 2021"	"STEVENSVILLE MT_Granite Pass  +"	silt	5	forest	25.22	42.73	29.48	772.5923	u			ft
WE	wepp-17659	"01:16 pm  Wednesday September 15, 2021"	"STEVENSVILLE MT_Granite Pass  +"	silt	5	forest	21.21	30.16	22.61	749.0458	m			ft
WE	wepp-17938	"01:16 pm  Wednesday September 15, 2021"	"STEVENSVILLE MT_Granite Pass  +"	silt	5	forest	13.67	33.25	14.8	984.252	l			ft
WE	wepp-18135	"01:17 pm  Wednesday September 15, 2021"	"STEVENSVILLE MT_Granite Pass  +"	silt	5	forest	12.26	27.98	25.26	981.0828	m			ft
WE	wepp-18419	"01:17 pm  Wednesday September 15, 2021"	"STEVENSVILLE MT_Granite Pass  +"	silt	5	forest	16.26	35.72	28.99	484.967	l			ft
WE	wepp-18610	"01:18 pm  Wednesday September 15, 2021"	"STEVENSVILLE MT_Granite Pass  +"	silt	5	forest	28.99	22.11	17.69	984.252	m			ft
WE	wepp-18891	"01:18 pm  Wednesday September 15, 2021"	"STEVENSVILLE MT_Granite Pass  +"	silt	5	forest	29.17	43.02	27.67	300.3836	m			ft
WE	wepp-19182	"01:19 pm  Wednesday September 15, 2021"	"STEVENSVILLE MT_Granite Pass  +"	silt	5	forest	36.33	59.28	25.09	150.1918	m			ft
WE	wepp-19512	"01:19 pm  Wednesday September 15, 2021"	"STEVENSVILLE MT_Granite Pass  +"	silt	5	forest	13.91	14.44	10.22	831.5872	l			ft
WE	wepp-19701	"01:20 pm  Wednesday September 15, 2021"	"STEVENSVILLE MT_Granite Pass  +"	silt	5	forest	15.56	23.85	11.58	423.9442	l			ft
WE	wepp-19895	"01:20 pm  Wednesday September 15, 2021"	"STEVENSVILLE MT_Granite Pass  +"	silt	5	forest	10.14	17.59	14.65	984.252	u			ft
WE	wepp-19960	"01:20 pm  Wednesday September 15, 2021"	"STEVENSVILLE MT_Granite Pass  +"	silt	5	forest	6.36	16.02	11.02	984.252	u			ft
WE	wepp-20022	"01:20 pm  Wednesday September 15, 2021"	"STEVENSVILLE MT_Granite Pass  +"	silt	5	forest	28.05	34.65	16.89	473.5023	m			ft
WE	wepp-20316	"01:21 pm  Wednesday September 15, 2021"	"STEVENSVILLE MT_Granite Pass  +"	silt	5	forest	12.96	30.4	30.52	718.3063	u			ft
WE	wepp-20378	"01:21 pm  Wednesday September 15, 2021"	"STEVENSVILLE MT_Granite Pass  +"	silt	5	forest	16	39.14	31.2	778.9327	m			ft
WE	wepp-20672	"01:22 pm  Wednesday September 15, 2021"	"STEVENSVILLE MT_Granite Pass  +"	silt	5	forest	36.33	53.72	30.34	304.4919	u			ft
WE	wepp-20734	"01:22 pm  Wednesday September 15, 2021"	"STEVENSVILLE MT_Granite Pass  +"	silt	5	forest	15.33	10.91	8.33	984.252	u			ft
WE	wepp-20799	"01:22 pm  Wednesday September 15, 2021"	"STEVENSVILLE MT_Granite Pass  +"	silt	5	forest	16.33	35.76	37	356.2423	l			ft
WE	wepp-20992	"01:22 pm  Wednesday September 15, 2021"	"STEVENSVILLE MT_Granite Pass  +"	silt	5	forest	12.49	34.41	28.73	984.252	u			ft
WE	wepp-21052	"01:23 pm  Wednesday September 15, 2021"	"STEVENSVILLE MT_Granite Pass  +"	silt	5	forest	28	32.76	15.42	984.252	u			ft
WE	wepp-21117	"01:23 pm  Wednesday September 15, 2021"	"STEVENSVILLE MT_Granite Pass  +"	silt	5	forest	18.15	32.34	24.65	984.252	u			ft
WE	wepp-21183	"01:23 pm  Wednesday September 15, 2021"	"STEVENSVILLE MT_Granite Pass  +"	silt	5	forest	27.34	38.39	23.22	407.7137	u			ft
WE	wepp-21245	"01:23 pm  Wednesday September 15, 2021"	"STEVENSVILLE MT_Granite Pass  +"	silt	5	forest	27.58	39.39	42.72	984.252	u			ft
WE	wepp-21306	"01:23 pm  Wednesday September 15, 2021"	"STEVENSVILLE MT_Granite Pass  +"	silt	5	forest	20.98	42.55	43.53	642.7261	u			ft
WE	wepp-21375	"01:23 pm  Wednesday September 15, 2021"	"STEVENSVILLE MT_Granite Pass  +"	silt	5	forest	37.95	61.5	40.18	347.0721	u			ft
WE	wepp-21442	"01:23 pm  Wednesday September 15, 2021"	"STEVENSVILLE MT_Granite Pass  +"	silt	5	forest	21.68	37.77	27.69	984.252	u			ft
WE	wepp-21508	"01:23 pm  Wednesday September 15, 2021"	"STEVENSVILLE MT_Granite Pass  +"	silt	5	forest	27.67	44.67	25.4	92.24983	u			ft
WE	wepp-21566	"01:24 pm  Wednesday September 15, 2021"	"STEVENSVILLE MT_Granite Pass  +"	silt	5	forest	24.51	36.21	28.78	847.5453	u			ft
WE	wepp-21635	"01:24 pm  Wednesday September 15, 2021"	"STEVENSVILLE MT_Granite Pass  +"	silt	5	range	14.14	39.58	43.56	984.252	l	15	75	ft
WE	wepp-21820	"01:24 pm  Wednesday September 15, 2021"	"STEVENSVILLE MT_Granite Pass  +"	silt	5	forest	17.44	36.45	39.8	606.8425	u			ft
WE	wepp-21882	"01:24 pm  Wednesday September 15, 2021"	"STEVENSVILLE MT_Granite Pass  +"	silt	5	forest	15.33	44.16	38.17	538.1433	u			ft
WE	wepp-21943	"01:24 pm  Wednesday September 15, 2021"	"STEVENSVILLE MT_Granite Pass  +"	silt	5	forest	16.26	42.31	36.71	984.252	u			ft
WE	wepp-22005	"01:24 pm  Wednesday September 15, 2021"	"STEVENSVILLE MT_Granite Pass  +"	silt	5	forest	39.33	57.88	34.5	191.9478	m			ft
WE	wepp-22292	"01:25 pm  Wednesday September 15, 2021"	"STEVENSVILLE MT_Granite Pass  +"	silt	5	forest	24.98	46.78	43.56	484.9208	u			ft
