WD	wepp-228294	"02:30 pm  Saturday February 22, 2014"	"MYSTIC LAKE MT"	30	loam	YoungForest	807.21986077743	32.466	32.466	85	30	OldForest	62.056421114536	32.466	32.466	100	30	0	ft	"1"
WD	wepp-228367	"02:30 pm  Saturday February 22, 2014"	"MYSTIC LAKE MT"	30	loam	YoungForest	1448.44542555801	10.1925	10.1925	85	30	OldForest	108.407129900968	10.1925	10.1925	100	30	0	ft	"2"
WD	wepp-228401	"02:30 pm  Saturday February 22, 2014"	"MYSTIC LAKE MT"	30	loam	YoungForest	855.547304750302	13.8707	13.8707	85	30	OldForest	141.009213363712	13.8707	13.8707	100	30	0	ft	"3"
WD	wepp-228444	"02:30 pm  Saturday February 22, 2014"	"MYSTIC LAKE MT"	30	loam	YoungForest	1629.43167251686	16.6946	16.6946	85	30	OldForest	50	16.6946	16.6946	100	30	0	ft	"4"
WD	wepp-228485	"02:30 pm  Saturday February 22, 2014"	"MYSTIC LAKE MT"	30	loam	YoungForest	4104.98826548174	15.9785	15.9785	85	30	OldForest	50	15.9785	15.9785	100	30	0	ft	"5"
WD	wepp-228525	"02:30 pm  Saturday February 22, 2014"	"MYSTIC LAKE MT"	30	loam	YoungForest	1871.46423850786	14.9798	14.9798	85	30	OldForest	14.7319698733832	14.9798	14.9798	100	30	0	ft	"6"
WD	wepp-228567	"02:30 pm  Saturday February 22, 2014"	"MYSTIC LAKE MT"	30	loam	YoungForest	1486.1186324416	8.3097	8.3097	85	30	OldForest	129.930044420224	8.3097	8.3097	100	30	0	ft	"7"
WD	wepp-228607	"02:30 pm  Saturday February 22, 2014"	"MYSTIC LAKE MT"	30	loam	YoungForest	908.881632235457	11.7287	11.7287	85	30	OldForest	168.420438937768	11.7287	11.7287	100	30	0	ft	"8"
WD	wepp-228650	"02:30 pm  Saturday February 22, 2014"	"MYSTIC LAKE MT"	30	loam	YoungForest	1745.13666888309	8.91827	8.91827	85	30	OldForest	1312.22543300928	8.91827	8.91827	100	30	0	ft	"9"
WD	wepp-228691	"02:30 pm  Saturday February 22, 2014"	"MYSTIC LAKE MT"	30	loam	YoungForest	2348.67824518567	16.3003	16.3003	85	30	OldForest	21.2734388682728	16.3003	16.3003	100	30	0	ft	"10"
WD	wepp-228731	"02:30 pm  Saturday February 22, 2014"	"MYSTIC LAKE MT"	30	loam	YoungForest	1101.86247883547	7.04008	7.04008	85	30	OldForest	976.533841616	7.04008	7.04008	100	30	0	ft	"11"
WD	wepp-228772	"02:30 pm  Saturday February 22, 2014"	"MYSTIC LAKE MT"	30	loam	YoungForest	227.030965391624	15.6465	15.6465	85	30	OldForest	72.338433674112	15.6465	15.6465	100	30	0	ft	"12"
WD	wepp-228811	"02:30 pm  Saturday February 22, 2014"	"MYSTIC LAKE MT"	30	loam	YoungForest	946.048404680572	27.518	27.518	85	30	OldForest	179.984281130088	27.518	27.518	100	30	0	ft	"13"
WD	wepp-228855	"02:30 pm  Saturday February 22, 2014"	"MYSTIC LAKE MT"	30	loam	YoungForest	908.161962315701	26.9396	26.9396	85	30	OldForest	64.385488010104	26.9396	26.9396	100	30	0	ft	"14"
WD	wepp-228898	"02:30 pm  Saturday February 22, 2014"	"MYSTIC LAKE MT"	30	loam	YoungForest	945.72337113303	27.1078	27.1078	85	30	OldForest	180.897786890552	27.1078	27.1078	100	30	0	ft	"15"
WD	wepp-229252	"02:31 pm  Saturday February 22, 2014"	"MYSTIC LAKE MT"	30	loam	YoungForest	1837.9347509467	12.0155	12.0155	85	30	OldForest	50	12.0155	12.0155	100	30	0	ft	"16"
WD	wepp-229320	"02:31 pm  Saturday February 22, 2014"	"MYSTIC LAKE MT"	30	loam	YoungForest	253.75508251614	6.85684	6.85684	85	30	OldForest	50	6.85684	6.85684	100	30	0	ft	"17"
WD	wepp-229361	"02:31 pm  Saturday February 22, 2014"	"MYSTIC LAKE MT"	30	loam	YoungForest	1953.39173684508	17.693	17.693	85	30	OldForest	87.155871978936	17.693	17.693	100	30	0	ft	"18"
WD	wepp-229402	"02:31 pm  Saturday February 22, 2014"	"MYSTIC LAKE MT"	30	loam	YoungForest	988.618617823773	15.1124	15.1124	85	30	OldForest	134.000605793744	15.1124	15.1124	100	30	0	ft	"19"
WD	wepp-229443	"02:31 pm  Saturday February 22, 2014"	"MYSTIC LAKE MT"	30	loam	YoungForest	1144.76016283192	24.7126	24.7126	85	30	OldForest	84.729276469488	24.7126	24.7126	100	30	0	ft	"20"
WD	wepp-229484	"02:31 pm  Saturday February 22, 2014"	"MYSTIC LAKE MT"	30	loam	YoungForest	458.307874697916	35.0896	35.0896	85	30	OldForest	367.81465523528	35.0896	35.0896	100	30	0	ft	"21"
WD	wepp-229525	"02:31 pm  Saturday February 22, 2014"	"MYSTIC LAKE MT"	30	loam	YoungForest	1577.57951151375	20.1889	20.1889	85	30	OldForest	50	20.1889	20.1889	100	30	0	ft	"22"
WD	wepp-229567	"02:31 pm  Saturday February 22, 2014"	"MYSTIC LAKE MT"	30	loam	YoungForest	1578.89984659215	18.252	18.252	85	30	OldForest	75.9219025118	18.252	18.252	100	30	0	ft	"23"
WD	wepp-229603	"02:31 pm  Saturday February 22, 2014"	"MYSTIC LAKE MT"	30	loam	YoungForest	684.183662708539	28.4478	28.4478	85	30	OldForest	157.555885409728	28.4478	28.4478	100	30	0	ft	"24"
WD	wepp-229644	"02:31 pm  Saturday February 22, 2014"	"MYSTIC LAKE MT"	30	loam	YoungForest	911.033939724755	31.8771	31.8771	85	30	OldForest	1250.51315871712	31.8771	31.8771	100	30	0	ft	"25"
WD	wepp-229685	"02:31 pm  Saturday February 22, 2014"	"MYSTIC LAKE MT"	30	loam	YoungForest	529.872884054464	15.7022	15.7022	85	30	OldForest	50	15.7022	15.7022	100	30	0	ft	"26"
WD	wepp-229726	"02:31 pm  Saturday February 22, 2014"	"MYSTIC LAKE MT"	30	loam	YoungForest	792.756916771037	21.9575	21.9575	85	30	OldForest	57.971537698424	21.9575	21.9575	100	30	0	ft	"27"
WD	wepp-229767	"02:31 pm  Saturday February 22, 2014"	"MYSTIC LAKE MT"	30	loam	YoungForest	306.256567007353	16.7504	16.7504	85	30	OldForest	808.25763682456	16.7504	16.7504	100	30	0	ft	"28"
WD	wepp-229808	"02:31 pm  Saturday February 22, 2014"	"MYSTIC LAKE MT"	30	loam	YoungForest	1138.26275938037	10.0769	10.0769	85	30	OldForest	688.66832040496	10.0769	10.0769	100	30	0	ft	"29"
WD	wepp-229842	"02:31 pm  Saturday February 22, 2014"	"MYSTIC LAKE MT"	30	loam	YoungForest	1082.57249100044	20.2232	20.2232	85	30	OldForest	50	20.2232	20.2232	100	30	0	ft	"30"
WD	wepp-229849	"02:31 pm  Saturday February 22, 2014"	"MYSTIC LAKE MT"	30	loam	YoungForest	1454.27364419706	12.5221	12.5221	85	30	OldForest	23.6518620555456	12.5221	12.5221	100	30	0	ft	"31"
WD	wepp-229856	"02:31 pm  Saturday February 22, 2014"	"MYSTIC LAKE MT"	30	loam	YoungForest	276.310001425574	19.6412	19.6412	85	30	OldForest	50	19.6412	19.6412	100	30	0	ft	"32"
WD	wepp-229863	"02:31 pm  Saturday February 22, 2014"	"MYSTIC LAKE MT"	30	loam	YoungForest	4154.98826548174	15.9785	15.9785	85	30	OldForest	69.486796081384	15.9785	15.9785	100	30	0	ft	"5"
WD	wepp-229870	"02:31 pm  Saturday February 22, 2014"	"MYSTIC LAKE MT"	30	loam	YoungForest	227.030965391624	15.6465	15.6465	85	30	OldForest	69.486796081384	15.6465	15.6465	100	30	0	ft	"12"
WD	wepp-232638	"02:48 pm  Saturday February 22, 2014"	"MYSTIC LAKE MT"	30	loam	YoungForest	807.21986077743	32.466	32.466	85	30	OldForest	62.056421114536	32.466	32.466	100	30	0	ft	"1"
WD	wepp-232673	"02:48 pm  Saturday February 22, 2014"	"MYSTIC LAKE MT"	30	loam	YoungForest	1448.44542555801	10.1925	10.1925	85	30	OldForest	108.407129900968	10.1925	10.1925	100	30	0	ft	"2"
WD	wepp-232680	"02:48 pm  Saturday February 22, 2014"	"MYSTIC LAKE MT"	30	loam	YoungForest	855.547304750302	13.8707	13.8707	85	30	OldForest	141.009213363712	13.8707	13.8707	100	30	0	ft	"3"
WD	wepp-232687	"02:48 pm  Saturday February 22, 2014"	"MYSTIC LAKE MT"	30	loam	YoungForest	1629.43167251686	16.6946	16.6946	85	30	OldForest	50	16.6946	16.6946	100	30	0	ft	"4"
WD	wepp-232694	"02:48 pm  Saturday February 22, 2014"	"MYSTIC LAKE MT"	30	loam	YoungForest	4104.98826548174	15.9785	15.9785	85	30	OldForest	50	15.9785	15.9785	100	30	0	ft	"5"
WD	wepp-232701	"02:48 pm  Saturday February 22, 2014"	"MYSTIC LAKE MT"	30	loam	YoungForest	1871.46423850786	14.9798	14.9798	85	30	OldForest	14.7319698733832	14.9798	14.9798	100	30	0	ft	"6"
WD	wepp-232708	"02:48 pm  Saturday February 22, 2014"	"MYSTIC LAKE MT"	30	loam	YoungForest	1486.1186324416	8.3097	8.3097	85	30	OldForest	129.930044420224	8.3097	8.3097	100	30	0	ft	"7"
WD	wepp-232715	"02:48 pm  Saturday February 22, 2014"	"MYSTIC LAKE MT"	30	loam	YoungForest	908.881632235457	11.7287	11.7287	85	30	OldForest	168.420438937768	11.7287	11.7287	100	30	0	ft	"8"
WD	wepp-232722	"02:48 pm  Saturday February 22, 2014"	"MYSTIC LAKE MT"	30	loam	YoungForest	1745.13666888309	8.91827	8.91827	85	30	OldForest	1312.22543300928	8.91827	8.91827	100	30	0	ft	"9"
WD	wepp-232729	"02:48 pm  Saturday February 22, 2014"	"MYSTIC LAKE MT"	30	loam	YoungForest	2348.67824518567	16.3003	16.3003	85	30	OldForest	21.2734388682728	16.3003	16.3003	100	30	0	ft	"10"
WD	wepp-232736	"02:48 pm  Saturday February 22, 2014"	"MYSTIC LAKE MT"	30	loam	YoungForest	1101.86247883547	7.04008	7.04008	85	30	OldForest	976.533841616	7.04008	7.04008	100	30	0	ft	"11"
WD	wepp-232743	"02:48 pm  Saturday February 22, 2014"	"MYSTIC LAKE MT"	30	loam	YoungForest	227.030965391624	15.6465	15.6465	85	30	OldForest	72.338433674112	15.6465	15.6465	100	30	0	ft	"12"
WD	wepp-232750	"02:48 pm  Saturday February 22, 2014"	"MYSTIC LAKE MT"	30	loam	YoungForest	946.048404680572	27.518	27.518	85	30	OldForest	179.984281130088	27.518	27.518	100	30	0	ft	"13"
WD	wepp-232757	"02:48 pm  Saturday February 22, 2014"	"MYSTIC LAKE MT"	30	loam	YoungForest	908.161962315701	26.9396	26.9396	85	30	OldForest	64.385488010104	26.9396	26.9396	100	30	0	ft	"14"
WD	wepp-232764	"02:48 pm  Saturday February 22, 2014"	"MYSTIC LAKE MT"	30	loam	YoungForest	945.72337113303	27.1078	27.1078	85	30	OldForest	180.897786890552	27.1078	27.1078	100	30	0	ft	"15"
WD	wepp-232771	"02:48 pm  Saturday February 22, 2014"	"MYSTIC LAKE MT"	30	loam	YoungForest	1837.9347509467	12.0155	12.0155	85	30	OldForest	50	12.0155	12.0155	100	30	0	ft	"16"
WD	wepp-232779	"02:48 pm  Saturday February 22, 2014"	"MYSTIC LAKE MT"	30	loam	YoungForest	253.75508251614	6.85684	6.85684	85	30	OldForest	50	6.85684	6.85684	100	30	0	ft	"17"
WD	wepp-232786	"02:48 pm  Saturday February 22, 2014"	"MYSTIC LAKE MT"	30	loam	YoungForest	1953.39173684508	17.693	17.693	85	30	OldForest	87.155871978936	17.693	17.693	100	30	0	ft	"18"
WD	wepp-232793	"02:48 pm  Saturday February 22, 2014"	"MYSTIC LAKE MT"	30	loam	YoungForest	988.618617823773	15.1124	15.1124	85	30	OldForest	134.000605793744	15.1124	15.1124	100	30	0	ft	"19"
WD	wepp-232800	"02:48 pm  Saturday February 22, 2014"	"MYSTIC LAKE MT"	30	loam	YoungForest	1144.76016283192	24.7126	24.7126	85	30	OldForest	84.729276469488	24.7126	24.7126	100	30	0	ft	"20"
WD	wepp-232807	"02:48 pm  Saturday February 22, 2014"	"MYSTIC LAKE MT"	30	loam	YoungForest	458.307874697916	35.0896	35.0896	85	30	OldForest	367.81465523528	35.0896	35.0896	100	30	0	ft	"21"
WD	wepp-232814	"02:48 pm  Saturday February 22, 2014"	"MYSTIC LAKE MT"	30	loam	YoungForest	1577.57951151375	20.1889	20.1889	85	30	OldForest	50	20.1889	20.1889	100	30	0	ft	"22"
WD	wepp-232821	"02:49 pm  Saturday February 22, 2014"	"MYSTIC LAKE MT"	30	loam	YoungForest	1578.89984659215	18.252	18.252	85	30	OldForest	75.9219025118	18.252	18.252	100	30	0	ft	"23"
WD	wepp-232828	"02:49 pm  Saturday February 22, 2014"	"MYSTIC LAKE MT"	30	loam	YoungForest	684.183662708539	28.4478	28.4478	85	30	OldForest	157.555885409728	28.4478	28.4478	100	30	0	ft	"24"
WD	wepp-232861	"02:49 pm  Saturday February 22, 2014"	"MYSTIC LAKE MT"	30	loam	YoungForest	911.033939724755	31.8771	31.8771	85	30	OldForest	1250.51315871712	31.8771	31.8771	100	30	0	ft	"25"
WD	wepp-232898	"02:49 pm  Saturday February 22, 2014"	"MYSTIC LAKE MT"	30	loam	YoungForest	529.872884054464	15.7022	15.7022	85	30	OldForest	50	15.7022	15.7022	100	30	0	ft	"26"
WD	wepp-232938	"02:49 pm  Saturday February 22, 2014"	"MYSTIC LAKE MT"	30	loam	YoungForest	792.756916771037	21.9575	21.9575	85	30	OldForest	57.971537698424	21.9575	21.9575	100	30	0	ft	"27"
WD	wepp-232979	"02:49 pm  Saturday February 22, 2014"	"MYSTIC LAKE MT"	30	loam	YoungForest	306.256567007353	16.7504	16.7504	85	30	OldForest	808.25763682456	16.7504	16.7504	100	30	0	ft	"28"
WD	wepp-233020	"02:49 pm  Saturday February 22, 2014"	"MYSTIC LAKE MT"	30	loam	YoungForest	1138.26275938037	10.0769	10.0769	85	30	OldForest	688.66832040496	10.0769	10.0769	100	30	0	ft	"29"
WD	wepp-233060	"02:49 pm  Saturday February 22, 2014"	"MYSTIC LAKE MT"	30	loam	YoungForest	1082.57249100044	20.2232	20.2232	85	30	OldForest	50	20.2232	20.2232	100	30	0	ft	"30"
WD	wepp-233098	"02:49 pm  Saturday February 22, 2014"	"MYSTIC LAKE MT"	30	loam	YoungForest	1454.27364419706	12.5221	12.5221	85	30	OldForest	23.6518620555456	12.5221	12.5221	100	30	0	ft	"31"
WD	wepp-233138	"02:49 pm  Saturday February 22, 2014"	"MYSTIC LAKE MT"	30	loam	YoungForest	276.310001425574	19.6412	19.6412	85	30	OldForest	50	19.6412	19.6412	100	30	0	ft	"32"
WD	wepp-233180	"02:49 pm  Saturday February 22, 2014"	"MYSTIC LAKE MT"	30	loam	YoungForest	4154.98826548174	15.9785	15.9785	85	30	OldForest	69.486796081384	15.9785	15.9785	100	30	0	ft	"5"
WD	wepp-233220	"02:49 pm  Saturday February 22, 2014"	"MYSTIC LAKE MT"	30	loam	YoungForest	227.030965391624	15.6465	15.6465	85	30	OldForest	69.486796081384	15.6465	15.6465	100	30	0	ft	"12"
WD	wepp-241315	"03:12 pm  Saturday February 22, 2014"	"MYSTIC LAKE MT"	30	loam	OldForest	138.333333333334	21	21	95	30	OldForest	340.9	21	21	100	20	0	ft	"10F"
WD	wepp-241349	"03:12 pm  Saturday February 22, 2014"	"MYSTIC LAKE MT"	30	loam	OldForest	399.416666666665	12	12	95	30	OldForest	35.4	12	12	100	20	0	ft	"10T"
WD	wepp-241356	"03:12 pm  Saturday February 22, 2014"	"MYSTIC LAKE MT"	30	loam	OldForest	194.05	20	20	95	30	OldForest	23.64	20	20	100	20	0	ft	"11AT"
WD	wepp-241363	"03:12 pm  Saturday February 22, 2014"	"MYSTIC LAKE MT"	30	loam	OldForest	114.612903225806	31	31	95	30	OldForest	379.88	31	31	100	20	0	ft	"11F"
WD	wepp-241370	"03:12 pm  Saturday February 22, 2014"	"MYSTIC LAKE MT"	30	loam	OldForest	201.6	20	20	95	30	OldForest	43.19	20	20	100	20	0	ft	"11T"
WD	wepp-241377	"03:12 pm  Saturday February 22, 2014"	"MYSTIC LAKE MT"	30	loam	OldForest	182.692307692308	13	13	95	30	OldForest	283.6	13	13	100	20	0	ft	"12AF"
WD	wepp-241384	"03:12 pm  Saturday February 22, 2014"	"MYSTIC LAKE MT"	30	loam	OldForest	315.999999999999	10	10	95	30	OldForest	225.94	10	10	100	20	0	ft	"12F"
WD	wepp-241391	"03:12 pm  Saturday February 22, 2014"	"MYSTIC LAKE MT"	30	loam	OldForest	221.666666666666	21	21	95	30	OldForest	50	21	21	100	20	0	ft	"12T"
WD	wepp-241398	"03:12 pm  Saturday February 22, 2014"	"MYSTIC LAKE MT"	30	loam	OldForest	66.9166666666664	12	12	95	30	OldForest	180.6	12	12	100	20	0	ft	"13AT"
WD	wepp-241405	"03:12 pm  Saturday February 22, 2014"	"MYSTIC LAKE MT"	30	loam	OldForest	126.399999999999	15	15	95	30	OldForest	275.3	15	15	100	20	0	ft	"13BT"
WD	wepp-241412	"03:12 pm  Saturday February 22, 2014"	"MYSTIC LAKE MT"	30	loam	OldForest	84.8888888888875	9	9	95	30	OldForest	217.9	9	9	100	20	0	ft	"13CT"
WD	wepp-241419	"03:12 pm  Saturday February 22, 2014"	"MYSTIC LAKE MT"	30	loam	OldForest	270.428571428571	14	14	95	30	OldForest	186.8	14	14	100	20	0	ft	"13F"
WD	wepp-241426	"03:12 pm  Saturday February 22, 2014"	"MYSTIC LAKE MT"	30	loam	OldForest	581.29	17	17	95	30	OldForest	50	17	17	100	20	0	ft	"13T"
WD	wepp-241433	"03:12 pm  Saturday February 22, 2014"	"MYSTIC LAKE MT"	30	loam	OldForest	236.833333333334	12	12	95	30	OldForest	113.8	12	12	100	20	0	ft	"14F"
WD	wepp-241440	"03:12 pm  Saturday February 22, 2014"	"MYSTIC LAKE MT"	30	loam	OldForest	102.25	12	12	95	30	OldForest	251.37	12	12	100	20	0	ft	"14T"
WD	wepp-241447	"03:12 pm  Saturday February 22, 2014"	"MYSTIC LAKE MT"	30	loam	OldForest	132.4	10	10	95	30	OldForest	8.91	10	10	100	20	0	ft	"15F"
WD	wepp-241454	"03:12 pm  Saturday February 22, 2014"	"MYSTIC LAKE MT"	30	loam	OldForest	261.777777777778	18	18	95	30	OldForest	35.65	18	18	100	20	0	ft	"15T"
WD	wepp-241461	"03:12 pm  Saturday February 22, 2014"	"MYSTIC LAKE MT"	30	loam	OldForest	130.75	12	12	95	30	OldForest	50	12	12	100	20	0	ft	"16AT"
WD	wepp-241468	"03:12 pm  Saturday February 22, 2014"	"MYSTIC LAKE MT"	30	loam	OldForest	130.5	10	10	95	30	OldForest	30.85	10	10	100	20	0	ft	"16F"
WD	wepp-241475	"03:12 pm  Saturday February 22, 2014"	"MYSTIC LAKE MT"	30	loam	OldForest	440.52	19	19	95	30	OldForest	50	19	19	100	20	0	ft	"16T"
WD	wepp-241482	"03:12 pm  Saturday February 22, 2014"	"MYSTIC LAKE MT"	30	loam	OldForest	232.909090909091	22	22	95	30	OldForest	286.7	22	22	100	20	0	ft	"17AT"
WD	wepp-241489	"03:12 pm  Saturday February 22, 2014"	"MYSTIC LAKE MT"	30	loam	OldForest	70.5925925925932	27	27	95	30	OldForest	262.39	27	27	100	20	0	ft	"17F"
WD	wepp-241496	"03:12 pm  Saturday February 22, 2014"	"MYSTIC LAKE MT"	30	loam	OldForest	200.625	32	32	95	30	OldForest	190.55	32	32	100	20	0	ft	"17T"
WD	wepp-241503	"03:12 pm  Saturday February 22, 2014"	"MYSTIC LAKE MT"	30	loam	OldForest	88.1666666666661	12	12	95	30	OldForest	184.4	12	12	100	20	0	ft	"18AT"
WD	wepp-241510	"03:12 pm  Saturday February 22, 2014"	"MYSTIC LAKE MT"	30	loam	OldForest	286.96875	32	32	95	30	OldForest	35.87	32	32	100	20	0	ft	"18F"
WD	wepp-241517	"03:12 pm  Saturday February 22, 2014"	"MYSTIC LAKE MT"	30	loam	OldForest	354	22	22	95	30	OldForest	33.91	22	22	85	20	0	ft	"18T"
WD	wepp-241524	"03:12 pm  Saturday February 22, 2014"	"MYSTIC LAKE MT"	30	loam	OldForest	124.8	13	13	95	30	OldForest	115.23	13	13	100	20	0	ft	"19F"
WD	wepp-241531	"03:13 pm  Saturday February 22, 2014"	"MYSTIC LAKE MT"	30	loam	OldForest	124.8	10	10	95	30	OldForest	50	10	10	100	20	0	ft	"19T"
WD	wepp-241538	"03:13 pm  Saturday February 22, 2014"	"MYSTIC LAKE MT"	30	loam	OldForest	493.75	12	12	95	30	OldForest	58.29	12	12	100	20	0	ft	"1F"
WD	wepp-241545	"03:13 pm  Saturday February 22, 2014"	"MYSTIC LAKE MT"	30	loam	OldForest	426.17	17	17	95	30	OldForest	50	17	17	100	20	0	ft	"1T"
WD	wepp-241552	"03:13 pm  Saturday February 22, 2014"	"MYSTIC LAKE MT"	30	loam	OldForest	88.09	21	21	95	30	OldForest	50	21	21	100	20	0	ft	"20F"
WD	wepp-241559	"03:13 pm  Saturday February 22, 2014"	"MYSTIC LAKE MT"	30	loam	OldForest	586.619047619048	21	21	95	30	OldForest	50	21	21	100	20	0	ft	"20T"
WD	wepp-241566	"03:13 pm  Saturday February 22, 2014"	"MYSTIC LAKE MT"	30	loam	OldForest	108.09090909091	11	11	95	30	OldForest	203.47	11	11	100	20	0	ft	"21F"
WD	wepp-241573	"03:13 pm  Saturday February 22, 2014"	"MYSTIC LAKE MT"	30	loam	OldForest	118.25	28	28	95	30	OldForest	14.63	28	28	100	20	0	ft	"21T"
WD	wepp-241580	"03:13 pm  Saturday February 22, 2014"	"MYSTIC LAKE MT"	30	loam	OldForest	370	15	15	95	30	OldForest	50	15	15	100	20	0	ft	"22F"
WD	wepp-241587	"03:13 pm  Saturday February 22, 2014"	"MYSTIC LAKE MT"	30	loam	OldForest	157.25	36	36	95	30	OldForest	520.55	36	36	100	20	0	ft	"22T"
WD	wepp-241594	"03:13 pm  Saturday February 22, 2014"	"MYSTIC LAKE MT"	30	loam	OldForest	128.07	26	26	95	30	OldForest	50	26	26	100	20	0	ft	"23F"
WD	wepp-241601	"03:13 pm  Saturday February 22, 2014"	"MYSTIC LAKE MT"	30	loam	OldForest	399.58	12	12	95	30	OldForest	50	12	12	100	20	0	ft	"23T"
WD	wepp-241608	"03:13 pm  Saturday February 22, 2014"	"MYSTIC LAKE MT"	30	loam	OldForest	424.29	24	24	95	30	OldForest	50	24	24	100	20	0	ft	"24T"
WD	wepp-241615	"03:13 pm  Saturday February 22, 2014"	"MYSTIC LAKE MT"	30	loam	OldForest	417.000000000001	7	7	95	30	OldForest	82.23	7	7	100	20	0	ft	"25AT"
WD	wepp-241622	"03:13 pm  Saturday February 22, 2014"	"MYSTIC LAKE MT"	30	loam	OldForest	313	8	8	95	30	OldForest	50	8	8	100	20	0	ft	"25T"
WD	wepp-241629	"03:13 pm  Saturday February 22, 2014"	"MYSTIC LAKE MT"	30	loam	OldForest	124.142857142858	14	14	95	30	OldForest	71.15	14	14	100	20	0	ft	"26AT"
WD	wepp-241636	"03:13 pm  Saturday February 22, 2014"	"MYSTIC LAKE MT"	30	loam	OldForest	122.357142857144	14	14	95	30	OldForest	89.7	14	14	100	20	0	ft	"26BT"
WD	wepp-241643	"03:13 pm  Saturday February 22, 2014"	"MYSTIC LAKE MT"	30	loam	OldForest	344.73076923077	26	26	95	30	OldForest	12.5	26	26	100	20	0	ft	"26T"
WD	wepp-241650	"03:13 pm  Saturday February 22, 2014"	"MYSTIC LAKE MT"	30	loam	OldForest	346.966666666666	30	30	95	30	OldForest	93.18	30	30	100	20	0	ft	"27AT"
WD	wepp-241657	"03:13 pm  Saturday February 22, 2014"	"MYSTIC LAKE MT"	30	sand	OldForest	265.774193548387	31	31	95	30	OldForest	452.86	31	31	100	20	0	ft	"27T"
WD	wepp-241664	"03:13 pm  Saturday February 22, 2014"	"MYSTIC LAKE MT"	30	sand	OldForest	529.95	40	40	95	30	OldForest	50	40	40	100	20	0	ft	"28F"
WD	wepp-241671	"03:13 pm  Saturday February 22, 2014"	"MYSTIC LAKE MT"	30	sand	OldForest	347.43	32	32	95	30	OldForest	50	32	32	100	20	0	ft	"28T"
WD	wepp-241678	"03:13 pm  Saturday February 22, 2014"	"MYSTIC LAKE MT"	30	sand	OldForest	863.53	34	34	95	30	OldForest	50	34	34	100	20	0	ft	"29F"
WD	wepp-241685	"03:13 pm  Saturday February 22, 2014"	"MYSTIC LAKE MT"	30	sand	OldForest	452.153846153846	13	13	95	30	OldForest	70.076	13	13	100	20	0	ft	"2F"
WD	wepp-241692	"03:13 pm  Saturday February 22, 2014"	"MYSTIC LAKE MT"	30	loam	OldForest	452.153846153846	13	13	95	30	OldForest	62.9	13	13	100	20	0	ft	"2F"
WD	wepp-241699	"03:13 pm  Saturday February 22, 2014"	"MYSTIC LAKE MT"	30	loam	OldForest	847.800000000001	15	15	95	30	OldForest	53.11	15	15	100	20	0	ft	"2T"
WD	wepp-241706	"03:13 pm  Saturday February 22, 2014"	"MYSTIC LAKE MT"	30	loam	OldForest	136.565217391304	46	46	95	30	OldForest	50	46	46	100	20	0	ft	"30AF"
WD	wepp-241713	"03:13 pm  Saturday February 22, 2014"	"MYSTIC LAKE MT"	30	sand	OldForest	579.02	34	34	95	30	OldForest	50	34	34	100	20	0	ft	"30F"
WD	wepp-241720	"03:13 pm  Saturday February 22, 2014"	"MYSTIC LAKE MT"	30	sand	OldForest	433.73	34	34	95	30	OldForest	50	34	34	100	20	0	ft	"31F"
WD	wepp-241727	"03:13 pm  Saturday February 22, 2014"	"MYSTIC LAKE MT"	30	sand	OldForest	88.43	23	23	95	30	OldForest	50	23	23	100	20	0	ft	"32F"
WD	wepp-241736	"03:14 pm  Saturday February 22, 2014"	"MYSTIC LAKE MT"	30	sand	OldForest	299.94	17	17	95	30	OldForest	50	17	17	100	20	0	ft	"33F"
WD	wepp-241771	"03:14 pm  Saturday February 22, 2014"	"MYSTIC LAKE MT"	30	sand	OldForest	231.54	24	24	95	30	OldForest	14.16	24	24	100	20	0	ft	"34F"
WD	wepp-241778	"03:14 pm  Saturday February 22, 2014"	"MYSTIC LAKE MT"	30	sand	OldForest	403.33	21	21	95	30	OldForest	50	21	21	100	20	0	ft	"36T"
WD	wepp-241785	"03:14 pm  Saturday February 22, 2014"	"MYSTIC LAKE MT"	30	sand	OldForest	221.19	36	36	95	30	OldForest	50	36	36	100	20	0	ft	"37AT"
WD	wepp-241792	"03:14 pm  Saturday February 22, 2014"	"MYSTIC LAKE MT"	30	sand	OldForest	140.666666666667	39	39	95	30	OldForest	182.02	39	39	100	20	0	ft	"37BT"
WD	wepp-241799	"03:14 pm  Saturday February 22, 2014"	"MYSTIC LAKE MT"	30	sand	OldForest	551.8	31	31	95	30	OldForest	50	31	31	100	20	0	ft	"37T"
WD	wepp-241806	"03:14 pm  Saturday February 22, 2014"	"MYSTIC LAKE MT"	30	sand	OldForest	654.45	22	22	95	30	OldForest	50	22	22	100	20	0	ft	"38T"
WD	wepp-241813	"03:14 pm  Saturday February 22, 2014"	"MYSTIC LAKE MT"	30	loam	OldForest	267.3	10	10	95	30	OldForest	2.04	10	10	100	20	0	ft	"3AF"
WD	wepp-241820	"03:14 pm  Saturday February 22, 2014"	"MYSTIC LAKE MT"	30	loam	OldForest	693.57	7	7	95	30	OldForest	50	7	7	100	20	0	ft	"3F"
WD	wepp-241827	"03:14 pm  Saturday February 22, 2014"	"MYSTIC LAKE MT"	30	loam	OldForest	743.571428571431	14	14	95	30	OldForest	108.265	14	14	100	20	0	ft	"3T"
WD	wepp-241834	"03:14 pm  Saturday February 22, 2014"	"MYSTIC LAKE MT"	30	loam	OldForest	465.499999999997	6	6	95	30	OldForest	5.93	6	6	100	20	0	ft	"4F"
WD	wepp-241841	"03:14 pm  Saturday February 22, 2014"	"MYSTIC LAKE MT"	30	loam	OldForest	334.11	18	18	95	30	OldForest	50	18	18	100	20	0	ft	"4T"
WD	wepp-241848	"03:14 pm  Saturday February 22, 2014"	"MYSTIC LAKE MT"	30	loam	OldForest	346.250000000001	8	8	95	30	OldForest	3.92	8	8	100	20	0	ft	"5F"
WD	wepp-241855	"03:14 pm  Saturday February 22, 2014"	"MYSTIC LAKE MT"	30	loam	OldForest	544.73	26	26	95	30	OldForest	50	26	26	85	20	0	ft	"5T"
WD	wepp-241862	"03:14 pm  Saturday February 22, 2014"	"MYSTIC LAKE MT"	30	loam	OldForest	361	8	8	95	30	OldForest	50	8	8	100	20	0	ft	"6F"
WD	wepp-241869	"03:14 pm  Saturday February 22, 2014"	"MYSTIC LAKE MT"	30	loam	OldForest	252.428571428571	21	21	95	30	OldForest	30.76	21	21	100	20	0	ft	"6T"
WD	wepp-241876	"03:14 pm  Saturday February 22, 2014"	"MYSTIC LAKE MT"	30	loam	OldForest	377.791666666667	24	24	95	30	OldForest	251.76	24	24	100	20	0	ft	"7T"
WD	wepp-241883	"03:14 pm  Saturday February 22, 2014"	"MYSTIC LAKE MT"	30	loam	OldForest	349.375	32	32	95	30	OldForest	16.64	32	32	100	20	0	ft	"8F"
WD	wepp-241890	"03:14 pm  Saturday February 22, 2014"	"MYSTIC LAKE MT"	30	loam	OldForest	293.12	26	26	95	30	OldForest	11.11	26	26	100	20	0	ft	"8T"
WD	wepp-241897	"03:14 pm  Saturday February 22, 2014"	"MYSTIC LAKE MT"	30	loam	OldForest	214.06	17	17	95	30	OldForest	50	17	17	100	20	0	ft	"9AF"
WD	wepp-241904	"03:14 pm  Saturday February 22, 2014"	"MYSTIC LAKE MT"	30	loam	OldForest	348.176470588236	17	17	95	30	OldForest	7.74	17	17	100	20	0	ft	"9BF"
WD	wepp-241912	"03:14 pm  Saturday February 22, 2014"	"MYSTIC LAKE MT"	30	loam	OldForest	74	18	18	95	30	OldForest	50	18	18	100	20	0	ft	"9F"
WD	wepp-241919	"03:14 pm  Saturday February 22, 2014"	"MYSTIC LAKE MT"	30	loam	OldForest	329.21	14	14	95	30	OldForest	50	14	14	100	20	0	ft	"9T"
WD	wepp-244678	"03:27 pm  Saturday February 22, 2014"	"MYSTIC LAKE MT"	30	loam	YoungForest	138.333333333334	21	21	85	30	OldForest	1118.152	21	21	100	20	0	ft	"10F"
WD	wepp-244713	"03:27 pm  Saturday February 22, 2014"	"MYSTIC LAKE MT"	30	loam	YoungForest	399.416666666665	12	12	85	30	OldForest	116.112	12	12	100	20	0	ft	"10T"
WD	wepp-244720	"03:27 pm  Saturday February 22, 2014"	"MYSTIC LAKE MT"	30	loam	YoungForest	194.05	20	20	85	30	OldForest	77.5392	20	20	100	20	0	ft	"11AT"
WD	wepp-244727	"03:27 pm  Saturday February 22, 2014"	"MYSTIC LAKE MT"	30	loam	OldForest	114.612903225806	31	31	95	30	OldForest	1246.0064	31	31	100	20	0	ft	"11F"
WD	wepp-244734	"03:27 pm  Saturday February 22, 2014"	"MYSTIC LAKE MT"	30	loam	YoungForest	201.6	20	20	85	30	OldForest	141.6632	20	20	100	20	0	ft	"11T"
WD	wepp-244741	"03:27 pm  Saturday February 22, 2014"	"MYSTIC LAKE MT"	30	loam	YoungForest	182.692307692308	13	13	85	30	OldForest	930.208	13	13	100	20	0	ft	"12AF"
WD	wepp-244748	"03:27 pm  Saturday February 22, 2014"	"MYSTIC LAKE MT"	30	loam	YoungForest	315.999999999999	10	10	85	30	OldForest	741.0832	10	10	100	20	0	ft	"12F"
WD	wepp-244755	"03:27 pm  Saturday February 22, 2014"	"MYSTIC LAKE MT"	30	loam	YoungForest	221.666666666666	21	21	85	30	OldForest	50	21	21	100	20	0	ft	"12T"
WD	wepp-244764	"03:27 pm  Saturday February 22, 2014"	"MYSTIC LAKE MT"	30	loam	YoungForest	66.9166666666664	12	12	85	30	OldForest	592.368	12	12	100	20	0	ft	"13AT"
WD	wepp-244771	"03:27 pm  Saturday February 22, 2014"	"MYSTIC LAKE MT"	30	loam	YoungForest	126.399999999999	15	15	85	30	OldForest	902.984	15	15	100	20	0	ft	"13BT"
WD	wepp-244778	"03:27 pm  Saturday February 22, 2014"	"MYSTIC LAKE MT"	30	loam	YoungForest	84.8888888888875	9	9	85	30	OldForest	714.712	9	9	100	20	0	ft	"13CT"
WD	wepp-244785	"03:27 pm  Saturday February 22, 2014"	"MYSTIC LAKE MT"	30	loam	OldForest	270.428571428571	14	14	95	30	OldForest	612.704	14	14	100	20	0	ft	"13F"
WD	wepp-244792	"03:27 pm  Saturday February 22, 2014"	"MYSTIC LAKE MT"	30	loam	YoungForest	581.29	17	17	85	30	OldForest	50	17	17	100	20	0	ft	"13T"
WD	wepp-244799	"03:27 pm  Saturday February 22, 2014"	"MYSTIC LAKE MT"	30	loam	OldForest	236.833333333334	12	12	95	30	OldForest	373.264	12	12	100	20	0	ft	"14F"
WD	wepp-244806	"03:27 pm  Saturday February 22, 2014"	"MYSTIC LAKE MT"	30	loam	YoungForest	102.25	12	12	85	30	OldForest	824.4936	12	12	100	20	0	ft	"14T"
WD	wepp-244813	"03:27 pm  Saturday February 22, 2014"	"MYSTIC LAKE MT"	30	loam	YoungForest	132.4	10	10	85	30	OldForest	29.2248	10	10	100	20	0	ft	"15F"
WD	wepp-244820	"03:27 pm  Saturday February 22, 2014"	"MYSTIC LAKE MT"	30	loam	OldForest	261.777777777778	18	18	95	30	OldForest	116.932	18	18	100	20	0	ft	"15T"
WD	wepp-244827	"03:28 pm  Saturday February 22, 2014"	"MYSTIC LAKE MT"	30	loam	YoungForest	130.75	12	12	85	30	OldForest	50	12	12	100	20	0	ft	"16AT"
WD	wepp-244836	"03:28 pm  Saturday February 22, 2014"	"MYSTIC LAKE MT"	30	loam	YoungForest	130.5	10	10	85	30	OldForest	101.188	10	10	100	20	0	ft	"16F"
WD	wepp-244870	"03:28 pm  Saturday February 22, 2014"	"MYSTIC LAKE MT"	30	loam	YoungForest	440.52	19	19	85	30	OldForest	50	19	19	100	20	0	ft	"16T"
WD	wepp-244877	"03:28 pm  Saturday February 22, 2014"	"MYSTIC LAKE MT"	30	loam	YoungForest	232.909090909091	22	22	85	30	OldForest	940.376	22	22	100	20	0	ft	"17AT"
WD	wepp-244884	"03:28 pm  Saturday February 22, 2014"	"MYSTIC LAKE MT"	30	loam	YoungForest	70.5925925925932	27	27	85	30	OldForest	860.6392	27	27	100	20	0	ft	"17F"
WD	wepp-244891	"03:28 pm  Saturday February 22, 2014"	"MYSTIC LAKE MT"	30	loam	YoungForest	200.625	32	32	85	30	OldForest	625.004	32	32	100	20	0	ft	"17T"
WD	wepp-244898	"03:28 pm  Saturday February 22, 2014"	"MYSTIC LAKE MT"	30	loam	YoungForest	88.1666666666661	12	12	85	30	OldForest	604.832	12	12	100	20	0	ft	"18AT"
WD	wepp-244905	"03:28 pm  Saturday February 22, 2014"	"MYSTIC LAKE MT"	30	loam	LowFire	286.96875	32	32	85	30	OldForest	117.6536	32	32	100	20	0	ft	"18F"
WD	wepp-244912	"03:28 pm  Saturday February 22, 2014"	"MYSTIC LAKE MT"	30	loam	LowFire	354	22	22	85	30	LowFire	111.2248	22	22	85	20	0	ft	"18T"
WD	wepp-244919	"03:28 pm  Saturday February 22, 2014"	"MYSTIC LAKE MT"	30	loam	YoungForest	124.8	13	13	85	30	OldForest	377.9544	13	13	100	20	0	ft	"19F"
WD	wepp-244926	"03:28 pm  Saturday February 22, 2014"	"MYSTIC LAKE MT"	30	loam	YoungForest	124.8	10	10	85	30	OldForest	50	10	10	100	20	0	ft	"19T"
WD	wepp-244933	"03:28 pm  Saturday February 22, 2014"	"MYSTIC LAKE MT"	30	loam	LowFire	493.75	12	12	85	30	OldForest	191.1912	12	12	100	20	0	ft	"1F"
WD	wepp-244940	"03:28 pm  Saturday February 22, 2014"	"MYSTIC LAKE MT"	30	loam	YoungForest	426.17	17	17	85	30	OldForest	50	17	17	100	20	0	ft	"1T"
WD	wepp-244947	"03:28 pm  Saturday February 22, 2014"	"MYSTIC LAKE MT"	30	loam	YoungForest	88.09	21	21	85	30	OldForest	50	21	21	100	20	0	ft	"20F"
WD	wepp-244954	"03:28 pm  Saturday February 22, 2014"	"MYSTIC LAKE MT"	30	loam	YoungForest	586.619047619048	21	21	85	30	OldForest	50	21	21	100	20	0	ft	"20T"
WD	wepp-244961	"03:28 pm  Saturday February 22, 2014"	"MYSTIC LAKE MT"	30	loam	YoungForest	108.09090909091	11	11	85	30	OldForest	667.3816	11	11	100	20	0	ft	"21F"
WD	wepp-244969	"03:28 pm  Saturday February 22, 2014"	"MYSTIC LAKE MT"	30	loam	YoungForest	118.25	28	28	85	30	OldForest	47.9864	28	28	100	20	0	ft	"21T"
WD	wepp-244976	"03:28 pm  Saturday February 22, 2014"	"MYSTIC LAKE MT"	30	loam	YoungForest	370	15	15	85	30	OldForest	50	15	15	100	20	0	ft	"22F"
WD	wepp-244983	"03:28 pm  Saturday February 22, 2014"	"MYSTIC LAKE MT"	30	loam	YoungForest	157.25	36	36	85	30	OldForest	1707.404	36	36	100	20	0	ft	"22T"
WD	wepp-244990	"03:28 pm  Saturday February 22, 2014"	"MYSTIC LAKE MT"	30	loam	YoungForest	128.07	26	26	85	30	OldForest	50	26	26	100	20	0	ft	"23F"
WD	wepp-244997	"03:28 pm  Saturday February 22, 2014"	"MYSTIC LAKE MT"	30	loam	YoungForest	399.58	12	12	85	30	OldForest	50	12	12	100	20	0	ft	"23T"
WD	wepp-245004	"03:28 pm  Saturday February 22, 2014"	"MYSTIC LAKE MT"	30	loam	YoungForest	424.29	24	24	85	30	OldForest	50	24	24	100	20	0	ft	"24T"
WD	wepp-245011	"03:28 pm  Saturday February 22, 2014"	"MYSTIC LAKE MT"	30	loam	YoungForest	417.000000000001	7	7	85	30	OldForest	269.7144	7	7	100	20	0	ft	"25AT"
WD	wepp-245018	"03:28 pm  Saturday February 22, 2014"	"MYSTIC LAKE MT"	30	loam	YoungForest	313	8	8	85	30	OldForest	50	8	8	100	20	0	ft	"25T"
WD	wepp-245025	"03:28 pm  Saturday February 22, 2014"	"MYSTIC LAKE MT"	30	loam	YoungForest	124.142857142858	14	14	85	30	OldForest	233.372	14	14	100	20	0	ft	"26AT"
WD	wepp-245032	"03:29 pm  Saturday February 22, 2014"	"MYSTIC LAKE MT"	30	loam	YoungForest	122.357142857144	14	14	85	30	OldForest	294.216	14	14	100	20	0	ft	"26BT"
WD	wepp-245039	"03:29 pm  Saturday February 22, 2014"	"MYSTIC LAKE MT"	30	loam	YoungForest	344.73076923077	26	26	85	30	OldForest	41	26	26	100	20	0	ft	"26T"
WD	wepp-245054	"03:29 pm  Saturday February 22, 2014"	"MYSTIC LAKE MT"	30	loam	LowFire	346.966666666666	30	30	85	30	OldForest	305.6304	30	30	100	20	0	ft	"27AT"
WD	wepp-245095	"03:29 pm  Saturday February 22, 2014"	"MYSTIC LAKE MT"	30	sand	LowFire	265.774193548387	31	31	85	30	OldForest	1485.3808	31	31	100	20	0	ft	"27T"
WD	wepp-245136	"03:29 pm  Saturday February 22, 2014"	"MYSTIC LAKE MT"	30	sand	LowFire	529.95	40	40	85	30	OldForest	50	40	40	100	20	0	ft	"28F"
WD	wepp-245180	"03:29 pm  Saturday February 22, 2014"	"MYSTIC LAKE MT"	30	sand	YoungForest	347.43	32	32	85	30	OldForest	50	32	32	100	20	0	ft	"28T"
WD	wepp-245221	"03:29 pm  Saturday February 22, 2014"	"MYSTIC LAKE MT"	30	sand	LowFire	863.53	34	34	85	30	OldForest	50	34	34	100	20	0	ft	"29F"
WD	wepp-245259	"03:29 pm  Saturday February 22, 2014"	"MYSTIC LAKE MT"	30	sand	LowFire	452.153846153846	13	13	85	30	OldForest	229.84928	13	13	100	20	0	ft	"2F"
WD	wepp-245299	"03:29 pm  Saturday February 22, 2014"	"MYSTIC LAKE MT"	30	loam	LowFire	452.153846153846	13	13	85	30	OldForest	206.312	13	13	100	20	0	ft	"2F"
WD	wepp-245340	"03:29 pm  Saturday February 22, 2014"	"MYSTIC LAKE MT"	30	loam	YoungForest	847.800000000001	15	15	85	30	OldForest	174.2008	15	15	100	20	0	ft	"2T"
WD	wepp-245380	"03:29 pm  Saturday February 22, 2014"	"MYSTIC LAKE MT"	30	loam	OldForest	136.565217391304	46	46	95	30	OldForest	50	46	46	100	20	0	ft	"30AF"
WD	wepp-245419	"03:29 pm  Saturday February 22, 2014"	"MYSTIC LAKE MT"	30	sand	LowFire	579.02	34	34	85	30	OldForest	50	34	34	100	20	0	ft	"30F"
WD	wepp-245461	"03:29 pm  Saturday February 22, 2014"	"MYSTIC LAKE MT"	30	sand	LowFire	433.73	34	34	85	30	OldForest	50	34	34	100	20	0	ft	"31F"
WD	wepp-245505	"03:29 pm  Saturday February 22, 2014"	"MYSTIC LAKE MT"	30	sand	OldForest	88.43	23	23	95	30	OldForest	50	23	23	100	20	0	ft	"32F"
WD	wepp-245546	"03:29 pm  Saturday February 22, 2014"	"MYSTIC LAKE MT"	30	sand	OldForest	299.94	17	17	95	30	OldForest	50	17	17	100	20	0	ft	"33F"
WD	wepp-245589	"03:29 pm  Saturday February 22, 2014"	"MYSTIC LAKE MT"	30	sand	OldForest	231.54	24	24	95	30	OldForest	46.4448	24	24	100	20	0	ft	"34F"
WD	wepp-245625	"03:29 pm  Saturday February 22, 2014"	"MYSTIC LAKE MT"	30	sand	YoungForest	403.33	21	21	85	30	OldForest	50	21	21	100	20	0	ft	"36T"
WD	wepp-245666	"03:29 pm  Saturday February 22, 2014"	"MYSTIC LAKE MT"	30	sand	OldForest	221.19	36	36	95	30	OldForest	50	36	36	100	20	0	ft	"37AT"
WD	wepp-245708	"03:29 pm  Saturday February 22, 2014"	"MYSTIC LAKE MT"	30	sand	YoungForest	140.666666666667	39	39	85	30	OldForest	597.0256	39	39	100	20	0	ft	"37BT"
WD	wepp-245751	"03:29 pm  Saturday February 22, 2014"	"MYSTIC LAKE MT"	30	sand	YoungForest	551.8	31	31	85	30	OldForest	50	31	31	100	20	0	ft	"37T"
WD	wepp-332	"03:29 pm  Saturday February 22, 2014"	"MYSTIC LAKE MT"	30	sand	YoungForest	654.45	22	22	85	30	OldForest	50	22	22	100	20	0	ft	"38T"
WD	wepp-369	"03:29 pm  Saturday February 22, 2014"	"MYSTIC LAKE MT"	30	loam	Bunchgrass	267.3	10	10	85	30	OldForest	6.6912	10	10	100	20	0	ft	"3AF"
WD	wepp-410	"03:29 pm  Saturday February 22, 2014"	"MYSTIC LAKE MT"	30	loam	LowFire	693.57	7	7	85	30	OldForest	50	7	7	100	20	0	ft	"3F"
WD	wepp-452	"03:29 pm  Saturday February 22, 2014"	"MYSTIC LAKE MT"	30	loam	YoungForest	743.571428571431	14	14	85	30	OldForest	355.1092	14	14	100	20	0	ft	"3T"
WD	wepp-495	"03:29 pm  Saturday February 22, 2014"	"MYSTIC LAKE MT"	30	loam	LowFire	465.499999999997	6	6	85	30	OldForest	19.4504	6	6	100	20	0	ft	"4F"
WD	wepp-546	"03:29 pm  Saturday February 22, 2014"	"MYSTIC LAKE MT"	30	loam	LowFire	334.11	18	18	85	30	OldForest	50	18	18	100	20	0	ft	"4T"
WD	wepp-593	"03:29 pm  Saturday February 22, 2014"	"MYSTIC LAKE MT"	30	loam	OldForest	346.250000000001	8	8	95	30	OldForest	12.8576	8	8	100	20	0	ft	"5F"
WD	wepp-635	"03:29 pm  Saturday February 22, 2014"	"MYSTIC LAKE MT"	30	loam	YoungForest	544.73	26	26	85	30	LowFire	50	26	26	85	20	0	ft	"5T"
WD	wepp-679	"03:29 pm  Saturday February 22, 2014"	"MYSTIC LAKE MT"	30	loam	OldForest	361	8	8	85	30	OldForest	50	8	8	100	20	0	ft	"6F"
WD	wepp-723	"03:30 pm  Saturday February 22, 2014"	"MYSTIC LAKE MT"	30	loam	YoungForest	252.428571428571	21	21	85	30	OldForest	100.8928	21	21	100	20	0	ft	"6T"
WD	wepp-780	"03:30 pm  Saturday February 22, 2014"	"MYSTIC LAKE MT"	30	loam	YoungForest	377.791666666667	24	24	85	30	OldForest	825.7728	24	24	100	20	0	ft	"7T"
WD	wepp-816	"03:30 pm  Saturday February 22, 2014"	"MYSTIC LAKE MT"	30	loam	LowFire	349.375	32	32	85	30	OldForest	54.5792	32	32	100	20	0	ft	"8F"
WD	wepp-862	"03:30 pm  Saturday February 22, 2014"	"MYSTIC LAKE MT"	30	loam	LowFire	293.12	26	26	85	30	OldForest	36.4408	26	26	100	20	0	ft	"8T"
WD	wepp-903	"03:30 pm  Saturday February 22, 2014"	"MYSTIC LAKE MT"	30	loam	YoungForest	214.06	17	17	85	30	OldForest	50	17	17	100	20	0	ft	"9AF"
WD	wepp-944	"03:30 pm  Saturday February 22, 2014"	"MYSTIC LAKE MT"	30	loam	YoungForest	348.176470588236	17	17	85	30	OldForest	25.3872	17	17	100	20	0	ft	"9BF"
WD	wepp-986	"03:30 pm  Saturday February 22, 2014"	"MYSTIC LAKE MT"	30	loam	OldForest	74	18	18	95	30	OldForest	50	18	18	100	20	0	ft	"9F"
WD	wepp-1029	"03:30 pm  Saturday February 22, 2014"	"MYSTIC LAKE MT"	30	loam	YoungForest	329.21	14	14	85	30	OldForest	50	14	14	100	20	0	ft	"9T"
WD	wepp-5488	"03:43 pm  Saturday February 22, 2014"	"MYSTIC LAKE MT"	30	sand	HighFire	3000	30	40	5	45	HighFire	4000	60	40	5	35	0	ft	"SF0T0"
WD	wepp-5522	"03:43 pm  Saturday February 22, 2014"	"MYSTIC LAKE MT"	30	sand	HighFire	3000	25	40	5	45	HighFire	2600	50	30	5	35	0	ft	"NF2T0"
WD	wepp-5529	"03:43 pm  Saturday February 22, 2014"	"MYSTIC LAKE MT"	30	sand	Bunchgrass	3000	30	40	15	45	Bunchgrass	4000	60	40	50	35	0	ft	"SF0T5"
WD	wepp-5536	"03:43 pm  Saturday February 22, 2014"	"MYSTIC LAKE MT"	30	sand	Bunchgrass	3000	25	40	15	45	Bunchgrass	2600	50	30	50	35	0	ft	"NF2T5"
WD	wepp-5543	"03:43 pm  Saturday February 22, 2014"	"MYSTIC LAKE MT"	30	sand	Bunchgrass	3000	30	40	15	45	Bunchgrass	4000	60	40	50	35	0	ft	"SF0T10"
WD	wepp-5550	"03:43 pm  Saturday February 22, 2014"	"MYSTIC LAKE MT"	30	sand	Bunchgrass	3000	25	40	15	45	Bunchgrass	2600	50	30	50	35	0	ft	"NF2T10"
WD	wepp-5557	"03:43 pm  Saturday February 22, 2014"	"MYSTIC LAKE MT"	30	sand	OldForest	3000	30	40	15	45	OldForest	4000	60	40	50	35	0	ft	"SF0T-1"
WD	wepp-5564	"03:43 pm  Saturday February 22, 2014"	"MYSTIC LAKE MT"	30	sand	OldForest	3000	25	40	15	45	OldForest	2600	50	30	50	35	0	ft	"NF2T-1"
WD	wepp-10114	"04:00 pm  Saturday February 22, 2014"	"../working/170_144_96_174_a"	30	sand	HighFire	3000	30	40	5	45	HighFire	4000	60	40	5	35	0	ft	"SF0T0"
WD	wepp-10646	"04:01 pm  Saturday February 22, 2014"	"MYSTIC LAKE MT +"	30	sand	HighFire	3000	30	40	5	45	HighFire	4000	60	40	5	35	0	ft	"SF0T0"
WD	wepp-10721	"04:01 pm  Saturday February 22, 2014"	"MYSTIC LAKE MT +"	30	sand	HighFire	3000	25	40	5	45	HighFire	2600	50	30	5	35	0	ft	"NF2T0"
WD	wepp-10765	"04:01 pm  Saturday February 22, 2014"	"MYSTIC LAKE MT +"	30	sand	Bunchgrass	3000	30	40	15	45	Bunchgrass	4000	60	40	50	35	0	ft	"SF0T5"
WD	wepp-10809	"04:01 pm  Saturday February 22, 2014"	"MYSTIC LAKE MT +"	30	sand	Bunchgrass	3000	25	40	15	45	Bunchgrass	2600	50	30	50	35	0	ft	"NF2T5"
WD	wepp-10851	"04:01 pm  Saturday February 22, 2014"	"MYSTIC LAKE MT +"	30	sand	Bunchgrass	3000	30	40	15	45	Bunchgrass	4000	60	40	50	35	0	ft	"SF0T10"
WD	wepp-10896	"04:01 pm  Saturday February 22, 2014"	"MYSTIC LAKE MT +"	30	sand	Bunchgrass	3000	25	40	15	45	Bunchgrass	2600	50	30	50	35	0	ft	"NF2T10"
WD	wepp-10945	"04:01 pm  Saturday February 22, 2014"	"MYSTIC LAKE MT +"	30	sand	OldForest	3000	30	40	15	45	OldForest	4000	60	40	50	35	0	ft	"SF0T-1"
WD	wepp-10987	"04:01 pm  Saturday February 22, 2014"	"MYSTIC LAKE MT +"	30	sand	OldForest	3000	25	40	15	45	OldForest	2600	50	30	50	35	0	ft	"NF2T-1"
WD	wepp-11315	"04:02 pm  Saturday February 22, 2014"	"MYSTIC LAKE MT +"	30	sand	HighFire	3000	30	40	5	45	HighFire	4000	60	40	5	35	0	ft	"SF0T0"
WD	wepp-11350	"04:02 pm  Saturday February 22, 2014"	"MYSTIC LAKE MT +"	30	sand	HighFire	3000	25	40	5	45	HighFire	2600	50	30	5	35	0	ft	"NF2T0"
WD	wepp-11357	"04:02 pm  Saturday February 22, 2014"	"MYSTIC LAKE MT +"	30	sand	Bunchgrass	3000	30	40	15	45	Bunchgrass	4000	60	40	50	35	0	ft	"SF0T5"
WD	wepp-11364	"04:02 pm  Saturday February 22, 2014"	"MYSTIC LAKE MT +"	30	sand	Bunchgrass	3000	25	40	15	45	Bunchgrass	2600	50	30	50	35	0	ft	"NF2T5"
WD	wepp-11371	"04:02 pm  Saturday February 22, 2014"	"MYSTIC LAKE MT +"	30	sand	Bunchgrass	3000	30	40	15	45	Bunchgrass	4000	60	40	50	35	0	ft	"SF0T10"
WD	wepp-11378	"04:02 pm  Saturday February 22, 2014"	"MYSTIC LAKE MT +"	30	sand	Bunchgrass	3000	25	40	15	45	Bunchgrass	2600	50	30	50	35	0	ft	"NF2T10"
WD	wepp-11385	"04:02 pm  Saturday February 22, 2014"	"MYSTIC LAKE MT +"	30	sand	OldForest	3000	30	40	15	45	OldForest	4000	60	40	50	35	0	ft	"SF0T-1"
WD	wepp-11392	"04:02 pm  Saturday February 22, 2014"	"MYSTIC LAKE MT +"	30	sand	OldForest	3000	25	40	15	45	OldForest	2600	50	30	50	35	0	ft	"NF2T-1"
WD	wepp-11422	"04:05 pm  Saturday February 22, 2014"	"MYSTIC LAKE MT +"	30	loam	YoungForest	138.333333333334	21	21	85	30	OldForest	1118.152	21	21	100	20	0	ft	"10F"
WD	wepp-11456	"04:05 pm  Saturday February 22, 2014"	"MYSTIC LAKE MT +"	30	loam	YoungForest	399.416666666665	12	12	85	30	OldForest	116.112	12	12	100	20	0	ft	"10T"
WD	wepp-11463	"04:05 pm  Saturday February 22, 2014"	"MYSTIC LAKE MT +"	30	loam	YoungForest	194.05	20	20	85	30	OldForest	77.5392	20	20	100	20	0	ft	"11AT"
WD	wepp-11470	"04:05 pm  Saturday February 22, 2014"	"MYSTIC LAKE MT +"	30	loam	OldForest	114.612903225806	31	31	95	30	OldForest	1246.0064	31	31	100	20	0	ft	"11F"
WD	wepp-11477	"04:05 pm  Saturday February 22, 2014"	"MYSTIC LAKE MT +"	30	loam	YoungForest	201.6	20	20	85	30	OldForest	141.6632	20	20	100	20	0	ft	"11T"
WD	wepp-11484	"04:05 pm  Saturday February 22, 2014"	"MYSTIC LAKE MT +"	30	loam	YoungForest	182.692307692308	13	13	85	30	OldForest	930.208	13	13	100	20	0	ft	"12AF"
WD	wepp-11491	"04:06 pm  Saturday February 22, 2014"	"MYSTIC LAKE MT +"	30	loam	YoungForest	315.999999999999	10	10	85	30	OldForest	741.0832	10	10	100	20	0	ft	"12F"
WD	wepp-11498	"04:06 pm  Saturday February 22, 2014"	"MYSTIC LAKE MT +"	30	loam	YoungForest	221.666666666666	21	21	85	30	OldForest	50	21	21	100	20	0	ft	"12T"
WD	wepp-11505	"04:06 pm  Saturday February 22, 2014"	"MYSTIC LAKE MT +"	30	loam	YoungForest	66.9166666666664	12	12	85	30	OldForest	592.368	12	12	100	20	0	ft	"13AT"
WD	wepp-11512	"04:06 pm  Saturday February 22, 2014"	"MYSTIC LAKE MT +"	30	loam	YoungForest	126.399999999999	15	15	85	30	OldForest	902.984	15	15	100	20	0	ft	"13BT"
WD	wepp-11519	"04:06 pm  Saturday February 22, 2014"	"MYSTIC LAKE MT +"	30	loam	YoungForest	84.8888888888875	9	9	85	30	OldForest	714.712	9	9	100	20	0	ft	"13CT"
WD	wepp-11526	"04:06 pm  Saturday February 22, 2014"	"MYSTIC LAKE MT +"	30	loam	OldForest	270.428571428571	14	14	95	30	OldForest	612.704	14	14	100	20	0	ft	"13F"
WD	wepp-11533	"04:06 pm  Saturday February 22, 2014"	"MYSTIC LAKE MT +"	30	loam	YoungForest	581.29	17	17	85	30	OldForest	50	17	17	100	20	0	ft	"13T"
WD	wepp-11540	"04:06 pm  Saturday February 22, 2014"	"MYSTIC LAKE MT +"	30	loam	OldForest	236.833333333334	12	12	95	30	OldForest	373.264	12	12	100	20	0	ft	"14F"
WD	wepp-11547	"04:06 pm  Saturday February 22, 2014"	"MYSTIC LAKE MT +"	30	loam	YoungForest	102.25	12	12	85	30	OldForest	824.4936	12	12	100	20	0	ft	"14T"
WD	wepp-11554	"04:06 pm  Saturday February 22, 2014"	"MYSTIC LAKE MT +"	30	loam	YoungForest	132.4	10	10	85	30	OldForest	29.2248	10	10	100	20	0	ft	"15F"
WD	wepp-11561	"04:06 pm  Saturday February 22, 2014"	"MYSTIC LAKE MT +"	30	loam	OldForest	261.777777777778	18	18	95	30	OldForest	116.932	18	18	100	20	0	ft	"15T"
WD	wepp-11568	"04:06 pm  Saturday February 22, 2014"	"MYSTIC LAKE MT +"	30	loam	YoungForest	130.75	12	12	85	30	OldForest	50	12	12	100	20	0	ft	"16AT"
WD	wepp-11575	"04:06 pm  Saturday February 22, 2014"	"MYSTIC LAKE MT +"	30	loam	YoungForest	130.5	10	10	85	30	OldForest	101.188	10	10	100	20	0	ft	"16F"
WD	wepp-11582	"04:06 pm  Saturday February 22, 2014"	"MYSTIC LAKE MT +"	30	loam	YoungForest	440.52	19	19	85	30	OldForest	50	19	19	100	20	0	ft	"16T"
WD	wepp-11589	"04:06 pm  Saturday February 22, 2014"	"MYSTIC LAKE MT +"	30	loam	YoungForest	232.909090909091	22	22	85	30	OldForest	940.376	22	22	100	20	0	ft	"17AT"
WD	wepp-11596	"04:06 pm  Saturday February 22, 2014"	"MYSTIC LAKE MT +"	30	loam	YoungForest	70.5925925925932	27	27	85	30	OldForest	860.6392	27	27	100	20	0	ft	"17F"
WD	wepp-11603	"04:06 pm  Saturday February 22, 2014"	"MYSTIC LAKE MT +"	30	loam	YoungForest	200.625	32	32	85	30	OldForest	625.004	32	32	100	20	0	ft	"17T"
WD	wepp-11610	"04:06 pm  Saturday February 22, 2014"	"MYSTIC LAKE MT +"	30	loam	YoungForest	88.1666666666661	12	12	85	30	OldForest	604.832	12	12	100	20	0	ft	"18AT"
WD	wepp-11617	"04:06 pm  Saturday February 22, 2014"	"MYSTIC LAKE MT +"	30	loam	LowFire	286.96875	32	32	85	30	OldForest	117.6536	32	32	100	20	0	ft	"18F"
WD	wepp-11624	"04:06 pm  Saturday February 22, 2014"	"MYSTIC LAKE MT +"	30	loam	LowFire	354	22	22	85	30	LowFire	111.2248	22	22	85	20	0	ft	"18T"
WD	wepp-11631	"04:06 pm  Saturday February 22, 2014"	"MYSTIC LAKE MT +"	30	loam	YoungForest	124.8	13	13	85	30	OldForest	377.9544	13	13	100	20	0	ft	"19F"
WD	wepp-11638	"04:06 pm  Saturday February 22, 2014"	"MYSTIC LAKE MT +"	30	loam	YoungForest	124.8	10	10	85	30	OldForest	50	10	10	100	20	0	ft	"19T"
WD	wepp-11645	"04:06 pm  Saturday February 22, 2014"	"MYSTIC LAKE MT +"	30	loam	LowFire	493.75	12	12	85	30	OldForest	191.1912	12	12	100	20	0	ft	"1F"
WD	wepp-11652	"04:06 pm  Saturday February 22, 2014"	"MYSTIC LAKE MT +"	30	loam	YoungForest	426.17	17	17	85	30	OldForest	50	17	17	100	20	0	ft	"1T"
WD	wepp-11659	"04:06 pm  Saturday February 22, 2014"	"MYSTIC LAKE MT +"	30	loam	YoungForest	88.09	21	21	85	30	OldForest	50	21	21	100	20	0	ft	"20F"
WD	wepp-11666	"04:06 pm  Saturday February 22, 2014"	"MYSTIC LAKE MT +"	30	loam	YoungForest	586.619047619048	21	21	85	30	OldForest	50	21	21	100	20	0	ft	"20T"
WD	wepp-11673	"04:06 pm  Saturday February 22, 2014"	"MYSTIC LAKE MT +"	30	loam	YoungForest	108.09090909091	11	11	85	30	OldForest	667.3816	11	11	100	20	0	ft	"21F"
WD	wepp-11680	"04:06 pm  Saturday February 22, 2014"	"MYSTIC LAKE MT +"	30	loam	YoungForest	118.25	28	28	85	30	OldForest	47.9864	28	28	100	20	0	ft	"21T"
WD	wepp-11687	"04:06 pm  Saturday February 22, 2014"	"MYSTIC LAKE MT +"	30	loam	YoungForest	370	15	15	85	30	OldForest	50	15	15	100	20	0	ft	"22F"
WD	wepp-11694	"04:07 pm  Saturday February 22, 2014"	"MYSTIC LAKE MT +"	30	loam	YoungForest	157.25	36	36	85	30	OldForest	1707.404	36	36	100	20	0	ft	"22T"
WD	wepp-11701	"04:07 pm  Saturday February 22, 2014"	"MYSTIC LAKE MT +"	30	loam	YoungForest	128.07	26	26	85	30	OldForest	50	26	26	100	20	0	ft	"23F"
WD	wepp-11708	"04:07 pm  Saturday February 22, 2014"	"MYSTIC LAKE MT +"	30	loam	YoungForest	399.58	12	12	85	30	OldForest	50	12	12	100	20	0	ft	"23T"
WD	wepp-11715	"04:07 pm  Saturday February 22, 2014"	"MYSTIC LAKE MT +"	30	loam	YoungForest	424.29	24	24	85	30	OldForest	50	24	24	100	20	0	ft	"24T"
WD	wepp-11722	"04:07 pm  Saturday February 22, 2014"	"MYSTIC LAKE MT +"	30	loam	YoungForest	417.000000000001	7	7	85	30	OldForest	269.7144	7	7	100	20	0	ft	"25AT"
WD	wepp-11729	"04:07 pm  Saturday February 22, 2014"	"MYSTIC LAKE MT +"	30	loam	YoungForest	313	8	8	85	30	OldForest	50	8	8	100	20	0	ft	"25T"
WD	wepp-11736	"04:07 pm  Saturday February 22, 2014"	"MYSTIC LAKE MT +"	30	loam	YoungForest	124.142857142858	14	14	85	30	OldForest	233.372	14	14	100	20	0	ft	"26AT"
WD	wepp-11743	"04:07 pm  Saturday February 22, 2014"	"MYSTIC LAKE MT +"	30	loam	YoungForest	122.357142857144	14	14	85	30	OldForest	294.216	14	14	100	20	0	ft	"26BT"
WD	wepp-11750	"04:07 pm  Saturday February 22, 2014"	"MYSTIC LAKE MT +"	30	loam	YoungForest	344.73076923077	26	26	85	30	OldForest	41	26	26	100	20	0	ft	"26T"
WD	wepp-11760	"04:07 pm  Saturday February 22, 2014"	"MYSTIC LAKE MT +"	30	loam	LowFire	346.966666666666	30	30	85	30	OldForest	305.6304	30	30	100	20	0	ft	"27AT"
WD	wepp-11770	"04:07 pm  Saturday February 22, 2014"	"MYSTIC LAKE MT +"	30	sand	LowFire	265.774193548387	31	31	85	30	OldForest	1485.3808	31	31	100	20	0	ft	"27T"
WD	wepp-11777	"04:07 pm  Saturday February 22, 2014"	"MYSTIC LAKE MT +"	30	sand	LowFire	529.95	40	40	85	30	OldForest	50	40	40	100	20	0	ft	"28F"
WD	wepp-11784	"04:07 pm  Saturday February 22, 2014"	"MYSTIC LAKE MT +"	30	sand	YoungForest	347.43	32	32	85	30	OldForest	50	32	32	100	20	0	ft	"28T"
WD	wepp-11791	"04:07 pm  Saturday February 22, 2014"	"MYSTIC LAKE MT +"	30	sand	LowFire	863.53	34	34	85	30	OldForest	50	34	34	100	20	0	ft	"29F"
WD	wepp-11798	"04:07 pm  Saturday February 22, 2014"	"MYSTIC LAKE MT +"	30	sand	LowFire	452.153846153846	13	13	85	30	OldForest	229.84928	13	13	100	20	0	ft	"2F"
WD	wepp-11805	"04:07 pm  Saturday February 22, 2014"	"MYSTIC LAKE MT +"	30	loam	LowFire	452.153846153846	13	13	85	30	OldForest	206.312	13	13	100	20	0	ft	"2F"
WD	wepp-11812	"04:07 pm  Saturday February 22, 2014"	"MYSTIC LAKE MT +"	30	loam	YoungForest	847.800000000001	15	15	85	30	OldForest	174.2008	15	15	100	20	0	ft	"2T"
WD	wepp-11819	"04:07 pm  Saturday February 22, 2014"	"MYSTIC LAKE MT +"	30	loam	OldForest	136.565217391304	46	46	95	30	OldForest	50	46	46	100	20	0	ft	"30AF"
WD	wepp-11826	"04:07 pm  Saturday February 22, 2014"	"MYSTIC LAKE MT +"	30	sand	LowFire	579.02	34	34	85	30	OldForest	50	34	34	100	20	0	ft	"30F"
WD	wepp-11833	"04:07 pm  Saturday February 22, 2014"	"MYSTIC LAKE MT +"	30	sand	LowFire	433.73	34	34	85	30	OldForest	50	34	34	100	20	0	ft	"31F"
WD	wepp-11840	"04:07 pm  Saturday February 22, 2014"	"MYSTIC LAKE MT +"	30	sand	OldForest	88.43	23	23	95	30	OldForest	50	23	23	100	20	0	ft	"32F"
WD	wepp-11848	"04:07 pm  Saturday February 22, 2014"	"MYSTIC LAKE MT +"	30	sand	OldForest	299.94	17	17	95	30	OldForest	50	17	17	100	20	0	ft	"33F"
WD	wepp-11855	"04:07 pm  Saturday February 22, 2014"	"MYSTIC LAKE MT +"	30	sand	OldForest	231.54	24	24	95	30	OldForest	46.4448	24	24	100	20	0	ft	"34F"
WD	wepp-11862	"04:07 pm  Saturday February 22, 2014"	"MYSTIC LAKE MT +"	30	sand	YoungForest	403.33	21	21	85	30	OldForest	50	21	21	100	20	0	ft	"36T"
WD	wepp-11869	"04:07 pm  Saturday February 22, 2014"	"MYSTIC LAKE MT +"	30	sand	OldForest	221.19	36	36	95	30	OldForest	50	36	36	100	20	0	ft	"37AT"
WD	wepp-11876	"04:07 pm  Saturday February 22, 2014"	"MYSTIC LAKE MT +"	30	sand	YoungForest	140.666666666667	39	39	85	30	OldForest	597.0256	39	39	100	20	0	ft	"37BT"
WD	wepp-11883	"04:07 pm  Saturday February 22, 2014"	"MYSTIC LAKE MT +"	30	sand	YoungForest	551.8	31	31	85	30	OldForest	50	31	31	100	20	0	ft	"37T"
WD	wepp-11890	"04:07 pm  Saturday February 22, 2014"	"MYSTIC LAKE MT +"	30	sand	YoungForest	654.45	22	22	85	30	OldForest	50	22	22	100	20	0	ft	"38T"
WD	wepp-11897	"04:07 pm  Saturday February 22, 2014"	"MYSTIC LAKE MT +"	30	loam	Bunchgrass	267.3	10	10	85	30	OldForest	6.6912	10	10	100	20	0	ft	"3AF"
WD	wepp-11904	"04:08 pm  Saturday February 22, 2014"	"MYSTIC LAKE MT +"	30	loam	LowFire	693.57	7	7	85	30	OldForest	50	7	7	100	20	0	ft	"3F"
WD	wepp-11911	"04:08 pm  Saturday February 22, 2014"	"MYSTIC LAKE MT +"	30	loam	YoungForest	743.571428571431	14	14	85	30	OldForest	355.1092	14	14	100	20	0	ft	"3T"
WD	wepp-11918	"04:08 pm  Saturday February 22, 2014"	"MYSTIC LAKE MT +"	30	loam	LowFire	465.499999999997	6	6	85	30	OldForest	19.4504	6	6	100	20	0	ft	"4F"
WD	wepp-11925	"04:08 pm  Saturday February 22, 2014"	"MYSTIC LAKE MT +"	30	loam	LowFire	334.11	18	18	85	30	OldForest	50	18	18	100	20	0	ft	"4T"
WD	wepp-11932	"04:08 pm  Saturday February 22, 2014"	"MYSTIC LAKE MT +"	30	loam	OldForest	346.250000000001	8	8	95	30	OldForest	12.8576	8	8	100	20	0	ft	"5F"
WD	wepp-11939	"04:08 pm  Saturday February 22, 2014"	"MYSTIC LAKE MT +"	30	loam	YoungForest	544.73	26	26	85	30	LowFire	50	26	26	85	20	0	ft	"5T"
WD	wepp-11946	"04:08 pm  Saturday February 22, 2014"	"MYSTIC LAKE MT +"	30	loam	OldForest	361	8	8	85	30	OldForest	50	8	8	100	20	0	ft	"6F"
WD	wepp-11953	"04:08 pm  Saturday February 22, 2014"	"MYSTIC LAKE MT +"	30	loam	YoungForest	252.428571428571	21	21	85	30	OldForest	100.8928	21	21	100	20	0	ft	"6T"
WD	wepp-11960	"04:08 pm  Saturday February 22, 2014"	"MYSTIC LAKE MT +"	30	loam	YoungForest	377.791666666667	24	24	85	30	OldForest	825.7728	24	24	100	20	0	ft	"7T"
WD	wepp-11967	"04:08 pm  Saturday February 22, 2014"	"MYSTIC LAKE MT +"	30	loam	LowFire	349.375	32	32	85	30	OldForest	54.5792	32	32	100	20	0	ft	"8F"
WD	wepp-11974	"04:08 pm  Saturday February 22, 2014"	"MYSTIC LAKE MT +"	30	loam	LowFire	293.12	26	26	85	30	OldForest	36.4408	26	26	100	20	0	ft	"8T"
WD	wepp-11981	"04:08 pm  Saturday February 22, 2014"	"MYSTIC LAKE MT +"	30	loam	YoungForest	214.06	17	17	85	30	OldForest	50	17	17	100	20	0	ft	"9AF"
WD	wepp-11988	"04:08 pm  Saturday February 22, 2014"	"MYSTIC LAKE MT +"	30	loam	YoungForest	348.176470588236	17	17	85	30	OldForest	25.3872	17	17	100	20	0	ft	"9BF"
WD	wepp-11995	"04:08 pm  Saturday February 22, 2014"	"MYSTIC LAKE MT +"	30	loam	OldForest	74	18	18	95	30	OldForest	50	18	18	100	20	0	ft	"9F"
WD	wepp-12002	"04:08 pm  Saturday February 22, 2014"	"MYSTIC LAKE MT +"	30	loam	YoungForest	329.21	14	14	85	30	OldForest	50	14	14	100	20	0	ft	"9T"
