WR	wepp-102276	"08:59 am  Tuesday November 6, 2018"	"PALESTINE WB CITY TX"	30	clay	native	1000	4	13	15	50	130	25	20	inveg	ft
WR	wepp-102410	"09:04 am  Tuesday November 6, 2018"	"PALESTINE WB CITY TX"	30	silt	native	750	4	18	20	50	130	25	20	inveg	ft
WR	wepp-102456	"09:05 am  Tuesday November 6, 2018"	"PALESTINE WB CITY TX"	30	silt	native	250	4	18	20	50	130	25	20	inveg	ft
WR	wepp-102511	"09:06 am  Tuesday November 6, 2018"	"PALESTINE WB CITY TX"	30	silt	native	1000	4	18	20	50	130	25	20	inveg	ft
WR	wepp-127727	"03:14 am  Wednesday November 7, 2018"	"PALESTINE WB CITY TX"	30	silt	native	200	7.9	18	20	50	130	25	20	inveg	ft
WR	wepp-127766	"03:14 am  Wednesday November 7, 2018"	"PALESTINE WB CITY TX"	30	silt	native	1000	7.9	18	20	50	130	25	20	inveg	ft
WR	wepp-127871	"03:16 am  Wednesday November 7, 2018"	"PALESTINE WB CITY TX"	30	silt	native	750	7.9	18	20	50	130	25	20	inveg	ft
WR	wepp-127918	"03:17 am  Wednesday November 7, 2018"	"PALESTINE WB CITY TX"	30	silt	graveled	750	7.9	18	20	50	130	25	20	inveg	ft
WR	wepp-127975	"03:18 am  Wednesday November 7, 2018"	"PALESTINE WB CITY TX"	30	silt	graveled	1000	7.9	18	20	50	130	25	20	inveg	ft
WR	wepp-128052	"03:25 am  Wednesday November 7, 2018"	"PALESTINE WB CITY TX"	30	silt	graveled	80	7.9	18	20	50	130	25	20	inveg	ft
WR	wepp-128179	"03:31 am  Wednesday November 7, 2018"	"PALESTINE WB CITY TX"	30	silt	native	80	7.9	18	20	50	130	25	20	inveg	ft
WR	wepp-128228	"03:33 am  Wednesday November 7, 2018"	"PALESTINE WB CITY TX"	30	silt	native	80	7.9	18	20	50	130	25	20	inveg	ft
WR	wepp-128278	"03:35 am  Wednesday November 7, 2018"	"PALESTINE WB CITY TX"	30	silt	native	1000	3.8	18	20	50	130	25	20	inveg	ft
WR	wepp-128318	"03:36 am  Wednesday November 7, 2018"	"PALESTINE WB CITY TX"	30	silt	native	500	3.8	18	20	50	130	25	20	inveg	ft
WR	wepp-128371	"03:37 am  Wednesday November 7, 2018"	"PALESTINE WB CITY TX"	30	silt	native	135	3.8	18	20	50	130	25	20	inveg	ft
WR	wepp-128411	"03:38 am  Wednesday November 7, 2018"	"PALESTINE WB CITY TX"	30	silt	graveled	1000	3.8	18	20	50	130	25	20	inveg	ft
WR	wepp-128449	"03:38 am  Wednesday November 7, 2018"	"PALESTINE WB CITY TX"	30	silt	graveled	500	3.8	18	20	50	130	25	20	inveg	ft
WR	wepp-128543	"03:39 am  Wednesday November 7, 2018"	"PALESTINE WB CITY TX"	30	silt	graveled	135	3.8	18	20	50	130	25	20	inveg	ft
WR	wepp-172261	"11:39 am  Thursday November 8, 2018"	"PALESTINE WB CITY TX"	30	silt	native	150	5	18	20	50	130	25	20	inveg	ft
WR	wepp-172795	"11:53 am  Thursday November 8, 2018"	"PALESTINE WB CITY TX"	30	silt	native	300	4	18	20	50	130	25	20	inveg	ft
WR	wepp-172933	"11:55 am  Thursday November 8, 2018"	"PALESTINE WB CITY TX"	30	silt	native	135	4	18	20	50	130	25	20	inveg	ft
WR	wepp-173048	"12:00 pm  Thursday November 8, 2018"	"PALESTINE WB CITY TX"	30	silt	graveled	300	4	18	20	50	130	25	20	inveg	ft
WR	wepp-173088	"12:01 pm  Thursday November 8, 2018"	"PALESTINE WB CITY TX"	30	silt	graveled	135	4	18	20	50	130	25	20	inveg	ft
WR	wepp-120961	"01:23 pm  Sunday November 11, 2018"	"PALESTINE WB CITY TX"	30	silt	native	272	5	18	20	50	130	25	20	inveg	ft
WR	wepp-121029	"01:28 pm  Sunday November 11, 2018"	"PALESTINE WB CITY TX"	30	silt	native	135	4	18	20	50	130	25	20	inveg	ft
WR	wepp-121263	"01:41 pm  Sunday November 11, 2018"	"PALESTINE WB CITY TX"	30	silt	native	135	5	18	20	50	130	25	20	inveg	ft
WR	wepp-121307	"01:42 pm  Sunday November 11, 2018"	"PALESTINE WB CITY TX"	30	silt	native	272	5	18	20	50	130	25	20	inveg	ft
WR	wepp-121350	"01:42 pm  Sunday November 11, 2018"	"PALESTINE WB CITY TX"	30	silt	native	135	5	18	20	50	130	25	20	inveg	ft
WR	wepp-121391	"01:43 pm  Sunday November 11, 2018"	"PALESTINE WB CITY TX"	30	silt	native	272	5	18	20	50	130	25	20	inveg	ft
WR	wepp-121437	"01:43 pm  Sunday November 11, 2018"	"PALESTINE WB CITY TX"	30	silt	native	135	5	18	20	50	130	25	20	inveg	ft
WR	wepp-121476	"01:44 pm  Sunday November 11, 2018"	"PALESTINE WB CITY TX"	30	silt	graveled	135	5	18	20	50	130	25	20	inveg	ft
WR	wepp-121561	"01:45 pm  Sunday November 11, 2018"	"PALESTINE WB CITY TX"	30	silt	graveled	272	5	18	20	50	130	25	20	inveg	ft
WR	wepp-134930	"04:48 am  Monday November 12, 2018"	"PALESTINE WB CITY TX"	30	silt	native	272	5	18	20	50	130	25	20	inveg	ft
WR	wepp-134970	"04:49 am  Monday November 12, 2018"	"PALESTINE WB CITY TX"	30	silt	native	135	5	18	20	50	130	25	20	inveg	ft
WR	wepp-135010	"04:49 am  Monday November 12, 2018"	"PALESTINE WB CITY TX"	30	silt	graveled	135	5	18	20	50	130	25	20	inveg	ft
WR	wepp-135048	"04:50 am  Monday November 12, 2018"	"PALESTINE WB CITY TX"	30	silt	graveled	272	5	18	20	50	130	25	20	inveg	ft
WR	wepp-135089	"04:51 am  Monday November 12, 2018"	"PALESTINE WB CITY TX"	30	silt	native	185	10	18	20	50	130	25	20	inveg	ft
WR	wepp-135127	"04:51 am  Monday November 12, 2018"	"PALESTINE WB CITY TX"	30	silt	native	80	10	18	20	50	130	25	20	inveg	ft
WR	wepp-135166	"04:51 am  Monday November 12, 2018"	"PALESTINE WB CITY TX"	30	silt	graveled	80	10	18	20	50	130	25	20	inveg	ft
WR	wepp-135205	"04:52 am  Monday November 12, 2018"	"PALESTINE WB CITY TX"	30	silt	graveled	80	10	18	20	50	130	25	20	inveg	ft
WR	wepp-135246	"04:53 am  Monday November 12, 2018"	"PALESTINE WB CITY TX"	30	silt	graveled	185	10	18	20	50	130	25	20	inveg	ft
WR	wepp-135296	"04:55 am  Monday November 12, 2018"	"PALESTINE WB CITY TX"	30	silt	native	152	20	18	20	50	130	25	20	inveg	ft
WR	wepp-135338	"04:55 am  Monday November 12, 2018"	"PALESTINE WB CITY TX"	30	silt	native	45	20	18	20	50	130	25	20	inveg	ft
WR	wepp-135375	"04:56 am  Monday November 12, 2018"	"PALESTINE WB CITY TX"	30	silt	graveled	45	20	18	20	50	130	25	20	inveg	ft
WR	wepp-135416	"04:57 am  Monday November 12, 2018"	"PALESTINE WB CITY TX"	30	silt	graveled	152	20	18	20	50	130	25	20	inveg	ft
WR	wepp-135462	"04:58 am  Monday November 12, 2018"	"PALESTINE WB CITY TX"	30	silt	native	70	2	18	20	50	130	25	20	inveg	ft
WR	wepp-135502	"04:59 am  Monday November 12, 2018"	"PALESTINE WB CITY TX"	30	silt	native	250	2	18	20	50	130	25	20	inveg	ft
WR	wepp-135540	"04:59 am  Monday November 12, 2018"	"PALESTINE WB CITY TX"	30	silt	graveled	250	2	18	20	50	130	25	20	inveg	ft
WR	wepp-135579	"04:59 am  Monday November 12, 2018"	"PALESTINE WB CITY TX"	30	silt	graveled	70	2	18	20	50	130	25	20	inveg	ft
WR	wepp-135672	"05:01 am  Monday November 12, 2018"	"PALESTINE WB CITY TX"	30	silt	native	120	5	18	20	50	130	25	20	inveg	ft
WR	wepp-135712	"05:01 am  Monday November 12, 2018"	"PALESTINE WB CITY TX"	30	silt	native	135	5	18	20	50	130	25	20	inveg	ft
WR	wepp-135752	"05:02 am  Monday November 12, 2018"	"PALESTINE WB CITY TX"	30	silt	native	120	5	18	20	50	130	25	20	inveg	ft
WR	wepp-135792	"05:02 am  Monday November 12, 2018"	"PALESTINE WB CITY TX"	30	silt	graveled	120	5	18	20	50	130	25	20	inveg	ft
WR	wepp-135829	"05:02 am  Monday November 12, 2018"	"PALESTINE WB CITY TX"	30	silt	native	120	5	18	20	50	130	25	20	inveg	ft
WR	wepp-135870	"05:03 am  Monday November 12, 2018"	"PALESTINE WB CITY TX"	30	silt	native	133	20	18	20	50	130	25	20	inveg	ft
WR	wepp-135910	"05:04 am  Monday November 12, 2018"	"PALESTINE WB CITY TX"	30	silt	native	45	20	18	20	50	130	25	20	inveg	ft
WR	wepp-135947	"05:04 am  Monday November 12, 2018"	"PALESTINE WB CITY TX"	30	silt	graveled	45	20	18	20	50	130	25	20	inveg	ft
WR	wepp-135990	"05:05 am  Monday November 12, 2018"	"PALESTINE WB CITY TX"	30	silt	graveled	133	20	18	20	50	130	25	20	inveg	ft
WR	wepp-136042	"05:08 am  Monday November 12, 2018"	"PALESTINE WB CITY TX"	30	silt	native	272	10	18	20	50	130	25	20	inveg	ft
WR	wepp-136139	"05:09 am  Monday November 12, 2018"	"PALESTINE WB CITY TX"	30	silt	native	80	10	18	20	50	130	25	20	inveg	ft
WR	wepp-136177	"05:09 am  Monday November 12, 2018"	"PALESTINE WB CITY TX"	30	silt	graveled	80	10	18	20	50	130	25	20	inveg	ft
WR	wepp-136215	"05:09 am  Monday November 12, 2018"	"PALESTINE WB CITY TX"	30	silt	graveled	272	10	18	20	50	130	25	20	inveg	ft
WR	wepp-136257	"05:10 am  Monday November 12, 2018"	"PALESTINE WB CITY TX"	30	silt	native	353	5	18	20	50	130	25	20	inveg	ft
WR	wepp-136294	"05:11 am  Monday November 12, 2018"	"PALESTINE WB CITY TX"	30	silt	native	135	5	18	20	50	130	25	20	inveg	ft
WR	wepp-136333	"05:11 am  Monday November 12, 2018"	"PALESTINE WB CITY TX"	30	silt	graveled	135	5	18	20	50	130	25	20	inveg	ft
WR	wepp-136377	"05:12 am  Monday November 12, 2018"	"PALESTINE WB CITY TX"	30	silt	graveled	353	5	18	20	50	130	25	20	inveg	ft
