WE	wepp-235365	"09:38 pm  Sunday February 22, 2015"	"CLIFF 10 SE NM"	sand	30	forest	0	50	30	300	m			ft
WE	wepp-235603	"09:47 pm  Sunday February 22, 2015"	"CLIFF 10 SE NM"	sand	20	forest	0	50	30	300	m			ft
WE	wepp-24626	"11:57 pm  Monday February 23, 2015"	"CLIFF 10 SE NM"	sand	20	forest	5	20	2	1000	u			ft
WE	wepp-24746	"11:58 pm  Monday February 23, 2015"	"CLIFF 10 SE NM"	sand	20	forest	5	20	2	1000	l			ft
WE	wepp-24910	"11:59 pm  Monday February 23, 2015"	"CLIFF 10 SE NM"	clay	20	forest	0	50	30	300	u			ft
WE	wepp-30930	"05:08 am  Tuesday February 24, 2015"	"CLIFF 10 SE NM"	sand	20	forest	5	20	4	1000	m			ft
WE	wepp-31258	"05:13 am  Tuesday February 24, 2015"	"BEAVERHEAD RS NM"	sand	20	forest	0	25	3	1000	m			ft
WR	wepp-179198	"07:35 am  Saturday March 26, 2016"	"CLIFF 10 SE NM"	30	clay	native	200	4	13	15	50	100	25	20	inveg	ft
WR	wepp-179235	"07:35 am  Saturday March 26, 2016"	"CLIFF 10 SE NM"	30	clay	native	200	4	13	15	50	100	25	20	inveg	ft
WR	wepp-179271	"07:35 am  Saturday March 26, 2016"	"CLIFF 10 SE NM"	30	clay	native	200	4	13	15	50	200	25	20	inveg	ft
WR	wepp-179353	"07:41 am  Saturday March 26, 2016"	"CLIFF 10 SE NM"	30	clay	native	200	4	13	15	50	100	25	20	inveg	ft
WR	wepp-179392	"07:42 am  Saturday March 26, 2016"	"CLIFF 10 SE NM"	30	clay	native	200	4	13	15	50	250	25	20	inveg	ft
WR	wepp-179429	"07:42 am  Saturday March 26, 2016"	"CLIFF 10 SE NM"	30	clay	native	200	4	13	15	50	300	25	20	inveg	ft
WR	wepp-179466	"07:42 am  Saturday March 26, 2016"	"CLIFF 10 SE NM"	30	clay	native	200	4	13	15	50	500	25	20	inveg	ft
WR	wepp-179509	"07:44 am  Saturday March 26, 2016"	"CLIFF 10 SE NM"	30	clay	native	200	4	13	15	50	300	25	20	inveg	ft
WE	wepp-101606	"06:58 pm  Wednesday March 29, 2017"	"BEAVERHEAD RS NM"	clay	20	range	0	50	30	300	m	15	75	ft
WE	wepp-101797	"07:02 pm  Wednesday March 29, 2017"	"BEAVERHEAD RS NM"	clay	20	range	0	50	30	300	h	15	75	ft
WE	wepp-102029	"07:03 pm  Wednesday March 29, 2017"	"BEAVERHEAD RS NM"	clay	20	forest	0	50	30	300	h			ft
WF	wepp-102256	"07:06 pm  Wednesday March 29, 2017"	"BEAVERHEAD RS NM"	sand	200	50	0	30	15	40	20	20	4	ft
WR	wepp-102343	"07:08 pm  Wednesday March 29, 2017"	"CLIFF 10 SE NM"	30	clay	graveled	200	4	13	15	50	130	25	20	inbare	ft
WR	wepp-102391	"07:09 pm  Wednesday March 29, 2017"	"CLIFF 10 SE NM"	30	clay	native	200	4	13	15	50	130	25	20	outrut	ft
WR	wepp-102427	"07:11 pm  Wednesday March 29, 2017"	"BEAVERHEAD RS NM"	30	clay	native	200	4	13	15	50	130	25	20	outrut	ft
WR	wepp-102486	"07:15 pm  Wednesday March 29, 2017"	"RED RIVER NM"	30	sand	native	200	4	13	15	50	130	25	20	inveg	ft
WR	wepp-102525	"07:16 pm  Wednesday March 29, 2017"	"RED RIVER NM"	30	clay	native	200	4	13	15	50	130	25	20	outrut	ft
