WR	wepp-165606	"11:40 am  Tuesday January 13, 2015"	"Colville Lower +"	30	clay	native	380	8	13	5	90	30	1	20	outrut	ft
WR	wepp-166457	"11:52 am  Tuesday January 13, 2015"	"Colville Lower +"	30	clay	native	380	8	13	5	90	1	90	20	outrut	ft
WR	wepp-166515	"11:53 am  Tuesday January 13, 2015"	"Colville Lower +"	30	silt	native	380	8	13	5	90	1	90	30	outrut	ft
WR	wepp-166560	"11:53 am  Tuesday January 13, 2015"	"Colville Lower +"	30	silt	native	380	8	13	5	90	1	90	30	outrut	ft
WF	wepp-175273	"02:30 pm  Tuesday January 13, 2015"	"Lower sameT +"	clay	200	50	0	30	15	40	20	20	4	ft
WF	wepp-175341	"02:30 pm  Tuesday January 13, 2015"	"Lower sameT +"	clay	200	50	0	30	15	40	20	20	4	ft
WR	wepp-169134	"10:54 am  Wednesday May 6, 2015"	"COLVILLE WB AP WA +"	30	clay	native	300	1	14	15	50	130	25	20	outunrut	ft
WR	wepp-169220	"10:54 am  Wednesday May 6, 2015"	"COLVILLE WB AP WA +"	30	clay	native	300	1	14	15	50	130	25	20	outrut	ft
WR	wepp-169273	"10:55 am  Wednesday May 6, 2015"	"COLVILLE WB AP WA +"	30	clay	native	300	2	14	15	50	100	25	20	outunrut	ft
WR	wepp-169319	"10:55 am  Wednesday May 6, 2015"	"COLVILLE WB AP WA +"	30	clay	native	300	2	14	15	50	100	25	20	outrut	ft
WR	wepp-169386	"10:58 am  Wednesday May 6, 2015"	"COLVILLE WB AP WA +"	30	clay	graveled	300	2	14	15	50	100	25	20	outunrut	ft
WR	wepp-169477	"10:59 am  Wednesday May 6, 2015"	"COLVILLE WB AP WA +"	30	clay	graveled	300	2	14	15	50	100	25	20	outunrut	ft
WR	wepp-169535	"11:00 am  Wednesday May 6, 2015"	"COLVILLE WB AP WA +"	30	silt	graveled	300	2	14	15	50	100	25	20	outunrut	ft
WR	wepp-169577	"11:00 am  Wednesday May 6, 2015"	"COLVILLE WB AP WA +"	30	silt	graveled	300	2	14	15	50	100	25	20	outunrut	ft
WR	wepp-169622	"11:00 am  Wednesday May 6, 2015"	"COLVILLE WB AP WA +"	30	silt	graveled	300	2	14	15	50	1	25	20	outunrut	ft
WR	wepp-169680	"11:01 am  Wednesday May 6, 2015"	"COLVILLE WB AP WA +"	30	silt	graveled	300	2	14	15	50	1	25	20	outunrut	ft
WR	wepp-169721	"11:01 am  Wednesday May 6, 2015"	"COLVILLE WB AP WA +"	30	silt	native	300	2	14	15	50	1	25	20	outunrut	ft
WR	wepp-169759	"11:02 am  Wednesday May 6, 2015"	"COLVILLE WB AP WA +"	30	silt	native	300	2	14	15	50	1	25	20	outrut	ft
WR	wepp-169799	"11:02 am  Wednesday May 6, 2015"	"COLVILLE WB AP WA +"	30	silt	native	300	4	14	15	50	1	25	20	outrut	ft
WR	wepp-169838	"11:02 am  Wednesday May 6, 2015"	"COLVILLE WB AP WA +"	30	silt	native	300	4	14	15	50	1	25	20	outunrut	ft
WR	wepp-169881	"11:02 am  Wednesday May 6, 2015"	"COLVILLE WB AP WA +"	30	silt	native	300	4	14	15	50	1	25	20	outrut	ft
WR	wepp-169920	"11:03 am  Wednesday May 6, 2015"	"COLVILLE WB AP WA +"	30	silt	graveled	300	4	14	15	50	1	25	20	outunrut	ft
WR	wepp-169962	"11:03 am  Wednesday May 6, 2015"	"COLVILLE WB AP WA +"	30	silt	graveled	300	4	14	15	50	1	25	20	outunrut	ft
WR	wepp-170002	"11:03 am  Wednesday May 6, 2015"	"COLVILLE WB AP WA +"	30	silt	native	300	6	14	15	50	1	25	20	outunrut	ft
WR	wepp-170041	"11:03 am  Wednesday May 6, 2015"	"COLVILLE WB AP WA +"	30	silt	native	300	6	14	15	50	1	25	20	outrut	ft
WR	wepp-170106	"11:04 am  Wednesday May 6, 2015"	"COLVILLE WB AP WA +"	30	silt	graveled	300	6	14	15	50	1	25	20	outrut	ft
WR	wepp-170146	"11:04 am  Wednesday May 6, 2015"	"COLVILLE WB AP WA +"	30	silt	graveled	300	6	14	15	50	1	25	20	outrut	ft
WR	wepp-170189	"11:04 am  Wednesday May 6, 2015"	"COLVILLE WB AP WA +"	30	silt	native	300	8	14	15	50	1	25	20	outrut	ft
WR	wepp-170238	"11:05 am  Wednesday May 6, 2015"	"COLVILLE WB AP WA +"	30	silt	native	300	8	14	15	50	1	25	20	outrut	ft
WR	wepp-170276	"11:05 am  Wednesday May 6, 2015"	"COLVILLE WB AP WA +"	30	silt	graveled	300	8	14	15	50	1	25	20	outunrut	ft
WR	wepp-170315	"11:05 am  Wednesday May 6, 2015"	"COLVILLE WB AP WA +"	30	silt	graveled	300	8	14	15	50	1	25	20	outunrut	ft
WR	wepp-170372	"11:06 am  Wednesday May 6, 2015"	"COLVILLE WB AP WA +"	30	silt	native	300	8	14	15	50	1	25	20	outunrut	ft
WR	wepp-170419	"11:07 am  Wednesday May 6, 2015"	"COLVILLE WB AP WA +"	30	silt	graveled	300	6	14	15	50	1	25	20	outunrut	ft
WR	wepp-170474	"11:08 am  Wednesday May 6, 2015"	"COLVILLE WB AP WA +"	30	silt	graveled	300	8	14	15	50	1	25	20	outunrut	ft
WR	wepp-170523	"11:09 am  Wednesday May 6, 2015"	"COLVILLE WB AP WA +"	30	silt	graveled	300	6	14	15	50	1	25	20	outunrut	ft
WR	wepp-173806	"01:23 pm  Wednesday May 6, 2015"	"COLVILLE WB AP WA +"	30	silt	graveled	300	8	14	15	50	1	25	20	outunrut	ft
WR	wepp-180287	"04:23 pm  Wednesday May 6, 2015"	"COLVILLE WB AP WA +"	30	silt	native	265	3	12	7	50	1	30	25	outunrut	ft
WR	wepp-180368	"04:25 pm  Wednesday May 6, 2015"	"COLVILLE WB AP WA +"	30	silt	native	265	3	12	7	50	1	30	25	outunrut	ft
WR	wepp-180418	"04:27 pm  Wednesday May 6, 2015"	"COLVILLE WB AP WA +"	30	silt	native	265	3	12	7	50	1	30	25	outrut	ft
WR	wepp-180463	"04:27 pm  Wednesday May 6, 2015"	"COLVILLE WB AP WA +"	30	silt	graveled	265	3	12	7	50	1	30	25	outunrut	ft
WR	wepp-180509	"04:28 pm  Wednesday May 6, 2015"	"COLVILLE WB AP WA +"	30	silt	graveled	265	3	12	7	50	1	30	25	outunrut	ft
WR	wepp-180793	"04:38 pm  Wednesday May 6, 2015"	"COLVILLE WB AP WA +"	30	silt	native	265	9	12	7	50	1	30	25	outunrut	ft
WR	wepp-180854	"04:39 pm  Wednesday May 6, 2015"	"COLVILLE WB AP WA +"	30	silt	native	265	9	12	7	50	1	30	25	outunrut	ft
WR	wepp-180917	"04:40 pm  Wednesday May 6, 2015"	"COLVILLE WB AP WA +"	30	silt	native	265	9	12	7	50	1	30	25	outrut	ft
WR	wepp-180973	"04:41 pm  Wednesday May 6, 2015"	"COLVILLE WB AP WA +"	30	silt	graveled	265	9	14	7	50	1	30	25	outunrut	ft
WR	wepp-181015	"04:41 pm  Wednesday May 6, 2015"	"COLVILLE WB AP WA +"	30	silt	graveled	265	3	14	7	50	1	30	25	outunrut	ft
WR	wepp-181072	"04:42 pm  Wednesday May 6, 2015"	"COLVILLE WB AP WA +"	30	silt	graveled	265	3	14	7	50	1	30	25	outunrut	ft
WR	wepp-181157	"04:44 pm  Wednesday May 6, 2015"	"COLVILLE WB AP WA +"	30	silt	graveled	265	9	14	7	50	1	30	25	outunrut	ft
WR	wepp-181218	"04:45 pm  Wednesday May 6, 2015"	"COLVILLE WB AP WA +"	30	silt	graveled	265	9	14	7	50	1	30	25	outunrut	ft
WR	wepp-181300	"04:48 pm  Wednesday May 6, 2015"	"COLVILLE WB AP WA +"	30	silt	native	265	3	12	7	50	1	30	25	outrut	ft
WR	wepp-181701	"04:57 pm  Wednesday May 6, 2015"	"COLVILLE WB AP WA +"	30	silt	native	265	9	12	7	50	1	30	25	outrut	ft
WR	wepp-182116	"05:11 pm  Wednesday May 6, 2015"	"COLVILLE WB AP WA +"	30	silt	native	265	3	12	7	50	50	30	25	outunrut	ft
WR	wepp-182170	"05:13 pm  Wednesday May 6, 2015"	"COLVILLE WB AP WA +"	30	silt	native	265	3	12	7	50	50	30	25	outunrut	ft
WR	wepp-182214	"05:13 pm  Wednesday May 6, 2015"	"COLVILLE WB AP WA +"	30	silt	native	265	3	12	7	50	50	30	25	outrut	ft
WR	wepp-182257	"05:14 pm  Wednesday May 6, 2015"	"COLVILLE WB AP WA +"	30	silt	native	265	3	12	7	50	50	30	25	outrut	ft
WR	wepp-182344	"05:17 pm  Wednesday May 6, 2015"	"COLVILLE WB AP WA +"	30	silt	native	265	9	12	7	50	50	30	25	outunrut	ft
WR	wepp-182538	"05:21 pm  Wednesday May 6, 2015"	"COLVILLE WB AP WA +"	30	silt	native	265	9	12	7	50	50	30	25	outunrut	ft
WR	wepp-182583	"05:21 pm  Wednesday May 6, 2015"	"COLVILLE WB AP WA +"	30	silt	native	265	9	12	7	50	50	30	25	outrut	ft
WR	wepp-182633	"05:23 pm  Wednesday May 6, 2015"	"COLVILLE WB AP WA +"	30	silt	native	265	9	12	7	50	50	30	25	outrut	ft
WR	wepp-182691	"05:24 pm  Wednesday May 6, 2015"	"COLVILLE WB AP WA +"	30	silt	graveled	265	9	14	7	50	50	30	25	outrut	ft
WR	wepp-182761	"05:25 pm  Wednesday May 6, 2015"	"COLVILLE WB AP WA +"	30	silt	graveled	265	9	14	7	50	50	30	25	outunrut	ft
WR	wepp-182818	"05:26 pm  Wednesday May 6, 2015"	"COLVILLE WB AP WA +"	30	silt	graveled	265	9	14	7	50	50	30	25	outunrut	ft
WR	wepp-182885	"05:27 pm  Wednesday May 6, 2015"	"COLVILLE WB AP WA +"	30	silt	graveled	265	3	14	7	50	50	30	25	outunrut	ft
WR	wepp-182938	"05:28 pm  Wednesday May 6, 2015"	"COLVILLE WB AP WA +"	30	silt	graveled	265	3	14	7	50	50	30	25	outunrut	ft
WR	wepp-183037	"05:30 pm  Wednesday May 6, 2015"	"COLVILLE WB AP WA +"	30	silt	native	265	3	12	7	50	255	30	25	outrut	ft
WR	wepp-183096	"05:30 pm  Wednesday May 6, 2015"	"COLVILLE WB AP WA +"	30	silt	native	265	9	12	7	50	255	30	25	outrut	ft
WR	wepp-183228	"05:31 pm  Wednesday May 6, 2015"	"COLVILLE WB AP WA +"	30	silt	native	265	9	12	7	50	255	30	25	outrut	ft
WR	wepp-183274	"05:32 pm  Wednesday May 6, 2015"	"COLVILLE WB AP WA +"	30	silt	native	265	9	12	7	50	255	30	25	outunrut	ft
WR	wepp-183331	"05:33 pm  Wednesday May 6, 2015"	"COLVILLE WB AP WA +"	30	silt	native	265	9	12	7	50	255	30	25	outunrut	ft
WR	wepp-183376	"05:33 pm  Wednesday May 6, 2015"	"COLVILLE WB AP WA +"	30	silt	native	265	9	12	7	50	255	30	25	outrut	ft
WR	wepp-183425	"05:34 pm  Wednesday May 6, 2015"	"COLVILLE WB AP WA +"	30	silt	native	265	9	12	7	50	255	30	25	outrut	ft
WR	wepp-183497	"05:35 pm  Wednesday May 6, 2015"	"COLVILLE WB AP WA +"	30	silt	native	265	3	12	7	50	255	30	25	outrut	ft
WR	wepp-183536	"05:35 pm  Wednesday May 6, 2015"	"COLVILLE WB AP WA +"	30	silt	native	265	3	12	7	50	255	30	25	outunrut	ft
WR	wepp-183580	"05:36 pm  Wednesday May 6, 2015"	"COLVILLE WB AP WA +"	30	silt	native	265	3	12	7	50	255	30	25	outunrut	ft
WR	wepp-183619	"05:36 pm  Wednesday May 6, 2015"	"COLVILLE WB AP WA +"	30	silt	native	265	3	12	7	50	255	30	25	outunrut	ft
WR	wepp-183654	"05:36 pm  Wednesday May 6, 2015"	"COLVILLE WB AP WA +"	30	silt	native	265	3	12	7	50	255	30	25	outunrut	ft
WR	wepp-183772	"05:36 pm  Wednesday May 6, 2015"	"COLVILLE WB AP WA +"	30	silt	native	265	3	12	7	50	255	30	25	outrut	ft
WR	wepp-183819	"05:37 pm  Wednesday May 6, 2015"	"COLVILLE WB AP WA +"	30	silt	native	265	3	12	7	50	255	30	25	outrut	ft
WR	wepp-183867	"05:38 pm  Wednesday May 6, 2015"	"COLVILLE WB AP WA +"	30	silt	graveled	265	3	14	7	50	255	30	25	outunrut	ft
WR	wepp-183934	"05:39 pm  Wednesday May 6, 2015"	"COLVILLE WB AP WA +"	30	silt	graveled	265	3	14	7	50	255	30	25	outunrut	ft
WR	wepp-183995	"05:40 pm  Wednesday May 6, 2015"	"COLVILLE WB AP WA +"	30	silt	graveled	265	9	14	7	50	255	30	25	outunrut	ft
WR	wepp-184041	"05:40 pm  Wednesday May 6, 2015"	"COLVILLE WB AP WA +"	30	silt	graveled	265	9	14	7	50	255	30	25	outunrut	ft
WR	wepp-184085	"05:41 pm  Wednesday May 6, 2015"	"COLVILLE WB AP WA +"	30	silt	graveled	265	9	14	7	50	255	30	25	outrut	ft
