WR	wepp-789	"07:16 am  Friday November 5, 2010"	"AUGUSTA CAA AIRPORT ME"	30	sand	graveled	500	5	13	4	40	100	10	10	outrut	ft
WR	wepp-11776	"10:23 am  Monday June 27, 2011"	"AUGUSTA CAA AIRPORT ME"	20	clay	native	200	2	13	15	50	200	15	20	inveg	ft
WR	wepp-16703	"11:32 am  Friday January 27, 2012"	"AUGUSTA CAA AIRPORT ME"	30	loam	native	200	4	13	15	50	130	25	20	inveg	ft
WR	wepp-17417	"11:52 am  Friday January 27, 2012"	"AUGUSTA CAA AIRPORT ME"	30	loam	native	200	4	13	15	50	100	25	20	inveg	ft
WR	wepp-17437	"11:53 am  Friday January 27, 2012"	"AUGUSTA CAA AIRPORT ME"	30	loam	native	200	4	13	15	50	1	25	20	inveg	ft
WR	wepp-17457	"11:53 am  Friday January 27, 2012"	"AUGUSTA CAA AIRPORT ME"	30	loam	native	200	4	13	15	50	150	25	20	inveg	ft
WR	wepp-31322	"07:55 am  Monday January 30, 2012"	"AUGUSTA CAA AIRPORT ME"	30	clay	native	200	4	13	15	50	1	25	20	inveg	ft
WR	wepp-31477	"07:57 am  Monday January 30, 2012"	"AUGUSTA CAA AIRPORT ME"	30	clay	native	200	4	13	15	50	130	25	10	inveg	ft
WR	wepp-10418	"05:47 am  Tuesday January 31, 2012"	"AUGUSTA CAA AIRPORT ME"	30	clay	native	200	4	13	15	50	130	25	20	inveg	ft
WR	wepp-10438	"05:49 am  Tuesday January 31, 2012"	"AUGUSTA CAA AIRPORT ME"	30	clay	native	200	4	13	15	50	130	25	20	inveg	ft
WR	wepp-5580	"10:54 am  Wednesday February 1, 2012"	"AUGUSTA CAA AIRPORT ME"	30	clay	native	200	4	13	15	50	130	25	20	inveg	ft
WR	wepp-5126	"12:06 pm  Thursday February 2, 2012"	"AUGUSTA CAA AIRPORT ME"	30	clay	native	1000	4	13	15	50	130	25	20	inveg	ft
WR	wepp-16580	"04:27 am  Friday February 3, 2012"	"AUGUSTA CAA AIRPORT ME"	30	clay	native	200	4	13	15	50	130	25	20	inveg	ft
WR	wepp-17088	"05:36 am  Friday February 3, 2012"	"AUGUSTA CAA AIRPORT ME"	30	clay	native	200	4	13	15	50	130	25	20	inveg	ft
WR	wepp-18433	"08:29 am  Friday February 3, 2012"	"AUGUSTA CAA AIRPORT ME"	25	silt	graveled	700	3	10	3	15	500	5	8	outrut	ft
WR	wepp-18507	"08:33 am  Friday February 3, 2012"	"AUGUSTA CAA AIRPORT ME"	25	silt	graveled	450	8	10	3	15	210	11	8	outrut	ft
WR	wepp-18539	"08:36 am  Friday February 3, 2012"	"AUGUSTA CAA AIRPORT ME"	25	silt	graveled	400	3	18	3	15	600	5	8	inveg	ft
WR	wepp-18559	"08:37 am  Friday February 3, 2012"	"AUGUSTA CAA AIRPORT ME"	25	silt	graveled	300	3	18	3	15	400	5	8	inveg	ft
WR	wepp-18606	"08:39 am  Friday February 3, 2012"	"AUGUSTA CAA AIRPORT ME"	25	silt	graveled	450	8	18	3	15	300	9	8	outrut	ft
WR	wepp-18843	"09:07 am  Friday February 3, 2012"	"AUGUSTA CAA AIRPORT ME"	25	silt	graveled	450	8	18	3	15	300	9	8	outunrut	ft
WR	wepp-19412	"10:18 am  Friday February 3, 2012"	"AUGUSTA CAA AIRPORT ME"	30	silt	graveled	1000	5	18	3	15	180	11	20	outrut	ft
WR	wepp-19457	"10:19 am  Friday February 3, 2012"	"AUGUSTA CAA AIRPORT ME"	30	silt	graveled	1000	5	18	3	15	180	11	10	outrut	ft
WR	wepp-19479	"10:19 am  Friday February 3, 2012"	"AUGUSTA CAA AIRPORT ME"	30	silt	graveled	1000	5	18	3	15	180	11	5	outrut	ft
WR	wepp-19812	"10:22 am  Friday February 3, 2012"	"AUGUSTA CAA AIRPORT ME"	30	silt	graveled	350	3	18	3	15	1000	5	5	inveg	ft
WR	wepp-19861	"10:23 am  Friday February 3, 2012"	"AUGUSTA CAA AIRPORT ME"	30	silt	graveled	300	3	18	3	15	700	5	5	inveg	ft
WR	wepp-19888	"10:26 am  Friday February 3, 2012"	"AUGUSTA CAA AIRPORT ME"	30	silt	graveled	350	8	15	3	15	400	9	20	outunrut	ft
WR	wepp-30893	"09:53 am  Monday February 6, 2012"	"AUGUSTA CAA AIRPORT ME"	30	silt	graveled	650	3	10	3	20	600	5	5	outrut	ft
WR	wepp-31362	"09:56 am  Monday February 6, 2012"	"AUGUSTA CAA AIRPORT ME"	30	silt	graveled	350	8	10	3	20	170	11	5	outrut	ft
WR	wepp-32520	"09:58 am  Monday February 6, 2012"	"AUGUSTA CAA AIRPORT ME"	30	silt	graveled	340	3	11	3	20	850	5	5	inveg	ft
WR	wepp-775	"10:00 am  Monday February 6, 2012"	"AUGUSTA CAA AIRPORT ME"	30	silt	graveled	340	3	7	3	20	1000	5	5	outunrut	ft
WR	wepp-1822	"10:02 am  Monday February 6, 2012"	"AUGUSTA CAA AIRPORT ME"	30	silt	graveled	310	3	11	3	20	550	5	5	inveg	ft
WR	wepp-2172	"10:05 am  Monday February 6, 2012"	"AUGUSTA CAA AIRPORT ME"	30	silt	graveled	310	3	7	3	20	700	5	5	outunrut	ft
WR	wepp-2222	"10:07 am  Monday February 6, 2012"	"AUGUSTA CAA AIRPORT ME"	30	silt	graveled	350	8	14	3	20	400	9	5	outunrut	ft
WR	wepp-2844	"11:06 am  Monday February 6, 2012"	"AUGUSTA CAA AIRPORT ME"	30	silt	graveled	675	10	12	5	25	110	20	5	outrut	ft
WR	wepp-2893	"11:09 am  Monday February 6, 2012"	"AUGUSTA CAA AIRPORT ME"	30	silt	graveled	400	5.5	8	5	25	350	15	5	inveg	ft
WR	wepp-2925	"11:11 am  Monday February 6, 2012"	"AUGUSTA CAA AIRPORT ME"	30	silt	graveled	400	5.5	8	5	25	440	12	5	outunrut	ft
WR	wepp-3019	"11:16 am  Monday February 6, 2012"	"AUGUSTA CAA AIRPORT ME"	30	silt	graveled	275	16	8	5	25	110	20	5	inveg	ft
WR	wepp-18524	"07:08 am  Tuesday February 7, 2012"	"AUGUSTA CAA AIRPORT ME"	30	loam	graveled	310	3	10	3	20	10	5	6	outrut	ft
WR	wepp-18545	"07:10 am  Tuesday February 7, 2012"	"AUGUSTA CAA AIRPORT ME"	30	loam	graveled	690	5.9	10	3	20	160	11	6	outrut	ft
WR	wepp-18575	"07:12 am  Tuesday February 7, 2012"	"AUGUSTA CAA AIRPORT ME"	30	loam	graveled	285	3	11	3	20	60	5	6	inveg	ft
WR	wepp-18625	"07:13 am  Tuesday February 7, 2012"	"AUGUSTA CAA AIRPORT ME"	30	loam	graveled	285	3	7	3	20	200	5	6	outunrut	ft
WR	wepp-18676	"07:15 am  Tuesday February 7, 2012"	"AUGUSTA CAA AIRPORT ME"	30	loam	graveled	315	3	11	3	20	700	5	6	inveg	ft
WR	wepp-18720	"07:17 am  Tuesday February 7, 2012"	"AUGUSTA CAA AIRPORT ME"	30	loam	graveled	315	3	7	3	20	900	5	6	outunrut	ft
WR	wepp-18772	"07:18 am  Tuesday February 7, 2012"	"AUGUSTA CAA AIRPORT ME"	30	loam	graveled	400	8	14	3	20	360	9	6	outunrut	ft
WR	wepp-22245	"11:19 am  Tuesday February 7, 2012"	"AUGUSTA CAA AIRPORT ME"	30	silt	graveled	275	16	16	5	25	110	20	5	inbare	ft
WR	wepp-22292	"11:21 am  Tuesday February 7, 2012"	"AUGUSTA CAA AIRPORT ME"	30	silt	graveled	275	16	8	5	25	110	20	5	inbare	ft
WR	wepp-22348	"11:26 am  Tuesday February 7, 2012"	"AUGUSTA CAA AIRPORT ME"	30	silt	graveled	400	5.5	12	5	25	440	14	5	outrut	ft
WR	wepp-10806	"08:12 am  Thursday August 16, 2012"	"AUGUSTA CAA AIRPORT ME"	30	clay	graveled	1000	4	20	15	50	1	25	20	inveg	ft
WR	wepp-10900	"08:19 am  Thursday August 16, 2012"	"AUGUSTA CAA AIRPORT ME"	30	silt	graveled	1000	4	20	15	50	1	25	20	inveg	ft
WR	wepp-10920	"08:20 am  Thursday August 16, 2012"	"AUGUSTA CAA AIRPORT ME"	30	sand	graveled	1000	4	20	15	50	1	25	20	inveg	ft
WR	wepp-10940	"08:21 am  Thursday August 16, 2012"	"AUGUSTA CAA AIRPORT ME"	30	loam	graveled	1000	4	20	15	50	1	25	20	inveg	ft
WR	wepp-10994	"08:23 am  Thursday August 16, 2012"	"PORTLAND WB AIRPORT ME"	30	clay	graveled	200	4	20	15	50	1	25	20	inveg	ft
WR	wepp-11014	"08:24 am  Thursday August 16, 2012"	"PORTLAND WB AIRPORT ME"	30	clay	graveled	1000	4	20	15	50	1	25	20	inveg	ft
WR	wepp-11034	"08:24 am  Thursday August 16, 2012"	"PORTLAND WB AIRPORT ME"	30	silt	graveled	1000	4	20	15	50	1	25	20	inveg	ft
WR	wepp-11054	"08:25 am  Thursday August 16, 2012"	"PORTLAND WB AIRPORT ME"	30	sand	graveled	1000	4	20	15	50	1	25	20	inveg	ft
WR	wepp-11074	"08:25 am  Thursday August 16, 2012"	"PORTLAND WB AIRPORT ME"	30	loam	graveled	1000	4	20	15	50	1	25	20	inveg	ft
WR	wepp-11198	"08:41 am  Thursday August 16, 2012"	"AUGUSTA CAA AIRPORT ME"	30	clay	graveled	1000	4	20	15	50	1	25	20	inbare	ft
WR	wepp-11245	"08:43 am  Thursday August 16, 2012"	"AUGUSTA CAA AIRPORT ME"	30	silt	graveled	1000	4	20	15	50	1	25	20	inbare	ft
WR	wepp-11265	"08:43 am  Thursday August 16, 2012"	"AUGUSTA CAA AIRPORT ME"	30	sand	graveled	1000	4	20	15	50	1	25	20	inbare	ft
WR	wepp-11285	"08:44 am  Thursday August 16, 2012"	"AUGUSTA CAA AIRPORT ME"	30	loam	graveled	1000	4	20	15	50	1	25	20	inbare	ft
WR	wepp-11304	"08:44 am  Thursday August 16, 2012"	"PORTLAND WB AIRPORT ME"	30	clay	graveled	1000	4	20	15	50	1	25	20	inbare	ft
WR	wepp-11323	"08:44 am  Thursday August 16, 2012"	"PORTLAND WB AIRPORT ME"	30	silt	graveled	1000	4	20	15	50	1	25	20	inbare	ft
WR	wepp-11361	"08:45 am  Thursday August 16, 2012"	"PORTLAND WB AIRPORT ME"	30	sand	graveled	1000	4	20	15	50	1	25	20	inbare	ft
WR	wepp-11380	"08:45 am  Thursday August 16, 2012"	"PORTLAND WB AIRPORT ME"	30	loam	graveled	1000	4	20	15	50	1	25	20	inbare	ft
WR	wepp-11426	"08:47 am  Thursday August 16, 2012"	"AUGUSTA CAA AIRPORT ME"	30	clay	graveled	1000	4	20	15	50	1	25	20	outrut	ft
WR	wepp-11446	"08:47 am  Thursday August 16, 2012"	"AUGUSTA CAA AIRPORT ME"	30	silt	graveled	1000	4	20	15	50	1	25	20	outrut	ft
WR	wepp-11466	"08:48 am  Thursday August 16, 2012"	"AUGUSTA CAA AIRPORT ME"	30	sand	graveled	1000	4	20	15	50	1	25	20	outrut	ft
WR	wepp-11486	"08:48 am  Thursday August 16, 2012"	"AUGUSTA CAA AIRPORT ME"	30	loam	graveled	1000	4	20	15	50	1	25	20	outrut	ft
WR	wepp-11505	"08:48 am  Thursday August 16, 2012"	"PORTLAND WB AIRPORT ME"	30	clay	graveled	1000	4	20	15	50	1	25	20	outrut	ft
WR	wepp-11525	"08:49 am  Thursday August 16, 2012"	"PORTLAND WB AIRPORT ME"	30	silt	graveled	1000	4	20	15	50	1	25	20	outrut	ft
WR	wepp-11545	"08:49 am  Thursday August 16, 2012"	"PORTLAND WB AIRPORT ME"	30	sand	graveled	1000	4	20	15	50	1	25	20	outrut	ft
WR	wepp-11565	"08:49 am  Thursday August 16, 2012"	"PORTLAND WB AIRPORT ME"	30	loam	graveled	1000	4	20	15	50	1	25	20	outrut	ft
WR	wepp-11585	"08:50 am  Thursday August 16, 2012"	"AUGUSTA CAA AIRPORT ME"	30	clay	graveled	1000	4	20	15	50	1	25	20	outunrut	ft
WR	wepp-11604	"08:51 am  Thursday August 16, 2012"	"AUGUSTA CAA AIRPORT ME"	30	silt	graveled	1000	4	20	15	50	1	25	20	outunrut	ft
WR	wepp-11624	"08:51 am  Thursday August 16, 2012"	"AUGUSTA CAA AIRPORT ME"	30	sand	graveled	1000	4	20	15	50	1	25	20	outunrut	ft
WR	wepp-11644	"08:51 am  Thursday August 16, 2012"	"AUGUSTA CAA AIRPORT ME"	30	loam	graveled	1000	4	20	15	50	1	25	20	outunrut	ft
WR	wepp-11666	"08:52 am  Thursday August 16, 2012"	"PORTLAND WB AIRPORT ME"	30	clay	graveled	1000	4	20	15	50	1	25	20	outunrut	ft
WR	wepp-11740	"08:52 am  Thursday August 16, 2012"	"PORTLAND WB AIRPORT ME"	30	silt	graveled	1000	4	20	15	50	1	25	20	outunrut	ft
WR	wepp-11760	"08:53 am  Thursday August 16, 2012"	"PORTLAND WB AIRPORT ME"	30	sand	graveled	1000	4	20	15	50	1	25	20	outunrut	ft
WR	wepp-11780	"08:53 am  Thursday August 16, 2012"	"PORTLAND WB AIRPORT ME"	30	loam	graveled	1000	4	20	15	50	1	25	20	outunrut	ft
WR	wepp-12357	"10:02 am  Thursday August 16, 2012"	"PORTLAND WB AIRPORT ME"	30	sand	graveled	1000	6	16	8	50	1	25	20	outrut	ft
WR	wepp-12404	"10:03 am  Thursday August 16, 2012"	"AUGUSTA CAA AIRPORT ME"	30	sand	graveled	1000	6	16	8	50	1	25	20	outrut	ft
WR	wepp-12426	"10:05 am  Thursday August 16, 2012"	"AUGUSTA CAA AIRPORT ME"	30	clay	graveled	1000	6	16	8	50	1	25	20	outrut	ft
WR	wepp-12446	"10:07 am  Thursday August 16, 2012"	"PORTLAND WB AIRPORT ME"	30	sand	graveled	1000	12	16	8	50	1	25	20	outrut	ft
WR	wepp-12494	"10:11 am  Thursday August 16, 2012"	"AUGUSTA CAA AIRPORT ME"	30	sand	graveled	1000	4	16	8	50	1	25	20	outrut	ft
WR	wepp-12514	"10:11 am  Thursday August 16, 2012"	"PORTLAND WB AIRPORT ME"	30	sand	graveled	1000	4	16	8	50	1	25	20	outrut	ft
WR	wepp-12561	"10:13 am  Thursday August 16, 2012"	"AUGUSTA CAA AIRPORT ME"	30	sand	graveled	1000	12	16	8	50	1	25	20	outrut	ft
WR	wepp-12600	"10:15 am  Thursday August 16, 2012"	"AUGUSTA CAA AIRPORT ME"	30	sand	graveled	1000	3	16	8	50	1	25	20	outrut	ft
WR	wepp-12619	"10:16 am  Thursday August 16, 2012"	"PORTLAND WB AIRPORT ME"	30	sand	graveled	1000	3	16	8	50	1	25	20	outrut	ft
WR	wepp-12825	"10:36 am  Thursday August 16, 2012"	"PORTLAND WB AIRPORT ME"	30	sand	graveled	1000	9	16	8	50	1	25	20	outrut	ft
WR	wepp-12876	"10:41 am  Thursday August 16, 2012"	"PORTLAND WB AIRPORT ME"	30	clay	graveled	500	9	16	10	50	130	2	20	outunrut	ft
WR	wepp-13033	"10:53 am  Thursday August 16, 2012"	"PORTLAND WB AIRPORT ME"	1	clay	graveled	500	9	16	10	50	130	2	20	outunrut	ft
WR	wepp-13053	"10:55 am  Thursday August 16, 2012"	"PORTLAND WB AIRPORT ME"	30	sand	graveled	80	2	12	10	50	25	10	20	outunrut	ft
WR	wepp-13178	"11:09 am  Thursday August 16, 2012"	"PORTLAND WB AIRPORT ME"	30	sand	graveled	100	6	16	8	50	1	25	20	outrut	ft
WR	wepp-13198	"11:12 am  Thursday August 16, 2012"	"PORTLAND WB AIRPORT ME"	30	sand	graveled	100	6	16	8	50	1	25	20	outrut	ft
WR	wepp-13245	"11:14 am  Thursday August 16, 2012"	"PORTLAND WB AIRPORT ME"	30	sand	graveled	500	6	16	8	50	1	25	20	outrut	ft
WR	wepp-168544	"11:10 am  Tuesday December 19, 2017"	"PORTLAND WB AIRPORT ME"	30	sand	graveled	190	10	12	10	50	130	25	20	outrut	ft
WR	wepp-168583	"11:11 am  Tuesday December 19, 2017"	"PORTLAND WB AIRPORT ME"	30	sand	graveled	230	8	12	10	50	130	25	20	outrut	ft
WR	wepp-168625	"11:13 am  Tuesday December 19, 2017"	"PORTLAND WB AIRPORT ME"	30	sand	graveled	110	8	12	10	50	130	18	20	outrut	ft
WR	wepp-168666	"11:15 am  Tuesday December 19, 2017"	"PORTLAND WB AIRPORT ME"	30	sand	graveled	250	8	12	10	50	130	18	20	outrut	ft
WR	wepp-168713	"11:18 am  Tuesday December 19, 2017"	"PORTLAND WB AIRPORT ME"	30	sand	graveled	205	6	12	10	50	5	5	20	outrut	ft
WR	wepp-168976	"11:19 am  Tuesday December 19, 2017"	"PORTLAND WB AIRPORT ME"	30	sand	graveled	205	6	12	10	50	5	5	20	outrut	ft
