WF	wepp-218684	"11:24 am  Monday May 2, 2016"	"CORVALLIS ST COL OR +"	clay	300	50	1	25	15	100	100	20	5	ft
WF	wepp-218812	"11:28 am  Monday May 2, 2016"	"CORVALLIS ST COL OR +"	clay	300	50	1	25	15	100	100	25	3	ft
WD	wepp-218969	"11:31 am  Monday May 2, 2016"	"CORVALLIS ST COL OR +"	10	clay	YoungForest	100	0	25	95	0	YoungForest	100	25	5	95	0	0	ft	""
WD	wepp-219049	"11:33 am  Monday May 2, 2016"	"CORVALLIS ST COL OR +"	10	clay	OldForest	150	0	25	100	0	OldForest	150	25	5	100	0	0	ft	""
WD	wepp-219097	"11:33 am  Monday May 2, 2016"	"CORVALLIS ST COL OR +"	10	clay	YoungForest	150	0	25	95	0	YoungForest	150	25	5	95	0	0	ft	""
WD	wepp-219138	"11:34 am  Monday May 2, 2016"	"CORVALLIS ST COL OR +"	10	clay	YoungForest	150	0	25	80	0	YoungForest	150	25	5	80	0	0	ft	""
WD	wepp-83803	"11:59 am  Friday June 10, 2016"	"CORVALLIS ST COL OR +"	10	clay	YoungForest	200	20	10	85	2	Bunchgrass	200	10	2	85	0	0	ft	""
WD	wepp-84392	"12:11 pm  Friday June 10, 2016"	"CORVALLIS ST COL OR +"	10	clay	YoungForest	200	20	10	60	2	Bunchgrass	200	10	2	75	0	0	ft	""
WD	wepp-34151	"11:21 am  Monday August 29, 2016"	"CORVALLIS ST COL OR + +"	10	clay	OldForest	200	18	28	100	0	OldForest	300	24	10	100	0	0	ft	""
WD	wepp-34243	"11:28 am  Monday August 29, 2016"	"CORVALLIS ST COL OR + +"	10	clay	YoungForest	200	18	28	35	20	YoungForest	300	24	10	35	10	0	ft	"Post Treatment"
WD	wepp-34292	"11:30 am  Monday August 29, 2016"	"CORVALLIS ST COL OR + +"	1	clay	YoungForest	200	18	28	35	10	YoungForest	300	24	10	35	10	0	ft	"Post Treatment"
WD	wepp-34331	"11:31 am  Monday August 29, 2016"	"CORVALLIS ST COL OR + +"	10	clay	YoungForest	50	0	30	100	10	YoungForest	50	30	5	100	20	0	ft	""
WD	wepp-34391	"11:37 am  Monday August 29, 2016"	"CORVALLIS ST COL OR + +"	10	clay	Skid	50	0	30	20	20	Skid	50	30	5	20	20	0	ft	""
WD	wepp-35139	"01:06 pm  Monday August 29, 2016"	"CASCADIA R S OR"	10	clay	OldForest	300	15	30	0	15	OldForest	200	20	10	0	15	0	ft	"1"
WD	wepp-35175	"01:06 pm  Monday August 29, 2016"	"CASCADIA R S OR"	10	clay	OldForest	300	15	30	0	15	OldForest	200	20	10	0	15	0	ft	"2"
WD	wepp-35182	"01:06 pm  Monday August 29, 2016"	"CASCADIA R S OR"	10	clay	Skid	300	15	30	0	15	Skid	200	20	10	0	15	0	ft	"3"
WD	wepp-35204	"01:10 pm  Monday August 29, 2016"	"CASCADIA R S OR"	10	clay	OldForest	300	15	30	98	15	OldForest	200	20	10	96	15	0	ft	"1"
WD	wepp-35239	"01:10 pm  Monday August 29, 2016"	"CASCADIA R S OR"	10	clay	OldForest	300	15	30	45	15	OldForest	200	20	10	45	15	0	ft	"2"
WD	wepp-35246	"01:10 pm  Monday August 29, 2016"	"CASCADIA R S OR"	10	clay	Skid	300	15	30	25	15	Skid	200	20	10	25	15	0	ft	"3"
WD	wepp-35260	"01:13 pm  Monday August 29, 2016"	"CASCADIA R S OR"	10	clay	OldForest	300	15	30	98	15	OldForest	200	20	10	96	15	0	m	"1"
WD	wepp-35296	"01:13 pm  Monday August 29, 2016"	"CASCADIA R S OR"	10	clay	OldForest	300	15	30	98	15	OldForest	200	20	10	96	15	0	m	"1"
WD	wepp-35303	"01:13 pm  Monday August 29, 2016"	"CASCADIA R S OR"	10	clay	OldForest	300	15	30	45	15	OldForest	200	20	10	45	15	0	m	"2"
WD	wepp-35311	"01:13 pm  Monday August 29, 2016"	"CASCADIA R S OR"	10	clay	Skid	300	15	30	25	15	Skid	200	20	10	25	15	0	m	"3"
WD	wepp-35325	"01:14 pm  Monday August 29, 2016"	"CASCADIA R S OR"	10	clay	OldForest	300	15	30	98	15	OldForest	200	20	10	96	15	0	ft	"1"
WD	wepp-35360	"01:14 pm  Monday August 29, 2016"	"CASCADIA R S OR"	10	clay	OldForest	300	15	30	45	15	OldForest	200	20	10	45	15	0	ft	"2"
WD	wepp-35367	"01:14 pm  Monday August 29, 2016"	"CASCADIA R S OR"	10	clay	Skid	300	15	30	25	15	Skid	200	20	10	25	15	0	ft	"3"
