WR	wepp-30411	"11:42 am  Tuesday April 10, 2012"	"CHARLESTON KAN AP WV"	30	silt	native	800	6	14	15	50	130	25	20	inveg	ft
WR	wepp-142234	"07:41 am  Wednesday December 11, 2019"	"WEBSTER SPRINGS WV"	3	sand	native	200	4	13	15	50	130	25	20	inveg	ft
WR	wepp-142287	"07:42 am  Wednesday December 11, 2019"	"WEBSTER SPRINGS WV"	3	sand	native	200	4	13	15	50	100	25	20	inveg	ft
WR	wepp-142333	"07:43 am  Wednesday December 11, 2019"	"WEBSTER SPRINGS WV"	3	sand	native	200	4	13	15	50	200	25	20	inveg	ft
WR	wepp-142380	"07:43 am  Wednesday December 11, 2019"	"WEBSTER SPRINGS WV"	3	sand	native	100	4	13	15	50	200	25	20	inveg	ft
WR	wepp-142440	"07:44 am  Wednesday December 11, 2019"	"WEBSTER SPRINGS WV"	3	sand	native	1000	4	13	15	50	200	25	20	inveg	ft
WR	wepp-142495	"07:45 am  Wednesday December 11, 2019"	"WEBSTER SPRINGS WV"	3	sand	native	100	4	15	15	50	200	25	20	inbare	ft
WR	wepp-142568	"07:46 am  Wednesday December 11, 2019"	"WEBSTER SPRINGS WV"	3	sand	native	1000	4	15	15	50	200	25	20	inbare	ft
WR	wepp-142628	"07:47 am  Wednesday December 11, 2019"	"WEBSTER SPRINGS WV"	30	clay	native	200	4	13	15	50	130	25	20	inveg	ft
WR	wepp-142901	"07:52 am  Wednesday December 11, 2019"	"WEBSTER SPRINGS WV"	3	clay	native	100	4	15	15	50	100	25	20	inveg	ft
WR	wepp-143087	"07:57 am  Wednesday December 11, 2019"	"WEBSTER SPRINGS WV"	3	sand	native	100	4	15	15	50	100	25	20	inbare	ft
WR	wepp-143321	"08:00 am  Wednesday December 11, 2019"	"WEBSTER SPRINGS WV"	3	sand	native	100	4	15	15	50	200	25	20	inbare	ft
WR	wepp-144218	"08:18 am  Wednesday December 11, 2019"	"WEBSTER SPRINGS WV"	3	sand	native	100	4	15	15	50	50	25	20	inbare	ft
WR	wepp-144271	"08:19 am  Wednesday December 11, 2019"	"WEBSTER SPRINGS WV"	3	sand	native	100	4	15	15	50	300	25	20	inbare	ft
WR	wepp-144325	"08:19 am  Wednesday December 11, 2019"	"WEBSTER SPRINGS WV"	3	sand	native	100	4	15	15	50	100	25	20	inbare	ft
WR	wepp-144419	"08:20 am  Wednesday December 11, 2019"	"WEBSTER SPRINGS WV"	3	sand	native	200	4	15	15	50	100	25	20	inbare	ft
WR	wepp-144580	"08:22 am  Wednesday December 11, 2019"	"WEBSTER SPRINGS WV"	3	sand	native	200	4	15	15	50	200	25	20	inbare	ft
WR	wepp-145076	"08:28 am  Wednesday December 11, 2019"	"WEBSTER SPRINGS WV"	3	sand	native	100	4	15	15	50	100	25	20	inveg	ft
WR	wepp-145474	"08:31 am  Wednesday December 11, 2019"	"WEBSTER SPRINGS WV"	3	sand	native	100	4	15	15	50	200	25	20	inveg	ft
WR	wepp-146341	"08:41 am  Wednesday December 11, 2019"	"WEBSTER SPRINGS WV"	3	sand	native	100	4	15	15	50	100	25	20	inveg	ft
WR	wepp-146793	"08:53 am  Wednesday December 11, 2019"	"WEBSTER SPRINGS WV"	3	sand	native	100	4	15	15	50	200	25	20	inveg	ft
WR	wepp-146866	"08:53 am  Wednesday December 11, 2019"	"WEBSTER SPRINGS WV"	3	sand	native	200	4	15	15	50	100	25	20	inveg	ft
WR	wepp-146918	"08:54 am  Wednesday December 11, 2019"	"WEBSTER SPRINGS WV"	3	sand	native	200	4	15	15	50	200	25	20	inveg	ft
WR	wepp-154538	"12:30 pm  Wednesday December 11, 2019"	"WEBSTER SPRINGS WV"	3	clay	native	200	4	15	15	50	100	25	20	inveg	ft
WR	wepp-154594	"12:31 pm  Wednesday December 11, 2019"	"WEBSTER SPRINGS WV"	3	clay	native	200	4	15	15	50	1000	25	20	inveg	ft
WR	wepp-154665	"12:33 pm  Wednesday December 11, 2019"	"WEBSTER SPRINGS WV"	3	clay	native	200	4	15	15	50	1000	25	20	inbare	ft
WR	wepp-156903	"01:45 pm  Wednesday December 11, 2019"	"WEBSTER SPRINGS WV"	30	loam	native	100	4	13	15	50	100	25	20	inbare	ft
WR	wepp-157203	"01:50 pm  Wednesday December 11, 2019"	"WEBSTER SPRINGS WV"	30	loam	native	100	4	13	15	50	500	25	20	inbare	ft
WR	wepp-157370	"01:55 pm  Wednesday December 11, 2019"	"WEBSTER SPRINGS WV"	30	loam	native	100	4	13	15	50	500	20	20	inbare	ft
WR	wepp-157409	"01:56 pm  Wednesday December 11, 2019"	"WEBSTER SPRINGS WV"	30	loam	native	100	4	13	15	50	500	15	20	inbare	ft
WR	wepp-157483	"01:56 pm  Wednesday December 11, 2019"	"WEBSTER SPRINGS WV"	30	loam	native	100	4	13	15	50	500	10	20	inbare	ft
WR	wepp-198751	"12:28 pm  Thursday December 12, 2019"	"WEBSTER SPRINGS WV"	30	loam	native	100	4	15	15	50	100	25	20	inbare	ft
WR	wepp-199072	"12:38 pm  Thursday December 12, 2019"	"WEBSTER SPRINGS WV"	30	loam	native	100	4	15	15	50	100	25	20	outunrut	ft
WR	wepp-199175	"12:39 pm  Thursday December 12, 2019"	"WEBSTER SPRINGS WV"	30	loam	native	100	4	15	15	50	100	25	20	outrut	ft
WR	wepp-199295	"12:40 pm  Thursday December 12, 2019"	"WEBSTER SPRINGS WV"	30	loam	native	100	4	15	15	50	100	25	20	inveg	ft
WR	wepp-38722	"08:50 am  Wednesday February 12, 2020"	"WEBSTER SPRINGS WV"	30	clay	native	100	4	13	15	50	100	25	20	inveg	ft
WR	wepp-38846	"08:51 am  Wednesday February 12, 2020"	"WEBSTER SPRINGS WV"	30	clay	native	100	4	13	15	50	100	20	20	inveg	ft
WR	wepp-38905	"08:52 am  Wednesday February 12, 2020"	"WEBSTER SPRINGS WV"	30	clay	native	50	4	13	15	50	100	20	20	inveg	ft
WR	wepp-8181	"12:46 pm  Thursday February 20, 2020"	"WEBSTER SPRINGS WV"	30	silt	native	100	4	13	15	50	100	25	20	inbare	ft
WR	wepp-8221	"12:47 pm  Thursday February 20, 2020"	"WEBSTER SPRINGS WV"	30	silt	native	1000	4	13	15	50	100	25	20	inbare	ft
WR	wepp-8262	"12:48 pm  Thursday February 20, 2020"	"WEBSTER SPRINGS WV"	30	silt	native	1000	10	13	15	50	100	25	20	inbare	ft
WR	wepp-8308	"12:48 pm  Thursday February 20, 2020"	"WEBSTER SPRINGS WV"	30	silt	native	100	10	13	15	50	100	25	20	inbare	ft
WR	wepp-8354	"12:50 pm  Thursday February 20, 2020"	"WEBSTER SPRINGS WV"	30	silt	native	1000	10	13	15	50	100	25	20	inbare	ft
WR	wepp-8398	"12:52 pm  Thursday February 20, 2020"	"WEBSTER SPRINGS WV"	30	silt	native	100	5	13	15	50	100	25	20	inbare	ft
WR	wepp-8440	"12:53 pm  Thursday February 20, 2020"	"WEBSTER SPRINGS WV"	30	silt	native	100	5	13	15	50	500	25	20	inbare	ft
WR	wepp-8478	"12:54 pm  Thursday February 20, 2020"	"WEBSTER SPRINGS WV"	30	silt	native	100	5	13	15	50	500	25	20	inbare	ft
WR	wepp-8573	"12:54 pm  Thursday February 20, 2020"	"WEBSTER SPRINGS WV"	30	silt	native	100	5	13	15	50	500	25	20	inveg	ft
WR	wepp-5672	"06:25 am  Wednesday March 4, 2020"	"WEBSTER SPRINGS WV"	50	silt	native	100	4	13	15	50	500	30	35	inveg	ft
WD	wepp-6662	"07:04 am  Wednesday March 4, 2020"	"WEBSTER SPRINGS WV"	50	silt	OldForest	1000	30	30	100	35	OldForest	100	5	5	100	35	0	ft	""
WD	wepp-7075	"07:16 am  Wednesday March 4, 2020"	"WEBSTER SPRINGS WV"	50	silt	Skid	1000	30	30	35	35	OldForest	100	5	5	100	35	0	ft	""
WD	wepp-8000	"07:41 am  Wednesday March 4, 2020"	"WEBSTER SPRINGS WV"	50	silt	Bunchgrass	1000	30	30	60	35	OldForest	100	5	5	100	35	0	ft	""
WD	wepp-8242	"07:49 am  Wednesday March 4, 2020"	"WEBSTER SPRINGS WV"	50	silt	Sod	1000	30	30	40	35	OldForest	100	5	5	100	35	0	ft	""
WD	wepp-8426	"07:55 am  Wednesday March 4, 2020"	"WEBSTER SPRINGS WV"	50	silt	Sod	1000	30	30	40	35	OldForest	100	5	5	100	35	0	ft	""
WD	wepp-8528	"07:57 am  Wednesday March 4, 2020"	"WEBSTER SPRINGS WV"	50	silt	Sod	1000	30	30	40	35	OldForest	100	5	5	100	35	0	ft	""
WD	wepp-12330	"10:19 am  Wednesday March 4, 2020"	"WEBSTER SPRINGS WV"	50	silt	HighFire	1000	30	30	45	35	OldForest	100	5	5	100	35	0	ft	""
WR	wepp-55251	"06:08 am  Thursday March 5, 2020"	"WEBSTER SPRINGS WV"	50	silt	native	200	4	13	15	50	500	30	35	inveg	ft
WR	wepp-55374	"06:10 am  Thursday March 5, 2020"	"WEBSTER SPRINGS WV"	50	silt	native	100	4	13	15	50	500	30	35	inveg	ft
