WD	wepp-108814	"00:58 am  Saturday November 25, 2017"	"RIO PIEDRAS EXP FARM PR"	30	silt	OldForest	100	20	0	95	15	OldForest	100	20	0	95	20	0	m	""
WD	wepp-108856	"01:02 am  Saturday November 25, 2017"	"RIO PIEDRAS EXP FARM PR"	30	silt	OldForest	100	20	20	95	15	OldForest	100	20	20	95	15	0	m	""
WD	wepp-109053	"01:09 am  Saturday November 25, 2017"	"RIO PIEDRAS EXP FARM PR"	30	silt	Bunchgrass	100	20	20	95	15	Bunchgrass	100	20	20	95	15	0	m	""
WD	wepp-109513	"01:39 am  Saturday November 25, 2017"	"RIO PIEDRAS EXP FARM PR"	30	silt	Sod	100	20	20	50	15	Sod	100	20	20	50	15	0	m	""
WD	wepp-122617	"05:12 pm  Saturday November 25, 2017"	""				0	0	0	0	0		0	0	0	0	0	0		""
WD	wepp-122618	"05:12 pm  Saturday November 25, 2017"	""				0	0	0	0	0		0	0	0	0	0	0		""
WD	wepp-122622	"05:12 pm  Saturday November 25, 2017"	""				0	0	0	0	0		0	0	0	0	0	0		""
WD	wepp-122624	"05:14 pm  Saturday November 25, 2017"	"RIO PIEDRAS EXP FARM PR"	30	clay	OldForest	100	20	20	95	15	OldForest	100	20	20	95	15	0	ft	""
WD	wepp-122661	"05:14 pm  Saturday November 25, 2017"	"RIO PIEDRAS EXP FARM PR"	30	clay	OldForest	100	20	20	95	15	OldForest	100	20	20	95	15	0	ft	""
WD	wepp-122698	"05:14 pm  Saturday November 25, 2017"	"RIO PIEDRAS EXP FARM PR"	30	clay	OldForest	100	20	20	95	15	OldForest	100	20	20	95	15	0	ft	""
WD	wepp-122733	"05:14 pm  Saturday November 25, 2017"	"RIO PIEDRAS EXP FARM PR"	30	clay	OldForest	100	20	20	95	15	OldForest	100	20	20	95	15	0	ft	""
WD	wepp-122762	"05:15 pm  Saturday November 25, 2017"	"RIO PIEDRAS EXP FARM PR"	10	clay	OldForest	100	20	20	95	15	OldForest	100	20	20	95	15	0	m	""
WD	wepp-122799	"05:16 pm  Saturday November 25, 2017"	"RIO PIEDRAS EXP FARM PR"	30	clay	OldForest	100	20	20	95	15	OldForest	100	20	20	95	15	0	m	""
WD	wepp-122836	"05:16 pm  Saturday November 25, 2017"	"RIO PIEDRAS EXP FARM PR"	30	silt	OldForest	100	20	20	95	15	OldForest	100	20	20	95	15	0	m	""
WD	wepp-122946	"05:19 pm  Saturday November 25, 2017"	"RIO PIEDRAS EXP FARM PR"	30	silt	Bunchgrass	100	20	20	95	15	Bunchgrass	100	20	20	95	15	0	m	""
WD	wepp-123099	"05:37 pm  Saturday November 25, 2017"	"RIO PIEDRAS EXP FARM PR"	30	silt	Sod	100	20	20	50	15	Sod	100	20	20	50	15	0	m	""
WD	wepp-123151	"05:39 pm  Saturday November 25, 2017"	"RIO PIEDRAS EXP FARM PR"	30	silt	Sod	100	20	20	50	15	Sod	100	20	20	50	15	0	m	""
WD	wepp-123192	"05:41 pm  Saturday November 25, 2017"	"RIO PIEDRAS EXP FARM PR"	30	silt	OldForest	100	20	20	95	15	OldForest	100	20	20	95	15	0	m	""
WD	wepp-123233	"05:43 pm  Saturday November 25, 2017"	"RIO PIEDRAS EXP FARM PR"	30	silt	Shrub	100	20	20	80	15	Shrub	100	20	20	80	15	0	m	""
WD	wepp-123274	"05:46 pm  Saturday November 25, 2017"	"RIO PIEDRAS EXP FARM PR"	30	sand	OldForest	100	20	20	95	15	OldForest	100	20	20	95	15	0	m	""
WR	wepp-123587	"05:58 pm  Saturday November 25, 2017"	"SACRAMENTO WB CITY CA"	30	silt	native	100	5	5	5	30	0.3	20	20	outrut	m
WR	wepp-123630	"06:01 pm  Saturday November 25, 2017"	"RIO PIEDRAS EXP FARM PR"	30	silt	native	100	5	5	5	30	0.3	20	15	outrut	m
WD	wepp-124466	"06:45 pm  Saturday November 25, 2017"	"RIO PIEDRAS EXP FARM PR"	30	silt	Shrub	100	20	20	80	15	Shrub	100	20	20	80	15	0	ft	""
WD	wepp-124503	"06:47 pm  Saturday November 25, 2017"	"RIO PIEDRAS EXP FARM PR"	30	silt	Shrub	100	20	20	80	15	Shrub	100	20	20	80	15	0	ft	""
WD	wepp-124542	"06:48 pm  Saturday November 25, 2017"	"RIO PIEDRAS EXP FARM PR"	30	silt	Shrub	100	20	20	80	15	Shrub	100	20	20	80	15	0	m	""
WD	wepp-124580	"06:48 pm  Saturday November 25, 2017"	"RIO PIEDRAS EXP FARM PR"	30	silt	Shrub	100	20	20	50	15	Shrub	100	20	20	50	15	0	m	""
WD	wepp-124677	"06:49 pm  Saturday November 25, 2017"	"RIO PIEDRAS EXP FARM PR"	30	silt	Sod	100	20	20	95	15	Sod	100	20	20	95	15	0	m	""
WR	wepp-124739	"06:54 pm  Saturday November 25, 2017"	"SACRAMENTO WB CITY CA"	30	silt	native	100	5	5	5	30	0.3	20	15	outrut	m
WR	wepp-124774	"06:54 pm  Saturday November 25, 2017"	"RIO PIEDRAS EXP FARM PR"	30	silt	native	100	5	5	5	30	0.3	20	15	outrut	m
