WR	wepp-202177	"12:51 pm  Monday March 9, 2020"	"ABERDEEN 20 NNE WISHKA +"	30	clay	native	200	4	13	15	50	130	25	20	inveg	ft
WR	wepp-202302	"12:51 pm  Monday March 9, 2020"	"ABERDEEN 20 NNE WISHKA +"	30	clay	native	200	4	13	15	50	130	25	20	inbare	ft
WR	wepp-202526	"12:53 pm  Monday March 9, 2020"	"ABERDEEN 20 NNE WISHKA +"	30	clay	native	200	4	13	15	50	130	25	20	inbare	ft
WR	wepp-203787	"12:58 pm  Monday March 9, 2020"	"ABERDEEN 20 NNE WISHKA +"	30	silt	native	200	4	13	15	50	1	25	20	inveg	ft
WR	wepp-204427	"01:01 pm  Monday March 9, 2020"	"ABERDEEN 20 NNE WISHKA +"	30	silt	native	200	4	13	15	50	1	25	20	inbare	ft
WR	wepp-204629	"01:02 pm  Monday March 9, 2020"	"ABERDEEN 20 NNE WISHKA +"	30	silt	paved	200	4	13	15	50	1	25	20	inbare	ft
WD	wepp-206734	"01:10 pm  Monday March 9, 2020"	"ABERDEEN 20 NNE WISHKA +"	10	silt	OldForest	400	0	30	100	20	OldForest	75	30	5	100	20	0	ft	""
WD	wepp-207198	"01:12 pm  Monday March 9, 2020"	"ABERDEEN 20 NNE WISHKA +"	10	silt	OldForest	400	0	30	100	20	OldForest	75	30	5	100	20	0	ft	""
WD	wepp-207361	"01:13 pm  Monday March 9, 2020"	"ABERDEEN 20 NNE WISHKA +"	10	silt	Bunchgrass	400	0	30	60	20	OldForest	75	30	5	100	20	0	ft	""
WD	wepp-209156	"01:20 pm  Monday March 9, 2020"	"ABERDEEN 20 NNE WISHKA +"	10	silt	HighFire	400	0	30	45	20	LowFire	30	30	5	85	20	0	ft	""
WD	wepp-209770	"01:25 pm  Monday March 9, 2020"	"ABERDEEN 20 NNE WISHKA +"	10	silt	HighFire	400	0	30	45	20	OldForest	30	30	5	100	20	0	ft	""
WD	wepp-209887	"01:25 pm  Monday March 9, 2020"	"ABERDEEN 20 NNE WISHKA +"	10	silt	HighFire	400	0	30	45	20	OldForest	100	30	5	100	20	0	ft	""
WD	wepp-209984	"01:25 pm  Monday March 9, 2020"	"ABERDEEN 20 NNE WISHKA +"	10	clay	OldForest	50	0	30	100	20	OldForest	300	30	5	100	20	0	ft	""
WD	wepp-210030	"01:27 pm  Monday March 9, 2020"	"ABERDEEN 20 NNE WISHKA +"	10	silt	HighFire	400	0	30	45	20	OldForest	300	30	5	100	20	0	ft	""
WD	wepp-210209	"01:30 pm  Monday March 9, 2020"	"ABERDEEN 20 NNE WISHKA +"	10	silt	HighFire	400	0	30	45	20	OldForest	500	30	5	100	20	0	ft	""
WD	wepp-210307	"01:31 pm  Monday March 9, 2020"	"ABERDEEN 20 NNE WISHKA +"	10	silt	HighFire	400	0	30	45	20	OldForest	500	30	5	100	20	0	ft	""
WD	wepp-210467	"01:32 pm  Monday March 9, 2020"	"ABERDEEN 20 NNE WISHKA +"	10	silt	HighFire	400	0	30	45	20	OldForest	510	30	5	100	20	0	ft	""
WD	wepp-210553	"01:33 pm  Monday March 9, 2020"	"ABERDEEN 20 NNE WISHKA +"	10	silt	HighFire	400	0	30	45	20	OldForest	505	30	5	100	20	0	ft	""
WD	wepp-210629	"01:33 pm  Monday March 9, 2020"	"ABERDEEN 20 NNE WISHKA +"	10	silt	HighFire	400	0	30	45	20	OldForest	510	30	5	100	20	0	ft	""
WF	wepp-214065	"02:05 pm  Monday March 9, 2020"	"ABERDEEN 20 NNE WISHKA +"	clay	200	50	0	30	15	40	20	20	4	ft
WR	wepp-216574	"02:36 pm  Monday March 9, 2020"	"ABERDEEN 20 NNE WISHKA +"	30	clay	native	200	4	13	15	50	130	25	20	inveg	ft
WR	wepp-216772	"02:38 pm  Monday March 9, 2020"	"ABERDEEN 20 NNE WISHKA +"	30	clay	native	200	4	13	15	50	130	25	20	inveg	ft
WD	wepp-217035	"02:40 pm  Monday March 9, 2020"	"ABERDEEN 20 NNE WISHKA +"	10	clay	OldForest	50	0	30	100	20	OldForest	50	30	5	100	20	0	ft	""
WR	wepp-219648	"02:52 pm  Monday March 9, 2020"	"ABERDEEN 20 NNE WISHKA +"	30	silt	native	200	4	13	15	50	130	25	20	inveg	ft
