WD	wepp-20598	"02:23 pm  Sunday March 23, 2014"	"ABERDEEN 20 NNE WISHKA +"	10	silt	OldForest	400	0	30	100	20	OldForest	75	30	5	100	20	0	ft	""
WD	wepp-20646	"02:26 pm  Sunday March 23, 2014"	"ABERDEEN 20 NNE WISHKA +"	10	silt	Bunchgrass	400	0	30	60	20	OldForest	75	30	5	100	20	0	ft	""
WD	wepp-23463	"02:31 pm  Sunday March 23, 2014"	"ABERDEEN 20 NNE WISHKA +"	10	silt	Bunchgrass	400	0	30	60	20	OldForest	30	30	5	100	20	0	ft	""
WD	wepp-23500	"02:33 pm  Sunday March 23, 2014"	"ABERDEEN 20 NNE WISHKA +"	10	silt	HighFire	400	0	30	45	20	LowFire	30	30	5	85	20	0	ft	""
WD	wepp-26885	"02:47 pm  Sunday March 23, 2014"	"ABERDEEN 20 NNE WISHKA +"	10	silt	HighFire	400	0	30	45	20	OldForest	30	30	5	100	20	0	ft	""
WD	wepp-27426	"02:47 pm  Sunday March 23, 2014"	"ABERDEEN 20 NNE WISHKA +"	10	silt	HighFire	400	0	30	45	20	OldForest	40	30	5	100	20	0	ft	""
WD	wepp-28242	"02:48 pm  Sunday March 23, 2014"	"ABERDEEN 20 NNE WISHKA +"	10	silt	HighFire	400	0	30	45	20	OldForest	60	30	5	100	20	0	ft	""
WD	wepp-28513	"02:48 pm  Sunday March 23, 2014"	"ABERDEEN 20 NNE WISHKA +"	10	silt	HighFire	400	0	30	45	20	OldForest	85	30	5	100	20	0	ft	""
WD	wepp-28869	"02:48 pm  Sunday March 23, 2014"	"ABERDEEN 20 NNE WISHKA +"	10	silt	HighFire	400	0	30	45	20	OldForest	120	30	5	100	20	0	ft	""
WD	wepp-29134	"02:49 pm  Sunday March 23, 2014"	"ABERDEEN 20 NNE WISHKA +"	10	silt	HighFire	400	0	30	45	20	OldForest	200	30	5	100	20	0	ft	""
WD	wepp-29340	"02:49 pm  Sunday March 23, 2014"	"ABERDEEN 20 NNE WISHKA +"	10	silt	HighFire	400	0	30	45	20	OldForest	250	30	5	100	20	0	ft	""
WD	wepp-29446	"02:50 pm  Sunday March 23, 2014"	"ABERDEEN 20 NNE WISHKA +"	10	silt	HighFire	400	0	30	45	20	OldForest	300	30	5	100	20	0	ft	""
WD	wepp-29500	"02:50 pm  Sunday March 23, 2014"	"ABERDEEN 20 NNE WISHKA +"	10	silt	HighFire	400	0	30	45	20	OldForest	340	30	5	100	20	0	ft	""
WD	wepp-29537	"02:51 pm  Sunday March 23, 2014"	"ABERDEEN 20 NNE WISHKA +"	10	silt	HighFire	400	0	30	45	20	OldForest	370	30	5	100	20	0	ft	""
WD	wepp-29573	"02:51 pm  Sunday March 23, 2014"	"ABERDEEN 20 NNE WISHKA +"	10	silt	HighFire	400	0	30	45	20	OldForest	390	30	5	100	20	0	ft	""
WD	wepp-29608	"02:51 pm  Sunday March 23, 2014"	"ABERDEEN 20 NNE WISHKA +"	10	silt	HighFire	400	0	30	45	20	OldForest	450	30	5	100	20	0	ft	""
WD	wepp-29644	"02:52 pm  Sunday March 23, 2014"	"ABERDEEN 20 NNE WISHKA +"	10	silt	HighFire	400	0	30	45	20	OldForest	470	30	5	100	20	0	ft	""
WD	wepp-29679	"02:52 pm  Sunday March 23, 2014"	"ABERDEEN 20 NNE WISHKA +"	10	silt	HighFire	400	0	30	45	20	OldForest	460	30	5	100	20	0	ft	""
WD	wepp-29715	"02:52 pm  Sunday March 23, 2014"	"ABERDEEN 20 NNE WISHKA +"	10	silt	HighFire	400	0	30	45	20	OldForest	465	30	5	100	20	0	ft	""
WD	wepp-29750	"02:53 pm  Sunday March 23, 2014"	"ABERDEEN 20 NNE WISHKA +"	10	silt	HighFire	400	0	30	45	20	OldForest	467	30	5	100	20	0	ft	""
WD	wepp-29786	"02:53 pm  Sunday March 23, 2014"	"ABERDEEN 20 NNE WISHKA +"	10	silt	HighFire	400	0	30	45	20	OldForest	466	30	5	100	20	0	ft	""
WD	wepp-29823	"02:53 pm  Sunday March 23, 2014"	"ABERDEEN 20 NNE WISHKA +"	10	silt	HighFire	400	0	30	45	20	OldForest	467	30	5	100	20	0	ft	""
WR	wepp-9811	"12:59 pm  Tuesday March 25, 2014"	"ABERDEEN 20 NNE WISHKA +"	30	clay	native	200	4	13	15	50	130	25	20	inveg	ft
WR	wepp-12762	"01:12 pm  Tuesday March 25, 2014"	"ABERDEEN 20 NNE WISHKA +"	30	clay	native	200	4	13	15	50	130	25	20	outrut	ft
WR	wepp-12803	"01:13 pm  Tuesday March 25, 2014"	"ABERDEEN 20 NNE WISHKA +"	30	clay	graveled	200	4	13	15	50	1	25	20	outrut	ft
WR	wepp-12839	"01:14 pm  Tuesday March 25, 2014"	"ABERDEEN 20 NNE WISHKA +"	30	silt	graveled	200	4	13	15	50	1	25	20	outrut	ft
WR	wepp-12877	"01:14 pm  Tuesday March 25, 2014"	"ABERDEEN 20 NNE WISHKA +"	30	silt	graveled	200	4	13	15	50	1	25	20	outunrut	ft
WR	wepp-15762	"01:19 pm  Tuesday March 25, 2014"	"ABERDEEN 20 NNE WISHKA +"	30	silt	graveled	200	4	13	15	50	1	25	20	outunrut	ft
WR	wepp-15826	"01:20 pm  Tuesday March 25, 2014"	"ABERDEEN 20 NNE WISHKA +"	30	silt	native	200	4	13	15	50	1	25	20	outrut	ft
WR	wepp-15869	"01:20 pm  Tuesday March 25, 2014"	"ABERDEEN 20 NNE WISHKA +"	30	silt	graveled	200	4	13	15	50	1	25	20	outunrut	ft
WR	wepp-15912	"01:23 pm  Tuesday March 25, 2014"	"ABERDEEN 20 NNE WISHKA +"	30	silt	graveled	200	4	13	15	50	1	25	20	outrut	ft
WR	wepp-15947	"01:23 pm  Tuesday March 25, 2014"	"ABERDEEN 20 NNE WISHKA +"	30	silt	graveled	200	4	13	15	50	1	25	20	outunrut	ft
WD	wepp-6306	"02:31 pm  Tuesday March 25, 2014"	"ABERDEEN 20 NNE WISHKA +"	10	clay	OldForest	50	0	30	100	20	OldForest	50	30	5	100	20	0	ft	""
WR	wepp-220458	"01:22 pm  Saturday March 12, 2016"	"ABERDEEN 20 NNE WISHKA +"	30	silt	native	200	4	13	15	50	1	25	20	inveg	ft
WR	wepp-222607	"01:25 pm  Saturday March 12, 2016"	"ABERDEEN 20 NNE WISHKA +"	30	silt	native	200	4	13	15	50	1	25	20	inbare	ft
WR	wepp-224119	"01:28 pm  Saturday March 12, 2016"	"ABERDEEN 20 NNE WISHKA +"	30	silt	paved	200	4	13	15	50	1	25	20	inbare	ft
WR	wepp-237844	"01:50 pm  Saturday March 12, 2016"	"ABERDEEN 20 NNE WISHKA +"	30	silt	paved	200	4	13	15	50	1	25	20	inbare	ft
WR	wepp-240106	"01:54 pm  Saturday March 12, 2016"	"ABERDEEN 20 NNE WISHKA +"	30	silt	native	200	4	13	15	50	1	25	20	inbare	ft
WR	wepp-240834	"01:55 pm  Saturday March 12, 2016"	"ABERDEEN 20 NNE WISHKA +"	30	silt	native	200	4	13	15	50	1	25	20	inveg	ft
WD	wepp-244173	"02:12 pm  Saturday March 12, 2016"	"ABERDEEN 20 NNE WISHKA +"	10	silt	OldForest	400	0	30	100	20	OldForest	75	30	5	100	20	0	ft	""
WD	wepp-245136	"02:31 pm  Saturday March 12, 2016"	"ABERDEEN 20 NNE WISHKA +"	10	clay	OldForest	50	0	30	100	20	OldForest	50	30	5	100	20	0	ft	""
WD	wepp-245245	"02:33 pm  Saturday March 12, 2016"	"ABERDEEN 20 NNE WISHKA +"	10	silt	Bunchgrass	400	0	30	60	20	OldForest	75	30	5	100	20	0	ft	""
WD	wepp-245377	"02:37 pm  Saturday March 12, 2016"	"ABERDEEN 20 NNE WISHKA +"	10	silt	OldForest	400	0	30	100	20	OldForest	75	30	5	100	20	0	ft	""
WD	wepp-245477	"02:39 pm  Saturday March 12, 2016"	"ABERDEEN 20 NNE WISHKA +"	10	silt	Bunchgrass	400	0	30	60	20	OldForest	30	30	5	100	20	0	ft	""
WD	wepp-510	"02:46 pm  Saturday March 12, 2016"	"ABERDEEN 20 NNE WISHKA +"	10	silt	HighFire	400	0	30	45	20	LowFire	30	30	5	85	20	0	ft	""
WD	wepp-930	"02:55 pm  Saturday March 12, 2016"	"ABERDEEN 20 NNE WISHKA +"	10	silt	HighFire	400	0	30	45	20	OldForest	30	30	5	100	20	0	ft	""
WD	wepp-968	"02:55 pm  Saturday March 12, 2016"	"ABERDEEN 20 NNE WISHKA +"	10	silt	HighFire	400	0	30	45	20	OldForest	50	30	5	100	20	0	ft	""
WD	wepp-1012	"02:55 pm  Saturday March 12, 2016"	"ABERDEEN 20 NNE WISHKA +"	10	silt	HighFire	400	0	30	45	20	OldForest	100	30	5	100	20	0	ft	""
WD	wepp-1053	"02:56 pm  Saturday March 12, 2016"	"ABERDEEN 20 NNE WISHKA +"	10	silt	HighFire	400	0	30	45	20	OldForest	400	30	5	100	20	0	ft	""
WD	wepp-1103	"02:56 pm  Saturday March 12, 2016"	"ABERDEEN 20 NNE WISHKA +"	10	silt	HighFire	400	0	30	45	20	OldForest	500	30	5	100	20	0	ft	""
WD	wepp-1147	"02:56 pm  Saturday March 12, 2016"	"ABERDEEN 20 NNE WISHKA +"	10	silt	HighFire	400	0	30	45	20	OldForest	600	30	5	100	20	0	ft	""
WD	wepp-1187	"02:56 pm  Saturday March 12, 2016"	"ABERDEEN 20 NNE WISHKA +"	10	silt	HighFire	400	0	30	45	20	OldForest	700	30	5	100	20	0	ft	""
WD	wepp-1225	"02:56 pm  Saturday March 12, 2016"	"ABERDEEN 20 NNE WISHKA +"	10	silt	HighFire	400	0	30	45	20	OldForest	900	30	5	100	20	0	ft	""
WD	wepp-1265	"02:57 pm  Saturday March 12, 2016"	"ABERDEEN 20 NNE WISHKA +"	10	silt	HighFire	400	0	30	45	20	OldForest	1000	30	5	100	20	0	ft	""
WD	wepp-1306	"02:57 pm  Saturday March 12, 2016"	"ABERDEEN 20 NNE WISHKA +"	10	silt	HighFire	400	0	30	45	20	OldForest	950	30	5	100	20	0	ft	""
WD	wepp-1345	"02:57 pm  Saturday March 12, 2016"	"ABERDEEN 20 NNE WISHKA +"	10	silt	HighFire	400	0	30	45	20	OldForest	975	30	5	100	20	0	ft	""
WD	wepp-1384	"02:57 pm  Saturday March 12, 2016"	"ABERDEEN 20 NNE WISHKA +"	10	silt	HighFire	400	0	30	45	20	OldForest	970	30	5	100	20	0	ft	""
WD	wepp-1425	"02:57 pm  Saturday March 12, 2016"	"ABERDEEN 20 NNE WISHKA +"	10	silt	HighFire	400	0	30	45	20	OldForest	965	30	5	100	20	0	ft	""
WD	wepp-1468	"02:57 pm  Saturday March 12, 2016"	"ABERDEEN 20 NNE WISHKA +"	10	silt	HighFire	400	0	30	45	20	OldForest	960	30	5	100	20	0	ft	""
WD	wepp-1505	"02:58 pm  Saturday March 12, 2016"	"ABERDEEN 20 NNE WISHKA +"	10	silt	HighFire	400	0	30	45	20	OldForest	955	30	5	100	20	0	ft	""
WD	wepp-1543	"02:58 pm  Saturday March 12, 2016"	"ABERDEEN 20 NNE WISHKA +"	10	silt	HighFire	400	0	30	45	20	OldForest	956	30	5	100	20	0	ft	""
WD	wepp-1584	"02:58 pm  Saturday March 12, 2016"	"ABERDEEN 20 NNE WISHKA +"	10	silt	HighFire	400	0	30	45	20	OldForest	957	30	5	100	20	0	ft	""
WD	wepp-1671	"03:00 pm  Saturday March 12, 2016"	"ABERDEEN 20 NNE WISHKA +"	1	silt	HighFire	400	0	30	45	20	OldForest	957	30	5	100	20	0	ft	""
WD	wepp-1756	"03:02 pm  Saturday March 12, 2016"	"ABERDEEN 20 NNE WISHKA +"	1	silt	HighFire	400	0	30	45	20	OldForest	500	30	5	100	20	0	ft	""
WD	wepp-2006	"03:14 pm  Saturday March 12, 2016"	"ABERDEEN 20 NNE WISHKA +"	10	clay	OldForest	50	0	30	100	20	OldForest	50	30	5	100	20	0	ft	""
WR	wepp-11684	"10:46 am  Wednesday March 16, 2016"	"new +"	30	silt	native	200	4	13	15	50	1	25	20	inbare	ft
WR	wepp-11774	"10:48 am  Wednesday March 16, 2016"	"new +"	30	silt	native	200	4	13	15	50	1	25	20	inveg	ft
WR	wepp-11863	"10:51 am  Wednesday March 16, 2016"	"new +"	30	silt	paved	200	4	13	15	50	1	25	20	inbare	ft
WD	wepp-12733	"11:26 am  Wednesday March 16, 2016"	"new +"	10	silt	OldForest	400	0	30	100	20	OldForest	75	30	5	100	20	0	ft	""
WD	wepp-12906	"11:32 am  Wednesday March 16, 2016"	"new +"	10	silt	Bunchgrass	400	0	30	60	20	OldForest	75	30	5	100	20	0	ft	""
WD	wepp-13003	"11:36 am  Wednesday March 16, 2016"	"new +"	10	silt	OldForest	400	0	30	100	20	OldForest	75	30	5	100	20	0	ft	""
WD	wepp-13064	"11:38 am  Wednesday March 16, 2016"	"new +"	10	silt	Bunchgrass	400	0	30	60	20	OldForest	30	30	5	100	20	0	ft	""
WD	wepp-13176	"11:42 am  Wednesday March 16, 2016"	"new +"	10	silt	HighFire	400	0	30	45	20	LowFire	30	30	5	85	20	0	ft	""
WD	wepp-13548	"11:50 am  Wednesday March 16, 2016"	"new +"	10	silt	HighFire	400	0	30	45	20	OldForest	500	30	5	100	20	0	ft	""
WD	wepp-13592	"11:51 am  Wednesday March 16, 2016"	"new +"	10	silt	HighFire	400	0	30	45	20	OldForest	550	30	5	100	20	0	ft	""
WD	wepp-79058	"11:28 am  Friday March 18, 2016"	"Pareah + +"	10	silt	OldForest	400	0	30	100	20	OldForest	75	30	5	100	20	0	ft	""
WD	wepp-79320	"11:32 am  Friday March 18, 2016"	"Pareah + +"	10	silt	Bunchgrass	400	0	30	60	20	OldForest	75	30	5	100	20	0	ft	""
WD	wepp-79436	"11:34 am  Friday March 18, 2016"	"Pareah + +"	10	silt	Bunchgrass	400	0	30	60	20	OldForest	30	30	5	100	20	0	ft	""
WD	wepp-79583	"11:36 am  Friday March 18, 2016"	"Pareah + +"	10	silt	HighFire	400	0	30	45	20	LowFire	30	30	5	85	20	0	ft	""
WR	wepp-129729	"12:39 pm  Wednesday March 15, 2017"	"ABERDEEN 20 NNE WISHKA +"	30	silt	native	200	4	13	15	50	1	25	20	inveg	ft
WR	wepp-132140	"01:37 pm  Wednesday March 15, 2017"	"ABERDEEN 20 NNE WISHKA +"	30	clay	native	200	4	13	15	50	130	25	20	inveg	ft
WR	wepp-132210	"01:42 pm  Wednesday March 15, 2017"	"ABERDEEN 20 NNE WISHKA +"	30	silt	native	200	4	13	15	50	1	25	20	inveg	ft
WR	wepp-194142	"12:57 pm  Tuesday March 21, 2017"	"Logan Dafoe climate +"	30	clay	native	200	4	13	15	50	130	25	20	inveg	ft
WR	wepp-194839	"02:16 pm  Tuesday March 21, 2017"	"Logan Dafoe climate +"	30	sand	graveled	69	4	13	69	50	69	25	20	inveg	ft
WR	wepp-195209	"02:42 pm  Tuesday March 21, 2017"	"Logan Dafoe climate +"	30	silt	native	200	4	13	15	50	1	25	20	inveg	ft
WR	wepp-195387	"02:44 pm  Tuesday March 21, 2017"	"Logan Dafoe climate +"	30	silt	native	200	4	13	15	50	1	25	20	inveg	ft
WR	wepp-196224	"02:57 pm  Tuesday March 21, 2017"	"Logan Dafoe climate +"	30	sand	graveled	200	4	13	15	50	1	25	20	outrut	ft
WR	wepp-196263	"03:01 pm  Tuesday March 21, 2017"	"Logan Dafoe climate +"	30	silt	native	200	4	13	15	50	1	25	20	inbare	ft
WR	wepp-196329	"03:05 pm  Tuesday March 21, 2017"	"Logan Dafoe climate +"	30	silt	paved	200	4	13	15	50	1	25	20	inbare	ft
WD	wepp-196812	"03:56 pm  Tuesday March 21, 2017"	"Logan Dafoe climate +"	10	silt	OldForest	400	0	30	100	20	OldForest	75	30	5	100	20	0	ft	""
WD	wepp-196859	"03:57 pm  Tuesday March 21, 2017"	"Logan Dafoe climate +"	10	silt	OldForest	400	0	30	100	20	OldForest	75	30	5	100	20	0	ft	""
WD	wepp-196903	"04:01 pm  Tuesday March 21, 2017"	"Logan Dafoe climate +"	10	silt	OldForest	400	0	30	100	20	OldForest	50	30	5	100	20	0	m	""
WD	wepp-196949	"04:02 pm  Tuesday March 21, 2017"	"Logan Dafoe climate +"	10	silt	OldForest	400	0	30	100	20	OldForest	50	30	5	100	20	0	ft	""
WD	wepp-196986	"04:03 pm  Tuesday March 21, 2017"	"Logan Dafoe climate +"	10	silt	OldForest	400	0	30	100	20	OldForest	75	30	5	100	20	0	ft	""
WD	wepp-197036	"04:05 pm  Tuesday March 21, 2017"	"Logan Dafoe climate +"	10	silt	Bunchgrass	400	0	30	60	20	OldForest	75	30	5	100	20	0	ft	""
WD	wepp-207781	"11:06 am  Wednesday March 22, 2017"	"ABERDEEN 20 NNE WISHKA +"	10	silt	Bunchgrass	400	0	30	60	20	LowFire	30	30	5	85	20	0	ft	""
WD	wepp-207912	"11:17 am  Wednesday March 22, 2017"	"ABERDEEN 20 NNE WISHKA +"	10	silt	HighFire	400	0	30	45	20	LowFire	30	30	5	85	20	0	ft	""
WD	wepp-210037	"12:48 pm  Wednesday March 22, 2017"	"Logan Dafoe climate +"	10	silt	Bunchgrass	400	0	30	60	20	OldForest	30	30	5	100	20	0	ft	""
WD	wepp-210414	"12:55 pm  Wednesday March 22, 2017"	"Logan Dafoe climate +"	10	clay	OldForest	50	0	30	100	20	OldForest	50	30	5	100	20	0	ft	""
WD	wepp-210489	"12:56 pm  Wednesday March 22, 2017"	"Logan Dafoe climate +"	10	clay	OldForest	400	0	30	100	20	OldForest	75	30	5	100	20	0	ft	""
WD	wepp-217739	"01:43 pm  Wednesday March 22, 2017"	"Logan Dafoe climate +"	10	silt	HighFire	400	0	30	45	20	LowFire	30	30	5	85	20	0	ft	""
WD	wepp-223069	"03:25 pm  Wednesday March 22, 2017"	"Logan Dafoe climate +"	10	silt	HighFire	400	0	30	45	20	OldForest	30	30	5	100	20	0	ft	""
WD	wepp-223106	"03:25 pm  Wednesday March 22, 2017"	"Logan Dafoe climate +"	10	silt	HighFire	400	0	30	45	20	OldForest	5	30	5	100	20	0	ft	""
WD	wepp-223146	"03:25 pm  Wednesday March 22, 2017"	"Logan Dafoe climate +"	10	silt	HighFire	400	0	30	45	20	OldForest	1.5	30	5	100	20	0	ft	""
WD	wepp-223182	"03:25 pm  Wednesday March 22, 2017"	"Logan Dafoe climate +"	10	silt	HighFire	400	0	30	45	20	OldForest	2	30	5	100	20	0	ft	""
WD	wepp-223219	"03:26 pm  Wednesday March 22, 2017"	"Logan Dafoe climate +"	10	silt	HighFire	400	0	30	45	20	YoungForest	100	30	5	100	20	0	ft	""
WD	wepp-223255	"03:26 pm  Wednesday March 22, 2017"	"Logan Dafoe climate +"	10	silt	HighFire	400	0	30	45	20	YoungForest	300	30	5	100	20	0	ft	""
WD	wepp-223294	"03:26 pm  Wednesday March 22, 2017"	"Logan Dafoe climate +"	10	silt	HighFire	400	0	30	45	20	YoungForest	500	30	5	100	20	0	ft	""
WD	wepp-223331	"03:26 pm  Wednesday March 22, 2017"	"Logan Dafoe climate +"	10	silt	HighFire	400	0	30	45	20	YoungForest	700	30	5	100	20	0	ft	""
WD	wepp-223374	"03:26 pm  Wednesday March 22, 2017"	"Logan Dafoe climate +"	10	silt	HighFire	400	0	30	45	20	YoungForest	900	30	5	100	20	0	ft	""
WD	wepp-223409	"03:26 pm  Wednesday March 22, 2017"	"Logan Dafoe climate +"	10	silt	HighFire	400	0	30	45	20	YoungForest	900	30	5	100	20	0	ft	""
WD	wepp-223418	"03:27 pm  Wednesday March 22, 2017"	"Logan Dafoe climate +"	10	silt	HighFire	400	0	30	45	20	YoungForest	1100	30	5	100	20	0	ft	""
WD	wepp-223453	"03:27 pm  Wednesday March 22, 2017"	"Logan Dafoe climate +"	10	silt	HighFire	400	0	30	45	20	YoungForest	1150	30	5	100	20	0	ft	""
WD	wepp-223524	"03:27 pm  Wednesday March 22, 2017"	"Logan Dafoe climate +"	10	silt	HighFire	400	0	30	45	20	YoungForest	1200	30	5	100	20	0	ft	""
WR	wepp-197284	"11:35 am  Wednesday March 14, 2018"	"ABERDEEN 20 NNE WISHKA +"	30	silt	native	200	4	13	15	50	1	25	20	inveg	ft
WR	wepp-197907	"11:37 am  Wednesday March 14, 2018"	"ABERDEEN 20 NNE WISHKA +"	30	silt	native	200	4	13	15	50	1	25	20	inbare	ft
WR	wepp-198149	"11:39 am  Wednesday March 14, 2018"	"ABERDEEN 20 NNE WISHKA +"	30	silt	paved	200	4	13	15	50	1	25	20	inbare	ft
WD	wepp-198910	"11:44 am  Wednesday March 14, 2018"	"ABERDEEN 20 NNE WISHKA +"	10	silt	OldForest	400	0	30	100	20	OldForest	75	30	5	100	20	0	ft	""
WD	wepp-199322	"11:46 am  Wednesday March 14, 2018"	"ABERDEEN 20 NNE WISHKA +"	10	silt	Bunchgrass	400	0	30	60	20	OldForest	75	30	5	75	20	0	ft	""
WD	wepp-244737	"03:23 pm  Wednesday March 28, 2018"	"ABERDEEN 20 NNE WISHKA +"	10	silt	Bunchgrass	400	0	30	60	20	OldForest	75	30	5	100	20	0	ft	""
WD	wepp-244803	"03:27 pm  Wednesday March 28, 2018"	"ABERDEEN 20 NNE WISHKA +"	10	silt	HighFire	400	0	30	45	20	LowFire	30	30	5	85	20	0	ft	""
WD	wepp-244864	"03:30 pm  Wednesday March 28, 2018"	"ABERDEEN 20 NNE WISHKA +"	10	silt	HighFire	400	0	30	45	20	OldForest	30	30	5	100	20	0	ft	""
WD	wepp-244904	"03:30 pm  Wednesday March 28, 2018"	"ABERDEEN 20 NNE WISHKA +"	10	silt	HighFire	400	0	30	45	20	OldForest	50	30	5	100	20	0	ft	""
WD	wepp-244943	"03:31 pm  Wednesday March 28, 2018"	"ABERDEEN 20 NNE WISHKA +"	10	silt	HighFire	400	0	30	45	20	OldForest	75	30	5	100	20	0	ft	""
WD	wepp-245049	"03:32 pm  Wednesday March 28, 2018"	"ABERDEEN 20 NNE WISHKA +"	10	silt	HighFire	400	0	30	45	20	OldForest	100	30	5	100	20	0	ft	""
WD	wepp-245087	"03:32 pm  Wednesday March 28, 2018"	"ABERDEEN 20 NNE WISHKA +"	10	silt	HighFire	400	0	30	45	20	OldForest	150	30	5	100	20	0	ft	""
WD	wepp-245125	"03:33 pm  Wednesday March 28, 2018"	"ABERDEEN 20 NNE WISHKA +"	10	silt	HighFire	400	0	30	45	20	OldForest	250	30	5	100	20	0	ft	""
WD	wepp-245175	"03:33 pm  Wednesday March 28, 2018"	"ABERDEEN 20 NNE WISHKA +"	10	silt	HighFire	400	0	30	45	20	OldForest	300	30	5	100	20	0	ft	""
WD	wepp-245218	"03:34 pm  Wednesday March 28, 2018"	"ABERDEEN 20 NNE WISHKA +"	10	silt	HighFire	400	0	30	45	20	OldForest	350	30	5	100	20	0	ft	""
WD	wepp-245261	"03:35 pm  Wednesday March 28, 2018"	"ABERDEEN 20 NNE WISHKA +"	10	silt	HighFire	400	0	30	45	20	OldForest	450	30	5	100	20	0	ft	""
WD	wepp-245307	"03:35 pm  Wednesday March 28, 2018"	"ABERDEEN 20 NNE WISHKA +"	10	silt	HighFire	400	0	30	45	20	OldForest	550	30	5	100	20	0	ft	""
WD	wepp-245346	"03:36 pm  Wednesday March 28, 2018"	"ABERDEEN 20 NNE WISHKA +"	10	silt	HighFire	400	0	30	45	20	OldForest	650	30	5	100	20	0	ft	""
WD	wepp-245384	"03:36 pm  Wednesday March 28, 2018"	"ABERDEEN 20 NNE WISHKA +"	10	silt	HighFire	400	0	30	45	20	OldForest	750	30	5	100	20	0	ft	""
WD	wepp-245421	"03:36 pm  Wednesday March 28, 2018"	"ABERDEEN 20 NNE WISHKA +"	10	silt	HighFire	400	0	30	45	20	OldForest	850	30	5	100	20	0	ft	""
WD	wepp-245504	"03:37 pm  Wednesday March 28, 2018"	"ABERDEEN 20 NNE WISHKA +"	10	silt	HighFire	400	0	30	45	20	OldForest	950	30	5	100	20	0	ft	""
WD	wepp-245668	"03:38 pm  Wednesday March 28, 2018"	"ABERDEEN 20 NNE WISHKA +"	10	silt	HighFire	400	0	30	45	20	OldForest	1000	30	5	100	20	0	ft	""
WR	wepp-142767	"09:41 am  Wednesday March 20, 2019"	"ABERDEEN 20 NNE WISHKA"	30	clay	native	200	4	13	15	50	1	25	20	inveg	ft
WR	wepp-143017	"09:45 am  Wednesday March 20, 2019"	"ABERDEEN 20 NNE WISHKA"	30	silt	native	200	4	13	15	50	1	25	20	inbare	ft
WR	wepp-143238	"09:46 am  Wednesday March 20, 2019"	"ABERDEEN 20 NNE WISHKA"	30	silt	paved	200	4	13	15	50	1	25	20	inbare	ft
WR	wepp-143516	"09:52 am  Wednesday March 20, 2019"	"ABERDEEN 20 NNE WISHKA"	30	silt	native	200	4	13	15	50	130	25	20	inbare	ft
WR	wepp-143678	"09:54 am  Wednesday March 20, 2019"	"ABERDEEN 20 NNE WISHKA"	30	silt	paved	200	4	13	15	50	130	25	20	inbare	ft
WR	wepp-144546	"10:07 am  Wednesday March 20, 2019"	"ABERDEEN 20 NNE WISHKA"	30	silt	native	200	4	13	15	50	1	25	20	inveg	ft
WR	wepp-144838	"10:10 am  Wednesday March 20, 2019"	"ABERDEEN 20 NNE WISHKA"	30	silt	native	200	4	13	15	50	1	25	20	inveg	ft
WR	wepp-145018	"10:12 am  Wednesday March 20, 2019"	"ABERDEEN 20 NNE WISHKA"	30	silt	native	200	4	13	15	50	1	25	20	inbare	ft
WR	wepp-145111	"10:14 am  Wednesday March 20, 2019"	"ABERDEEN 20 NNE WISHKA"	30	silt	paved	200	4	13	15	50	1	25	20	inbare	ft
WR	wepp-145612	"10:17 am  Wednesday March 20, 2019"	"ABERDEEN 20 NNE WISHKA"	30	silt	native	200	4	13	15	50	130	1	20	inveg	ft
WR	wepp-145707	"10:18 am  Wednesday March 20, 2019"	"ABERDEEN 20 NNE WISHKA"	30	silt	native	200	4	13	15	50	1	25	20	inveg	ft
WR	wepp-145757	"10:18 am  Wednesday March 20, 2019"	"ABERDEEN 20 NNE WISHKA"	30	silt	native	200	4	13	15	50	1	25	20	inveg	ft
WR	wepp-145911	"10:19 am  Wednesday March 20, 2019"	"ABERDEEN 20 NNE WISHKA"	30	silt	native	200	4	13	15	50	1	25	20	inveg	ft
WR	wepp-145963	"10:20 am  Wednesday March 20, 2019"	"ABERDEEN 20 NNE WISHKA"	30	silt	native	200	4	13	15	50	1	25	20	inbare	ft
WR	wepp-146024	"10:20 am  Wednesday March 20, 2019"	"ABERDEEN 20 NNE WISHKA"	30	silt	native	200	4	13	15	50	1	25	20	inbare	ft
WR	wepp-146202	"10:21 am  Wednesday March 20, 2019"	"ABERDEEN 20 NNE WISHKA"	30	silt	paved	200	4	13	15	50	1	25	20	inbare	ft
WD	wepp-146266	"10:22 am  Wednesday March 20, 2019"	"ABERDEEN 20 NNE WISHKA +"	10	silt	OldForest	400	0	30	100	20	OldForest	75	30	5	100	20	0	ft	"3a."
WR	wepp-146301	"10:22 am  Wednesday March 20, 2019"	"ABERDEEN 20 NNE WISHKA"	30	silt	paved	200	4	13	15	50	1	25	20	inbare	ft
WR	wepp-146579	"10:24 am  Wednesday March 20, 2019"	"ABERDEEN 20 NNE WISHKA"	30	clay	native	200	4	13	15	50	1	25	20	inveg	ft
WR	wepp-146816	"10:26 am  Wednesday March 20, 2019"	"ABERDEEN 20 NNE WISHKA"	30	silt	native	200	4	13	15	50	1	25	20	inveg	ft
WR	wepp-146855	"10:26 am  Wednesday March 20, 2019"	"ABERDEEN 20 NNE WISHKA"	30	silt	native	200	4	13	15	50	1	25	20	inbare	ft
WD	wepp-146918	"10:27 am  Wednesday March 20, 2019"	"ABERDEEN 20 NNE WISHKA +"	10	silt	Bunchgrass	400	0	30	60	20	OldForest	75	30	5	100	20	0	ft	"3b."
WD	wepp-147627	"10:33 am  Wednesday March 20, 2019"	"ABERDEEN 20 NNE WISHKA +"	10	silt	HighFire	400	0	30	45	20	LowFire	30	30	5	85	20	0	ft	"3b."
WR	wepp-147686	"10:34 am  Wednesday March 20, 2019"	"Prism 246 Elev. +"	30	silt	native	200	4	13	15	50	1	25	20	inveg	ft
WR	wepp-147750	"10:34 am  Wednesday March 20, 2019"	"Prism 246 Elev. +"	30	silt	native	200	4	13	15	50	1	25	20	inveg	ft
wt	wepp-147791	"Mar 20, 2019"	"ABERDEEN 20 NNE WISHKA +"	granitic	OldForest	0	30	50	100	20	YoungForest	30	5	50	100	20	ft	""
WR	wepp-148011	"10:37 am  Wednesday March 20, 2019"	"ABERDEEN 20 NNE WISHKA"	30	silt	paved	200	4	13	15	50	1	25	20	inveg	ft
WD	wepp-148404	"10:39 am  Wednesday March 20, 2019"	"ABERDEEN 20 NNE WISHKA +"	10	silt	OldForest	400	0	30	100	20	OldForest	75	30	5	100	20	0	ft	""
WR	wepp-148451	"10:39 am  Wednesday March 20, 2019"	"ABERDEEN 20 NNE WISHKA"	30	clay	native	200	4	13	15	50	1	25	20	inveg	ft
WD	wepp-148580	"10:40 am  Wednesday March 20, 2019"	"ABERDEEN 20 NNE WISHKA +"	10	silt	OldForest	400	0	30	100	20	OldForest	75	30	5	100	20	0	ft	""
WD	wepp-148615	"10:40 am  Wednesday March 20, 2019"	"ABERDEEN 20 NNE WISHKA +"	10	silt	OldForest	400	0	30	100	20	OldForest	75	30	5	100	20	0	ft	""
WR	wepp-148632	"10:40 am  Wednesday March 20, 2019"	"ABERDEEN 20 NNE WISHKA"	30	silt	native	200	4	13	15	50	1	25	20	inveg	ft
WD	wepp-148706	"10:40 am  Wednesday March 20, 2019"	"ABERDEEN 20 NNE WISHKA +"	10	silt	HighFire	400	0	30	45	20	OldForest	30	30	5	100	20	0	ft	"3b."
WD	wepp-148715	"10:41 am  Wednesday March 20, 2019"	"ABERDEEN 20 NNE WISHKA +"	10	silt	HighFire	400	0	30	45	20	OldForest	50	30	5	100	20	0	ft	"3b."
WD	wepp-148763	"10:41 am  Wednesday March 20, 2019"	"ABERDEEN 20 NNE WISHKA +"	10	silt	HighFire	400	0	30	45	20	OldForest	100	30	5	100	20	0	ft	"3b."
WD	wepp-148801	"10:41 am  Wednesday March 20, 2019"	"ABERDEEN 20 NNE WISHKA +"	10	silt	HighFire	400	0	30	45	20	OldForest	150	30	5	100	20	0	ft	"3b."
WD	wepp-148873	"10:41 am  Wednesday March 20, 2019"	"ABERDEEN 20 NNE WISHKA +"	10	silt	HighFire	400	0	30	45	20	OldForest	300	30	5	100	20	0	ft	"3b."
WD	wepp-148922	"10:41 am  Wednesday March 20, 2019"	"ABERDEEN 20 NNE WISHKA +"	10	silt	HighFire	400	0	30	45	20	OldForest	400	30	5	100	20	0	ft	"3b."
WR	wepp-148965	"10:42 am  Wednesday March 20, 2019"	"ABERDEEN 20 NNE WISHKA"	30	clay	native	200	4	13	15	50	130	25	20	inveg	ft
WD	wepp-148972	"10:42 am  Wednesday March 20, 2019"	"ABERDEEN 20 NNE WISHKA +"	10	silt	HighFire	400	0	30	45	20	OldForest	600	30	5	100	20	0	ft	"3b."
WD	wepp-149045	"10:42 am  Wednesday March 20, 2019"	"ABERDEEN 20 NNE WISHKA +"	10	silt	OldForest	400	0	30	100	20	OldForest	75	30	5	100	20	0	ft	""
WD	wepp-149053	"10:42 am  Wednesday March 20, 2019"	"ABERDEEN 20 NNE WISHKA +"	10	silt	HighFire	400	0	30	45	20	OldForest	620	30	5	100	20	0	ft	"3b."
WD	wepp-149097	"10:42 am  Wednesday March 20, 2019"	"ABERDEEN 20 NNE WISHKA +"	10	silt	HighFire	400	0	30	45	20	OldForest	650	30	5	100	20	0	ft	"3b."
WD	wepp-149143	"10:42 am  Wednesday March 20, 2019"	"ABERDEEN 20 NNE WISHKA +"	10	silt	HighFire	400	0	30	45	20	OldForest	700	30	5	100	20	0	ft	"3b."
WD	wepp-149178	"10:42 am  Wednesday March 20, 2019"	"ABERDEEN 20 NNE WISHKA +"	10	silt	HighFire	400	0	30	45	20	OldForest	750	30	5	100	20	0	ft	"3b."
WD	wepp-149214	"10:42 am  Wednesday March 20, 2019"	"ABERDEEN 20 NNE WISHKA +"	10	silt	HighFire	400	0	30	45	20	OldForest	800	30	5	100	20	0	ft	"3b."
WD	wepp-149252	"10:42 am  Wednesday March 20, 2019"	"ABERDEEN 20 NNE WISHKA +"	10	silt	HighFire	400	0	30	45	20	OldForest	900	30	5	100	20	0	ft	"3b."
WR	wepp-149288	"10:42 am  Wednesday March 20, 2019"	"ABERDEEN 20 NNE WISHKA"	30	silt	native	200	4	13	15	50	1	25	20	inbare	ft
WD	wepp-149295	"10:43 am  Wednesday March 20, 2019"	"ABERDEEN 20 NNE WISHKA +"	10	silt	HighFire	400	0	30	45	20	OldForest	880	30	5	100	20	0	ft	"3b."
WD	wepp-149340	"10:43 am  Wednesday March 20, 2019"	"ABERDEEN 20 NNE WISHKA +"	10	silt	HighFire	400	0	30	45	20	OldForest	890	30	5	100	20	0	ft	"3b."
WD	wepp-149393	"10:43 am  Wednesday March 20, 2019"	"ABERDEEN 20 NNE WISHKA +"	10	silt	HighFire	400	0	30	45	20	OldForest	891	30	5	100	20	0	ft	"3b."
WR	wepp-149477	"10:44 am  Wednesday March 20, 2019"	"ABERDEEN 20 NNE WISHKA"	30	silt	paved	200	4	13	15	50	1	25	20	inbare	ft
WR	wepp-149520	"10:44 am  Wednesday March 20, 2019"	"ABERDEEN 20 NNE WISHKA"	30	silt	native	200	4	13	15	50	1	25	20	inbare	ft
WD	wepp-149745	"10:45 am  Wednesday March 20, 2019"	"ABERDEEN 20 NNE WISHKA +"	10	silt	Bunchgrass	400	0	30	60	20	OldForest	75	30	5	100	20	0	ft	""
WD	wepp-149753	"10:45 am  Wednesday March 20, 2019"	"ABERDEEN 20 NNE WISHKA +"	10	silt	Bunchgrass	400	0	30	60	20	OldForest	75	30	5	100	20	0	ft	""
WR	wepp-149764	"10:45 am  Wednesday March 20, 2019"	"ABERDEEN 20 NNE WISHKA"	30	silt	paved	200	4	13	15	50	1	25	20	inbare	ft
WR	wepp-149859	"10:46 am  Wednesday March 20, 2019"	"ABERDEEN 20 NNE WISHKA"	30	silt	paved	200	4	13	15	50	1	25	20	inbare	ft
WR	wepp-149945	"10:47 am  Wednesday March 20, 2019"	"ABERDEEN 20 NNE WISHKA"	30	silt	paved	200	4	13	15	50	1	25	20	inbare	ft
WD	wepp-150017	"10:47 am  Wednesday March 20, 2019"	"ABERDEEN 20 NNE WISHKA +"	10	silt	HighFire	400	0	30	45	20	LowFire	30	30	5	85	20	0	ft	""
WD	wepp-150051	"10:47 am  Wednesday March 20, 2019"	"ABERDEEN 20 NNE WISHKA +"	10	silt	HighFire	400	0	30	45	20	LowFire	30	30	5	85	20	0	ft	""
WR	wepp-150275	"10:49 am  Wednesday March 20, 2019"	"ABERDEEN 20 NNE WISHKA +"	30	silt	paved	200	4	13	15	50	1	25	20	inbare	ft
WR	wepp-150310	"10:49 am  Wednesday March 20, 2019"	"ABERDEEN 20 NNE WISHKA"	30	silt	paved	200	4	13	15	50	1	25	20	inbare	ft
WD	wepp-150318	"10:49 am  Wednesday March 20, 2019"	"ABERDEEN 20 NNE WISHKA +"	10	silt	HighFire	400	0	30	45	20	OldForest	30	30	5	100	20	0	ft	""
WD	wepp-150367	"10:49 am  Wednesday March 20, 2019"	"ABERDEEN 20 NNE WISHKA +"	10	silt	HighFire	400	0	30	45	20	OldForest	15	30	5	100	20	0	ft	""
WD	wepp-150451	"10:50 am  Wednesday March 20, 2019"	"ABERDEEN 20 NNE WISHKA +"	10	silt	HighFire	400	0	30	45	20	OldForest	50	30	5	100	20	0	ft	""
WD	wepp-150461	"10:50 am  Wednesday March 20, 2019"	"ABERDEEN 20 NNE WISHKA +"	10	silt	HighFire	400	0	30	45	20	OldForest	300	30	5	100	20	0	ft	""
WD	wepp-150507	"10:50 am  Wednesday March 20, 2019"	"ABERDEEN 20 NNE WISHKA +"	10	silt	OldForest	400	0	30	100	20	OldForest	75	30	5	100	20	0	ft	""
WD	wepp-150516	"10:50 am  Wednesday March 20, 2019"	"ABERDEEN 20 NNE WISHKA +"	10	silt	HighFire	400	0	30	45	20	OldForest	400	30	5	100	20	0	ft	""
WD	wepp-150567	"10:50 am  Wednesday March 20, 2019"	"ABERDEEN 20 NNE WISHKA +"	10	silt	HighFire	400	0	30	45	20	OldForest	1000	30	5	100	20	0	ft	""
WD	wepp-150605	"10:50 am  Wednesday March 20, 2019"	"ABERDEEN 20 NNE WISHKA +"	10	silt	HighFire	400	0	30	45	20	OldForest	500	30	5	100	20	0	ft	""
WD	wepp-150651	"10:50 am  Wednesday March 20, 2019"	"ABERDEEN 20 NNE WISHKA +"	10	silt	HighFire	400	0	30	45	20	OldForest	700	30	5	100	20	0	ft	""
WD	wepp-150735	"10:51 am  Wednesday March 20, 2019"	"ABERDEEN 20 NNE WISHKA +"	10	silt	HighFire	400	0	30	45	20	OldForest	700	30	5	100	20	0	ft	""
WD	wepp-150807	"10:51 am  Wednesday March 20, 2019"	"ABERDEEN 20 NNE WISHKA +"	10	silt	HighFire	400	0	30	45	20	OldForest	800	30	5	100	20	0	ft	""
WD	wepp-150851	"10:51 am  Wednesday March 20, 2019"	"ABERDEEN 20 NNE WISHKA +"	10	silt	HighFire	400	0	30	45	20	OldForest	900	30	5	100	20	0	ft	""
WD	wepp-150899	"10:51 am  Wednesday March 20, 2019"	"ABERDEEN 20 NNE WISHKA +"	10	silt	HighFire	400	0	30	45	20	OldForest	950	30	5	100	20	0	ft	""
WR	wepp-150925	"10:52 am  Wednesday March 20, 2019"	"ABERDEEN 20 NNE WISHKA"	30	clay	native	200	4	13	15	50	130	25	20	inveg	ft
WD	wepp-150989	"10:52 am  Wednesday March 20, 2019"	"ABERDEEN 20 NNE WISHKA +"	10	clay	HighFire	400	0	30	45	20	OldForest	950	30	5	100	20	0	ft	""
WR	wepp-151040	"10:52 am  Wednesday March 20, 2019"	"ABERDEEN 20 NNE WISHKA"	30	silt	paved	200	4	13	15	50	1	25	20	inbare	ft
WD	wepp-151079	"10:52 am  Wednesday March 20, 2019"	"ABERDEEN 20 NNE WISHKA +"	10	silt	HighFire	400	0	30	45	20	OldForest	950	30	5	100	20	0	ft	""
WD	wepp-151156	"10:53 am  Wednesday March 20, 2019"	"ABERDEEN 20 NNE WISHKA +"	10	silt	HighFire	400	0	30	45	20	OldForest	950	30	5	100	20	0	ft	""
WD	wepp-151196	"10:53 am  Wednesday March 20, 2019"	"ABERDEEN 20 NNE WISHKA +"	10	silt	HighFire	400	0	30	45	20	OldForest	950	30	5	100	20	0	ft	""
WD	wepp-151313	"10:53 am  Wednesday March 20, 2019"	"ABERDEEN 20 NNE WISHKA +"	10	silt	HighFire	400	0	30	45	20	OldForest	950	30	5	100	20	0	ft	""
WR	wepp-151812	"10:57 am  Wednesday March 20, 2019"	"HELENA +"	30	silt	paved	200	4	13	15	50	1	25	20	inbare	ft
WD	wepp-152264	"11:03 am  Wednesday March 20, 2019"	"HELENA +"	10	silt	Bunchgrass	400	0	30	60	20	OldForest	75	30	5	100	20	0	ft	""
WD	wepp-152363	"11:03 am  Wednesday March 20, 2019"	"HELENA +"	10	silt	Bunchgrass	400	0	30	60	20	OldForest	75	30	5	100	20	0	ft	""
WD	wepp-152399	"11:03 am  Wednesday March 20, 2019"	"HELENA +"	10	silt	OldForest	400	0	30	100	20	OldForest	75	30	5	100	20	0	ft	""
WD	wepp-152423	"11:04 am  Wednesday March 20, 2019"	"HELENA +"	10	silt	Bunchgrass	400	0	30	60	20	OldForest	75	30	5	100	20	0	ft	""
WD	wepp-152463	"11:04 am  Wednesday March 20, 2019"	"HELENA +"	10	clay	OldForest	400	0	30	100	20	OldForest	75	30	5	100	20	0	ft	""
WD	wepp-152548	"11:05 am  Wednesday March 20, 2019"	"HELENA +"	10	silt	OldForest	400	0	30	100	20	OldForest	75	30	5	100	20	0	ft	""
WD	wepp-152839	"11:08 am  Wednesday March 20, 2019"	"HELENA +"	10	silt	Bunchgrass	400	0	30	60	20	OldForest	75	30	5	100	20	0	ft	""
WD	wepp-152969	"11:09 am  Wednesday March 20, 2019"	"ABERDEEN 20 NNE WISHKA +"	10	silt	OldForest	400	0	30	100	20	OldForest	75	30	5	100	20	0	ft	""
WR	wepp-153006	"11:09 am  Wednesday March 20, 2019"	"ABERDEEN 20 NNE WISHKA"	30	silt	native	200	4	13	15	50	130	25	20	inveg	ft
WR	wepp-153122	"11:10 am  Wednesday March 20, 2019"	"ABERDEEN 20 NNE WISHKA"	30	silt	native	200	4	13	15	50	130	25	20	inveg	ft
WD	wepp-153318	"11:11 am  Wednesday March 20, 2019"	"HELENA +"	10	silt	HighFire	400	0	30	45	20	LowFire	30	30	5	85	20	0	ft	""
WD	wepp-153598	"11:14 am  Wednesday March 20, 2019"	"HELENA +"	10	silt	HighFire	400	0	30	45	20	LowFire	30	30	5	85	20	0	ft	""
WD	wepp-154018	"11:18 am  Wednesday March 20, 2019"	"HELENA +"	10	silt	HighFire	400	0	30	45	20	OldForest	40	30	5	100	20	0	ft	""
WD	wepp-154038	"11:18 am  Wednesday March 20, 2019"	"HELENA +"	10	silt	HighFire	400	0	30	45	20	OldForest	50	30	5	100	20	0	ft	""
WD	wepp-154084	"11:18 am  Wednesday March 20, 2019"	"HELENA +"	10	silt	HighFire	400	0	30	45	20	OldForest	70	30	5	100	20	0	ft	""
WD	wepp-154120	"11:18 am  Wednesday March 20, 2019"	"HELENA +"	10	silt	HighFire	400	0	30	45	20	OldForest	100	30	5	100	20	0	ft	""
WD	wepp-154200	"11:18 am  Wednesday March 20, 2019"	"HELENA +"	10	silt	HighFire	400	0	30	45	20	OldForest	80	30	5	100	20	0	ft	""
WD	wepp-154399	"11:19 am  Wednesday March 20, 2019"	"HELENA +"	10	silt	HighFire	400	0	30	45	20	OldForest	15	30	5	100	20	0	ft	""
WD	wepp-154528	"11:20 am  Wednesday March 20, 2019"	"HELENA +"	10	silt	HighFire	400	0	30	45	20	OldForest	8	30	5	100	20	0	ft	""
WD	wepp-154707	"11:20 am  Wednesday March 20, 2019"	"ABERDEEN 20 NNE WISHKA +"	10	clay	OldForest	50	0	30	100	20	OldForest	50	30	5	100	20	0	ft	""
WD	wepp-155070	"11:22 am  Wednesday March 20, 2019"	"ABERDEEN 20 NNE WISHKA +"	10	clay	HighFire	400	0	30	45	20	LowFire	30	30	5	85	20	0	ft	""
WR	wepp-155794	"11:50 am  Wednesday March 20, 2019"	"ABERDEEN 20 NNE WISHKA prism +"	30	clay	native	200	4	13	15	50	130	25	20	inveg	ft
WR	wepp-156512	"12:15 pm  Wednesday March 20, 2019"	"ABERDEEN 20 NNE WISHKA"	30	clay	native	200	4	13	15	50	130	25	20	inveg	ft
WR	wepp-156614	"12:15 pm  Wednesday March 20, 2019"	"ABERDEEN 20 NNE WISHKA +"	30	clay	native	200	4	13	15	50	130	25	20	inveg	ft
WR	wepp-156666	"12:15 pm  Wednesday March 20, 2019"	"ABERDEEN 20 NNE WISHKA"	30	clay	native	200	4	13	15	50	130	25	20	inveg	ft
WR	wepp-156663	"12:15 pm  Wednesday March 20, 2019"	"ABERDEEN 20 NNE WISHKA"	30	clay	native	200	4	13	15	50	130	25	20	inveg	ft
WR	wepp-156706	"12:16 pm  Wednesday March 20, 2019"	"ABERDEEN 20 NNE WISHKA"	30	clay	native	200	4	13	15	50	130	25	20	inveg	ft
WR	wepp-157236	"12:25 pm  Wednesday March 20, 2019"	"ABERDEEN 20 NNE WISHKA"	30	silt	native	200	4	13	15	50	1	25	20	inveg	ft
WR	wepp-157725	"12:31 pm  Wednesday March 20, 2019"	"ABERDEEN 20 NNE WISHKA NEWW +"	30	silt	native	200	4	13	15	50	1	25	20	inveg	ft
WR	wepp-157995	"12:34 pm  Wednesday March 20, 2019"	"ABERDEEN 20 NNE WISHKA NEWW +"	30	silt	native	200	4	13	15	50	1	25	20	inbare	ft
WR	wepp-158221	"12:35 pm  Wednesday March 20, 2019"	"ABERDEEN 20 NNE WISHKA NEWW +"	30	silt	paved	200	4	13	15	50	1	25	20	inbare	ft
WR	wepp-158876	"12:49 pm  Wednesday March 20, 2019"	"ABERDEEN 20 NNE WISHKA"	30	silt	native	200	4	13	15	50	1	25	20	inveg	ft
WR	wepp-158921	"12:50 pm  Wednesday March 20, 2019"	"ABERDEEN 20 NNE WISHKA"	30	silt	native	200	4	13	15	50	1	25	20	inbare	ft
WR	wepp-159028	"12:51 pm  Wednesday March 20, 2019"	"ABERDEEN 20 NNE WISHKA"	30	silt	paved	200	4	13	15	50	1	25	20	inbare	ft
WR	wepp-159200	"12:53 pm  Wednesday March 20, 2019"	"ABERDEEN 20 NNE WISHKA"	30	silt	native	200	4	13	15	50	1	25	20	inbare	ft
WD	wepp-159799	"12:58 pm  Wednesday March 20, 2019"	"ABERDEEN NEW +"	10	silt	OldForest	400	0	30	100	20	OldForest	75	30	5	100	20	0	ft	""
WD	wepp-160247	"01:05 pm  Wednesday March 20, 2019"	"ABERDEEN NEW +"	10	silt	Bunchgrass	400	0	30	60	20	OldForest	75	30	5	100	20	0	ft	""
WD	wepp-160308	"01:06 pm  Wednesday March 20, 2019"	"ABERDEEN NEW +"	10	silt	HighFire	400	0	30	45	20	LowFire	30	30	5	85	20	0	ft	""
WD	wepp-160938	"01:12 pm  Wednesday March 20, 2019"	"ABERDEEN NEW +"	10	silt	HighFire	400	0	30	45	20	OldForest	30	30	5	100	20	0	ft	""
WD	wepp-160977	"01:12 pm  Wednesday March 20, 2019"	"ABERDEEN NEW +"	10	silt	HighFire	400	0	30	45	20	OldForest	40	30	5	100	20	0	ft	""
WD	wepp-161013	"01:12 pm  Wednesday March 20, 2019"	"ABERDEEN NEW +"	10	silt	HighFire	400	0	30	45	20	OldForest	60	30	5	100	20	0	ft	""
WD	wepp-161052	"01:13 pm  Wednesday March 20, 2019"	"ABERDEEN NEW +"	10	silt	HighFire	400	0	30	45	20	OldForest	100	30	5	100	20	0	ft	""
WD	wepp-161097	"01:13 pm  Wednesday March 20, 2019"	"ABERDEEN NEW +"	10	silt	HighFire	400	0	30	45	20	OldForest	300	30	5	100	20	0	ft	""
WD	wepp-65545	"12:01 pm  Monday March 25, 2019"	"ABERDEEN NEW +"	10	silt	Bunchgrass	400	0	30	60	20	OldForest	75	30	5	100	20	0	ft	""
WD	wepp-65632	"12:03 pm  Monday March 25, 2019"	"ABERDEEN 20 NNE WISHKA +"	10	silt	Bunchgrass	400	0	30	60	20	OldForest	75	30	5	100	20	0	ft	""
WD	wepp-65700	"12:04 pm  Monday March 25, 2019"	"ABERDEEN NEW +"	10	silt	Bunchgrass	400	0	30	60	20	OldForest	75	30	5	100	20	0	ft	""
WD	wepp-65791	"12:05 pm  Monday March 25, 2019"	"ABERDEEN NEW +"	10	silt	OldForest	400	0	30	100	20	OldForest	75	30	5	100	20	0	ft	""
WD	wepp-65857	"12:08 pm  Monday March 25, 2019"	"ABERDEEN NEW +"	10	silt	Bunchgrass	400	0	30	60	20	OldForest	75	30	5	100	20	0	ft	""
WD	wepp-66091	"12:13 pm  Monday March 25, 2019"	"ABERDEEN NEW +"	10	silt	HighFire	400	0	30	45	20	LowFire	30	30	5	85	20	0	ft	""
WR	wepp-107466	"06:43 pm  Tuesday March 26, 2019"	"ABERDEEN 20 NNE WISHKA Part 2 +"	30	silt	native	200	4	13	15	50	1	25	20	inveg	ft
WR	wepp-107583	"06:46 pm  Tuesday March 26, 2019"	""	30	silt	native	200	4	13	15	50	1	25	20	inveg	ft
WR	wepp-107621	"06:46 pm  Tuesday March 26, 2019"	""	30	silt	native	200	4	13	15	50	1	25	20	inveg	ft
WR	wepp-107661	"06:46 pm  Tuesday March 26, 2019"	"ABERDEEN 20 NNE WISHKA +"	30	silt	native	200	4	13	15	50	1	25	20	inveg	ft
WR	wepp-107707	"06:47 pm  Tuesday March 26, 2019"	"ABERDEEN 20 NNE WISHKA +"	30	silt	native	200	4	13	15	50	1	25	20	inveg	ft
WR	wepp-107763	"06:50 pm  Tuesday March 26, 2019"	"ABERDEEN Part 2 +"	30	clay	native	200	4	13	15	50	1	25	20	inveg	ft
WR	wepp-107807	"06:51 pm  Tuesday March 26, 2019"	"ABERDEEN 20 NNE WISHKA +"	30	clay	native	200	4	13	15	50	1	25	20	inveg	ft
WR	wepp-107847	"06:51 pm  Tuesday March 26, 2019"	"ABERDEEN 20 NNE WISHKA +"	30	silt	native	200	4	13	15	50	1	25	20	inveg	ft
WR	wepp-107892	"06:52 pm  Tuesday March 26, 2019"	"ABERDEEN Part 2 +"	30	silt	native	200	4	13	15	50	1	25	20	inveg	ft
WR	wepp-107936	"06:53 pm  Tuesday March 26, 2019"	"ABERDEEN Part 2 +"	30	silt	native	200	4	13	15	50	1	25	20	inbare	ft
WR	wepp-107972	"06:53 pm  Tuesday March 26, 2019"	"ABERDEEN Part 2 +"	30	silt	paved	200	4	13	15	50	1	25	20	inbare	ft
WR	wepp-108013	"06:54 pm  Tuesday March 26, 2019"	"ABERDEEN 20 NNE WISHKA +"	30	silt	native	200	4	13	15	50	1	25	20	inveg	ft
WR	wepp-108122	"06:56 pm  Tuesday March 26, 2019"	"ABERDEEN 20 part 3 +"	30	silt	native	200	4	13	15	50	1	25	20	inveg	ft
WR	wepp-108172	"06:57 pm  Tuesday March 26, 2019"	"ABERDEEN 20 part 3 +"	30	silt	native	200	4	13	15	50	1	25	20	inbare	ft
WR	wepp-108897	"07:20 pm  Tuesday March 26, 2019"	"ABERDEEN 20 NNE WISHKA"	30	silt	native	200	4	13	15	50	1	25	20	inveg	ft
WD	wepp-108941	"07:21 pm  Tuesday March 26, 2019"	"ABERDEEN 20 NNE WISHKA +"	10	silt	OldForest	400	0	30	100	20	OldForest	75	30	5	100	20	0	ft	""
WD	wepp-108983	"07:22 pm  Tuesday March 26, 2019"	"ABERDEEN 20 NNE WISHKA +"	10	silt	Bunchgrass	400	0	30	60	20	OldForest	75	30	5	100	20	0	ft	""
WD	wepp-109021	"07:22 pm  Tuesday March 26, 2019"	"ABERDEEN 20 NNE WISHKA +"	10	silt	HighFire	400	0	30	45	20	LowFire	75	30	5	85	20	0	ft	""
WD	wepp-109088	"07:23 pm  Tuesday March 26, 2019"	"ABERDEEN 20 NNE WISHKA +"	10	silt	HighFire	400	0	30	45	20	LowFire	75	30	5	85	20	0	ft	""
WD	wepp-109076	"07:23 pm  Tuesday March 26, 2019"	"ABERDEEN 20 NNE WISHKA +"	10	silt	HighFire	400	0	30	45	20	LowFire	75	30	5	85	20	0	ft	""
WD	wepp-109128	"07:23 pm  Tuesday March 26, 2019"	"ABERDEEN 20 NNE WISHKA +"	10	silt	HighFire	400	0	30	45	20	OldForest	500	30	5	100	20	0	ft	""
WD	wepp-109175	"07:23 pm  Tuesday March 26, 2019"	"ABERDEEN 20 NNE WISHKA +"	10	silt	HighFire	400	0	30	45	20	OldForest	700	30	5	100	20	0	ft	""
WD	wepp-109212	"07:24 pm  Tuesday March 26, 2019"	"ABERDEEN 20 NNE WISHKA +"	10	silt	HighFire	400	0	30	45	20	OldForest	900	30	5	100	20	0	ft	""
WD	wepp-109248	"07:24 pm  Tuesday March 26, 2019"	"ABERDEEN 20 NNE WISHKA +"	10	silt	HighFire	400	0	30	45	20	OldForest	1100	30	5	100	20	0	ft	""
WD	wepp-109309	"07:24 pm  Tuesday March 26, 2019"	"ABERDEEN 20 NNE WISHKA +"	10	silt	HighFire	400	0	30	45	20	OldForest	1000	30	5	100	20	0	ft	""
WD	wepp-126459	"09:00 am  Wednesday March 27, 2019"	"ABERDEEN 20 part 3 +"	10	silt	HighFire	75	0	30	45	20	OldForest	400	30	5	100	20	0	ft	""
WD	wepp-126505	"09:01 am  Wednesday March 27, 2019"	"ABERDEEN 20 NNE WISHKA"	10	silt	HighFire	75	0	30	45	20	OldForest	400	30	5	100	20	0	ft	""
WD	wepp-126541	"09:02 am  Wednesday March 27, 2019"	"ABERDEEN 20 NNE WISHKA +"	10	silt	HighFire	75	0	30	45	20	OldForest	400	30	5	100	20	0	ft	""
WD	wepp-126580	"09:02 am  Wednesday March 27, 2019"	"ABERDEEN 20 NNE WISHKA +"	10	silt	HighFire	75	0	30	45	20	OldForest	400	30	5	100	20	0	ft	""
WD	wepp-126623	"09:02 am  Wednesday March 27, 2019"	"ABERDEEN 20 NNE WISHKA +"	10	silt	HighFire	75	0	30	45	20	OldForest	400	30	5	100	20	0	ft	""
WD	wepp-126660	"09:02 am  Wednesday March 27, 2019"	"ABERDEEN 20 NNE WISHKA +"	10	silt	HighFire	75	0	30	45	20	OldForest	400	30	5	100	20	0	ft	""
WD	wepp-126698	"09:02 am  Wednesday March 27, 2019"	"ABERDEEN 20 NNE WISHKA +"	10	silt	HighFire	75	0	30	45	20	OldForest	400	30	5	100	20	0	ft	""
WD	wepp-126734	"09:03 am  Wednesday March 27, 2019"	"ABERDEEN 20 NNE WISHKA +"	10	silt	HighFire	75	0	30	45	20	OldForest	400	30	5	100	20	0	ft	""
WD	wepp-126773	"09:03 am  Wednesday March 27, 2019"	"ABERDEEN 20 NNE WISHKA +"	10	silt	HighFire	75	0	30	45	20	OldForest	400	30	5	100	20	0	ft	""
WR	wepp-130680	"12:24 pm  Wednesday March 27, 2019"	"ABERDEEN 20 NNE WISHKA"	30	silt	native	200	4	13	15	50	1	25	20	inveg	ft
WR	wepp-94408	"10:51 am  Thursday April 4, 2019"	"ABERDEEN 20 NNE WISHKA +"	30	silt	native	200	4	13	15	50	130	25	20	inveg	ft
WR	wepp-179637	"09:30 am  Wednesday March 11, 2020"	"ABERDEEN 20 NNE WISHKA"	30	silt	native	200	4	13	15	50	1	25	20	inveg	ft
WR	wepp-181136	"09:48 am  Wednesday March 11, 2020"	"ABERDEEN 20 NNE WISHKA"	30	silt	native	200	4	13	15	50	1	25	20	inbare	ft
WR	wepp-181202	"09:50 am  Wednesday March 11, 2020"	"ABERDEEN 20 NNE WISHKA"	30	silt	paved	200	4	13	15	50	1	25	20	inbare	ft
WD	wepp-181773	"10:05 am  Wednesday March 11, 2020"	"ABERDEEN 20 NNE WISHKA +"	10	silt	OldForest	400	0	30	100	20	OldForest	75	30	5	100	20	0	ft	""
WD	wepp-182200	"10:16 am  Wednesday March 11, 2020"	"ABERDEEN 20 NNE WISHKA +"	10	silt	Bunchgrass	400	0	30	60	20	OldForest	75	30	5	100	20	0	ft	""
WD	wepp-182255	"10:18 am  Wednesday March 11, 2020"	"ABERDEEN 20 NNE WISHKA +"	10	silt	HighFire	400	0	30	45	20	LowFire	30	30	5	85	20	0	ft	""
WD	wepp-182537	"10:30 am  Wednesday March 11, 2020"	"ABERDEEN 20 NNE WISHKA +"	10	silt	HighFire	400	0	30	45	20	OldForest	150	30	5	100	20	0	ft	""
WD	wepp-182588	"10:30 am  Wednesday March 11, 2020"	"ABERDEEN 20 NNE WISHKA +"	10	silt	HighFire	400	0	30	45	20	OldForest	350	30	5	100	20	0	ft	""
WD	wepp-182643	"10:31 am  Wednesday March 11, 2020"	"ABERDEEN 20 NNE WISHKA +"	10	silt	HighFire	400	0	30	45	20	OldForest	450	30	5	100	20	0	ft	""
WD	wepp-182685	"10:31 am  Wednesday March 11, 2020"	"ABERDEEN 20 NNE WISHKA +"	10	silt	HighFire	400	0	30	45	20	OldForest	600	30	5	100	20	0	ft	""
WD	wepp-182723	"10:31 am  Wednesday March 11, 2020"	"ABERDEEN 20 NNE WISHKA +"	10	silt	HighFire	400	0	30	45	20	OldForest	700	30	5	100	20	0	ft	""
WD	wepp-182759	"10:31 am  Wednesday March 11, 2020"	"ABERDEEN 20 NNE WISHKA +"	10	silt	HighFire	400	0	30	45	20	OldForest	1000	30	5	100	20	0	ft	""
WD	wepp-182799	"10:31 am  Wednesday March 11, 2020"	"ABERDEEN 20 NNE WISHKA +"	10	silt	HighFire	400	0	30	45	20	OldForest	950	30	5	100	20	0	ft	""
WD	wepp-182839	"10:32 am  Wednesday March 11, 2020"	"ABERDEEN 20 NNE WISHKA +"	10	silt	HighFire	400	0	30	45	20	OldForest	960	30	5	100	20	0	ft	""
WR	wepp-205060	"08:55 pm  Wednesday March 11, 2020"	"ABERDEEN 20 NNE WISHKA"	30	silt	native	200	4	13	15	50	1	25	20	inveg	ft
WR	wepp-205121	"08:57 pm  Wednesday March 11, 2020"	"ABERDEEN 20 NNE WISHKA"	30	silt	native	200	4	13	15	50	1	25	20	inbare	ft
WR	wepp-205683	"09:20 pm  Wednesday March 11, 2020"	"ABERDEEN 20 NNE WISHKA"	30	silt	native	200	4	13	15	50	1	25	20	inbare	ft
WR	wepp-205997	"09:28 pm  Wednesday March 11, 2020"	"ABERDEEN 20 NNE WISHKA"	30	silt	native	200	4	13	15	50	1	25	20	inveg	ft
WR	wepp-206054	"09:29 pm  Wednesday March 11, 2020"	"ABERDEEN 20 NNE WISHKA"	1	silt	paved	200	4	13	15	50	1	25	20	inbare	ft
WR	wepp-206101	"09:29 pm  Wednesday March 11, 2020"	"ABERDEEN 20 NNE WISHKA"	1	silt	native	200	4	13	15	50	1	25	20	inbare	ft
WR	wepp-206143	"09:30 pm  Wednesday March 11, 2020"	"ABERDEEN 20 NNE WISHKA"	1	silt	native	200	4	13	15	50	1	25	20	inveg	ft
WD	wepp-207491	"10:26 pm  Wednesday March 11, 2020"	"ABERDEEN 20 NNE WISHKA +"	10	silt	OldForest	400	0	30	100	20	OldForest	75	30	5	100	20	0	ft	""
WD	wepp-207854	"10:39 pm  Wednesday March 11, 2020"	"ABERDEEN 20 NNE WISHKA +"	10	silt	Bunchgrass	400	0	30	60	20	OldForest	75	30	5	100	20	0	ft	""
WD	wepp-208041	"10:46 pm  Wednesday March 11, 2020"	"ABERDEEN 20 NNE WISHKA +"	1	silt	Bunchgrass	400	0	30	60	20	OldForest	75	30	5	100	20	0	ft	""
WD	wepp-208099	"10:48 pm  Wednesday March 11, 2020"	"ABERDEEN 20 NNE WISHKA +"	30	silt	Bunchgrass	400	0	30	60	20	OldForest	75	30	5	100	20	0	ft	""
WD	wepp-208140	"10:48 pm  Wednesday March 11, 2020"	"ABERDEEN 20 NNE WISHKA +"	20	silt	Bunchgrass	400	0	30	60	20	OldForest	75	30	5	100	20	0	ft	""
WD	wepp-208195	"10:49 pm  Wednesday March 11, 2020"	"ABERDEEN 20 NNE WISHKA +"	10	silt	Bunchgrass	400	0	30	60	20	OldForest	75	30	5	100	20	0	ft	""
WD	wepp-208270	"10:52 pm  Wednesday March 11, 2020"	"ABERDEEN 20 NNE WISHKA +"	10	silt	Bunchgrass	400	0	30	60	20	OldForest	75	30	5	100	20	0	ft	""
WD	wepp-208483	"10:55 pm  Wednesday March 11, 2020"	"ABERDEEN 20 NNE WISHKA +"	10	silt	OldForest	400	0	30	100	20	OldForest	75	30	5	100	20	0	ft	""
WD	wepp-208533	"10:57 pm  Wednesday March 11, 2020"	"ABERDEEN 20 NNE WISHKA +"	10	silt	Bunchgrass	400	0	30	60	20	OldForest	75	30	5	100	20	0	ft	""
WD	wepp-208987	"11:16 pm  Wednesday March 11, 2020"	"ABERDEEN 20 NNE WISHKA +"	10	silt	HighFire	400	0	30	45	20	LowFire	30	30	5	85	20	0	ft	""
WD	wepp-209388	"11:36 pm  Wednesday March 11, 2020"	"ABERDEEN 20 NNE WISHKA +"	10	silt	HighFire	400	0	30	45	20	LowFire	510	30	5	85	20	0	ft	""
WD	wepp-209439	"11:37 pm  Wednesday March 11, 2020"	"ABERDEEN 20 NNE WISHKA +"	10	silt	HighFire	400	0	30	45	20	OldForest	510	30	5	100	20	0	ft	""
WR	wepp-209599	"11:42 pm  Wednesday March 11, 2020"	"ABERDEEN 20 NNE WISHKA"	30	silt	native	200	4	13	15	50	1	25	20	inveg	ft
WR	wepp-229619	"12:40 pm  Thursday March 12, 2020"	"ABERDEEN 20 NNE WISHKA"	30	silt	native	200	4	13	15	50	130	1	20	inveg	ft
WR	wepp-229665	"12:41 pm  Thursday March 12, 2020"	"ABERDEEN 20 NNE WISHKA"	1	silt	native	200	4	13	15	50	130	1	20	inveg	ft
WR	wepp-229763	"12:43 pm  Thursday March 12, 2020"	"ABERDEEN 20 NNE WISHKA"	30	sand	native	200	4	13	15	50	1	25	20	inveg	ft
WR	wepp-23269	"05:28 pm  Wednesday November 3, 2021"	"ABERDEEN 20 NNE WISHKA +"	1	silt	native	200	4	13	15	50	1	25	20	inveg	ft
WR	wepp-23584	"05:54 pm  Wednesday November 3, 2021"	"ABERDEEN 20 NNE WISHKA +"	1	silt	native	200	4	13	15	50	1	25	20	inbare	ft
WR	wepp-35384	"08:38 am  Thursday November 4, 2021"	"ABERDEEN 20 NNE WISHKA"	30	clay	native	200	4	13	15	50	130	25	20	inveg	ft
WR	wepp-35661	"08:40 am  Thursday November 4, 2021"	"ABERDEEN 20 NNE WISHKA"	30	silt	native	200	4	13	15	50	1	25	20	inveg	ft
WR	wepp-35757	"08:41 am  Thursday November 4, 2021"	"ABERDEEN 20 NNE WISHKA"	30	silt	native	60	4	4	5	50	1	25	20	inveg	m
WR	wepp-36495	"09:15 am  Thursday November 4, 2021"	"ABERDEEN 20 NNE WISHKA"	30	silt	native	200	4	13	15	50	1	25	20	inveg	ft
WR	wepp-36559	"09:15 am  Thursday November 4, 2021"	"ABERDEEN 20 NNE WISHKA"	30	silt	native	60	4	4	5	50	1	25	20	inveg	m
WR	wepp-36820	"09:20 am  Thursday November 4, 2021"	"ABERDEEN 20 NNE WISHKA"	30	silt	native	60	4	4	5	50	1	25	20	inbare	m
WR	wepp-36890	"09:20 am  Thursday November 4, 2021"	"ABERDEEN 20 NNE WISHKA"	30	silt	paved	60	4	4	5	50	1	25	20	inbare	m
WD	wepp-37068	"09:25 am  Thursday November 4, 2021"	"ABERDEEN 20 NNE WISHKA +"	10	silt	OldForest	400	0	30	100	20	OldForest	75	30	5	100	20	0	ft	""
WD	wepp-37147	"09:28 am  Thursday November 4, 2021"	"ABERDEEN 20 NNE WISHKA +"	10	silt	Shrub	400	0	30	80	20	OldForest	75	30	5	100	20	0	ft	""
WD	wepp-37266	"09:31 am  Thursday November 4, 2021"	"ABERDEEN 20 NNE WISHKA +"	10	silt	HighFire	400	0	30	45	20	LowFire	30	30	5	85	20	0	ft	""
WD	wepp-37347	"09:33 am  Thursday November 4, 2021"	"ABERDEEN 20 NNE WISHKA +"	10	silt	HighFire	400	0	30	45	20	OldForest	100	30	5	100	20	0	ft	""
WD	wepp-37384	"09:33 am  Thursday November 4, 2021"	"ABERDEEN 20 NNE WISHKA +"	10	silt	HighFire	400	0	30	45	20	OldForest	200	30	5	100	20	0	ft	""
WD	wepp-37436	"09:33 am  Thursday November 4, 2021"	"ABERDEEN 20 NNE WISHKA +"	10	silt	HighFire	400	0	30	45	20	OldForest	300	30	5	100	20	0	ft	""
WD	wepp-37509	"09:34 am  Thursday November 4, 2021"	"ABERDEEN 20 NNE WISHKA +"	10	silt	HighFire	400	0	30	45	20	OldForest	400	30	5	100	20	0	ft	""
WD	wepp-37516	"09:34 am  Thursday November 4, 2021"	"ABERDEEN 20 NNE WISHKA +"	10	silt	HighFire	400	0	30	45	20	OldForest	500	30	5	100	20	0	ft	""
WD	wepp-37655	"09:34 am  Thursday November 4, 2021"	"ABERDEEN 20 NNE WISHKA +"	10	silt	HighFire	400	0	30	45	20	OldForest	600	30	5	100	20	0	ft	""
WD	wepp-37733	"09:34 am  Thursday November 4, 2021"	"ABERDEEN 20 NNE WISHKA +"	10	silt	HighFire	400	0	30	45	20	OldForest	650	30	5	100	20	0	ft	""
WD	wepp-37779	"09:35 am  Thursday November 4, 2021"	"ABERDEEN 20 NNE WISHKA +"	10	silt	HighFire	400	0	30	45	20	OldForest	700	30	5	100	20	0	ft	""
WD	wepp-37822	"09:35 am  Thursday November 4, 2021"	"ABERDEEN 20 NNE WISHKA +"	10	silt	HighFire	400	0	30	45	20	OldForest	750	30	5	100	20	0	ft	""
WD	wepp-37871	"09:35 am  Thursday November 4, 2021"	"ABERDEEN 20 NNE WISHKA +"	10	silt	HighFire	400	0	30	45	20	OldForest	800	30	5	100	20	0	ft	""
WD	wepp-37880	"09:35 am  Thursday November 4, 2021"	"ABERDEEN 20 NNE WISHKA +"	10	silt	HighFire	400	0	30	45	20	OldForest	850	30	5	100	20	0	ft	""
WD	wepp-37960	"09:35 am  Thursday November 4, 2021"	"ABERDEEN 20 NNE WISHKA +"	10	silt	HighFire	400	0	30	45	20	OldForest	900	30	5	100	20	0	ft	""
WD	wepp-37969	"09:35 am  Thursday November 4, 2021"	"ABERDEEN 20 NNE WISHKA +"	10	silt	HighFire	400	0	30	45	20	OldForest	950	30	5	100	20	0	ft	""
WD	wepp-38077	"09:36 am  Thursday November 4, 2021"	"ABERDEEN 20 NNE WISHKA +"	10	silt	HighFire	400	0	30	45	20	OldForest	975	30	5	100	20	0	ft	""
WD	wepp-38087	"09:36 am  Thursday November 4, 2021"	"ABERDEEN 20 NNE WISHKA +"	10	silt	HighFire	400	0	30	45	20	OldForest	970	30	5	100	20	0	ft	""
WD	wepp-38130	"09:36 am  Thursday November 4, 2021"	"ABERDEEN 20 NNE WISHKA +"	10	silt	HighFire	400	0	30	45	20	OldForest	960	30	5	100	20	0	ft	""
WD	wepp-38175	"09:36 am  Thursday November 4, 2021"	"ABERDEEN 20 NNE WISHKA +"	10	silt	HighFire	400	0	30	45	20	OldForest	965	30	5	100	20	0	ft	""
WD	wepp-38218	"09:37 am  Thursday November 4, 2021"	"ABERDEEN 20 NNE WISHKA +"	10	silt	HighFire	400	0	30	45	20	OldForest	960	30	5	100	20	0	ft	""
WD	wepp-38255	"09:37 am  Thursday November 4, 2021"	"ABERDEEN 20 NNE WISHKA +"	10	silt	HighFire	400	0	30	45	20	OldForest	955	30	5	100	20	0	ft	""
WD	wepp-38291	"09:37 am  Thursday November 4, 2021"	"ABERDEEN 20 NNE WISHKA +"	10	silt	HighFire	400	0	30	45	20	OldForest	956	30	5	100	20	0	ft	""
WD	wepp-38329	"09:37 am  Thursday November 4, 2021"	"ABERDEEN 20 NNE WISHKA +"	10	silt	HighFire	400	0	30	45	20	OldForest	954	30	5	100	20	0	ft	""
WD	wepp-38365	"09:37 am  Thursday November 4, 2021"	"ABERDEEN 20 NNE WISHKA +"	10	silt	HighFire	400	0	30	45	20	OldForest	952	30	5	100	20	0	ft	""
WD	wepp-38401	"09:38 am  Thursday November 4, 2021"	"ABERDEEN 20 NNE WISHKA +"	10	silt	HighFire	400	0	30	45	20	OldForest	957	30	5	100	20	0	ft	""
WD	wepp-38437	"09:38 am  Thursday November 4, 2021"	"ABERDEEN 20 NNE WISHKA +"	10	silt	HighFire	400	0	30	45	20	OldForest	958	30	5	100	20	0	ft	""
WD	wepp-38475	"09:38 am  Thursday November 4, 2021"	"ABERDEEN 20 NNE WISHKA +"	10	silt	HighFire	400	0	30	45	20	OldForest	959	30	5	100	20	0	ft	""
WD	wepp-38510	"09:38 am  Thursday November 4, 2021"	"ABERDEEN 20 NNE WISHKA +"	10	silt	HighFire	400	0	30	45	20	OldForest	960	30	5	100	20	0	ft	""
WD	wepp-38545	"09:39 am  Thursday November 4, 2021"	"ABERDEEN 20 NNE WISHKA +"	10	silt	HighFire	400	0	30	45	20	OldForest	961	30	5	100	20	0	ft	""
WD	wepp-38652	"09:39 am  Thursday November 4, 2021"	"ABERDEEN 20 NNE WISHKA +"	10	silt	HighFire	400	0	30	45	20	OldForest	955	30	5	100	20	0	ft	""
WD	wepp-38692	"09:39 am  Thursday November 4, 2021"	"ABERDEEN 20 NNE WISHKA +"	10	silt	HighFire	400	0	30	45	20	OldForest	956	30	5	100	20	0	ft	""
WR	wepp-43161	"10:33 am  Thursday November 4, 2021"	"ABERDEEN 20 NNE WISHKA"	30	clay	native	200	4	13	15	50	130	25	20	inveg	ft
WR	wepp-43470	"10:34 am  Thursday November 4, 2021"	"ABERDEEN 20 NNE WISHKA"	30	silt	native	200	4	13	15	50	1	25	20	inveg	ft
WR	wepp-43498	"10:34 am  Thursday November 4, 2021"	"ABERDEEN 20 NNE WISHKA"	30	silt	native	200	4	13	15	50	1	25	20	inveg	ft
WR	wepp-43504	"10:34 am  Thursday November 4, 2021"	"ABERDEEN 20 NNE WISHKA"	30	silt	native	200	4	13	15	50	1	25	20	inveg	ft
WR	wepp-43513	"10:34 am  Thursday November 4, 2021"	"ABERDEEN 20 NNE WISHKA"	30	silt	native	200	4	13	15	50	1	25	20	inveg	ft
WR	wepp-43520	"10:34 am  Thursday November 4, 2021"	"ABERDEEN 20 NNE WISHKA"	30	silt	native	200	4	13	15	50	1	25	20	inveg	ft
WR	wepp-43531	"10:34 am  Thursday November 4, 2021"	"ABERDEEN 20 NNE WISHKA"	30	silt	native	200	4	13	15	50	1	25	20	inveg	ft
WR	wepp-43599	"10:35 am  Thursday November 4, 2021"	"ABERDEEN 20 NNE WISHKA"	30	silt	native	200	4	13	15	50	1	25	20	inveg	ft
WR	wepp-43675	"10:35 am  Thursday November 4, 2021"	"ABERDEEN 20 NNE WISHKA"	30	silt	native	200	4	13	15	50	1	25	20	inveg	ft
WR	wepp-43715	"10:36 am  Thursday November 4, 2021"	"ARBON 2NW ID"	30	silt	native	200	4	13	15	50	1	25	20	inveg	ft
WR	wepp-43751	"10:36 am  Thursday November 4, 2021"	"ABERDEEN 20 NNE WISHKA"	30	silt	native	200	4	13	15	50	1	25	20	inveg	ft
WR	wepp-43788	"10:36 am  Thursday November 4, 2021"	"ABERDEEN 20 NNE WISHKA"	30	silt	native	200	4	13	15	50	1	25	20	inveg	ft
WR	wepp-43902	"10:42 am  Thursday November 4, 2021"	"ABERDEEN 20 NNE WISHKA"	30	silt	native	200	4	13	15	50	1	25	20	inveg	ft
WR	wepp-43960	"10:46 am  Thursday November 4, 2021"	"ABERDEEN 20 NNE WISHKA"	30	silt	native	200	4	13	15	50	1	25	20	inveg	ft
WR	wepp-44305	"10:53 am  Thursday November 4, 2021"	"ABERDEEN 20 NNE WISHKA"	30	silt	native	200	4	13	15	50	1	25	20	inbare	ft
WR	wepp-44450	"11:01 am  Thursday November 4, 2021"	"ABERDEEN 20 NNE WISHKA"	30	silt	native	200	4	13	15	50	1	25	20	inveg	ft
WR	wepp-44533	"11:02 am  Thursday November 4, 2021"	"ABERDEEN 20 NNE WISHKA"	30	silt	paved	200	4	13	15	50	1	25	20	inbare	ft
WR	wepp-44676	"11:04 am  Thursday November 4, 2021"	"ABERDEEN 20 NNE WISHKA"	30	clay	native	200	4	13	15	50	130	25	20	inveg	ft
WR	wepp-44802	"11:05 am  Thursday November 4, 2021"	"ABERDEEN 20 NNE WISHKA"	30	silt	native	200	4	13	15	50	1	25	20	inveg	ft
WR	wepp-44849	"11:06 am  Thursday November 4, 2021"	"ABERDEEN 20 NNE WISHKA"	30	silt	native	200	4	13	15	50	1	25	20	inveg	ft
WR	wepp-45433	"11:17 am  Thursday November 4, 2021"	"ABERDEEN 20 NNE WISHKA"	30	silt	native	200	4	13	15	50	1	25	20	inbare	ft
WR	wepp-45997	"11:32 am  Thursday November 4, 2021"	"ABERDEEN 20 NNE WISHKA"	30	silt	paved	200	4	13	15	50	1	25	20	inbare	ft
WR	wepp-47455	"12:29 pm  Thursday November 4, 2021"	"ABERDEEN 20 NNE WISHKA"	30	silt	native	200	4	13	15	50	1	25	20	inveg	ft
WD	wepp-47931	"12:54 pm  Thursday November 4, 2021"	"ABERDEEN 20 NNE WISHKA"	10	silt	HighFire	400	0	30	100	20	OldForest	30	30	5	100	20	0	ft	""
WD	wepp-47980	"12:57 pm  Thursday November 4, 2021"	"ABERDEEN 20 NNE WISHKA"	10	silt	HighFire	400	0	30	100	20	OldForest	20	30	5	100	20	0	ft	""
WD	wepp-48019	"12:59 pm  Thursday November 4, 2021"	"ABERDEEN 20 NNE WISHKA"	10	silt	HighFire	400	0	30	100	20	OldForest	10	30	5	100	20	0	ft	""
WD	wepp-48064	"01:02 pm  Thursday November 4, 2021"	"ABERDEEN 20 NNE WISHKA"	10	silt	HighFire	400	0	30	100	20	OldForest	5	30	5	100	20	0	ft	""
WD	wepp-51817	"05:04 pm  Thursday November 4, 2021"	"ABERDEEN 20 NNE WISHKA +"	10	silt	OldForest	400	0	30	100	20	OldForest	75	30	5	100	20	0	ft	""
WD	wepp-51864	"05:05 pm  Thursday November 4, 2021"	"ABERDEEN 20 NNE WISHKA +"	10	silt	Bunchgrass	400	0	30	60	20	OldForest	75	30	5	100	20	0	ft	""
WD	wepp-51907	"05:06 pm  Thursday November 4, 2021"	"ABERDEEN 20 NNE WISHKA +"	10	silt	HighFire	400	0	30	45	20	LowFire	30	30	5	85	20	0	ft	""
WD	wepp-51947	"05:07 pm  Thursday November 4, 2021"	"ABERDEEN 20 NNE WISHKA +"	10	silt	HighFire	400	0	30	45	20	OldForest	956	30	5	100	20	0	ft	""
WD	wepp-51985	"05:08 pm  Thursday November 4, 2021"	"ABERDEEN 20 NNE WISHKA +"	10	silt	HighFire	400	0	30	45	20	OldForest	955	30	5	100	20	0	ft	""
WD	wepp-52022	"05:08 pm  Thursday November 4, 2021"	"ABERDEEN 20 NNE WISHKA +"	10	silt	HighFire	400	0	30	45	20	OldForest	954	30	5	100	20	0	ft	""
WD	wepp-52062	"05:09 pm  Thursday November 4, 2021"	"ABERDEEN 20 NNE WISHKA +"	10	silt	HighFire	400	0	30	45	20	OldForest	946	30	5	100	20	0	ft	""
WD	wepp-52153	"05:09 pm  Thursday November 4, 2021"	"ABERDEEN 20 NNE WISHKA +"	10	silt	HighFire	400	0	30	45	20	OldForest	965	30	5	100	20	0	ft	""
WD	wepp-52189	"05:09 pm  Thursday November 4, 2021"	"ABERDEEN 20 NNE WISHKA +"	10	silt	HighFire	400	0	30	45	20	OldForest	960	30	5	100	20	0	ft	""
WD	wepp-52225	"05:09 pm  Thursday November 4, 2021"	"ABERDEEN 20 NNE WISHKA +"	10	silt	HighFire	400	0	30	45	20	OldForest	957	30	5	100	20	0	ft	""
WR	wepp-67029	"01:45 pm  Friday November 5, 2021"	"ABERDEEN 20 NNE WISHKA"	30	silt	native	200	4	13	15	50	1	25	20	inbare	ft
WR	wepp-67160	"01:50 pm  Friday November 5, 2021"	"ABERDEEN 20 NNE WISHKA"	30	silt	paved	200	4	13	15	50	1	25	20	inbare	ft
WD	wepp-67539	"02:26 pm  Friday November 5, 2021"	"ABERDEEN 20 NNE WISHKA +"	10	silt	HighFire	400	0	30	45	20	OldForest	50	30	5	100	20	0	ft	""
WD	wepp-67577	"02:27 pm  Friday November 5, 2021"	"ABERDEEN 20 NNE WISHKA +"	10	silt	HighFire	400	0	30	45	20	OldForest	40	30	5	100	20	0	ft	""
WD	wepp-67616	"02:27 pm  Friday November 5, 2021"	"ABERDEEN 20 NNE WISHKA +"	10	silt	HighFire	400	0	30	45	20	OldForest	30	30	5	100	20	0	ft	""
WD	wepp-67652	"02:27 pm  Friday November 5, 2021"	"ABERDEEN 20 NNE WISHKA +"	10	silt	HighFire	400	0	30	45	20	OldForest	20	30	5	100	20	0	ft	""
WD	wepp-67694	"02:29 pm  Friday November 5, 2021"	"ABERDEEN 20 NNE WISHKA"	10	silt	HighFire	400	0	30	45	20	OldForest	50	30	5	100	20	0	ft	""
WD	wepp-67729	"02:29 pm  Friday November 5, 2021"	"ABERDEEN 20 NNE WISHKA"	10	silt	HighFire	400	0	30	45	20	OldForest	60	30	5	100	20	0	ft	""
WD	wepp-67765	"02:29 pm  Friday November 5, 2021"	"ABERDEEN 20 NNE WISHKA"	10	silt	HighFire	400	0	30	45	20	OldForest	70	30	5	100	20	0	ft	""
WD	wepp-67802	"02:29 pm  Friday November 5, 2021"	"ABERDEEN 20 NNE WISHKA"	10	silt	HighFire	400	0	30	45	20	OldForest	100	30	5	100	20	0	ft	""
WD	wepp-67839	"02:29 pm  Friday November 5, 2021"	"ABERDEEN 20 NNE WISHKA"	10	silt	HighFire	400	0	30	45	20	OldForest	200	30	5	100	20	0	ft	""
WD	wepp-67921	"02:32 pm  Friday November 5, 2021"	"ABERDEEN 20 NNE WISHKA"	10	silt	HighFire	400	0	30	45	20	OldForest	50	30	5	100	20	0	ft	""
WD	wepp-67961	"02:34 pm  Friday November 5, 2021"	"ABERDEEN 20 NNE WISHKA"	10	silt	OldForest	400	0	30	45	20	OldForest	75	30	5	100	20	0	ft	""
WD	wepp-68102	"02:34 pm  Friday November 5, 2021"	"ABERDEEN 20 NNE WISHKA"	10	silt	OldForest	400	0	30	100	20	OldForest	75	30	5	100	20	0	ft	""
WD	wepp-68155	"02:37 pm  Friday November 5, 2021"	"ARBON 2NW ID"	10	clay	Bunchgrass	400	0	30	60	20	OldForest	75	30	5	100	20	0	ft	""
WD	wepp-68192	"02:37 pm  Friday November 5, 2021"	"ABERDEEN 20 NNE WISHKA"	10	silt	Bunchgrass	400	0	30	60	20	OldForest	75	30	5	100	20	0	ft	""
WD	wepp-68289	"02:39 pm  Friday November 5, 2021"	"ABERDEEN 20 NNE WISHKA"	10	silt	OldForest	400	0	30	100	20	OldForest	75	30	5	100	20	0	ft	""
WD	wepp-68330	"02:41 pm  Friday November 5, 2021"	"ABERDEEN 20 NNE WISHKA"	10	silt	HighFire	400	0	30	45	20	LowFire	30	30	5	85	20	0	ft	""
WD	wepp-68369	"02:42 pm  Friday November 5, 2021"	"ABERDEEN 20 NNE WISHKA"	10	silt	HighFire	400	0	30	45	20	OldForest	30	30	5	100	20	0	ft	""
WD	wepp-68406	"02:42 pm  Friday November 5, 2021"	"ABERDEEN 20 NNE WISHKA"	10	silt	HighFire	400	0	30	45	20	OldForest	10	30	5	100	20	0	ft	""
WD	wepp-68442	"02:43 pm  Friday November 5, 2021"	"ABERDEEN 20 NNE WISHKA"	10	silt	HighFire	400	0	30	45	20	OldForest	100	30	5	100	20	0	ft	""
WD	wepp-68479	"02:43 pm  Friday November 5, 2021"	"ABERDEEN 20 NNE WISHKA"	10	silt	HighFire	400	0	30	45	20	OldForest	200	30	5	100	20	0	ft	""
WD	wepp-68516	"02:43 pm  Friday November 5, 2021"	"ABERDEEN 20 NNE WISHKA"	10	silt	HighFire	400	0	30	45	20	OldForest	300	30	5	100	20	0	ft	""
WD	wepp-68552	"02:43 pm  Friday November 5, 2021"	"ABERDEEN 20 NNE WISHKA"	10	silt	HighFire	400	0	30	45	20	OldForest	400	30	5	100	20	0	ft	""
WD	wepp-68589	"02:43 pm  Friday November 5, 2021"	"ABERDEEN 20 NNE WISHKA"	10	silt	HighFire	400	0	30	45	20	OldForest	500	30	5	100	20	0	ft	""
WR	wepp-125139	"11:37 am  Monday November 8, 2021"	"ABERDEEN 20 NNE WISHKA"	30	clay	native	200	4	13	15	50	130	25	20	inveg	ft
WR	wepp-125322	"11:46 am  Monday November 8, 2021"	"ABERDEEN 20 NNE WISHKA"	30	silt	native	200	4	13	15	50	1	25	20	inbare	ft
WR	wepp-125363	"11:48 am  Monday November 8, 2021"	"ABERDEEN 20 NNE WISHKA"	30	silt	paved	200	4	13	15	50	1	25	20	inbare	ft
WD	wepp-125723	"12:14 pm  Monday November 8, 2021"	"ABERDEEN 20 NNE WISHKA +"	10	silt	OldForest	400	0	30	100	20	OldForest	75	30	5	100	20	0	ft	""
WD	wepp-125850	"12:21 pm  Monday November 8, 2021"	"ABERDEEN 20 NNE WISHKA +"	10	silt	Bunchgrass	400	0	30	60	20	OldForest	75	30	5	100	20	0	ft	""
WD	wepp-126241	"12:55 pm  Monday November 8, 2021"	"ABERDEEN 20 NNE WISHKA +"	10	silt	HighFire	400	0	30	45	20	LowFire	75	30	5	85	20	0	ft	""
WD	wepp-126485	"01:13 pm  Monday November 8, 2021"	"ABERDEEN 20 NNE WISHKA +"	10	silt	HighFire	400	0	30	45	20	OldForest	75	30	5	100	20	0	ft	""
WD	wepp-126523	"01:13 pm  Monday November 8, 2021"	"ABERDEEN 20 NNE WISHKA +"	10	silt	HighFire	400	0	30	45	20	OldForest	30	30	5	100	20	0	ft	""
WD	wepp-126592	"01:17 pm  Monday November 8, 2021"	"ABERDEEN 20 NNE WISHKA +"	10	silt	HighFire	50	0	30	45	20	OldForest	100	30	5	100	20	0	ft	""
WD	wepp-126631	"01:17 pm  Monday November 8, 2021"	"ABERDEEN 20 NNE WISHKA +"	10	silt	HighFire	50	0	30	45	20	OldForest	80	30	5	100	20	0	ft	""
WD	wepp-126668	"01:17 pm  Monday November 8, 2021"	"ABERDEEN 20 NNE WISHKA +"	10	silt	HighFire	400	0	30	45	20	OldForest	80	30	5	100	20	0	ft	""
WD	wepp-126704	"01:18 pm  Monday November 8, 2021"	"ABERDEEN 20 NNE WISHKA +"	10	silt	HighFire	400	0	30	45	20	OldForest	100	30	5	100	20	0	ft	""
WD	wepp-126740	"01:18 pm  Monday November 8, 2021"	"ABERDEEN 20 NNE WISHKA +"	10	silt	HighFire	400	0	30	45	20	OldForest	300	30	5	100	20	0	ft	""
WD	wepp-126776	"01:18 pm  Monday November 8, 2021"	"ABERDEEN 20 NNE WISHKA +"	10	silt	HighFire	400	0	30	45	20	OldForest	500	30	5	100	20	0	ft	""
WD	wepp-126814	"01:18 pm  Monday November 8, 2021"	"ABERDEEN 20 NNE WISHKA +"	10	silt	HighFire	400	0	30	45	20	OldForest	800	30	5	100	20	0	ft	""
WD	wepp-126850	"01:18 pm  Monday November 8, 2021"	"ABERDEEN 20 NNE WISHKA +"	10	silt	HighFire	400	0	30	45	20	OldForest	900	30	5	100	20	0	ft	""
WD	wepp-126886	"01:19 pm  Monday November 8, 2021"	"ABERDEEN 20 NNE WISHKA +"	10	silt	HighFire	400	0	30	45	20	OldForest	1000	30	5	100	20	0	ft	""
WR	wepp-151003	"06:24 pm  Tuesday November 9, 2021"	"ABERDEEN 20 NNE WISHKA"	30	clay	native	200	4	13	15	50	130	25	20	inveg	ft
WR	wepp-151062	"06:30 pm  Tuesday November 9, 2021"	"ABERDEEN 20 NNE WISHKA"	30	clay	native	200	4	13	15	50	130	25	20	inveg	ft
WR	wepp-151115	"06:34 pm  Tuesday November 9, 2021"	"ABERDEEN 20 NNE WISHKA"	30	clay	native	200	4	13	15	50	130	25	20	inveg	ft
WR	wepp-151236	"06:41 pm  Tuesday November 9, 2021"	"WASHINGTON, DISTRICT OF"	30	clay	native	200	4	13	15	50	130	25	20	inveg	ft
WR	wepp-151495	"07:27 pm  Tuesday November 9, 2021"	"WASHINGTON, DISTRICT OF"	30	silt	native	200	4	13	15	50	1	25	20	inveg	ft
WR	wepp-158547	"10:22 am  Wednesday November 10, 2021"	"ABERDEEN 20 NNE WISHKA"	30	silt	paved	200	4	13	15	50	1	25	20	inbare	ft
WR	wepp-158595	"10:24 am  Wednesday November 10, 2021"	"ABERDEEN 20 NNE WISHKA"	30	silt	native	200	4	13	15	50	1	25	20	inbare	ft
WD	wepp-158874	"10:47 am  Wednesday November 10, 2021"	"ABERDEEN 20 NNE WISHKA"	10	silt	OldForest	400	0	30	100	20	OldForest	75	30	5	100	20	0	ft	""
WD	wepp-159014	"10:54 am  Wednesday November 10, 2021"	"ABERDEEN 20 NNE WISHKA"	10	silt	Bunchgrass	400	0	30	60	20	OldForest	75	30	5	100	20	0	ft	""
WD	wepp-159152	"11:02 am  Wednesday November 10, 2021"	"ABERDEEN 20 NNE WISHKA"	10	silt	HighFire	400	0	30	45	20	LowFire	30	30	5	85	20	0	ft	""
WD	wepp-159756	"11:10 am  Wednesday November 10, 2021"	"ABERDEEN 20 NNE WISHKA"	10	silt	HighFire	400	0	30	45	20	OldForest	30	30	5	100	20	0	ft	""
WD	wepp-160193	"11:17 am  Wednesday November 10, 2021"	"ABERDEEN 20 NNE WISHKA"	10	silt	HighFire	400	0	40	45	20	OldForest	30	40	5	100	20	0	ft	""
WD	wepp-160239	"11:17 am  Wednesday November 10, 2021"	"ABERDEEN 20 NNE WISHKA"	10	silt	HighFire	400	0	30	45	20	OldForest	40	30	5	100	20	0	ft	""
WD	wepp-160294	"11:17 am  Wednesday November 10, 2021"	"ABERDEEN 20 NNE WISHKA"	10	silt	HighFire	400	0	30	45	20	OldForest	50	30	5	100	20	0	ft	""
WD	wepp-160341	"11:18 am  Wednesday November 10, 2021"	"ABERDEEN 20 NNE WISHKA"	10	silt	HighFire	400	0	30	45	20	OldForest	70	30	5	100	20	0	ft	""
WD	wepp-160386	"11:18 am  Wednesday November 10, 2021"	"ABERDEEN 20 NNE WISHKA"	10	silt	HighFire	400	0	30	45	20	OldForest	100	30	5	100	20	0	ft	""
WD	wepp-160445	"11:18 am  Wednesday November 10, 2021"	"ABERDEEN 20 NNE WISHKA"	10	silt	HighFire	400	0	30	45	20	OldForest	200	30	5	100	20	0	ft	""
WD	wepp-160487	"11:18 am  Wednesday November 10, 2021"	"ABERDEEN 20 NNE WISHKA"	10	silt	HighFire	400	0	30	45	20	OldForest	300	30	5	100	20	0	ft	""
WD	wepp-160552	"11:19 am  Wednesday November 10, 2021"	"ABERDEEN 20 NNE WISHKA"	10	silt	HighFire	400	0	30	45	20	OldForest	350	30	5	100	20	0	ft	""
WD	wepp-160595	"11:19 am  Wednesday November 10, 2021"	"ABERDEEN 20 NNE WISHKA"	10	silt	HighFire	400	0	30	45	20	OldForest	400	30	5	100	20	0	ft	""
WD	wepp-161428	"11:36 am  Wednesday November 10, 2021"	"ABERDEEN 20 NNE WISHKA"	10	silt	HighFire	400	0	30	45	20	OldForest	500	30	5	100	20	0	ft	""
WD	wepp-161465	"11:36 am  Wednesday November 10, 2021"	"ABERDEEN 20 NNE WISHKA"	10	silt	HighFire	400	0	30	45	20	OldForest	550	30	5	100	20	0	ft	""
WD	wepp-161590	"11:41 am  Wednesday November 10, 2021"	"ABERDEEN 20 NNE WISHKA"	10	silt	HighFire	400	0	30	45	20	OldForest	525	30	5	100	20	0	ft	""
WD	wepp-161628	"11:41 am  Wednesday November 10, 2021"	"ABERDEEN 20 NNE WISHKA"	10	silt	HighFire	400	0	30	45	20	OldForest	520	30	5	100	20	0	ft	""
WD	wepp-161666	"11:41 am  Wednesday November 10, 2021"	"ABERDEEN 20 NNE WISHKA"	10	silt	HighFire	400	0	30	45	20	OldForest	510	30	5	100	20	0	ft	""
WD	wepp-161702	"11:41 am  Wednesday November 10, 2021"	"ABERDEEN 20 NNE WISHKA"	10	silt	HighFire	400	0	30	45	20	OldForest	505	30	5	100	20	0	ft	""
WD	wepp-161738	"11:41 am  Wednesday November 10, 2021"	"ABERDEEN 20 NNE WISHKA"	10	silt	HighFire	400	0	30	45	20	OldForest	506	30	5	100	20	0	ft	""
WD	wepp-161773	"11:41 am  Wednesday November 10, 2021"	"ABERDEEN 20 NNE WISHKA"	10	silt	HighFire	400	0	30	45	20	OldForest	507	30	5	100	20	0	ft	""
WR	wepp-161829	"11:44 am  Wednesday November 10, 2021"	"ABERDEEN 20 NNE WISHKA"	30	clay	native	200	4	13	15	50	130	25	20	inveg	ft
WR	wepp-161926	"11:45 am  Wednesday November 10, 2021"	"ABERDEEN 20 NNE WISHKA"	30	clay	native	200	4	13	15	50	130	25	20	inveg	ft
WR	wepp-162040	"11:49 am  Wednesday November 10, 2021"	"ABERDEEN 20 NNE WISHKA"	30	clay	native	200	4	13	15	50	130	25	20	inveg	ft
WR	wepp-162256	"12:04 pm  Wednesday November 10, 2021"	"ABERDEEN 20 NNE WISHKA"	30	silt	native	200	4	13	15	50	1	25	20	inveg	ft
WR	wepp-162591	"12:15 pm  Wednesday November 10, 2021"	"ABERDEEN 20 NNE WISHKA"	30	silt	native	200	4	13	15	50	1	25	20	inbare	ft
WR	wepp-162801	"12:20 pm  Wednesday November 10, 2021"	"ABERDEEN 20 NNE WISHKA"	30	silt	paved	200	4	13	15	50	1	25	20	inbare	ft
WD	wepp-163736	"01:07 pm  Wednesday November 10, 2021"	"ABERDEEN 20 NNE WISHKA"	10	silt	OldForest	400	0	30	100	20	OldForest	75	30	5	100	20	0	ft	""
WR	wepp-163793	"01:07 pm  Wednesday November 10, 2021"	"ABERDEEN 20 NNE WISHKA"	30	silt	native	200	4	13	15	50	1	25	20	inveg	ft
WR	wepp-163890	"01:09 pm  Wednesday November 10, 2021"	"ABERDEEN 20 NNE WISHKA"	30	silt	native	200	4	13	15	50	1	25	20	inbare	ft
WR	wepp-163932	"01:10 pm  Wednesday November 10, 2021"	"ABERDEEN 20 NNE WISHKA"	30	silt	paved	200	4	13	15	50	1	25	20	inbare	ft
WR	wepp-163974	"01:10 pm  Wednesday November 10, 2021"	"ABERDEEN 20 NNE WISHKA"	30	clay	native	200	4	13	15	50	130	25	20	inveg	ft
WD	wepp-164061	"01:14 pm  Wednesday November 10, 2021"	"ABERDEEN 20 NNE WISHKA +"	10	silt	OldForest	400	0	30	100	20	OldForest	75	30	5	100	20	0	ft	""
WD	wepp-164127	"01:17 pm  Wednesday November 10, 2021"	"ABERDEEN 20 NNE WISHKA +"	10	silt	Bunchgrass	400	0	30	60	20	OldForest	75	30	5	100	20	0	ft	""
WD	wepp-164166	"01:18 pm  Wednesday November 10, 2021"	"ABERDEEN 20 NNE WISHKA +"	10	silt	HighFire	400	0	30	45	20	LowFire	75	30	5	85	20	0	ft	""
WD	wepp-164205	"01:19 pm  Wednesday November 10, 2021"	"ABERDEEN 20 NNE WISHKA"	10	silt	Bunchgrass	400	0	30	60	20	OldForest	75	30	5	100	20	0	ft	""
WD	wepp-164247	"01:20 pm  Wednesday November 10, 2021"	"ABERDEEN 20 NNE WISHKA +"	10	silt	HighFire	400	0	30	45	20	OldForest	60	30	5	100	20	0	ft	""
WD	wepp-164283	"01:20 pm  Wednesday November 10, 2021"	"ABERDEEN 20 NNE WISHKA +"	10	silt	HighFire	400	0	30	45	20	OldForest	50	30	5	100	20	0	ft	""
WD	wepp-164321	"01:20 pm  Wednesday November 10, 2021"	"ABERDEEN 20 NNE WISHKA +"	10	silt	HighFire	400	0	30	45	20	OldForest	40	30	5	100	20	0	ft	""
WD	wepp-164359	"01:20 pm  Wednesday November 10, 2021"	"ABERDEEN 20 NNE WISHKA +"	10	silt	HighFire	400	0	30	45	20	OldForest	10	30	5	100	20	0	ft	""
WD	wepp-164395	"01:20 pm  Wednesday November 10, 2021"	"ABERDEEN 20 NNE WISHKA +"	10	silt	HighFire	400	0	30	45	20	OldForest	80	30	5	100	20	0	ft	""
WD	wepp-164431	"01:20 pm  Wednesday November 10, 2021"	"ABERDEEN 20 NNE WISHKA +"	10	silt	HighFire	400	0	30	45	20	OldForest	100	30	5	100	20	0	ft	""
WD	wepp-164470	"01:21 pm  Wednesday November 10, 2021"	"ABERDEEN 20 NNE WISHKA +"	10	silt	HighFire	400	0	30	45	20	OldForest	85	30	5	100	20	0	ft	""
WR	wepp-164517	"01:25 pm  Wednesday November 10, 2021"	"ABERDEEN 20 NNE WISHKA"	30	silt	native	200	4	13	15	50	1	25	20	inveg	ft
WR	wepp-164570	"01:27 pm  Wednesday November 10, 2021"	"ABERDEEN 20 NNE WISHKA"	30	silt	native	200	4	13	15	50	1	25	20	inbare	ft
WR	wepp-164607	"01:28 pm  Wednesday November 10, 2021"	"ABERDEEN 20 NNE WISHKA"	30	silt	paved	200	4	13	15	50	1	25	20	inbare	ft
WD	wepp-164922	"01:42 pm  Wednesday November 10, 2021"	"ABERDEEN 20 NNE WISHKA"	10	silt	Bunchgrass	400	0	30	60	20	OldForest	75	30	5	100	20	0	ft	""
WD	wepp-164965	"01:42 pm  Wednesday November 10, 2021"	"ABERDEEN 20 NNE WISHKA"	10	silt	HighFire	400	0	30	45	20	LowFire	30	30	5	85	20	0	ft	""
WD	wepp-165026	"01:44 pm  Wednesday November 10, 2021"	"ABERDEEN 20 NNE WISHKA +"	10	silt	OldForest	400	0	30	100	20	OldForest	75	30	5	100	20	0	ft	""
WD	wepp-165110	"01:46 pm  Wednesday November 10, 2021"	"ABERDEEN 20 NNE WISHKA +"	10	silt	Bunchgrass	400	0	30	60	20	OldForest	75	30	5	100	20	0	ft	""
WD	wepp-165177	"01:48 pm  Wednesday November 10, 2021"	"ABERDEEN 20 NNE WISHKA +"	10	silt	HighFire	400	0	30	45	20	LowFire	30	30	5	85	20	0	ft	""
WD	wepp-165252	"01:49 pm  Wednesday November 10, 2021"	"ABERDEEN 20 NNE WISHKA +"	10	silt	HighFire	400	0	30	45	20	OldForest	30	30	5	100	20	0	ft	""
WD	wepp-165390	"01:54 pm  Wednesday November 10, 2021"	"ABERDEEN 20 NNE WISHKA"	10	silt	HighFire	400	0	30	45	20	OldForest	200	30	5	100	20	0	ft	""
WD	wepp-165429	"01:54 pm  Wednesday November 10, 2021"	"ABERDEEN 20 NNE WISHKA"	10	silt	HighFire	400	0	30	45	20	OldForest	300	30	5	100	20	0	ft	""
WD	wepp-165471	"01:55 pm  Wednesday November 10, 2021"	"ABERDEEN 20 NNE WISHKA"	10	silt	HighFire	400	0	30	45	20	OldForest	400	30	5	100	20	0	ft	""
WD	wepp-165514	"01:55 pm  Wednesday November 10, 2021"	"ABERDEEN 20 NNE WISHKA"	10	silt	HighFire	400	0	30	45	20	OldForest	600	30	5	100	20	0	ft	""
WD	wepp-165558	"01:55 pm  Wednesday November 10, 2021"	"ABERDEEN 20 NNE WISHKA"	10	silt	HighFire	400	0	30	45	20	OldForest	1000	30	5	100	20	0	ft	""
WR	wepp-166598	"03:19 pm  Wednesday November 10, 2021"	"ABERDEEN 20 NNE WISHKA"	30	silt	native	200	4	13	15	50	1	25	20	inveg	ft
WR	wepp-166791	"03:34 pm  Wednesday November 10, 2021"	"ABERDEEN 20 NNE WISHKA"	30	silt	native	200	4	13	15	50	130	25	20	inveg	ft
WR	wepp-166829	"03:34 pm  Wednesday November 10, 2021"	"ABERDEEN 20 NNE WISHKA"	30	silt	native	200	4	13	15	50	1	25	20	inveg	ft
WR	wepp-166876	"03:36 pm  Wednesday November 10, 2021"	"ABERDEEN 20 NNE WISHKA"	30	silt	native	200	4	13	15	50	1	25	20	inveg	ft
WR	wepp-166923	"03:37 pm  Wednesday November 10, 2021"	"ABERDEEN 20 NNE WISHKA"	30	clay	native	200	4	13	15	50	130	25	20	inveg	ft
WR	wepp-166961	"03:38 pm  Wednesday November 10, 2021"	"ABERDEEN 20 NNE WISHKA"	30	silt	native	200	4	13	15	50	1	25	20	inveg	ft
WR	wepp-166999	"03:38 pm  Wednesday November 10, 2021"	"ABERDEEN 20 NNE WISHKA"	30	silt	native	200	4	13	15	50	1	25	20	inbare	ft
WR	wepp-167101	"03:42 pm  Wednesday November 10, 2021"	"ABERDEEN 20 NNE WISHKA"	30	silt	native	200	4	13	15	50	1	25	20	inbare	ft
WR	wepp-167139	"03:43 pm  Wednesday November 10, 2021"	"ABERDEEN 20 NNE WISHKA"	30	silt	paved	200	4	13	15	50	1	25	20	inbare	ft
WR	wepp-167183	"03:45 pm  Wednesday November 10, 2021"	"ABERDEEN 20 NNE WISHKA"	30	silt	paved	200	4	13	15	50	1	25	20	inveg	ft
WD	wepp-167271	"03:54 pm  Wednesday November 10, 2021"	"ABERDEEN 20 NNE WISHKA"	10	silt	OldForest	400	0	30	100	20	OldForest	75	30	5	100	20	0	ft	""
WD	wepp-167351	"03:59 pm  Wednesday November 10, 2021"	"ABERDEEN 20 NNE WISHKA"	10	silt	OldForest	400	0	30	100	20	OldForest	75	30	5	100	20	0	ft	""
WD	wepp-167413	"04:02 pm  Wednesday November 10, 2021"	"ABERDEEN 20 NNE WISHKA"	10	silt	Bunchgrass	400	0	30	60	20	OldForest	75	30	5	100	20	0	ft	""
WD	wepp-167457	"04:04 pm  Wednesday November 10, 2021"	"ABERDEEN 20 NNE WISHKA"	10	clay	Bunchgrass	400	0	30	60	20	OldForest	75	30	5	100	20	0	ft	""
WD	wepp-167516	"04:06 pm  Wednesday November 10, 2021"	"ABERDEEN 20 NNE WISHKA"	10	silt	HighFire	400	0	30	45	20	LowFire	30	30	5	85	20	0	ft	""
WD	wepp-167557	"04:08 pm  Wednesday November 10, 2021"	"ABERDEEN 20 NNE WISHKA"	10	silt	HighFire	400	0	30	45	20	LowFire	30	30	5	85	20	0	ft	""
WD	wepp-167652	"04:10 pm  Wednesday November 10, 2021"	"ABERDEEN 20 NNE WISHKA"	10	silt	Bunchgrass	400	0	30	60	20	OldForest	75	30	5	100	20	0	ft	""
WD	wepp-167712	"04:14 pm  Wednesday November 10, 2021"	"ABERDEEN 20 NNE WISHKA"	10	silt	HighFire	400	0	30	45	20	OldForest	30	30	5	100	20	0	ft	""
WD	wepp-167750	"04:14 pm  Wednesday November 10, 2021"	"ABERDEEN 20 NNE WISHKA"	10	silt	HighFire	400	0	30	45	20	OldForest	400	30	5	100	20	0	ft	""
WD	wepp-167786	"04:14 pm  Wednesday November 10, 2021"	"ABERDEEN 20 NNE WISHKA"	10	silt	HighFire	400	0	30	45	20	OldForest	600	30	5	100	20	0	ft	""
WD	wepp-167822	"04:14 pm  Wednesday November 10, 2021"	"ABERDEEN 20 NNE WISHKA"	10	silt	HighFire	400	0	30	45	20	OldForest	1000	30	5	100	20	0	ft	""
WD	wepp-167862	"04:15 pm  Wednesday November 10, 2021"	"ABERDEEN 20 NNE WISHKA"	10	silt	HighFire	400	0	30	45	20	OldForest	900	30	5	100	20	0	ft	""
WD	wepp-167905	"04:15 pm  Wednesday November 10, 2021"	"ABERDEEN 20 NNE WISHKA"	10	silt	HighFire	400	0	30	45	20	OldForest	950	30	5	100	20	0	ft	""
WD	wepp-167942	"04:15 pm  Wednesday November 10, 2021"	"ABERDEEN 20 NNE WISHKA"	10	silt	HighFire	400	0	30	45	20	OldForest	1000	30	5	100	20	0	ft	""
WD	wepp-167978	"04:15 pm  Wednesday November 10, 2021"	"ABERDEEN 20 NNE WISHKA"	10	silt	HighFire	400	0	30	45	20	OldForest	75	30	5	100	20	0	ft	""
WD	wepp-168014	"04:16 pm  Wednesday November 10, 2021"	"ABERDEEN 20 NNE WISHKA"	10	silt	HighFire	400	0	30	45	20	OldForest	30	30	5	100	20	0	ft	""
WD	wepp-168051	"04:16 pm  Wednesday November 10, 2021"	"ABERDEEN 20 NNE WISHKA"	10	silt	HighFire	400	0	30	45	20	OldForest	30	30	100	100	20	0	ft	""
WD	wepp-168089	"04:16 pm  Wednesday November 10, 2021"	"ABERDEEN 20 NNE WISHKA"	10	silt	HighFire	50	0	30	45	20	OldForest	300	30	5	100	20	0	ft	""
WD	wepp-168132	"04:17 pm  Wednesday November 10, 2021"	"ABERDEEN 20 NNE WISHKA"	10	silt	HighFire	400	0	30	45	20	OldForest	300	30	5	100	20	0	ft	""
WD	wepp-168169	"04:17 pm  Wednesday November 10, 2021"	"ABERDEEN 20 NNE WISHKA"	10	silt	HighFire	400	0	30	45	20	OldForest	500	30	5	100	20	0	ft	""
WD	wepp-168205	"04:18 pm  Wednesday November 10, 2021"	"ABERDEEN 20 NNE WISHKA"	10	silt	HighFire	400	0	30	45	20	OldForest	600	30	5	100	20	0	ft	""
WD	wepp-168242	"04:18 pm  Wednesday November 10, 2021"	"ABERDEEN 20 NNE WISHKA"	10	silt	HighFire	400	0	30	45	20	OldForest	700	30	5	100	20	0	ft	""
WD	wepp-168278	"04:18 pm  Wednesday November 10, 2021"	"ABERDEEN 20 NNE WISHKA"	10	silt	HighFire	400	0	30	45	20	OldForest	800	30	5	100	20	0	ft	""
WD	wepp-168314	"04:18 pm  Wednesday November 10, 2021"	"ABERDEEN 20 NNE WISHKA"	10	silt	HighFire	400	0	30	45	20	OldForest	1000	30	5	100	20	0	ft	""
WR	wepp-168687	"05:06 pm  Wednesday November 10, 2021"	"ABERDEEN 20 NNE WISHKA"	30	silt	native	200	4	13	15	50	1	25	20	inveg	ft
WR	wepp-168811	"05:12 pm  Wednesday November 10, 2021"	"ABERDEEN 20 NNE WISHKA"	30	silt	native	200	4	13	15	50	1	25	20	inbare	ft
WR	wepp-80877	"04:58 pm  Friday November 19, 2021"	"ABERDEEN 20 NNE WISHKA +"	30	silt	native	200	4	13	15	50	1	25	20	inveg	ft
WR	wepp-80925	"05:00 pm  Friday November 19, 2021"	"ABERDEEN, WA +"	30	silt	native	200	4	13	15	50	1	25	20	inveg	ft
WR	wepp-80976	"05:03 pm  Friday November 19, 2021"	"ABERDEEN, WA +"	30	silt	native	200	4	13	15	50	1	25	20	inbare	ft
WR	wepp-81024	"05:05 pm  Friday November 19, 2021"	"ABERDEEN, WA +"	30	silt	paved	200	4	13	15	50	1	25	20	inbare	ft
WR	wepp-81176	"05:16 pm  Friday November 19, 2021"	"ABERDEEN, WA +"	30	silt	paved	200	4	13	15	50	1	25	20	inbare	ft
WR	wepp-81242	"05:24 pm  Friday November 19, 2021"	"ABERDEEN, WA 2 +"	30	silt	native	200	4	13	15	50	1	25	20	inveg	ft
WD	wepp-81410	"05:42 pm  Friday November 19, 2021"	"ABERDEEN, WA +"	10	silt	OldForest	400	0	30	100	20	OldForest	75	30	5	100	20	0	ft	""
WD	wepp-81457	"05:46 pm  Friday November 19, 2021"	"ABERDEEN, WA +"	10	silt	Bunchgrass	400	0	30	60	20	OldForest	75	30	5	100	20	0	ft	""
WD	wepp-81539	"05:57 pm  Friday November 19, 2021"	"ABERDEEN, WA +"	10	silt	HighFire	400	0	30	45	20	LowFire	75	30	5	85	20	0	ft	""
