WR	wepp-120610	"11:40 am  Wednesday March 15, 2017"	"ABERDEEN 20 NNE WISHKA"	30	clay	native	200	4	13	15	50	1	25	20	inveg	ft
WR	wepp-121535	"11:47 am  Wednesday March 15, 2017"	"ABERDEEN 20 NNE WISHKA"	30	silt	native	200	4	13	15	50	1	25	20	inveg	ft
WR	wepp-121848	"11:48 am  Wednesday March 15, 2017"	"ABERDEEN 20 NNE WISHKA"	30	silt	native	200	4	13	15	50	1	25	20	inbare	ft
WR	wepp-122009	"11:49 am  Wednesday March 15, 2017"	"ABERDEEN 20 NNE WISHKA"	30	silt	paved	200	4	13	15	50	1	25	20	inbare	ft
WR	wepp-127932	"12:24 pm  Wednesday March 15, 2017"	"ABERDEEN 20 NNE WISHKA"	30	silt	paved	200	4	13	15	50	1	25	20	inbare	ft
WD	wepp-128943	"12:28 pm  Wednesday March 15, 2017"	"ABERDEEN 20 NNE WISHKA"	10	silt	OldForest	400	0	30	100	20	OldForest	75	30	5	100	20	0	ft	""
WD	wepp-129172	"12:32 pm  Wednesday March 15, 2017"	"ABERDEEN 20 NNE WISHKA"	10	silt	Bunchgrass	400	0	30	60	20	OldForest	75	30	5	100	20	0	ft	""
WD	wepp-129523	"12:35 pm  Wednesday March 15, 2017"	"ABERDEEN 20 NNE WISHKA"	10	silt	Bunchgrass	400	0	30	60	20	OldForest	75	30	5	100	20	0	ft	""
WD	wepp-129567	"12:36 pm  Wednesday March 15, 2017"	"ABERDEEN 20 NNE WISHKA"	10	silt	Bunchgrass	400	0	30	60	20	OldForest	30	30	5	100	20	0	ft	""
WD	wepp-129680	"12:39 pm  Wednesday March 15, 2017"	"ABERDEEN 20 NNE WISHKA"	10	silt	HighFire	400	0	30	45	20	LowFire	30	30	5	85	20	0	ft	""
WD	wepp-130162	"12:51 pm  Wednesday March 15, 2017"	"ABERDEEN 20 NNE WISHKA"	10	silt	HighFire	400	0	30	45	20	OldForest	30	30	5	100	20	0	ft	""
WD	wepp-130198	"12:51 pm  Wednesday March 15, 2017"	"ABERDEEN 20 NNE WISHKA"	10	silt	HighFire	400	0	30	45	20	OldForest	35	30	5	100	20	0	ft	""
WD	wepp-130239	"12:52 pm  Wednesday March 15, 2017"	"ABERDEEN 20 NNE WISHKA"	10	silt	HighFire	400	0	30	45	20	OldForest	100	30	5	100	20	0	ft	""
WD	wepp-130275	"12:52 pm  Wednesday March 15, 2017"	"ABERDEEN 20 NNE WISHKA"	10	silt	HighFire	400	0	30	45	20	OldForest	150	30	5	100	20	0	ft	""
WD	wepp-130312	"12:52 pm  Wednesday March 15, 2017"	"ABERDEEN 20 NNE WISHKA"	10	silt	HighFire	400	0	30	45	20	OldForest	300	30	5	100	20	0	ft	""
WD	wepp-130349	"12:52 pm  Wednesday March 15, 2017"	"ABERDEEN 20 NNE WISHKA"	10	silt	HighFire	400	0	30	45	20	OldForest	400	30	5	100	20	0	ft	""
WD	wepp-130385	"12:52 pm  Wednesday March 15, 2017"	"ABERDEEN 20 NNE WISHKA"	10	silt	HighFire	400	0	30	45	20	OldForest	500	30	5	100	20	0	ft	""
WD	wepp-130426	"12:53 pm  Wednesday March 15, 2017"	"ABERDEEN 20 NNE WISHKA"	10	silt	HighFire	400	0	30	45	20	OldForest	600	30	5	100	20	0	ft	""
WD	wepp-130462	"12:53 pm  Wednesday March 15, 2017"	"ABERDEEN 20 NNE WISHKA"	10	silt	HighFire	400	0	30	45	20	OldForest	700	30	5	100	20	0	ft	""
WD	wepp-130498	"12:53 pm  Wednesday March 15, 2017"	"ABERDEEN 20 NNE WISHKA"	10	silt	HighFire	400	0	30	45	20	OldForest	800	30	5	100	20	0	ft	""
WD	wepp-130534	"12:53 pm  Wednesday March 15, 2017"	"ABERDEEN 20 NNE WISHKA"	10	silt	HighFire	400	0	30	45	20	OldForest	900	30	5	100	20	0	ft	""
WD	wepp-130571	"12:53 pm  Wednesday March 15, 2017"	"ABERDEEN 20 NNE WISHKA"	10	silt	HighFire	400	0	30	45	20	OldForest	1000	30	5	100	20	0	ft	""
WR	wepp-181365	"09:24 am  Wednesday March 14, 2018"	"ABERDEEN 20 NNE WISHKA"	30	silt	native	200	4	13	15	50	130	25	20	inveg	ft
WR	wepp-181449	"09:25 am  Wednesday March 14, 2018"	"ABERDEEN 20 NNE WISHKA"	30	silt	native	200	4	13	15	50	130	25	20	inveg	ft
WR	wepp-181485	"09:25 am  Wednesday March 14, 2018"	"ABERDEEN 20 NNE WISHKA"	30	silt	native	200	4	13	15	50	130	25	20	inveg	ft
WR	wepp-181529	"09:25 am  Wednesday March 14, 2018"	"ABERDEEN 20 NNE WISHKA"	30	silt	graveled	200	4	13	15	50	130	25	20	inveg	ft
WR	wepp-181573	"09:25 am  Wednesday March 14, 2018"	"ABERDEEN 20 NNE WISHKA"	30	silt	paved	200	4	13	15	50	130	25	20	inveg	ft
WD	wepp-181864	"09:26 am  Wednesday March 14, 2018"	"ABERDEEN 20 NNE WISHKA +"	10	silt	Skid	50	0	30	20	20	Skid	50	30	5	20	20	0	ft	""
WD	wepp-181908	"09:27 am  Wednesday March 14, 2018"	"ABERDEEN 20 NNE WISHKA +"	10	silt	Skid	50	0	75	20	20	Skid	50	30	5	20	20	0	ft	""
WD	wepp-182112	"09:28 am  Wednesday March 14, 2018"	"ABERDEEN 20 NNE WISHKA +"	10	silt	Skid	50	0	75	20	20	Skid	50	30	5	20	20	0	ft	""
WR	wepp-185219	"09:53 am  Wednesday March 14, 2018"	"Tom  +"	30	silt	native	200	4	13	15	50	1	25	20	inveg	ft
WR	wepp-185766	"09:58 am  Wednesday March 14, 2018"	"Tom  +"	30	silt	native	200	4	13	15	50	1	25	20	inbare	ft
WR	wepp-185940	"10:00 am  Wednesday March 14, 2018"	"Tom  +"	30	silt	paved	200	4	13	15	50	1	25	20	inbare	ft
WD	wepp-187891	"10:22 am  Wednesday March 14, 2018"	"Tom  +"	10	clay	OldForest	400	0	30	100	20	OldForest	75	30	5	100	20	0	ft	""
WD	wepp-188287	"10:24 am  Wednesday March 14, 2018"	"Tom  +"	10	silt	OldForest	400	0	30	100	20	OldForest	75	30	5	100	20	0	ft	""
WD	wepp-188490	"10:24 am  Wednesday March 14, 2018"	"Tom  +"	10	silt	Bunchgrass	400	0	30	60	20	OldForest	75	30	5	100	20	0	ft	""
WD	wepp-188679	"10:26 am  Wednesday March 14, 2018"	"Tom  +"	10	silt	HighFire	400	0	30	45	20	OldForest	75	30	5	100	20	0	ft	""
WD	wepp-188822	"10:27 am  Wednesday March 14, 2018"	"Tom  +"	10	silt	HighFire	400	0	30	45	20	LowFire	30	30	5	85	20	0	ft	""
WD	wepp-189260	"10:28 am  Wednesday March 14, 2018"	"Tom  +"	10	silt	HighFire	400	0	30	45	20	OldForest	30	30	5	100	20	0	ft	""
WD	wepp-189340	"10:29 am  Wednesday March 14, 2018"	"Tom  +"	10	silt	HighFire	400	0	30	45	20	OldForest	100	30	5	100	20	0	ft	""
WD	wepp-189382	"10:29 am  Wednesday March 14, 2018"	"Tom  +"	10	silt	HighFire	400	0	30	45	20	OldForest	200	30	5	100	20	0	ft	""
WD	wepp-189418	"10:29 am  Wednesday March 14, 2018"	"Tom  +"	10	silt	HighFire	400	0	30	45	20	OldForest	300	30	5	100	20	0	ft	""
WD	wepp-189454	"10:29 am  Wednesday March 14, 2018"	"Tom  +"	10	silt	HighFire	400	0	30	45	20	OldForest	400	30	5	100	20	0	ft	""
WD	wepp-189491	"10:29 am  Wednesday March 14, 2018"	"Tom  +"	10	silt	HighFire	400	0	30	45	20	OldForest	450	30	5	100	20	0	ft	""
WD	wepp-189567	"10:30 am  Wednesday March 14, 2018"	"Tom  +"	10	silt	HighFire	400	0	30	45	20	OldForest	500	30	5	100	20	0	ft	""
WD	wepp-189604	"10:30 am  Wednesday March 14, 2018"	"Tom  +"	10	silt	HighFire	400	0	30	45	20	OldForest	600	30	5	100	20	0	ft	""
WD	wepp-189722	"10:30 am  Wednesday March 14, 2018"	"Tom  +"	10	silt	HighFire	400	0	30	45	20	OldForest	1000	30	5	100	20	0	ft	""
WD	wepp-189734	"10:31 am  Wednesday March 14, 2018"	"Tom  +"	10	silt	HighFire	400	0	30	45	20	OldForest	750	30	5	100	20	0	ft	""
WD	wepp-189852	"10:31 am  Wednesday March 14, 2018"	"Tom  +"	10	silt	HighFire	400	0	30	45	20	OldForest	700	30	5	100	20	0	ft	""
