WR	wepp-31554	"03:36 pm  Thursday March 27, 2014"	"ABERDEEN CLIMATE BKW8 +"	30	silt	native	200	4	13	15	50	1	25	20	inveg	ft
WR	wepp-1309	"03:38 pm  Thursday March 27, 2014"	"ABERDEEN CLIMATE BKW8 +"	30	silt	paved	200	4	13	15	50	1	25	20	inbare	ft
WR	wepp-1867	"03:39 pm  Thursday March 27, 2014"	"ABERDEEN CLIMATE BKW8 +"	30	silt	native	200	4	13	15	50	1	25	20	inbare	ft
WR	wepp-3927	"03:48 pm  Thursday March 27, 2014"	"ABERDEEN CLIMATE BKW8 +"	30	silt	graveled	200	4	13	15	50	1	25	20	outrut	ft
WD	wepp-8383	"04:04 pm  Thursday March 27, 2014"	"ABERDEEN CLIMATE BKW8 +"	10	silt	OldForest	400	0	30	100	20	OldForest	75	30	5	100	20	0	ft	""
WD	wepp-8435	"04:05 pm  Thursday March 27, 2014"	"ABERDEEN CLIMATE BKW8 +"	10	silt	Bunchgrass	400	0	30	60	20	OldForest	75	30	5	100	20	0	ft	""
WD	wepp-11304	"04:09 pm  Thursday March 27, 2014"	"ABERDEEN CLIMATE BKW8 +"	10	silt	Bunchgrass	400	0	30	60	20	OldForest	30	30	5	100	20	0	ft	""
WD	wepp-11380	"04:13 pm  Thursday March 27, 2014"	"ABERDEEN CLIMATE BKW8 +"	10	silt	HighFire	400	0	30	45	20	LowFire	30	30	5	85	20	0	ft	""
WD	wepp-14227	"04:19 pm  Thursday March 27, 2014"	"ABERDEEN CLIMATE BKW8 +"	10	silt	HighFire	400	0	30	45	20	OldForest	50	30	5	100	20	0	ft	""
WD	wepp-14262	"04:19 pm  Thursday March 27, 2014"	"ABERDEEN CLIMATE BKW8 +"	10	silt	HighFire	400	0	30	45	20	OldForest	70	30	5	100	20	0	ft	""
WD	wepp-14300	"04:20 pm  Thursday March 27, 2014"	"ABERDEEN CLIMATE BKW8 +"	10	silt	HighFire	400	0	30	45	20	OldForest	100	30	5	100	20	0	ft	""
WD	wepp-14364	"04:20 pm  Thursday March 27, 2014"	"ABERDEEN CLIMATE BKW8 +"	10	silt	HighFire	400	0	30	45	20	OldForest	150	30	5	100	20	0	ft	""
WD	wepp-14409	"04:20 pm  Thursday March 27, 2014"	"ABERDEEN CLIMATE BKW8 +"	10	silt	HighFire	400	0	30	45	20	OldForest	250	30	5	100	20	0	ft	""
WD	wepp-14445	"04:20 pm  Thursday March 27, 2014"	"../working/206_123_182_131_y"	10	silt	HighFire	400	0	30	45	20		300	30	5	100	20	0	ft	""
WD	wepp-14446	"04:20 pm  Thursday March 27, 2014"	"ABERDEEN CLIMATE BKW8 +"	10	silt	HighFire	400	0	30	45	20	OldForest	300	30	5	100	20	0	ft	""
WD	wepp-14481	"04:21 pm  Thursday March 27, 2014"	"../working/206_123_182_131_y"	10	silt	HighFire	400	0	30	45	20		400	30	5	100	20	0	ft	""
WD	wepp-14482	"04:21 pm  Thursday March 27, 2014"	"ABERDEEN CLIMATE BKW8 +"	10	silt	HighFire	400	0	30	45	20	OldForest	400	30	5	100	20	0	ft	""
WD	wepp-14517	"04:21 pm  Thursday March 27, 2014"	"ABERDEEN CLIMATE BKW8 +"	10	silt	HighFire	400	0	30	45	20	OldForest	400	30	5	100	20	0	ft	""
WD	wepp-14553	"04:21 pm  Thursday March 27, 2014"	"ABERDEEN CLIMATE BKW8 +"	10	silt	HighFire	400	0	30	45	20	OldForest	450	30	5	100	20	0	ft	""
WD	wepp-14588	"04:21 pm  Thursday March 27, 2014"	"../working/206_123_182_131_y"	10	silt	HighFire	400	0	30	45	20		600	30	5	100	20	0	ft	""
WD	wepp-14589	"04:21 pm  Thursday March 27, 2014"	"ABERDEEN CLIMATE BKW8 +"	10	silt	HighFire	400	0	30	45	20	OldForest	600	30	5	100	20	0	ft	""
WD	wepp-14623	"04:21 pm  Thursday March 27, 2014"	"ABERDEEN CLIMATE BKW8 +"	10	silt	HighFire	400	0	30	45	20	OldForest	650	30	5	100	20	0	ft	""
WD	wepp-14658	"04:21 pm  Thursday March 27, 2014"	"../working/206_123_182_131_y"	10	silt	HighFire	400	0	30	45	20		750	30	5	100	20	0	ft	""
WD	wepp-14659	"04:21 pm  Thursday March 27, 2014"	"ABERDEEN CLIMATE BKW8 +"	10	silt	HighFire	400	0	30	45	20	OldForest	750	30	5	100	20	0	ft	""
WD	wepp-14694	"04:22 pm  Thursday March 27, 2014"	"ABERDEEN CLIMATE BKW8 +"	10	silt	HighFire	400	0	30	45	20	OldForest	800	30	5	100	20	0	ft	""
