WR	wepp-14300	"11:25 am  Thursday December 8, 2011"	"DevilsPocket +"	30	loam	native	200	8	20	15	50	20	25	20	outrut	ft
WR	wepp-14306	"11:27 am  Thursday December 8, 2011"	"DevilsPocket +"	15	loam	native	200	8	20	15	50	20	25	20	outrut	ft
WR	wepp-14312	"11:27 am  Thursday December 8, 2011"	"DevilsPocket +"	15	loam	native	200	8	20	15	50	20	25	20	outrut	ft
WR	wepp-14344	"11:28 am  Thursday December 8, 2011"	"DevilsPocket +"	15	loam	graveled	200	8	20	15	50	20	25	20	outrut	ft
WR	wepp-14370	"11:30 am  Thursday December 8, 2011"	"DevilsPocket +"	15	loam	graveled	200	8	20	15	50	20	25	20	outrut	ft
WR	wepp-14375	"11:30 am  Thursday December 8, 2011"	"DevilsPocket +"	15	loam	native	200	8	20	15	50	20	25	20	outrut	ft
WR	wepp-14383	"11:31 am  Thursday December 8, 2011"	"DevilsPocket +"	15	loam	graveled	200	8	20	15	50	20	25	20	outrut	ft
WR	wepp-29496	"01:31 pm  Friday January 6, 2012"	"MOSCOW U OF I ID"	30	sand	native	200	4	13	15	50	130	25	20	outrut	ft
WR	wepp-29693	"04:05 pm  Wednesday March 20, 2013"	"Hagerty Butte +"	3	silt	native	200	14	28	15	50	130	25	20	inbare	ft
WR	wepp-29741	"04:10 pm  Wednesday March 20, 2013"	"Hagerty Butte +"	3	silt	graveled	200	14	28	15	50	130	25	20	inveg	ft
WR	wepp-29762	"04:11 pm  Wednesday March 20, 2013"	"Hagerty Butte +"	3	silt	native	200	3.5	28	15	50	130	25	20	inbare	ft
WR	wepp-29782	"04:12 pm  Wednesday March 20, 2013"	"Hagerty Butte +"	3	silt	graveled	200	3.5	28	15	50	130	25	20	inveg	ft
WE	wepp-138115	"10:34 am  Wednesday September 9, 2015"	"PACKWOOD WA"	clay	20	forest	0	50	30	500	h			ft
WE	wepp-138352	"10:35 am  Wednesday September 9, 2015"	"PACKWOOD WA"	silt	20	forest	0	50	30	500	h			ft
WE	wepp-138578	"10:37 am  Wednesday September 9, 2015"	"PACKWOOD WA"	silt	5	forest	0	50	30	200	h			ft
WE	wepp-139722	"11:36 am  Wednesday September 9, 2015"	"CougarCreekFire + +"	silt	5	forest	0	50	30	300	h			ft
WE	wepp-205717	"01:40 pm  Wednesday September 9, 2015"	"CougarCreekFire + + +"	silt	20	forest	0	50	30	300	l			ft
WE	wepp-212762	"02:30 pm  Wednesday September 9, 2015"	"CougarCreekFire + + +"	silt	5	forest	0	20	20	300	l			ft
WE	wepp-220889	"02:37 pm  Wednesday September 9, 2015"	"CougarCreekFire + + +"	silt	5	forest	0	20	20	300	l			ft
WE	wepp-222007	"02:49 pm  Wednesday September 9, 2015"	"CougarCreekFire + + +"	silt	5	forest	0	20	20	300	l			ft
WE	wepp-21087	"04:05 pm  Wednesday September 9, 2015"	"CougarCreekFire 3,500' +"	clay	20	forest	0	10	10	300	u			ft
WE	wepp-21315	"04:06 pm  Wednesday September 9, 2015"	"CougarCreekFire 3,500' +"	silt	5	forest	0	10	10	300	u			ft
WE	wepp-21399	"04:07 pm  Wednesday September 9, 2015"	"CougarCreekFire 3,500' +"	silt	5	forest	0	10	10	300	l			ft
WE	wepp-22846	"04:08 pm  Wednesday September 9, 2015"	"CougarCreekFire 3,500' +"	silt	5	forest	0	10	10	300	h			ft
WE	wepp-25941	"04:10 pm  Wednesday September 9, 2015"	"CougarCreekFire 3,500' +"	silt	5	forest	0	10	10	300	h			ft
WE	wepp-27776	"04:11 pm  Wednesday September 9, 2015"	"PACKWOOD WA"	silt	5	forest	0	10	10	300	h			ft
WE	wepp-31052	"04:13 pm  Wednesday September 9, 2015"	"CougarCreekFire 3,500' + +"	clay	20	forest	0	50	30	300	l			ft
WE	wepp-37709	"04:17 pm  Wednesday September 9, 2015"	"cougar 3500 +"	clay	20	forest	0	50	30	300	l			ft
WE	wepp-38897	"04:18 pm  Wednesday September 9, 2015"	"cougar 3500 +"	silt	5	forest	0	10	10	300	h			ft
WE	wepp-41166	"04:20 pm  Wednesday September 9, 2015"	"cougar 3500 +"	silt	5	forest	0	10	10	300	m			ft
WE	wepp-42682	"04:22 pm  Wednesday September 9, 2015"	"cougar 3500 +"	silt	5	forest	10	10	10	300	m			ft
WE	wepp-42943	"04:23 pm  Wednesday September 9, 2015"	"cougar 3500 +"	silt	5	forest	0	10	10	300	m			ft
WE	wepp-43148	"04:24 pm  Wednesday September 9, 2015"	"cougar 3500 +"	silt	5	forest	0	25	25	300	h			ft
WE	wepp-43437	"04:25 pm  Wednesday September 9, 2015"	"cougar 3500 +"	silt	5	forest	0	25	25	300	m			ft
WE	wepp-44743	"04:27 pm  Wednesday September 9, 2015"	"cougar 3500 +"	silt	5	forest	0	50	50	300	h			ft
WE	wepp-50827	"04:30 pm  Wednesday September 9, 2015"	"cougar 3500 +"	silt	5	forest	0	50	50	300	m			ft
WE	wepp-63052	"04:52 pm  Wednesday September 9, 2015"	"cougar 3500 +"	silt	5	forest	0	50	50	300	h			ft
WE	wepp-76161	"04:58 pm  Wednesday September 9, 2015"	"cougar 3500 +"	silt	5	forest	0	25	25	300	h			ft
WE	wepp-78269	"05:00 pm  Wednesday September 9, 2015"	"cougar 3500 +"	silt	5	forest	0	25	25	300	m			ft
WE	wepp-80553	"05:03 pm  Wednesday September 9, 2015"	"cougar 3500 +"	silt	5	forest	0	10	10	300	h			ft
WE	wepp-81946	"05:04 pm  Wednesday September 9, 2015"	"cougar 3500 +"	silt	5	forest	0	10	10	300	m			ft
WE	wepp-96658	"05:33 pm  Wednesday September 9, 2015"	"cougar 5000 +"	silt	5	forest	0	50	50	300	h			ft
WE	wepp-100620	"05:37 pm  Wednesday September 9, 2015"	"cougar 5000 +"	silt	5	forest	0	50	50	300	m			ft
WE	wepp-100960	"05:41 pm  Wednesday September 9, 2015"	"cougar 5000 +"	silt	5	forest	0	25	25	300	h			ft
WE	wepp-101469	"05:45 pm  Wednesday September 9, 2015"	"cougar 5000 +"	silt	5	forest	0	25	25	300	m			ft
WE	wepp-105908	"05:49 pm  Wednesday September 9, 2015"	"cougar 5000 +"	silt	5	forest	0	10	10	300	h			ft
WE	wepp-108321	"05:52 pm  Wednesday September 9, 2015"	"cougar 5000 +"	silt	5	forest	0	10	10	300	m			ft
WE	wepp-109345	"05:59 pm  Wednesday September 9, 2015"	"cougar 5000 +"	silt	5	forest	0	50	50	300	m			ft
WD	wepp-141115	"07:09 pm  Wednesday September 9, 2015"	"cougar 3500 +"	10	silt	OldForest	50	0	50	90	5	OldForest	50	50	5	90	5	0	ft	""
WD	wepp-141162	"07:11 pm  Wednesday September 9, 2015"	"cougar 3500 +"	10	silt	OldForest	300	0	50	90	5	OldForest	300	50	5	90	5	0	ft	""
WD	wepp-141202	"07:13 pm  Wednesday September 9, 2015"	"cougar 3500 +"	10	silt	OldForest	300	0	50	100	5	OldForest	300	50	5	100	5	0	ft	""
WD	wepp-141261	"07:18 pm  Wednesday September 9, 2015"	"cougar 3500 +"	10	silt	OldForest	300	0	50	100	5	OldForest	300	50	5	100	5	0	ft	"Mature Forest, 50% slope, 300' horiz, 5% rock, 10 years, silt loam"
WD	wepp-141314	"07:21 pm  Wednesday September 9, 2015"	"cougar 3500 +"	10	silt	OldForest	300	0	50	100	5	OldForest	300	50	5	100	5	0	ft	"MatureForest_50slope_300horiz_5rock_10years_silt loam"
WD	wepp-141355	"07:23 pm  Wednesday September 9, 2015"	"cougar 3500 +"	10	silt	HighFire	300	0	50	45	5	HighFire	300	50	5	45	5	0	ft	"MatureForest_50slope_300horiz_5rock_10years_silt loam_HIGH"
WD	wepp-141405	"07:25 pm  Wednesday September 9, 2015"	"cougar 3500 +"	10	silt	HighFire	300	0	25	45	5	HighFire	300	25	5	45	5	0	ft	"MatureForest_25slope_300horiz_5rock_10years_silt loam_HIGH"
WD	wepp-141484	"07:30 pm  Wednesday September 9, 2015"	"cougar 5000 +"	10	silt	HighFire	300	0	25	45	5	HighFire	300	25	5	45	5	0	ft	"MatureForest_25slope_300horiz_5rock_10years_silt loam_HIGH"
WD	wepp-141522	"07:32 pm  Wednesday September 9, 2015"	"cougar 5000 +"	10	silt	HighFire	300	0	50	45	5	HighFire	300	50	5	45	5	0	ft	"MatureForest_50slope_300horiz_5rock_10years_silt loam_HIGH"
WD	wepp-141561	"07:34 pm  Wednesday September 9, 2015"	"cougar 5000 +"	10	silt	OldForest	300	0	50	100	5	OldForest	300	50	5	100	5	0	ft	"MatureForest_50slope_300horiz_5rock_10years_silt loam"
WE	wepp-200549	"06:09 pm  Thursday September 10, 2015"	"cougar 3500 +"	silt	5	forest	0	25	25	300	l			ft
WE	wepp-200730	"06:16 pm  Thursday September 10, 2015"	"cougar 3500 +"	silt	5	forest	0	50	50	300	l			ft
WE	wepp-200881	"06:17 pm  Thursday September 10, 2015"	"cougar 3500 +"	silt	5	forest	0	10	10	300	l			ft
WR	wepp-209148	"04:02 pm  Wednesday June 8, 2016"	"Telephone Camp +"	30	silt	native	200	4	13	15	50	130	25	20	inbare	ft
WR	wepp-209212	"04:03 pm  Wednesday June 8, 2016"	"Telephone Camp +"	30	silt	graveled	200	4	13	15	50	130	25	20	inveg	ft
WR	wepp-209562	"04:11 pm  Wednesday June 8, 2016"	"Telephone Camp +"	30	silt	native	200	4	13	15	50	130	25	20	outrut	ft
WR	wepp-209663	"04:13 pm  Wednesday June 8, 2016"	"Telephone Camp +"	30	silt	graveled	200	4	13	15	50	130	25	20	outunrut	ft
WR	wepp-160347	"07:44 am  Monday June 13, 2016"	"Telephone Camp +"	15	silt	native	528	4	13	15	50	130	25	20	outrut	ft
WR	wepp-160652	"07:50 am  Monday June 13, 2016"	"Telephone Camp +"	15	silt	graveled	528	4	13	15	50	130	25	20	outunrut	ft
WR	wepp-160710	"07:52 am  Monday June 13, 2016"	"Telephone Camp +"	15	silt	native	528	4	13	15	50	130	25	20	outrut	ft
WR	wepp-58315	"10:58 am  Wednesday September 28, 2016"	"MF McCreedy +"	30	sand	graveled	200	4	18	15	50	130	25	20	inveg	ft
WR	wepp-58364	"11:00 am  Wednesday September 28, 2016"	"MF McCreedy +"	30	sand	graveled	200	4	18	15	50	130	25	20	outunrut	ft
WR	wepp-58408	"11:02 am  Wednesday September 28, 2016"	"MF McCreedy +"	30	sand	native	200	4	18	15	50	130	25	20	inbare	ft
WR	wepp-58449	"11:03 am  Wednesday September 28, 2016"	"MF McCreedy +"	30	sand	native	200	4	18	15	50	130	25	20	inbare	ft
WR	wepp-58490	"11:04 am  Wednesday September 28, 2016"	"MF McCreedy +"	30	sand	native	200	4	18	15	50	130	25	20	outrut	ft
WE	wepp-85781	"10:40 am  Monday April 24, 2017"	"SEELEY LAKE RS MT"	sand	5	forest	49.21	48.73	0.66	548.7668	m			ft
WE	wepp-85964	"10:41 am  Monday April 24, 2017"	"SEELEY LAKE RS MT"	sand	5	forest	47.13	63.7	49.03	856.1501	m			ft
WE	wepp-86118	"10:41 am  Monday April 24, 2017"	"SEELEY LAKE RS MT"	sand	5	forest	29.5	47.24	48.31	1000	m			ft
WE	wepp-86273	"10:41 am  Monday April 24, 2017"	"SEELEY LAKE RS MT"	sand	5	forest	46.71	46.19	45.67	224.2298	m			ft
WE	wepp-86427	"10:41 am  Monday April 24, 2017"	"SEELEY LAKE RS MT"	sand	5	forest	40.81	39.32	37.23	1000	l			ft
WE	wepp-86541	"10:41 am  Monday April 24, 2017"	"SEELEY LAKE RS MT"	sand	5	forest	39.24	45.5	24.45	1000	h			ft
WE	wepp-86735	"10:42 am  Monday April 24, 2017"	"SEELEY LAKE RS MT"	sand	5	forest	27.11	34.29	41.48	47.5589	h			ft
WE	wepp-86929	"10:42 am  Monday April 24, 2017"	"SEELEY LAKE RS MT"	sand	5	forest	30	35.42	40.84	59.44862	m			ft
WE	wepp-88703	"11:46 am  Monday April 24, 2017"	"SEELEY LAKE RS MT"	sand	5	forest	41.02	67.23	25.65	370.2404	m			ft
WE	wepp-88887	"11:46 am  Monday April 24, 2017"	"SEELEY LAKE RS MT"	sand	5	forest	41.89	45.45	49	162.5446	m			ft
WE	wepp-89041	"11:47 am  Monday April 24, 2017"	"SEELEY LAKE RS MT"	sand	5	forest	31.26	50.83	20.56	381.508	h			ft
WE	wepp-89253	"11:47 am  Monday April 24, 2017"	"SEELEY LAKE RS MT"	sand	5	forest	23.35	40.03	25.99	503.5906	h			ft
WE	wepp-89447	"11:47 am  Monday April 24, 2017"	"SEELEY LAKE RS MT"	sand	5	forest	25.03	33.87	25.85	1000	h			ft
WE	wepp-89641	"11:47 am  Monday April 24, 2017"	"SEELEY LAKE RS MT"	sand	5	forest	28.51	39.5	30.54	1000	h			ft
WE	wepp-89835	"11:48 am  Monday April 24, 2017"	"SEELEY LAKE RS MT"	sand	5	forest	36.46	37.15	37.83	49.63843	h			ft
WE	wepp-90029	"11:48 am  Monday April 24, 2017"	"SEELEY LAKE RS MT"	sand	5	forest	35.67	31.33	27	24.81922	h			ft
WE	wepp-90223	"11:48 am  Monday April 24, 2017"	"SEELEY LAKE RS MT"	sand	5	forest	34.78	48.84	29.49	1000	h			ft
WE	wepp-90418	"11:49 am  Monday April 24, 2017"	"SEELEY LAKE RS MT"	sand	5	forest	37.15	71.05	31.7	390.8494	h			ft
WE	wepp-90612	"11:49 am  Monday April 24, 2017"	"SEELEY LAKE RS MT"	sand	5	forest	34.67	39.83	45	27.26856	h			ft
WE	wepp-90806	"11:49 am  Monday April 24, 2017"	"SEELEY LAKE RS MT"	sand	5	forest	30.58	55.09	24.63	377.066	h			ft
WE	wepp-91001	"11:49 am  Monday April 24, 2017"	"SEELEY LAKE RS MT"	sand	5	forest	30.3	45.24	60.18	111.4059	h			ft
WE	wepp-91195	"11:50 am  Monday April 24, 2017"	"SEELEY LAKE RS MT"	sand	5	forest	50.99	68.26	36.33	448.4596	h			ft
WE	wepp-91389	"11:50 am  Monday April 24, 2017"	"SEELEY LAKE RS MT"	sand	5	forest	38.57	59.23	29.19	460.6903	h			ft
WE	wepp-91583	"11:50 am  Monday April 24, 2017"	"SEELEY LAKE RS MT"	sand	5	forest	53.9	75.3	40.62	547.4135	u			ft
WE	wepp-91637	"11:50 am  Monday April 24, 2017"	"SEELEY LAKE RS MT"	sand	5	forest	25.92	60.01	54.24	963.9069	u			ft
WE	wepp-91691	"11:50 am  Monday April 24, 2017"	"SEELEY LAKE RS MT"	sand	5	forest	65.95	82.62	33.95	519.0991	u			ft
WE	wepp-91745	"11:50 am  Monday April 24, 2017"	"SEELEY LAKE RS MT"	sand	5	forest	43.73	55.37	29.45	1000	m			ft
WE	wepp-91904	"11:50 am  Monday April 24, 2017"	"SEELEY LAKE RS MT"	sand	5	forest	49.25	58.82	20.53	1000	u			ft
WE	wepp-91958	"11:50 am  Monday April 24, 2017"	"SEELEY LAKE RS MT"	sand	5	forest	28.62	22.09	15.56	79.95349	m			ft
WE	wepp-92112	"11:51 am  Monday April 24, 2017"	"SEELEY LAKE RS MT"	sand	5	forest	38.29	79.36	38.21	389.0072	h			ft
WE	wepp-92306	"11:51 am  Monday April 24, 2017"	"SEELEY LAKE RS MT"	sand	5	forest	32.14	64.42	31.91	441.3735	h			ft
WE	wepp-92500	"11:51 am  Monday April 24, 2017"	"SEELEY LAKE RS MT"	sand	5	forest	42.92	65.17	37.7	500.7169	h			ft
WE	wepp-92694	"11:51 am  Monday April 24, 2017"	"SEELEY LAKE RS MT"	sand	5	forest	40.95	39.39	37.83	170.2438	m			ft
WE	wepp-92848	"11:52 am  Monday April 24, 2017"	"SEELEY LAKE RS MT"	sand	5	forest	33.37	41.15	36.84	1000	m			ft
WE	wepp-93002	"11:52 am  Monday April 24, 2017"	"SEELEY LAKE RS MT"	sand	5	forest	33.13	49.98	35.18	691.2174	m			ft
WE	wepp-93156	"11:52 am  Monday April 24, 2017"	"SEELEY LAKE RS MT"	sand	5	forest	35.5	35.58	35.67	44.59467	h			ft
WE	wepp-93352	"11:52 am  Monday April 24, 2017"	"SEELEY LAKE RS MT"	sand	5	forest	39.98	39.64	35.37	1000	h			ft
WE	wepp-93546	"11:53 am  Monday April 24, 2017"	"SEELEY LAKE RS MT"	sand	5	forest	35.6	34.91	34.23	99.42446	h			ft
WE	wepp-93740	"11:53 am  Monday April 24, 2017"	"SEELEY LAKE RS MT"	sand	5	forest	32.61	33.18	27.25	1000	h			ft
WE	wepp-93936	"11:53 am  Monday April 24, 2017"	"SEELEY LAKE RS MT"	sand	5	forest	41.73	40.1	38.46	45.15128	h			ft
WE	wepp-94130	"11:53 am  Monday April 24, 2017"	"SEELEY LAKE RS MT"	sand	5	forest	38.46	35.32	32.18	54.18153	h			ft
WE	wepp-94324	"11:54 am  Monday April 24, 2017"	"SEELEY LAKE RS MT"	sand	5	forest	30.52	30.44	35.85	1000	h			ft
WE	wepp-94518	"11:54 am  Monday April 24, 2017"	"SEELEY LAKE RS MT"	sand	5	forest	27.81	28.59	29.37	123.7732	h			ft
WE	wepp-94713	"11:54 am  Monday April 24, 2017"	"SEELEY LAKE RS MT"	sand	5	forest	29	32.35	35.7	55.01032	h			ft
WE	wepp-95607	"01:00 pm  Monday April 24, 2017"	"SEELEY LAKE RS MT bh +"	sand	5	forest	41.02	67.23	25.65	370.2404	m			ft
WE	wepp-95789	"01:00 pm  Monday April 24, 2017"	"SEELEY LAKE RS MT bh +"	sand	5	forest	41.89	45.45	49	162.5446	m			ft
WE	wepp-95943	"01:00 pm  Monday April 24, 2017"	"SEELEY LAKE RS MT bh +"	sand	5	forest	31.26	50.83	20.56	381.508	h			ft
WE	wepp-96139	"01:00 pm  Monday April 24, 2017"	"SEELEY LAKE RS MT bh +"	sand	5	forest	23.35	40.03	25.99	503.5906	h			ft
WE	wepp-96338	"01:01 pm  Monday April 24, 2017"	"SEELEY LAKE RS MT bh +"	sand	5	forest	25.03	33.87	25.85	1000	h			ft
WE	wepp-96535	"01:01 pm  Monday April 24, 2017"	"SEELEY LAKE RS MT bh +"	sand	5	forest	28.51	39.5	30.54	1000	h			ft
WE	wepp-96732	"01:01 pm  Monday April 24, 2017"	"SEELEY LAKE RS MT bh +"	sand	5	forest	36.46	37.15	37.83	49.63843	h			ft
WE	wepp-96984	"01:01 pm  Monday April 24, 2017"	"SEELEY LAKE RS MT bh +"	sand	5	forest	35.67	31.33	27	24.81922	h			ft
WE	wepp-97179	"01:02 pm  Monday April 24, 2017"	"SEELEY LAKE RS MT bh +"	sand	5	forest	34.78	48.84	29.49	1000	h			ft
WE	wepp-97373	"01:02 pm  Monday April 24, 2017"	"SEELEY LAKE RS MT bh +"	sand	5	forest	37.15	71.05	31.7	390.8494	h			ft
WE	wepp-97567	"01:02 pm  Monday April 24, 2017"	"SEELEY LAKE RS MT bh +"	sand	5	forest	34.67	39.83	45	27.26856	h			ft
WE	wepp-97761	"01:02 pm  Monday April 24, 2017"	"SEELEY LAKE RS MT bh +"	sand	5	forest	30.58	55.09	24.63	377.066	h			ft
WE	wepp-97955	"01:03 pm  Monday April 24, 2017"	"SEELEY LAKE RS MT bh +"	sand	5	forest	30.3	45.24	60.18	111.4059	h			ft
WE	wepp-98149	"01:03 pm  Monday April 24, 2017"	"SEELEY LAKE RS MT bh +"	sand	5	forest	50.99	68.26	36.33	448.4596	h			ft
WE	wepp-98343	"01:03 pm  Monday April 24, 2017"	"SEELEY LAKE RS MT bh +"	sand	5	forest	38.57	59.23	29.19	460.6903	h			ft
WE	wepp-98537	"01:03 pm  Monday April 24, 2017"	"SEELEY LAKE RS MT bh +"	sand	5	forest	53.9	75.3	40.62	547.4135	u			ft
WE	wepp-98591	"01:04 pm  Monday April 24, 2017"	"SEELEY LAKE RS MT bh +"	sand	5	forest	25.92	60.01	54.24	963.9069	u			ft
WE	wepp-98645	"01:04 pm  Monday April 24, 2017"	"SEELEY LAKE RS MT bh +"	sand	5	forest	65.95	82.62	33.95	519.0991	u			ft
WE	wepp-98699	"01:04 pm  Monday April 24, 2017"	"SEELEY LAKE RS MT bh +"	sand	5	forest	43.73	55.37	29.45	1000	m			ft
WE	wepp-98853	"01:04 pm  Monday April 24, 2017"	"SEELEY LAKE RS MT bh +"	sand	5	forest	49.25	58.82	20.53	1000	u			ft
WE	wepp-98907	"01:04 pm  Monday April 24, 2017"	"SEELEY LAKE RS MT bh +"	sand	5	forest	28.62	22.09	15.56	79.95349	m			ft
WE	wepp-99062	"01:04 pm  Monday April 24, 2017"	"SEELEY LAKE RS MT bh +"	sand	5	forest	38.29	79.36	38.21	389.0072	h			ft
WE	wepp-99256	"01:04 pm  Monday April 24, 2017"	"SEELEY LAKE RS MT bh +"	sand	5	forest	32.14	64.42	31.91	441.3735	h			ft
WE	wepp-99450	"01:05 pm  Monday April 24, 2017"	"SEELEY LAKE RS MT bh +"	sand	5	forest	42.92	65.17	37.7	500.7169	h			ft
WE	wepp-99644	"01:05 pm  Monday April 24, 2017"	"SEELEY LAKE RS MT bh +"	sand	5	forest	40.95	39.39	37.83	170.2438	m			ft
WE	wepp-99798	"01:05 pm  Monday April 24, 2017"	"SEELEY LAKE RS MT bh +"	sand	5	forest	33.37	41.15	36.84	1000	m			ft
WE	wepp-99952	"01:05 pm  Monday April 24, 2017"	"SEELEY LAKE RS MT bh +"	sand	5	forest	33.13	49.98	35.18	691.2174	m			ft
WE	wepp-100106	"01:06 pm  Monday April 24, 2017"	"SEELEY LAKE RS MT bh +"	sand	5	forest	35.5	35.58	35.67	44.59467	h			ft
WE	wepp-100300	"01:06 pm  Monday April 24, 2017"	"SEELEY LAKE RS MT bh +"	sand	5	forest	39.98	39.64	35.37	1000	h			ft
WE	wepp-100494	"01:06 pm  Monday April 24, 2017"	"SEELEY LAKE RS MT bh +"	sand	5	forest	35.6	34.91	34.23	99.42446	h			ft
WE	wepp-100688	"01:06 pm  Monday April 24, 2017"	"SEELEY LAKE RS MT bh +"	sand	5	forest	32.61	33.18	27.25	1000	h			ft
WE	wepp-100882	"01:07 pm  Monday April 24, 2017"	"SEELEY LAKE RS MT bh +"	sand	5	forest	41.73	40.1	38.46	45.15128	h			ft
WE	wepp-101076	"01:07 pm  Monday April 24, 2017"	"SEELEY LAKE RS MT bh +"	sand	5	forest	38.46	35.32	32.18	54.18153	h			ft
WE	wepp-101272	"01:07 pm  Monday April 24, 2017"	"SEELEY LAKE RS MT bh +"	sand	5	forest	30.52	30.44	35.85	1000	h			ft
WE	wepp-101466	"01:08 pm  Monday April 24, 2017"	"SEELEY LAKE RS MT bh +"	sand	5	forest	27.81	28.59	29.37	123.7732	h			ft
WE	wepp-101660	"01:08 pm  Monday April 24, 2017"	"SEELEY LAKE RS MT bh +"	sand	5	forest	29	32.35	35.7	55.01032	h			ft
WR	wepp-34943	"02:34 pm  Monday February 25, 2019"	"MF McCreedy/32Rd +"	30	silt	native	200	4	13	15	50	130	25	20	outrut	ft
WR	wepp-34983	"02:34 pm  Monday February 25, 2019"	"MF McCreedy/32Rd +"	30	silt	native	200	4	13	15	50	130	25	20	outrut	ft
WR	wepp-36197	"03:41 pm  Monday February 25, 2019"	"Fairview Ridge +"	30	silt	native	200	4	13	15	50	130	25	20	outrut	ft
WR	wepp-36249	"03:42 pm  Monday February 25, 2019"	"Fairview Ridge +"	30	silt	native	200	4	13	15	50	130	25	20	outrut	ft
WR	wepp-68051	"04:02 pm  Tuesday February 26, 2019"	"Fairview Ridge +"	30	silt	graveled	200	4	13	15	50	130	25	20	outunrut	ft
WR	wepp-136312	"04:16 pm  Thursday December 16, 2021"	"cougar 3500 +"	15	loam	native	200	4	13	15	50	130	25	20	inbare	ft
WR	wepp-136358	"04:18 pm  Thursday December 16, 2021"	"cougar 3500 +"	15	loam	native	200	4	13	15	50	130	25	20	inbare	ft
WR	wepp-136402	"04:19 pm  Thursday December 16, 2021"	"cougar 3500 +"	15	loam	graveled	200	4	13	15	50	130	25	20	inbare	ft
WR	wepp-136444	"04:22 pm  Thursday December 16, 2021"	"cougar 5000 +"	15	loam	native	200	4	13	15	50	130	25	20	inbare	ft
WR	wepp-136483	"04:23 pm  Thursday December 16, 2021"	"cougar 5000 +"	15	loam	native	200	4	13	15	50	130	25	20	inbare	ft
WR	wepp-136527	"04:23 pm  Thursday December 16, 2021"	"cougar 5000 +"	15	loam	graveled	200	4	13	15	50	130	25	20	inbare	ft
WR	wepp-136572	"04:24 pm  Thursday December 16, 2021"	"cougar 5000 +"	15	loam	native	200	4	13	15	50	130	25	20	inbare	ft
