WD	wepp-243090	"06:04 am  Wednesday March 16, 2016"	"AUGUSTA CAA AIRPORT ME"	10	clay	OldForest	50	0	50	100	20	HighFire	50	30	5	45	20	0	ft	""
WE	wepp-243925	"06:20 am  Wednesday March 16, 2016"	"AUGUSTA CAA AIRPORT ME"	clay	20	forest	0	50	30	300	h			ft
WD	wepp-161180	"05:52 am  Wednesday April 6, 2016"	"REDLANDS CA"	10	clay	HighFire	100	30	30	10	20	HighFire	100	30	30	10	20	0	ft	""
WD	wepp-161234	"05:53 am  Wednesday April 6, 2016"	"REDLANDS CA"	10	clay	HighFire	100	30	30	10	20	HighFire	100	30	30	10	20	0	ft	""
WD	wepp-161292	"05:54 am  Wednesday April 6, 2016"	"REDLANDS CA"	10	clay	HighFire	100	50	50	10	20	HighFire	100	50	50	10	20	0	ft	""
WD	wepp-161339	"05:55 am  Wednesday April 6, 2016"	"REDLANDS CA"	10	clay	HighFire	250	50	50	10	20	HighFire	250	50	50	10	20	0	ft	""
WD	wepp-161386	"05:55 am  Wednesday April 6, 2016"	"REDLANDS CA"	10	clay	HighFire	250	30	30	10	20	HighFire	250	30	30	10	20	0	ft	""
WD	wepp-161441	"05:56 am  Wednesday April 6, 2016"	"REDLANDS CA"	10	sand	HighFire	100	30	30	10	20	HighFire	100	30	30	10	20	0	ft	""
WD	wepp-226572	"06:34 pm  Tuesday April 17, 2018"	"BANGOR DOW FIELD ME"	10	silt	OldForest	150	30	30	100	0	OldForest	150	30	30	100	0	0	ft	""
WD	wepp-226620	"06:36 pm  Tuesday April 17, 2018"	"BANGOR DOW FIELD ME"	10	silt	HighFire	150	30	30	0	0	HighFire	150	30	30	0	0	0	ft	""
WD	wepp-226674	"06:40 pm  Tuesday April 17, 2018"	"LAS VEGAS WB AP NV"	10	silt	HighFire	150	30	30	0	0	HighFire	150	30	30	0	0	0	ft	""
WD	wepp-226735	"06:42 pm  Tuesday April 17, 2018"	"MADISON WB AIRPORT WI"	10	clay	Bunchgrass	150	30	30	60	0	Bunchgrass	150	30	30	60	0	0	ft	""
WD	wepp-226772	"06:44 pm  Tuesday April 17, 2018"	"MADISON WB AIRPORT WI"	10	clay	Bunchgrass	150	30	30	40	0	Bunchgrass	150	30	30	40	0	0	ft	""
WD	wepp-226818	"06:45 pm  Tuesday April 17, 2018"	"MADISON WB AIRPORT WI"	10	sand	Bunchgrass	150	30	30	60	0	Bunchgrass	150	30	30	60	0	0	ft	""
WD	wepp-226918	"06:47 pm  Tuesday April 17, 2018"	"MADISON WB AIRPORT WI"	10	clay	Skid	150	30	30	0	0	Skid	150	30	30	0	0	0	ft	""
WE	wepp-227112	"06:55 pm  Tuesday April 17, 2018"	"WALLACE WDLND PK ID"	silt	20	forest	30	30	30	300	u			ft
WE	wepp-227167	"06:55 pm  Tuesday April 17, 2018"	"WALLACE WDLND PK ID"	silt	20	forest	30	30	30	300	u			ft
WE	wepp-227803	"07:03 pm  Tuesday April 17, 2018"	"WALLACE WDLND PK ID"	silt	5	forest	30	30	30	300	u			ft
WE	wepp-227889	"07:03 pm  Tuesday April 17, 2018"	"WALLACE WDLND PK ID"	silt	5	forest	30	30	30	300	h			ft
WE	wepp-227945	"07:03 pm  Tuesday April 17, 2018"	"WALLACE WDLND PK ID"	silt	5	forest	30	30	30	300	h			ft
WE	wepp-229202	"07:44 pm  Tuesday April 17, 2018"	"WALLACE WDLND PK ID"	silt	5	forest	30	30	30	300	u			ft
WE	wepp-8294	"05:30 am  Wednesday April 18, 2018"	"WALLACE WDLND PK ID"	silt	5	forest	30	30	30	300	u			ft
