WD	wepp-171535	"05:27 am  Wednesday November 15, 2017"	"CANON CITY CO"	10	sand	HighFire	250	35	35	15	20	HighFire	250	35	35	15	20	0	ft	""
WD	wepp-171585	"05:30 am  Wednesday November 15, 2017"	"CANON CITY CO"	10	clay	HighFire	250	35	35	15	20	HighFire	250	35	35	15	20	0	ft	""
WD	wepp-79427	"09:33 am  Friday April 12, 2019"	"BANGOR DOW FIELD ME"	10	silt	OldForest	150	30	30	0	0	OldForest	150	30	30	0	0	0	ft	""
WD	wepp-79468	"09:34 am  Friday April 12, 2019"	"BANGOR DOW FIELD ME"	10	silt	HighFire	150	30	30	0	0	HighFire	150	30	30	0	0	0	ft	""
WD	wepp-79529	"09:36 am  Friday April 12, 2019"	"LAS VEGAS WB AP NV"	10	silt	HighFire	150	30	30	0	0	HighFire	150	30	30	0	0	0	ft	""
WD	wepp-79679	"09:38 am  Friday April 12, 2019"	"MADISON WB AIRPORT WI"	10	clay	Bunchgrass	150	30	30	60	0	Bunchgrass	150	30	30	60	0	0	ft	""
WD	wepp-79813	"09:40 am  Friday April 12, 2019"	"MADISON WB AIRPORT WI"	10	clay	Sod	150	30	30	40	0	Sod	150	30	30	40	0	0	ft	""
WD	wepp-79860	"09:41 am  Friday April 12, 2019"	"MADISON WB AIRPORT WI"	10	sand	Bunchgrass	150	30	30	60	0	Bunchgrass	150	30	30	60	0	0	ft	""
WD	wepp-79952	"09:42 am  Friday April 12, 2019"	"MADISON WB AIRPORT WI"	10	clay	Skid	150	30	30	0	0	Skid	150	30	30	0	0	0	ft	""
WE	wepp-80799	"09:54 am  Friday April 12, 2019"	"WALLACE WDLND PK ID"	silt	5	forest	30	30	30	300	u			ft
WE	wepp-80897	"09:56 am  Friday April 12, 2019"	"WALLACE WDLND PK ID"	silt	5	forest	30	30	30	300	h			ft
WE	wepp-193732	"03:41 pm  Monday April 15, 2019"	"WALLACE WDLND PK ID"	silt	5	forest	30	30	30	300	u			ft
WE	wepp-193804	"03:42 pm  Monday April 15, 2019"	"WALLACE WDLND PK ID"	silt	5	forest	30	30	30	300	h			ft
WD	wepp-194499	"03:58 pm  Monday April 15, 2019"	"BANGOR DOW FIELD ME"	10	silt	OldForest	150	30	30	100	0	OldForest	150	30	30	100	0	0	ft	""
WD	wepp-194567	"03:59 pm  Monday April 15, 2019"	"BANGOR DOW FIELD ME"	10	silt	HighFire	150	30	30	0	0	HighFire	150	30	30	0	0	0	ft	""
WD	wepp-194798	"04:01 pm  Monday April 15, 2019"	"MADISON WB AIRPORT WI"	10	silt	HighFire	150	30	30	0	0	HighFire	150	30	30	0	0	0	ft	""
WD	wepp-194901	"04:01 pm  Monday April 15, 2019"	"MADISON WB AIRPORT WI"	10	silt	HighFire	150	30	30	0	0	HighFire	150	30	30	0	0	0	ft	""
WD	wepp-195031	"04:02 pm  Monday April 15, 2019"	"LAS VEGAS WB AP NV"	10	silt	HighFire	150	30	30	0	0	HighFire	150	30	30	0	0	0	ft	""
WD	wepp-195166	"04:02 pm  Monday April 15, 2019"	"LAS VEGAS WB AP NV"	10	silt	HighFire	150	30	30	0	0	HighFire	150	30	30	0	0	0	ft	""
WD	wepp-195239	"04:03 pm  Monday April 15, 2019"	"MADISON WB AIRPORT WI"	10	clay	Bunchgrass	150	30	30	60	0	Bunchgrass	150	30	30	60	0	0	ft	""
WD	wepp-195251	"04:04 pm  Monday April 15, 2019"	"MADISON WB AIRPORT WI"	10	clay	Sod	150	30	30	40	0	Sod	150	30	30	40	0	0	ft	""
WD	wepp-195335	"04:05 pm  Monday April 15, 2019"	"MADISON WB AIRPORT WI"	10	sand	Bunchgrass	150	30	30	60	0	Bunchgrass	150	30	30	60	0	0	ft	""
WD	wepp-195379	"04:05 pm  Monday April 15, 2019"	"MADISON WB AIRPORT WI"	10	clay	Skid	150	30	30	0	0	Skid	150	30	30	0	0	0	ft	""
