WD	wepp-242067	"05:25 am  Wednesday March 16, 2016"	"BIRMINGHAM WB AP AL"	10	clay	OldForest	50	0	30	100	20	OldForest	50	30	5	100	20	0	ft	""
WE	wepp-242271	"05:36 am  Wednesday March 16, 2016"	"BIRMINGHAM WB AP AL"	clay	20	forest	0	50	30	300	l			ft
WD	wepp-70623	"11:44 am  Monday April 4, 2016"	"REDLANDS CA"	10	clay	HighFire	100	0	30	10	20	HighFire	100	30	5	10	20	0	ft	""
WD	wepp-70676	"11:45 am  Monday April 4, 2016"	"REDLANDS CA"	10	sand	HighFire	100	0	30	10	20	HighFire	100	30	5	10	20	0	ft	""
WD	wepp-70725	"11:47 am  Monday April 4, 2016"	"REDLANDS CA"	10	clay	LowFire	100	0	30	85	20	LowFire	100	30	5	85	20	0	ft	""
WD	wepp-70969	"11:48 am  Monday April 4, 2016"	"REDLANDS CA"	10	clay	OldForest	100	0	30	100	20	OldForest	100	30	5	100	20	0	ft	""
WD	wepp-71420	"12:45 pm  Monday April 4, 2016"	"REDLANDS CA"	10	clay	HighFire	100	0	30	10	20	HighFire	100	30	5	10	20	0	ft	""
WD	wepp-71494	"12:47 pm  Monday April 4, 2016"	"REDLANDS CA"	10	sand	HighFire	100	0	50	10	20	HighFire	100	50	5	10	20	0	ft	""
WD	wepp-71585	"12:48 pm  Monday April 4, 2016"	"REDLANDS CA"	10	clay	HighFire	100	0	50	10	20	HighFire	100	50	5	10	20	0	ft	""
WD	wepp-71641	"12:49 pm  Monday April 4, 2016"	"REDLANDS CA"	10	clay	HighFire	250	0	30	10	20	HighFire	250	30	5	10	20	0	ft	""
WD	wepp-71694	"12:50 pm  Monday April 4, 2016"	"REDLANDS CA"	10	clay	HighFire	250	0	50	10	20	HighFire	250	50	5	10	20	0	ft	""
WE	wepp-71789	"12:54 pm  Monday April 4, 2016"	"REDLANDS CA"	clay	20	forest	50	50	50	200	h			ft
WE	wepp-72133	"01:00 pm  Monday April 4, 2016"	"REDLANDS CA"	clay	20	forest	50	50	50	200	h			ft
WD	wepp-72410	"01:05 pm  Monday April 4, 2016"	"REDLANDS CA"	10	clay	HighFire	100	30	30	10	20	HighFire	100	30	30	10	20	0	ft	""
WD	wepp-72451	"01:06 pm  Monday April 4, 2016"	"REDLANDS CA"	10	sand	HighFire	100	30	30	10	20	HighFire	100	30	30	10	20	0	ft	""
WD	wepp-72497	"01:07 pm  Monday April 4, 2016"	"REDLANDS CA"	10	clay	LowFire	100	30	30	10	20	LowFire	100	30	30	10	20	0	ft	""
WD	wepp-72540	"01:08 pm  Monday April 4, 2016"	"REDLANDS CA"	10	clay	LowFire	100	30	30	85	20	LowFire	100	30	30	85	20	0	ft	""
WD	wepp-72594	"01:09 pm  Monday April 4, 2016"	"REDLANDS CA"	10	clay	OldForest	100	30	30	100	20	OldForest	100	30	30	100	20	0	ft	""
WD	wepp-72647	"01:10 pm  Monday April 4, 2016"	"REDLANDS CA"	10	clay	HighFire	100	50	50	10	20	HighFire	100	50	50	10	20	0	ft	""
WD	wepp-72697	"01:12 pm  Monday April 4, 2016"	"REDLANDS CA"	10	clay	HighFire	250	30	30	10	20	HighFire	250	30	30	10	20	0	ft	""
WD	wepp-72756	"01:13 pm  Monday April 4, 2016"	"REDLANDS CA"	10	clay	HighFire	250	50	50	10	20	HighFire	250	50	50	10	20	0	ft	""
WD	wepp-12572	"10:15 am  Friday April 8, 2016"	"REDLANDS CA"	10	clay	HighFire	100	30	30	10	20	HighFire	100	30	30	10	20	0	ft	""
WD	wepp-12627	"10:17 am  Friday April 8, 2016"	"REDLANDS CA"	10	sand	HighFire	100	30	30	10	20	HighFire	100	30	30	10	20	0	ft	""
WD	wepp-12690	"10:18 am  Friday April 8, 2016"	"REDLANDS CA"	10	sand	LowFire	100	30	30	85	20	LowFire	100	30	30	85	20	0	ft	""
WD	wepp-12732	"10:19 am  Friday April 8, 2016"	"REDLANDS CA"	10	sand	OldForest	100	30	30	100	20	OldForest	100	30	30	100	20	0	ft	""
WD	wepp-12781	"10:19 am  Friday April 8, 2016"	"REDLANDS CA"	10	clay	LowFire	100	30	30	85	20	LowFire	100	30	30	85	20	0	ft	""
WD	wepp-12817	"10:19 am  Friday April 8, 2016"	"REDLANDS CA"	10	clay	LowFire	100	30	30	85	20	LowFire	100	30	30	85	20	0	ft	""
WD	wepp-12830	"10:20 am  Friday April 8, 2016"	"REDLANDS CA"	10	clay	OldForest	100	30	30	100	20	OldForest	100	30	30	100	20	0	ft	""
WD	wepp-12897	"10:24 am  Friday April 8, 2016"	"REDLANDS CA"	10	clay	HighFire	100	50	50	10	20	HighFire	100	50	50	10	20	0	ft	""
WD	wepp-12943	"10:24 am  Friday April 8, 2016"	"REDLANDS CA"	10	clay	HighFire	250	30	30	10	20	HighFire	250	30	30	10	20	0	ft	""
WD	wepp-13007	"10:26 am  Friday April 8, 2016"	"REDLANDS CA"	10	clay	HighFire	100	50	50	10	20	HighFire	100	50	50	10	20	0	ft	""
WD	wepp-13050	"10:26 am  Friday April 8, 2016"	"REDLANDS CA"	10	clay	HighFire	250	50	50	10	20	HighFire	250	50	50	10	20	0	ft	""
WE	wepp-13126	"10:28 am  Friday April 8, 2016"	"REDLANDS CA"	clay	20	forest	50	50	50	200	h			ft
WD	wepp-236611	"03:24 am  Thursday October 20, 2016"	"CANON CITY CO"	10	sand	HighFire	250	35	35	15	20	HighFire	250	35	35	15	20	0	ft	""
WD	wepp-236647	"03:24 am  Thursday October 20, 2016"	"CANON CITY CO"	10	clay	HighFire	250	35	35	15	20	HighFire	250	35	35	15	20	0	ft	""
WD	wepp-236684	"03:25 am  Thursday October 20, 2016"	"CANON CITY CO"	10	sand	LowFire	250	35	35	60	20	LowFire	250	35	35	60	20	0	ft	""
WD	wepp-236721	"03:26 am  Thursday October 20, 2016"	"CANON CITY CO"	10	sand	LowFire	250	35	35	60	20	LowFire	250	35	35	60	20	0	ft	""
WD	wepp-236780	"03:30 am  Thursday October 20, 2016"	"CANON CITY CO_KS +"	10	sand	HighFire	100	20	20	15	20	HighFire	100	20	20	15	20	0	ft	""
WD	wepp-236815	"03:31 am  Thursday October 20, 2016"	"CANON CITY CO_KS +"	10	sand	HighFire	100	50	50	15	20	HighFire	100	50	50	15	20	0	ft	""
WD	wepp-236852	"03:31 am  Thursday October 20, 2016"	"CANON CITY CO_KS +"	10	sand	HighFire	300	20	20	15	20	HighFire	300	20	20	15	20	0	ft	""
WD	wepp-236889	"03:32 am  Thursday October 20, 2016"	"CANON CITY CO_KS +"	10	sand	HighFire	300	50	50	15	20	HighFire	300	50	50	15	20	0	ft	""
WE	wepp-236979	"03:34 am  Thursday October 20, 2016"	"LIVINGSTON CAA AP MT"	loam	10	forest	50	50	50	150	h			ft
WD	wepp-237394	"04:11 am  Thursday October 20, 2016"	"CANON CITY CO"	10	sand	LowFire	250	35	35	60	20	LowFire	250	35	35	60	20	0	ft	""
WD	wepp-122574	"09:23 am  Thursday October 27, 2016"	"LIVINGSTON CAA AP MT"	10	clay	OldForest	50	0	30	100	20	OldForest	50	30	5	100	20	0	ft	""
WD	wepp-122609	"09:23 am  Thursday October 27, 2016"	"LIVINGSTON CAA AP MT"	10	clay	OldForest	50	0	30	100	20	OldForest	50	30	5	100	20	0	ft	""
WE	wepp-87073	"11:25 am  Wednesday November 9, 2016"	"LIVINGSTON CAA AP MT"	loam	10	forest	50	50	50	150	h			ft
WD	wepp-227049	"08:51 am  Monday October 23, 2017"	"REDLANDS CA"	10	clay	Bunchgrass	50	0	30	60	20	OldForest	50	30	5	100	20	0	ft	""
WD	wepp-228127	"10:17 am  Monday October 23, 2017"	"BANGOR DOW FIELD ME"	10	silt	HighFire	200	0	30	0	5	HighFire	200	30	5	0	5	0	ft	""
WD	wepp-228188	"10:22 am  Monday October 23, 2017"	"BANGOR DOW FIELD ME"	30	silt	HighFire	200	0	30	0	5	HighFire	200	30	5	0	5	0	ft	""
WE	wepp-5086	"11:42 am  Monday October 23, 2017"	"BANGOR DOW FIELD ME"	silt	5	forest	0	50	30	400	h			ft
WE	wepp-63618	"02:54 am  Wednesday October 25, 2017"	"STEVENSVILLE MT"	loam	10	forest	50	50	50	150	h			ft
WE	wepp-63842	"02:55 am  Wednesday October 25, 2017"	"STEVENSVILLE MT"	silt	10	forest	50	50	50	150	h			ft
WE	wepp-64080	"02:56 am  Wednesday October 25, 2017"	"MOSCOW U OF I ID"	loam	10	forest	50	50	50	150	h			ft
WE	wepp-64304	"02:56 am  Wednesday October 25, 2017"	"MOSCOW U OF I ID"	silt	10	forest	50	50	50	150	h			ft
WE	wepp-64592	"02:57 am  Wednesday October 25, 2017"	"MOSCOW U OF I ID"	silt	10	forest	50	50	50	250	h			ft
WE	wepp-64817	"02:58 am  Wednesday October 25, 2017"	"MOSCOW U OF I ID"	silt	10	forest	50	50	50	300	h			ft
WE	wepp-65047	"03:04 am  Wednesday October 25, 2017"	"MOSCOW U OF I ID"	clay	10	forest	50	50	50	300	h			ft
WE	wepp-65278	"03:05 am  Wednesday October 25, 2017"	"MOSCOW U OF I ID"	sand	10	forest	50	50	50	300	h			ft
WE	wepp-65526	"03:09 am  Wednesday October 25, 2017"	"SANTA ROSA CA"	silt	10	forest	50	50	50	300	h			ft
WE	wepp-65750	"03:11 am  Wednesday October 25, 2017"	"BANGOR DOW FIELD ME"	silt	10	forest	50	50	50	300	h			ft
WE	wepp-66198	"03:12 am  Wednesday October 25, 2017"	"MOSCOW U OF I ID"	silt	10	forest	50	50	50	300	h			ft
WD	wepp-148915	"03:02 am  Monday November 27, 2017"	"CANON CITY CO_KS +"	50	sand	HighFire	100	35	35	15	20	HighFire	100	35	35	15	20	0	ft	""
WD	wepp-148956	"03:02 am  Monday November 27, 2017"	"CANON CITY CO"	50	sand	HighFire	100	35	35	15	20	HighFire	100	35	35	15	20	0	ft	""
WD	wepp-149003	"03:04 am  Monday November 27, 2017"	"CANON CITY CO"	50	sand	HighFire	100	35	30	15	20	HighFire	100	35	35	15	20	0	ft	""
WD	wepp-149040	"03:04 am  Monday November 27, 2017"	"CANON CITY CO"	10	sand	HighFire	100	35	30	15	20	HighFire	100	35	35	15	20	0	ft	""
WD	wepp-149137	"03:04 am  Monday November 27, 2017"	"CANON CITY CO"	50	sand	HighFire	100	35	30	15	20	HighFire	100	35	35	15	20	0	ft	""
WD	wepp-149173	"03:05 am  Monday November 27, 2017"	"CANON CITY CO"	50	clay	HighFire	100	35	30	15	20	HighFire	100	35	35	15	20	0	ft	""
WD	wepp-149210	"03:05 am  Monday November 27, 2017"	"CANON CITY CO"	50	clay	LowFire	100	35	30	85	20	LowFire	100	35	35	85	20	0	ft	""
WD	wepp-149246	"03:05 am  Monday November 27, 2017"	"CANON CITY CO"	50	sand	LowFire	100	35	35	85	20	LowFire	100	35	35	85	20	0	ft	""
WD	wepp-149281	"03:06 am  Monday November 27, 2017"	"CANON CITY CO"	50	sand	LowFire	100	35	35	60	20	LowFire	100	35	35	60	20	0	ft	""
WD	wepp-149317	"03:06 am  Monday November 27, 2017"	"CANON CITY CO"	50	sand	LowFire	100	35	35	60	20	LowFire	100	35	35	60	20	0	ft	""
WD	wepp-149357	"03:08 am  Monday November 27, 2017"	"CANON CITY CO"	50	sand	HighFire	250	35	35	15	20	HighFire	250	35	35	15	20	0	ft	""
WD	wepp-149407	"03:09 am  Monday November 27, 2017"	"CANON CITY CO"	50	clay	HighFire	250	35	35	15	20	HighFire	250	35	35	15	20	0	ft	""
WD	wepp-149447	"03:10 am  Monday November 27, 2017"	"CANON CITY CO"	50	sand	LowFire	250	35	35	60	20	LowFire	250	35	35	60	20	0	ft	""
WD	wepp-149494	"03:13 am  Monday November 27, 2017"	"CANON CITY CO_i +"	10	sand	HighFire	100	20	20	15	20	HighFire	100	20	20	15	20	0	ft	""
WD	wepp-149532	"03:14 am  Monday November 27, 2017"	"CANON CITY CO_i +"	50	sand	HighFire	100	20	20	15	20	HighFire	100	20	20	15	20	0	ft	""
WD	wepp-149570	"03:14 am  Monday November 27, 2017"	"CANON CITY CO_i +"	50	sand	HighFire	100	50	50	15	20	HighFire	100	50	50	15	20	0	ft	""
WD	wepp-149609	"03:15 am  Monday November 27, 2017"	"CANON CITY CO_i +"	50	sand	HighFire	100	20	20	15	20	HighFire	100	20	20	15	20	0	ft	""
WD	wepp-149646	"03:15 am  Monday November 27, 2017"	"CANON CITY CO_i +"	50	sand	HighFire	300	20	20	15	20	HighFire	300	20	20	15	20	0	ft	""
WD	wepp-149682	"03:16 am  Monday November 27, 2017"	"CANON CITY CO_i +"	50	sand	HighFire	300	50	50	15	20	HighFire	300	50	50	15	20	0	ft	""
WE	wepp-149816	"03:22 am  Monday November 27, 2017"	"MOSCOW U OF I ID"	silt	10	forest	50	50	50	300	h			ft
WD	wepp-29670	"06:16 am  Friday March 30, 2018"	"CANON CITY CO_i +"	10	silt	HighFire	50	50	50	0	20	HighFire	50	50	50	0	20	0	ft	""
WE	wepp-29772	"06:17 am  Friday March 30, 2018"	"CANON CITY CO_i +"	silt	20	forest	50	50	50	300	h			ft
WD	wepp-130285	"07:17 am  Tuesday April 3, 2018"	"BANGOR DOW FIELD ME"	10	silt	OldForest	150	30	30	100	20	OldForest	150	30	30	100	20	0	ft	""
WD	wepp-130363	"07:19 am  Tuesday April 3, 2018"	"BANGOR DOW FIELD ME"	10	silt	OldForest	150	30	30	100	0	OldForest	150	30	30	100	0	0	ft	""
WD	wepp-130401	"07:20 am  Tuesday April 3, 2018"	"BANGOR DOW FIELD ME"	10	silt	HighFire	150	30	30	0	0	HighFire	150	30	30	0	0	0	ft	""
WD	wepp-130481	"07:22 am  Tuesday April 3, 2018"	"LAS VEGAS WB AP NV"	10	silt	OldForest	150	30	30	100	0	OldForest	150	30	30	100	0	0	ft	""
WD	wepp-130526	"07:23 am  Tuesday April 3, 2018"	"LAS VEGAS WB AP NV"	10	silt	HighFire	150	30	30	0	0	HighFire	150	30	30	0	0	0	ft	""
WD	wepp-130657	"07:26 am  Tuesday April 3, 2018"	"MADISON WB AIRPORT WI"	10	clay	Bunchgrass	150	30	30	60	0	Bunchgrass	150	30	30	60	0	0	ft	""
WD	wepp-130733	"07:28 am  Tuesday April 3, 2018"	"MADISON WB AIRPORT WI"	10	clay	Sod	150	30	30	40	0	Sod	150	30	30	40	0	0	ft	""
WD	wepp-130840	"07:28 am  Tuesday April 3, 2018"	"MADISON WB AIRPORT WI"	10	sand	Bunchgrass	150	30	30	60	0	Bunchgrass	150	30	30	60	0	0	ft	""
WD	wepp-131125	"07:31 am  Tuesday April 3, 2018"	"MADISON WB AIRPORT WI"	10	sand	Sod	150	30	30	40	0	Sod	150	30	30	40	0	0	ft	""
WD	wepp-131177	"07:34 am  Tuesday April 3, 2018"	"MADISON WB AIRPORT WI"	10	clay	Skid	150	30	30	0	0	Skid	150	30	30	0	0	0	ft	""
WD	wepp-131263	"07:35 am  Tuesday April 3, 2018"	"MADISON WB AIRPORT WI"	10	sand	Skid	150	30	30	0	0	Skid	150	30	30	0	0	0	ft	""
WE	wepp-131969	"07:43 am  Tuesday April 3, 2018"	"BOULDER CO"	silt	5	forest	30	30	30	300	u			ft
WE	wepp-132030	"07:44 am  Tuesday April 3, 2018"	"BOULDER CO"	silt	5	forest	30	30	30	300	u			ft
WE	wepp-132159	"07:45 am  Tuesday April 3, 2018"	"BOULDER CO"	silt	5	forest	30	30	30	300	u			ft
WE	wepp-132243	"07:45 am  Tuesday April 3, 2018"	"BOULDER CO"	silt	5	forest	30	30	30	300	u			ft
WE	wepp-132328	"07:46 am  Tuesday April 3, 2018"	"BOULDER CO"	silt	5	forest	30	30	30	300	u			ft
WE	wepp-132412	"07:46 am  Tuesday April 3, 2018"	"BOULDER CO"	silt	5	forest	30	30	30	300	u			ft
WE	wepp-132727	"07:47 am  Tuesday April 3, 2018"	"BOULDER CO"	silt	5	forest	30	30	30	300	h			ft
WE	wepp-133616	"08:13 am  Tuesday April 3, 2018"	"LIBBY 1 NE RS MT"	silt	5	forest	30	30	30	300	u			ft
WE	wepp-133702	"08:13 am  Tuesday April 3, 2018"	"LIBBY 1 NE RS MT"	silt	5	forest	30	30	30	300	h			ft
WE	wepp-133935	"08:14 am  Tuesday April 3, 2018"	"HOOD RIVER EXP STA OR"	silt	5	forest	30	30	30	300	l			ft
WE	wepp-133994	"08:14 am  Tuesday April 3, 2018"	"HOOD RIVER EXP STA OR"	silt	5	forest	30	30	30	300	h			ft
WE	wepp-134282	"08:16 am  Tuesday April 3, 2018"	"WALLACE WDLND PK ID"	silt	5	forest	30	30	30	300	h			ft
WE	wepp-134578	"08:20 am  Tuesday April 3, 2018"	"WALLACE WDLND PK ID"	silt	5	forest	30	30	30	300	u			ft
WE	wepp-18505	"01:56 pm  Tuesday April 3, 2018"	"WALLACE WDLND PK ID"	silt	5	forest	30	30	30	300	h			ft
WD	wepp-154130	"04:53 am  Wednesday April 4, 2018"	"BANGOR DOW FIELD ME"	10	silt	OldForest	150	30	30	100	0	OldForest	150	30	30	100	0	0	ft	""
WD	wepp-108658	"12:05 pm  Thursday April 12, 2018"	"BANGOR DOW FIELD ME"	10	silt	OldForest	150	30	30	100	0	OldForest	150	30	30	100	0	0	ft	""
WD	wepp-108695	"12:06 pm  Thursday April 12, 2018"	"BANGOR DOW FIELD ME"	10	silt	HighFire	150	30	30	0	0	HighFire	150	30	30	0	0	0	ft	""
WD	wepp-108732	"12:07 pm  Thursday April 12, 2018"	"LAS VEGAS WB AP NV"	10	silt	HighFire	150	30	30	0	0	HighFire	150	30	30	0	0	0	ft	""
WD	wepp-108779	"12:09 pm  Thursday April 12, 2018"	"MADISON WB AIRPORT WI"	10	clay	Bunchgrass	150	30	30	60	0	Bunchgrass	150	30	30	60	0	0	ft	""
WD	wepp-108815	"12:09 pm  Thursday April 12, 2018"	"MADISON WB AIRPORT WI"	10	clay	Sod	150	30	30	40	0	Sod	150	30	30	40	0	0	ft	""
WD	wepp-108851	"12:10 pm  Thursday April 12, 2018"	"MADISON WB AIRPORT WI"	10	sand	Bunchgrass	150	30	30	60	0	Bunchgrass	150	30	30	60	0	0	ft	""
WD	wepp-108887	"12:11 pm  Thursday April 12, 2018"	"MADISON WB AIRPORT WI"	10	clay	Skid	150	30	30	0	0	Skid	150	30	30	0	0	0	ft	""
WE	wepp-108948	"12:12 pm  Thursday April 12, 2018"	"WALLACE WDLND PK ID"	silt	5	forest	30	30	30	300	u			ft
WE	wepp-109034	"12:13 pm  Thursday April 12, 2018"	"WALLACE WDLND PK ID"	silt	5	forest	30	30	30	300	h			ft
WD	wepp-127563	"07:27 am  Friday April 13, 2018"	"BANGOR DOW FIELD ME"	10	silt	OldForest	150	30	30	100	0	OldForest	150	30	30	0	0	0	ft	""
WD	wepp-127663	"07:28 am  Friday April 13, 2018"	"BANGOR DOW FIELD ME"	10	silt	OldForest	150	30	30	100	0	HighFire	150	30	30	0	0	0	ft	""
WD	wepp-127978	"07:32 am  Friday April 13, 2018"	"MOUNT SHASTA CA"	10	clay	HighFire	150	70	70	10	10	HighFire	150	70	70	0	0	0	ft	""
WD	wepp-128252	"07:36 am  Friday April 13, 2018"	"MOUNT SHASTA CA"	10	clay	YoungForest	150	19	70	30	30	YoungForest	150	54	8	64	0	0	ft	""
WD	wepp-14738	"07:02 am  Wednesday April 18, 2018"	"HAVRE WSO AP MT"	10	sand	OldForest	50	0	10	100	10	OldForest	50	10	0	100	10	0	ft	"Example for Wildfire"
WD	wepp-14776	"07:05 am  Wednesday April 18, 2018"	"HAVRE WSO AP MT"	10	sand	HighFire	50	0	10	45	10	HighFire	50	10	0	45	10	0	ft	"Example for Wildfire"
WD	wepp-14816	"07:05 am  Wednesday April 18, 2018"	"HAVRE WSO AP MT"	10	sand	HighFire	50	10	10	45	10	HighFire	50	10	10	45	10	0	ft	"Example for Wildfire"
WD	wepp-14853	"07:05 am  Wednesday April 18, 2018"	"HAVRE WSO AP MT"	10	sand	HighFire	500	10	10	45	10	HighFire	500	10	10	45	10	0	ft	"Example for Wildfire"
WD	wepp-14890	"07:06 am  Wednesday April 18, 2018"	"HAVRE WSO AP MT"	10	sand	HighFire	500	15	15	45	10	HighFire	500	15	15	45	10	0	ft	"Example for Wildfire"
WD	wepp-14966	"07:10 am  Wednesday April 18, 2018"	"GRENORA ND"	10	sand	OldForest	50	0	30	100	20	OldForest	50	30	5	100	20	0	ft	""
WD	wepp-15002	"07:10 am  Wednesday April 18, 2018"	"GRENORA ND"	10	sand	HighFire	50	0	30	45	20	HighFire	50	30	5	45	20	0	ft	""
WD	wepp-15038	"07:11 am  Wednesday April 18, 2018"	"GRENORA ND"	10	sand	HighFire	200	0	20	45	10	HighFire	200	20	5	45	10	0	ft	""
WD	wepp-15125	"07:14 am  Wednesday April 18, 2018"	"GRENORA ND"	10	sand	OldForest	200	0	20	100	10	OldForest	200	20	5	100	10	0	ft	""
WD	wepp-15165	"07:14 am  Wednesday April 18, 2018"	"GRENORA ND"	10	sand	OldForest	200	0	20	100	10	OldForest	200	20	5	100	10	0	ft	""
WD	wepp-15304	"07:17 am  Wednesday April 18, 2018"	"GRENORA ND"	10	sand	Skid	200	0	20	10	10	Skid	200	20	5	10	10	0	ft	""
WD	wepp-15372	"07:19 am  Wednesday April 18, 2018"	"GRENORA ND"	10	sand	Skid	200	0	20	10	10	Skid	200	20	5	10	10	0	ft	""
WD	wepp-24867	"05:27 am  Thursday April 11, 2019"	"RIVERSIDE CA"	10	silt	HighFire	100	30	30	0	0	HighFire	100	30	30	0	0	0	ft	""
WE	wepp-25767	"05:41 am  Thursday April 11, 2019"	"MOSCOW U OF I ID"	silt	5	forest	30	30	30	300	h			ft
WE	wepp-125021	"10:24 am  Friday May 3, 2019"	"BOULDER CO"	silt	20	forest	50	50	50	300	h			ft
WD	wepp-77440	"03:44 pm  Monday December 2, 2019"	"BOULDER CO"	10	sand	HighFire	250	35	35	15	20	HighFire	250	35	35	15	20	0	ft	""
WD	wepp-77570	"03:49 pm  Monday December 2, 2019"	"BOULDER CO"	10	clay	HighFire	250	35	35	15	20	HighFire	250	35	35	15	20	0	ft	""
WD	wepp-78590	"04:20 pm  Monday December 2, 2019"	"BOULDER CO"	10	sand	LowFire	250	35	35	60	20	LowFire	250	35	35	60	20	0	ft	""
WD	wepp-78667	"04:22 pm  Monday December 2, 2019"	"BOULDER CO"	10	sand	HighFire	250	35	35	15	20	HighFire	250	35	35	15	20	0	ft	""
WD	wepp-78793	"04:27 pm  Monday December 2, 2019"	"CANON CITY CO"	50	sand	HighFire	250	35	35	15	20	HighFire	250	35	35	15	20	0	ft	""
WD	wepp-78862	"04:28 pm  Monday December 2, 2019"	"CANON CITY CO"	50	clay	HighFire	250	35	35	15	20	HighFire	250	35	35	15	20	0	ft	""
WD	wepp-78907	"04:29 pm  Monday December 2, 2019"	"CANON CITY CO"	10	sand	LowFire	250	35	35	60	20	LowFire	250	35	35	60	20	0	ft	""
WD	wepp-79005	"04:30 pm  Monday December 2, 2019"	"CANON CITY CO"	50	sand	LowFire	250	35	35	60	20	LowFire	250	35	35	60	20	0	ft	""
WD	wepp-79209	"04:37 pm  Monday December 2, 2019"	"CANON CITY CO +"	50	sand	HighFire	100	20	20	15	20	HighFire	100	20	20	15	20	0	ft	""
WD	wepp-79346	"04:39 pm  Monday December 2, 2019"	"CANON CITY CO +"	50	sand	HighFire	100	50	50	15	20	HighFire	100	50	50	15	20	0	ft	""
WD	wepp-79466	"04:41 pm  Monday December 2, 2019"	"CANON CITY CO +"	50	sand	HighFire	300	20	20	15	20	HighFire	300	20	20	15	20	0	ft	""
WD	wepp-79538	"04:41 pm  Monday December 2, 2019"	"CANON CITY CO +"	50	sand	HighFire	300	50	50	15	20	HighFire	300	50	50	15	20	0	ft	""
WE	wepp-175514	"05:04 am  Wednesday December 4, 2019"	"MADISON WB AIRPORT WI"	silt	30	forest	0	50	30	300	m			ft
WD	wepp-176849	"05:28 am  Wednesday December 4, 2019"	"CHARLESTON KAN AP WV"	10	clay	Shrub	50	0	30	40	25	Shrub	50	30	5	40	25	0	ft	""
