WD	wepp-243106	"06:04 am  Wednesday March 16, 2016"	"AUGUSTA CAA AIRPORT ME"	10	clay	YoungForest	50	0	30	100	20	Bunchgrass	50	30	5	60	20	0	ft	""
WD	wepp-243248	"06:06 am  Wednesday March 16, 2016"	"AUGUSTA CAA AIRPORT ME"	10	clay	HighFire	50	0	80	45	20	OldForest	50	30	5	100	20	0	ft	""
WD	wepp-243391	"06:10 am  Wednesday March 16, 2016"	"AUGUSTA CAA AIRPORT ME"	10	sand	OldForest	50	0	80	100	20	Skid	50	30	5	20	20	0	ft	""
WE	wepp-243522	"06:14 am  Wednesday March 16, 2016"	"AUGUSTA CAA AIRPORT ME"	sand	20	forest	0	50	30	300	l			ft
WE	wepp-244027	"06:20 am  Wednesday March 16, 2016"	"AUGUSTA CAA AIRPORT ME"	sand	20	forest	0	50	30	1000	h			ft
WD	wepp-82164	"01:04 pm  Friday March 18, 2016"	"REDLANDS CA"	10	clay	HighFire	100	30	30	10	20	HighFire	100	30	30	10	20	0	ft	""
WD	wepp-82290	"01:07 pm  Friday March 18, 2016"	"REDLANDS CA"	10	sand	HighFire	100	30	30	10	20	HighFire	100	30	30	10	20	0	ft	""
WD	wepp-82357	"01:09 pm  Friday March 18, 2016"	"REDLANDS CA"	10	clay	LowFire	100	30	30	10	20	LowFire	100	30	30	10	20	0	ft	""
WD	wepp-82440	"01:11 pm  Friday March 18, 2016"	"REDLANDS CA"	10	clay	LowFire	100	30	30	85	20	LowFire	100	30	30	85	20	0	ft	""
WD	wepp-82490	"01:12 pm  Friday March 18, 2016"	"REDLANDS CA"	10	clay	OldForest	100	30	30	100	20	OldForest	100	30	30	100	20	0	ft	""
WD	wepp-82577	"01:15 pm  Friday March 18, 2016"	"REDLANDS CA"	10	clay	HighFire	100	30	30	10	20	HighFire	100	30	30	10	20	0	ft	""
WD	wepp-82625	"01:16 pm  Friday March 18, 2016"	"REDLANDS CA"	10	clay	HighFire	100	50	50	10	20	HighFire	100	50	50	10	20	0	ft	""
WD	wepp-82678	"01:17 pm  Friday March 18, 2016"	"REDLANDS CA"	10	clay	HighFire	250	30	30	10	20	HighFire	250	30	30	10	20	0	ft	""
WD	wepp-82720	"01:18 pm  Friday March 18, 2016"	"REDLANDS CA"	10	clay	HighFire	250	50	50	10	20	HighFire	250	50	50	10	20	0	ft	""
WE	wepp-82830	"01:23 pm  Friday March 18, 2016"	"REDLANDS CA"	clay	20	forest	50	50	50	200	h			ft
WE	wepp-238321	"07:30 am  Monday November 7, 2016"	"LIVINGSTON CAA AP MT"	loam	10	forest	50	50	50	150	h			ft
WD	wepp-188665	"07:11 am  Monday April 16, 2018"	"BANGOR DOW FIELD ME"	10	silt	OldForest	150	30	30	100	0	OldForest	150	30	30	100	0	0	ft	""
WD	wepp-188705	"07:14 am  Monday April 16, 2018"	"BANGOR DOW FIELD ME"	10	silt	HighFire	150	30	30	0	0	HighFire	150	30	30	0	0	0	ft	""
WD	wepp-188814	"07:17 am  Monday April 16, 2018"	"LAS VEGAS WB AP NV"	10	silt	HighFire	150	30	30	0	0	HighFire	150	30	30	0	0	0	ft	""
WD	wepp-188885	"07:23 am  Monday April 16, 2018"	"LAS VEGAS WB AP NV"	10	clay	OldForest	50	0	30	100	20	OldForest	50	30	5	100	20	0	ft	""
WD	wepp-188941	"07:30 am  Monday April 16, 2018"	"BANGOR DOW FIELD ME"	10	silt	OldForest	150	30	30	100	0	OldForest	150	30	30	100	0	0	ft	""
WD	wepp-189051	"07:31 am  Monday April 16, 2018"	"BANGOR DOW FIELD ME"	10	silt	HighFire	150	30	30	0	0	HighFire	150	30	30	0	0	0	ft	""
WD	wepp-194815	"09:28 am  Monday April 16, 2018"	"LAS VEGAS WB AP NV"	10	silt	HighFire	150	30	30	45	0	HighFire	150	30	30	45	0	0	ft	""
WD	wepp-195378	"09:38 am  Monday April 16, 2018"	"MADISON WB AIRPORT WI"	10	clay	Bunchgrass	150	30	30	40	0	Bunchgrass	150	30	30	40	0	0	ft	""
WD	wepp-195426	"09:42 am  Monday April 16, 2018"	"MADISON WB AIRPORT WI"	10	clay	Sod	150	30	30	60	0	Sod	150	30	30	60	0	0	ft	""
WD	wepp-195463	"09:43 am  Monday April 16, 2018"	"MADISON WB AIRPORT WI"	10	sand	Bunchgrass	150	30	30	60	0	Bunchgrass	150	30	30	60	0	0	ft	""
WD	wepp-195566	"09:47 am  Monday April 16, 2018"	"MADISON WB AIRPORT WI"	10	clay	Skid	150	30	30	0	0	Skid	150	30	30	0	0	0	ft	""
WE	wepp-195643	"09:51 am  Monday April 16, 2018"	"WALLACE WDLND PK ID"	silt	5	forest	30	30	30	300	u			ft
WE	wepp-195768	"09:59 am  Monday April 16, 2018"	"WALLACE WDLND PK ID"	silt	5	forest	30	30	30	300	h			ft
WE	wepp-195803	"09:59 am  Monday April 16, 2018"	"WALLACE WDLND PK ID"	silt	5	forest	30	30	30	300	h			ft
WD	wepp-196702	"10:45 am  Monday April 16, 2018"	"MADISON WB AIRPORT WI"	10	clay	Bunchgrass	150	30	30	60	0	Bunchgrass	150	30	30	60	0	0	ft	""
WD	wepp-196799	"10:46 am  Monday April 16, 2018"	"MADISON WB AIRPORT WI"	10	clay	Sod	150	30	30	40	0	Sod	150	30	30	40	0	0	ft	""
WD	wepp-196842	"10:47 am  Monday April 16, 2018"	"MADISON WB AIRPORT WI"	10	sand	Bunchgrass	150	30	30	60	0	Bunchgrass	150	30	30	60	0	0	ft	""
WD	wepp-196881	"10:48 am  Monday April 16, 2018"	"MADISON WB AIRPORT WI"	10	clay	Skid	150	30	30	0	0	Skid	150	30	30	0	0	0	ft	""
WE	wepp-199960	"02:48 pm  Monday April 16, 2018"	"WALLACE WDLND PK ID"	silt	30	forest	30	30	30	300	h			ft
WD	wepp-127283	"06:19 am  Friday April 19, 2019"	"BANGOR DOW FIELD ME"	10	silt	OldForest	150	30	30	100	0	OldForest	150	30	30	100	0	0	ft	""
WD	wepp-127334	"06:20 am  Friday April 19, 2019"	"BANGOR DOW FIELD ME"	10	silt	OldForest	150	30	30	100	0	OldForest	150	30	30	100	0	0	ft	""
WD	wepp-127377	"06:21 am  Friday April 19, 2019"	"BANGOR DOW FIELD ME"	10	silt	HighFire	150	30	30	0	0	HighFire	150	30	30	0	0	0	ft	""
WD	wepp-127417	"06:22 am  Friday April 19, 2019"	"BANGOR DOW FIELD ME"	10	silt	OldForest	150	30	30	100	0	OldForest	150	30	30	100	0	0	ft	""
WD	wepp-127460	"06:23 am  Friday April 19, 2019"	"BANGOR DOW FIELD ME"	10	silt	HighFire	150	30	30	0	0	HighFire	150	30	30	0	0	0	ft	""
WD	wepp-127630	"06:28 am  Friday April 19, 2019"	"LAS VEGAS WB AP NV"	10	silt	HighFire	150	30	30	0	0	HighFire	150	30	30	0	0	0	ft	""
WD	wepp-127823	"06:36 am  Friday April 19, 2019"	"MADISON WB AIRPORT WI"	10	clay	Sod	150	30	30	60	0	Bunchgrass	50	30	30	60	0	0	ft	""
WD	wepp-127861	"06:36 am  Friday April 19, 2019"	"MADISON WB AIRPORT WI"	10	clay	Bunchgrass	150	30	30	60	0	Bunchgrass	50	30	30	60	0	0	ft	""
WD	wepp-127974	"06:37 am  Friday April 19, 2019"	"MADISON WB AIRPORT WI"	10	clay	Sod	150	30	30	40	0	Sod	50	30	30	40	0	0	ft	""
WD	wepp-128086	"06:38 am  Friday April 19, 2019"	"MADISON WB AIRPORT WI"	10	sand	Bunchgrass	150	30	30	60	0	Bunchgrass	50	30	30	60	0	0	ft	""
WD	wepp-128155	"06:39 am  Friday April 19, 2019"	"MADISON WB AIRPORT WI"	10	clay	Skid	150	30	30	0	0	Skid	50	30	30	0	0	0	ft	""
WD	wepp-105206	"07:23 am  Tuesday December 3, 2019"	"CANON CITY CO +"	10	clay	HighFire	250	35	35	15	20	HighFire	250	35	35	15	20	0	ft	""
WD	wepp-105248	"07:24 am  Tuesday December 3, 2019"	"CANON CITY CO +"	10	sand	HighFire	250	35	35	15	20	HighFire	250	35	35	15	20	0	ft	""
WD	wepp-105360	"07:26 am  Tuesday December 3, 2019"	"CANON CITY CO +"	10	sand	LowFire	250	35	35	60	20	LowFire	250	35	35	60	20	0	ft	""
WD	wepp-105985	"07:36 am  Tuesday December 3, 2019"	"CANON CITY CO + +"	10	sand	HighFire	100	20	20	15	20	HighFire	100	20	20	15	20	0	ft	""
WD	wepp-106049	"07:37 am  Tuesday December 3, 2019"	"CANON CITY CO + +"	10	sand	HighFire	100	20	20	15	20	HighFire	100	20	20	15	20	0	ft	""
WD	wepp-106092	"07:37 am  Tuesday December 3, 2019"	"CANON CITY CO + +"	50	sand	HighFire	100	20	20	15	20	HighFire	100	20	20	15	20	0	ft	""
WD	wepp-106217	"07:39 am  Tuesday December 3, 2019"	"CANON CITY CO + +"	50	sand	HighFire	300	20	20	15	20	HighFire	300	20	20	15	20	0	ft	""
WD	wepp-106394	"07:40 am  Tuesday December 3, 2019"	"CANON CITY CO + +"	50	sand	HighFire	300	50	50	15	20	HighFire	300	50	50	15	20	0	ft	""
WD	wepp-106470	"07:41 am  Tuesday December 3, 2019"	"CANON CITY CO + +"	50	sand	HighFire	100	50	50	15	20	HighFire	100	50	50	15	20	0	ft	""
WE	wepp-185986	"07:36 am  Wednesday December 4, 2019"	"MOSCOW U OF I ID"	silt	10	forest	50	50	50	300	h			ft
