WD	wepp-147844	"02:42 pm  Tuesday November 17, 2020"	"ABERDEEN 20 NNE WISHKA"	10	clay	OldForest	50	0	30	100	20	OldForest	50	30	5	100	20	0	ft	""
WD	wepp-147895	"02:42 pm  Tuesday November 17, 2020"	"ABERDEEN 20 NNE WISHKA"	10	clay	HighFire	50	0	30	45	20	OldForest	50	30	5	100	20	0	ft	""
WR	wepp-148443	"02:58 pm  Tuesday November 17, 2020"	"ABERDEEN 20 NNE WISHKA"	30	silt	native	200	4	13	15	50	1	25	20	inveg	ft
WR	wepp-148660	"02:59 pm  Tuesday November 17, 2020"	"ABERDEEN 20 NNE WISHKA"	30	silt	native	200	4	13	15	50	1	25	20	inbare	ft
WR	wepp-148769	"03:00 pm  Tuesday November 17, 2020"	"ABERDEEN 20 NNE WISHKA"	30	silt	paved	200	4	13	15	50	1	25	20	inbare	ft
WD	wepp-148882	"03:02 pm  Tuesday November 17, 2020"	"ABERDEEN 20 NNE WISHKA"	10	silt	OldForest	400	0	30	100	20	OldForest	75	30	5	100	20	0	ft	""
WD	wepp-148919	"03:03 pm  Tuesday November 17, 2020"	"ABERDEEN 20 NNE WISHKA"	10	silt	Bunchgrass	400	0	30	60	20	OldForest	75	30	5	100	20	0	ft	""
WD	wepp-149019	"03:04 pm  Tuesday November 17, 2020"	"ABERDEEN 20 NNE WISHKA"	10	silt	HighFire	400	0	30	45	20	LowFire	30	30	5	85	20	0	ft	""
WD	wepp-149079	"03:05 pm  Tuesday November 17, 2020"	"ABERDEEN 20 NNE WISHKA"	10	silt	HighFire	400	0	30	45	20	OldForest	30	30	5	100	20	0	ft	""
WD	wepp-149118	"03:05 pm  Tuesday November 17, 2020"	"ABERDEEN 20 NNE WISHKA"	10	silt	HighFire	400	0	30	45	20	OldForest	10	30	5	100	20	0	ft	""
WD	wepp-149154	"03:05 pm  Tuesday November 17, 2020"	"ABERDEEN 20 NNE WISHKA"	10	silt	HighFire	400	0	30	45	20	OldForest	100	30	5	100	20	0	ft	""
WD	wepp-149200	"03:05 pm  Tuesday November 17, 2020"	"ABERDEEN 20 NNE WISHKA"	10	silt	HighFire	400	0	30	45	20	OldForest	1000	30	5	100	20	0	ft	""
WD	wepp-149244	"03:05 pm  Tuesday November 17, 2020"	"ABERDEEN 20 NNE WISHKA"	10	silt	HighFire	400	0	30	45	20	OldForest	900	30	5	100	20	0	ft	""
WD	wepp-149280	"03:06 pm  Tuesday November 17, 2020"	"ABERDEEN 20 NNE WISHKA"	10	silt	HighFire	400	0	30	45	20	OldForest	950	30	5	100	20	0	ft	""
WD	wepp-149319	"03:06 pm  Tuesday November 17, 2020"	"ABERDEEN 20 NNE WISHKA"	10	silt	HighFire	400	0	30	45	20	OldForest	980	30	5	100	20	0	ft	""
WD	wepp-149356	"03:06 pm  Tuesday November 17, 2020"	"ABERDEEN 20 NNE WISHKA"	10	silt	HighFire	400	0	30	45	20	OldForest	975	30	5	100	20	0	ft	""
WD	wepp-149393	"03:06 pm  Tuesday November 17, 2020"	"ABERDEEN 20 NNE WISHKA"	10	silt	HighFire	400	0	30	45	20	OldForest	970	30	5	100	20	0	ft	""
WD	wepp-149430	"03:06 pm  Tuesday November 17, 2020"	"ABERDEEN 20 NNE WISHKA"	10	silt	HighFire	400	0	30	45	20	OldForest	965	30	5	100	20	0	ft	""
WD	wepp-149466	"03:06 pm  Tuesday November 17, 2020"	"ABERDEEN 20 NNE WISHKA"	10	silt	HighFire	400	0	30	45	20	OldForest	960	30	5	100	20	0	ft	""
WD	wepp-149502	"03:06 pm  Tuesday November 17, 2020"	"ABERDEEN 20 NNE WISHKA"	10	silt	HighFire	400	0	30	45	20	OldForest	955	30	5	100	20	0	ft	""
WD	wepp-149537	"03:06 pm  Tuesday November 17, 2020"	"ABERDEEN 20 NNE WISHKA"	10	silt	HighFire	400	0	30	45	20	OldForest	958	30	5	100	20	0	ft	""
WD	wepp-149573	"03:07 pm  Tuesday November 17, 2020"	"ABERDEEN 20 NNE WISHKA"	10	silt	HighFire	400	0	30	45	20	OldForest	957	30	5	100	20	0	ft	""
WD	wepp-149612	"03:07 pm  Tuesday November 17, 2020"	"ABERDEEN 20 NNE WISHKA"	10	silt	HighFire	400	0	30	45	20	OldForest	956	30	5	100	20	0	ft	""
WD	wepp-149648	"03:07 pm  Tuesday November 17, 2020"	"ABERDEEN 20 NNE WISHKA"	10	silt	HighFire	400	0	30	45	20	OldForest	957	30	5	100	20	0	ft	""
