WR	wepp-23742	"08:41 am  Friday April 26, 2013"	"HOUGHTON FAA AP MI +"	30	silt	native	200	4	13	15	50	130	25	20	inveg	ft
WR	wepp-23828	"08:43 am  Friday April 26, 2013"	"HOUGHTON FAA AP MI +"	30	silt	native	200	4	13	15	50	1	25	20	inveg	ft
WR	wepp-23885	"08:44 am  Friday April 26, 2013"	"HOUGHTON FAA AP MI +"	30	silt	native	200	4	13	15	50	1	25	20	inbare	ft
WR	wepp-23949	"08:46 am  Friday April 26, 2013"	"HOUGHTON FAA AP MI +"	30	silt	paved	200	4	13	15	50	1	25	20	inbare	ft
WR	wepp-24240	"08:54 am  Friday April 26, 2013"	"HOUGHTON FAA AP MI +"	30	silt	paved	200	4	13	15	50	10	25	20	inbare	ft
WR	wepp-24261	"08:54 am  Friday April 26, 2013"	"HOUGHTON FAA AP MI +"	30	silt	paved	200	4	13	15	50	10	100	20	inbare	ft
WR	wepp-24283	"08:55 am  Friday April 26, 2013"	"HOUGHTON FAA AP MI +"	30	silt	native	200	4	13	15	50	130	25	20	inbare	ft
WR	wepp-24307	"08:56 am  Friday April 26, 2013"	"HOUGHTON FAA AP MI +"	30	silt	native	200	4	13	15	50	120	25	20	inbare	ft
WR	wepp-24330	"08:56 am  Friday April 26, 2013"	"HOUGHTON FAA AP MI +"	30	silt	native	200	4	13	15	50	110	25	20	inbare	ft
WR	wepp-24351	"08:56 am  Friday April 26, 2013"	"HOUGHTON FAA AP MI +"	30	silt	native	200	4	13	15	50	105	25	20	inbare	ft
WR	wepp-24372	"08:57 am  Friday April 26, 2013"	"HOUGHTON FAA AP MI +"	30	silt	native	200	4	13	15	50	100	25	20	inbare	ft
WR	wepp-24394	"08:57 am  Friday April 26, 2013"	"HOUGHTON FAA AP MI +"	30	silt	native	200	4	13	15	50	90	25	20	inbare	ft
WR	wepp-24414	"08:57 am  Friday April 26, 2013"	"HOUGHTON FAA AP MI +"	30	silt	native	200	4	13	15	50	95	25	20	inbare	ft
WR	wepp-24454	"08:59 am  Friday April 26, 2013"	"HOUGHTON FAA AP MI +"	30	silt	graveled	200	4	13	15	50	1	25	20	outrut	ft
WD	wepp-24667	"09:04 am  Friday April 26, 2013"	"HOUGHTON FAA AP MI +"	10	clay	OldForest	400	0	30	100	20	OldForest	30	30	5	100	20	0	ft	""
WD	wepp-24709	"09:06 am  Friday April 26, 2013"	"HOUGHTON FAA AP MI +"	10	clay	OldForest	400	0	30	100	20	Bunchgrass	30	30	5	60	20	0	ft	""
WD	wepp-24935	"09:11 am  Friday April 26, 2013"	"HOUGHTON FAA AP MI +"	10	clay	OldForest	400	0	30	100	20	LowFire	30	30	5	85	20	0	ft	""
WD	wepp-24997	"09:12 am  Friday April 26, 2013"	"HOUGHTON FAA AP MI +"	10	clay	HighFire	400	0	30	45	20	LowFire	30	30	5	85	20	0	ft	""
WD	wepp-25314	"09:14 am  Friday April 26, 2013"	"HOUGHTON FAA AP MI +"	10	clay	HighFire	400	0	30	45	20	OldForest	100	30	5	100	20	0	ft	""
WD	wepp-25368	"09:14 am  Friday April 26, 2013"	"HOUGHTON FAA AP MI +"	10	clay	HighFire	400	0	30	45	20	OldForest	110	30	5	100	20	0	ft	""
WD	wepp-25433	"09:15 am  Friday April 26, 2013"	"HOUGHTON FAA AP MI +"	10	clay	HighFire	400	0	30	45	20	OldForest	130	30	5	100	20	0	ft	""
WD	wepp-25483	"09:15 am  Friday April 26, 2013"	"HOUGHTON FAA AP MI +"	10	clay	HighFire	400	0	30	45	20	OldForest	140	30	5	100	20	0	ft	""
WD	wepp-25596	"09:16 am  Friday April 26, 2013"	"HOUGHTON FAA AP MI +"	10	clay	HighFire	400	0	30	45	20	HighFire	30	30	5	45	20	0	ft	""
