WD	wepp-157468	"10:11 am  Friday January 29, 2021"	"TWIN LAKES CA +"	10	sand	HighFire	204.22	52.1	31.8	100	4	HighFire	204.22	29.3	23.2	100	4	0	ft	"1"
WD	wepp-157506	"10:11 am  Friday January 29, 2021"	"TWIN LAKES CA +"	10	sand	LowFire	49.61	19.4	23.2	100	4	LowFire	49.61	23.3	10.4	100	4	0	ft	"2"
WD	wepp-157513	"10:11 am  Friday January 29, 2021"	"TWIN LAKES CA +"	10	sand	LowFire	309.5	37.1	23.2	100	17	LowFire	309.5	13.7	18.3	100	17	0	ft	"3"
WD	wepp-157522	"10:11 am  Friday January 29, 2021"	"TWIN LAKES CA +"	10	loam	LowFire	442.42	27.7	24.8	100	17	LowFire	442.42	22.1	17.6	100	17	0	ft	"4"
WD	wepp-157529	"10:11 am  Friday January 29, 2021"	"TWIN LAKES CA +"	10	sand	HighFire	115.77	17.3	17.1	100	4	HighFire	115.77	17.8	18.5	100	4	0	ft	"5"
WD	wepp-157536	"10:11 am  Friday January 29, 2021"	"TWIN LAKES CA +"	10	sand	HighFire	121.64	19.3	19.5	100	4	HighFire	121.64	22.9	22.2	100	4	0	ft	"6"
WD	wepp-157543	"10:11 am  Friday January 29, 2021"	"TWIN LAKES CA +"	10	sand	HighFire	123.07	18	30	100	4	HighFire	123.07	27.3	22.9	100	4	0	ft	"7"
WD	wepp-157550	"10:11 am  Friday January 29, 2021"	"TWIN LAKES CA +"	10	sand	LowFire	60	17	13.5	100	17	LowFire	60	22.8	32.2	100	17	0	ft	"8"
WD	wepp-157557	"10:11 am  Friday January 29, 2021"	"TWIN LAKES CA +"	10	sand	LowFire	10	24.8	21	100	17	LowFire	10	17.2	13.4	100	17	0	ft	"9"
WD	wepp-157564	"10:11 am  Friday January 29, 2021"	"TWIN LAKES CA +"	10	loam	LowFire	267.24	19	16	100	17	LowFire	267.24	15.1	21.8	100	17	0	ft	"10"
WD	wepp-157571	"10:11 am  Friday January 29, 2021"	"TWIN LAKES CA +"	10	sand	LowFire	89.89	48.1	27.2	100	17	LowFire	89.89	10.4	12.7	100	17	0	ft	"11"
WD	wepp-157578	"10:11 am  Friday January 29, 2021"	"TWIN LAKES CA +"	10	loam	HighFire	172.51	34	34.4	100	17	HighFire	172.51	19.1	15.7	100	17	0	ft	"12"
WD	wepp-157585	"10:11 am  Friday January 29, 2021"	"TWIN LAKES CA +"	10	loam	LowFire	325.78	19	17.8	100	17	LowFire	325.78	12.2	13.4	100	17	0	ft	"13"
WD	wepp-157592	"10:11 am  Friday January 29, 2021"	"TWIN LAKES CA +"	10	loam	HighFire	105.7	21.1	31.4	100	17	HighFire	105.7	28.6	32	100	17	0	ft	"14"
WD	wepp-157599	"10:11 am  Friday January 29, 2021"	"TWIN LAKES CA +"	10	loam	HighFire	92.94	34.2	36.5	100	17	HighFire	92.94	36.7	30.3	100	17	0	ft	"15"
WD	wepp-157606	"10:11 am  Friday January 29, 2021"	"TWIN LAKES CA +"	10	sand	LowFire	30	17.4	21.1	100	17	LowFire	30	22	20.2	100	17	0	ft	"16"
WD	wepp-157613	"10:11 am  Friday January 29, 2021"	"TWIN LAKES CA +"	10	sand	LowFire	33	34.9	31.5	100	4	LowFire	33	17.1	11.8	100	4	0	ft	"17"
WD	wepp-157620	"10:11 am  Friday January 29, 2021"	"TWIN LAKES CA +"	10	loam	HighFire	296.37	34.9	35.8	100	17	HighFire	296.37	29.4	15.6	100	17	0	ft	"18"
WD	wepp-157627	"10:11 am  Friday January 29, 2021"	"TWIN LAKES CA +"	10	loam	HighFire	85.83	17.6	21.4	100	17	HighFire	85.83	23.7	16.6	100	17	0	ft	"19"
WD	wepp-157635	"10:11 am  Friday January 29, 2021"	"TWIN LAKES CA +"	10	sand	HighFire	80.55	9.9	16	100	4	HighFire	80.55	15.2	15.1	100	4	0	ft	"20"
WD	wepp-157642	"10:11 am  Friday January 29, 2021"	"TWIN LAKES CA +"	10	sand	LowFire	59.03	17.2	16.8	100	17	LowFire	59.03	25.5	18.1	100	17	0	ft	"21"
WD	wepp-157649	"10:11 am  Friday January 29, 2021"	"TWIN LAKES CA +"	10	sand	LowFire	73.01	30.5	36.7	100	4	LowFire	73.01	26.6	12.6	100	4	0	ft	"22"
WD	wepp-157656	"10:11 am  Friday January 29, 2021"	"TWIN LAKES CA +"	10	sand	LowFire	105.57	12.2	16.7	100	4	LowFire	105.57	24.5	23.3	100	4	0	ft	"23"
WD	wepp-157663	"10:11 am  Friday January 29, 2021"	"TWIN LAKES CA +"	10	sand	LowFire	151.38	7	13.3	100	4	LowFire	151.38	15.5	20.1	100	4	0	ft	"24"
WD	wepp-157670	"10:11 am  Friday January 29, 2021"	"TWIN LAKES CA +"	10	sand	HighFire	350.85	45.7	32.6	100	4	HighFire	350.85	23.2	19.5	100	4	0	ft	"25"
WD	wepp-157677	"10:11 am  Friday January 29, 2021"	"TWIN LAKES CA +"	10	sand	LowFire	240.22	15	17.1	100	4	LowFire	240.22	12.8	21.8	100	4	0	ft	"26"
WD	wepp-157684	"10:11 am  Friday January 29, 2021"	"TWIN LAKES CA +"	10	loam	HighFire	280.82	28.6	33.9	100	17	HighFire	280.82	21.8	16.4	100	17	0	ft	"27"
WD	wepp-157691	"10:11 am  Friday January 29, 2021"	"TWIN LAKES CA +"	10	loam	HighFire	270.57	49	36.6	100	17	HighFire	270.57	22.5	21.8	100	17	0	ft	"28"
WD	wepp-157698	"10:11 am  Friday January 29, 2021"	"TWIN LAKES CA +"	10	sand	HighFire	101.46	19.9	24.2	100	17	HighFire	101.46	28.9	18.4	100	17	0	ft	"29"
WD	wepp-157705	"10:11 am  Friday January 29, 2021"	"TWIN LAKES CA +"	10	sand	HighFire	111.22	21.3	23.8	100	4	HighFire	111.22	23.8	24.8	100	4	0	ft	"30"
WD	wepp-157712	"10:11 am  Friday January 29, 2021"	"TWIN LAKES CA +"	10	sand	LowFire	156.12	12.7	18.6	100	4	LowFire	156.12	22.4	30.3	100	4	0	ft	"31"
WD	wepp-157719	"10:11 am  Friday January 29, 2021"	"TWIN LAKES CA +"	10	loam	LowFire	297.74	17.6	22.4	100	17	LowFire	297.74	14.9	16.3	100	17	0	ft	"32"
WD	wepp-157726	"10:11 am  Friday January 29, 2021"	"TWIN LAKES CA +"	10	sand	LowFire	33.87	13.5	18.1	100	17	LowFire	33.87	21.7	23.8	100	17	0	ft	"33"
WD	wepp-157733	"10:11 am  Friday January 29, 2021"	"TWIN LAKES CA +"	10	sand	HighFire	19.61	16.6	19.6	100	17	HighFire	19.61	22.6	25.3	100	17	0	ft	"34"
WD	wepp-157740	"10:11 am  Friday January 29, 2021"	"TWIN LAKES CA +"	10	loam	LowFire	270.6	41.7	32.8	100	17	LowFire	270.6	23.3	14.5	100	17	0	ft	"35"
WD	wepp-157747	"10:11 am  Friday January 29, 2021"	"TWIN LAKES CA +"	10	loam	LowFire	188.26	20.1	30.8	100	17	LowFire	188.26	22.7	13.1	100	17	0	ft	"36"
WD	wepp-157754	"10:11 am  Friday January 29, 2021"	"TWIN LAKES CA +"	10	loam	LowFire	234.6	48	19.5	100	17	LowFire	234.6	17	13	100	17	0	ft	"37"
WD	wepp-157761	"10:11 am  Friday January 29, 2021"	"TWIN LAKES CA +"	10	sand	LowFire	309.88	17.2	17.1	100	4	LowFire	309.88	12.3	11.3	100	4	0	ft	"38"
WD	wepp-157768	"10:11 am  Friday January 29, 2021"	"TWIN LAKES CA +"	10	sand	LowFire	38.38	14.9	21.9	100	4	LowFire	38.38	20.3	14	100	4	0	ft	"39"
WD	wepp-157775	"10:11 am  Friday January 29, 2021"	"TWIN LAKES CA +"	10	sand	LowFire	309.99	19.8	17.2	100	4	LowFire	309.99	10.6	14.7	100	4	0	ft	"40"
WD	wepp-157782	"10:11 am  Friday January 29, 2021"	"TWIN LAKES CA +"	10	sand	LowFire	290.74	9.9	15.4	100	4	LowFire	290.74	14	9.7	100	4	0	ft	"41"
WD	wepp-157789	"10:11 am  Friday January 29, 2021"	"TWIN LAKES CA +"	10	sand	LowFire	80.36	8.5	10.4	100	4	LowFire	80.36	18.5	19.4	100	4	0	ft	"42"
WD	wepp-157796	"10:11 am  Friday January 29, 2021"	"TWIN LAKES CA +"	10	sand	LowFire	98.03	23.7	21.5	100	4	LowFire	98.03	19.9	17.8	100	4	0	ft	"43"
WE	wepp-159896	"11:42 am  Friday January 29, 2021"	"TWIN LAKES CA +"	sand	5	forest	33.23	37.32	8.47	408.4414	h			ft
WE	wepp-160100	"11:43 am  Friday January 29, 2021"	"TWIN LAKES CA +"	sand	5	forest	17	26.76	6.32	99.21655	l			ft
WE	wepp-160190	"11:43 am  Friday January 29, 2021"	"TWIN LAKES CA +"	sand	17	chap	33.7	25.88	16.15	618.9938	l	80	0	ft
WE	wepp-160283	"11:43 am  Friday January 29, 2021"	"TWIN LAKES CA +"	loam	17	forest	24.75	25.31	6.26	884.8353	l			ft
WE	wepp-160373	"11:43 am  Friday January 29, 2021"	"TWIN LAKES CA +"	sand	5	forest	18.39	19.79	17.44	231.534	h			ft
WE	wepp-160602	"11:44 am  Friday January 29, 2021"	"TWIN LAKES CA +"	sand	5	forest	21.68	23.43	15.29	243.2708	h			ft
WE	wepp-160818	"11:44 am  Friday January 29, 2021"	"TWIN LAKES CA +"	sand	5	forest	6.33	27.18	13.64	246.1384	h			ft
WE	wepp-161021	"11:45 am  Friday January 29, 2021"	"TWIN LAKES CA +"	sand	17	chap	19.56	33.29	33.03	120	m	80	0	ft
WE	wepp-161183	"11:45 am  Friday January 29, 2021"	"TWIN LAKES CA +"	sand	17	forest	26.67	19.11	11.55	20	m			ft
WE	wepp-161314	"11:45 am  Friday January 29, 2021"	"TWIN LAKES CA +"	loam	17	forest	10.37	20.1	25.3	534.4733	m			ft
WE	wepp-161455	"11:46 am  Friday January 29, 2021"	"TWIN LAKES CA +"	sand	17	chap	45	27.75	13.76	179.7732	l	80	0	ft
WE	wepp-161573	"11:46 am  Friday January 29, 2021"	"TWIN LAKES CA +"	loam	17	forest	12.67	28.18	17.03	345.0193	h			ft
WE	wepp-161746	"11:46 am  Friday January 29, 2021"	"TWIN LAKES CA +"	loam	17	forest	15.79	17.34	13.08	651.5578	l			ft
WE	wepp-161866	"11:46 am  Friday January 29, 2021"	"TWIN LAKES CA +"	loam	17	forest	17.44	31.25	27.97	211.4012	h			ft
WE	wepp-162048	"11:47 am  Friday January 29, 2021"	"TWIN LAKES CA +"	loam	17	forest	30.88	40.64	24.42	185.8872	h			ft
WE	wepp-162250	"11:47 am  Friday January 29, 2021"	"TWIN LAKES CA +"	sand	17	forest	16.26	58.5	19.94	60	m			ft
WE	wepp-162409	"11:48 am  Friday January 29, 2021"	"TWIN LAKES CA +"	sand	5	forest	35.83	47.12	9.72	66	m			ft
WE	wepp-162575	"11:48 am  Friday January 29, 2021"	"TWIN LAKES CA +"	loam	17	forest	24.33	31.54	7.5	592.7466	l			ft
WE	wepp-162666	"11:48 am  Friday January 29, 2021"	"TWIN LAKES CA +"	loam	17	forest	11.67	22.38	15.38	171.6517	l			ft
WE	wepp-162756	"11:48 am  Friday January 29, 2021"	"TWIN LAKES CA +"	sand	5	forest	8.01	15.52	10.87	161.1033	l			ft
WE	wepp-162852	"11:49 am  Friday January 29, 2021"	"TWIN LAKES CA +"	sand	17	forest	12.49	24.74	13.01	118.0509	m			ft
WE	wepp-162984	"11:49 am  Friday January 29, 2021"	"TWIN LAKES CA +"	sand	5	forest	27	33.1	11.11	146.0103	l			ft
WE	wepp-163075	"11:49 am  Friday January 29, 2021"	"TWIN LAKES CA +"	sand	5	forest	8.25	21.8	16.35	211.14	m			ft
WE	wepp-163205	"11:49 am  Friday January 29, 2021"	"TWIN LAKES CA +"	sand	5	forest	14.14	15.49	9.1	302.7503	m			ft
WE	wepp-163345	"11:50 am  Friday January 29, 2021"	"TWIN LAKES CA +"	sand	5	forest	33.23	33.38	12.26	701.705	h			ft
WE	wepp-163516	"11:50 am  Friday January 29, 2021"	"TWIN LAKES CA +"	sand	5	forest	1.33	18.17	15.92	480.4466	m			ft
WE	wepp-163646	"11:50 am  Friday January 29, 2021"	"TWIN LAKES CA +"	loam	17	forest	6.6	27.39	18.13	561.6462	h			ft
WE	wepp-163817	"11:51 am  Friday January 29, 2021"	"TWIN LAKES CA +"	loam	17	forest	22.16	35.5	15.74	541.1339	h			ft
WE	wepp-163998	"11:51 am  Friday January 29, 2021"	"TWIN LAKES CA +"	sand	17	forest	17.67	25.44	19.98	202.9252	h			ft
WE	wepp-164179	"11:52 am  Friday January 29, 2021"	"TWIN LAKES CA +"	sand	5	forest	21.33	26.82	20.01	222.4317	m			ft
WE	wepp-164311	"11:52 am  Friday January 29, 2021"	"TWIN LAKES CA +"	sand	5	forest	3.77	22.87	17.67	312.2398	m			ft
WE	wepp-164452	"11:52 am  Friday January 29, 2021"	"TWIN LAKES CA +"	loam	17	forest	15.33	19.9	19.99	595.4778	l			ft
WE	wepp-164580	"11:52 am  Friday January 29, 2021"	"TWIN LAKES CA +"	sand	17	chap	12.73	24.72	24.66	67.74252	l	80	0	ft
WE	wepp-164672	"11:53 am  Friday January 29, 2021"	"TWIN LAKES CA +"	sand	17	chap	17	26.35	26	39.21935	h	80	0	ft
WE	wepp-164847	"11:53 am  Friday January 29, 2021"	"TWIN LAKES CA +"	loam	17	forest	35.35	31.16	12.96	541.208	l			ft
WE	wepp-164965	"11:53 am  Friday January 29, 2021"	"TWIN LAKES CA +"	loam	17	forest	7.54	23.46	9.35	376.526	l			ft
WE	wepp-165056	"11:54 am  Friday January 29, 2021"	"TWIN LAKES CA +"	loam	17	forest	43.84	27.33	8.16	469.1981	l			ft
WE	wepp-165146	"11:54 am  Friday January 29, 2021"	"TWIN LAKES CA +"	sand	5	forest	2.36	15.67	9.9	619.7582	l			ft
WE	wepp-165237	"11:54 am  Friday January 29, 2021"	"TWIN LAKES CA +"	sand	5	forest	7.54	24.78	12.8	76.75835	l			ft
WE	wepp-165327	"11:54 am  Friday January 29, 2021"	"TWIN LAKES CA +"	sand	5	forest	7.78	17.1	12.04	619.9713	m			ft
WE	wepp-165464	"11:55 am  Friday January 29, 2021"	"TWIN LAKES CA +"	sand	5	forest	2.36	13.39	12.23	581.4788	m			ft
WE	wepp-165596	"11:55 am  Friday January 29, 2021"	"TWIN LAKES CA +"	sand	5	forest	9.66	17.07	19.25	160.7274	m			ft
WE	wepp-165727	"11:55 am  Friday January 29, 2021"	"TWIN LAKES CA +"	sand	5	forest	24.98	25.26	15.19	196.0521	l			ft
WE	wepp-166866	"12:43 pm  Friday January 29, 2021"	"TWIN LAKES CA +"	sand	5	forest	33.23	37.32	8.47	408.4414	m			ft
WE	wepp-167025	"12:44 pm  Friday January 29, 2021"	"TWIN LAKES CA +"	sand	5	forest	17	26.76	6.32	99.21655	l			ft
WE	wepp-167171	"12:44 pm  Friday January 29, 2021"	"TWIN LAKES CA +"	sand	17	chap	33.7	25.88	16.15	618.9938	l	80	0	ft
WE	wepp-167271	"12:44 pm  Friday January 29, 2021"	"TWIN LAKES CA +"	loam	17	forest	24.75	25.31	6.26	884.8353	l			ft
WE	wepp-167366	"12:44 pm  Friday January 29, 2021"	"TWIN LAKES CA +"	sand	5	forest	18.39	19.79	17.44	231.534	m			ft
WE	wepp-167504	"12:44 pm  Friday January 29, 2021"	"TWIN LAKES CA +"	sand	5	forest	21.68	23.43	15.29	243.2708	m			ft
WE	wepp-167639	"12:45 pm  Friday January 29, 2021"	"TWIN LAKES CA +"	sand	5	forest	6.33	27.18	13.64	246.1384	m			ft
WE	wepp-167773	"12:45 pm  Friday January 29, 2021"	"TWIN LAKES CA +"	sand	17	chap	19.56	33.29	33.03	120	l	80	0	ft
WE	wepp-167863	"12:45 pm  Friday January 29, 2021"	"TWIN LAKES CA +"	sand	17	forest	26.67	19.11	11.55	20	l			ft
WE	wepp-167956	"12:45 pm  Friday January 29, 2021"	"TWIN LAKES CA +"	loam	17	forest	10.37	20.1	25.3	534.4733	l			ft
WE	wepp-168051	"12:46 pm  Friday January 29, 2021"	"TWIN LAKES CA +"	sand	17	chap	45	27.75	13.76	179.7732	l	80	0	ft
WE	wepp-168141	"12:46 pm  Friday January 29, 2021"	"TWIN LAKES CA +"	loam	17	forest	12.67	28.18	17.03	345.0193	m			ft
WE	wepp-168288	"12:46 pm  Friday January 29, 2021"	"TWIN LAKES CA +"	loam	17	forest	15.79	17.34	13.08	651.5578	l			ft
WE	wepp-168382	"12:46 pm  Friday January 29, 2021"	"TWIN LAKES CA +"	loam	17	forest	17.44	31.25	27.97	211.4012	m			ft
WE	wepp-168523	"12:47 pm  Friday January 29, 2021"	"TWIN LAKES CA +"	loam	17	forest	30.88	40.64	24.42	185.8872	m			ft
WE	wepp-168655	"12:47 pm  Friday January 29, 2021"	"TWIN LAKES CA +"	sand	17	forest	16.26	58.5	19.94	60	l			ft
WE	wepp-168748	"12:47 pm  Friday January 29, 2021"	"TWIN LAKES CA +"	sand	5	forest	35.83	47.12	9.72	66	l			ft
WE	wepp-168840	"12:47 pm  Friday January 29, 2021"	"TWIN LAKES CA +"	loam	17	forest	24.33	31.54	7.5	592.7466	l			ft
WE	wepp-168931	"12:48 pm  Friday January 29, 2021"	"TWIN LAKES CA +"	loam	17	forest	11.67	22.38	15.38	171.6517	l			ft
WE	wepp-169021	"12:48 pm  Friday January 29, 2021"	"TWIN LAKES CA +"	sand	5	forest	8.01	15.52	10.87	161.1033	l			ft
WE	wepp-169111	"12:48 pm  Friday January 29, 2021"	"TWIN LAKES CA +"	sand	17	forest	12.49	24.74	13.01	118.0509	l			ft
WE	wepp-169209	"12:48 pm  Friday January 29, 2021"	"TWIN LAKES CA +"	sand	5	forest	27	33.1	11.11	146.0103	l			ft
WE	wepp-169299	"12:48 pm  Friday January 29, 2021"	"TWIN LAKES CA +"	sand	5	forest	8.25	21.8	16.35	211.14	l			ft
WE	wepp-169399	"12:49 pm  Friday January 29, 2021"	"TWIN LAKES CA +"	sand	5	forest	14.14	15.49	9.1	302.7503	l			ft
WE	wepp-169489	"12:49 pm  Friday January 29, 2021"	"TWIN LAKES CA +"	sand	5	forest	33.23	33.38	12.26	701.705	m			ft
WE	wepp-169620	"12:49 pm  Friday January 29, 2021"	"TWIN LAKES CA +"	sand	5	forest	1.33	18.17	15.92	480.4466	l			ft
WE	wepp-169710	"12:49 pm  Friday January 29, 2021"	"TWIN LAKES CA +"	loam	17	forest	6.6	27.39	18.13	561.6462	m			ft
WE	wepp-169841	"12:49 pm  Friday January 29, 2021"	"TWIN LAKES CA +"	loam	17	forest	22.16	35.5	15.74	541.1339	m			ft
WE	wepp-169975	"12:50 pm  Friday January 29, 2021"	"TWIN LAKES CA +"	sand	17	forest	17.67	25.44	19.98	202.9252	m			ft
WE	wepp-170116	"12:50 pm  Friday January 29, 2021"	"TWIN LAKES CA +"	sand	5	forest	21.33	26.82	20.01	222.4317	l			ft
WE	wepp-170206	"12:50 pm  Friday January 29, 2021"	"TWIN LAKES CA +"	sand	5	forest	3.77	22.87	17.67	312.2398	l			ft
WE	wepp-170297	"12:50 pm  Friday January 29, 2021"	"TWIN LAKES CA +"	loam	17	forest	15.33	19.9	19.99	595.4778	l			ft
WE	wepp-170389	"12:51 pm  Friday January 29, 2021"	"TWIN LAKES CA +"	sand	17	chap	12.73	24.72	24.66	67.74252	l	80	0	ft
WE	wepp-170479	"12:51 pm  Friday January 29, 2021"	"TWIN LAKES CA +"	sand	17	chap	17	26.35	26	39.21935	m	80	0	ft
WE	wepp-170610	"12:51 pm  Friday January 29, 2021"	"TWIN LAKES CA +"	loam	17	forest	35.35	31.16	12.96	541.208	l			ft
WE	wepp-170700	"12:51 pm  Friday January 29, 2021"	"TWIN LAKES CA +"	loam	17	forest	7.54	23.46	9.35	376.526	l			ft
WE	wepp-170791	"12:52 pm  Friday January 29, 2021"	"TWIN LAKES CA +"	loam	17	forest	43.84	27.33	8.16	469.1981	l			ft
WE	wepp-170881	"12:52 pm  Friday January 29, 2021"	"TWIN LAKES CA +"	sand	5	forest	2.36	15.67	9.9	619.7582	l			ft
WE	wepp-170972	"12:52 pm  Friday January 29, 2021"	"TWIN LAKES CA +"	sand	5	forest	7.54	24.78	12.8	76.75835	l			ft
WE	wepp-171062	"12:52 pm  Friday January 29, 2021"	"TWIN LAKES CA +"	sand	5	forest	7.78	17.1	12.04	619.9713	l			ft
WE	wepp-171152	"12:52 pm  Friday January 29, 2021"	"TWIN LAKES CA +"	sand	5	forest	2.36	13.39	12.23	581.4788	l			ft
WE	wepp-171243	"12:53 pm  Friday January 29, 2021"	"TWIN LAKES CA +"	sand	5	forest	9.66	17.07	19.25	160.7274	l			ft
WE	wepp-171333	"12:53 pm  Friday January 29, 2021"	"TWIN LAKES CA +"	sand	5	forest	24.98	25.26	15.19	196.0521	l			ft
