WD	wepp-228933	"11:44 am  Sunday February 14, 2016"	"BIRMINGHAM WB AP AL"	10	clay	OldForest	50	0	30	100	20	OldForest	50	30	5	100	20	0	m	""
WD	wepp-229062	"11:48 am  Sunday February 14, 2016"	"BIRMINGHAM WB AP AL"	10	clay	OldForest	50	0	30	100	20	OldForest	50	30	5	100	20	0	m	""
WD	wepp-143826	"03:25 pm  Thursday February 18, 2016"	"DILLON 1 S CO"	10	clay	OldForest	50	0	30	100	20	OldForest	50	30	5	100	20	0	ft	""
WD	wepp-143867	"03:25 pm  Thursday February 18, 2016"	"DILLON 1 S CO"	10	clay	OldForest	50	0	30	100	20	OldForest	50	30	5	100	20	0	m	""
WD	wepp-197976	"10:43 am  Friday February 19, 2016"	"DILLON 1 S CO"	10	sand	Skid	400	0.5	13	25	25	Skid	400	13	0.5	60	25	0	m	"Scenario 1"
WD	wepp-198026	"10:44 am  Friday February 19, 2016"	"DILLON 1 S CO"	10	sand	Skid	400	29	29	60	25	Skid	400	29	29	60	25	0	m	"Scenario 1"
WD	wepp-198083	"10:45 am  Friday February 19, 2016"	"DILLON 1 S CO"	10	sand	OldForest	400	29	29	100	25	OldForest	400	29	29	100	25	0	m	"Scenario 1"
WD	wepp-198124	"10:46 am  Friday February 19, 2016"	"DILLON 1 S CO"	10	sand	Skid	400	29	29	25	25	Skid	400	29	29	25	25	0	m	"Scenario 1"
WD	wepp-198163	"10:46 am  Friday February 19, 2016"	"DILLON 1 S CO"	10	sand	Skid	400	29	29	50	50	Skid	400	29	29	25	50	0	m	"Scenario 1"
WD	wepp-198204	"10:46 am  Friday February 19, 2016"	"DILLON 1 S CO"	30	sand	Skid	400	29	29	50	50	Skid	400	29	29	25	50	0	m	"Scenario 1"
WD	wepp-198247	"10:47 am  Friday February 19, 2016"	"DILLON 1 S CO"	30	sand	Skid	400	29	29	0	50	Skid	400	29	29	0	50	0	m	"Scenario 1"
WD	wepp-198497	"10:48 am  Friday February 19, 2016"	"DILLON 1 S CO"	30	sand	Skid	400	0.5	13	25	25	Skid	400	13	0.5	0	25	0	m	"Scenario 1"
WD	wepp-198536	"10:48 am  Friday February 19, 2016"	"DILLON 1 S CO"	30	sand	Skid	400	0.5	13	0	25	Skid	400	13	0.5	0	25	0	m	"Scenario 1"
WD	wepp-198623	"10:52 am  Friday February 19, 2016"	"DILLON 1 S CO"	30	sand	Skid	400	29	29	0	25	Skid	400	29	29	0	25	0	m	"Scenario 1"
WD	wepp-198673	"10:52 am  Friday February 19, 2016"	"DILLON 1 S CO"	30	sand	OldForest	400	29	29	100	25	OldForest	400	29	29	100	25	0	m	"Scenario 1"
WD	wepp-198721	"10:53 am  Friday February 19, 2016"	"DILLON 1 S CO"	30	sand	OldForest	400	0.5	13	100	25	OldForest	400	13	0.5	100	25	0	m	"Scenario 1"
WD	wepp-198760	"10:53 am  Friday February 19, 2016"	"DILLON 1 S CO"	30	sand	OldForest	400	0.5	13	60	25	OldForest	400	13	0.5	60	25	0	m	"Scenario 1"
WD	wepp-119589	"10:07 am  Monday February 22, 2016"	"DILLON 1 S CO"	30	sand	Skid	50	0.5	13	0	25	Skid	50	13	0.5	0	25	0	ft	""
WD	wepp-120421	"10:08 am  Monday February 22, 2016"	"DILLON 1 S CO"	30	sand	Skid	50	0.5	13	25	25	Skid	50	13	0.5	0	25	0	m	""
WD	wepp-120803	"10:09 am  Monday February 22, 2016"	"DILLON 1 S CO"	100	sand	Skid	50	0.5	13	25	25	Skid	50	13	0.5	0	25	0	m	""
WD	wepp-121130	"10:09 am  Monday February 22, 2016"	"DILLON 1 S CO"	30	sand	Skid	50	0.5	13	0	25	Skid	50	13	0.5	0	25	0	m	""
WD	wepp-121314	"10:09 am  Monday February 22, 2016"	"DILLON 1 S CO"	100	sand	Skid	50	0.5	13	0	25	Skid	50	13	0.5	0	25	0	m	""
WD	wepp-121722	"10:10 am  Monday February 22, 2016"	"DILLON 1 S CO"	30	sand	Skid	50	0.5	13	0	25	Skid	50	13	0.5	0	25	0	m	""
WD	wepp-210398	"01:31 pm  Friday March 4, 2016"	"DILLON 1 S CO"	30	sand	Skid	400	0.5	13	0	25	Skid	400	13	0.5	0	25	0	m	"scenario 1"
WD	wepp-210501	"01:36 pm  Friday March 4, 2016"	"DILLON 1 S CO"	30	sand	Skid	400	29	29	0	25	Skid	400	29	29	0	25	0	m	"scenario 1"
WD	wepp-210616	"01:38 pm  Friday March 4, 2016"	"DILLON 1 S CO"	30	sand	OldForest	400	29	29	100	25	OldForest	400	29	29	100	25	0	m	"scenario 1"
WD	wepp-210667	"01:39 pm  Friday March 4, 2016"	"DILLON 1 S CO"	30	sand	OldForest	400	0.5	13	100	25	OldForest	400	13	0.5	100	25	0	m	"scenario 1"
WD	wepp-88693	"12:28 pm  Monday March 7, 2016"	"DILLON 1 S CO"	10	clay	OldForest	50	0	30	100	20	OldForest	50	30	5	100	20	0	m	""
