WD	wepp-133491	"02:22 pm  Friday November 6, 2020"	""				0	0	0	0	0		0	0	0	0	0	0		""
WD	wepp-133843	"02:30 pm  Friday November 6, 2020"	"ESTES PARK 1N CO"	10	sand	HighFire	100	20	20	45	20	HighFire	100	20	20	45	20	0	m	""
WD	wepp-133888	"02:30 pm  Friday November 6, 2020"	"ESTES PARK 1N CO"	100	sand	HighFire	100	20	20	5	20	HighFire	100	20	20	5	20	0	m	""
WD	wepp-80418	"07:56 am  Tuesday November 10, 2020"	"SAN JOSE CA"	100	sand	OldForest	100	20	20	5	20	HighFire	100	20	20	5	20	0	ft	""
WD	wepp-80488	"07:58 am  Tuesday November 10, 2020"	"SAN JOSE CA"	100	sand	OldForest	100	40	40	5	20	HighFire	100	40	40	5	20	0	ft	""
WD	wepp-80632	"07:59 am  Tuesday November 10, 2020"	"SAN JOSE CA"	100	sand	OldForest	100	60	60	5	20	HighFire	100	60	60	5	20	0	ft	""
WD	wepp-80681	"08:00 am  Tuesday November 10, 2020"	"SAN JOSE CA"	100	sand	OldForest	100	80	80	5	20	HighFire	100	80	80	5	20	0	ft	""
WD	wepp-80772	"08:03 am  Tuesday November 10, 2020"	"SAN JOSE CA"	10	sand	HighFire	100	20	20	45	20	HighFire	100	20	20	45	20	0	m	""
WD	wepp-80810	"08:03 am  Tuesday November 10, 2020"	"SAN JOSE CA"	100	sand	HighFire	100	20	20	45	20	HighFire	100	20	20	45	20	0	m	""
WD	wepp-80850	"08:03 am  Tuesday November 10, 2020"	"SAN JOSE CA"	100	sand	HighFire	100	20	20	5	20	HighFire	100	20	20	5	20	0	m	""
WD	wepp-80896	"08:05 am  Tuesday November 10, 2020"	"SAN JOSE CA"	100	sand	HighFire	100	40	40	5	20	HighFire	100	40	40	5	20	0	m	""
WD	wepp-80933	"08:05 am  Tuesday November 10, 2020"	"SAN JOSE CA"	100	sand	HighFire	100	40	40	5	20	HighFire	100	40	40	5	20	0	m	""
WD	wepp-81005	"08:07 am  Tuesday November 10, 2020"	"SAN JOSE CA"	100	sand	HighFire	100	60	60	5	20	HighFire	100	60	60	5	20	0	m	""
WD	wepp-81126	"08:10 am  Tuesday November 10, 2020"	"SAN JOSE CA"	100	sand	HighFire	100	80	80	5	20	HighFire	100	80	80	5	20	0	m	""
WD	wepp-81175	"08:11 am  Tuesday November 10, 2020"	"SAN JOSE CA"	100	clay	HighFire	100	40	40	5	20	HighFire	100	40	40	5	20	0	m	""
WD	wepp-81247	"08:14 am  Tuesday November 10, 2020"	"SAN JOSE CA"	100	sand	LowFire	100	40	40	50	20	LowFire	100	40	40	50	20	0	m	""
WD	wepp-81427	"08:15 am  Tuesday November 10, 2020"	"SAN JOSE CA"	100	sand	OldForest	100	40	40	100	20	OldForest	100	40	40	100	20	0	m	""
WD	wepp-81506	"08:18 am  Tuesday November 10, 2020"	"ESTES PARK 1N CO"	100	sand	HighFire	100	20	20	5	20	HighFire	100	20	20	5	20	0	m	""
WD	wepp-81553	"08:20 am  Tuesday November 10, 2020"	"ESTES PARK 1N CO"	100	sand	HighFire	100	40	40	5	20	HighFire	100	40	40	5	20	0	m	""
WD	wepp-81594	"08:21 am  Tuesday November 10, 2020"	"ESTES PARK 1N CO"	100	sand	HighFire	100	60	60	5	20	HighFire	100	60	60	5	20	0	m	""
WD	wepp-81630	"08:21 am  Tuesday November 10, 2020"	"ESTES PARK 1N CO"	100	sand	HighFire	100	80	80	5	20	HighFire	100	80	80	5	20	0	m	""
WD	wepp-81667	"08:22 am  Tuesday November 10, 2020"	"ESTES PARK 1N CO"	100	clay	HighFire	100	40	40	5	20	HighFire	100	40	40	5	20	0	m	""
WD	wepp-81743	"08:24 am  Tuesday November 10, 2020"	"ESTES PARK 1N CO"	100	sand	LowFire	100	40	40	50	20	LowFire	100	40	40	50	20	0	m	""
WD	wepp-81804	"08:25 am  Tuesday November 10, 2020"	"ESTES PARK 1N CO"	100	sand	OldForest	100	40	40	100	20	OldForest	100	40	40	100	20	0	m	""
WD	wepp-81857	"08:27 am  Tuesday November 10, 2020"	"SAN JOSE CA"	100	sand	HighFire	100	20	20	5	20	HighFire	100	20	20	5	20	0	m	""
WD	wepp-81911	"08:27 am  Tuesday November 10, 2020"	"SAN JOSE CA"	100	sand	HighFire	100	40	40	5	20	HighFire	100	40	40	5	20	0	m	""
WD	wepp-81957	"08:28 am  Tuesday November 10, 2020"	"SAN JOSE CA"	100	sand	HighFire	100	60	60	5	20	HighFire	100	60	60	5	20	0	m	""
WD	wepp-82074	"08:31 am  Tuesday November 10, 2020"	"SAN JOSE CA"	100	sand	HighFire	100	80	80	5	20	HighFire	100	80	80	5	20	0	m	""
WD	wepp-82112	"08:32 am  Tuesday November 10, 2020"	"SAN JOSE CA"	100	clay	HighFire	100	40	40	5	20	HighFire	100	40	40	5	20	0	m	""
WD	wepp-82153	"08:33 am  Tuesday November 10, 2020"	"SAN JOSE CA"	100	sand	LowFire	100	40	40	50	20	LowFire	100	40	40	50	20	0	m	""
WD	wepp-82203	"08:34 am  Tuesday November 10, 2020"	"SAN JOSE CA"	100	sand	OldForest	100	40	40	100	20	OldForest	100	40	40	100	20	0	m	""
