WR	wepp-196187	"10:57 am  Monday April 8, 2019"	"PALESTINE WB CITY TX"	30	clay	native	196	9	18	20	50	130	25	20	inbare	ft
WR	wepp-196494	"11:12 am  Monday April 8, 2019"	"PALESTINE WB CITY TX"	30	silt	native	196	9	18	20	50	130	25	20	inbare	ft
WR	wepp-196530	"11:12 am  Monday April 8, 2019"	"PALESTINE WB CITY TX"	30	silt	native	200	4	13	15	50	130	25	20	inbare	ft
WR	wepp-196575	"11:13 am  Monday April 8, 2019"	"PALESTINE WB CITY TX"	30	silt	native	196	9	18	20	50	130	25	20	inbare	ft
WR	wepp-198610	"12:51 pm  Monday April 8, 2019"	"PALESTINE WB CITY TX"	30	silt	graveled	196	9	18	20	50	130	25	20	inbare	ft
WR	wepp-198662	"12:52 pm  Monday April 8, 2019"	"PALESTINE WB CITY TX"	30	silt	graveled	196	9	18	20	50	130	25	20	inbare	ft
WR	wepp-198757	"12:58 pm  Monday April 8, 2019"	"PALESTINE WB CITY TX"	30	silt	native	100	9	18	20	50	130	25	20	inbare	ft
WR	wepp-198988	"01:06 pm  Monday April 8, 2019"	"PALESTINE WB CITY TX"	30	silt	native	100	9	18	20	50	130	25	20	inveg	ft
WR	wepp-199297	"01:20 pm  Monday April 8, 2019"	"PALESTINE WB CITY TX"	30	silt	graveled	100	9	18	20	50	130	25	20	inbare	ft
WR	wepp-199414	"01:24 pm  Monday April 8, 2019"	"PALESTINE WB CITY TX"	30	silt	graveled	100	9	18	20	50	130	25	20	inveg	ft
WR	wepp-200145	"01:58 pm  Monday April 8, 2019"	"PALESTINE WB CITY TX"	30	silt	native	300	13.5	18	20	50	130	25	20	inveg	ft
WR	wepp-200331	"02:03 pm  Monday April 8, 2019"	"PALESTINE WB CITY TX"	30	silt	native	300	13.5	18	20	50	130	25	20	inbare	ft
WR	wepp-200375	"02:03 pm  Monday April 8, 2019"	"PALESTINE WB CITY TX"	30	silt	native	300	13.5	18	20	50	130	25	20	inbare	ft
WR	wepp-200483	"02:05 pm  Monday April 8, 2019"	"PALESTINE WB CITY TX"	30	silt	native	120	13.5	18	20	50	130	25	20	inbare	ft
WR	wepp-200552	"02:08 pm  Monday April 8, 2019"	"PALESTINE WB CITY TX"	30	silt	native	40	13.5	18	20	50	130	25	20	inbare	ft
WR	wepp-200721	"02:12 pm  Monday April 8, 2019"	"PALESTINE WB CITY TX"	30	silt	native	120	13.5	18	20	50	130	25	20	inveg	ft
WR	wepp-201089	"02:19 pm  Monday April 8, 2019"	"PALESTINE WB CITY TX"	30	silt	native	40	13.5	18	20	50	130	25	20	inveg	ft
WR	wepp-201180	"02:22 pm  Monday April 8, 2019"	"PALESTINE WB CITY TX"	30	silt	graveled	120	13.5	18	20	50	130	25	20	inbare	ft
WR	wepp-201261	"02:25 pm  Monday April 8, 2019"	"PALESTINE WB CITY TX"	30	silt	graveled	40	13.5	18	20	50	130	25	20	inbare	ft
WR	wepp-201354	"02:27 pm  Monday April 8, 2019"	"PALESTINE WB CITY TX"	30	silt	graveled	120	13.5	18	20	50	130	25	20	inveg	ft
WR	wepp-201457	"02:28 pm  Monday April 8, 2019"	"PALESTINE WB CITY TX"	30	silt	graveled	40	13.5	18	20	50	130	25	20	inveg	ft
WR	wepp-201883	"02:39 pm  Monday April 8, 2019"	"PALESTINE WB CITY TX"	30	silt	native	350	2.2	18	20	50	130	25	20	inbare	ft
WR	wepp-202000	"02:43 pm  Monday April 8, 2019"	"PALESTINE WB CITY TX"	30	silt	native	250	2.2	18	20	50	130	25	20	inbare	ft
WR	wepp-202044	"02:43 pm  Monday April 8, 2019"	"PALESTINE WB CITY TX"	30	silt	native	175	2.2	18	20	50	130	25	20	inbare	ft
WR	wepp-202114	"02:45 pm  Monday April 8, 2019"	"PALESTINE WB CITY TX"	30	silt	native	100	2.2	18	20	50	130	25	20	inbare	ft
WR	wepp-202275	"02:49 pm  Monday April 8, 2019"	"PALESTINE WB CITY TX"	30	silt	native	350	2.2	18	20	50	130	25	20	inbare	ft
WR	wepp-202323	"02:50 pm  Monday April 8, 2019"	"PALESTINE WB CITY TX"	30	silt	native	175	2.2	18	20	50	130	25	20	inbare	ft
WR	wepp-202365	"02:51 pm  Monday April 8, 2019"	"PALESTINE WB CITY TX"	30	silt	native	175	2.2	18	20	50	130	25	20	inveg	ft
WR	wepp-202455	"02:56 pm  Monday April 8, 2019"	"PALESTINE WB CITY TX"	30	silt	graveled	175	2.2	18	20	50	130	25	20	inbare	ft
WR	wepp-202648	"03:02 pm  Monday April 8, 2019"	"PALESTINE WB CITY TX"	30	silt	graveled	175	2.2	18	20	50	130	25	20	inveg	ft
WR	wepp-202800	"03:09 pm  Monday April 8, 2019"	"PALESTINE WB CITY TX"	30	silt	native	430	8.5	18	20	50	130	25	20	inbare	ft
WR	wepp-202991	"03:16 pm  Monday April 8, 2019"	"PALESTINE WB CITY TX"	30	silt	native	150	8.5	18	20	50	130	25	20	inbare	ft
WR	wepp-203056	"03:17 pm  Monday April 8, 2019"	"PALESTINE WB CITY TX"	30	silt	native	130	8.5	18	20	50	130	25	20	inbare	ft
WR	wepp-203295	"03:24 pm  Monday April 8, 2019"	"PALESTINE WB CITY TX"	30	silt	native	150	8.5	18	20	50	130	25	20	inveg	ft
WR	wepp-203363	"03:25 pm  Monday April 8, 2019"	"PALESTINE WB CITY TX"	30	silt	native	130	8.5	18	20	50	130	25	20	inveg	ft
WR	wepp-203484	"03:27 pm  Monday April 8, 2019"	"PALESTINE WB CITY TX"	30	silt	graveled	150	8.5	18	20	50	130	25	20	inbare	ft
WR	wepp-203528	"03:29 pm  Monday April 8, 2019"	"PALESTINE WB CITY TX"	30	silt	graveled	130	8.5	18	20	50	130	25	20	inbare	ft
WR	wepp-203645	"03:31 pm  Monday April 8, 2019"	"PALESTINE WB CITY TX"	30	silt	graveled	150	8.5	18	20	50	130	25	20	inveg	ft
WR	wepp-203688	"03:32 pm  Monday April 8, 2019"	"PALESTINE WB CITY TX"	30	silt	graveled	130	8.5	18	20	50	130	25	20	inveg	ft
WR	wepp-204036	"03:45 pm  Monday April 8, 2019"	"PALESTINE WB CITY TX"	30	silt	native	110	9.25	18	20	50	130	25	20	inbare	ft
WR	wepp-204218	"03:49 pm  Monday April 8, 2019"	"PALESTINE WB CITY TX"	30	silt	native	220	9.25	18	20	50	130	25	20	inbare	ft
WR	wepp-204328	"03:53 pm  Monday April 8, 2019"	"PALESTINE WB CITY TX"	30	silt	native	110	9.25	18	20	50	130	25	20	inbare	ft
WR	wepp-204368	"03:53 pm  Monday April 8, 2019"	"PALESTINE WB CITY TX"	30	silt	native	110	9.25	18	20	50	130	25	20	inveg	ft
WR	wepp-204449	"03:55 pm  Monday April 8, 2019"	"PALESTINE WB CITY TX"	30	silt	graveled	110	9.25	18	20	50	130	25	20	inbare	ft
WR	wepp-204496	"03:56 pm  Monday April 8, 2019"	"PALESTINE WB CITY TX"	30	silt	graveled	110	9.25	18	20	50	130	25	20	inveg	ft
WR	wepp-204672	"04:06 pm  Monday April 8, 2019"	"PALESTINE WB CITY TX"	30	silt	native	400	5.2	18	20	50	130	25	20	inbare	ft
WR	wepp-204725	"04:08 pm  Monday April 8, 2019"	"PALESTINE WB CITY TX"	30	silt	native	175	5.2	18	20	50	130	25	20	inbare	ft
WR	wepp-204768	"04:08 pm  Monday April 8, 2019"	"PALESTINE WB CITY TX"	30	silt	native	50	5.2	18	20	50	130	25	20	inbare	ft
WR	wepp-204988	"04:15 pm  Monday April 8, 2019"	"PALESTINE WB CITY TX"	30	silt	native	150	5.2	18	20	50	130	25	20	inveg	ft
WR	wepp-205048	"04:16 pm  Monday April 8, 2019"	"PALESTINE WB CITY TX"	30	silt	native	175	5.2	18	20	50	130	25	20	inveg	ft
WR	wepp-205092	"04:17 pm  Monday April 8, 2019"	"PALESTINE WB CITY TX"	30	silt	native	50	5.2	18	20	50	130	25	20	inveg	ft
WR	wepp-205157	"04:20 pm  Monday April 8, 2019"	"PALESTINE WB CITY TX"	30	silt	graveled	175	4	18	20	50	130	25	20	inbare	ft
WR	wepp-205197	"04:21 pm  Monday April 8, 2019"	"PALESTINE WB CITY TX"	30	silt	graveled	175	5.2	18	20	50	130	25	20	inbare	ft
WR	wepp-205237	"04:22 pm  Monday April 8, 2019"	"PALESTINE WB CITY TX"	30	silt	graveled	50	5.2	18	20	50	130	25	20	inbare	ft
WR	wepp-205292	"04:24 pm  Monday April 8, 2019"	"PALESTINE WB CITY TX"	30	silt	graveled	175	5.2	18	20	50	130	25	20	inveg	ft
WR	wepp-205341	"04:25 pm  Monday April 8, 2019"	"PALESTINE WB CITY TX"	30	silt	graveled	50	5.2	18	20	50	130	25	20	inveg	ft
WR	wepp-205502	"04:33 pm  Monday April 8, 2019"	"PALESTINE WB CITY TX"	30	silt	native	200	9.5	18	20	50	130	25	20	inbare	ft
WR	wepp-205573	"04:35 pm  Monday April 8, 2019"	"PALESTINE WB CITY TX"	30	silt	native	140	9.5	18	20	50	130	25	20	inbare	ft
WR	wepp-205620	"04:36 pm  Monday April 8, 2019"	"PALESTINE WB CITY TX"	30	silt	native	60	9.5	18	20	50	130	25	20	inbare	ft
WR	wepp-205752	"04:40 pm  Monday April 8, 2019"	"PALESTINE WB CITY TX"	30	silt	native	140	9.5	18	20	50	130	25	20	inveg	ft
WR	wepp-205820	"04:40 pm  Monday April 8, 2019"	"PALESTINE WB CITY TX"	30	silt	native	60	9.5	18	20	50	130	25	20	inveg	ft
WR	wepp-205908	"04:42 pm  Monday April 8, 2019"	"PALESTINE WB CITY TX"	30	silt	graveled	140	9.5	18	20	50	130	25	20	inbare	ft
WR	wepp-205960	"04:44 pm  Monday April 8, 2019"	"PALESTINE WB CITY TX"	30	silt	graveled	60	9.5	18	20	50	130	25	20	inbare	ft
WR	wepp-206077	"04:45 pm  Monday April 8, 2019"	"PALESTINE WB CITY TX"	30	silt	graveled	140	9.5	18	20	50	130	25	20	inveg	ft
WR	wepp-206127	"04:47 pm  Monday April 8, 2019"	"PALESTINE WB CITY TX"	30	silt	graveled	60	9.5	18	20	50	130	25	20	inveg	ft
WR	wepp-206269	"04:56 pm  Monday April 8, 2019"	"PALESTINE WB CITY TX"	30	silt	native	175	5.2	18	20	50	130	25	20	inbare	ft
WR	wepp-206311	"04:56 pm  Monday April 8, 2019"	"PALESTINE WB CITY TX"	30	silt	native	500	5.2	18	20	50	130	25	20	inbare	ft
WR	wepp-206386	"04:58 pm  Monday April 8, 2019"	"PALESTINE WB CITY TX"	30	silt	native	175	5.2	18	20	50	130	25	20	inbare	ft
WR	wepp-206427	"04:58 pm  Monday April 8, 2019"	"PALESTINE WB CITY TX"	30	silt	native	115	5.2	18	20	50	130	25	20	inbare	ft
WR	wepp-206477	"04:59 pm  Monday April 8, 2019"	"PALESTINE WB CITY TX"	30	silt	native	35	5.2	18	20	50	130	25	20	inbare	ft
WR	wepp-206595	"05:04 pm  Monday April 8, 2019"	"PALESTINE WB CITY TX"	30	silt	native	175	5.2	18	20	50	130	25	20	inveg	ft
WR	wepp-206649	"05:05 pm  Monday April 8, 2019"	"PALESTINE WB CITY TX"	30	silt	native	115	5.2	18	20	50	130	25	20	inveg	ft
WR	wepp-206709	"05:06 pm  Monday April 8, 2019"	"PALESTINE WB CITY TX"	30	silt	native	35	5.2	18	20	50	130	25	20	inveg	ft
WR	wepp-206831	"05:09 pm  Monday April 8, 2019"	"PALESTINE WB CITY TX"	30	silt	graveled	175	5.2	18	20	50	130	25	20	inbare	ft
WR	wepp-206876	"05:11 pm  Monday April 8, 2019"	"PALESTINE WB CITY TX"	30	silt	graveled	115	5.2	18	20	50	130	25	20	inbare	ft
WR	wepp-206918	"05:11 pm  Monday April 8, 2019"	"PALESTINE WB CITY TX"	30	silt	graveled	35	5.2	18	20	50	130	25	20	inbare	ft
WR	wepp-206997	"05:14 pm  Monday April 8, 2019"	"PALESTINE WB CITY TX"	30	silt	graveled	175	5.2	18	20	50	130	25	20	inveg	ft
WR	wepp-207098	"05:15 pm  Monday April 8, 2019"	"PALESTINE WB CITY TX"	30	silt	graveled	115	5.2	18	20	50	130	25	20	inveg	ft
WR	wepp-207139	"05:15 pm  Monday April 8, 2019"	"PALESTINE WB CITY TX"	30	silt	graveled	60	5.2	18	20	50	130	25	20	inveg	ft
WR	wepp-207181	"05:16 pm  Monday April 8, 2019"	"PALESTINE WB CITY TX"	30	silt	graveled	35	5.2	18	20	50	130	25	20	inveg	ft
WR	wepp-146798	"08:17 pm  Sunday April 14, 2019"	"PALESTINE WB CITY TX"	30	silt	graveled	320	3.8	18	20	50	130	25	20	inbare	ft
WR	wepp-146881	"08:21 pm  Sunday April 14, 2019"	"PALESTINE WB CITY TX"	30	silt	graveled	200	3.8	18	20	50	130	25	20	inbare	ft
WR	wepp-146930	"08:22 pm  Sunday April 14, 2019"	"PALESTINE WB CITY TX"	30	silt	graveled	120	3.8	18	20	50	130	25	20	inbare	ft
WR	wepp-180506	"12:20 pm  Monday April 15, 2019"	"PALESTINE WB CITY TX"	30	silt	graveled	200	3.8	18	20	50	130	25	20	inveg	ft
WR	wepp-180623	"12:21 pm  Monday April 15, 2019"	"PALESTINE WB CITY TX"	30	silt	graveled	120	3.8	18	20	50	130	25	20	inveg	ft
WR	wepp-180985	"12:27 pm  Monday April 15, 2019"	"PALESTINE WB CITY TX"	30	silt	graveled	360	11.1	18	20	50	130	25	20	inbare	ft
WR	wepp-181370	"12:36 pm  Monday April 15, 2019"	"PALESTINE WB CITY TX"	30	silt	graveled	90	11.1	18	20	50	130	25	20	inbare	ft
WR	wepp-181455	"12:37 pm  Monday April 15, 2019"	"PALESTINE WB CITY TX"	30	silt	graveled	135	11.1	18	20	50	130	25	20	inbare	ft
WR	wepp-181576	"12:39 pm  Monday April 15, 2019"	"PALESTINE WB CITY TX"	30	silt	graveled	90	11.1	18	20	50	130	25	20	inveg	ft
WR	wepp-181694	"12:41 pm  Monday April 15, 2019"	"PALESTINE WB CITY TX"	30	silt	graveled	135	11.1	18	20	50	130	25	20	inveg	ft
WR	wepp-182354	"12:53 pm  Monday April 15, 2019"	"PALESTINE WB CITY TX"	30	silt	graveled	220	9.4	18	20	50	130	25	20	inbare	ft
WR	wepp-182400	"12:53 pm  Monday April 15, 2019"	"PALESTINE WB CITY TX"	30	silt	graveled	640	9.4	18	20	50	130	25	20	inbare	ft
WR	wepp-182543	"12:54 pm  Monday April 15, 2019"	"PALESTINE WB CITY TX"	30	silt	graveled	220	9.4	18	20	50	130	25	20	inbare	ft
WR	wepp-182624	"12:55 pm  Monday April 15, 2019"	"PALESTINE WB CITY TX"	30	silt	graveled	140	9.4	18	20	50	130	25	20	inbare	ft
WR	wepp-182708	"12:56 pm  Monday April 15, 2019"	"PALESTINE WB CITY TX"	30	silt	graveled	220	9.4	18	20	50	130	25	20	inveg	ft
WR	wepp-182799	"12:56 pm  Monday April 15, 2019"	"PALESTINE WB CITY TX"	30	silt	graveled	140	9.4	18	20	50	130	25	20	inveg	ft
WR	wepp-183486	"01:07 pm  Monday April 15, 2019"	"PALESTINE WB CITY TX"	30	silt	graveled	1000	3.3	18	20	50	130	25	20	inbare	ft
WR	wepp-183906	"01:13 pm  Monday April 15, 2019"	"PALESTINE WB CITY TX"	30	silt	graveled	200	3.3	18	20	50	130	25	20	inbare	ft
WR	wepp-184001	"01:14 pm  Monday April 15, 2019"	"PALESTINE WB CITY TX"	30	silt	graveled	200	3.3	18	20	50	130	25	20	inveg	ft
WR	wepp-184279	"01:16 pm  Monday April 15, 2019"	"PALESTINE WB CITY TX"	30	silt	graveled	800	3.3	18	20	50	130	25	20	inbare	ft
WR	wepp-184488	"01:21 pm  Monday April 15, 2019"	"PALESTINE WB CITY TX"	30	silt	graveled	700	4	18	20	50	130	25	20	inbare	ft
WR	wepp-184638	"01:23 pm  Monday April 15, 2019"	"PALESTINE WB CITY TX"	30	silt	graveled	200	4	18	20	50	130	25	20	inbare	ft
WR	wepp-184718	"01:24 pm  Monday April 15, 2019"	"PALESTINE WB CITY TX"	30	silt	graveled	100	4	18	20	50	130	25	20	inbare	ft
WR	wepp-184881	"01:25 pm  Monday April 15, 2019"	"PALESTINE WB CITY TX"	30	silt	graveled	200	4	18	20	50	130	25	20	inveg	ft
WR	wepp-184979	"01:26 pm  Monday April 15, 2019"	"PALESTINE WB CITY TX"	30	silt	graveled	100	4	18	20	50	130	25	20	inveg	ft
WR	wepp-193325	"03:24 pm  Monday April 15, 2019"	"PALESTINE WB CITY TX"	30	silt	graveled	800	4.2	18	20	50	130	25	20	inbare	ft
WR	wepp-193372	"03:25 pm  Monday April 15, 2019"	"PALESTINE WB CITY TX"	30	silt	graveled	200	4.2	18	20	50	130	25	20	inbare	ft
WR	wepp-206289	"08:17 pm  Monday April 15, 2019"	"PALESTINE WB CITY TX"	30	silt	graveled	160	3.8	18	20	50	130	25	20	inbare	ft
