WR	wepp-220066	"05:44 pm  Wednesday February 19, 2020"	"PALESTINE WB CITY TX"	30	silt	graveled	200	4	13	15	50	130	25	20	inveg	ft
WR	wepp-220111	"05:45 pm  Wednesday February 19, 2020"	"PALESTINE WB CITY TX"	30	silt	graveled	140	4	18	15	50	130	25	20	inveg	ft
WR	wepp-220150	"05:46 pm  Wednesday February 19, 2020"	"PALESTINE WB CITY TX"	30	silt	graveled	140	8	18	15	50	130	25	20	inveg	ft
WR	wepp-220192	"05:47 pm  Wednesday February 19, 2020"	"PALESTINE WB CITY TX"	30	silt	graveled	140	8	18	20	50	130	25	20	inveg	ft
WR	wepp-220231	"05:47 pm  Wednesday February 19, 2020"	"PALESTINE WB CITY TX"	30	silt	graveled	100	8	18	20	50	130	25	20	inveg	ft
WR	wepp-220268	"05:48 pm  Wednesday February 19, 2020"	"PALESTINE WB CITY TX"	30	silt	graveled	100	8	18	20	50	130	25	20	inveg	ft
WR	wepp-220306	"05:48 pm  Wednesday February 19, 2020"	"PALESTINE WB CITY TX"	30	silt	graveled	140	8	18	20	50	130	25	20	inveg	ft
WR	wepp-221413	"06:38 pm  Wednesday February 19, 2020"	"PALESTINE WB CITY TX"	30	silt	native	200	8	18	20	50	130	25	20	inveg	ft
WR	wepp-221515	"06:39 pm  Wednesday February 19, 2020"	"PALESTINE WB CITY TX"	30	silt	native	140	8	18	20	50	130	25	20	inveg	ft
WR	wepp-187591	"01:48 pm  Monday February 24, 2020"	"PALESTINE WB CITY TX"	30	clay	native	495	6	18	20	50	130	25	20	inbare	ft
WR	wepp-189393	"02:05 pm  Monday February 24, 2020"	"PALESTINE WB CITY TX"	30	clay	native	165	6	18	20	50	130	25	20	inveg	ft
WR	wepp-189470	"02:06 pm  Monday February 24, 2020"	"PALESTINE WB CITY TX"	30	clay	native	150	6	18	20	50	130	25	20	inveg	ft
WR	wepp-191650	"02:25 pm  Monday February 24, 2020"	"PALESTINE WB CITY TX"	30	clay	native	180	16	18	20	50	130	25	20	inbare	ft
WR	wepp-191758	"02:26 pm  Monday February 24, 2020"	"PALESTINE WB CITY TX"	30	clay	native	180	16	18	20	50	130	25	20	inveg	ft
WR	wepp-191798	"02:27 pm  Monday February 24, 2020"	"PALESTINE WB CITY TX"	30	clay	native	60	16	18	20	50	130	25	20	inveg	ft
WR	wepp-192267	"02:30 pm  Monday February 24, 2020"	"PALESTINE WB CITY TX"	30	clay	native	244	6	18	20	50	130	25	20	inbare	ft
WR	wepp-192389	"02:31 pm  Monday February 24, 2020"	"PALESTINE WB CITY TX"	30	clay	native	165	6	18	20	50	130	25	20	inveg	ft
WR	wepp-192620	"02:32 pm  Monday February 24, 2020"	"PALESTINE WB CITY TX"	30	clay	native	244	6	18	20	50	130	25	20	inveg	ft
WR	wepp-192667	"02:33 pm  Monday February 24, 2020"	"PALESTINE WB CITY TX"	30	clay	native	165	6	18	20	50	130	25	20	inveg	ft
WR	wepp-192762	"02:33 pm  Monday February 24, 2020"	"PALESTINE WB CITY TX"	30	clay	native	79	6	18	20	50	130	25	20	inveg	ft
WR	wepp-192856	"02:34 pm  Monday February 24, 2020"	"PALESTINE WB CITY TX"	30	clay	graveled	165	6	18	20	50	130	25	20	inveg	ft
WR	wepp-193068	"02:35 pm  Monday February 24, 2020"	"PALESTINE WB CITY TX"	30	clay	graveled	35	6	18	20	50	130	25	20	inveg	ft
WR	wepp-193158	"02:36 pm  Monday February 24, 2020"	"PALESTINE WB CITY TX"	30	clay	native	9	6	18	20	50	130	25	20	inveg	ft
WR	wepp-194024	"02:45 pm  Monday February 24, 2020"	"PALESTINE WB CITY TX"	30	clay	native	183	18	18	20	50	130	25	20	inbare	ft
WR	wepp-194090	"02:45 pm  Monday February 24, 2020"	"PALESTINE WB CITY TX"	30	clay	native	183	18	18	20	50	130	25	20	inveg	ft
WR	wepp-194127	"02:46 pm  Monday February 24, 2020"	"PALESTINE WB CITY TX"	30	clay	native	60	18	18	20	50	130	25	20	inveg	ft
WR	wepp-194264	"02:49 pm  Monday February 24, 2020"	"PALESTINE WB CITY TX"	30	clay	native	245	11	18	20	50	130	25	20	inbare	ft
WR	wepp-194901	"03:01 pm  Monday February 24, 2020"	"PALESTINE WB CITY TX"	30	clay	native	140	11	18	20	50	130	25	20	inveg	ft
WR	wepp-194951	"03:02 pm  Monday February 24, 2020"	"PALESTINE WB CITY TX"	30	clay	native	105	11	18	20	50	130	25	20	inveg	ft
WR	wepp-195212	"03:08 pm  Monday February 24, 2020"	"PALESTINE WB CITY TX"	30	clay	native	105	11	18	20	50	130	25	20	inveg	ft
WR	wepp-195260	"03:08 pm  Monday February 24, 2020"	"PALESTINE WB CITY TX"	30	clay	native	120	11	18	20	50	130	25	20	inveg	ft
WR	wepp-195382	"03:09 pm  Monday February 24, 2020"	"PALESTINE WB CITY TX"	30	clay	native	5	11	18	20	50	130	25	20	inveg	ft
WR	wepp-195603	"03:14 pm  Monday February 24, 2020"	"PALESTINE WB CITY TX"	30	clay	native	490	5	18	20	50	130	25	20	inbare	ft
WR	wepp-195694	"03:14 pm  Monday February 24, 2020"	"PALESTINE WB CITY TX"	30	clay	native	200	5	18	20	50	130	25	20	inveg	ft
WR	wepp-195743	"03:15 pm  Monday February 24, 2020"	"PALESTINE WB CITY TX"	30	clay	native	90	5	18	20	50	130	25	20	inveg	ft
WR	wepp-195846	"03:17 pm  Monday February 24, 2020"	"PALESTINE WB CITY TX"	30	clay	native	160	5	18	20	50	130	25	20	inveg	ft
WR	wepp-195896	"03:18 pm  Monday February 24, 2020"	"PALESTINE WB CITY TX"	30	clay	native	200	5	18	20	50	130	25	20	inveg	ft
WR	wepp-197112	"03:30 pm  Monday February 24, 2020"	"PALESTINE WB CITY TX"	30	clay	native	120	5	18	20	50	130	25	20	inveg	ft
WR	wepp-197175	"03:31 pm  Monday February 24, 2020"	"PALESTINE WB CITY TX"	30	clay	native	10	5	18	20	50	130	25	20	inveg	ft
WR	wepp-197357	"03:32 pm  Monday February 24, 2020"	"PALESTINE WB CITY TX"	30	clay	native	200	5	18	20	50	130	25	20	inveg	ft
WR	wepp-197469	"03:32 pm  Monday February 24, 2020"	"PALESTINE WB CITY TX"	30	clay	native	90	5	18	20	50	130	25	20	inveg	ft
WR	wepp-197497	"03:33 pm  Monday February 24, 2020"	"PALESTINE WB CITY TX"	30	clay	graveled	100	5	18	20	50	130	25	20	inveg	ft
WR	wepp-197584	"03:34 pm  Monday February 24, 2020"	"PALESTINE WB CITY TX"	30	clay	native	100	5	18	20	50	130	25	20	inveg	ft
WR	wepp-197770	"03:35 pm  Monday February 24, 2020"	"PALESTINE WB CITY TX"	30	clay	graveled	200	5	18	20	50	130	25	20	inveg	ft
WR	wepp-198109	"03:39 pm  Monday February 24, 2020"	"PALESTINE WB CITY TX"	30	clay	native	244	8	18	20	50	130	25	20	inbare	ft
WR	wepp-198207	"03:40 pm  Monday February 24, 2020"	"PALESTINE WB CITY TX"	30	clay	native	150	8	18	20	50	130	25	20	inveg	ft
WR	wepp-198285	"03:41 pm  Monday February 24, 2020"	"PALESTINE WB CITY TX"	30	clay	native	94	8	18	20	50	130	25	20	inveg	ft
WR	wepp-198403	"03:43 pm  Monday February 24, 2020"	"PALESTINE WB CITY TX"	30	clay	native	120	8	18	20	50	130	25	20	inveg	ft
WR	wepp-198792	"03:45 pm  Monday February 24, 2020"	"PALESTINE WB CITY TX"	30	clay	native	984	4	18	20	50	130	25	20	inbare	ft
WR	wepp-199007	"03:47 pm  Monday February 24, 2020"	"PALESTINE WB CITY TX"	30	clay	native	200	4	18	20	50	130	25	20	inveg	ft
WR	wepp-199104	"03:47 pm  Monday February 24, 2020"	"PALESTINE WB CITY TX"	30	clay	native	184	4	18	20	50	130	25	20	inveg	ft
WR	wepp-199229	"03:50 pm  Monday February 24, 2020"	"PALESTINE WB CITY TX"	30	clay	native	165	4	18	20	50	130	25	20	inveg	ft
WR	wepp-199429	"03:51 pm  Monday February 24, 2020"	"PALESTINE WB CITY TX"	30	clay	native	159	4	18	20	50	130	25	20	inveg	ft
WR	wepp-199563	"03:52 pm  Monday February 24, 2020"	"PALESTINE WB CITY TX"	30	clay	native	150	4	18	20	50	130	25	20	inveg	ft
WR	wepp-205368	"04:31 pm  Monday February 24, 2020"	"PALESTINE WB CITY TX"	30	clay	native	689	5	18	20	50	130	25	20	inbare	ft
WR	wepp-205417	"04:33 pm  Monday February 24, 2020"	"PALESTINE WB CITY TX"	30	clay	native	135	5	18	20	50	130	25	20	inveg	ft
WR	wepp-205581	"04:34 pm  Monday February 24, 2020"	"PALESTINE WB CITY TX"	30	clay	native	14	5	18	20	50	130	25	20	inveg	ft
WR	wepp-205869	"04:35 pm  Monday February 24, 2020"	"PALESTINE WB CITY TX"	30	clay	native	100	5	18	20	50	130	25	20	inveg	ft
WR	wepp-205955	"04:36 pm  Monday February 24, 2020"	"PALESTINE WB CITY TX"	30	clay	native	89	5	18	20	50	130	25	20	inveg	ft
WR	wepp-206305	"04:38 pm  Monday February 24, 2020"	"PALESTINE WB CITY TX"	30	clay	native	557	11	18	20	50	130	25	20	inbare	ft
WR	wepp-206537	"04:39 pm  Monday February 24, 2020"	"PALESTINE WB CITY TX"	30	clay	native	80	11	18	20	50	130	25	20	inbare	ft
WR	wepp-206545	"04:39 pm  Monday February 24, 2020"	"PALESTINE WB CITY TX"	30	clay	native	80	11	18	20	50	130	25	20	inveg	ft
WR	wepp-206573	"04:40 pm  Monday February 24, 2020"	"PALESTINE WB CITY TX"	30	clay	native	77	11	18	20	50	130	25	20	inveg	ft
WR	wepp-206948	"04:43 pm  Monday February 24, 2020"	"PALESTINE WB CITY TX"	30	clay	native	77	11	18	20	50	130	25	20	inveg	ft
WR	wepp-206986	"04:43 pm  Monday February 24, 2020"	"PALESTINE WB CITY TX"	30	clay	native	60	11	18	20	50	130	25	20	inveg	ft
WR	wepp-207118	"04:44 pm  Monday February 24, 2020"	"PALESTINE WB CITY TX"	30	clay	native	65	11	18	20	50	130	25	20	inveg	ft
WR	wepp-207252	"04:44 pm  Monday February 24, 2020"	"PALESTINE WB CITY TX"	30	clay	native	37	11	18	20	50	130	25	20	inveg	ft
WR	wepp-207647	"04:48 pm  Monday February 24, 2020"	"PALESTINE WB CITY TX"	30	clay	native	635	6	18	20	50	130	25	20	inbare	ft
WR	wepp-207874	"04:50 pm  Monday February 24, 2020"	"PALESTINE WB CITY TX"	30	clay	native	135	4	18	20	50	130	25	20	inveg	ft
WR	wepp-208143	"04:52 pm  Monday February 24, 2020"	"PALESTINE WB CITY TX"	30	clay	native	95	6	18	20	50	130	25	20	inveg	ft
WR	wepp-208361	"04:53 pm  Monday February 24, 2020"	"PALESTINE WB CITY TX"	30	clay	graveled	100	6	18	20	50	130	25	20	inveg	ft
WR	wepp-208442	"04:54 pm  Monday February 24, 2020"	"PALESTINE WB CITY TX"	30	clay	native	35	6	18	20	50	130	25	20	inveg	ft
WR	wepp-208683	"04:55 pm  Monday February 24, 2020"	"PALESTINE WB CITY TX"	30	clay	native	135	6	18	20	50	130	25	20	inveg	ft
WR	wepp-208880	"04:56 pm  Monday February 24, 2020"	"PALESTINE WB CITY TX"	30	clay	native	95	6	18	20	50	130	25	20	inveg	ft
WR	wepp-209109	"04:57 pm  Monday February 24, 2020"	"PALESTINE WB CITY TX"	30	clay	native	135	6	18	20	50	130	25	20	inveg	ft
WR	wepp-209199	"04:58 pm  Monday February 24, 2020"	"PALESTINE WB CITY TX"	30	clay	native	95	6	18	20	50	130	25	20	inveg	ft
WR	wepp-209339	"04:59 pm  Monday February 24, 2020"	"PALESTINE WB CITY TX"	30	clay	graveled	100	6	18	20	50	130	25	20	inveg	ft
WR	wepp-209581	"05:00 pm  Monday February 24, 2020"	"PALESTINE WB CITY TX"	30	clay	graveled	200	6	18	20	50	130	25	20	inveg	ft
WR	wepp-210231	"05:04 pm  Monday February 24, 2020"	"PALESTINE WB CITY TX"	30	clay	native	142	11	18	20	50	130	25	20	inbare	ft
WR	wepp-210376	"05:04 pm  Monday February 24, 2020"	"PALESTINE WB CITY TX"	30	clay	native	80	11	18	20	50	130	25	20	inveg	ft
WR	wepp-210520	"05:05 pm  Monday February 24, 2020"	"PALESTINE WB CITY TX"	30	clay	native	62	11	18	20	50	130	25	20	inveg	ft
WR	wepp-210883	"05:07 pm  Monday February 24, 2020"	"PALESTINE WB CITY TX"	30	clay	native	70	11	18	20	50	130	25	20	inveg	ft
WR	wepp-211152	"05:09 pm  Monday February 24, 2020"	"PALESTINE WB CITY TX"	30	clay	native	212	5	18	20	50	130	25	20	inbare	ft
WR	wepp-211334	"05:11 pm  Monday February 24, 2020"	"PALESTINE WB CITY TX"	30	clay	native	135	5	18	20	50	130	25	20	inveg	ft
WR	wepp-211416	"05:12 pm  Monday February 24, 2020"	"PALESTINE WB CITY TX"	30	clay	native	77	5	18	20	50	130	25	20	inveg	ft
WR	wepp-211627	"05:12 pm  Monday February 24, 2020"	"PALESTINE WB CITY TX"	30	clay	native	100	5	18	20	50	130	25	20	inveg	ft
WR	wepp-214392	"05:33 pm  Monday February 24, 2020"	"PALESTINE WB CITY TX"	30	clay	native	141	10	18	20	50	130	25	20	inbare	ft
WR	wepp-214586	"05:35 pm  Monday February 24, 2020"	"PALESTINE WB CITY TX"	30	clay	native	80	10	18	20	50	130	25	20	inveg	ft
WR	wepp-214626	"05:35 pm  Monday February 24, 2020"	"PALESTINE WB CITY TX"	30	clay	native	61	10	18	20	50	130	25	20	inveg	ft
WR	wepp-214845	"05:36 pm  Monday February 24, 2020"	"PALESTINE WB CITY TX"	30	clay	native	70	10	18	20	50	130	25	20	inveg	ft
WR	wepp-215195	"05:41 pm  Monday February 24, 2020"	"PALESTINE WB CITY TX"	30	clay	native	494	5	18	20	50	130	25	20	inbare	ft
WR	wepp-215238	"05:42 pm  Monday February 24, 2020"	"PALESTINE WB CITY TX"	30	clay	native	135	5	18	20	50	130	25	20	inveg	ft
WR	wepp-215443	"05:43 pm  Monday February 24, 2020"	"PALESTINE WB CITY TX"	30	clay	native	89	5	18	20	50	130	25	20	inveg	ft
WR	wepp-215723	"05:44 pm  Monday February 24, 2020"	"PALESTINE WB CITY TX"	30	clay	graveled	100	5	18	20	50	130	25	20	inveg	ft
WR	wepp-216286	"05:47 pm  Monday February 24, 2020"	"PALESTINE WB CITY TX"	30	clay	native	142	12	18	20	50	130	25	20	inbare	ft
WR	wepp-216352	"05:47 pm  Monday February 24, 2020"	"PALESTINE WB CITY TX"	30	clay	native	80	12	18	20	50	130	25	20	inveg	ft
WR	wepp-216440	"05:47 pm  Monday February 24, 2020"	"PALESTINE WB CITY TX"	30	clay	native	62	12	18	20	50	130	25	20	inveg	ft
WR	wepp-216676	"05:49 pm  Monday February 24, 2020"	"PALESTINE WB CITY TX"	30	clay	native	60	12	18	20	50	130	25	20	inveg	ft
WR	wepp-216822	"05:51 pm  Monday February 24, 2020"	"PALESTINE WB CITY TX"	30	clay	native	424	5	18	20	50	130	25	20	inbare	ft
WR	wepp-216861	"05:51 pm  Monday February 24, 2020"	"PALESTINE WB CITY TX"	30	clay	native	135	5	18	20	50	130	25	20	inbare	ft
WR	wepp-217969	"06:06 pm  Monday February 24, 2020"	"PALESTINE WB CITY TX"	30	clay	native	135	5	18	20	50	130	25	20	inveg	ft
WR	wepp-218043	"06:06 pm  Monday February 24, 2020"	"PALESTINE WB CITY TX"	30	clay	native	100	5	18	20	50	130	25	20	inveg	ft
WR	wepp-225509	"07:41 pm  Monday February 24, 2020"	"PALESTINE WB CITY TX"	30	silt	graveled	200	18	18	20	50	130	25	20	inveg	ft
WR	wepp-225589	"07:41 pm  Monday February 24, 2020"	"PALESTINE WB CITY TX"	30	silt	graveled	61	18	18	20	50	130	25	20	inveg	ft
WR	wepp-225662	"07:41 pm  Monday February 24, 2020"	"PALESTINE WB CITY TX"	30	silt	native	61	18	18	20	50	130	25	20	inveg	ft
