WD	wepp-163265	"10:45 am  Monday December 26, 2016"	""				0	0	0	0	0		0	0	0	0	0	0		""
WD	wepp-163266	"10:45 am  Monday December 26, 2016"	""				0	0	0	0	0		0	0	0	0	0	0		""
WD	wepp-96387	"01:07 pm  Friday December 30, 2016"	""				0	0	0	0	0		0	0	0	0	0	0		""
WD	wepp-96416	"01:16 pm  Friday December 30, 2016"	""				0	0	0	0	0		0	0	0	0	0	0		""
WD	wepp-96417	"01:16 pm  Friday December 30, 2016"	""				0	0	0	0	0		0	0	0	0	0	0		""
WD	wepp-101952	"10:35 am  Saturday December 31, 2016"	""				0	0	0	0	0		0	0	0	0	0	0		""
WD	wepp-109794	"12:17 pm  Sunday January 1, 2017"	""				0	0	0	0	0		0	0	0	0	0	0		""
WD	wepp-110932	"03:05 pm  Sunday January 1, 2017"	""				0	0	0	0	0		0	0	0	0	0	0		""
WD	wepp-112352	"07:59 pm  Sunday January 1, 2017"	""				0	0	0	0	0		0	0	0	0	0	0		""
WD	wepp-112529	"08:30 pm  Sunday January 1, 2017"	""				0	0	0	0	0		0	0	0	0	0	0		""
WD	wepp-125891	"05:46 pm  Tuesday January 3, 2017"	""				0	0	0	0	0		0	0	0	0	0	0		""
WD	wepp-127208	"10:40 pm  Tuesday January 3, 2017"	""				0	0	0	0	0		0	0	0	0	0	0		""
WD	wepp-137970	"07:39 am  Thursday January 5, 2017"	""				0	0	0	0	0		0	0	0	0	0	0		""
WD	wepp-157030	"08:40 am  Friday January 6, 2017"	""				0	0	0	0	0		0	0	0	0	0	0		""
WD	wepp-224478	"01:42 pm  Tuesday January 10, 2017"	""				0	0	0	0	0		0	0	0	0	0	0		""
WD	wepp-225717	"04:24 pm  Tuesday January 10, 2017"	""				0	0	0	0	0		0	0	0	0	0	0		""
WD	wepp-225718	"04:24 pm  Tuesday January 10, 2017"	""				0	0	0	0	0		0	0	0	0	0	0		""
WD	wepp-231524	"08:11 am  Wednesday January 11, 2017"	""				0	0	0	0	0		0	0	0	0	0	0		""
WD	wepp-46647	"11:21 pm  Thursday January 12, 2017"	""				0	0	0	0	0		0	0	0	0	0	0		""
WD	wepp-50967	"08:29 am  Friday January 13, 2017"	""				0	0	0	0	0		0	0	0	0	0	0		""
WD	wepp-58111	"01:27 am  Saturday January 14, 2017"	""				0	0	0	0	0		0	0	0	0	0	0		""
WD	wepp-63981	"03:46 pm  Saturday January 14, 2017"	""				0	0	0	0	0		0	0	0	0	0	0		""
WD	wepp-67240	"00:05 am  Sunday January 15, 2017"	""				0	0	0	0	0		0	0	0	0	0	0		""
WD	wepp-93207	"09:38 am  Monday January 16, 2017"	""				0	0	0	0	0		0	0	0	0	0	0		""
WD	wepp-96101	"10:47 am  Monday January 16, 2017"	""				0	0	0	0	0		0	0	0	0	0	0		""
WD	wepp-107805	"07:33 pm  Monday January 16, 2017"	""				0	0	0	0	0		0	0	0	0	0	0		""
WD	wepp-110092	"09:46 pm  Monday January 16, 2017"	""				0	0	0	0	0		0	0	0	0	0	0		""
WD	wepp-151299	"08:12 am  Wednesday January 18, 2017"	""				0	0	0	0	0		0	0	0	0	0	0		""
WD	wepp-154913	"11:21 am  Wednesday January 18, 2017"	""				0	0	0	0	0		0	0	0	0	0	0		""
WD	wepp-164756	"09:45 pm  Wednesday January 18, 2017"	""				0	0	0	0	0		0	0	0	0	0	0		""
WD	wepp-198152	"09:46 pm  Thursday January 19, 2017"	""				0	0	0	0	0		0	0	0	0	0	0		""
