WD	wepp-109212	"08:20 am  Wednesday October 3, 2018"	"CLATSKANIE 3 W OR +"	20	silt	OldForest	389	33	8	50	49	OldForest	51	34	16	68	62	0	ft	"test"
WD	wepp-109247	"08:20 am  Wednesday October 3, 2018"	"CLATSKANIE 3 W OR +"	20	clay	YoungForest	502	23	5	63	65	Bunchgrass	441	9	17	91	36	0	ft	"test"
WD	wepp-109255	"08:20 am  Wednesday October 3, 2018"	"CLATSKANIE 3 W OR +"	20	clay	LowFire	329	31	24	35	44	Sod	411	13	25	6	27	0	ft	"test"
WD	wepp-109267	"08:20 am  Wednesday October 3, 2018"	"CLATSKANIE 3 W OR +"	20	loam	HighFire	240	16	8	10	70	Shrub	375	11	34	86	15	0	ft	"test"
WD	wepp-109292	"08:20 am  Wednesday October 3, 2018"	"CLATSKANIE 3 W OR +"	20	sand	YoungForest	311	8	24	14	34	OldForest	518	18	25	24	58	0	ft	"test"
WD	wepp-109299	"08:20 am  Wednesday October 3, 2018"	"CLATSKANIE 3 W OR +"	20	loam	LowFire	259	9	23	71	37	HighFire	195	20	18	26	36	0	ft	"test"
WD	wepp-109306	"08:20 am  Wednesday October 3, 2018"	"CLATSKANIE 3 W OR +"	20	sand	OldForest	248	25	26	62	11	LowFire	255	25	28	15	25	0	ft	"test"
WD	wepp-109313	"08:20 am  Wednesday October 3, 2018"	"CLATSKANIE 3 W OR +"	20	silt	Bunchgrass	239	23	30	31	12	Bunchgrass	248	33	27	18	13	0	ft	"test"
WD	wepp-109320	"08:20 am  Wednesday October 3, 2018"	"CLATSKANIE 3 W OR +"	20	sand	Sod	385	13	32	30	29	Sod	496	14	8	65	43	0	ft	"test"
WD	wepp-109327	"08:20 am  Wednesday October 3, 2018"	"CLATSKANIE 3 W OR +"	20	sand	HighFire	493	24	20	85	46	Sod	102	29	31	80	52	0	ft	"test"
WD	wepp-109357	"08:24 am  Wednesday October 3, 2018"	"IDAHO FALLS CAA AP ID +"	20	sand	HighFire	300	27	30	73	45	LowFire	193	32	28	49	61	0	ft	"test"
WD	wepp-109393	"08:24 am  Wednesday October 3, 2018"	"IDAHO FALLS CAA AP ID +"	20	loam	OldForest	203	23	32	12	18	YoungForest	270	9	33	46	28	0	ft	"test"
WD	wepp-109400	"08:24 am  Wednesday October 3, 2018"	"IDAHO FALLS CAA AP ID +"	20	sand	LowFire	339	22	21	97	57	Sod	210	30	7	13	73	0	ft	"test"
WD	wepp-109407	"08:24 am  Wednesday October 3, 2018"	"IDAHO FALLS CAA AP ID +"	20	loam	Shrub	349	18	31	22	63	Shrub	168	26	28	58	70	0	ft	"test"
WD	wepp-109414	"08:24 am  Wednesday October 3, 2018"	"IDAHO FALLS CAA AP ID +"	20	sand	LowFire	326	29	17	95	71	Bunchgrass	496	7	12	69	71	0	ft	"test"
WD	wepp-109421	"08:24 am  Wednesday October 3, 2018"	"IDAHO FALLS CAA AP ID +"	20	clay	Sod	313	32	8	70	27	LowFire	141	26	30	84	5	0	ft	"test"
WD	wepp-109428	"08:24 am  Wednesday October 3, 2018"	"IDAHO FALLS CAA AP ID +"	20	loam	YoungForest	199	11	15	72	74	OldForest	273	9	30	51	58	0	ft	"test"
WD	wepp-109435	"08:24 am  Wednesday October 3, 2018"	"IDAHO FALLS CAA AP ID +"	20	silt	YoungForest	126	24	25	87	7	OldForest	300	12	30	66	38	0	ft	"test"
WD	wepp-109442	"08:24 am  Wednesday October 3, 2018"	"IDAHO FALLS CAA AP ID +"	20	sand	YoungForest	398	6	28	67	27	OldForest	58	18	27	33	52	0	ft	"test"
WD	wepp-109449	"08:24 am  Wednesday October 3, 2018"	"IDAHO FALLS CAA AP ID +"	20	loam	HighFire	84	9	32	28	19	HighFire	255	24	17	28	72	0	ft	"test"
