WR	wepp-6329	"09:41 am  Wednesday March 6, 2013"	"ALTAMONT UT"	30	clay	native	300	4	13	10	50	1000	1	10	inbare	ft
WR	wepp-6349	"09:41 am  Wednesday March 6, 2013"	"ALTAMONT UT"	50	clay	native	300	4	13	10	50	1000	1	10	inbare	ft
WR	wepp-6368	"09:42 am  Wednesday March 6, 2013"	"OURAY UT"	50	clay	native	300	4	13	10	50	1000	1	10	inbare	ft
WR	wepp-6414	"09:43 am  Wednesday March 6, 2013"	"ALTAMONT UT"	50	clay	native	300	4	13	10	50	1000	1	10	inbare	ft
WR	wepp-6434	"09:43 am  Wednesday March 6, 2013"	"ALTAMONT UT"	30	clay	native	300	4	13	10	50	1000	1	10	inbare	ft
WR	wepp-18269	"10:02 am  Thursday March 28, 2013"	"ALTAMONT UT"	50	clay	native	300	0.82	23.4	10	50	1000	1	10	outunrut	ft
WR	wepp-18312	"10:03 am  Thursday March 28, 2013"	"ALTAMONT UT"	50	clay	native	300	0.82	23.4	10	50	500	1	10	outunrut	ft
WR	wepp-18358	"10:04 am  Thursday March 28, 2013"	"ALTAMONT UT"	50	clay	native	200	0.82	23.4	10	50	500	1	10	outunrut	ft
WR	wepp-18378	"10:04 am  Thursday March 28, 2013"	"ALTAMONT UT"	50	clay	native	100	0.82	23.4	10	50	500	1	10	outunrut	ft
WR	wepp-18479	"10:10 am  Thursday March 28, 2013"	"ALTAMONT UT"	50	clay	native	100	0.82	23.4	10	50	500	1	10	outrut	ft
WR	wepp-18499	"10:10 am  Thursday March 28, 2013"	"ALTAMONT UT"	50	clay	native	100	0.82	23.4	10	50	500	1	10	outunrut	ft
WR	wepp-18520	"10:13 am  Thursday March 28, 2013"	"ALTAMONT UT"	50	clay	native	100	0.82	23.4	10	50	300	1	10	outunrut	ft
WR	wepp-18570	"10:14 am  Thursday March 28, 2013"	"ALTAMONT UT"	30	clay	native	100	0.82	23.4	10	50	100	1	10	outunrut	ft
WR	wepp-18590	"10:14 am  Thursday March 28, 2013"	"ALTAMONT UT"	50	clay	native	100	0.82	23.4	10	50	100	1	10	outunrut	ft
WR	wepp-18610	"10:14 am  Thursday March 28, 2013"	"ALTAMONT UT"	50	clay	native	100	0.82	23.4	10	50	50	1	10	outunrut	ft
WR	wepp-18649	"10:15 am  Thursday March 28, 2013"	"ALTAMONT UT"	50	clay	native	100	0.82	23.4	10	50	25	1	10	outunrut	ft
WR	wepp-18669	"10:15 am  Thursday March 28, 2013"	"ALTAMONT UT"	50	clay	native	100	0.82	23.4	10	50	1	1	10	outunrut	ft
WR	wepp-18689	"10:16 am  Thursday March 28, 2013"	"ALTAMONT UT"	50	clay	native	100	0.82	23.4	10	50	300	1	10	outunrut	ft
WR	wepp-18718	"10:16 am  Thursday March 28, 2013"	"ALTAMONT UT"	50	loam	native	100	1.48	22.2	10	50	300	1	10	outunrut	ft
WR	wepp-18741	"10:17 am  Thursday March 28, 2013"	"ALTAMONT UT"	50	sand	native	100	4.12	22.4	10	50	300	1	10	outunrut	ft
WR	wepp-18765	"10:17 am  Thursday March 28, 2013"	"ALTAMONT UT"	50	silt	native	100	4.6	27	10	50	300	1	10	outunrut	ft
WR	wepp-18786	"10:18 am  Thursday March 28, 2013"	"ALTAMONT UT"	50	silt	native	100	4.6	27	10	50	300	1	10	outunrut	ft
WR	wepp-18837	"10:19 am  Thursday March 28, 2013"	"ALTAMONT UT"	50	sand	native	100	4.12	22.4	10	50	300	1	10	outunrut	ft
WR	wepp-18857	"10:19 am  Thursday March 28, 2013"	"ALTAMONT UT"	50	loam	native	100	1.48	22.2	10	50	300	1	10	outunrut	ft
WR	wepp-18879	"10:20 am  Thursday March 28, 2013"	"ALTAMONT UT"	50	clay	native	100	0.82	23.4	10	50	300	1	10	outunrut	ft
WR	wepp-3235	"09:56 am  Monday April 15, 2013"	"ALTAMONT UT"	30	clay	native	200	4	25	15	50	130	1	10	inbare	ft
WR	wepp-3255	"09:56 am  Monday April 15, 2013"	"ALTAMONT UT"	30	clay	native	200	4	25	15	50	130	1	10	inbare	ft
WR	wepp-3279	"09:57 am  Monday April 15, 2013"	"ALTAMONT UT"	30	silt	native	200	4	25	15	50	130	1	10	inbare	ft
WR	wepp-3299	"09:57 am  Monday April 15, 2013"	"ALTAMONT UT"	30	silt	native	200	4	25	15	50	130	1	10	inbare	ft
WR	wepp-3346	"09:58 am  Monday April 15, 2013"	"ALTAMONT UT"	30	silt	native	200	4	25	15	50	130	1	10	outrut	ft
WR	wepp-3366	"09:58 am  Monday April 15, 2013"	"ALTAMONT UT"	30	silt	native	200	4	25	15	50	130	1	10	outrut	ft
WR	wepp-3390	"09:59 am  Monday April 15, 2013"	"ALTAMONT UT"	30	silt	native	200	4	25	15	50	130	1	10	outunrut	ft
WR	wepp-3411	"09:59 am  Monday April 15, 2013"	"ALTAMONT UT"	30	silt	native	200	4	25	15	50	130	1	10	outunrut	ft
WR	wepp-9529	"07:47 am  Wednesday April 24, 2013"	"ALTAMONT UT"	50	clay	native	300	4	25	15	50	130	25	10	inbare	ft
