WD	wepp-12025	"07:14 am  Tuesday December 1, 2009"	"BANGOR testees +"	30	clay	tree20	365.853658536585	0	30	150	20	short	0.457317073170732	30	5	0.5	20	0	ft	""
WD	wepp-12030	"07:14 am  Tuesday December 1, 2009"	"BANGOR testees +"	30	clay	tree20	365.853658536585	0	30	150	20	short	0.457317073170732	30	5	5e-11	20	0	ft	""
WD	wepp-12035	"07:14 am  Tuesday December 1, 2009"	"BANGOR testees +"	30	clay	high	60.9756097560976	0	30	20	20	high	60.9756097560976	30	5	20	20	0	ft	""
WD	wepp-12043	"07:14 am  Tuesday December 1, 2009"	"BANGOR testees +"	30	clay	high	60.9756097560976	0	30	20	20	high	60.9756097560976	30	5	20	20	0	ft	""
WD	wepp-12053	"07:14 am  Tuesday December 1, 2009"	"BANGOR testees +"	30	clay	high	60.9756097560976	0	30	20	20	high	60.9756097560976	30	5	20	20	0	ft	""
WD	wepp-12131	"07:15 am  Tuesday December 1, 2009"	"BANGOR testees +"	30	clay	high	60.9756097560976	0	30	20	20	high	60.9756097560976	30	5	20	20	0	ft	""
WD	wepp-732	"06:43 am  Tuesday December 8, 2009"	"Bangor Test 2 +"	30	clay	high	15.2439024390244	0	30	45	20	high	15.2439024390244	30	5	45	20	0	ft	""
WD	wepp-756	"06:43 am  Tuesday December 8, 2009"	"Bangor Test 2 +"	30	clay	high	15.2439024390244	0	30	45	20	high	15.2439024390244	30	5	45	20	0	ft	""
WD	wepp-782	"06:43 am  Tuesday December 8, 2009"	"Bangor Test 2 +"	30	clay	high	15.2439024390244	0	30	45	20	high	15.2439024390244	30	5	45	20	0	ft	""
WD	wepp-812	"06:43 am  Tuesday December 8, 2009"	"BANGOR testees +"	30	clay	high	15.2439024390244	0	30	45	20	high	15.2439024390244	30	5	45	20	0	ft	""
WD	wepp-873	"06:44 am  Tuesday December 8, 2009"	"Bangor Test 2 +"	30	clay	high	15.2439024390244	0	30	45	20	high	15.2439024390244	30	5	45	20	0	ft	""
WD	wepp-4426	"07:37 am  Tuesday December 8, 2009"	"LIVINGSTON CAA AP MT"	30	clay	high	15.2439024390244	0	30	45	20	high	15.2439024390244	30	5	45	20	0	ft	""
WD	wepp-4468	"07:40 am  Tuesday December 8, 2009"	"BANGOR DOW FIELD ME +"	30	clay	high	15.2439024390244	0	30	45	20	high	15.2439024390244	30	5	45	20	0	ft	""
WD	wepp-4565	"07:41 am  Tuesday December 8, 2009"	"LIVINGSTON CAA AP MT"	30	clay	low	15.2439024390244	0	30	85	20	low	15.2439024390244	30	5	85	20	0	ft	""
WD	wepp-4571	"07:42 am  Tuesday December 8, 2009"	"BANGOR DOW FIELD ME +"	30	clay	low	15.2439024390244	0	30	85	20	low	15.2439024390244	30	5	85	20	0	ft	""
WD	wepp-4710	"07:44 am  Tuesday December 8, 2009"	"LIVINGSTON CAA AP MT"	30	clay	tree20	15.2439024390244	0	30	100	20	tree20	15.2439024390244	30	5	100	20	0	ft	""
WD	wepp-4735	"07:45 am  Tuesday December 8, 2009"	"BANGOR DOW FIELD ME +"	30	clay	tree20	15.2439024390244	0	30	100	20	tree20	15.2439024390244	30	5	100	20	0	ft	""
WD	wepp-4740	"07:46 am  Tuesday December 8, 2009"	"BANGOR DOW FIELD ME +"	30	sand	tree20	15.2439024390244	0	30	100	20	tree20	15.2439024390244	30	5	100	20	0	ft	""
WD	wepp-4745	"07:46 am  Tuesday December 8, 2009"	"LIVINGSTON CAA AP MT"	30	sand	tree20	15.2439024390244	0	30	100	20	tree20	15.2439024390244	30	5	100	20	0	ft	""
WD	wepp-4751	"07:47 am  Tuesday December 8, 2009"	"LIVINGSTON CAA AP MT"	30	sand	low	15.2439024390244	0	30	85	20	low	15.2439024390244	30	5	85	20	0	ft	""
WD	wepp-4762	"07:48 am  Tuesday December 8, 2009"	"BANGOR DOW FIELD ME +"	30	sand	low	15.2439024390244	0	30	85	20	low	15.2439024390244	30	5	85	20	0	ft	""
WD	wepp-5193	"07:56 am  Tuesday December 8, 2009"	"LONG FALLS DAM ME"	30	sand	high	15.2439024390244	20	20	45	20	high	15.2439024390244	20	20	45	20	0	ft	""
WD	wepp-5204	"07:57 am  Tuesday December 8, 2009"	"LONG FALLS DAM ME"	30	sand	high	15.2439024390244	50	50	45	20	high	15.2439024390244	50	50	45	20	0	ft	""
WD	wepp-6359	"08:41 am  Tuesday December 8, 2009"	"LONG FALLS DAM ME"	30	sand	high	91.4634146341463	50	50	45	20	high	91.4634146341463	50	50	45	20	0	ft	""
WD	wepp-6421	"08:42 am  Tuesday December 8, 2009"	"LONG FALLS DAM ME"	30	sand	high	91.4634146341463	20	20	45	20	high	91.4634146341463	20	20	45	20	0	ft	""
WD	wepp-31272	"08:07 am  Wednesday December 9, 2009"	"LIVINGSTON CAA AP MT"	30	sand	high	15.2439024390244	0	30	45	20	high	15.2439024390244	30	5	45	20	0	ft	""
WD	wepp-31308	"08:09 am  Wednesday December 9, 2009"	"Bangor Test 2 +"	30	sand	high	15.2439024390244	0	30	45	20	high	15.2439024390244	30	5	45	20	0	ft	""
WD	wepp-31313	"08:10 am  Wednesday December 9, 2009"	"BANGOR test2 +"	30	sand	high	15.2439024390244	0	30	45	20	high	15.2439024390244	30	5	45	20	0	ft	""
WD	wepp-31318	"08:10 am  Wednesday December 9, 2009"	"Bangor Test 2 +"	30	sand	high	15.2439024390244	0	30	45	20	high	15.2439024390244	30	5	45	20	0	ft	""
WD	wepp-31332	"08:13 am  Wednesday December 9, 2009"	"BANGOR test +"	30	sand	high	15.2439024390244	0	30	45	20	high	15.2439024390244	30	5	45	20	0	ft	""
WD	wepp-31371	"08:14 am  Wednesday December 9, 2009"	"LIVINGSTON CAA AP MT"	30	sand	low	15.2439024390244	0	30	85	20	low	15.2439024390244	30	5	85	20	0	ft	""
WD	wepp-31400	"08:16 am  Wednesday December 9, 2009"	"BANGOR test2 +"	30	sand	high	15.2439024390244	0	30	45	20	high	15.2439024390244	30	5	45	20	0	ft	""
WD	wepp-31409	"08:17 am  Wednesday December 9, 2009"	"LIVINGSTON CAA AP MT"	30	sand	tree20	15.2439024390244	0	30	100	20	tree20	15.2439024390244	30	5	100	20	0	ft	""
WD	wepp-31453	"08:20 am  Wednesday December 9, 2009"	"AUGUSTA CAA AIRPORT ME"	30	sand	high	15.2439024390244	20	20	45	20	high	15.2439024390244	20	20	45	20	0	ft	""
WD	wepp-31458	"08:22 am  Wednesday December 9, 2009"	"AUGUSTA CAA AIRPORT ME"	30	sand	high	15.2439024390244	50	50	45	20	high	15.2439024390244	50	50	45	20	0	ft	""
WD	wepp-31470	"08:23 am  Wednesday December 9, 2009"	"AUGUSTA CAA AIRPORT ME"	30	sand	high	91.4634146341463	50	50	45	20	high	91.4634146341463	50	50	45	20	0	ft	""
WD	wepp-31476	"08:24 am  Wednesday December 9, 2009"	"AUGUSTA CAA AIRPORT ME"	30	sand	high	91.4634146341463	20	20	45	20	high	91.4634146341463	20	20	45	20	0	ft	""
WD	wepp-31798	"08:37 am  Wednesday December 9, 2009"	"BANGOR test +"	30	sand	high	15.2439024390244	0	30	45	20	high	15.2439024390244	30	5	45	20	0	ft	""
WD	wepp-31817	"08:38 am  Wednesday December 9, 2009"	"BANGOR test +"	30	sand	low	15.2439024390244	0	30	85	20	low	15.2439024390244	30	5	85	20	0	ft	""
WD	wepp-31827	"08:39 am  Wednesday December 9, 2009"	"BANGOR test +"	30	sand	tree20	15.2439024390244	0	30	100	20	tree20	15.2439024390244	30	5	100	20	0	ft	""
WD	wepp-31884	"08:42 am  Wednesday December 9, 2009"	"BANGOR test +"	30	sand	high	15.2439024390244	0	30	45	20	high	15.2439024390244	30	5	45	20	0	ft	""
WD	wepp-31957	"08:44 am  Wednesday December 9, 2009"	"LIVINGSTON CAA AP MT"	30	sand	high	15.2439024390244	0	30	45	20	high	15.2439024390244	30	5	45	20	0	ft	""
WD	wepp-15583	"08:19 am  Thursday December 10, 2009"	"LIVINGSTON CAA AP MT"	30	clay	high	15.2439024390244	0	30	45	20	high	15.2439024390244	30	5	45	20	0	ft	""
WD	wepp-15615	"08:21 am  Thursday December 10, 2009"	"LIVINGSTON CAA AP MT"	30	sand	high	15.2439024390244	0	30	20	20	high	15.2439024390244	30	5	20	20	0	ft	""
WD	wepp-15649	"08:26 am  Thursday December 10, 2009"	"BANGOR DOW FIELD ME"	30	sand	high	15.2439024390244	0	30	20	20	high	15.2439024390244	30	5	20	20	0	ft	""
WD	wepp-15822	"08:50 am  Thursday December 10, 2009"	"LIVINGSTON CAA AP MT"	30	sand	low	15.2439024390244	0	30	20	20	low	15.2439024390244	30	5	20	20	0	ft	""
WD	wepp-15857	"08:52 am  Thursday December 10, 2009"	"BANGOR DOW FIELD ME"	30	sand	low	15.2439024390244	0	30	20	20	low	15.2439024390244	30	5	20	20	0	ft	""
WD	wepp-15871	"08:55 am  Thursday December 10, 2009"	"LIVINGSTON CAA AP MT"	30	sand	low	15.2439024390244	0	30	20	20	low	15.2439024390244	30	5	20	20	0	ft	""
WD	wepp-16325	"09:46 am  Thursday December 10, 2009"	"LIVINGSTON CAA AP MT"	30	sand	tree20	15.2439024390244	0	30	20	20	tree20	15.2439024390244	30	5	20	20	0	ft	""
WD	wepp-16357	"09:47 am  Thursday December 10, 2009"	"BANGOR DOW FIELD ME"	30	sand	tree20	15.2439024390244	0	30	20	20	tree20	15.2439024390244	30	5	20	20	0	ft	""
WD	wepp-16674	"10:17 am  Thursday December 10, 2009"	"MIDDLETOWN 4 W CT"	30	sand	high	15.2439024390244	20	20	45	20	high	15.2439024390244	20	20	45	20	0	ft	""
WD	wepp-16699	"10:20 am  Thursday December 10, 2009"	"MIDDLETOWN 4 W CT"	30	sand	high	15.2439024390244	20	20	45	20	high	15.2439024390244	20	20	45	20	0	ft	""
WD	wepp-16774	"10:21 am  Thursday December 10, 2009"	"MIDDLETOWN 4 W CT"	30	sand	high	15.2439024390244	50	50	45	20	high	15.2439024390244	50	50	45	20	0	ft	""
WD	wepp-16807	"10:22 am  Thursday December 10, 2009"	"MIDDLETOWN 4 W CT"	30	sand	high	91.4634146341463	20	20	45	20	high	91.4634146341463	20	20	45	20	0	ft	""
WD	wepp-16812	"10:24 am  Thursday December 10, 2009"	"MIDDLETOWN 4 W CT"	30	sand	high	91.4634146341463	50	50	45	20	high	91.4634146341463	50	50	45	20	0	ft	""
WD	wepp-16817	"10:24 am  Thursday December 10, 2009"	"MIDDLETOWN 4 W CT"	30	sand	high	91.4634146341463	50	50	45	20	high	91.4634146341463	50	50	45	20	0	ft	""
WD	wepp-18965	"12:51 pm  Thursday December 10, 2009"	"LIVINGSTON CAA AP MT"	30	sand	high	15.2439024390244	0	30	45	20	tree5	15.2439024390244	30	5	100	20	0	ft	""
WD	wepp-19221	"01:11 pm  Thursday December 10, 2009"	"BANGOR DOW FIELD ME"	30	sand	high	15.2439024390244	0	30	45	20	tree5	15.2439024390244	30	5	100	20	0	ft	""
WD	wepp-24364	"10:08 pm  Thursday December 10, 2009"	"LIVINGSTON CAA AP MT"	30	sand	tree20	15.2439024390244	0	30	100	20	tree5	15.2439024390244	30	5	100	20	0	ft	""
WD	wepp-24369	"10:08 pm  Thursday December 10, 2009"	"LIVINGSTON CAA AP MT"	30	sand	high	15.2439024390244	0	30	45	20	tree5	15.2439024390244	30	5	100	20	0	ft	""
WD	wepp-29893	"08:35 am  Friday December 11, 2009"	"LIVINGSTON CAA AP MT"	30	sand	high	15.2439024390244	0	30	20	20	high	15.2439024390244	30	5	20	20	0	ft	""
WD	wepp-980	"12:56 pm  Friday December 11, 2009"	"LIVINGSTON CAA AP MT"	30	sand	high	15.2439024390244	0	30	20	20	high	15.2439024390244	30	5	20	20	0	ft	""
WD	wepp-1037	"12:59 pm  Friday December 11, 2009"	"BANGOR DOW FIELD ME"	30	sand	high	15.2439024390244	0	30	20	20	high	15.2439024390244	30	5	20	20	0	ft	""
WD	wepp-1678	"01:50 pm  Friday December 11, 2009"	"LIVINGSTON CAA AP MT"	30	sand	low	15.2439024390244	0	30	20	20	low	15.2439024390244	30	5	20	20	0	ft	""
WD	wepp-1786	"01:53 pm  Friday December 11, 2009"	"BANGOR DOW FIELD ME"	30	sand	low	15.2439024390244	0	30	20	20	low	15.2439024390244	30	5	20	20	0	ft	""
WD	wepp-1791	"01:55 pm  Friday December 11, 2009"	"BANGOR DOW FIELD ME"	30	sand	low	15.2439024390244	0	30	20	20	low	15.2439024390244	30	5	20	20	0	ft	""
WD	wepp-1797	"01:56 pm  Friday December 11, 2009"	"BANGOR DOW FIELD ME"	30	sand	low	15.2439024390244	0	30	20	20	low	15.2439024390244	30	5	20	20	0	ft	"20 year old forest"
WD	wepp-1802	"01:56 pm  Friday December 11, 2009"	"BANGOR DOW FIELD ME"	30	sand	low	15.2439024390244	0	30	20	20	low	15.2439024390244	30	5	20	20	0	ft	"20 year old forest"
WD	wepp-1807	"01:56 pm  Friday December 11, 2009"	"BANGOR DOW FIELD ME"	30	sand	low	15.2439024390244	0	30	20	20	low	15.2439024390244	30	5	20	20	0	ft	"20 year old forest"
WD	wepp-10973	"07:57 am  Saturday December 12, 2009"	"LIVINGSTON CAA AP MT"	30	clay	high	15.2439024390244	0	30	45	20	high	15.2439024390244	30	5	45	20	0	ft	""
WD	wepp-11142	"08:07 am  Saturday December 12, 2009"	"LIVINGSTON CAA AP MT"	30	clay	high	15.2439024390244	0	30	45	20	high	15.2439024390244	30	5	45	20	0	ft	""
WD	wepp-11148	"08:09 am  Saturday December 12, 2009"	"LIVINGSTON CAA AP MT"	30	clay	high	15.2439024390244	0	30	45	20	high	15.2439024390244	30	5	45	20	0	ft	""
WD	wepp-11153	"08:10 am  Saturday December 12, 2009"	"LIVINGSTON CAA AP MT"	30	clay	low	15.2439024390244	0	30	85	20	low	15.2439024390244	30	5	85	20	0	ft	""
WD	wepp-11186	"08:12 am  Saturday December 12, 2009"	"LIVINGSTON CAA AP MT"	30	clay	low	15.2439024390244	0	30	85	20	low	15.2439024390244	30	5	85	20	0	ft	""
WD	wepp-11885	"09:35 am  Saturday December 12, 2009"	"LIVINGSTON CAA AP MT"	30	sand	high	15.2439024390244	0	30	45	20	high	15.2439024390244	30	5	45	20	0	ft	""
WD	wepp-11929	"09:42 am  Saturday December 12, 2009"	"BANGOR testees +"	30	sand	high	15.2439024390244	0	30	45	20	high	15.2439024390244	30	5	45	20	0	ft	""
WD	wepp-11964	"09:44 am  Saturday December 12, 2009"	"LIVINGSTON CAA AP MT"	30	sand	low	15.2439024390244	0	30	85	20	low	15.2439024390244	30	5	85	20	0	ft	""
WD	wepp-11988	"09:45 am  Saturday December 12, 2009"	"BANGOR testees +"	30	sand	low	15.2439024390244	0	30	85	20	low	15.2439024390244	30	5	85	20	0	ft	""
WD	wepp-12025	"09:52 am  Saturday December 12, 2009"	"LIVINGSTON CAA AP MT"	30	sand	tree20	15.2439024390244	0	30	100	20	tree20	15.2439024390244	30	5	100	20	0	ft	""
WD	wepp-12057	"09:53 am  Saturday December 12, 2009"	"BANGOR testees +"	30	sand	tree20	15.2439024390244	0	30	100	20	tree20	15.2439024390244	30	5	100	20	0	ft	""
WD	wepp-12601	"10:17 am  Saturday December 12, 2009"	"DANBURY CT"	30	sand	high	6.09756097560976	20	20	20	20	high	6.09756097560976	20	20	20	20	0	ft	""
WD	wepp-12636	"10:19 am  Saturday December 12, 2009"	"DANBURY CT"	30	sand	high	15.2439024390244	50	50	50	50	high	15.2439024390244	50	50	50	50	0	ft	""
WD	wepp-12643	"10:22 am  Saturday December 12, 2009"	"DANBURY CT"	30	sand	high	91.4634146341463	20	20	20	20	high	91.4634146341463	20	20	20	20	0	ft	""
WD	wepp-12649	"10:23 am  Saturday December 12, 2009"	"DANBURY CT"	30	sand	high	15.2439024390244	20	20	20	20	high	15.2439024390244	20	20	20	20	0	ft	""
WD	wepp-12681	"10:24 am  Saturday December 12, 2009"	"DANBURY CT"	30	sand	high	15.2439024390244	50	50	50	50	high	15.2439024390244	50	50	50	50	0	ft	""
WD	wepp-12686	"10:25 am  Saturday December 12, 2009"	"DANBURY CT"	30	sand	high	91.4634146341463	20	20	20	20	high	91.4634146341463	20	20	20	20	0	ft	""
WD	wepp-12691	"10:26 am  Saturday December 12, 2009"	"DANBURY CT"	30	sand	high	91.4634146341463	50	50	50	50	high	91.4634146341463	50	50	50	50	0	ft	""
WD	wepp-13947	"12:35 pm  Saturday December 12, 2009"	""	30	clay	high	15.2439024390244	0	30	45	20	high	15.2439024390244	30	5	45	20	0	ft	""
WD	wepp-13954	"12:36 pm  Saturday December 12, 2009"	""	30	clay	high	15.2439024390244	0	30	45	20	high	15.2439024390244	30	5	45	20	0	ft	"volcanic ash"
WD	wepp-13965	"12:38 pm  Saturday December 12, 2009"	""	30	clay	high	152.439024390244	10	55	45	35	high	152.439024390244	35	0	45	35	0	ft	""
WD	wepp-14021	"12:44 pm  Saturday December 12, 2009"	"Esters Park_Peasley +"	30	clay	high	152.439024390244	10	55	45	35	high	152.439024390244	35	0	45	35	0	ft	""
WD	wepp-2840	"07:39 pm  Sunday December 13, 2009"	"BANGOR DOW FIELD ME"	30	sand	high	15.2439024390244	0	30	45	20	high	15.2439024390244	30	5	45	20	0	ft	""
WD	wepp-2874	"07:40 pm  Sunday December 13, 2009"	"LIVINGSTON CAA AP MT"	30	sand	low	15.2439024390244	0	30	85	20	low	15.2439024390244	30	5	85	20	0	ft	""
WD	wepp-2882	"07:43 pm  Sunday December 13, 2009"	"BANGOR DOW FIELD ME"	30	sand	low	15.2439024390244	0	30	85	20	low	15.2439024390244	30	5	85	20	0	ft	""
WD	wepp-2887	"07:44 pm  Sunday December 13, 2009"	"LIVINGSTON CAA AP MT"	30	sand	tree20	15.2439024390244	0	30	100	20	tree20	15.2439024390244	30	5	100	20	0	ft	""
WD	wepp-2911	"07:45 pm  Sunday December 13, 2009"	"BANGOR DOW FIELD ME"	30	sand	tree20	15.2439024390244	0	30	100	20	tree20	15.2439024390244	30	5	100	20	0	ft	""
WD	wepp-2975	"07:53 pm  Sunday December 13, 2009"	"MIDDLETOWN 4 W CT"	30	sand	high	15.2439024390244	20	20	45	20	high	15.2439024390244	20	20	45	20	0	ft	""
WD	wepp-2981	"07:54 pm  Sunday December 13, 2009"	"MIDDLETOWN 4 W CT"	30	sand	high	15.2439024390244	50	50	45	20	high	15.2439024390244	50	50	45	20	0	ft	""
WD	wepp-3013	"07:56 pm  Sunday December 13, 2009"	"MIDDLETOWN 4 W CT"	30	sand	high	91.4634146341463	20	20	45	20	high	91.4634146341463	20	20	45	20	0	ft	""
WD	wepp-3021	"07:57 pm  Sunday December 13, 2009"	"MIDDLETOWN 4 W CT"	30	sand	high	91.4634146341463	50	50	45	20	high	91.4634146341463	50	50	45	20	0	ft	""
WD	wepp-10259	"10:13 am  Monday December 14, 2009"	"LIVINGSTON CAA AP MT"	30	sand	high	15.2439024390244	0	30	20	20	high	15.2439024390244	30	5	20	20	0	ft	""
WD	wepp-10336	"10:18 am  Monday December 14, 2009"	"LIVINGSTON CAA AP MT"	30	sand	tree20	15.2439024390244	0	30	100	20	tree20	15.2439024390244	30	5	100	20	0	ft	""
WD	wepp-10341	"10:19 am  Monday December 14, 2009"	"BANGOR DOW FIELD ME"	30	sand	tree20	15.2439024390244	0	30	100	20	tree20	15.2439024390244	30	5	100	20	0	ft	""
WD	wepp-10384	"10:25 am  Monday December 14, 2009"	"N Y BENSONHURST NY"	30	sand	high	15.2439024390244	20	20	45	20	high	15.2439024390244	20	20	45	20	0	ft	""
WD	wepp-10421	"10:28 am  Monday December 14, 2009"	"N Y BENSONHURST NY"	30	sand	high	15.2439024390244	50	50	45	20	high	15.2439024390244	50	50	45	20	0	ft	""
WD	wepp-10474	"10:31 am  Monday December 14, 2009"	"N Y BENSONHURST NY"	30	sand	high	91.4634146341463	20	20	45	20	high	91.4634146341463	20	20	45	20	0	ft	""
WD	wepp-10479	"10:32 am  Monday December 14, 2009"	"N Y BENSONHURST NY"	30	sand	high	91.4634146341463	50	50	45	20	high	91.4634146341463	50	50	45	20	0	ft	""
WD	wepp-13557	"01:35 pm  Monday December 14, 2009"	"ESTES PARK  CO 2 +"	30	clay	high	15.2439024390244	0	30	45	20	high	15.2439024390244	30	5	45	20	0	ft	""
WD	wepp-14847	"03:23 pm  Monday December 14, 2009"	"LIVINGSTON CAA AP MT"	30	sand	high	15.2439024390244	0	30	45	20	high	15.2439024390244	30	5	45	20	0	ft	""
WD	wepp-14882	"03:25 pm  Monday December 14, 2009"	"LIVINGSTON CAA AP MT"	30	sand	high	15.2439024390244	0	30	45	20	high	15.2439024390244	30	5	45	20	0	ft	""
WD	wepp-15252	"03:57 pm  Monday December 14, 2009"	"LIVINGSTON CAA AP MT"	30	sand	high	15.2439024390244	0	30	45	20	high	15.2439024390244	30	5	45	20	0	ft	""
WD	wepp-15556	"04:12 pm  Monday December 14, 2009"	"BANGOR testees +"	30	sand	high	15.2439024390244	0	30	45	20	high	15.2439024390244	30	5	45	20	0	ft	""
WD	wepp-15737	"04:21 pm  Monday December 14, 2009"	"BANGOR testees +"	30	sand	high	15.2439024390244	0	30	45	20	high	15.2439024390244	30	5	45	20	0	ft	""
WD	wepp-15744	"04:22 pm  Monday December 14, 2009"	"LIVINGSTON CAA AP MT"	30	sand	low	15.2439024390244	0	30	85	20	low	15.2439024390244	30	5	85	20	0	ft	""
WD	wepp-15768	"04:24 pm  Monday December 14, 2009"	"LIVINGSTON CAA AP MT"	30	sand	tree20	15.2439024390244	0	30	100	20	tree20	15.2439024390244	30	5	100	20	0	ft	""
WD	wepp-15819	"04:27 pm  Monday December 14, 2009"	"LIVINGSTON CAA AP MT"	30	sand	high	15.2439024390244	20	20	45	20	high	15.2439024390244	20	20	45	20	0	ft	""
WD	wepp-15830	"04:30 pm  Monday December 14, 2009"	"LIVINGSTON CAA AP MT"	30	sand	high	15.2439024390244	50	50	45	20	high	15.2439024390244	50	50	45	20	0	ft	""
WD	wepp-16111	"04:32 pm  Monday December 14, 2009"	"LIVINGSTON CAA AP MT"	30	sand	high	91.4634146341463	20	20	45	20	high	91.4634146341463	20	20	45	20	0	ft	""
WD	wepp-16121	"04:34 pm  Monday December 14, 2009"	"LIVINGSTON CAA AP MT"	30	sand	high	91.4634146341463	50	50	45	20	high	91.4634146341463	50	50	45	20	0	ft	""
WD	wepp-18324	"08:29 pm  Monday December 14, 2009"	"BANGOR testees +"	30	sand	high	15.2439024390244	0	30	45	20	high	15.2439024390244	30	5	45	20	0	ft	""
WD	wepp-18348	"08:30 pm  Monday December 14, 2009"	"LIVINGSTON CAA AP MT"	30	sand	high	15.2439024390244	0	30	45	20	high	15.2439024390244	30	5	45	20	0	ft	""
WD	wepp-15477	"10:04 am  Monday December 13, 2010"	"BANGOR DOW FIELD ME +"	1	silt	short	50	12	12	0	0	short	50	12	12	0	0	0	ft	"bare"
WD	wepp-15509	"10:05 am  Monday December 13, 2010"	"BANGOR DOW FIELD ME +"	1	silt	short	25	12	12	0	0	short	25	12	12	0	0	0	ft	"bare"
WD	wepp-15517	"10:09 am  Monday December 13, 2010"	"BANGOR DOW FIELD ME +"	1	silt	tall	15	12	12	60	20	tall	15	12	12	60	20	0	ft	"veggie"
WD	wepp-15522	"10:09 am  Monday December 13, 2010"	"BANGOR DOW FIELD ME +"	1	silt	short	15	12	12	0	20	short	15	12	12	0	20	0	ft	"bare"
WE	wepp-30721	"06:49 am  Monday February 7, 1967"	"BANGOR DOW FIELD ME +"	clay	20	forest	0	50	30	300	l			ft
WD	wepp-30791	"06:53 am  Monday February 7, 2011"	"BANGOR DOW FIELD ME +"	30	clay	tree20	50	0	30	100	20	tree5	50	30	5	100	20	0	ft	""
WD	wepp-30823	"06:54 am  Monday February 7, 2011"	"BANGOR DOW FIELD ME +"	30	clay	tree20	50	5	30	100	20	tree20	50	30	5	100	20	0	ft	""
WD	wepp-30829	"06:55 am  Monday February 7, 2011"	"BANGOR DOW FIELD ME +"	30	silt	skid	50	5	30	10	20	skid	50	30	5	10	20	0	ft	""
WD	wepp-30836	"06:57 am  Monday February 7, 2011"	"BANGOR DOW FIELD ME +"	30	silt	skid	50	5	30	10	20	skid	50	30	5	10	20	0	ft	""
