WE	wepp-209398	"12:08 pm  Wednesday April 14, 2021"	"Cellar2019 +"	sand	20	chap	11.31	42.09	57.3	72.2376	l	80	0	m
WE	wepp-209573	"12:09 pm  Wednesday April 14, 2021"	"Cellar2019 +"	sand	20	chap	3.54	11.87	7.36	31.0896	l	80	0	m
WE	wepp-209670	"12:09 pm  Wednesday April 14, 2021"	"Cellar2019 +"	sand	20	chap	5	13.04	12.24	60.78318	u	80	0	m
WE	wepp-209700	"12:09 pm  Wednesday April 14, 2021"	"Cellar2019 +"	sand	20	chap	23.34	20.6	5.03	106.5458	l	80	0	m
WE	wepp-209794	"12:09 pm  Wednesday April 14, 2021"	"Cellar2019 +"	sand	20	chap	11.55	20.91	6.62	24.7781	l	80	0	m
WE	wepp-209899	"12:09 pm  Wednesday April 14, 2021"	"Cellar2019 +"	sand	20	chap	20.51	30.96	9.06	35.9819	l	80	0	m
WE	wepp-209993	"12:10 pm  Wednesday April 14, 2021"	"Cellar2019 +"	sand	20	chap	4.48	7.09	7.75	63.44178	l	80	0	m
WE	wepp-210091	"12:10 pm  Wednesday April 14, 2021"	"Cellar2019 +"	sand	20	chap	15.33	21.59	4.7	27.02702	l	80	0	m
WE	wepp-210181	"12:10 pm  Wednesday April 14, 2021"	"Cellar2019 +"	sand	20	chap	9	8.15	4.78	52.34346	l	80	0	m
WE	wepp-210278	"12:10 pm  Wednesday April 14, 2021"	"Cellar2019 +"	sand	20	chap	42.19	27.96	11.3	73.34444	m	80	0	m
WE	wepp-210411	"12:11 pm  Wednesday April 14, 2021"	"Cellar2019 +"	sand	20	chap	4.01	16.78	13.54	56.31721	m	80	0	m
WE	wepp-210579	"12:11 pm  Wednesday April 14, 2021"	"Cellar2019 +"	sand	20	chap	18.67	29.26	19.28	69.20389	m	80	0	m
WE	wepp-210721	"12:11 pm  Wednesday April 14, 2021"	"Cellar2019 +"	sand	20	chap	8.01	40.02	25.34	37.11721	h	80	0	m
WE	wepp-210916	"12:12 pm  Wednesday April 14, 2021"	"Cellar2019 +"	sand	20	chap	58.22	34.97	14.15	101.3259	h	80	0	m
WE	wepp-211090	"12:12 pm  Wednesday April 14, 2021"	"Cellar2019 +"	sand	20	chap	35.33	41.89	31.29	66.97043	m	80	0	m
WE	wepp-211238	"12:13 pm  Wednesday April 14, 2021"	"Cellar2019 +"	sand	20	chap	28.76	67.83	32.11	14.5786	h	80	0	m
WE	wepp-211419	"12:13 pm  Wednesday April 14, 2021"	"Cellar2019 +"	sand	20	chap	39.13	84.19	19.95	12.93157	h	80	0	m
WE	wepp-211604	"12:13 pm  Wednesday April 14, 2021"	"Cellar2019 +"	sand	20	chap	20.74	34.13	27.88	66.27429	h	80	0	m
WE	wepp-211788	"12:14 pm  Wednesday April 14, 2021"	"Cellar2019 +"	sand	20	chap	34.88	44.43	27.72	100.3335	h	80	0	m
WE	wepp-211966	"12:14 pm  Wednesday April 14, 2021"	"Cellar2019 +"	sand	20	chap	40	39.5	19.56	75.49529	h	80	0	m
WE	wepp-212152	"12:15 pm  Wednesday April 14, 2021"	"Cellar2019 +"	sand	20	chap	35.12	48.22	29.23	84.44023	h	80	0	m
WE	wepp-212335	"12:15 pm  Wednesday April 14, 2021"	"Cellar2019 +"	sand	20	chap	63.88	34.19	10.67	149.4556	h	80	0	m
WE	wepp-212506	"12:16 pm  Wednesday April 14, 2021"	"Cellar2019 +"	sand	20	chap	43.67	62.76	21.69	15.68862	h	80	0	m
WE	wepp-212693	"12:16 pm  Wednesday April 14, 2021"	"Cellar2019 +"	sand	20	chap	21.45	21.45	21.45	3.137725	h	80	0	m
WE	wepp-212864	"12:16 pm  Wednesday April 14, 2021"	"Cellar2019 +"	sand	20	chap	40.07	43.4	16.57	27.26844	h	80	0	m
WE	wepp-213039	"12:17 pm  Wednesday April 14, 2021"	"Cellar2019 +"	sand	20	chap	30.64	38.02	15.96	60.63641	h	80	0	m
WE	wepp-213209	"12:17 pm  Wednesday April 14, 2021"	"Cellar2019 +"	sand	20	chap	19.09	21.12	11.77	111.1425	h	80	0	m
WE	wepp-213385	"12:18 pm  Wednesday April 14, 2021"	"Cellar2019 +"	sand	20	chap	27	36.23	17.53	30.2412	h	80	0	m
WE	wepp-213559	"12:18 pm  Wednesday April 14, 2021"	"Cellar2019 +"	sand	20	chap	30.88	50.88	13.99	22.17688	h	80	0	m
WE	wepp-213734	"12:19 pm  Wednesday April 14, 2021"	"Cellar2019 +"	sand	20	chap	26.4	26.29	15.96	41.45788	h	80	0	m
WE	wepp-213914	"12:19 pm  Wednesday April 14, 2021"	"Cellar2019 +"	sand	20	chap	19.56	39.95	40.28	80.18228	h	80	0	m
WE	wepp-214087	"12:19 pm  Wednesday April 14, 2021"	"Cellar2019 +"	sand	20	chap	27.4	52.28	19.18	20.47499	h	80	0	m
WE	wepp-214264	"12:20 pm  Wednesday April 14, 2021"	"Cellar2019 +"	sand	20	chap	14.14	46.84	13.5	21.55261	h	80	0	m
WE	wepp-214440	"12:20 pm  Wednesday April 14, 2021"	"Cellar2019 +"	sand	20	chap	57.28	33.45	18.67	138.5084	h	80	0	m
WE	wepp-214612	"12:21 pm  Wednesday April 14, 2021"	"Cellar2019 +"	sand	20	chap	62.67	29.28	8.44	56.75333	h	80	0	m
WE	wepp-214850	"12:21 pm  Wednesday April 14, 2021"	"Cellar2019 +"	sand	20	chap	41.02	32.08	18.51	60.42395	h	80	0	m
WE	wepp-215046	"12:22 pm  Wednesday April 14, 2021"	"Cellar2019 +"	sand	20	chap	46.2	37.62	18.8	97.98956	h	80	0	m
WE	wepp-215224	"12:22 pm  Wednesday April 14, 2021"	"Cellar2019 +"	sand	20	chap	23.34	54.82	34.16	15.83642	h	80	0	m
WE	wepp-215402	"12:23 pm  Wednesday April 14, 2021"	"Cellar2019 +"	sand	20	chap	30.88	33.31	16.94	48.53098	h	80	0	m
WE	wepp-215581	"12:23 pm  Wednesday April 14, 2021"	"Cellar2019 +"	sand	20	chap	40	27.35	5.96	119.3643	h	80	0	m
WE	wepp-215754	"12:23 pm  Wednesday April 14, 2021"	"Cellar2019 +"	sand	20	chap	21.21	32.99	12.86	22.69026	h	80	0	m
WE	wepp-215960	"12:24 pm  Wednesday April 14, 2021"	"Cellar2019 +"	sand	20	chap	28.52	27.04	14.95	79.61494	h	80	0	m
WE	wepp-216130	"12:24 pm  Wednesday April 14, 2021"	"Cellar2019 +"	sand	20	chap	1.65	4.97	4.21	171.6814	l	80	0	m
WE	wepp-216224	"12:25 pm  Wednesday April 14, 2021"	"Cellar2019 +"	sand	20	chap	3.77	12.49	5.68	9.413175	l	80	0	m
WE	wepp-216319	"12:25 pm  Wednesday April 14, 2021"	"Cellar2019 +"	sand	20	chap	6.83	10.34	6	9.413175	l	80	0	m
WE	wepp-216417	"12:25 pm  Wednesday April 14, 2021"	"Cellar2019 +"	sand	20	chap	1.41	7.53	6.65	66.42551	m	80	0	m
WE	wepp-216548	"12:25 pm  Wednesday April 14, 2021"	"Cellar2019 +"	sand	20	chap	9.66	12.3	5.92	31.63119	l	80	0	m
WE	wepp-216645	"12:26 pm  Wednesday April 14, 2021"	"Cellar2019 +"	sand	20	chap	3	6.75	7.06	39.47194	m	80	0	m
WE	wepp-216776	"12:26 pm  Wednesday April 14, 2021"	"Cellar2019 +"	sand	20	chap	30.33	13.47	5.05	40.1298	m	80	0	m
WE	wepp-216906	"12:26 pm  Wednesday April 14, 2021"	"Cellar2019 +"	sand	20	chap	44	13.83	3.64	168.0241	m	80	0	m
WE	wepp-217040	"12:27 pm  Wednesday April 14, 2021"	"Cellar2019 +"	sand	20	chap	29.33	18.63	7.38	90.95217	l	80	0	m
WE	wepp-217138	"12:27 pm  Wednesday April 14, 2021"	"Cellar2019 +"	sand	20	chap	37.48	35.25	16.98	54.4855	m	80	0	m
WE	wepp-217269	"12:27 pm  Wednesday April 14, 2021"	"Cellar2019 +"	sand	20	chap	20.96	22.47	14.69	94.87877	m	80	0	m
WE	wepp-217403	"12:28 pm  Wednesday April 14, 2021"	"Cellar2019 +"	sand	20	chap	38.67	39.83	15.04	53.97689	m	80	0	m
WE	wepp-217539	"12:28 pm  Wednesday April 14, 2021"	"Cellar2019 +"	sand	20	chap	32.53	58.02	24.32	31.11609	m	80	0	m
WE	wepp-217675	"12:28 pm  Wednesday April 14, 2021"	"Cellar2019 +"	sand	20	chap	34.67	28.27	14.51	70.88432	m	80	0	m
WE	wepp-217813	"12:29 pm  Wednesday April 14, 2021"	"Cellar2019 +"	sand	20	chap	27.81	33.73	16.48	81.8101	m	80	0	m
WE	wepp-217948	"12:29 pm  Wednesday April 14, 2021"	"Cellar2019 +"	sand	20	chap	15	15	15	3.787569	m	80	0	m
WE	wepp-218101	"12:29 pm  Wednesday April 14, 2021"	"Cellar2019 +"	sand	20	chap	41.72	54.13	8.89	30.30055	m	80	0	m
WE	wepp-218261	"12:30 pm  Wednesday April 14, 2021"	"Cellar2019 +"	sand	20	chap	24.04	23.48	22.74	108.4797	m	80	0	m
WE	wepp-218392	"12:30 pm  Wednesday April 14, 2021"	"Cellar2019 +"	sand	20	chap	41.25	39.77	20.88	37.28127	m	80	0	m
WE	wepp-218526	"12:30 pm  Wednesday April 14, 2021"	"Cellar2019 +"	sand	20	chap	44.55	51.73	17.88	22.05371	m	80	0	m
WE	wepp-218660	"12:31 pm  Wednesday April 14, 2021"	"Cellar2019 +"	sand	20	chap	40.67	39.85	8.72	16.99403	m	80	0	m
WE	wepp-218798	"12:31 pm  Wednesday April 14, 2021"	"Cellar2019 +"	sand	20	chap	24.75	24.33	16.07	158.611	m	80	0	m
WE	wepp-218928	"12:31 pm  Wednesday April 14, 2021"	"Cellar2019 +"	sand	20	chap	20	21.47	2.15	117.0677	m	80	0	m
WE	wepp-219081	"12:32 pm  Wednesday April 14, 2021"	"Cellar2019 +"	sand	20	chap	47.73	100	35.12	18.74751	m	80	0	m
WE	wepp-219212	"12:32 pm  Wednesday April 14, 2021"	"Cellar2019 +"	sand	20	chap	28.76	28.76	28.76	2.678216	m	80	0	m
WE	wepp-219344	"12:32 pm  Wednesday April 14, 2021"	"Cellar2019 +"	sand	20	chap	29.23	69.48	16.76	18.93784	m	80	0	m
WE	wepp-219475	"12:33 pm  Wednesday April 14, 2021"	"Cellar2019 +"	sand	20	chap	37.95	33.81	29.67	7.575138	m	80	0	m
WE	wepp-219606	"12:33 pm  Wednesday April 14, 2021"	"Cellar2019 +"	sand	20	chap	34.61	45.03	20.28	29.84258	m	80	0	m
WE	wepp-219743	"12:33 pm  Wednesday April 14, 2021"	"Cellar2019 +"	sand	20	chap	54.67	51.7	15.5	39.35761	m	80	0	m
WE	wepp-219874	"12:34 pm  Wednesday April 14, 2021"	"Cellar2019 +"	sand	20	chap	23.34	35.57	14.88	192.585	m	80	0	m
WE	wepp-220007	"12:34 pm  Wednesday April 14, 2021"	"Cellar2019 +"	sand	20	chap	20.98	49.34	22.98	20.46797	m	80	0	m
WE	wepp-220139	"12:34 pm  Wednesday April 14, 2021"	"Cellar2019 +"	sand	20	chap	30.88	46.71	23.1	33.4777	m	80	0	m
WE	wepp-220272	"12:35 pm  Wednesday April 14, 2021"	"Cellar2019 +"	sand	20	chap	25.3	30.54	26.74	81.68557	m	80	0	m
WE	wepp-220403	"12:35 pm  Wednesday April 14, 2021"	"Cellar2019 +"	sand	20	chap	23.81	26.26	7.81	103.3407	m	80	0	m
WE	wepp-220558	"12:35 pm  Wednesday April 14, 2021"	"Cellar2019 +"	sand	20	chap	34	62.7	27.84	23.36101	m	80	0	m
WE	wepp-220689	"12:36 pm  Wednesday April 14, 2021"	"Cellar2019 +"	sand	20	chap	37	63.71	27.13	25.69711	m	80	0	m
WE	wepp-220820	"12:36 pm  Wednesday April 14, 2021"	"Cellar2019 +"	sand	20	chap	23.67	30.74	28.51	99.4287	m	80	0	m
WE	wepp-220990	"12:36 pm  Wednesday April 14, 2021"	"Cellar2019 +"	sand	20	chap	49.73	83.72	32.4	18.859	m	80	0	m
WE	wepp-221125	"12:37 pm  Wednesday April 14, 2021"	"Cellar2019 +"	sand	20	chap	37	100	44.71	11.09353	m	80	0	m
WE	wepp-221261	"12:37 pm  Wednesday April 14, 2021"	"Cellar2019 +"	sand	20	chap	27.34	46.18	25.64	28.02801	m	80	0	m
WE	wepp-221397	"12:37 pm  Wednesday April 14, 2021"	"Cellar2019 +"	sand	20	chap	33	59.88	33.87	22.34666	h	80	0	m
WE	wepp-221567	"12:38 pm  Wednesday April 14, 2021"	"Cellar2019 +"	sand	20	chap	26.16	35.22	20.41	88.80383	m	80	0	m
WE	wepp-221698	"12:38 pm  Wednesday April 14, 2021"	"Cellar2019 +"	sand	20	chap	27.81	41.12	28.32	27.65329	m	80	0	m
WE	wepp-221834	"12:39 pm  Wednesday April 14, 2021"	"Cellar2019 +"	sand	20	chap	42.19	71.39	22.08	20.3333	m	80	0	m
WE	wepp-222020	"12:39 pm  Wednesday April 14, 2021"	"Cellar2019 +"	sand	20	chap	28.28	34.26	17.82	98.41973	m	80	0	m
WE	wepp-222150	"12:39 pm  Wednesday April 14, 2021"	"Cellar2019 +"	sand	20	chap	42.67	53.83	23.19	26.90449	m	80	0	m
WE	wepp-222286	"12:40 pm  Wednesday April 14, 2021"	"Cellar2019 +"	sand	20	chap	23.1	53.36	30.28	25.78347	m	80	0	m
WE	wepp-222419	"12:40 pm  Wednesday April 14, 2021"	"Cellar2019 +"	sand	20	chap	26.4	26.18	17.11	40.09622	m	80	0	m
WE	wepp-222551	"12:40 pm  Wednesday April 14, 2021"	"Cellar2019 +"	sand	20	chap	49.33	53.47	34.51	49.84935	h	80	0	m
WE	wepp-222724	"12:41 pm  Wednesday April 14, 2021"	"Cellar2019 +"	sand	20	chap	55.67	39.3	21.23	108.9453	m	80	0	m
WE	wepp-222860	"12:41 pm  Wednesday April 14, 2021"	"Cellar2019 +"	sand	20	chap	28.33	55.53	22.36	26.27293	m	80	0	m
WE	wepp-222990	"12:41 pm  Wednesday April 14, 2021"	"Cellar2019 +"	sand	20	chap	33.67	32.37	27.27	66.39886	m	80	0	m
WE	wepp-223123	"12:42 pm  Wednesday April 14, 2021"	"Cellar2019 +"	sand	20	chap	17.68	28.47	20.39	88.85275	m	80	0	m
WE	wepp-223273	"12:42 pm  Wednesday April 14, 2021"	"Cellar2019 +"	sand	20	chap	36.33	80.22	21.65	8.28596	m	80	0	m
WE	wepp-223405	"12:42 pm  Wednesday April 14, 2021"	"Cellar2019 +"	sand	20	chap	30.67	94.23	30.33	12.42894	h	80	0	m
WE	wepp-223599	"12:43 pm  Wednesday April 14, 2021"	"Cellar2019 +"	sand	20	chap	27.11	23.26	19.83	104.6253	m	80	0	m
WE	wepp-223751	"12:43 pm  Wednesday April 14, 2021"	"Cellar2019 +"	sand	20	chap	34.41	49.7	30.77	34.59946	m	80	0	m
WE	wepp-223908	"12:43 pm  Wednesday April 14, 2021"	"Cellar2019 +"	sand	20	chap	42.66	45.04	21.02	74.52192	m	80	0	m
WE	wepp-224047	"12:44 pm  Wednesday April 14, 2021"	"Cellar2019 +"	sand	20	chap	26.16	34.28	18.46	84.08657	m	80	0	m
WE	wepp-224205	"12:44 pm  Wednesday April 14, 2021"	"Cellar2019 +"	sand	20	chap	48.33	75.95	26.73	18.93784	m	80	0	m
WE	wepp-224349	"12:44 pm  Wednesday April 14, 2021"	"Cellar2019 +"	sand	20	chap	51.38	43.57	35.76	7.575138	m	80	0	m
WE	wepp-224489	"12:45 pm  Wednesday April 14, 2021"	"Cellar2019 +"	sand	20	chap	36.53	17.52	13.34	142.9291	m	80	0	m
WE	wepp-224651	"12:45 pm  Wednesday April 14, 2021"	"Cellar2019 +"	sand	20	chap	4.24	12.88	8.01	13.41539	m	80	0	m
WE	wepp-224782	"12:45 pm  Wednesday April 14, 2021"	"Cellar2019 +"	sand	20	chap	6	9.03	11.3	74.7429	m	80	0	m
