WE	wepp-99104	"07:31 pm  Thursday August 23, 2018"	"Ferguson_Hi +"	loam	7	chap	40	60.36766	61	500	u	80	0	ft
WE	wepp-99201	"07:31 pm  Thursday August 23, 2018"	"Ferguson_Hi +"	loam	7	chap	40	60.36766	61	500	l	80	0	ft
WE	wepp-99488	"07:31 pm  Thursday August 23, 2018"	"Ferguson_Hi +"	loam	7	chap	40	60.36766	61	500	m	80	0	ft
WE	wepp-99885	"07:31 pm  Thursday August 23, 2018"	"Ferguson_Hi +"	loam	7	chap	40	60.36766	61	500	h	80	0	ft
WE	wepp-100407	"07:31 pm  Thursday August 23, 2018"	"Ferguson_Hi +"	sand	7	forest	30	42.1431	20	400	u			ft
WE	wepp-100500	"07:31 pm  Thursday August 23, 2018"	"Ferguson_Hi +"	sand	7	forest	30	42.1431	20	400	l			ft
WE	wepp-100782	"07:32 pm  Thursday August 23, 2018"	"Ferguson_Hi +"	sand	7	forest	30	42.1431	20	400	m			ft
WE	wepp-101182	"07:32 pm  Thursday August 23, 2018"	"Ferguson_Hi +"	sand	7	forest	30	42.1431	20	400	h			ft
WE	wepp-101672	"07:32 pm  Thursday August 23, 2018"	"Ferguson_Hi +"	sand	7	forest	20	28.01204	20	300	u			ft
WE	wepp-101750	"07:32 pm  Thursday August 23, 2018"	"Ferguson_Hi +"	sand	7	forest	20	28.01204	20	300	l			ft
WE	wepp-102052	"07:32 pm  Thursday August 23, 2018"	"Ferguson_Hi +"	sand	7	forest	20	28.01204	20	300	m			ft
WE	wepp-102452	"07:33 pm  Thursday August 23, 2018"	"Ferguson_Hi +"	sand	7	forest	20	28.01204	20	300	h			ft
WE	wepp-102992	"07:33 pm  Thursday August 23, 2018"	"Ferguson_Hi +"	sand	7	forest	35	47.54955	55	300	l			ft
WE	wepp-103301	"07:33 pm  Thursday August 23, 2018"	"Ferguson_Hi +"	sand	7	forest	35	47.54955	55	300	m			ft
WE	wepp-103752	"07:33 pm  Thursday August 23, 2018"	"Ferguson_Hi +"	sand	7	forest	35	47.54955	55	300	h			ft
WE	wepp-104273	"07:34 pm  Thursday August 23, 2018"	"Ferguson_Hi +"	sand	7	forest	20	33.35488	40	550	u			ft
WE	wepp-104416	"07:34 pm  Thursday August 23, 2018"	"Ferguson_Hi +"	sand	7	forest	20	33.35488	40	550	l			ft
WE	wepp-104711	"07:34 pm  Thursday August 23, 2018"	"Ferguson_Hi +"	sand	7	forest	20	33.35488	40	550	m			ft
WE	wepp-105139	"07:34 pm  Thursday August 23, 2018"	"Ferguson_Hi +"	sand	7	forest	20	33.35488	40	550	h			ft
WE	wepp-105659	"07:34 pm  Thursday August 23, 2018"	"Ferguson_Hi +"	sand	7	forest	15	28.08434	15	300	u			ft
WE	wepp-105815	"07:34 pm  Thursday August 23, 2018"	"Ferguson_Hi +"	sand	7	forest	15	28.08434	15	300	l			ft
WE	wepp-106104	"07:35 pm  Thursday August 23, 2018"	"Ferguson_Hi +"	sand	7	forest	15	28.08434	15	300	m			ft
WE	wepp-106534	"07:35 pm  Thursday August 23, 2018"	"Ferguson_Hi +"	sand	7	forest	15	28.08434	15	300	h			ft
WE	wepp-107036	"07:35 pm  Thursday August 23, 2018"	"Ferguson_Hi +"	sand	7	forest	35	34.94628	40	800	u			ft
WE	wepp-107139	"07:35 pm  Thursday August 23, 2018"	"Ferguson_Hi +"	sand	7	forest	35	34.94628	40	800	l			ft
WE	wepp-107415	"07:35 pm  Thursday August 23, 2018"	"Ferguson_Hi +"	sand	7	forest	35	34.94628	40	800	m			ft
WE	wepp-107904	"07:36 pm  Thursday August 23, 2018"	"Ferguson_Hi +"	sand	7	forest	35	34.94628	40	800	h			ft
WE	wepp-108423	"07:36 pm  Thursday August 23, 2018"	"Ferguson_Hi +"	sand	7	forest	20	37.36587	20	850	u			ft
WE	wepp-108552	"07:36 pm  Thursday August 23, 2018"	"Ferguson_Hi +"	sand	7	forest	20	37.36587	20	850	l			ft
WE	wepp-108825	"07:36 pm  Thursday August 23, 2018"	"Ferguson_Hi +"	sand	7	forest	20	37.36587	20	850	m			ft
WE	wepp-109217	"07:36 pm  Thursday August 23, 2018"	"Ferguson_Hi +"	sand	7	forest	20	37.36587	20	850	h			ft
WE	wepp-109722	"07:37 pm  Thursday August 23, 2018"	"Ferguson_Hi +"	loam	7	forest	55	43.33099	60	800	u			ft
WE	wepp-109842	"07:37 pm  Thursday August 23, 2018"	"Ferguson_Hi +"	loam	7	forest	55	43.33099	60	800	l			ft
WE	wepp-110126	"07:37 pm  Thursday August 23, 2018"	"Ferguson_Hi +"	loam	7	forest	55	43.33099	60	800	m			ft
WE	wepp-110563	"07:37 pm  Thursday August 23, 2018"	"Ferguson_Hi +"	loam	7	forest	55	43.33099	60	800	h			ft
WE	wepp-111103	"07:37 pm  Thursday August 23, 2018"	"Ferguson_Hi +"	loam	7	forest	20	24.97222	20	300	u			ft
WE	wepp-111202	"07:37 pm  Thursday August 23, 2018"	"Ferguson_Hi +"	loam	7	forest	20	24.97222	20	300	l			ft
WE	wepp-111482	"07:38 pm  Thursday August 23, 2018"	"Ferguson_Hi +"	loam	7	forest	20	24.97222	20	300	m			ft
WE	wepp-111873	"07:38 pm  Thursday August 23, 2018"	"Ferguson_Hi +"	loam	7	forest	20	24.97222	20	300	h			ft
WE	wepp-112535	"07:38 pm  Thursday August 23, 2018"	"Ferguson_Hi +"	loam	7	chap	30	41.01061	30	600	u	80	0	ft
WE	wepp-112709	"07:38 pm  Thursday August 23, 2018"	"Ferguson_Hi +"	loam	7	chap	30	41.01061	30	600	l	80	0	ft
WE	wepp-112996	"07:38 pm  Thursday August 23, 2018"	"Ferguson_Hi +"	loam	7	chap	30	41.01061	30	600	m	80	0	ft
WE	wepp-113508	"07:39 pm  Thursday August 23, 2018"	"Ferguson_Hi +"	loam	7	chap	30	41.01061	30	600	h	80	0	ft
WE	wepp-114038	"07:39 pm  Thursday August 23, 2018"	"Ferguson_Hi +"	loam	7	chap	60	68.63129	60	700	u	80	0	ft
WE	wepp-114201	"07:39 pm  Thursday August 23, 2018"	"Ferguson_Hi +"	loam	7	chap	60	68.63129	60	700	l	80	0	ft
WE	wepp-114501	"07:39 pm  Thursday August 23, 2018"	"Ferguson_Hi +"	loam	7	chap	60	68.63129	60	700	m	80	0	ft
WE	wepp-114891	"07:40 pm  Thursday August 23, 2018"	"Ferguson_Hi +"	loam	7	chap	60	68.63129	60	700	h	80	0	ft
WE	wepp-115413	"07:40 pm  Thursday August 23, 2018"	"Ferguson_Hi +"	sand	7	forest	28	29.02098	35	600	u			ft
WE	wepp-115488	"07:40 pm  Thursday August 23, 2018"	"Ferguson_Hi +"	sand	7	forest	28	29.02098	35	600	l			ft
WE	wepp-115779	"07:40 pm  Thursday August 23, 2018"	"Ferguson_Hi +"	sand	7	forest	28	29.02098	35	600	m			ft
WE	wepp-116224	"07:40 pm  Thursday August 23, 2018"	"Ferguson_Hi +"	sand	7	forest	28	29.02098	35	600	h			ft
WE	wepp-116736	"07:41 pm  Thursday August 23, 2018"	"Ferguson_Hi +"	sand	7	forest	30	32.09433	25	1000	u			ft
WE	wepp-116891	"07:41 pm  Thursday August 23, 2018"	"Ferguson_Hi +"	sand	7	forest	30	32.09433	25	1000	l			ft
WE	wepp-117175	"07:41 pm  Thursday August 23, 2018"	"Ferguson_Hi +"	sand	7	forest	30	32.09433	25	1000	m			ft
WE	wepp-117644	"07:41 pm  Thursday August 23, 2018"	"Ferguson_Hi +"	sand	7	forest	30	32.09433	25	1000	h			ft
WE	wepp-118255	"07:41 pm  Thursday August 23, 2018"	"Ferguson_Hi +"	sand	7	forest	25	23.27015	25	500	u			ft
WE	wepp-118346	"07:41 pm  Thursday August 23, 2018"	"Ferguson_Hi +"	sand	7	forest	25	23.27015	25	500	l			ft
WE	wepp-118632	"07:42 pm  Thursday August 23, 2018"	"Ferguson_Hi +"	sand	7	forest	25	23.27015	25	500	m			ft
WE	wepp-119024	"07:42 pm  Thursday August 23, 2018"	"Ferguson_Hi +"	sand	7	forest	25	37.65524	40	900	u			ft
WE	wepp-119126	"07:42 pm  Thursday August 23, 2018"	"Ferguson_Hi +"	sand	7	forest	25	37.65524	40	900	l			ft
WE	wepp-119411	"07:42 pm  Thursday August 23, 2018"	"Ferguson_Hi +"	sand	7	forest	25	37.65524	40	900	m			ft
WE	wepp-119823	"07:42 pm  Thursday August 23, 2018"	"Ferguson_Hi +"	sand	7	forest	25	37.65524	40	900	h			ft
WE	wepp-120436	"07:43 pm  Thursday August 23, 2018"	"Ferguson_Hi +"	sand	7	forest	35	15.56393	35	400	u			ft
WE	wepp-120528	"07:43 pm  Thursday August 23, 2018"	"Ferguson_Hi +"	sand	7	chap	35	15.56393	35	400	l	80	0	ft
