WD	wepp-2624	"08:44 pm  Monday November 19, 2012"	"LA CROSSE WB AP WI +"	10	silt	OldForest	250	30	70	100	10	OldForest	250	70	30	100	10	0	ft	"Mature Forest	Mature forest  "
WD	wepp-2665	"08:46 pm  Monday November 19, 2012"	"LA CROSSE WB AP WI +"	50	silt	OldForest	250	30	70	100	10	OldForest	250	70	30	100	10	0	ft	"Mature Forest	Mature forest  "
WD	wepp-2689	"08:46 pm  Monday November 19, 2012"	"LA CROSSE WB AP WI +"	25	silt	OldForest	250	30	70	100	10	OldForest	250	70	30	100	10	0	ft	"Mature Forest	Mature forest  "
WD	wepp-2744	"08:47 pm  Monday November 19, 2012"	"LA CROSSE WB AP WI +"	3	silt	OldForest	50	0	30	100	20	OldForest	50	30	5	100	20	0	ft	""
WD	wepp-2764	"08:48 pm  Monday November 19, 2012"	"LA CROSSE WB AP WI +"	50	silt	OldForest	50	0	30	100	20	OldForest	50	30	5	100	20	0	ft	""
WD	wepp-2787	"08:49 pm  Monday November 19, 2012"	"LA CROSSE WB AP WI +"	50	silt	OldForest	50	30	70	100	10	OldForest	50	70	30	100	10	0	ft	""
WD	wepp-2808	"08:50 pm  Monday November 19, 2012"	"LA CROSSE WB AP WI +"	10	silt	OldForest	50	30	70	100	10	OldForest	50	70	30	100	10	0	ft	""
WD	wepp-2833	"08:51 pm  Monday November 19, 2012"	"LA CROSSE WB AP WI +"	10	silt	OldForest	250	30	70	100	10	OldForest	50	70	30	100	10	0	ft	""
WD	wepp-2968	"08:59 pm  Monday November 19, 2012"	"LA CROSSE WB AP WI +"	10	silt	OldForest	250	30	70	100	10	YoungForest	50	70	30	100	10	0	ft	""
WD	wepp-3009	"09:00 pm  Monday November 19, 2012"	"LA CROSSE WB AP WI +"	10	silt	OldForest	250	30	70	100	10	OldForest	250	70	30	100	10	0	ft	""
WD	wepp-3030	"09:01 pm  Monday November 19, 2012"	"LA CROSSE WB AP WI +"	10	silt	OldForest	250	30	70	100	10	HighFire	250	70	30	45	10	0	ft	""
WD	wepp-3053	"09:01 pm  Monday November 19, 2012"	"LA CROSSE WB AP WI +"	10	silt	OldForest	250	30	70	100	10	Bunchgrass	250	70	30	60	10	0	ft	""
WD	wepp-3103	"09:02 pm  Monday November 19, 2012"	"LA CROSSE WB AP WI +"	10	silt	OldForest	250	30	70	100	10	HighFire	250	70	30	45	10	0	ft	""
WD	wepp-3124	"09:03 pm  Monday November 19, 2012"	"LA CROSSE WB AP WI +"	10	silt	OldForest	250	30	70	100	10	OldForest	250	70	30	100	10	0	ft	""
WD	wepp-3145	"09:03 pm  Monday November 19, 2012"	"LA CROSSE WB AP WI +"	10	silt	OldForest	250	30	70	100	10	Shrub	250	70	30	80	10	0	ft	""
WD	wepp-3166	"09:03 pm  Monday November 19, 2012"	"LA CROSSE WB AP WI +"	10	silt	OldForest	250	30	70	100	10	YoungForest	250	70	30	100	10	0	ft	""
WD	wepp-3344	"09:15 pm  Monday November 19, 2012"	"LA CROSSE WB AP WI +"	10	silt	HighFire	250	30	70	45	10	OldForest	250	70	30	100	10	0	ft	""
WD	wepp-3364	"09:16 pm  Monday November 19, 2012"	"LA CROSSE WB AP WI +"	10	silt	Bunchgrass	250	30	70	60	10	OldForest	250	70	30	100	10	0	ft	""
WD	wepp-3384	"09:16 pm  Monday November 19, 2012"	"LA CROSSE WB AP WI +"	10	silt	Shrub	250	30	70	80	10	OldForest	250	70	30	100	10	0	ft	""
WD	wepp-3431	"09:17 pm  Monday November 19, 2012"	"LA CROSSE WB AP WI +"	10	silt	YoungForest	250	30	70	100	10	OldForest	250	70	30	100	10	0	ft	""
WD	wepp-3451	"09:17 pm  Monday November 19, 2012"	"LA CROSSE WB AP WI +"	10	silt	OldForest	250	30	70	100	10	OldForest	250	70	30	100	10	0	ft	""
WD	wepp-3478	"09:21 pm  Monday November 19, 2012"	"LA CROSSE WB AP WI +"	10	silt	HighFire	250	30	70	45	10	HighFire	250	70	30	45	10	0	ft	""
WD	wepp-3498	"09:21 pm  Monday November 19, 2012"	"LA CROSSE WB AP WI +"	10	silt	Bunchgrass	250	30	70	60	10	Bunchgrass	250	70	30	60	10	0	ft	""
WD	wepp-3518	"09:21 pm  Monday November 19, 2012"	"LA CROSSE WB AP WI +"	10	silt	Shrub	250	30	70	80	10	Shrub	250	70	30	80	10	0	ft	""
WD	wepp-3568	"09:22 pm  Monday November 19, 2012"	"LA CROSSE WB AP WI +"	10	silt	YoungForest	250	30	70	100	10	YoungForest	250	70	30	100	10	0	ft	""
WD	wepp-3588	"09:22 pm  Monday November 19, 2012"	"LA CROSSE WB AP WI +"	10	silt	OldForest	250	30	70	100	10	OldForest	250	70	30	100	10	0	ft	""
WD	wepp-4389	"09:56 pm  Monday November 19, 2012"	"LA CROSSE WB AP WI +"	10	silt	OldForest	250	30	70	100	10	YoungForest	250	70	30	100	10	0	ft	""
WD	wepp-4408	"09:56 pm  Monday November 19, 2012"	"LA CROSSE WB AP WI +"	10	silt	OldForest	250	30	70	100	10	OldForest	250	70	30	100	10	0	ft	""
WD	wepp-4455	"09:57 pm  Monday November 19, 2012"	"LA CROSSE WB AP WI +"	10	silt	OldForest	250	30	70	100	10	YoungForest	250	70	30	100	10	0	ft	""
WD	wepp-4678	"10:18 pm  Monday November 19, 2012"	"LA CROSSE WB AP WI +"	10	silt	Bunchgrass	250	30	70	60	10	Bunchgrass	250	70	30	60	20	0	ft	""
WD	wepp-4700	"10:19 pm  Monday November 19, 2012"	"LA CROSSE WB AP WI +"	10	loam	Bunchgrass	250	30	70	60	10	Bunchgrass	250	70	30	60	20	0	ft	""
WD	wepp-4722	"10:20 pm  Monday November 19, 2012"	"LA CROSSE WB AP WI +"	10	loam	Bunchgrass	250	30	70	60	10	Bunchgrass	250	70	30	60	20	0	ft	""
WD	wepp-4742	"10:20 pm  Monday November 19, 2012"	"LA CROSSE WB AP WI +"	10	loam	HighFire	250	30	70	45	10	HighFire	250	70	30	45	20	0	ft	""
WD	wepp-16347	"02:33 pm  Tuesday November 20, 2012"	""				0	0	0	0	0		0	0	0	0	0	0		""
WR	wepp-25166	"10:26 pm  Tuesday November 20, 2012"	"LA CROSSE WB AP WI"	30	clay	native	200	4	13	15	50	130	25	20	outrut	ft
WR	wepp-25186	"10:26 pm  Tuesday November 20, 2012"	"LA CROSSE WB AP WI"	30	clay	native	200	4	13	15	50	130	25	20	outrut	ft
WR	wepp-25235	"10:28 pm  Tuesday November 20, 2012"	"LA CROSSE WB AP WI"	30	clay	native	200	4	13	15	50	130	25	20	inveg	ft
WR	wepp-25254	"10:28 pm  Tuesday November 20, 2012"	"LA CROSSE WB AP WI"	30	clay	native	200	4	19	15	50	130	25	20	inveg	ft
