WE	wepp-105857	"02:23 pm  Sunday August 20, 2017"	"ALTURAS CA +"	clay	10	range	23	23	0	975	l	15	75	ft
WE	wepp-106000	"02:23 pm  Sunday August 20, 2017"	"ALTURAS CA +"	loam	30	range	45	39	33	975	h	15	75	ft
WE	wepp-106194	"02:23 pm  Sunday August 20, 2017"	"ALTURAS CA +"	loam	30	range	30	30	30	975	h	15	75	ft
WE	wepp-106391	"02:24 pm  Sunday August 20, 2017"	"ALTURAS CA +"	loam	30	forest	68	27	1	975	h			ft
WE	wepp-106587	"02:24 pm  Sunday August 20, 2017"	"ALTURAS CA +"	loam	30	range	37	32	28	975	m	15	75	ft
WE	wepp-106741	"02:24 pm  Sunday August 20, 2017"	"ALTURAS CA +"	loam	30	range	53	45	39	975	h	15	75	ft
WE	wepp-106935	"02:25 pm  Sunday August 20, 2017"	"ALTURAS CA +"	loam	30	forest	31	26	23	975	h			ft
WE	wepp-107129	"02:25 pm  Sunday August 20, 2017"	"ALTURAS CA +"	loam	30	forest	30	29	28	975	h			ft
WE	wepp-107323	"02:25 pm  Sunday August 20, 2017"	"ALTURAS CA +"	loam	10	range	37	30	26	975	m	15	75	ft
WE	wepp-107477	"02:26 pm  Sunday August 20, 2017"	"ALTURAS CA +"	loam	10	range	2	1	0	975	m	15	75	ft
WE	wepp-107631	"02:26 pm  Sunday August 20, 2017"	"ALTURAS CA +"	loam	30	range	53	36	29	975	u	15	75	ft
WE	wepp-107685	"02:26 pm  Sunday August 20, 2017"	"ALTURAS CA +"	loam	10	forest	36	29	24	975	h			ft
WE	wepp-107879	"02:26 pm  Sunday August 20, 2017"	"ALTURAS CA +"	loam	30	range	58	36	18	975	m	15	75	ft
WE	wepp-108033	"02:26 pm  Sunday August 20, 2017"	"ALTURAS CA +"	loam	30	forest	29	23	15	975	u			ft
WE	wepp-108087	"02:26 pm  Sunday August 20, 2017"	"ALTURAS CA +"	loam	30	chap	37	31	25	975	h	80	0	ft
WE	wepp-108281	"02:27 pm  Sunday August 20, 2017"	"ALTURAS CA +"	loam	30	forest	41	18	2	975	m			ft
WE	wepp-108435	"02:27 pm  Sunday August 20, 2017"	"ALTURAS CA +"	loam	30	range	62	31	1	975	l	15	75	ft
WE	wepp-108549	"02:27 pm  Sunday August 20, 2017"	"ALTURAS CA +"	loam	10	forest	64	29	4	975	h			ft
WE	wepp-108743	"02:27 pm  Sunday August 20, 2017"	"ALTURAS CA +"	loam	10	range	58	34	7	975	m	15	75	ft
WE	wepp-108897	"02:28 pm  Sunday August 20, 2017"	"ALTURAS CA +"	loam	10	forest	57	21	3	975	u			ft
WE	wepp-108951	"02:28 pm  Sunday August 20, 2017"	"ALTURAS CA +"	loam	30	forest	48	11	0	975	l			ft
WE	wepp-109065	"02:28 pm  Sunday August 20, 2017"	"ALTURAS CA +"	loam	30	forest	54	34	7	975	h			ft
WE	wepp-109259	"02:28 pm  Sunday August 20, 2017"	"ALTURAS CA +"	loam	30	range	61	32	5	975	m	15	75	ft
WE	wepp-109413	"02:28 pm  Sunday August 20, 2017"	"ALTURAS CA +"	loam	30	forest	67	43	7	975	h			ft
WE	wepp-109608	"02:29 pm  Sunday August 20, 2017"	"ALTURAS CA +"	loam	30	forest	58	29	9	975	h			ft
WE	wepp-109802	"02:29 pm  Sunday August 20, 2017"	"ALTURAS CA +"	loam	10	range	19	7	3	975	u	15	75	ft
WE	wepp-109856	"02:29 pm  Sunday August 20, 2017"	"ALTURAS CA +"	loam	30	forest	52	22	5	975	m			ft
WE	wepp-110010	"02:29 pm  Sunday August 20, 2017"	"ALTURAS CA +"	loam	30	forest	67	34	6	975	m			ft
WE	wepp-110164	"02:30 pm  Sunday August 20, 2017"	"ALTURAS CA +"	loam	30	range	58	36	18	975	u	15	75	ft
WE	wepp-110218	"02:30 pm  Sunday August 20, 2017"	"ALTURAS CA +"	loam	30	range	82	43	7	975	m	15	75	ft
WE	wepp-110372	"02:30 pm  Sunday August 20, 2017"	"ALTURAS CA +"	loam	30	range	69	36	0	975	m	15	75	ft
WE	wepp-110528	"02:30 pm  Sunday August 20, 2017"	"ALTURAS CA +"	loam	10	range	58	18	0	975	m	15	75	ft
WE	wepp-110682	"02:30 pm  Sunday August 20, 2017"	"ALTURAS CA +"	loam	30	range	59	23	0	975	m	15	75	ft
WE	wepp-110837	"02:31 pm  Sunday August 20, 2017"	"ALTURAS CA +"	loam	30	forest	65	32	1	975	l			ft
WE	wepp-110951	"02:31 pm  Sunday August 20, 2017"	"ALTURAS CA +"	loam	10	range	20	6	2	975	l	15	75	ft
WE	wepp-111065	"02:31 pm  Sunday August 20, 2017"	"ALTURAS CA +"	loam	10	range	32	2	0	975	l	15	75	ft
WE	wepp-111179	"02:31 pm  Sunday August 20, 2017"	"ALTURAS CA +"	loam	10	range	55	21	1	975	l	15	75	ft
WE	wepp-111293	"02:31 pm  Sunday August 20, 2017"	"ALTURAS CA +"	loam	10	range	11	1	0	975	u	15	75	ft
WE	wepp-111347	"02:31 pm  Sunday August 20, 2017"	"ALTURAS CA +"	loam	30	forest	46	10	0	975	u			ft
WE	wepp-111401	"02:31 pm  Sunday August 20, 2017"	"ALTURAS CA +"	loam	30	forest	41	18	2	975	u			ft
WE	wepp-111455	"02:31 pm  Sunday August 20, 2017"	"ALTURAS CA +"	loam	30	range	60	9	32	975	l	15	75	ft
WE	wepp-111570	"02:31 pm  Sunday August 20, 2017"	"ALTURAS CA +"	loam	30	forest	59	24	0	975	u			ft
WE	wepp-111624	"02:32 pm  Sunday August 20, 2017"	"ALTURAS CA +"	loam	30	range	83	30	0	975	m	15	75	ft
WE	wepp-111778	"02:32 pm  Sunday August 20, 2017"	"ALTURAS CA +"	loam	10	range	48	19	0	975	u	15	75	ft
WE	wepp-111832	"02:32 pm  Sunday August 20, 2017"	"ALTURAS CA +"	loam	30	forest	53	23	4	975	h			ft
WE	wepp-112026	"02:32 pm  Sunday August 20, 2017"	"ALTURAS CA +"	loam	30	forest	50	28	2	975	m			ft
WE	wepp-112180	"02:32 pm  Sunday August 20, 2017"	"ALTURAS CA +"	loam	10	forest	69	37	2	975	m			ft
WE	wepp-112334	"02:33 pm  Sunday August 20, 2017"	"ALTURAS CA +"	loam	30	range	65	28	4	975	l	15	75	ft
WE	wepp-112448	"02:33 pm  Sunday August 20, 2017"	"ALTURAS CA +"	loam	10	forest	69	29	0	975	u			ft
WE	wepp-112502	"02:33 pm  Sunday August 20, 2017"	"ALTURAS CA +"	loam	30	forest	62	19	0	975	u			ft
WE	wepp-112556	"02:33 pm  Sunday August 20, 2017"	"ALTURAS CA +"	loam	30	range	53	22	0	975	l	15	75	ft
WE	wepp-112670	"02:33 pm  Sunday August 20, 2017"	"ALTURAS CA +"	loam	30	forest	88	37	2	975	m			ft
WE	wepp-112824	"02:33 pm  Sunday August 20, 2017"	"ALTURAS CA +"	loam	30	forest	20	6	2	975	l			ft
WE	wepp-112938	"02:33 pm  Sunday August 20, 2017"	"ALTURAS CA +"	loam	30	forest	69	19	0	975	l			ft
WE	wepp-113052	"02:34 pm  Sunday August 20, 2017"	"ALTURAS CA +"	loam	10	forest	77	33	3	975	u			ft
WE	wepp-113106	"02:34 pm  Sunday August 20, 2017"	"ALTURAS CA +"	loam	30	forest	68	27	1	975	m			ft
WE	wepp-113260	"02:34 pm  Sunday August 20, 2017"	"ALTURAS CA +"	loam	30	forest	72	29	4	975	m			ft
WE	wepp-113414	"02:34 pm  Sunday August 20, 2017"	"ALTURAS CA +"	loam	30	forest	67	31	4	975	u			ft
WE	wepp-113468	"02:34 pm  Sunday August 20, 2017"	"ALTURAS CA +"	loam	30	forest	52	19	0	975	u			ft
WE	wepp-113522	"02:34 pm  Sunday August 20, 2017"	"ALTURAS CA +"	loam	10	forest	69	35	2	975	h			ft
WE	wepp-113716	"02:35 pm  Sunday August 20, 2017"	"ALTURAS CA +"	loam	30	forest	69	28	0	975	l			ft
WE	wepp-113830	"02:35 pm  Sunday August 20, 2017"	"ALTURAS CA +"	loam	30	range	76	33	0	975	m	15	75	ft
WE	wepp-113985	"02:35 pm  Sunday August 20, 2017"	"ALTURAS CA +"	loam	30	chap	80	36	1	975	m	80	0	ft
WE	wepp-114140	"02:35 pm  Sunday August 20, 2017"	"ALTURAS CA +"	loam	30	range	67	27	0	975	u	15	75	ft
WE	wepp-114194	"02:35 pm  Sunday August 20, 2017"	"ALTURAS CA +"	loam	30	range	71	34	1	975	u	15	75	ft
WE	wepp-114248	"02:35 pm  Sunday August 20, 2017"	"ALTURAS CA +"	loam	30	forest	57	21	0	975	l			ft
WE	wepp-114362	"02:36 pm  Sunday August 20, 2017"	"ALTURAS CA +"	loam	30	forest	55	23	0	975	u			ft
WE	wepp-114416	"02:36 pm  Sunday August 20, 2017"	"ALTURAS CA +"	loam	30	forest	66	24	0	975	l			ft
WE	wepp-114530	"02:36 pm  Sunday August 20, 2017"	"ALTURAS CA +"	loam	10	forest	68	27	2	975	h			ft
WE	wepp-114724	"02:36 pm  Sunday August 20, 2017"	"ALTURAS CA +"	loam	10	forest	82	36	1	975	l			ft
WE	wepp-114838	"02:36 pm  Sunday August 20, 2017"	"ALTURAS CA +"	loam	10	range	89	31	0	975	l	15	75	ft
WE	wepp-114952	"02:36 pm  Sunday August 20, 2017"	"ALTURAS CA +"	loam	30	range	77	34	0	975	u	15	75	ft
WE	wepp-115006	"02:36 pm  Sunday August 20, 2017"	"ALTURAS CA +"	loam	30	forest	74	31	2	975	l			ft
WE	wepp-115120	"02:37 pm  Sunday August 20, 2017"	"ALTURAS CA +"	loam	10	forest	73	27	1	975	u			ft
WE	wepp-115174	"02:37 pm  Sunday August 20, 2017"	"ALTURAS CA +"	loam	30	range	94	37	0	975	l	15	75	ft
WE	wepp-115288	"02:37 pm  Sunday August 20, 2017"	"ALTURAS CA +"	loam	10	forest	68	22	0	975	m			ft
WE	wepp-115443	"02:37 pm  Sunday August 20, 2017"	"ALTURAS CA +"	loam	30	forest	69	24	0	975	m			ft
WE	wepp-115597	"02:37 pm  Sunday August 20, 2017"	"ALTURAS CA +"	loam	10	range	88	32	0	975	u	15	75	ft
WE	wepp-115651	"02:37 pm  Sunday August 20, 2017"	"ALTURAS CA +"	loam	30	range	66	27	0	975	l	15	75	ft
WE	wepp-115765	"02:38 pm  Sunday August 20, 2017"	"ALTURAS CA +"	loam	30	chap	72	32	1	975	u	80	0	ft
WE	wepp-115819	"02:38 pm  Sunday August 20, 2017"	"ALTURAS CA +"	loam	30	range	78	38	3	975	l	15	75	ft
WE	wepp-115933	"02:38 pm  Sunday August 20, 2017"	"ALTURAS CA +"	loam	10	forest	56	9	0	975	u			ft
WE	wepp-118503	"02:58 pm  Sunday August 20, 2017"	"ALTURAS CA +"	clay	10	range	23	23	0	975	l	15	75	ft
WE	wepp-118645	"02:58 pm  Sunday August 20, 2017"	"ALTURAS CA +"	loam	30	range	45	39	33	975	h	15	75	ft
WE	wepp-118839	"02:58 pm  Sunday August 20, 2017"	"ALTURAS CA +"	loam	30	range	30	30	30	975	h	15	75	ft
WE	wepp-119033	"02:58 pm  Sunday August 20, 2017"	"ALTURAS CA +"	loam	30	forest	68	27	1	975	h			ft
WE	wepp-119228	"02:59 pm  Sunday August 20, 2017"	"ALTURAS CA +"	loam	30	range	37	32	28	975	m	15	75	ft
WE	wepp-119382	"02:59 pm  Sunday August 20, 2017"	"ALTURAS CA +"	loam	30	range	53	45	39	975	h	15	75	ft
WE	wepp-119576	"02:59 pm  Sunday August 20, 2017"	"ALTURAS CA +"	loam	30	forest	31	26	23	975	h			ft
WE	wepp-119770	"03:00 pm  Sunday August 20, 2017"	"ALTURAS CA +"	loam	30	forest	30	29	28	975	h			ft
WE	wepp-119966	"03:00 pm  Sunday August 20, 2017"	"ALTURAS CA +"	loam	10	range	37	30	26	975	m	15	75	ft
WE	wepp-120120	"03:00 pm  Sunday August 20, 2017"	"ALTURAS CA +"	loam	10	range	2	1	0	975	m	15	75	ft
WE	wepp-120274	"03:00 pm  Sunday August 20, 2017"	"ALTURAS CA +"	loam	30	range	53	36	29	975	u	15	75	ft
WE	wepp-120328	"03:00 pm  Sunday August 20, 2017"	"ALTURAS CA +"	loam	10	forest	36	29	24	975	h			ft
WE	wepp-120522	"03:01 pm  Sunday August 20, 2017"	"ALTURAS CA +"	loam	30	range	58	36	18	975	m	15	75	ft
WE	wepp-120676	"03:01 pm  Sunday August 20, 2017"	"ALTURAS CA +"	loam	30	forest	29	23	15	975	u			ft
WE	wepp-120730	"03:01 pm  Sunday August 20, 2017"	"ALTURAS CA +"	loam	30	chap	37	31	25	975	h	80	0	ft
WE	wepp-120924	"03:01 pm  Sunday August 20, 2017"	"ALTURAS CA +"	loam	30	forest	41	18	2	975	m			ft
WE	wepp-121078	"03:02 pm  Sunday August 20, 2017"	"ALTURAS CA +"	loam	30	range	62	31	1	975	l	15	75	ft
WE	wepp-121192	"03:02 pm  Sunday August 20, 2017"	"ALTURAS CA +"	loam	10	forest	64	29	4	975	h			ft
WE	wepp-121386	"03:02 pm  Sunday August 20, 2017"	"ALTURAS CA +"	loam	10	range	58	34	7	975	m	15	75	ft
WE	wepp-121540	"03:02 pm  Sunday August 20, 2017"	"ALTURAS CA +"	loam	10	forest	57	21	3	975	u			ft
WE	wepp-121594	"03:02 pm  Sunday August 20, 2017"	"ALTURAS CA +"	loam	30	forest	48	11	0	975	l			ft
WE	wepp-121708	"03:02 pm  Sunday August 20, 2017"	"ALTURAS CA +"	loam	30	forest	54	34	7	975	h			ft
WE	wepp-121902	"03:03 pm  Sunday August 20, 2017"	"ALTURAS CA +"	loam	30	range	61	32	5	975	m	15	75	ft
WE	wepp-122056	"03:03 pm  Sunday August 20, 2017"	"ALTURAS CA +"	loam	30	forest	67	43	7	975	h			ft
WE	wepp-122250	"03:03 pm  Sunday August 20, 2017"	"ALTURAS CA +"	loam	30	forest	58	29	9	975	h			ft
WE	wepp-122444	"03:04 pm  Sunday August 20, 2017"	"ALTURAS CA +"	loam	10	range	19	7	3	975	u	15	75	ft
WE	wepp-122498	"03:04 pm  Sunday August 20, 2017"	"ALTURAS CA +"	loam	30	forest	52	22	5	975	m			ft
WE	wepp-122652	"03:04 pm  Sunday August 20, 2017"	"ALTURAS CA +"	loam	30	forest	67	34	6	975	m			ft
WE	wepp-122806	"03:04 pm  Sunday August 20, 2017"	"ALTURAS CA +"	loam	30	range	58	36	18	975	u	15	75	ft
WE	wepp-122860	"03:04 pm  Sunday August 20, 2017"	"ALTURAS CA +"	loam	30	range	82	43	7	975	m	15	75	ft
WE	wepp-123014	"03:05 pm  Sunday August 20, 2017"	"ALTURAS CA +"	loam	30	range	69	36	0	975	m	15	75	ft
WE	wepp-123168	"03:05 pm  Sunday August 20, 2017"	"ALTURAS CA +"	loam	10	range	58	18	0	975	m	15	75	ft
WE	wepp-123323	"03:05 pm  Sunday August 20, 2017"	"ALTURAS CA +"	loam	30	range	59	23	0	975	m	15	75	ft
WE	wepp-123477	"03:05 pm  Sunday August 20, 2017"	"ALTURAS CA +"	loam	30	forest	65	32	1	975	l			ft
WE	wepp-123591	"03:05 pm  Sunday August 20, 2017"	"ALTURAS CA +"	loam	10	range	20	6	2	975	l	15	75	ft
WE	wepp-123706	"03:06 pm  Sunday August 20, 2017"	"ALTURAS CA +"	loam	10	range	32	2	0	975	l	15	75	ft
WE	wepp-123820	"03:06 pm  Sunday August 20, 2017"	"ALTURAS CA +"	loam	10	range	55	21	1	975	l	15	75	ft
WE	wepp-123934	"03:06 pm  Sunday August 20, 2017"	"ALTURAS CA +"	loam	10	range	11	1	0	975	u	15	75	ft
WE	wepp-123988	"03:06 pm  Sunday August 20, 2017"	"ALTURAS CA +"	loam	30	forest	46	10	0	975	u			ft
WE	wepp-124042	"03:06 pm  Sunday August 20, 2017"	"ALTURAS CA +"	loam	30	forest	41	18	2	975	u			ft
WE	wepp-124096	"03:06 pm  Sunday August 20, 2017"	"ALTURAS CA +"	loam	30	range	60	9	32	975	l	15	75	ft
WE	wepp-124210	"03:06 pm  Sunday August 20, 2017"	"ALTURAS CA +"	loam	30	forest	59	24	0	975	u			ft
WE	wepp-124264	"03:06 pm  Sunday August 20, 2017"	"ALTURAS CA +"	loam	30	range	83	30	0	975	m	15	75	ft
WE	wepp-124418	"03:07 pm  Sunday August 20, 2017"	"ALTURAS CA +"	loam	10	range	48	19	0	975	u	15	75	ft
WE	wepp-124472	"03:07 pm  Sunday August 20, 2017"	"ALTURAS CA +"	loam	30	forest	53	23	4	975	h			ft
WE	wepp-124666	"03:07 pm  Sunday August 20, 2017"	"ALTURAS CA +"	loam	30	forest	50	28	2	975	m			ft
WE	wepp-124821	"03:07 pm  Sunday August 20, 2017"	"ALTURAS CA +"	loam	10	forest	69	37	2	975	m			ft
WE	wepp-124976	"03:07 pm  Sunday August 20, 2017"	"ALTURAS CA +"	loam	30	range	65	28	4	975	l	15	75	ft
WE	wepp-125090	"03:08 pm  Sunday August 20, 2017"	"ALTURAS CA +"	loam	10	forest	69	29	0	975	u			ft
WE	wepp-125144	"03:08 pm  Sunday August 20, 2017"	"ALTURAS CA +"	loam	30	forest	62	19	0	975	u			ft
WE	wepp-125198	"03:08 pm  Sunday August 20, 2017"	"ALTURAS CA +"	loam	30	range	53	22	0	975	l	15	75	ft
WE	wepp-125312	"03:08 pm  Sunday August 20, 2017"	"ALTURAS CA +"	loam	30	forest	88	37	2	975	m			ft
WE	wepp-125466	"03:08 pm  Sunday August 20, 2017"	"ALTURAS CA +"	loam	30	forest	20	6	2	975	l			ft
WE	wepp-125580	"03:08 pm  Sunday August 20, 2017"	"ALTURAS CA +"	loam	30	forest	69	19	0	975	l			ft
WE	wepp-125695	"03:08 pm  Sunday August 20, 2017"	"ALTURAS CA +"	loam	10	forest	77	33	3	975	u			ft
WE	wepp-125749	"03:09 pm  Sunday August 20, 2017"	"ALTURAS CA +"	loam	30	forest	68	27	1	975	m			ft
WE	wepp-125914	"03:09 pm  Sunday August 20, 2017"	"ALTURAS CA +"	loam	30	forest	72	29	4	975	m			ft
WE	wepp-126068	"03:09 pm  Sunday August 20, 2017"	"ALTURAS CA +"	loam	30	forest	67	31	4	975	u			ft
WE	wepp-126122	"03:09 pm  Sunday August 20, 2017"	"ALTURAS CA +"	loam	30	forest	52	19	0	975	u			ft
WE	wepp-126176	"03:09 pm  Sunday August 20, 2017"	"ALTURAS CA +"	loam	10	forest	69	35	2	975	h			ft
WE	wepp-126371	"03:09 pm  Sunday August 20, 2017"	"ALTURAS CA +"	loam	30	forest	69	28	0	975	l			ft
WE	wepp-126485	"03:10 pm  Sunday August 20, 2017"	"ALTURAS CA +"	loam	30	range	76	33	0	975	m	15	75	ft
WE	wepp-126639	"03:10 pm  Sunday August 20, 2017"	"ALTURAS CA +"	loam	30	chap	80	36	1	975	m	80	0	ft
WE	wepp-126793	"03:10 pm  Sunday August 20, 2017"	"ALTURAS CA +"	loam	30	range	67	27	0	975	u	15	75	ft
WE	wepp-126847	"03:10 pm  Sunday August 20, 2017"	"ALTURAS CA +"	loam	30	range	71	34	1	975	u	15	75	ft
WE	wepp-126901	"03:10 pm  Sunday August 20, 2017"	"ALTURAS CA +"	loam	30	forest	57	21	0	975	l			ft
WE	wepp-127015	"03:10 pm  Sunday August 20, 2017"	"ALTURAS CA +"	loam	30	forest	55	23	0	975	u			ft
WE	wepp-127069	"03:10 pm  Sunday August 20, 2017"	"ALTURAS CA +"	loam	30	forest	66	24	0	975	l			ft
WE	wepp-127183	"03:11 pm  Sunday August 20, 2017"	"ALTURAS CA +"	loam	10	forest	68	27	2	975	h			ft
WE	wepp-127377	"03:11 pm  Sunday August 20, 2017"	"ALTURAS CA +"	loam	10	forest	82	36	1	975	l			ft
WE	wepp-127491	"03:11 pm  Sunday August 20, 2017"	"ALTURAS CA +"	loam	10	range	89	31	0	975	l	15	75	ft
WE	wepp-127605	"03:11 pm  Sunday August 20, 2017"	"ALTURAS CA +"	loam	30	range	77	34	0	975	u	15	75	ft
WE	wepp-127659	"03:11 pm  Sunday August 20, 2017"	"ALTURAS CA +"	loam	30	forest	74	31	2	975	l			ft
WE	wepp-127773	"03:11 pm  Sunday August 20, 2017"	"ALTURAS CA +"	loam	10	forest	73	27	1	975	u			ft
WE	wepp-127827	"03:12 pm  Sunday August 20, 2017"	"ALTURAS CA +"	loam	30	range	94	37	0	975	l	15	75	ft
WE	wepp-127941	"03:12 pm  Sunday August 20, 2017"	"ALTURAS CA +"	loam	10	forest	68	22	0	975	m			ft
WE	wepp-128095	"03:12 pm  Sunday August 20, 2017"	"ALTURAS CA +"	loam	30	forest	69	24	0	975	m			ft
WE	wepp-128249	"03:12 pm  Sunday August 20, 2017"	"ALTURAS CA +"	loam	10	range	88	32	0	975	u	15	75	ft
WE	wepp-128303	"03:12 pm  Sunday August 20, 2017"	"ALTURAS CA +"	loam	30	range	66	27	0	975	l	15	75	ft
WE	wepp-128417	"03:12 pm  Sunday August 20, 2017"	"ALTURAS CA +"	loam	30	chap	72	32	1	975	u	80	0	ft
WE	wepp-128471	"03:12 pm  Sunday August 20, 2017"	"ALTURAS CA +"	loam	30	range	78	38	3	975	l	15	75	ft
WE	wepp-128585	"03:13 pm  Sunday August 20, 2017"	"ALTURAS CA +"	loam	10	forest	56	9	0	975	u			ft
