WR	wepp-190165	"10:24 am  Sunday March 29, 2020"	"MOUNT SHASTA CA"	30	sand	native	200	6	4	15	50	130	25	20	inveg	ft
WR	wepp-190250	"10:26 am  Sunday March 29, 2020"	"MOUNT SHASTA CA"	30	sand	native	200	6	4	15	50	45	35	20	inveg	ft
WR	wepp-190376	"10:31 am  Sunday March 29, 2020"	"MOUNT SHASTA CA"	30	sand	native	656	6	42.64	15	50	147.6	35	20	inveg	ft
WR	wepp-190418	"10:32 am  Sunday March 29, 2020"	"MOUNT SHASTA CA"	30	sand	native	656	6	42.64	15	50	147.6	35	0	inveg	ft
WR	wepp-190492	"10:36 am  Sunday March 29, 2020"	"MOUNT SHASTA CA"	30	sand	native	200	6	4	5	50	45	35	20	inveg	m
WR	wepp-190533	"10:37 am  Sunday March 29, 2020"	"MOUNT SHASTA CA"	30	sand	native	200	6	4	5	50	45	35	0	inveg	m
WR	wepp-190634	"10:39 am  Sunday March 29, 2020"	"MOUNT SHASTA CA"	30	sand	native	200	6	4	5	50	40	25	20	inveg	m
WR	wepp-190673	"10:39 am  Sunday March 29, 2020"	"MOUNT SHASTA CA"	30	sand	graveled	200	6	4	5	50	40	25	20	inveg	m
WR	wepp-190709	"10:39 am  Sunday March 29, 2020"	"MOUNT SHASTA CA"	30	sand	graveled	200	6	4	5	50	45	35	20	inveg	m
WR	wepp-190824	"10:42 am  Sunday March 29, 2020"	"MOUNT SHASTA CA"	30	sand	native	200	6	4	45	35	40	25	20	inveg	m
WR	wepp-190861	"10:42 am  Sunday March 29, 2020"	"MOUNT SHASTA CA"	30	sand	native	200	6	4	45	35	40	25	0	inveg	m
WR	wepp-190902	"10:43 am  Sunday March 29, 2020"	"MOUNT SHASTA CA"	30	sand	native	60	6	4	5	50	40	25	20	inveg	m
WR	wepp-190938	"10:43 am  Sunday March 29, 2020"	"MOUNT SHASTA CA"	30	sand	native	60	6	4	5	50	40	25	20	inveg	m
WR	wepp-190976	"10:43 am  Sunday March 29, 2020"	"MOUNT SHASTA CA"	30	sand	native	60	6	4	5	50	45	25	20	inveg	m
WR	wepp-191013	"10:44 am  Sunday March 29, 2020"	"MOUNT SHASTA CA"	30	sand	native	60	6	4	45	50	40	25	20	inveg	m
WR	wepp-191052	"10:44 am  Sunday March 29, 2020"	"MOUNT SHASTA CA"	30	sand	native	60	6	4	45	50	40	35	20	inveg	m
WR	wepp-191088	"10:44 am  Sunday March 29, 2020"	"MOUNT SHASTA CA"	30	sand	native	60	6	4	45	50	45	35	20	inveg	m
WR	wepp-191174	"10:48 am  Sunday March 29, 2020"	"MOUNT SHASTA CA"	30	sand	native	200	6	4	5	50	45	35	20	inveg	m
WR	wepp-191214	"10:49 am  Sunday March 29, 2020"	"MOUNT SHASTA CA"	30	sand	graveled	200	6	4	5	50	45	35	20	inveg	m
WR	wepp-191251	"10:49 am  Sunday March 29, 2020"	"MOUNT SHASTA CA"	30	sand	graveled	200	6	4	5	50	45	35	0	inveg	m
WR	wepp-191405	"10:50 am  Sunday March 29, 2020"	"MOUNT SHASTA CA"	30	sand	native	200	6	4	5	50	45	35	0	inveg	m
WR	wepp-191505	"10:54 am  Sunday March 29, 2020"	"FLAGSTAFF WB AP AZ"	30	sand	graveled	250	5	5	4	50	35	40	0	outrut	m
WR	wepp-158970	"08:48 am  Tuesday March 31, 2020"	"FLAGSTAFF WB AP AZ"	30	sand	graveled	250	5	5	4	50	35	40	20	outrut	m
WR	wepp-159252	"08:57 am  Tuesday March 31, 2020"	"FLAGSTAFF WB AP AZ"	30	sand	graveled	250	5	5	4	50	35	40	20	outunrut	m
WR	wepp-159468	"09:00 am  Tuesday March 31, 2020"	"FLAGSTAFF WB AP AZ"	30	sand	graveled	250	5	5	4	50	35	40	20	outunrut	m
WR	wepp-159551	"09:04 am  Tuesday March 31, 2020"	"FLAGSTAFF WB AP AZ"	30	sand	graveled	250	5	5	4	50	35	40	20	outunrut	m
