WE	wepp-28223	"04:34 pm  Friday March 25, 1974"	"FLAGSTAFF WB AP AZ"	sand	20	chap	60	40	20	300	h	60	20	ft
WE	wepp-28343	"04:37 pm  Friday March 25, 1938"	"SAN DIEGO WB AP CA"	clay	20	chap	60	40	10	300	m	60	20	ft
WE	wepp-28416	"04:38 pm  Friday March 25, 1982"	"SAN DIEGO WB AP CA"	sand	20	chap	60	40	10	300	m	60	20	ft
WE	wepp-28582	"04:46 pm  Friday March 25, 1919"	"SAN DIEGO WB AP CA"	sand	10	chap	60	40	10	300	l	80	0	ft
WE	wepp-29288	"05:51 pm  Friday March 25, 1982"	"SAN DIEGO WB AP CA"	sand	10	chap	40	25	5	200	l	20	60	ft
WE	wepp-11113	"10:08 pm  Saturday March 26, 1938"	"SAN DIEGO WB AP CA +"	sand	5	chap	15	25	30	300	m	80	0	ft
WE	wepp-11256	"10:17 pm  Saturday March 26, 1938"	"SAN DIEGO WB AP CA +"	sand	5	chap	15	25	30	300	m	80	0	ft
WE	wepp-11461	"10:33 pm  Saturday March 26, 1980"	"SAN DIEGO WB AP CA +"	sand	5	forest	0	50	30	300	m			ft
WE	wepp-11560	"10:37 pm  Saturday March 26, 1980"	"SAN DIEGO WB AP CA +"	sand	5	forest	15	23	25	300	m			ft
WE	wepp-11660	"10:39 pm  Saturday March 26, 1948"	"SAN DIEGO WB AP CA +"	sand	5	range	15	23	25	300	m	15	75	ft
WE	wepp-11730	"10:41 pm  Saturday March 26, 1980"	"SAN DIEGO WB AP CA +"	sand	5	forest	15	23	15	300	m			ft
WE	wepp-11863	"10:48 pm  Saturday March 26, 1980"	"SAN DIEGO WB AP CA +"	sand	5	forest	15	23	15	300	l			ft
WE	wepp-11948	"10:51 pm  Saturday March 26, 1980"	"SAN DIEGO WB AP CA +"	sand	5	forest	15	23	15	300	m			ft
WE	wepp-12018	"10:52 pm  Saturday March 26, 1980"	"SAN DIEGO WB AP CA +"	sand	5	forest	23	15	15	300	m			ft
WE	wepp-12115	"10:55 pm  Saturday March 26, 1942"	"SAN DIEGO WB AP CA +"	sand	5	forest	23	15	15	600	m			ft
WE	wepp-12185	"10:56 pm  Saturday March 26, 1980"	"SAN DIEGO WB AP CA +"	sand	5	forest	15	15	25	300	m			ft
WE	wepp-21300	"05:08 pm  Sunday March 27, 1980"	"SAN DIEGO WB AP CA +"	sand	20	forest	50	25	5	300	l			ft
WE	wepp-21509	"05:23 pm  Sunday March 27, 1980"	"SAN DIEGO WB AP CA +"	sand	20	forest	50	25	5	300	m			ft
WE	wepp-21579	"05:25 pm  Sunday March 27, 1980"	"SAN DIEGO WB AP CA +"	sand	20	forest	50	25	5	300	m			ft
WE	wepp-21677	"05:27 pm  Sunday March 27, 1980"	"SAN DIEGO WB AP CA +"	sand	20	forest	50	25	5	300	m			ft
WE	wepp-12540	"06:39 pm  Monday March 28, 1980"	"SAN DIEGO WB AP CA +"	sand	20	forest	35	20	5	300	l			ft
WE	wepp-12664	"06:54 pm  Monday March 28, 1980"	"SAN DIEGO WB AP CA +"	sand	20	forest	48	20.5	5	300	l			ft
WE	wepp-12742	"06:58 pm  Monday March 28, 1980"	"SAN DIEGO WB AP CA +"	sand	20	forest	48	20.5	5	300	l			ft
WE	wepp-12840	"07:01 pm  Monday March 28, 1980"	"SAN DIEGO WB AP CA +"	sand	20	forest	48	20.5	5	300	m			ft
WE	wepp-13187	"07:41 pm  Monday March 28, 1980"	"SAN DIEGO WB AP CA +"	sand	20	forest	48	20.5	5	300	m			ft
WE	wepp-13257	"07:41 pm  Monday March 28, 1980"	"SAN DIEGO WB AP CA +"	sand	20	forest	48	20.5	5	300	m			ft
WE	wepp-13354	"07:44 pm  Monday March 28, 1980"	"SAN DIEGO WB AP CA +"	sand	20	forest	48	20.5	5	300	l			ft
WE	wepp-30520	"12:03 pm  Sunday April 3, 1928"	"SAN DIEGO WB AP CA +"	sand	20	chap	15	23	15	300	m	30	0	ft
WE	wepp-32633	"05:04 pm  Sunday April 3, 1980"	"SAN DIEGO WB AP CA +"	sand	20	forest	0	50	30	300	h			ft
WE	wepp-309	"05:11 pm  Sunday April 3, 1982"	"SAN DIEGO WB AP CA +"	sand	20	chap	15	48	20	300	h	80	0	ft
WE	wepp-400	"05:13 pm  Sunday April 3, 1982"	"SAN DIEGO WB AP CA +"	sand	20	chap	15	40	15	300	h	20	0	ft
WE	wepp-517	"05:14 pm  Sunday April 3, 1997"	"SAN DIEGO WB AP CA +"	sand	20	chap	15	40	15	300	h			ft
WE	wepp-627	"05:16 pm  Sunday April 3, 1928"	"SAN DIEGO WB AP CA +"	sand	20	chap	30	20	15	300	h	30	0	ft
WE	wepp-745	"05:19 pm  Sunday April 3, 1906"	"SAN DIEGO WB AP CA +"	sand	20	chap	10	30	15	300	h	30	0	ft
WE	wepp-862	"05:24 pm  Sunday April 3, 1906"	"SAN DIEGO WB AP CA +"	sand	20	chap	10	30	15	300	h	70	20	ft
WE	wepp-952	"05:26 pm  Sunday April 3, 1982"	"SAN DIEGO WB AP CA +"	sand	20	chap	10	30	15	300	h	60	25	ft
WE	wepp-1241	"05:39 pm  Sunday April 3, 1906"	"SAN DIEGO WB AP CA +"	sand	20	chap	15	40	20	300	h	70	20	ft
WE	wepp-1510	"06:04 pm  Sunday April 3, 1982"	"SAN DIEGO WB AP CA +"	sand	20	chap	15	40	25	300	h	60	40	ft
WE	wepp-1627	"06:07 pm  Sunday April 3, 1982"	"SAN DIEGO WB AP CA +"	sand	20	chap	15	30	15	300	h	60	40	ft
WE	wepp-1813	"06:12 pm  Sunday April 3, 1980"	"SAN DIEGO WB AP CA +"	sand	20	forest	5	23	15	300	m			ft
WE	wepp-1962	"06:20 pm  Sunday April 3, 1980"	"SAN DIEGO WB AP CA +"	sand	20	forest	5	23	30	300	l			ft
WE	wepp-2013	"06:23 pm  Sunday April 3, 1982"	"SAN DIEGO WB AP CA +"	sand	20	chap	10	23	20	300	l	80	0	ft
WE	wepp-2125	"06:27 pm  Sunday April 3, 1928"	"SAN DIEGO WB AP CA +"	sand	20	chap	5	23	15	300	l	40	40	ft
WE	wepp-2221	"06:30 pm  Sunday April 3, 1980"	"SAN DIEGO WB AP CA +"	sand	20	forest	5	30	20	300	l			ft
WE	wepp-2326	"06:40 pm  Sunday April 3, 1928"	"SAN DIEGO WB AP CA +"	loam	20	forest	10	30	15	300	l			ft
WE	wepp-2377	"06:42 pm  Sunday April 3, 1980"	"SAN DIEGO WB AP CA +"	sand	20	forest	10	30	15	300	l			ft
WE	wepp-2431	"06:43 pm  Sunday April 3, 1980"	"SAN DIEGO WB AP CA +"	sand	10	forest	10	30	15	300	l			ft
WE	wepp-2647	"07:00 pm  Sunday April 3, 1906"	"SAN DIEGO WB AP CA +"	sand	20	chap	10	23	10	300	l	60	20	ft
WE	wepp-2698	"07:02 pm  Sunday April 3, 1906"	"SAN DIEGO WB AP CA +"	sand	20	chap	10	25	15	300	l	60	30	ft
WE	wepp-2784	"07:05 pm  Sunday April 3, 1920"	"SAN DIEGO WB AP CA +"	sand	20	chap	10	45	15	300	m	50	40	ft
WE	wepp-2854	"07:08 pm  Sunday April 3, 1920"	"SAN DIEGO WB AP CA +"	sand	10	chap	10	23	15	300	m	50	40	ft
WE	wepp-2951	"07:12 pm  Sunday April 3, 1919"	"SAN DIEGO WB AP CA +"	sand	20	chap	10	25	20	300	m	50	50	ft
WE	wepp-3021	"07:14 pm  Sunday April 3, 1906"	"SAN DIEGO WB AP CA +"	sand	20	chap	5	25	15	300	l	60	40	ft
WE	wepp-3117	"07:17 pm  Sunday April 3, 1906"	"SAN DIEGO WB AP CA +"	sand	20	chap	10	25	15	300	l	60	40	ft
WE	wepp-2177	"08:40 am  Wednesday April 27, 1982"	"SAN DIEGO WB AP CA +"	sand	20	chap	20	50	30	300	m	80	15	ft
WE	wepp-2274	"08:41 am  Wednesday April 27, 1982"	"SAN DIEGO WB AP CA +"	sand	20	chap	10	48	30	300	l	80	15	ft
WE	wepp-7506	"01:13 pm  Thursday May 5, 1982"	"SAN DIEGO WB AP CA +"	sand	20	chap	0	50	30	300	h	80	10	ft
WE	wepp-7648	"01:15 pm  Thursday May 5, 1982"	"SAN DIEGO WB AP CA +"	sand	20	chap	0	60	30	300	h	60	30	ft
WE	wepp-7738	"01:17 pm  Thursday May 5, 1982"	"SAN DIEGO WB AP CA +"	sand	20	chap	0	60	30	300	h	80	20	ft
WE	wepp-7829	"01:18 pm  Thursday May 5, 1982"	"SAN DIEGO WB AP CA +"	sand	20	chap	0	60	30	300	m	80	15	ft
WE	wepp-20717	"02:01 pm  Friday May 6, 1982"	"SAN DIEGO WB AP CA +"	sand	30	chap	15	48	40	300	m	80	20	ft
WE	wepp-20787	"02:02 pm  Friday May 6, 1982"	"SAN DIEGO WB AP CA +"	sand	30	chap	15	48	30	300	m	80	0	ft
WE	wepp-20886	"02:04 pm  Friday May 6, 1980"	"SAN DIEGO WB AP CA +"	sand	40	chap	15	48	30	300	m	80	10	ft
WE	wepp-21001	"02:06 pm  Friday May 6, 1997"	"SAN DIEGO WB AP CA +"	sand	40	chap	10	48	30	300	m	85	10	ft
WE	wepp-21107	"02:07 pm  Friday May 6, 1980"	"SAN DIEGO WB AP CA +"	sand	40	chap	10	48	30	300	m	80	20	ft
WE	wepp-21210	"02:09 pm  Friday May 6, 1980"	"SAN DIEGO WB AP CA +"	sand	40	chap	10	48	30	500	m	80	20	ft
WE	wepp-21283	"02:10 pm  Friday May 6, 1980"	"SAN DIEGO WB AP CA +"	sand	40	chap	10	48	30	200	m	80	20	ft
WE	wepp-21355	"02:11 pm  Friday May 6, 1980"	"SAN DIEGO WB AP CA +"	sand	40	chap	10	48	30	200	m	80	10	ft
