WD	wepp-13524	"05:25 pm  Thursday December 2, 2010"	"PORTLAND WB AP OR"	10	clay	tree20	203.43	20	10	50	30	tree20	167.9	20	10	65	50	0	m	"1"
WD	wepp-13529	"05:25 pm  Thursday December 2, 2010"	"PORTLAND WB AP OR"	10	silt	tree5	122.7	20	10	75	20	tree5	84.2	20	10	13	63	0	m	"2"
WD	wepp-13535	"05:25 pm  Thursday December 2, 2010"	"PORTLAND WB AP OR"	10	sand	shrub	298.79	20	10	10	50	shrub	122.46	20	10	88	14	0	m	"3"
WD	wepp-13540	"05:25 pm  Thursday December 2, 2010"	"PORTLAND WB AP OR"	10	loam	short	43.21	20	10	80	15	short	19.98	20	10	33	55	0	m	"4"
WD	wepp-13545	"05:25 pm  Thursday December 2, 2010"	"PORTLAND WB AP OR"	10	clay	high	108.25	20	10	100	5	skid	94.26	20	10	5	23	0	m	"5"
WD	wepp-13550	"05:25 pm  Thursday December 2, 2010"	"PORTLAND WB AP OR"	10	clay	tree5	212.59	20	10	25	55	low	204.15	20	10	71	25	0	m	"6"
WD	wepp-13555	"05:25 pm  Thursday December 2, 2010"	"PORTLAND WB AP OR"	10	clay	tree20	77.43	20	10	5	60	tall	54.26	20	10	25	66	0	m	"7"
WD	wepp-13560	"05:26 pm  Thursday December 2, 2010"	"PORTLAND WB AP OR"	50	clay	tree20	203.43	20	10	50	30	tree20	167.9	20	10	65	50	0	m	"1"
WD	wepp-13565	"05:26 pm  Thursday December 2, 2010"	"PORTLAND WB AP OR"	50	silt	tree5	122.7	20	10	75	20	tree5	84.2	20	10	13	63	0	m	"2"
WD	wepp-13570	"05:26 pm  Thursday December 2, 2010"	"PORTLAND WB AP OR"	50	sand	shrub	298.79	20	10	10	50	shrub	122.46	20	10	88	14	0	m	"3"
WD	wepp-13575	"05:26 pm  Thursday December 2, 2010"	"PORTLAND WB AP OR"	50	loam	short	43.21	20	10	80	15	short	19.98	20	10	33	55	0	m	"4"
WD	wepp-13580	"05:26 pm  Thursday December 2, 2010"	"PORTLAND WB AP OR"	50	clay	high	108.25	20	10	100	5	skid	94.26	20	10	5	23	0	m	"5"
WD	wepp-13585	"05:26 pm  Thursday December 2, 2010"	"PORTLAND WB AP OR"	50	clay	tree5	212.59	20	10	25	55	low	204.15	20	10	71	25	0	m	"6"
WD	wepp-13590	"05:26 pm  Thursday December 2, 2010"	"PORTLAND WB AP OR"	50	clay	tree20	77.43	20	10	5	60	tall	54.26	20	10	25	66	0	m	"7"
WD	wepp-13622	"05:27 pm  Thursday December 2, 2010"	"PORTLAND WB AP OR"	20	clay	tree20	203.43	20	10	50	30	tree20	167.9	20	10	65	50	0	ft	"1"
WD	wepp-13627	"05:27 pm  Thursday December 2, 2010"	"PORTLAND WB AP OR"	20	silt	tree5	122.7	20	10	75	20	tree5	84.2	20	10	13	63	0	ft	"2"
WD	wepp-13635	"05:28 pm  Thursday December 2, 2010"	"PORTLAND WB AP OR"	20	clay	tree20	203.43	20	10	50	30	tree20	167.9	20	10	65	50	0	ft	"1"
WD	wepp-13640	"05:28 pm  Thursday December 2, 2010"	"PORTLAND WB AP OR"	20	silt	tree5	122.7	20	10	75	20	tree5	84.2	20	10	13	63	0	ft	"2"
WD	wepp-13645	"05:28 pm  Thursday December 2, 2010"	"PORTLAND WB AP OR"	20	sand	shrub	298.79	20	10	10	50	shrub	122.46	20	10	88	14	0	ft	"3"
WD	wepp-13650	"05:29 pm  Thursday December 2, 2010"	"PORTLAND WB AP OR"	20	clay	tree20	203.43	20	10	50	30	tree20	167.9	20	10	65	50	0	ft	"1"
WD	wepp-13655	"05:29 pm  Thursday December 2, 2010"	"PORTLAND WB AP OR"	20	silt	tree5	122.7	20	10	75	20	tree5	84.2	20	10	13	63	0	ft	"2"
WD	wepp-13660	"05:29 pm  Thursday December 2, 2010"	"PORTLAND WB AP OR"	20	sand	shrub	298.79	20	10	10	50	shrub	122.46	20	10	88	14	0	ft	"3"
WD	wepp-13684	"05:30 pm  Thursday December 2, 2010"	"PORTLAND WB AP OR"	20	clay	tree20	203.43	20	10	50	30	tree20	167.9	20	10	65	50	0	ft	"1"
WD	wepp-13689	"05:30 pm  Thursday December 2, 2010"	"PORTLAND WB AP OR"	20	silt	tree5	122.7	20	10	75	20	tree5	84.2	20	10	13	63	0	ft	"2"
WD	wepp-13694	"05:31 pm  Thursday December 2, 2010"	"PORTLAND WB AP OR"	20	clay	tree20	203.43	20	10	50	30	tree20	167.9	20	10	65	50	0	ft	"1"
WD	wepp-13699	"05:31 pm  Thursday December 2, 2010"	"PORTLAND WB AP OR"	20	silt	tree5	122.7	20	10	75	20	tree5	84.2	20	10	13	63	0	ft	"2"
WD	wepp-13704	"05:31 pm  Thursday December 2, 2010"	"PORTLAND WB AP OR"	20	sand	shrub	298.79	20	10	10	50	shrub	122.46	20	10	88	14	0	ft	"3"
WD	wepp-13736	"05:32 pm  Thursday December 2, 2010"	"PORTLAND WB AP OR"	20	clay	tree20	203.43	20	10	50	30	tree20	167.9	20	10	65	50	0	ft	"1"
WD	wepp-13741	"05:32 pm  Thursday December 2, 2010"	"PORTLAND WB AP OR"	20	silt	tree5	122.7	20	10	75	20	tree5	84.2	20	10	13	63	0	ft	"2"
WD	wepp-13746	"05:32 pm  Thursday December 2, 2010"	"PORTLAND WB AP OR"	20	clay	tree20	203.43	20	10	50	30	tree20	167.9	20	10	65	50	0	ft	"1"
WD	wepp-13751	"05:32 pm  Thursday December 2, 2010"	"PORTLAND WB AP OR"	20	silt	tree5	122.7	20	10	75	20	tree5	84.2	20	10	13	63	0	ft	"2"
WD	wepp-13756	"05:33 pm  Thursday December 2, 2010"	"PORTLAND WB AP OR"	20	clay	tree20	203.43	20	10	50	30	tree20	167.9	20	10	65	50	0	ft	"1"
WD	wepp-13761	"05:33 pm  Thursday December 2, 2010"	"PORTLAND WB AP OR"	20	silt	tree5	122.7	20	10	75	20	tree5	84.2	20	10	13	63	0	ft	"2"
WD	wepp-13766	"05:33 pm  Thursday December 2, 2010"	"PORTLAND WB AP OR"	20	sand	shrub	298.79	20	10	10	50	shrub	122.46	20	10	88	14	0	ft	"3"
WD	wepp-13771	"05:33 pm  Thursday December 2, 2010"	"PORTLAND WB AP OR"	20	loam	short	43.21	20	10	80	15	short	19.98	20	10	33	55	0	ft	"4"
WD	wepp-13776	"05:33 pm  Thursday December 2, 2010"	"PORTLAND WB AP OR"	20	clay	high	108.25	20	10	100	5	skid	94.26	20	10	5	23	0	ft	"5"
WD	wepp-13781	"05:33 pm  Thursday December 2, 2010"	"PORTLAND WB AP OR"	20	clay	tree5	212.59	20	10	25	55	low	204.15	20	10	71	25	0	ft	"6"
WD	wepp-13786	"05:33 pm  Thursday December 2, 2010"	"PORTLAND WB AP OR"	20	clay	tree20	77.43	20	10	5	60	tall	54.26	20	10	25	66	0	ft	"7"
WD	wepp-13992	"06:02 pm  Thursday December 2, 2010"	"PORTLAND WB AP OR"	20	clay	tree20	203.43	20	10	50	30	tree20	167.9	20	10	65	50	0	ft	"1"
WD	wepp-13997	"06:02 pm  Thursday December 2, 2010"	"PORTLAND WB AP OR"	20	silt	tree5	122.7	20	10	75	20	tree5	84.2	20	10	13	63	0	ft	"2"
WD	wepp-14002	"06:02 pm  Thursday December 2, 2010"	"PORTLAND WB AP OR"	20	sand	shrub	298.79	20	10	10	50	shrub	122.46	20	10	88	14	0	ft	"3"
WD	wepp-14007	"06:02 pm  Thursday December 2, 2010"	"PORTLAND WB AP OR"	20	loam	short	43.21	20	10	80	15	short	19.98	20	10	33	55	0	ft	"4"
WD	wepp-14012	"06:02 pm  Thursday December 2, 2010"	"PORTLAND WB AP OR"	20	clay	high	108.25	20	10	100	5	skid	94.26	20	10	5	23	0	ft	"5"
WD	wepp-14017	"06:02 pm  Thursday December 2, 2010"	"PORTLAND WB AP OR"	20	clay	tree5	212.59	20	10	25	55	low	204.15	20	10	71	25	0	ft	"6"
WD	wepp-14022	"06:03 pm  Thursday December 2, 2010"	"PORTLAND WB AP OR"	20	silt	tree20	77.43	20	10	5	60	tall	54.26	20	10	25	66	0	ft	"7"
WD	wepp-14341	"06:45 pm  Thursday December 2, 2010"	"PORTLAND WB AP OR"	50	clay	tree20	203.43	20	10	50	30	tree20	167.9	20	10	65	50	0	ft	"1"
WD	wepp-14346	"06:45 pm  Thursday December 2, 2010"	"PORTLAND WB AP OR"	50	silt	tree5	122.7	20	10	75	20	tree5	84.2	20	10	13	63	0	ft	"2"
WD	wepp-14351	"06:45 pm  Thursday December 2, 2010"	"PORTLAND WB AP OR"	50	sand	shrub	298.79	20	10	10	50	shrub	122.46	20	10	88	14	0	ft	"3"
WD	wepp-14356	"06:45 pm  Thursday December 2, 2010"	"PORTLAND WB AP OR"	50	loam	short	43.21	20	10	80	15	short	19.98	20	10	33	55	0	ft	"4"
WD	wepp-14361	"06:45 pm  Thursday December 2, 2010"	"PORTLAND WB AP OR"	50	clay	high	108.25	20	10	100	5	skid	94.26	20	10	5	23	0	ft	"5"
WD	wepp-14366	"06:45 pm  Thursday December 2, 2010"	"PORTLAND WB AP OR"	50	clay	tree5	212.59	20	10	25	55	low	204.15	20	10	71	25	0	ft	"6"
WD	wepp-14371	"06:46 pm  Thursday December 2, 2010"	"PORTLAND WB AP OR"	50	silt	tree20	77.43	20	10	5	60	tall	54.26	20	10	25	66	0	ft	"7"
WD	wepp-14404	"06:50 pm  Thursday December 2, 2010"	"PORTLAND WB AP OR"	25	clay	tree20	203.43	20	10	50	30	tree20	167.9	20	10	65	50	0	ft	"1"
WD	wepp-14409	"06:50 pm  Thursday December 2, 2010"	"PORTLAND WB AP OR"	25	silt	tree5	122.7	20	10	75	20	tree5	84.2	20	10	13	63	0	ft	"2"
WD	wepp-14414	"06:50 pm  Thursday December 2, 2010"	"PORTLAND WB AP OR"	25	sand	shrub	298.79	20	10	10	50	shrub	122.46	20	10	88	14	0	ft	"3"
WD	wepp-14419	"06:50 pm  Thursday December 2, 2010"	"PORTLAND WB AP OR"	25	loam	short	43.21	20	10	80	15	short	19.98	20	10	33	55	0	ft	"4"
WD	wepp-14424	"06:50 pm  Thursday December 2, 2010"	"PORTLAND WB AP OR"	25	clay	high	108.25	20	10	100	5	skid	94.26	20	10	5	23	0	ft	"5"
WD	wepp-14429	"06:50 pm  Thursday December 2, 2010"	"PORTLAND WB AP OR"	25	clay	tree5	212.59	20	10	25	55	low	204.15	20	10	71	25	0	ft	"6"
WD	wepp-14434	"06:50 pm  Thursday December 2, 2010"	"PORTLAND WB AP OR"	25	silt	tree20	77.43	20	10	5	60	tall	54.26	20	10	25	66	0	ft	"7"
WD	wepp-14497	"06:59 pm  Thursday December 2, 2010"	"PORTLAND WB AP OR"	10	clay	tree20	203.43	20	10	50	30	tree20	167.9	20	10	65	50	0	ft	"1"
WD	wepp-14502	"06:59 pm  Thursday December 2, 2010"	"PORTLAND WB AP OR"	10	silt	tree5	122.7	20	10	75	20	tree5	84.2	20	10	13	63	0	ft	"2"
WD	wepp-14507	"06:59 pm  Thursday December 2, 2010"	"PORTLAND WB AP OR"	10	sand	shrub	298.79	20	10	10	50	shrub	122.46	20	10	88	14	0	ft	"3"
WD	wepp-14531	"07:00 pm  Thursday December 2, 2010"	"PORTLAND WB AP OR"	10	loam	short	43.21	20	10	80	15	short	19.98	20	10	33	55	0	ft	"4"
WD	wepp-14536	"07:00 pm  Thursday December 2, 2010"	"PORTLAND WB AP OR"	10	clay	high	108.25	20	10	100	5	skid	94.26	20	10	5	23	0	ft	"5"
WD	wepp-14541	"07:00 pm  Thursday December 2, 2010"	"PORTLAND WB AP OR"	10	clay	tree5	212.59	20	10	25	55	low	204.15	20	10	71	25	0	ft	"6"
WD	wepp-14546	"07:00 pm  Thursday December 2, 2010"	"PORTLAND WB AP OR"	10	silt	tree20	77.43	20	10	5	60	tall	54.26	20	10	25	66	0	ft	"7"
WD	wepp-14611	"07:12 pm  Thursday December 2, 2010"	"PORTLAND WB AP OR"	10	clay	tree20	203.43	20	10	50	30	tree20	167.9	20	10	65	50	0	ft	"1"
WD	wepp-14616	"07:12 pm  Thursday December 2, 2010"	"PORTLAND WB AP OR"	10	silt	tree5	122.7	20	10	75	20	tree5	84.2	20	10	13	63	0	ft	"2"
WD	wepp-14621	"07:12 pm  Thursday December 2, 2010"	"PORTLAND WB AP OR"	10	sand	shrub	298.79	20	10	10	50	shrub	122.46	20	10	88	14	0	ft	"3"
WD	wepp-14626	"07:12 pm  Thursday December 2, 2010"	"PORTLAND WB AP OR"	10	loam	short	43.21	20	10	80	15	short	19.98	20	10	33	55	0	ft	"4"
WD	wepp-14631	"07:12 pm  Thursday December 2, 2010"	"PORTLAND WB AP OR"	10	clay	high	108.25	20	10	100	5	skid	94.26	20	10	5	23	0	ft	"5"
WD	wepp-14636	"07:12 pm  Thursday December 2, 2010"	"PORTLAND WB AP OR"	10	clay	tree5	212.59	20	10	25	55	low	204.15	20	10	71	25	0	ft	"6"
WD	wepp-14641	"07:12 pm  Thursday December 2, 2010"	"PORTLAND WB AP OR"	10	silt	tree20	77.43	20	10	5	60	tall	54.26	20	10	25	66	0	ft	"7"
WD	wepp-14721	"07:17 pm  Thursday December 2, 2010"	"PORTLAND WB AP OR"	25	clay	tree20	203.43	20	10	50	30	tree20	167.9	20	10	65	50	0	ft	"1"
WD	wepp-14726	"07:17 pm  Thursday December 2, 2010"	"PORTLAND WB AP OR"	25	silt	tree5	122.7	20	10	75	20	tree5	84.2	20	10	13	63	0	ft	"2"
WD	wepp-14731	"07:17 pm  Thursday December 2, 2010"	"PORTLAND WB AP OR"	25	sand	shrub	298.79	20	10	10	50	shrub	122.46	20	10	88	14	0	ft	"3"
WD	wepp-14736	"07:17 pm  Thursday December 2, 2010"	"PORTLAND WB AP OR"	25	loam	short	43.21	20	10	80	15	short	19.98	20	10	33	55	0	ft	"4"
WD	wepp-14741	"07:17 pm  Thursday December 2, 2010"	"PORTLAND WB AP OR"	25	clay	high	108.25	20	10	100	5	skid	94.26	20	10	5	23	0	ft	"5"
WD	wepp-14746	"07:17 pm  Thursday December 2, 2010"	"PORTLAND WB AP OR"	25	clay	tree5	212.59	20	10	25	55	low	204.15	20	10	71	25	0	ft	"6"
WD	wepp-14751	"07:17 pm  Thursday December 2, 2010"	"PORTLAND WB AP OR"	25	silt	tree20	77.43	20	10	5	60	tall	54.26	20	10	25	66	0	ft	"7"
WD	wepp-14783	"07:19 pm  Thursday December 2, 2010"	"PORTLAND WB AP OR"	20	clay	tree20	203.43	20	10	50	30	tree20	167.9	20	10	65	50	0	ft	"1"
WD	wepp-14788	"07:19 pm  Thursday December 2, 2010"	"PORTLAND WB AP OR"	20	silt	tree5	122.7	20	10	75	20	tree5	84.2	20	10	13	63	0	ft	"2"
WD	wepp-14793	"07:19 pm  Thursday December 2, 2010"	"PORTLAND WB AP OR"	20	sand	shrub	298.79	20	10	10	50	shrub	122.46	20	10	88	14	0	ft	"3"
WD	wepp-14798	"07:19 pm  Thursday December 2, 2010"	"PORTLAND WB AP OR"	20	loam	short	43.21	20	10	80	15	short	19.98	20	10	33	55	0	ft	"4"
WD	wepp-14803	"07:19 pm  Thursday December 2, 2010"	"PORTLAND WB AP OR"	20	clay	high	108.25	20	10	100	5	skid	94.26	20	10	5	23	0	ft	"5"
WD	wepp-14808	"07:19 pm  Thursday December 2, 2010"	"PORTLAND WB AP OR"	20	clay	tree5	212.59	20	10	25	55	low	204.15	20	10	71	25	0	ft	"6"
WD	wepp-14813	"07:19 pm  Thursday December 2, 2010"	"PORTLAND WB AP OR"	20	silt	tree20	77.43	20	10	5	60	tall	54.26	20	10	25	66	0	ft	"7"
WD	wepp-14850	"07:23 pm  Thursday December 2, 2010"	"PORTLAND WB AP OR"	20	clay	tree20	203.43	20	10	50	30	tree20	167.9	20	10	65	50	0	ft	"1"
WD	wepp-14855	"07:23 pm  Thursday December 2, 2010"	"PORTLAND WB AP OR"	20	silt	tree5	122.7	20	10	75	20	tree5	84.2	20	10	13	63	0	ft	"2"
WD	wepp-14860	"07:23 pm  Thursday December 2, 2010"	"PORTLAND WB AP OR"	20	sand	shrub	298.79	20	10	10	50	shrub	122.46	20	10	88	14	0	ft	"3"
WD	wepp-14865	"07:23 pm  Thursday December 2, 2010"	"PORTLAND WB AP OR"	20	loam	short	43.21	20	10	80	15	short	19.98	20	10	33	55	0	ft	"4"
WD	wepp-14870	"07:23 pm  Thursday December 2, 2010"	"PORTLAND WB AP OR"	20	clay	high	108.25	20	10	100	5	skid	94.26	20	10	5	23	0	ft	"5"
WD	wepp-14875	"07:23 pm  Thursday December 2, 2010"	"PORTLAND WB AP OR"	20	clay	tree5	212.59	20	10	25	55	low	204.15	20	10	71	25	0	ft	"6"
WD	wepp-14880	"07:23 pm  Thursday December 2, 2010"	"PORTLAND WB AP OR"	20	silt	tree20	77.43	20	10	5	60	tall	54.26	20	10	25	66	0	ft	"7"
WD	wepp-14890	"07:25 pm  Thursday December 2, 2010"	"PORTLAND WB AP OR"	20	clay	tree20	203.43	20	10	50	30	tree20	167.9	20	10	65	50	0	ft	"1"
WD	wepp-14895	"07:25 pm  Thursday December 2, 2010"	"PORTLAND WB AP OR"	20	silt	tree5	122.7	20	10	75	20	tree5	84.2	20	10	13	63	0	ft	"2"
WD	wepp-14901	"07:25 pm  Thursday December 2, 2010"	"PORTLAND WB AP OR"	20	sand	shrub	298.79	20	10	10	50	shrub	122.46	20	10	88	14	0	ft	"3"
WD	wepp-14906	"07:25 pm  Thursday December 2, 2010"	"PORTLAND WB AP OR"	20	loam	short	43.21	20	10	80	15	short	19.98	20	10	33	55	0	ft	"4"
WD	wepp-14911	"07:25 pm  Thursday December 2, 2010"	"PORTLAND WB AP OR"	20	clay	high	108.25	20	10	100	5	skid	94.26	20	10	5	23	0	ft	"5"
WD	wepp-14916	"07:25 pm  Thursday December 2, 2010"	"PORTLAND WB AP OR"	20	clay	tree5	212.59	20	10	25	55	low	204.15	20	10	71	25	0	ft	"6"
WD	wepp-14921	"07:25 pm  Thursday December 2, 2010"	"PORTLAND WB AP OR"	20	silt	tree20	77.43	20	10	5	60	tall	54.26	20	10	25	66	0	ft	"7"
WD	wepp-24129	"01:04 pm  Friday December 3, 2010"	"HELENA WB AP MT"	20	clay	tree20	203.43	20	10	50	30	tree20	167.9	20	10	65	50	0	ft	"1"
WD	wepp-24134	"01:04 pm  Friday December 3, 2010"	"HELENA WB AP MT"	20	silt	tree5	122.7	20	10	75	20	tree5	84.2	20	10	13	63	0	ft	"2"
WD	wepp-24139	"01:04 pm  Friday December 3, 2010"	"HELENA WB AP MT"	20	sand	shrub	298.79	20	10	10	50	shrub	122.46	20	10	88	14	0	ft	"3"
WD	wepp-24144	"01:04 pm  Friday December 3, 2010"	"HELENA WB AP MT"	20	loam	short	43.21	20	10	80	15	short	19.98	20	10	33	55	0	ft	"4"
WD	wepp-24149	"01:04 pm  Friday December 3, 2010"	"HELENA WB AP MT"	20	clay	high	108.25	20	10	100	5	skid	94.26	20	10	5	23	0	ft	"5"
WD	wepp-24154	"01:04 pm  Friday December 3, 2010"	"HELENA WB AP MT"	20	clay	tree5	212.59	20	10	25	55	low	204.15	20	10	71	25	0	ft	"6"
WD	wepp-24159	"01:04 pm  Friday December 3, 2010"	"HELENA WB AP MT"	20	silt	tree20	77.43	20	10	5	60	tall	54.26	20	10	25	66	0	ft	"7"
WD	wepp-24170	"01:07 pm  Friday December 3, 2010"	"HELENA WB AP MT"	25	clay	tree20	203.43	20	10	50	30	tree20	167.9	20	10	65	50	0	ft	"1"
WD	wepp-24175	"01:07 pm  Friday December 3, 2010"	"HELENA WB AP MT"	25	silt	tree5	122.7	20	10	75	20	tree5	84.2	20	10	13	63	0	ft	"2"
WD	wepp-24180	"01:07 pm  Friday December 3, 2010"	"HELENA WB AP MT"	25	sand	shrub	298.79	20	10	10	50	shrub	122.46	20	10	88	14	0	ft	"3"
WD	wepp-24185	"01:07 pm  Friday December 3, 2010"	"HELENA WB AP MT"	25	loam	short	43.21	20	10	80	15	short	19.98	20	10	33	55	0	ft	"4"
WD	wepp-24190	"01:07 pm  Friday December 3, 2010"	"HELENA WB AP MT"	25	clay	high	108.25	20	10	100	5	skid	94.26	20	10	5	23	0	ft	"5"
WD	wepp-24195	"01:07 pm  Friday December 3, 2010"	"HELENA WB AP MT"	25	clay	tree5	212.59	20	10	25	55	low	204.15	20	10	71	25	0	ft	"6"
WD	wepp-24200	"01:07 pm  Friday December 3, 2010"	"HELENA WB AP MT"	25	silt	tree20	77.43	20	10	5	60	tall	54.26	20	10	25	66	0	ft	"7"
WD	wepp-24376	"01:19 pm  Friday December 3, 2010"	"CHICAGO WB AIRPORT IL"	25	clay	tree20	203.43	20	10	50	30	tree20	167.9	20	10	65	50	0	ft	"1"
WD	wepp-24381	"01:19 pm  Friday December 3, 2010"	"CHICAGO WB AIRPORT IL"	25	silt	tree5	122.7	20	10	75	20	tree5	84.2	20	10	13	63	0	ft	"2"
WD	wepp-24386	"01:19 pm  Friday December 3, 2010"	"CHICAGO WB AIRPORT IL"	25	sand	shrub	298.79	20	10	10	50	shrub	122.46	20	10	88	14	0	ft	"3"
WD	wepp-24391	"01:19 pm  Friday December 3, 2010"	"CHICAGO WB AIRPORT IL"	25	loam	short	43.21	20	10	80	15	short	19.98	20	10	33	55	0	ft	"4"
WD	wepp-24396	"01:19 pm  Friday December 3, 2010"	"CHICAGO WB AIRPORT IL"	25	clay	high	108.25	20	10	100	5	skid	94.26	20	10	5	23	0	ft	"5"
WD	wepp-24401	"01:19 pm  Friday December 3, 2010"	"CHICAGO WB AIRPORT IL"	25	clay	tree5	212.59	20	10	25	55	low	204.15	20	10	71	25	0	ft	"6"
WD	wepp-24406	"01:19 pm  Friday December 3, 2010"	"CHICAGO WB AIRPORT IL"	25	silt	tree20	77.43	20	10	5	60	tall	54.26	20	10	25	66	0	ft	"7"
WD	wepp-24414	"01:22 pm  Friday December 3, 2010"	"CHICAGO WB AIRPORT IL"	25	clay	tree20	203.43	20	10	50	30	tree20	167.9	20	10	65	50	0	ft	"1"
WD	wepp-24419	"01:22 pm  Friday December 3, 2010"	"CHICAGO WB AIRPORT IL"	25	silt	tree5	122.7	20	10	75	20	tree5	84.2	20	10	13	63	0	ft	"2"
WD	wepp-24424	"01:22 pm  Friday December 3, 2010"	"CHICAGO WB AIRPORT IL"	25	sand	shrub	298.79	20	10	10	50	shrub	122.46	20	10	88	14	0	ft	"3"
WD	wepp-24429	"01:22 pm  Friday December 3, 2010"	"CHICAGO WB AIRPORT IL"	25	loam	short	43.21	20	10	80	15	short	19.98	20	10	33	55	0	ft	"4"
WD	wepp-24434	"01:23 pm  Friday December 3, 2010"	"CHICAGO WB AIRPORT IL"	25	clay	high	108.25	20	10	100	5	skid	94.26	20	10	5	23	0	ft	"5"
WD	wepp-24439	"01:23 pm  Friday December 3, 2010"	"CHICAGO WB AIRPORT IL"	25	clay	tree5	212.59	20	10	25	55	low	204.15	20	10	71	25	0	ft	"6"
WD	wepp-24444	"01:23 pm  Friday December 3, 2010"	"CHICAGO WB AIRPORT IL"	25	silt	tree20	77.43	20	10	5	60	tall	54.26	20	10	25	66	0	ft	"7"
WD	wepp-24481	"01:28 pm  Friday December 3, 2010"	"PORTLAND WB AP OR"	25	clay	tree20	203.43	20	10	75	70	skid	167.9	20	10	75	70	0	ft	"1"
WD	wepp-24486	"01:29 pm  Friday December 3, 2010"	"PORTLAND WB AP OR"	25	silt	tree5	122.7	20	10	50	60	tree20	84.2	20	10	50	60	0	ft	"2"
WD	wepp-24491	"01:29 pm  Friday December 3, 2010"	"PORTLAND WB AP OR"	25	sand	shrub	298.79	20	10	25	50	tree5	122.46	20	10	25	50	0	ft	"3"
WD	wepp-24497	"01:29 pm  Friday December 3, 2010"	"PORTLAND WB AP OR"	25	loam	tall	43.21	20	10	10	40	shrub	19.98	20	10	10	40	0	ft	"4"
WD	wepp-24503	"01:29 pm  Friday December 3, 2010"	"PORTLAND WB AP OR"	25	clay	short	108.25	20	10	15	30	tall	94.26	20	10	15	30	0	ft	"5"
WD	wepp-24508	"01:29 pm  Friday December 3, 2010"	"PORTLAND WB AP OR"	25	silt	low	212.59	20	10	80	20	low	204.15	20	10	80	20	0	ft	"6"
WD	wepp-24513	"01:29 pm  Friday December 3, 2010"	"PORTLAND WB AP OR"	25	sand	high	77.43	20	10	45	10	skid	54.26	20	10	45	10	0	ft	"7"
WD	wepp-24543	"01:29 pm  Friday December 3, 2010"	"CHICAGO WB AIRPORT IL"	25	clay	tree20	203.43	20	10	75	70	skid	167.9	20	10	75	70	0	ft	"1"
WD	wepp-24548	"01:29 pm  Friday December 3, 2010"	"CHICAGO WB AIRPORT IL"	25	silt	tree5	122.7	20	10	50	60	tree20	84.2	20	10	50	60	0	ft	"2"
WD	wepp-24553	"01:29 pm  Friday December 3, 2010"	"CHICAGO WB AIRPORT IL"	25	sand	shrub	298.79	20	10	25	50	tree5	122.46	20	10	25	50	0	ft	"3"
WD	wepp-24558	"01:29 pm  Friday December 3, 2010"	"CHICAGO WB AIRPORT IL"	25	loam	tall	43.21	20	10	10	40	shrub	19.98	20	10	10	40	0	ft	"4"
WD	wepp-24563	"01:29 pm  Friday December 3, 2010"	"CHICAGO WB AIRPORT IL"	25	clay	short	108.25	20	10	15	30	tall	94.26	20	10	15	30	0	ft	"5"
WD	wepp-24568	"01:30 pm  Friday December 3, 2010"	"CHICAGO WB AIRPORT IL"	25	silt	low	212.59	20	10	80	20	low	204.15	20	10	80	20	0	ft	"6"
WD	wepp-24592	"01:30 pm  Friday December 3, 2010"	"CHICAGO WB AIRPORT IL"	25	sand	high	77.43	20	10	45	10	skid	54.26	20	10	45	10	0	ft	"7"
