WD	wepp-15142	"12:40 pm  Saturday March 17, 2012"	"ELKTON 2 W OR"	100	clay	OldForest	1000	75	30	0	20	OldForest	1200	85	5	0	20	0	ft	""
WD	wepp-15299	"12:54 pm  Saturday March 17, 2012"	"ELKTON 2 W OR"	100	clay	OldForest	1000	75	75	0	20	OldForest	1000	75	75	100	20	0	ft	""
WD	wepp-15349	"12:59 pm  Saturday March 17, 2012"	"ELKTON 2 W OR"	100	clay	OldForest	1000	75	75	0	20	OldForest	1000	75	75	0	20	0	ft	""
WD	wepp-15415	"01:02 pm  Saturday March 17, 2012"	"ELKTON 2 W OR"	100	clay	OldForest	1000	75	75	0	20	OldForest	1000	75	75	0	20	0	ft	""
WD	wepp-15462	"01:08 pm  Saturday March 17, 2012"	"ELKTON 2 W OR"	100	clay	OldForest	1000	75	75	50	20	OldForest	1000	75	75	50	20	0	ft	""
WD	wepp-15482	"01:09 pm  Saturday March 17, 2012"	"ELKTON 2 W OR"	100	clay	OldForest	1000	75	75	50	20	OldForest	1000	75	75	50	20	0	ft	""
WD	wepp-15529	"01:10 pm  Saturday March 17, 2012"	"ELKTON 2 W OR"	100	clay	OldForest	1000	75	75	0	20	OldForest	1000	75	75	0	20	0	ft	""
WD	wepp-15549	"01:11 pm  Saturday March 17, 2012"	"ELKTON 2 W OR"	50	clay	OldForest	1000	75	75	0	20	OldForest	1000	75	75	0	20	0	ft	""
WD	wepp-15569	"01:12 pm  Saturday March 17, 2012"	"ELKTON 2 W OR"	1	clay	OldForest	1000	75	75	0	20	OldForest	1000	75	75	0	20	0	ft	""
WD	wepp-15675	"01:22 pm  Saturday March 17, 2012"	"ELKTON 2 W OR"	10	silt	OldForest	1200	85	85	0	20	OldForest	1200	85	85	0	20	0	ft	""
WD	wepp-15695	"01:23 pm  Saturday March 17, 2012"	"ELKTON 2 W OR"	1	silt	OldForest	1200	85	85	0	20	OldForest	1200	85	85	0	20	0	ft	""
WD	wepp-15715	"01:24 pm  Saturday March 17, 2012"	"ELKTON 2 W OR"	50	silt	OldForest	1200	85	85	0	20	OldForest	1200	85	85	0	20	0	ft	""
WD	wepp-15735	"01:24 pm  Saturday March 17, 2012"	"ELKTON 2 W OR"	100	silt	OldForest	1200	85	85	0	20	OldForest	1200	85	85	0	20	0	ft	""
WD	wepp-15755	"01:25 pm  Saturday March 17, 2012"	"ELKTON 2 W OR"	100	silt	OldForest	1200	85	85	0	20	OldForest	1200	85	85	0	20	0	ft	""
WD	wepp-15802	"01:26 pm  Saturday March 17, 2012"	"ELKTON 2 W OR"	100	silt	OldForest	1200	85	85	0	20	OldForest	1200	85	85	0	20	0	ft	""
WD	wepp-15822	"01:27 pm  Saturday March 17, 2012"	"ELKTON 2 W OR"	100	clay	OldForest	1000	75	75	0	20	OldForest	1000	75	75	0	20	0	ft	""
WD	wepp-15842	"01:29 pm  Saturday March 17, 2012"	"ELKTON 2 W OR"	50	silt	OldForest	1200	85	85	0	20	OldForest	1200	85	85	0	20	0	ft	""
WD	wepp-15862	"01:29 pm  Saturday March 17, 2012"	"ELKTON 2 W OR"	1	silt	OldForest	1200	85	85	0	20	OldForest	1200	85	85	0	20	0	ft	""
WD	wepp-15991	"01:43 pm  Saturday March 17, 2012"	"ELKTON 2 W OR"	1	silt	HighFire	1200	85	85	45	20	HighFire	1200	85	85	45	20	0	ft	""
WD	wepp-16011	"01:44 pm  Saturday March 17, 2012"	"ELKTON 2 W OR"	100	silt	HighFire	1200	85	85	45	20	HighFire	1200	85	85	45	20	0	ft	""
WD	wepp-16106	"01:46 pm  Saturday March 17, 2012"	"ELKTON 2 W OR"	100	silt	HighFire	1200	85	85	0	20	HighFire	1200	85	85	0	20	0	ft	""
WD	wepp-16128	"01:48 pm  Saturday March 17, 2012"	"ELKTON 2 W OR"	100	clay	HighFire	1200	75	75	0	20	HighFire	1200	75	75	0	20	0	ft	""
WD	wepp-16148	"01:49 pm  Saturday March 17, 2012"	"ELKTON 2 W OR"	100	clay	HighFire	1000	75	75	0	20	HighFire	1000	75	75	0	20	0	ft	""
WD	wepp-16168	"01:50 pm  Saturday March 17, 2012"	"ELKTON 2 W OR"	1	clay	HighFire	1000	75	75	0	20	HighFire	1000	75	75	0	20	0	ft	""
WD	wepp-16215	"01:51 pm  Saturday March 17, 2012"	"ELKTON 2 W OR"	1	silt	HighFire	1200	85	85	45	20	HighFire	1200	85	85	45	20	0	ft	""
WD	wepp-16235	"01:53 pm  Saturday March 17, 2012"	"ELKTON 2 W OR"	1	clay	HighFire	1000	75	75	45	20	HighFire	1000	75	75	45	20	0	ft	""
WD	wepp-16255	"01:53 pm  Saturday March 17, 2012"	"ELKTON 2 W OR"	100	clay	HighFire	1000	75	75	45	20	HighFire	1000	75	75	45	20	0	ft	""
WD	wepp-16301	"01:58 pm  Saturday March 17, 2012"	"ELKTON 2 W OR"	100	silt	HighFire	1200	85	85	45	20	HighFire	1200	85	85	45	20	0	ft	""
WD	wepp-16340	"02:00 pm  Saturday March 17, 2012"	"ELKTON 2 W OR"	100	silt	LowFire	1200	85	85	0	20	LowFire	1200	85	85	0	20	0	ft	""
WD	wepp-16387	"02:01 pm  Saturday March 17, 2012"	"ELKTON 2 W OR"	1	silt	LowFire	1200	85	85	0	20	LowFire	1200	85	85	0	20	0	ft	""
WD	wepp-16406	"02:02 pm  Saturday March 17, 2012"	"ELKTON 2 W OR"	1	clay	LowFire	1000	75	75	0	20	LowFire	1000	75	75	0	20	0	ft	""
WD	wepp-16426	"02:03 pm  Saturday March 17, 2012"	"ELKTON 2 W OR"	100	clay	LowFire	1000	75	75	0	20	LowFire	1000	75	75	0	20	0	ft	""
