WR	wepp-25962	"01:24 pm  Saturday November 24, 2012"	"HW9 +"	30	silt	native	200	4	13	15	50	1	25	20	inveg	ft
WR	wepp-26695	"02:08 pm  Saturday November 24, 2012"	"HW9 +"	30	silt	native	200	4	13	15	50	1	25	20	inbare	ft
WR	wepp-26747	"02:13 pm  Saturday November 24, 2012"	"HW9 +"	30	silt	paved	200	4	13	15	50	1	25	20	inbare	ft
WR	wepp-26854	"02:26 pm  Saturday November 24, 2012"	"HW9 +"	30	silt	paved	200	4	13	15	50	7	25	20	inbare	ft
WR	wepp-26874	"02:27 pm  Saturday November 24, 2012"	"HW9 +"	30	silt	paved	200	4	13	15	50	20	25	20	inbare	ft
WR	wepp-26894	"02:27 pm  Saturday November 24, 2012"	"HW9 +"	30	silt	paved	200	4	13	15	50	75	25	20	inbare	ft
WR	wepp-26915	"02:27 pm  Saturday November 24, 2012"	"HW9 +"	30	silt	paved	200	4	13	15	50	100	25	20	inbare	ft
WR	wepp-26936	"02:28 pm  Saturday November 24, 2012"	"HW9 +"	30	silt	paved	200	4	13	15	50	102	25	20	inbare	ft
WR	wepp-26981	"02:28 pm  Saturday November 24, 2012"	"HW9 +"	30	silt	paved	200	4	13	15	50	101	25	20	inbare	ft
WR	wepp-29858	"06:57 pm  Saturday November 24, 2012"	"HW9 +"	30	silt	graveled	200	4	13	15	50	1	25	20	outunrut	ft
WR	wepp-30197	"07:03 pm  Saturday November 24, 2012"	"HW9 g +"	30	silt	graveled	200	4	13	15	50	1	25	20	outunrut	ft
WR	wepp-30235	"07:03 pm  Saturday November 24, 2012"	"HW9 g +"	30	silt	graveled	200	4	13	15	50	1	25	20	outunrut	ft
WD	wepp-30320	"07:12 pm  Saturday November 24, 2012"	"HW9 +"	20	silt	OldForest	400	0	30	100	20	OldForest	75	30	5	100	20	0	ft	""
WD	wepp-30395	"07:17 pm  Saturday November 24, 2012"	"HW9 +"	20	silt	Bunchgrass	400	0	30	60	20	OldForest	75	30	5	100	20	0	ft	""
WD	wepp-30417	"07:19 pm  Saturday November 24, 2012"	"HW9 +"	20	silt	Bunchgrass	400	0	30	60	20	OldForest	30	30	5	100	20	0	ft	""
WD	wepp-30464	"07:20 pm  Saturday November 24, 2012"	"HW9 +"	20	silt	HighFire	400	0	30	45	20	LowFire	30	30	5	85	20	0	ft	""
WD	wepp-30489	"07:23 pm  Saturday November 24, 2012"	"HW9 +"	20	silt	HighFire	400	0	30	45	20	LowFire	100	30	5	85	20	0	ft	""
WD	wepp-30509	"07:23 pm  Saturday November 24, 2012"	"HW9 +"	20	silt	HighFire	400	0	30	45	20	LowFire	120	30	5	85	20	0	ft	""
WD	wepp-30528	"07:23 pm  Saturday November 24, 2012"	"HW9 +"	20	silt	HighFire	400	0	30	45	20	LowFire	150	30	5	85	20	0	ft	""
WD	wepp-30548	"07:24 pm  Saturday November 24, 2012"	"HW9 +"	20	silt	HighFire	400	0	30	45	20	LowFire	200	30	5	85	20	0	ft	""
WD	wepp-30568	"07:24 pm  Saturday November 24, 2012"	"HW9 +"	20	silt	HighFire	400	0	30	45	20	LowFire	250	30	5	85	20	0	ft	""
WD	wepp-30588	"07:24 pm  Saturday November 24, 2012"	"HW9 +"	20	silt	HighFire	400	0	30	45	20	LowFire	300	30	5	85	20	0	ft	""
WD	wepp-30608	"07:24 pm  Saturday November 24, 2012"	"HW9 +"	20	silt	HighFire	400	0	30	45	20	LowFire	400	30	5	85	20	0	ft	""
WD	wepp-30628	"07:24 pm  Saturday November 24, 2012"	"HW9 +"	20	silt	HighFire	400	0	30	45	20	LowFire	480	30	5	85	20	0	ft	""
WD	wepp-30648	"07:25 pm  Saturday November 24, 2012"	"HW9 +"	20	silt	HighFire	400	0	30	45	20	LowFire	550	30	5	85	20	0	ft	""
WD	wepp-30670	"07:25 pm  Saturday November 24, 2012"	"HW9 +"	20	silt	HighFire	400	0	30	45	20	LowFire	1000	30	5	85	20	0	ft	""
WD	wepp-30768	"07:30 pm  Saturday November 24, 2012"	"HW9 +"	20	silt	Bunchgrass	400	0	30	60	20	OldForest	300	30	5	100	20	0	ft	""
WD	wepp-30789	"07:33 pm  Saturday November 24, 2012"	"HW9 +"	20	silt	Bunchgrass	400	0	30	60	20	OldForest	400	30	5	100	20	0	ft	""
WD	wepp-30809	"07:33 pm  Saturday November 24, 2012"	"HW9 +"	20	silt	Bunchgrass	400	0	30	60	20	OldForest	500	30	5	100	20	0	ft	""
WD	wepp-30829	"07:33 pm  Saturday November 24, 2012"	"HW9 +"	20	silt	Bunchgrass	400	0	30	60	20	OldForest	520	30	5	100	20	0	ft	""
WD	wepp-30849	"07:33 pm  Saturday November 24, 2012"	"HW9 +"	20	silt	Bunchgrass	400	0	30	60	20	OldForest	530	30	5	100	20	0	ft	""
WD	wepp-30868	"07:34 pm  Saturday November 24, 2012"	"HW9 +"	20	silt	Bunchgrass	400	0	30	60	20	OldForest	550	30	5	100	20	0	ft	""
WD	wepp-30888	"07:34 pm  Saturday November 24, 2012"	"HW9 +"	20	silt	Bunchgrass	400	0	30	60	20	OldForest	580	30	5	100	20	0	ft	""
WD	wepp-30908	"07:34 pm  Saturday November 24, 2012"	"HW9 +"	20	silt	Bunchgrass	400	0	30	60	20	OldForest	575	30	5	100	20	0	ft	""
WD	wepp-30928	"07:34 pm  Saturday November 24, 2012"	"HW9 +"	20	silt	Bunchgrass	400	0	30	60	20	OldForest	580	30	5	100	20	0	ft	""
WD	wepp-30947	"07:34 pm  Saturday November 24, 2012"	"HW9 +"	20	silt	Bunchgrass	400	0	30	60	20	OldForest	580	30	5	100	20	0	ft	""
WD	wepp-30967	"07:35 pm  Saturday November 24, 2012"	"HW9 +"	20	silt	Bunchgrass	400	0	30	60	20	OldForest	570	30	5	100	20	0	ft	""
WD	wepp-30987	"07:35 pm  Saturday November 24, 2012"	"HW9 +"	20	silt	Bunchgrass	400	0	30	60	20	OldForest	565	30	5	100	20	0	ft	""
WD	wepp-31008	"07:35 pm  Saturday November 24, 2012"	"HW9 +"	20	silt	Bunchgrass	400	0	30	60	20	OldForest	560	30	5	100	20	0	ft	""
WD	wepp-31056	"07:35 pm  Saturday November 24, 2012"	"HW9 +"	20	silt	Bunchgrass	400	0	30	60	20	OldForest	563	30	5	100	20	0	ft	""
WD	wepp-31076	"07:36 pm  Saturday November 24, 2012"	"HW9 +"	20	silt	Bunchgrass	400	0	30	60	20	OldForest	561	30	5	100	20	0	ft	""
WD	wepp-31096	"07:36 pm  Saturday November 24, 2012"	"HW9 +"	20	silt	Bunchgrass	400	0	30	60	20	OldForest	560	30	5	100	20	0	ft	""
WD	wepp-31172	"07:45 pm  Saturday November 24, 2012"	"HW9 +"	20	silt	HighFire	400	0	30	45	20	HighFire	75	30	5	45	20	0	ft	""
