WR	wepp-18627	"08:55 am  Tuesday February 14, 2012"	"CORVALLIS ST COL OR"	30	silt	native	140	10	12	9	50	1	0.3	20	outrut	ft
WR	wepp-18674	"08:58 am  Tuesday February 14, 2012"	"CORVALLIS ST COL OR"	30	silt	native	140	10	12	9	50	1	0.3	20	outrut	ft
WR	wepp-18714	"09:01 am  Tuesday February 14, 2012"	"CORVALLIS ST COL OR"	30	silt	native	134	9	8.5	6	45	1	0.3	15	outrut	ft
WR	wepp-18733	"09:02 am  Tuesday February 14, 2012"	"CORVALLIS ST COL OR"	30	silt	graveled	134	9	8.5	6	45	1	0.3	15	outrut	ft
WR	wepp-18809	"09:09 am  Tuesday February 14, 2012"	"CORVALLIS ST COL OR"	30	silt	graveled	134	9	8.5	6	45	1	0.3	15	outrut	ft
WR	wepp-18836	"09:10 am  Tuesday February 14, 2012"	"CORVALLIS ST COL OR"	30	silt	graveled	140	10	12	38	50	1	0.3	5	outrut	ft
WR	wepp-18855	"09:11 am  Tuesday February 14, 2012"	"CORVALLIS ST COL OR"	30	silt	graveled	140	10	12	38	50	1	0.3	5	outrut	ft
WR	wepp-18902	"09:13 am  Tuesday February 14, 2012"	"CORVALLIS ST COL OR"	30	silt	graveled	110	9	11	8	40	1	0.3	5	outrut	ft
WR	wepp-18922	"09:14 am  Tuesday February 14, 2012"	"CORVALLIS ST COL OR"	30	silt	graveled	110	9	11	8	40	1	0.3	5	outrut	ft
WR	wepp-18989	"09:20 am  Tuesday February 14, 2012"	"CORVALLIS ST COL OR"	30	silt	graveled	380	11	11	8	25	100	25	5	outrut	ft
WR	wepp-19009	"09:20 am  Tuesday February 14, 2012"	"CORVALLIS ST COL OR"	30	silt	graveled	380	11	11	8	25	100	25	5	outrut	ft
WR	wepp-19031	"09:22 am  Tuesday February 14, 2012"	"CORVALLIS ST COL OR"	30	silt	graveled	40	11	9	8	22	100	11	5	outrut	ft
WR	wepp-19058	"09:23 am  Tuesday February 14, 2012"	"CORVALLIS ST COL OR"	30	silt	graveled	40	11	9	8	22	100	11	5	outrut	ft
WR	wepp-19152	"09:32 am  Tuesday February 14, 2012"	"CORVALLIS ST COL OR"	30	silt	graveled	130	10	10	17	30	1	10	0	outrut	ft
WR	wepp-19171	"09:32 am  Tuesday February 14, 2012"	"CORVALLIS ST COL OR"	30	silt	graveled	130	10	10	17	30	1	10	0	outrut	ft
WR	wepp-19217	"09:34 am  Tuesday February 14, 2012"	"CORVALLIS ST COL OR"	30	silt	native	270	10	9.5	8	36	1	0.3	7	outrut	ft
WR	wepp-19236	"09:35 am  Tuesday February 14, 2012"	"CORVALLIS ST COL OR"	30	silt	native	270	10	9.5	8	36	1	0.3	7	outrut	ft
WR	wepp-19256	"09:36 am  Tuesday February 14, 2012"	"CORVALLIS ST COL OR"	30	silt	graveled	150	8.5	11	7	34	1	0.3	2	outrut	ft
WR	wepp-19276	"09:37 am  Tuesday February 14, 2012"	"CORVALLIS ST COL OR"	30	silt	graveled	150	8.5	11	7	34	1	0.3	2	outrut	ft
WR	wepp-19323	"09:38 am  Tuesday February 14, 2012"	"CORVALLIS ST COL OR"	30	silt	graveled	120	10	10	8	24	1	0.3	5	outrut	ft
WR	wepp-19343	"09:38 am  Tuesday February 14, 2012"	"CORVALLIS ST COL OR"	30	silt	graveled	120	10	10	8	24	1	0.3	5	outrut	ft
WR	wepp-19363	"09:43 am  Tuesday February 14, 2012"	"CORVALLIS ST COL OR"	30	silt	graveled	80	3	12	8	16	16	12	10	outrut	ft
WR	wepp-19413	"09:44 am  Tuesday February 14, 2012"	"CORVALLIS ST COL OR"	30	silt	graveled	80	3	12	8	16	16	12	10	outrut	ft
WR	wepp-19514	"09:48 am  Tuesday February 14, 2012"	"CORVALLIS ST COL OR"	30	silt	graveled	80	4	9	6	16	1	0.3	10	outrut	ft
WR	wepp-19536	"09:48 am  Tuesday February 14, 2012"	"CORVALLIS ST COL OR"	30	silt	graveled	80	4	9	6	16	1	0.3	10	outrut	ft
WR	wepp-19577	"09:51 am  Tuesday February 14, 2012"	"CORVALLIS ST COL OR"	1	silt	graveled	80	4	9	6	16	1	0.3	10	outrut	ft
WR	wepp-27650	"03:23 pm  Tuesday February 14, 2012"	""	1			0	0	0	0	0	0	0	0		
