wt	wepp-4475	"Jun 16, 2010"	"N of Rubicon CA +"	granitic	HighRoad	0	30	50	10	20	YoungForest	30	5	50	100	20	ft	""
wt	wepp-4582	"Jun 16, 2010"	"N of Rubicon CA +"	granitic	HighRoad	4	4	200	10	20	YoungForest	20	15	50	100	20	ft	""
wt	wepp-4907	"Jun 16, 2010"	"N of Rubicon CA +"	granitic	LowRoad	4	4	200	10	20	YoungForest	20	15	50	100	20	ft	""
wt	wepp-5043	"Jun 16, 2010"	"N of Rubicon CA +"	granitic	HighRoad	4	4	30	10	20	YoungForest	20	15	50	100	20	ft	""
wt	wepp-5174	"Jun 16, 2010"	"N of Rubicon CA +"	rockpave	HighRoad	4	4	200	10	50	YoungForest	20	15	50	100	20	ft	""
wt	wepp-5446	"Jun 16, 2010"	"N of Rubicon CA +"	granitic	HighRoad	4	4	100	10	50	YoungForest	20	15	50	100	20	ft	""
wt	wepp-5556	"Jun 16, 2010"	"N of Rubicon CA +"	granitic	OldForest	20	30	300	100	50	OldForest	30	10	100	100	20	ft	""
wt	wepp-5624	"Jun 16, 2010"	"N of Rubicon CA +"	granitic	HighFire	20	30	300	30	50	LowFire	30	10	100	50	20	ft	""
wt	wepp-5651	"Jun 16, 2010"	"N of Rubicon CA +"	granitic	HighFire	20	30	300	30	20	LowFire	30	10	100	50	20	ft	""
wt	wepp-5691	"Jun 16, 2010"	"N of Rubicon CA +"	granitic	OldForest	20	30	300	100	20	OldForest	30	10	100	100	20	ft	""
wt	wepp-5738	"Jun 16, 2010"	"N of Rubicon CA +"	granitic	HighFire	20	30	300	30	20	LowFire	30	10	100	50	20	ft	""
wt	wepp-5778	"Jun 16, 2010"	"N of Rubicon CA +"	granitic	YoungForest	20	30	300	100	20	OldForest	30	10	100	100	20	ft	""
wt	wepp-5884	"Jun 16, 2010"	"N of Rubicon CA +"	granitic	LowFire	20	30	300	85	20	OldForest	30	10	100	100	20	ft	""
wt	wepp-5908	"Jun 16, 2010"	"N of Rubicon CA +"	granitic	HighFire	20	30	300	40	20	LowFire	30	10	100	70	20	ft	""
wt	wepp-6622	"Jun 16, 2010"	"N of Rubicon CA +"	granitic	HighFire	20	30	300	40	20	LowFire	30	10	100	85	20	ft	""
wt	wepp-7330	"Jun 16, 2010"	"N of Rubicon CA +"	volcanic	Bare	30	30	50	20	20	Bare	30	20	50	20	20	ft	""
wt	wepp-7543	"Jun 16, 2010"	"N of Rubicon CA +"	volcanic	Mulch	30	30	50	85	20	Mulch	30	20	50	85	20	ft	""
wt	wepp-7874	"Jun 16, 2010"	"N of Rubicon CA +"	volcanic	Till	30	30	50	85	20	Till	30	20	50	85	20	ft	""
wt	wepp-7967	"Jun 16, 2010"	"N of Rubicon CA +"	volcanic	Bare	30	30	50	20	20	OldForest	30	20	50	100	20	ft	""
wt	wepp-8442	"Jun 16, 2010"	"N of Rubicon CA +"	volcanic	Bare	30	30	50	20	20	OldForest	30	20	50	100	20	ft	""
wt	wepp-8500	"Jun 16, 2010"	"N of Rubicon CA +"	volcanic	Bare	30	30	50	20	20	OldForest	30	30	50	100	20	ft	""
