wt	wepp-4052	"Jun 16, 2010"	"DENVER WB AP CO"	granitic	OldForest	0	30	50	100	20	YoungForest	30	5	50	100	20	ft	""
wt	wepp-4490	"Jun 16, 2010"	"north of RUBICON #2 CA SNOTEL +"	granitic	OldForest	0	30	50	100	20	YoungForest	30	5	50	100	20	ft	""
wt	wepp-4616	"Jun 16, 2010"	"north of RUBICON #2 CA SNOTEL +"	granitic	HighRoad	4	30	200	10	20	YoungForest	20	15	50	100	20	ft	""
wt	wepp-4692	"Jun 16, 2010"	"north of RUBICON #2 CA SNOTEL +"	granitic	HighRoad	4	4	200	10	20	YoungForest	20	15	50	100	20	ft	""
wt	wepp-4991	"Jun 16, 2010"	"north of RUBICON #2 CA SNOTEL +"	granitic	LowRoad	4	4	200	10	20	YoungForest	20	15	50	100	20	ft	""
wt	wepp-5085	"Jun 16, 2010"	"north of RUBICON #2 CA SNOTEL +"	granitic	HighRoad	4	4	30	10	20	YoungForest	20	15	50	100	20	ft	""
wt	wepp-5216	"Jun 16, 2010"	"north of RUBICON #2 CA SNOTEL +"	rockpave	HighRoad	4	4	200	10	50	YoungForest	20	15	50	100	20	ft	""
wt	wepp-5429	"Jun 16, 2010"	"north of RUBICON #2 CA SNOTEL +"	rockpave	HighRoad	4	4	100	10	50	YoungForest	20	15	50	100	20	ft	""
wt	wepp-5473	"Jun 16, 2010"	"north of RUBICON #2 CA SNOTEL +"	granitic	HighRoad	4	4	100	10	50	YoungForest	20	15	50	100	20	ft	""
wt	wepp-5846	"Jun 16, 2010"	"north of RUBICON #2 CA SNOTEL +"	granitic	OldForest	4	4	100	100	20	OldForest	30	10	100	100	20	ft	""
wt	wepp-5958	"Jun 16, 2010"	"north of RUBICON #2 CA SNOTEL +"	granitic	OldForest	20	30	100	100	20	OldForest	30	10	100	100	20	ft	""
wt	wepp-5979	"Jun 16, 2010"	"north of RUBICON #2 CA SNOTEL +"	granitic	OldForest	20	30	300	100	20	OldForest	30	10	100	100	20	ft	""
wt	wepp-6240	"Jun 16, 2010"	"north of RUBICON #2 CA SNOTEL +"	granitic	YoungForest	20	30	300	85	20	OldForest	30	10	100	95	20	ft	""
wt	wepp-6383	"Jun 16, 2010"	"north of RUBICON #2 CA SNOTEL +"	granitic	HighFire	20	30	300	45	20	HighFire	30	10	100	45	20	ft	""
wt	wepp-6475	"Jun 16, 2010"	"north of RUBICON #2 CA SNOTEL +"	granitic	LowFire	20	30	300	85	20	OldForest	30	10	100	100	20	ft	""
wt	wepp-6556	"Jun 16, 2010"	"north of RUBICON #2 CA SNOTEL +"	granitic	HighFire	20	30	300	40	20	LowFire	30	10	100	85	20	ft	""
wt	wepp-7393	"Jun 16, 2010"	"north of RUBICON #2 CA SNOTEL +"	granitic	Bare	30	30	50	20	20	Bare	30	30	50	20	20	ft	""
wt	wepp-7482	"Jun 16, 2010"	"north of RUBICON #2 CA SNOTEL +"	rockpave	Bare	30	30	50	50	50	Bare	30	30	50	20	20	ft	""
wt	wepp-7522	"Jun 16, 2010"	"north of RUBICON #2 CA SNOTEL +"	volcanic	Bare	30	30	50	20	20	Bare	30	30	50	20	20	ft	""
wt	wepp-7564	"Jun 16, 2010"	"north of RUBICON #2 CA SNOTEL +"	volcanic	Bare	30	30	50	20	20	Bare	30	20	50	20	20	ft	""
wt	wepp-7764	"Jun 16, 2010"	"north of RUBICON #2 CA SNOTEL +"	volcanic	Bare	30	30	50	20	20	Bare	30	20	50	20	20	ft	""
wt	wepp-7786	"Jun 16, 2010"	"north of RUBICON #2 CA SNOTEL +"	volcanic	Mulch	30	30	50	60	20	Mulch	30	20	50	60	20	ft	""
wt	wepp-7807	"Jun 16, 2010"	"north of RUBICON #2 CA SNOTEL +"	volcanic	Mulch	30	30	50	85	20	Mulch	30	20	50	85	20	ft	""
wt	wepp-7854	"Jun 16, 2010"	"north of RUBICON #2 CA SNOTEL +"	volcanic	Till	30	30	50	85	20	Till	30	20	50	85	20	ft	""
wt	wepp-7940	"Jun 16, 2010"	"north of RUBICON #2 CA SNOTEL +"	volcanic	Bare	30	30	50	20	20	OldForest	30	20	50	100	20	ft	""
