WR	wepp-21414	"05:33 pm  Tuesday November 11, 2014"	"SAN LUIS OBISPO POL CA"	30	clay	native	280.4	5	12	11.6	6	21.2	23	20	outrut	ft
WR	wepp-22085	"05:46 pm  Tuesday November 11, 2014"	"SAN LUIS OBISPO POL CA"	30	clay	native	100	30	13	5.1	33	34.6	2	20	outrut	ft
WR	wepp-22158	"05:48 pm  Tuesday November 11, 2014"	"SAN LUIS OBISPO POL CA"	30	clay	native	200	30	13	5.1	33	34.6	2	20	outrut	ft
WR	wepp-22250	"05:49 pm  Tuesday November 11, 2014"	"SAN LUIS OBISPO POL CA"	30	clay	native	200	30	13	5.1	33	34.6	2	0	outrut	ft
WR	wepp-22293	"05:49 pm  Tuesday November 11, 2014"	"SAN LUIS OBISPO POL CA"	30	clay	native	200	30	13	5.1	33	34.6	2	0	outrut	ft
WR	wepp-22370	"05:51 pm  Tuesday November 11, 2014"	"SAN LUIS OBISPO POL CA"	30	loam	native	200	30	13	5.1	33	34.6	2	0	outrut	ft
WR	wepp-22413	"05:51 pm  Tuesday November 11, 2014"	"SAN LUIS OBISPO POL CA"	30	clay	native	200	30	13	5.1	33	34.6	2	0	outrut	ft
WR	wepp-22477	"05:53 pm  Tuesday November 11, 2014"	"SAN LUIS OBISPO POL CA"	30	clay	native	280.4	5	12	11.6	6	21.2	23	0	outrut	ft
WR	wepp-22536	"05:54 pm  Tuesday November 11, 2014"	"SAN LUIS OBISPO POL CA"	30	clay	native	280.4	5	12	11.6	6	21.2	23	0	outrut	ft
WR	wepp-22845	"05:57 pm  Tuesday November 11, 2014"	"SAN LUIS OBISPO POL CA"	30	clay	native	287	4	12	4.4	6	48.5	12	0	outrut	ft
WR	wepp-22889	"05:57 pm  Tuesday November 11, 2014"	"SAN LUIS OBISPO POL CA"	30	clay	native	287	4	12	4.4	6	48.5	12	0	outrut	ft
WR	wepp-22963	"05:59 pm  Tuesday November 11, 2014"	"SAN LUIS OBISPO POL CA"	30	clay	native	63	8	11	11.5	4	43.2	15	0	outrut	ft
WR	wepp-23178	"06:05 pm  Tuesday November 11, 2014"	"SAN LUIS OBISPO POL CA"	30	loam	native	280.4	5	12	11.6	6	21.2	23	20	outrut	ft
WR	wepp-23221	"06:05 pm  Tuesday November 11, 2014"	"SAN LUIS OBISPO POL CA"	30	loam	native	280.4	5	12	11.6	6	21.2	23	0	outrut	ft
WR	wepp-23401	"06:11 pm  Tuesday November 11, 2014"	"SAN LUIS OBISPO POL CA"	30	loam	native	280.4	5	12	11.6	6	21.2	23	20	outrut	ft
WR	wepp-23444	"06:11 pm  Tuesday November 11, 2014"	"SAN LUIS OBISPO POL CA"	30	loam	native	280.4	5	12	11.6	6	21.2	23	20	outrut	ft
WR	wepp-23506	"06:13 pm  Tuesday November 11, 2014"	"SAN LUIS OBISPO POL CA"	30	loam	native	287	4	12	4.4	6	48.5	12	20	outrut	ft
WR	wepp-23549	"06:13 pm  Tuesday November 11, 2014"	"SAN LUIS OBISPO POL CA"	30	loam	native	287	4	12	4.4	6	48.5	12	20	outrut	ft
WR	wepp-23700	"06:18 pm  Tuesday November 11, 2014"	"SAN LUIS OBISPO POL CA"	30	loam	native	63	8	11	11.5	4	43.2	15	20	outrut	ft
WR	wepp-23741	"06:19 pm  Tuesday November 11, 2014"	"SAN LUIS OBISPO POL CA"	30	loam	native	63	8	11	11.5	4	43.2	15	20	outrut	ft
WR	wepp-23828	"06:21 pm  Tuesday November 11, 2014"	"SAN LUIS OBISPO POL CA"	30	loam	native	200.5	14	10.8	8.3	24	33.6	20	20	outrut	ft
WR	wepp-23870	"06:21 pm  Tuesday November 11, 2014"	"SAN LUIS OBISPO POL CA"	30	loam	native	200.5	14	10.8	8.3	24	33.6	20	20	outrut	ft
WR	wepp-23945	"06:23 pm  Tuesday November 11, 2014"	"SAN LUIS OBISPO POL CA"	30	loam	native	93.1	12	9.7	3.4	11	41.2	35	20	outrut	ft
WR	wepp-23987	"06:23 pm  Tuesday November 11, 2014"	"SAN LUIS OBISPO POL CA"	30	loam	native	93.1	12	9.7	3.4	11	41.2	35	20	outrut	ft
WR	wepp-24081	"06:26 pm  Tuesday November 11, 2014"	"SAN LUIS OBISPO POL CA"	30	loam	native	93.1	12	9.7	3.4	11	41.2	35	20	inveg	ft
WR	wepp-24124	"06:26 pm  Tuesday November 11, 2014"	"SAN LUIS OBISPO POL CA"	30	loam	native	93.1	12	9.7	3.4	11	41.2	35	20	inveg	ft
WR	wepp-24336	"06:33 pm  Tuesday November 11, 2014"	"SAN LUIS OBISPO POL CA"	30	loam	native	87	12	14.6	1.5	2	11.2	24	20	inveg	ft
WR	wepp-24377	"06:33 pm  Tuesday November 11, 2014"	"SAN LUIS OBISPO POL CA"	30	loam	native	87	12	14.6	1.5	2	11.2	24	20	inveg	ft
