WR	wepp-6721	"12:55 pm  Friday June 10, 2011"	"BIRMINGHAM WB AP AL"	30	clay	graveled	200	4	13	15	50	130	25	20	inveg	ft
WR	wepp-7065	"01:08 pm  Friday June 10, 2011"	"BIRMINGHAM WB AP AL"	30	clay	graveled	200	4	13	15	50	130	25	20	outrut	ft
WR	wepp-7097	"01:09 pm  Friday June 10, 2011"	"BIRMINGHAM WB AP AL"	30	clay	paved	200	4	13	15	50	130	25	20	inveg	ft
WR	wepp-7102	"01:10 pm  Friday June 10, 2011"	"BIRMINGHAM WB AP AL"	30	clay	paved	200	4	13	15	50	130	25	20	outrut	ft
WD	wepp-7160	"01:19 pm  Friday June 10, 2011"	"BIRMINGHAM WB AP AL"	5	clay	Shrub	50	0	30	80	20	Shrub	50	30	5	80	20	0	ft	""
WD	wepp-7214	"01:23 pm  Friday June 10, 2011"	"BIRMINGHAM WB AP AL"	5	clay	Sod	50	0	30	40	20	Sod	50	30	5	40	20	0	ft	""
WR	wepp-9598	"06:28 pm  Friday June 10, 2011"	"BIRMINGHAM WB AP AL"	30	clay	graveled	200	4	13	15	50	130	25	20	inveg	ft
WR	wepp-9649	"06:31 pm  Friday June 10, 2011"	"BIRMINGHAM WB AP AL"	30	clay	graveled	200	4	13	15	50	130	25	20	outrut	ft
WR	wepp-9654	"06:32 pm  Friday June 10, 2011"	"BIRMINGHAM WB AP AL"	30	clay	paved	200	4	13	15	50	130	25	20	inveg	ft
WR	wepp-9659	"06:33 pm  Friday June 10, 2011"	"BIRMINGHAM WB AP AL"	30	clay	paved	200	4	13	15	50	130	25	20	outrut	ft
WD	wepp-9721	"06:42 pm  Friday June 10, 2011"	"BIRMINGHAM WB AP AL"	10	clay	Shrub	50	0	30	80	20	Shrub	50	30	5	80	20	0	ft	""
WD	wepp-9740	"06:42 pm  Friday June 10, 2011"	"BIRMINGHAM WB AP AL"	5	clay	Shrub	50	0	30	80	20	Shrub	50	30	5	80	20	0	ft	""
WD	wepp-9760	"06:43 pm  Friday June 10, 2011"	"BIRMINGHAM WB AP AL"	5	clay	Sod	50	0	30	40	20	Sod	50	30	5	40	20	0	ft	""
WR	wepp-10087	"07:28 pm  Friday June 10, 2011"	"BIRMINGHAM WB AP AL"	30	clay	graveled	200	4	13	15	50	130	25	20	inveg	ft
WR	wepp-10112	"07:30 pm  Friday June 10, 2011"	"BIRMINGHAM WB AP AL"	30	clay	graveled	200	4	13	15	50	130	25	20	outrut	ft
WR	wepp-10144	"07:31 pm  Friday June 10, 2011"	"BIRMINGHAM WB AP AL"	30	clay	paved	200	4	13	15	50	130	25	20	inveg	ft
WR	wepp-10149	"07:32 pm  Friday June 10, 2011"	"BIRMINGHAM WB AP AL"	30	clay	paved	200	4	13	15	50	130	25	20	outrut	ft
WD	wepp-10184	"07:38 pm  Friday June 10, 2011"	"BIRMINGHAM WB AP AL"	10	clay	Shrub	50	0	30	80	20	Shrub	50	30	5	80	20	0	ft	""
WD	wepp-10204	"07:38 pm  Friday June 10, 2011"	"BIRMINGHAM WB AP AL"	5	clay	Shrub	50	0	30	80	20	Shrub	50	30	5	80	20	0	ft	""
WD	wepp-10224	"07:39 pm  Friday June 10, 2011"	"BIRMINGHAM WB AP AL"	5	clay	Sod	50	0	30	40	20	Sod	50	30	5	40	20	0	ft	""
