WF	wepp-120407	"09:43 pm  Monday March 29, 2021"	"MOUNTAIN PARK NM"	clay	1000	50	0	20	15	40	20	20	4	ft
WF	wepp-120579	"09:48 pm  Monday March 29, 2021"	"MOUNTAIN PARK NM"	clay	1000	100	0	20	15	40	20	20	4	ft
WF	wepp-120758	"09:50 pm  Monday March 29, 2021"	"MOUNTAIN PARK NM"	clay	1000	200	0	20	15	40	20	20	4	ft
WR	wepp-120893	"09:53 pm  Monday March 29, 2021"	"MOUNTAIN PARK NM"	30	clay	native	1000	4	13	15	50	100	25	20	outrut	ft
WR	wepp-120931	"09:54 pm  Monday March 29, 2021"	"MOUNTAIN PARK NM"	30	clay	native	1000	4	13	15	50	200	25	20	outrut	ft
WR	wepp-120976	"09:54 pm  Monday March 29, 2021"	"MOUNTAIN PARK NM"	30	clay	native	200	4	13	15	50	400	25	20	outrut	ft
WR	wepp-121021	"09:54 pm  Monday March 29, 2021"	"MOUNTAIN PARK NM"	30	clay	native	200	4	13	15	50	450	25	20	outrut	ft
WR	wepp-121061	"09:55 pm  Monday March 29, 2021"	"MOUNTAIN PARK NM"	30	clay	native	200	4	13	15	50	500	25	20	outrut	ft
WR	wepp-121097	"09:55 pm  Monday March 29, 2021"	"MOUNTAIN PARK NM"	30	clay	native	200	4	13	15	50	550	25	20	outrut	ft
WR	wepp-121138	"09:55 pm  Monday March 29, 2021"	"MOUNTAIN PARK NM"	30	clay	native	200	4	13	15	50	600	25	20	outrut	ft
WR	wepp-121175	"09:55 pm  Monday March 29, 2021"	"MOUNTAIN PARK NM"	30	clay	native	200	4	13	15	50	650	25	20	outrut	ft
WR	wepp-121218	"09:55 pm  Monday March 29, 2021"	"MOUNTAIN PARK NM"	30	clay	native	200	4	13	15	50	700	25	20	outrut	ft
WR	wepp-121259	"09:55 pm  Monday March 29, 2021"	"MOUNTAIN PARK NM"	30	clay	native	200	4	13	15	50	800	25	20	outrut	ft
WR	wepp-121297	"09:56 pm  Monday March 29, 2021"	"MOUNTAIN PARK NM"	30	clay	native	200	4	13	15	50	850	25	20	outrut	ft
WR	wepp-121343	"09:57 pm  Monday March 29, 2021"	"MOUNTAIN PARK NM"	30	clay	native	1000	4	13	15	50	500	25	20	outrut	ft
WR	wepp-121396	"09:57 pm  Monday March 29, 2021"	"MOUNTAIN PARK NM"	30	clay	native	1000	4	13	15	50	850	25	20	outrut	ft
WR	wepp-121440	"09:57 pm  Monday March 29, 2021"	"MOUNTAIN PARK NM"	30	clay	native	1000	4	13	15	50	950	25	20	outrut	ft
WR	wepp-121504	"09:59 pm  Monday March 29, 2021"	"MOUNTAIN PARK NM"	30	clay	native	1000	4	13	15	50	100	25	20	outrut	ft
WR	wepp-121546	"09:59 pm  Monday March 29, 2021"	"MOUNTAIN PARK NM"	30	clay	native	1000	4	13	15	50	500	25	20	outrut	ft
WR	wepp-121588	"09:59 pm  Monday March 29, 2021"	"MOUNTAIN PARK NM"	30	clay	native	1000	4	13	15	50	950	25	20	outrut	ft
WR	wepp-121649	"10:00 pm  Monday March 29, 2021"	"MOUNTAIN PARK NM"	30	clay	native	1000	4	13	15	50	100	25	20	outrut	ft
WR	wepp-121685	"10:00 pm  Monday March 29, 2021"	"MOUNTAIN PARK NM"	30	clay	native	1000	4	13	15	50	200	25	20	outrut	ft
WR	wepp-121724	"10:01 pm  Monday March 29, 2021"	"MOUNTAIN PARK NM"	30	clay	native	1000	4	13	15	50	300	25	20	outrut	ft
WR	wepp-121764	"10:01 pm  Monday March 29, 2021"	"MOUNTAIN PARK NM"	30	clay	native	1000	4	13	15	50	400	25	20	outrut	ft
WR	wepp-121800	"10:01 pm  Monday March 29, 2021"	"MOUNTAIN PARK NM"	30	clay	native	1000	4	13	15	50	500	25	20	outrut	ft
WR	wepp-121842	"10:01 pm  Monday March 29, 2021"	"MOUNTAIN PARK NM"	30	clay	native	1000	4	13	15	50	700	25	20	outrut	ft
WR	wepp-121880	"10:01 pm  Monday March 29, 2021"	"MOUNTAIN PARK NM"	30	clay	native	1000	4	13	15	50	900	25	20	outrut	ft
WR	wepp-121919	"10:02 pm  Monday March 29, 2021"	"MOUNTAIN PARK NM"	30	clay	native	1000	4	13	15	50	1000	25	20	outrut	ft
WR	wepp-135633	"08:05 am  Tuesday March 30, 2021"	"MOUNTAIN PARK NM"	30	clay	native	200	4	13	15	50	130	25	20	outrut	ft
WR	wepp-135716	"08:06 am  Tuesday March 30, 2021"	"MOUNTAIN PARK NM"	30	clay	native	1000	4	13	15	50	100	25	20	outrut	ft
WR	wepp-135761	"08:07 am  Tuesday March 30, 2021"	"MOUNTAIN PARK NM"	30	clay	native	1000	4	13	15	50	100	25	20	outrut	ft
WR	wepp-135801	"08:07 am  Tuesday March 30, 2021"	"MOUNTAIN PARK NM"	30	clay	native	1000	4	13	15	50	100	25	20	outunrut	ft
WR	wepp-135861	"08:08 am  Tuesday March 30, 2021"	"MOUNTAIN PARK NM"	30	clay	native	1000	4	13	15	50	150	25	20	outunrut	ft
WF	wepp-143226	"01:36 pm  Tuesday March 30, 2021"	"MOUNTAIN PARK NM"	clay	200	50	16	30	28	40	20	20	4	ft
WR	wepp-143733	"01:48 pm  Tuesday March 30, 2021"	"MOUNTAIN PARK NM"	30	clay	native	200	4	13	15	50	130	25	20	outunrut	ft
WR	wepp-143857	"01:51 pm  Tuesday March 30, 2021"	"MOUNTAIN PARK NM"	30	clay	native	1000	4	13	15	50	130	25	20	outunrut	ft
WR	wepp-143911	"01:52 pm  Tuesday March 30, 2021"	"MOUNTAIN PARK NM"	30	clay	native	1000	4	13	15	50	100	25	20	outunrut	ft
WR	wepp-143969	"01:53 pm  Tuesday March 30, 2021"	"MOUNTAIN PARK NM"	30	clay	native	1000	4	13	15	50	200	25	20	outunrut	ft
WR	wepp-144024	"01:53 pm  Tuesday March 30, 2021"	"MOUNTAIN PARK NM"	30	clay	native	1000	4	13	15	50	200	25	20	outunrut	ft
WF	wepp-146212	"02:40 pm  Tuesday March 30, 2021"	"MOUNTAIN PARK NM"	clay	200	50	16	30	28	40	20	20	4	ft
WR	wepp-147882	"02:47 pm  Tuesday March 30, 2021"	"MOUNTAIN PARK NM"	30	clay	native	1000	4	13	15	50	100	25	20	outunrut	ft
WR	wepp-148153	"02:48 pm  Tuesday March 30, 2021"	"MOUNTAIN PARK NM"	30	clay	native	1000	4	13	15	50	200	25	20	outunrut	ft
WR	wepp-148426	"02:49 pm  Tuesday March 30, 2021"	"MOUNTAIN PARK NM"	30	clay	native	1000	4	13	15	50	150	25	20	outunrut	ft
WR	wepp-148609	"02:50 pm  Tuesday March 30, 2021"	"MOUNTAIN PARK NM"	30	clay	native	1000	4	13	15	50	100	25	20	outunrut	ft
WF	wepp-149291	"02:52 pm  Tuesday March 30, 2021"	"WOODSTOCK VT                            4"	clay	200	50	0	30	15	40	20	20	4	ft
WR	wepp-149500	"02:53 pm  Tuesday March 30, 2021"	"MOUNTAIN PARK NM"	30	clay	native	200	4	13	15	50	150	25	20	inveg	ft
WR	wepp-213273	"12:56 pm  Wednesday April 7, 2021"	"MOUNTAIN PARK NM"	30	clay	native	1000	4	13	15	50	130	25	20	inveg	ft
WR	wepp-213313	"12:56 pm  Wednesday April 7, 2021"	"MOUNTAIN PARK NM"	30	clay	native	1000	4	13	15	50	130	25	20	inveg	ft
WR	wepp-213351	"12:57 pm  Wednesday April 7, 2021"	"MOUNTAIN PARK NM"	30	clay	native	1000	4	13	15	50	130	25	20	outunrut	ft
WR	wepp-213395	"12:57 pm  Wednesday April 7, 2021"	"MOUNTAIN PARK NM"	30	clay	native	1000	4	13	15	50	120	25	20	outunrut	ft
WR	wepp-213435	"12:57 pm  Wednesday April 7, 2021"	"MOUNTAIN PARK NM"	30	clay	native	1000	4	13	15	50	100	25	20	outunrut	ft
WR	wepp-213479	"12:57 pm  Wednesday April 7, 2021"	"MOUNTAIN PARK NM"	30	clay	native	1000	4	13	15	50	110	25	20	outunrut	ft
WR	wepp-213517	"12:58 pm  Wednesday April 7, 2021"	"MOUNTAIN PARK NM"	30	clay	native	1000	4	13	15	50	115	25	20	outunrut	ft
WF	wepp-168347	"12:56 pm  Tuesday March 29, 2022"	"MOUNTAIN PARK NM"	clay	200	50	16	16	28	40	20	20	4	ft
WR	wepp-168566	"01:01 pm  Tuesday March 29, 2022"	"MOUNTAIN PARK NM"	30	clay	native	1000	4	13	15	50	100	25	20	outunrut	ft
WR	wepp-168613	"01:01 pm  Tuesday March 29, 2022"	"MOUNTAIN PARK NM"	30	clay	native	1000	4	13	15	50	100	25	20	outunrut	ft
WR	wepp-168654	"01:02 pm  Tuesday March 29, 2022"	"MOUNTAIN PARK NM"	30	clay	native	1000	4	13	15	50	200	25	20	outunrut	ft
WR	wepp-168746	"01:03 pm  Tuesday March 29, 2022"	"MOUNTAIN PARK NM"	30	clay	native	1000	4	13	15	50	150	100	20	outunrut	ft
WR	wepp-168809	"01:05 pm  Tuesday March 29, 2022"	"MOUNTAIN PARK NM"	30	clay	native	1000	4	13	15	50	120	100	20	outunrut	ft
WR	wepp-168879	"01:06 pm  Tuesday March 29, 2022"	"MOUNTAIN PARK NM"	30	clay	native	1000	4	13	15	50	113	100	20	outunrut	ft
WR	wepp-168920	"01:07 pm  Tuesday March 29, 2022"	"MOUNTAIN PARK NM"	30	clay	native	1000	4	13	15	50	113	100	20	outunrut	ft
WR	wepp-169042	"01:09 pm  Tuesday March 29, 2022"	"MOUNTAIN PARK NM"	30	clay	native	1000	4	13	15	50	200	25	20	outunrut	ft
WR	wepp-169079	"01:09 pm  Tuesday March 29, 2022"	"MOUNTAIN PARK NM"	30	clay	native	1000	4	13	15	50	100	25	20	outunrut	ft
WR	wepp-169172	"01:10 pm  Tuesday March 29, 2022"	"MOUNTAIN PARK NM"	30	clay	native	1000	4	13	15	50	110	25	20	outunrut	ft
WR	wepp-169222	"01:10 pm  Tuesday March 29, 2022"	"MOUNTAIN PARK NM"	30	clay	native	1000	4	13	15	50	112	25	20	outunrut	ft
WR	wepp-169261	"01:10 pm  Tuesday March 29, 2022"	"MOUNTAIN PARK NM"	30	clay	native	1000	4	13	15	50	113	25	20	outunrut	ft
WR	wepp-169329	"01:12 pm  Tuesday March 29, 2022"	"MOUNTAIN PARK NM"	30	clay	native	1000	4	13	15	50	120	25	20	outunrut	ft
WR	wepp-169377	"01:13 pm  Tuesday March 29, 2022"	"MOUNTAIN PARK NM"	30	clay	native	1000	4	13	15	50	1	25	20	outunrut	ft
WF	wepp-172475	"02:37 pm  Tuesday March 29, 2022"	"MOUNTAIN PARK NM"	clay	200	50	16	20	28.57	40	20	20	4	ft
WR	wepp-174261	"02:44 pm  Tuesday March 29, 2022"	"MOUNTAIN PARK NM"	30	clay	native	1000	4	13	15	50	100	25	20	outunrut	ft
WR	wepp-174612	"02:45 pm  Tuesday March 29, 2022"	"MOUNTAIN PARK NM"	30	clay	native	1000	4	13	15	50	200	25	20	outunrut	ft
WR	wepp-174748	"02:46 pm  Tuesday March 29, 2022"	"MOUNTAIN PARK NM"	30	clay	native	1000	4	13	15	50	100	25	20	outunrut	ft
WR	wepp-174828	"02:46 pm  Tuesday March 29, 2022"	"MOUNTAIN PARK NM"	30	clay	native	1000	4	13	15	50	200	25	20	outunrut	ft
WR	wepp-175148	"02:48 pm  Tuesday March 29, 2022"	"MOUNTAIN PARK NM"	30	clay	native	1000	4	13	15	50	105	25	20	outunrut	ft
WR	wepp-175576	"02:49 pm  Tuesday March 29, 2022"	"MOUNTAIN PARK NM"	30	clay	native	1000	4	13	15	50	105	25	20	outunrut	ft
