WD	wepp-102825	"10:54 pm  Wednesday December 15, 2021"	"DENVER WB AP CO"	10	sand	HighFire	100	20	20	45	20	HighFire	100	20	20	45	20	0	m	""
WD	wepp-102865	"10:55 pm  Wednesday December 15, 2021"	"DENVER WB AP CO"	100	sand	HighFire	100	20	20	45	20	HighFire	100	20	20	45	20	0	m	""
WD	wepp-102938	"11:02 pm  Wednesday December 15, 2021"	"DENVER WB AP CO"	100	sand	HighFire	100	20	20	5	20	HighFire	100	20	20	5	20	0	m	""
WD	wepp-102980	"11:03 pm  Wednesday December 15, 2021"	"DENVER WB AP CO"	100	sand	HighFire	100	40	40	5	20	HighFire	100	40	40	5	20	0	m	""
WD	wepp-103044	"11:06 pm  Wednesday December 15, 2021"	"ESTES PARK 1N CO"	10	sand	HighFire	100	20	20	100	20	HighFire	100	20	20	100	20	0	m	""
WD	wepp-103084	"11:08 pm  Wednesday December 15, 2021"	"ESTES PARK 1N CO"	100	sand	HighFire	100	20	20	100	20	HighFire	100	20	20	100	20	0	m	""
WD	wepp-103178	"11:09 pm  Wednesday December 15, 2021"	"ESTES PARK 1N CO"	100	sand	HighFire	100	20	20	5	20	HighFire	100	20	40	5	20	0	m	""
WD	wepp-103216	"11:10 pm  Wednesday December 15, 2021"	"ESTES PARK 1N CO"	100	sand	HighFire	100	40	40	5	20	HighFire	100	40	40	5	20	0	m	""
WD	wepp-103258	"11:11 pm  Wednesday December 15, 2021"	"ESTES PARK 1N CO"	100	sand	HighFire	100	60	60	5	20	HighFire	100	60	60	5	20	0	m	""
WD	wepp-103303	"11:11 pm  Wednesday December 15, 2021"	"ESTES PARK 1N CO"	100	sand	HighFire	100	80	80	5	20	HighFire	100	80	80	5	20	0	m	""
WD	wepp-103342	"11:12 pm  Wednesday December 15, 2021"	"ESTES PARK 1N CO"	100	clay	HighFire	100	40	40	5	20	HighFire	100	40	40	5	20	0	m	""
WD	wepp-103384	"11:14 pm  Wednesday December 15, 2021"	"ESTES PARK 1N CO"	100	sand	LowFire	100	40	40	50	20	LowFire	100	40	40	50	20	0	m	""
WD	wepp-103429	"11:16 pm  Wednesday December 15, 2021"	"ESTES PARK 1N CO"	100	sand	LowFire	100	40	40	50	20	LowFire	100	40	40	50	20	0	m	""
WD	wepp-103466	"11:16 pm  Wednesday December 15, 2021"	"ESTES PARK 1N CO"	100	sand	OldForest	100	40	40	100	20	OldForest	100	40	40	100	20	0	m	""
WD	wepp-103508	"11:17 pm  Wednesday December 15, 2021"	"ESTES PARK 1N CO"	100	sand	OldForest	100	40	40	100	20	OldForest	100	40	40	100	20	0	m	""
WD	wepp-103569	"11:19 pm  Wednesday December 15, 2021"	"SAN JOSE CA"	100	sand	HighFire	100	20	20	5	20	HighFire	100	20	20	5	20	0	m	""
WD	wepp-103622	"11:21 pm  Wednesday December 15, 2021"	"SAN JOSE CA"	100	sand	HighFire	100	40	40	5	20	HighFire	100	40	40	5	20	0	m	""
WD	wepp-103665	"11:21 pm  Wednesday December 15, 2021"	"SAN JOSE CA"	100	sand	HighFire	100	60	60	5	20	HighFire	100	60	60	5	20	0	m	""
WD	wepp-103703	"11:22 pm  Wednesday December 15, 2021"	"SAN JOSE CA"	100	sand	HighFire	100	80	80	5	20	HighFire	100	80	80	5	20	0	m	""
WD	wepp-103746	"11:24 pm  Wednesday December 15, 2021"	"SAN JOSE CA"	100	clay	HighFire	100	40	40	5	20	HighFire	100	40	40	5	20	0	m	""
WD	wepp-103794	"11:25 pm  Wednesday December 15, 2021"	"SAN JOSE CA"	100	sand	LowFire	100	40	40	50	20	LowFire	100	40	40	50	20	0	m	""
WD	wepp-103857	"11:28 pm  Wednesday December 15, 2021"	"SAN JOSE CA"	10	sand	OldForest	50	40	40	100	20	OldForest	50	40	40	100	20	0	ft	""
