WD	wepp-92607	"09:55 pm  Wednesday December 1, 2021"	"ESTES PARK 1N CO"	100	sand	HighFire	100	20	20	5	20	HighFire	100	20	20	5	20	0	m	""
WD	wepp-92645	"09:55 pm  Wednesday December 1, 2021"	"ESTES PARK 1N CO"	100	sand	HighFire	100	20	20	5	20	HighFire	100	20	20	5	20	0	m	""
WD	wepp-92671	"09:58 pm  Wednesday December 1, 2021"	"BIRMINGHAM WB AP AL"	100	sand	HighFire	100	40	40	5	20	HighFire	100	40	40	5	20	0	m	""
WD	wepp-92707	"09:59 pm  Wednesday December 1, 2021"	"BIRMINGHAM WB AP AL"	100	sand	HighFire	100	60	60	5	20	HighFire	100	60	60	5	20	0	m	""
WD	wepp-92754	"10:00 pm  Wednesday December 1, 2021"	"BIRMINGHAM WB AP AL"	100	sand	HighFire	100	80	80	5	20	HighFire	100	80	80	5	20	0	m	""
WD	wepp-92792	"10:00 pm  Wednesday December 1, 2021"	"BIRMINGHAM WB AP AL"	100	sand	HighFire	100	20	20	5	20	HighFire	100	20	20	5	20	0	m	""
WD	wepp-92839	"10:02 pm  Wednesday December 1, 2021"	"SAN JOSE CA"	100	sand	HighFire	100	40	40	5	20	HighFire	100	40	40	5	20	0	m	""
WD	wepp-92878	"10:02 pm  Wednesday December 1, 2021"	"SAN JOSE CA"	100	sand	HighFire	100	20	20	5	20	HighFire	100	20	20	5	20	0	m	""
WD	wepp-92916	"10:03 pm  Wednesday December 1, 2021"	"SAN JOSE CA"	100	sand	HighFire	100	60	60	5	20	HighFire	100	60	60	5	20	0	m	""
WD	wepp-93042	"10:04 pm  Wednesday December 1, 2021"	"SAN JOSE CA"	100	sand	HighFire	100	80	80	5	20	HighFire	100	80	80	5	20	0	m	""
WD	wepp-93094	"10:05 pm  Wednesday December 1, 2021"	"SAN JOSE CA"	100	clay	HighFire	100	80	40	5	20	HighFire	100	40	40	5	20	0	m	""
WD	wepp-93130	"10:05 pm  Wednesday December 1, 2021"	"SAN JOSE CA"	100	clay	HighFire	100	40	40	5	20	HighFire	100	40	40	5	20	0	m	""
WD	wepp-93175	"10:06 pm  Wednesday December 1, 2021"	"SAN JOSE CA"	100	sand	LowFire	100	40	40	50	20	LowFire	100	40	40	50	20	0	m	""
WD	wepp-93213	"10:06 pm  Wednesday December 1, 2021"	"SAN JOSE CA"	100	sand	OldForest	100	40	40	100	20	OldForest	100	40	40	100	20	0	m	""
WD	wepp-93255	"10:07 pm  Wednesday December 1, 2021"	"ESTES PARK 1N CO"	100	sand	HighFire	100	20	20	5	20	HighFire	100	20	20	5	20	0	m	""
WD	wepp-93292	"10:08 pm  Wednesday December 1, 2021"	"ESTES PARK 1N CO"	100	sand	HighFire	100	40	40	5	20	HighFire	100	40	40	5	20	0	m	""
WD	wepp-93329	"10:08 pm  Wednesday December 1, 2021"	"ESTES PARK 1N CO"	100	sand	HighFire	100	60	60	5	20	HighFire	100	60	60	5	20	0	m	""
WD	wepp-93424	"10:09 pm  Wednesday December 1, 2021"	"ESTES PARK 1N CO"	100	sand	HighFire	100	80	80	5	20	HighFire	100	80	80	5	20	0	m	""
WD	wepp-93462	"10:10 pm  Wednesday December 1, 2021"	"ESTES PARK 1N CO"	100	clay	HighFire	100	40	40	5	20	HighFire	100	40	40	5	20	0	m	""
WD	wepp-93513	"10:11 pm  Wednesday December 1, 2021"	"ESTES PARK 1N CO"	100	sand	LowFire	100	40	40	50	20	LowFire	100	40	40	50	20	0	m	""
WD	wepp-93550	"10:12 pm  Wednesday December 1, 2021"	"ESTES PARK 1N CO"	100	sand	OldForest	100	40	40	100	20	OldForest	100	40	40	100	20	0	m	""
