WR	wepp-12112	"12:45 pm  Thursday April 15, 2010"	"LUFKIN CAA AP TX"	30	clay	graveled	1000	2	15	15	50	130	25	20	inbare	ft
WR	wepp-12117	"12:46 pm  Thursday April 15, 2010"	"LUFKIN CAA AP TX"	30	clay	native	1000	2	15	15	50	130	25	20	inbare	ft
WR	wepp-12127	"12:46 pm  Thursday April 15, 2010"	"LUFKIN CAA AP TX"	30	silt	graveled	1000	2	15	15	50	130	25	20	inbare	ft
WR	wepp-12192	"12:53 pm  Thursday April 15, 2010"	"LUFKIN CAA AP TX"	30	silt	native	1000	2	15	15	50	130	25	20	inbare	ft
WR	wepp-12203	"12:54 pm  Thursday April 15, 2010"	"LUFKIN CAA AP TX"	30	silt	native	400	10	15	15	50	130	25	20	inbare	ft
WR	wepp-12220	"12:55 pm  Thursday April 15, 2010"	"LUFKIN CAA AP TX"	30	silt	native	360	15	15	15	50	130	25	20	inbare	ft
WR	wepp-12238	"12:58 pm  Thursday April 15, 2010"	"LUFKIN CAA AP TX"	30	silt	native	60	15	15	15	50	130	25	20	inbare	ft
WR	wepp-12252	"12:58 pm  Thursday April 15, 2010"	"LUFKIN CAA AP TX"	30	silt	native	80	10	15	15	50	130	25	20	inbare	ft
WR	wepp-12262	"12:59 pm  Thursday April 15, 2010"	"LUFKIN CAA AP TX"	30	silt	native	250	2	15	15	50	130	25	20	inbare	ft
WR	wepp-12296	"01:00 pm  Thursday April 15, 2010"	"LUFKIN CAA AP TX"	30	silt	native	250	2	15	15	50	130	25	20	inveg	ft
WR	wepp-12339	"01:01 pm  Thursday April 15, 2010"	"LUFKIN CAA AP TX"	30	silt	native	400	10	15	15	50	130	25	20	inveg	ft
WR	wepp-12351	"01:01 pm  Thursday April 15, 2010"	"LUFKIN CAA AP TX"	30	silt	native	360	15	15	15	50	130	25	20	inveg	ft
WR	wepp-12356	"01:01 pm  Thursday April 15, 2010"	"LUFKIN CAA AP TX"	30	silt	native	60	15	15	15	50	130	25	20	inveg	ft
WR	wepp-12368	"01:02 pm  Thursday April 15, 2010"	"LUFKIN CAA AP TX"	30	silt	native	80	10	15	15	50	130	25	20	inveg	ft
WR	wepp-12373	"01:02 pm  Thursday April 15, 2010"	"LUFKIN CAA AP TX"	30	silt	native	250	2	15	15	50	130	25	20	inveg	ft
WR	wepp-12385	"01:03 pm  Thursday April 15, 2010"	"LUFKIN CAA AP TX"	30	silt	graveled	250	2	15	15	50	130	25	20	inbare	ft
WR	wepp-12390	"01:04 pm  Thursday April 15, 2010"	"LUFKIN CAA AP TX"	30	silt	graveled	80	10	15	15	50	130	25	20	inbare	ft
WR	wepp-12395	"01:04 pm  Thursday April 15, 2010"	"LUFKIN CAA AP TX"	30	silt	graveled	60	15	15	15	50	130	25	20	inbare	ft
WR	wepp-12427	"01:04 pm  Thursday April 15, 2010"	"LUFKIN CAA AP TX"	30	silt	graveled	1000	2	15	15	50	130	25	20	inbare	ft
WR	wepp-12433	"01:05 pm  Thursday April 15, 2010"	"LUFKIN CAA AP TX"	30	silt	graveled	400	10	15	15	50	130	25	20	inbare	ft
WR	wepp-12439	"01:06 pm  Thursday April 15, 2010"	"LUFKIN CAA AP TX"	30	silt	graveled	360	15	15	15	50	130	25	20	inbare	ft
WR	wepp-12444	"01:06 pm  Thursday April 15, 2010"	"LUFKIN CAA AP TX"	30	silt	graveled	360	15	15	15	50	130	25	20	inveg	ft
WR	wepp-12449	"01:07 pm  Thursday April 15, 2010"	"LUFKIN CAA AP TX"	30	silt	graveled	400	10	15	15	50	130	25	20	inveg	ft
WR	wepp-12454	"01:07 pm  Thursday April 15, 2010"	"LUFKIN CAA AP TX"	30	silt	graveled	1000	2	15	15	50	130	25	20	inveg	ft
WR	wepp-12459	"01:08 pm  Thursday April 15, 2010"	"LUFKIN CAA AP TX"	30	silt	graveled	250	2	15	15	50	130	25	20	inveg	ft
WR	wepp-12464	"01:08 pm  Thursday April 15, 2010"	"LUFKIN CAA AP TX"	30	silt	graveled	80	10	15	15	50	130	25	20	inveg	ft
WR	wepp-12471	"01:09 pm  Thursday April 15, 2010"	"LUFKIN CAA AP TX"	30	silt	graveled	60	15	15	15	50	130	25	20	inveg	ft
WR	wepp-12507	"01:11 pm  Thursday April 15, 2010"	"LUFKIN CAA AP TX"	30	silt	native	1000	2	15	15	50	130	25	20	inveg	ft
