WR	wepp-26889	"08:47 am  Wednesday November 10, 2010"	"LUFKIN CAA AP TX"	30	silt	native	1000	2	15	15	50	130	25	20	inbare	ft
WR	wepp-26895	"08:49 am  Wednesday November 10, 2010"	"LUFKIN CAA AP TX"	30	silt	native	250	2	15	15	50	130	25	20	inbare	ft
WR	wepp-26901	"08:50 am  Wednesday November 10, 2010"	"LUFKIN CAA AP TX"	30	silt	native	1000	2	15	15	50	130	25	20	inbare	ft
WR	wepp-26909	"08:52 am  Wednesday November 10, 2010"	"LUFKIN CAA AP TX"	30	silt	native	250	2	15	15	50	130	25	20	inbare	ft
WR	wepp-26914	"08:57 am  Wednesday November 10, 2010"	"LUFKIN CAA AP TX"	30	silt	native	400	10	15	15	50	130	25	20	inbare	ft
WR	wepp-26920	"08:58 am  Wednesday November 10, 2010"	"LUFKIN CAA AP TX"	30	silt	native	80	10	15	15	50	130	25	20	inbare	ft
WR	wepp-26925	"08:58 am  Wednesday November 10, 2010"	"LUFKIN CAA AP TX"	30	silt	native	360	15	15	15	50	130	25	20	inbare	ft
WR	wepp-26931	"08:59 am  Wednesday November 10, 2010"	"LUFKIN CAA AP TX"	30	silt	native	60	15	15	15	50	130	25	20	inbare	ft
WR	wepp-26980	"09:09 am  Wednesday November 10, 2010"	"LUFKIN CAA AP TX"	30	silt	native	60	15	15	15	50	130	25	100	inbare	ft
WR	wepp-26994	"09:12 am  Wednesday November 10, 2010"	"LUFKIN CAA AP TX"	30	silt	native	60	15	15	15	50	130	25	20	inbare	ft
WR	wepp-26999	"09:12 am  Wednesday November 10, 2010"	"LUFKIN CAA AP TX"	30	silt	native	60	15	15	15	50	130	25	20	inveg	ft
WR	wepp-27005	"09:13 am  Wednesday November 10, 2010"	"LUFKIN CAA AP TX"	30	silt	native	250	2	15	15	50	130	25	20	inbare	ft
WR	wepp-27010	"09:14 am  Wednesday November 10, 2010"	"LUFKIN CAA AP TX"	30	silt	native	250	2	15	15	50	130	25	100	inbare	ft
WR	wepp-27022	"09:14 am  Wednesday November 10, 2010"	"LUFKIN CAA AP TX"	30	silt	native	250	2	15	15	50	130	25	20	inveg	ft
WR	wepp-27027	"09:14 am  Wednesday November 10, 2010"	"LUFKIN CAA AP TX"	30	silt	native	80	10	15	15	50	130	25	20	inveg	ft
WR	wepp-27051	"09:15 am  Wednesday November 10, 2010"	"LUFKIN CAA AP TX"	30	silt	native	80	10	15	15	50	130	25	100	inveg	ft
WR	wepp-31621	"06:52 am  Thursday November 11, 2010"	"LUFKIN CAA AP TX"	30	silt	native	80	10	15	15	50	130	25	20	inveg	ft
WR	wepp-31626	"06:52 am  Thursday November 11, 2010"	"LUFKIN CAA AP TX"	30	silt	native	80	10	15	15	50	130	25	100	inveg	ft
WR	wepp-31633	"06:52 am  Thursday November 11, 2010"	"LUFKIN CAA AP TX"	30	silt	native	80	10	15	15	50	130	25	20	inbare	ft
WR	wepp-31638	"06:53 am  Thursday November 11, 2010"	"LUFKIN CAA AP TX"	30	silt	native	80	10	15	15	50	130	25	20	inveg	ft
WR	wepp-31645	"06:53 am  Thursday November 11, 2010"	"LUFKIN CAA AP TX"	30	silt	graveled	80	10	15	15	50	130	25	20	inveg	ft
WR	wepp-31650	"06:56 am  Thursday November 11, 2010"	"LUFKIN CAA AP TX"	30	silt	graveled	250	2	15	15	50	130	25	20	inveg	ft
WR	wepp-31655	"06:57 am  Thursday November 11, 2010"	"LUFKIN CAA AP TX"	30	silt	graveled	80	10	15	15	50	130	25	20	inveg	ft
WR	wepp-31660	"06:58 am  Thursday November 11, 2010"	"LUFKIN CAA AP TX"	30	silt	graveled	60	15	15	15	50	130	25	20	inveg	ft
WR	wepp-31690	"07:07 am  Thursday November 11, 2010"	"LUFKIN CAA AP TX"	30	silt	graveled	250	2	15	15	50	130	25	20	inveg	ft
WR	wepp-31697	"07:08 am  Thursday November 11, 2010"	"LUFKIN CAA AP TX"	30	silt	graveled	1000	2	15	15	50	130	25	20	inveg	ft
WR	wepp-31748	"07:12 am  Thursday November 11, 2010"	"LUFKIN CAA AP TX"	30	silt	native	250	2	15	15	50	130	25	20	inbare	ft
WR	wepp-31753	"07:12 am  Thursday November 11, 2010"	"LUFKIN CAA AP TX"	30	silt	native	250	2	15	15	50	130	25	20	inveg	ft
WR	wepp-31793	"07:15 am  Thursday November 11, 2010"	"LUFKIN CAA AP TX"	30	silt	graveled	250	2	15	15	50	130	25	20	inbare	ft
WR	wepp-31798	"07:19 am  Thursday November 11, 2010"	"LUFKIN CAA AP TX"	30	silt	native	80	10	15	15	50	130	25	20	inbare	ft
WR	wepp-31803	"07:19 am  Thursday November 11, 2010"	"LUFKIN CAA AP TX"	30	silt	native	80	10	15	15	50	130	25	20	inveg	ft
WR	wepp-31810	"07:21 am  Thursday November 11, 2010"	"LUFKIN CAA AP TX"	30	silt	graveled	80	10	15	15	50	130	25	20	inbare	ft
WR	wepp-31821	"07:22 am  Thursday November 11, 2010"	"LUFKIN CAA AP TX"	30	silt	native	60	15	15	15	50	130	25	20	inbare	ft
WR	wepp-31826	"07:23 am  Thursday November 11, 2010"	"LUFKIN CAA AP TX"	30	silt	native	60	15	15	15	50	130	25	20	inveg	ft
WR	wepp-31831	"07:23 am  Thursday November 11, 2010"	"LUFKIN CAA AP TX"	30	silt	graveled	60	15	15	15	50	130	25	20	inbare	ft
WR	wepp-31842	"07:26 am  Thursday November 11, 2010"	"LUFKIN CAA AP TX"	30	silt	native	60	15	15	15	50	130	25	20	inveg	ft
WR	wepp-31847	"07:26 am  Thursday November 11, 2010"	"LUFKIN CAA AP TX"	30	silt	graveled	60	15	15	15	50	130	25	20	inveg	ft
WR	wepp-31864	"07:29 am  Thursday November 11, 2010"	"LUFKIN CAA AP TX"	30	silt	native	80	10	15	15	50	130	25	20	inveg	ft
WR	wepp-31893	"07:30 am  Thursday November 11, 2010"	"LUFKIN CAA AP TX"	30	silt	graveled	80	10	15	15	50	130	25	20	inveg	ft
WR	wepp-31927	"07:42 am  Thursday November 11, 2010"	"LUFKIN CAA AP TX"	30	silt	native	80	10	15	15	50	130	25	20	inveg	ft
WR	wepp-31934	"07:43 am  Thursday November 11, 2010"	"LUFKIN CAA AP TX"	30	silt	graveled	60	15	15	15	50	130	25	20	inveg	ft
WR	wepp-31964	"07:46 am  Thursday November 11, 2010"	"LUFKIN CAA AP TX"	30	silt	graveled	80	10	15	15	50	130	25	20	inveg	ft
WR	wepp-5032	"05:29 pm  Thursday November 11, 2010"	"LUFKIN CAA AP TX"	30	silt	native	250	2	15	15	50	130	25	20	inveg	ft
WR	wepp-5057	"05:30 pm  Thursday November 11, 2010"	"LUFKIN CAA AP TX"	30	silt	native	400	10	15	15	50	130	25	20	inveg	ft
WR	wepp-5062	"05:31 pm  Thursday November 11, 2010"	"LUFKIN CAA AP TX"	30	silt	native	80	10	15	15	50	130	25	20	inveg	ft
WR	wepp-5067	"05:31 pm  Thursday November 11, 2010"	"LUFKIN CAA AP TX"	30	silt	native	60	15	15	15	50	130	25	20	inveg	ft
