WR	wepp-91530	"10:20 pm  Monday April 27, 2015"	"PALESTINE WB CITY TX"	30	silt	native	200	4	18	20	50	130	25	20	inveg	ft
WR	wepp-92709	"11:02 pm  Monday April 27, 2015"	"PALESTINE WB CITY TX"	30	silt	native	800	6	18	20	50	130	25	20	inbare	ft
WR	wepp-93566	"11:10 pm  Monday April 27, 2015"	"PALESTINE WB CITY TX"	30	silt	native	1000	5	18	20	50	130	25	20	inbare	ft
WR	wepp-93699	"11:11 pm  Monday April 27, 2015"	"PALESTINE WB CITY TX"	30	silt	native	600	8	18	20	50	130	25	20	inbare	ft
WR	wepp-93792	"11:11 pm  Monday April 27, 2015"	"PALESTINE WB CITY TX"	30	silt	native	1000	5	18	20	50	130	25	20	inbare	ft
WR	wepp-95537	"11:41 pm  Monday April 27, 2015"	"PALESTINE WB CITY TX"	30	silt	native	800	6	18	20	50	130	25	20	inveg	ft
WR	wepp-95576	"11:42 pm  Monday April 27, 2015"	"PALESTINE WB CITY TX"	30	silt	native	1000	5	18	20	50	130	25	20	inveg	ft
WR	wepp-95613	"11:43 pm  Monday April 27, 2015"	"PALESTINE WB CITY TX"	30	silt	native	1000	5	18	20	50	130	25	20	inveg	ft
WR	wepp-95651	"11:43 pm  Monday April 27, 2015"	"PALESTINE WB CITY TX"	30	silt	native	600	8	18	20	50	130	25	20	inveg	ft
WR	wepp-96178	"00:02 am  Tuesday April 28, 2015"	"PALESTINE WB CITY TX"	30	silt	graveled	800	6	18	20	50	130	25	20	inveg	ft
WR	wepp-96230	"00:03 am  Tuesday April 28, 2015"	"PALESTINE WB CITY TX"	30	silt	graveled	1000	5	18	20	50	130	25	20	inveg	ft
WR	wepp-96270	"00:03 am  Tuesday April 28, 2015"	"PALESTINE WB CITY TX"	30	silt	graveled	600	8	18	20	50	130	25	20	inveg	ft
WR	wepp-96488	"00:22 am  Tuesday April 28, 2015"	"PALESTINE WB CITY TX"	30	silt	native	800	6	18	20	50	130	25	20	inbare	ft
WR	wepp-96541	"00:23 am  Tuesday April 28, 2015"	"PALESTINE WB CITY TX"	30	silt	native	900	6	18	20	50	130	25	20	inbare	ft
WR	wepp-96588	"00:23 am  Tuesday April 28, 2015"	"PALESTINE WB CITY TX"	30	silt	native	800	4	18	20	50	130	25	20	inbare	ft
WR	wepp-96632	"00:23 am  Tuesday April 28, 2015"	"PALESTINE WB CITY TX"	30	silt	native	600	5	18	20	50	130	25	20	inbare	ft
WR	wepp-96717	"00:25 am  Tuesday April 28, 2015"	"PALESTINE WB CITY TX"	30	silt	native	800	6	18	20	50	130	25	20	inveg	ft
WR	wepp-96766	"00:26 am  Tuesday April 28, 2015"	"PALESTINE WB CITY TX"	30	silt	native	900	5	18	20	50	130	25	20	inveg	ft
WR	wepp-96809	"00:26 am  Tuesday April 28, 2015"	"PALESTINE WB CITY TX"	30	silt	native	800	4	18	20	50	130	25	20	inveg	ft
WR	wepp-96852	"00:26 am  Tuesday April 28, 2015"	"PALESTINE WB CITY TX"	30	silt	native	600	5	18	20	50	130	25	20	inveg	ft
WR	wepp-96931	"00:28 am  Tuesday April 28, 2015"	"PALESTINE WB CITY TX"	30	silt	graveled	800	6	18	20	50	130	25	20	inveg	ft
WR	wepp-96974	"00:29 am  Tuesday April 28, 2015"	"PALESTINE WB CITY TX"	30	silt	graveled	900	5	18	20	50	130	25	20	inveg	ft
WR	wepp-97020	"00:29 am  Tuesday April 28, 2015"	"PALESTINE WB CITY TX"	30	silt	graveled	800	4	18	20	50	130	25	20	inveg	ft
WR	wepp-97068	"00:29 am  Tuesday April 28, 2015"	"PALESTINE WB CITY TX"	30	silt	graveled	600	5	18	20	50	130	25	20	inveg	ft
