WR	wepp-14420	"11:33 am  Sunday March 9, 2014"	"parks eddy +"	30	sand	native	200	4	13	15	50	130	25	50	inbare	ft
WR	wepp-14511	"11:36 am  Sunday March 9, 2014"	"parks eddy +"	30	sand	native	200	4	13	15	50	130	25	50	outunrut	ft
WR	wepp-15205	"11:37 am  Sunday March 9, 2014"	"parks eddy +"	30	sand	native	200	4	13	15	50	130	25	50	outunrut	ft
WR	wepp-16979	"11:39 am  Sunday March 9, 2014"	"parks eddy +"	30	clay	native	200	4	13	15	50	130	25	20	inveg	ft
WR	wepp-17553	"11:40 am  Sunday March 9, 2014"	"parks eddy +"	30	sand	native	200	4	13	15	50	130	25	50	inveg	ft
WR	wepp-17598	"11:42 am  Sunday March 9, 2014"	"parks eddy +"	30	sand	native	200	4	13	15	50	130	25	50	inbare	ft
WR	wepp-17667	"11:42 am  Sunday March 9, 2014"	"parks eddy +"	30	sand	native	200	4	13	15	50	130	25	50	outunrut	ft
WR	wepp-17774	"11:43 am  Sunday March 9, 2014"	"parks eddy +"	30	sand	native	200	4	13	15	50	130	25	50	inveg	ft
WR	wepp-17859	"11:46 am  Sunday March 9, 2014"	"parks eddy +"	30	clay	native	200	4	13	15	50	130	25	40	inveg	ft
WR	wepp-17936	"11:46 am  Sunday March 9, 2014"	"parks eddy +"	30	clay	native	200	4	13	15	50	130	25	40	outunrut	ft
WR	wepp-19079	"11:47 am  Sunday March 9, 2014"	"parks eddy +"	30	clay	native	200	4	13	15	50	130	25	40	inveg	ft
WR	wepp-19630	"11:48 am  Sunday March 9, 2014"	"parks eddy +"	30	clay	native	200	4	13	15	50	130	25	40	outunrut	ft
WR	wepp-20756	"11:49 am  Sunday March 9, 2014"	"parks eddy +"	30	loam	native	200	4	13	15	50	130	25	20	outrut	ft
WR	wepp-20802	"11:50 am  Sunday March 9, 2014"	"parks eddy +"	30	loam	native	200	4	13	15	50	130	25	20	outunrut	ft
WR	wepp-20837	"11:51 am  Sunday March 9, 2014"	"parks eddy +"	30	loam	native	200	4	13	15	50	130	25	20	inveg	ft
WR	wepp-20875	"11:51 am  Sunday March 9, 2014"	"parks eddy +"	30	loam	native	200	4	13	15	50	130	25	20	outunrut	ft
WR	wepp-20915	"11:53 am  Sunday March 9, 2014"	"parks eddy +"	30	clay	native	200	4	13	15	50	130	25	50	outrut	ft
WR	wepp-20951	"11:53 am  Sunday March 9, 2014"	"parks eddy +"	30	clay	native	200	4	13	15	50	130	25	50	outunrut	ft
WR	wepp-20987	"11:54 am  Sunday March 9, 2014"	"parks eddy +"	30	clay	native	200	4	13	15	50	130	25	50	inveg	ft
WR	wepp-21022	"11:55 am  Sunday March 9, 2014"	"parks eddy +"	30	clay	native	200	4	13	15	50	130	25	50	outunrut	ft
WR	wepp-21080	"11:56 am  Sunday March 9, 2014"	"parks eddy +"	30	sand	native	200	4	13	15	50	130	25	50	outrut	ft
WR	wepp-21116	"11:56 am  Sunday March 9, 2014"	"parks eddy +"	30	sand	native	200	4	13	15	50	130	25	50	inveg	ft
WR	wepp-21503	"11:57 am  Sunday March 9, 2014"	"parks eddy +"	30	sand	native	200	4	13	15	50	130	25	50	inveg	ft
WR	wepp-22161	"11:57 am  Sunday March 9, 2014"	"parks eddy +"	30	sand	native	200	4	13	15	50	130	25	50	outunrut	ft
WR	wepp-22918	"11:58 am  Sunday March 9, 2014"	"parks eddy +"	30	sand	native	200	4	13	15	50	130	25	50	outrut	ft
WR	wepp-23991	"11:59 am  Sunday March 9, 2014"	"parks eddy +"	30	clay	native	200	4	13	15	50	130	25	40	outrut	ft
WR	wepp-24055	"12:00 pm  Sunday March 9, 2014"	"parks eddy +"	30	clay	native	200	4	13	15	50	130	25	40	inveg	ft
WR	wepp-24243	"12:00 pm  Sunday March 9, 2014"	"parks eddy +"	30	clay	native	200	4	13	15	50	130	25	40	outunrut	ft
WR	wepp-24278	"12:01 pm  Sunday March 9, 2014"	"parks eddy +"	30	clay	native	200	4	13	15	50	130	25	40	inveg	ft
WR	wepp-24314	"12:02 pm  Sunday March 9, 2014"	"parks eddy +"	30	clay	native	200	4	13	15	50	130	25	40	outunrut	ft
WR	wepp-24361	"12:03 pm  Sunday March 9, 2014"	"parks eddy +"	30	sand	native	200	4	13	15	50	130	25	50	outrut	ft
WR	wepp-24398	"12:04 pm  Sunday March 9, 2014"	"parks eddy +"	30	sand	native	200	4	13	15	50	130	25	50	outunrut	ft
WR	wepp-24436	"12:04 pm  Sunday March 9, 2014"	"parks eddy +"	30	sand	native	200	4	13	15	50	130	25	50	inveg	ft
WR	wepp-24483	"12:05 pm  Sunday March 9, 2014"	"parks eddy +"	30	sand	native	200	4	13	15	50	130	25	50	outunrut	ft
WR	wepp-25067	"12:07 pm  Sunday March 9, 2014"	"parks eddy +"	30	sand	native	200	4	13	15	50	130	25	50	outrut	ft
WR	wepp-20952	"10:12 pm  Friday March 14, 2014"	"parks eddy +"	30	clay	native	200	4	13	15	50	130	25	40	outrut	ft
WR	wepp-21000	"10:15 pm  Friday March 14, 2014"	"parks eddy +"	30	loam	native	200	4	13	15	50	130	25	20	outrut	ft
WR	wepp-21708	"10:17 pm  Friday March 14, 2014"	"parks eddy +"	30	sand	native	200	4	13	15	50	130	25	50	outrut	ft
WR	wepp-23828	"10:19 pm  Friday March 14, 2014"	"parks eddy +"	30	loam	native	200	4	13	15	50	130	25	50	outrut	ft
