wt	wepp-25651	"Nov 14, 2012"	"BIRMINGHAM WB AP AL"	granitic	OldForest	0	30	50	100	20	YoungForest	30	5	50	100	20	ft	"xxx"
wt	wepp-26830	"Nov 14, 2012"	"HEAVENLY VALLEY CA +"	granitic	Bare	40	30	50	15	20	YoungForest	30	5	50	100	20	ft	"Test Tahoe"
wt	wepp-26930	"Nov 14, 2012"	"RUBICON #2 CA SNOTEL +"	volcanic	Bare	40	40	15	20	20	Bare	40	40	15	20	20	ft	""
wt	wepp-26956	"Nov 14, 2012"	"HEAVENLY VALLEY CA +"	granitic	OldForest	0	30	50	100	20	YoungForest	30	5	50	100	20	ft	""
wt	wepp-27081	"Nov 14, 2012"	"HEAVENLY VALLEY CA +"	granitic	Bare	40	30	50	15	20	YoungForest	30	5	50	100	20	ft	"Test Tahoe"
wt	wepp-27103	"Nov 14, 2012"	"HEAVENLY VALLEY CA +"	granitic	Bare	40	40	15	20	20	Bare	40	40	15	20	20	ft	""
wt	wepp-27123	"Nov 14, 2012"	"HEAVENLY VALLEY CA +"	granitic	Bare	40	40	15	20	20	Bare	40	40	15	20	20	ft	""
wt	wepp-27213	"Nov 14, 2012"	"HEAVENLY VALLEY CA +"	granitic	Bare	40	30	50	15	20	YoungForest	30	5	50	100	20	ft	"Test Tahoe"
wt	wepp-27233	"Nov 14, 2012"	"HEAVENLY VALLEY CA +"	granitic	Bare	40	30	50	15	20	LowRoad	30	5	50	10	20	ft	"Test Tahoe"
wt	wepp-27286	"Nov 14, 2012"	"RUBICON #2 CA SNOTEL +"	volcanic	OldForest	40	40	15	100	20	OldForest	40	40	15	100	20	ft	""
wt	wepp-27377	"Nov 14, 2012"	"MARLETTE LAKE NV SNOTEL"	granitic	Bare	70	70	15	20	20	Bare	70	70	15	20	20	ft	""
wt	wepp-27402	"Nov 14, 2012"	"MARLETTE LAKE NV SNOTEL"	granitic	Bare	70	70	15	0	20	Bare	70	70	15	0	20	ft	""
wt	wepp-27520	"Nov 14, 2012"	"MARLETTE LAKE NV SNOTEL"	volcanic	Bare	70	70	15	0	20	Bare	70	70	15	0	20	ft	""
wt	wepp-27618	"Nov 14, 2012"	"MARLETTE LAKE NV SNOTEL"	granitic	Bare	80	80	15	0	20	Bare	80	80	15	0	20	ft	""
wt	wepp-27687	"Nov 14, 2012"	"N of RUBICON #2 CA SNOTEL +"	granitic	OldForest	20	30	300	100	20	OldForest	30	10	100	100	20	ft	""
wt	wepp-27770	"Nov 14, 2012"	"N of RUBICON #2 CA SNOTEL +"	volcanic	OldForest	20	30	300	100	20	OldForest	30	10	100	100	20	ft	""
wt	wepp-27833	"Nov 14, 2012"	"N of RUBICON #2 CA SNOTEL +"	alluvial	OldForest	10	15	300	100	20	OldForest	15	10	100	100	20	ft	""
wt	wepp-27873	"Nov 14, 2012"	"N. of RUBICON #2 CA SNOTEL +"	granitic	OldForest	20	30	300	100	20	OldForest	30	10	100	100	20	ft	""
wt	wepp-27893	"Nov 14, 2012"	"N. of RUBICON #2 CA SNOTEL +"	granitic	OldForest	20	30	300	100	20	OldForest	30	10	100	100	20	ft	""
wt	wepp-27900	"Nov 14, 2012"	"N. of RUBICON #2 CA SNOTEL +"	granitic	OldForest	20	30	300	100	20	YoungForest	30	10	100	100	20	ft	""
wt	wepp-27907	"Nov 14, 2012"	"N. of RUBICON #2 CA SNOTEL +"	granitic	OldForest	20	30	300	100	20	OldForest	30	10	100	100	20	ft	""
wt	wepp-27914	"Nov 14, 2012"	"N. of RUBICON #2 CA SNOTEL +"	granitic	OldForest	20	30	300	100	20	OldForest	30	10	100	100	20	ft	""
wt	wepp-27935	"Nov 14, 2012"	"N. of RUBICON #2 CA SNOTEL +"	granitic	OldForest	20	30	300	100	20	YoungForest	30	10	100	100	20	ft	""
wt	wepp-28212	"Nov 14, 2012"	"N. of RUBICON #2 CA SNOTEL +"	volcanic	HighFire	20	30	300	30	20	LowFire	30	10	100	50	20	ft	""
wt	wepp-28219	"Nov 14, 2012"	"N. of RUBICON #2 CA SNOTEL +"	volcanic	HighFire	20	30	300	30	20	LowFire	30	10	100	50	20	ft	""
wt	wepp-28236	"Nov 14, 2012"	"CHARLESTON KAN AP WV"	volcanic	HighFire	20	30	300	30	20	LowFire	30	10	100	50	20	ft	""
wt	wepp-28244	"Nov 14, 2012"	"N. of RUBICON #2 CA SNOTEL +"	volcanic	HighFire	20	30	300	30	20	LowFire	30	10	100	50	20	ft	""
wt	wepp-28253	"Nov 14, 2012"	"N. of RUBICON #2 CA SNOTEL +"	volcanic	HighFire	20	30	300	30	20	LowFire	30	10	100	50	20	ft	""
wt	wepp-28267	"Nov 14, 2012"	"N. of RUBICON #2 CA SNOTEL +"	volcanic	HighFire	30	30	300	45	20	LowFire	30	30	100	50	20	ft	""
wt	wepp-28289	"Nov 14, 2012"	"N of RUBICON #2 CA SNOTEL +"	alluvial	HighFire	20	30	300	45	20	LowFire	30	10	100	85	20	ft	""
wt	wepp-28314	"Nov 14, 2012"	"N of RUBICON #2 CA SNOTEL +"	volcanic	HighFire	20	30	300	45	20	LowFire	30	10	100	85	20	ft	""
wt	wepp-28442	"Nov 14, 2012"	"CHARLESTON KAN AP WV"	volcanic	HighFire	20	30	300	30	20	LowFire	30	10	100	50	20	ft	""
wt	wepp-28483	"Nov 14, 2012"	"N. of RUBICON #2 CA SNOTEL +"	volcanic	HighFire	20	30	300	30	20	LowFire	30	10	100	50	20	ft	""
wt	wepp-28456	"Nov 14, 2012"	"N. of RUBICON #2 CA SNOTEL +"	volcanic	YoungForest	20	30	300	85	20	OldForest	30	10	100	100	20	ft	""
wt	wepp-28490	"Nov 14, 2012"	"N of RUBICON #2 CA SNOTEL +"	volcanic	YoungForest	20	30	300	85	20	OldForest	30	10	100	100	20	ft	""
wt	wepp-28503	"Nov 14, 2012"	"N. of RUBICON #2 CA SNOTEL +"	volcanic	YoungForest	20	30	300	85	20	OldForest	30	10	100	100	20	ft	""
wt	wepp-28496	"Nov 14, 2012"	"N. of RUBICON #2 CA SNOTEL +"	volcanic	YoungForest	30	30	300	85	20	OldForest	30	30	100	100	20	ft	""
wt	wepp-28510	"Nov 14, 2012"	"N. of RUBICON #2 CA SNOTEL +"	volcanic	YoungForest	20	30	300	85	20	OldForest	30	10	100	100	20	ft	""
wt	wepp-28556	"Nov 14, 2012"	"N. of RUBICON #2 CA SNOTEL +"	volcanic	YoungForest	85	85	300	100	20	OldForest	100	100	100	100	20	ft	""
wt	wepp-28576	"Nov 14, 2012"	"N. of RUBICON #2 CA SNOTEL +"	volcanic	OldForest	20	30	300	100	20	YoungForest	30	10	100	85	20	ft	""
wt	wepp-28597	"Nov 14, 2012"	"N of RUBICON #2 CA SNOTEL +"	volcanic	OldForest	20	30	300	100	20	YoungForest	30	10	100	85	20	ft	""
wt	wepp-28618	"Nov 14, 2012"	"N. of RUBICON #2 CA SNOTEL +"	volcanic	YoungForest	85	85	300	100	20	OldForest	100	100	100	100	20	ft	""
wt	wepp-28638	"Nov 14, 2012"	"N. of RUBICON #2 CA SNOTEL +"	volcanic	YoungForest	20	30	300	85	20	OldForest	30	10	100	100	20	ft	""
wt	wepp-28662	"Nov 14, 2012"	"N. of RUBICON #2 CA SNOTEL +"	volcanic	OldForest	20	30	300	100	20	YoungForest	30	10	100	85	50	ft	""
wt	wepp-28733	"Nov 14, 2012"	"N. of RUBICON #2 CA SNOTEL +"	volcanic	YoungForest	20	30	300	85	20	OldForest	30	10	100	100	20	ft	""
wt	wepp-28757	"Nov 14, 2012"	"N. of RUBICON #2 CA SNOTEL +"	volcanic	LowFire	20	30	300	85	20	LowFire	30	10	100	85	50	ft	""
wt	wepp-28777	"Nov 14, 2012"	"N. of RUBICON #2 CA SNOTEL +"	volcanic	LowFire	20	30	300	85	20	LowFire	30	10	100	85	20	ft	""
wt	wepp-28784	"Nov 14, 2012"	"N. of RUBICON #2 CA SNOTEL +"	volcanic	LowFire	20	30	300	85	20	LowFire	30	10	100	85	20	ft	""
wt	wepp-28824	"Nov 14, 2012"	"N. of RUBICON #2 CA SNOTEL +"	volcanic	YoungForest	30	30	300	85	20	YoungForest	30	30	100	85	20	ft	""
wt	wepp-28867	"Nov 14, 2012"	"N of RUBICON #2 CA SNOTEL +"	granitic	LowFire	40	40	300	85	20	LowFire	30	5	100	85	20	ft	""
wt	wepp-28879	"Nov 14, 2012"	"N. of RUBICON #2 CA SNOTEL +"	granitic	OldForest	30	30	300	100	20	YoungForest	30	10	100	100	20	ft	""
wt	wepp-28903	"Nov 14, 2012"	"N. of RUBICON #2 CA SNOTEL +"	volcanic	OldForest	30	30	300	100	20	YoungForest	30	10	100	100	20	ft	""
wt	wepp-28927	"Nov 14, 2012"	"N. of RUBICON #2 CA SNOTEL +"	volcanic	BurnP	30	30	12	20	20	YoungForest	30	30	15	100	20	ft	""
wt	wepp-28977	"Nov 14, 2012"	"N. of RUBICON #2 CA SNOTEL +"	volcanic	BurnP	30	30	12	20	20	YoungForest	30	30	15	100	20	ft	""
wt	wepp-28997	"Nov 14, 2012"	"N. of RUBICON #2 CA SNOTEL +"	volcanic	BurnP	30	30	12	20	20	YoungForest	30	30	15	100	20	ft	""
wt	wepp-29004	"Nov 14, 2012"	"N. of RUBICON #2 CA SNOTEL +"	volcanic	Bare	30	30	12	20	20	YoungForest	30	30	15	85	20	ft	""
wt	wepp-29011	"Nov 14, 2012"	"N. of RUBICON #2 CA SNOTEL +"	volcanic	BurnP	30	30	12	20	20	YoungForest	30	30	15	100	20	ft	""
wt	wepp-29082	"Nov 14, 2012"	"N of RUBICON #2 CA SNOTEL +"	volcanic	HighFire	30	20	300	40	20	LowFire	30	10	100	85	20	ft	""
wt	wepp-29103	"Nov 14, 2012"	"N. of RUBICON #2 CA SNOTEL +"	volcanic	HighFire	30	20	300	40	20	LowFire	30	10	100	70	20	ft	""
wt	wepp-29128	"Nov 14, 2012"	"N. of RUBICON #2 CA SNOTEL +"	volcanic	HighFire	30	20	300	40	20	LowFire	30	10	100	70	20	ft	""
wt	wepp-29148	"Nov 14, 2012"	"N. of RUBICON #2 CA SNOTEL +"	volcanic	HighFire	30	20	300	40	20	LowFire	30	10	100	70	20	ft	""
wt	wepp-29155	"Nov 14, 2012"	"N. of RUBICON #2 CA SNOTEL +"	volcanic	HighFire	30	20	300	40	20	LowFire	30	10	100	70	20	ft	""
wt	wepp-29196	"Nov 14, 2012"	"N. of RUBICON #2 CA SNOTEL +"	volcanic	LowFire	30	20	300	85	20	OldForest	30	10	100	100	20	ft	""
wt	wepp-30034	"Nov 14, 2012"	"N. of RUBICON #2 CA SNOTEL +"	granitic	HighRoad	4	4	200	10	20	YoungForest	20	15	50	100	20	ft	""
wt	wepp-30053	"Nov 14, 2012"	"N. of RUBICON #2 CA SNOTEL +"	granitic	HighRoad	4	4	200	10	20	YoungForest	20	15	50	100	20	ft	""
wt	wepp-30074	"Nov 14, 2012"	"N. of RUBICON #2 CA SNOTEL +"	granitic	HighRoad	4	4	200	10	20	YoungForest	20	15	50	100	20	ft	""
wt	wepp-30081	"Nov 14, 2012"	"N. of RUBICON #2 CA SNOTEL +"	granitic	HighRoad	4	4	200	10	20	YoungForest	20	15	50	100	20	ft	""
wt	wepp-30205	"Nov 14, 2012"	""	granitic	LowRoad	4	4	200	10	20	YoungForest	20	15	50	100	20	ft	""
wt	wepp-30224	"Nov 14, 2012"	""	granitic	LowRoad	4	4	200	10	20	YoungForest	20	15	50	100	20	ft	""
wt	wepp-30232	"Nov 14, 2012"	""	granitic	LowRoad	4	4	200	10	20	YoungForest	20	15	50	100	20	ft	""
wt	wepp-30243	"Nov 14, 2012"	""	granitic	LowRoad	4	4	200	10	20	YoungForest	20	15	50	100	20	ft	""
wt	wepp-30263	"Nov 14, 2012"	""	granitic	LowRoad	4	4	200	10	20	YoungForest	20	15	50	100	20	ft	""
wt	wepp-30283	"Nov 14, 2012"	""	granitic	LowRoad	4	4	200	10	20	YoungForest	20	15	50	100	20	ft	""
wt	wepp-30290	"Nov 14, 2012"	""	granitic	LowRoad	4	4	200	10	20	YoungForest	20	15	50	100	20	ft	""
wt	wepp-30332	"Nov 14, 2012"	""	granitic	HighRoad	4	4	200	10	20	YoungForest	20	15	50	100	20	ft	""
wt	wepp-30352	"Nov 14, 2012"	""	granitic	HighRoad	4	4	200	10	20	YoungForest	20	15	50	100	20	ft	""
wt	wepp-30410	"Nov 14, 2012"	""	granitic	HighRoad	4	4	200	10	20	YoungForest	20	15	50	100	20	ft	""
wt	wepp-30447	"Nov 14, 2012"	""	granitic	HighRoad	4	4	200	10	20	YoungForest	20	15	50	100	20	ft	""
wt	wepp-30524	"Nov 14, 2012"	"N of RUBICON #2 CA SNOTEL +"	granitic	LowRoad	4	4	200	10	20	YoungForest	20	15	50	100	20	ft	""
wt	wepp-30549	"Nov 14, 2012"	"N of RUBICON #2 CA SNOTEL +"	granitic	HighRoad	4	4	200	10	20	YoungForest	20	15	50	100	20	ft	""
wt	wepp-30762	"Nov 14, 2012"	"N of RUBICON #2 CA SNOTEL +"	granitic	LowRoad	4	4	200	10	20	YoungForest	20	15	50	100	20	ft	""
wt	wepp-30803	"Nov 14, 2012"	"N of RUBICON #2 CA SNOTEL +"	granitic	LowRoad	4	4	200	10	20	YoungForest	20	15	50	100	20	ft	""
wt	wepp-30830	"Nov 14, 2012"	"N of RUBICON #2 CA SNOTEL +"	granitic	LowRoad	4	4	200	10	20	YoungForest	20	15	50	100	20	ft	""
wt	wepp-30838	"Nov 14, 2012"	"N of RUBICON #2 CA SNOTEL +"	granitic	LowRoad	4	4	200	10	20	YoungForest	20	15	50	100	20	ft	""
wt	wepp-30858	"Nov 14, 2012"	"N of RUBICON #2 CA SNOTEL +"	granitic	LowRoad	4	4	200	10	20	YoungForest	20	15	50	100	20	ft	""
wt	wepp-31022	"Nov 14, 2012"	"N of RUBICON #2 CA SNOTEL +"	granitic	HighRoad	4	4	100	10	20	YoungForest	20	15	50	100	20	ft	""
wt	wepp-31031	"Nov 14, 2012"	"N of RUBICON #2 CA SNOTEL +"	granitic	HighRoad	4	4	100	10	20	YoungForest	20	15	50	100	20	ft	""
wt	wepp-31071	"Nov 14, 2012"	"N of RUBICON #2 CA SNOTEL +"	granitic	HighRoad	4	4	100	10	20	YoungForest	20	15	50	100	20	ft	""
wt	wepp-31074	"Nov 14, 2012"	"N of RUBICON #2 CA SNOTEL +"	granitic	HighRoad	4	4	100	10	20	YoungForest	20	15	50	100	20	ft	""
wt	wepp-31454	"Nov 14, 2012"	"N of RUBICON #2 CA SNOTEL +"	granitic	HighRoad	4	4	30	10	20	YoungForest	20	15	50	100	20	ft	""
wt	wepp-31461	"Nov 14, 2012"	"N of RUBICON #2 CA SNOTEL +"	granitic	HighRoad	4	4	30	10	20	YoungForest	20	15	50	100	20	ft	""
wt	wepp-31495	"Nov 14, 2012"	"N of RUBICON #2 CA SNOTEL +"	granitic	HighRoad	4	4	30	10	20	YoungForest	20	15	50	100	20	ft	""
wt	wepp-31526	"Nov 14, 2012"	"N of RUBICON #2 CA SNOTEL +"	rockpave	HighRoad	4	4	200	10	50	YoungForest	20	15	50	100	20	ft	""
wt	wepp-31571	"Nov 14, 2012"	"N of RUBICON #2 CA SNOTEL +"	rockpave	HighRoad	4	4	200	10	50	YoungForest	20	15	50	100	20	ft	""
wt	wepp-31579	"Nov 14, 2012"	"N of RUBICON #2 CA SNOTEL +"	rockpave	HighRoad	4	4	200	10	50	YoungForest	20	15	50	100	20	ft	""
wt	wepp-31586	"Nov 14, 2012"	"N of RUBICON #2 CA SNOTEL +"	rockpave	HighRoad	4	4	200	10	50	YoungForest	20	15	50	100	20	ft	""
wt	wepp-31602	"Nov 14, 2012"	"N of RUBICON #2 CA SNOTEL +"	rockpave	HighRoad	4	4	200	10	50	Sod	20	15	50	40	20	ft	""
wt	wepp-31622	"Nov 14, 2012"	"N of RUBICON #2 CA SNOTEL +"	granitic	HighRoad	4	4	200	10	50	YoungForest	20	15	50	100	20	ft	""
wt	wepp-31748	"Nov 14, 2012"	"N of RUBICON #2 CA SNOTEL +"	granitic	HighRoad	4	4	200	70	20	YoungForest	20	15	50	100	20	ft	""
wt	wepp-31914	"Nov 14, 2012"	"N of RUBICON #2 CA SNOTEL +"	granitic	LowRoad	4	4	200	70	20	YoungForest	20	15	50	100	20	ft	""
wt	wepp-31937	"Nov 14, 2012"	"N of RUBICON #2 CA SNOTEL +"	granitic	LowRoad	4	4	200	70	20	YoungForest	20	15	50	100	20	ft	""
wt	wepp-32022	"Nov 14, 2012"	""	volcanic	Till	30	30	12	70	20	YoungForest	30	30	15	85	20	ft	""
wt	wepp-32003	"Nov 14, 2012"	"N of RUBICON #2 CA SNOTEL +"	granitic	Till	4	4	200	70	20	YoungForest	20	15	50	100	20	ft	""
wt	wepp-32038	"Nov 14, 2012"	"N of RUBICON #2 CA SNOTEL +"	granitic	Till	4	4	200	70	20	YoungForest	20	15	50	100	20	ft	""
wt	wepp-32084	"Nov 14, 2012"	"N of RUBICON #2 CA SNOTEL +"	granitic	Till	4	4	200	70	20	YoungForest	20	15	50	100	20	ft	""
wt	wepp-32091	"Nov 14, 2012"	"N of RUBICON #2 CA SNOTEL +"	granitic	Till	4	4	200	70	20	YoungForest	20	15	50	100	20	ft	""
wt	wepp-32098	"Nov 14, 2012"	"N of RUBICON #2 CA SNOTEL +"	granitic	Till	4	4	200	70	20	YoungForest	20	15	50	100	20	ft	""
wt	wepp-32105	"Nov 14, 2012"	""	volcanic	OldForest	30	30	12	100	20	YoungForest	30	30	15	85	20	ft	""
wt	wepp-32543	"Nov 14, 2012"	"N of RUBICON #2 CA SNOTEL +"	granitic	Till	4	4	1000	70	20	YoungForest	20	15	50	100	20	ft	""
wt	wepp-1101	"Nov 14, 2012"	"N of RUBICON #2 CA SNOTEL +"	granitic	Bare	80	80	15	20	20	Bare	80	80	15	20	20	ft	""
wt	wepp-1121	"Nov 14, 2012"	"N of RUBICON #2 CA SNOTEL +"	granitic	Bare	80	80	15	20	20	Bare	80	80	15	20	20	ft	""
wt	wepp-1128	"Nov 14, 2012"	"N of RUBICON #2 CA SNOTEL +"	granitic	Bare	80	80	15	20	20	Bare	80	80	15	20	20	ft	""
wt	wepp-1156	"Nov 14, 2012"	"N of RUBICON #2 CA SNOTEL +"	granitic	Bare	80	80	15	20	20	Bare	80	80	50	20	20	ft	""
wt	wepp-1209	"Nov 14, 2012"	"N of RUBICON #2 CA SNOTEL +"	volcanic	Bare	80	80	15	20	20	Bare	80	80	15	20	20	ft	""
wt	wepp-1621	"Nov 14, 2012"	"N of RUBICON #2 CA SNOTEL +"	granitic	Bare	80	80	15	70	50	Bare	80	80	15	70	50	ft	""
wt	wepp-1649	"Nov 14, 2012"	"N of RUBICON #2 CA SNOTEL +"	granitic	Bare	80	80	15	70	50	Bare	80	80	15	70	50	ft	""
wt	wepp-1863	"Nov 14, 2012"	"N of RUBICON #2 CA SNOTEL +"	granitic	Skid	80	80	15	70	20	Skid	80	80	15	70	20	ft	""
wt	wepp-1885	"Nov 14, 2012"	"N of RUBICON #2 CA SNOTEL +"	granitic	Bare	80	80	15	50	50	Bare	80	80	50	20	50	ft	""
wt	wepp-1928	"Nov 14, 2012"	"N of RUBICON #2 CA SNOTEL +"	granitic	Skid	80	80	15	0	20	Skid	80	80	15	0	20	ft	""
wt	wepp-2003	"Nov 14, 2012"	"N of RUBICON #2 CA SNOTEL +"	granitic	Skid	80	80	15	10	20	Skid	80	80	15	10	20	ft	""
wt	wepp-2071	"Nov 14, 2012"	"N of RUBICON #2 CA SNOTEL +"	volcanic	Bare	80	80	15	70	20	Bare	80	80	15	70	50	ft	""
wt	wepp-2187	"Nov 14, 2012"	"N of RUBICON #2 CA SNOTEL +"	granitic	Mulch	80	80	15	70	50	Mulch	80	80	15	70	50	ft	""
wt	wepp-2227	"Nov 14, 2012"	"N of RUBICON #2 CA SNOTEL +"	granitic	Mulch	80	80	15	70	50	Mulch	80	80	15	70	50	ft	""
wt	wepp-2445	"Nov 14, 2012"	"N of RUBICON #2 CA SNOTEL +"	volcanic	Mulch	80	80	15	70	20	Mulch	80	80	15	70	50	ft	""
wt	wepp-3019	"Nov 14, 2012"	"N of RUBICON #2 CA SNOTEL +"	volcanic	Skid	20	30	300	10	20	YoungForest	30	10	100	85	50	ft	""
wt	wepp-3070	"Nov 14, 2012"	"N of RUBICON #2 CA SNOTEL +"	volcanic	Skid	20	30	300	20	20	YoungForest	30	80	100	85	20	ft	""
wt	wepp-3148	"Nov 14, 2012"	"N of RUBICON #2 CA SNOTEL +"	volcanic	Skid	20	30	300	40	20	YoungForest	30	10	100	85	50	ft	""
wt	wepp-3554	"Nov 14, 2012"	"N of RUBICON #2 CA SNOTEL +"	volcanic	Skid	20	30	300	10	20	YoungForest	30	10	100	85	20	ft	""
wt	wepp-3775	"Nov 14, 2012"	"N of RUBICON #2 CA SNOTEL +"	volcanic	HighRoad	20	30	300	10	20	YoungForest	30	10	100	85	20	ft	""
wt	wepp-3994	"Nov 14, 2012"	"N of RUBICON #2 CA SNOTEL +"	volcanic	HighRoad	20	30	300	10	20	YoungForest	30	10	100	85	20	ft	""
wt	wepp-4020	"Nov 14, 2012"	"N of RUBICON #2 CA SNOTEL +"	volcanic	HighRoad	10	10	300	10	20	YoungForest	30	10	100	85	20	ft	""
wt	wepp-4040	"Nov 14, 2012"	"N of RUBICON #2 CA SNOTEL +"	volcanic	HighRoad	10	10	40	10	20	YoungForest	30	10	100	85	20	ft	""
wt	wepp-4069	"Nov 14, 2012"	"N of RUBICON #2 CA SNOTEL +"	volcanic	Till	10	10	300	70	20	YoungForest	30	10	100	85	20	ft	""
wt	wepp-4093	"Nov 14, 2012"	"N of RUBICON #2 CA SNOTEL +"	volcanic	Mulch	10	10	40	60	20	YoungForest	30	10	100	85	20	ft	""
wt	wepp-4132	"Nov 14, 2012"	"N of RUBICON #2 CA SNOTEL +"	volcanic	Skid	10	10	300	70	20	YoungForest	30	10	100	85	20	ft	""
wt	wepp-4152	"Nov 14, 2012"	"N of RUBICON #2 CA SNOTEL +"	volcanic	Skid	10	10	40	70	20	YoungForest	30	10	100	85	20	ft	""
wt	wepp-4181	"Nov 14, 2012"	"N of RUBICON #2 CA SNOTEL +"	volcanic	Skid	10	10	300	70	20	YoungForest	30	10	100	85	20	ft	""
WE	wepp-4338	"02:51 pm  Wednesday November 14, 2012"	"N of RUBICON #2 CA SNOTEL +"	sand	20	forest	30	20	10	300	h			ft
wt	wepp-4683	"Nov 14, 2012"	"SW HAGEN'S MEADOW CA SNOTEL +"	granitic	Sod	45	45	100	40	20	Sod	45	45	100	40	20	ft	""
wt	wepp-4707	"Nov 14, 2012"	"SW HAGEN'S MEADOW CA SNOTEL +"	granitic	Sod	45	45	100	40	20	Sod	45	45	100	40	20	ft	""
wt	wepp-4755	"Nov 14, 2012"	"SW HAGEN'S MEADOW CA SNOTEL +"	granitic	Sod	45	45	100	70	20	Sod	45	45	100	70	20	ft	""
wt	wepp-4884	"Nov 14, 2012"	"SW HAGEN'S MEADOW CA SNOTEL +"	granitic	Sod	45	45	100	70	20	OldForest	45	45	100	100	20	ft	""
wt	wepp-4904	"Nov 14, 2012"	"SW HAGEN'S MEADOW CA SNOTEL +"	granitic	Sod	45	45	100	40	20	OldForest	45	45	100	100	20	ft	""
wt	wepp-4982	"Nov 14, 2012"	"SW HAGEN'S MEADOW CA SNOTEL +"	granitic	Sod	45	45	100	40	20	OldForest	45	45	100	100	20	ft	""
wt	wepp-5002	"Nov 14, 2012"	"SW HAGEN'S MEADOW CA SNOTEL +"	granitic	Sod	45	45	300	40	20	OldForest	45	45	300	100	20	ft	""
wt	wepp-5009	"Nov 14, 2012"	"SW HAGEN'S MEADOW CA SNOTEL +"	granitic	Sod	45	45	300	40	20	OldForest	45	45	100	100	20	ft	""
wt	wepp-5028	"Nov 14, 2012"	"SW HAGEN'S MEADOW CA SNOTEL +"	granitic	Sod	45	45	300	40	20	OldForest	45	45	100	100	20	ft	""
wt	wepp-5052	"Nov 14, 2012"	"SW HAGEN'S MEADOW CA SNOTEL +"	granitic	Skid	45	45	100	10	20	OldForest	45	45	100	100	20	ft	""
wt	wepp-5074	"Nov 14, 2012"	"SW HAGEN'S MEADOW CA SNOTEL +"	granitic	Skid	45	45	100	10	20	Skid	45	45	100	10	20	ft	""
wt	wepp-5146	"Nov 14, 2012"	"SW HAGEN'S MEADOW CA SNOTEL +"	granitic	Skid	45	45	100	10	20	Sod	45	45	100	40	20	ft	""
wt	wepp-5173	"Nov 14, 2012"	"SW HAGEN'S MEADOW CA SNOTEL +"	granitic	Skid	45	45	100	70	20	Skid	45	45	100	70	20	ft	""
wt	wepp-5197	"Nov 14, 2012"	"SW HAGEN'S MEADOW CA SNOTEL +"	granitic	Skid	45	45	85	70	20	Skid	45	45	85	70	20	ft	""
wt	wepp-5218	"Nov 14, 2012"	"SW HAGEN'S MEADOW CA SNOTEL +"	granitic	Skid	45	45	100	85	20	Skid	45	45	100	85	20	ft	""
wt	wepp-5248	"Nov 14, 2012"	"SW HAGEN'S MEADOW CA SNOTEL +"	granitic	Skid	45	45	50	10	20	Sod	45	45	100	40	20	ft	""
