WR	wepp-145836	"08:42 am  Thursday May 4, 2017"	"SAINT MARIES ID"	30	silt	graveled	200	4	13	15	50	1	25	20	inveg	ft
WR	wepp-146130	"08:53 am  Thursday May 4, 2017"	"SAINT MARIES ID"	30	silt	graveled	200	4	13	15	50	1	25	20	inbare	ft
WR	wepp-146200	"08:55 am  Thursday May 4, 2017"	"SAINT MARIES ID"	30	silt	paved	200	4	13	15	50	1	25	20	inbare	ft
WR	wepp-146477	"09:00 am  Thursday May 4, 2017"	"SAINT MARIES ID"	30	silt	paved	200	4	13	15	50	100	25	20	inbare	ft
WR	wepp-146515	"09:00 am  Thursday May 4, 2017"	"SAINT MARIES ID"	30	silt	paved	200	4	13	15	50	200	25	20	inbare	ft
WR	wepp-146596	"09:00 am  Thursday May 4, 2017"	"SAINT MARIES ID"	30	silt	paved	200	4	13	15	50	100	25	20	inbare	ft
WR	wepp-146635	"09:01 am  Thursday May 4, 2017"	"SAINT MARIES ID"	30	silt		200	4	13	15	50	110	25	20	inbare	ft
WR	wepp-146729	"09:01 am  Thursday May 4, 2017"	"SAINT MARIES ID"	30	silt	paved	200	4	13	15	50	110	25	20	inbare	ft
WR	wepp-146901	"09:02 am  Thursday May 4, 2017"	"SAINT MARIES ID"	30	silt	graveled	200	4	13	15	50	1	25	20	outunrut	ft
WR	wepp-147054	"09:06 am  Thursday May 4, 2017"	"SAINT MARIES ID +"	30	silt	graveled	200	4	13	15	50	1	25	20	inveg	ft
WR	wepp-147120	"09:09 am  Thursday May 4, 2017"	"SAINT MARIES ID +"	30	silt	graveled	200	4	13	15	50	1	25	20	inbare	ft
WR	wepp-147199	"09:09 am  Thursday May 4, 2017"	"SAINT MARIES ID +"	30	silt	paved	200	4	13	15	50	1	25	20	inbare	ft
WR	wepp-147243	"09:10 am  Thursday May 4, 2017"	"SAINT MARIES ID +"	30	silt	paved	200	4	13	15	50	110	25	20	inbare	ft
WR	wepp-147282	"09:10 am  Thursday May 4, 2017"	"SAINT MARIES ID +"	30	silt	paved	200	4	13	15	50	100	25	20	inbare	ft
WR	wepp-147320	"09:11 am  Thursday May 4, 2017"	"SAINT MARIES ID +"	30	silt	paved	200	4	13	15	50	105	25	20	inbare	ft
WR	wepp-147357	"09:11 am  Thursday May 4, 2017"	"SAINT MARIES ID +"	30	silt	graveled	200	4	13	15	50	1	25	20	outunrut	ft
WR	wepp-148803	"09:14 am  Thursday May 4, 2017"	"SAINT MARIES ID +"	30	silt	graveled	200	4	13	15	50	1	25	20	inveg	ft
WR	wepp-149205	"09:14 am  Thursday May 4, 2017"	"SAINT MARIES ID +"	30	silt	graveled	200	4	13	15	50	1	25	20	inbare	ft
WR	wepp-149500	"09:14 am  Thursday May 4, 2017"	"SAINT MARIES ID +"	30	silt	paved	200	4	13	15	50	1	25	20	inbare	ft
WD	wepp-150284	"09:28 am  Thursday May 4, 2017"	"SAINT MARIES ID +"	10	silt	OldForest	400	0	30	100	20	OldForest	75	30	5	100	20	0	ft	""
WD	wepp-150559	"09:31 am  Thursday May 4, 2017"	"SAINT MARIES ID +"	10	silt	Sod	400	0	30	40	20	OldForest	75	30	5	100	20	0	ft	""
WD	wepp-150627	"09:32 am  Thursday May 4, 2017"	"SAINT MARIES ID +"	10	silt	Sod	400	0	30	40	20	OldForest	75	30	5	100	20	0	ft	""
WD	wepp-150666	"09:33 am  Thursday May 4, 2017"	"SAINT MARIES ID +"	10	silt	Sod	400	0	30	100	20	OldForest	30	30	5	100	20	0	ft	""
WD	wepp-150704	"09:33 am  Thursday May 4, 2017"	"SAINT MARIES ID +"	10	silt	Sod	400	0	30	100	20	OldForest	30	30	5	100	20	0	ft	""
WD	wepp-150760	"09:34 am  Thursday May 4, 2017"	"SAINT MARIES ID +"	10	silt	Sod	400	0	30	100	20	OldForest	50	30	5	100	20	0	ft	""
WD	wepp-150804	"09:35 am  Thursday May 4, 2017"	"SAINT MARIES ID +"	10	silt	Sod	400	0	30	100	20	OldForest	30	30	5	100	20	0	ft	""
WD	wepp-150845	"09:35 am  Thursday May 4, 2017"	"SAINT MARIES ID +"	10	silt	Sod	400	0	30	30	20	OldForest	30	30	5	100	20	0	ft	""
WD	wepp-150883	"09:35 am  Thursday May 4, 2017"	"SAINT MARIES ID +"	10	silt	Sod	400	0	30	30	20	OldForest	30	30	5	100	20	0	ft	""
WD	wepp-150954	"09:36 am  Thursday May 4, 2017"	"SAINT MARIES ID +"	10	silt	LowFire	400	0	30	85	20	LowFire	30	30	5	85	20	0	ft	""
WD	wepp-150991	"09:37 am  Thursday May 4, 2017"	"SAINT MARIES ID +"	10	silt	LowFire	400	0	30	85	20	LowFire	30	30	5	85	20	0	ft	""
WD	wepp-151052	"09:38 am  Thursday May 4, 2017"	"SAINT MARIES ID +"	10	silt	HighFire	400	0	30	45	20	HighFire	30	30	5	45	20	0	ft	""
WD	wepp-151134	"09:39 am  Thursday May 4, 2017"	"SAINT MARIES ID +"	10	silt	OldForest	400	0	30	100	20	HighFire	75	30	5	45	20	0	ft	""
WD	wepp-151178	"09:39 am  Thursday May 4, 2017"	"SAINT MARIES ID +"	10	silt	HighFire	400	0	30	45	20	OldForest	75	30	5	100	20	0	ft	""
WD	wepp-151239	"09:40 am  Thursday May 4, 2017"	"SAINT MARIES ID +"	10	silt	OldForest	400	0	30	100	20	HighFire	75	30	5	45	20	0	ft	""
WD	wepp-151276	"09:40 am  Thursday May 4, 2017"	"SAINT MARIES ID +"	10	silt	HighFire	400	0	30	45	20	OldForest	75	30	5	100	20	0	ft	""
