WR	wepp-31384	"10:37 pm  Monday November 14, 2011"	"MICA CREEK WATERSHED +"	30	silt	native	200	4	13	15	50	1	25	20	inveg	ft
WR	wepp-31391	"10:40 pm  Monday November 14, 2011"	"MICA CREEK WATERSHED +"	30	silt	native	200	4	13	15	50	1	25	20	inbare	ft
WR	wepp-31459	"10:43 pm  Monday November 14, 2011"	"MICA CREEK WATERSHED +"	30	silt	paved	200	4	13	15	50	1	25	20	inbare	ft
WR	wepp-31485	"10:45 pm  Monday November 14, 2011"	"MICA CREEK WATERSHED +"	30	silt	native	200	4	13	15	50	1	25	20	inbare	ft
WR	wepp-31552	"10:51 pm  Monday November 14, 2011"	"MICA CREEK WATERSHED +"	30	clay	paved	200	4	13	15	50	130	25	20	inveg	ft
WR	wepp-31585	"10:52 pm  Monday November 14, 2011"	"MICA CREEK WATERSHED +"	30	clay	paved	200	4	13	15	50	75	25	20	inveg	ft
WR	wepp-31592	"10:53 pm  Monday November 14, 2011"	"MICA CREEK WATERSHED +"	30	clay	paved	200	4	13	15	50	50	25	20	inveg	ft
WR	wepp-31597	"10:53 pm  Monday November 14, 2011"	"MICA CREEK WATERSHED +"	30	clay	paved	200	4	13	15	50	20	25	20	inveg	ft
WR	wepp-31604	"10:54 pm  Monday November 14, 2011"	"MICA CREEK WATERSHED +"	30	clay	paved	200	4	13	15	50	10	25	20	inveg	ft
WR	wepp-31609	"10:54 pm  Monday November 14, 2011"	"MICA CREEK WATERSHED +"	30	clay	paved	200	4	13	15	50	15	25	20	inveg	ft
WR	wepp-31614	"10:54 pm  Monday November 14, 2011"	"MICA CREEK WATERSHED +"	30	clay	paved	200	4	13	15	50	17	25	20	inveg	ft
WR	wepp-31619	"10:55 pm  Monday November 14, 2011"	"MICA CREEK WATERSHED +"	30	clay	paved	200	4	13	15	50	20	25	20	inveg	ft
WR	wepp-31624	"10:55 pm  Monday November 14, 2011"	"MICA CREEK WATERSHED +"	30	clay	paved	200	4	13	15	50	19	25	20	inveg	ft
WR	wepp-31629	"10:55 pm  Monday November 14, 2011"	"MICA CREEK WATERSHED +"	30	clay	paved	200	4	13	15	50	19.5	25	20	inveg	ft
WR	wepp-31634	"10:55 pm  Monday November 14, 2011"	"MICA CREEK WATERSHED +"	30	clay	paved	200	4	13	15	50	20	25	20	inveg	ft
WR	wepp-31639	"10:56 pm  Monday November 14, 2011"	"MICA CREEK WATERSHED +"	30	clay	paved	200	4	13	15	50	19.75	25	20	inveg	ft
WR	wepp-31644	"10:56 pm  Monday November 14, 2011"	"MICA CREEK WATERSHED +"	30	clay	paved	200	4	13	15	50	19	25	20	inveg	ft
WR	wepp-31679	"10:57 pm  Monday November 14, 2011"	"MICA CREEK WATERSHED +"	30	clay	paved	200	4	13	15	50	20	25	20	inveg	ft
WR	wepp-31686	"10:58 pm  Monday November 14, 2011"	"MICA CREEK WATERSHED +"	30	clay	paved	200	4	13	15	50	21	25	20	inveg	ft
WR	wepp-31693	"10:58 pm  Monday November 14, 2011"	"MICA CREEK WATERSHED +"	30	clay	paved	200	4	13	15	50	27	25	20	inveg	ft
WR	wepp-31699	"10:58 pm  Monday November 14, 2011"	"MICA CREEK WATERSHED +"	30	clay	paved	200	4	13	15	50	29	25	20	inveg	ft
WR	wepp-31705	"10:58 pm  Monday November 14, 2011"	"MICA CREEK WATERSHED +"	30	clay	paved	200	4	13	15	50	31	25	20	inveg	ft
WR	wepp-31710	"10:58 pm  Monday November 14, 2011"	"MICA CREEK WATERSHED +"	30	clay	paved	200	4	13	15	50	30	25	20	inveg	ft
WR	wepp-31766	"11:04 pm  Monday November 14, 2011"	"MICA CREEK WATERSHED +"	30	clay	paved	200	4	13	15	50	30	25	20	inveg	ft
WR	wepp-31773	"11:05 pm  Monday November 14, 2011"	"MICA CREEK WATERSHED +"	30	clay	graveled	200	4	13	15	50	1	25	20	outunrut	ft
