WR	wepp-23283	"09:29 pm  Wednesday February 15, 2012"	"CORVALLIS ST COL OR"	30	silt	graveled	370	11	14	10	50	50	10	5	outrut	ft
WR	wepp-23351	"09:34 pm  Wednesday February 15, 2012"	"CORVALLIS ST COL OR"	30	silt	graveled	370	11	14	10	50	50	10	5	outrut	ft
WR	wepp-23371	"09:35 pm  Wednesday February 15, 2012"	"CORVALLIS ST COL OR"	30	clay	graveled	370	11	14	10	50	50	10	5	outrut	ft
WR	wepp-23417	"09:36 pm  Wednesday February 15, 2012"	"CORVALLIS ST COL OR"	30	clay	graveled	370	11	14	10	50	50	10	5	outrut	ft
WR	wepp-23437	"09:36 pm  Wednesday February 15, 2012"	"CORVALLIS ST COL OR"	30	sand	graveled	370	11	14	10	50	50	10	5	outrut	ft
WR	wepp-23457	"09:38 pm  Wednesday February 15, 2012"	"CORVALLIS ST COL OR"	30	sand	graveled	370	11	14	10	50	50	10	5	outrut	ft
WR	wepp-23477	"09:39 pm  Wednesday February 15, 2012"	"CORVALLIS ST COL OR"	30	loam	graveled	370	11	14	10	50	50	10	5	outrut	ft
WR	wepp-23497	"09:40 pm  Wednesday February 15, 2012"	"CORVALLIS ST COL OR"	30	silt	graveled	370	11	14	10	50	50	10	5	outrut	ft
WR	wepp-23517	"09:40 pm  Wednesday February 15, 2012"	"CORVALLIS ST COL OR"	30	silt	graveled	370	11	14	10	50	50	10	5	outunrut	ft
WR	wepp-23564	"09:41 pm  Wednesday February 15, 2012"	"CORVALLIS ST COL OR"	30	silt	graveled	370	20	14	10	50	50	10	5	outrut	ft
WR	wepp-23632	"09:46 pm  Wednesday February 15, 2012"	"CORVALLIS ST COL OR"	30	silt	graveled	370	22	14	10	50	50	10	5	outrut	ft
WR	wepp-23679	"09:47 pm  Wednesday February 15, 2012"	"CORVALLIS ST COL OR"	30	silt	graveled	370	16	14	10	50	50	10	5	outrut	ft
WR	wepp-23701	"09:49 pm  Wednesday February 15, 2012"	"CORVALLIS ST COL OR"	30	silt	graveled	370	16	14	10	50	50	10	20	outrut	ft
WR	wepp-23721	"09:50 pm  Wednesday February 15, 2012"	"CORVALLIS ST COL OR"	30	silt	graveled	370	11	14	10	50	50	10	20	outrut	ft
WR	wepp-23741	"09:50 pm  Wednesday February 15, 2012"	"CORVALLIS ST COL OR"	30	silt	graveled	370	11	14	10	50	50	10	5	outrut	ft
WR	wepp-23760	"09:50 pm  Wednesday February 15, 2012"	"CORVALLIS ST COL OR"	30	silt	graveled	370	16	14	10	50	50	10	5	outrut	ft
WR	wepp-23808	"09:51 pm  Wednesday February 15, 2012"	"CORVALLIS ST COL OR"	30	silt	graveled	370	11	14	10	50	50	10	5	outunrut	ft
WR	wepp-23828	"09:53 pm  Wednesday February 15, 2012"	"CORVALLIS ST COL OR"	30	sand	graveled	370	11	14	10	50	50	10	5	outrut	ft
WR	wepp-23849	"09:54 pm  Wednesday February 15, 2012"	"CORVALLIS ST COL OR"	30	silt	graveled	370	11	14	10	50	50	10	5	inbare	ft
WR	wepp-23870	"09:55 pm  Wednesday February 15, 2012"	"CORVALLIS ST COL OR"	30	silt	graveled	370	11	14	10	50	50	10	50	inbare	ft
WR	wepp-23917	"09:56 pm  Wednesday February 15, 2012"	"CORVALLIS ST COL OR"	30	silt	graveled	370	11	14	10	50	50	10	5	inveg	ft
WR	wepp-23947	"09:59 pm  Wednesday February 15, 2012"	"CORVALLIS ST COL OR"	30	silt	graveled	370	11	14	10	50	200	10	5	outrut	ft
WR	wepp-24016	"10:02 pm  Wednesday February 15, 2012"	"CORVALLIS ST COL OR"	30	silt	native	370	11	14	10	50	50	10	5	outrut	ft
WR	wepp-24036	"10:03 pm  Wednesday February 15, 2012"	"CORVALLIS ST COL OR"	30	silt	paved	370	11	14	10	50	50	10	5	outrut	ft
WR	wepp-24056	"10:03 pm  Wednesday February 15, 2012"	"CORVALLIS ST COL OR"	30	silt	paved	370	11	14	10	50	50	10	5	outrut	ft
WR	wepp-24076	"10:03 pm  Wednesday February 15, 2012"	"CORVALLIS ST COL OR"	30	silt	paved	370	11	14	10	50	50	10	5	outunrut	ft
WR	wepp-24630	"10:27 pm  Wednesday February 15, 2012"	"CORVALLIS ST COL OR"	30	silt	graveled	350	12	15.8	10	75	1	0.3	5	inbare	ft
WR	wepp-24690	"10:28 pm  Wednesday February 15, 2012"	"CORVALLIS ST COL OR"	30	silt	graveled	350	12	15.8	10	75	1	0.3	5	inbare	ft
WR	wepp-24750	"10:29 pm  Wednesday February 15, 2012"	"CORVALLIS ST COL OR"	30	silt	graveled	177	12	15.6	16	65	25	8	5	inveg	ft
WR	wepp-24789	"10:30 pm  Wednesday February 15, 2012"	"CORVALLIS ST COL OR"	30	silt	graveled	177	12	15.6	16	65	25	8	5	inveg	ft
WR	wepp-24856	"10:31 pm  Wednesday February 15, 2012"	"CORVALLIS ST COL OR"	30	silt	graveled	187	10	13.6	7.5	35	1	0.3	10	outrut	ft
WR	wepp-24883	"10:32 pm  Wednesday February 15, 2012"	"CORVALLIS ST COL OR"	30	silt	graveled	45	8	13	14	25	100	15	5	outrut	ft
WR	wepp-24903	"10:33 pm  Wednesday February 15, 2012"	"CORVALLIS ST COL OR"	30	silt	graveled	45	8	13	14	25	100	15	5	outrut	ft
WR	wepp-24923	"10:34 pm  Wednesday February 15, 2012"	"CORVALLIS ST COL OR"	30	silt	graveled	142	10	14	18.6	35	25	12	15	outrut	ft
WR	wepp-24943	"10:34 pm  Wednesday February 15, 2012"	"CORVALLIS ST COL OR"	30	silt	graveled	142	10	14	18.6	35	25	12	15	outrut	ft
WR	wepp-24963	"10:35 pm  Wednesday February 15, 2012"	"CORVALLIS ST COL OR"	30	silt	graveled	329	10	14.6	15	25	1	0.3	5	outrut	ft
WR	wepp-24983	"10:36 pm  Wednesday February 15, 2012"	"CORVALLIS ST COL OR"	30	silt	graveled	329	10	14.6	15	25	1	0.3	5	outrut	ft
WR	wepp-25030	"10:37 pm  Wednesday February 15, 2012"	"CORVALLIS ST COL OR"	30	silt	graveled	350	8	14	12	15	1	0.3	5	inbare	ft
WR	wepp-25050	"10:38 pm  Wednesday February 15, 2012"	"CORVALLIS ST COL OR"	30	silt	graveled	106	8	24	15	50	20	20	5	outrut	ft
WR	wepp-25070	"10:38 pm  Wednesday February 15, 2012"	"CORVALLIS ST COL OR"	30	silt	graveled	289	6	15.5	13	40	20	15	5	outrut	ft
WR	wepp-25090	"10:39 pm  Wednesday February 15, 2012"	"CORVALLIS ST COL OR"	30	silt	graveled	25	2	15	13	42	1	8	5	outrut	ft
WR	wepp-25109	"10:40 pm  Wednesday February 15, 2012"	"CORVALLIS ST COL OR"	30	silt	graveled	25	2	15	13	42	1	8	5	outrut	ft
WR	wepp-25129	"10:41 pm  Wednesday February 15, 2012"	"CORVALLIS ST COL OR"	30	silt	graveled	25	2	15	13	42	1	8	5	outrut	ft
WD	wepp-22230	"10:19 pm  Thursday February 23, 2012"	"CORVALLIS ST COL OR"	30	silt	OldForest	500	70	70	100	5	OldForest	100	50	40	100	5	0	ft	""
WD	wepp-22277	"10:23 pm  Thursday February 23, 2012"	"CORVALLIS ST COL OR"	30	silt	YoungForest	500	70	70	100	5	YoungForest	100	50	40	100	5	0	ft	""
WD	wepp-22296	"10:24 pm  Thursday February 23, 2012"	"CORVALLIS ST COL OR"	30	silt	LowFire	500	70	70	85	5	LowFire	100	50	40	85	5	0	ft	""
WD	wepp-22315	"10:24 pm  Thursday February 23, 2012"	"CORVALLIS ST COL OR"	30	silt	HighFire	500	70	70	45	5	HighFire	100	50	40	45	5	0	ft	""
