WR	wepp-15625	"10:12 pm  Thursday April 25, 2013"	"Calumet Road +"	30	silt	native	200	4	13	15	50	130	25	20	inveg	ft
WR	wepp-15696	"10:17 pm  Thursday April 25, 2013"	"Calumet Road +"	30	silt	native	200	4	13	15	50	1	25	20	inveg	ft
WR	wepp-15750	"10:21 pm  Thursday April 25, 2013"	"Calumet Road +"	30	silt	paved	200	4	13	15	50	1	25	20	inbare	ft
WR	wepp-15801	"10:27 pm  Thursday April 25, 2013"	"Calumet Road +"	30	silt	native	200	4	13	15	50	1	25	20	inbare	ft
WR	wepp-15822	"10:28 pm  Thursday April 25, 2013"	"Calumet Road +"	30	silt	paved	200	4	13	15	50	1	25	20	inbare	ft
WR	wepp-15951	"10:41 pm  Thursday April 25, 2013"	"Calumet Road +"	30	clay	native	200	4	13	15	50	10	25	20	inbare	ft
WR	wepp-15972	"10:42 pm  Thursday April 25, 2013"	"Calumet Road +"	30	clay	native	200	4	13	15	50	20	25	20	inbare	ft
WR	wepp-15992	"10:42 pm  Thursday April 25, 2013"	"Calumet Road +"	30	clay	native	200	4	13	15	50	50	25	20	inbare	ft
WR	wepp-16012	"10:43 pm  Thursday April 25, 2013"	"Calumet Road +"	30	clay	native	200	4	13	15	50	100	25	20	inbare	ft
WR	wepp-16032	"10:43 pm  Thursday April 25, 2013"	"Calumet Road +"	30	clay	native	200	4	13	15	50	150	25	20	inbare	ft
WR	wepp-16052	"10:43 pm  Thursday April 25, 2013"	"Calumet Road +"	30	clay	native	200	4	13	15	50	140	25	20	inbare	ft
WR	wepp-16072	"10:43 pm  Thursday April 25, 2013"	"Calumet Road +"	30	clay	native	200	4	13	15	50	145	25	20	inbare	ft
WR	wepp-16092	"10:44 pm  Thursday April 25, 2013"	"Calumet Road +"	30	clay	native	200	4	13	15	50	144	25	20	inbare	ft
WR	wepp-16112	"10:44 pm  Thursday April 25, 2013"	"Calumet Road +"	30	clay	native	200	4	13	15	50	143	25	20	inbare	ft
WR	wepp-16132	"10:44 pm  Thursday April 25, 2013"	"Calumet Road +"	30	clay	native	200	4	13	15	50	146	25	20	inbare	ft
WR	wepp-16153	"10:44 pm  Thursday April 25, 2013"	"Calumet Road +"	30	clay	native	200	4	13	15	50	145	25	20	inbare	ft
WR	wepp-16199	"10:44 pm  Thursday April 25, 2013"	"Calumet Road +"	30	clay	native	200	4	13	15	50	146	25	20	inbare	ft
WR	wepp-16269	"10:50 pm  Thursday April 25, 2013"	"Calumet Road +"	30	silt	native	200	4	13	15	50	145	25	20	inbare	ft
WR	wepp-16289	"10:51 pm  Thursday April 25, 2013"	"Calumet Road +"	30	silt	native	200	4	13	15	50	100	25	20	inbare	ft
WR	wepp-16309	"10:51 pm  Thursday April 25, 2013"	"Calumet Road +"	30	silt	native	200	4	13	15	50	95	25	20	inbare	ft
WR	wepp-16329	"10:51 pm  Thursday April 25, 2013"	"Calumet Road +"	30	silt	native	200	4	13	15	50	90	25	20	inbare	ft
WR	wepp-16350	"10:52 pm  Thursday April 25, 2013"	"Calumet Road +"	30	silt	native	200	4	13	15	50	92	25	20	inbare	ft
WR	wepp-16371	"10:54 pm  Thursday April 25, 2013"	"Calumet Road +"	30	silt	graveled	200	4	13	15	50	1	25	20	outunrut	ft
WD	wepp-16706	"11:29 pm  Thursday April 25, 2013"	"Calumet Road +"	30	silt	OldForest	400	0	30	100	20	OldForest	30	30	5	100	20	0	ft	""
WD	wepp-16814	"11:39 pm  Thursday April 25, 2013"	"Calumet Road +"	30	silt	Bunchgrass	400	0	30	60	20	OldForest	30	30	5	100	20	0	ft	""
WD	wepp-16926	"11:49 pm  Thursday April 25, 2013"	"Calumet Road +"	30	silt	HighFire	400	0	30	45	20	LowFire	30	30	5	85	20	0	ft	""
WD	wepp-17110	"00:08 am  Friday April 26, 2013"	"Calumet Road +"	30	silt	HighFire	400	0	30	45	20	OldForest	200	30	5	100	20	0	ft	""
WD	wepp-17132	"00:09 am  Friday April 26, 2013"	"Calumet Road +"	30	silt	HighFire	400	0	30	45	20	OldForest	300	30	5	100	20	0	ft	""
WD	wepp-17152	"00:09 am  Friday April 26, 2013"	"Calumet Road +"	30	silt	HighFire	400	0	30	45	20	OldForest	500	30	5	100	20	0	ft	""
WD	wepp-17172	"00:09 am  Friday April 26, 2013"	"Calumet Road +"	30	silt	HighFire	400	0	30	45	20	OldForest	700	30	5	100	20	0	ft	""
WD	wepp-17192	"00:10 am  Friday April 26, 2013"	"Calumet Road +"	30	silt	HighFire	400	0	30	45	20	OldForest	750	30	5	100	20	0	ft	""
WD	wepp-17239	"00:11 am  Friday April 26, 2013"	"Calumet Road +"	30	silt	HighFire	400	0	30	45	20	OldForest	800	30	5	100	20	0	ft	""
WD	wepp-17259	"00:11 am  Friday April 26, 2013"	"Calumet Road +"	30	silt	HighFire	400	0	30	45	20	OldForest	900	30	5	100	20	0	ft	""
WD	wepp-17283	"00:13 am  Friday April 26, 2013"	"Calumet Road +"	10	silt	HighFire	400	0	30	45	20	OldForest	650	30	5	100	20	0	ft	""
WD	wepp-17303	"00:14 am  Friday April 26, 2013"	"Calumet Road +"	10	silt	HighFire	400	0	30	45	20	OldForest	500	30	5	100	20	0	ft	""
WD	wepp-17324	"00:14 am  Friday April 26, 2013"	"Calumet Road +"	10	silt	HighFire	400	0	30	45	20	OldForest	400	30	5	100	20	0	ft	""
WD	wepp-17344	"00:14 am  Friday April 26, 2013"	"Calumet Road +"	10	silt	HighFire	400	0	30	45	20	OldForest	200	30	5	100	20	0	ft	""
WD	wepp-17385	"00:15 am  Friday April 26, 2013"	"Calumet Road +"	10	silt	HighFire	400	0	30	45	20	OldForest	300	30	5	100	20	0	ft	""
WD	wepp-17432	"00:15 am  Friday April 26, 2013"	"Calumet Road +"	10	silt	HighFire	400	0	30	45	20	OldForest	250	30	5	100	20	0	ft	""
WD	wepp-17453	"00:16 am  Friday April 26, 2013"	"Calumet Road +"	30	silt	HighFire	400	0	30	45	20	OldForest	250	30	5	100	20	0	ft	""
WD	wepp-17473	"00:16 am  Friday April 26, 2013"	"Calumet Road +"	30	silt	HighFire	400	0	30	45	20	OldForest	700	30	5	100	20	0	ft	""
WD	wepp-17493	"00:16 am  Friday April 26, 2013"	"Calumet Road +"	30	silt	HighFire	400	0	30	45	20	OldForest	650	30	5	100	20	0	ft	""
WD	wepp-17513	"00:17 am  Friday April 26, 2013"	"Calumet Road +"	30	silt	HighFire	400	0	30	45	20	OldForest	700	30	5	100	20	0	ft	""
WD	wepp-17533	"00:18 am  Friday April 26, 2013"	"Calumet Road +"	30	silt	HighFire	400	0	30	45	20	OldForest	700	30	5	100	20	0	ft	""
WD	wepp-17631	"00:30 am  Friday April 26, 2013"	"Calumet Road +"	30	silt	HighFire	400	0	30	45	20	HighFire	30	30	5	45	20	0	ft	""
WD	wepp-17679	"00:31 am  Friday April 26, 2013"	"Calumet Road +"	30	silt	HighFire	400	0	30	45	20	HighFire	30	30	5	45	20	0	ft	""
