WR	wepp-126575	"03:24 pm  Thursday May 5, 2016"	"Mica Creek +"	30	silt	graveled	200	4	13	15	50	1	25	20	inbare	ft
WR	wepp-126641	"03:24 pm  Thursday May 5, 2016"	"Mica Creek +"	30	silt	paved	200	4	13	15	50	1	25	20	inbare	ft
WR	wepp-126698	"03:25 pm  Thursday May 5, 2016"	"Mica Creek +"	30	silt	paved	200	4	13	15	50	20	25	20	inbare	ft
WR	wepp-126742	"03:25 pm  Thursday May 5, 2016"	"Mica Creek +"	30	silt	paved	200	4	13	15	50	40	25	20	inbare	ft
WR	wepp-126790	"03:25 pm  Thursday May 5, 2016"	"Mica Creek +"	30	silt	paved	200	4	13	15	50	100	25	20	inbare	ft
WR	wepp-126835	"03:25 pm  Thursday May 5, 2016"	"Mica Creek +"	30	silt	paved	200	4	13	15	50	90	25	20	inbare	ft
WR	wepp-126883	"03:26 pm  Thursday May 5, 2016"	"Mica Creek +"	30	silt	paved	200	4	13	15	50	88	25	20	inbare	ft
WR	wepp-126925	"03:26 pm  Thursday May 5, 2016"	"Mica Creek +"	30	silt	paved	200	4	13	15	50	89	25	20	inbare	ft
WR	wepp-126998	"03:27 pm  Thursday May 5, 2016"	"Mica Creek +"	30	silt	graveled	200	4	13	15	50	1	25	20	outunrut	ft
WR	wepp-127111	"03:29 pm  Thursday May 5, 2016"	"Mica Creek +"	30	silt	graveled	200	4	13	15	50	1	25	20	inveg	ft
WR	wepp-127680	"03:40 pm  Thursday May 5, 2016"	"Mica Creek 2300 +"	30	silt	graveled	200	4	13	15	50	1	25	20	outunrut	ft
WD	wepp-128047	"03:46 pm  Thursday May 5, 2016"	"Mica Creek +"	10	silt	OldForest	50	0	30	100	20	OldForest	50	30	5	100	20	0	ft	""
WD	wepp-128370	"03:48 pm  Thursday May 5, 2016"	"Mica Creek +"	10	silt	Sod	50	0	30	40	20	OldForest	75	30	5	100	20	0	ft	""
WD	wepp-128614	"03:52 pm  Thursday May 5, 2016"	"Mica Creek +"	10	silt	Sod	50	0	30	40	20	OldForest	30	30	5	100	20	0	ft	""
WD	wepp-128698	"03:53 pm  Thursday May 5, 2016"	"Mica Creek +"	10	silt	LowFire	50	0	30	85	20	LowFire	30	30	5	85	20	0	ft	""
WD	wepp-128756	"03:53 pm  Thursday May 5, 2016"	"Mica Creek +"	10	silt	LowFire	400	0	30	85	20	LowFire	30	30	5	85	20	0	ft	""
WD	wepp-128810	"03:53 pm  Thursday May 5, 2016"	"Mica Creek +"	10	silt	Sod	400	0	30	40	20	OldForest	30	30	5	100	20	0	ft	""
WD	wepp-128879	"03:54 pm  Thursday May 5, 2016"	"Mica Creek +"	10	silt	HighFire	400	0	30	45	20	HighFire	30	30	5	45	20	0	ft	""
WD	wepp-128973	"03:55 pm  Thursday May 5, 2016"	"Mica Creek +"	10	silt	HighFire	400	0	30	45	20	HighFire	75	30	5	45	20	0	ft	""
WD	wepp-129020	"03:55 pm  Thursday May 5, 2016"	"Mica Creek +"	10	silt	LowFire	400	0	30	85	20	LowFire	75	30	5	85	20	0	ft	""
WD	wepp-129151	"03:57 pm  Thursday May 5, 2016"	"Mica Creek +"	10	silt	OldForest	400	0	30	100	20	HighFire	75	30	5	45	20	0	ft	""
WD	wepp-129207	"03:57 pm  Thursday May 5, 2016"	"Mica Creek +"	10	silt	OldForest	400	0	30	100	20	HighFire	75	30	5	45	20	0	ft	""
WD	wepp-129264	"03:58 pm  Thursday May 5, 2016"	"Mica Creek +"	10	silt	OldForest	400	0	30	100	20	HighFire	75	30	5	45	20	0	ft	""
WD	wepp-129315	"03:58 pm  Thursday May 5, 2016"	"Mica Creek +"	10	silt	HighFire	400	0	30	45	20	OldForest	75	30	5	100	20	0	ft	""
WD	wepp-165225	"10:08 am  Friday May 6, 2016"	"Mica Creek +"	10	silt	OldForest	400	0	30	100	20	HighFire	75	30	5	45	20	0	ft	""
WD	wepp-165337	"10:09 am  Friday May 6, 2016"	"Mica Creek +"	10	silt	HighFire	400	0	30	45	20	OldForest	75	30	5	100	20	0	ft	""
WD	wepp-166352	"10:29 am  Friday May 6, 2016"	"Mica Creek +"	10	silt	OldForest	400	0	30	100	20	HighFire	75	30	5	45	20	0	ft	""
