WR	wepp-20974	"01:51 pm  Monday November 18, 2013"	"SAINT MARIES ID +"	30	silt	native	200	4	13	15	50	1	25	20	inveg	ft
WR	wepp-20994	"01:51 pm  Monday November 18, 2013"	"SAINT MARIES ID +"	30	silt	native	200	4	13	15	50	1	25	20	inveg	ft
WR	wepp-21084	"01:56 pm  Monday November 18, 2013"	"SAINT MARIES ID +"	30	silt	native	200	4	13	15	50	1	25	20	inbare	ft
WR	wepp-21106	"01:56 pm  Monday November 18, 2013"	"SAINT MARIES ID +"	30	silt	native	200	4	13	15	50	1	25	20	inbare	ft
WR	wepp-21129	"01:57 pm  Monday November 18, 2013"	"SAINT MARIES ID +"	30	silt	paved	200	4	13	15	50	1	25	20	inbare	ft
WR	wepp-21149	"01:57 pm  Monday November 18, 2013"	"SAINT MARIES ID +"	30	silt	paved	200	4	13	15	50	1	25	20	inbare	ft
WR	wepp-21283	"02:01 pm  Monday November 18, 2013"	"SAINT MARIES ID +"	30	silt	paved	200	4	13	15	50	50	25	20	inbare	ft
WR	wepp-21323	"02:02 pm  Monday November 18, 2013"	"SAINT MARIES ID +"	30	silt	paved	200	4	13	15	50	75	25	20	inbare	ft
WR	wepp-21351	"02:02 pm  Monday November 18, 2013"	"SAINT MARIES ID +"	30	silt	paved	200	4	13	15	50	85	25	20	inbare	ft
WR	wepp-21360	"02:02 pm  Monday November 18, 2013"	"SAINT MARIES ID +"	30	silt	paved	200	4	13	15	50	99	25	20	inbare	ft
WR	wepp-21372	"02:02 pm  Monday November 18, 2013"	"SAINT MARIES ID +"	30	silt	paved	200	4	13	15	50	110	25	20	inbare	ft
WR	wepp-21393	"02:03 pm  Monday November 18, 2013"	"SAINT MARIES ID +"	30	silt	paved	200	4	13	15	50	108	25	20	inbare	ft
WR	wepp-21413	"02:03 pm  Monday November 18, 2013"	"SAINT MARIES ID +"	30	silt	paved	200	4	13	15	50	106	25	20	inbare	ft
WR	wepp-21433	"02:03 pm  Monday November 18, 2013"	"SAINT MARIES ID +"	30	silt	paved	200	4	13	15	50	106	25	20	inbare	ft
WR	wepp-21454	"02:03 pm  Monday November 18, 2013"	"SAINT MARIES ID +"	30	silt	paved	200	4	13	15	50	105	25	20	inbare	ft
WR	wepp-21476	"02:03 pm  Monday November 18, 2013"	"SAINT MARIES ID +"	30	silt	paved	200	4	13	15	50	103	25	20	inbare	ft
WR	wepp-21498	"02:04 pm  Monday November 18, 2013"	"SAINT MARIES ID +"	30	silt	paved	200	4	13	15	50	105	25	20	inbare	ft
WR	wepp-21519	"02:04 pm  Monday November 18, 2013"	"SAINT MARIES ID +"	30	silt	paved	200	4	13	15	50	107	25	20	inbare	ft
WR	wepp-21539	"02:04 pm  Monday November 18, 2013"	"SAINT MARIES ID +"	30	silt	paved	200	4	13	15	50	107	25	20	inbare	ft
WR	wepp-21546	"02:05 pm  Monday November 18, 2013"	"SAINT MARIES ID +"	30	silt	graveled	200	4	13	15	50	1	25	20	outunrut	ft
WR	wepp-21567	"02:05 pm  Monday November 18, 2013"	"SAINT MARIES ID +"	30	silt	graveled	200	4	13	15	50	1	25	20	outunrut	ft
WR	wepp-21631	"02:09 pm  Monday November 18, 2013"	"SAINT MARIES ID +"	30	silt	graveled	200	4	13	15	50	1	25	20	outunrut	ft
WD	wepp-21736	"02:15 pm  Monday November 18, 2013"	"SAINT MARIES ID +"	10	silt	OldForest	400	0	30	100	20	OldForest	75	30	5	100	20	0	ft	""
WD	wepp-21788	"02:16 pm  Monday November 18, 2013"	"SAINT MARIES ID +"	10	silt	Bunchgrass	400	0	30	60	20	OldForest	75	30	5	100	20	0	ft	""
WD	wepp-21815	"02:16 pm  Monday November 18, 2013"	"SAINT MARIES ID +"	10	silt	Bunchgrass	400	0	30	60	20	OldForest	30	30	5	100	20	0	ft	""
WD	wepp-21848	"02:17 pm  Monday November 18, 2013"	"SAINT MARIES ID + +"	10	silt	OldForest	400	0	30	100	20	OldForest	75	30	5	100	20	0	ft	""
WD	wepp-21868	"02:17 pm  Monday November 18, 2013"	"SAINT MARIES ID +"	10	silt	HighFire	400	0	30	45	20	LowFire	30	30	5	85	20	0	ft	""
WD	wepp-21886	"02:19 pm  Monday November 18, 2013"	"SAINT MARIES ID + +"	10	silt	Bunchgrass	400	0	30	60	20	OldForest	75	30	5	100	20	0	ft	""
WD	wepp-21945	"02:19 pm  Monday November 18, 2013"	"SAINT MARIES ID +"	10	silt	HighFire	600	0	30	45	20	LowFire	400	30	5	85	20	0	ft	""
WD	wepp-21966	"02:20 pm  Monday November 18, 2013"	"SAINT MARIES ID + +"	10	silt	Bunchgrass	400	0	30	60	20	OldForest	30	30	5	100	20	0	ft	""
WD	wepp-21986	"02:20 pm  Monday November 18, 2013"	"SAINT MARIES ID +"	10	silt	HighFire	1000	0	30	45	20	LowFire	600	30	5	85	20	0	ft	""
WD	wepp-21994	"02:20 pm  Monday November 18, 2013"	"SAINT MARIES ID +"	10	silt	HighFire	1200	0	30	45	20	LowFire	1000	30	5	85	20	0	ft	""
WD	wepp-22041	"02:21 pm  Monday November 18, 2013"	"SAINT MARIES ID + +"	10	silt	HighFire	400	0	30	45	20	LowFire	30	30	5	85	20	0	ft	""
WD	wepp-22061	"02:21 pm  Monday November 18, 2013"	"SAINT MARIES ID +"	10	silt	HighFire	400	0	30	45	20	HighFire	30	30	5	45	20	0	ft	""
WD	wepp-22081	"02:21 pm  Monday November 18, 2013"	"SAINT MARIES ID + +"	10	silt	HighFire	400	0	30	45	20	LowFire	300	30	5	85	20	0	ft	""
WD	wepp-22108	"02:23 pm  Monday November 18, 2013"	"SAINT MARIES ID + +"	10	silt	HighFire	400	0	30	45	20	HighFire	30	30	5	45	20	0	ft	""
