WR	wepp-75473	"03:31 pm  Monday May 1, 2017"	"SAINT MARIES ID_SL +"	30	silt	graveled	200	4	13	15	50	1	25	20	inveg	ft
WR	wepp-75576	"03:36 pm  Monday May 1, 2017"	"SAINT MARIES ID_SL +"	30	silt	graveled	200	4	13	15	50	1	25	20	inbare	ft
WR	wepp-75612	"03:37 pm  Monday May 1, 2017"	"SAINT MARIES ID_SL +"	30	silt	paved	200	4	13	15	50	1	25	20	inbare	ft
WR	wepp-75795	"03:51 pm  Monday May 1, 2017"	"SAINT MARIES ID_SL +"	30	silt	paved	200	4	13	15	50	5	25	20	inbare	ft
WR	wepp-75832	"03:52 pm  Monday May 1, 2017"	"SAINT MARIES ID_SL +"	30	silt	paved	200	4	13	15	50	20	25	20	inbare	ft
WR	wepp-75870	"03:52 pm  Monday May 1, 2017"	"SAINT MARIES ID_SL +"	30	silt	paved	200	4	13	15	50	40	25	20	inbare	ft
WR	wepp-75917	"03:53 pm  Monday May 1, 2017"	"SAINT MARIES ID_SL +"	30	silt	paved	200	4	13	15	50	80	25	20	inbare	ft
WR	wepp-75954	"03:53 pm  Monday May 1, 2017"	"SAINT MARIES ID_SL +"	30	silt	paved	200	4	13	15	50	100	25	20	inbare	ft
WR	wepp-75990	"03:53 pm  Monday May 1, 2017"	"SAINT MARIES ID_SL +"	30	silt	paved	200	4	13	15	50	95	25	20	inbare	ft
WR	wepp-76028	"03:53 pm  Monday May 1, 2017"	"SAINT MARIES ID_SL +"	30	silt	paved	200	4	13	15	50	92	25	20	inbare	ft
WR	wepp-76065	"03:53 pm  Monday May 1, 2017"	"SAINT MARIES ID_SL +"	30	silt	paved	200	4	13	15	50	90	25	20	inbare	ft
WR	wepp-76100	"03:53 pm  Monday May 1, 2017"	"SAINT MARIES ID_SL +"	30	silt	paved	200	4	13	15	50	89	25	20	inbare	ft
WR	wepp-76136	"03:53 pm  Monday May 1, 2017"	"SAINT MARIES ID_SL +"	30	silt	paved	200	4	13	15	50	30	25	20	inbare	ft
WR	wepp-76173	"03:55 pm  Monday May 1, 2017"	"SAINT MARIES ID_SL +"	1	silt	paved	200	4	13	15	50	1	25	20	inbare	ft
WR	wepp-76208	"03:56 pm  Monday May 1, 2017"	"SAINT MARIES ID_SL +"	1	silt	graveled	200	4	13	15	50	1	25	20	inbare	ft
WR	wepp-76244	"03:57 pm  Monday May 1, 2017"	"SAINT MARIES ID_SL +"	1	silt	graveled	200	4	13	15	50	1	25	20	inveg	ft
WR	wepp-76281	"03:57 pm  Monday May 1, 2017"	"SAINT MARIES ID_SL +"	1	silt	paved	200	4	13	15	50	90	25	20	inbare	ft
WR	wepp-76317	"03:57 pm  Monday May 1, 2017"	"SAINT MARIES ID_SL +"	1	silt	paved	200	4	13	15	50	95	25	20	inbare	ft
WR	wepp-76353	"03:58 pm  Monday May 1, 2017"	"SAINT MARIES ID_SL +"	1	silt	paved	200	4	13	15	50	100	25	20	inbare	ft
WR	wepp-76389	"03:58 pm  Monday May 1, 2017"	"SAINT MARIES ID_SL +"	1	silt	paved	200	4	13	15	50	150	25	20	inbare	ft
WR	wepp-76426	"03:58 pm  Monday May 1, 2017"	"SAINT MARIES ID_SL +"	1	silt	paved	200	4	13	15	50	110	25	20	inbare	ft
WR	wepp-76462	"03:58 pm  Monday May 1, 2017"	"SAINT MARIES ID_SL +"	1	silt	paved	200	4	13	15	50	120	25	20	inbare	ft
WR	wepp-76502	"03:58 pm  Monday May 1, 2017"	"SAINT MARIES ID_SL +"	1	silt	paved	200	4	13	15	50	130	25	20	inbare	ft
WR	wepp-76539	"03:59 pm  Monday May 1, 2017"	"SAINT MARIES ID_SL +"	1	silt	paved	200	4	13	15	50	125	25	20	inbare	ft
WR	wepp-76575	"03:59 pm  Monday May 1, 2017"	"SAINT MARIES ID_SL +"	1	silt	paved	200	4	13	15	50	128	25	20	inbare	ft
WR	wepp-76613	"03:59 pm  Monday May 1, 2017"	"SAINT MARIES ID_SL +"	1	silt	paved	200	4	13	15	50	129	25	20	inbare	ft
WR	wepp-76649	"03:59 pm  Monday May 1, 2017"	"SAINT MARIES ID_SL +"	1	silt	paved	200	4	13	15	50	129	25	20	inbare	ft
WR	wepp-76686	"04:01 pm  Monday May 1, 2017"	"SAINT MARIES ID_SL +"	1	silt	graveled	200	4	13	15	50	1	25	20	outunrut	ft
WR	wepp-76818	"04:04 pm  Monday May 1, 2017"	"SAINT MARIES ID_SLg + +"	1	silt	graveled	200	4	13	15	50	130	25	20	outunrut	ft
WR	wepp-76854	"04:04 pm  Monday May 1, 2017"	"SAINT MARIES ID_SLg + +"	1	silt	graveled	200	4	13	15	50	1	25	20	outunrut	ft
WR	wepp-76906	"04:06 pm  Monday May 1, 2017"	"SAINT MARIES ID_SLg + + +"	1	silt	graveled	200	4	13	15	50	1	25	20	outunrut	ft
WR	wepp-76979	"04:10 pm  Monday May 1, 2017"	"SAINT MARIES ID_SL +"	1	silt	graveled	200	4	13	15	50	1	25	20	outunrut	ft
WD	wepp-77695	"04:20 pm  Monday May 1, 2017"	"SAINT MARIES ID_SL +"	10	silt	OldForest	400	0	30	100	20	OldForest	50	30	5	75	20	0	ft	""
WD	wepp-77865	"04:28 pm  Monday May 1, 2017"	"SAINT MARIES ID_SL +"	10	silt	OldForest	400	0	30	100	20	OldForest	75	30	5	75	20	0	ft	""
WD	wepp-77942	"04:29 pm  Monday May 1, 2017"	"SAINT MARIES ID_SL +"	10	silt	Sod	400	0	30	40	20	OldForest	75	30	5	75	20	0	ft	""
WD	wepp-77995	"04:30 pm  Monday May 1, 2017"	"SAINT MARIES ID_SL +"	1	silt	OldForest	400	0	30	100	20	OldForest	75	30	5	75	20	0	ft	""
WD	wepp-78272	"04:32 pm  Monday May 1, 2017"	"SAINT MARIES ID_SL +"	1	silt	Sod	400	0	30	40	20	OldForest	75	30	5	75	20	0	ft	""
WD	wepp-78313	"04:32 pm  Monday May 1, 2017"	"SAINT MARIES ID_SL +"	1	silt	Sod	400	0	30	40	20	OldForest	75	30	5	75	20	0	ft	""
WD	wepp-78470	"04:36 pm  Monday May 1, 2017"	"SAINT MARIES ID_SL +"	1	silt	Sod	400	0	30	40	20	OldForest	30	30	5	75	20	0	ft	""
