WR	wepp-7283	"10:46 am  Tuesday May 12, 2020"	"SAINT MARIES ID +"	30	silt	graveled	200	4	13	15	50	1	25	20	inveg	ft
WR	wepp-7414	"10:57 am  Tuesday May 12, 2020"	"SAINT MARIES ID +"	30	silt	graveled	200	4	13	15	50	1	25	20	inbare	ft
WR	wepp-7457	"10:58 am  Tuesday May 12, 2020"	"SAINT MARIES ID +"	30	silt	paved	200	4	13	15	50	1	25	20	inbare	ft
WR	wepp-7544	"10:59 am  Tuesday May 12, 2020"	"SAINT MARIES ID +"	30	silt	graveled	200	4	13	15	50	1	25	20	outunrut	ft
WR	wepp-7923	"11:19 am  Tuesday May 12, 2020"	"Homwork Part 2b +"	30	silt	graveled	200	4	13	15	50	1	25	20	inveg	ft
WR	wepp-7994	"11:24 am  Tuesday May 12, 2020"	"Homwork Part 2b +"	30	silt	graveled	200	4	13	15	50	1	25	20	inveg	ft
WR	wepp-8034	"11:24 am  Tuesday May 12, 2020"	"Homwork Part 2b +"	30	silt	graveled	200	4	13	15	50	1	25	20	inbare	ft
WR	wepp-8191	"11:30 am  Tuesday May 12, 2020"	"HW Part2c +"	30	silt	graveled	200	4	13	15	50	1	25	20	inveg	ft
WR	wepp-8355	"11:43 am  Tuesday May 12, 2020"	"HW Part2c +"	30	silt	graveled	200	4	13	15	50	1	25	20	inbare	ft
WR	wepp-8503	"11:44 am  Tuesday May 12, 2020"	"HW Part2c +"	30	silt	paved	200	4	13	15	50	1	25	20	inbare	ft
WR	wepp-8547	"11:45 am  Tuesday May 12, 2020"	"HW Part2c +"	30	silt	graveled	200	4	13	15	50	1	25	20	outunrut	ft
WD	wepp-9043	"12:21 pm  Tuesday May 12, 2020"	"HW Part2c +"	10	silt	OldForest	400	0	30	100	20	OldForest	75	30	5	100	20	0	ft	""
WD	wepp-9088	"12:22 pm  Tuesday May 12, 2020"	"HW Part2c +"	10	silt	OldForest	400	0	30	100	20	OldForest	75	30	5	100	20	0	ft	""
WD	wepp-9131	"12:22 pm  Tuesday May 12, 2020"	"HW Part2c +"	10	silt	OldForest	400	0	30	100	20	OldForest	75	30	5	100	20	0	ft	"4a"
WD	wepp-9375	"12:30 pm  Tuesday May 12, 2020"	"HW Part2c +"	10	silt	Sod	400	0	30	40	20	OldForest	75	30	5	100	20	0	ft	"4a"
WD	wepp-14122	"03:08 pm  Tuesday May 12, 2020"	"HW Part2c +"	10	silt	Sod	400	0	30	40	20	OldForest	30	30	5	100	20	0	ft	"4a"
WD	wepp-14289	"03:10 pm  Tuesday May 12, 2020"	"HW Part2c +"	10	silt	LowFire	400	0	30	85	20	LowFire	75	30	5	85	20	0	ft	"4a"
WD	wepp-14436	"03:14 pm  Tuesday May 12, 2020"	"HW Part2c +"	10	silt	HighFire	400	0	30	45	20	HighFire	75	30	5	45	20	0	ft	"4a"
WD	wepp-14594	"03:22 pm  Tuesday May 12, 2020"	"HW Part2c +"	10	silt	HighFire	400	0	30	20	20	HighFire	75	30	5	20	20	0	ft	"4a"
WD	wepp-14658	"03:24 pm  Tuesday May 12, 2020"	"HW Part2c +"	10	silt	HighFire	400	0	30	45	20	OldForest	75	30	5	100	20	0	ft	"4a"
WD	wepp-14963	"03:34 pm  Tuesday May 12, 2020"	"HW Part2c +"	10	silt	LowFire	400	0	30	85	20	LowFire	75	30	5	85	20	0	ft	"4a"
