 Annual; detailed (Metric Units)                                        


          USDA WATER EROSION PREDICTION PROJECT
          -------------------------------------

          HILLSLOPE PROFILE AND WATERSHED MODEL
                     VERSION  2000.100
             June 31,       2000


               TO REPORT PROBLEMS OR TO BE PUT ON THE MAILING
               LIST FOR FUTURE WEPP MODEL RELEASES, PLEASE CONTACT:

                    WEPP TECHNICAL SUPPORT
                    USDA-AGRICULTURAL RESEARCH SERVICE
                    NATIONAL SOIL EROSION RESEARCH LABORATORY
                    1196 BUILDING SOIL, PURDUE UNIVERSITY
                    WEST LAFAYETTE, IN 47907-1196  USA

                    PHONE: (765) 494-8673
                      FAX: (765) 494-5948
                    email:  wepp@ecn.purdue.edu
                      URL:  http://topsoil.nserl.purdue.edu/weppmain/wepp.html


     HILLSLOPE INPUT DATA FILES - VERSION  2000.100
        June 31,       2000


    MANAGEMENT: ../working/wepp-112412.man                        
 MAN. PRACTICE: Two OFEs to drive the Disturbed WEPP interface              
                for forest conditions                                       
                W. Elliot 02/99                                             
         SLOPE: ../working/wepp-112412.slp                        
       CLIMATE: ../working/wepp-112412.cli                        
       Station:  GASCON NM                                      CLIGEN VERSION  4.31
          SOIL: ../working/wepp-112412.sol                        
      PLANE  1 HIGH                clay loam           
      PLANE  2 HIGH                clay loam           


     HILLSLOPE 1 YEARLY SUMMARY FOR    1
     ----------------------------------


I.   RAINFALL AND RUNOFF SUMMARY
     -------- --- ------ -------

      year:      1

         Rainfall         Storm Runoff        Melt Runoff
      events   amount   events   amount     events  amount
                (mm)              (mm)               (mm)

        77     582.30       6      37.39       4      13.51


II.  ON SITE EFFECTS  ON SITE EFFECTS  ON SITE EFFECTS
     ---------------  ---------------  ---------------


  A.  AREA OF NET SOIL LOSS

      ** Soil Loss (Avg. of Net Detachment Areas) =    5.729 kg/m2 **
      ** Maximum Soil Loss  =    9.279 kg/m2 at  137.19 meters **


      Area of    Soil Loss   Soil Loss   MAX   MAX Loss   MIN   MIN Loss
      Net Loss      MEAN      STDEV      Loss    Point    Loss   Point
        (m)       (kg/m2)     (kg/m2)  (kg/m2)    (m)    (kg/m2)  (m)
------------------------------------------------------------------------
   0.00- 182.92    5.729     2.723      9.279  137.19     0.157     1.83



  C.  SOIL LOSS/DEPOSITION ALONG SLOPE PROFILE

          Profile distances are from top to bottom of hillslope


 distance soil  flow    distance   soil  flow    distance   soil  flow
    (m)   loss  elem       (m)     loss  elem       (m)     loss  elem
         (kg/m2)                  (kg/m2)                  (kg/m2)
------------------------------------------------------------------------

   0.91     0.157  1       62.19     5.342  1      123.47     8.647  2
   1.83     0.157  1       63.11     5.406  1      124.39     8.690  2
   2.74     0.157  1       64.02     5.469  1      125.30     8.733  2
   3.66     0.169  1       64.94     5.533  1      126.21     8.776  2
   4.57     0.210  1       65.85     5.596  1      127.13     8.819  2
   5.49     0.255  1       66.77     5.658  1      128.04     8.861  2
   6.40     0.303  1       67.68     5.720  1      128.96     8.904  2
   7.32     0.351  1       68.60     5.782  1      129.87     8.946  2
   8.23     0.401  1       69.51     5.844  1      130.79     8.988  2
   9.15     0.455  1       70.42     5.905  1      131.70     9.030  2
  10.06     0.511  1       71.34     5.966  1      132.62     9.072  2
  10.98     0.567  1       72.25     6.026  1      133.53     9.114  2
  11.89     0.623  1       73.17     6.087  1      134.45     9.155  2
  12.80     0.679  1       74.08     6.146  1      135.36     9.197  2
  13.72     0.736  1       75.00     6.206  1      136.28     9.238  2
  14.63     0.792  1       75.91     6.265  1      137.19     9.279  2
  15.55     0.849  1       76.83     6.324  1      138.10     9.271  2
  16.46     0.906  1       77.74     6.383  1      139.02     9.212  2
  17.38     0.963  1       78.66     6.441  1      139.93     9.152  2
  18.29     1.021  1       79.57     6.500  1      140.85     9.090  2
  19.21     1.079  1       80.48     6.557  1      141.76     9.028  2
  20.12     1.137  1       81.40     6.615  1      142.68     8.964  2
  21.04     1.195  1       82.31     6.672  1      143.59     8.898  2
  21.95     1.253  1       83.23     6.729  1      144.51     8.831  2
  22.86     1.312  1       84.14     6.786  1      145.42     8.763  2
  23.78     1.381  1       85.06     6.842  1      146.34     8.693  2
  24.69     1.478  1       85.97     6.899  1      147.25     8.622  2
  25.61     1.578  1       86.89     6.955  1      148.17     8.550  2
  26.52     1.683  1       87.80     7.010  1      149.08     8.476  2
  27.44     1.792  1       88.72     7.066  1      149.99     8.401  2
  28.35     1.902  1       89.63     7.121  1      150.91     8.324  2
  29.27     2.012  1       90.55     7.176  1      151.82     8.246  2
  30.18     2.123  1       91.46     7.231  1      152.74     8.166  2
  31.10     2.235  1       92.37     7.074  2      153.65     8.085  2
  32.01     2.347  1       93.29     7.124  2      154.57     8.003  2
  32.93     2.459  1       94.20     7.173  2      155.48     7.919  2
  33.84     2.573  1       95.12     7.222  2      156.40     7.833  2
  34.75     2.686  1       96.03     7.271  2      157.31     7.746  2
  35.67     2.801  1       96.95     7.320  2      158.23     7.657  2
  36.58     2.915  1       97.86     7.368  2      159.14     7.567  2
  37.50     3.031  1       98.78     7.417  2      160.05     7.475  2
  38.41     3.147  1       99.69     7.465  2      160.97     7.381  2
  39.33     3.263  1      100.61     7.512  2      161.88     7.286  2
  40.24     3.380  1      101.52     7.560  2      162.80     7.189  2
  41.16     3.497  1      102.44     7.607  2      163.71     7.090  2
  42.07     3.615  1      103.35     7.655  2      164.63     6.990  2
  42.99     3.733  1      104.26     7.702  2      165.54     6.888  2
  43.90     3.851  1      105.18     7.749  2      166.46     6.784  2
  44.82     3.971  1      106.09     7.795  2      167.37     6.678  2
  45.73     4.090  1      107.01     7.842  2      168.29     6.571  2
  46.64     4.186  1      107.92     7.888  2      169.20     6.461  2
  47.56     4.258  1      108.84     7.934  2      170.12     6.350  2
  48.47     4.330  1      109.75     7.980  2      171.03     6.237  2
  49.39     4.400  1      110.67     8.025  2      171.94     6.122  2
  50.30     4.471  1      111.58     8.071  2      172.86     6.005  2
  51.22     4.540  1      112.50     8.116  2      173.77     5.886  2
  52.13     4.610  1      113.41     8.161  2      174.69     5.765  2
  53.05     4.678  1      114.32     8.206  2      175.60     5.641  2
  53.96     4.747  1      115.24     8.251  2      176.52     5.516  2
  54.88     4.815  1      116.15     8.296  2      177.43     5.388  2
  55.79     4.882  1      117.07     8.340  2      178.35     5.259  2
  56.71     4.949  1      117.98     8.385  2      179.26     5.126  2
  57.62     5.015  1      118.90     8.429  2      180.18     4.992  2
  58.53     5.081  1      119.81     8.473  2      181.09     4.855  2
  59.45     5.147  1      120.73     8.516  2      182.01     4.716  2
  60.36     5.212  1      121.64     8.560  2      182.92     4.574  2
  61.28     5.277  1      122.56     8.604  2

note:  (+) soil loss - detachment     (-) soil loss - deposition



III. OFF SITE EFFECTS  OFF SITE EFFECTS  OFF SITE EFFECTS
     ----------------  ----------------  ----------------

     A.  SEDIMENT LEAVING PROFILE for year    1  1048.038 kg/m

     B.  SEDIMENT CHARACTERISTICS AND ENRICHMENT

     Sediment particle information leaving profile
-------------------------------------------------------------------------------
                                 Particle Composition         Detached Fraction
Class  Diameter  Specific  ---------------------------------  Sediment  In Flow
         (mm)    Gravity   % Sand   % Silt   % Clay   % O.M.  Fraction  Exiting
-------------------------------------------------------------------------------
  1     0.002      2.60      0.0      0.0    100.0     16.7     0.078    0.080
  2     0.010      2.65      0.0    100.0      0.0      0.0     0.072    0.074
  3     0.040      1.80      0.0     60.0     40.0      6.7     0.378    0.384
  4     0.600      1.60     48.4     35.2     16.5      2.7     0.430    0.420
  5     0.200      2.65    100.0      0.0      0.0      0.0     0.042    0.041
-------------------------------------------------------------------------------


     Weighted SSA enrichment ratio leaving profile for year    1 =   1.01


     HILLSLOPE 1 YEARLY SUMMARY FOR    2
     ----------------------------------


I.   RAINFALL AND RUNOFF SUMMARY
     -------- --- ------ -------

      year:      2

         Rainfall         Storm Runoff        Melt Runoff
      events   amount   events   amount     events  amount
                (mm)              (mm)               (mm)

        69     660.80       8      26.53       4      21.28


II.  ON SITE EFFECTS  ON SITE EFFECTS  ON SITE EFFECTS
     ---------------  ---------------  ---------------


  A.  AREA OF NET SOIL LOSS

      ** Soil Loss (Avg. of Net Detachment Areas) =    7.106 kg/m2 **
      ** Maximum Soil Loss  =   11.467 kg/m2 at  137.19 meters **


      Area of    Soil Loss   Soil Loss   MAX   MAX Loss   MIN   MIN Loss
      Net Loss      MEAN      STDEV      Loss    Point    Loss   Point
        (m)       (kg/m2)     (kg/m2)  (kg/m2)    (m)    (kg/m2)  (m)
------------------------------------------------------------------------
   0.00- 182.92    7.106     3.360     11.467  137.19     0.193     0.91



  C.  SOIL LOSS/DEPOSITION ALONG SLOPE PROFILE

          Profile distances are from top to bottom of hillslope


 distance soil  flow    distance   soil  flow    distance   soil  flow
    (m)   loss  elem       (m)     loss  elem       (m)     loss  elem
         (kg/m2)                  (kg/m2)                  (kg/m2)
------------------------------------------------------------------------

   0.91     0.193  1       62.19     6.765  1      123.47    10.673  2
   1.83     0.193  1       63.11     6.843  1      124.39    10.727  2
   2.74     0.193  1       64.02     6.921  1      125.30    10.781  2
   3.66     0.193  1       64.94     6.999  1      126.21    10.835  2
   4.57     0.200  1       65.85     7.076  1      127.13    10.889  2
   5.49     0.224  1       66.77     7.153  1      128.04    10.942  2
   6.40     0.265  1       67.68     7.229  1      128.96    10.996  2
   7.32     0.309  1       68.60     7.305  1      129.87    11.049  2
   8.23     0.361  1       69.51     7.381  1      130.79    11.102  2
   9.15     0.413  1       70.42     7.456  1      131.70    11.155  2
  10.06     0.474  1       71.34     7.530  1      132.62    11.207  2
  10.98     0.535  1       72.25     7.605  1      133.53    11.260  2
  11.89     0.596  1       73.17     7.678  1      134.45    11.312  2
  12.80     0.657  1       74.08     7.752  1      135.36    11.364  2
  13.72     0.719  1       75.00     7.825  1      136.28    11.416  2
  14.63     0.781  1       75.91     7.898  1      137.19    11.467  2
  15.55     0.844  1       76.83     7.970  1      138.10    11.457  2
  16.46     0.907  1       77.74     8.042  1      139.02    11.382  2
  17.38     0.989  1       78.66     8.113  1      139.93    11.306  2
  18.29     1.081  1       79.57     8.185  1      140.85    11.229  2
  19.21     1.190  1       80.48     8.255  1      141.76    11.149  2
  20.12     1.319  1       81.40     8.326  1      142.68    11.068  2
  21.04     1.451  1       82.31     8.396  1      143.59    10.985  2
  21.95     1.583  1       83.23     8.466  1      144.51    10.901  2
  22.86     1.715  1       84.14     8.536  1      145.42    10.814  2
  23.78     1.848  1       85.06     8.605  1      146.34    10.726  2
  24.69     1.982  1       85.97     8.674  1      147.25    10.636  2
  25.61     2.117  1       86.89     8.742  1      148.17    10.544  2
  26.52     2.252  1       87.80     8.810  1      149.08    10.451  2
  27.44     2.387  1       88.72     8.878  1      149.99    10.355  2
  28.35     2.523  1       89.63     8.946  1      150.91    10.258  2
  29.27     2.660  1       90.55     9.013  1      151.82    10.159  2
  30.18     2.798  1       91.46     9.080  1      152.74    10.058  2
  31.10     2.936  1       92.37     8.690  2      153.65     9.955  2
  32.01     3.075  1       93.29     8.753  2      154.57     9.850  2
  32.93     3.214  1       94.20     8.815  2      155.48     9.744  2
  33.84     3.354  1       95.12     8.878  2      156.40     9.635  2
  34.75     3.494  1       96.03     8.939  2      157.31     9.524  2
  35.67     3.636  1       96.95     9.001  2      158.23     9.412  2
  36.58     3.777  1       97.86     9.062  2      159.14     9.297  2
  37.50     3.920  1       98.78     9.123  2      160.05     9.181  2
  38.41     4.063  1       99.69     9.184  2      160.97     9.062  2
  39.33     4.206  1      100.61     9.244  2      161.88     8.941  2
  40.24     4.350  1      101.52     9.304  2      162.80     8.818  2
  41.16     4.495  1      102.44     9.364  2      163.71     8.693  2
  42.07     4.641  1      103.35     9.424  2      164.63     8.565  2
  42.99     4.786  1      104.26     9.483  2      165.54     8.436  2
  43.90     4.933  1      105.18     9.542  2      166.46     8.304  2
  44.82     5.080  1      106.09     9.601  2      167.37     8.170  2
  45.73     5.228  1      107.01     9.659  2      168.29     8.033  2
  46.64     5.346  1      107.92     9.718  2      169.20     7.894  2
  47.56     5.435  1      108.84     9.776  2      170.12     7.753  2
  48.47     5.522  1      109.75     9.833  2      171.03     7.609  2
  49.39     5.609  1      110.67     9.891  2      171.94     7.463  2
  50.30     5.695  1      111.58     9.948  2      172.86     7.314  2
  51.22     5.781  1      112.50    10.005  2      173.77     7.162  2
  52.13     5.866  1      113.41    10.062  2      174.69     7.008  2
  53.05     5.951  1      114.32    10.119  2      175.60     6.852  2
  53.96     6.035  1      115.24    10.175  2      176.52     6.692  2
  54.88     6.118  1      116.15    10.231  2      177.43     6.530  2
  55.79     6.201  1      117.07    10.287  2      178.35     6.364  2
  56.71     6.283  1      117.98    10.343  2      179.26     6.196  2
  57.62     6.364  1      118.90    10.398  2      180.18     6.025  2
  58.53     6.445  1      119.81    10.454  2      181.09     5.851  2
  59.45     6.526  1      120.73    10.509  2      182.01     5.673  2
  60.36     6.606  1      121.64    10.563  2      182.92     5.493  2
  61.28     6.686  1      122.56    10.618  2

note:  (+) soil loss - detachment     (-) soil loss - deposition



III. OFF SITE EFFECTS  OFF SITE EFFECTS  OFF SITE EFFECTS
     ----------------  ----------------  ----------------

     A.  SEDIMENT LEAVING PROFILE for year    2  1299.839 kg/m

     B.  SEDIMENT CHARACTERISTICS AND ENRICHMENT

     Sediment particle information leaving profile
-------------------------------------------------------------------------------
                                 Particle Composition         Detached Fraction
Class  Diameter  Specific  ---------------------------------  Sediment  In Flow
         (mm)    Gravity   % Sand   % Silt   % Clay   % O.M.  Fraction  Exiting
-------------------------------------------------------------------------------
  1     0.002      2.60      0.0      0.0    100.0     16.7     0.078    0.078
  2     0.010      2.65      0.0    100.0      0.0      0.0     0.072    0.072
  3     0.040      1.80      0.0     60.0     40.0      6.7     0.378    0.380
  4     0.600      1.60     48.4     35.2     16.5      2.7     0.430    0.428
  5     0.200      2.65    100.0      0.0      0.0      0.0     0.042    0.042
-------------------------------------------------------------------------------


     Weighted SSA enrichment ratio leaving profile for year    2 =   1.00


     HILLSLOPE 1 YEARLY SUMMARY FOR    3
     ----------------------------------


I.   RAINFALL AND RUNOFF SUMMARY
     -------- --- ------ -------

      year:      3

         Rainfall         Storm Runoff        Melt Runoff
      events   amount   events   amount     events  amount
                (mm)              (mm)               (mm)

        60     513.20       5      17.40       1      10.23


II.  ON SITE EFFECTS  ON SITE EFFECTS  ON SITE EFFECTS
     ---------------  ---------------  ---------------


  A.  AREA OF NET SOIL LOSS

      ** Soil Loss (Avg. of Net Detachment Areas) =    3.827 kg/m2 **
      ** Maximum Soil Loss  =    5.996 kg/m2 at  137.19 meters **


      Area of    Soil Loss   Soil Loss   MAX   MAX Loss   MIN   MIN Loss
      Net Loss      MEAN      STDEV      Loss    Point    Loss   Point
        (m)       (kg/m2)     (kg/m2)  (kg/m2)    (m)    (kg/m2)  (m)
------------------------------------------------------------------------
   0.00- 182.92    3.827     1.671      5.996  137.19     0.175     0.91



  C.  SOIL LOSS/DEPOSITION ALONG SLOPE PROFILE

          Profile distances are from top to bottom of hillslope


 distance soil  flow    distance   soil  flow    distance   soil  flow
    (m)   loss  elem       (m)     loss  elem       (m)     loss  elem
         (kg/m2)                  (kg/m2)                  (kg/m2)
------------------------------------------------------------------------

   0.91     0.175  1       62.19     3.576  1      123.47     5.582  2
   1.83     0.175  1       63.11     3.612  1      124.39     5.611  2
   2.74     0.175  1       64.02     3.648  1      125.30     5.639  2
   3.66     0.180  1       64.94     3.684  1      126.21     5.667  2
   4.57     0.194  1       65.85     3.719  1      127.13     5.695  2
   5.49     0.209  1       66.77     3.755  1      128.04     5.723  2
   6.40     0.243  1       67.68     3.790  1      128.96     5.750  2
   7.32     0.296  1       68.60     3.825  1      129.87     5.778  2
   8.23     0.350  1       69.51     3.859  1      130.79     5.805  2
   9.15     0.404  1       70.42     3.894  1      131.70     5.833  2
  10.06     0.461  1       71.34     3.929  1      132.62     5.860  2
  10.98     0.518  1       72.25     3.963  1      133.53     5.888  2
  11.89     0.575  1       73.17     3.997  1      134.45     5.915  2
  12.80     0.632  1       74.08     4.031  1      135.36     5.942  2
  13.72     0.689  1       75.00     4.064  1      136.28     5.969  2
  14.63     0.747  1       75.91     4.098  1      137.19     5.996  2
  15.55     0.804  1       76.83     4.131  1      138.10     5.994  2
  16.46     0.862  1       77.74     4.165  1      139.02     5.962  2
  17.38     0.920  1       78.66     4.198  1      139.93     5.929  2
  18.29     0.978  1       79.57     4.231  1      140.85     5.895  2
  19.21     1.036  1       80.48     4.264  1      141.76     5.860  2
  20.12     1.095  1       81.40     4.296  1      142.68     5.825  2
  21.04     1.154  1       82.31     4.329  1      143.59     5.789  2
  21.95     1.213  1       83.23     4.361  1      144.51     5.752  2
  22.86     1.273  1       84.14     4.393  1      145.42     5.713  2
  23.78     1.333  1       85.06     4.425  1      146.34     5.675  2
  24.69     1.393  1       85.97     4.457  1      147.25     5.635  2
  25.61     1.454  1       86.89     4.489  1      148.17     5.594  2
  26.52     1.516  1       87.80     4.521  1      149.08     5.552  2
  27.44     1.577  1       88.72     4.552  1      149.99     5.510  2
  28.35     1.639  1       89.63     4.584  1      150.91     5.466  2
  29.27     1.701  1       90.55     4.615  1      151.82     5.422  2
  30.18     1.763  1       91.46     4.646  1      152.74     5.376  2
  31.10     1.826  1       92.37     4.559  2      153.65     5.330  2
  32.01     1.889  1       93.29     4.592  2      154.57     5.283  2
  32.93     1.953  1       94.20     4.624  2      155.48     5.234  2
  33.84     2.016  1       95.12     4.655  2      156.40     5.185  2
  34.75     2.080  1       96.03     4.687  2      157.31     5.135  2
  35.67     2.144  1       96.95     4.719  2      158.23     5.083  2
  36.58     2.209  1       97.86     4.750  2      159.14     5.031  2
  37.50     2.274  1       98.78     4.781  2      160.05     4.978  2
  38.41     2.339  1       99.69     4.813  2      160.97     4.923  2
  39.33     2.405  1      100.61     4.844  2      161.88     4.868  2
  40.24     2.470  1      101.52     4.875  2      162.80     4.811  2
  41.16     2.537  1      102.44     4.905  2      163.71     4.753  2
  42.07     2.603  1      103.35     4.936  2      164.63     4.695  2
  42.99     2.670  1      104.26     4.967  2      165.54     4.635  2
  43.90     2.737  1      105.18     4.997  2      166.46     4.574  2
  44.82     2.804  1      106.09     5.027  2      167.37     4.511  2
  45.73     2.872  1      107.01     5.058  2      168.29     4.448  2
  46.64     2.926  1      107.92     5.088  2      169.20     4.383  2
  47.56     2.966  1      108.84     5.118  2      170.12     4.317  2
  48.47     3.006  1      109.75     5.147  2      171.03     4.250  2
  49.39     3.046  1      110.67     5.177  2      171.94     4.181  2
  50.30     3.085  1      111.58     5.207  2      172.86     4.111  2
  51.22     3.125  1      112.50     5.236  2      173.77     4.040  2
  52.13     3.164  1      113.41     5.266  2      174.69     3.968  2
  53.05     3.202  1      114.32     5.295  2      175.60     3.893  2
  53.96     3.241  1      115.24     5.324  2      176.52     3.818  2
  54.88     3.279  1      116.15     5.353  2      177.43     3.741  2
  55.79     3.317  1      117.07     5.382  2      178.35     3.663  2
  56.71     3.354  1      117.98     5.411  2      179.26     3.582  2
  57.62     3.392  1      118.90     5.440  2      180.18     3.501  2
  58.53     3.429  1      119.81     5.469  2      181.09     3.417  2
  59.45     3.466  1      120.73     5.497  2      182.01     3.332  2
  60.36     3.503  1      121.64     5.526  2      182.92     3.246  2
  61.28     3.540  1      122.56     5.554  2

note:  (+) soil loss - detachment     (-) soil loss - deposition



III. OFF SITE EFFECTS  OFF SITE EFFECTS  OFF SITE EFFECTS
     ----------------  ----------------  ----------------

     A.  SEDIMENT LEAVING PROFILE for year    3   700.126 kg/m

     B.  SEDIMENT CHARACTERISTICS AND ENRICHMENT

     Sediment particle information leaving profile
-------------------------------------------------------------------------------
                                 Particle Composition         Detached Fraction
Class  Diameter  Specific  ---------------------------------  Sediment  In Flow
         (mm)    Gravity   % Sand   % Silt   % Clay   % O.M.  Fraction  Exiting
-------------------------------------------------------------------------------
  1     0.002      2.60      0.0      0.0    100.0     16.7     0.078    0.078
  2     0.010      2.65      0.0    100.0      0.0      0.0     0.072    0.072
  3     0.040      1.80      0.0     60.0     40.0      6.7     0.378    0.379
  4     0.600      1.60     48.4     35.2     16.5      2.7     0.430    0.429
  5     0.200      2.65    100.0      0.0      0.0      0.0     0.042    0.042
-------------------------------------------------------------------------------


     Weighted SSA enrichment ratio leaving profile for year    3 =   1.00


     HILLSLOPE 1 YEARLY SUMMARY FOR    4
     ----------------------------------


I.   RAINFALL AND RUNOFF SUMMARY
     -------- --- ------ -------

      year:      4

         Rainfall         Storm Runoff        Melt Runoff
      events   amount   events   amount     events  amount
                (mm)              (mm)               (mm)

        67     408.50       3      10.24       1       2.02


II.  ON SITE EFFECTS  ON SITE EFFECTS  ON SITE EFFECTS
     ---------------  ---------------  ---------------


  A.  AREA OF NET SOIL LOSS

      ** Soil Loss (Avg. of Net Detachment Areas) =    1.871 kg/m2 **
      ** Maximum Soil Loss  =    3.042 kg/m2 at  137.19 meters **


      Area of    Soil Loss   Soil Loss   MAX   MAX Loss   MIN   MIN Loss
      Net Loss      MEAN      STDEV      Loss    Point    Loss   Point
        (m)       (kg/m2)     (kg/m2)  (kg/m2)    (m)    (kg/m2)  (m)
------------------------------------------------------------------------
   0.00- 182.92    1.871     0.884      3.042  137.19     0.058     2.74



  C.  SOIL LOSS/DEPOSITION ALONG SLOPE PROFILE

          Profile distances are from top to bottom of hillslope


 distance soil  flow    distance   soil  flow    distance   soil  flow
    (m)   loss  elem       (m)     loss  elem       (m)     loss  elem
         (kg/m2)                  (kg/m2)                  (kg/m2)
------------------------------------------------------------------------

   0.91     0.058  1       62.19     1.734  1      123.47     2.811  2
   1.83     0.058  1       63.11     1.754  1      124.39     2.826  2
   2.74     0.058  1       64.02     1.773  1      125.30     2.842  2
   3.66     0.058  1       64.94     1.792  1      126.21     2.858  2
   4.57     0.058  1       65.85     1.812  1      127.13     2.874  2
   5.49     0.058  1       66.77     1.831  1      128.04     2.889  2
   6.40     0.058  1       67.68     1.850  1      128.96     2.905  2
   7.32     0.060  1       68.60     1.868  1      129.87     2.920  2
   8.23     0.078  1       69.51     1.887  1      130.79     2.936  2
   9.15     0.100  1       70.42     1.906  1      131.70     2.951  2
  10.06     0.121  1       71.34     1.924  1      132.62     2.966  2
  10.98     0.142  1       72.25     1.943  1      133.53     2.981  2
  11.89     0.163  1       73.17     1.961  1      134.45     2.997  2
  12.80     0.184  1       74.08     1.979  1      135.36     3.012  2
  13.72     0.205  1       75.00     1.997  1      136.28     3.027  2
  14.63     0.226  1       75.91     2.015  1      137.19     3.042  2
  15.55     0.248  1       76.83     2.033  1      138.10     3.041  2
  16.46     0.269  1       77.74     2.051  1      139.02     3.023  2
  17.38     0.293  1       78.66     2.069  1      139.93     3.005  2
  18.29     0.318  1       79.57     2.086  1      140.85     2.987  2
  19.21     0.350  1       80.48     2.104  1      141.76     2.968  2
  20.12     0.382  1       81.40     2.121  1      142.68     2.948  2
  21.04     0.415  1       82.31     2.139  1      143.59     2.928  2
  21.95     0.448  1       83.23     2.156  1      144.51     2.908  2
  22.86     0.481  1       84.14     2.173  1      145.42     2.887  2
  23.78     0.514  1       85.06     2.190  1      146.34     2.866  2
  24.69     0.547  1       85.97     2.207  1      147.25     2.844  2
  25.61     0.580  1       86.89     2.224  1      148.17     2.821  2
  26.52     0.614  1       87.80     2.241  1      149.08     2.798  2
  27.44     0.648  1       88.72     2.258  1      149.99     2.775  2
  28.35     0.681  1       89.63     2.275  1      150.91     2.751  2
  29.27     0.715  1       90.55     2.292  1      151.82     2.727  2
  30.18     0.750  1       91.46     2.308  1      152.74     2.702  2
  31.10     0.784  1       92.37     2.233  2      153.65     2.676  2
  32.01     0.818  1       93.29     2.251  2      154.57     2.650  2
  32.93     0.853  1       94.20     2.269  2      155.48     2.623  2
  33.84     0.888  1       95.12     2.287  2      156.40     2.596  2
  34.75     0.923  1       96.03     2.305  2      157.31     2.569  2
  35.67     0.958  1       96.95     2.323  2      158.23     2.540  2
  36.58     0.993  1       97.86     2.341  2      159.14     2.511  2
  37.50     1.028  1       98.78     2.359  2      160.05     2.482  2
  38.41     1.064  1       99.69     2.377  2      160.97     2.452  2
  39.33     1.099  1      100.61     2.394  2      161.88     2.421  2
  40.24     1.135  1      101.52     2.412  2      162.80     2.390  2
  41.16     1.171  1      102.44     2.429  2      163.71     2.359  2
  42.07     1.207  1      103.35     2.446  2      164.63     2.326  2
  42.99     1.244  1      104.26     2.464  2      165.54     2.293  2
  43.90     1.280  1      105.18     2.481  2      166.46     2.260  2
  44.82     1.317  1      106.09     2.498  2      167.37     2.225  2
  45.73     1.353  1      107.01     2.515  2      168.29     2.190  2
  46.64     1.383  1      107.92     2.532  2      169.20     2.155  2
  47.56     1.405  1      108.84     2.549  2      170.12     2.119  2
  48.47     1.426  1      109.75     2.566  2      171.03     2.082  2
  49.39     1.448  1      110.67     2.583  2      171.94     2.044  2
  50.30     1.469  1      111.58     2.599  2      172.86     2.006  2
  51.22     1.491  1      112.50     2.616  2      173.77     1.967  2
  52.13     1.512  1      113.41     2.633  2      174.69     1.927  2
  53.05     1.533  1      114.32     2.649  2      175.60     1.886  2
  53.96     1.553  1      115.24     2.666  2      176.52     1.845  2
  54.88     1.574  1      116.15     2.682  2      177.43     1.803  2
  55.79     1.595  1      117.07     2.698  2      178.35     1.760  2
  56.71     1.615  1      117.98     2.715  2      179.26     1.716  2
  57.62     1.635  1      118.90     2.731  2      180.18     1.671  2
  58.53     1.655  1      119.81     2.747  2      181.09     1.626  2
  59.45     1.675  1      120.73     2.763  2      182.01     1.580  2
  60.36     1.695  1      121.64     2.779  2      182.92     1.532  2
  61.28     1.715  1      122.56     2.795  2

note:  (+) soil loss - detachment     (-) soil loss - deposition



III. OFF SITE EFFECTS  OFF SITE EFFECTS  OFF SITE EFFECTS
     ----------------  ----------------  ----------------

     A.  SEDIMENT LEAVING PROFILE for year    4   342.214 kg/m

     B.  SEDIMENT CHARACTERISTICS AND ENRICHMENT

     Sediment particle information leaving profile
-------------------------------------------------------------------------------
                                 Particle Composition         Detached Fraction
Class  Diameter  Specific  ---------------------------------  Sediment  In Flow
         (mm)    Gravity   % Sand   % Silt   % Clay   % O.M.  Fraction  Exiting
-------------------------------------------------------------------------------
  1     0.002      2.60      0.0      0.0    100.0     16.7     0.078    0.078
  2     0.010      2.65      0.0    100.0      0.0      0.0     0.072    0.072
  3     0.040      1.80      0.0     60.0     40.0      6.7     0.378    0.378
  4     0.600      1.60     48.4     35.2     16.5      2.7     0.430    0.430
  5     0.200      2.65    100.0      0.0      0.0      0.0     0.042    0.042
-------------------------------------------------------------------------------


     Weighted SSA enrichment ratio leaving profile for year    4 =   1.00


     HILLSLOPE 1 YEARLY SUMMARY FOR    5
     ----------------------------------


I.   RAINFALL AND RUNOFF SUMMARY
     -------- --- ------ -------

      year:      5

         Rainfall         Storm Runoff        Melt Runoff
      events   amount   events   amount     events  amount
                (mm)              (mm)               (mm)

        66     633.50       9      52.92       4      36.27


II.  ON SITE EFFECTS  ON SITE EFFECTS  ON SITE EFFECTS
     ---------------  ---------------  ---------------


  A.  AREA OF NET SOIL LOSS

      ** Soil Loss (Avg. of Net Detachment Areas) =   10.428 kg/m2 **
      ** Maximum Soil Loss  =   16.776 kg/m2 at  137.19 meters **


      Area of    Soil Loss   Soil Loss   MAX   MAX Loss   MIN   MIN Loss
      Net Loss      MEAN      STDEV      Loss    Point    Loss   Point
        (m)       (kg/m2)     (kg/m2)  (kg/m2)    (m)    (kg/m2)  (m)
------------------------------------------------------------------------
   0.00- 182.92   10.428     4.810     16.776  137.19     0.496     0.91



  C.  SOIL LOSS/DEPOSITION ALONG SLOPE PROFILE

          Profile distances are from top to bottom of hillslope


 distance soil  flow    distance   soil  flow    distance   soil  flow
    (m)   loss  elem       (m)     loss  elem       (m)     loss  elem
         (kg/m2)                  (kg/m2)                  (kg/m2)
------------------------------------------------------------------------

   0.91     0.496  1       62.19     9.816  1      123.47    15.542  2
   1.83     0.496  1       63.11     9.927  1      124.39    15.626  2
   2.74     0.499  1       64.02    10.037  1      125.30    15.710  2
   3.66     0.527  1       64.94    10.146  1      126.21    15.794  2
   4.57     0.567  1       65.85    10.255  1      127.13    15.878  2
   5.49     0.619  1       66.77    10.363  1      128.04    15.961  2
   6.40     0.684  1       67.68    10.471  1      128.96    16.044  2
   7.32     0.760  1       68.60    10.578  1      129.87    16.126  2
   8.23     0.839  1       69.51    10.684  1      130.79    16.208  2
   9.15     0.917  1       70.42    10.790  1      131.70    16.290  2
  10.06     0.995  1       71.34    10.895  1      132.62    16.372  2
  10.98     1.073  1       72.25    10.999  1      133.53    16.453  2
  11.89     1.151  1       73.17    11.103  1      134.45    16.534  2
  12.80     1.253  1       74.08    11.207  1      135.36    16.615  2
  13.72     1.382  1       75.00    11.310  1      136.28    16.696  2
  14.63     1.512  1       75.91    11.412  1      137.19    16.776  2
  15.55     1.644  1       76.83    11.514  1      138.10    16.766  2
  16.46     1.775  1       77.74    11.615  1      139.02    16.665  2
  17.38     1.907  1       78.66    11.716  1      139.93    16.562  2
  18.29     2.040  1       79.57    11.816  1      140.85    16.456  2
  19.21     2.173  1       80.48    11.916  1      141.76    16.347  2
  20.12     2.307  1       81.40    12.015  1      142.68    16.236  2
  21.04     2.442  1       82.31    12.114  1      143.59    16.122  2
  21.95     2.577  1       83.23    12.213  1      144.51    16.005  2
  22.86     2.714  1       84.14    12.311  1      145.42    15.886  2
  23.78     2.881  1       85.06    12.408  1      146.34    15.764  2
  24.69     3.062  1       85.97    12.505  1      147.25    15.640  2
  25.61     3.251  1       86.89    12.601  1      148.17    15.513  2
  26.52     3.441  1       87.80    12.697  1      149.08    15.382  2
  27.44     3.633  1       88.72    12.793  1      149.99    15.250  2
  28.35     3.826  1       89.63    12.888  1      150.91    15.114  2
  29.27     4.019  1       90.55    12.983  1      151.82    14.976  2
  30.18     4.213  1       91.46    13.077  1      152.74    14.834  2
  31.10     4.408  1       92.37    12.448  2      153.65    14.690  2
  32.01     4.604  1       93.29    12.546  2      154.57    14.543  2
  32.93     4.801  1       94.20    12.644  2      155.48    14.393  2
  33.84     4.999  1       95.12    12.741  2      156.40    14.241  2
  34.75     5.198  1       96.03    12.837  2      157.31    14.085  2
  35.67     5.397  1       96.95    12.934  2      158.23    13.926  2
  36.58     5.598  1       97.86    13.029  2      159.14    13.764  2
  37.50     5.799  1       98.78    13.124  2      160.05    13.599  2
  38.41     6.001  1       99.69    13.219  2      160.97    13.431  2
  39.33     6.204  1      100.61    13.313  2      161.88    13.259  2
  40.24     6.408  1      101.52    13.407  2      162.80    13.085  2
  41.16     6.612  1      102.44    13.501  2      163.71    12.907  2
  42.07     6.818  1      103.35    13.594  2      164.63    12.726  2
  42.99     7.024  1      104.26    13.686  2      165.54    12.541  2
  43.90     7.231  1      105.18    13.779  2      166.46    12.354  2
  44.82     7.439  1      106.09    13.870  2      167.37    12.162  2
  45.73     7.648  1      107.01    13.962  2      168.29    11.967  2
  46.64     7.815  1      107.92    14.053  2      169.20    11.769  2
  47.56     7.940  1      108.84    14.143  2      170.12    11.567  2
  48.47     8.063  1      109.75    14.233  2      171.03    11.362  2
  49.39     8.186  1      110.67    14.323  2      171.94    11.152  2
  50.30     8.308  1      111.58    14.413  2      172.86    10.939  2
  51.22     8.429  1      112.50    14.502  2      173.77    10.722  2
  52.13     8.549  1      113.41    14.590  2      174.69    10.501  2
  53.05     8.668  1      114.32    14.678  2      175.60    10.276  2
  53.96     8.786  1      115.24    14.766  2      176.52    10.047  2
  54.88     8.904  1      116.15    14.854  2      177.43     9.813  2
  55.79     9.020  1      117.07    14.941  2      178.35     9.576  2
  56.71     9.136  1      117.98    15.028  2      179.26     9.334  2
  57.62     9.251  1      118.90    15.114  2      180.18     9.087  2
  58.53     9.366  1      119.81    15.201  2      181.09     8.836  2
  59.45     9.479  1      120.73    15.286  2      182.01     8.580  2
  60.36     9.592  1      121.64    15.372  2      182.92     8.320  2
  61.28     9.704  1      122.56    15.457  2

note:  (+) soil loss - detachment     (-) soil loss - deposition



III. OFF SITE EFFECTS  OFF SITE EFFECTS  OFF SITE EFFECTS
     ----------------  ----------------  ----------------

     A.  SEDIMENT LEAVING PROFILE for year    5  1907.419 kg/m

     B.  SEDIMENT CHARACTERISTICS AND ENRICHMENT

     Sediment particle information leaving profile
-------------------------------------------------------------------------------
                                 Particle Composition         Detached Fraction
Class  Diameter  Specific  ---------------------------------  Sediment  In Flow
         (mm)    Gravity   % Sand   % Silt   % Clay   % O.M.  Fraction  Exiting
-------------------------------------------------------------------------------
  1     0.002      2.60      0.0      0.0    100.0     16.7     0.078    0.078
  2     0.010      2.65      0.0    100.0      0.0      0.0     0.072    0.072
  3     0.040      1.80      0.0     60.0     40.0      6.7     0.378    0.378
  4     0.600      1.60     48.4     35.2     16.5      2.7     0.430    0.430
  5     0.200      2.65    100.0      0.0      0.0      0.0     0.042    0.042
-------------------------------------------------------------------------------


     Weighted SSA enrichment ratio leaving profile for year    5 =   1.00


     HILLSLOPE 1 YEARLY SUMMARY FOR    6
     ----------------------------------


I.   RAINFALL AND RUNOFF SUMMARY
     -------- --- ------ -------

      year:      6

         Rainfall         Storm Runoff        Melt Runoff
      events   amount   events   amount     events  amount
                (mm)              (mm)               (mm)

        82     683.70      10      87.58       1       1.93


II.  ON SITE EFFECTS  ON SITE EFFECTS  ON SITE EFFECTS
     ---------------  ---------------  ---------------


  A.  AREA OF NET SOIL LOSS

      ** Soil Loss (Avg. of Net Detachment Areas) =   10.996 kg/m2 **
      ** Maximum Soil Loss  =   16.966 kg/m2 at  137.19 meters **


      Area of    Soil Loss   Soil Loss   MAX   MAX Loss   MIN   MIN Loss
      Net Loss      MEAN      STDEV      Loss    Point    Loss   Point
        (m)       (kg/m2)     (kg/m2)  (kg/m2)    (m)    (kg/m2)  (m)
------------------------------------------------------------------------
   0.00- 182.92   10.996     4.586     16.966  137.19     0.967     0.91



  C.  SOIL LOSS/DEPOSITION ALONG SLOPE PROFILE

          Profile distances are from top to bottom of hillslope


 distance soil  flow    distance   soil  flow    distance   soil  flow
    (m)   loss  elem       (m)     loss  elem       (m)     loss  elem
         (kg/m2)                  (kg/m2)                  (kg/m2)
------------------------------------------------------------------------

   0.91     0.967  1       62.19    10.336  1      123.47    15.828  2
   1.83     0.967  1       63.11    10.436  1      124.39    15.906  2
   2.74     0.977  1       64.02    10.536  1      125.30    15.983  2
   3.66     1.015  1       64.94    10.636  1      126.21    16.060  2
   4.57     1.091  1       65.85    10.735  1      127.13    16.137  2
   5.49     1.205  1       66.77    10.833  1      128.04    16.214  2
   6.40     1.324  1       67.68    10.931  1      128.96    16.290  2
   7.32     1.449  1       68.60    11.029  1      129.87    16.366  2
   8.23     1.580  1       69.51    11.126  1      130.79    16.442  2
   9.15     1.713  1       70.42    11.222  1      131.70    16.517  2
  10.06     1.848  1       71.34    11.318  1      132.62    16.593  2
  10.98     1.985  1       72.25    11.413  1      133.53    16.668  2
  11.89     2.122  1       73.17    11.508  1      134.45    16.743  2
  12.80     2.259  1       74.08    11.603  1      135.36    16.817  2
  13.72     2.405  1       75.00    11.697  1      136.28    16.892  2
  14.63     2.554  1       75.91    11.790  1      137.19    16.966  2
  15.55     2.703  1       76.83    11.883  1      138.10    16.958  2
  16.46     2.854  1       77.74    11.976  1      139.02    16.868  2
  17.38     3.004  1       78.66    12.068  1      139.93    16.775  2
  18.29     3.156  1       79.57    12.160  1      140.85    16.680  2
  19.21     3.308  1       80.48    12.251  1      141.76    16.583  2
  20.12     3.460  1       81.40    12.342  1      142.68    16.483  2
  21.04     3.614  1       82.31    12.432  1      143.59    16.381  2
  21.95     3.768  1       83.23    12.522  1      144.51    16.277  2
  22.86     3.923  1       84.14    12.612  1      145.42    16.170  2
  23.78     4.079  1       85.06    12.701  1      146.34    16.060  2
  24.69     4.242  1       85.97    12.790  1      147.25    15.948  2
  25.61     4.412  1       86.89    12.878  1      148.17    15.834  2
  26.52     4.583  1       87.80    12.966  1      149.08    15.717  2
  27.44     4.755  1       88.72    13.054  1      149.99    15.597  2
  28.35     4.928  1       89.63    13.142  1      150.91    15.475  2
  29.27     5.101  1       90.55    13.228  1      151.82    15.351  2
  30.18     5.276  1       91.46    13.315  1      152.74    15.223  2
  31.10     5.451  1       92.37    12.999  2      153.65    15.093  2
  32.01     5.627  1       93.29    13.088  2      154.57    14.961  2
  32.93     5.804  1       94.20    13.177  2      155.48    14.826  2
  33.84     5.982  1       95.12    13.265  2      156.40    14.688  2
  34.75     6.161  1       96.03    13.353  2      157.31    14.547  2
  35.67     6.341  1       96.95    13.441  2      158.23    14.403  2
  36.58     6.521  1       97.86    13.528  2      159.14    14.257  2
  37.50     6.702  1       98.78    13.614  2      160.05    14.108  2
  38.41     6.885  1       99.69    13.701  2      160.97    13.956  2
  39.33     7.068  1      100.61    13.787  2      161.88    13.800  2
  40.24     7.251  1      101.52    13.873  2      162.80    13.642  2
  41.16     7.436  1      102.44    13.958  2      163.71    13.481  2
  42.07     7.621  1      103.35    14.043  2      164.63    13.317  2
  42.99     7.808  1      104.26    14.127  2      165.54    13.150  2
  43.90     7.995  1      105.18    14.212  2      166.46    12.979  2
  44.82     8.183  1      106.09    14.295  2      167.37    12.806  2
  45.73     8.371  1      107.01    14.379  2      168.29    12.629  2
  46.64     8.523  1      107.92    14.462  2      169.20    12.448  2
  47.56     8.635  1      108.84    14.545  2      170.12    12.264  2
  48.47     8.747  1      109.75    14.627  2      171.03    12.077  2
  49.39     8.858  1      110.67    14.710  2      171.94    11.886  2
  50.30     8.968  1      111.58    14.792  2      172.86    11.692  2
  51.22     9.078  1      112.50    14.873  2      173.77    11.494  2
  52.13     9.186  1      113.41    14.954  2      174.69    11.292  2
  53.05     9.294  1      114.32    15.035  2      175.60    11.087  2
  53.96     9.401  1      115.24    15.116  2      176.52    10.877  2
  54.88     9.508  1      116.15    15.196  2      177.43    10.663  2
  55.79     9.613  1      117.07    15.276  2      178.35    10.446  2
  56.71     9.718  1      117.98    15.356  2      179.26    10.224  2
  57.62     9.823  1      118.90    15.435  2      180.18     9.997  2
  58.53     9.927  1      119.81    15.514  2      181.09     9.766  2
  59.45    10.030  1      120.73    15.593  2      182.01     9.531  2
  60.36    10.132  1      121.64    15.672  2      182.92     9.291  2
  61.28    10.234  1      122.56    15.750  2

note:  (+) soil loss - detachment     (-) soil loss - deposition



III. OFF SITE EFFECTS  OFF SITE EFFECTS  OFF SITE EFFECTS
     ----------------  ----------------  ----------------

     A.  SEDIMENT LEAVING PROFILE for year    6  2011.392 kg/m

     B.  SEDIMENT CHARACTERISTICS AND ENRICHMENT

     Sediment particle information leaving profile
-------------------------------------------------------------------------------
                                 Particle Composition         Detached Fraction
Class  Diameter  Specific  ---------------------------------  Sediment  In Flow
         (mm)    Gravity   % Sand   % Silt   % Clay   % O.M.  Fraction  Exiting
-------------------------------------------------------------------------------
  1     0.002      2.60      0.0      0.0    100.0     16.7     0.078    0.078
  2     0.010      2.65      0.0    100.0      0.0      0.0     0.072    0.072
  3     0.040      1.80      0.0     60.0     40.0      6.7     0.378    0.378
  4     0.600      1.60     48.4     35.2     16.5      2.7     0.430    0.430
  5     0.200      2.65    100.0      0.0      0.0      0.0     0.042    0.042
-------------------------------------------------------------------------------


     Weighted SSA enrichment ratio leaving profile for year    6 =   1.00


     HILLSLOPE 1 YEARLY SUMMARY FOR    7
     ----------------------------------


I.   RAINFALL AND RUNOFF SUMMARY
     -------- --- ------ -------

      year:      7

         Rainfall         Storm Runoff        Melt Runoff
      events   amount   events   amount     events  amount
                (mm)              (mm)               (mm)

        72     629.90      12      63.92       3      22.36


II.  ON SITE EFFECTS  ON SITE EFFECTS  ON SITE EFFECTS
     ---------------  ---------------  ---------------


  A.  AREA OF NET SOIL LOSS

      ** Soil Loss (Avg. of Net Detachment Areas) =   12.053 kg/m2 **
      ** Maximum Soil Loss  =   19.224 kg/m2 at  137.19 meters **


      Area of    Soil Loss   Soil Loss   MAX   MAX Loss   MIN   MIN Loss
      Net Loss      MEAN      STDEV      Loss    Point    Loss   Point
        (m)       (kg/m2)     (kg/m2)  (kg/m2)    (m)    (kg/m2)  (m)
------------------------------------------------------------------------
   0.00- 182.92   12.053     5.418     19.224  137.19     0.630     0.91



  C.  SOIL LOSS/DEPOSITION ALONG SLOPE PROFILE

          Profile distances are from top to bottom of hillslope


 distance soil  flow    distance   soil  flow    distance   soil  flow
    (m)   loss  elem       (m)     loss  elem       (m)     loss  elem
         (kg/m2)                  (kg/m2)                  (kg/m2)
------------------------------------------------------------------------

   0.91     0.630  1       62.19    11.222  1      123.47    17.797  2
   1.83     0.630  1       63.11    11.342  1      124.39    17.894  2
   2.74     0.630  1       64.02    11.461  1      125.30    17.991  2
   3.66     0.638  1       64.94    11.579  1      126.21    18.088  2
   4.57     0.682  1       65.85    11.697  1      127.13    18.185  2
   5.49     0.759  1       66.77    11.814  1      128.04    18.281  2
   6.40     0.839  1       67.68    11.930  1      128.96    18.377  2
   7.32     0.918  1       68.60    12.046  1      129.87    18.472  2
   8.23     0.996  1       69.51    12.161  1      130.79    18.567  2
   9.15     1.096  1       70.42    12.276  1      131.70    18.662  2
  10.06     1.230  1       71.34    12.390  1      132.62    18.756  2
  10.98     1.376  1       72.25    12.503  1      133.53    18.850  2
  11.89     1.523  1       73.17    12.615  1      134.45    18.944  2
  12.80     1.686  1       74.08    12.727  1      135.36    19.038  2
  13.72     1.861  1       75.00    12.839  1      136.28    19.131  2
  14.63     2.037  1       75.91    12.950  1      137.19    19.224  2
  15.55     2.215  1       76.83    13.060  1      138.10    19.218  2
  16.46     2.395  1       77.74    13.170  1      139.02    19.111  2
  17.38     2.577  1       78.66    13.279  1      139.93    19.001  2
  18.29     2.760  1       79.57    13.388  1      140.85    18.889  2
  19.21     2.943  1       80.48    13.496  1      141.76    18.774  2
  20.12     3.127  1       81.40    13.604  1      142.68    18.655  2
  21.04     3.313  1       82.31    13.711  1      143.59    18.534  2
  21.95     3.500  1       83.23    13.818  1      144.51    18.409  2
  22.86     3.688  1       84.14    13.924  1      145.42    18.282  2
  23.78     3.877  1       85.06    14.030  1      146.34    18.152  2
  24.69     4.067  1       85.97    14.135  1      147.25    18.018  2
  25.61     4.258  1       86.89    14.240  1      148.17    17.882  2
  26.52     4.450  1       87.80    14.344  1      149.08    17.742  2
  27.44     4.642  1       88.72    14.448  1      149.99    17.599  2
  28.35     4.836  1       89.63    14.551  1      150.91    17.453  2
  29.27     5.030  1       90.55    14.654  1      151.82    17.304  2
  30.18     5.226  1       91.46    14.756  1      152.74    17.151  2
  31.10     5.422  1       92.37    14.231  2      153.65    16.995  2
  32.01     5.620  1       93.29    14.344  2      154.57    16.836  2
  32.93     5.818  1       94.20    14.456  2      155.48    16.674  2
  33.84     6.027  1       95.12    14.568  2      156.40    16.508  2
  34.75     6.240  1       96.03    14.679  2      157.31    16.339  2
  35.67     6.455  1       96.95    14.789  2      158.23    16.166  2
  36.58     6.671  1       97.86    14.900  2      159.14    15.990  2
  37.50     6.888  1       98.78    15.009  2      160.05    15.811  2
  38.41     7.105  1       99.69    15.118  2      160.97    15.627  2
  39.33     7.324  1      100.61    15.227  2      161.88    15.440  2
  40.24     7.544  1      101.52    15.335  2      162.80    15.250  2
  41.16     7.764  1      102.44    15.443  2      163.71    15.056  2
  42.07     7.986  1      103.35    15.550  2      164.63    14.858  2
  42.99     8.208  1      104.26    15.656  2      165.54    14.656  2
  43.90     8.432  1      105.18    15.763  2      166.46    14.450  2
  44.82     8.656  1      106.09    15.868  2      167.37    14.240  2
  45.73     8.881  1      107.01    15.974  2      168.29    14.027  2
  46.64     9.062  1      107.92    16.078  2      169.20    13.809  2
  47.56     9.196  1      108.84    16.183  2      170.12    13.587  2
  48.47     9.330  1      109.75    16.287  2      171.03    13.360  2
  49.39     9.462  1      110.67    16.390  2      171.94    13.130  2
  50.30     9.593  1      111.58    16.493  2      172.86    12.895  2
  51.22     9.724  1      112.50    16.596  2      173.77    12.655  2
  52.13     9.853  1      113.41    16.698  2      174.69    12.411  2
  53.05     9.982  1      114.32    16.800  2      175.60    12.163  2
  53.96    10.110  1      115.24    16.902  2      176.52    11.909  2
  54.88    10.236  1      116.15    17.003  2      177.43    11.651  2
  55.79    10.362  1      117.07    17.103  2      178.35    11.387  2
  56.71    10.488  1      117.98    17.203  2      179.26    11.119  2
  57.62    10.612  1      118.90    17.303  2      180.18    10.845  2
  58.53    10.735  1      119.81    17.403  2      181.09    10.566  2
  59.45    10.858  1      120.73    17.502  2      182.01    10.281  2
  60.36    10.980  1      121.64    17.600  2      182.92     9.991  2
  61.28    11.102  1      122.56    17.699  2

note:  (+) soil loss - detachment     (-) soil loss - deposition



III. OFF SITE EFFECTS  OFF SITE EFFECTS  OFF SITE EFFECTS
     ----------------  ----------------  ----------------

     A.  SEDIMENT LEAVING PROFILE for year    7  2204.729 kg/m

     B.  SEDIMENT CHARACTERISTICS AND ENRICHMENT

     Sediment particle information leaving profile
-------------------------------------------------------------------------------
                                 Particle Composition         Detached Fraction
Class  Diameter  Specific  ---------------------------------  Sediment  In Flow
         (mm)    Gravity   % Sand   % Silt   % Clay   % O.M.  Fraction  Exiting
-------------------------------------------------------------------------------
  1     0.002      2.60      0.0      0.0    100.0     16.7     0.078    0.078
  2     0.010      2.65      0.0    100.0      0.0      0.0     0.072    0.072
  3     0.040      1.80      0.0     60.0     40.0      6.7     0.378    0.378
  4     0.600      1.60     48.4     35.2     16.5      2.7     0.430    0.430
  5     0.200      2.65    100.0      0.0      0.0      0.0     0.042    0.042
-------------------------------------------------------------------------------


     Weighted SSA enrichment ratio leaving profile for year    7 =   1.00


     HILLSLOPE 1 YEARLY SUMMARY FOR    8
     ----------------------------------


I.   RAINFALL AND RUNOFF SUMMARY
     -------- --- ------ -------

      year:      8

         Rainfall         Storm Runoff        Melt Runoff
      events   amount   events   amount     events  amount
                (mm)              (mm)               (mm)

        93     771.60      11      50.62       3      16.15


II.  ON SITE EFFECTS  ON SITE EFFECTS  ON SITE EFFECTS
     ---------------  ---------------  ---------------


  A.  AREA OF NET SOIL LOSS

      ** Soil Loss (Avg. of Net Detachment Areas) =    7.788 kg/m2 **
      ** Maximum Soil Loss  =   12.367 kg/m2 at  137.19 meters **


      Area of    Soil Loss   Soil Loss   MAX   MAX Loss   MIN   MIN Loss
      Net Loss      MEAN      STDEV      Loss    Point    Loss   Point
        (m)       (kg/m2)     (kg/m2)  (kg/m2)    (m)    (kg/m2)  (m)
------------------------------------------------------------------------
   0.00- 182.92    7.788     3.477     12.367  137.19     0.434     1.83



  C.  SOIL LOSS/DEPOSITION ALONG SLOPE PROFILE

          Profile distances are from top to bottom of hillslope


 distance soil  flow    distance   soil  flow    distance   soil  flow
    (m)   loss  elem       (m)     loss  elem       (m)     loss  elem
         (kg/m2)                  (kg/m2)                  (kg/m2)
------------------------------------------------------------------------

   0.91     0.434  1       62.19     7.277  1      123.47    11.468  2
   1.83     0.434  1       63.11     7.354  1      124.39    11.529  2
   2.74     0.434  1       64.02     7.430  1      125.30    11.591  2
   3.66     0.436  1       64.94     7.506  1      126.21    11.652  2
   4.57     0.461  1       65.85     7.581  1      127.13    11.712  2
   5.49     0.507  1       66.77     7.656  1      128.04    11.773  2
   6.40     0.574  1       67.68     7.731  1      128.96    11.833  2
   7.32     0.642  1       68.60     7.805  1      129.87    11.893  2
   8.23     0.718  1       69.51     7.879  1      130.79    11.953  2
   9.15     0.805  1       70.42     7.952  1      131.70    12.013  2
  10.06     0.892  1       71.34     8.025  1      132.62    12.073  2
  10.98     0.979  1       72.25     8.097  1      133.53    12.132  2
  11.89     1.067  1       73.17     8.169  1      134.45    12.191  2
  12.80     1.164  1       74.08     8.241  1      135.36    12.250  2
  13.72     1.261  1       75.00     8.312  1      136.28    12.309  2
  14.63     1.360  1       75.91     8.383  1      137.19    12.367  2
  15.55     1.458  1       76.83     8.454  1      138.10    12.363  2
  16.46     1.557  1       77.74     8.524  1      139.02    12.294  2
  17.38     1.656  1       78.66     8.594  1      139.93    12.223  2
  18.29     1.759  1       79.57     8.664  1      140.85    12.150  2
  19.21     1.864  1       80.48     8.733  1      141.76    12.076  2
  20.12     1.978  1       81.40     8.802  1      142.68    12.000  2
  21.04     2.103  1       82.31     8.871  1      143.59    11.922  2
  21.95     2.229  1       83.23     8.939  1      144.51    11.841  2
  22.86     2.357  1       84.14     9.007  1      145.42    11.760  2
  23.78     2.486  1       85.06     9.075  1      146.34    11.676  2
  24.69     2.616  1       85.97     9.142  1      147.25    11.590  2
  25.61     2.747  1       86.89     9.209  1      148.17    11.502  2
  26.52     2.878  1       87.80     9.276  1      149.08    11.412  2
  27.44     3.010  1       88.72     9.342  1      149.99    11.320  2
  28.35     3.143  1       89.63     9.408  1      150.91    11.226  2
  29.27     3.276  1       90.55     9.474  1      151.82    11.131  2
  30.18     3.410  1       91.46     9.540  1      152.74    11.033  2
  31.10     3.544  1       92.37     9.223  2      153.65    10.933  2
  32.01     3.679  1       93.29     9.294  2      154.57    10.831  2
  32.93     3.815  1       94.20     9.365  2      155.48    10.727  2
  33.84     3.951  1       95.12     9.435  2      156.40    10.620  2
  34.75     4.088  1       96.03     9.505  2      157.31    10.512  2
  35.67     4.226  1       96.95     9.574  2      158.23    10.401  2
  36.58     4.364  1       97.86     9.644  2      159.14    10.288  2
  37.50     4.503  1       98.78     9.713  2      160.05    10.173  2
  38.41     4.642  1       99.69     9.781  2      160.97    10.056  2
  39.33     4.782  1      100.61     9.850  2      161.88     9.936  2
  40.24     4.923  1      101.52     9.918  2      162.80     9.814  2
  41.16     5.064  1      102.44     9.986  2      163.71     9.690  2
  42.07     5.206  1      103.35    10.053  2      164.63     9.563  2
  42.99     5.349  1      104.26    10.120  2      165.54     9.434  2
  43.90     5.492  1      105.18    10.187  2      166.46     9.302  2
  44.82     5.635  1      106.09    10.254  2      167.37     9.168  2
  45.73     5.780  1      107.01    10.320  2      168.29     9.031  2
  46.64     5.895  1      107.92    10.386  2      169.20     8.892  2
  47.56     5.981  1      108.84    10.452  2      170.12     8.750  2
  48.47     6.066  1      109.75    10.517  2      171.03     8.605  2
  49.39     6.151  1      110.67    10.582  2      171.94     8.458  2
  50.30     6.235  1      111.58    10.647  2      172.86     8.308  2
  51.22     6.319  1      112.50    10.712  2      173.77     8.155  2
  52.13     6.402  1      113.41    10.776  2      174.69     7.999  2
  53.05     6.484  1      114.32    10.840  2      175.60     7.840  2
  53.96     6.566  1      115.24    10.904  2      176.52     7.678  2
  54.88     6.647  1      116.15    10.968  2      177.43     7.513  2
  55.79     6.727  1      117.07    11.031  2      178.35     7.345  2
  56.71     6.807  1      117.98    11.094  2      179.26     7.174  2
  57.62     6.887  1      118.90    11.157  2      180.18     6.999  2
  58.53     6.966  1      119.81    11.220  2      181.09     6.821  2
  59.45     7.045  1      120.73    11.282  2      182.01     6.639  2
  60.36     7.123  1      121.64    11.344  2      182.92     6.454  2
  61.28     7.200  1      122.56    11.406  2

note:  (+) soil loss - detachment     (-) soil loss - deposition



III. OFF SITE EFFECTS  OFF SITE EFFECTS  OFF SITE EFFECTS
     ----------------  ----------------  ----------------

     A.  SEDIMENT LEAVING PROFILE for year    8  1424.577 kg/m

     B.  SEDIMENT CHARACTERISTICS AND ENRICHMENT

     Sediment particle information leaving profile
-------------------------------------------------------------------------------
                                 Particle Composition         Detached Fraction
Class  Diameter  Specific  ---------------------------------  Sediment  In Flow
         (mm)    Gravity   % Sand   % Silt   % Clay   % O.M.  Fraction  Exiting
-------------------------------------------------------------------------------
  1     0.002      2.60      0.0      0.0    100.0     16.7     0.078    0.078
  2     0.010      2.65      0.0    100.0      0.0      0.0     0.072    0.072
  3     0.040      1.80      0.0     60.0     40.0      6.7     0.378    0.378
  4     0.600      1.60     48.4     35.2     16.5      2.7     0.430    0.430
  5     0.200      2.65    100.0      0.0      0.0      0.0     0.042    0.042
-------------------------------------------------------------------------------


     Weighted SSA enrichment ratio leaving profile for year    8 =   1.00


     HILLSLOPE 1 YEARLY SUMMARY FOR    9
     ----------------------------------


I.   RAINFALL AND RUNOFF SUMMARY
     -------- --- ------ -------

      year:      9

         Rainfall         Storm Runoff        Melt Runoff
      events   amount   events   amount     events  amount
                (mm)              (mm)               (mm)

        87     772.20      13      92.99       1       1.86


II.  ON SITE EFFECTS  ON SITE EFFECTS  ON SITE EFFECTS
     ---------------  ---------------  ---------------


  A.  AREA OF NET SOIL LOSS

      ** Soil Loss (Avg. of Net Detachment Areas) =   12.031 kg/m2 **
      ** Maximum Soil Loss  =   18.441 kg/m2 at  137.19 meters **


      Area of    Soil Loss   Soil Loss   MAX   MAX Loss   MIN   MIN Loss
      Net Loss      MEAN      STDEV      Loss    Point    Loss   Point
        (m)       (kg/m2)     (kg/m2)  (kg/m2)    (m)    (kg/m2)  (m)
------------------------------------------------------------------------
   0.00- 182.92   12.031     4.908     18.441  137.19     1.320     0.91



  C.  SOIL LOSS/DEPOSITION ALONG SLOPE PROFILE

          Profile distances are from top to bottom of hillslope


 distance soil  flow    distance   soil  flow    distance   soil  flow
    (m)   loss  elem       (m)     loss  elem       (m)     loss  elem
         (kg/m2)                  (kg/m2)                  (kg/m2)
------------------------------------------------------------------------

   0.91     1.320  1       62.19    11.383  1      123.47    17.216  2
   1.83     1.321  1       63.11    11.493  1      124.39    17.300  2
   2.74     1.355  1       64.02    11.603  1      125.30    17.383  2
   3.66     1.410  1       64.94    11.712  1      126.21    17.466  2
   4.57     1.477  1       65.85    11.821  1      127.13    17.549  2
   5.49     1.553  1       66.77    11.929  1      128.04    17.632  2
   6.40     1.647  1       67.68    12.036  1      128.96    17.714  2
   7.32     1.751  1       68.60    12.143  1      129.87    17.796  2
   8.23     1.864  1       69.51    12.249  1      130.79    17.877  2
   9.15     2.005  1       70.42    12.354  1      131.70    17.959  2
  10.06     2.158  1       71.34    12.459  1      132.62    18.040  2
  10.98     2.319  1       72.25    12.564  1      133.53    18.121  2
  11.89     2.484  1       73.17    12.668  1      134.45    18.201  2
  12.80     2.650  1       74.08    12.771  1      135.36    18.282  2
  13.72     2.816  1       75.00    12.874  1      136.28    18.362  2
  14.63     2.983  1       75.91    12.976  1      137.19    18.441  2
  15.55     3.150  1       76.83    13.078  1      138.10    18.432  2
  16.46     3.318  1       77.74    13.180  1      139.02    18.332  2
  17.38     3.487  1       78.66    13.281  1      139.93    18.229  2
  18.29     3.656  1       79.57    13.381  1      140.85    18.124  2
  19.21     3.827  1       80.48    13.481  1      141.76    18.016  2
  20.12     3.997  1       81.40    13.580  1      142.68    17.905  2
  21.04     4.169  1       82.31    13.680  1      143.59    17.792  2
  21.95     4.342  1       83.23    13.778  1      144.51    17.677  2
  22.86     4.515  1       84.14    13.876  1      145.42    17.558  2
  23.78     4.689  1       85.06    13.974  1      146.34    17.437  2
  24.69     4.865  1       85.97    14.071  1      147.25    17.313  2
  25.61     5.041  1       86.89    14.168  1      148.17    17.187  2
  26.52     5.218  1       87.80    14.264  1      149.08    17.058  2
  27.44     5.396  1       88.72    14.360  1      149.99    16.926  2
  28.35     5.574  1       89.63    14.456  1      150.91    16.791  2
  29.27     5.754  1       90.55    14.551  1      151.82    16.653  2
  30.18     5.935  1       91.46    14.646  1      152.74    16.513  2
  31.10     6.116  1       92.37    14.165  2      153.65    16.370  2
  32.01     6.299  1       93.29    14.262  2      154.57    16.224  2
  32.93     6.482  1       94.20    14.357  2      155.48    16.074  2
  33.84     6.666  1       95.12    14.453  2      156.40    15.922  2
  34.75     6.851  1       96.03    14.548  2      157.31    15.767  2
  35.67     7.037  1       96.95    14.642  2      158.23    15.609  2
  36.58     7.224  1       97.86    14.736  2      159.14    15.448  2
  37.50     7.412  1       98.78    14.830  2      160.05    15.284  2
  38.41     7.602  1       99.69    14.923  2      160.97    15.116  2
  39.33     7.800  1      100.61    15.016  2      161.88    14.946  2
  40.24     8.001  1      101.52    15.108  2      162.80    14.772  2
  41.16     8.204  1      102.44    15.200  2      163.71    14.594  2
  42.07     8.407  1      103.35    15.292  2      164.63    14.414  2
  42.99     8.612  1      104.26    15.383  2      165.54    14.230  2
  43.90     8.817  1      105.18    15.474  2      166.46    14.042  2
  44.82     9.023  1      106.09    15.564  2      167.37    13.851  2
  45.73     9.230  1      107.01    15.654  2      168.29    13.657  2
  46.64     9.396  1      107.92    15.744  2      169.20    13.459  2
  47.56     9.519  1      108.84    15.833  2      170.12    13.257  2
  48.47     9.642  1      109.75    15.922  2      171.03    13.051  2
  49.39     9.763  1      110.67    16.011  2      171.94    12.842  2
  50.30     9.884  1      111.58    16.099  2      172.86    12.628  2
  51.22    10.004  1      112.50    16.187  2      173.77    12.411  2
  52.13    10.123  1      113.41    16.275  2      174.69    12.189  2
  53.05    10.241  1      114.32    16.362  2      175.60    11.963  2
  53.96    10.359  1      115.24    16.449  2      176.52    11.733  2
  54.88    10.476  1      116.15    16.535  2      177.43    11.499  2
  55.79    10.591  1      117.07    16.622  2      178.35    11.260  2
  56.71    10.707  1      117.98    16.708  2      179.26    11.016  2
  57.62    10.821  1      118.90    16.793  2      180.18    10.768  2
  58.53    10.935  1      119.81    16.878  2      181.09    10.515  2
  59.45    11.048  1      120.73    16.963  2      182.01    10.257  2
  60.36    11.160  1      121.64    17.048  2      182.92     9.993  2
  61.28    11.272  1      122.56    17.132  2

note:  (+) soil loss - detachment     (-) soil loss - deposition



III. OFF SITE EFFECTS  OFF SITE EFFECTS  OFF SITE EFFECTS
     ----------------  ----------------  ----------------

     A.  SEDIMENT LEAVING PROFILE for year    9  2200.731 kg/m

     B.  SEDIMENT CHARACTERISTICS AND ENRICHMENT

     Sediment particle information leaving profile
-------------------------------------------------------------------------------
                                 Particle Composition         Detached Fraction
Class  Diameter  Specific  ---------------------------------  Sediment  In Flow
         (mm)    Gravity   % Sand   % Silt   % Clay   % O.M.  Fraction  Exiting
-------------------------------------------------------------------------------
  1     0.002      2.60      0.0      0.0    100.0     16.7     0.078    0.078
  2     0.010      2.65      0.0    100.0      0.0      0.0     0.072    0.072
  3     0.040      1.80      0.0     60.0     40.0      6.7     0.378    0.378
  4     0.600      1.60     48.4     35.2     16.5      2.7     0.430    0.430
  5     0.200      2.65    100.0      0.0      0.0      0.0     0.042    0.042
-------------------------------------------------------------------------------


     Weighted SSA enrichment ratio leaving profile for year    9 =   1.00


     HILLSLOPE 1 YEARLY SUMMARY FOR   10
     ----------------------------------


I.   RAINFALL AND RUNOFF SUMMARY
     -------- --- ------ -------

      year:     10

         Rainfall         Storm Runoff        Melt Runoff
      events   amount   events   amount     events  amount
                (mm)              (mm)               (mm)

        53     420.60       7      22.93       2      26.19


II.  ON SITE EFFECTS  ON SITE EFFECTS  ON SITE EFFECTS
     ---------------  ---------------  ---------------


  A.  AREA OF NET SOIL LOSS

      ** Soil Loss (Avg. of Net Detachment Areas) =    7.490 kg/m2 **
      ** Maximum Soil Loss  =   11.950 kg/m2 at  137.19 meters **


      Area of    Soil Loss   Soil Loss   MAX   MAX Loss   MIN   MIN Loss
      Net Loss      MEAN      STDEV      Loss    Point    Loss   Point
        (m)       (kg/m2)     (kg/m2)  (kg/m2)    (m)    (kg/m2)  (m)
------------------------------------------------------------------------
   0.00- 182.92    7.490     3.440     11.950  137.19     0.200     2.74



  C.  SOIL LOSS/DEPOSITION ALONG SLOPE PROFILE

          Profile distances are from top to bottom of hillslope


 distance soil  flow    distance   soil  flow    distance   soil  flow
    (m)   loss  elem       (m)     loss  elem       (m)     loss  elem
         (kg/m2)                  (kg/m2)                  (kg/m2)
------------------------------------------------------------------------

   0.91     0.200  1       62.19     7.149  1      123.47    11.139  2
   1.83     0.200  1       63.11     7.230  1      124.39    11.195  2
   2.74     0.200  1       64.02     7.309  1      125.30    11.250  2
   3.66     0.200  1       64.94     7.389  1      126.21    11.305  2
   4.57     0.200  1       65.85     7.468  1      127.13    11.360  2
   5.49     0.202  1       66.77     7.546  1      128.04    11.415  2
   6.40     0.223  1       67.68     7.624  1      128.96    11.469  2
   7.32     0.257  1       68.60     7.702  1      129.87    11.523  2
   8.23     0.303  1       69.51     7.779  1      130.79    11.577  2
   9.15     0.357  1       70.42     7.856  1      131.70    11.631  2
  10.06     0.462  1       71.34     7.932  1      132.62    11.685  2
  10.98     0.580  1       72.25     8.008  1      133.53    11.738  2
  11.89     0.698  1       73.17     8.083  1      134.45    11.792  2
  12.80     0.816  1       74.08     8.158  1      135.36    11.845  2
  13.72     0.935  1       75.00     8.233  1      136.28    11.898  2
  14.63     1.054  1       75.91     8.307  1      137.19    11.950  2
  15.55     1.173  1       76.83     8.381  1      138.10    11.939  2
  16.46     1.292  1       77.74     8.455  1      139.02    11.862  2
  17.38     1.412  1       78.66     8.528  1      139.93    11.784  2
  18.29     1.537  1       79.57     8.601  1      140.85    11.704  2
  19.21     1.662  1       80.48     8.673  1      141.76    11.622  2
  20.12     1.788  1       81.40     8.745  1      142.68    11.538  2
  21.04     1.914  1       82.31     8.817  1      143.59    11.453  2
  21.95     2.041  1       83.23     8.889  1      144.51    11.366  2
  22.86     2.169  1       84.14     8.960  1      145.42    11.277  2
  23.78     2.297  1       85.06     9.031  1      146.34    11.186  2
  24.69     2.426  1       85.97     9.101  1      147.25    11.093  2
  25.61     2.555  1       86.89     9.171  1      148.17    10.998  2
  26.52     2.685  1       87.80     9.241  1      149.08    10.902  2
  27.44     2.816  1       88.72     9.310  1      149.99    10.804  2
  28.35     2.947  1       89.63     9.380  1      150.91    10.703  2
  29.27     3.079  1       90.55     9.448  1      151.82    10.601  2
  30.18     3.211  1       91.46     9.517  1      152.74    10.497  2
  31.10     3.344  1       92.37     9.105  2      153.65    10.391  2
  32.01     3.478  1       93.29     9.169  2      154.57    10.283  2
  32.93     3.612  1       94.20     9.233  2      155.48    10.173  2
  33.84     3.747  1       95.12     9.297  2      156.40    10.061  2
  34.75     3.883  1       96.03     9.361  2      157.31     9.946  2
  35.67     4.019  1       96.95     9.424  2      158.23     9.830  2
  36.58     4.155  1       97.86     9.487  2      159.14     9.712  2
  37.50     4.293  1       98.78     9.550  2      160.05     9.592  2
  38.41     4.431  1       99.69     9.612  2      160.97     9.469  2
  39.33     4.569  1      100.61     9.674  2      161.88     9.344  2
  40.24     4.709  1      101.52     9.736  2      162.80     9.217  2
  41.16     4.848  1      102.44     9.797  2      163.71     9.088  2
  42.07     4.989  1      103.35     9.858  2      164.63     8.956  2
  42.99     5.130  1      104.26     9.919  2      165.54     8.823  2
  43.90     5.278  1      105.18     9.980  2      166.46     8.687  2
  44.82     5.429  1      106.09    10.040  2      167.37     8.548  2
  45.73     5.580  1      107.01    10.100  2      168.29     8.407  2
  46.64     5.701  1      107.92    10.160  2      169.20     8.264  2
  47.56     5.791  1      108.84    10.220  2      170.12     8.118  2
  48.47     5.880  1      109.75    10.279  2      171.03     7.969  2
  49.39     5.969  1      110.67    10.338  2      171.94     7.818  2
  50.30     6.057  1      111.58    10.397  2      172.86     7.665  2
  51.22     6.145  1      112.50    10.455  2      173.77     7.508  2
  52.13     6.231  1      113.41    10.514  2      174.69     7.349  2
  53.05     6.318  1      114.32    10.572  2      175.60     7.187  2
  53.96     6.403  1      115.24    10.629  2      176.52     7.023  2
  54.88     6.488  1      116.15    10.687  2      177.43     6.855  2
  55.79     6.573  1      117.07    10.744  2      178.35     6.684  2
  56.71     6.657  1      117.98    10.801  2      179.26     6.510  2
  57.62     6.740  1      118.90    10.858  2      180.18     6.334  2
  58.53     6.823  1      119.81    10.915  2      181.09     6.153  2
  59.45     6.905  1      120.73    10.971  2      182.01     5.970  2
  60.36     6.987  1      121.64    11.027  2      182.92     5.783  2
  61.28     7.069  1      122.56    11.083  2

note:  (+) soil loss - detachment     (-) soil loss - deposition



III. OFF SITE EFFECTS  OFF SITE EFFECTS  OFF SITE EFFECTS
     ----------------  ----------------  ----------------

     A.  SEDIMENT LEAVING PROFILE for year   10  1370.029 kg/m

     B.  SEDIMENT CHARACTERISTICS AND ENRICHMENT

     Sediment particle information leaving profile
-------------------------------------------------------------------------------
                                 Particle Composition         Detached Fraction
Class  Diameter  Specific  ---------------------------------  Sediment  In Flow
         (mm)    Gravity   % Sand   % Silt   % Clay   % O.M.  Fraction  Exiting
-------------------------------------------------------------------------------
  1     0.002      2.60      0.0      0.0    100.0     16.7     0.078    0.078
  2     0.010      2.65      0.0    100.0      0.0      0.0     0.072    0.072
  3     0.040      1.80      0.0     60.0     40.0      6.7     0.378    0.378
  4     0.600      1.60     48.4     35.2     16.5      2.7     0.430    0.430
  5     0.200      2.65    100.0      0.0      0.0      0.0     0.042    0.042
-------------------------------------------------------------------------------


     Weighted SSA enrichment ratio leaving profile for year   10 =   1.00


     ANNUAL AVERAGE SUMMARIES
     ------------------------


I.   RAINFALL AND RUNOFF SUMMARY
     -------- --- ------ -------

      total summary:  years    1 -   10

       726 storms produced                         6076.30 mm of precipitation
        84 rain storm runoff events produced        462.52 mm of runoff
        24 snow melts and/or
             events during winter produced          151.80 mm of runoff

      annual averages
      ---------------

        Number of years                                   10
        Mean annual precipitation                     607.63    mm
        Mean annual runoff from rainfall               46.25    mm
        Mean annual runoff from snow melt
          and/or rain storm during winter              15.18    mm



II.  ON SITE EFFECTS  ON SITE EFFECTS  ON SITE EFFECTS
     ---------------  ---------------  ---------------


  A.  AREA OF NET SOIL LOSS

      ** Soil Loss (Avg. of Net Detachment Areas) =    7.932 kg/m2 **
      ** Maximum Soil Loss  =   12.551 kg/m2 at  137.19 meters **


      Area of    Soil Loss   Soil Loss   MAX   MAX Loss   MIN   MIN Loss
      Net Loss      MEAN      STDEV      Loss    Point    Loss   Point
        (m)       (kg/m2)     (kg/m2)  (kg/m2)    (m)    (kg/m2)  (m)
------------------------------------------------------------------------
   0.00- 182.92    7.932     3.527     12.551  137.19     0.463     0.91



  C.  SOIL LOSS/DEPOSITION ALONG SLOPE PROFILE

          Profile distances are from top to bottom of hillslope


 distance soil  flow    distance   soil  flow    distance   soil  flow
    (m)   loss  elem       (m)     loss  elem       (m)     loss  elem
         (kg/m2)                  (kg/m2)                  (kg/m2)
------------------------------------------------------------------------

   0.91     0.463  1       62.19     7.460  1      123.47    11.670  2
   1.83     0.463  1       63.11     7.540  1      124.39    11.730  2
   2.74     0.468  1       64.02     7.619  1      125.30    11.790  2
   3.66     0.483  1       64.94     7.698  1      126.21    11.850  2
   4.57     0.514  1       65.85     7.776  1      127.13    11.910  2
   5.49     0.559  1       66.77     7.854  1      128.04    11.969  2
   6.40     0.616  1       67.68     7.931  1      128.96    12.028  2
   7.32     0.679  1       68.60     8.008  1      129.87    12.087  2
   8.23     0.749  1       69.51     8.085  1      130.79    12.146  2
   9.15     0.826  1       70.42     8.161  1      131.70    12.204  2
  10.06     0.915  1       71.34     8.237  1      132.62    12.262  2
  10.98     1.007  1       72.25     8.312  1      133.53    12.321  2
  11.89     1.100  1       73.17     8.387  1      134.45    12.378  2
  12.80     1.198  1       74.08     8.462  1      135.36    12.436  2
  13.72     1.301  1       75.00     8.536  1      136.28    12.494  2
  14.63     1.405  1       75.91     8.610  1      137.19    12.551  2
  15.55     1.509  1       76.83     8.683  1      138.10    12.544  2
  16.46     1.614  1       77.74     8.756  1      139.02    12.471  2
  17.38     1.721  1       78.66     8.829  1      139.93    12.397  2
  18.29     1.830  1       79.57     8.901  1      140.85    12.320  2
  19.21     1.943  1       80.48     8.973  1      141.76    12.242  2
  20.12     2.059  1       81.40     9.045  1      142.68    12.162  2
  21.04     2.177  1       82.31     9.116  1      143.59    12.080  2
  21.95     2.295  1       83.23     9.187  1      144.51    11.997  2
  22.86     2.415  1       84.14     9.258  1      145.42    11.911  2
  23.78     2.539  1       85.06     9.328  1      146.34    11.823  2
  24.69     2.668  1       85.97     9.398  1      147.25    11.734  2
  25.61     2.799  1       86.89     9.468  1      148.17    11.642  2
  26.52     2.932  1       87.80     9.537  1      149.08    11.549  2
  27.44     3.066  1       88.72     9.606  1      149.99    11.454  2
  28.35     3.200  1       89.63     9.675  1      150.91    11.356  2
  29.27     3.335  1       90.55     9.744  1      151.82    11.257  2
  30.18     3.470  1       91.46     9.812  1      152.74    11.155  2
  31.10     3.607  1       92.37     9.473  2      153.65    11.052  2
  32.01     3.744  1       93.29     9.542  2      154.57    10.946  2
  32.93     3.881  1       94.20     9.611  2      155.48    10.839  2
  33.84     4.020  1       95.12     9.680  2      156.40    10.729  2
  34.75     4.160  1       96.03     9.749  2      157.31    10.617  2
  35.67     4.301  1       96.95     9.817  2      158.23    10.503  2
  36.58     4.443  1       97.86     9.885  2      159.14    10.387  2
  37.50     4.585  1       98.78     9.952  2      160.05    10.268  2
  38.41     4.728  1       99.69    10.019  2      160.97    10.147  2
  39.33     4.872  1      100.61    10.086  2      161.88    10.024  2
  40.24     5.017  1      101.52    10.153  2      162.80     9.899  2
  41.16     5.163  1      102.44    10.219  2      163.71     9.771  2
  42.07     5.309  1      103.35    10.285  2      164.63     9.641  2
  42.99     5.456  1      104.26    10.351  2      165.54     9.508  2
  43.90     5.605  1      105.18    10.416  2      166.46     9.373  2
  44.82     5.754  1      106.09    10.481  2      167.37     9.236  2
  45.73     5.903  1      107.01    10.546  2      168.29     9.096  2
  46.64     6.023  1      107.92    10.611  2      169.20     8.953  2
  47.56     6.113  1      108.84    10.675  2      170.12     8.808  2
  48.47     6.201  1      109.75    10.739  2      171.03     8.660  2
  49.39     6.289  1      110.67    10.803  2      171.94     8.510  2
  50.30     6.377  1      111.58    10.867  2      172.86     8.356  2
  51.22     6.463  1      112.50    10.930  2      173.77     8.200  2
  52.13     6.550  1      113.41    10.993  2      174.69     8.041  2
  53.05     6.635  1      114.32    11.056  2      175.60     7.879  2
  53.96     6.720  1      115.24    11.118  2      176.52     7.714  2
  54.88     6.804  1      116.15    11.181  2      177.43     7.546  2
  55.79     6.888  1      117.07    11.243  2      178.35     7.374  2
  56.71     6.971  1      117.98    11.304  2      179.26     7.200  2
  57.62     7.054  1      118.90    11.366  2      180.18     7.022  2
  58.53     7.136  1      119.81    11.427  2      181.09     6.841  2
  59.45     7.218  1      120.73    11.488  2      182.01     6.656  2
  60.36     7.299  1      121.64    11.549  2      182.92     6.468  2
  61.28     7.380  1      122.56    11.610  2

note:  (+) soil loss - detachment     (-) soil loss - deposition



III. OFF SITE EFFECTS  OFF SITE EFFECTS  OFF SITE EFFECTS
     ----------------  ----------------  ----------------

     A.  AVERAGE ANNUAL SEDIMENT LEAVING PROFILE
          1450.910   kg/m of width
         *********     kg (based on profile width of    100.000      m)
            79.319   t/ha (assuming contributions from     1.829     ha)
     B.  SEDIMENT CHARACTERISTICS AND ENRICHMENT

     Sediment particle information leaving profile
-------------------------------------------------------------------------------
                                 Particle Composition         Detached Fraction
Class  Diameter  Specific  ---------------------------------  Sediment  In Flow
         (mm)    Gravity   % Sand   % Silt   % Clay   % O.M.  Fraction  Exiting
-------------------------------------------------------------------------------
  1     0.002      2.60      0.0      0.0    100.0     16.7     0.078    0.078
  2     0.010      2.65      0.0    100.0      0.0      0.0     0.072    0.072
  3     0.040      1.80      0.0     60.0     40.0      6.7     0.378    0.379
  4     0.600      1.60     48.4     35.2     16.5      2.7     0.430    0.429
  5     0.200      2.65    100.0      0.0      0.0      0.0     0.042    0.042
-------------------------------------------------------------------------------


     Average annual SSA enrichment ratio leaving profile =   1.00
