 Annual; detailed (Metric Units)                                        


          USDA WATER EROSION PREDICTION PROJECT
          -------------------------------------

          HILLSLOPE PROFILE AND WATERSHED MODEL
                     VERSION  2010.100
           January 28,      2010


               TO REPORT PROBLEMS OR TO BE PUT ON THE MAILING
               LIST FOR FUTURE WEPP MODEL RELEASES, PLEASE CONTACT:

                    WEPP TECHNICAL SUPPORT
                    USDA-AGRICULTURAL RESEARCH SERVICE
                    NATIONAL SOIL EROSION RESEARCH LABORATORY
                    275 SOUTH RUSSELL STREET
                    WEST LAFAYETTE, IN 47907-2077  USA

                    PHONE: (765) 494-8673
                      FAX: (765) 494-5948
                    email:  wepp@ecn.purdue.edu
                      URL:  http://topsoil.nserl.purdue.edu


     HILLSLOPE INPUT DATA FILES - VERSION  2010.100
      January 28,      2010


    MANAGEMENT: ../working/wepp-55106.man                         
 MAN. PRACTICE: Two OFEs for forest conditions                              
                W. Elliot 02/99                                             
                                                                            
         SLOPE: ../working/wepp-55106.slp                         
       CLIMATE: ../working/wepp-55106.cli                         
       Station:  TOKETEE FALLS OR                               CLIGEN VERSION  4.31
          SOIL: ../working/wepp-55106.sol                         
      PLANE  1 HIGH                sandy loam          
      PLANE  2 HIGH                sandy loam          


     HILLSLOPE 1 YEARLY SUMMARY FOR    1
     ----------------------------------


I.   RAINFALL AND RUNOFF SUMMARY
     -------- --- ------ -------

      year:      1

         Rainfall         Storm Runoff        Melt Runoff
      events   amount   events   amount     events  amount
                (mm)              (mm)               (mm)

       143    1319.00       4      11.04       0       0.00


II.  ON SITE EFFECTS  ON SITE EFFECTS  ON SITE EFFECTS
     ---------------  ---------------  ---------------


  A.  AREA OF NET SOIL LOSS

      ** Soil Loss (Avg. of Net Detachment Areas) =    0.124 kg/m2 **
      ** Maximum Soil Loss  =    0.190 kg/m2 at  182.92 meters **


      Area of    Soil Loss   Soil Loss   MAX   MAX Loss   MIN   MIN Loss
      Net Loss      MEAN      STDEV      Loss    Point    Loss   Point
        (m)       (kg/m2)     (kg/m2)  (kg/m2)    (m)    (kg/m2)  (m)
------------------------------------------------------------------------
   0.00- 182.92    0.124     0.068      0.190  182.92     0.000     2.74



  C.  SOIL LOSS/DEPOSITION ALONG SLOPE PROFILE

          Profile distances are from top to bottom of hillslope


 distance soil  flow    distance   soil  flow    distance   soil  flow
    (m)   loss  elem       (m)     loss  elem       (m)     loss  elem
         (kg/m2)                  (kg/m2)                  (kg/m2)
------------------------------------------------------------------------

   0.91     0.000  1       62.19     0.089  1      123.47     0.182  2
   1.83     0.000  1       63.11     0.091  1      124.39     0.183  2
   2.74     0.000  1       64.02     0.092  1      125.30     0.183  2
   3.66     0.000  1       64.94     0.094  1      126.21     0.183  2
   4.57     0.000  1       65.85     0.096  1      127.13     0.183  2
   5.49     0.000  1       66.77     0.097  1      128.04     0.183  2
   6.40     0.000  1       67.68     0.099  1      128.96     0.184  2
   7.32     0.000  1       68.59     0.101  1      129.87     0.184  2
   8.23     0.000  1       69.51     0.102  1      130.79     0.184  2
   9.15     0.001  1       70.42     0.104  1      131.70     0.184  2
  10.06     0.002  1       71.34     0.106  1      132.62     0.184  2
  10.98     0.004  1       72.25     0.107  1      133.53     0.185  2
  11.89     0.005  1       73.17     0.109  1      134.45     0.185  2
  12.80     0.007  1       74.08     0.111  1      135.36     0.185  2
  13.72     0.008  1       75.00     0.112  1      136.28     0.185  2
  14.63     0.009  1       75.91     0.114  1      137.19     0.185  2
  15.55     0.011  1       76.83     0.115  1      138.10     0.186  2
  16.46     0.012  1       77.74     0.117  1      139.02     0.186  2
  17.38     0.014  1       78.66     0.119  1      139.93     0.186  2
  18.29     0.016  1       79.57     0.120  1      140.85     0.186  2
  19.21     0.017  1       80.48     0.122  1      141.76     0.186  2
  20.12     0.019  1       81.40     0.123  1      142.68     0.186  2
  21.04     0.021  1       82.31     0.125  1      143.59     0.186  2
  21.95     0.022  1       83.23     0.127  1      144.51     0.186  2
  22.86     0.024  1       84.14     0.128  1      145.42     0.186  2
  23.78     0.026  1       85.06     0.130  1      146.34     0.187  2
  24.69     0.027  1       85.97     0.131  1      147.25     0.187  2
  25.61     0.029  1       86.89     0.133  1      148.17     0.187  2
  26.52     0.030  1       87.80     0.134  1      149.08     0.187  2
  27.44     0.032  1       88.72     0.136  1      149.99     0.187  2
  28.35     0.033  1       89.63     0.137  1      150.91     0.187  2
  29.27     0.035  1       90.55     0.139  1      151.82     0.187  2
  30.18     0.036  1       91.46     0.140  1      152.74     0.187  2
  31.10     0.038  1       92.37     0.175  2      153.65     0.187  2
  32.01     0.039  1       93.29     0.175  2      154.57     0.187  2
  32.93     0.041  1       94.20     0.175  2      155.48     0.188  2
  33.84     0.042  1       95.12     0.176  2      156.40     0.188  2
  34.75     0.044  1       96.03     0.176  2      157.31     0.188  2
  35.67     0.045  1       96.95     0.176  2      158.23     0.188  2
  36.58     0.046  1       97.86     0.176  2      159.14     0.188  2
  37.50     0.048  1       98.78     0.177  2      160.06     0.188  2
  38.41     0.049  1       99.69     0.177  2      160.97     0.188  2
  39.33     0.050  1      100.61     0.177  2      161.88     0.188  2
  40.24     0.052  1      101.52     0.177  2      162.80     0.188  2
  41.16     0.053  1      102.44     0.177  2      163.71     0.188  2
  42.07     0.054  1      103.35     0.178  2      164.63     0.188  2
  42.99     0.056  1      104.26     0.178  2      165.54     0.189  2
  43.90     0.057  1      105.18     0.178  2      166.46     0.189  2
  44.82     0.058  1      106.09     0.178  2      167.37     0.189  2
  45.73     0.059  1      107.01     0.179  2      168.29     0.189  2
  46.64     0.061  1      107.92     0.179  2      169.20     0.189  2
  47.56     0.062  1      108.84     0.179  2      170.12     0.189  2
  48.47     0.063  1      109.75     0.179  2      171.03     0.189  2
  49.39     0.065  1      110.67     0.179  2      171.94     0.189  2
  50.30     0.066  1      111.58     0.180  2      172.86     0.189  2
  51.22     0.068  1      112.50     0.180  2      173.77     0.189  2
  52.13     0.069  1      113.41     0.180  2      174.69     0.189  2
  53.05     0.071  1      114.32     0.180  2      175.60     0.189  2
  53.96     0.073  1      115.24     0.181  2      176.52     0.190  2
  54.88     0.075  1      116.15     0.181  2      177.43     0.190  2
  55.79     0.077  1      117.07     0.181  2      178.35     0.190  2
  56.71     0.078  1      117.98     0.181  2      179.26     0.190  2
  57.62     0.080  1      118.90     0.181  2      180.18     0.190  2
  58.53     0.082  1      119.81     0.182  2      181.09     0.190  2
  59.45     0.084  1      120.73     0.182  2      182.01     0.190  2
  60.36     0.086  1      121.64     0.182  2      182.92     0.190  2
  61.28     0.087  1      122.56     0.182  2

note:  (+) soil loss - detachment     (-) soil loss - deposition



III. OFF SITE EFFECTS  OFF SITE EFFECTS  OFF SITE EFFECTS
     ----------------  ----------------  ----------------

     A.  SEDIMENT LEAVING PROFILE for year    1    22.624 kg/m



     B.  SEDIMENT CHARACTERISTICS AND ENRICHMENT

     Sediment particle information leaving profile
-------------------------------------------------------------------------------
                                 Particle Composition         Detached Fraction
Class  Diameter  Specific  ---------------------------------  Sediment  In Flow
         (mm)    Gravity   % Sand   % Silt   % Clay   % O.M.  Fraction  Exiting
-------------------------------------------------------------------------------
  1     0.002      2.60      0.0      0.0    100.0     50.0     0.026    0.027
  2     0.010      2.65      0.0    100.0      0.0      0.0     0.070    0.071
  3     0.030      1.80      0.0     71.4     28.6     14.3     0.180    0.181
  4     0.300      1.60     78.2     15.1      6.6      3.3     0.340    0.339
  5     0.200      2.65    100.0      0.0      0.0      0.0     0.384    0.382
-------------------------------------------------------------------------------


     Weighted SSA enrichment ratio leaving profile for year    1 =   1.00


     HILLSLOPE 1 YEARLY SUMMARY FOR    2
     ----------------------------------


I.   RAINFALL AND RUNOFF SUMMARY
     -------- --- ------ -------

      year:      2

         Rainfall         Storm Runoff        Melt Runoff
      events   amount   events   amount     events  amount
                (mm)              (mm)               (mm)

       151    1330.20       3       1.36       0       0.00


II.  ON SITE EFFECTS  ON SITE EFFECTS  ON SITE EFFECTS
     ---------------  ---------------  ---------------


  A.  AREA OF NET SOIL LOSS

      ** Soil Loss (Avg. of Net Detachment Areas) =    0.026 kg/m2 **
      ** Maximum Soil Loss  =    0.042 kg/m2 at   91.46 meters **


      Area of    Soil Loss   Soil Loss   MAX   MAX Loss   MIN   MIN Loss
      Net Loss      MEAN      STDEV      Loss    Point    Loss   Point
        (m)       (kg/m2)     (kg/m2)  (kg/m2)    (m)    (kg/m2)  (m)
------------------------------------------------------------------------
   0.00- 182.92    0.026     0.011      0.042   91.46     0.000     4.57



  C.  SOIL LOSS/DEPOSITION ALONG SLOPE PROFILE

          Profile distances are from top to bottom of hillslope


 distance soil  flow    distance   soil  flow    distance   soil  flow
    (m)   loss  elem       (m)     loss  elem       (m)     loss  elem
         (kg/m2)                  (kg/m2)                  (kg/m2)
------------------------------------------------------------------------

   0.91     0.000  1       62.19     0.029  1      123.47     0.033  2
   1.83     0.000  1       63.11     0.029  1      124.39     0.033  2
   2.74     0.000  1       64.02     0.030  1      125.30     0.033  2
   3.66     0.000  1       64.94     0.030  1      126.21     0.032  2
   4.57     0.000  1       65.85     0.031  1      127.13     0.032  2
   5.49     0.000  1       66.77     0.031  1      128.04     0.032  2
   6.40     0.000  1       67.68     0.032  1      128.96     0.032  2
   7.32     0.000  1       68.59     0.032  1      129.87     0.032  2
   8.23     0.000  1       69.51     0.032  1      130.79     0.032  2
   9.15     0.000  1       70.42     0.033  1      131.70     0.032  2
  10.06     0.000  1       71.34     0.033  1      132.62     0.032  2
  10.98     0.001  1       72.25     0.034  1      133.53     0.032  2
  11.89     0.001  1       73.17     0.034  1      134.45     0.031  2
  12.80     0.002  1       74.08     0.035  1      135.36     0.031  2
  13.72     0.003  1       75.00     0.035  1      136.28     0.031  2
  14.63     0.003  1       75.91     0.035  1      137.19     0.031  2
  15.55     0.004  1       76.83     0.036  1      138.10     0.031  2
  16.46     0.004  1       77.74     0.036  1      139.02     0.031  2
  17.38     0.005  1       78.66     0.037  1      139.93     0.031  2
  18.29     0.006  1       79.57     0.037  1      140.85     0.031  2
  19.21     0.006  1       80.48     0.038  1      141.76     0.030  2
  20.12     0.007  1       81.40     0.038  1      142.68     0.030  2
  21.04     0.007  1       82.31     0.038  1      143.59     0.030  2
  21.95     0.008  1       83.23     0.039  1      144.51     0.030  2
  22.86     0.008  1       84.14     0.039  1      145.42     0.030  2
  23.78     0.009  1       85.06     0.040  1      146.34     0.030  2
  24.69     0.009  1       85.97     0.040  1      147.25     0.030  2
  25.61     0.010  1       86.89     0.040  1      148.17     0.030  2
  26.52     0.010  1       87.80     0.041  1      149.08     0.029  2
  27.44     0.011  1       88.72     0.041  1      149.99     0.029  2
  28.35     0.011  1       89.63     0.042  1      150.91     0.029  2
  29.27     0.012  1       90.55     0.042  1      151.82     0.029  2
  30.18     0.012  1       91.46     0.042  1      152.74     0.029  2
  31.10     0.013  1       92.37     0.037  2      153.65     0.029  2
  32.01     0.013  1       93.29     0.037  2      154.57     0.029  2
  32.93     0.014  1       94.20     0.036  2      155.48     0.029  2
  33.84     0.014  1       95.12     0.036  2      156.40     0.028  2
  34.75     0.015  1       96.03     0.036  2      157.31     0.028  2
  35.67     0.015  1       96.95     0.036  2      158.23     0.028  2
  36.58     0.016  1       97.86     0.036  2      159.14     0.028  2
  37.50     0.016  1       98.78     0.036  2      160.06     0.028  2
  38.41     0.017  1       99.69     0.036  2      160.97     0.028  2
  39.33     0.017  1      100.61     0.036  2      161.88     0.028  2
  40.24     0.018  1      101.52     0.036  2      162.80     0.027  2
  41.16     0.018  1      102.44     0.035  2      163.71     0.027  2
  42.07     0.019  1      103.35     0.035  2      164.63     0.027  2
  42.99     0.019  1      104.26     0.035  2      165.54     0.027  2
  43.90     0.020  1      105.18     0.035  2      166.46     0.027  2
  44.82     0.020  1      106.09     0.035  2      167.37     0.027  2
  45.73     0.021  1      107.01     0.035  2      168.29     0.027  2
  46.64     0.021  1      107.92     0.035  2      169.20     0.027  2
  47.56     0.021  1      108.84     0.035  2      170.12     0.026  2
  48.47     0.022  1      109.75     0.034  2      171.03     0.026  2
  49.39     0.022  1      110.67     0.034  2      171.94     0.026  2
  50.30     0.023  1      111.58     0.034  2      172.86     0.026  2
  51.22     0.023  1      112.50     0.034  2      173.77     0.026  2
  52.13     0.024  1      113.41     0.034  2      174.69     0.026  2
  53.05     0.024  1      114.32     0.034  2      175.60     0.026  2
  53.96     0.025  1      115.24     0.034  2      176.52     0.026  2
  54.88     0.025  1      116.15     0.034  2      177.43     0.025  2
  55.79     0.026  1      117.07     0.034  2      178.35     0.025  2
  56.71     0.026  1      117.98     0.033  2      179.26     0.025  2
  57.62     0.027  1      118.90     0.033  2      180.18     0.025  2
  58.53     0.027  1      119.81     0.033  2      181.09     0.025  2
  59.45     0.028  1      120.73     0.033  2      182.01     0.025  2
  60.36     0.028  1      121.64     0.033  2      182.92     0.025  2
  61.28     0.028  1      122.56     0.033  2

note:  (+) soil loss - detachment     (-) soil loss - deposition



III. OFF SITE EFFECTS  OFF SITE EFFECTS  OFF SITE EFFECTS
     ----------------  ----------------  ----------------

     A.  SEDIMENT LEAVING PROFILE for year    2     4.685 kg/m



     B.  SEDIMENT CHARACTERISTICS AND ENRICHMENT

     Sediment particle information leaving profile
-------------------------------------------------------------------------------
                                 Particle Composition         Detached Fraction
Class  Diameter  Specific  ---------------------------------  Sediment  In Flow
         (mm)    Gravity   % Sand   % Silt   % Clay   % O.M.  Fraction  Exiting
-------------------------------------------------------------------------------
  1     0.002      2.60      0.0      0.0    100.0     50.0     0.026    0.026
  2     0.010      2.65      0.0    100.0      0.0      0.0     0.070    0.071
  3     0.030      1.80      0.0     71.4     28.6     14.3     0.180    0.180
  4     0.300      1.60     78.2     15.1      6.6      3.3     0.340    0.340
  5     0.200      2.65    100.0      0.0      0.0      0.0     0.384    0.383
-------------------------------------------------------------------------------


     Weighted SSA enrichment ratio leaving profile for year    2 =   1.00


     HILLSLOPE 1 YEARLY SUMMARY FOR    3
     ----------------------------------


I.   RAINFALL AND RUNOFF SUMMARY
     -------- --- ------ -------

      year:      3

         Rainfall         Storm Runoff        Melt Runoff
      events   amount   events   amount     events  amount
                (mm)              (mm)               (mm)

       132    1359.20       5       2.97       3      16.84


II.  ON SITE EFFECTS  ON SITE EFFECTS  ON SITE EFFECTS
     ---------------  ---------------  ---------------


  A.  AREA OF NET SOIL LOSS

      ** Soil Loss (Avg. of Net Detachment Areas) =    0.076 kg/m2 **
      ** Maximum Soil Loss  =    0.210 kg/m2 at  182.92 meters **


      Area of    Soil Loss   Soil Loss   MAX   MAX Loss   MIN   MIN Loss
      Net Loss      MEAN      STDEV      Loss    Point    Loss   Point
        (m)       (kg/m2)     (kg/m2)  (kg/m2)    (m)    (kg/m2)  (m)
------------------------------------------------------------------------
   0.00- 182.92    0.076     0.066      0.210  182.92     0.000     5.49



  C.  SOIL LOSS/DEPOSITION ALONG SLOPE PROFILE

          Profile distances are from top to bottom of hillslope


 distance soil  flow    distance   soil  flow    distance   soil  flow
    (m)   loss  elem       (m)     loss  elem       (m)     loss  elem
         (kg/m2)                  (kg/m2)                  (kg/m2)
------------------------------------------------------------------------

   0.91     0.000  1       62.19     0.029  1      123.47     0.107  2
   1.83     0.000  1       63.11     0.029  1      124.39     0.109  2
   2.74     0.000  1       64.02     0.030  1      125.30     0.111  2
   3.66     0.000  1       64.94     0.030  1      126.21     0.113  2
   4.57     0.000  1       65.85     0.031  1      127.13     0.115  2
   5.49     0.000  1       66.77     0.031  1      128.04     0.117  2
   6.40     0.000  1       67.68     0.032  1      128.96     0.118  2
   7.32     0.000  1       68.59     0.032  1      129.87     0.120  2
   8.23     0.000  1       69.51     0.033  1      130.79     0.122  2
   9.15     0.000  1       70.42     0.033  1      131.70     0.124  2
  10.06     0.000  1       71.34     0.034  1      132.62     0.126  2
  10.98     0.000  1       72.25     0.034  1      133.53     0.128  2
  11.89     0.000  1       73.17     0.035  1      134.45     0.130  2
  12.80     0.001  1       74.08     0.036  1      135.36     0.131  2
  13.72     0.002  1       75.00     0.037  1      136.28     0.133  2
  14.63     0.002  1       75.91     0.037  1      137.19     0.135  2
  15.55     0.003  1       76.83     0.038  1      138.10     0.137  2
  16.46     0.004  1       77.74     0.039  1      139.02     0.138  2
  17.38     0.004  1       78.66     0.039  1      139.93     0.140  2
  18.29     0.005  1       79.57     0.040  1      140.85     0.142  2
  19.21     0.006  1       80.48     0.041  1      141.76     0.143  2
  20.12     0.006  1       81.40     0.042  1      142.68     0.145  2
  21.04     0.007  1       82.31     0.042  1      143.59     0.146  2
  21.95     0.008  1       83.23     0.043  1      144.51     0.148  2
  22.86     0.008  1       84.14     0.044  1      145.42     0.149  2
  23.78     0.009  1       85.06     0.044  1      146.34     0.151  2
  24.69     0.009  1       85.97     0.045  1      147.25     0.153  2
  25.61     0.010  1       86.89     0.046  1      148.17     0.154  2
  26.52     0.010  1       87.80     0.046  1      149.08     0.156  2
  27.44     0.011  1       88.72     0.047  1      149.99     0.157  2
  28.35     0.012  1       89.63     0.048  1      150.91     0.159  2
  29.27     0.012  1       90.55     0.049  1      151.82     0.160  2
  30.18     0.013  1       91.46     0.049  1      152.74     0.162  2
  31.10     0.013  1       92.37     0.047  2      153.65     0.164  2
  32.01     0.014  1       93.29     0.047  2      154.57     0.165  2
  32.93     0.014  1       94.20     0.047  2      155.48     0.167  2
  33.84     0.015  1       95.12     0.047  2      156.40     0.168  2
  34.75     0.015  1       96.03     0.049  2      157.31     0.170  2
  35.67     0.016  1       96.95     0.051  2      158.23     0.171  2
  36.58     0.016  1       97.86     0.053  2      159.14     0.173  2
  37.50     0.017  1       98.78     0.055  2      160.06     0.174  2
  38.41     0.017  1       99.69     0.057  2      160.97     0.176  2
  39.33     0.018  1      100.61     0.059  2      161.88     0.177  2
  40.24     0.018  1      101.52     0.061  2      162.80     0.179  2
  41.16     0.019  1      102.44     0.063  2      163.71     0.180  2
  42.07     0.019  1      103.35     0.065  2      164.63     0.182  2
  42.99     0.020  1      104.26     0.067  2      165.54     0.183  2
  43.90     0.020  1      105.18     0.069  2      166.46     0.184  2
  44.82     0.021  1      106.09     0.071  2      167.37     0.186  2
  45.73     0.021  1      107.01     0.073  2      168.29     0.187  2
  46.64     0.022  1      107.92     0.075  2      169.20     0.189  2
  47.56     0.022  1      108.84     0.077  2      170.12     0.190  2
  48.47     0.022  1      109.75     0.079  2      171.03     0.192  2
  49.39     0.023  1      110.67     0.081  2      171.94     0.193  2
  50.30     0.023  1      111.58     0.082  2      172.86     0.195  2
  51.22     0.024  1      112.50     0.084  2      173.77     0.196  2
  52.13     0.024  1      113.41     0.086  2      174.69     0.197  2
  53.05     0.025  1      114.32     0.088  2      175.60     0.199  2
  53.96     0.025  1      115.24     0.090  2      176.52     0.200  2
  54.88     0.026  1      116.15     0.092  2      177.43     0.202  2
  55.79     0.026  1      117.07     0.094  2      178.35     0.203  2
  56.71     0.026  1      117.98     0.096  2      179.26     0.204  2
  57.62     0.027  1      118.90     0.098  2      180.18     0.206  2
  58.53     0.027  1      119.81     0.100  2      181.09     0.207  2
  59.45     0.028  1      120.73     0.102  2      182.01     0.209  2
  60.36     0.028  1      121.64     0.104  2      182.92     0.210  2
  61.28     0.029  1      122.56     0.105  2

note:  (+) soil loss - detachment     (-) soil loss - deposition



III. OFF SITE EFFECTS  OFF SITE EFFECTS  OFF SITE EFFECTS
     ----------------  ----------------  ----------------

     A.  SEDIMENT LEAVING PROFILE for year    3    13.988 kg/m



     B.  SEDIMENT CHARACTERISTICS AND ENRICHMENT

     Sediment particle information leaving profile
-------------------------------------------------------------------------------
                                 Particle Composition         Detached Fraction
Class  Diameter  Specific  ---------------------------------  Sediment  In Flow
         (mm)    Gravity   % Sand   % Silt   % Clay   % O.M.  Fraction  Exiting
-------------------------------------------------------------------------------
  1     0.002      2.60      0.0      0.0    100.0     50.0     0.026    0.026
  2     0.010      2.65      0.0    100.0      0.0      0.0     0.070    0.070
  3     0.030      1.80      0.0     71.4     28.6     14.3     0.180    0.180
  4     0.300      1.60     78.2     15.1      6.6      3.3     0.340    0.340
  5     0.200      2.65    100.0      0.0      0.0      0.0     0.384    0.383
-------------------------------------------------------------------------------


     Weighted SSA enrichment ratio leaving profile for year    3 =   1.00


     HILLSLOPE 1 YEARLY SUMMARY FOR    4
     ----------------------------------


I.   RAINFALL AND RUNOFF SUMMARY
     -------- --- ------ -------

      year:      4

         Rainfall         Storm Runoff        Melt Runoff
      events   amount   events   amount     events  amount
                (mm)              (mm)               (mm)

       133    1147.50       2       5.23       0       0.00


II.  ON SITE EFFECTS  ON SITE EFFECTS  ON SITE EFFECTS
     ---------------  ---------------  ---------------


  A.  AREA OF NET SOIL LOSS

      ** Soil Loss (Avg. of Net Detachment Areas) =    0.070 kg/m2 **
      ** Maximum Soil Loss  =    0.096 kg/m2 at  137.19 meters **


      Area of    Soil Loss   Soil Loss   MAX   MAX Loss   MIN   MIN Loss
      Net Loss      MEAN      STDEV      Loss    Point    Loss   Point
        (m)       (kg/m2)     (kg/m2)  (kg/m2)    (m)    (kg/m2)  (m)
------------------------------------------------------------------------
   0.00- 182.92    0.070     0.033      0.096  137.19     0.000     5.49



  C.  SOIL LOSS/DEPOSITION ALONG SLOPE PROFILE

          Profile distances are from top to bottom of hillslope


 distance soil  flow    distance   soil  flow    distance   soil  flow
    (m)   loss  elem       (m)     loss  elem       (m)     loss  elem
         (kg/m2)                  (kg/m2)                  (kg/m2)
------------------------------------------------------------------------

   0.91     0.000  1       62.19     0.064  1      123.47     0.096  2
   1.83     0.000  1       63.11     0.065  1      124.39     0.096  2
   2.74     0.000  1       64.02     0.066  1      125.30     0.096  2
   3.66     0.000  1       64.94     0.067  1      126.21     0.096  2
   4.57     0.000  1       65.85     0.068  1      127.13     0.096  2
   5.49     0.000  1       66.77     0.069  1      128.04     0.096  2
   6.40     0.000  1       67.68     0.070  1      128.96     0.096  2
   7.32     0.000  1       68.59     0.070  1      129.87     0.096  2
   8.23     0.000  1       69.51     0.071  1      130.79     0.096  2
   9.15     0.000  1       70.42     0.072  1      131.70     0.096  2
  10.06     0.000  1       71.34     0.073  1      132.62     0.096  2
  10.98     0.000  1       72.25     0.074  1      133.53     0.096  2
  11.89     0.001  1       73.17     0.075  1      134.45     0.096  2
  12.80     0.002  1       74.08     0.076  1      135.36     0.096  2
  13.72     0.004  1       75.00     0.077  1      136.28     0.096  2
  14.63     0.006  1       75.91     0.078  1      137.19     0.096  2
  15.55     0.007  1       76.83     0.078  1      138.10     0.096  2
  16.46     0.009  1       77.74     0.079  1      139.02     0.096  2
  17.38     0.010  1       78.66     0.080  1      139.93     0.096  2
  18.29     0.011  1       79.57     0.081  1      140.85     0.096  2
  19.21     0.013  1       80.48     0.082  1      141.76     0.096  2
  20.12     0.014  1       81.40     0.083  1      142.68     0.096  2
  21.04     0.016  1       82.31     0.083  1      143.59     0.096  2
  21.95     0.017  1       83.23     0.084  1      144.51     0.096  2
  22.86     0.018  1       84.14     0.085  1      145.42     0.096  2
  23.78     0.020  1       85.06     0.086  1      146.34     0.096  2
  24.69     0.021  1       85.97     0.087  1      147.25     0.096  2
  25.61     0.022  1       86.89     0.088  1      148.17     0.096  2
  26.52     0.023  1       87.80     0.088  1      149.08     0.096  2
  27.44     0.025  1       88.72     0.089  1      149.99     0.096  2
  28.35     0.026  1       89.63     0.090  1      150.91     0.096  2
  29.27     0.027  1       90.55     0.091  1      151.82     0.096  2
  30.18     0.028  1       91.46     0.092  1      152.74     0.096  2
  31.10     0.029  1       92.37     0.096  2      153.65     0.096  2
  32.01     0.030  1       93.29     0.096  2      154.57     0.096  2
  32.93     0.032  1       94.20     0.096  2      155.48     0.096  2
  33.84     0.033  1       95.12     0.096  2      156.40     0.096  2
  34.75     0.034  1       96.03     0.096  2      157.31     0.096  2
  35.67     0.035  1       96.95     0.096  2      158.23     0.096  2
  36.58     0.036  1       97.86     0.096  2      159.14     0.096  2
  37.50     0.037  1       98.78     0.096  2      160.06     0.096  2
  38.41     0.038  1       99.69     0.096  2      160.97     0.096  2
  39.33     0.039  1      100.61     0.096  2      161.88     0.096  2
  40.24     0.040  1      101.52     0.096  2      162.80     0.096  2
  41.16     0.041  1      102.44     0.096  2      163.71     0.096  2
  42.07     0.043  1      103.35     0.096  2      164.63     0.096  2
  42.99     0.044  1      104.26     0.096  2      165.54     0.096  2
  43.90     0.045  1      105.18     0.096  2      166.46     0.096  2
  44.82     0.046  1      106.09     0.096  2      167.37     0.096  2
  45.73     0.047  1      107.01     0.096  2      168.29     0.095  2
  46.64     0.048  1      107.92     0.096  2      169.20     0.095  2
  47.56     0.049  1      108.84     0.096  2      170.12     0.095  2
  48.47     0.050  1      109.75     0.096  2      171.03     0.095  2
  49.39     0.051  1      110.67     0.096  2      171.94     0.095  2
  50.30     0.052  1      111.58     0.096  2      172.86     0.095  2
  51.22     0.053  1      112.50     0.096  2      173.77     0.095  2
  52.13     0.054  1      113.41     0.096  2      174.69     0.095  2
  53.05     0.055  1      114.32     0.096  2      175.60     0.095  2
  53.96     0.056  1      115.24     0.096  2      176.52     0.095  2
  54.88     0.057  1      116.15     0.096  2      177.43     0.095  2
  55.79     0.058  1      117.07     0.096  2      178.35     0.095  2
  56.71     0.058  1      117.98     0.096  2      179.26     0.095  2
  57.62     0.059  1      118.90     0.096  2      180.18     0.095  2
  58.53     0.060  1      119.81     0.096  2      181.09     0.095  2
  59.45     0.061  1      120.73     0.096  2      182.01     0.095  2
  60.36     0.062  1      121.64     0.096  2      182.92     0.095  2
  61.28     0.063  1      122.56     0.096  2

note:  (+) soil loss - detachment     (-) soil loss - deposition



III. OFF SITE EFFECTS  OFF SITE EFFECTS  OFF SITE EFFECTS
     ----------------  ----------------  ----------------

     A.  SEDIMENT LEAVING PROFILE for year    4    12.883 kg/m



     B.  SEDIMENT CHARACTERISTICS AND ENRICHMENT

     Sediment particle information leaving profile
-------------------------------------------------------------------------------
                                 Particle Composition         Detached Fraction
Class  Diameter  Specific  ---------------------------------  Sediment  In Flow
         (mm)    Gravity   % Sand   % Silt   % Clay   % O.M.  Fraction  Exiting
-------------------------------------------------------------------------------
  1     0.002      2.60      0.0      0.0    100.0     50.0     0.026    0.026
  2     0.010      2.65      0.0    100.0      0.0      0.0     0.070    0.071
  3     0.030      1.80      0.0     71.4     28.6     14.3     0.180    0.180
  4     0.300      1.60     78.2     15.1      6.6      3.3     0.340    0.340
  5     0.200      2.65    100.0      0.0      0.0      0.0     0.384    0.383
-------------------------------------------------------------------------------


     Weighted SSA enrichment ratio leaving profile for year    4 =   1.00


     HILLSLOPE 1 YEARLY SUMMARY FOR    5
     ----------------------------------


I.   RAINFALL AND RUNOFF SUMMARY
     -------- --- ------ -------

      year:      5

         Rainfall         Storm Runoff        Melt Runoff
      events   amount   events   amount     events  amount
                (mm)              (mm)               (mm)

       145    1326.90       4       8.91       0       0.00


II.  ON SITE EFFECTS  ON SITE EFFECTS  ON SITE EFFECTS
     ---------------  ---------------  ---------------


  A.  AREA OF NET SOIL LOSS

      ** Soil Loss (Avg. of Net Detachment Areas) =    0.126 kg/m2 **
      ** Maximum Soil Loss  =    0.172 kg/m2 at   92.37 meters **


      Area of    Soil Loss   Soil Loss   MAX   MAX Loss   MIN   MIN Loss
      Net Loss      MEAN      STDEV      Loss    Point    Loss   Point
        (m)       (kg/m2)     (kg/m2)  (kg/m2)    (m)    (kg/m2)  (m)
------------------------------------------------------------------------
   0.00- 182.92    0.126     0.058      0.172   92.37     0.001     4.57



  C.  SOIL LOSS/DEPOSITION ALONG SLOPE PROFILE

          Profile distances are from top to bottom of hillslope


 distance soil  flow    distance   soil  flow    distance   soil  flow
    (m)   loss  elem       (m)     loss  elem       (m)     loss  elem
         (kg/m2)                  (kg/m2)                  (kg/m2)
------------------------------------------------------------------------

   0.91     0.001  1       62.19     0.117  1      123.47     0.171  2
   1.83     0.001  1       63.11     0.119  1      124.39     0.171  2
   2.74     0.001  1       64.02     0.120  1      125.30     0.170  2
   3.66     0.001  1       64.94     0.122  1      126.21     0.170  2
   4.57     0.001  1       65.85     0.124  1      127.13     0.170  2
   5.49     0.001  1       66.77     0.125  1      128.04     0.170  2
   6.40     0.001  1       67.68     0.127  1      128.96     0.170  2
   7.32     0.001  1       68.59     0.129  1      129.87     0.170  2
   8.23     0.001  1       69.51     0.130  1      130.79     0.170  2
   9.15     0.001  1       70.42     0.132  1      131.70     0.170  2
  10.06     0.001  1       71.34     0.134  1      132.62     0.170  2
  10.98     0.003  1       72.25     0.135  1      133.53     0.170  2
  11.89     0.004  1       73.17     0.137  1      134.45     0.170  2
  12.80     0.006  1       74.08     0.138  1      135.36     0.170  2
  13.72     0.009  1       75.00     0.140  1      136.28     0.170  2
  14.63     0.012  1       75.91     0.142  1      137.19     0.170  2
  15.55     0.015  1       76.83     0.143  1      138.10     0.170  2
  16.46     0.017  1       77.74     0.145  1      139.02     0.170  2
  17.38     0.020  1       78.66     0.146  1      139.93     0.170  2
  18.29     0.023  1       79.57     0.148  1      140.85     0.170  2
  19.21     0.025  1       80.48     0.150  1      141.76     0.169  2
  20.12     0.027  1       81.40     0.151  1      142.68     0.169  2
  21.04     0.030  1       82.31     0.153  1      143.59     0.169  2
  21.95     0.032  1       83.23     0.154  1      144.51     0.169  2
  22.86     0.035  1       84.14     0.156  1      145.42     0.169  2
  23.78     0.037  1       85.06     0.157  1      146.34     0.169  2
  24.69     0.039  1       85.97     0.159  1      147.25     0.169  2
  25.61     0.041  1       86.89     0.161  1      148.17     0.169  2
  26.52     0.044  1       87.80     0.162  1      149.08     0.169  2
  27.44     0.046  1       88.72     0.164  1      149.99     0.169  2
  28.35     0.048  1       89.63     0.165  1      150.91     0.168  2
  29.27     0.050  1       90.55     0.167  1      151.82     0.168  2
  30.18     0.052  1       91.46     0.168  1      152.74     0.168  2
  31.10     0.054  1       92.37     0.172  2      153.65     0.168  2
  32.01     0.056  1       93.29     0.172  2      154.57     0.168  2
  32.93     0.059  1       94.20     0.172  2      155.48     0.168  2
  33.84     0.061  1       95.12     0.172  2      156.40     0.168  2
  34.75     0.063  1       96.03     0.172  2      157.31     0.168  2
  35.67     0.065  1       96.95     0.172  2      158.23     0.168  2
  36.58     0.067  1       97.86     0.172  2      159.14     0.168  2
  37.50     0.068  1       98.78     0.172  2      160.06     0.167  2
  38.41     0.070  1       99.69     0.172  2      160.97     0.167  2
  39.33     0.072  1      100.61     0.172  2      161.88     0.167  2
  40.24     0.074  1      101.52     0.172  2      162.80     0.167  2
  41.16     0.076  1      102.44     0.171  2      163.71     0.167  2
  42.07     0.078  1      103.35     0.171  2      164.63     0.167  2
  42.99     0.080  1      104.26     0.171  2      165.54     0.167  2
  43.90     0.082  1      105.18     0.171  2      166.46     0.167  2
  44.82     0.083  1      106.09     0.171  2      167.37     0.167  2
  45.73     0.085  1      107.01     0.171  2      168.29     0.166  2
  46.64     0.087  1      107.92     0.171  2      169.20     0.166  2
  47.56     0.089  1      108.84     0.171  2      170.12     0.166  2
  48.47     0.091  1      109.75     0.171  2      171.03     0.166  2
  49.39     0.092  1      110.67     0.171  2      171.94     0.166  2
  50.30     0.094  1      111.58     0.171  2      172.86     0.166  2
  51.22     0.096  1      112.50     0.171  2      173.77     0.166  2
  52.13     0.098  1      113.41     0.171  2      174.69     0.166  2
  53.05     0.100  1      114.32     0.171  2      175.60     0.166  2
  53.96     0.101  1      115.24     0.171  2      176.52     0.166  2
  54.88     0.103  1      116.15     0.171  2      177.43     0.165  2
  55.79     0.105  1      117.07     0.171  2      178.35     0.165  2
  56.71     0.106  1      117.98     0.171  2      179.26     0.165  2
  57.62     0.108  1      118.90     0.171  2      180.18     0.165  2
  58.53     0.110  1      119.81     0.171  2      181.09     0.165  2
  59.45     0.112  1      120.73     0.171  2      182.01     0.165  2
  60.36     0.113  1      121.64     0.171  2      182.92     0.165  2
  61.28     0.115  1      122.56     0.171  2

note:  (+) soil loss - detachment     (-) soil loss - deposition



III. OFF SITE EFFECTS  OFF SITE EFFECTS  OFF SITE EFFECTS
     ----------------  ----------------  ----------------

     A.  SEDIMENT LEAVING PROFILE for year    5    23.028 kg/m



     B.  SEDIMENT CHARACTERISTICS AND ENRICHMENT

     Sediment particle information leaving profile
-------------------------------------------------------------------------------
                                 Particle Composition         Detached Fraction
Class  Diameter  Specific  ---------------------------------  Sediment  In Flow
         (mm)    Gravity   % Sand   % Silt   % Clay   % O.M.  Fraction  Exiting
-------------------------------------------------------------------------------
  1     0.002      2.60      0.0      0.0    100.0     50.0     0.026    0.027
  2     0.010      2.65      0.0    100.0      0.0      0.0     0.070    0.072
  3     0.030      1.80      0.0     71.4     28.6     14.3     0.180    0.181
  4     0.300      1.60     78.2     15.1      6.6      3.3     0.340    0.338
  5     0.200      2.65    100.0      0.0      0.0      0.0     0.384    0.381
-------------------------------------------------------------------------------


     Weighted SSA enrichment ratio leaving profile for year    5 =   1.01


     HILLSLOPE 1 YEARLY SUMMARY FOR    6
     ----------------------------------


I.   RAINFALL AND RUNOFF SUMMARY
     -------- --- ------ -------

      year:      6

         Rainfall         Storm Runoff        Melt Runoff
      events   amount   events   amount     events  amount
                (mm)              (mm)               (mm)

       149    1060.10       2       0.00       0       0.00


II.  ON SITE EFFECTS  ON SITE EFFECTS  ON SITE EFFECTS
     ---------------  ---------------  ---------------


  A.  AREA OF NET SOIL LOSS

      ** Soil Loss (Avg. of Net Detachment Areas) =    0.000 kg/m2 **
      ** Maximum Soil Loss  =    0.000 kg/m2 at   43.90 meters **


      Area of    Soil Loss   Soil Loss   MAX   MAX Loss   MIN   MIN Loss
      Net Loss      MEAN      STDEV      Loss    Point    Loss   Point
        (m)       (kg/m2)     (kg/m2)  (kg/m2)    (m)    (kg/m2)  (m)
------------------------------------------------------------------------
   0.00- 182.92    0.000     0.000      0.000   43.90     0.000   137.19



  C.  SOIL LOSS/DEPOSITION ALONG SLOPE PROFILE

          Profile distances are from top to bottom of hillslope


 distance soil  flow    distance   soil  flow    distance   soil  flow
    (m)   loss  elem       (m)     loss  elem       (m)     loss  elem
         (kg/m2)                  (kg/m2)                  (kg/m2)
------------------------------------------------------------------------

   0.91     0.000  1       62.19     0.000  1      123.47     0.000  2
   1.83     0.000  1       63.11     0.000  1      124.39     0.000  2
   2.74     0.000  1       64.02     0.000  1      125.30     0.000  2
   3.66     0.000  1       64.94     0.000  1      126.21     0.000  2
   4.57     0.000  1       65.85     0.000  1      127.13     0.000  2
   5.49     0.000  1       66.77     0.000  1      128.04     0.000  2
   6.40     0.000  1       67.68     0.000  1      128.96     0.000  2
   7.32     0.000  1       68.59     0.000  1      129.87     0.000  2
   8.23     0.000  1       69.51     0.000  1      130.79     0.000  2
   9.15     0.000  1       70.42     0.000  1      131.70     0.000  2
  10.06     0.000  1       71.34     0.000  1      132.62     0.000  2
  10.98     0.000  1       72.25     0.000  1      133.53     0.000  2
  11.89     0.000  1       73.17     0.000  1      134.45     0.000  2
  12.80     0.000  1       74.08     0.000  1      135.36     0.000  2
  13.72     0.000  1       75.00     0.000  1      136.28     0.000  2
  14.63     0.000  1       75.91     0.000  1      137.19     0.000  2
  15.55     0.000  1       76.83     0.000  1      138.10     0.000  2
  16.46     0.000  1       77.74     0.000  1      139.02     0.000  2
  17.38     0.000  1       78.66     0.000  1      139.93     0.000  2
  18.29     0.000  1       79.57     0.000  1      140.85     0.000  2
  19.21     0.000  1       80.48     0.000  1      141.76     0.000  2
  20.12     0.000  1       81.40     0.000  1      142.68     0.000  2
  21.04     0.000  1       82.31     0.000  1      143.59     0.000  2
  21.95     0.000  1       83.23     0.000  1      144.51     0.000  2
  22.86     0.000  1       84.14     0.000  1      145.42     0.000  2
  23.78     0.000  1       85.06     0.000  1      146.34     0.000  2
  24.69     0.000  1       85.97     0.000  1      147.25     0.000  2
  25.61     0.000  1       86.89     0.000  1      148.17     0.000  2
  26.52     0.000  1       87.80     0.000  1      149.08     0.000  2
  27.44     0.000  1       88.72     0.000  1      149.99     0.000  2
  28.35     0.000  1       89.63     0.000  1      150.91     0.000  2
  29.27     0.000  1       90.55     0.000  1      151.82     0.000  2
  30.18     0.000  1       91.46     0.000  1      152.74     0.000  2
  31.10     0.000  1       92.37     0.000  2      153.65     0.000  2
  32.01     0.000  1       93.29     0.000  2      154.57     0.000  2
  32.93     0.000  1       94.20     0.000  2      155.48     0.000  2
  33.84     0.000  1       95.12     0.000  2      156.40     0.000  2
  34.75     0.000  1       96.03     0.000  2      157.31     0.000  2
  35.67     0.000  1       96.95     0.000  2      158.23     0.000  2
  36.58     0.000  1       97.86     0.000  2      159.14     0.000  2
  37.50     0.000  1       98.78     0.000  2      160.06     0.000  2
  38.41     0.000  1       99.69     0.000  2      160.97     0.000  2
  39.33     0.000  1      100.61     0.000  2      161.88     0.000  2
  40.24     0.000  1      101.52     0.000  2      162.80     0.000  2
  41.16     0.000  1      102.44     0.000  2      163.71     0.000  2
  42.07     0.000  1      103.35     0.000  2      164.63     0.000  2
  42.99     0.000  1      104.26     0.000  2      165.54     0.000  2
  43.90     0.000  1      105.18     0.000  2      166.46     0.000  2
  44.82     0.000  1      106.09     0.000  2      167.37     0.000  2
  45.73     0.000  1      107.01     0.000  2      168.29     0.000  2
  46.64     0.000  1      107.92     0.000  2      169.20     0.000  2
  47.56     0.000  1      108.84     0.000  2      170.12     0.000  2
  48.47     0.000  1      109.75     0.000  2      171.03     0.000  2
  49.39     0.000  1      110.67     0.000  2      171.94     0.000  2
  50.30     0.000  1      111.58     0.000  2      172.86     0.000  2
  51.22     0.000  1      112.50     0.000  2      173.77     0.000  2
  52.13     0.000  1      113.41     0.000  2      174.69     0.000  2
  53.05     0.000  1      114.32     0.000  2      175.60     0.000  2
  53.96     0.000  1      115.24     0.000  2      176.52     0.000  2
  54.88     0.000  1      116.15     0.000  2      177.43     0.000  2
  55.79     0.000  1      117.07     0.000  2      178.35     0.000  2
  56.71     0.000  1      117.98     0.000  2      179.26     0.000  2
  57.62     0.000  1      118.90     0.000  2      180.18     0.000  2
  58.53     0.000  1      119.81     0.000  2      181.09     0.000  2
  59.45     0.000  1      120.73     0.000  2      182.01     0.000  2
  60.36     0.000  1      121.64     0.000  2      182.92     0.000  2
  61.28     0.000  1      122.56     0.000  2

note:  (+) soil loss - detachment     (-) soil loss - deposition



III. OFF SITE EFFECTS  OFF SITE EFFECTS  OFF SITE EFFECTS
     ----------------  ----------------  ----------------

     A.  SEDIMENT LEAVING PROFILE for year    6     0.000 kg/m



     B.  SEDIMENT CHARACTERISTICS AND ENRICHMENT

     Sediment particle information leaving profile
-------------------------------------------------------------------------------
                                 Particle Composition         Detached Fraction
Class  Diameter  Specific  ---------------------------------  Sediment  In Flow
         (mm)    Gravity   % Sand   % Silt   % Clay   % O.M.  Fraction  Exiting
-------------------------------------------------------------------------------
  1     0.002      2.60      0.0      0.0    100.0     50.0     0.026    0.245
  2     0.010      2.65      0.0    100.0      0.0      0.0     0.070    0.462
  3     0.030      1.80      0.0     71.4     28.6     14.3     0.180    0.293
  4     0.300      1.60     78.2     15.1      6.6      3.3     0.340    0.000
  5     0.200      2.65    100.0      0.0      0.0      0.0     0.384    0.000
-------------------------------------------------------------------------------


     Weighted SSA enrichment ratio leaving profile for year    6 =   3.22


     HILLSLOPE 1 YEARLY SUMMARY FOR    7
     ----------------------------------


I.   RAINFALL AND RUNOFF SUMMARY
     -------- --- ------ -------

      year:      7

         Rainfall         Storm Runoff        Melt Runoff
      events   amount   events   amount     events  amount
                (mm)              (mm)               (mm)

       138    1184.30       3       7.34       0       0.00


II.  ON SITE EFFECTS  ON SITE EFFECTS  ON SITE EFFECTS
     ---------------  ---------------  ---------------


  A.  AREA OF NET SOIL LOSS

      ** Soil Loss (Avg. of Net Detachment Areas) =    0.104 kg/m2 **
      ** Maximum Soil Loss  =    0.147 kg/m2 at   91.46 meters **


      Area of    Soil Loss   Soil Loss   MAX   MAX Loss   MIN   MIN Loss
      Net Loss      MEAN      STDEV      Loss    Point    Loss   Point
        (m)       (kg/m2)     (kg/m2)  (kg/m2)    (m)    (kg/m2)  (m)
------------------------------------------------------------------------
   0.00- 182.92    0.104     0.049      0.147   91.46     0.000     4.57



  C.  SOIL LOSS/DEPOSITION ALONG SLOPE PROFILE

          Profile distances are from top to bottom of hillslope


 distance soil  flow    distance   soil  flow    distance   soil  flow
    (m)   loss  elem       (m)     loss  elem       (m)     loss  elem
         (kg/m2)                  (kg/m2)                  (kg/m2)
------------------------------------------------------------------------

   0.91     0.000  1       62.19     0.100  1      123.47     0.142  2
   1.83     0.000  1       63.11     0.101  1      124.39     0.141  2
   2.74     0.000  1       64.02     0.103  1      125.30     0.141  2
   3.66     0.000  1       64.94     0.105  1      126.21     0.141  2
   4.57     0.000  1       65.85     0.106  1      127.13     0.141  2
   5.49     0.000  1       66.77     0.108  1      128.04     0.141  2
   6.40     0.000  1       67.68     0.109  1      128.96     0.141  2
   7.32     0.000  1       68.59     0.111  1      129.87     0.141  2
   8.23     0.000  1       69.51     0.112  1      130.79     0.140  2
   9.15     0.000  1       70.42     0.114  1      131.70     0.140  2
  10.06     0.000  1       71.34     0.115  1      132.62     0.140  2
  10.98     0.001  1       72.25     0.117  1      133.53     0.140  2
  11.89     0.002  1       73.17     0.118  1      134.45     0.140  2
  12.80     0.004  1       74.08     0.120  1      135.36     0.140  2
  13.72     0.005  1       75.00     0.121  1      136.28     0.140  2
  14.63     0.007  1       75.91     0.123  1      137.19     0.139  2
  15.55     0.008  1       76.83     0.124  1      138.10     0.139  2
  16.46     0.010  1       77.74     0.126  1      139.02     0.139  2
  17.38     0.011  1       78.66     0.127  1      139.93     0.139  2
  18.29     0.012  1       79.57     0.129  1      140.85     0.139  2
  19.21     0.014  1       80.48     0.130  1      141.76     0.139  2
  20.12     0.015  1       81.40     0.132  1      142.68     0.138  2
  21.04     0.016  1       82.31     0.133  1      143.59     0.138  2
  21.95     0.018  1       83.23     0.135  1      144.51     0.138  2
  22.86     0.021  1       84.14     0.136  1      145.42     0.138  2
  23.78     0.023  1       85.06     0.137  1      146.34     0.138  2
  24.69     0.025  1       85.97     0.139  1      147.25     0.137  2
  25.61     0.027  1       86.89     0.140  1      148.17     0.137  2
  26.52     0.029  1       87.80     0.142  1      149.08     0.137  2
  27.44     0.032  1       88.72     0.143  1      149.99     0.137  2
  28.35     0.034  1       89.63     0.145  1      150.91     0.137  2
  29.27     0.036  1       90.55     0.146  1      151.82     0.136  2
  30.18     0.038  1       91.46     0.147  1      152.74     0.136  2
  31.10     0.040  1       92.37     0.146  2      153.65     0.136  2
  32.01     0.042  1       93.29     0.146  2      154.57     0.136  2
  32.93     0.044  1       94.20     0.146  2      155.48     0.136  2
  33.84     0.046  1       95.12     0.146  2      156.40     0.136  2
  34.75     0.048  1       96.03     0.146  2      157.31     0.135  2
  35.67     0.050  1       96.95     0.145  2      158.23     0.135  2
  36.58     0.052  1       97.86     0.145  2      159.14     0.135  2
  37.50     0.053  1       98.78     0.145  2      160.06     0.135  2
  38.41     0.055  1       99.69     0.145  2      160.97     0.135  2
  39.33     0.057  1      100.61     0.145  2      161.88     0.134  2
  40.24     0.059  1      101.52     0.145  2      162.80     0.134  2
  41.16     0.061  1      102.44     0.145  2      163.71     0.134  2
  42.07     0.063  1      103.35     0.145  2      164.63     0.134  2
  42.99     0.064  1      104.26     0.144  2      165.54     0.134  2
  43.90     0.066  1      105.18     0.144  2      166.46     0.133  2
  44.82     0.068  1      106.09     0.144  2      167.37     0.133  2
  45.73     0.070  1      107.01     0.144  2      168.29     0.133  2
  46.64     0.071  1      107.92     0.144  2      169.20     0.133  2
  47.56     0.073  1      108.84     0.144  2      170.12     0.133  2
  48.47     0.075  1      109.75     0.144  2      171.03     0.132  2
  49.39     0.077  1      110.67     0.143  2      171.94     0.132  2
  50.30     0.078  1      111.58     0.143  2      172.86     0.132  2
  51.22     0.080  1      112.50     0.143  2      173.77     0.132  2
  52.13     0.082  1      113.41     0.143  2      174.69     0.132  2
  53.05     0.083  1      114.32     0.143  2      175.60     0.132  2
  53.96     0.085  1      115.24     0.143  2      176.52     0.131  2
  54.88     0.087  1      116.15     0.143  2      177.43     0.131  2
  55.79     0.088  1      117.07     0.142  2      178.35     0.131  2
  56.71     0.090  1      117.98     0.142  2      179.26     0.131  2
  57.62     0.092  1      118.90     0.142  2      180.18     0.131  2
  58.53     0.093  1      119.81     0.142  2      181.09     0.130  2
  59.45     0.095  1      120.73     0.142  2      182.01     0.130  2
  60.36     0.097  1      121.64     0.142  2      182.92     0.130  2
  61.28     0.098  1      122.56     0.142  2

note:  (+) soil loss - detachment     (-) soil loss - deposition



III. OFF SITE EFFECTS  OFF SITE EFFECTS  OFF SITE EFFECTS
     ----------------  ----------------  ----------------

     A.  SEDIMENT LEAVING PROFILE for year    7    18.971 kg/m



     B.  SEDIMENT CHARACTERISTICS AND ENRICHMENT

     Sediment particle information leaving profile
-------------------------------------------------------------------------------
                                 Particle Composition         Detached Fraction
Class  Diameter  Specific  ---------------------------------  Sediment  In Flow
         (mm)    Gravity   % Sand   % Silt   % Clay   % O.M.  Fraction  Exiting
-------------------------------------------------------------------------------
  1     0.002      2.60      0.0      0.0    100.0     50.0     0.026    0.026
  2     0.010      2.65      0.0    100.0      0.0      0.0     0.070    0.071
  3     0.030      1.80      0.0     71.4     28.6     14.3     0.180    0.180
  4     0.300      1.60     78.2     15.1      6.6      3.3     0.340    0.339
  5     0.200      2.65    100.0      0.0      0.0      0.0     0.384    0.383
-------------------------------------------------------------------------------


     Weighted SSA enrichment ratio leaving profile for year    7 =   1.00


     HILLSLOPE 1 YEARLY SUMMARY FOR    8
     ----------------------------------


I.   RAINFALL AND RUNOFF SUMMARY
     -------- --- ------ -------

      year:      8

         Rainfall         Storm Runoff        Melt Runoff
      events   amount   events   amount     events  amount
                (mm)              (mm)               (mm)

       147    1175.20       4      12.70       0       0.00


II.  ON SITE EFFECTS  ON SITE EFFECTS  ON SITE EFFECTS
     ---------------  ---------------  ---------------


  A.  AREA OF NET SOIL LOSS

      ** Soil Loss (Avg. of Net Detachment Areas) =    0.119 kg/m2 **
      ** Maximum Soil Loss  =    0.199 kg/m2 at  182.92 meters **


      Area of    Soil Loss   Soil Loss   MAX   MAX Loss   MIN   MIN Loss
      Net Loss      MEAN      STDEV      Loss    Point    Loss   Point
        (m)       (kg/m2)     (kg/m2)  (kg/m2)    (m)    (kg/m2)  (m)
------------------------------------------------------------------------
   0.00- 182.92    0.119     0.063      0.199  182.92     0.001     1.83



  C.  SOIL LOSS/DEPOSITION ALONG SLOPE PROFILE

          Profile distances are from top to bottom of hillslope


 distance soil  flow    distance   soil  flow    distance   soil  flow
    (m)   loss  elem       (m)     loss  elem       (m)     loss  elem
         (kg/m2)                  (kg/m2)                  (kg/m2)
------------------------------------------------------------------------

   0.91     0.001  1       62.19     0.086  1      123.47     0.169  2
   1.83     0.001  1       63.11     0.087  1      124.39     0.169  2
   2.74     0.001  1       64.02     0.088  1      125.30     0.170  2
   3.66     0.001  1       64.94     0.089  1      126.21     0.170  2
   4.57     0.001  1       65.85     0.091  1      127.13     0.171  2
   5.49     0.001  1       66.77     0.092  1      128.04     0.171  2
   6.40     0.001  1       67.68     0.093  1      128.96     0.172  2
   7.32     0.002  1       68.59     0.094  1      129.87     0.172  2
   8.23     0.004  1       69.51     0.095  1      130.79     0.173  2
   9.15     0.006  1       70.42     0.096  1      131.70     0.174  2
  10.06     0.008  1       71.34     0.097  1      132.62     0.174  2
  10.98     0.010  1       72.25     0.098  1      133.53     0.175  2
  11.89     0.012  1       73.17     0.099  1      134.45     0.175  2
  12.80     0.014  1       74.08     0.100  1      135.36     0.176  2
  13.72     0.016  1       75.00     0.101  1      136.28     0.176  2
  14.63     0.018  1       75.91     0.102  1      137.19     0.177  2
  15.55     0.020  1       76.83     0.103  1      138.10     0.177  2
  16.46     0.021  1       77.74     0.104  1      139.02     0.178  2
  17.38     0.023  1       78.66     0.105  1      139.93     0.178  2
  18.29     0.025  1       79.57     0.106  1      140.85     0.179  2
  19.21     0.026  1       80.48     0.107  1      141.76     0.179  2
  20.12     0.028  1       81.40     0.109  1      142.68     0.180  2
  21.04     0.030  1       82.31     0.110  1      143.59     0.180  2
  21.95     0.031  1       83.23     0.111  1      144.51     0.180  2
  22.86     0.033  1       84.14     0.112  1      145.42     0.181  2
  23.78     0.034  1       85.06     0.113  1      146.34     0.181  2
  24.69     0.036  1       85.97     0.114  1      147.25     0.182  2
  25.61     0.037  1       86.89     0.115  1      148.17     0.182  2
  26.52     0.039  1       87.80     0.116  1      149.08     0.183  2
  27.44     0.040  1       88.72     0.117  1      149.99     0.183  2
  28.35     0.042  1       89.63     0.118  1      150.91     0.184  2
  29.27     0.043  1       90.55     0.119  1      151.82     0.184  2
  30.18     0.044  1       91.46     0.120  1      152.74     0.185  2
  31.10     0.046  1       92.37     0.149  2      153.65     0.185  2
  32.01     0.047  1       93.29     0.150  2      154.57     0.185  2
  32.93     0.048  1       94.20     0.151  2      155.48     0.186  2
  33.84     0.050  1       95.12     0.151  2      156.40     0.186  2
  34.75     0.051  1       96.03     0.152  2      157.31     0.187  2
  35.67     0.052  1       96.95     0.152  2      158.23     0.187  2
  36.58     0.054  1       97.86     0.153  2      159.14     0.188  2
  37.50     0.055  1       98.78     0.153  2      160.06     0.188  2
  38.41     0.056  1       99.69     0.154  2      160.97     0.189  2
  39.33     0.057  1      100.61     0.155  2      161.88     0.189  2
  40.24     0.059  1      101.52     0.155  2      162.80     0.189  2
  41.16     0.060  1      102.44     0.156  2      163.71     0.190  2
  42.07     0.061  1      103.35     0.156  2      164.63     0.190  2
  42.99     0.062  1      104.26     0.157  2      165.54     0.191  2
  43.90     0.063  1      105.18     0.157  2      166.46     0.191  2
  44.82     0.065  1      106.09     0.158  2      167.37     0.192  2
  45.73     0.066  1      107.01     0.159  2      168.29     0.192  2
  46.64     0.067  1      107.92     0.159  2      169.20     0.192  2
  47.56     0.068  1      108.84     0.160  2      170.12     0.193  2
  48.47     0.069  1      109.75     0.160  2      171.03     0.193  2
  49.39     0.071  1      110.67     0.161  2      171.94     0.194  2
  50.30     0.072  1      111.58     0.161  2      172.86     0.194  2
  51.22     0.073  1      112.50     0.162  2      173.77     0.195  2
  52.13     0.074  1      113.41     0.163  2      174.69     0.195  2
  53.05     0.075  1      114.32     0.163  2      175.60     0.195  2
  53.96     0.076  1      115.24     0.164  2      176.52     0.196  2
  54.88     0.077  1      116.15     0.164  2      177.43     0.196  2
  55.79     0.079  1      117.07     0.165  2      178.35     0.197  2
  56.71     0.080  1      117.98     0.165  2      179.26     0.197  2
  57.62     0.081  1      118.90     0.166  2      180.18     0.197  2
  58.53     0.082  1      119.81     0.166  2      181.09     0.198  2
  59.45     0.083  1      120.73     0.167  2      182.01     0.198  2
  60.36     0.084  1      121.64     0.168  2      182.92     0.199  2
  61.28     0.085  1      122.56     0.168  2

note:  (+) soil loss - detachment     (-) soil loss - deposition



III. OFF SITE EFFECTS  OFF SITE EFFECTS  OFF SITE EFFECTS
     ----------------  ----------------  ----------------

     A.  SEDIMENT LEAVING PROFILE for year    8    21.834 kg/m



     B.  SEDIMENT CHARACTERISTICS AND ENRICHMENT

     Sediment particle information leaving profile
-------------------------------------------------------------------------------
                                 Particle Composition         Detached Fraction
Class  Diameter  Specific  ---------------------------------  Sediment  In Flow
         (mm)    Gravity   % Sand   % Silt   % Clay   % O.M.  Fraction  Exiting
-------------------------------------------------------------------------------
  1     0.002      2.60      0.0      0.0    100.0     50.0     0.026    0.027
  2     0.010      2.65      0.0    100.0      0.0      0.0     0.070    0.072
  3     0.030      1.80      0.0     71.4     28.6     14.3     0.180    0.180
  4     0.300      1.60     78.2     15.1      6.6      3.3     0.340    0.338
  5     0.200      2.65    100.0      0.0      0.0      0.0     0.384    0.382
-------------------------------------------------------------------------------


     Weighted SSA enrichment ratio leaving profile for year    8 =   1.01


     HILLSLOPE 1 YEARLY SUMMARY FOR    9
     ----------------------------------


I.   RAINFALL AND RUNOFF SUMMARY
     -------- --- ------ -------

      year:      9

         Rainfall         Storm Runoff        Melt Runoff
      events   amount   events   amount     events  amount
                (mm)              (mm)               (mm)

       135     981.20       2       0.12       0       0.00


II.  ON SITE EFFECTS  ON SITE EFFECTS  ON SITE EFFECTS
     ---------------  ---------------  ---------------


  A.  AREA OF NET SOIL LOSS

      ** Soil Loss (Avg. of Net Detachment Areas) =    0.000 kg/m2 **
      ** Maximum Soil Loss  =    0.000 kg/m2 at   45.73 meters **


      Area of    Soil Loss   Soil Loss   MAX   MAX Loss   MIN   MIN Loss
      Net Loss      MEAN      STDEV      Loss    Point    Loss   Point
        (m)       (kg/m2)     (kg/m2)  (kg/m2)    (m)    (kg/m2)  (m)
------------------------------------------------------------------------
   0.00- 182.92    0.000     0.000      0.000   45.73     0.000   136.28



  C.  SOIL LOSS/DEPOSITION ALONG SLOPE PROFILE

          Profile distances are from top to bottom of hillslope


 distance soil  flow    distance   soil  flow    distance   soil  flow
    (m)   loss  elem       (m)     loss  elem       (m)     loss  elem
         (kg/m2)                  (kg/m2)                  (kg/m2)
------------------------------------------------------------------------

   0.91     0.000  1       62.19     0.000  1      123.47     0.000  2
   1.83     0.000  1       63.11     0.000  1      124.39     0.000  2
   2.74     0.000  1       64.02     0.000  1      125.30     0.000  2
   3.66     0.000  1       64.94     0.000  1      126.21     0.000  2
   4.57     0.000  1       65.85     0.000  1      127.13     0.000  2
   5.49     0.000  1       66.77     0.000  1      128.04     0.000  2
   6.40     0.000  1       67.68     0.000  1      128.96     0.000  2
   7.32     0.000  1       68.59     0.000  1      129.87     0.000  2
   8.23     0.000  1       69.51     0.000  1      130.79     0.000  2
   9.15     0.000  1       70.42     0.000  1      131.70     0.000  2
  10.06     0.000  1       71.34     0.000  1      132.62     0.000  2
  10.98     0.000  1       72.25     0.000  1      133.53     0.000  2
  11.89     0.000  1       73.17     0.000  1      134.45     0.000  2
  12.80     0.000  1       74.08     0.000  1      135.36     0.000  2
  13.72     0.000  1       75.00     0.000  1      136.28     0.000  2
  14.63     0.000  1       75.91     0.000  1      137.19     0.000  2
  15.55     0.000  1       76.83     0.000  1      138.10     0.000  2
  16.46     0.000  1       77.74     0.000  1      139.02     0.000  2
  17.38     0.000  1       78.66     0.000  1      139.93     0.000  2
  18.29     0.000  1       79.57     0.000  1      140.85     0.000  2
  19.21     0.000  1       80.48     0.000  1      141.76     0.000  2
  20.12     0.000  1       81.40     0.000  1      142.68     0.000  2
  21.04     0.000  1       82.31     0.000  1      143.59     0.000  2
  21.95     0.000  1       83.23     0.000  1      144.51     0.000  2
  22.86     0.000  1       84.14     0.000  1      145.42     0.000  2
  23.78     0.000  1       85.06     0.000  1      146.34     0.000  2
  24.69     0.000  1       85.97     0.000  1      147.25     0.000  2
  25.61     0.000  1       86.89     0.000  1      148.17     0.000  2
  26.52     0.000  1       87.80     0.000  1      149.08     0.000  2
  27.44     0.000  1       88.72     0.000  1      149.99     0.000  2
  28.35     0.000  1       89.63     0.000  1      150.91     0.000  2
  29.27     0.000  1       90.55     0.000  1      151.82     0.000  2
  30.18     0.000  1       91.46     0.000  1      152.74     0.000  2
  31.10     0.000  1       92.37     0.000  2      153.65     0.000  2
  32.01     0.000  1       93.29     0.000  2      154.57     0.000  2
  32.93     0.000  1       94.20     0.000  2      155.48     0.000  2
  33.84     0.000  1       95.12     0.000  2      156.40     0.000  2
  34.75     0.000  1       96.03     0.000  2      157.31     0.000  2
  35.67     0.000  1       96.95     0.000  2      158.23     0.000  2
  36.58     0.000  1       97.86     0.000  2      159.14     0.000  2
  37.50     0.000  1       98.78     0.000  2      160.06     0.000  2
  38.41     0.000  1       99.69     0.000  2      160.97     0.000  2
  39.33     0.000  1      100.61     0.000  2      161.88     0.000  2
  40.24     0.000  1      101.52     0.000  2      162.80     0.000  2
  41.16     0.000  1      102.44     0.000  2      163.71     0.000  2
  42.07     0.000  1      103.35     0.000  2      164.63     0.000  2
  42.99     0.000  1      104.26     0.000  2      165.54     0.000  2
  43.90     0.000  1      105.18     0.000  2      166.46     0.000  2
  44.82     0.000  1      106.09     0.000  2      167.37     0.000  2
  45.73     0.000  1      107.01     0.000  2      168.29     0.000  2
  46.64     0.000  1      107.92     0.000  2      169.20     0.000  2
  47.56     0.000  1      108.84     0.000  2      170.12     0.000  2
  48.47     0.000  1      109.75     0.000  2      171.03     0.000  2
  49.39     0.000  1      110.67     0.000  2      171.94     0.000  2
  50.30     0.000  1      111.58     0.000  2      172.86     0.000  2
  51.22     0.000  1      112.50     0.000  2      173.77     0.000  2
  52.13     0.000  1      113.41     0.000  2      174.69     0.000  2
  53.05     0.000  1      114.32     0.000  2      175.60     0.000  2
  53.96     0.000  1      115.24     0.000  2      176.52     0.000  2
  54.88     0.000  1      116.15     0.000  2      177.43     0.000  2
  55.79     0.000  1      117.07     0.000  2      178.35     0.000  2
  56.71     0.000  1      117.98     0.000  2      179.26     0.000  2
  57.62     0.000  1      118.90     0.000  2      180.18     0.000  2
  58.53     0.000  1      119.81     0.000  2      181.09     0.000  2
  59.45     0.000  1      120.73     0.000  2      182.01     0.000  2
  60.36     0.000  1      121.64     0.000  2      182.92     0.000  2
  61.28     0.000  1      122.56     0.000  2

note:  (+) soil loss - detachment     (-) soil loss - deposition



III. OFF SITE EFFECTS  OFF SITE EFFECTS  OFF SITE EFFECTS
     ----------------  ----------------  ----------------

     A.  SEDIMENT LEAVING PROFILE for year    9     0.000 kg/m



     B.  SEDIMENT CHARACTERISTICS AND ENRICHMENT

     Sediment particle information leaving profile
-------------------------------------------------------------------------------
                                 Particle Composition         Detached Fraction
Class  Diameter  Specific  ---------------------------------  Sediment  In Flow
         (mm)    Gravity   % Sand   % Silt   % Clay   % O.M.  Fraction  Exiting
-------------------------------------------------------------------------------
  1     0.002      2.60      0.0      0.0    100.0     50.0     0.026    0.339
  2     0.010      2.65      0.0    100.0      0.0      0.0     0.070    0.517
  3     0.030      1.80      0.0     71.4     28.6     14.3     0.180    0.144
  4     0.300      1.60     78.2     15.1      6.6      3.3     0.340    0.000
  5     0.200      2.65    100.0      0.0      0.0      0.0     0.384    0.000
-------------------------------------------------------------------------------


     Weighted SSA enrichment ratio leaving profile for year    9 =   3.70


     HILLSLOPE 1 YEARLY SUMMARY FOR   10
     ----------------------------------


I.   RAINFALL AND RUNOFF SUMMARY
     -------- --- ------ -------

      year:     10

         Rainfall         Storm Runoff        Melt Runoff
      events   amount   events   amount     events  amount
                (mm)              (mm)               (mm)

       130    1173.40       3       1.47       0       0.00


II.  ON SITE EFFECTS  ON SITE EFFECTS  ON SITE EFFECTS
     ---------------  ---------------  ---------------


  A.  AREA OF NET SOIL LOSS

      ** Soil Loss (Avg. of Net Detachment Areas) =    0.030 kg/m2 **
      ** Maximum Soil Loss  =    0.049 kg/m2 at   91.46 meters **


      Area of    Soil Loss   Soil Loss   MAX   MAX Loss   MIN   MIN Loss
      Net Loss      MEAN      STDEV      Loss    Point    Loss   Point
        (m)       (kg/m2)     (kg/m2)  (kg/m2)    (m)    (kg/m2)  (m)
------------------------------------------------------------------------
  26.52- 182.92    0.030     0.011      0.049   91.46     0.000    27.44



  C.  SOIL LOSS/DEPOSITION ALONG SLOPE PROFILE

          Profile distances are from top to bottom of hillslope


 distance soil  flow    distance   soil  flow    distance   soil  flow
    (m)   loss  elem       (m)     loss  elem       (m)     loss  elem
         (kg/m2)                  (kg/m2)                  (kg/m2)
------------------------------------------------------------------------

   0.91     0.000  1       62.19     0.029  1      123.47     0.036  2
   1.83     0.000  1       63.11     0.029  1      124.39     0.036  2
   2.74     0.000  1       64.02     0.030  1      125.30     0.036  2
   3.66     0.000  1       64.94     0.031  1      126.21     0.036  2
   4.57     0.000  1       65.85     0.031  1      127.13     0.036  2
   5.49     0.000  1       66.77     0.032  1      128.04     0.035  2
   6.40     0.000  1       67.68     0.033  1      128.96     0.035  2
   7.32     0.000  1       68.59     0.033  1      129.87     0.035  2
   8.23     0.000  1       69.51     0.034  1      130.79     0.035  2
   9.15     0.000  1       70.42     0.034  1      131.70     0.035  2
  10.06     0.000  1       71.34     0.035  1      132.62     0.035  2
  10.98     0.000  1       72.25     0.036  1      133.53     0.034  2
  11.89     0.000  1       73.17     0.036  1      134.45     0.034  2
  12.80     0.000  1       74.08     0.037  1      135.36     0.034  2
  13.72     0.000  1       75.00     0.038  1      136.28     0.034  2
  14.63     0.000  1       75.91     0.038  1      137.19     0.034  2
  15.55     0.000  1       76.83     0.039  1      138.10     0.034  2
  16.46     0.000  1       77.74     0.040  1      139.02     0.033  2
  17.38     0.000  1       78.66     0.040  1      139.93     0.033  2
  18.29     0.000  1       79.57     0.041  1      140.85     0.033  2
  19.21     0.000  1       80.48     0.041  1      141.76     0.033  2
  20.12     0.000  1       81.40     0.042  1      142.68     0.033  2
  21.04     0.000  1       82.31     0.043  1      143.59     0.032  2
  21.95     0.000  1       83.23     0.043  1      144.51     0.032  2
  22.86     0.000  1       84.14     0.044  1      145.42     0.032  2
  23.78     0.000  1       85.06     0.044  1      146.34     0.032  2
  24.69     0.000  1       85.97     0.045  1      147.25     0.032  2
  25.61     0.000  1       86.89     0.046  1      148.17     0.031  2
  26.52     0.000  1       87.80     0.046  1      149.08     0.031  2
  27.44     0.000  1       88.72     0.047  1      149.99     0.031  2
  28.35     0.001  1       89.63     0.047  1      150.91     0.031  2
  29.27     0.001  1       90.55     0.048  1      151.82     0.031  2
  30.18     0.002  1       91.46     0.049  1      152.74     0.030  2
  31.10     0.003  1       92.37     0.042  2      153.65     0.030  2
  32.01     0.004  1       93.29     0.042  2      154.57     0.030  2
  32.93     0.005  1       94.20     0.042  2      155.48     0.030  2
  33.84     0.006  1       95.12     0.042  2      156.40     0.030  2
  34.75     0.006  1       96.03     0.041  2      157.31     0.030  2
  35.67     0.007  1       96.95     0.041  2      158.23     0.029  2
  36.58     0.008  1       97.86     0.041  2      159.14     0.029  2
  37.50     0.009  1       98.78     0.041  2      160.06     0.029  2
  38.41     0.010  1       99.69     0.041  2      160.97     0.029  2
  39.33     0.010  1      100.61     0.041  2      161.88     0.029  2
  40.24     0.011  1      101.52     0.040  2      162.80     0.028  2
  41.16     0.012  1      102.44     0.040  2      163.71     0.028  2
  42.07     0.013  1      103.35     0.040  2      164.63     0.028  2
  42.99     0.014  1      104.26     0.040  2      165.54     0.028  2
  43.90     0.014  1      105.18     0.040  2      166.46     0.028  2
  44.82     0.015  1      106.09     0.040  2      167.37     0.028  2
  45.73     0.016  1      107.01     0.039  2      168.29     0.027  2
  46.64     0.016  1      107.92     0.039  2      169.20     0.027  2
  47.56     0.017  1      108.84     0.039  2      170.12     0.027  2
  48.47     0.018  1      109.75     0.039  2      171.03     0.027  2
  49.39     0.019  1      110.67     0.039  2      171.94     0.027  2
  50.30     0.019  1      111.58     0.038  2      172.86     0.026  2
  51.22     0.020  1      112.50     0.038  2      173.77     0.026  2
  52.13     0.021  1      113.41     0.038  2      174.69     0.026  2
  53.05     0.022  1      114.32     0.038  2      175.60     0.026  2
  53.96     0.022  1      115.24     0.038  2      176.52     0.026  2
  54.88     0.023  1      116.15     0.038  2      177.43     0.025  2
  55.79     0.024  1      117.07     0.037  2      178.35     0.025  2
  56.71     0.024  1      117.98     0.037  2      179.26     0.025  2
  57.62     0.025  1      118.90     0.037  2      180.18     0.025  2
  58.53     0.026  1      119.81     0.037  2      181.09     0.025  2
  59.45     0.027  1      120.73     0.037  2      182.01     0.025  2
  60.36     0.027  1      121.64     0.037  2      182.92     0.024  2
  61.28     0.028  1      122.56     0.036  2

note:  (+) soil loss - detachment     (-) soil loss - deposition



III. OFF SITE EFFECTS  OFF SITE EFFECTS  OFF SITE EFFECTS
     ----------------  ----------------  ----------------

     A.  SEDIMENT LEAVING PROFILE for year   10     4.725 kg/m



     B.  SEDIMENT CHARACTERISTICS AND ENRICHMENT

     Sediment particle information leaving profile
-------------------------------------------------------------------------------
                                 Particle Composition         Detached Fraction
Class  Diameter  Specific  ---------------------------------  Sediment  In Flow
         (mm)    Gravity   % Sand   % Silt   % Clay   % O.M.  Fraction  Exiting
-------------------------------------------------------------------------------
  1     0.002      2.60      0.0      0.0    100.0     50.0     0.026    0.026
  2     0.010      2.65      0.0    100.0      0.0      0.0     0.070    0.070
  3     0.030      1.80      0.0     71.4     28.6     14.3     0.180    0.180
  4     0.300      1.60     78.2     15.1      6.6      3.3     0.340    0.340
  5     0.200      2.65    100.0      0.0      0.0      0.0     0.384    0.384
-------------------------------------------------------------------------------


     Weighted SSA enrichment ratio leaving profile for year   10 =   1.00


     ANNUAL AVERAGE SUMMARIES
     ------------------------


I.   RAINFALL AND RUNOFF SUMMARY
     -------- --- ------ -------

      total summary:  years    1 -   10

      1403 storms produced                        12057.00 mm of precipitation
        32 rain storm runoff events produced         51.14 mm of runoff
         3 snow melts and/or
             events during winter produced           16.84 mm of runoff

      annual averages
      ---------------

        Number of years                                   10
        Mean annual precipitation                    1205.70    mm
        Mean annual runoff from rainfall                5.11    mm
        Mean annual runoff from snow melt
          and/or rain storm during winter               1.68    mm



II.  ON SITE EFFECTS  ON SITE EFFECTS  ON SITE EFFECTS
     ---------------  ---------------  ---------------


  A.  AREA OF NET SOIL LOSS

      ** Soil Loss (Avg. of Net Detachment Areas) =    0.067 kg/m2 **
      ** Maximum Soil Loss  =    0.104 kg/m2 at  182.92 meters **


      Area of    Soil Loss   Soil Loss   MAX   MAX Loss   MIN   MIN Loss
      Net Loss      MEAN      STDEV      Loss    Point    Loss   Point
        (m)       (kg/m2)     (kg/m2)  (kg/m2)    (m)    (kg/m2)  (m)
------------------------------------------------------------------------
   0.00- 182.92    0.067     0.034      0.104  182.92     0.000     0.91



  C.  SOIL LOSS/DEPOSITION ALONG SLOPE PROFILE

          Profile distances are from top to bottom of hillslope


 distance soil  flow    distance   soil  flow    distance   soil  flow
    (m)   loss  elem       (m)     loss  elem       (m)     loss  elem
         (kg/m2)                  (kg/m2)                  (kg/m2)
------------------------------------------------------------------------

   0.91     0.000  1       62.19     0.054  1      123.47     0.094  2
   1.83     0.000  1       63.11     0.055  1      124.39     0.094  2
   2.74     0.000  1       64.02     0.056  1      125.30     0.094  2
   3.66     0.000  1       64.94     0.057  1      126.21     0.094  2
   4.57     0.000  1       65.85     0.058  1      127.13     0.094  2
   5.49     0.000  1       66.77     0.058  1      128.04     0.095  2
   6.40     0.000  1       67.68     0.059  1      128.96     0.095  2
   7.32     0.000  1       68.59     0.060  1      129.87     0.095  2
   8.23     0.001  1       69.51     0.061  1      130.79     0.095  2
   9.15     0.001  1       70.42     0.062  1      131.70     0.096  2
  10.06     0.001  1       71.34     0.063  1      132.62     0.096  2
  10.98     0.002  1       72.25     0.064  1      133.53     0.096  2
  11.89     0.003  1       73.17     0.064  1      134.45     0.096  2
  12.80     0.004  1       74.08     0.065  1      135.36     0.096  2
  13.72     0.005  1       75.00     0.066  1      136.28     0.097  2
  14.63     0.006  1       75.91     0.067  1      137.19     0.097  2
  15.55     0.007  1       76.83     0.068  1      138.10     0.097  2
  16.46     0.008  1       77.74     0.069  1      139.02     0.097  2
  17.38     0.009  1       78.66     0.069  1      139.93     0.097  2
  18.29     0.010  1       79.57     0.070  1      140.85     0.097  2
  19.21     0.011  1       80.48     0.071  1      141.76     0.098  2
  20.12     0.012  1       81.40     0.072  1      142.68     0.098  2
  21.04     0.013  1       82.31     0.073  1      143.59     0.098  2
  21.95     0.014  1       83.23     0.074  1      144.51     0.098  2
  22.86     0.015  1       84.14     0.074  1      145.42     0.098  2
  23.78     0.016  1       85.06     0.075  1      146.34     0.098  2
  24.69     0.017  1       85.97     0.076  1      147.25     0.098  2
  25.61     0.018  1       86.89     0.077  1      148.17     0.099  2
  26.52     0.019  1       87.80     0.078  1      149.08     0.099  2
  27.44     0.020  1       88.72     0.078  1      149.99     0.099  2
  28.35     0.021  1       89.63     0.079  1      150.91     0.099  2
  29.27     0.022  1       90.55     0.080  1      151.82     0.099  2
  30.18     0.023  1       91.46     0.081  1      152.74     0.099  2
  31.10     0.024  1       92.37     0.086  2      153.65     0.100  2
  32.01     0.025  1       93.29     0.086  2      154.57     0.100  2
  32.93     0.026  1       94.20     0.086  2      155.48     0.100  2
  33.84     0.027  1       95.12     0.087  2      156.40     0.100  2
  34.75     0.028  1       96.03     0.087  2      157.31     0.100  2
  35.67     0.028  1       96.95     0.087  2      158.23     0.100  2
  36.58     0.029  1       97.86     0.087  2      159.14     0.100  2
  37.50     0.030  1       98.78     0.087  2      160.06     0.100  2
  38.41     0.031  1       99.69     0.088  2      160.97     0.101  2
  39.33     0.032  1      100.61     0.088  2      161.88     0.101  2
  40.24     0.033  1      101.52     0.088  2      162.80     0.101  2
  41.16     0.034  1      102.44     0.088  2      163.71     0.101  2
  42.07     0.035  1      103.35     0.089  2      164.63     0.101  2
  42.99     0.036  1      104.26     0.089  2      165.54     0.101  2
  43.90     0.037  1      105.18     0.089  2      166.46     0.101  2
  44.82     0.038  1      106.09     0.089  2      167.37     0.102  2
  45.73     0.038  1      107.01     0.090  2      168.29     0.102  2
  46.64     0.039  1      107.92     0.090  2      169.20     0.102  2
  47.56     0.040  1      108.84     0.090  2      170.12     0.102  2
  48.47     0.041  1      109.75     0.090  2      171.03     0.102  2
  49.39     0.042  1      110.67     0.090  2      171.94     0.102  2
  50.30     0.043  1      111.58     0.091  2      172.86     0.102  2
  51.22     0.044  1      112.50     0.091  2      173.77     0.103  2
  52.13     0.045  1      113.41     0.091  2      174.69     0.103  2
  53.05     0.045  1      114.32     0.091  2      175.60     0.103  2
  53.96     0.046  1      115.24     0.092  2      176.52     0.103  2
  54.88     0.047  1      116.15     0.092  2      177.43     0.103  2
  55.79     0.048  1      117.07     0.092  2      178.35     0.103  2
  56.71     0.049  1      117.98     0.092  2      179.26     0.103  2
  57.62     0.050  1      118.90     0.092  2      180.18     0.103  2
  58.53     0.051  1      119.81     0.093  2      181.09     0.104  2
  59.45     0.052  1      120.73     0.093  2      182.01     0.104  2
  60.36     0.053  1      121.64     0.093  2      182.92     0.104  2
  61.28     0.053  1      122.56     0.093  2

note:  (+) soil loss - detachment     (-) soil loss - deposition



III. OFF SITE EFFECTS  OFF SITE EFFECTS  OFF SITE EFFECTS
     ----------------  ----------------  ----------------

     A.  AVERAGE ANNUAL SEDIMENT LEAVING PROFILE
            12.274   kg/m of width
          1227.394     kg (based on profile width of    100.000      m)
             0.671   t/ha (assuming contributions from     1.829     ha)


     B.  SEDIMENT CHARACTERISTICS AND ENRICHMENT

     Sediment particle information leaving profile
-------------------------------------------------------------------------------
                                 Particle Composition         Detached Fraction
Class  Diameter  Specific  ---------------------------------  Sediment  In Flow
         (mm)    Gravity   % Sand   % Silt   % Clay   % O.M.  Fraction  Exiting
-------------------------------------------------------------------------------
  1     0.002      2.60      0.0      0.0    100.0     50.0     0.026    0.027
  2     0.010      2.65      0.0    100.0      0.0      0.0     0.070    0.071
  3     0.030      1.80      0.0     71.4     28.6     14.3     0.180    0.180
  4     0.300      1.60     78.2     15.1      6.6      3.3     0.340    0.339
  5     0.200      2.65    100.0      0.0      0.0      0.0     0.384    0.383
-------------------------------------------------------------------------------


     Average annual SSA enrichment ratio leaving profile =   1.00
