 Annual; detailed (Metric Units)                                        


          USDA WATER EROSION PREDICTION PROJECT
          -------------------------------------

          HILLSLOPE PROFILE AND WATERSHED MODEL
                     VERSION  2010.100
           January 28,      2010


               TO REPORT PROBLEMS OR TO BE PUT ON THE MAILING
               LIST FOR FUTURE WEPP MODEL RELEASES, PLEASE CONTACT:

                    WEPP TECHNICAL SUPPORT
                    USDA-AGRICULTURAL RESEARCH SERVICE
                    NATIONAL SOIL EROSION RESEARCH LABORATORY
                    275 SOUTH RUSSELL STREET
                    WEST LAFAYETTE, IN 47907-2077  USA

                    PHONE: (765) 494-8673
                      FAX: (765) 494-5948
                    email:  wepp@ecn.purdue.edu
                      URL:  http://topsoil.nserl.purdue.edu


     HILLSLOPE INPUT DATA FILES - VERSION  2010.100
      January 28,      2010


    MANAGEMENT: ../working/wepp-183861.man                        
 MAN. PRACTICE: Two OFEs for forest conditions                              
                W. Elliot 02/99                                             
                                                                            
         SLOPE: ../working/wepp-183861.slp                        
       CLIMATE: ../working/wepp-183861.cli                        
       Station:  GASCON NM +                                    CLIGEN VERSION  4.31
          SOIL: ../working/wepp-183861.sol                        
      PLANE  1 HIGH                sandy loam          
      PLANE  2 HIGH                sandy loam          


     HILLSLOPE 1 YEARLY SUMMARY FOR    1
     ----------------------------------


I.   RAINFALL AND RUNOFF SUMMARY
     -------- --- ------ -------

      year:      1

         Rainfall         Storm Runoff        Melt Runoff
      events   amount   events   amount     events  amount
                (mm)              (mm)               (mm)

        77     549.60       2       0.06       0       0.00


II.  ON SITE EFFECTS  ON SITE EFFECTS  ON SITE EFFECTS
     ---------------  ---------------  ---------------


  A.  AREA OF NET SOIL LOSS

      ** Soil Loss (Avg. of Net Detachment Areas) =    0.000 kg/m2 **
      ** Maximum Soil Loss  =    0.001 kg/m2 at   61.59 meters **


      Area of    Soil Loss   Soil Loss   MAX   MAX Loss   MIN   MIN Loss
      Net Loss      MEAN      STDEV      Loss    Point    Loss   Point
        (m)       (kg/m2)     (kg/m2)  (kg/m2)    (m)    (kg/m2)  (m)
------------------------------------------------------------------------
   0.00- 121.96    0.000     0.000      0.001   61.59     0.000    19.51



  C.  SOIL LOSS/DEPOSITION ALONG SLOPE PROFILE

          Profile distances are from top to bottom of hillslope


 distance soil  flow    distance   soil  flow    distance   soil  flow
    (m)   loss  elem       (m)     loss  elem       (m)     loss  elem
         (kg/m2)                  (kg/m2)                  (kg/m2)
------------------------------------------------------------------------

   0.61     0.000  1       41.47     0.000  1       82.32     0.001  2
   1.22     0.000  1       42.08     0.000  1       82.93     0.001  2
   1.83     0.000  1       42.69     0.000  1       83.54     0.001  2
   2.44     0.000  1       43.30     0.000  1       84.15     0.001  2
   3.05     0.000  1       43.91     0.000  1       84.76     0.001  2
   3.66     0.000  1       44.52     0.000  1       85.37     0.001  2
   4.27     0.000  1       45.13     0.000  1       85.98     0.001  2
   4.88     0.000  1       45.73     0.000  1       86.59     0.001  2
   5.49     0.000  1       46.34     0.000  1       87.20     0.001  2
   6.10     0.000  1       46.95     0.000  1       87.81     0.001  2
   6.71     0.000  1       47.56     0.000  1       88.42     0.001  2
   7.32     0.000  1       48.17     0.000  1       89.03     0.001  2
   7.93     0.000  1       48.78     0.000  1       89.64     0.001  2
   8.54     0.000  1       49.39     0.000  1       90.25     0.001  2
   9.15     0.000  1       50.00     0.000  1       90.86     0.001  2
   9.76     0.000  1       50.61     0.000  1       91.47     0.001  2
  10.37     0.000  1       51.22     0.000  1       92.08     0.001  2
  10.98     0.000  1       51.83     0.000  1       92.69     0.001  2
  11.59     0.000  1       52.44     0.000  1       93.30     0.001  2
  12.20     0.000  1       53.05     0.000  1       93.91     0.001  2
  12.81     0.000  1       53.66     0.000  1       94.52     0.001  2
  13.42     0.000  1       54.27     0.001  1       95.13     0.001  2
  14.03     0.000  1       54.88     0.001  1       95.74     0.001  2
  14.64     0.000  1       55.49     0.001  1       96.35     0.001  2
  15.25     0.000  1       56.10     0.001  1       96.96     0.001  2
  15.85     0.000  1       56.71     0.001  1       97.57     0.001  2
  16.46     0.000  1       57.32     0.001  1       98.18     0.001  2
  17.07     0.000  1       57.93     0.001  1       98.79     0.001  2
  17.68     0.000  1       58.54     0.001  1       99.40     0.001  2
  18.29     0.000  1       59.15     0.001  1      100.01     0.001  2
  18.90     0.000  1       59.76     0.001  1      100.62     0.001  2
  19.51     0.000  1       60.37     0.001  1      101.23     0.001  2
  20.12     0.000  1       60.98     0.001  1      101.84     0.001  2
  20.73     0.000  1       61.59     0.001  2      102.45     0.001  2
  21.34     0.000  1       62.20     0.001  2      103.06     0.001  2
  21.95     0.000  1       62.81     0.001  2      103.67     0.001  2
  22.56     0.000  1       63.42     0.001  2      104.28     0.001  2
  23.17     0.000  1       64.03     0.001  2      104.89     0.001  2
  23.78     0.000  1       64.64     0.001  2      105.50     0.001  2
  24.39     0.000  1       65.25     0.001  2      106.11     0.001  2
  25.00     0.000  1       65.86     0.001  2      106.72     0.001  2
  25.61     0.000  1       66.47     0.001  2      107.32     0.001  2
  26.22     0.000  1       67.08     0.001  2      107.93     0.001  2
  26.83     0.000  1       67.69     0.001  2      108.54     0.001  2
  27.44     0.000  1       68.30     0.001  2      109.15     0.001  2
  28.05     0.000  1       68.91     0.001  2      109.76     0.001  2
  28.66     0.000  1       69.52     0.001  2      110.37     0.001  2
  29.27     0.000  1       70.13     0.001  2      110.98     0.001  2
  29.88     0.000  1       70.74     0.001  2      111.59     0.001  2
  30.49     0.000  1       71.35     0.001  2      112.20     0.001  2
  31.10     0.000  1       71.96     0.001  2      112.81     0.001  2
  31.71     0.000  1       72.57     0.001  2      113.42     0.001  2
  32.32     0.000  1       73.18     0.001  2      114.03     0.001  2
  32.93     0.000  1       73.79     0.001  2      114.64     0.001  2
  33.54     0.000  1       74.40     0.001  2      115.25     0.001  2
  34.15     0.000  1       75.01     0.001  2      115.86     0.001  2
  34.76     0.000  1       75.62     0.001  2      116.47     0.001  2
  35.37     0.000  1       76.22     0.001  2      117.08     0.001  2
  35.98     0.000  1       76.83     0.001  2      117.69     0.001  2
  36.59     0.000  1       77.44     0.001  2      118.30     0.001  2
  37.20     0.000  1       78.05     0.001  2      118.91     0.001  2
  37.81     0.000  1       78.66     0.001  2      119.52     0.001  2
  38.42     0.000  1       79.27     0.001  2      120.13     0.001  2
  39.03     0.000  1       79.88     0.001  2      120.74     0.001  2
  39.64     0.000  1       80.49     0.001  2      121.35     0.001  2
  40.25     0.000  1       81.10     0.001  2      121.96     0.001  2
  40.86     0.000  1       81.71     0.001  2

note:  (+) soil loss - detachment     (-) soil loss - deposition



III. OFF SITE EFFECTS  OFF SITE EFFECTS  OFF SITE EFFECTS
     ----------------  ----------------  ----------------

     A.  SEDIMENT LEAVING PROFILE for year    1     0.051 kg/m



     B.  SEDIMENT CHARACTERISTICS AND ENRICHMENT

     Sediment particle information leaving profile
-------------------------------------------------------------------------------
                                 Particle Composition         Detached Fraction
Class  Diameter  Specific  ---------------------------------  Sediment  In Flow
         (mm)    Gravity   % Sand   % Silt   % Clay   % O.M.  Fraction  Exiting
-------------------------------------------------------------------------------
  1     0.002      2.60      0.0      0.0    100.0     50.0     0.026    0.027
  2     0.010      2.65      0.0    100.0      0.0      0.0     0.070    0.072
  3     0.030      1.80      0.0     71.4     28.6     14.3     0.180    0.180
  4     0.300      1.60     78.2     15.1      6.6      3.3     0.340    0.339
  5     0.200      2.65    100.0      0.0      0.0      0.0     0.384    0.383
-------------------------------------------------------------------------------


     Weighted SSA enrichment ratio leaving profile for year    1 =   1.01


     HILLSLOPE 1 YEARLY SUMMARY FOR    2
     ----------------------------------


I.   RAINFALL AND RUNOFF SUMMARY
     -------- --- ------ -------

      year:      2

         Rainfall         Storm Runoff        Melt Runoff
      events   amount   events   amount     events  amount
                (mm)              (mm)               (mm)

        69     623.80       0       0.00       0       0.00


II.  ON SITE EFFECTS  ON SITE EFFECTS  ON SITE EFFECTS
     ---------------  ---------------  ---------------




  C.  SOIL LOSS/DEPOSITION ALONG SLOPE PROFILE

          Profile distances are from top to bottom of hillslope


 distance soil  flow    distance   soil  flow    distance   soil  flow
    (m)   loss  elem       (m)     loss  elem       (m)     loss  elem
         (kg/m2)                  (kg/m2)                  (kg/m2)
------------------------------------------------------------------------

   0.61     0.000  1       41.47     0.000  1       82.32     0.000  2
   1.22     0.000  1       42.08     0.000  1       82.93     0.000  2
   1.83     0.000  1       42.69     0.000  1       83.54     0.000  2
   2.44     0.000  1       43.30     0.000  1       84.15     0.000  2
   3.05     0.000  1       43.91     0.000  1       84.76     0.000  2
   3.66     0.000  1       44.52     0.000  1       85.37     0.000  2
   4.27     0.000  1       45.13     0.000  1       85.98     0.000  2
   4.88     0.000  1       45.73     0.000  1       86.59     0.000  2
   5.49     0.000  1       46.34     0.000  1       87.20     0.000  2
   6.10     0.000  1       46.95     0.000  1       87.81     0.000  2
   6.71     0.000  1       47.56     0.000  1       88.42     0.000  2
   7.32     0.000  1       48.17     0.000  1       89.03     0.000  2
   7.93     0.000  1       48.78     0.000  1       89.64     0.000  2
   8.54     0.000  1       49.39     0.000  1       90.25     0.000  2
   9.15     0.000  1       50.00     0.000  1       90.86     0.000  2
   9.76     0.000  1       50.61     0.000  1       91.47     0.000  2
  10.37     0.000  1       51.22     0.000  1       92.08     0.000  2
  10.98     0.000  1       51.83     0.000  1       92.69     0.000  2
  11.59     0.000  1       52.44     0.000  1       93.30     0.000  2
  12.20     0.000  1       53.05     0.000  1       93.91     0.000  2
  12.81     0.000  1       53.66     0.000  1       94.52     0.000  2
  13.42     0.000  1       54.27     0.000  1       95.13     0.000  2
  14.03     0.000  1       54.88     0.000  1       95.74     0.000  2
  14.64     0.000  1       55.49     0.000  1       96.35     0.000  2
  15.25     0.000  1       56.10     0.000  1       96.96     0.000  2
  15.85     0.000  1       56.71     0.000  1       97.57     0.000  2
  16.46     0.000  1       57.32     0.000  1       98.18     0.000  2
  17.07     0.000  1       57.93     0.000  1       98.79     0.000  2
  17.68     0.000  1       58.54     0.000  1       99.40     0.000  2
  18.29     0.000  1       59.15     0.000  1      100.01     0.000  2
  18.90     0.000  1       59.76     0.000  1      100.62     0.000  2
  19.51     0.000  1       60.37     0.000  1      101.23     0.000  2
  20.12     0.000  1       60.98     0.000  1      101.84     0.000  2
  20.73     0.000  1       61.59     0.000  2      102.45     0.000  2
  21.34     0.000  1       62.20     0.000  2      103.06     0.000  2
  21.95     0.000  1       62.81     0.000  2      103.67     0.000  2
  22.56     0.000  1       63.42     0.000  2      104.28     0.000  2
  23.17     0.000  1       64.03     0.000  2      104.89     0.000  2
  23.78     0.000  1       64.64     0.000  2      105.50     0.000  2
  24.39     0.000  1       65.25     0.000  2      106.11     0.000  2
  25.00     0.000  1       65.86     0.000  2      106.72     0.000  2
  25.61     0.000  1       66.47     0.000  2      107.32     0.000  2
  26.22     0.000  1       67.08     0.000  2      107.93     0.000  2
  26.83     0.000  1       67.69     0.000  2      108.54     0.000  2
  27.44     0.000  1       68.30     0.000  2      109.15     0.000  2
  28.05     0.000  1       68.91     0.000  2      109.76     0.000  2
  28.66     0.000  1       69.52     0.000  2      110.37     0.000  2
  29.27     0.000  1       70.13     0.000  2      110.98     0.000  2
  29.88     0.000  1       70.74     0.000  2      111.59     0.000  2
  30.49     0.000  1       71.35     0.000  2      112.20     0.000  2
  31.10     0.000  1       71.96     0.000  2      112.81     0.000  2
  31.71     0.000  1       72.57     0.000  2      113.42     0.000  2
  32.32     0.000  1       73.18     0.000  2      114.03     0.000  2
  32.93     0.000  1       73.79     0.000  2      114.64     0.000  2
  33.54     0.000  1       74.40     0.000  2      115.25     0.000  2
  34.15     0.000  1       75.01     0.000  2      115.86     0.000  2
  34.76     0.000  1       75.62     0.000  2      116.47     0.000  2
  35.37     0.000  1       76.22     0.000  2      117.08     0.000  2
  35.98     0.000  1       76.83     0.000  2      117.69     0.000  2
  36.59     0.000  1       77.44     0.000  2      118.30     0.000  2
  37.20     0.000  1       78.05     0.000  2      118.91     0.000  2
  37.81     0.000  1       78.66     0.000  2      119.52     0.000  2
  38.42     0.000  1       79.27     0.000  2      120.13     0.000  2
  39.03     0.000  1       79.88     0.000  2      120.74     0.000  2
  39.64     0.000  1       80.49     0.000  2      121.35     0.000  2
  40.25     0.000  1       81.10     0.000  2      121.96     0.000  2
  40.86     0.000  1       81.71     0.000  2

note:  (+) soil loss - detachment     (-) soil loss - deposition



III. OFF SITE EFFECTS  OFF SITE EFFECTS  OFF SITE EFFECTS
     ----------------  ----------------  ----------------

     A.  SEDIMENT LEAVING PROFILE for year    2     0.000 kg/m



     B.  SEDIMENT CHARACTERISTICS AND ENRICHMENT

     Sediment particle information leaving profile
-------------------------------------------------------------------------------
                                 Particle Composition         Detached Fraction
Class  Diameter  Specific  ---------------------------------  Sediment  In Flow
         (mm)    Gravity   % Sand   % Silt   % Clay   % O.M.  Fraction  Exiting
-------------------------------------------------------------------------------
  1     0.002      2.60      0.0      0.0    100.0     50.0     0.026    0.000
  2     0.010      2.65      0.0    100.0      0.0      0.0     0.070    0.000
  3     0.030      1.80      0.0     71.4     28.6     14.3     0.180    0.000
  4     0.300      1.60     78.2     15.1      6.6      3.3     0.340    0.000
  5     0.200      2.65    100.0      0.0      0.0      0.0     0.384    0.000
-------------------------------------------------------------------------------


     Weighted SSA enrichment ratio leaving profile for year    2 =   0.00


     HILLSLOPE 1 YEARLY SUMMARY FOR    3
     ----------------------------------


I.   RAINFALL AND RUNOFF SUMMARY
     -------- --- ------ -------

      year:      3

         Rainfall         Storm Runoff        Melt Runoff
      events   amount   events   amount     events  amount
                (mm)              (mm)               (mm)

        60     486.10       0       0.00       0       0.00


II.  ON SITE EFFECTS  ON SITE EFFECTS  ON SITE EFFECTS
     ---------------  ---------------  ---------------




  C.  SOIL LOSS/DEPOSITION ALONG SLOPE PROFILE

          Profile distances are from top to bottom of hillslope


 distance soil  flow    distance   soil  flow    distance   soil  flow
    (m)   loss  elem       (m)     loss  elem       (m)     loss  elem
         (kg/m2)                  (kg/m2)                  (kg/m2)
------------------------------------------------------------------------

   0.61     0.000  1       41.47     0.000  1       82.32     0.000  2
   1.22     0.000  1       42.08     0.000  1       82.93     0.000  2
   1.83     0.000  1       42.69     0.000  1       83.54     0.000  2
   2.44     0.000  1       43.30     0.000  1       84.15     0.000  2
   3.05     0.000  1       43.91     0.000  1       84.76     0.000  2
   3.66     0.000  1       44.52     0.000  1       85.37     0.000  2
   4.27     0.000  1       45.13     0.000  1       85.98     0.000  2
   4.88     0.000  1       45.73     0.000  1       86.59     0.000  2
   5.49     0.000  1       46.34     0.000  1       87.20     0.000  2
   6.10     0.000  1       46.95     0.000  1       87.81     0.000  2
   6.71     0.000  1       47.56     0.000  1       88.42     0.000  2
   7.32     0.000  1       48.17     0.000  1       89.03     0.000  2
   7.93     0.000  1       48.78     0.000  1       89.64     0.000  2
   8.54     0.000  1       49.39     0.000  1       90.25     0.000  2
   9.15     0.000  1       50.00     0.000  1       90.86     0.000  2
   9.76     0.000  1       50.61     0.000  1       91.47     0.000  2
  10.37     0.000  1       51.22     0.000  1       92.08     0.000  2
  10.98     0.000  1       51.83     0.000  1       92.69     0.000  2
  11.59     0.000  1       52.44     0.000  1       93.30     0.000  2
  12.20     0.000  1       53.05     0.000  1       93.91     0.000  2
  12.81     0.000  1       53.66     0.000  1       94.52     0.000  2
  13.42     0.000  1       54.27     0.000  1       95.13     0.000  2
  14.03     0.000  1       54.88     0.000  1       95.74     0.000  2
  14.64     0.000  1       55.49     0.000  1       96.35     0.000  2
  15.25     0.000  1       56.10     0.000  1       96.96     0.000  2
  15.85     0.000  1       56.71     0.000  1       97.57     0.000  2
  16.46     0.000  1       57.32     0.000  1       98.18     0.000  2
  17.07     0.000  1       57.93     0.000  1       98.79     0.000  2
  17.68     0.000  1       58.54     0.000  1       99.40     0.000  2
  18.29     0.000  1       59.15     0.000  1      100.01     0.000  2
  18.90     0.000  1       59.76     0.000  1      100.62     0.000  2
  19.51     0.000  1       60.37     0.000  1      101.23     0.000  2
  20.12     0.000  1       60.98     0.000  1      101.84     0.000  2
  20.73     0.000  1       61.59     0.000  2      102.45     0.000  2
  21.34     0.000  1       62.20     0.000  2      103.06     0.000  2
  21.95     0.000  1       62.81     0.000  2      103.67     0.000  2
  22.56     0.000  1       63.42     0.000  2      104.28     0.000  2
  23.17     0.000  1       64.03     0.000  2      104.89     0.000  2
  23.78     0.000  1       64.64     0.000  2      105.50     0.000  2
  24.39     0.000  1       65.25     0.000  2      106.11     0.000  2
  25.00     0.000  1       65.86     0.000  2      106.72     0.000  2
  25.61     0.000  1       66.47     0.000  2      107.32     0.000  2
  26.22     0.000  1       67.08     0.000  2      107.93     0.000  2
  26.83     0.000  1       67.69     0.000  2      108.54     0.000  2
  27.44     0.000  1       68.30     0.000  2      109.15     0.000  2
  28.05     0.000  1       68.91     0.000  2      109.76     0.000  2
  28.66     0.000  1       69.52     0.000  2      110.37     0.000  2
  29.27     0.000  1       70.13     0.000  2      110.98     0.000  2
  29.88     0.000  1       70.74     0.000  2      111.59     0.000  2
  30.49     0.000  1       71.35     0.000  2      112.20     0.000  2
  31.10     0.000  1       71.96     0.000  2      112.81     0.000  2
  31.71     0.000  1       72.57     0.000  2      113.42     0.000  2
  32.32     0.000  1       73.18     0.000  2      114.03     0.000  2
  32.93     0.000  1       73.79     0.000  2      114.64     0.000  2
  33.54     0.000  1       74.40     0.000  2      115.25     0.000  2
  34.15     0.000  1       75.01     0.000  2      115.86     0.000  2
  34.76     0.000  1       75.62     0.000  2      116.47     0.000  2
  35.37     0.000  1       76.22     0.000  2      117.08     0.000  2
  35.98     0.000  1       76.83     0.000  2      117.69     0.000  2
  36.59     0.000  1       77.44     0.000  2      118.30     0.000  2
  37.20     0.000  1       78.05     0.000  2      118.91     0.000  2
  37.81     0.000  1       78.66     0.000  2      119.52     0.000  2
  38.42     0.000  1       79.27     0.000  2      120.13     0.000  2
  39.03     0.000  1       79.88     0.000  2      120.74     0.000  2
  39.64     0.000  1       80.49     0.000  2      121.35     0.000  2
  40.25     0.000  1       81.10     0.000  2      121.96     0.000  2
  40.86     0.000  1       81.71     0.000  2

note:  (+) soil loss - detachment     (-) soil loss - deposition



III. OFF SITE EFFECTS  OFF SITE EFFECTS  OFF SITE EFFECTS
     ----------------  ----------------  ----------------

     A.  SEDIMENT LEAVING PROFILE for year    3     0.000 kg/m



     B.  SEDIMENT CHARACTERISTICS AND ENRICHMENT

     Sediment particle information leaving profile
-------------------------------------------------------------------------------
                                 Particle Composition         Detached Fraction
Class  Diameter  Specific  ---------------------------------  Sediment  In Flow
         (mm)    Gravity   % Sand   % Silt   % Clay   % O.M.  Fraction  Exiting
-------------------------------------------------------------------------------
  1     0.002      2.60      0.0      0.0    100.0     50.0     0.026    0.000
  2     0.010      2.65      0.0    100.0      0.0      0.0     0.070    0.000
  3     0.030      1.80      0.0     71.4     28.6     14.3     0.180    0.000
  4     0.300      1.60     78.2     15.1      6.6      3.3     0.340    0.000
  5     0.200      2.65    100.0      0.0      0.0      0.0     0.384    0.000
-------------------------------------------------------------------------------


     Weighted SSA enrichment ratio leaving profile for year    3 =   0.00


     HILLSLOPE 1 YEARLY SUMMARY FOR    4
     ----------------------------------


I.   RAINFALL AND RUNOFF SUMMARY
     -------- --- ------ -------

      year:      4

         Rainfall         Storm Runoff        Melt Runoff
      events   amount   events   amount     events  amount
                (mm)              (mm)               (mm)

        67     385.70       0       0.00       0       0.00


II.  ON SITE EFFECTS  ON SITE EFFECTS  ON SITE EFFECTS
     ---------------  ---------------  ---------------




  C.  SOIL LOSS/DEPOSITION ALONG SLOPE PROFILE

          Profile distances are from top to bottom of hillslope


 distance soil  flow    distance   soil  flow    distance   soil  flow
    (m)   loss  elem       (m)     loss  elem       (m)     loss  elem
         (kg/m2)                  (kg/m2)                  (kg/m2)
------------------------------------------------------------------------

   0.61     0.000  1       41.47     0.000  1       82.32     0.000  2
   1.22     0.000  1       42.08     0.000  1       82.93     0.000  2
   1.83     0.000  1       42.69     0.000  1       83.54     0.000  2
   2.44     0.000  1       43.30     0.000  1       84.15     0.000  2
   3.05     0.000  1       43.91     0.000  1       84.76     0.000  2
   3.66     0.000  1       44.52     0.000  1       85.37     0.000  2
   4.27     0.000  1       45.13     0.000  1       85.98     0.000  2
   4.88     0.000  1       45.73     0.000  1       86.59     0.000  2
   5.49     0.000  1       46.34     0.000  1       87.20     0.000  2
   6.10     0.000  1       46.95     0.000  1       87.81     0.000  2
   6.71     0.000  1       47.56     0.000  1       88.42     0.000  2
   7.32     0.000  1       48.17     0.000  1       89.03     0.000  2
   7.93     0.000  1       48.78     0.000  1       89.64     0.000  2
   8.54     0.000  1       49.39     0.000  1       90.25     0.000  2
   9.15     0.000  1       50.00     0.000  1       90.86     0.000  2
   9.76     0.000  1       50.61     0.000  1       91.47     0.000  2
  10.37     0.000  1       51.22     0.000  1       92.08     0.000  2
  10.98     0.000  1       51.83     0.000  1       92.69     0.000  2
  11.59     0.000  1       52.44     0.000  1       93.30     0.000  2
  12.20     0.000  1       53.05     0.000  1       93.91     0.000  2
  12.81     0.000  1       53.66     0.000  1       94.52     0.000  2
  13.42     0.000  1       54.27     0.000  1       95.13     0.000  2
  14.03     0.000  1       54.88     0.000  1       95.74     0.000  2
  14.64     0.000  1       55.49     0.000  1       96.35     0.000  2
  15.25     0.000  1       56.10     0.000  1       96.96     0.000  2
  15.85     0.000  1       56.71     0.000  1       97.57     0.000  2
  16.46     0.000  1       57.32     0.000  1       98.18     0.000  2
  17.07     0.000  1       57.93     0.000  1       98.79     0.000  2
  17.68     0.000  1       58.54     0.000  1       99.40     0.000  2
  18.29     0.000  1       59.15     0.000  1      100.01     0.000  2
  18.90     0.000  1       59.76     0.000  1      100.62     0.000  2
  19.51     0.000  1       60.37     0.000  1      101.23     0.000  2
  20.12     0.000  1       60.98     0.000  1      101.84     0.000  2
  20.73     0.000  1       61.59     0.000  2      102.45     0.000  2
  21.34     0.000  1       62.20     0.000  2      103.06     0.000  2
  21.95     0.000  1       62.81     0.000  2      103.67     0.000  2
  22.56     0.000  1       63.42     0.000  2      104.28     0.000  2
  23.17     0.000  1       64.03     0.000  2      104.89     0.000  2
  23.78     0.000  1       64.64     0.000  2      105.50     0.000  2
  24.39     0.000  1       65.25     0.000  2      106.11     0.000  2
  25.00     0.000  1       65.86     0.000  2      106.72     0.000  2
  25.61     0.000  1       66.47     0.000  2      107.32     0.000  2
  26.22     0.000  1       67.08     0.000  2      107.93     0.000  2
  26.83     0.000  1       67.69     0.000  2      108.54     0.000  2
  27.44     0.000  1       68.30     0.000  2      109.15     0.000  2
  28.05     0.000  1       68.91     0.000  2      109.76     0.000  2
  28.66     0.000  1       69.52     0.000  2      110.37     0.000  2
  29.27     0.000  1       70.13     0.000  2      110.98     0.000  2
  29.88     0.000  1       70.74     0.000  2      111.59     0.000  2
  30.49     0.000  1       71.35     0.000  2      112.20     0.000  2
  31.10     0.000  1       71.96     0.000  2      112.81     0.000  2
  31.71     0.000  1       72.57     0.000  2      113.42     0.000  2
  32.32     0.000  1       73.18     0.000  2      114.03     0.000  2
  32.93     0.000  1       73.79     0.000  2      114.64     0.000  2
  33.54     0.000  1       74.40     0.000  2      115.25     0.000  2
  34.15     0.000  1       75.01     0.000  2      115.86     0.000  2
  34.76     0.000  1       75.62     0.000  2      116.47     0.000  2
  35.37     0.000  1       76.22     0.000  2      117.08     0.000  2
  35.98     0.000  1       76.83     0.000  2      117.69     0.000  2
  36.59     0.000  1       77.44     0.000  2      118.30     0.000  2
  37.20     0.000  1       78.05     0.000  2      118.91     0.000  2
  37.81     0.000  1       78.66     0.000  2      119.52     0.000  2
  38.42     0.000  1       79.27     0.000  2      120.13     0.000  2
  39.03     0.000  1       79.88     0.000  2      120.74     0.000  2
  39.64     0.000  1       80.49     0.000  2      121.35     0.000  2
  40.25     0.000  1       81.10     0.000  2      121.96     0.000  2
  40.86     0.000  1       81.71     0.000  2

note:  (+) soil loss - detachment     (-) soil loss - deposition



III. OFF SITE EFFECTS  OFF SITE EFFECTS  OFF SITE EFFECTS
     ----------------  ----------------  ----------------

     A.  SEDIMENT LEAVING PROFILE for year    4     0.000 kg/m



     B.  SEDIMENT CHARACTERISTICS AND ENRICHMENT

     Sediment particle information leaving profile
-------------------------------------------------------------------------------
                                 Particle Composition         Detached Fraction
Class  Diameter  Specific  ---------------------------------  Sediment  In Flow
         (mm)    Gravity   % Sand   % Silt   % Clay   % O.M.  Fraction  Exiting
-------------------------------------------------------------------------------
  1     0.002      2.60      0.0      0.0    100.0     50.0     0.026    0.000
  2     0.010      2.65      0.0    100.0      0.0      0.0     0.070    0.000
  3     0.030      1.80      0.0     71.4     28.6     14.3     0.180    0.000
  4     0.300      1.60     78.2     15.1      6.6      3.3     0.340    0.000
  5     0.200      2.65    100.0      0.0      0.0      0.0     0.384    0.000
-------------------------------------------------------------------------------


     Weighted SSA enrichment ratio leaving profile for year    4 =   0.00


     HILLSLOPE 1 YEARLY SUMMARY FOR    5
     ----------------------------------


I.   RAINFALL AND RUNOFF SUMMARY
     -------- --- ------ -------

      year:      5

         Rainfall         Storm Runoff        Melt Runoff
      events   amount   events   amount     events  amount
                (mm)              (mm)               (mm)

        66     606.10       1      11.45       0       0.00


II.  ON SITE EFFECTS  ON SITE EFFECTS  ON SITE EFFECTS
     ---------------  ---------------  ---------------


  A.  AREA OF NET SOIL LOSS

      ** Soil Loss (Avg. of Net Detachment Areas) =    0.132 kg/m2 **
      ** Maximum Soil Loss  =    0.217 kg/m2 at  121.96 meters **


      Area of    Soil Loss   Soil Loss   MAX   MAX Loss   MIN   MIN Loss
      Net Loss      MEAN      STDEV      Loss    Point    Loss   Point
        (m)       (kg/m2)     (kg/m2)  (kg/m2)    (m)    (kg/m2)  (m)
------------------------------------------------------------------------
   0.00- 121.96    0.132     0.067      0.217  121.96     0.001     1.22



  C.  SOIL LOSS/DEPOSITION ALONG SLOPE PROFILE

          Profile distances are from top to bottom of hillslope


 distance soil  flow    distance   soil  flow    distance   soil  flow
    (m)   loss  elem       (m)     loss  elem       (m)     loss  elem
         (kg/m2)                  (kg/m2)                  (kg/m2)
------------------------------------------------------------------------

   0.61     0.001  1       41.47     0.096  1       82.32     0.185  2
   1.22     0.001  1       42.08     0.097  1       82.93     0.185  2
   1.83     0.001  1       42.69     0.098  1       83.54     0.186  2
   2.44     0.001  1       43.30     0.099  1       84.15     0.187  2
   3.05     0.002  1       43.91     0.101  1       84.76     0.187  2
   3.66     0.004  1       44.52     0.102  1       85.37     0.188  2
   4.27     0.007  1       45.13     0.103  1       85.98     0.188  2
   4.88     0.009  1       45.73     0.104  1       86.59     0.189  2
   5.49     0.011  1       46.34     0.105  1       87.20     0.190  2
   6.10     0.014  1       46.95     0.106  1       87.81     0.190  2
   6.71     0.016  1       47.56     0.107  1       88.42     0.191  2
   7.32     0.018  1       48.17     0.108  1       89.03     0.192  2
   7.93     0.020  1       48.78     0.109  1       89.64     0.192  2
   8.54     0.022  1       49.39     0.111  1       90.25     0.193  2
   9.15     0.024  1       50.00     0.112  1       90.86     0.193  2
   9.76     0.025  1       50.61     0.113  1       91.47     0.194  2
  10.37     0.027  1       51.22     0.114  1       92.08     0.195  2
  10.98     0.029  1       51.83     0.115  1       92.69     0.195  2
  11.59     0.031  1       52.44     0.116  1       93.30     0.196  2
  12.20     0.032  1       53.05     0.117  1       93.91     0.196  2
  12.81     0.034  1       53.66     0.118  1       94.52     0.196  2
  13.42     0.036  1       54.27     0.119  1       95.13     0.197  2
  14.03     0.037  1       54.88     0.120  1       95.74     0.197  2
  14.64     0.039  1       55.49     0.121  1       96.35     0.198  2
  15.25     0.040  1       56.10     0.122  1       96.96     0.198  2
  15.85     0.042  1       56.71     0.123  1       97.57     0.199  2
  16.46     0.044  1       57.32     0.125  1       98.18     0.199  2
  17.07     0.045  1       57.93     0.126  1       98.79     0.200  2
  17.68     0.047  1       58.54     0.127  1       99.40     0.200  2
  18.29     0.048  1       59.15     0.128  1      100.01     0.201  2
  18.90     0.049  1       59.76     0.129  1      100.62     0.201  2
  19.51     0.051  1       60.37     0.130  1      101.23     0.202  2
  20.12     0.052  1       60.98     0.131  1      101.84     0.202  2
  20.73     0.054  1       61.59     0.163  2      102.45     0.203  2
  21.34     0.055  1       62.20     0.164  2      103.06     0.203  2
  21.95     0.056  1       62.81     0.164  2      103.67     0.204  2
  22.56     0.058  1       63.42     0.165  2      104.28     0.204  2
  23.17     0.059  1       64.03     0.165  2      104.89     0.205  2
  23.78     0.060  1       64.64     0.166  2      105.50     0.205  2
  24.39     0.062  1       65.25     0.167  2      106.11     0.206  2
  25.00     0.063  1       65.86     0.167  2      106.72     0.206  2
  25.61     0.064  1       66.47     0.168  2      107.32     0.206  2
  26.22     0.066  1       67.08     0.169  2      107.93     0.207  2
  26.83     0.067  1       67.69     0.169  2      108.54     0.207  2
  27.44     0.068  1       68.30     0.170  2      109.15     0.208  2
  28.05     0.069  1       68.91     0.171  2      109.76     0.208  2
  28.66     0.071  1       69.52     0.171  2      110.37     0.209  2
  29.27     0.072  1       70.13     0.172  2      110.98     0.209  2
  29.88     0.073  1       70.74     0.173  2      111.59     0.210  2
  30.49     0.074  1       71.35     0.173  2      112.20     0.210  2
  31.10     0.076  1       71.96     0.174  2      112.81     0.211  2
  31.71     0.077  1       72.57     0.175  2      113.42     0.211  2
  32.32     0.078  1       73.18     0.175  2      114.03     0.211  2
  32.93     0.079  1       73.79     0.176  2      114.64     0.212  2
  33.54     0.081  1       74.40     0.177  2      115.25     0.212  2
  34.15     0.082  1       75.01     0.177  2      115.86     0.213  2
  34.76     0.083  1       75.62     0.178  2      116.47     0.213  2
  35.37     0.084  1       76.22     0.178  2      117.08     0.214  2
  35.98     0.085  1       76.83     0.179  2      117.69     0.214  2
  36.59     0.087  1       77.44     0.180  2      118.30     0.214  2
  37.20     0.088  1       78.05     0.180  2      118.91     0.215  2
  37.81     0.089  1       78.66     0.181  2      119.52     0.215  2
  38.42     0.090  1       79.27     0.182  2      120.13     0.216  2
  39.03     0.091  1       79.88     0.182  2      120.74     0.216  2
  39.64     0.092  1       80.49     0.183  2      121.35     0.217  2
  40.25     0.094  1       81.10     0.184  2      121.96     0.217  2
  40.86     0.095  1       81.71     0.184  2

note:  (+) soil loss - detachment     (-) soil loss - deposition



III. OFF SITE EFFECTS  OFF SITE EFFECTS  OFF SITE EFFECTS
     ----------------  ----------------  ----------------

     A.  SEDIMENT LEAVING PROFILE for year    5    16.091 kg/m



     B.  SEDIMENT CHARACTERISTICS AND ENRICHMENT

     Sediment particle information leaving profile
-------------------------------------------------------------------------------
                                 Particle Composition         Detached Fraction
Class  Diameter  Specific  ---------------------------------  Sediment  In Flow
         (mm)    Gravity   % Sand   % Silt   % Clay   % O.M.  Fraction  Exiting
-------------------------------------------------------------------------------
  1     0.002      2.60      0.0      0.0    100.0     50.0     0.026    0.027
  2     0.010      2.65      0.0    100.0      0.0      0.0     0.070    0.072
  3     0.030      1.80      0.0     71.4     28.6     14.3     0.180    0.180
  4     0.300      1.60     78.2     15.1      6.6      3.3     0.340    0.338
  5     0.200      2.65    100.0      0.0      0.0      0.0     0.384    0.382
-------------------------------------------------------------------------------


     Weighted SSA enrichment ratio leaving profile for year    5 =   1.01


     HILLSLOPE 1 YEARLY SUMMARY FOR    6
     ----------------------------------


I.   RAINFALL AND RUNOFF SUMMARY
     -------- --- ------ -------

      year:      6

         Rainfall         Storm Runoff        Melt Runoff
      events   amount   events   amount     events  amount
                (mm)              (mm)               (mm)

        82     653.20       4      15.50       0       0.00


II.  ON SITE EFFECTS  ON SITE EFFECTS  ON SITE EFFECTS
     ---------------  ---------------  ---------------


  A.  AREA OF NET SOIL LOSS

      ** Soil Loss (Avg. of Net Detachment Areas) =    0.197 kg/m2 **
      ** Maximum Soil Loss  =    0.327 kg/m2 at  121.96 meters **


      Area of    Soil Loss   Soil Loss   MAX   MAX Loss   MIN   MIN Loss
      Net Loss      MEAN      STDEV      Loss    Point    Loss   Point
        (m)       (kg/m2)     (kg/m2)  (kg/m2)    (m)    (kg/m2)  (m)
------------------------------------------------------------------------
   0.00- 121.96    0.197     0.105      0.327  121.96     0.000     1.83



  C.  SOIL LOSS/DEPOSITION ALONG SLOPE PROFILE

          Profile distances are from top to bottom of hillslope


 distance soil  flow    distance   soil  flow    distance   soil  flow
    (m)   loss  elem       (m)     loss  elem       (m)     loss  elem
         (kg/m2)                  (kg/m2)                  (kg/m2)
------------------------------------------------------------------------

   0.61     0.000  1       41.47     0.141  1       82.32     0.280  2
   1.22     0.000  1       42.08     0.143  1       82.93     0.281  2
   1.83     0.000  1       42.69     0.145  1       83.54     0.281  2
   2.44     0.000  1       43.30     0.147  1       84.15     0.282  2
   3.05     0.000  1       43.91     0.149  1       84.76     0.283  2
   3.66     0.000  1       44.52     0.151  1       85.37     0.284  2
   4.27     0.002  1       45.13     0.153  1       85.98     0.285  2
   4.88     0.004  1       45.73     0.154  1       86.59     0.286  2
   5.49     0.007  1       46.34     0.156  1       87.20     0.287  2
   6.10     0.010  1       46.95     0.158  1       87.81     0.288  2
   6.71     0.013  1       47.56     0.160  1       88.42     0.289  2
   7.32     0.016  1       48.17     0.162  1       89.03     0.290  2
   7.93     0.019  1       48.78     0.164  1       89.64     0.291  2
   8.54     0.022  1       49.39     0.165  1       90.25     0.291  2
   9.15     0.025  1       50.00     0.167  1       90.86     0.292  2
   9.76     0.028  1       50.61     0.169  1       91.47     0.293  2
  10.37     0.031  1       51.22     0.171  1       92.08     0.294  2
  10.98     0.033  1       51.83     0.172  1       92.69     0.295  2
  11.59     0.036  1       52.44     0.174  1       93.30     0.296  2
  12.20     0.039  1       53.05     0.176  1       93.91     0.296  2
  12.81     0.041  1       53.66     0.178  1       94.52     0.297  2
  13.42     0.044  1       54.27     0.179  1       95.13     0.298  2
  14.03     0.046  1       54.88     0.181  1       95.74     0.298  2
  14.64     0.049  1       55.49     0.183  1       96.35     0.299  2
  15.25     0.051  1       56.10     0.185  1       96.96     0.300  2
  15.85     0.053  1       56.71     0.186  1       97.57     0.300  2
  16.46     0.056  1       57.32     0.188  1       98.18     0.301  2
  17.07     0.058  1       57.93     0.190  1       98.79     0.302  2
  17.68     0.061  1       58.54     0.192  1       99.40     0.303  2
  18.29     0.063  1       59.15     0.193  1      100.01     0.303  2
  18.90     0.065  1       59.76     0.195  1      100.62     0.304  2
  19.51     0.068  1       60.37     0.197  1      101.23     0.305  2
  20.12     0.070  1       60.98     0.198  1      101.84     0.305  2
  20.73     0.072  1       61.59     0.247  2      102.45     0.306  2
  21.34     0.075  1       62.20     0.248  2      103.06     0.307  2
  21.95     0.077  1       62.81     0.249  2      103.67     0.307  2
  22.56     0.079  1       63.42     0.250  2      104.28     0.308  2
  23.17     0.081  1       64.03     0.251  2      104.89     0.309  2
  23.78     0.083  1       64.64     0.252  2      105.50     0.309  2
  24.39     0.086  1       65.25     0.253  2      106.11     0.310  2
  25.00     0.088  1       65.86     0.254  2      106.72     0.311  2
  25.61     0.090  1       66.47     0.255  2      107.32     0.311  2
  26.22     0.092  1       67.08     0.256  2      107.93     0.312  2
  26.83     0.094  1       67.69     0.257  2      108.54     0.313  2
  27.44     0.096  1       68.30     0.258  2      109.15     0.313  2
  28.05     0.098  1       68.91     0.259  2      109.76     0.314  2
  28.66     0.100  1       69.52     0.260  2      110.37     0.315  2
  29.27     0.102  1       70.13     0.261  2      110.98     0.315  2
  29.88     0.104  1       70.74     0.262  2      111.59     0.316  2
  30.49     0.106  1       71.35     0.263  2      112.20     0.317  2
  31.10     0.108  1       71.96     0.264  2      112.81     0.317  2
  31.71     0.110  1       72.57     0.265  2      113.42     0.318  2
  32.32     0.112  1       73.18     0.266  2      114.03     0.318  2
  32.93     0.114  1       73.79     0.267  2      114.64     0.319  2
  33.54     0.116  1       74.40     0.267  2      115.25     0.320  2
  34.15     0.118  1       75.01     0.268  2      115.86     0.320  2
  34.76     0.120  1       75.62     0.269  2      116.47     0.321  2
  35.37     0.122  1       76.22     0.270  2      117.08     0.322  2
  35.98     0.124  1       76.83     0.271  2      117.69     0.322  2
  36.59     0.126  1       77.44     0.272  2      118.30     0.323  2
  37.20     0.128  1       78.05     0.273  2      118.91     0.323  2
  37.81     0.130  1       78.66     0.274  2      119.52     0.324  2
  38.42     0.132  1       79.27     0.275  2      120.13     0.325  2
  39.03     0.134  1       79.88     0.276  2      120.74     0.325  2
  39.64     0.136  1       80.49     0.277  2      121.35     0.326  2
  40.25     0.138  1       81.10     0.278  2      121.96     0.327  2
  40.86     0.140  1       81.71     0.279  2

note:  (+) soil loss - detachment     (-) soil loss - deposition



III. OFF SITE EFFECTS  OFF SITE EFFECTS  OFF SITE EFFECTS
     ----------------  ----------------  ----------------

     A.  SEDIMENT LEAVING PROFILE for year    6    23.987 kg/m



     B.  SEDIMENT CHARACTERISTICS AND ENRICHMENT

     Sediment particle information leaving profile
-------------------------------------------------------------------------------
                                 Particle Composition         Detached Fraction
Class  Diameter  Specific  ---------------------------------  Sediment  In Flow
         (mm)    Gravity   % Sand   % Silt   % Clay   % O.M.  Fraction  Exiting
-------------------------------------------------------------------------------
  1     0.002      2.60      0.0      0.0    100.0     50.0     0.026    0.027
  2     0.010      2.65      0.0    100.0      0.0      0.0     0.070    0.071
  3     0.030      1.80      0.0     71.4     28.6     14.3     0.180    0.180
  4     0.300      1.60     78.2     15.1      6.6      3.3     0.340    0.339
  5     0.200      2.65    100.0      0.0      0.0      0.0     0.384    0.383
-------------------------------------------------------------------------------


     Weighted SSA enrichment ratio leaving profile for year    6 =   1.00


     HILLSLOPE 1 YEARLY SUMMARY FOR    7
     ----------------------------------


I.   RAINFALL AND RUNOFF SUMMARY
     -------- --- ------ -------

      year:      7

         Rainfall         Storm Runoff        Melt Runoff
      events   amount   events   amount     events  amount
                (mm)              (mm)               (mm)

        72     601.40       4       3.02       0       0.00


II.  ON SITE EFFECTS  ON SITE EFFECTS  ON SITE EFFECTS
     ---------------  ---------------  ---------------


  A.  AREA OF NET SOIL LOSS

      ** Soil Loss (Avg. of Net Detachment Areas) =    0.054 kg/m2 **
      ** Maximum Soil Loss  =    0.071 kg/m2 at   61.59 meters **


      Area of    Soil Loss   Soil Loss   MAX   MAX Loss   MIN   MIN Loss
      Net Loss      MEAN      STDEV      Loss    Point    Loss   Point
        (m)       (kg/m2)     (kg/m2)  (kg/m2)    (m)    (kg/m2)  (m)
------------------------------------------------------------------------
   0.00- 121.96    0.054     0.022      0.071   61.59     0.000     1.83



  C.  SOIL LOSS/DEPOSITION ALONG SLOPE PROFILE

          Profile distances are from top to bottom of hillslope


 distance soil  flow    distance   soil  flow    distance   soil  flow
    (m)   loss  elem       (m)     loss  elem       (m)     loss  elem
         (kg/m2)                  (kg/m2)                  (kg/m2)
------------------------------------------------------------------------

   0.61     0.000  1       41.47     0.051  1       82.32     0.071  2
   1.22     0.000  1       42.08     0.052  1       82.93     0.071  2
   1.83     0.000  1       42.69     0.053  1       83.54     0.071  2
   2.44     0.000  1       43.30     0.053  1       84.15     0.071  2
   3.05     0.000  1       43.91     0.054  1       84.76     0.071  2
   3.66     0.001  1       44.52     0.054  1       85.37     0.071  2
   4.27     0.002  1       45.13     0.055  1       85.98     0.071  2
   4.88     0.003  1       45.73     0.056  1       86.59     0.071  2
   5.49     0.005  1       46.34     0.056  1       87.20     0.071  2
   6.10     0.006  1       46.95     0.057  1       87.81     0.071  2
   6.71     0.007  1       47.56     0.058  1       88.42     0.071  2
   7.32     0.008  1       48.17     0.058  1       89.03     0.071  2
   7.93     0.009  1       48.78     0.059  1       89.64     0.071  2
   8.54     0.010  1       49.39     0.059  1       90.25     0.071  2
   9.15     0.011  1       50.00     0.060  1       90.86     0.071  2
   9.76     0.012  1       50.61     0.061  1       91.47     0.071  2
  10.37     0.013  1       51.22     0.061  1       92.08     0.071  2
  10.98     0.014  1       51.83     0.062  1       92.69     0.071  2
  11.59     0.015  1       52.44     0.062  1       93.30     0.070  2
  12.20     0.016  1       53.05     0.063  1       93.91     0.070  2
  12.81     0.017  1       53.66     0.064  1       94.52     0.070  2
  13.42     0.018  1       54.27     0.064  1       95.13     0.070  2
  14.03     0.019  1       54.88     0.065  1       95.74     0.070  2
  14.64     0.020  1       55.49     0.065  1       96.35     0.070  2
  15.25     0.021  1       56.10     0.066  1       96.96     0.070  2
  15.85     0.021  1       56.71     0.066  1       97.57     0.070  2
  16.46     0.022  1       57.32     0.067  1       98.18     0.070  2
  17.07     0.023  1       57.93     0.068  1       98.79     0.070  2
  17.68     0.024  1       58.54     0.068  1       99.40     0.070  2
  18.29     0.025  1       59.15     0.069  1      100.01     0.070  2
  18.90     0.026  1       59.76     0.069  1      100.62     0.070  2
  19.51     0.026  1       60.37     0.070  1      101.23     0.070  2
  20.12     0.027  1       60.98     0.071  1      101.84     0.070  2
  20.73     0.028  1       61.59     0.071  2      102.45     0.070  2
  21.34     0.029  1       62.20     0.071  2      103.06     0.070  2
  21.95     0.029  1       62.81     0.071  2      103.67     0.070  2
  22.56     0.030  1       63.42     0.071  2      104.28     0.070  2
  23.17     0.031  1       64.03     0.071  2      104.89     0.069  2
  23.78     0.032  1       64.64     0.071  2      105.50     0.069  2
  24.39     0.032  1       65.25     0.071  2      106.11     0.069  2
  25.00     0.033  1       65.86     0.071  2      106.72     0.069  2
  25.61     0.034  1       66.47     0.071  2      107.32     0.069  2
  26.22     0.035  1       67.08     0.071  2      107.93     0.069  2
  26.83     0.035  1       67.69     0.071  2      108.54     0.069  2
  27.44     0.036  1       68.30     0.071  2      109.15     0.069  2
  28.05     0.037  1       68.91     0.071  2      109.76     0.069  2
  28.66     0.037  1       69.52     0.071  2      110.37     0.069  2
  29.27     0.038  1       70.13     0.071  2      110.98     0.069  2
  29.88     0.039  1       70.74     0.071  2      111.59     0.069  2
  30.49     0.039  1       71.35     0.071  2      112.20     0.069  2
  31.10     0.040  1       71.96     0.071  2      112.81     0.069  2
  31.71     0.041  1       72.57     0.071  2      113.42     0.069  2
  32.32     0.041  1       73.18     0.071  2      114.03     0.069  2
  32.93     0.042  1       73.79     0.071  2      114.64     0.069  2
  33.54     0.043  1       74.40     0.071  2      115.25     0.069  2
  34.15     0.043  1       75.01     0.071  2      115.86     0.068  2
  34.76     0.044  1       75.62     0.071  2      116.47     0.068  2
  35.37     0.045  1       76.22     0.071  2      117.08     0.068  2
  35.98     0.045  1       76.83     0.071  2      117.69     0.068  2
  36.59     0.046  1       77.44     0.071  2      118.30     0.068  2
  37.20     0.047  1       78.05     0.071  2      118.91     0.068  2
  37.81     0.047  1       78.66     0.071  2      119.52     0.068  2
  38.42     0.048  1       79.27     0.071  2      120.13     0.068  2
  39.03     0.049  1       79.88     0.071  2      120.74     0.068  2
  39.64     0.049  1       80.49     0.071  2      121.35     0.068  2
  40.25     0.050  1       81.10     0.071  2      121.96     0.068  2
  40.86     0.051  1       81.71     0.071  2

note:  (+) soil loss - detachment     (-) soil loss - deposition



III. OFF SITE EFFECTS  OFF SITE EFFECTS  OFF SITE EFFECTS
     ----------------  ----------------  ----------------

     A.  SEDIMENT LEAVING PROFILE for year    7     6.585 kg/m



     B.  SEDIMENT CHARACTERISTICS AND ENRICHMENT

     Sediment particle information leaving profile
-------------------------------------------------------------------------------
                                 Particle Composition         Detached Fraction
Class  Diameter  Specific  ---------------------------------  Sediment  In Flow
         (mm)    Gravity   % Sand   % Silt   % Clay   % O.M.  Fraction  Exiting
-------------------------------------------------------------------------------
  1     0.002      2.60      0.0      0.0    100.0     50.0     0.026    0.027
  2     0.010      2.65      0.0    100.0      0.0      0.0     0.070    0.072
  3     0.030      1.80      0.0     71.4     28.6     14.3     0.180    0.181
  4     0.300      1.60     78.2     15.1      6.6      3.3     0.340    0.338
  5     0.200      2.65    100.0      0.0      0.0      0.0     0.384    0.381
-------------------------------------------------------------------------------


     Weighted SSA enrichment ratio leaving profile for year    7 =   1.01


     HILLSLOPE 1 YEARLY SUMMARY FOR    8
     ----------------------------------


I.   RAINFALL AND RUNOFF SUMMARY
     -------- --- ------ -------

      year:      8

         Rainfall         Storm Runoff        Melt Runoff
      events   amount   events   amount     events  amount
                (mm)              (mm)               (mm)

        93     734.10       3       1.69       0       0.00


II.  ON SITE EFFECTS  ON SITE EFFECTS  ON SITE EFFECTS
     ---------------  ---------------  ---------------


  A.  AREA OF NET SOIL LOSS

      ** Soil Loss (Avg. of Net Detachment Areas) =    0.032 kg/m2 **
      ** Maximum Soil Loss  =    0.046 kg/m2 at   61.59 meters **


      Area of    Soil Loss   Soil Loss   MAX   MAX Loss   MIN   MIN Loss
      Net Loss      MEAN      STDEV      Loss    Point    Loss   Point
        (m)       (kg/m2)     (kg/m2)  (kg/m2)    (m)    (kg/m2)  (m)
------------------------------------------------------------------------
   0.00- 121.96    0.032     0.017      0.046   61.59     0.000     3.66



  C.  SOIL LOSS/DEPOSITION ALONG SLOPE PROFILE

          Profile distances are from top to bottom of hillslope


 distance soil  flow    distance   soil  flow    distance   soil  flow
    (m)   loss  elem       (m)     loss  elem       (m)     loss  elem
         (kg/m2)                  (kg/m2)                  (kg/m2)
------------------------------------------------------------------------

   0.61     0.000  1       41.47     0.028  1       82.32     0.046  2
   1.22     0.000  1       42.08     0.029  1       82.93     0.046  2
   1.83     0.000  1       42.69     0.029  1       83.54     0.046  2
   2.44     0.000  1       43.30     0.030  1       84.15     0.046  2
   3.05     0.000  1       43.91     0.030  1       84.76     0.046  2
   3.66     0.000  1       44.52     0.031  1       85.37     0.046  2
   4.27     0.000  1       45.13     0.031  1       85.98     0.046  2
   4.88     0.000  1       45.73     0.032  1       86.59     0.046  2
   5.49     0.000  1       46.34     0.033  1       87.20     0.046  2
   6.10     0.000  1       46.95     0.033  1       87.81     0.046  2
   6.71     0.000  1       47.56     0.034  1       88.42     0.046  2
   7.32     0.000  1       48.17     0.034  1       89.03     0.046  2
   7.93     0.000  1       48.78     0.035  1       89.64     0.046  2
   8.54     0.000  1       49.39     0.035  1       90.25     0.045  2
   9.15     0.001  1       50.00     0.036  1       90.86     0.045  2
   9.76     0.001  1       50.61     0.036  1       91.47     0.045  2
  10.37     0.001  1       51.22     0.037  1       92.08     0.045  2
  10.98     0.002  1       51.83     0.038  1       92.69     0.045  2
  11.59     0.002  1       52.44     0.038  1       93.30     0.045  2
  12.20     0.002  1       53.05     0.039  1       93.91     0.045  2
  12.81     0.003  1       53.66     0.039  1       94.52     0.045  2
  13.42     0.003  1       54.27     0.040  1       95.13     0.045  2
  14.03     0.003  1       54.88     0.040  1       95.74     0.045  2
  14.64     0.003  1       55.49     0.041  1       96.35     0.045  2
  15.25     0.004  1       56.10     0.041  1       96.96     0.045  2
  15.85     0.004  1       56.71     0.042  1       97.57     0.045  2
  16.46     0.004  1       57.32     0.042  1       98.18     0.045  2
  17.07     0.004  1       57.93     0.043  1       98.79     0.045  2
  17.68     0.005  1       58.54     0.043  1       99.40     0.045  2
  18.29     0.005  1       59.15     0.044  1      100.01     0.045  2
  18.90     0.005  1       59.76     0.044  1      100.62     0.045  2
  19.51     0.005  1       60.37     0.045  1      101.23     0.045  2
  20.12     0.006  1       60.98     0.045  1      101.84     0.045  2
  20.73     0.007  1       61.59     0.046  2      102.45     0.045  2
  21.34     0.007  1       62.20     0.046  2      103.06     0.045  2
  21.95     0.008  1       62.81     0.046  2      103.67     0.045  2
  22.56     0.009  1       63.42     0.046  2      104.28     0.044  2
  23.17     0.009  1       64.03     0.046  2      104.89     0.044  2
  23.78     0.010  1       64.64     0.046  2      105.50     0.044  2
  24.39     0.011  1       65.25     0.046  2      106.11     0.044  2
  25.00     0.011  1       65.86     0.046  2      106.72     0.044  2
  25.61     0.012  1       66.47     0.046  2      107.32     0.044  2
  26.22     0.013  1       67.08     0.046  2      107.93     0.044  2
  26.83     0.013  1       67.69     0.046  2      108.54     0.044  2
  27.44     0.014  1       68.30     0.046  2      109.15     0.044  2
  28.05     0.015  1       68.91     0.046  2      109.76     0.044  2
  28.66     0.015  1       69.52     0.046  2      110.37     0.044  2
  29.27     0.016  1       70.13     0.046  2      110.98     0.044  2
  29.88     0.016  1       70.74     0.046  2      111.59     0.044  2
  30.49     0.017  1       71.35     0.046  2      112.20     0.044  2
  31.10     0.018  1       71.96     0.046  2      112.81     0.044  2
  31.71     0.018  1       72.57     0.046  2      113.42     0.044  2
  32.32     0.019  1       73.18     0.046  2      114.03     0.044  2
  32.93     0.020  1       73.79     0.046  2      114.64     0.044  2
  33.54     0.020  1       74.40     0.046  2      115.25     0.044  2
  34.15     0.021  1       75.01     0.046  2      115.86     0.044  2
  34.76     0.021  1       75.62     0.046  2      116.47     0.043  2
  35.37     0.022  1       76.22     0.046  2      117.08     0.043  2
  35.98     0.023  1       76.83     0.046  2      117.69     0.043  2
  36.59     0.023  1       77.44     0.046  2      118.30     0.043  2
  37.20     0.024  1       78.05     0.046  2      118.91     0.043  2
  37.81     0.024  1       78.66     0.046  2      119.52     0.043  2
  38.42     0.025  1       79.27     0.046  2      120.13     0.043  2
  39.03     0.026  1       79.88     0.046  2      120.74     0.043  2
  39.64     0.026  1       80.49     0.046  2      121.35     0.043  2
  40.25     0.027  1       81.10     0.046  2      121.96     0.043  2
  40.86     0.027  1       81.71     0.046  2

note:  (+) soil loss - detachment     (-) soil loss - deposition



III. OFF SITE EFFECTS  OFF SITE EFFECTS  OFF SITE EFFECTS
     ----------------  ----------------  ----------------

     A.  SEDIMENT LEAVING PROFILE for year    8     3.886 kg/m



     B.  SEDIMENT CHARACTERISTICS AND ENRICHMENT

     Sediment particle information leaving profile
-------------------------------------------------------------------------------
                                 Particle Composition         Detached Fraction
Class  Diameter  Specific  ---------------------------------  Sediment  In Flow
         (mm)    Gravity   % Sand   % Silt   % Clay   % O.M.  Fraction  Exiting
-------------------------------------------------------------------------------
  1     0.002      2.60      0.0      0.0    100.0     50.0     0.026    0.027
  2     0.010      2.65      0.0    100.0      0.0      0.0     0.070    0.072
  3     0.030      1.80      0.0     71.4     28.6     14.3     0.180    0.180
  4     0.300      1.60     78.2     15.1      6.6      3.3     0.340    0.339
  5     0.200      2.65    100.0      0.0      0.0      0.0     0.384    0.382
-------------------------------------------------------------------------------


     Weighted SSA enrichment ratio leaving profile for year    8 =   1.01


     HILLSLOPE 1 YEARLY SUMMARY FOR    9
     ----------------------------------


I.   RAINFALL AND RUNOFF SUMMARY
     -------- --- ------ -------

      year:      9

         Rainfall         Storm Runoff        Melt Runoff
      events   amount   events   amount     events  amount
                (mm)              (mm)               (mm)

        87     737.10       4      11.69       0       0.00


II.  ON SITE EFFECTS  ON SITE EFFECTS  ON SITE EFFECTS
     ---------------  ---------------  ---------------


  A.  AREA OF NET SOIL LOSS

      ** Soil Loss (Avg. of Net Detachment Areas) =    0.171 kg/m2 **
      ** Maximum Soil Loss  =    0.261 kg/m2 at  121.96 meters **


      Area of    Soil Loss   Soil Loss   MAX   MAX Loss   MIN   MIN Loss
      Net Loss      MEAN      STDEV      Loss    Point    Loss   Point
        (m)       (kg/m2)     (kg/m2)  (kg/m2)    (m)    (kg/m2)  (m)
------------------------------------------------------------------------
   0.00- 121.96    0.171     0.083      0.261  121.96     0.001     1.83



  C.  SOIL LOSS/DEPOSITION ALONG SLOPE PROFILE

          Profile distances are from top to bottom of hillslope


 distance soil  flow    distance   soil  flow    distance   soil  flow
    (m)   loss  elem       (m)     loss  elem       (m)     loss  elem
         (kg/m2)                  (kg/m2)                  (kg/m2)
------------------------------------------------------------------------

   0.61     0.001  1       41.47     0.136  1       82.32     0.237  2
   1.22     0.001  1       42.08     0.138  1       82.93     0.237  2
   1.83     0.001  1       42.69     0.139  1       83.54     0.238  2
   2.44     0.001  1       43.30     0.141  1       84.15     0.238  2
   3.05     0.001  1       43.91     0.143  1       84.76     0.239  2
   3.66     0.001  1       44.52     0.145  1       85.37     0.239  2
   4.27     0.001  1       45.13     0.146  1       85.98     0.240  2
   4.88     0.003  1       45.73     0.148  1       86.59     0.240  2
   5.49     0.005  1       46.34     0.150  1       87.20     0.241  2
   6.10     0.008  1       46.95     0.152  1       87.81     0.241  2
   6.71     0.011  1       47.56     0.153  1       88.42     0.242  2
   7.32     0.015  1       48.17     0.155  1       89.03     0.242  2
   7.93     0.018  1       48.78     0.157  1       89.64     0.243  2
   8.54     0.021  1       49.39     0.158  1       90.25     0.243  2
   9.15     0.024  1       50.00     0.160  1       90.86     0.244  2
   9.76     0.026  1       50.61     0.162  1       91.47     0.244  2
  10.37     0.029  1       51.22     0.163  1       92.08     0.245  2
  10.98     0.032  1       51.83     0.165  1       92.69     0.245  2
  11.59     0.035  1       52.44     0.167  1       93.30     0.246  2
  12.20     0.037  1       53.05     0.168  1       93.91     0.246  2
  12.81     0.040  1       53.66     0.170  1       94.52     0.246  2
  13.42     0.042  1       54.27     0.172  1       95.13     0.247  2
  14.03     0.045  1       54.88     0.173  1       95.74     0.247  2
  14.64     0.047  1       55.49     0.175  1       96.35     0.247  2
  15.25     0.050  1       56.10     0.177  1       96.96     0.248  2
  15.85     0.052  1       56.71     0.178  1       97.57     0.248  2
  16.46     0.055  1       57.32     0.180  1       98.18     0.249  2
  17.07     0.057  1       57.93     0.182  1       98.79     0.249  2
  17.68     0.059  1       58.54     0.183  1       99.40     0.249  2
  18.29     0.061  1       59.15     0.185  1      100.01     0.250  2
  18.90     0.064  1       59.76     0.186  1      100.62     0.250  2
  19.51     0.066  1       60.37     0.188  1      101.23     0.250  2
  20.12     0.068  1       60.98     0.190  1      101.84     0.251  2
  20.73     0.070  1       61.59     0.218  2      102.45     0.251  2
  21.34     0.072  1       62.20     0.219  2      103.06     0.251  2
  21.95     0.075  1       62.81     0.219  2      103.67     0.252  2
  22.56     0.077  1       63.42     0.220  2      104.28     0.252  2
  23.17     0.079  1       64.03     0.220  2      104.89     0.252  2
  23.78     0.081  1       64.64     0.221  2      105.50     0.253  2
  24.39     0.083  1       65.25     0.221  2      106.11     0.253  2
  25.00     0.085  1       65.86     0.222  2      106.72     0.253  2
  25.61     0.087  1       66.47     0.223  2      107.32     0.254  2
  26.22     0.089  1       67.08     0.223  2      107.93     0.254  2
  26.83     0.091  1       67.69     0.224  2      108.54     0.254  2
  27.44     0.093  1       68.30     0.224  2      109.15     0.255  2
  28.05     0.095  1       68.91     0.225  2      109.76     0.255  2
  28.66     0.097  1       69.52     0.225  2      110.37     0.255  2
  29.27     0.099  1       70.13     0.226  2      110.98     0.256  2
  29.88     0.101  1       70.74     0.226  2      111.59     0.256  2
  30.49     0.102  1       71.35     0.227  2      112.20     0.256  2
  31.10     0.104  1       71.96     0.227  2      112.81     0.257  2
  31.71     0.106  1       72.57     0.228  2      113.42     0.257  2
  32.32     0.108  1       73.18     0.229  2      114.03     0.257  2
  32.93     0.110  1       73.79     0.229  2      114.64     0.258  2
  33.54     0.112  1       74.40     0.230  2      115.25     0.258  2
  34.15     0.114  1       75.01     0.230  2      115.86     0.258  2
  34.76     0.116  1       75.62     0.231  2      116.47     0.259  2
  35.37     0.118  1       76.22     0.231  2      117.08     0.259  2
  35.98     0.119  1       76.83     0.232  2      117.69     0.259  2
  36.59     0.121  1       77.44     0.232  2      118.30     0.259  2
  37.20     0.123  1       78.05     0.233  2      118.91     0.260  2
  37.81     0.125  1       78.66     0.233  2      119.52     0.260  2
  38.42     0.127  1       79.27     0.234  2      120.13     0.260  2
  39.03     0.129  1       79.88     0.235  2      120.74     0.261  2
  39.64     0.130  1       80.49     0.235  2      121.35     0.261  2
  40.25     0.132  1       81.10     0.236  2      121.96     0.261  2
  40.86     0.134  1       81.71     0.236  2

note:  (+) soil loss - detachment     (-) soil loss - deposition



III. OFF SITE EFFECTS  OFF SITE EFFECTS  OFF SITE EFFECTS
     ----------------  ----------------  ----------------

     A.  SEDIMENT LEAVING PROFILE for year    9    20.797 kg/m



     B.  SEDIMENT CHARACTERISTICS AND ENRICHMENT

     Sediment particle information leaving profile
-------------------------------------------------------------------------------
                                 Particle Composition         Detached Fraction
Class  Diameter  Specific  ---------------------------------  Sediment  In Flow
         (mm)    Gravity   % Sand   % Silt   % Clay   % O.M.  Fraction  Exiting
-------------------------------------------------------------------------------
  1     0.002      2.60      0.0      0.0    100.0     50.0     0.026    0.027
  2     0.010      2.65      0.0    100.0      0.0      0.0     0.070    0.071
  3     0.030      1.80      0.0     71.4     28.6     14.3     0.180    0.180
  4     0.300      1.60     78.2     15.1      6.6      3.3     0.340    0.339
  5     0.200      2.65    100.0      0.0      0.0      0.0     0.384    0.383
-------------------------------------------------------------------------------


     Weighted SSA enrichment ratio leaving profile for year    9 =   1.00


     HILLSLOPE 1 YEARLY SUMMARY FOR   10
     ----------------------------------


I.   RAINFALL AND RUNOFF SUMMARY
     -------- --- ------ -------

      year:     10

         Rainfall         Storm Runoff        Melt Runoff
      events   amount   events   amount     events  amount
                (mm)              (mm)               (mm)

        53     395.20       0       0.00       0       0.00


II.  ON SITE EFFECTS  ON SITE EFFECTS  ON SITE EFFECTS
     ---------------  ---------------  ---------------




  C.  SOIL LOSS/DEPOSITION ALONG SLOPE PROFILE

          Profile distances are from top to bottom of hillslope


 distance soil  flow    distance   soil  flow    distance   soil  flow
    (m)   loss  elem       (m)     loss  elem       (m)     loss  elem
         (kg/m2)                  (kg/m2)                  (kg/m2)
------------------------------------------------------------------------

   0.61     0.000  1       41.47     0.000  1       82.32     0.000  2
   1.22     0.000  1       42.08     0.000  1       82.93     0.000  2
   1.83     0.000  1       42.69     0.000  1       83.54     0.000  2
   2.44     0.000  1       43.30     0.000  1       84.15     0.000  2
   3.05     0.000  1       43.91     0.000  1       84.76     0.000  2
   3.66     0.000  1       44.52     0.000  1       85.37     0.000  2
   4.27     0.000  1       45.13     0.000  1       85.98     0.000  2
   4.88     0.000  1       45.73     0.000  1       86.59     0.000  2
   5.49     0.000  1       46.34     0.000  1       87.20     0.000  2
   6.10     0.000  1       46.95     0.000  1       87.81     0.000  2
   6.71     0.000  1       47.56     0.000  1       88.42     0.000  2
   7.32     0.000  1       48.17     0.000  1       89.03     0.000  2
   7.93     0.000  1       48.78     0.000  1       89.64     0.000  2
   8.54     0.000  1       49.39     0.000  1       90.25     0.000  2
   9.15     0.000  1       50.00     0.000  1       90.86     0.000  2
   9.76     0.000  1       50.61     0.000  1       91.47     0.000  2
  10.37     0.000  1       51.22     0.000  1       92.08     0.000  2
  10.98     0.000  1       51.83     0.000  1       92.69     0.000  2
  11.59     0.000  1       52.44     0.000  1       93.30     0.000  2
  12.20     0.000  1       53.05     0.000  1       93.91     0.000  2
  12.81     0.000  1       53.66     0.000  1       94.52     0.000  2
  13.42     0.000  1       54.27     0.000  1       95.13     0.000  2
  14.03     0.000  1       54.88     0.000  1       95.74     0.000  2
  14.64     0.000  1       55.49     0.000  1       96.35     0.000  2
  15.25     0.000  1       56.10     0.000  1       96.96     0.000  2
  15.85     0.000  1       56.71     0.000  1       97.57     0.000  2
  16.46     0.000  1       57.32     0.000  1       98.18     0.000  2
  17.07     0.000  1       57.93     0.000  1       98.79     0.000  2
  17.68     0.000  1       58.54     0.000  1       99.40     0.000  2
  18.29     0.000  1       59.15     0.000  1      100.01     0.000  2
  18.90     0.000  1       59.76     0.000  1      100.62     0.000  2
  19.51     0.000  1       60.37     0.000  1      101.23     0.000  2
  20.12     0.000  1       60.98     0.000  1      101.84     0.000  2
  20.73     0.000  1       61.59     0.000  2      102.45     0.000  2
  21.34     0.000  1       62.20     0.000  2      103.06     0.000  2
  21.95     0.000  1       62.81     0.000  2      103.67     0.000  2
  22.56     0.000  1       63.42     0.000  2      104.28     0.000  2
  23.17     0.000  1       64.03     0.000  2      104.89     0.000  2
  23.78     0.000  1       64.64     0.000  2      105.50     0.000  2
  24.39     0.000  1       65.25     0.000  2      106.11     0.000  2
  25.00     0.000  1       65.86     0.000  2      106.72     0.000  2
  25.61     0.000  1       66.47     0.000  2      107.32     0.000  2
  26.22     0.000  1       67.08     0.000  2      107.93     0.000  2
  26.83     0.000  1       67.69     0.000  2      108.54     0.000  2
  27.44     0.000  1       68.30     0.000  2      109.15     0.000  2
  28.05     0.000  1       68.91     0.000  2      109.76     0.000  2
  28.66     0.000  1       69.52     0.000  2      110.37     0.000  2
  29.27     0.000  1       70.13     0.000  2      110.98     0.000  2
  29.88     0.000  1       70.74     0.000  2      111.59     0.000  2
  30.49     0.000  1       71.35     0.000  2      112.20     0.000  2
  31.10     0.000  1       71.96     0.000  2      112.81     0.000  2
  31.71     0.000  1       72.57     0.000  2      113.42     0.000  2
  32.32     0.000  1       73.18     0.000  2      114.03     0.000  2
  32.93     0.000  1       73.79     0.000  2      114.64     0.000  2
  33.54     0.000  1       74.40     0.000  2      115.25     0.000  2
  34.15     0.000  1       75.01     0.000  2      115.86     0.000  2
  34.76     0.000  1       75.62     0.000  2      116.47     0.000  2
  35.37     0.000  1       76.22     0.000  2      117.08     0.000  2
  35.98     0.000  1       76.83     0.000  2      117.69     0.000  2
  36.59     0.000  1       77.44     0.000  2      118.30     0.000  2
  37.20     0.000  1       78.05     0.000  2      118.91     0.000  2
  37.81     0.000  1       78.66     0.000  2      119.52     0.000  2
  38.42     0.000  1       79.27     0.000  2      120.13     0.000  2
  39.03     0.000  1       79.88     0.000  2      120.74     0.000  2
  39.64     0.000  1       80.49     0.000  2      121.35     0.000  2
  40.25     0.000  1       81.10     0.000  2      121.96     0.000  2
  40.86     0.000  1       81.71     0.000  2

note:  (+) soil loss - detachment     (-) soil loss - deposition



III. OFF SITE EFFECTS  OFF SITE EFFECTS  OFF SITE EFFECTS
     ----------------  ----------------  ----------------

     A.  SEDIMENT LEAVING PROFILE for year   10     0.000 kg/m



     B.  SEDIMENT CHARACTERISTICS AND ENRICHMENT

     Sediment particle information leaving profile
-------------------------------------------------------------------------------
                                 Particle Composition         Detached Fraction
Class  Diameter  Specific  ---------------------------------  Sediment  In Flow
         (mm)    Gravity   % Sand   % Silt   % Clay   % O.M.  Fraction  Exiting
-------------------------------------------------------------------------------
  1     0.002      2.60      0.0      0.0    100.0     50.0     0.026    0.000
  2     0.010      2.65      0.0    100.0      0.0      0.0     0.070    0.000
  3     0.030      1.80      0.0     71.4     28.6     14.3     0.180    0.000
  4     0.300      1.60     78.2     15.1      6.6      3.3     0.340    0.000
  5     0.200      2.65    100.0      0.0      0.0      0.0     0.384    0.000
-------------------------------------------------------------------------------


     Weighted SSA enrichment ratio leaving profile for year   10 =   0.00


     ANNUAL AVERAGE SUMMARIES
     ------------------------


I.   RAINFALL AND RUNOFF SUMMARY
     -------- --- ------ -------

      total summary:  years    1 -   10

       726 storms produced                         5772.30 mm of precipitation
        18 rain storm runoff events produced         43.41 mm of runoff
         0 snow melts and/or
             events during winter produced            0.00 mm of runoff

      annual averages
      ---------------

        Number of years                                   10
        Mean annual precipitation                     577.23    mm
        Mean annual runoff from rainfall                4.34    mm
        Mean annual runoff from snow melt
          and/or rain storm during winter               0.00    mm



II.  ON SITE EFFECTS  ON SITE EFFECTS  ON SITE EFFECTS
     ---------------  ---------------  ---------------


  A.  AREA OF NET SOIL LOSS

      ** Soil Loss (Avg. of Net Detachment Areas) =    0.059 kg/m2 **
      ** Maximum Soil Loss  =    0.092 kg/m2 at  121.96 meters **


      Area of    Soil Loss   Soil Loss   MAX   MAX Loss   MIN   MIN Loss
      Net Loss      MEAN      STDEV      Loss    Point    Loss   Point
        (m)       (kg/m2)     (kg/m2)  (kg/m2)    (m)    (kg/m2)  (m)
------------------------------------------------------------------------
   0.00- 121.96    0.059     0.029      0.092  121.96     0.000     0.61



  C.  SOIL LOSS/DEPOSITION ALONG SLOPE PROFILE

          Profile distances are from top to bottom of hillslope


 distance soil  flow    distance   soil  flow    distance   soil  flow
    (m)   loss  elem       (m)     loss  elem       (m)     loss  elem
         (kg/m2)                  (kg/m2)                  (kg/m2)
------------------------------------------------------------------------

   0.61     0.000  1       41.47     0.045  1       82.32     0.082  2
   1.22     0.000  1       42.08     0.046  1       82.93     0.082  2
   1.83     0.000  1       42.69     0.046  1       83.54     0.082  2
   2.44     0.000  1       43.30     0.047  1       84.15     0.082  2
   3.05     0.000  1       43.91     0.048  1       84.76     0.083  2
   3.66     0.001  1       44.52     0.048  1       85.37     0.083  2
   4.27     0.001  1       45.13     0.049  1       85.98     0.083  2
   4.88     0.002  1       45.73     0.049  1       86.59     0.083  2
   5.49     0.003  1       46.34     0.050  1       87.20     0.083  2
   6.10     0.004  1       46.95     0.051  1       87.81     0.084  2
   6.71     0.005  1       47.56     0.051  1       88.42     0.084  2
   7.32     0.006  1       48.17     0.052  1       89.03     0.084  2
   7.93     0.007  1       48.78     0.052  1       89.64     0.084  2
   8.54     0.008  1       49.39     0.053  1       90.25     0.084  2
   9.15     0.008  1       50.00     0.054  1       90.86     0.085  2
   9.76     0.009  1       50.61     0.054  1       91.47     0.085  2
  10.37     0.010  1       51.22     0.055  1       92.08     0.085  2
  10.98     0.011  1       51.83     0.055  1       92.69     0.085  2
  11.59     0.012  1       52.44     0.056  1       93.30     0.085  2
  12.20     0.013  1       53.05     0.056  1       93.91     0.085  2
  12.81     0.013  1       53.66     0.057  1       94.52     0.086  2
  13.42     0.014  1       54.27     0.057  1       95.13     0.086  2
  14.03     0.015  1       54.88     0.058  1       95.74     0.086  2
  14.64     0.016  1       55.49     0.059  1       96.35     0.086  2
  15.25     0.017  1       56.10     0.059  1       96.96     0.086  2
  15.85     0.017  1       56.71     0.060  1       97.57     0.086  2
  16.46     0.018  1       57.32     0.060  1       98.18     0.086  2
  17.07     0.019  1       57.93     0.061  1       98.79     0.087  2
  17.68     0.019  1       58.54     0.061  1       99.40     0.087  2
  18.29     0.020  1       59.15     0.062  1      100.01     0.087  2
  18.90     0.021  1       59.76     0.062  1      100.62     0.087  2
  19.51     0.022  1       60.37     0.063  1      101.23     0.087  2
  20.12     0.022  1       60.98     0.064  1      101.84     0.087  2
  20.73     0.023  1       61.59     0.075  2      102.45     0.087  2
  21.34     0.024  1       62.20     0.075  2      103.06     0.088  2
  21.95     0.025  1       62.81     0.075  2      103.67     0.088  2
  22.56     0.025  1       63.42     0.075  2      104.28     0.088  2
  23.17     0.026  1       64.03     0.075  2      104.89     0.088  2
  23.78     0.027  1       64.64     0.076  2      105.50     0.088  2
  24.39     0.027  1       65.25     0.076  2      106.11     0.088  2
  25.00     0.028  1       65.86     0.076  2      106.72     0.088  2
  25.61     0.029  1       66.47     0.076  2      107.32     0.089  2
  26.22     0.029  1       67.08     0.077  2      107.93     0.089  2
  26.83     0.030  1       67.69     0.077  2      108.54     0.089  2
  27.44     0.031  1       68.30     0.077  2      109.15     0.089  2
  28.05     0.031  1       68.91     0.077  2      109.76     0.089  2
  28.66     0.032  1       69.52     0.077  2      110.37     0.089  2
  29.27     0.033  1       70.13     0.078  2      110.98     0.089  2
  29.88     0.033  1       70.74     0.078  2      111.59     0.089  2
  30.49     0.034  1       71.35     0.078  2      112.20     0.090  2
  31.10     0.035  1       71.96     0.078  2      112.81     0.090  2
  31.71     0.035  1       72.57     0.078  2      113.42     0.090  2
  32.32     0.036  1       73.18     0.079  2      114.03     0.090  2
  32.93     0.037  1       73.79     0.079  2      114.64     0.090  2
  33.54     0.037  1       74.40     0.079  2      115.25     0.090  2
  34.15     0.038  1       75.01     0.079  2      115.86     0.090  2
  34.76     0.038  1       75.62     0.080  2      116.47     0.091  2
  35.37     0.039  1       76.22     0.080  2      117.08     0.091  2
  35.98     0.040  1       76.83     0.080  2      117.69     0.091  2
  36.59     0.040  1       77.44     0.080  2      118.30     0.091  2
  37.20     0.041  1       78.05     0.080  2      118.91     0.091  2
  37.81     0.042  1       78.66     0.081  2      119.52     0.091  2
  38.42     0.042  1       79.27     0.081  2      120.13     0.091  2
  39.03     0.043  1       79.88     0.081  2      120.74     0.091  2
  39.64     0.043  1       80.49     0.081  2      121.35     0.092  2
  40.25     0.044  1       81.10     0.081  2      121.96     0.092  2
  40.86     0.045  1       81.71     0.082  2

note:  (+) soil loss - detachment     (-) soil loss - deposition



III. OFF SITE EFFECTS  OFF SITE EFFECTS  OFF SITE EFFECTS
     ----------------  ----------------  ----------------

     A.  AVERAGE ANNUAL SEDIMENT LEAVING PROFILE
             7.140   kg/m of width
           713.976     kg (based on profile width of    100.000      m)
             0.585   t/ha (assuming contributions from     1.220     ha)


     B.  SEDIMENT CHARACTERISTICS AND ENRICHMENT

     Sediment particle information leaving profile
-------------------------------------------------------------------------------
                                 Particle Composition         Detached Fraction
Class  Diameter  Specific  ---------------------------------  Sediment  In Flow
         (mm)    Gravity   % Sand   % Silt   % Clay   % O.M.  Fraction  Exiting
-------------------------------------------------------------------------------
  1     0.002      2.60      0.0      0.0    100.0     50.0     0.026    0.027
  2     0.010      2.65      0.0    100.0      0.0      0.0     0.070    0.071
  3     0.030      1.80      0.0     71.4     28.6     14.3     0.180    0.180
  4     0.300      1.60     78.2     15.1      6.6      3.3     0.340    0.339
  5     0.200      2.65    100.0      0.0      0.0      0.0     0.384    0.383
-------------------------------------------------------------------------------


     Average annual SSA enrichment ratio leaving profile =   1.01
