 Annual; abbreviated (Metric Units)                                     


          USDA WATER EROSION PREDICTION PROJECT
          -------------------------------------

          HILLSLOPE PROFILE AND WATERSHED MODEL
                     VERSION  2000.100
             June 31,       2000


               TO REPORT PROBLEMS OR TO BE PUT ON THE MAILING
               LIST FOR FUTURE WEPP MODEL RELEASES, PLEASE CONTACT:

                    WEPP TECHNICAL SUPPORT
                    USDA-AGRICULTURAL RESEARCH SERVICE
                    NATIONAL SOIL EROSION RESEARCH LABORATORY
                    1196 BUILDING SOIL, PURDUE UNIVERSITY
                    WEST LAFAYETTE, IN 47907-1196  USA

                    PHONE: (765) 494-8673
                      FAX: (765) 494-5948
                    email:  wepp@ecn.purdue.edu
                      URL:  http://topsoil.nserl.purdue.edu/weppmain/wepp.html


     HILLSLOPE INPUT DATA FILES - VERSION  2000.100
        June 31,       2000


    MANAGEMENT: ../working/wepp-156037.man                        
 MAN. PRACTICE: Two OFEs to drive the Disturbed WEPP interface              
                for forest conditions                                       
                W. Elliot 02/99                                             
         SLOPE: ../working/wepp-156037.slp                        
       CLIMATE: ../working/wepp-156037.cli                        
       Station:  GASCON NM Adjusted +                           CLIGEN VERSION  4.31
          SOIL: ../working/wepp-156037.sol                        
      PLANE  1 Forest              sandy loam          
      PLANE  2 Forest              sandy loam          


     ANNUAL AVERAGE SUMMARIES
     ------------------------


I.   RAINFALL AND RUNOFF SUMMARY
     -------- --- ------ -------

      total summary:  years    1 -   30

      2195 storms produced                        19527.91 mm of precipitation
         9 rain storm runoff events produced          1.78 mm of runoff
         0 snow melts and/or
             events during winter produced            0.00 mm of runoff

      annual averages
      ---------------

        Number of years                                   30
        Mean annual precipitation                     650.93    mm
        Mean annual runoff from rainfall                0.06    mm
        Mean annual runoff from snow melt
          and/or rain storm during winter               0.00    mm



II.  ON SITE EFFECTS  ON SITE EFFECTS  ON SITE EFFECTS
     ---------------  ---------------  ---------------


  A.  AREA OF NET SOIL LOSS

      ** Soil Loss (Avg. of Net Detachment Areas) =    0.003 kg/m2 **
      ** Maximum Soil Loss  =    0.005 kg/m2 at  152.44 meters **


      Area of    Soil Loss   Soil Loss   MAX   MAX Loss   MIN   MIN Loss
      Net Loss      MEAN      STDEV      Loss    Point    Loss   Point
        (m)       (kg/m2)     (kg/m2)  (kg/m2)    (m)    (kg/m2)  (m)
------------------------------------------------------------------------
   0.00- 278.97    0.003     0.002      0.005  152.44     0.000     6.10

  B.  AREA OF SOIL DEPOSITION

      ** Soil Deposition (Avg. of Net Deposition Areas) =    -0.006 kg/m2 **
      ** Maximum Soil Deposition  =    -0.008 kg/m2 at  304.88 meters **

      Area of    Soil Dep   Soil Dep     MAX    MAX Dep   MIN   MIN Dep
      Net Dep       MEAN     STDEV       Dep     Point    Dep    Point
        (m)       (kg/m2)    (kg/m2)   (kg/m2)    (m)    (kg/m2)  (m)
------------------------------------------------------------------------
 278.97- 304.88   -0.006     0.003     -0.008  304.88     0.000   280.49



  C.  SOIL LOSS/DEPOSITION ALONG SLOPE PROFILE

          Profile distances are from top to bottom of hillslope


 distance soil  flow    distance   soil  flow    distance   soil  flow
    (m)   loss  elem       (m)     loss  elem       (m)     loss  elem
         (kg/m2)                  (kg/m2)                  (kg/m2)
------------------------------------------------------------------------

   1.52     0.000  1      103.66     0.003  1      205.79     0.004  2
   3.05     0.000  1      105.18     0.003  1      207.32     0.004  2
   4.57     0.000  1      106.71     0.003  1      208.84     0.004  2
   6.10     0.000  1      108.23     0.003  1      210.37     0.004  2
   7.62     0.000  1      109.76     0.003  1      211.89     0.004  2
   9.15     0.000  1      111.28     0.003  1      213.42     0.004  2
  10.67     0.000  1      112.81     0.004  1      214.94     0.004  2
  12.20     0.000  1      114.33     0.004  1      216.46     0.004  2
  13.72     0.000  1      115.85     0.004  1      217.99     0.004  2
  15.24     0.000  1      117.38     0.004  1      219.51     0.004  2
  16.77     0.000  1      118.90     0.004  1      221.04     0.003  2
  18.29     0.000  1      120.43     0.004  1      222.56     0.003  2
  19.82     0.000  1      121.95     0.004  1      224.09     0.003  2
  21.34     0.000  1      123.48     0.004  1      225.61     0.003  2
  22.87     0.000  1      125.00     0.004  1      227.14     0.003  2
  24.39     0.000  1      126.53     0.004  1      228.66     0.003  2
  25.91     0.000  1      128.05     0.004  1      230.18     0.003  2
  27.44     0.000  1      129.57     0.004  1      231.71     0.003  2
  28.96     0.000  1      131.10     0.004  1      233.23     0.003  2
  30.49     0.000  1      132.62     0.004  1      234.76     0.003  2
  32.01     0.000  1      134.15     0.004  1      236.28     0.003  2
  33.54     0.000  1      135.67     0.004  1      237.81     0.003  2
  35.06     0.000  1      137.20     0.004  1      239.33     0.003  2
  36.59     0.000  1      138.72     0.004  1      240.86     0.003  2
  38.11     0.000  1      140.24     0.004  1      242.38     0.002  2
  39.63     0.000  1      141.77     0.004  1      243.90     0.002  2
  41.16     0.000  1      143.29     0.004  1      245.43     0.002  2
  42.68     0.000  1      144.82     0.004  1      246.95     0.002  2
  44.21     0.000  1      146.34     0.005  1      248.48     0.002  2
  45.73     0.000  1      147.87     0.005  1      250.00     0.002  2
  47.26     0.000  1      149.39     0.005  1      251.53     0.002  2
  48.78     0.000  1      150.92     0.005  1      253.05     0.002  2
  50.31     0.001  1      152.44     0.005  1      254.57     0.002  2
  51.83     0.001  1      153.96     0.005  2      256.10     0.002  2
  53.35     0.001  1      155.49     0.005  2      257.62     0.001  2
  54.88     0.001  1      157.01     0.005  2      259.15     0.001  2
  56.40     0.001  1      158.54     0.005  2      260.67     0.001  2
  57.93     0.001  1      160.06     0.005  2      262.20     0.001  2
  59.45     0.001  1      161.59     0.004  2      263.72     0.001  2
  60.98     0.001  1      163.11     0.004  2      265.25     0.001  2
  62.50     0.001  1      164.64     0.004  2      266.77     0.001  2
  64.02     0.001  1      166.16     0.004  2      268.29     0.001  2
  65.55     0.001  1      167.68     0.004  2      269.82     0.001  2
  67.07     0.002  1      169.21     0.004  2      271.34     0.001  2
  68.60     0.002  1      170.73     0.004  2      272.87     0.001  2
  70.12     0.002  1      172.26     0.004  2      274.39     0.000  2
  71.65     0.002  1      173.78     0.004  2      275.92     0.000  2
  73.17     0.002  1      175.31     0.004  2      277.44     0.000  2
  74.70     0.002  1      176.83     0.004  2      278.97     0.000  2
  76.22     0.002  1      178.35     0.004  2      280.49     0.000  2
  77.74     0.002  1      179.88     0.004  2      282.01    -0.002  2
  79.27     0.002  1      181.40     0.004  2      283.54    -0.003  2
  80.79     0.002  1      182.93     0.004  2      285.06    -0.004  2
  82.32     0.002  1      184.45     0.004  2      286.59    -0.005  2
  83.84     0.002  1      185.98     0.004  2      288.11    -0.006  2
  85.37     0.003  1      187.50     0.004  2      289.64    -0.007  2
  86.89     0.003  1      189.03     0.004  2      291.16    -0.007  2
  88.42     0.003  1      190.55     0.004  2      292.68    -0.008  2
  89.94     0.003  1      192.07     0.004  2      294.21    -0.008  2
  91.46     0.003  1      193.60     0.004  2      295.73    -0.008  2
  92.99     0.003  1      195.12     0.004  2      297.26    -0.008  2
  94.51     0.003  1      196.65     0.004  2      298.78    -0.008  2
  96.04     0.003  1      198.17     0.004  2      300.31    -0.008  2
  97.56     0.003  1      199.70     0.004  2      301.83    -0.008  2
  99.09     0.003  1      201.22     0.004  2      303.36    -0.008  2
 100.61     0.003  1      202.75     0.004  2      304.88    -0.008  2
 102.13     0.003  1      204.27     0.004  2

note:  (+) soil loss - detachment     (-) soil loss - deposition



III. OFF SITE EFFECTS  OFF SITE EFFECTS  OFF SITE EFFECTS
     ----------------  ----------------  ----------------

     A.  AVERAGE ANNUAL SEDIMENT LEAVING PROFILE
             0.537   kg/m of width
            53.659     kg (based on profile width of    100.000      m)
             0.018   t/ha (assuming contributions from     3.049     ha)
     B.  SEDIMENT CHARACTERISTICS AND ENRICHMENT

     Sediment particle information leaving profile
-------------------------------------------------------------------------------
                                 Particle Composition         Detached Fraction
Class  Diameter  Specific  ---------------------------------  Sediment  In Flow
         (mm)    Gravity   % Sand   % Silt   % Clay   % O.M.  Fraction  Exiting
-------------------------------------------------------------------------------
  1     0.002      2.60      0.0      0.0    100.0     50.0     0.026    0.034
  2     0.010      2.65      0.0    100.0      0.0      0.0     0.170    0.222
  3     0.030      1.80      0.0     77.8     22.2     11.1     0.180    0.235
  4     0.300      1.60     75.3     13.4     11.4      5.7     0.299    0.331
  5     0.200      2.65    100.0      0.0      0.0      0.0     0.325    0.178
-------------------------------------------------------------------------------


     Average annual SSA enrichment ratio leaving profile =   1.24
