 Annual; abbreviated (Metric Units)                                     


          USDA WATER EROSION PREDICTION PROJECT
          -------------------------------------

          HILLSLOPE PROFILE AND WATERSHED MODEL
                     VERSION  2010.100
           January 28,      2010


               TO REPORT PROBLEMS OR TO BE PUT ON THE MAILING
               LIST FOR FUTURE WEPP MODEL RELEASES, PLEASE CONTACT:

                    WEPP TECHNICAL SUPPORT
                    USDA-AGRICULTURAL RESEARCH SERVICE
                    NATIONAL SOIL EROSION RESEARCH LABORATORY
                    275 SOUTH RUSSELL STREET
                    WEST LAFAYETTE, IN 47907-2077  USA

                    PHONE: (765) 494-8673
                      FAX: (765) 494-5948
                    email:  wepp@ecn.purdue.edu
                      URL:  http://topsoil.nserl.purdue.edu


     HILLSLOPE INPUT DATA FILES - VERSION  2010.100
      January 28,      2010


    MANAGEMENT: data/3outunr.man                                  
 MAN. PRACTICE: Road Section to collect water and then release over fill-   
                slope to a forest for deposition                            
                W. Elliot & H. Rhee 1/99  USDA Forest Service               
         SLOPE: ../working/wepp-180359.slp                        
       CLIMATE: ../working/wepp-180359.cli                        
       Station:  Liver ridge +                                  CLIGEN VERSION  4.31
          SOIL: ../working/wepp-180359.sol                        
      PLANE  1 Road                silt loam           
      PLANE  2 Fill                silt loam           
      PLANE  3 Forest              silt loam           


     ANNUAL AVERAGE SUMMARIES
     ------------------------


I.   RAINFALL AND RUNOFF SUMMARY
     -------- --- ------ -------

      total summary:  years    1 -   30

      4096 storms produced                        27658.40 mm of precipitation
       470 rain storm runoff events produced         21.96 mm of runoff
       773 snow melts and/or
             events during winter produced          185.66 mm of runoff

      annual averages
      ---------------

        Number of years                                   30
        Mean annual precipitation                     921.95    mm
        Mean annual runoff from rainfall                0.73    mm
        Mean annual runoff from snow melt
          and/or rain storm during winter               6.19    mm



II.  ON SITE EFFECTS  ON SITE EFFECTS  ON SITE EFFECTS
     ---------------  ---------------  ---------------


  A.  AREA OF NET SOIL LOSS

      ** Soil Loss (Avg. of Net Detachment Areas) =    0.059 kg/m2 **
      ** Maximum Soil Loss  =    0.105 kg/m2 at    7.70 meters **


      Area of    Soil Loss   Soil Loss   MAX   MAX Loss   MIN   MIN Loss
      Net Loss      MEAN      STDEV      Loss    Point    Loss   Point
        (m)       (kg/m2)     (kg/m2)  (kg/m2)    (m)    (kg/m2)  (m)
------------------------------------------------------------------------
   0.00-   7.70    0.085     0.009      0.105    7.70     0.076     0.39
   7.85-   7.90    0.006     0.000      0.006    7.90     0.006     7.90
   8.72-   8.77    0.002     0.000      0.002    8.77     0.002     8.77
   9.16-   9.31    0.010     0.007      0.018    9.31     0.006     9.21
   9.36-   9.55    0.024     0.017      0.046    9.51     0.009     9.46
   9.70-   9.94    0.027     0.015      0.042    9.80     0.008     9.94
   9.99-  10.09    0.031     0.012      0.039   10.04     0.023    10.09
  10.19-  10.24    0.037     0.000      0.037   10.24     0.037    10.24
  10.34-  10.43    0.035     0.000      0.035   10.38     0.035    10.43
  10.48-  11.02    0.028     0.010      0.034   10.53     0.002    10.87
  11.12-  11.21    0.016     0.019      0.029   11.16     0.003    11.21
  11.26-  11.85    0.027     0.001      0.028   11.31     0.025    11.85
  11.90-  12.43    0.022     0.004      0.025   11.95     0.010    12.43
  14.96-  15.14    0.000     0.000      0.000   15.05     0.000    15.14
  15.50-  15.96    0.000     0.000      0.000   15.60     0.000    15.96
  16.24-  17.42    0.000     0.000      0.000   16.33     0.000    17.42

      Single Point     Single Point
       Soil Area          Loss
         (m)             (kg/m2/)
      ------------------------------
         7.90             0.006
         8.77             0.002
        10.24             0.037

  B.  AREA OF SOIL DEPOSITION

      ** Soil Deposition (Avg. of Net Deposition Areas) =    -0.101 kg/m2 **
      ** Maximum Soil Deposition  =    -0.348 kg/m2 at   13.68 meters **

      Area of    Soil Dep   Soil Dep     MAX    MAX Dep   MIN   MIN Dep
      Net Dep       MEAN     STDEV       Dep     Point    Dep    Point
        (m)       (kg/m2)    (kg/m2)   (kg/m2)    (m)    (kg/m2)  (m)
------------------------------------------------------------------------
   7.70-   7.85   -0.009     0.006     -0.014    7.85    -0.002     7.75
   7.90-   8.72   -0.089     0.074     -0.293    8.63    -0.006     8.68
   8.77-   9.16   -0.155     0.056     -0.231    8.87    -0.055     9.07
   9.31-   9.36   -0.010     0.000     -0.010    9.36    -0.010     9.36
   9.55-   9.70   -0.031     0.039     -0.076    9.60    -0.007     9.70
   9.94-   9.99   -0.002     0.000     -0.002    9.99    -0.002     9.99
  10.09-  10.19   -0.041     0.050     -0.077   10.19    -0.006    10.14
  10.24-  10.34   -0.004     0.001     -0.005   10.34    -0.004    10.29
  10.43-  10.48   -0.054     0.000     -0.054   10.48    -0.054    10.48
  11.02-  11.12   -0.060     0.028     -0.080   11.12    -0.040    11.07
  11.21-  11.26   -0.011     0.000     -0.011   11.26    -0.011    11.26
  11.85-  11.90   -0.040     0.000     -0.040   11.90    -0.040    11.90
  12.43-  14.96   -0.139     0.099     -0.348   13.68    -0.015    14.77
  15.14-  15.50   -0.074     0.050     -0.141   15.41    -0.023    15.50
  15.96-  16.24   -0.076     0.077     -0.157   16.14    -0.004    16.05
  19.07-  19.16   -0.042     0.000     -0.042   19.16    -0.042    19.16
  21.45-  21.72   -0.019     0.019     -0.039   21.72    -0.002    21.54

      Single Point     Single Point
       Soil Area          Dep
         (m)             (kg/m2/)
      ------------------------------
         9.36            -0.010
         9.99            -0.002
        10.48            -0.054
        11.26            -0.011
        11.90            -0.040
        19.16            -0.042



  C.  SOIL LOSS/DEPOSITION ALONG SLOPE PROFILE

          Profile distances are from top to bottom of hillslope


 distance soil  flow    distance   soil  flow    distance   soil  flow
    (m)   loss  elem       (m)     loss  elem       (m)     loss  elem
         (kg/m2)                  (kg/m2)                  (kg/m2)
------------------------------------------------------------------------

   0.08     0.076  1        7.75    -0.002  2       12.67    -0.069  3
   0.15     0.076  1        7.80    -0.012  2       12.76    -0.027  3
   0.23     0.076  1        7.85    -0.014  2       12.85    -0.026  3
   0.31     0.076  1        7.90     0.006  2       12.95    -0.065  3
   0.39     0.076  1        7.94    -0.009  2       13.04    -0.064  3
   0.46     0.076  1        7.99    -0.014  2       13.13    -0.115  3
   0.54     0.076  1        8.04    -0.031  2       13.22    -0.219  3
   0.62     0.076  1        8.09    -0.093  2       13.31    -0.226  3
   0.69     0.076  1        8.14    -0.096  2       13.40    -0.137  3
   0.77     0.076  1        8.19    -0.066  2       13.49    -0.235  3
   0.85     0.076  1        8.24    -0.045  2       13.59    -0.227  3
   0.92     0.076  1        8.29    -0.088  2       13.68    -0.348  3
   1.00     0.076  1        8.33    -0.101  2       13.77    -0.032  3
   1.08     0.076  1        8.38    -0.183  2       13.86    -0.231  3
   1.16     0.076  1        8.43    -0.123  2       13.95    -0.342  3
   1.23     0.076  1        8.48    -0.142  2       14.04    -0.122  3
   1.31     0.076  1        8.53    -0.141  2       14.13    -0.223  3
   1.39     0.076  1        8.58    -0.059  2       14.23    -0.254  3
   1.46     0.076  1        8.63    -0.293  2       14.32    -0.216  3
   1.54     0.076  1        8.68    -0.006  2       14.41    -0.090  3
   1.62     0.077  1        8.72    -0.029  2       14.50    -0.098  3
   1.69     0.077  1        8.77     0.002  2       14.59    -0.041  3
   1.77     0.077  1        8.82    -0.200  2       14.68    -0.072  3
   1.85     0.077  1        8.87    -0.231  2       14.77    -0.015  3
   1.93     0.077  1        8.92    -0.113  2       14.87    -0.087  3
   2.00     0.077  1        8.97    -0.142  2       14.96    -0.064  3
   2.08     0.077  1        9.02    -0.139  2       15.05     0.000  3
   2.16     0.078  1        9.07    -0.055  2       15.14     0.000  3
   2.23     0.078  1        9.12    -0.166  2       15.23    -0.058  3
   2.31     0.078  1        9.16    -0.197  2       15.32    -0.074  3
   2.39     0.078  1        9.21     0.006  2       15.41    -0.141  3
   2.46     0.078  1        9.26     0.007  2       15.50    -0.023  3
   2.54     0.078  1        9.31     0.018  2       15.60     0.000  3
   2.62     0.079  1        9.36    -0.010  2       15.69     0.000  3
   2.69     0.079  1        9.41     0.030  2       15.78     0.000  3
   2.77     0.079  1        9.46     0.009  2       15.87     0.000  3
   2.85     0.079  1        9.51     0.046  2       15.96     0.000  3
   2.93     0.079  1        9.55     0.012  2       16.05    -0.004  3
   3.00     0.080  1        9.60    -0.076  2       16.14    -0.157  3
   3.08     0.080  1        9.65    -0.011  2       16.24    -0.068  3
   3.16     0.080  1        9.70    -0.007  2       16.33     0.000  3
   3.23     0.080  1        9.75     0.018  2       16.42     0.000  3
   3.31     0.081  1        9.80     0.042  2       16.51     0.000  3
   3.39     0.081  1        9.85     0.027  2       16.60     0.000  3
   3.46     0.081  1        9.90     0.041  2       16.69     0.000  3
   3.54     0.081  1        9.94     0.008  2       16.78     0.000  3
   3.62     0.082  1        9.99    -0.002  2       16.88     0.000  3
   3.70     0.082  1       10.04     0.039  2       16.97     0.000  3
   3.77     0.082  1       10.09     0.023  2       17.06     0.000  3
   3.85     0.083  1       10.14    -0.006  2       17.15     0.000  3
   3.93     0.083  1       10.19    -0.077  2       17.24     0.000  3
   4.00     0.083  1       10.24     0.037  2       17.33     0.000  3
   4.08     0.084  1       10.29    -0.004  2       17.42     0.000  3
   4.16     0.084  1       10.34    -0.005  2       17.52     0.000  3
   4.24     0.084  1       10.38     0.035  2       17.61     0.000  3
   4.31     0.085  1       10.43     0.035  2       17.70     0.000  3
   4.39     0.085  1       10.48    -0.054  2       17.79     0.000  3
   4.47     0.085  1       10.53     0.034  2       17.88     0.000  3
   4.54     0.086  1       10.58     0.033  2       17.97     0.000  3
   4.62     0.086  1       10.63     0.033  2       18.06     0.000  3
   4.70     0.086  1       10.68     0.033  2       18.16     0.000  3
   4.77     0.087  1       10.73     0.032  2       18.25     0.000  3
   4.85     0.087  1       10.77     0.032  2       18.34     0.000  3
   4.93     0.087  1       10.82     0.020  2       18.43     0.000  3
   5.00     0.088  1       10.87     0.002  2       18.52     0.000  3
   5.08     0.088  1       10.92     0.031  2       18.61     0.000  3
   5.16     0.089  1       10.97     0.030  2       18.70     0.000  3
   5.24     0.089  1       11.02     0.030  2       18.80     0.000  3
   5.31     0.089  1       11.07    -0.040  2       18.89     0.000  3
   5.39     0.090  1       11.12    -0.080  2       18.98     0.000  3
   5.47     0.090  1       11.16     0.029  2       19.07     0.000  3
   5.54     0.091  1       11.21     0.003  2       19.16    -0.042  3
   5.62     0.091  1       11.26    -0.011  2       19.25     0.000  3
   5.70     0.091  1       11.31     0.028  2       19.34     0.000  3
   5.78     0.092  1       11.36     0.028  2       19.44     0.000  3
   5.85     0.092  1       11.41     0.028  2       19.53     0.000  3
   5.93     0.093  1       11.46     0.027  2       19.62     0.000  3
   6.01     0.093  1       11.51     0.027  2       19.71     0.000  3
   6.08     0.094  1       11.56     0.027  2       19.80     0.000  3
   6.16     0.094  1       11.60     0.026  2       19.89     0.000  3
   6.24     0.095  1       11.65     0.026  2       19.98     0.000  3
   6.31     0.095  1       11.70     0.026  2       20.07     0.000  3
   6.39     0.096  1       11.75     0.026  2       20.17     0.000  3
   6.47     0.096  1       11.80     0.025  2       20.26     0.000  3
   6.54     0.097  1       11.85     0.025  2       20.35     0.000  3
   6.62     0.097  1       11.90    -0.040  2       20.44     0.000  3
   6.70     0.098  1       11.95     0.025  2       20.53     0.000  3
   6.78     0.098  1       11.99     0.024  2       20.62     0.000  3
   6.85     0.099  1       12.04     0.024  2       20.71     0.000  3
   6.93     0.099  1       12.09     0.024  2       20.81     0.000  3
   7.01     0.100  1       12.14     0.024  2       20.90     0.000  3
   7.08     0.100  1       12.19     0.023  2       20.99     0.000  3
   7.16     0.101  1       12.24     0.023  2       21.08     0.000  3
   7.24     0.101  1       12.29     0.023  2       21.17     0.000  3
   7.31     0.102  1       12.34     0.022  2       21.26     0.000  3
   7.39     0.102  1       12.38     0.018  2       21.35     0.000  3
   7.47     0.103  1       12.43     0.010  2       21.45     0.000  3
   7.55     0.104  1       12.48    -0.026  2       21.54    -0.002  3
   7.62     0.104  1       12.53    -0.077  2       21.63    -0.017  3
   7.70     0.105  1       12.58    -0.252  2       21.72    -0.039  3

note:  (+) soil loss - detachment     (-) soil loss - deposition



III. OFF SITE EFFECTS  OFF SITE EFFECTS  OFF SITE EFFECTS
     ----------------  ----------------  ----------------

     A.  AVERAGE ANNUAL SEDIMENT LEAVING PROFILE
             0.158   kg/m of width
            26.791     kg (based on profile width of    169.073      m)
             0.073   t/ha (assuming contributions from     0.367     ha)


     B.  SEDIMENT CHARACTERISTICS AND ENRICHMENT

     Sediment particle information leaving profile
-------------------------------------------------------------------------------
                                 Particle Composition         Detached Fraction
Class  Diameter  Specific  ---------------------------------  Sediment  In Flow
         (mm)    Gravity   % Sand   % Silt   % Clay   % O.M.  Fraction  Exiting
-------------------------------------------------------------------------------
  1     0.002      2.60      0.0      0.0    100.0     53.3     0.039    0.041
  2     0.010      2.65      0.0    100.0      0.0      0.0     0.280    0.294
  3     0.030      1.80      0.0     78.6     21.4     11.4     0.270    0.284
  4     0.300      1.60     60.1     20.8     19.1     10.2     0.278    0.273
  5     0.200      2.65    100.0      0.0      0.0      0.0     0.133    0.108
-------------------------------------------------------------------------------


     Average annual SSA enrichment ratio leaving profile =   1.03
