 Annual; detailed (Metric Units)                                        


          USDA WATER EROSION PREDICTION PROJECT
          -------------------------------------

          HILLSLOPE PROFILE AND WATERSHED MODEL
                     VERSION  2000.100
             June 31,       2000


               TO REPORT PROBLEMS OR TO BE PUT ON THE MAILING
               LIST FOR FUTURE WEPP MODEL RELEASES, PLEASE CONTACT:

                    WEPP TECHNICAL SUPPORT
                    USDA-AGRICULTURAL RESEARCH SERVICE
                    NATIONAL SOIL EROSION RESEARCH LABORATORY
                    1196 BUILDING SOIL, PURDUE UNIVERSITY
                    WEST LAFAYETTE, IN 47907-1196  USA

                    PHONE: (765) 494-8673
                      FAX: (765) 494-5948
                    email:  wepp@ecn.purdue.edu
                      URL:  http://topsoil.nserl.purdue.edu/weppmain/wepp.html


     HILLSLOPE INPUT DATA FILES - VERSION  2000.100
        June 31,       2000


    MANAGEMENT: ../working/wepp-195207.man                        
 MAN. PRACTICE: Two OFEs to drive the Disturbed WEPP interface              
                for forest conditions                                       
                W. Elliot 02/99                                             
         SLOPE: ../working/wepp-195207.slp                        
       CLIMATE: ../working/wepp-195207.cli                        
       Station:  GASCON NM +                                    CLIGEN VERSION  4.31
          SOIL: ../working/wepp-195207.sol                        
      PLANE  1 HIGH                loam                
      PLANE  2 HIGH                loam                


     HILLSLOPE 1 YEARLY SUMMARY FOR    1
     ----------------------------------


I.   RAINFALL AND RUNOFF SUMMARY
     -------- --- ------ -------

      year:      1

         Rainfall         Storm Runoff        Melt Runoff
      events   amount   events   amount     events  amount
                (mm)              (mm)               (mm)

        77     549.60       2      21.61       1       1.39


II.  ON SITE EFFECTS  ON SITE EFFECTS  ON SITE EFFECTS
     ---------------  ---------------  ---------------


  A.  AREA OF NET SOIL LOSS

      ** Soil Loss (Avg. of Net Detachment Areas) =    0.199 kg/m2 **
      ** Maximum Soil Loss  =    0.407 kg/m2 at   60.98 meters **


      Area of    Soil Loss   Soil Loss   MAX   MAX Loss   MIN   MIN Loss
      Net Loss      MEAN      STDEV      Loss    Point    Loss   Point
        (m)       (kg/m2)     (kg/m2)  (kg/m2)    (m)    (kg/m2)  (m)
------------------------------------------------------------------------
   0.00-  60.98    0.199     0.138      0.407   60.98     0.013     3.35



  C.  SOIL LOSS/DEPOSITION ALONG SLOPE PROFILE

          Profile distances are from top to bottom of hillslope


 distance soil  flow    distance   soil  flow    distance   soil  flow
    (m)   loss  elem       (m)     loss  elem       (m)     loss  elem
         (kg/m2)                  (kg/m2)                  (kg/m2)
------------------------------------------------------------------------

   0.30     0.013  1       20.73     0.112  1       41.16     0.294  2
   0.61     0.013  1       21.04     0.116  1       41.47     0.296  2
   0.91     0.013  1       21.34     0.120  1       41.77     0.298  2
   1.22     0.013  1       21.65     0.124  1       42.08     0.300  2
   1.52     0.013  1       21.95     0.127  1       42.38     0.302  2
   1.83     0.013  1       22.26     0.131  1       42.69     0.303  2
   2.13     0.013  1       22.56     0.135  1       42.99     0.305  2
   2.44     0.013  1       22.87     0.138  1       43.30     0.307  2
   2.74     0.013  1       23.17     0.142  1       43.60     0.309  2
   3.05     0.013  1       23.48     0.146  1       43.91     0.311  2
   3.35     0.013  1       23.78     0.149  1       44.21     0.313  2
   3.66     0.013  1       24.09     0.153  1       44.52     0.315  2
   3.96     0.013  1       24.39     0.156  1       44.82     0.317  2
   4.27     0.013  1       24.70     0.160  1       45.13     0.318  2
   4.57     0.013  1       25.00     0.163  1       45.43     0.320  2
   4.88     0.013  1       25.31     0.167  1       45.74     0.322  2
   5.18     0.013  1       25.61     0.170  1       46.04     0.324  2
   5.49     0.013  1       25.92     0.174  1       46.34     0.326  2
   5.79     0.013  1       26.22     0.177  1       46.65     0.327  2
   6.10     0.013  1       26.53     0.181  1       46.95     0.329  2
   6.40     0.013  1       26.83     0.184  1       47.26     0.331  2
   6.71     0.013  1       27.14     0.188  1       47.56     0.333  2
   7.01     0.013  1       27.44     0.191  1       47.87     0.335  2
   7.32     0.013  1       27.75     0.194  1       48.17     0.336  2
   7.62     0.013  1       28.05     0.198  1       48.48     0.338  2
   7.93     0.013  1       28.36     0.201  1       48.78     0.340  2
   8.23     0.013  1       28.66     0.204  1       49.09     0.342  2
   8.54     0.013  1       28.97     0.208  1       49.39     0.344  2
   8.84     0.013  1       29.27     0.211  1       49.70     0.345  2
   9.15     0.013  1       29.58     0.214  1       50.00     0.347  2
   9.45     0.013  1       29.88     0.217  1       50.31     0.349  2
   9.76     0.013  1       30.19     0.221  1       50.61     0.351  2
  10.06     0.013  1       30.49     0.224  1       50.92     0.352  2
  10.37     0.013  1       30.79     0.225  2       51.22     0.354  2
  10.67     0.013  1       31.10     0.227  2       51.53     0.356  2
  10.98     0.013  1       31.40     0.229  2       51.83     0.357  2
  11.28     0.013  1       31.71     0.231  2       52.14     0.359  2
  11.59     0.013  1       32.01     0.234  2       52.44     0.361  2
  11.89     0.013  1       32.32     0.236  2       52.75     0.363  2
  12.20     0.013  1       32.62     0.238  2       53.05     0.364  2
  12.50     0.013  1       32.93     0.240  2       53.36     0.366  2
  12.81     0.013  1       33.23     0.242  2       53.66     0.368  2
  13.11     0.014  1       33.54     0.244  2       53.97     0.369  2
  13.42     0.015  1       33.84     0.246  2       54.27     0.371  2
  13.72     0.018  1       34.15     0.248  2       54.58     0.373  2
  14.03     0.022  1       34.45     0.250  2       54.88     0.374  2
  14.33     0.027  1       34.76     0.252  2       55.19     0.376  2
  14.64     0.031  1       35.06     0.254  2       55.49     0.378  2
  14.94     0.036  1       35.37     0.256  2       55.80     0.379  2
  15.24     0.040  1       35.67     0.258  2       56.10     0.381  2
  15.55     0.044  1       35.98     0.261  2       56.41     0.383  2
  15.85     0.048  1       36.28     0.263  2       56.71     0.384  2
  16.16     0.053  1       36.59     0.265  2       57.02     0.386  2
  16.46     0.057  1       36.89     0.267  2       57.32     0.388  2
  16.77     0.061  1       37.20     0.269  2       57.63     0.389  2
  17.07     0.065  1       37.50     0.271  2       57.93     0.391  2
  17.38     0.069  1       37.81     0.273  2       58.24     0.393  2
  17.68     0.073  1       38.11     0.275  2       58.54     0.394  2
  17.99     0.077  1       38.42     0.277  2       58.85     0.396  2
  18.29     0.081  1       38.72     0.278  2       59.15     0.397  2
  18.60     0.085  1       39.03     0.280  2       59.46     0.399  2
  18.90     0.089  1       39.33     0.282  2       59.76     0.401  2
  19.21     0.093  1       39.64     0.284  2       60.07     0.402  2
  19.51     0.097  1       39.94     0.286  2       60.37     0.404  2
  19.82     0.101  1       40.25     0.288  2       60.68     0.406  2
  20.12     0.105  1       40.55     0.290  2       60.98     0.407  2
  20.43     0.109  1       40.86     0.292  2

note:  (+) soil loss - detachment     (-) soil loss - deposition



III. OFF SITE EFFECTS  OFF SITE EFFECTS  OFF SITE EFFECTS
     ----------------  ----------------  ----------------

     A.  SEDIMENT LEAVING PROFILE for year    1    12.114 kg/m

     B.  SEDIMENT CHARACTERISTICS AND ENRICHMENT

     Sediment particle information leaving profile
-------------------------------------------------------------------------------
                                 Particle Composition         Detached Fraction
Class  Diameter  Specific  ---------------------------------  Sediment  In Flow
         (mm)    Gravity   % Sand   % Silt   % Clay   % O.M.  Fraction  Exiting
-------------------------------------------------------------------------------
  1     0.002      2.60      0.0      0.0    100.0     25.0     0.052    0.056
  2     0.010      2.65      0.0    100.0      0.0      0.0     0.092    0.100
  3     0.030      1.80      0.0     63.6     36.4      9.1     0.258    0.275
  4     0.400      1.60     67.2     20.8     12.0      3.0     0.451    0.429
  5     0.200      2.65    100.0      0.0      0.0      0.0     0.147    0.140
-------------------------------------------------------------------------------


     Weighted SSA enrichment ratio leaving profile for year    1 =   1.04


     HILLSLOPE 1 YEARLY SUMMARY FOR    2
     ----------------------------------


I.   RAINFALL AND RUNOFF SUMMARY
     -------- --- ------ -------

      year:      2

         Rainfall         Storm Runoff        Melt Runoff
      events   amount   events   amount     events  amount
                (mm)              (mm)               (mm)

        69     623.80       4       9.53       4      19.86


II.  ON SITE EFFECTS  ON SITE EFFECTS  ON SITE EFFECTS
     ---------------  ---------------  ---------------


  A.  AREA OF NET SOIL LOSS

      ** Soil Loss (Avg. of Net Detachment Areas) =    0.068 kg/m2 **
      ** Maximum Soil Loss  =    0.282 kg/m2 at   60.98 meters **


      Area of    Soil Loss   Soil Loss   MAX   MAX Loss   MIN   MIN Loss
      Net Loss      MEAN      STDEV      Loss    Point    Loss   Point
        (m)       (kg/m2)     (kg/m2)  (kg/m2)    (m)    (kg/m2)  (m)
------------------------------------------------------------------------
   0.00-  60.98    0.068     0.082      0.282   60.98     0.009    10.98



  C.  SOIL LOSS/DEPOSITION ALONG SLOPE PROFILE

          Profile distances are from top to bottom of hillslope


 distance soil  flow    distance   soil  flow    distance   soil  flow
    (m)   loss  elem       (m)     loss  elem       (m)     loss  elem
         (kg/m2)                  (kg/m2)                  (kg/m2)
------------------------------------------------------------------------

   0.30     0.009  1       20.73     0.009  1       41.16     0.059  2
   0.61     0.009  1       21.04     0.009  1       41.47     0.060  2
   0.91     0.009  1       21.34     0.009  1       41.77     0.062  2
   1.22     0.009  1       21.65     0.009  1       42.08     0.063  2
   1.52     0.009  1       21.95     0.009  1       42.38     0.065  2
   1.83     0.009  1       22.26     0.010  1       42.69     0.068  2
   2.13     0.009  1       22.56     0.011  1       42.99     0.072  2
   2.44     0.009  1       22.87     0.011  1       43.30     0.076  2
   2.74     0.009  1       23.17     0.012  1       43.60     0.080  2
   3.05     0.009  1       23.48     0.012  1       43.91     0.083  2
   3.35     0.009  1       23.78     0.013  1       44.21     0.087  2
   3.66     0.009  1       24.09     0.014  1       44.52     0.091  2
   3.96     0.009  1       24.39     0.014  1       44.82     0.095  2
   4.27     0.009  1       24.70     0.015  1       45.13     0.099  2
   4.57     0.009  1       25.00     0.015  1       45.43     0.103  2
   4.88     0.009  1       25.31     0.016  1       45.74     0.106  2
   5.18     0.009  1       25.61     0.017  1       46.04     0.110  2
   5.49     0.009  1       25.92     0.017  1       46.34     0.114  2
   5.79     0.009  1       26.22     0.018  1       46.65     0.118  2
   6.10     0.009  1       26.53     0.018  1       46.95     0.121  2
   6.40     0.009  1       26.83     0.019  1       47.26     0.125  2
   6.71     0.009  1       27.14     0.019  1       47.56     0.129  2
   7.01     0.009  1       27.44     0.020  1       47.87     0.133  2
   7.32     0.009  1       27.75     0.021  1       48.17     0.136  2
   7.62     0.009  1       28.05     0.021  1       48.48     0.140  2
   7.93     0.009  1       28.36     0.022  1       48.78     0.144  2
   8.23     0.009  1       28.66     0.022  1       49.09     0.147  2
   8.54     0.009  1       28.97     0.023  1       49.39     0.151  2
   8.84     0.009  1       29.27     0.023  1       49.70     0.155  2
   9.15     0.009  1       29.58     0.024  1       50.00     0.158  2
   9.45     0.009  1       29.88     0.024  1       50.31     0.162  2
   9.76     0.009  1       30.19     0.025  1       50.61     0.165  2
  10.06     0.009  1       30.49     0.026  1       50.92     0.169  2
  10.37     0.009  1       30.79     0.025  2       51.22     0.173  2
  10.67     0.009  1       31.10     0.025  2       51.53     0.176  2
  10.98     0.009  1       31.40     0.026  2       51.83     0.180  2
  11.28     0.009  1       31.71     0.027  2       52.14     0.183  2
  11.59     0.009  1       32.01     0.028  2       52.44     0.187  2
  11.89     0.009  1       32.32     0.028  2       52.75     0.190  2
  12.20     0.009  1       32.62     0.029  2       53.05     0.194  2
  12.50     0.009  1       32.93     0.030  2       53.36     0.198  2
  12.81     0.009  1       33.23     0.031  2       53.66     0.201  2
  13.11     0.009  1       33.54     0.032  2       53.97     0.205  2
  13.42     0.009  1       33.84     0.032  2       54.27     0.208  2
  13.72     0.009  1       34.15     0.033  2       54.58     0.211  2
  14.03     0.009  1       34.45     0.034  2       54.88     0.215  2
  14.33     0.009  1       34.76     0.035  2       55.19     0.218  2
  14.64     0.009  1       35.06     0.035  2       55.49     0.222  2
  14.94     0.009  1       35.37     0.036  2       55.80     0.225  2
  15.24     0.009  1       35.67     0.037  2       56.10     0.229  2
  15.55     0.009  1       35.98     0.038  2       56.41     0.232  2
  15.85     0.009  1       36.28     0.038  2       56.71     0.236  2
  16.16     0.009  1       36.59     0.039  2       57.02     0.239  2
  16.46     0.009  1       36.89     0.040  2       57.32     0.242  2
  16.77     0.009  1       37.20     0.040  2       57.63     0.246  2
  17.07     0.009  1       37.50     0.041  2       57.93     0.249  2
  17.38     0.009  1       37.81     0.043  2       58.24     0.252  2
  17.68     0.009  1       38.11     0.044  2       58.54     0.256  2
  17.99     0.009  1       38.42     0.046  2       58.85     0.259  2
  18.29     0.009  1       38.72     0.047  2       59.15     0.262  2
  18.60     0.009  1       39.03     0.049  2       59.46     0.266  2
  18.90     0.009  1       39.33     0.050  2       59.76     0.269  2
  19.21     0.009  1       39.64     0.052  2       60.07     0.272  2
  19.51     0.009  1       39.94     0.053  2       60.37     0.276  2
  19.82     0.009  1       40.25     0.054  2       60.68     0.279  2
  20.12     0.009  1       40.55     0.056  2       60.98     0.282  2
  20.43     0.009  1       40.86     0.057  2

note:  (+) soil loss - detachment     (-) soil loss - deposition



III. OFF SITE EFFECTS  OFF SITE EFFECTS  OFF SITE EFFECTS
     ----------------  ----------------  ----------------

     A.  SEDIMENT LEAVING PROFILE for year    2     4.166 kg/m

     B.  SEDIMENT CHARACTERISTICS AND ENRICHMENT

     Sediment particle information leaving profile
-------------------------------------------------------------------------------
                                 Particle Composition         Detached Fraction
Class  Diameter  Specific  ---------------------------------  Sediment  In Flow
         (mm)    Gravity   % Sand   % Silt   % Clay   % O.M.  Fraction  Exiting
-------------------------------------------------------------------------------
  1     0.002      2.60      0.0      0.0    100.0     25.0     0.052    0.054
  2     0.010      2.65      0.0    100.0      0.0      0.0     0.092    0.095
  3     0.030      1.80      0.0     63.6     36.4      9.1     0.258    0.265
  4     0.400      1.60     67.2     20.8     12.0      3.0     0.451    0.442
  5     0.200      2.65    100.0      0.0      0.0      0.0     0.147    0.145
-------------------------------------------------------------------------------


     Weighted SSA enrichment ratio leaving profile for year    2 =   1.02


     HILLSLOPE 1 YEARLY SUMMARY FOR    3
     ----------------------------------


I.   RAINFALL AND RUNOFF SUMMARY
     -------- --- ------ -------

      year:      3

         Rainfall         Storm Runoff        Melt Runoff
      events   amount   events   amount     events  amount
                (mm)              (mm)               (mm)

        60     486.10       4       6.39       1       1.34


II.  ON SITE EFFECTS  ON SITE EFFECTS  ON SITE EFFECTS
     ---------------  ---------------  ---------------


  A.  AREA OF NET SOIL LOSS

      ** Soil Loss (Avg. of Net Detachment Areas) =    0.051 kg/m2 **
      ** Maximum Soil Loss  =    0.087 kg/m2 at   60.98 meters **


      Area of    Soil Loss   Soil Loss   MAX   MAX Loss   MIN   MIN Loss
      Net Loss      MEAN      STDEV      Loss    Point    Loss   Point
        (m)       (kg/m2)     (kg/m2)  (kg/m2)    (m)    (kg/m2)  (m)
------------------------------------------------------------------------
   0.00-  60.98    0.051     0.028      0.087   60.98     0.015     7.93



  C.  SOIL LOSS/DEPOSITION ALONG SLOPE PROFILE

          Profile distances are from top to bottom of hillslope


 distance soil  flow    distance   soil  flow    distance   soil  flow
    (m)   loss  elem       (m)     loss  elem       (m)     loss  elem
         (kg/m2)                  (kg/m2)                  (kg/m2)
------------------------------------------------------------------------

   0.30     0.015  1       20.73     0.028  1       41.16     0.072  2
   0.61     0.015  1       21.04     0.029  1       41.47     0.072  2
   0.91     0.015  1       21.34     0.030  1       41.77     0.072  2
   1.22     0.015  1       21.65     0.031  1       42.08     0.073  2
   1.52     0.015  1       21.95     0.032  1       42.38     0.073  2
   1.83     0.015  1       22.26     0.033  1       42.69     0.073  2
   2.13     0.015  1       22.56     0.034  1       42.99     0.073  2
   2.44     0.015  1       22.87     0.035  1       43.30     0.074  2
   2.74     0.015  1       23.17     0.037  1       43.60     0.074  2
   3.05     0.015  1       23.48     0.038  1       43.91     0.074  2
   3.35     0.015  1       23.78     0.040  1       44.21     0.074  2
   3.66     0.015  1       24.09     0.041  1       44.52     0.075  2
   3.96     0.015  1       24.39     0.042  1       44.82     0.075  2
   4.27     0.015  1       24.70     0.044  1       45.13     0.075  2
   4.57     0.015  1       25.00     0.045  1       45.43     0.075  2
   4.88     0.015  1       25.31     0.047  1       45.74     0.076  2
   5.18     0.015  1       25.61     0.048  1       46.04     0.076  2
   5.49     0.015  1       25.92     0.050  1       46.34     0.076  2
   5.79     0.015  1       26.22     0.051  1       46.65     0.076  2
   6.10     0.015  1       26.53     0.052  1       46.95     0.077  2
   6.40     0.015  1       26.83     0.054  1       47.26     0.077  2
   6.71     0.015  1       27.14     0.055  1       47.56     0.077  2
   7.01     0.015  1       27.44     0.057  1       47.87     0.077  2
   7.32     0.015  1       27.75     0.058  1       48.17     0.078  2
   7.62     0.015  1       28.05     0.059  1       48.48     0.078  2
   7.93     0.015  1       28.36     0.061  1       48.78     0.078  2
   8.23     0.015  1       28.66     0.062  1       49.09     0.078  2
   8.54     0.015  1       28.97     0.063  1       49.39     0.078  2
   8.84     0.015  1       29.27     0.065  1       49.70     0.079  2
   9.15     0.015  1       29.58     0.066  1       50.00     0.079  2
   9.45     0.015  1       29.88     0.067  1       50.31     0.079  2
   9.76     0.015  1       30.19     0.069  1       50.61     0.079  2
  10.06     0.015  1       30.49     0.070  1       50.92     0.080  2
  10.37     0.015  1       30.79     0.063  2       51.22     0.080  2
  10.67     0.015  1       31.10     0.063  2       51.53     0.080  2
  10.98     0.015  1       31.40     0.063  2       51.83     0.080  2
  11.28     0.015  1       31.71     0.064  2       52.14     0.081  2
  11.59     0.015  1       32.01     0.064  2       52.44     0.081  2
  11.89     0.015  1       32.32     0.064  2       52.75     0.081  2
  12.20     0.015  1       32.62     0.064  2       53.05     0.081  2
  12.50     0.015  1       32.93     0.065  2       53.36     0.082  2
  12.81     0.015  1       33.23     0.065  2       53.66     0.082  2
  13.11     0.015  1       33.54     0.065  2       53.97     0.082  2
  13.42     0.015  1       33.84     0.066  2       54.27     0.082  2
  13.72     0.015  1       34.15     0.066  2       54.58     0.082  2
  14.03     0.015  1       34.45     0.066  2       54.88     0.083  2
  14.33     0.015  1       34.76     0.066  2       55.19     0.083  2
  14.64     0.015  1       35.06     0.067  2       55.49     0.083  2
  14.94     0.015  1       35.37     0.067  2       55.80     0.083  2
  15.24     0.015  1       35.67     0.067  2       56.10     0.084  2
  15.55     0.015  1       35.98     0.067  2       56.41     0.084  2
  15.85     0.015  1       36.28     0.068  2       56.71     0.084  2
  16.16     0.015  1       36.59     0.068  2       57.02     0.084  2
  16.46     0.015  1       36.89     0.068  2       57.32     0.084  2
  16.77     0.015  1       37.20     0.068  2       57.63     0.085  2
  17.07     0.016  1       37.50     0.069  2       57.93     0.085  2
  17.38     0.017  1       37.81     0.069  2       58.24     0.085  2
  17.68     0.018  1       38.11     0.069  2       58.54     0.085  2
  17.99     0.019  1       38.42     0.070  2       58.85     0.086  2
  18.29     0.020  1       38.72     0.070  2       59.15     0.086  2
  18.60     0.021  1       39.03     0.070  2       59.46     0.086  2
  18.90     0.022  1       39.33     0.070  2       59.76     0.086  2
  19.21     0.023  1       39.64     0.071  2       60.07     0.086  2
  19.51     0.024  1       39.94     0.071  2       60.37     0.087  2
  19.82     0.025  1       40.25     0.071  2       60.68     0.087  2
  20.12     0.026  1       40.55     0.071  2       60.98     0.087  2
  20.43     0.027  1       40.86     0.072  2

note:  (+) soil loss - detachment     (-) soil loss - deposition



III. OFF SITE EFFECTS  OFF SITE EFFECTS  OFF SITE EFFECTS
     ----------------  ----------------  ----------------

     A.  SEDIMENT LEAVING PROFILE for year    3     3.113 kg/m

     B.  SEDIMENT CHARACTERISTICS AND ENRICHMENT

     Sediment particle information leaving profile
-------------------------------------------------------------------------------
                                 Particle Composition         Detached Fraction
Class  Diameter  Specific  ---------------------------------  Sediment  In Flow
         (mm)    Gravity   % Sand   % Silt   % Clay   % O.M.  Fraction  Exiting
-------------------------------------------------------------------------------
  1     0.002      2.60      0.0      0.0    100.0     25.0     0.052    0.052
  2     0.010      2.65      0.0    100.0      0.0      0.0     0.092    0.093
  3     0.030      1.80      0.0     63.6     36.4      9.1     0.258    0.260
  4     0.400      1.60     67.2     20.8     12.0      3.0     0.451    0.448
  5     0.200      2.65    100.0      0.0      0.0      0.0     0.147    0.147
-------------------------------------------------------------------------------


     Weighted SSA enrichment ratio leaving profile for year    3 =   1.00


     HILLSLOPE 1 YEARLY SUMMARY FOR    4
     ----------------------------------


I.   RAINFALL AND RUNOFF SUMMARY
     -------- --- ------ -------

      year:      4

         Rainfall         Storm Runoff        Melt Runoff
      events   amount   events   amount     events  amount
                (mm)              (mm)               (mm)

        67     385.70       3       9.01       0       0.00


II.  ON SITE EFFECTS  ON SITE EFFECTS  ON SITE EFFECTS
     ---------------  ---------------  ---------------


  A.  AREA OF NET SOIL LOSS

      ** Soil Loss (Avg. of Net Detachment Areas) =    0.087 kg/m2 **
      ** Maximum Soil Loss  =    0.180 kg/m2 at   60.98 meters **


      Area of    Soil Loss   Soil Loss   MAX   MAX Loss   MIN   MIN Loss
      Net Loss      MEAN      STDEV      Loss    Point    Loss   Point
        (m)       (kg/m2)     (kg/m2)  (kg/m2)    (m)    (kg/m2)  (m)
------------------------------------------------------------------------
   0.00-  60.98    0.087     0.057      0.180   60.98     0.015     2.13



  C.  SOIL LOSS/DEPOSITION ALONG SLOPE PROFILE

          Profile distances are from top to bottom of hillslope


 distance soil  flow    distance   soil  flow    distance   soil  flow
    (m)   loss  elem       (m)     loss  elem       (m)     loss  elem
         (kg/m2)                  (kg/m2)                  (kg/m2)
------------------------------------------------------------------------

   0.30     0.015  1       20.73     0.046  1       41.16     0.125  2
   0.61     0.015  1       21.04     0.047  1       41.47     0.126  2
   0.91     0.015  1       21.34     0.049  1       41.77     0.127  2
   1.22     0.015  1       21.65     0.050  1       42.08     0.128  2
   1.52     0.015  1       21.95     0.052  1       42.38     0.129  2
   1.83     0.015  1       22.26     0.053  1       42.69     0.130  2
   2.13     0.015  1       22.56     0.055  1       42.99     0.131  2
   2.44     0.015  1       22.87     0.056  1       43.30     0.132  2
   2.74     0.015  1       23.17     0.058  1       43.60     0.132  2
   3.05     0.015  1       23.48     0.059  1       43.91     0.133  2
   3.35     0.015  1       23.78     0.061  1       44.21     0.134  2
   3.66     0.015  1       24.09     0.062  1       44.52     0.135  2
   3.96     0.015  1       24.39     0.064  1       44.82     0.136  2
   4.27     0.015  1       24.70     0.065  1       45.13     0.137  2
   4.57     0.015  1       25.00     0.067  1       45.43     0.138  2
   4.88     0.015  1       25.31     0.068  1       45.74     0.139  2
   5.18     0.015  1       25.61     0.070  1       46.04     0.140  2
   5.49     0.015  1       25.92     0.071  1       46.34     0.141  2
   5.79     0.015  1       26.22     0.072  1       46.65     0.141  2
   6.10     0.015  1       26.53     0.074  1       46.95     0.142  2
   6.40     0.015  1       26.83     0.075  1       47.26     0.143  2
   6.71     0.015  1       27.14     0.077  1       47.56     0.144  2
   7.01     0.015  1       27.44     0.078  1       47.87     0.145  2
   7.32     0.015  1       27.75     0.079  1       48.17     0.146  2
   7.62     0.015  1       28.05     0.081  1       48.48     0.147  2
   7.93     0.015  1       28.36     0.082  1       48.78     0.148  2
   8.23     0.015  1       28.66     0.083  1       49.09     0.148  2
   8.54     0.015  1       28.97     0.085  1       49.39     0.149  2
   8.84     0.015  1       29.27     0.086  1       49.70     0.150  2
   9.15     0.015  1       29.58     0.087  1       50.00     0.151  2
   9.45     0.015  1       29.88     0.089  1       50.31     0.152  2
   9.76     0.015  1       30.19     0.090  1       50.61     0.153  2
  10.06     0.015  1       30.49     0.091  1       50.92     0.154  2
  10.37     0.015  1       30.79     0.091  2       51.22     0.154  2
  10.67     0.015  1       31.10     0.092  2       51.53     0.155  2
  10.98     0.015  1       31.40     0.093  2       51.83     0.156  2
  11.28     0.015  1       31.71     0.094  2       52.14     0.157  2
  11.59     0.015  1       32.01     0.095  2       52.44     0.158  2
  11.89     0.015  1       32.32     0.096  2       52.75     0.159  2
  12.20     0.015  1       32.62     0.097  2       53.05     0.159  2
  12.50     0.015  1       32.93     0.098  2       53.36     0.160  2
  12.81     0.015  1       33.23     0.099  2       53.66     0.161  2
  13.11     0.015  1       33.54     0.100  2       53.97     0.162  2
  13.42     0.015  1       33.84     0.101  2       54.27     0.163  2
  13.72     0.015  1       34.15     0.102  2       54.58     0.164  2
  14.03     0.015  1       34.45     0.103  2       54.88     0.164  2
  14.33     0.015  1       34.76     0.104  2       55.19     0.165  2
  14.64     0.015  1       35.06     0.105  2       55.49     0.166  2
  14.94     0.015  1       35.37     0.106  2       55.80     0.167  2
  15.24     0.016  1       35.67     0.107  2       56.10     0.168  2
  15.55     0.018  1       35.98     0.108  2       56.41     0.168  2
  15.85     0.020  1       36.28     0.109  2       56.71     0.169  2
  16.16     0.021  1       36.59     0.110  2       57.02     0.170  2
  16.46     0.023  1       36.89     0.111  2       57.32     0.171  2
  16.77     0.025  1       37.20     0.112  2       57.63     0.172  2
  17.07     0.026  1       37.50     0.113  2       57.93     0.172  2
  17.38     0.028  1       37.81     0.114  2       58.24     0.173  2
  17.68     0.030  1       38.11     0.115  2       58.54     0.174  2
  17.99     0.031  1       38.42     0.116  2       58.85     0.175  2
  18.29     0.033  1       38.72     0.117  2       59.15     0.176  2
  18.60     0.035  1       39.03     0.118  2       59.46     0.176  2
  18.90     0.036  1       39.33     0.119  2       59.76     0.177  2
  19.21     0.038  1       39.64     0.120  2       60.07     0.178  2
  19.51     0.039  1       39.94     0.121  2       60.37     0.179  2
  19.82     0.041  1       40.25     0.122  2       60.68     0.179  2
  20.12     0.043  1       40.55     0.123  2       60.98     0.180  2
  20.43     0.044  1       40.86     0.124  2

note:  (+) soil loss - detachment     (-) soil loss - deposition



III. OFF SITE EFFECTS  OFF SITE EFFECTS  OFF SITE EFFECTS
     ----------------  ----------------  ----------------

     A.  SEDIMENT LEAVING PROFILE for year    4     5.296 kg/m

     B.  SEDIMENT CHARACTERISTICS AND ENRICHMENT

     Sediment particle information leaving profile
-------------------------------------------------------------------------------
                                 Particle Composition         Detached Fraction
Class  Diameter  Specific  ---------------------------------  Sediment  In Flow
         (mm)    Gravity   % Sand   % Silt   % Clay   % O.M.  Fraction  Exiting
-------------------------------------------------------------------------------
  1     0.002      2.60      0.0      0.0    100.0     25.0     0.052    0.052
  2     0.010      2.65      0.0    100.0      0.0      0.0     0.092    0.092
  3     0.030      1.80      0.0     63.6     36.4      9.1     0.258    0.258
  4     0.400      1.60     67.2     20.8     12.0      3.0     0.451    0.451
  5     0.200      2.65    100.0      0.0      0.0      0.0     0.147    0.147
-------------------------------------------------------------------------------


     Weighted SSA enrichment ratio leaving profile for year    4 =   1.00


     HILLSLOPE 1 YEARLY SUMMARY FOR    5
     ----------------------------------


I.   RAINFALL AND RUNOFF SUMMARY
     -------- --- ------ -------

      year:      5

         Rainfall         Storm Runoff        Melt Runoff
      events   amount   events   amount     events  amount
                (mm)              (mm)               (mm)

        66     606.10       8      42.04       3      24.87


II.  ON SITE EFFECTS  ON SITE EFFECTS  ON SITE EFFECTS
     ---------------  ---------------  ---------------


  A.  AREA OF NET SOIL LOSS

      ** Soil Loss (Avg. of Net Detachment Areas) =    0.326 kg/m2 **
      ** Maximum Soil Loss  =    0.669 kg/m2 at   60.98 meters **


      Area of    Soil Loss   Soil Loss   MAX   MAX Loss   MIN   MIN Loss
      Net Loss      MEAN      STDEV      Loss    Point    Loss   Point
        (m)       (kg/m2)     (kg/m2)  (kg/m2)    (m)    (kg/m2)  (m)
------------------------------------------------------------------------
   0.00-  60.98    0.326     0.173      0.669   60.98     0.076     2.74



  C.  SOIL LOSS/DEPOSITION ALONG SLOPE PROFILE

          Profile distances are from top to bottom of hillslope


 distance soil  flow    distance   soil  flow    distance   soil  flow
    (m)   loss  elem       (m)     loss  elem       (m)     loss  elem
         (kg/m2)                  (kg/m2)                  (kg/m2)
------------------------------------------------------------------------

   0.30     0.076  1       20.73     0.230  1       41.16     0.408  2
   0.61     0.076  1       21.04     0.234  1       41.47     0.410  2
   0.91     0.076  1       21.34     0.238  1       41.77     0.412  2
   1.22     0.076  1       21.65     0.241  1       42.08     0.415  2
   1.52     0.076  1       21.95     0.245  1       42.38     0.417  2
   1.83     0.076  1       22.26     0.248  1       42.69     0.420  2
   2.13     0.076  1       22.56     0.252  1       42.99     0.422  2
   2.44     0.076  1       22.87     0.255  1       43.30     0.425  2
   2.74     0.076  1       23.17     0.259  1       43.60     0.427  2
   3.05     0.076  1       23.48     0.262  1       43.91     0.429  2
   3.35     0.076  1       23.78     0.266  1       44.21     0.432  2
   3.66     0.076  1       24.09     0.269  1       44.52     0.434  2
   3.96     0.076  1       24.39     0.273  1       44.82     0.436  2
   4.27     0.076  1       24.70     0.277  1       45.13     0.439  2
   4.57     0.076  1       25.00     0.282  1       45.43     0.441  2
   4.88     0.076  1       25.31     0.286  1       45.74     0.444  2
   5.18     0.076  1       25.61     0.290  1       46.04     0.447  2
   5.49     0.076  1       25.92     0.294  1       46.34     0.451  2
   5.79     0.076  1       26.22     0.298  1       46.65     0.455  2
   6.10     0.078  1       26.53     0.302  1       46.95     0.459  2
   6.40     0.081  1       26.83     0.305  1       47.26     0.463  2
   6.71     0.085  1       27.14     0.309  1       47.56     0.467  2
   7.01     0.088  1       27.44     0.313  1       47.87     0.471  2
   7.32     0.091  1       27.75     0.317  1       48.17     0.475  2
   7.62     0.095  1       28.05     0.321  1       48.48     0.479  2
   7.93     0.098  1       28.36     0.325  1       48.78     0.483  2
   8.23     0.101  1       28.66     0.329  1       49.09     0.488  2
   8.54     0.105  1       28.97     0.333  1       49.39     0.492  2
   8.84     0.108  1       29.27     0.337  1       49.70     0.497  2
   9.15     0.111  1       29.58     0.341  1       50.00     0.501  2
   9.45     0.114  1       29.88     0.345  1       50.31     0.506  2
   9.76     0.117  1       30.19     0.349  1       50.61     0.511  2
  10.06     0.120  1       30.49     0.354  1       50.92     0.516  2
  10.37     0.123  1       30.79     0.321  2       51.22     0.521  2
  10.67     0.126  1       31.10     0.323  2       51.53     0.526  2
  10.98     0.129  1       31.40     0.326  2       51.83     0.531  2
  11.28     0.132  1       31.71     0.329  2       52.14     0.535  2
  11.59     0.135  1       32.01     0.331  2       52.44     0.540  2
  11.89     0.137  1       32.32     0.334  2       52.75     0.545  2
  12.20     0.140  1       32.62     0.337  2       53.05     0.550  2
  12.50     0.143  1       32.93     0.339  2       53.36     0.554  2
  12.81     0.146  1       33.23     0.342  2       53.66     0.559  2
  13.11     0.148  1       33.54     0.345  2       53.97     0.564  2
  13.42     0.151  1       33.84     0.347  2       54.27     0.569  2
  13.72     0.154  1       34.15     0.350  2       54.58     0.573  2
  14.03     0.156  1       34.45     0.352  2       54.88     0.578  2
  14.33     0.159  1       34.76     0.355  2       55.19     0.583  2
  14.64     0.162  1       35.06     0.357  2       55.49     0.587  2
  14.94     0.164  1       35.37     0.360  2       55.80     0.592  2
  15.24     0.167  1       35.67     0.362  2       56.10     0.596  2
  15.55     0.169  1       35.98     0.365  2       56.41     0.601  2
  15.85     0.172  1       36.28     0.367  2       56.71     0.606  2
  16.16     0.174  1       36.59     0.370  2       57.02     0.610  2
  16.46     0.177  1       36.89     0.372  2       57.32     0.615  2
  16.77     0.180  1       37.20     0.375  2       57.63     0.619  2
  17.07     0.184  1       37.50     0.377  2       57.93     0.624  2
  17.38     0.188  1       37.81     0.380  2       58.24     0.628  2
  17.68     0.192  1       38.11     0.382  2       58.54     0.633  2
  17.99     0.196  1       38.42     0.385  2       58.85     0.638  2
  18.29     0.200  1       38.72     0.388  2       59.15     0.642  2
  18.60     0.204  1       39.03     0.390  2       59.46     0.646  2
  18.90     0.208  1       39.33     0.393  2       59.76     0.651  2
  19.21     0.212  1       39.64     0.395  2       60.07     0.655  2
  19.51     0.215  1       39.94     0.398  2       60.37     0.660  2
  19.82     0.219  1       40.25     0.400  2       60.68     0.664  2
  20.12     0.223  1       40.55     0.403  2       60.98     0.669  2
  20.43     0.227  1       40.86     0.405  2

note:  (+) soil loss - detachment     (-) soil loss - deposition



III. OFF SITE EFFECTS  OFF SITE EFFECTS  OFF SITE EFFECTS
     ----------------  ----------------  ----------------

     A.  SEDIMENT LEAVING PROFILE for year    5    19.887 kg/m

     B.  SEDIMENT CHARACTERISTICS AND ENRICHMENT

     Sediment particle information leaving profile
-------------------------------------------------------------------------------
                                 Particle Composition         Detached Fraction
Class  Diameter  Specific  ---------------------------------  Sediment  In Flow
         (mm)    Gravity   % Sand   % Silt   % Clay   % O.M.  Fraction  Exiting
-------------------------------------------------------------------------------
  1     0.002      2.60      0.0      0.0    100.0     25.0     0.052    0.052
  2     0.010      2.65      0.0    100.0      0.0      0.0     0.092    0.092
  3     0.030      1.80      0.0     63.6     36.4      9.1     0.258    0.258
  4     0.400      1.60     67.2     20.8     12.0      3.0     0.451    0.451
  5     0.200      2.65    100.0      0.0      0.0      0.0     0.147    0.147
-------------------------------------------------------------------------------


     Weighted SSA enrichment ratio leaving profile for year    5 =   1.00


     HILLSLOPE 1 YEARLY SUMMARY FOR    6
     ----------------------------------


I.   RAINFALL AND RUNOFF SUMMARY
     -------- --- ------ -------

      year:      6

         Rainfall         Storm Runoff        Melt Runoff
      events   amount   events   amount     events  amount
                (mm)              (mm)               (mm)

        82     653.20      10      71.41       2       3.20


II.  ON SITE EFFECTS  ON SITE EFFECTS  ON SITE EFFECTS
     ---------------  ---------------  ---------------


  A.  AREA OF NET SOIL LOSS

      ** Soil Loss (Avg. of Net Detachment Areas) =    0.789 kg/m2 **
      ** Maximum Soil Loss  =    1.475 kg/m2 at   60.98 meters **


      Area of    Soil Loss   Soil Loss   MAX   MAX Loss   MIN   MIN Loss
      Net Loss      MEAN      STDEV      Loss    Point    Loss   Point
        (m)       (kg/m2)     (kg/m2)  (kg/m2)    (m)    (kg/m2)  (m)
------------------------------------------------------------------------
   0.00-  60.98    0.789     0.434      1.475   60.98     0.139     3.35



  C.  SOIL LOSS/DEPOSITION ALONG SLOPE PROFILE

          Profile distances are from top to bottom of hillslope


 distance soil  flow    distance   soil  flow    distance   soil  flow
    (m)   loss  elem       (m)     loss  elem       (m)     loss  elem
         (kg/m2)                  (kg/m2)                  (kg/m2)
------------------------------------------------------------------------

   0.30     0.139  1       20.73     0.559  1       41.16     1.064  2
   0.61     0.139  1       21.04     0.569  1       41.47     1.071  2
   0.91     0.139  1       21.34     0.580  1       41.77     1.078  2
   1.22     0.139  1       21.65     0.590  1       42.08     1.085  2
   1.52     0.139  1       21.95     0.601  1       42.38     1.092  2
   1.83     0.139  1       22.26     0.611  1       42.69     1.098  2
   2.13     0.139  1       22.56     0.621  1       42.99     1.105  2
   2.44     0.139  1       22.87     0.631  1       43.30     1.112  2
   2.74     0.139  1       23.17     0.641  1       43.60     1.119  2
   3.05     0.139  1       23.48     0.652  1       43.91     1.126  2
   3.35     0.139  1       23.78     0.662  1       44.21     1.133  2
   3.66     0.139  1       24.09     0.671  1       44.52     1.139  2
   3.96     0.139  1       24.39     0.681  1       44.82     1.146  2
   4.27     0.139  1       24.70     0.691  1       45.13     1.153  2
   4.57     0.139  1       25.00     0.702  1       45.43     1.160  2
   4.88     0.139  1       25.31     0.713  1       45.74     1.166  2
   5.18     0.139  1       25.61     0.723  1       46.04     1.173  2
   5.49     0.139  1       25.92     0.734  1       46.34     1.180  2
   5.79     0.139  1       26.22     0.745  1       46.65     1.186  2
   6.10     0.139  1       26.53     0.756  1       46.95     1.193  2
   6.40     0.139  1       26.83     0.766  1       47.26     1.199  2
   6.71     0.139  1       27.14     0.777  1       47.56     1.206  2
   7.01     0.139  1       27.44     0.787  1       47.87     1.212  2
   7.32     0.142  1       27.75     0.798  1       48.17     1.219  2
   7.62     0.146  1       28.05     0.808  1       48.48     1.225  2
   7.93     0.152  1       28.36     0.819  1       48.78     1.232  2
   8.23     0.160  1       28.66     0.829  1       49.09     1.238  2
   8.54     0.168  1       28.97     0.839  1       49.39     1.245  2
   8.84     0.177  1       29.27     0.849  1       49.70     1.251  2
   9.15     0.186  1       29.58     0.860  1       50.00     1.257  2
   9.45     0.195  1       29.88     0.870  1       50.31     1.264  2
   9.76     0.204  1       30.19     0.880  1       50.61     1.270  2
  10.06     0.213  1       30.49     0.890  1       50.92     1.277  2
  10.37     0.222  1       30.79     0.809  2       51.22     1.283  2
  10.67     0.231  1       31.10     0.817  2       51.53     1.289  2
  10.98     0.240  1       31.40     0.825  2       51.83     1.295  2
  11.28     0.249  1       31.71     0.833  2       52.14     1.302  2
  11.59     0.257  1       32.01     0.841  2       52.44     1.308  2
  11.89     0.266  1       32.32     0.849  2       52.75     1.314  2
  12.20     0.274  1       32.62     0.857  2       53.05     1.320  2
  12.50     0.282  1       32.93     0.864  2       53.36     1.326  2
  12.81     0.292  1       33.23     0.872  2       53.66     1.333  2
  13.11     0.303  1       33.54     0.880  2       53.97     1.339  2
  13.42     0.314  1       33.84     0.888  2       54.27     1.345  2
  13.72     0.325  1       34.15     0.895  2       54.58     1.351  2
  14.03     0.335  1       34.45     0.903  2       54.88     1.357  2
  14.33     0.346  1       34.76     0.910  2       55.19     1.363  2
  14.64     0.356  1       35.06     0.918  2       55.49     1.369  2
  14.94     0.367  1       35.37     0.926  2       55.80     1.375  2
  15.24     0.377  1       35.67     0.933  2       56.10     1.381  2
  15.55     0.387  1       35.98     0.941  2       56.41     1.387  2
  15.85     0.397  1       36.28     0.948  2       56.71     1.393  2
  16.16     0.407  1       36.59     0.955  2       57.02     1.399  2
  16.46     0.417  1       36.89     0.963  2       57.32     1.405  2
  16.77     0.427  1       37.20     0.970  2       57.63     1.411  2
  17.07     0.437  1       37.50     0.978  2       57.93     1.417  2
  17.38     0.447  1       37.81     0.985  2       58.24     1.423  2
  17.68     0.456  1       38.11     0.992  2       58.54     1.429  2
  17.99     0.466  1       38.42     0.999  2       58.85     1.434  2
  18.29     0.476  1       38.72     1.007  2       59.15     1.440  2
  18.60     0.485  1       39.03     1.014  2       59.46     1.446  2
  18.90     0.495  1       39.33     1.021  2       59.76     1.452  2
  19.21     0.505  1       39.64     1.028  2       60.07     1.458  2
  19.51     0.516  1       39.94     1.035  2       60.37     1.463  2
  19.82     0.527  1       40.25     1.043  2       60.68     1.469  2
  20.12     0.538  1       40.55     1.050  2       60.98     1.475  2
  20.43     0.548  1       40.86     1.057  2

note:  (+) soil loss - detachment     (-) soil loss - deposition



III. OFF SITE EFFECTS  OFF SITE EFFECTS  OFF SITE EFFECTS
     ----------------  ----------------  ----------------

     A.  SEDIMENT LEAVING PROFILE for year    6    48.124 kg/m

     B.  SEDIMENT CHARACTERISTICS AND ENRICHMENT

     Sediment particle information leaving profile
-------------------------------------------------------------------------------
                                 Particle Composition         Detached Fraction
Class  Diameter  Specific  ---------------------------------  Sediment  In Flow
         (mm)    Gravity   % Sand   % Silt   % Clay   % O.M.  Fraction  Exiting
-------------------------------------------------------------------------------
  1     0.002      2.60      0.0      0.0    100.0     25.0     0.052    0.052
  2     0.010      2.65      0.0    100.0      0.0      0.0     0.092    0.092
  3     0.030      1.80      0.0     63.6     36.4      9.1     0.258    0.258
  4     0.400      1.60     67.2     20.8     12.0      3.0     0.451    0.451
  5     0.200      2.65    100.0      0.0      0.0      0.0     0.147    0.147
-------------------------------------------------------------------------------


     Weighted SSA enrichment ratio leaving profile for year    6 =   1.00


     HILLSLOPE 1 YEARLY SUMMARY FOR    7
     ----------------------------------


I.   RAINFALL AND RUNOFF SUMMARY
     -------- --- ------ -------

      year:      7

         Rainfall         Storm Runoff        Melt Runoff
      events   amount   events   amount     events  amount
                (mm)              (mm)               (mm)

        72     601.40       9      52.93       0       0.00


II.  ON SITE EFFECTS  ON SITE EFFECTS  ON SITE EFFECTS
     ---------------  ---------------  ---------------


  A.  AREA OF NET SOIL LOSS

      ** Soil Loss (Avg. of Net Detachment Areas) =    0.513 kg/m2 **
      ** Maximum Soil Loss  =    1.069 kg/m2 at   60.98 meters **


      Area of    Soil Loss   Soil Loss   MAX   MAX Loss   MIN   MIN Loss
      Net Loss      MEAN      STDEV      Loss    Point    Loss   Point
        (m)       (kg/m2)     (kg/m2)  (kg/m2)    (m)    (kg/m2)  (m)
------------------------------------------------------------------------
   0.00-  60.98    0.513     0.316      1.069   60.98     0.095     0.91



  C.  SOIL LOSS/DEPOSITION ALONG SLOPE PROFILE

          Profile distances are from top to bottom of hillslope


 distance soil  flow    distance   soil  flow    distance   soil  flow
    (m)   loss  elem       (m)     loss  elem       (m)     loss  elem
         (kg/m2)                  (kg/m2)                  (kg/m2)
------------------------------------------------------------------------

   0.30     0.095  1       20.73     0.304  1       41.16     0.688  2
   0.61     0.095  1       21.04     0.313  1       41.47     0.695  2
   0.91     0.095  1       21.34     0.322  1       41.77     0.701  2
   1.22     0.095  1       21.65     0.332  1       42.08     0.708  2
   1.52     0.095  1       21.95     0.341  1       42.38     0.714  2
   1.83     0.095  1       22.26     0.350  1       42.69     0.720  2
   2.13     0.095  1       22.56     0.359  1       42.99     0.727  2
   2.44     0.095  1       22.87     0.368  1       43.30     0.733  2
   2.74     0.095  1       23.17     0.377  1       43.60     0.740  2
   3.05     0.095  1       23.48     0.386  1       43.91     0.746  2
   3.35     0.095  1       23.78     0.395  1       44.21     0.752  2
   3.66     0.095  1       24.09     0.404  1       44.52     0.759  2
   3.96     0.095  1       24.39     0.412  1       44.82     0.765  2
   4.27     0.095  1       24.70     0.421  1       45.13     0.771  2
   4.57     0.095  1       25.00     0.430  1       45.43     0.777  2
   4.88     0.095  1       25.31     0.439  1       45.74     0.784  2
   5.18     0.095  1       25.61     0.447  1       46.04     0.790  2
   5.49     0.095  1       25.92     0.456  1       46.34     0.796  2
   5.79     0.095  1       26.22     0.464  1       46.65     0.802  2
   6.10     0.095  1       26.53     0.473  1       46.95     0.808  2
   6.40     0.095  1       26.83     0.481  1       47.26     0.814  2
   6.71     0.095  1       27.14     0.489  1       47.56     0.820  2
   7.01     0.097  1       27.44     0.498  1       47.87     0.826  2
   7.32     0.100  1       27.75     0.506  1       48.17     0.833  2
   7.62     0.103  1       28.05     0.514  1       48.48     0.839  2
   7.93     0.106  1       28.36     0.522  1       48.78     0.845  2
   8.23     0.109  1       28.66     0.531  1       49.09     0.851  2
   8.54     0.111  1       28.97     0.539  1       49.39     0.856  2
   8.84     0.114  1       29.27     0.547  1       49.70     0.862  2
   9.15     0.117  1       29.58     0.555  1       50.00     0.868  2
   9.45     0.120  1       29.88     0.563  1       50.31     0.874  2
   9.76     0.122  1       30.19     0.571  1       50.61     0.880  2
  10.06     0.125  1       30.49     0.579  1       50.92     0.886  2
  10.37     0.128  1       30.79     0.475  2       51.22     0.892  2
  10.67     0.130  1       31.10     0.481  2       51.53     0.898  2
  10.98     0.133  1       31.40     0.487  2       51.83     0.903  2
  11.28     0.135  1       31.71     0.493  2       52.14     0.909  2
  11.59     0.138  1       32.01     0.500  2       52.44     0.915  2
  11.89     0.140  1       32.32     0.506  2       52.75     0.921  2
  12.20     0.143  1       32.62     0.512  2       53.05     0.927  2
  12.50     0.145  1       32.93     0.518  2       53.36     0.932  2
  12.81     0.147  1       33.23     0.524  2       53.66     0.938  2
  13.11     0.150  1       33.54     0.530  2       53.97     0.944  2
  13.42     0.152  1       33.84     0.537  2       54.27     0.949  2
  13.72     0.154  1       34.15     0.543  2       54.58     0.955  2
  14.03     0.157  1       34.45     0.549  2       54.88     0.961  2
  14.33     0.161  1       34.76     0.555  2       55.19     0.966  2
  14.64     0.166  1       35.06     0.561  2       55.49     0.972  2
  14.94     0.172  1       35.37     0.567  2       55.80     0.977  2
  15.24     0.178  1       35.67     0.573  2       56.10     0.983  2
  15.55     0.184  1       35.98     0.578  2       56.41     0.988  2
  15.85     0.191  1       36.28     0.584  2       56.71     0.994  2
  16.16     0.197  1       36.59     0.590  2       57.02     0.999  2
  16.46     0.203  1       36.89     0.596  2       57.32     1.005  2
  16.77     0.209  1       37.20     0.602  2       57.63     1.010  2
  17.07     0.215  1       37.50     0.608  2       57.93     1.016  2
  17.38     0.221  1       37.81     0.615  2       58.24     1.021  2
  17.68     0.227  1       38.11     0.621  2       58.54     1.027  2
  17.99     0.233  1       38.42     0.628  2       58.85     1.032  2
  18.29     0.239  1       38.72     0.635  2       59.15     1.038  2
  18.60     0.246  1       39.03     0.642  2       59.46     1.043  2
  18.90     0.253  1       39.33     0.648  2       59.76     1.048  2
  19.21     0.260  1       39.64     0.655  2       60.07     1.054  2
  19.51     0.269  1       39.94     0.662  2       60.37     1.059  2
  19.82     0.277  1       40.25     0.668  2       60.68     1.064  2
  20.12     0.286  1       40.55     0.675  2       60.98     1.069  2
  20.43     0.295  1       40.86     0.682  2

note:  (+) soil loss - detachment     (-) soil loss - deposition



III. OFF SITE EFFECTS  OFF SITE EFFECTS  OFF SITE EFFECTS
     ----------------  ----------------  ----------------

     A.  SEDIMENT LEAVING PROFILE for year    7    31.274 kg/m

     B.  SEDIMENT CHARACTERISTICS AND ENRICHMENT

     Sediment particle information leaving profile
-------------------------------------------------------------------------------
                                 Particle Composition         Detached Fraction
Class  Diameter  Specific  ---------------------------------  Sediment  In Flow
         (mm)    Gravity   % Sand   % Silt   % Clay   % O.M.  Fraction  Exiting
-------------------------------------------------------------------------------
  1     0.002      2.60      0.0      0.0    100.0     25.0     0.052    0.052
  2     0.010      2.65      0.0    100.0      0.0      0.0     0.092    0.092
  3     0.030      1.80      0.0     63.6     36.4      9.1     0.258    0.258
  4     0.400      1.60     67.2     20.8     12.0      3.0     0.451    0.451
  5     0.200      2.65    100.0      0.0      0.0      0.0     0.147    0.147
-------------------------------------------------------------------------------


     Weighted SSA enrichment ratio leaving profile for year    7 =   1.00


     HILLSLOPE 1 YEARLY SUMMARY FOR    8
     ----------------------------------


I.   RAINFALL AND RUNOFF SUMMARY
     -------- --- ------ -------

      year:      8

         Rainfall         Storm Runoff        Melt Runoff
      events   amount   events   amount     events  amount
                (mm)              (mm)               (mm)

        93     734.10       6      35.17       2       6.61


II.  ON SITE EFFECTS  ON SITE EFFECTS  ON SITE EFFECTS
     ---------------  ---------------  ---------------


  A.  AREA OF NET SOIL LOSS

      ** Soil Loss (Avg. of Net Detachment Areas) =    0.411 kg/m2 **
      ** Maximum Soil Loss  =    0.793 kg/m2 at   60.98 meters **


      Area of    Soil Loss   Soil Loss   MAX   MAX Loss   MIN   MIN Loss
      Net Loss      MEAN      STDEV      Loss    Point    Loss   Point
        (m)       (kg/m2)     (kg/m2)  (kg/m2)    (m)    (kg/m2)  (m)
------------------------------------------------------------------------
   0.00-  60.98    0.411     0.233      0.793   60.98     0.084     2.44



  C.  SOIL LOSS/DEPOSITION ALONG SLOPE PROFILE

          Profile distances are from top to bottom of hillslope


 distance soil  flow    distance   soil  flow    distance   soil  flow
    (m)   loss  elem       (m)     loss  elem       (m)     loss  elem
         (kg/m2)                  (kg/m2)                  (kg/m2)
------------------------------------------------------------------------

   0.30     0.084  1       20.73     0.283  1       41.16     0.550  2
   0.61     0.084  1       21.04     0.290  1       41.47     0.554  2
   0.91     0.084  1       21.34     0.296  1       41.77     0.558  2
   1.22     0.084  1       21.65     0.302  1       42.08     0.562  2
   1.52     0.084  1       21.95     0.309  1       42.38     0.566  2
   1.83     0.084  1       22.26     0.315  1       42.69     0.570  2
   2.13     0.084  1       22.56     0.321  1       42.99     0.575  2
   2.44     0.084  1       22.87     0.327  1       43.30     0.579  2
   2.74     0.084  1       23.17     0.333  1       43.60     0.583  2
   3.05     0.084  1       23.48     0.339  1       43.91     0.587  2
   3.35     0.084  1       23.78     0.345  1       44.21     0.591  2
   3.66     0.084  1       24.09     0.351  1       44.52     0.595  2
   3.96     0.084  1       24.39     0.357  1       44.82     0.599  2
   4.27     0.084  1       24.70     0.363  1       45.13     0.603  2
   4.57     0.084  1       25.00     0.369  1       45.43     0.607  2
   4.88     0.084  1       25.31     0.375  1       45.74     0.611  2
   5.18     0.084  1       25.61     0.381  1       46.04     0.615  2
   5.49     0.084  1       25.92     0.386  1       46.34     0.619  2
   5.79     0.084  1       26.22     0.392  1       46.65     0.622  2
   6.10     0.084  1       26.53     0.398  1       46.95     0.626  2
   6.40     0.084  1       26.83     0.404  1       47.26     0.630  2
   6.71     0.084  1       27.14     0.409  1       47.56     0.634  2
   7.01     0.084  1       27.44     0.415  1       47.87     0.638  2
   7.32     0.084  1       27.75     0.421  1       48.17     0.642  2
   7.62     0.084  1       28.05     0.426  1       48.48     0.646  2
   7.93     0.084  1       28.36     0.432  1       48.78     0.650  2
   8.23     0.084  1       28.66     0.437  1       49.09     0.653  2
   8.54     0.084  1       28.97     0.443  1       49.39     0.657  2
   8.84     0.084  1       29.27     0.448  1       49.70     0.661  2
   9.15     0.084  1       29.58     0.454  1       50.00     0.665  2
   9.45     0.088  1       29.88     0.459  1       50.31     0.669  2
   9.76     0.092  1       30.19     0.465  1       50.61     0.672  2
  10.06     0.096  1       30.49     0.471  1       50.92     0.676  2
  10.37     0.100  1       30.79     0.412  2       51.22     0.680  2
  10.67     0.104  1       31.10     0.415  2       51.53     0.683  2
  10.98     0.108  1       31.40     0.419  2       51.83     0.687  2
  11.28     0.112  1       31.71     0.422  2       52.14     0.691  2
  11.59     0.116  1       32.01     0.426  2       52.44     0.695  2
  11.89     0.120  1       32.32     0.430  2       52.75     0.698  2
  12.20     0.124  1       32.62     0.433  2       53.05     0.702  2
  12.50     0.128  1       32.93     0.437  2       53.36     0.706  2
  12.81     0.132  1       33.23     0.440  2       53.66     0.709  2
  13.11     0.135  1       33.54     0.444  2       53.97     0.713  2
  13.42     0.139  1       33.84     0.447  2       54.27     0.716  2
  13.72     0.143  1       34.15     0.451  2       54.58     0.720  2
  14.03     0.147  1       34.45     0.454  2       54.88     0.724  2
  14.33     0.152  1       34.76     0.459  2       55.19     0.727  2
  14.64     0.156  1       35.06     0.463  2       55.49     0.731  2
  14.94     0.161  1       35.37     0.468  2       55.80     0.734  2
  15.24     0.166  1       35.67     0.472  2       56.10     0.738  2
  15.55     0.167  1       35.98     0.477  2       56.41     0.741  2
  15.85     0.176  1       36.28     0.481  2       56.71     0.745  2
  16.16     0.183  1       36.59     0.486  2       57.02     0.748  2
  16.46     0.190  1       36.89     0.490  2       57.32     0.752  2
  16.77     0.197  1       37.20     0.494  2       57.63     0.755  2
  17.07     0.204  1       37.50     0.499  2       57.93     0.759  2
  17.38     0.211  1       37.81     0.503  2       58.24     0.762  2
  17.68     0.217  1       38.11     0.507  2       58.54     0.766  2
  17.99     0.224  1       38.42     0.512  2       58.85     0.769  2
  18.29     0.231  1       38.72     0.516  2       59.15     0.773  2
  18.60     0.238  1       39.03     0.520  2       59.46     0.776  2
  18.90     0.244  1       39.33     0.525  2       59.76     0.780  2
  19.21     0.251  1       39.64     0.529  2       60.07     0.783  2
  19.51     0.257  1       39.94     0.533  2       60.37     0.786  2
  19.82     0.264  1       40.25     0.537  2       60.68     0.790  2
  20.12     0.270  1       40.55     0.541  2       60.98     0.793  2
  20.43     0.277  1       40.86     0.546  2

note:  (+) soil loss - detachment     (-) soil loss - deposition



III. OFF SITE EFFECTS  OFF SITE EFFECTS  OFF SITE EFFECTS
     ----------------  ----------------  ----------------

     A.  SEDIMENT LEAVING PROFILE for year    8    25.042 kg/m

     B.  SEDIMENT CHARACTERISTICS AND ENRICHMENT

     Sediment particle information leaving profile
-------------------------------------------------------------------------------
                                 Particle Composition         Detached Fraction
Class  Diameter  Specific  ---------------------------------  Sediment  In Flow
         (mm)    Gravity   % Sand   % Silt   % Clay   % O.M.  Fraction  Exiting
-------------------------------------------------------------------------------
  1     0.002      2.60      0.0      0.0    100.0     25.0     0.052    0.052
  2     0.010      2.65      0.0    100.0      0.0      0.0     0.092    0.092
  3     0.030      1.80      0.0     63.6     36.4      9.1     0.258    0.258
  4     0.400      1.60     67.2     20.8     12.0      3.0     0.451    0.451
  5     0.200      2.65    100.0      0.0      0.0      0.0     0.147    0.147
-------------------------------------------------------------------------------


     Weighted SSA enrichment ratio leaving profile for year    8 =   1.00


     HILLSLOPE 1 YEARLY SUMMARY FOR    9
     ----------------------------------


I.   RAINFALL AND RUNOFF SUMMARY
     -------- --- ------ -------

      year:      9

         Rainfall         Storm Runoff        Melt Runoff
      events   amount   events   amount     events  amount
                (mm)              (mm)               (mm)

        87     737.10      11      75.23       0       0.00


II.  ON SITE EFFECTS  ON SITE EFFECTS  ON SITE EFFECTS
     ---------------  ---------------  ---------------


  A.  AREA OF NET SOIL LOSS

      ** Soil Loss (Avg. of Net Detachment Areas) =    0.794 kg/m2 **
      ** Maximum Soil Loss  =    1.534 kg/m2 at   60.98 meters **


      Area of    Soil Loss   Soil Loss   MAX   MAX Loss   MIN   MIN Loss
      Net Loss      MEAN      STDEV      Loss    Point    Loss   Point
        (m)       (kg/m2)     (kg/m2)  (kg/m2)    (m)    (kg/m2)  (m)
------------------------------------------------------------------------
   0.00-  60.98    0.794     0.456      1.534   60.98     0.143     3.66



  C.  SOIL LOSS/DEPOSITION ALONG SLOPE PROFILE

          Profile distances are from top to bottom of hillslope


 distance soil  flow    distance   soil  flow    distance   soil  flow
    (m)   loss  elem       (m)     loss  elem       (m)     loss  elem
         (kg/m2)                  (kg/m2)                  (kg/m2)
------------------------------------------------------------------------

   0.30     0.143  1       20.73     0.510  1       41.16     1.080  2
   0.61     0.143  1       21.04     0.523  1       41.47     1.088  2
   0.91     0.143  1       21.34     0.535  1       41.77     1.095  2
   1.22     0.143  1       21.65     0.548  1       42.08     1.103  2
   1.52     0.143  1       21.95     0.561  1       42.38     1.111  2
   1.83     0.143  1       22.26     0.573  1       42.69     1.119  2
   2.13     0.143  1       22.56     0.586  1       42.99     1.126  2
   2.44     0.143  1       22.87     0.599  1       43.30     1.134  2
   2.74     0.143  1       23.17     0.611  1       43.60     1.141  2
   3.05     0.143  1       23.48     0.623  1       43.91     1.149  2
   3.35     0.143  1       23.78     0.636  1       44.21     1.156  2
   3.66     0.143  1       24.09     0.648  1       44.52     1.164  2
   3.96     0.143  1       24.39     0.660  1       44.82     1.171  2
   4.27     0.143  1       24.70     0.672  1       45.13     1.179  2
   4.57     0.143  1       25.00     0.684  1       45.43     1.186  2
   4.88     0.143  1       25.31     0.696  1       45.74     1.194  2
   5.18     0.143  1       25.61     0.708  1       46.04     1.201  2
   5.49     0.143  1       25.92     0.720  1       46.34     1.208  2
   5.79     0.143  1       26.22     0.732  1       46.65     1.216  2
   6.10     0.143  1       26.53     0.744  1       46.95     1.223  2
   6.40     0.143  1       26.83     0.755  1       47.26     1.230  2
   6.71     0.143  1       27.14     0.767  1       47.56     1.237  2
   7.01     0.143  1       27.44     0.778  1       47.87     1.245  2
   7.32     0.143  1       27.75     0.790  1       48.17     1.252  2
   7.62     0.146  1       28.05     0.801  1       48.48     1.259  2
   7.93     0.152  1       28.36     0.813  1       48.78     1.266  2
   8.23     0.160  1       28.66     0.824  1       49.09     1.273  2
   8.54     0.167  1       28.97     0.835  1       49.39     1.280  2
   8.84     0.175  1       29.27     0.847  1       49.70     1.288  2
   9.15     0.183  1       29.58     0.858  1       50.00     1.295  2
   9.45     0.190  1       29.88     0.869  1       50.31     1.302  2
   9.76     0.198  1       30.19     0.880  1       50.61     1.309  2
  10.06     0.205  1       30.49     0.891  1       50.92     1.316  2
  10.37     0.213  1       30.79     0.797  2       51.22     1.323  2
  10.67     0.220  1       31.10     0.806  2       51.53     1.330  2
  10.98     0.227  1       31.40     0.815  2       51.83     1.336  2
  11.28     0.234  1       31.71     0.823  2       52.14     1.343  2
  11.59     0.241  1       32.01     0.832  2       52.44     1.350  2
  11.89     0.248  1       32.32     0.841  2       52.75     1.357  2
  12.20     0.255  1       32.62     0.850  2       53.05     1.364  2
  12.50     0.262  1       32.93     0.858  2       53.36     1.371  2
  12.81     0.269  1       33.23     0.867  2       53.66     1.377  2
  13.11     0.276  1       33.54     0.876  2       53.97     1.384  2
  13.42     0.285  1       33.84     0.884  2       54.27     1.391  2
  13.72     0.294  1       34.15     0.893  2       54.58     1.398  2
  14.03     0.303  1       34.45     0.901  2       54.88     1.404  2
  14.33     0.313  1       34.76     0.910  2       55.19     1.411  2
  14.64     0.322  1       35.06     0.918  2       55.49     1.418  2
  14.94     0.331  1       35.37     0.927  2       55.80     1.424  2
  15.24     0.340  1       35.67     0.935  2       56.10     1.431  2
  15.55     0.349  1       35.98     0.943  2       56.41     1.438  2
  15.85     0.358  1       36.28     0.951  2       56.71     1.444  2
  16.16     0.367  1       36.59     0.960  2       57.02     1.451  2
  16.46     0.376  1       36.89     0.968  2       57.32     1.457  2
  16.77     0.384  1       37.20     0.976  2       57.63     1.464  2
  17.07     0.393  1       37.50     0.984  2       57.93     1.470  2
  17.38     0.402  1       37.81     0.992  2       58.24     1.477  2
  17.68     0.410  1       38.11     1.001  2       58.54     1.483  2
  17.99     0.419  1       38.42     1.009  2       58.85     1.490  2
  18.29     0.428  1       38.72     1.017  2       59.15     1.496  2
  18.60     0.437  1       39.03     1.025  2       59.46     1.503  2
  18.90     0.446  1       39.33     1.033  2       59.76     1.509  2
  19.21     0.455  1       39.64     1.041  2       60.07     1.515  2
  19.51     0.466  1       39.94     1.049  2       60.37     1.522  2
  19.82     0.477  1       40.25     1.056  2       60.68     1.528  2
  20.12     0.488  1       40.55     1.064  2       60.98     1.534  2
  20.43     0.499  1       40.86     1.072  2

note:  (+) soil loss - detachment     (-) soil loss - deposition



III. OFF SITE EFFECTS  OFF SITE EFFECTS  OFF SITE EFFECTS
     ----------------  ----------------  ----------------

     A.  SEDIMENT LEAVING PROFILE for year    9    48.400 kg/m

     B.  SEDIMENT CHARACTERISTICS AND ENRICHMENT

     Sediment particle information leaving profile
-------------------------------------------------------------------------------
                                 Particle Composition         Detached Fraction
Class  Diameter  Specific  ---------------------------------  Sediment  In Flow
         (mm)    Gravity   % Sand   % Silt   % Clay   % O.M.  Fraction  Exiting
-------------------------------------------------------------------------------
  1     0.002      2.60      0.0      0.0    100.0     25.0     0.052    0.052
  2     0.010      2.65      0.0    100.0      0.0      0.0     0.092    0.092
  3     0.030      1.80      0.0     63.6     36.4      9.1     0.258    0.258
  4     0.400      1.60     67.2     20.8     12.0      3.0     0.451    0.451
  5     0.200      2.65    100.0      0.0      0.0      0.0     0.147    0.147
-------------------------------------------------------------------------------


     Weighted SSA enrichment ratio leaving profile for year    9 =   1.00


     HILLSLOPE 1 YEARLY SUMMARY FOR   10
     ----------------------------------


I.   RAINFALL AND RUNOFF SUMMARY
     -------- --- ------ -------

      year:     10

         Rainfall         Storm Runoff        Melt Runoff
      events   amount   events   amount     events  amount
                (mm)              (mm)               (mm)

        53     395.20       5      12.93       1      23.25


II.  ON SITE EFFECTS  ON SITE EFFECTS  ON SITE EFFECTS
     ---------------  ---------------  ---------------


  A.  AREA OF NET SOIL LOSS

      ** Soil Loss (Avg. of Net Detachment Areas) =    0.163 kg/m2 **
      ** Maximum Soil Loss  =    0.579 kg/m2 at   60.98 meters **


      Area of    Soil Loss   Soil Loss   MAX   MAX Loss   MIN   MIN Loss
      Net Loss      MEAN      STDEV      Loss    Point    Loss   Point
        (m)       (kg/m2)     (kg/m2)  (kg/m2)    (m)    (kg/m2)  (m)
------------------------------------------------------------------------
   0.00-  60.98    0.163     0.176      0.579   60.98     0.018    10.37



  C.  SOIL LOSS/DEPOSITION ALONG SLOPE PROFILE

          Profile distances are from top to bottom of hillslope


 distance soil  flow    distance   soil  flow    distance   soil  flow
    (m)   loss  elem       (m)     loss  elem       (m)     loss  elem
         (kg/m2)                  (kg/m2)                  (kg/m2)
------------------------------------------------------------------------

   0.30     0.018  1       20.73     0.019  1       41.16     0.187  2
   0.61     0.018  1       21.04     0.019  1       41.47     0.194  2
   0.91     0.018  1       21.34     0.020  1       41.77     0.200  2
   1.22     0.018  1       21.65     0.021  1       42.08     0.207  2
   1.52     0.018  1       21.95     0.022  1       42.38     0.214  2
   1.83     0.018  1       22.26     0.025  1       42.69     0.220  2
   2.13     0.018  1       22.56     0.028  1       42.99     0.227  2
   2.44     0.018  1       22.87     0.031  1       43.30     0.234  2
   2.74     0.018  1       23.17     0.033  1       43.60     0.240  2
   3.05     0.018  1       23.48     0.036  1       43.91     0.247  2
   3.35     0.018  1       23.78     0.039  1       44.21     0.253  2
   3.66     0.018  1       24.09     0.042  1       44.52     0.260  2
   3.96     0.018  1       24.39     0.046  1       44.82     0.266  2
   4.27     0.018  1       24.70     0.049  1       45.13     0.272  2
   4.57     0.018  1       25.00     0.052  1       45.43     0.279  2
   4.88     0.018  1       25.31     0.056  1       45.74     0.285  2
   5.18     0.018  1       25.61     0.059  1       46.04     0.292  2
   5.49     0.018  1       25.92     0.062  1       46.34     0.298  2
   5.79     0.018  1       26.22     0.066  1       46.65     0.304  2
   6.10     0.018  1       26.53     0.069  1       46.95     0.311  2
   6.40     0.018  1       26.83     0.072  1       47.26     0.317  2
   6.71     0.018  1       27.14     0.075  1       47.56     0.323  2
   7.01     0.018  1       27.44     0.079  1       47.87     0.329  2
   7.32     0.018  1       27.75     0.082  1       48.17     0.336  2
   7.62     0.018  1       28.05     0.085  1       48.48     0.342  2
   7.93     0.018  1       28.36     0.088  1       48.78     0.348  2
   8.23     0.018  1       28.66     0.091  1       49.09     0.354  2
   8.54     0.018  1       28.97     0.094  1       49.39     0.360  2
   8.84     0.018  1       29.27     0.098  1       49.70     0.366  2
   9.15     0.018  1       29.58     0.101  1       50.00     0.373  2
   9.45     0.018  1       29.88     0.104  1       50.31     0.379  2
   9.76     0.018  1       30.19     0.107  1       50.61     0.385  2
  10.06     0.018  1       30.49     0.110  1       50.92     0.391  2
  10.37     0.018  1       30.79     0.071  2       51.22     0.397  2
  10.67     0.018  1       31.10     0.073  2       51.53     0.403  2
  10.98     0.018  1       31.40     0.074  2       51.83     0.409  2
  11.28     0.018  1       31.71     0.076  2       52.14     0.415  2
  11.59     0.018  1       32.01     0.078  2       52.44     0.421  2
  11.89     0.018  1       32.32     0.080  2       52.75     0.427  2
  12.20     0.018  1       32.62     0.082  2       53.05     0.433  2
  12.50     0.018  1       32.93     0.083  2       53.36     0.438  2
  12.81     0.018  1       33.23     0.085  2       53.66     0.444  2
  13.11     0.018  1       33.54     0.087  2       53.97     0.450  2
  13.42     0.018  1       33.84     0.088  2       54.27     0.456  2
  13.72     0.018  1       34.15     0.090  2       54.58     0.462  2
  14.03     0.018  1       34.45     0.092  2       54.88     0.468  2
  14.33     0.018  1       34.76     0.094  2       55.19     0.473  2
  14.64     0.018  1       35.06     0.095  2       55.49     0.479  2
  14.94     0.018  1       35.37     0.097  2       55.80     0.485  2
  15.24     0.018  1       35.67     0.099  2       56.10     0.491  2
  15.55     0.018  1       35.98     0.100  2       56.41     0.496  2
  15.85     0.018  1       36.28     0.102  2       56.71     0.502  2
  16.16     0.018  1       36.59     0.104  2       57.02     0.508  2
  16.46     0.018  1       36.89     0.105  2       57.32     0.513  2
  16.77     0.018  1       37.20     0.107  2       57.63     0.519  2
  17.07     0.018  1       37.50     0.109  2       57.93     0.524  2
  17.38     0.018  1       37.81     0.112  2       58.24     0.530  2
  17.68     0.018  1       38.11     0.119  2       58.54     0.536  2
  17.99     0.018  1       38.42     0.126  2       58.85     0.541  2
  18.29     0.018  1       38.72     0.133  2       59.15     0.547  2
  18.60     0.018  1       39.03     0.140  2       59.46     0.552  2
  18.90     0.018  1       39.33     0.146  2       59.76     0.558  2
  19.21     0.018  1       39.64     0.153  2       60.07     0.563  2
  19.51     0.018  1       39.94     0.160  2       60.37     0.569  2
  19.82     0.018  1       40.25     0.167  2       60.68     0.574  2
  20.12     0.018  1       40.55     0.174  2       60.98     0.579  2
  20.43     0.018  1       40.86     0.180  2

note:  (+) soil loss - detachment     (-) soil loss - deposition



III. OFF SITE EFFECTS  OFF SITE EFFECTS  OFF SITE EFFECTS
     ----------------  ----------------  ----------------

     A.  SEDIMENT LEAVING PROFILE for year   10     9.955 kg/m

     B.  SEDIMENT CHARACTERISTICS AND ENRICHMENT

     Sediment particle information leaving profile
-------------------------------------------------------------------------------
                                 Particle Composition         Detached Fraction
Class  Diameter  Specific  ---------------------------------  Sediment  In Flow
         (mm)    Gravity   % Sand   % Silt   % Clay   % O.M.  Fraction  Exiting
-------------------------------------------------------------------------------
  1     0.002      2.60      0.0      0.0    100.0     25.0     0.052    0.052
  2     0.010      2.65      0.0    100.0      0.0      0.0     0.092    0.092
  3     0.030      1.80      0.0     63.6     36.4      9.1     0.258    0.258
  4     0.400      1.60     67.2     20.8     12.0      3.0     0.451    0.451
  5     0.200      2.65    100.0      0.0      0.0      0.0     0.147    0.147
-------------------------------------------------------------------------------


     Weighted SSA enrichment ratio leaving profile for year   10 =   1.00


     ANNUAL AVERAGE SUMMARIES
     ------------------------


I.   RAINFALL AND RUNOFF SUMMARY
     -------- --- ------ -------

      total summary:  years    1 -   10

       726 storms produced                         5772.30 mm of precipitation
        62 rain storm runoff events produced        336.25 mm of runoff
        14 snow melts and/or
             events during winter produced           80.52 mm of runoff

      annual averages
      ---------------

        Number of years                                   10
        Mean annual precipitation                     577.23    mm
        Mean annual runoff from rainfall               33.63    mm
        Mean annual runoff from snow melt
          and/or rain storm during winter               8.05    mm



II.  ON SITE EFFECTS  ON SITE EFFECTS  ON SITE EFFECTS
     ---------------  ---------------  ---------------


  A.  AREA OF NET SOIL LOSS

      ** Soil Loss (Avg. of Net Detachment Areas) =    0.340 kg/m2 **
      ** Maximum Soil Loss  =    0.708 kg/m2 at   60.98 meters **


      Area of    Soil Loss   Soil Loss   MAX   MAX Loss   MIN   MIN Loss
      Net Loss      MEAN      STDEV      Loss    Point    Loss   Point
        (m)       (kg/m2)     (kg/m2)  (kg/m2)    (m)    (kg/m2)  (m)
------------------------------------------------------------------------
   0.00-  60.98    0.340     0.206      0.708   60.98     0.061     1.22



  C.  SOIL LOSS/DEPOSITION ALONG SLOPE PROFILE

          Profile distances are from top to bottom of hillslope


 distance soil  flow    distance   soil  flow    distance   soil  flow
    (m)   loss  elem       (m)     loss  elem       (m)     loss  elem
         (kg/m2)                  (kg/m2)                  (kg/m2)
------------------------------------------------------------------------

   0.30     0.061  1       20.73     0.210  1       41.16     0.453  2
   0.61     0.061  1       21.04     0.215  1       41.47     0.456  2
   0.91     0.061  1       21.34     0.220  1       41.77     0.460  2
   1.22     0.061  1       21.65     0.225  1       42.08     0.464  2
   1.52     0.061  1       21.95     0.230  1       42.38     0.468  2
   1.83     0.061  1       22.26     0.235  1       42.69     0.472  2
   2.13     0.061  1       22.56     0.240  1       42.99     0.476  2
   2.44     0.061  1       22.87     0.245  1       43.30     0.480  2
   2.74     0.061  1       23.17     0.250  1       43.60     0.484  2
   3.05     0.061  1       23.48     0.255  1       43.91     0.489  2
   3.35     0.061  1       23.78     0.260  1       44.21     0.493  2
   3.66     0.061  1       24.09     0.266  1       44.52     0.497  2
   3.96     0.061  1       24.39     0.271  1       44.82     0.501  2
   4.27     0.061  1       24.70     0.276  1       45.13     0.505  2
   4.57     0.061  1       25.00     0.281  1       45.43     0.509  2
   4.88     0.061  1       25.31     0.286  1       45.74     0.513  2
   5.18     0.061  1       25.61     0.291  1       46.04     0.517  2
   5.49     0.061  1       25.92     0.296  1       46.34     0.521  2
   5.79     0.061  1       26.22     0.301  1       46.65     0.525  2
   6.10     0.061  1       26.53     0.307  1       46.95     0.529  2
   6.40     0.061  1       26.83     0.312  1       47.26     0.533  2
   6.71     0.062  1       27.14     0.317  1       47.56     0.537  2
   7.01     0.062  1       27.44     0.322  1       47.87     0.541  2
   7.32     0.063  1       27.75     0.327  1       48.17     0.545  2
   7.62     0.064  1       28.05     0.331  1       48.48     0.549  2
   7.93     0.066  1       28.36     0.336  1       48.78     0.553  2
   8.23     0.068  1       28.66     0.341  1       49.09     0.557  2
   8.54     0.071  1       28.97     0.346  1       49.39     0.561  2
   8.84     0.073  1       29.27     0.351  1       49.70     0.565  2
   9.15     0.075  1       29.58     0.356  1       50.00     0.569  2
   9.45     0.078  1       29.88     0.361  1       50.31     0.573  2
   9.76     0.080  1       30.19     0.366  1       50.61     0.578  2
  10.06     0.083  1       30.49     0.370  1       50.92     0.582  2
  10.37     0.086  1       30.79     0.329  2       51.22     0.586  2
  10.67     0.088  1       31.10     0.332  2       51.53     0.590  2
  10.98     0.091  1       31.40     0.336  2       51.83     0.594  2
  11.28     0.093  1       31.71     0.339  2       52.14     0.598  2
  11.59     0.096  1       32.01     0.343  2       52.44     0.601  2
  11.89     0.098  1       32.32     0.346  2       52.75     0.605  2
  12.20     0.101  1       32.62     0.350  2       53.05     0.609  2
  12.50     0.103  1       32.93     0.353  2       53.36     0.613  2
  12.81     0.106  1       33.23     0.357  2       53.66     0.617  2
  13.11     0.108  1       33.54     0.360  2       53.97     0.621  2
  13.42     0.111  1       33.84     0.364  2       54.27     0.625  2
  13.72     0.115  1       34.15     0.367  2       54.58     0.629  2
  14.03     0.118  1       34.45     0.370  2       54.88     0.633  2
  14.33     0.122  1       34.76     0.374  2       55.19     0.637  2
  14.64     0.125  1       35.06     0.377  2       55.49     0.640  2
  14.94     0.129  1       35.37     0.381  2       55.80     0.644  2
  15.24     0.133  1       35.67     0.384  2       56.10     0.648  2
  15.55     0.136  1       35.98     0.388  2       56.41     0.652  2
  15.85     0.140  1       36.28     0.391  2       56.71     0.656  2
  16.16     0.144  1       36.59     0.395  2       57.02     0.659  2
  16.46     0.148  1       36.89     0.398  2       57.32     0.663  2
  16.77     0.153  1       37.20     0.401  2       57.63     0.667  2
  17.07     0.157  1       37.50     0.405  2       57.93     0.671  2
  17.38     0.161  1       37.81     0.409  2       58.24     0.675  2
  17.68     0.165  1       38.11     0.413  2       58.54     0.678  2
  17.99     0.169  1       38.42     0.417  2       58.85     0.682  2
  18.29     0.174  1       38.72     0.421  2       59.15     0.686  2
  18.60     0.178  1       39.03     0.425  2       59.46     0.689  2
  18.90     0.182  1       39.33     0.429  2       59.76     0.693  2
  19.21     0.187  1       39.64     0.433  2       60.07     0.697  2
  19.51     0.191  1       39.94     0.437  2       60.37     0.700  2
  19.82     0.196  1       40.25     0.441  2       60.68     0.704  2
  20.12     0.201  1       40.55     0.445  2       60.98     0.708  2
  20.43     0.205  1       40.86     0.449  2

note:  (+) soil loss - detachment     (-) soil loss - deposition



III. OFF SITE EFFECTS  OFF SITE EFFECTS  OFF SITE EFFECTS
     ----------------  ----------------  ----------------

     A.  AVERAGE ANNUAL SEDIMENT LEAVING PROFILE
            20.737   kg/m of width
          2073.717     kg (based on profile width of    100.000      m)
             3.401   t/ha (assuming contributions from     0.610     ha)
     B.  SEDIMENT CHARACTERISTICS AND ENRICHMENT

     Sediment particle information leaving profile
-------------------------------------------------------------------------------
                                 Particle Composition         Detached Fraction
Class  Diameter  Specific  ---------------------------------  Sediment  In Flow
         (mm)    Gravity   % Sand   % Silt   % Clay   % O.M.  Fraction  Exiting
-------------------------------------------------------------------------------
  1     0.002      2.60      0.0      0.0    100.0     25.0     0.052    0.052
  2     0.010      2.65      0.0    100.0      0.0      0.0     0.092    0.093
  3     0.030      1.80      0.0     63.6     36.4      9.1     0.258    0.259
  4     0.400      1.60     67.2     20.8     12.0      3.0     0.451    0.449
  5     0.200      2.65    100.0      0.0      0.0      0.0     0.147    0.147
-------------------------------------------------------------------------------


     Average annual SSA enrichment ratio leaving profile =   1.00
