 Annual; abbreviated (Metric Units)                                     


          USDA WATER EROSION PREDICTION PROJECT
          -------------------------------------

          HILLSLOPE PROFILE AND WATERSHED MODEL
                     VERSION  2010.100
           January 28,      2010


               TO REPORT PROBLEMS OR TO BE PUT ON THE MAILING
               LIST FOR FUTURE WEPP MODEL RELEASES, PLEASE CONTACT:

                    WEPP TECHNICAL SUPPORT
                    USDA-AGRICULTURAL RESEARCH SERVICE
                    NATIONAL SOIL EROSION RESEARCH LABORATORY
                    275 SOUTH RUSSELL STREET
                    WEST LAFAYETTE, IN 47907-2077  USA

                    PHONE: (765) 494-8673
                      FAX: (765) 494-5948
                    email:  wepp@ecn.purdue.edu
                      URL:  http://topsoil.nserl.purdue.edu


     HILLSLOPE INPUT DATA FILES - VERSION  2010.100
      January 28,      2010


    MANAGEMENT: data/3inslope.man                                 
 MAN. PRACTICE: Road Section to collect water and then release through      
                ditch and culvert to a fill and forest for deposition       
                W. Elliot & H. Rhee 1/99  USDA Forest Service               
         SLOPE: ../working/wepp-196311.slp                        
       CLIMATE: ../working/wepp-196311.cli                        
       Station:  FREDERICTON A +                                CLIGEN VERSION  4.31
          SOIL: ../working/wepp-196311.sol                        
      PLANE  1 Road                clay loam           
      PLANE  2 Fill                clay loam           
      PLANE  3 Forest              clay loam           


     ANNUAL AVERAGE SUMMARIES
     ------------------------


I.   RAINFALL AND RUNOFF SUMMARY
     -------- --- ------ -------

      total summary:  years    1 -   30

      3494 storms produced                        33808.40 mm of precipitation
       388 rain storm runoff events produced         44.35 mm of runoff
       321 snow melts and/or
             events during winter produced           77.56 mm of runoff

      annual averages
      ---------------

        Number of years                                   30
        Mean annual precipitation                    1126.95    mm
        Mean annual runoff from rainfall                1.48    mm
        Mean annual runoff from snow melt
          and/or rain storm during winter               2.59    mm



II.  ON SITE EFFECTS  ON SITE EFFECTS  ON SITE EFFECTS
     ---------------  ---------------  ---------------


  A.  AREA OF NET SOIL LOSS

      ** Soil Loss (Avg. of Net Detachment Areas) =    0.092 kg/m2 **
      ** Maximum Soil Loss  =    0.941 kg/m2 at   81.70 meters **


      Area of    Soil Loss   Soil Loss   MAX   MAX Loss   MIN   MIN Loss
      Net Loss      MEAN      STDEV      Loss    Point    Loss   Point
        (m)       (kg/m2)     (kg/m2)  (kg/m2)    (m)    (kg/m2)  (m)
------------------------------------------------------------------------
   0.00-  86.70    0.092     0.313      0.941   81.70     0.001    31.85

  B.  AREA OF SOIL DEPOSITION

      ** Soil Deposition (Avg. of Net Deposition Areas) =    -0.059 kg/m2 **
      ** Maximum Soil Deposition  =    -0.202 kg/m2 at  110.45 meters **

      Area of    Soil Dep   Soil Dep     MAX    MAX Dep   MIN   MIN Dep
      Net Dep       MEAN     STDEV       Dep     Point    Dep    Point
        (m)       (kg/m2)    (kg/m2)   (kg/m2)    (m)    (kg/m2)  (m)
------------------------------------------------------------------------
  86.70- 206.70   -0.059     0.067     -0.202  110.45    -0.003   171.70



  C.  SOIL LOSS/DEPOSITION ALONG SLOPE PROFILE

          Profile distances are from top to bottom of hillslope


 distance soil  flow    distance   soil  flow    distance   soil  flow
    (m)   loss  elem       (m)     loss  elem       (m)     loss  elem
         (kg/m2)                  (kg/m2)                  (kg/m2)
------------------------------------------------------------------------

   0.64     0.001  1       63.88     0.003  2       82.95     0.117  3
   1.27     0.001  1       64.06     0.004  2       84.20     0.066  3
   1.91     0.001  1       64.24     0.011  2       85.45     0.024  3
   2.55     0.001  1       64.42     0.030  2       86.70     0.003  3
   3.19     0.001  1       64.60     0.057  2       87.95    -0.004  3
   3.82     0.001  1       64.78     0.072  2       89.20    -0.037  3
   4.46     0.001  1       64.96     0.074  2       90.45    -0.047  3
   5.10     0.001  1       65.14     0.076  2       91.70    -0.057  3
   5.73     0.001  1       65.32     0.078  2       92.95    -0.074  3
   6.37     0.001  1       65.50     0.081  2       94.20    -0.101  3
   7.01     0.001  1       65.68     0.084  2       95.45    -0.130  3
   7.64     0.001  1       65.86     0.087  2       96.70    -0.145  3
   8.28     0.001  1       66.04     0.091  2       97.95    -0.138  3
   8.92     0.001  1       66.22     0.095  2       99.20    -0.153  3
   9.55     0.001  1       66.40     0.100  2      100.45    -0.169  3
  10.19     0.001  1       66.58     0.105  2      101.70    -0.193  3
  10.83     0.001  1       66.76     0.110  2      102.95    -0.193  3
  11.47     0.001  1       66.94     0.115  2      104.20    -0.181  3
  12.10     0.001  1       67.12     0.121  2      105.45    -0.173  3
  12.74     0.001  1       67.30     0.127  2      106.70    -0.163  3
  13.38     0.001  1       67.48     0.133  2      107.95    -0.176  3
  14.01     0.001  1       67.66     0.139  2      109.20    -0.183  3
  14.65     0.001  1       67.84     0.145  2      110.45    -0.202  3
  15.29     0.001  1       68.02     0.152  2      111.70    -0.189  3
  15.93     0.001  1       68.20     0.160  2      112.95    -0.166  3
  16.56     0.001  1       68.38     0.167  2      114.20    -0.175  3
  17.20     0.001  1       68.56     0.175  2      115.45    -0.176  3
  17.84     0.001  1       68.74     0.183  2      116.70    -0.158  3
  18.47     0.001  1       68.92     0.191  2      117.95    -0.138  3
  19.11     0.001  1       69.10     0.200  2      119.20    -0.123  3
  19.75     0.001  1       69.28     0.209  2      120.45    -0.119  3
  20.38     0.001  1       69.46     0.217  2      121.70    -0.122  3
  21.02     0.001  1       69.64     0.226  2      122.95    -0.125  3
  21.66     0.001  1       69.82     0.235  2      124.20    -0.132  3
  22.30     0.001  1       70.00     0.244  2      125.45    -0.127  3
  22.93     0.001  1       70.18     0.253  2      126.70    -0.122  3
  23.57     0.001  1       70.36     0.262  2      127.95    -0.115  3
  24.21     0.001  1       70.54     0.272  2      129.20    -0.114  3
  24.84     0.001  1       70.72     0.281  2      130.45    -0.113  3
  25.48     0.001  1       70.90     0.291  2      131.70    -0.108  3
  26.12     0.001  1       71.08     0.300  2      132.95    -0.097  3
  26.75     0.001  1       71.26     0.310  2      134.20    -0.082  3
  27.39     0.001  1       71.44     0.320  2      135.45    -0.080  3
  28.03     0.001  1       71.62     0.331  2      136.70    -0.061  3
  28.66     0.001  1       71.80     0.341  2      137.95    -0.042  3
  29.30     0.001  1       71.98     0.352  2      139.20    -0.043  3
  29.94     0.001  1       72.16     0.363  2      140.45    -0.037  3
  30.58     0.001  1       72.34     0.373  2      141.70    -0.029  3
  31.21     0.001  1       72.52     0.384  2      142.95    -0.022  3
  31.85     0.001  1       72.70     0.395  2      144.20    -0.019  3
  32.49     0.001  1       72.88     0.406  2      145.45    -0.015  3
  33.12     0.001  1       73.06     0.417  2      146.70    -0.008  3
  33.76     0.001  1       73.24     0.428  2      147.95    -0.008  3
  34.40     0.001  1       73.42     0.439  2      149.20    -0.005  3
  35.04     0.001  1       73.60     0.450  2      150.45    -0.003  3
  35.67     0.001  1       73.78     0.461  2      151.70    -0.003  3
  36.31     0.001  1       73.96     0.472  2      152.95    -0.003  3
  36.95     0.001  1       74.14     0.482  2      154.20    -0.003  3
  37.58     0.001  1       74.32     0.493  2      155.45    -0.005  3
  38.22     0.001  1       74.50     0.504  2      156.70    -0.003  3
  38.86     0.001  1       74.68     0.515  2      157.95    -0.003  3
  39.49     0.001  1       74.86     0.526  2      159.20    -0.003  3
  40.13     0.001  1       75.04     0.537  2      160.45    -0.003  3
  40.77     0.001  1       75.22     0.548  2      161.70    -0.003  3
  41.41     0.001  1       75.40     0.559  2      162.95    -0.003  3
  42.04     0.001  1       75.58     0.570  2      164.20    -0.003  3
  42.68     0.001  1       75.76     0.581  2      165.45    -0.003  3
  43.32     0.001  1       75.94     0.591  2      166.70    -0.003  3
  43.95     0.001  1       76.12     0.602  2      167.95    -0.003  3
  44.59     0.001  1       76.30     0.613  2      169.20    -0.003  3
  45.23     0.001  1       76.48     0.624  2      170.45    -0.003  3
  45.86     0.001  1       76.66     0.634  2      171.70    -0.003  3
  46.50     0.001  1       76.84     0.645  2      172.95    -0.003  3
  47.14     0.001  1       77.02     0.656  2      174.20    -0.004  3
  47.77     0.001  1       77.20     0.667  2      175.45    -0.004  3
  48.41     0.001  1       77.38     0.677  2      176.70    -0.005  3
  49.05     0.001  1       77.56     0.688  2      177.95    -0.005  3
  49.69     0.001  1       77.74     0.699  2      179.20    -0.005  3
  50.32     0.001  1       77.92     0.709  2      180.45    -0.004  3
  50.96     0.001  1       78.10     0.720  2      181.70    -0.004  3
  51.60     0.001  1       78.28     0.731  2      182.95    -0.004  3
  52.23     0.001  1       78.46     0.742  2      184.20    -0.004  3
  52.87     0.001  1       78.64     0.753  2      185.45    -0.004  3
  53.51     0.001  1       78.82     0.763  2      186.70    -0.005  3
  54.15     0.001  1       79.00     0.774  2      187.95    -0.007  3
  54.78     0.001  1       79.18     0.785  2      189.20    -0.008  3
  55.42     0.001  1       79.36     0.796  2      190.45    -0.009  3
  56.06     0.001  1       79.54     0.807  2      191.70    -0.010  3
  56.69     0.001  1       79.72     0.817  2      192.95    -0.010  3
  57.33     0.001  1       79.90     0.828  2      194.20    -0.010  3
  57.97     0.001  1       80.08     0.839  2      195.45    -0.010  3
  58.60     0.001  1       80.26     0.851  2      196.70    -0.010  3
  59.24     0.001  1       80.44     0.862  2      197.95    -0.010  3
  59.88     0.001  1       80.62     0.874  2      199.20    -0.010  3
  60.52     0.001  1       80.80     0.885  2      200.45    -0.011  3
  61.15     0.001  1       80.98     0.896  2      201.70    -0.012  3
  61.79     0.001  1       81.16     0.907  2      202.95    -0.014  3
  62.43     0.001  1       81.34     0.918  2      204.20    -0.015  3
  63.06     0.001  1       81.52     0.930  2      205.45    -0.016  3
  63.70     0.001  1       81.70     0.941  2      206.70    -0.017  3

note:  (+) soil loss - detachment     (-) soil loss - deposition



III. OFF SITE EFFECTS  OFF SITE EFFECTS  OFF SITE EFFECTS
     ----------------  ----------------  ----------------

     A.  AVERAGE ANNUAL SEDIMENT LEAVING PROFILE
             0.911   kg/m of width
             8.199     kg (based on profile width of      9.000      m)
             0.044   t/ha (assuming contributions from     0.186     ha)


     B.  SEDIMENT CHARACTERISTICS AND ENRICHMENT

     Sediment particle information leaving profile
-------------------------------------------------------------------------------
                                 Particle Composition         Detached Fraction
Class  Diameter  Specific  ---------------------------------  Sediment  In Flow
         (mm)    Gravity   % Sand   % Silt   % Clay   % O.M.  Fraction  Exiting
-------------------------------------------------------------------------------
  1     0.002      2.60      0.0      0.0    100.0     26.7     0.078    0.111
  2     0.010      2.65      0.0    100.0      0.0      0.0     0.072    0.085
  3     0.040      1.80      0.0     57.1     42.9     11.4     0.328    0.390
  4     0.600      1.60     52.9     29.8     17.3      4.6     0.472    0.390
  5     0.200      2.65    100.0      0.0      0.0      0.0     0.050    0.024
-------------------------------------------------------------------------------


     Average annual SSA enrichment ratio leaving profile =   1.15
