 Annual; detailed (Metric Units)                                        


          USDA WATER EROSION PREDICTION PROJECT
          -------------------------------------

          HILLSLOPE PROFILE AND WATERSHED MODEL
                     VERSION  2010.100
           January 28,      2010


               TO REPORT PROBLEMS OR TO BE PUT ON THE MAILING
               LIST FOR FUTURE WEPP MODEL RELEASES, PLEASE CONTACT:

                    WEPP TECHNICAL SUPPORT
                    USDA-AGRICULTURAL RESEARCH SERVICE
                    NATIONAL SOIL EROSION RESEARCH LABORATORY
                    275 SOUTH RUSSELL STREET
                    WEST LAFAYETTE, IN 47907-2077  USA

                    PHONE: (765) 494-8673
                      FAX: (765) 494-5948
                    email:  wepp@ecn.purdue.edu
                      URL:  http://topsoil.nserl.purdue.edu


     HILLSLOPE INPUT DATA FILES - VERSION  2010.100
      January 28,      2010


    MANAGEMENT: ../working/wepp-31446.man                         
 MAN. PRACTICE: Two OFEs for forest conditions                              
                W. Elliot 02/99                                             
                                                                            
         SLOPE: ../working/wepp-31446.slp                         
       CLIMATE: ../working/wepp-31446.cli                         
       Station:  SAINT MARIES ID +                              CLIGEN VERSION  4.31
          SOIL: ../working/wepp-31446.sol                         
      PLANE  1 skid                sandy loam          
      PLANE  2 HIGH                sandy loam          


     HILLSLOPE 1 YEARLY SUMMARY FOR    1
     ----------------------------------


I.   RAINFALL AND RUNOFF SUMMARY
     -------- --- ------ -------

      year:      1

         Rainfall         Storm Runoff        Melt Runoff
      events   amount   events   amount     events  amount
                (mm)              (mm)               (mm)

       119     776.40       0       0.00       0       0.00


II.  ON SITE EFFECTS  ON SITE EFFECTS  ON SITE EFFECTS
     ---------------  ---------------  ---------------




  C.  SOIL LOSS/DEPOSITION ALONG SLOPE PROFILE

          Profile distances are from top to bottom of hillslope


 distance soil  flow    distance   soil  flow    distance   soil  flow
    (m)   loss  elem       (m)     loss  elem       (m)     loss  elem
         (kg/m2)                  (kg/m2)                  (kg/m2)
------------------------------------------------------------------------

   1.22     0.000  1       82.93     0.000  1      125.15     0.000  2
   2.44     0.000  1       84.15     0.000  1      125.24     0.000  2
   3.66     0.000  1       85.37     0.000  1      125.34     0.000  2
   4.88     0.000  1       86.58     0.000  1      125.43     0.000  2
   6.10     0.000  1       87.80     0.000  1      125.52     0.000  2
   7.32     0.000  1       89.02     0.000  1      125.61     0.000  2
   8.54     0.000  1       90.24     0.000  1      125.70     0.000  2
   9.76     0.000  1       91.46     0.000  1      125.79     0.000  2
  10.98     0.000  1       92.68     0.000  1      125.88     0.000  2
  12.20     0.000  1       93.90     0.000  1      125.98     0.000  2
  13.41     0.000  1       95.12     0.000  1      126.07     0.000  2
  14.63     0.000  1       96.34     0.000  1      126.16     0.000  2
  15.85     0.000  1       97.56     0.000  1      126.25     0.000  2
  17.07     0.000  1       98.78     0.000  1      126.34     0.000  2
  18.29     0.000  1      100.00     0.000  1      126.43     0.000  2
  19.51     0.000  1      101.22     0.000  1      126.53     0.000  2
  20.73     0.000  1      102.44     0.000  1      126.62     0.000  2
  21.95     0.000  1      103.66     0.000  1      126.71     0.000  2
  23.17     0.000  1      104.88     0.000  1      126.80     0.000  2
  24.39     0.000  1      106.10     0.000  1      126.89     0.000  2
  25.61     0.000  1      107.32     0.000  1      126.98     0.000  2
  26.83     0.000  1      108.54     0.000  1      127.07     0.000  2
  28.05     0.000  1      109.75     0.000  1      127.17     0.000  2
  29.27     0.000  1      110.97     0.000  1      127.26     0.000  2
  30.49     0.000  1      112.19     0.000  1      127.35     0.000  2
  31.71     0.000  1      113.41     0.000  1      127.44     0.000  2
  32.93     0.000  1      114.63     0.000  1      127.53     0.000  2
  34.15     0.000  1      115.85     0.000  1      127.62     0.000  2
  35.37     0.000  1      117.07     0.000  1      127.71     0.000  2
  36.59     0.000  1      118.29     0.000  1      127.81     0.000  2
  37.80     0.000  1      119.51     0.000  1      127.90     0.000  2
  39.02     0.000  1      120.73     0.000  1      127.99     0.000  2
  40.24     0.000  1      121.95     0.000  1      128.08     0.000  2
  41.46     0.000  1      122.04     0.000  2      128.17     0.000  2
  42.68     0.000  1      122.13     0.000  2      128.26     0.000  2
  43.90     0.000  1      122.22     0.000  2      128.35     0.000  2
  45.12     0.000  1      122.32     0.000  2      128.45     0.000  2
  46.34     0.000  1      122.41     0.000  2      128.54     0.000  2
  47.56     0.000  1      122.50     0.000  2      128.63     0.000  2
  48.78     0.000  1      122.59     0.000  2      128.72     0.000  2
  50.00     0.000  1      122.68     0.000  2      128.81     0.000  2
  51.22     0.000  1      122.77     0.000  2      128.90     0.000  2
  52.44     0.000  1      122.87     0.000  2      129.00     0.000  2
  53.66     0.000  1      122.96     0.000  2      129.09     0.000  2
  54.88     0.000  1      123.05     0.000  2      129.18     0.000  2
  56.10     0.000  1      123.14     0.000  2      129.27     0.000  2
  57.32     0.000  1      123.23     0.000  2      129.36     0.000  2
  58.54     0.000  1      123.32     0.000  2      129.45     0.000  2
  59.76     0.000  1      123.41     0.000  2      129.54     0.000  2
  60.98     0.000  1      123.51     0.000  2      129.64     0.000  2
  62.19     0.000  1      123.60     0.000  2      129.73     0.000  2
  63.41     0.000  1      123.69     0.000  2      129.82     0.000  2
  64.63     0.000  1      123.78     0.000  2      129.91     0.000  2
  65.85     0.000  1      123.87     0.000  2      130.00     0.000  2
  67.07     0.000  1      123.96     0.000  2      130.09     0.000  2
  68.29     0.000  1      124.05     0.000  2      130.19     0.000  2
  69.51     0.000  1      124.15     0.000  2      130.28     0.000  2
  70.73     0.000  1      124.24     0.000  2      130.37     0.000  2
  71.95     0.000  1      124.33     0.000  2      130.46     0.000  2
  73.17     0.000  1      124.42     0.000  2      130.55     0.000  2
  74.39     0.000  1      124.51     0.000  2      130.64     0.000  2
  75.61     0.000  1      124.60     0.000  2      130.73     0.000  2
  76.83     0.000  1      124.70     0.000  2      130.83     0.000  2
  78.05     0.000  1      124.79     0.000  2      130.92     0.000  2
  79.27     0.000  1      124.88     0.000  2      131.01     0.000  2
  80.49     0.000  1      124.97     0.000  2      131.10     0.000  2
  81.71     0.000  1      125.06     0.000  2

note:  (+) soil loss - detachment     (-) soil loss - deposition



III. OFF SITE EFFECTS  OFF SITE EFFECTS  OFF SITE EFFECTS
     ----------------  ----------------  ----------------

     A.  SEDIMENT LEAVING PROFILE for year    1     0.000 kg/m



     B.  SEDIMENT CHARACTERISTICS AND ENRICHMENT

     Sediment particle information leaving profile
-------------------------------------------------------------------------------
                                 Particle Composition         Detached Fraction
Class  Diameter  Specific  ---------------------------------  Sediment  In Flow
         (mm)    Gravity   % Sand   % Silt   % Clay   % O.M.  Fraction  Exiting
-------------------------------------------------------------------------------
  1     0.002      2.60      0.0      0.0    100.0     50.0     0.026    0.000
  2     0.010      2.65      0.0    100.0      0.0      0.0     0.070    0.000
  3     0.030      1.80      0.0     71.4     28.6     14.3     0.180    0.000
  4     0.300      1.60     78.2     15.1      6.6      3.3     0.340    0.000
  5     0.200      2.65    100.0      0.0      0.0      0.0     0.384    0.000
-------------------------------------------------------------------------------


     Weighted SSA enrichment ratio leaving profile for year    1 =   0.00


     HILLSLOPE 1 YEARLY SUMMARY FOR    2
     ----------------------------------


I.   RAINFALL AND RUNOFF SUMMARY
     -------- --- ------ -------

      year:      2

         Rainfall         Storm Runoff        Melt Runoff
      events   amount   events   amount     events  amount
                (mm)              (mm)               (mm)

       119     762.40       5       0.36       0       0.00


II.  ON SITE EFFECTS  ON SITE EFFECTS  ON SITE EFFECTS
     ---------------  ---------------  ---------------


  A.  AREA OF NET SOIL LOSS

      ** Soil Loss (Avg. of Net Detachment Areas) =    0.001 kg/m2 **
      ** Maximum Soil Loss  =    0.005 kg/m2 at  121.95 meters **


      Area of    Soil Loss   Soil Loss   MAX   MAX Loss   MIN   MIN Loss
      Net Loss      MEAN      STDEV      Loss    Point    Loss   Point
        (m)       (kg/m2)     (kg/m2)  (kg/m2)    (m)    (kg/m2)  (m)
------------------------------------------------------------------------
   0.00- 121.95    0.001     0.002      0.005  121.95     0.000     1.22

  B.  AREA OF SOIL DEPOSITION

      ** Soil Deposition (Avg. of Net Deposition Areas) =     0.000 kg/m2 **
      ** Maximum Soil Deposition  =     0.000 kg/m2 at  122.87 meters **

      Area of    Soil Dep   Soil Dep     MAX    MAX Dep   MIN   MIN Dep
      Net Dep       MEAN     STDEV       Dep     Point    Dep    Point
        (m)       (kg/m2)    (kg/m2)   (kg/m2)    (m)    (kg/m2)  (m)
------------------------------------------------------------------------
 122.77- 122.87    0.000     0.000      0.000  122.87     0.000   122.87
 122.96- 123.05    0.000     0.000      0.000  123.05     0.000   123.05
 123.23- 123.32    0.000     0.000      0.000  123.32     0.000   123.32
 123.51- 123.60    0.000     0.000      0.000  123.60     0.000   123.60

      Single Point     Single Point
       Soil Area          Dep
         (m)             (kg/m2/)
      ------------------------------
       122.87             0.000
       123.05             0.000
       123.32             0.000
       123.60             0.000



  C.  SOIL LOSS/DEPOSITION ALONG SLOPE PROFILE

          Profile distances are from top to bottom of hillslope


 distance soil  flow    distance   soil  flow    distance   soil  flow
    (m)   loss  elem       (m)     loss  elem       (m)     loss  elem
         (kg/m2)                  (kg/m2)                  (kg/m2)
------------------------------------------------------------------------

   1.22     0.000  1       82.93     0.000  1      125.15     0.000  2
   2.44     0.000  1       84.15     0.001  1      125.24     0.000  2
   3.66     0.000  1       85.37     0.001  1      125.34     0.000  2
   4.88     0.000  1       86.58     0.001  1      125.43     0.000  2
   6.10     0.000  1       87.80     0.001  1      125.52     0.000  2
   7.32     0.000  1       89.02     0.001  1      125.61     0.000  2
   8.54     0.000  1       90.24     0.001  1      125.70     0.000  2
   9.76     0.000  1       91.46     0.002  1      125.79     0.000  2
  10.98     0.000  1       92.68     0.002  1      125.88     0.000  2
  12.20     0.000  1       93.90     0.002  1      125.98     0.000  2
  13.41     0.000  1       95.12     0.002  1      126.07     0.000  2
  14.63     0.000  1       96.34     0.002  1      126.16     0.000  2
  15.85     0.000  1       97.56     0.002  1      126.25     0.000  2
  17.07     0.000  1       98.78     0.002  1      126.34     0.000  2
  18.29     0.000  1      100.00     0.003  1      126.43     0.000  2
  19.51     0.000  1      101.22     0.003  1      126.53     0.000  2
  20.73     0.000  1      102.44     0.003  1      126.62     0.000  2
  21.95     0.000  1      103.66     0.003  1      126.71     0.000  2
  23.17     0.000  1      104.88     0.003  1      126.80     0.000  2
  24.39     0.000  1      106.10     0.003  1      126.89     0.000  2
  25.61     0.000  1      107.32     0.003  1      126.98     0.000  2
  26.83     0.000  1      108.54     0.004  1      127.07     0.000  2
  28.05     0.000  1      109.75     0.004  1      127.17     0.000  2
  29.27     0.000  1      110.97     0.004  1      127.26     0.000  2
  30.49     0.000  1      112.19     0.004  1      127.35     0.000  2
  31.71     0.000  1      113.41     0.004  1      127.44     0.000  2
  32.93     0.000  1      114.63     0.004  1      127.53     0.000  2
  34.15     0.000  1      115.85     0.005  1      127.62     0.000  2
  35.37     0.000  1      117.07     0.005  1      127.71     0.000  2
  36.59     0.000  1      118.29     0.005  1      127.81     0.000  2
  37.80     0.000  1      119.51     0.005  1      127.90     0.000  2
  39.02     0.000  1      120.73     0.005  1      127.99     0.000  2
  40.24     0.000  1      121.95     0.005  1      128.08     0.000  2
  41.46     0.000  1      122.04     0.000  2      128.17     0.000  2
  42.68     0.000  1      122.13     0.000  2      128.26     0.000  2
  43.90     0.000  1      122.22     0.000  2      128.35     0.000  2
  45.12     0.000  1      122.32     0.000  2      128.45     0.000  2
  46.34     0.000  1      122.41     0.000  2      128.54     0.000  2
  47.56     0.000  1      122.50     0.000  2      128.63     0.000  2
  48.78     0.000  1      122.59     0.000  2      128.72     0.000  2
  50.00     0.000  1      122.68     0.000  2      128.81     0.000  2
  51.22     0.000  1      122.77     0.000  2      128.90     0.000  2
  52.44     0.000  1      122.87     0.000  2      129.00     0.000  2
  53.66     0.000  1      122.96     0.000  2      129.09     0.000  2
  54.88     0.000  1      123.05     0.000  2      129.18     0.000  2
  56.10     0.000  1      123.14     0.000  2      129.27     0.000  2
  57.32     0.000  1      123.23     0.000  2      129.36     0.000  2
  58.54     0.000  1      123.32     0.000  2      129.45     0.000  2
  59.76     0.000  1      123.41     0.000  2      129.54     0.000  2
  60.98     0.000  1      123.51     0.000  2      129.64     0.000  2
  62.19     0.000  1      123.60     0.000  2      129.73     0.000  2
  63.41     0.000  1      123.69     0.000  2      129.82     0.000  2
  64.63     0.000  1      123.78     0.000  2      129.91     0.000  2
  65.85     0.000  1      123.87     0.000  2      130.00     0.000  2
  67.07     0.000  1      123.96     0.000  2      130.09     0.000  2
  68.29     0.000  1      124.05     0.000  2      130.19     0.000  2
  69.51     0.000  1      124.15     0.000  2      130.28     0.000  2
  70.73     0.000  1      124.24     0.000  2      130.37     0.000  2
  71.95     0.000  1      124.33     0.000  2      130.46     0.000  2
  73.17     0.000  1      124.42     0.000  2      130.55     0.000  2
  74.39     0.000  1      124.51     0.000  2      130.64     0.000  2
  75.61     0.000  1      124.60     0.000  2      130.73     0.000  2
  76.83     0.000  1      124.70     0.000  2      130.83     0.000  2
  78.05     0.000  1      124.79     0.000  2      130.92     0.000  2
  79.27     0.000  1      124.88     0.000  2      131.01     0.000  2
  80.49     0.000  1      124.97     0.000  2      131.10     0.000  2
  81.71     0.000  1      125.06     0.000  2

note:  (+) soil loss - detachment     (-) soil loss - deposition



III. OFF SITE EFFECTS  OFF SITE EFFECTS  OFF SITE EFFECTS
     ----------------  ----------------  ----------------

     A.  SEDIMENT LEAVING PROFILE for year    2     0.119 kg/m



     B.  SEDIMENT CHARACTERISTICS AND ENRICHMENT

     Sediment particle information leaving profile
-------------------------------------------------------------------------------
                                 Particle Composition         Detached Fraction
Class  Diameter  Specific  ---------------------------------  Sediment  In Flow
         (mm)    Gravity   % Sand   % Silt   % Clay   % O.M.  Fraction  Exiting
-------------------------------------------------------------------------------
  1     0.002      2.60      0.0      0.0    100.0     50.0     0.026    0.031
  2     0.010      2.65      0.0    100.0      0.0      0.0     0.070    0.081
  3     0.030      1.80      0.0     71.4     28.6     14.3     0.180    0.191
  4     0.300      1.60     78.2     15.1      6.6      3.3     0.340    0.328
  5     0.200      2.65    100.0      0.0      0.0      0.0     0.384    0.370
-------------------------------------------------------------------------------


     Weighted SSA enrichment ratio leaving profile for year    2 =   1.07


     HILLSLOPE 1 YEARLY SUMMARY FOR    3
     ----------------------------------


I.   RAINFALL AND RUNOFF SUMMARY
     -------- --- ------ -------

      year:      3

         Rainfall         Storm Runoff        Melt Runoff
      events   amount   events   amount     events  amount
                (mm)              (mm)               (mm)

       114     724.70       2      18.73       0       0.00


II.  ON SITE EFFECTS  ON SITE EFFECTS  ON SITE EFFECTS
     ---------------  ---------------  ---------------


  A.  AREA OF NET SOIL LOSS

      ** Soil Loss (Avg. of Net Detachment Areas) =    0.088 kg/m2 **
      ** Maximum Soil Loss  =    0.165 kg/m2 at  121.95 meters **


      Area of    Soil Loss   Soil Loss   MAX   MAX Loss   MIN   MIN Loss
      Net Loss      MEAN      STDEV      Loss    Point    Loss   Point
        (m)       (kg/m2)     (kg/m2)  (kg/m2)    (m)    (kg/m2)  (m)
------------------------------------------------------------------------
   0.00- 131.10    0.088     0.052      0.165  121.95     0.001     1.22



  C.  SOIL LOSS/DEPOSITION ALONG SLOPE PROFILE

          Profile distances are from top to bottom of hillslope


 distance soil  flow    distance   soil  flow    distance   soil  flow
    (m)   loss  elem       (m)     loss  elem       (m)     loss  elem
         (kg/m2)                  (kg/m2)                  (kg/m2)
------------------------------------------------------------------------

   1.22     0.001  1       82.93     0.125  1      125.15     0.145  2
   2.44     0.001  1       84.15     0.126  1      125.24     0.145  2
   3.66     0.001  1       85.37     0.128  1      125.34     0.145  2
   4.88     0.001  1       86.58     0.129  1      125.43     0.145  2
   6.10     0.001  1       87.80     0.130  1      125.52     0.145  2
   7.32     0.001  1       89.02     0.132  1      125.61     0.145  2
   8.54     0.001  1       90.24     0.133  1      125.70     0.145  2
   9.76     0.001  1       91.46     0.134  1      125.79     0.145  2
  10.98     0.001  1       92.68     0.135  1      125.88     0.145  2
  12.20     0.001  1       93.90     0.137  1      125.98     0.145  2
  13.41     0.001  1       95.12     0.138  1      126.07     0.145  2
  14.63     0.003  1       96.34     0.139  1      126.16     0.146  2
  15.85     0.005  1       97.56     0.141  1      126.25     0.146  2
  17.07     0.007  1       98.78     0.142  1      126.34     0.146  2
  18.29     0.009  1      100.00     0.143  1      126.43     0.146  2
  19.51     0.010  1      101.22     0.144  1      126.53     0.146  2
  20.73     0.012  1      102.44     0.146  1      126.62     0.145  2
  21.95     0.014  1      103.66     0.147  1      126.71     0.143  2
  23.17     0.016  1      104.88     0.148  1      126.80     0.140  2
  24.39     0.019  1      106.10     0.149  1      126.89     0.138  2
  25.61     0.021  1      107.32     0.151  1      126.98     0.136  2
  26.83     0.023  1      108.54     0.152  1      127.07     0.134  2
  28.05     0.025  1      109.75     0.153  1      127.17     0.132  2
  29.27     0.027  1      110.97     0.154  1      127.26     0.130  2
  30.49     0.030  1      112.19     0.155  1      127.35     0.127  2
  31.71     0.032  1      113.41     0.157  1      127.44     0.125  2
  32.93     0.035  1      114.63     0.158  1      127.53     0.123  2
  34.15     0.037  1      115.85     0.159  1      127.62     0.120  2
  35.37     0.040  1      117.07     0.160  1      127.71     0.118  2
  36.59     0.042  1      118.29     0.161  1      127.81     0.116  2
  37.80     0.045  1      119.51     0.163  1      127.90     0.114  2
  39.02     0.047  1      120.73     0.164  1      127.99     0.111  2
  40.24     0.050  1      121.95     0.165  1      128.08     0.109  2
  41.46     0.053  1      122.04     0.142  2      128.17     0.106  2
  42.68     0.055  1      122.13     0.142  2      128.26     0.104  2
  43.90     0.058  1      122.22     0.142  2      128.35     0.102  2
  45.12     0.061  1      122.32     0.143  2      128.45     0.099  2
  46.34     0.064  1      122.41     0.143  2      128.54     0.097  2
  47.56     0.066  1      122.50     0.143  2      128.63     0.094  2
  48.78     0.069  1      122.59     0.143  2      128.72     0.092  2
  50.00     0.072  1      122.68     0.143  2      128.81     0.089  2
  51.22     0.075  1      122.77     0.143  2      128.90     0.087  2
  52.44     0.078  1      122.87     0.143  2      129.00     0.084  2
  53.66     0.081  1      122.96     0.143  2      129.09     0.082  2
  54.88     0.084  1      123.05     0.143  2      129.18     0.079  2
  56.10     0.087  1      123.14     0.143  2      129.27     0.076  2
  57.32     0.090  1      123.23     0.143  2      129.36     0.074  2
  58.54     0.093  1      123.32     0.143  2      129.45     0.071  2
  59.76     0.096  1      123.41     0.143  2      129.54     0.068  2
  60.98     0.099  1      123.51     0.143  2      129.64     0.065  2
  62.19     0.101  1      123.60     0.144  2      129.73     0.063  2
  63.41     0.102  1      123.69     0.144  2      129.82     0.060  2
  64.63     0.104  1      123.78     0.144  2      129.91     0.057  2
  65.85     0.105  1      123.87     0.144  2      130.00     0.054  2
  67.07     0.107  1      123.96     0.144  2      130.09     0.052  2
  68.29     0.108  1      124.05     0.144  2      130.19     0.049  2
  69.51     0.110  1      124.15     0.144  2      130.28     0.046  2
  70.73     0.111  1      124.24     0.144  2      130.37     0.043  2
  71.95     0.113  1      124.33     0.144  2      130.46     0.040  2
  73.17     0.114  1      124.42     0.144  2      130.55     0.037  2
  74.39     0.115  1      124.51     0.144  2      130.64     0.034  2
  75.61     0.117  1      124.60     0.144  2      130.73     0.031  2
  76.83     0.118  1      124.70     0.144  2      130.83     0.028  2
  78.05     0.120  1      124.79     0.144  2      130.92     0.024  2
  79.27     0.121  1      124.88     0.145  2      131.01     0.021  2
  80.49     0.122  1      124.97     0.145  2      131.10     0.018  2
  81.71     0.124  1      125.06     0.145  2

note:  (+) soil loss - detachment     (-) soil loss - deposition



III. OFF SITE EFFECTS  OFF SITE EFFECTS  OFF SITE EFFECTS
     ----------------  ----------------  ----------------

     A.  SEDIMENT LEAVING PROFILE for year    3    11.475 kg/m



     B.  SEDIMENT CHARACTERISTICS AND ENRICHMENT

     Sediment particle information leaving profile
-------------------------------------------------------------------------------
                                 Particle Composition         Detached Fraction
Class  Diameter  Specific  ---------------------------------  Sediment  In Flow
         (mm)    Gravity   % Sand   % Silt   % Clay   % O.M.  Fraction  Exiting
-------------------------------------------------------------------------------
  1     0.002      2.60      0.0      0.0    100.0     50.0     0.026    0.028
  2     0.010      2.65      0.0    100.0      0.0      0.0     0.070    0.073
  3     0.030      1.80      0.0     71.4     28.6     14.3     0.180    0.182
  4     0.300      1.60     78.2     15.1      6.6      3.3     0.340    0.337
  5     0.200      2.65    100.0      0.0      0.0      0.0     0.384    0.380
-------------------------------------------------------------------------------


     Weighted SSA enrichment ratio leaving profile for year    3 =   1.02


     HILLSLOPE 1 YEARLY SUMMARY FOR    4
     ----------------------------------


I.   RAINFALL AND RUNOFF SUMMARY
     -------- --- ------ -------

      year:      4

         Rainfall         Storm Runoff        Melt Runoff
      events   amount   events   amount     events  amount
                (mm)              (mm)               (mm)

       116     803.90       1       1.25       1       0.28


II.  ON SITE EFFECTS  ON SITE EFFECTS  ON SITE EFFECTS
     ---------------  ---------------  ---------------


  A.  AREA OF NET SOIL LOSS

      ** Soil Loss (Avg. of Net Detachment Areas) =    0.014 kg/m2 **
      ** Maximum Soil Loss  =    0.028 kg/m2 at  121.95 meters **


      Area of    Soil Loss   Soil Loss   MAX   MAX Loss   MIN   MIN Loss
      Net Loss      MEAN      STDEV      Loss    Point    Loss   Point
        (m)       (kg/m2)     (kg/m2)  (kg/m2)    (m)    (kg/m2)  (m)
------------------------------------------------------------------------
   0.00- 130.55    0.014     0.008      0.028  121.95     0.000   130.55



  C.  SOIL LOSS/DEPOSITION ALONG SLOPE PROFILE

          Profile distances are from top to bottom of hillslope


 distance soil  flow    distance   soil  flow    distance   soil  flow
    (m)   loss  elem       (m)     loss  elem       (m)     loss  elem
         (kg/m2)                  (kg/m2)                  (kg/m2)
------------------------------------------------------------------------

   1.22     0.000  1       82.93     0.021  1      125.15     0.015  2
   2.44     0.000  1       84.15     0.021  1      125.24     0.015  2
   3.66     0.000  1       85.37     0.021  1      125.34     0.015  2
   4.88     0.000  1       86.58     0.021  1      125.43     0.015  2
   6.10     0.000  1       87.80     0.022  1      125.52     0.015  2
   7.32     0.000  1       89.02     0.022  1      125.61     0.015  2
   8.54     0.000  1       90.24     0.022  1      125.70     0.015  2
   9.76     0.000  1       91.46     0.022  1      125.79     0.015  2
  10.98     0.000  1       92.68     0.023  1      125.88     0.015  2
  12.20     0.000  1       93.90     0.023  1      125.98     0.015  2
  13.41     0.000  1       95.12     0.023  1      126.07     0.015  2
  14.63     0.000  1       96.34     0.023  1      126.16     0.015  2
  15.85     0.000  1       97.56     0.024  1      126.25     0.015  2
  17.07     0.000  1       98.78     0.024  1      126.34     0.015  2
  18.29     0.000  1      100.00     0.024  1      126.43     0.015  2
  19.51     0.000  1      101.22     0.024  1      126.53     0.015  2
  20.73     0.000  1      102.44     0.024  1      126.62     0.014  2
  21.95     0.000  1      103.66     0.025  1      126.71     0.014  2
  23.17     0.001  1      104.88     0.025  1      126.80     0.014  2
  24.39     0.001  1      106.10     0.025  1      126.89     0.013  2
  25.61     0.001  1      107.32     0.025  1      126.98     0.013  2
  26.83     0.002  1      108.54     0.026  1      127.07     0.013  2
  28.05     0.002  1      109.75     0.026  1      127.17     0.012  2
  29.27     0.003  1      110.97     0.026  1      127.26     0.012  2
  30.49     0.003  1      112.19     0.026  1      127.35     0.012  2
  31.71     0.004  1      113.41     0.027  1      127.44     0.011  2
  32.93     0.004  1      114.63     0.027  1      127.53     0.011  2
  34.15     0.005  1      115.85     0.027  1      127.62     0.010  2
  35.37     0.005  1      117.07     0.027  1      127.71     0.010  2
  36.59     0.005  1      118.29     0.027  1      127.81     0.010  2
  37.80     0.006  1      119.51     0.028  1      127.90     0.009  2
  39.02     0.006  1      120.73     0.028  1      127.99     0.009  2
  40.24     0.007  1      121.95     0.028  1      128.08     0.009  2
  41.46     0.007  1      122.04     0.017  2      128.17     0.008  2
  42.68     0.008  1      122.13     0.017  2      128.26     0.008  2
  43.90     0.008  1      122.22     0.017  2      128.35     0.008  2
  45.12     0.009  1      122.32     0.017  2      128.45     0.007  2
  46.34     0.009  1      122.41     0.017  2      128.54     0.007  2
  47.56     0.010  1      122.50     0.017  2      128.63     0.007  2
  48.78     0.010  1      122.59     0.017  2      128.72     0.006  2
  50.00     0.011  1      122.68     0.017  2      128.81     0.006  2
  51.22     0.012  1      122.77     0.017  2      128.90     0.006  2
  52.44     0.012  1      122.87     0.017  2      129.00     0.005  2
  53.66     0.013  1      122.96     0.017  2      129.09     0.005  2
  54.88     0.013  1      123.05     0.017  2      129.18     0.005  2
  56.10     0.014  1      123.14     0.017  2      129.27     0.004  2
  57.32     0.014  1      123.23     0.017  2      129.36     0.004  2
  58.54     0.015  1      123.32     0.017  2      129.45     0.004  2
  59.76     0.015  1      123.41     0.016  2      129.54     0.003  2
  60.98     0.016  1      123.51     0.016  2      129.64     0.003  2
  62.19     0.016  1      123.60     0.016  2      129.73     0.003  2
  63.41     0.017  1      123.69     0.016  2      129.82     0.002  2
  64.63     0.017  1      123.78     0.016  2      129.91     0.002  2
  65.85     0.017  1      123.87     0.016  2      130.00     0.002  2
  67.07     0.017  1      123.96     0.016  2      130.09     0.001  2
  68.29     0.018  1      124.05     0.016  2      130.19     0.001  2
  69.51     0.018  1      124.15     0.016  2      130.28     0.001  2
  70.73     0.018  1      124.24     0.016  2      130.37     0.000  2
  71.95     0.018  1      124.33     0.016  2      130.46     0.000  2
  73.17     0.019  1      124.42     0.016  2      130.55     0.000  2
  74.39     0.019  1      124.51     0.016  2      130.64     0.000  2
  75.61     0.019  1      124.60     0.016  2      130.73     0.000  2
  76.83     0.019  1      124.70     0.016  2      130.83     0.000  2
  78.05     0.020  1      124.79     0.016  2      130.92     0.000  2
  79.27     0.020  1      124.88     0.016  2      131.01     0.000  2
  80.49     0.020  1      124.97     0.016  2      131.10     0.000  2
  81.71     0.020  1      125.06     0.015  2

note:  (+) soil loss - detachment     (-) soil loss - deposition



III. OFF SITE EFFECTS  OFF SITE EFFECTS  OFF SITE EFFECTS
     ----------------  ----------------  ----------------

     A.  SEDIMENT LEAVING PROFILE for year    4     1.774 kg/m



     B.  SEDIMENT CHARACTERISTICS AND ENRICHMENT

     Sediment particle information leaving profile
-------------------------------------------------------------------------------
                                 Particle Composition         Detached Fraction
Class  Diameter  Specific  ---------------------------------  Sediment  In Flow
         (mm)    Gravity   % Sand   % Silt   % Clay   % O.M.  Fraction  Exiting
-------------------------------------------------------------------------------
  1     0.002      2.60      0.0      0.0    100.0     50.0     0.026    0.027
  2     0.010      2.65      0.0    100.0      0.0      0.0     0.070    0.071
  3     0.030      1.80      0.0     71.4     28.6     14.3     0.180    0.181
  4     0.300      1.60     78.2     15.1      6.6      3.3     0.340    0.339
  5     0.200      2.65    100.0      0.0      0.0      0.0     0.384    0.382
-------------------------------------------------------------------------------


     Weighted SSA enrichment ratio leaving profile for year    4 =   1.01


     HILLSLOPE 1 YEARLY SUMMARY FOR    5
     ----------------------------------


I.   RAINFALL AND RUNOFF SUMMARY
     -------- --- ------ -------

      year:      5

         Rainfall         Storm Runoff        Melt Runoff
      events   amount   events   amount     events  amount
                (mm)              (mm)               (mm)

       116     754.50       0       0.00       0       0.00


II.  ON SITE EFFECTS  ON SITE EFFECTS  ON SITE EFFECTS
     ---------------  ---------------  ---------------




  C.  SOIL LOSS/DEPOSITION ALONG SLOPE PROFILE

          Profile distances are from top to bottom of hillslope


 distance soil  flow    distance   soil  flow    distance   soil  flow
    (m)   loss  elem       (m)     loss  elem       (m)     loss  elem
         (kg/m2)                  (kg/m2)                  (kg/m2)
------------------------------------------------------------------------

   1.22     0.000  1       82.93     0.000  1      125.15     0.000  2
   2.44     0.000  1       84.15     0.000  1      125.24     0.000  2
   3.66     0.000  1       85.37     0.000  1      125.34     0.000  2
   4.88     0.000  1       86.58     0.000  1      125.43     0.000  2
   6.10     0.000  1       87.80     0.000  1      125.52     0.000  2
   7.32     0.000  1       89.02     0.000  1      125.61     0.000  2
   8.54     0.000  1       90.24     0.000  1      125.70     0.000  2
   9.76     0.000  1       91.46     0.000  1      125.79     0.000  2
  10.98     0.000  1       92.68     0.000  1      125.88     0.000  2
  12.20     0.000  1       93.90     0.000  1      125.98     0.000  2
  13.41     0.000  1       95.12     0.000  1      126.07     0.000  2
  14.63     0.000  1       96.34     0.000  1      126.16     0.000  2
  15.85     0.000  1       97.56     0.000  1      126.25     0.000  2
  17.07     0.000  1       98.78     0.000  1      126.34     0.000  2
  18.29     0.000  1      100.00     0.000  1      126.43     0.000  2
  19.51     0.000  1      101.22     0.000  1      126.53     0.000  2
  20.73     0.000  1      102.44     0.000  1      126.62     0.000  2
  21.95     0.000  1      103.66     0.000  1      126.71     0.000  2
  23.17     0.000  1      104.88     0.000  1      126.80     0.000  2
  24.39     0.000  1      106.10     0.000  1      126.89     0.000  2
  25.61     0.000  1      107.32     0.000  1      126.98     0.000  2
  26.83     0.000  1      108.54     0.000  1      127.07     0.000  2
  28.05     0.000  1      109.75     0.000  1      127.17     0.000  2
  29.27     0.000  1      110.97     0.000  1      127.26     0.000  2
  30.49     0.000  1      112.19     0.000  1      127.35     0.000  2
  31.71     0.000  1      113.41     0.000  1      127.44     0.000  2
  32.93     0.000  1      114.63     0.000  1      127.53     0.000  2
  34.15     0.000  1      115.85     0.000  1      127.62     0.000  2
  35.37     0.000  1      117.07     0.000  1      127.71     0.000  2
  36.59     0.000  1      118.29     0.000  1      127.81     0.000  2
  37.80     0.000  1      119.51     0.000  1      127.90     0.000  2
  39.02     0.000  1      120.73     0.000  1      127.99     0.000  2
  40.24     0.000  1      121.95     0.000  1      128.08     0.000  2
  41.46     0.000  1      122.04     0.000  2      128.17     0.000  2
  42.68     0.000  1      122.13     0.000  2      128.26     0.000  2
  43.90     0.000  1      122.22     0.000  2      128.35     0.000  2
  45.12     0.000  1      122.32     0.000  2      128.45     0.000  2
  46.34     0.000  1      122.41     0.000  2      128.54     0.000  2
  47.56     0.000  1      122.50     0.000  2      128.63     0.000  2
  48.78     0.000  1      122.59     0.000  2      128.72     0.000  2
  50.00     0.000  1      122.68     0.000  2      128.81     0.000  2
  51.22     0.000  1      122.77     0.000  2      128.90     0.000  2
  52.44     0.000  1      122.87     0.000  2      129.00     0.000  2
  53.66     0.000  1      122.96     0.000  2      129.09     0.000  2
  54.88     0.000  1      123.05     0.000  2      129.18     0.000  2
  56.10     0.000  1      123.14     0.000  2      129.27     0.000  2
  57.32     0.000  1      123.23     0.000  2      129.36     0.000  2
  58.54     0.000  1      123.32     0.000  2      129.45     0.000  2
  59.76     0.000  1      123.41     0.000  2      129.54     0.000  2
  60.98     0.000  1      123.51     0.000  2      129.64     0.000  2
  62.19     0.000  1      123.60     0.000  2      129.73     0.000  2
  63.41     0.000  1      123.69     0.000  2      129.82     0.000  2
  64.63     0.000  1      123.78     0.000  2      129.91     0.000  2
  65.85     0.000  1      123.87     0.000  2      130.00     0.000  2
  67.07     0.000  1      123.96     0.000  2      130.09     0.000  2
  68.29     0.000  1      124.05     0.000  2      130.19     0.000  2
  69.51     0.000  1      124.15     0.000  2      130.28     0.000  2
  70.73     0.000  1      124.24     0.000  2      130.37     0.000  2
  71.95     0.000  1      124.33     0.000  2      130.46     0.000  2
  73.17     0.000  1      124.42     0.000  2      130.55     0.000  2
  74.39     0.000  1      124.51     0.000  2      130.64     0.000  2
  75.61     0.000  1      124.60     0.000  2      130.73     0.000  2
  76.83     0.000  1      124.70     0.000  2      130.83     0.000  2
  78.05     0.000  1      124.79     0.000  2      130.92     0.000  2
  79.27     0.000  1      124.88     0.000  2      131.01     0.000  2
  80.49     0.000  1      124.97     0.000  2      131.10     0.000  2
  81.71     0.000  1      125.06     0.000  2

note:  (+) soil loss - detachment     (-) soil loss - deposition



III. OFF SITE EFFECTS  OFF SITE EFFECTS  OFF SITE EFFECTS
     ----------------  ----------------  ----------------

     A.  SEDIMENT LEAVING PROFILE for year    5     0.000 kg/m



     B.  SEDIMENT CHARACTERISTICS AND ENRICHMENT

     Sediment particle information leaving profile
-------------------------------------------------------------------------------
                                 Particle Composition         Detached Fraction
Class  Diameter  Specific  ---------------------------------  Sediment  In Flow
         (mm)    Gravity   % Sand   % Silt   % Clay   % O.M.  Fraction  Exiting
-------------------------------------------------------------------------------
  1     0.002      2.60      0.0      0.0    100.0     50.0     0.026    0.000
  2     0.010      2.65      0.0    100.0      0.0      0.0     0.070    0.000
  3     0.030      1.80      0.0     71.4     28.6     14.3     0.180    0.000
  4     0.300      1.60     78.2     15.1      6.6      3.3     0.340    0.000
  5     0.200      2.65    100.0      0.0      0.0      0.0     0.384    0.000
-------------------------------------------------------------------------------


     Weighted SSA enrichment ratio leaving profile for year    5 =   0.00


     HILLSLOPE 1 YEARLY SUMMARY FOR    6
     ----------------------------------


I.   RAINFALL AND RUNOFF SUMMARY
     -------- --- ------ -------

      year:      6

         Rainfall         Storm Runoff        Melt Runoff
      events   amount   events   amount     events  amount
                (mm)              (mm)               (mm)

       118     774.80       2      12.48       1       0.00


II.  ON SITE EFFECTS  ON SITE EFFECTS  ON SITE EFFECTS
     ---------------  ---------------  ---------------


  A.  AREA OF NET SOIL LOSS

      ** Soil Loss (Avg. of Net Detachment Areas) =    0.065 kg/m2 **
      ** Maximum Soil Loss  =    0.125 kg/m2 at  121.95 meters **


      Area of    Soil Loss   Soil Loss   MAX   MAX Loss   MIN   MIN Loss
      Net Loss      MEAN      STDEV      Loss    Point    Loss   Point
        (m)       (kg/m2)     (kg/m2)  (kg/m2)    (m)    (kg/m2)  (m)
------------------------------------------------------------------------
   0.00- 131.10    0.065     0.039      0.125  121.95     0.000     1.22



  C.  SOIL LOSS/DEPOSITION ALONG SLOPE PROFILE

          Profile distances are from top to bottom of hillslope


 distance soil  flow    distance   soil  flow    distance   soil  flow
    (m)   loss  elem       (m)     loss  elem       (m)     loss  elem
         (kg/m2)                  (kg/m2)                  (kg/m2)
------------------------------------------------------------------------

   1.22     0.000  1       82.93     0.095  1      125.15     0.106  2
   2.44     0.000  1       84.15     0.096  1      125.24     0.106  2
   3.66     0.000  1       85.37     0.097  1      125.34     0.106  2
   4.88     0.000  1       86.58     0.098  1      125.43     0.107  2
   6.10     0.000  1       87.80     0.099  1      125.52     0.107  2
   7.32     0.000  1       89.02     0.100  1      125.61     0.107  2
   8.54     0.000  1       90.24     0.101  1      125.70     0.107  2
   9.76     0.000  1       91.46     0.102  1      125.79     0.107  2
  10.98     0.000  1       92.68     0.103  1      125.88     0.107  2
  12.20     0.000  1       93.90     0.104  1      125.98     0.107  2
  13.41     0.000  1       95.12     0.105  1      126.07     0.107  2
  14.63     0.000  1       96.34     0.106  1      126.16     0.107  2
  15.85     0.001  1       97.56     0.107  1      126.25     0.107  2
  17.07     0.002  1       98.78     0.108  1      126.34     0.107  2
  18.29     0.004  1      100.00     0.109  1      126.43     0.107  2
  19.51     0.005  1      101.22     0.110  1      126.53     0.107  2
  20.73     0.007  1      102.44     0.111  1      126.62     0.106  2
  21.95     0.008  1      103.66     0.112  1      126.71     0.105  2
  23.17     0.010  1      104.88     0.112  1      126.80     0.103  2
  24.39     0.012  1      106.10     0.113  1      126.89     0.101  2
  25.61     0.014  1      107.32     0.114  1      126.98     0.099  2
  26.83     0.015  1      108.54     0.115  1      127.07     0.098  2
  28.05     0.017  1      109.75     0.116  1      127.17     0.096  2
  29.27     0.019  1      110.97     0.117  1      127.26     0.094  2
  30.49     0.021  1      112.19     0.118  1      127.35     0.093  2
  31.71     0.023  1      113.41     0.119  1      127.44     0.091  2
  32.93     0.025  1      114.63     0.120  1      127.53     0.089  2
  34.15     0.027  1      115.85     0.121  1      127.62     0.087  2
  35.37     0.029  1      117.07     0.122  1      127.71     0.086  2
  36.59     0.031  1      118.29     0.123  1      127.81     0.084  2
  37.80     0.033  1      119.51     0.124  1      127.90     0.082  2
  39.02     0.035  1      120.73     0.125  1      127.99     0.080  2
  40.24     0.037  1      121.95     0.125  1      128.08     0.078  2
  41.46     0.039  1      122.04     0.105  2      128.17     0.077  2
  42.68     0.041  1      122.13     0.105  2      128.26     0.075  2
  43.90     0.043  1      122.22     0.105  2      128.35     0.073  2
  45.12     0.045  1      122.32     0.105  2      128.45     0.071  2
  46.34     0.047  1      122.41     0.105  2      128.54     0.069  2
  47.56     0.049  1      122.50     0.105  2      128.63     0.067  2
  48.78     0.052  1      122.59     0.105  2      128.72     0.065  2
  50.00     0.054  1      122.68     0.105  2      128.81     0.063  2
  51.22     0.056  1      122.77     0.105  2      128.90     0.061  2
  52.44     0.058  1      122.87     0.105  2      129.00     0.059  2
  53.66     0.060  1      122.96     0.105  2      129.09     0.057  2
  54.88     0.063  1      123.05     0.105  2      129.18     0.055  2
  56.10     0.065  1      123.14     0.105  2      129.27     0.053  2
  57.32     0.067  1      123.23     0.106  2      129.36     0.051  2
  58.54     0.070  1      123.32     0.106  2      129.45     0.049  2
  59.76     0.072  1      123.41     0.106  2      129.54     0.047  2
  60.98     0.074  1      123.51     0.106  2      129.64     0.045  2
  62.19     0.076  1      123.60     0.106  2      129.73     0.043  2
  63.41     0.077  1      123.69     0.106  2      129.82     0.041  2
  64.63     0.078  1      123.78     0.106  2      129.91     0.039  2
  65.85     0.079  1      123.87     0.106  2      130.00     0.036  2
  67.07     0.081  1      123.96     0.106  2      130.09     0.034  2
  68.29     0.082  1      124.05     0.106  2      130.19     0.032  2
  69.51     0.083  1      124.15     0.106  2      130.28     0.030  2
  70.73     0.084  1      124.24     0.106  2      130.37     0.027  2
  71.95     0.085  1      124.33     0.106  2      130.46     0.025  2
  73.17     0.086  1      124.42     0.106  2      130.55     0.023  2
  74.39     0.087  1      124.51     0.106  2      130.64     0.020  2
  75.61     0.088  1      124.60     0.106  2      130.73     0.018  2
  76.83     0.089  1      124.70     0.106  2      130.83     0.016  2
  78.05     0.090  1      124.79     0.106  2      130.92     0.013  2
  79.27     0.091  1      124.88     0.106  2      131.01     0.011  2
  80.49     0.093  1      124.97     0.106  2      131.10     0.008  2
  81.71     0.094  1      125.06     0.106  2

note:  (+) soil loss - detachment     (-) soil loss - deposition



III. OFF SITE EFFECTS  OFF SITE EFFECTS  OFF SITE EFFECTS
     ----------------  ----------------  ----------------

     A.  SEDIMENT LEAVING PROFILE for year    6     8.586 kg/m



     B.  SEDIMENT CHARACTERISTICS AND ENRICHMENT

     Sediment particle information leaving profile
-------------------------------------------------------------------------------
                                 Particle Composition         Detached Fraction
Class  Diameter  Specific  ---------------------------------  Sediment  In Flow
         (mm)    Gravity   % Sand   % Silt   % Clay   % O.M.  Fraction  Exiting
-------------------------------------------------------------------------------
  1     0.002      2.60      0.0      0.0    100.0     50.0     0.026    0.027
  2     0.010      2.65      0.0    100.0      0.0      0.0     0.070    0.071
  3     0.030      1.80      0.0     71.4     28.6     14.3     0.180    0.181
  4     0.300      1.60     78.2     15.1      6.6      3.3     0.340    0.339
  5     0.200      2.65    100.0      0.0      0.0      0.0     0.384    0.382
-------------------------------------------------------------------------------


     Weighted SSA enrichment ratio leaving profile for year    6 =   1.01


     HILLSLOPE 1 YEARLY SUMMARY FOR    7
     ----------------------------------


I.   RAINFALL AND RUNOFF SUMMARY
     -------- --- ------ -------

      year:      7

         Rainfall         Storm Runoff        Melt Runoff
      events   amount   events   amount     events  amount
                (mm)              (mm)               (mm)

       129     691.70       0       0.00       0       0.00


II.  ON SITE EFFECTS  ON SITE EFFECTS  ON SITE EFFECTS
     ---------------  ---------------  ---------------




  C.  SOIL LOSS/DEPOSITION ALONG SLOPE PROFILE

          Profile distances are from top to bottom of hillslope


 distance soil  flow    distance   soil  flow    distance   soil  flow
    (m)   loss  elem       (m)     loss  elem       (m)     loss  elem
         (kg/m2)                  (kg/m2)                  (kg/m2)
------------------------------------------------------------------------

   1.22     0.000  1       82.93     0.000  1      125.15     0.000  2
   2.44     0.000  1       84.15     0.000  1      125.24     0.000  2
   3.66     0.000  1       85.37     0.000  1      125.34     0.000  2
   4.88     0.000  1       86.58     0.000  1      125.43     0.000  2
   6.10     0.000  1       87.80     0.000  1      125.52     0.000  2
   7.32     0.000  1       89.02     0.000  1      125.61     0.000  2
   8.54     0.000  1       90.24     0.000  1      125.70     0.000  2
   9.76     0.000  1       91.46     0.000  1      125.79     0.000  2
  10.98     0.000  1       92.68     0.000  1      125.88     0.000  2
  12.20     0.000  1       93.90     0.000  1      125.98     0.000  2
  13.41     0.000  1       95.12     0.000  1      126.07     0.000  2
  14.63     0.000  1       96.34     0.000  1      126.16     0.000  2
  15.85     0.000  1       97.56     0.000  1      126.25     0.000  2
  17.07     0.000  1       98.78     0.000  1      126.34     0.000  2
  18.29     0.000  1      100.00     0.000  1      126.43     0.000  2
  19.51     0.000  1      101.22     0.000  1      126.53     0.000  2
  20.73     0.000  1      102.44     0.000  1      126.62     0.000  2
  21.95     0.000  1      103.66     0.000  1      126.71     0.000  2
  23.17     0.000  1      104.88     0.000  1      126.80     0.000  2
  24.39     0.000  1      106.10     0.000  1      126.89     0.000  2
  25.61     0.000  1      107.32     0.000  1      126.98     0.000  2
  26.83     0.000  1      108.54     0.000  1      127.07     0.000  2
  28.05     0.000  1      109.75     0.000  1      127.17     0.000  2
  29.27     0.000  1      110.97     0.000  1      127.26     0.000  2
  30.49     0.000  1      112.19     0.000  1      127.35     0.000  2
  31.71     0.000  1      113.41     0.000  1      127.44     0.000  2
  32.93     0.000  1      114.63     0.000  1      127.53     0.000  2
  34.15     0.000  1      115.85     0.000  1      127.62     0.000  2
  35.37     0.000  1      117.07     0.000  1      127.71     0.000  2
  36.59     0.000  1      118.29     0.000  1      127.81     0.000  2
  37.80     0.000  1      119.51     0.000  1      127.90     0.000  2
  39.02     0.000  1      120.73     0.000  1      127.99     0.000  2
  40.24     0.000  1      121.95     0.000  1      128.08     0.000  2
  41.46     0.000  1      122.04     0.000  2      128.17     0.000  2
  42.68     0.000  1      122.13     0.000  2      128.26     0.000  2
  43.90     0.000  1      122.22     0.000  2      128.35     0.000  2
  45.12     0.000  1      122.32     0.000  2      128.45     0.000  2
  46.34     0.000  1      122.41     0.000  2      128.54     0.000  2
  47.56     0.000  1      122.50     0.000  2      128.63     0.000  2
  48.78     0.000  1      122.59     0.000  2      128.72     0.000  2
  50.00     0.000  1      122.68     0.000  2      128.81     0.000  2
  51.22     0.000  1      122.77     0.000  2      128.90     0.000  2
  52.44     0.000  1      122.87     0.000  2      129.00     0.000  2
  53.66     0.000  1      122.96     0.000  2      129.09     0.000  2
  54.88     0.000  1      123.05     0.000  2      129.18     0.000  2
  56.10     0.000  1      123.14     0.000  2      129.27     0.000  2
  57.32     0.000  1      123.23     0.000  2      129.36     0.000  2
  58.54     0.000  1      123.32     0.000  2      129.45     0.000  2
  59.76     0.000  1      123.41     0.000  2      129.54     0.000  2
  60.98     0.000  1      123.51     0.000  2      129.64     0.000  2
  62.19     0.000  1      123.60     0.000  2      129.73     0.000  2
  63.41     0.000  1      123.69     0.000  2      129.82     0.000  2
  64.63     0.000  1      123.78     0.000  2      129.91     0.000  2
  65.85     0.000  1      123.87     0.000  2      130.00     0.000  2
  67.07     0.000  1      123.96     0.000  2      130.09     0.000  2
  68.29     0.000  1      124.05     0.000  2      130.19     0.000  2
  69.51     0.000  1      124.15     0.000  2      130.28     0.000  2
  70.73     0.000  1      124.24     0.000  2      130.37     0.000  2
  71.95     0.000  1      124.33     0.000  2      130.46     0.000  2
  73.17     0.000  1      124.42     0.000  2      130.55     0.000  2
  74.39     0.000  1      124.51     0.000  2      130.64     0.000  2
  75.61     0.000  1      124.60     0.000  2      130.73     0.000  2
  76.83     0.000  1      124.70     0.000  2      130.83     0.000  2
  78.05     0.000  1      124.79     0.000  2      130.92     0.000  2
  79.27     0.000  1      124.88     0.000  2      131.01     0.000  2
  80.49     0.000  1      124.97     0.000  2      131.10     0.000  2
  81.71     0.000  1      125.06     0.000  2

note:  (+) soil loss - detachment     (-) soil loss - deposition



III. OFF SITE EFFECTS  OFF SITE EFFECTS  OFF SITE EFFECTS
     ----------------  ----------------  ----------------

     A.  SEDIMENT LEAVING PROFILE for year    7     0.000 kg/m



     B.  SEDIMENT CHARACTERISTICS AND ENRICHMENT

     Sediment particle information leaving profile
-------------------------------------------------------------------------------
                                 Particle Composition         Detached Fraction
Class  Diameter  Specific  ---------------------------------  Sediment  In Flow
         (mm)    Gravity   % Sand   % Silt   % Clay   % O.M.  Fraction  Exiting
-------------------------------------------------------------------------------
  1     0.002      2.60      0.0      0.0    100.0     50.0     0.026    0.000
  2     0.010      2.65      0.0    100.0      0.0      0.0     0.070    0.000
  3     0.030      1.80      0.0     71.4     28.6     14.3     0.180    0.000
  4     0.300      1.60     78.2     15.1      6.6      3.3     0.340    0.000
  5     0.200      2.65    100.0      0.0      0.0      0.0     0.384    0.000
-------------------------------------------------------------------------------


     Weighted SSA enrichment ratio leaving profile for year    7 =   0.00


     HILLSLOPE 1 YEARLY SUMMARY FOR    8
     ----------------------------------


I.   RAINFALL AND RUNOFF SUMMARY
     -------- --- ------ -------

      year:      8

         Rainfall         Storm Runoff        Melt Runoff
      events   amount   events   amount     events  amount
                (mm)              (mm)               (mm)

       128     772.80       4       0.35       1       0.83


II.  ON SITE EFFECTS  ON SITE EFFECTS  ON SITE EFFECTS
     ---------------  ---------------  ---------------


  A.  AREA OF NET SOIL LOSS

      ** Soil Loss (Avg. of Net Detachment Areas) =    0.021 kg/m2 **
      ** Maximum Soil Loss  =    0.045 kg/m2 at  121.95 meters **


      Area of    Soil Loss   Soil Loss   MAX   MAX Loss   MIN   MIN Loss
      Net Loss      MEAN      STDEV      Loss    Point    Loss   Point
        (m)       (kg/m2)     (kg/m2)  (kg/m2)    (m)    (kg/m2)  (m)
------------------------------------------------------------------------
   0.00- 128.90    0.021     0.013      0.045  121.95     0.000     1.22

  B.  AREA OF SOIL DEPOSITION

      ** Soil Deposition (Avg. of Net Deposition Areas) =    -0.233 kg/m2 **
      ** Maximum Soil Deposition  =    -1.375 kg/m2 at  131.10 meters **

      Area of    Soil Dep   Soil Dep     MAX    MAX Dep   MIN   MIN Dep
      Net Dep       MEAN     STDEV       Dep     Point    Dep    Point
        (m)       (kg/m2)    (kg/m2)   (kg/m2)    (m)    (kg/m2)  (m)
------------------------------------------------------------------------
 128.90- 131.10   -0.233     0.407     -1.375  131.10    -0.012   129.00



  C.  SOIL LOSS/DEPOSITION ALONG SLOPE PROFILE

          Profile distances are from top to bottom of hillslope


 distance soil  flow    distance   soil  flow    distance   soil  flow
    (m)   loss  elem       (m)     loss  elem       (m)     loss  elem
         (kg/m2)                  (kg/m2)                  (kg/m2)
------------------------------------------------------------------------

   1.22     0.000  1       82.93     0.032  1      125.15     0.016  2
   2.44     0.000  1       84.15     0.033  1      125.24     0.016  2
   3.66     0.000  1       85.37     0.033  1      125.34     0.015  2
   4.88     0.000  1       86.58     0.034  1      125.43     0.015  2
   6.10     0.000  1       87.80     0.034  1      125.52     0.015  2
   7.32     0.000  1       89.02     0.034  1      125.61     0.015  2
   8.54     0.000  1       90.24     0.035  1      125.70     0.015  2
   9.76     0.000  1       91.46     0.035  1      125.79     0.015  2
  10.98     0.000  1       92.68     0.036  1      125.88     0.015  2
  12.20     0.000  1       93.90     0.036  1      125.98     0.014  2
  13.41     0.000  1       95.12     0.036  1      126.07     0.014  2
  14.63     0.000  1       96.34     0.037  1      126.16     0.014  2
  15.85     0.000  1       97.56     0.037  1      126.25     0.014  2
  17.07     0.000  1       98.78     0.037  1      126.34     0.014  2
  18.29     0.000  1      100.00     0.038  1      126.43     0.014  2
  19.51     0.000  1      101.22     0.038  1      126.53     0.013  2
  20.73     0.000  1      102.44     0.039  1      126.62     0.013  2
  21.95     0.000  1      103.66     0.039  1      126.71     0.013  2
  23.17     0.001  1      104.88     0.039  1      126.80     0.012  2
  24.39     0.002  1      106.10     0.040  1      126.89     0.012  2
  25.61     0.002  1      107.32     0.040  1      126.98     0.011  2
  26.83     0.003  1      108.54     0.041  1      127.07     0.011  2
  28.05     0.004  1      109.75     0.041  1      127.17     0.011  2
  29.27     0.004  1      110.97     0.041  1      127.26     0.010  2
  30.49     0.005  1      112.19     0.042  1      127.35     0.010  2
  31.71     0.006  1      113.41     0.042  1      127.44     0.009  2
  32.93     0.006  1      114.63     0.043  1      127.53     0.009  2
  34.15     0.007  1      115.85     0.043  1      127.62     0.008  2
  35.37     0.008  1      117.07     0.043  1      127.71     0.008  2
  36.59     0.008  1      118.29     0.044  1      127.81     0.008  2
  37.80     0.009  1      119.51     0.044  1      127.90     0.007  2
  39.02     0.010  1      120.73     0.045  1      127.99     0.007  2
  40.24     0.011  1      121.95     0.045  1      128.08     0.006  2
  41.46     0.011  1      122.04     0.020  2      128.17     0.006  2
  42.68     0.012  1      122.13     0.020  2      128.26     0.006  2
  43.90     0.013  1      122.22     0.020  2      128.35     0.005  2
  45.12     0.014  1      122.32     0.020  2      128.45     0.005  2
  46.34     0.015  1      122.41     0.020  2      128.54     0.004  2
  47.56     0.015  1      122.50     0.020  2      128.63     0.004  2
  48.78     0.016  1      122.59     0.020  2      128.72     0.004  2
  50.00     0.017  1      122.68     0.019  2      128.81     0.003  2
  51.22     0.018  1      122.77     0.019  2      128.90     0.002  2
  52.44     0.019  1      122.87     0.019  2      129.00    -0.012  2
  53.66     0.020  1      122.96     0.019  2      129.09    -0.026  2
  54.88     0.020  1      123.05     0.019  2      129.18    -0.035  2
  56.10     0.021  1      123.14     0.019  2      129.27    -0.041  2
  57.32     0.022  1      123.23     0.019  2      129.36    -0.045  2
  58.54     0.023  1      123.32     0.018  2      129.45    -0.047  2
  59.76     0.024  1      123.41     0.018  2      129.54    -0.047  2
  60.98     0.025  1      123.51     0.018  2      129.64    -0.047  2
  62.19     0.026  1      123.60     0.018  2      129.73    -0.046  2
  63.41     0.026  1      123.69     0.018  2      129.82    -0.045  2
  64.63     0.026  1      123.78     0.018  2      129.91    -0.044  2
  65.85     0.027  1      123.87     0.018  2      130.00    -0.042  2
  67.07     0.027  1      123.96     0.018  2      130.09    -0.040  2
  68.29     0.028  1      124.05     0.017  2      130.19    -0.038  2
  69.51     0.028  1      124.15     0.017  2      130.28    -0.036  2
  70.73     0.028  1      124.24     0.017  2      130.37    -0.034  2
  71.95     0.029  1      124.33     0.017  2      130.46    -0.033  2
  73.17     0.029  1      124.42     0.017  2      130.55    -0.031  2
  74.39     0.030  1      124.51     0.017  2      130.64    -0.146  2
  75.61     0.030  1      124.60     0.017  2      130.73    -0.459  2
  76.83     0.031  1      124.70     0.016  2      130.83    -0.743  2
  78.05     0.031  1      124.79     0.016  2      130.92    -0.988  2
  79.27     0.031  1      124.88     0.016  2      131.01    -1.198  2
  80.49     0.032  1      124.97     0.016  2      131.10    -1.375  2
  81.71     0.032  1      125.06     0.016  2

note:  (+) soil loss - detachment     (-) soil loss - deposition



III. OFF SITE EFFECTS  OFF SITE EFFECTS  OFF SITE EFFECTS
     ----------------  ----------------  ----------------

     A.  SEDIMENT LEAVING PROFILE for year    8     2.215 kg/m



     B.  SEDIMENT CHARACTERISTICS AND ENRICHMENT

     Sediment particle information leaving profile
-------------------------------------------------------------------------------
                                 Particle Composition         Detached Fraction
Class  Diameter  Specific  ---------------------------------  Sediment  In Flow
         (mm)    Gravity   % Sand   % Silt   % Clay   % O.M.  Fraction  Exiting
-------------------------------------------------------------------------------
  1     0.002      2.60      0.0      0.0    100.0     50.0     0.026    0.032
  2     0.010      2.65      0.0    100.0      0.0      0.0     0.070    0.084
  3     0.030      1.80      0.0     71.4     28.6     14.3     0.180    0.216
  4     0.300      1.60     78.2     15.1      6.6      3.3     0.340    0.407
  5     0.200      2.65    100.0      0.0      0.0      0.0     0.384    0.261
-------------------------------------------------------------------------------


     Weighted SSA enrichment ratio leaving profile for year    8 =   1.20


     HILLSLOPE 1 YEARLY SUMMARY FOR    9
     ----------------------------------


I.   RAINFALL AND RUNOFF SUMMARY
     -------- --- ------ -------

      year:      9

         Rainfall         Storm Runoff        Melt Runoff
      events   amount   events   amount     events  amount
                (mm)              (mm)               (mm)

       123     814.30       1       0.09       0       0.00


II.  ON SITE EFFECTS  ON SITE EFFECTS  ON SITE EFFECTS
     ---------------  ---------------  ---------------


  A.  AREA OF NET SOIL LOSS

      ** Soil Loss (Avg. of Net Detachment Areas) =    0.001 kg/m2 **
      ** Maximum Soil Loss  =    0.003 kg/m2 at  121.95 meters **


      Area of    Soil Loss   Soil Loss   MAX   MAX Loss   MIN   MIN Loss
      Net Loss      MEAN      STDEV      Loss    Point    Loss   Point
        (m)       (kg/m2)     (kg/m2)  (kg/m2)    (m)    (kg/m2)  (m)
------------------------------------------------------------------------
   0.00- 127.71    0.001     0.001      0.003  121.95     0.000   127.71



  C.  SOIL LOSS/DEPOSITION ALONG SLOPE PROFILE

          Profile distances are from top to bottom of hillslope


 distance soil  flow    distance   soil  flow    distance   soil  flow
    (m)   loss  elem       (m)     loss  elem       (m)     loss  elem
         (kg/m2)                  (kg/m2)                  (kg/m2)
------------------------------------------------------------------------

   1.22     0.000  1       82.93     0.002  1      125.15     0.001  2
   2.44     0.000  1       84.15     0.002  1      125.24     0.001  2
   3.66     0.000  1       85.37     0.002  1      125.34     0.001  2
   4.88     0.000  1       86.58     0.002  1      125.43     0.001  2
   6.10     0.000  1       87.80     0.002  1      125.52     0.001  2
   7.32     0.000  1       89.02     0.002  1      125.61     0.001  2
   8.54     0.000  1       90.24     0.002  1      125.70     0.001  2
   9.76     0.000  1       91.46     0.002  1      125.79     0.001  2
  10.98     0.000  1       92.68     0.002  1      125.88     0.001  2
  12.20     0.000  1       93.90     0.002  1      125.98     0.001  2
  13.41     0.000  1       95.12     0.002  1      126.07     0.001  2
  14.63     0.000  1       96.34     0.002  1      126.16     0.001  2
  15.85     0.000  1       97.56     0.002  1      126.25     0.000  2
  17.07     0.000  1       98.78     0.002  1      126.34     0.000  2
  18.29     0.000  1      100.00     0.002  1      126.43     0.000  2
  19.51     0.000  1      101.22     0.002  1      126.53     0.000  2
  20.73     0.000  1      102.44     0.002  1      126.62     0.000  2
  21.95     0.000  1      103.66     0.002  1      126.71     0.000  2
  23.17     0.000  1      104.88     0.002  1      126.80     0.000  2
  24.39     0.000  1      106.10     0.002  1      126.89     0.000  2
  25.61     0.000  1      107.32     0.002  1      126.98     0.000  2
  26.83     0.000  1      108.54     0.002  1      127.07     0.000  2
  28.05     0.000  1      109.75     0.002  1      127.17     0.000  2
  29.27     0.000  1      110.97     0.002  1      127.26     0.000  2
  30.49     0.000  1      112.19     0.002  1      127.35     0.000  2
  31.71     0.000  1      113.41     0.002  1      127.44     0.000  2
  32.93     0.000  1      114.63     0.002  1      127.53     0.000  2
  34.15     0.000  1      115.85     0.002  1      127.62     0.000  2
  35.37     0.000  1      117.07     0.002  1      127.71     0.000  2
  36.59     0.000  1      118.29     0.003  1      127.81     0.000  2
  37.80     0.000  1      119.51     0.003  1      127.90     0.000  2
  39.02     0.000  1      120.73     0.003  1      127.99     0.000  2
  40.24     0.000  1      121.95     0.003  1      128.08     0.000  2
  41.46     0.000  1      122.04     0.001  2      128.17     0.000  2
  42.68     0.000  1      122.13     0.001  2      128.26     0.000  2
  43.90     0.000  1      122.22     0.001  2      128.35     0.000  2
  45.12     0.000  1      122.32     0.001  2      128.45     0.000  2
  46.34     0.000  1      122.41     0.001  2      128.54     0.000  2
  47.56     0.000  1      122.50     0.001  2      128.63     0.000  2
  48.78     0.001  1      122.59     0.001  2      128.72     0.000  2
  50.00     0.001  1      122.68     0.001  2      128.81     0.000  2
  51.22     0.001  1      122.77     0.001  2      128.90     0.000  2
  52.44     0.001  1      122.87     0.001  2      129.00     0.000  2
  53.66     0.001  1      122.96     0.001  2      129.09     0.000  2
  54.88     0.001  1      123.05     0.001  2      129.18     0.000  2
  56.10     0.001  1      123.14     0.001  2      129.27     0.000  2
  57.32     0.001  1      123.23     0.001  2      129.36     0.000  2
  58.54     0.001  1      123.32     0.001  2      129.45     0.000  2
  59.76     0.001  1      123.41     0.001  2      129.54     0.000  2
  60.98     0.001  1      123.51     0.001  2      129.64     0.000  2
  62.19     0.001  1      123.60     0.001  2      129.73     0.000  2
  63.41     0.001  1      123.69     0.001  2      129.82     0.000  2
  64.63     0.001  1      123.78     0.001  2      129.91     0.000  2
  65.85     0.001  1      123.87     0.001  2      130.00     0.000  2
  67.07     0.001  1      123.96     0.001  2      130.09     0.000  2
  68.29     0.001  1      124.05     0.001  2      130.19     0.000  2
  69.51     0.001  1      124.15     0.001  2      130.28     0.000  2
  70.73     0.001  1      124.24     0.001  2      130.37     0.000  2
  71.95     0.001  1      124.33     0.001  2      130.46     0.000  2
  73.17     0.001  1      124.42     0.001  2      130.55     0.000  2
  74.39     0.002  1      124.51     0.001  2      130.64     0.000  2
  75.61     0.002  1      124.60     0.001  2      130.73     0.000  2
  76.83     0.002  1      124.70     0.001  2      130.83     0.000  2
  78.05     0.002  1      124.79     0.001  2      130.92     0.000  2
  79.27     0.002  1      124.88     0.001  2      131.01     0.000  2
  80.49     0.002  1      124.97     0.001  2      131.10     0.000  2
  81.71     0.002  1      125.06     0.001  2

note:  (+) soil loss - detachment     (-) soil loss - deposition



III. OFF SITE EFFECTS  OFF SITE EFFECTS  OFF SITE EFFECTS
     ----------------  ----------------  ----------------

     A.  SEDIMENT LEAVING PROFILE for year    9     0.135 kg/m



     B.  SEDIMENT CHARACTERISTICS AND ENRICHMENT

     Sediment particle information leaving profile
-------------------------------------------------------------------------------
                                 Particle Composition         Detached Fraction
Class  Diameter  Specific  ---------------------------------  Sediment  In Flow
         (mm)    Gravity   % Sand   % Silt   % Clay   % O.M.  Fraction  Exiting
-------------------------------------------------------------------------------
  1     0.002      2.60      0.0      0.0    100.0     50.0     0.026    0.027
  2     0.010      2.65      0.0    100.0      0.0      0.0     0.070    0.072
  3     0.030      1.80      0.0     71.4     28.6     14.3     0.180    0.182
  4     0.300      1.60     78.2     15.1      6.6      3.3     0.340    0.338
  5     0.200      2.65    100.0      0.0      0.0      0.0     0.384    0.381
-------------------------------------------------------------------------------


     Weighted SSA enrichment ratio leaving profile for year    9 =   1.01


     HILLSLOPE 1 YEARLY SUMMARY FOR   10
     ----------------------------------


I.   RAINFALL AND RUNOFF SUMMARY
     -------- --- ------ -------

      year:     10

         Rainfall         Storm Runoff        Melt Runoff
      events   amount   events   amount     events  amount
                (mm)              (mm)               (mm)

       112     630.30       1       0.02       0       0.00


II.  ON SITE EFFECTS  ON SITE EFFECTS  ON SITE EFFECTS
     ---------------  ---------------  ---------------


  A.  AREA OF NET SOIL LOSS

      ** Soil Loss (Avg. of Net Detachment Areas) =    0.001 kg/m2 **
      ** Maximum Soil Loss  =    0.002 kg/m2 at  121.95 meters **


      Area of    Soil Loss   Soil Loss   MAX   MAX Loss   MIN   MIN Loss
      Net Loss      MEAN      STDEV      Loss    Point    Loss   Point
        (m)       (kg/m2)     (kg/m2)  (kg/m2)    (m)    (kg/m2)  (m)
------------------------------------------------------------------------
   0.00- 126.25    0.001     0.001      0.002  121.95     0.000   126.25

  B.  AREA OF SOIL DEPOSITION

      ** Soil Deposition (Avg. of Net Deposition Areas) =    -0.059 kg/m2 **
      ** Maximum Soil Deposition  =    -0.077 kg/m2 at  130.09 meters **

      Area of    Soil Dep   Soil Dep     MAX    MAX Dep   MIN   MIN Dep
      Net Dep       MEAN     STDEV       Dep     Point    Dep    Point
        (m)       (kg/m2)    (kg/m2)   (kg/m2)    (m)    (kg/m2)  (m)
------------------------------------------------------------------------
 129.54- 131.10   -0.059     0.019     -0.077  130.09    -0.002   129.64



  C.  SOIL LOSS/DEPOSITION ALONG SLOPE PROFILE

          Profile distances are from top to bottom of hillslope


 distance soil  flow    distance   soil  flow    distance   soil  flow
    (m)   loss  elem       (m)     loss  elem       (m)     loss  elem
         (kg/m2)                  (kg/m2)                  (kg/m2)
------------------------------------------------------------------------

   1.22     0.000  1       82.93     0.002  1      125.15     0.000  2
   2.44     0.000  1       84.15     0.002  1      125.24     0.000  2
   3.66     0.000  1       85.37     0.002  1      125.34     0.000  2
   4.88     0.000  1       86.58     0.002  1      125.43     0.000  2
   6.10     0.000  1       87.80     0.002  1      125.52     0.000  2
   7.32     0.000  1       89.02     0.002  1      125.61     0.000  2
   8.54     0.000  1       90.24     0.002  1      125.70     0.000  2
   9.76     0.000  1       91.46     0.002  1      125.79     0.000  2
  10.98     0.000  1       92.68     0.002  1      125.88     0.000  2
  12.20     0.000  1       93.90     0.002  1      125.98     0.000  2
  13.41     0.000  1       95.12     0.002  1      126.07     0.000  2
  14.63     0.000  1       96.34     0.002  1      126.16     0.000  2
  15.85     0.000  1       97.56     0.002  1      126.25     0.000  2
  17.07     0.000  1       98.78     0.002  1      126.34     0.000  2
  18.29     0.000  1      100.00     0.002  1      126.43     0.000  2
  19.51     0.000  1      101.22     0.002  1      126.53     0.000  2
  20.73     0.000  1      102.44     0.002  1      126.62     0.000  2
  21.95     0.000  1      103.66     0.002  1      126.71     0.000  2
  23.17     0.000  1      104.88     0.002  1      126.80     0.000  2
  24.39     0.000  1      106.10     0.002  1      126.89     0.000  2
  25.61     0.000  1      107.32     0.002  1      126.98     0.000  2
  26.83     0.000  1      108.54     0.002  1      127.07     0.000  2
  28.05     0.000  1      109.75     0.002  1      127.17     0.000  2
  29.27     0.000  1      110.97     0.002  1      127.26     0.000  2
  30.49     0.000  1      112.19     0.002  1      127.35     0.000  2
  31.71     0.000  1      113.41     0.002  1      127.44     0.000  2
  32.93     0.000  1      114.63     0.002  1      127.53     0.000  2
  34.15     0.000  1      115.85     0.002  1      127.62     0.000  2
  35.37     0.000  1      117.07     0.002  1      127.71     0.000  2
  36.59     0.000  1      118.29     0.002  1      127.81     0.000  2
  37.80     0.000  1      119.51     0.002  1      127.90     0.000  2
  39.02     0.000  1      120.73     0.002  1      127.99     0.000  2
  40.24     0.000  1      121.95     0.002  1      128.08     0.000  2
  41.46     0.000  1      122.04     0.000  2      128.17     0.000  2
  42.68     0.000  1      122.13     0.000  2      128.26     0.000  2
  43.90     0.000  1      122.22     0.000  2      128.35     0.000  2
  45.12     0.000  1      122.32     0.000  2      128.45     0.000  2
  46.34     0.000  1      122.41     0.000  2      128.54     0.000  2
  47.56     0.000  1      122.50     0.000  2      128.63     0.000  2
  48.78     0.000  1      122.59     0.000  2      128.72     0.000  2
  50.00     0.000  1      122.68     0.000  2      128.81     0.000  2
  51.22     0.001  1      122.77     0.000  2      128.90     0.000  2
  52.44     0.001  1      122.87     0.000  2      129.00     0.000  2
  53.66     0.001  1      122.96     0.000  2      129.09     0.000  2
  54.88     0.001  1      123.05     0.000  2      129.18     0.000  2
  56.10     0.001  1      123.14     0.000  2      129.27     0.000  2
  57.32     0.001  1      123.23     0.000  2      129.36     0.000  2
  58.54     0.001  1      123.32     0.000  2      129.45     0.000  2
  59.76     0.001  1      123.41     0.000  2      129.54     0.000  2
  60.98     0.001  1      123.51     0.000  2      129.64    -0.002  2
  62.19     0.001  1      123.60     0.000  2      129.73    -0.029  2
  63.41     0.001  1      123.69     0.000  2      129.82    -0.055  2
  64.63     0.001  1      123.78     0.000  2      129.91    -0.068  2
  65.85     0.001  1      123.87     0.000  2      130.00    -0.074  2
  67.07     0.001  1      123.96     0.000  2      130.09    -0.077  2
  68.29     0.001  1      124.05     0.000  2      130.19    -0.076  2
  69.51     0.001  1      124.15     0.000  2      130.28    -0.075  2
  70.73     0.001  1      124.24     0.000  2      130.37    -0.072  2
  71.95     0.001  1      124.33     0.000  2      130.46    -0.070  2
  73.17     0.001  1      124.42     0.000  2      130.55    -0.067  2
  74.39     0.001  1      124.51     0.000  2      130.64    -0.063  2
  75.61     0.001  1      124.60     0.000  2      130.73    -0.060  2
  76.83     0.001  1      124.70     0.000  2      130.83    -0.057  2
  78.05     0.001  1      124.79     0.000  2      130.92    -0.054  2
  79.27     0.001  1      124.88     0.000  2      131.01    -0.051  2
  80.49     0.001  1      124.97     0.000  2      131.10    -0.047  2
  81.71     0.002  1      125.06     0.000  2

note:  (+) soil loss - detachment     (-) soil loss - deposition



III. OFF SITE EFFECTS  OFF SITE EFFECTS  OFF SITE EFFECTS
     ----------------  ----------------  ----------------

     A.  SEDIMENT LEAVING PROFILE for year   10     0.027 kg/m



     B.  SEDIMENT CHARACTERISTICS AND ENRICHMENT

     Sediment particle information leaving profile
-------------------------------------------------------------------------------
                                 Particle Composition         Detached Fraction
Class  Diameter  Specific  ---------------------------------  Sediment  In Flow
         (mm)    Gravity   % Sand   % Silt   % Clay   % O.M.  Fraction  Exiting
-------------------------------------------------------------------------------
  1     0.002      2.60      0.0      0.0    100.0     50.0     0.026    0.109
  2     0.010      2.65      0.0    100.0      0.0      0.0     0.070    0.080
  3     0.030      1.80      0.0     71.4     28.6     14.3     0.180    0.366
  4     0.300      1.60     78.2     15.1      6.6      3.3     0.340    0.372
  5     0.200      2.65    100.0      0.0      0.0      0.0     0.384    0.073
-------------------------------------------------------------------------------


     Weighted SSA enrichment ratio leaving profile for year   10 =   2.34


     ANNUAL AVERAGE SUMMARIES
     ------------------------


I.   RAINFALL AND RUNOFF SUMMARY
     -------- --- ------ -------

      total summary:  years    1 -   10

      1194 storms produced                         7505.80 mm of precipitation
        16 rain storm runoff events produced         33.27 mm of runoff
         3 snow melts and/or
             events during winter produced            1.10 mm of runoff

      annual averages
      ---------------

        Number of years                                   10
        Mean annual precipitation                     750.58    mm
        Mean annual runoff from rainfall                3.33    mm
        Mean annual runoff from snow melt
          and/or rain storm during winter               0.11    mm



II.  ON SITE EFFECTS  ON SITE EFFECTS  ON SITE EFFECTS
     ---------------  ---------------  ---------------


  A.  AREA OF NET SOIL LOSS

      ** Soil Loss (Avg. of Net Detachment Areas) =    0.019 kg/m2 **
      ** Maximum Soil Loss  =    0.037 kg/m2 at  121.95 meters **


      Area of    Soil Loss   Soil Loss   MAX   MAX Loss   MIN   MIN Loss
      Net Loss      MEAN      STDEV      Loss    Point    Loss   Point
        (m)       (kg/m2)     (kg/m2)  (kg/m2)    (m)    (kg/m2)  (m)
------------------------------------------------------------------------
   0.00- 129.82    0.019     0.011      0.037  121.95     0.000     1.22

  B.  AREA OF SOIL DEPOSITION

      ** Soil Deposition (Avg. of Net Deposition Areas) =    -0.037 kg/m2 **
      ** Maximum Soil Deposition  =    -0.140 kg/m2 at  131.10 meters **

      Area of    Soil Dep   Soil Dep     MAX    MAX Dep   MIN   MIN Dep
      Net Dep       MEAN     STDEV       Dep     Point    Dep    Point
        (m)       (kg/m2)    (kg/m2)   (kg/m2)    (m)    (kg/m2)  (m)
------------------------------------------------------------------------
 129.82- 131.10   -0.037     0.050     -0.140  131.10    -0.001   129.91



  C.  SOIL LOSS/DEPOSITION ALONG SLOPE PROFILE

          Profile distances are from top to bottom of hillslope


 distance soil  flow    distance   soil  flow    distance   soil  flow
    (m)   loss  elem       (m)     loss  elem       (m)     loss  elem
         (kg/m2)                  (kg/m2)                  (kg/m2)
------------------------------------------------------------------------

   1.22     0.000  1       82.93     0.028  1      125.15     0.028  2
   2.44     0.000  1       84.15     0.028  1      125.24     0.028  2
   3.66     0.000  1       85.37     0.028  1      125.34     0.028  2
   4.88     0.000  1       86.58     0.029  1      125.43     0.028  2
   6.10     0.000  1       87.80     0.029  1      125.52     0.028  2
   7.32     0.000  1       89.02     0.029  1      125.61     0.028  2
   8.54     0.000  1       90.24     0.030  1      125.70     0.028  2
   9.76     0.000  1       91.46     0.030  1      125.79     0.028  2
  10.98     0.000  1       92.68     0.030  1      125.88     0.028  2
  12.20     0.000  1       93.90     0.030  1      125.98     0.028  2
  13.41     0.000  1       95.12     0.031  1      126.07     0.028  2
  14.63     0.000  1       96.34     0.031  1      126.16     0.028  2
  15.85     0.001  1       97.56     0.031  1      126.25     0.028  2
  17.07     0.001  1       98.78     0.032  1      126.34     0.028  2
  18.29     0.001  1      100.00     0.032  1      126.43     0.028  2
  19.51     0.002  1      101.22     0.032  1      126.53     0.028  2
  20.73     0.002  1      102.44     0.033  1      126.62     0.028  2
  21.95     0.002  1      103.66     0.033  1      126.71     0.027  2
  23.17     0.003  1      104.88     0.033  1      126.80     0.027  2
  24.39     0.003  1      106.10     0.034  1      126.89     0.026  2
  25.61     0.004  1      107.32     0.034  1      126.98     0.026  2
  26.83     0.004  1      108.54     0.034  1      127.07     0.026  2
  28.05     0.005  1      109.75     0.034  1      127.17     0.025  2
  29.27     0.005  1      110.97     0.035  1      127.26     0.025  2
  30.49     0.006  1      112.19     0.035  1      127.35     0.024  2
  31.71     0.006  1      113.41     0.035  1      127.44     0.024  2
  32.93     0.007  1      114.63     0.036  1      127.53     0.023  2
  34.15     0.008  1      115.85     0.036  1      127.62     0.023  2
  35.37     0.008  1      117.07     0.036  1      127.71     0.022  2
  36.59     0.009  1      118.29     0.036  1      127.81     0.022  2
  37.80     0.009  1      119.51     0.037  1      127.90     0.021  2
  39.02     0.010  1      120.73     0.037  1      127.99     0.021  2
  40.24     0.010  1      121.95     0.037  1      128.08     0.020  2
  41.46     0.011  1      122.04     0.029  2      128.17     0.020  2
  42.68     0.012  1      122.13     0.029  2      128.26     0.019  2
  43.90     0.012  1      122.22     0.029  2      128.35     0.019  2
  45.12     0.013  1      122.32     0.029  2      128.45     0.018  2
  46.34     0.014  1      122.41     0.029  2      128.54     0.018  2
  47.56     0.014  1      122.50     0.029  2      128.63     0.017  2
  48.78     0.015  1      122.59     0.029  2      128.72     0.017  2
  50.00     0.016  1      122.68     0.029  2      128.81     0.016  2
  51.22     0.016  1      122.77     0.029  2      128.90     0.016  2
  52.44     0.017  1      122.87     0.029  2      129.00     0.014  2
  53.66     0.017  1      122.96     0.029  2      129.09     0.012  2
  54.88     0.018  1      123.05     0.029  2      129.18     0.010  2
  56.10     0.019  1      123.14     0.029  2      129.27     0.009  2
  57.32     0.020  1      123.23     0.028  2      129.36     0.008  2
  58.54     0.020  1      123.32     0.028  2      129.45     0.008  2
  59.76     0.021  1      123.41     0.028  2      129.54     0.007  2
  60.98     0.022  1      123.51     0.028  2      129.64     0.006  2
  62.19     0.022  1      123.60     0.028  2      129.73     0.003  2
  63.41     0.022  1      123.69     0.028  2      129.82     0.000  2
  64.63     0.023  1      123.78     0.028  2      129.91    -0.001  2
  65.85     0.023  1      123.87     0.028  2      130.00    -0.002  2
  67.07     0.023  1      123.96     0.028  2      130.09    -0.003  2
  68.29     0.024  1      124.05     0.028  2      130.19    -0.003  2
  69.51     0.024  1      124.15     0.028  2      130.28    -0.004  2
  70.73     0.024  1      124.24     0.028  2      130.37    -0.004  2
  71.95     0.025  1      124.33     0.028  2      130.46    -0.004  2
  73.17     0.025  1      124.42     0.028  2      130.55    -0.004  2
  74.39     0.025  1      124.51     0.028  2      130.64    -0.015  2
  75.61     0.026  1      124.60     0.028  2      130.73    -0.047  2
  76.83     0.026  1      124.70     0.028  2      130.83    -0.076  2
  78.05     0.026  1      124.79     0.028  2      130.92    -0.100  2
  79.27     0.027  1      124.88     0.028  2      131.01    -0.122  2
  80.49     0.027  1      124.97     0.028  2      131.10    -0.140  2
  81.71     0.027  1      125.06     0.028  2

note:  (+) soil loss - detachment     (-) soil loss - deposition



III. OFF SITE EFFECTS  OFF SITE EFFECTS  OFF SITE EFFECTS
     ----------------  ----------------  ----------------

     A.  AVERAGE ANNUAL SEDIMENT LEAVING PROFILE
             2.433   kg/m of width
           243.307     kg (based on profile width of    100.000      m)
             0.186   t/ha (assuming contributions from     1.311     ha)


     B.  SEDIMENT CHARACTERISTICS AND ENRICHMENT

     Sediment particle information leaving profile
-------------------------------------------------------------------------------
                                 Particle Composition         Detached Fraction
Class  Diameter  Specific  ---------------------------------  Sediment  In Flow
         (mm)    Gravity   % Sand   % Silt   % Clay   % O.M.  Fraction  Exiting
-------------------------------------------------------------------------------
  1     0.002      2.60      0.0      0.0    100.0     50.0     0.026    0.028
  2     0.010      2.65      0.0    100.0      0.0      0.0     0.070    0.073
  3     0.030      1.80      0.0     71.4     28.6     14.3     0.180    0.185
  4     0.300      1.60     78.2     15.1      6.6      3.3     0.340    0.344
  5     0.200      2.65    100.0      0.0      0.0      0.0     0.384    0.370
-------------------------------------------------------------------------------


     Average annual SSA enrichment ratio leaving profile =   1.03
