 Annual; detailed (Metric Units)                                        


          USDA WATER EROSION PREDICTION PROJECT
          -------------------------------------

          HILLSLOPE PROFILE AND WATERSHED MODEL
                     VERSION  2010.100
           January 28,      2010


               TO REPORT PROBLEMS OR TO BE PUT ON THE MAILING
               LIST FOR FUTURE WEPP MODEL RELEASES, PLEASE CONTACT:

                    WEPP TECHNICAL SUPPORT
                    USDA-AGRICULTURAL RESEARCH SERVICE
                    NATIONAL SOIL EROSION RESEARCH LABORATORY
                    275 SOUTH RUSSELL STREET
                    WEST LAFAYETTE, IN 47907-2077  USA

                    PHONE: (765) 494-8673
                      FAX: (765) 494-5948
                    email:  wepp@ecn.purdue.edu
                      URL:  http://topsoil.nserl.purdue.edu


     HILLSLOPE INPUT DATA FILES - VERSION  2010.100
      January 28,      2010


    MANAGEMENT: ../working/wepp-47833.man                         
 MAN. PRACTICE: Two OFEs for forest conditions                              
                W. Elliot 02/99                                             
                                                                            
         SLOPE: ../working/wepp-47833.slp                         
       CLIMATE: ../working/wepp-47833.cli                         
       Station:  SAINT MARIES ID +                              CLIGEN VERSION  4.31
          SOIL: ../working/wepp-47833.sol                         
      PLANE  1 HIGH                silt loam           
      PLANE  2 HIGH                silt loam           


     HILLSLOPE 1 YEARLY SUMMARY FOR    1
     ----------------------------------


I.   RAINFALL AND RUNOFF SUMMARY
     -------- --- ------ -------

      year:      1

         Rainfall         Storm Runoff        Melt Runoff
      events   amount   events   amount     events  amount
                (mm)              (mm)               (mm)

       119     361.70       0       0.00       0       0.00


II.  ON SITE EFFECTS  ON SITE EFFECTS  ON SITE EFFECTS
     ---------------  ---------------  ---------------




  C.  SOIL LOSS/DEPOSITION ALONG SLOPE PROFILE

          Profile distances are from top to bottom of hillslope


 distance soil  flow    distance   soil  flow    distance   soil  flow
    (m)   loss  elem       (m)     loss  elem       (m)     loss  elem
         (kg/m2)                  (kg/m2)                  (kg/m2)
------------------------------------------------------------------------

   1.22     0.000  1       82.93     0.000  1      129.95     0.000  2
   2.44     0.000  1       84.15     0.000  1      130.18     0.000  2
   3.66     0.000  1       85.37     0.000  1      130.41     0.000  2
   4.88     0.000  1       86.58     0.000  1      130.64     0.000  2
   6.10     0.000  1       87.80     0.000  1      130.87     0.000  2
   7.32     0.000  1       89.02     0.000  1      131.10     0.000  2
   8.54     0.000  1       90.24     0.000  1      131.33     0.000  2
   9.76     0.000  1       91.46     0.000  1      131.56     0.000  2
  10.98     0.000  1       92.68     0.000  1      131.78     0.000  2
  12.20     0.000  1       93.90     0.000  1      132.01     0.000  2
  13.41     0.000  1       95.12     0.000  1      132.24     0.000  2
  14.63     0.000  1       96.34     0.000  1      132.47     0.000  2
  15.85     0.000  1       97.56     0.000  1      132.70     0.000  2
  17.07     0.000  1       98.78     0.000  1      132.93     0.000  2
  18.29     0.000  1      100.00     0.000  1      133.16     0.000  2
  19.51     0.000  1      101.22     0.000  1      133.38     0.000  2
  20.73     0.000  1      102.44     0.000  1      133.61     0.000  2
  21.95     0.000  1      103.66     0.000  1      133.84     0.000  2
  23.17     0.000  1      104.88     0.000  1      134.07     0.000  2
  24.39     0.000  1      106.10     0.000  1      134.30     0.000  2
  25.61     0.000  1      107.32     0.000  1      134.53     0.000  2
  26.83     0.000  1      108.54     0.000  1      134.76     0.000  2
  28.05     0.000  1      109.75     0.000  1      134.99     0.000  2
  29.27     0.000  1      110.97     0.000  1      135.21     0.000  2
  30.49     0.000  1      112.19     0.000  1      135.44     0.000  2
  31.71     0.000  1      113.41     0.000  1      135.67     0.000  2
  32.93     0.000  1      114.63     0.000  1      135.90     0.000  2
  34.15     0.000  1      115.85     0.000  1      136.13     0.000  2
  35.37     0.000  1      117.07     0.000  1      136.36     0.000  2
  36.59     0.000  1      118.29     0.000  1      136.59     0.000  2
  37.80     0.000  1      119.51     0.000  1      136.82     0.000  2
  39.02     0.000  1      120.73     0.000  1      137.04     0.000  2
  40.24     0.000  1      121.95     0.000  1      137.27     0.000  2
  41.46     0.000  1      122.18     0.000  2      137.50     0.000  2
  42.68     0.000  1      122.41     0.000  2      137.73     0.000  2
  43.90     0.000  1      122.64     0.000  2      137.96     0.000  2
  45.12     0.000  1      122.86     0.000  2      138.19     0.000  2
  46.34     0.000  1      123.09     0.000  2      138.42     0.000  2
  47.56     0.000  1      123.32     0.000  2      138.65     0.000  2
  48.78     0.000  1      123.55     0.000  2      138.87     0.000  2
  50.00     0.000  1      123.78     0.000  2      139.10     0.000  2
  51.22     0.000  1      124.01     0.000  2      139.33     0.000  2
  52.44     0.000  1      124.24     0.000  2      139.56     0.000  2
  53.66     0.000  1      124.47     0.000  2      139.79     0.000  2
  54.88     0.000  1      124.69     0.000  2      140.02     0.000  2
  56.10     0.000  1      124.92     0.000  2      140.25     0.000  2
  57.32     0.000  1      125.15     0.000  2      140.47     0.000  2
  58.54     0.000  1      125.38     0.000  2      140.70     0.000  2
  59.76     0.000  1      125.61     0.000  2      140.93     0.000  2
  60.98     0.000  1      125.84     0.000  2      141.16     0.000  2
  62.19     0.000  1      126.07     0.000  2      141.39     0.000  2
  63.41     0.000  1      126.30     0.000  2      141.62     0.000  2
  64.63     0.000  1      126.52     0.000  2      141.85     0.000  2
  65.85     0.000  1      126.75     0.000  2      142.08     0.000  2
  67.07     0.000  1      126.98     0.000  2      142.30     0.000  2
  68.29     0.000  1      127.21     0.000  2      142.53     0.000  2
  69.51     0.000  1      127.44     0.000  2      142.76     0.000  2
  70.73     0.000  1      127.67     0.000  2      142.99     0.000  2
  71.95     0.000  1      127.90     0.000  2      143.22     0.000  2
  73.17     0.000  1      128.12     0.000  2      143.45     0.000  2
  74.39     0.000  1      128.35     0.000  2      143.68     0.000  2
  75.61     0.000  1      128.58     0.000  2      143.91     0.000  2
  76.83     0.000  1      128.81     0.000  2      144.13     0.000  2
  78.05     0.000  1      129.04     0.000  2      144.36     0.000  2
  79.27     0.000  1      129.27     0.000  2      144.59     0.000  2
  80.49     0.000  1      129.50     0.000  2      144.82     0.000  2
  81.71     0.000  1      129.73     0.000  2

note:  (+) soil loss - detachment     (-) soil loss - deposition



III. OFF SITE EFFECTS  OFF SITE EFFECTS  OFF SITE EFFECTS
     ----------------  ----------------  ----------------

     A.  SEDIMENT LEAVING PROFILE for year    1     0.000 kg/m



     B.  SEDIMENT CHARACTERISTICS AND ENRICHMENT

     Sediment particle information leaving profile
-------------------------------------------------------------------------------
                                 Particle Composition         Detached Fraction
Class  Diameter  Specific  ---------------------------------  Sediment  In Flow
         (mm)    Gravity   % Sand   % Silt   % Clay   % O.M.  Fraction  Exiting
-------------------------------------------------------------------------------
  1     0.002      2.60      0.0      0.0    100.0     33.3     0.039    0.000
  2     0.010      2.65      0.0    100.0      0.0      0.0     0.330    0.000
  3     0.030      1.80      0.0     80.0     20.0      6.7     0.270    0.000
  4     0.300      1.60     55.6     21.6     22.8      7.6     0.250    0.000
  5     0.200      2.65    100.0      0.0      0.0      0.0     0.111    0.000
-------------------------------------------------------------------------------


     Weighted SSA enrichment ratio leaving profile for year    1 =   0.00


     HILLSLOPE 1 YEARLY SUMMARY FOR    2
     ----------------------------------


I.   RAINFALL AND RUNOFF SUMMARY
     -------- --- ------ -------

      year:      2

         Rainfall         Storm Runoff        Melt Runoff
      events   amount   events   amount     events  amount
                (mm)              (mm)               (mm)

       119     336.50       0       0.00       1       4.86


II.  ON SITE EFFECTS  ON SITE EFFECTS  ON SITE EFFECTS
     ---------------  ---------------  ---------------




  C.  SOIL LOSS/DEPOSITION ALONG SLOPE PROFILE

          Profile distances are from top to bottom of hillslope


 distance soil  flow    distance   soil  flow    distance   soil  flow
    (m)   loss  elem       (m)     loss  elem       (m)     loss  elem
         (kg/m2)                  (kg/m2)                  (kg/m2)
------------------------------------------------------------------------

   1.22     0.000  1       82.93     0.000  1      129.95     0.000  2
   2.44     0.000  1       84.15     0.000  1      130.18     0.000  2
   3.66     0.000  1       85.37     0.000  1      130.41     0.000  2
   4.88     0.000  1       86.58     0.000  1      130.64     0.000  2
   6.10     0.000  1       87.80     0.000  1      130.87     0.000  2
   7.32     0.000  1       89.02     0.000  1      131.10     0.000  2
   8.54     0.000  1       90.24     0.000  1      131.33     0.000  2
   9.76     0.000  1       91.46     0.000  1      131.56     0.000  2
  10.98     0.000  1       92.68     0.000  1      131.78     0.000  2
  12.20     0.000  1       93.90     0.000  1      132.01     0.000  2
  13.41     0.000  1       95.12     0.000  1      132.24     0.000  2
  14.63     0.000  1       96.34     0.000  1      132.47     0.000  2
  15.85     0.000  1       97.56     0.000  1      132.70     0.000  2
  17.07     0.000  1       98.78     0.000  1      132.93     0.000  2
  18.29     0.000  1      100.00     0.000  1      133.16     0.000  2
  19.51     0.000  1      101.22     0.000  1      133.38     0.000  2
  20.73     0.000  1      102.44     0.000  1      133.61     0.000  2
  21.95     0.000  1      103.66     0.000  1      133.84     0.000  2
  23.17     0.000  1      104.88     0.000  1      134.07     0.000  2
  24.39     0.000  1      106.10     0.000  1      134.30     0.000  2
  25.61     0.000  1      107.32     0.000  1      134.53     0.000  2
  26.83     0.000  1      108.54     0.000  1      134.76     0.000  2
  28.05     0.000  1      109.75     0.000  1      134.99     0.000  2
  29.27     0.000  1      110.97     0.000  1      135.21     0.000  2
  30.49     0.000  1      112.19     0.000  1      135.44     0.000  2
  31.71     0.000  1      113.41     0.000  1      135.67     0.000  2
  32.93     0.000  1      114.63     0.000  1      135.90     0.000  2
  34.15     0.000  1      115.85     0.000  1      136.13     0.000  2
  35.37     0.000  1      117.07     0.000  1      136.36     0.000  2
  36.59     0.000  1      118.29     0.000  1      136.59     0.000  2
  37.80     0.000  1      119.51     0.000  1      136.82     0.000  2
  39.02     0.000  1      120.73     0.000  1      137.04     0.000  2
  40.24     0.000  1      121.95     0.000  1      137.27     0.000  2
  41.46     0.000  1      122.18     0.000  2      137.50     0.000  2
  42.68     0.000  1      122.41     0.000  2      137.73     0.000  2
  43.90     0.000  1      122.64     0.000  2      137.96     0.000  2
  45.12     0.000  1      122.86     0.000  2      138.19     0.000  2
  46.34     0.000  1      123.09     0.000  2      138.42     0.000  2
  47.56     0.000  1      123.32     0.000  2      138.65     0.000  2
  48.78     0.000  1      123.55     0.000  2      138.87     0.000  2
  50.00     0.000  1      123.78     0.000  2      139.10     0.000  2
  51.22     0.000  1      124.01     0.000  2      139.33     0.000  2
  52.44     0.000  1      124.24     0.000  2      139.56     0.000  2
  53.66     0.000  1      124.47     0.000  2      139.79     0.000  2
  54.88     0.000  1      124.69     0.000  2      140.02     0.000  2
  56.10     0.000  1      124.92     0.000  2      140.25     0.000  2
  57.32     0.000  1      125.15     0.000  2      140.47     0.000  2
  58.54     0.000  1      125.38     0.000  2      140.70     0.000  2
  59.76     0.000  1      125.61     0.000  2      140.93     0.000  2
  60.98     0.000  1      125.84     0.000  2      141.16     0.000  2
  62.19     0.000  1      126.07     0.000  2      141.39     0.000  2
  63.41     0.000  1      126.30     0.000  2      141.62     0.000  2
  64.63     0.000  1      126.52     0.000  2      141.85     0.000  2
  65.85     0.000  1      126.75     0.000  2      142.08     0.000  2
  67.07     0.000  1      126.98     0.000  2      142.30     0.000  2
  68.29     0.000  1      127.21     0.000  2      142.53     0.000  2
  69.51     0.000  1      127.44     0.000  2      142.76     0.000  2
  70.73     0.000  1      127.67     0.000  2      142.99     0.000  2
  71.95     0.000  1      127.90     0.000  2      143.22     0.000  2
  73.17     0.000  1      128.12     0.000  2      143.45     0.000  2
  74.39     0.000  1      128.35     0.000  2      143.68     0.000  2
  75.61     0.000  1      128.58     0.000  2      143.91     0.000  2
  76.83     0.000  1      128.81     0.000  2      144.13     0.000  2
  78.05     0.000  1      129.04     0.000  2      144.36     0.000  2
  79.27     0.000  1      129.27     0.000  2      144.59     0.000  2
  80.49     0.000  1      129.50     0.000  2      144.82     0.000  2
  81.71     0.000  1      129.73     0.000  2

note:  (+) soil loss - detachment     (-) soil loss - deposition



III. OFF SITE EFFECTS  OFF SITE EFFECTS  OFF SITE EFFECTS
     ----------------  ----------------  ----------------

     A.  SEDIMENT LEAVING PROFILE for year    2     0.000 kg/m



     B.  SEDIMENT CHARACTERISTICS AND ENRICHMENT

     Sediment particle information leaving profile
-------------------------------------------------------------------------------
                                 Particle Composition         Detached Fraction
Class  Diameter  Specific  ---------------------------------  Sediment  In Flow
         (mm)    Gravity   % Sand   % Silt   % Clay   % O.M.  Fraction  Exiting
-------------------------------------------------------------------------------
  1     0.002      2.60      0.0      0.0    100.0     33.3     0.039    0.000
  2     0.010      2.65      0.0    100.0      0.0      0.0     0.330    0.000
  3     0.030      1.80      0.0     80.0     20.0      6.7     0.270    0.000
  4     0.300      1.60     55.6     21.6     22.8      7.6     0.250    0.000
  5     0.200      2.65    100.0      0.0      0.0      0.0     0.111    0.000
-------------------------------------------------------------------------------


     Weighted SSA enrichment ratio leaving profile for year    2 =   0.00


     HILLSLOPE 1 YEARLY SUMMARY FOR    3
     ----------------------------------


I.   RAINFALL AND RUNOFF SUMMARY
     -------- --- ------ -------

      year:      3

         Rainfall         Storm Runoff        Melt Runoff
      events   amount   events   amount     events  amount
                (mm)              (mm)               (mm)

       114     341.80       1       0.66       0       0.00


II.  ON SITE EFFECTS  ON SITE EFFECTS  ON SITE EFFECTS
     ---------------  ---------------  ---------------


  A.  AREA OF NET SOIL LOSS

      ** Soil Loss (Avg. of Net Detachment Areas) =    0.004 kg/m2 **
      ** Maximum Soil Loss  =    0.011 kg/m2 at  133.38 meters **


      Area of    Soil Loss   Soil Loss   MAX   MAX Loss   MIN   MIN Loss
      Net Loss      MEAN      STDEV      Loss    Point    Loss   Point
        (m)       (kg/m2)     (kg/m2)  (kg/m2)    (m)    (kg/m2)  (m)
------------------------------------------------------------------------
   0.00- 144.82    0.004     0.004      0.011  133.38     0.002   142.08



  C.  SOIL LOSS/DEPOSITION ALONG SLOPE PROFILE

          Profile distances are from top to bottom of hillslope


 distance soil  flow    distance   soil  flow    distance   soil  flow
    (m)   loss  elem       (m)     loss  elem       (m)     loss  elem
         (kg/m2)                  (kg/m2)                  (kg/m2)
------------------------------------------------------------------------

   1.22     0.002  1       82.93     0.003  1      129.95     0.011  2
   2.44     0.002  1       84.15     0.004  1      130.18     0.011  2
   3.66     0.002  1       85.37     0.004  1      130.41     0.011  2
   4.88     0.002  1       86.58     0.004  1      130.64     0.011  2
   6.10     0.002  1       87.80     0.004  1      130.87     0.011  2
   7.32     0.002  1       89.02     0.004  1      131.10     0.011  2
   8.54     0.002  1       90.24     0.005  1      131.33     0.011  2
   9.76     0.002  1       91.46     0.005  1      131.56     0.011  2
  10.98     0.002  1       92.68     0.005  1      131.78     0.011  2
  12.20     0.002  1       93.90     0.005  1      132.01     0.011  2
  13.41     0.002  1       95.12     0.006  1      132.24     0.011  2
  14.63     0.002  1       96.34     0.006  1      132.47     0.011  2
  15.85     0.002  1       97.56     0.006  1      132.70     0.011  2
  17.07     0.002  1       98.78     0.006  1      132.93     0.011  2
  18.29     0.002  1      100.00     0.006  1      133.16     0.011  2
  19.51     0.002  1      101.22     0.007  1      133.38     0.011  2
  20.73     0.002  1      102.44     0.007  1      133.61     0.011  2
  21.95     0.002  1      103.66     0.007  1      133.84     0.010  2
  23.17     0.002  1      104.88     0.007  1      134.07     0.010  2
  24.39     0.002  1      106.10     0.007  1      134.30     0.010  2
  25.61     0.002  1      107.32     0.008  1      134.53     0.009  2
  26.83     0.002  1      108.54     0.008  1      134.76     0.009  2
  28.05     0.002  1      109.75     0.008  1      134.99     0.009  2
  29.27     0.002  1      110.97     0.008  1      135.21     0.008  2
  30.49     0.002  1      112.19     0.008  1      135.44     0.008  2
  31.71     0.002  1      113.41     0.009  1      135.67     0.008  2
  32.93     0.002  1      114.63     0.009  1      135.90     0.007  2
  34.15     0.002  1      115.85     0.009  1      136.13     0.007  2
  35.37     0.002  1      117.07     0.009  1      136.36     0.006  2
  36.59     0.002  1      118.29     0.009  1      136.59     0.006  2
  37.80     0.002  1      119.51     0.010  1      136.82     0.006  2
  39.02     0.002  1      120.73     0.010  1      137.04     0.005  2
  40.24     0.002  1      121.95     0.010  1      137.27     0.005  2
  41.46     0.002  1      122.18     0.010  2      137.50     0.005  2
  42.68     0.002  1      122.41     0.010  2      137.73     0.004  2
  43.90     0.002  1      122.64     0.010  2      137.96     0.004  2
  45.12     0.002  1      122.86     0.010  2      138.19     0.003  2
  46.34     0.002  1      123.09     0.010  2      138.42     0.003  2
  47.56     0.002  1      123.32     0.010  2      138.65     0.003  2
  48.78     0.002  1      123.55     0.010  2      138.87     0.002  2
  50.00     0.002  1      123.78     0.010  2      139.10     0.002  2
  51.22     0.002  1      124.01     0.010  2      139.33     0.002  2
  52.44     0.002  1      124.24     0.010  2      139.56     0.002  2
  53.66     0.002  1      124.47     0.010  2      139.79     0.002  2
  54.88     0.002  1      124.69     0.010  2      140.02     0.002  2
  56.10     0.002  1      124.92     0.010  2      140.25     0.002  2
  57.32     0.002  1      125.15     0.010  2      140.47     0.002  2
  58.54     0.002  1      125.38     0.010  2      140.70     0.002  2
  59.76     0.002  1      125.61     0.010  2      140.93     0.002  2
  60.98     0.002  1      125.84     0.010  2      141.16     0.002  2
  62.19     0.002  1      126.07     0.010  2      141.39     0.002  2
  63.41     0.002  1      126.30     0.010  2      141.62     0.002  2
  64.63     0.002  1      126.52     0.010  2      141.85     0.002  2
  65.85     0.002  1      126.75     0.010  2      142.08     0.002  2
  67.07     0.002  1      126.98     0.010  2      142.30     0.002  2
  68.29     0.002  1      127.21     0.010  2      142.53     0.002  2
  69.51     0.002  1      127.44     0.010  2      142.76     0.002  2
  70.73     0.002  1      127.67     0.010  2      142.99     0.002  2
  71.95     0.002  1      127.90     0.010  2      143.22     0.002  2
  73.17     0.002  1      128.12     0.010  2      143.45     0.002  2
  74.39     0.002  1      128.35     0.011  2      143.68     0.002  2
  75.61     0.002  1      128.58     0.011  2      143.91     0.002  2
  76.83     0.002  1      128.81     0.011  2      144.13     0.002  2
  78.05     0.002  1      129.04     0.011  2      144.36     0.002  2
  79.27     0.003  1      129.27     0.011  2      144.59     0.002  2
  80.49     0.003  1      129.50     0.011  2      144.82     0.002  2
  81.71     0.003  1      129.73     0.011  2

note:  (+) soil loss - detachment     (-) soil loss - deposition



III. OFF SITE EFFECTS  OFF SITE EFFECTS  OFF SITE EFFECTS
     ----------------  ----------------  ----------------

     A.  SEDIMENT LEAVING PROFILE for year    3     0.592 kg/m



     B.  SEDIMENT CHARACTERISTICS AND ENRICHMENT

     Sediment particle information leaving profile
-------------------------------------------------------------------------------
                                 Particle Composition         Detached Fraction
Class  Diameter  Specific  ---------------------------------  Sediment  In Flow
         (mm)    Gravity   % Sand   % Silt   % Clay   % O.M.  Fraction  Exiting
-------------------------------------------------------------------------------
  1     0.002      2.60      0.0      0.0    100.0     33.3     0.039    0.060
  2     0.010      2.65      0.0    100.0      0.0      0.0     0.330    0.463
  3     0.030      1.80      0.0     80.0     20.0      6.7     0.270    0.276
  4     0.300      1.60     55.6     21.6     22.8      7.6     0.250    0.139
  5     0.200      2.65    100.0      0.0      0.0      0.0     0.111    0.062
-------------------------------------------------------------------------------


     Weighted SSA enrichment ratio leaving profile for year    3 =   0.99


     HILLSLOPE 1 YEARLY SUMMARY FOR    4
     ----------------------------------


I.   RAINFALL AND RUNOFF SUMMARY
     -------- --- ------ -------

      year:      4

         Rainfall         Storm Runoff        Melt Runoff
      events   amount   events   amount     events  amount
                (mm)              (mm)               (mm)

       116     377.70       1       0.34       0       0.00


II.  ON SITE EFFECTS  ON SITE EFFECTS  ON SITE EFFECTS
     ---------------  ---------------  ---------------


  A.  AREA OF NET SOIL LOSS

      ** Soil Loss (Avg. of Net Detachment Areas) =    0.001 kg/m2 **
      ** Maximum Soil Loss  =    0.001 kg/m2 at   62.19 meters **


      Area of    Soil Loss   Soil Loss   MAX   MAX Loss   MIN   MIN Loss
      Net Loss      MEAN      STDEV      Loss    Point    Loss   Point
        (m)       (kg/m2)     (kg/m2)  (kg/m2)    (m)    (kg/m2)  (m)
------------------------------------------------------------------------
   0.00- 144.82    0.001     0.000      0.001   62.19     0.001   133.38



  C.  SOIL LOSS/DEPOSITION ALONG SLOPE PROFILE

          Profile distances are from top to bottom of hillslope


 distance soil  flow    distance   soil  flow    distance   soil  flow
    (m)   loss  elem       (m)     loss  elem       (m)     loss  elem
         (kg/m2)                  (kg/m2)                  (kg/m2)
------------------------------------------------------------------------

   1.22     0.001  1       82.93     0.001  1      129.95     0.001  2
   2.44     0.001  1       84.15     0.001  1      130.18     0.001  2
   3.66     0.001  1       85.37     0.001  1      130.41     0.001  2
   4.88     0.001  1       86.58     0.001  1      130.64     0.001  2
   6.10     0.001  1       87.80     0.001  1      130.87     0.001  2
   7.32     0.001  1       89.02     0.001  1      131.10     0.001  2
   8.54     0.001  1       90.24     0.001  1      131.33     0.001  2
   9.76     0.001  1       91.46     0.001  1      131.56     0.001  2
  10.98     0.001  1       92.68     0.001  1      131.78     0.001  2
  12.20     0.001  1       93.90     0.001  1      132.01     0.001  2
  13.41     0.001  1       95.12     0.001  1      132.24     0.001  2
  14.63     0.001  1       96.34     0.001  1      132.47     0.001  2
  15.85     0.001  1       97.56     0.001  1      132.70     0.001  2
  17.07     0.001  1       98.78     0.001  1      132.93     0.001  2
  18.29     0.001  1      100.00     0.001  1      133.16     0.001  2
  19.51     0.001  1      101.22     0.001  1      133.38     0.001  2
  20.73     0.001  1      102.44     0.001  1      133.61     0.001  2
  21.95     0.001  1      103.66     0.001  1      133.84     0.001  2
  23.17     0.001  1      104.88     0.001  1      134.07     0.001  2
  24.39     0.001  1      106.10     0.001  1      134.30     0.001  2
  25.61     0.001  1      107.32     0.001  1      134.53     0.001  2
  26.83     0.001  1      108.54     0.001  1      134.76     0.001  2
  28.05     0.001  1      109.75     0.001  1      134.99     0.001  2
  29.27     0.001  1      110.97     0.001  1      135.21     0.001  2
  30.49     0.001  1      112.19     0.001  1      135.44     0.001  2
  31.71     0.001  1      113.41     0.001  1      135.67     0.001  2
  32.93     0.001  1      114.63     0.001  1      135.90     0.001  2
  34.15     0.001  1      115.85     0.001  1      136.13     0.001  2
  35.37     0.001  1      117.07     0.001  1      136.36     0.001  2
  36.59     0.001  1      118.29     0.001  1      136.59     0.001  2
  37.80     0.001  1      119.51     0.001  1      136.82     0.001  2
  39.02     0.001  1      120.73     0.001  1      137.04     0.001  2
  40.24     0.001  1      121.95     0.001  1      137.27     0.001  2
  41.46     0.001  1      122.18     0.001  2      137.50     0.001  2
  42.68     0.001  1      122.41     0.001  2      137.73     0.001  2
  43.90     0.001  1      122.64     0.001  2      137.96     0.001  2
  45.12     0.001  1      122.86     0.001  2      138.19     0.001  2
  46.34     0.001  1      123.09     0.001  2      138.42     0.001  2
  47.56     0.001  1      123.32     0.001  2      138.65     0.001  2
  48.78     0.001  1      123.55     0.001  2      138.87     0.001  2
  50.00     0.001  1      123.78     0.001  2      139.10     0.001  2
  51.22     0.001  1      124.01     0.001  2      139.33     0.001  2
  52.44     0.001  1      124.24     0.001  2      139.56     0.001  2
  53.66     0.001  1      124.47     0.001  2      139.79     0.001  2
  54.88     0.001  1      124.69     0.001  2      140.02     0.001  2
  56.10     0.001  1      124.92     0.001  2      140.25     0.001  2
  57.32     0.001  1      125.15     0.001  2      140.47     0.001  2
  58.54     0.001  1      125.38     0.001  2      140.70     0.001  2
  59.76     0.001  1      125.61     0.001  2      140.93     0.001  2
  60.98     0.001  1      125.84     0.001  2      141.16     0.001  2
  62.19     0.001  1      126.07     0.001  2      141.39     0.001  2
  63.41     0.001  1      126.30     0.001  2      141.62     0.001  2
  64.63     0.001  1      126.52     0.001  2      141.85     0.001  2
  65.85     0.001  1      126.75     0.001  2      142.08     0.001  2
  67.07     0.001  1      126.98     0.001  2      142.30     0.001  2
  68.29     0.001  1      127.21     0.001  2      142.53     0.001  2
  69.51     0.001  1      127.44     0.001  2      142.76     0.001  2
  70.73     0.001  1      127.67     0.001  2      142.99     0.001  2
  71.95     0.001  1      127.90     0.001  2      143.22     0.001  2
  73.17     0.001  1      128.12     0.001  2      143.45     0.001  2
  74.39     0.001  1      128.35     0.001  2      143.68     0.001  2
  75.61     0.001  1      128.58     0.001  2      143.91     0.001  2
  76.83     0.001  1      128.81     0.001  2      144.13     0.001  2
  78.05     0.001  1      129.04     0.001  2      144.36     0.001  2
  79.27     0.001  1      129.27     0.001  2      144.59     0.001  2
  80.49     0.001  1      129.50     0.001  2      144.82     0.001  2
  81.71     0.001  1      129.73     0.001  2

note:  (+) soil loss - detachment     (-) soil loss - deposition



III. OFF SITE EFFECTS  OFF SITE EFFECTS  OFF SITE EFFECTS
     ----------------  ----------------  ----------------

     A.  SEDIMENT LEAVING PROFILE for year    4     0.180 kg/m



     B.  SEDIMENT CHARACTERISTICS AND ENRICHMENT

     Sediment particle information leaving profile
-------------------------------------------------------------------------------
                                 Particle Composition         Detached Fraction
Class  Diameter  Specific  ---------------------------------  Sediment  In Flow
         (mm)    Gravity   % Sand   % Silt   % Clay   % O.M.  Fraction  Exiting
-------------------------------------------------------------------------------
  1     0.002      2.60      0.0      0.0    100.0     33.3     0.039    0.081
  2     0.010      2.65      0.0    100.0      0.0      0.0     0.330    0.609
  3     0.030      1.80      0.0     80.0     20.0      6.7     0.270    0.310
  4     0.300      1.60     55.6     21.6     22.8      7.6     0.250    0.000
  5     0.200      2.65    100.0      0.0      0.0      0.0     0.111    0.000
-------------------------------------------------------------------------------


     Weighted SSA enrichment ratio leaving profile for year    4 =   0.98


     HILLSLOPE 1 YEARLY SUMMARY FOR    5
     ----------------------------------


I.   RAINFALL AND RUNOFF SUMMARY
     -------- --- ------ -------

      year:      5

         Rainfall         Storm Runoff        Melt Runoff
      events   amount   events   amount     events  amount
                (mm)              (mm)               (mm)

       116     331.00       0       0.00       0       0.00


II.  ON SITE EFFECTS  ON SITE EFFECTS  ON SITE EFFECTS
     ---------------  ---------------  ---------------




  C.  SOIL LOSS/DEPOSITION ALONG SLOPE PROFILE

          Profile distances are from top to bottom of hillslope


 distance soil  flow    distance   soil  flow    distance   soil  flow
    (m)   loss  elem       (m)     loss  elem       (m)     loss  elem
         (kg/m2)                  (kg/m2)                  (kg/m2)
------------------------------------------------------------------------

   1.22     0.000  1       82.93     0.000  1      129.95     0.000  2
   2.44     0.000  1       84.15     0.000  1      130.18     0.000  2
   3.66     0.000  1       85.37     0.000  1      130.41     0.000  2
   4.88     0.000  1       86.58     0.000  1      130.64     0.000  2
   6.10     0.000  1       87.80     0.000  1      130.87     0.000  2
   7.32     0.000  1       89.02     0.000  1      131.10     0.000  2
   8.54     0.000  1       90.24     0.000  1      131.33     0.000  2
   9.76     0.000  1       91.46     0.000  1      131.56     0.000  2
  10.98     0.000  1       92.68     0.000  1      131.78     0.000  2
  12.20     0.000  1       93.90     0.000  1      132.01     0.000  2
  13.41     0.000  1       95.12     0.000  1      132.24     0.000  2
  14.63     0.000  1       96.34     0.000  1      132.47     0.000  2
  15.85     0.000  1       97.56     0.000  1      132.70     0.000  2
  17.07     0.000  1       98.78     0.000  1      132.93     0.000  2
  18.29     0.000  1      100.00     0.000  1      133.16     0.000  2
  19.51     0.000  1      101.22     0.000  1      133.38     0.000  2
  20.73     0.000  1      102.44     0.000  1      133.61     0.000  2
  21.95     0.000  1      103.66     0.000  1      133.84     0.000  2
  23.17     0.000  1      104.88     0.000  1      134.07     0.000  2
  24.39     0.000  1      106.10     0.000  1      134.30     0.000  2
  25.61     0.000  1      107.32     0.000  1      134.53     0.000  2
  26.83     0.000  1      108.54     0.000  1      134.76     0.000  2
  28.05     0.000  1      109.75     0.000  1      134.99     0.000  2
  29.27     0.000  1      110.97     0.000  1      135.21     0.000  2
  30.49     0.000  1      112.19     0.000  1      135.44     0.000  2
  31.71     0.000  1      113.41     0.000  1      135.67     0.000  2
  32.93     0.000  1      114.63     0.000  1      135.90     0.000  2
  34.15     0.000  1      115.85     0.000  1      136.13     0.000  2
  35.37     0.000  1      117.07     0.000  1      136.36     0.000  2
  36.59     0.000  1      118.29     0.000  1      136.59     0.000  2
  37.80     0.000  1      119.51     0.000  1      136.82     0.000  2
  39.02     0.000  1      120.73     0.000  1      137.04     0.000  2
  40.24     0.000  1      121.95     0.000  1      137.27     0.000  2
  41.46     0.000  1      122.18     0.000  2      137.50     0.000  2
  42.68     0.000  1      122.41     0.000  2      137.73     0.000  2
  43.90     0.000  1      122.64     0.000  2      137.96     0.000  2
  45.12     0.000  1      122.86     0.000  2      138.19     0.000  2
  46.34     0.000  1      123.09     0.000  2      138.42     0.000  2
  47.56     0.000  1      123.32     0.000  2      138.65     0.000  2
  48.78     0.000  1      123.55     0.000  2      138.87     0.000  2
  50.00     0.000  1      123.78     0.000  2      139.10     0.000  2
  51.22     0.000  1      124.01     0.000  2      139.33     0.000  2
  52.44     0.000  1      124.24     0.000  2      139.56     0.000  2
  53.66     0.000  1      124.47     0.000  2      139.79     0.000  2
  54.88     0.000  1      124.69     0.000  2      140.02     0.000  2
  56.10     0.000  1      124.92     0.000  2      140.25     0.000  2
  57.32     0.000  1      125.15     0.000  2      140.47     0.000  2
  58.54     0.000  1      125.38     0.000  2      140.70     0.000  2
  59.76     0.000  1      125.61     0.000  2      140.93     0.000  2
  60.98     0.000  1      125.84     0.000  2      141.16     0.000  2
  62.19     0.000  1      126.07     0.000  2      141.39     0.000  2
  63.41     0.000  1      126.30     0.000  2      141.62     0.000  2
  64.63     0.000  1      126.52     0.000  2      141.85     0.000  2
  65.85     0.000  1      126.75     0.000  2      142.08     0.000  2
  67.07     0.000  1      126.98     0.000  2      142.30     0.000  2
  68.29     0.000  1      127.21     0.000  2      142.53     0.000  2
  69.51     0.000  1      127.44     0.000  2      142.76     0.000  2
  70.73     0.000  1      127.67     0.000  2      142.99     0.000  2
  71.95     0.000  1      127.90     0.000  2      143.22     0.000  2
  73.17     0.000  1      128.12     0.000  2      143.45     0.000  2
  74.39     0.000  1      128.35     0.000  2      143.68     0.000  2
  75.61     0.000  1      128.58     0.000  2      143.91     0.000  2
  76.83     0.000  1      128.81     0.000  2      144.13     0.000  2
  78.05     0.000  1      129.04     0.000  2      144.36     0.000  2
  79.27     0.000  1      129.27     0.000  2      144.59     0.000  2
  80.49     0.000  1      129.50     0.000  2      144.82     0.000  2
  81.71     0.000  1      129.73     0.000  2

note:  (+) soil loss - detachment     (-) soil loss - deposition



III. OFF SITE EFFECTS  OFF SITE EFFECTS  OFF SITE EFFECTS
     ----------------  ----------------  ----------------

     A.  SEDIMENT LEAVING PROFILE for year    5     0.000 kg/m



     B.  SEDIMENT CHARACTERISTICS AND ENRICHMENT

     Sediment particle information leaving profile
-------------------------------------------------------------------------------
                                 Particle Composition         Detached Fraction
Class  Diameter  Specific  ---------------------------------  Sediment  In Flow
         (mm)    Gravity   % Sand   % Silt   % Clay   % O.M.  Fraction  Exiting
-------------------------------------------------------------------------------
  1     0.002      2.60      0.0      0.0    100.0     33.3     0.039    0.000
  2     0.010      2.65      0.0    100.0      0.0      0.0     0.330    0.000
  3     0.030      1.80      0.0     80.0     20.0      6.7     0.270    0.000
  4     0.300      1.60     55.6     21.6     22.8      7.6     0.250    0.000
  5     0.200      2.65    100.0      0.0      0.0      0.0     0.111    0.000
-------------------------------------------------------------------------------


     Weighted SSA enrichment ratio leaving profile for year    5 =   0.00


     HILLSLOPE 1 YEARLY SUMMARY FOR    6
     ----------------------------------


I.   RAINFALL AND RUNOFF SUMMARY
     -------- --- ------ -------

      year:      6

         Rainfall         Storm Runoff        Melt Runoff
      events   amount   events   amount     events  amount
                (mm)              (mm)               (mm)

       118     348.70       1       1.40       0       0.00


II.  ON SITE EFFECTS  ON SITE EFFECTS  ON SITE EFFECTS
     ---------------  ---------------  ---------------


  A.  AREA OF NET SOIL LOSS

      ** Soil Loss (Avg. of Net Detachment Areas) =    0.015 kg/m2 **
      ** Maximum Soil Loss  =    0.032 kg/m2 at  133.38 meters **


      Area of    Soil Loss   Soil Loss   MAX   MAX Loss   MIN   MIN Loss
      Net Loss      MEAN      STDEV      Loss    Point    Loss   Point
        (m)       (kg/m2)     (kg/m2)  (kg/m2)    (m)    (kg/m2)  (m)
------------------------------------------------------------------------
   0.00- 144.82    0.015     0.011      0.032  133.38     0.003   144.13



  C.  SOIL LOSS/DEPOSITION ALONG SLOPE PROFILE

          Profile distances are from top to bottom of hillslope


 distance soil  flow    distance   soil  flow    distance   soil  flow
    (m)   loss  elem       (m)     loss  elem       (m)     loss  elem
         (kg/m2)                  (kg/m2)                  (kg/m2)
------------------------------------------------------------------------

   1.22     0.004  1       82.93     0.020  1      129.95     0.031  2
   2.44     0.004  1       84.15     0.020  1      130.18     0.031  2
   3.66     0.004  1       85.37     0.020  1      130.41     0.031  2
   4.88     0.004  1       86.58     0.021  1      130.64     0.031  2
   6.10     0.004  1       87.80     0.021  1      130.87     0.031  2
   7.32     0.004  1       89.02     0.021  1      131.10     0.031  2
   8.54     0.004  1       90.24     0.022  1      131.33     0.031  2
   9.76     0.004  1       91.46     0.022  1      131.56     0.031  2
  10.98     0.004  1       92.68     0.022  1      131.78     0.031  2
  12.20     0.004  1       93.90     0.023  1      132.01     0.031  2
  13.41     0.004  1       95.12     0.023  1      132.24     0.031  2
  14.63     0.004  1       96.34     0.023  1      132.47     0.032  2
  15.85     0.004  1       97.56     0.024  1      132.70     0.032  2
  17.07     0.004  1       98.78     0.024  1      132.93     0.032  2
  18.29     0.004  1      100.00     0.024  1      133.16     0.032  2
  19.51     0.004  1      101.22     0.025  1      133.38     0.032  2
  20.73     0.004  1      102.44     0.025  1      133.61     0.031  2
  21.95     0.004  1      103.66     0.025  1      133.84     0.031  2
  23.17     0.004  1      104.88     0.026  1      134.07     0.030  2
  24.39     0.004  1      106.10     0.026  1      134.30     0.030  2
  25.61     0.004  1      107.32     0.026  1      134.53     0.029  2
  26.83     0.004  1      108.54     0.027  1      134.76     0.029  2
  28.05     0.004  1      109.75     0.027  1      134.99     0.028  2
  29.27     0.004  1      110.97     0.027  1      135.21     0.027  2
  30.49     0.004  1      112.19     0.028  1      135.44     0.027  2
  31.71     0.004  1      113.41     0.028  1      135.67     0.026  2
  32.93     0.004  1      114.63     0.028  1      135.90     0.026  2
  34.15     0.004  1      115.85     0.029  1      136.13     0.025  2
  35.37     0.004  1      117.07     0.029  1      136.36     0.025  2
  36.59     0.004  1      118.29     0.029  1      136.59     0.024  2
  37.80     0.004  1      119.51     0.030  1      136.82     0.023  2
  39.02     0.004  1      120.73     0.030  1      137.04     0.023  2
  40.24     0.004  1      121.95     0.030  1      137.27     0.022  2
  41.46     0.004  1      122.18     0.030  2      137.50     0.022  2
  42.68     0.004  1      122.41     0.030  2      137.73     0.021  2
  43.90     0.004  1      122.64     0.030  2      137.96     0.020  2
  45.12     0.004  1      122.86     0.030  2      138.19     0.020  2
  46.34     0.004  1      123.09     0.030  2      138.42     0.019  2
  47.56     0.004  1      123.32     0.030  2      138.65     0.018  2
  48.78     0.005  1      123.55     0.030  2      138.87     0.018  2
  50.00     0.006  1      123.78     0.030  2      139.10     0.017  2
  51.22     0.007  1      124.01     0.031  2      139.33     0.016  2
  52.44     0.007  1      124.24     0.031  2      139.56     0.016  2
  53.66     0.008  1      124.47     0.031  2      139.79     0.015  2
  54.88     0.009  1      124.69     0.031  2      140.02     0.014  2
  56.10     0.010  1      124.92     0.031  2      140.25     0.014  2
  57.32     0.010  1      125.15     0.031  2      140.47     0.013  2
  58.54     0.011  1      125.38     0.031  2      140.70     0.012  2
  59.76     0.012  1      125.61     0.031  2      140.93     0.012  2
  60.98     0.013  1      125.84     0.031  2      141.16     0.011  2
  62.19     0.013  1      126.07     0.031  2      141.39     0.010  2
  63.41     0.014  1      126.30     0.031  2      141.62     0.010  2
  64.63     0.014  1      126.52     0.031  2      141.85     0.009  2
  65.85     0.014  1      126.75     0.031  2      142.08     0.008  2
  67.07     0.015  1      126.98     0.031  2      142.30     0.007  2
  68.29     0.015  1      127.21     0.031  2      142.53     0.007  2
  69.51     0.016  1      127.44     0.031  2      142.76     0.006  2
  70.73     0.016  1      127.67     0.031  2      142.99     0.005  2
  71.95     0.016  1      127.90     0.031  2      143.22     0.004  2
  73.17     0.017  1      128.12     0.031  2      143.45     0.004  2
  74.39     0.017  1      128.35     0.031  2      143.68     0.003  2
  75.61     0.017  1      128.58     0.031  2      143.91     0.003  2
  76.83     0.018  1      128.81     0.031  2      144.13     0.003  2
  78.05     0.018  1      129.04     0.031  2      144.36     0.003  2
  79.27     0.019  1      129.27     0.031  2      144.59     0.003  2
  80.49     0.019  1      129.50     0.031  2      144.82     0.003  2
  81.71     0.019  1      129.73     0.031  2

note:  (+) soil loss - detachment     (-) soil loss - deposition



III. OFF SITE EFFECTS  OFF SITE EFFECTS  OFF SITE EFFECTS
     ----------------  ----------------  ----------------

     A.  SEDIMENT LEAVING PROFILE for year    6     2.193 kg/m



     B.  SEDIMENT CHARACTERISTICS AND ENRICHMENT

     Sediment particle information leaving profile
-------------------------------------------------------------------------------
                                 Particle Composition         Detached Fraction
Class  Diameter  Specific  ---------------------------------  Sediment  In Flow
         (mm)    Gravity   % Sand   % Silt   % Clay   % O.M.  Fraction  Exiting
-------------------------------------------------------------------------------
  1     0.002      2.60      0.0      0.0    100.0     33.3     0.039    0.050
  2     0.010      2.65      0.0    100.0      0.0      0.0     0.330    0.401
  3     0.030      1.80      0.0     80.0     20.0      6.7     0.270    0.279
  4     0.300      1.60     55.6     21.6     22.8      7.6     0.250    0.187
  5     0.200      2.65    100.0      0.0      0.0      0.0     0.111    0.083
-------------------------------------------------------------------------------


     Weighted SSA enrichment ratio leaving profile for year    6 =   1.00


     HILLSLOPE 1 YEARLY SUMMARY FOR    7
     ----------------------------------


I.   RAINFALL AND RUNOFF SUMMARY
     -------- --- ------ -------

      year:      7

         Rainfall         Storm Runoff        Melt Runoff
      events   amount   events   amount     events  amount
                (mm)              (mm)               (mm)

       129     237.50       0       0.00       0       0.00


II.  ON SITE EFFECTS  ON SITE EFFECTS  ON SITE EFFECTS
     ---------------  ---------------  ---------------




  C.  SOIL LOSS/DEPOSITION ALONG SLOPE PROFILE

          Profile distances are from top to bottom of hillslope


 distance soil  flow    distance   soil  flow    distance   soil  flow
    (m)   loss  elem       (m)     loss  elem       (m)     loss  elem
         (kg/m2)                  (kg/m2)                  (kg/m2)
------------------------------------------------------------------------

   1.22     0.000  1       82.93     0.000  1      129.95     0.000  2
   2.44     0.000  1       84.15     0.000  1      130.18     0.000  2
   3.66     0.000  1       85.37     0.000  1      130.41     0.000  2
   4.88     0.000  1       86.58     0.000  1      130.64     0.000  2
   6.10     0.000  1       87.80     0.000  1      130.87     0.000  2
   7.32     0.000  1       89.02     0.000  1      131.10     0.000  2
   8.54     0.000  1       90.24     0.000  1      131.33     0.000  2
   9.76     0.000  1       91.46     0.000  1      131.56     0.000  2
  10.98     0.000  1       92.68     0.000  1      131.78     0.000  2
  12.20     0.000  1       93.90     0.000  1      132.01     0.000  2
  13.41     0.000  1       95.12     0.000  1      132.24     0.000  2
  14.63     0.000  1       96.34     0.000  1      132.47     0.000  2
  15.85     0.000  1       97.56     0.000  1      132.70     0.000  2
  17.07     0.000  1       98.78     0.000  1      132.93     0.000  2
  18.29     0.000  1      100.00     0.000  1      133.16     0.000  2
  19.51     0.000  1      101.22     0.000  1      133.38     0.000  2
  20.73     0.000  1      102.44     0.000  1      133.61     0.000  2
  21.95     0.000  1      103.66     0.000  1      133.84     0.000  2
  23.17     0.000  1      104.88     0.000  1      134.07     0.000  2
  24.39     0.000  1      106.10     0.000  1      134.30     0.000  2
  25.61     0.000  1      107.32     0.000  1      134.53     0.000  2
  26.83     0.000  1      108.54     0.000  1      134.76     0.000  2
  28.05     0.000  1      109.75     0.000  1      134.99     0.000  2
  29.27     0.000  1      110.97     0.000  1      135.21     0.000  2
  30.49     0.000  1      112.19     0.000  1      135.44     0.000  2
  31.71     0.000  1      113.41     0.000  1      135.67     0.000  2
  32.93     0.000  1      114.63     0.000  1      135.90     0.000  2
  34.15     0.000  1      115.85     0.000  1      136.13     0.000  2
  35.37     0.000  1      117.07     0.000  1      136.36     0.000  2
  36.59     0.000  1      118.29     0.000  1      136.59     0.000  2
  37.80     0.000  1      119.51     0.000  1      136.82     0.000  2
  39.02     0.000  1      120.73     0.000  1      137.04     0.000  2
  40.24     0.000  1      121.95     0.000  1      137.27     0.000  2
  41.46     0.000  1      122.18     0.000  2      137.50     0.000  2
  42.68     0.000  1      122.41     0.000  2      137.73     0.000  2
  43.90     0.000  1      122.64     0.000  2      137.96     0.000  2
  45.12     0.000  1      122.86     0.000  2      138.19     0.000  2
  46.34     0.000  1      123.09     0.000  2      138.42     0.000  2
  47.56     0.000  1      123.32     0.000  2      138.65     0.000  2
  48.78     0.000  1      123.55     0.000  2      138.87     0.000  2
  50.00     0.000  1      123.78     0.000  2      139.10     0.000  2
  51.22     0.000  1      124.01     0.000  2      139.33     0.000  2
  52.44     0.000  1      124.24     0.000  2      139.56     0.000  2
  53.66     0.000  1      124.47     0.000  2      139.79     0.000  2
  54.88     0.000  1      124.69     0.000  2      140.02     0.000  2
  56.10     0.000  1      124.92     0.000  2      140.25     0.000  2
  57.32     0.000  1      125.15     0.000  2      140.47     0.000  2
  58.54     0.000  1      125.38     0.000  2      140.70     0.000  2
  59.76     0.000  1      125.61     0.000  2      140.93     0.000  2
  60.98     0.000  1      125.84     0.000  2      141.16     0.000  2
  62.19     0.000  1      126.07     0.000  2      141.39     0.000  2
  63.41     0.000  1      126.30     0.000  2      141.62     0.000  2
  64.63     0.000  1      126.52     0.000  2      141.85     0.000  2
  65.85     0.000  1      126.75     0.000  2      142.08     0.000  2
  67.07     0.000  1      126.98     0.000  2      142.30     0.000  2
  68.29     0.000  1      127.21     0.000  2      142.53     0.000  2
  69.51     0.000  1      127.44     0.000  2      142.76     0.000  2
  70.73     0.000  1      127.67     0.000  2      142.99     0.000  2
  71.95     0.000  1      127.90     0.000  2      143.22     0.000  2
  73.17     0.000  1      128.12     0.000  2      143.45     0.000  2
  74.39     0.000  1      128.35     0.000  2      143.68     0.000  2
  75.61     0.000  1      128.58     0.000  2      143.91     0.000  2
  76.83     0.000  1      128.81     0.000  2      144.13     0.000  2
  78.05     0.000  1      129.04     0.000  2      144.36     0.000  2
  79.27     0.000  1      129.27     0.000  2      144.59     0.000  2
  80.49     0.000  1      129.50     0.000  2      144.82     0.000  2
  81.71     0.000  1      129.73     0.000  2

note:  (+) soil loss - detachment     (-) soil loss - deposition



III. OFF SITE EFFECTS  OFF SITE EFFECTS  OFF SITE EFFECTS
     ----------------  ----------------  ----------------

     A.  SEDIMENT LEAVING PROFILE for year    7     0.000 kg/m



     B.  SEDIMENT CHARACTERISTICS AND ENRICHMENT

     Sediment particle information leaving profile
-------------------------------------------------------------------------------
                                 Particle Composition         Detached Fraction
Class  Diameter  Specific  ---------------------------------  Sediment  In Flow
         (mm)    Gravity   % Sand   % Silt   % Clay   % O.M.  Fraction  Exiting
-------------------------------------------------------------------------------
  1     0.002      2.60      0.0      0.0    100.0     33.3     0.039    0.000
  2     0.010      2.65      0.0    100.0      0.0      0.0     0.330    0.000
  3     0.030      1.80      0.0     80.0     20.0      6.7     0.270    0.000
  4     0.300      1.60     55.6     21.6     22.8      7.6     0.250    0.000
  5     0.200      2.65    100.0      0.0      0.0      0.0     0.111    0.000
-------------------------------------------------------------------------------


     Weighted SSA enrichment ratio leaving profile for year    7 =   0.00


     HILLSLOPE 1 YEARLY SUMMARY FOR    8
     ----------------------------------


I.   RAINFALL AND RUNOFF SUMMARY
     -------- --- ------ -------

      year:      8

         Rainfall         Storm Runoff        Melt Runoff
      events   amount   events   amount     events  amount
                (mm)              (mm)               (mm)

       128     320.40       0       0.00       0       0.00


II.  ON SITE EFFECTS  ON SITE EFFECTS  ON SITE EFFECTS
     ---------------  ---------------  ---------------




  C.  SOIL LOSS/DEPOSITION ALONG SLOPE PROFILE

          Profile distances are from top to bottom of hillslope


 distance soil  flow    distance   soil  flow    distance   soil  flow
    (m)   loss  elem       (m)     loss  elem       (m)     loss  elem
         (kg/m2)                  (kg/m2)                  (kg/m2)
------------------------------------------------------------------------

   1.22     0.000  1       82.93     0.000  1      129.95     0.000  2
   2.44     0.000  1       84.15     0.000  1      130.18     0.000  2
   3.66     0.000  1       85.37     0.000  1      130.41     0.000  2
   4.88     0.000  1       86.58     0.000  1      130.64     0.000  2
   6.10     0.000  1       87.80     0.000  1      130.87     0.000  2
   7.32     0.000  1       89.02     0.000  1      131.10     0.000  2
   8.54     0.000  1       90.24     0.000  1      131.33     0.000  2
   9.76     0.000  1       91.46     0.000  1      131.56     0.000  2
  10.98     0.000  1       92.68     0.000  1      131.78     0.000  2
  12.20     0.000  1       93.90     0.000  1      132.01     0.000  2
  13.41     0.000  1       95.12     0.000  1      132.24     0.000  2
  14.63     0.000  1       96.34     0.000  1      132.47     0.000  2
  15.85     0.000  1       97.56     0.000  1      132.70     0.000  2
  17.07     0.000  1       98.78     0.000  1      132.93     0.000  2
  18.29     0.000  1      100.00     0.000  1      133.16     0.000  2
  19.51     0.000  1      101.22     0.000  1      133.38     0.000  2
  20.73     0.000  1      102.44     0.000  1      133.61     0.000  2
  21.95     0.000  1      103.66     0.000  1      133.84     0.000  2
  23.17     0.000  1      104.88     0.000  1      134.07     0.000  2
  24.39     0.000  1      106.10     0.000  1      134.30     0.000  2
  25.61     0.000  1      107.32     0.000  1      134.53     0.000  2
  26.83     0.000  1      108.54     0.000  1      134.76     0.000  2
  28.05     0.000  1      109.75     0.000  1      134.99     0.000  2
  29.27     0.000  1      110.97     0.000  1      135.21     0.000  2
  30.49     0.000  1      112.19     0.000  1      135.44     0.000  2
  31.71     0.000  1      113.41     0.000  1      135.67     0.000  2
  32.93     0.000  1      114.63     0.000  1      135.90     0.000  2
  34.15     0.000  1      115.85     0.000  1      136.13     0.000  2
  35.37     0.000  1      117.07     0.000  1      136.36     0.000  2
  36.59     0.000  1      118.29     0.000  1      136.59     0.000  2
  37.80     0.000  1      119.51     0.000  1      136.82     0.000  2
  39.02     0.000  1      120.73     0.000  1      137.04     0.000  2
  40.24     0.000  1      121.95     0.000  1      137.27     0.000  2
  41.46     0.000  1      122.18     0.000  2      137.50     0.000  2
  42.68     0.000  1      122.41     0.000  2      137.73     0.000  2
  43.90     0.000  1      122.64     0.000  2      137.96     0.000  2
  45.12     0.000  1      122.86     0.000  2      138.19     0.000  2
  46.34     0.000  1      123.09     0.000  2      138.42     0.000  2
  47.56     0.000  1      123.32     0.000  2      138.65     0.000  2
  48.78     0.000  1      123.55     0.000  2      138.87     0.000  2
  50.00     0.000  1      123.78     0.000  2      139.10     0.000  2
  51.22     0.000  1      124.01     0.000  2      139.33     0.000  2
  52.44     0.000  1      124.24     0.000  2      139.56     0.000  2
  53.66     0.000  1      124.47     0.000  2      139.79     0.000  2
  54.88     0.000  1      124.69     0.000  2      140.02     0.000  2
  56.10     0.000  1      124.92     0.000  2      140.25     0.000  2
  57.32     0.000  1      125.15     0.000  2      140.47     0.000  2
  58.54     0.000  1      125.38     0.000  2      140.70     0.000  2
  59.76     0.000  1      125.61     0.000  2      140.93     0.000  2
  60.98     0.000  1      125.84     0.000  2      141.16     0.000  2
  62.19     0.000  1      126.07     0.000  2      141.39     0.000  2
  63.41     0.000  1      126.30     0.000  2      141.62     0.000  2
  64.63     0.000  1      126.52     0.000  2      141.85     0.000  2
  65.85     0.000  1      126.75     0.000  2      142.08     0.000  2
  67.07     0.000  1      126.98     0.000  2      142.30     0.000  2
  68.29     0.000  1      127.21     0.000  2      142.53     0.000  2
  69.51     0.000  1      127.44     0.000  2      142.76     0.000  2
  70.73     0.000  1      127.67     0.000  2      142.99     0.000  2
  71.95     0.000  1      127.90     0.000  2      143.22     0.000  2
  73.17     0.000  1      128.12     0.000  2      143.45     0.000  2
  74.39     0.000  1      128.35     0.000  2      143.68     0.000  2
  75.61     0.000  1      128.58     0.000  2      143.91     0.000  2
  76.83     0.000  1      128.81     0.000  2      144.13     0.000  2
  78.05     0.000  1      129.04     0.000  2      144.36     0.000  2
  79.27     0.000  1      129.27     0.000  2      144.59     0.000  2
  80.49     0.000  1      129.50     0.000  2      144.82     0.000  2
  81.71     0.000  1      129.73     0.000  2

note:  (+) soil loss - detachment     (-) soil loss - deposition



III. OFF SITE EFFECTS  OFF SITE EFFECTS  OFF SITE EFFECTS
     ----------------  ----------------  ----------------

     A.  SEDIMENT LEAVING PROFILE for year    8     0.000 kg/m



     B.  SEDIMENT CHARACTERISTICS AND ENRICHMENT

     Sediment particle information leaving profile
-------------------------------------------------------------------------------
                                 Particle Composition         Detached Fraction
Class  Diameter  Specific  ---------------------------------  Sediment  In Flow
         (mm)    Gravity   % Sand   % Silt   % Clay   % O.M.  Fraction  Exiting
-------------------------------------------------------------------------------
  1     0.002      2.60      0.0      0.0    100.0     33.3     0.039    0.000
  2     0.010      2.65      0.0    100.0      0.0      0.0     0.330    0.000
  3     0.030      1.80      0.0     80.0     20.0      6.7     0.270    0.000
  4     0.300      1.60     55.6     21.6     22.8      7.6     0.250    0.000
  5     0.200      2.65    100.0      0.0      0.0      0.0     0.111    0.000
-------------------------------------------------------------------------------


     Weighted SSA enrichment ratio leaving profile for year    8 =   0.00


     HILLSLOPE 1 YEARLY SUMMARY FOR    9
     ----------------------------------


I.   RAINFALL AND RUNOFF SUMMARY
     -------- --- ------ -------

      year:      9

         Rainfall         Storm Runoff        Melt Runoff
      events   amount   events   amount     events  amount
                (mm)              (mm)               (mm)

       123     378.50       0       0.00       2       1.88


II.  ON SITE EFFECTS  ON SITE EFFECTS  ON SITE EFFECTS
     ---------------  ---------------  ---------------




  C.  SOIL LOSS/DEPOSITION ALONG SLOPE PROFILE

          Profile distances are from top to bottom of hillslope


 distance soil  flow    distance   soil  flow    distance   soil  flow
    (m)   loss  elem       (m)     loss  elem       (m)     loss  elem
         (kg/m2)                  (kg/m2)                  (kg/m2)
------------------------------------------------------------------------

   1.22     0.000  1       82.93     0.000  1      129.95     0.000  2
   2.44     0.000  1       84.15     0.000  1      130.18     0.000  2
   3.66     0.000  1       85.37     0.000  1      130.41     0.000  2
   4.88     0.000  1       86.58     0.000  1      130.64     0.000  2
   6.10     0.000  1       87.80     0.000  1      130.87     0.000  2
   7.32     0.000  1       89.02     0.000  1      131.10     0.000  2
   8.54     0.000  1       90.24     0.000  1      131.33     0.000  2
   9.76     0.000  1       91.46     0.000  1      131.56     0.000  2
  10.98     0.000  1       92.68     0.000  1      131.78     0.000  2
  12.20     0.000  1       93.90     0.000  1      132.01     0.000  2
  13.41     0.000  1       95.12     0.000  1      132.24     0.000  2
  14.63     0.000  1       96.34     0.000  1      132.47     0.000  2
  15.85     0.000  1       97.56     0.000  1      132.70     0.000  2
  17.07     0.000  1       98.78     0.000  1      132.93     0.000  2
  18.29     0.000  1      100.00     0.000  1      133.16     0.000  2
  19.51     0.000  1      101.22     0.000  1      133.38     0.000  2
  20.73     0.000  1      102.44     0.000  1      133.61     0.000  2
  21.95     0.000  1      103.66     0.000  1      133.84     0.000  2
  23.17     0.000  1      104.88     0.000  1      134.07     0.000  2
  24.39     0.000  1      106.10     0.000  1      134.30     0.000  2
  25.61     0.000  1      107.32     0.000  1      134.53     0.000  2
  26.83     0.000  1      108.54     0.000  1      134.76     0.000  2
  28.05     0.000  1      109.75     0.000  1      134.99     0.000  2
  29.27     0.000  1      110.97     0.000  1      135.21     0.000  2
  30.49     0.000  1      112.19     0.000  1      135.44     0.000  2
  31.71     0.000  1      113.41     0.000  1      135.67     0.000  2
  32.93     0.000  1      114.63     0.000  1      135.90     0.000  2
  34.15     0.000  1      115.85     0.000  1      136.13     0.000  2
  35.37     0.000  1      117.07     0.000  1      136.36     0.000  2
  36.59     0.000  1      118.29     0.000  1      136.59     0.000  2
  37.80     0.000  1      119.51     0.000  1      136.82     0.000  2
  39.02     0.000  1      120.73     0.000  1      137.04     0.000  2
  40.24     0.000  1      121.95     0.000  1      137.27     0.000  2
  41.46     0.000  1      122.18     0.000  2      137.50     0.000  2
  42.68     0.000  1      122.41     0.000  2      137.73     0.000  2
  43.90     0.000  1      122.64     0.000  2      137.96     0.000  2
  45.12     0.000  1      122.86     0.000  2      138.19     0.000  2
  46.34     0.000  1      123.09     0.000  2      138.42     0.000  2
  47.56     0.000  1      123.32     0.000  2      138.65     0.000  2
  48.78     0.000  1      123.55     0.000  2      138.87     0.000  2
  50.00     0.000  1      123.78     0.000  2      139.10     0.000  2
  51.22     0.000  1      124.01     0.000  2      139.33     0.000  2
  52.44     0.000  1      124.24     0.000  2      139.56     0.000  2
  53.66     0.000  1      124.47     0.000  2      139.79     0.000  2
  54.88     0.000  1      124.69     0.000  2      140.02     0.000  2
  56.10     0.000  1      124.92     0.000  2      140.25     0.000  2
  57.32     0.000  1      125.15     0.000  2      140.47     0.000  2
  58.54     0.000  1      125.38     0.000  2      140.70     0.000  2
  59.76     0.000  1      125.61     0.000  2      140.93     0.000  2
  60.98     0.000  1      125.84     0.000  2      141.16     0.000  2
  62.19     0.000  1      126.07     0.000  2      141.39     0.000  2
  63.41     0.000  1      126.30     0.000  2      141.62     0.000  2
  64.63     0.000  1      126.52     0.000  2      141.85     0.000  2
  65.85     0.000  1      126.75     0.000  2      142.08     0.000  2
  67.07     0.000  1      126.98     0.000  2      142.30     0.000  2
  68.29     0.000  1      127.21     0.000  2      142.53     0.000  2
  69.51     0.000  1      127.44     0.000  2      142.76     0.000  2
  70.73     0.000  1      127.67     0.000  2      142.99     0.000  2
  71.95     0.000  1      127.90     0.000  2      143.22     0.000  2
  73.17     0.000  1      128.12     0.000  2      143.45     0.000  2
  74.39     0.000  1      128.35     0.000  2      143.68     0.000  2
  75.61     0.000  1      128.58     0.000  2      143.91     0.000  2
  76.83     0.000  1      128.81     0.000  2      144.13     0.000  2
  78.05     0.000  1      129.04     0.000  2      144.36     0.000  2
  79.27     0.000  1      129.27     0.000  2      144.59     0.000  2
  80.49     0.000  1      129.50     0.000  2      144.82     0.000  2
  81.71     0.000  1      129.73     0.000  2

note:  (+) soil loss - detachment     (-) soil loss - deposition



III. OFF SITE EFFECTS  OFF SITE EFFECTS  OFF SITE EFFECTS
     ----------------  ----------------  ----------------

     A.  SEDIMENT LEAVING PROFILE for year    9     0.000 kg/m



     B.  SEDIMENT CHARACTERISTICS AND ENRICHMENT

     Sediment particle information leaving profile
-------------------------------------------------------------------------------
                                 Particle Composition         Detached Fraction
Class  Diameter  Specific  ---------------------------------  Sediment  In Flow
         (mm)    Gravity   % Sand   % Silt   % Clay   % O.M.  Fraction  Exiting
-------------------------------------------------------------------------------
  1     0.002      2.60      0.0      0.0    100.0     33.3     0.039    0.000
  2     0.010      2.65      0.0    100.0      0.0      0.0     0.330    0.000
  3     0.030      1.80      0.0     80.0     20.0      6.7     0.270    0.000
  4     0.300      1.60     55.6     21.6     22.8      7.6     0.250    0.000
  5     0.200      2.65    100.0      0.0      0.0      0.0     0.111    0.000
-------------------------------------------------------------------------------


     Weighted SSA enrichment ratio leaving profile for year    9 =   0.00


     HILLSLOPE 1 YEARLY SUMMARY FOR   10
     ----------------------------------


I.   RAINFALL AND RUNOFF SUMMARY
     -------- --- ------ -------

      year:     10

         Rainfall         Storm Runoff        Melt Runoff
      events   amount   events   amount     events  amount
                (mm)              (mm)               (mm)

       112     274.50       0       0.00       0       0.00


II.  ON SITE EFFECTS  ON SITE EFFECTS  ON SITE EFFECTS
     ---------------  ---------------  ---------------




  C.  SOIL LOSS/DEPOSITION ALONG SLOPE PROFILE

          Profile distances are from top to bottom of hillslope


 distance soil  flow    distance   soil  flow    distance   soil  flow
    (m)   loss  elem       (m)     loss  elem       (m)     loss  elem
         (kg/m2)                  (kg/m2)                  (kg/m2)
------------------------------------------------------------------------

   1.22     0.000  1       82.93     0.000  1      129.95     0.000  2
   2.44     0.000  1       84.15     0.000  1      130.18     0.000  2
   3.66     0.000  1       85.37     0.000  1      130.41     0.000  2
   4.88     0.000  1       86.58     0.000  1      130.64     0.000  2
   6.10     0.000  1       87.80     0.000  1      130.87     0.000  2
   7.32     0.000  1       89.02     0.000  1      131.10     0.000  2
   8.54     0.000  1       90.24     0.000  1      131.33     0.000  2
   9.76     0.000  1       91.46     0.000  1      131.56     0.000  2
  10.98     0.000  1       92.68     0.000  1      131.78     0.000  2
  12.20     0.000  1       93.90     0.000  1      132.01     0.000  2
  13.41     0.000  1       95.12     0.000  1      132.24     0.000  2
  14.63     0.000  1       96.34     0.000  1      132.47     0.000  2
  15.85     0.000  1       97.56     0.000  1      132.70     0.000  2
  17.07     0.000  1       98.78     0.000  1      132.93     0.000  2
  18.29     0.000  1      100.00     0.000  1      133.16     0.000  2
  19.51     0.000  1      101.22     0.000  1      133.38     0.000  2
  20.73     0.000  1      102.44     0.000  1      133.61     0.000  2
  21.95     0.000  1      103.66     0.000  1      133.84     0.000  2
  23.17     0.000  1      104.88     0.000  1      134.07     0.000  2
  24.39     0.000  1      106.10     0.000  1      134.30     0.000  2
  25.61     0.000  1      107.32     0.000  1      134.53     0.000  2
  26.83     0.000  1      108.54     0.000  1      134.76     0.000  2
  28.05     0.000  1      109.75     0.000  1      134.99     0.000  2
  29.27     0.000  1      110.97     0.000  1      135.21     0.000  2
  30.49     0.000  1      112.19     0.000  1      135.44     0.000  2
  31.71     0.000  1      113.41     0.000  1      135.67     0.000  2
  32.93     0.000  1      114.63     0.000  1      135.90     0.000  2
  34.15     0.000  1      115.85     0.000  1      136.13     0.000  2
  35.37     0.000  1      117.07     0.000  1      136.36     0.000  2
  36.59     0.000  1      118.29     0.000  1      136.59     0.000  2
  37.80     0.000  1      119.51     0.000  1      136.82     0.000  2
  39.02     0.000  1      120.73     0.000  1      137.04     0.000  2
  40.24     0.000  1      121.95     0.000  1      137.27     0.000  2
  41.46     0.000  1      122.18     0.000  2      137.50     0.000  2
  42.68     0.000  1      122.41     0.000  2      137.73     0.000  2
  43.90     0.000  1      122.64     0.000  2      137.96     0.000  2
  45.12     0.000  1      122.86     0.000  2      138.19     0.000  2
  46.34     0.000  1      123.09     0.000  2      138.42     0.000  2
  47.56     0.000  1      123.32     0.000  2      138.65     0.000  2
  48.78     0.000  1      123.55     0.000  2      138.87     0.000  2
  50.00     0.000  1      123.78     0.000  2      139.10     0.000  2
  51.22     0.000  1      124.01     0.000  2      139.33     0.000  2
  52.44     0.000  1      124.24     0.000  2      139.56     0.000  2
  53.66     0.000  1      124.47     0.000  2      139.79     0.000  2
  54.88     0.000  1      124.69     0.000  2      140.02     0.000  2
  56.10     0.000  1      124.92     0.000  2      140.25     0.000  2
  57.32     0.000  1      125.15     0.000  2      140.47     0.000  2
  58.54     0.000  1      125.38     0.000  2      140.70     0.000  2
  59.76     0.000  1      125.61     0.000  2      140.93     0.000  2
  60.98     0.000  1      125.84     0.000  2      141.16     0.000  2
  62.19     0.000  1      126.07     0.000  2      141.39     0.000  2
  63.41     0.000  1      126.30     0.000  2      141.62     0.000  2
  64.63     0.000  1      126.52     0.000  2      141.85     0.000  2
  65.85     0.000  1      126.75     0.000  2      142.08     0.000  2
  67.07     0.000  1      126.98     0.000  2      142.30     0.000  2
  68.29     0.000  1      127.21     0.000  2      142.53     0.000  2
  69.51     0.000  1      127.44     0.000  2      142.76     0.000  2
  70.73     0.000  1      127.67     0.000  2      142.99     0.000  2
  71.95     0.000  1      127.90     0.000  2      143.22     0.000  2
  73.17     0.000  1      128.12     0.000  2      143.45     0.000  2
  74.39     0.000  1      128.35     0.000  2      143.68     0.000  2
  75.61     0.000  1      128.58     0.000  2      143.91     0.000  2
  76.83     0.000  1      128.81     0.000  2      144.13     0.000  2
  78.05     0.000  1      129.04     0.000  2      144.36     0.000  2
  79.27     0.000  1      129.27     0.000  2      144.59     0.000  2
  80.49     0.000  1      129.50     0.000  2      144.82     0.000  2
  81.71     0.000  1      129.73     0.000  2

note:  (+) soil loss - detachment     (-) soil loss - deposition



III. OFF SITE EFFECTS  OFF SITE EFFECTS  OFF SITE EFFECTS
     ----------------  ----------------  ----------------

     A.  SEDIMENT LEAVING PROFILE for year   10     0.000 kg/m



     B.  SEDIMENT CHARACTERISTICS AND ENRICHMENT

     Sediment particle information leaving profile
-------------------------------------------------------------------------------
                                 Particle Composition         Detached Fraction
Class  Diameter  Specific  ---------------------------------  Sediment  In Flow
         (mm)    Gravity   % Sand   % Silt   % Clay   % O.M.  Fraction  Exiting
-------------------------------------------------------------------------------
  1     0.002      2.60      0.0      0.0    100.0     33.3     0.039    0.000
  2     0.010      2.65      0.0    100.0      0.0      0.0     0.330    0.000
  3     0.030      1.80      0.0     80.0     20.0      6.7     0.270    0.000
  4     0.300      1.60     55.6     21.6     22.8      7.6     0.250    0.000
  5     0.200      2.65    100.0      0.0      0.0      0.0     0.111    0.000
-------------------------------------------------------------------------------


     Weighted SSA enrichment ratio leaving profile for year   10 =   0.00


     ANNUAL AVERAGE SUMMARIES
     ------------------------


I.   RAINFALL AND RUNOFF SUMMARY
     -------- --- ------ -------

      total summary:  years    1 -   10

      1194 storms produced                         3308.30 mm of precipitation
         3 rain storm runoff events produced          2.40 mm of runoff
         3 snow melts and/or
             events during winter produced            6.74 mm of runoff

      annual averages
      ---------------

        Number of years                                   10
        Mean annual precipitation                     330.83    mm
        Mean annual runoff from rainfall                0.24    mm
        Mean annual runoff from snow melt
          and/or rain storm during winter               0.67    mm



II.  ON SITE EFFECTS  ON SITE EFFECTS  ON SITE EFFECTS
     ---------------  ---------------  ---------------


  A.  AREA OF NET SOIL LOSS

      ** Soil Loss (Avg. of Net Detachment Areas) =    0.002 kg/m2 **
      ** Maximum Soil Loss  =    0.004 kg/m2 at  133.38 meters **


      Area of    Soil Loss   Soil Loss   MAX   MAX Loss   MIN   MIN Loss
      Net Loss      MEAN      STDEV      Loss    Point    Loss   Point
        (m)       (kg/m2)     (kg/m2)  (kg/m2)    (m)    (kg/m2)  (m)
------------------------------------------------------------------------
   0.00- 144.82    0.002     0.002      0.004  133.38     0.001   144.13



  C.  SOIL LOSS/DEPOSITION ALONG SLOPE PROFILE

          Profile distances are from top to bottom of hillslope


 distance soil  flow    distance   soil  flow    distance   soil  flow
    (m)   loss  elem       (m)     loss  elem       (m)     loss  elem
         (kg/m2)                  (kg/m2)                  (kg/m2)
------------------------------------------------------------------------

   1.22     0.001  1       82.93     0.002  1      129.95     0.004  2
   2.44     0.001  1       84.15     0.002  1      130.18     0.004  2
   3.66     0.001  1       85.37     0.003  1      130.41     0.004  2
   4.88     0.001  1       86.58     0.003  1      130.64     0.004  2
   6.10     0.001  1       87.80     0.003  1      130.87     0.004  2
   7.32     0.001  1       89.02     0.003  1      131.10     0.004  2
   8.54     0.001  1       90.24     0.003  1      131.33     0.004  2
   9.76     0.001  1       91.46     0.003  1      131.56     0.004  2
  10.98     0.001  1       92.68     0.003  1      131.78     0.004  2
  12.20     0.001  1       93.90     0.003  1      132.01     0.004  2
  13.41     0.001  1       95.12     0.003  1      132.24     0.004  2
  14.63     0.001  1       96.34     0.003  1      132.47     0.004  2
  15.85     0.001  1       97.56     0.003  1      132.70     0.004  2
  17.07     0.001  1       98.78     0.003  1      132.93     0.004  2
  18.29     0.001  1      100.00     0.003  1      133.16     0.004  2
  19.51     0.001  1      101.22     0.003  1      133.38     0.004  2
  20.73     0.001  1      102.44     0.003  1      133.61     0.004  2
  21.95     0.001  1      103.66     0.003  1      133.84     0.004  2
  23.17     0.001  1      104.88     0.003  1      134.07     0.004  2
  24.39     0.001  1      106.10     0.003  1      134.30     0.004  2
  25.61     0.001  1      107.32     0.004  1      134.53     0.004  2
  26.83     0.001  1      108.54     0.004  1      134.76     0.004  2
  28.05     0.001  1      109.75     0.004  1      134.99     0.004  2
  29.27     0.001  1      110.97     0.004  1      135.21     0.004  2
  30.49     0.001  1      112.19     0.004  1      135.44     0.004  2
  31.71     0.001  1      113.41     0.004  1      135.67     0.004  2
  32.93     0.001  1      114.63     0.004  1      135.90     0.003  2
  34.15     0.001  1      115.85     0.004  1      136.13     0.003  2
  35.37     0.001  1      117.07     0.004  1      136.36     0.003  2
  36.59     0.001  1      118.29     0.004  1      136.59     0.003  2
  37.80     0.001  1      119.51     0.004  1      136.82     0.003  2
  39.02     0.001  1      120.73     0.004  1      137.04     0.003  2
  40.24     0.001  1      121.95     0.004  1      137.27     0.003  2
  41.46     0.001  1      122.18     0.004  2      137.50     0.003  2
  42.68     0.001  1      122.41     0.004  2      137.73     0.003  2
  43.90     0.001  1      122.64     0.004  2      137.96     0.003  2
  45.12     0.001  1      122.86     0.004  2      138.19     0.002  2
  46.34     0.001  1      123.09     0.004  2      138.42     0.002  2
  47.56     0.001  1      123.32     0.004  2      138.65     0.002  2
  48.78     0.001  1      123.55     0.004  2      138.87     0.002  2
  50.00     0.001  1      123.78     0.004  2      139.10     0.002  2
  51.22     0.001  1      124.01     0.004  2      139.33     0.002  2
  52.44     0.001  1      124.24     0.004  2      139.56     0.002  2
  53.66     0.001  1      124.47     0.004  2      139.79     0.002  2
  54.88     0.001  1      124.69     0.004  2      140.02     0.002  2
  56.10     0.001  1      124.92     0.004  2      140.25     0.002  2
  57.32     0.001  1      125.15     0.004  2      140.47     0.002  2
  58.54     0.001  1      125.38     0.004  2      140.70     0.002  2
  59.76     0.002  1      125.61     0.004  2      140.93     0.001  2
  60.98     0.002  1      125.84     0.004  2      141.16     0.001  2
  62.19     0.002  1      126.07     0.004  2      141.39     0.001  2
  63.41     0.002  1      126.30     0.004  2      141.62     0.001  2
  64.63     0.002  1      126.52     0.004  2      141.85     0.001  2
  65.85     0.002  1      126.75     0.004  2      142.08     0.001  2
  67.07     0.002  1      126.98     0.004  2      142.30     0.001  2
  68.29     0.002  1      127.21     0.004  2      142.53     0.001  2
  69.51     0.002  1      127.44     0.004  2      142.76     0.001  2
  70.73     0.002  1      127.67     0.004  2      142.99     0.001  2
  71.95     0.002  1      127.90     0.004  2      143.22     0.001  2
  73.17     0.002  1      128.12     0.004  2      143.45     0.001  2
  74.39     0.002  1      128.35     0.004  2      143.68     0.001  2
  75.61     0.002  1      128.58     0.004  2      143.91     0.001  2
  76.83     0.002  1      128.81     0.004  2      144.13     0.001  2
  78.05     0.002  1      129.04     0.004  2      144.36     0.001  2
  79.27     0.002  1      129.27     0.004  2      144.59     0.001  2
  80.49     0.002  1      129.50     0.004  2      144.82     0.001  2
  81.71     0.002  1      129.73     0.004  2

note:  (+) soil loss - detachment     (-) soil loss - deposition



III. OFF SITE EFFECTS  OFF SITE EFFECTS  OFF SITE EFFECTS
     ----------------  ----------------  ----------------

     A.  AVERAGE ANNUAL SEDIMENT LEAVING PROFILE
             0.297   kg/m of width
            29.655     kg (based on profile width of    100.000      m)
             0.020   t/ha (assuming contributions from     1.448     ha)


     B.  SEDIMENT CHARACTERISTICS AND ENRICHMENT

     Sediment particle information leaving profile
-------------------------------------------------------------------------------
                                 Particle Composition         Detached Fraction
Class  Diameter  Specific  ---------------------------------  Sediment  In Flow
         (mm)    Gravity   % Sand   % Silt   % Clay   % O.M.  Fraction  Exiting
-------------------------------------------------------------------------------
  1     0.002      2.60      0.0      0.0    100.0     33.3     0.039    0.054
  2     0.010      2.65      0.0    100.0      0.0      0.0     0.330    0.426
  3     0.030      1.80      0.0     80.0     20.0      6.7     0.270    0.280
  4     0.300      1.60     55.6     21.6     22.8      7.6     0.250    0.166
  5     0.200      2.65    100.0      0.0      0.0      0.0     0.111    0.074
-------------------------------------------------------------------------------


     Average annual SSA enrichment ratio leaving profile =   1.00
