 Annual; detailed (Metric Units)                                        


          USDA WATER EROSION PREDICTION PROJECT
          -------------------------------------

          HILLSLOPE PROFILE AND WATERSHED MODEL
                     VERSION  2010.100
           January 28,      2010


               TO REPORT PROBLEMS OR TO BE PUT ON THE MAILING
               LIST FOR FUTURE WEPP MODEL RELEASES, PLEASE CONTACT:

                    WEPP TECHNICAL SUPPORT
                    USDA-AGRICULTURAL RESEARCH SERVICE
                    NATIONAL SOIL EROSION RESEARCH LABORATORY
                    275 SOUTH RUSSELL STREET
                    WEST LAFAYETTE, IN 47907-2077  USA

                    PHONE: (765) 494-8673
                      FAX: (765) 494-5948
                    email:  wepp@ecn.purdue.edu
                      URL:  http://topsoil.nserl.purdue.edu


     HILLSLOPE INPUT DATA FILES - VERSION  2010.100
      January 28,      2010


    MANAGEMENT: ../working/wepp-31267.man                         
 MAN. PRACTICE: Two OFEs for forest conditions                              
                W. Elliot 02/99                                             
                                                                            
         SLOPE: ../working/wepp-31267.slp                         
       CLIMATE: ../working/wepp-31267.cli                         
       Station:  Spain    Albacete Los Llanos                   CLIGEN VERSION  4.31
          SOIL: ../working/wepp-31267.sol                         
      PLANE  1 HIGH                clay loam           
      PLANE  2 LOW                 clay loam           


     HILLSLOPE 1 YEARLY SUMMARY FOR    1
     ----------------------------------


I.   RAINFALL AND RUNOFF SUMMARY
     -------- --- ------ -------

      year:      1

         Rainfall         Storm Runoff        Melt Runoff
      events   amount   events   amount     events  amount
                (mm)              (mm)               (mm)

        62     294.30       2       0.06       0       0.00


II.  ON SITE EFFECTS  ON SITE EFFECTS  ON SITE EFFECTS
     ---------------  ---------------  ---------------


  A.  AREA OF NET SOIL LOSS

      ** Soil Loss (Avg. of Net Detachment Areas) =    0.001 kg/m2 **
      ** Maximum Soil Loss  =    0.004 kg/m2 at  100.00 meters **


      Area of    Soil Loss   Soil Loss   MAX   MAX Loss   MIN   MIN Loss
      Net Loss      MEAN      STDEV      Loss    Point    Loss   Point
        (m)       (kg/m2)     (kg/m2)  (kg/m2)    (m)    (kg/m2)  (m)
------------------------------------------------------------------------
   0.00- 130.00    0.002     0.001      0.004  100.00     0.000     1.00
 131.00- 162.00    0.000     0.000      0.000  132.00     0.000   162.00

  B.  AREA OF SOIL DEPOSITION

      ** Soil Deposition (Avg. of Net Deposition Areas) =    -0.015 kg/m2 **
      ** Maximum Soil Deposition  =    -0.021 kg/m2 at  196.00 meters **

      Area of    Soil Dep   Soil Dep     MAX    MAX Dep   MIN   MIN Dep
      Net Dep       MEAN     STDEV       Dep     Point    Dep    Point
        (m)       (kg/m2)    (kg/m2)   (kg/m2)    (m)    (kg/m2)  (m)
------------------------------------------------------------------------
 130.00- 131.00   -0.008     0.000     -0.008  131.00    -0.008   131.00
 194.00- 200.00   -0.016     0.006     -0.021  196.00    -0.004   195.00

      Single Point     Single Point
       Soil Area          Dep
         (m)             (kg/m2/)
      ------------------------------
       131.00            -0.008



  C.  SOIL LOSS/DEPOSITION ALONG SLOPE PROFILE

          Profile distances are from top to bottom of hillslope


 distance soil  flow    distance   soil  flow    distance   soil  flow
    (m)   loss  elem       (m)     loss  elem       (m)     loss  elem
         (kg/m2)                  (kg/m2)                  (kg/m2)
------------------------------------------------------------------------

   1.00     0.000  1       68.00     0.003  1      135.00     0.000  2
   2.00     0.000  1       69.00     0.003  1      136.00     0.000  2
   3.00     0.000  1       70.00     0.003  1      137.00     0.000  2
   4.00     0.000  1       71.00     0.003  1      138.00     0.000  2
   5.00     0.000  1       72.00     0.003  1      139.00     0.000  2
   6.00     0.000  1       73.00     0.003  1      140.00     0.000  2
   7.00     0.000  1       74.00     0.003  1      141.00     0.000  2
   8.00     0.000  1       75.00     0.003  1      142.00     0.000  2
   9.00     0.000  1       76.00     0.003  1      143.00     0.000  2
  10.00     0.000  1       77.00     0.003  1      144.00     0.000  2
  11.00     0.000  1       78.00     0.003  1      145.00     0.000  2
  12.00     0.000  1       79.00     0.003  1      146.00     0.000  2
  13.00     0.000  1       80.00     0.003  1      147.00     0.000  2
  14.00     0.000  1       81.00     0.003  1      148.00     0.000  2
  15.00     0.000  1       82.00     0.003  1      149.00     0.000  2
  16.00     0.000  1       83.00     0.003  1      150.00     0.000  2
  17.00     0.000  1       84.00     0.004  1      151.00     0.000  2
  18.00     0.000  1       85.00     0.004  1      152.00     0.000  2
  19.00     0.000  1       86.00     0.004  1      153.00     0.000  2
  20.00     0.000  1       87.00     0.004  1      154.00     0.000  2
  21.00     0.000  1       88.00     0.004  1      155.00     0.000  2
  22.00     0.000  1       89.00     0.004  1      156.00     0.000  2
  23.00     0.000  1       90.00     0.004  1      157.00     0.000  2
  24.00     0.000  1       91.00     0.004  1      158.00     0.000  2
  25.00     0.000  1       92.00     0.004  1      159.00     0.000  2
  26.00     0.000  1       93.00     0.004  1      160.00     0.000  2
  27.00     0.000  1       94.00     0.004  1      161.00     0.000  2
  28.00     0.000  1       95.00     0.004  1      162.00     0.000  2
  29.00     0.000  1       96.00     0.004  1      163.00     0.000  2
  30.00     0.000  1       97.00     0.004  1      164.00     0.000  2
  31.00     0.000  1       98.00     0.004  1      165.00     0.000  2
  32.00     0.000  1       99.00     0.004  1      166.00     0.000  2
  33.00     0.000  1      100.00     0.004  1      167.00     0.000  2
  34.00     0.001  1      101.00     0.001  2      168.00     0.000  2
  35.00     0.001  1      102.00     0.001  2      169.00     0.000  2
  36.00     0.001  1      103.00     0.001  2      170.00     0.000  2
  37.00     0.001  1      104.00     0.001  2      171.00     0.000  2
  38.00     0.001  1      105.00     0.001  2      172.00     0.000  2
  39.00     0.001  1      106.00     0.001  2      173.00     0.000  2
  40.00     0.001  1      107.00     0.001  2      174.00     0.000  2
  41.00     0.001  1      108.00     0.001  2      175.00     0.000  2
  42.00     0.001  1      109.00     0.001  2      176.00     0.000  2
  43.00     0.001  1      110.00     0.001  2      177.00     0.000  2
  44.00     0.001  1      111.00     0.001  2      178.00     0.000  2
  45.00     0.002  1      112.00     0.001  2      179.00     0.000  2
  46.00     0.002  1      113.00     0.001  2      180.00     0.000  2
  47.00     0.002  1      114.00     0.001  2      181.00     0.000  2
  48.00     0.002  1      115.00     0.001  2      182.00     0.000  2
  49.00     0.002  1      116.00     0.001  2      183.00     0.000  2
  50.00     0.002  1      117.00     0.001  2      184.00     0.000  2
  51.00     0.002  1      118.00     0.001  2      185.00     0.000  2
  52.00     0.002  1      119.00     0.001  2      186.00     0.000  2
  53.00     0.002  1      120.00     0.001  2      187.00     0.000  2
  54.00     0.002  1      121.00     0.001  2      188.00     0.000  2
  55.00     0.002  1      122.00     0.001  2      189.00     0.000  2
  56.00     0.002  1      123.00     0.001  2      190.00     0.000  2
  57.00     0.002  1      124.00     0.001  2      191.00     0.000  2
  58.00     0.002  1      125.00     0.001  2      192.00     0.000  2
  59.00     0.002  1      126.00     0.001  2      193.00     0.000  2
  60.00     0.002  1      127.00     0.001  2      194.00     0.000  2
  61.00     0.003  1      128.00     0.001  2      195.00    -0.004  2
  62.00     0.003  1      129.00     0.000  2      196.00    -0.021  2
  63.00     0.003  1      130.00     0.000  2      197.00    -0.020  2
  64.00     0.003  1      131.00    -0.008  2      198.00    -0.019  2
  65.00     0.003  1      132.00     0.000  2      199.00    -0.018  2
  66.00     0.003  1      133.00     0.000  2      200.00    -0.017  2
  67.00     0.003  1      134.00     0.000  2

note:  (+) soil loss - detachment     (-) soil loss - deposition



III. OFF SITE EFFECTS  OFF SITE EFFECTS  OFF SITE EFFECTS
     ----------------  ----------------  ----------------

     A.  SEDIMENT LEAVING PROFILE for year    1     0.115 kg/m



     B.  SEDIMENT CHARACTERISTICS AND ENRICHMENT

     Sediment particle information leaving profile
-------------------------------------------------------------------------------
                                 Particle Composition         Detached Fraction
Class  Diameter  Specific  ---------------------------------  Sediment  In Flow
         (mm)    Gravity   % Sand   % Silt   % Clay   % O.M.  Fraction  Exiting
-------------------------------------------------------------------------------
  1     0.002      2.60      0.0      0.0    100.0     16.7     0.078    0.165
  2     0.010      2.65      0.0    100.0      0.0      0.0     0.072    0.059
  3     0.040      1.80      0.0     60.0     40.0      6.7     0.378    0.656
  4     0.600      1.60     48.4     35.2     16.5      2.7     0.430    0.114
  5     0.200      2.65    100.0      0.0      0.0      0.0     0.042    0.005
-------------------------------------------------------------------------------


     Weighted SSA enrichment ratio leaving profile for year    1 =   1.46


     HILLSLOPE 1 YEARLY SUMMARY FOR    2
     ----------------------------------


I.   RAINFALL AND RUNOFF SUMMARY
     -------- --- ------ -------

      year:      2

         Rainfall         Storm Runoff        Melt Runoff
      events   amount   events   amount     events  amount
                (mm)              (mm)               (mm)

        56     285.80       1       0.00       0       0.00


II.  ON SITE EFFECTS  ON SITE EFFECTS  ON SITE EFFECTS
     ---------------  ---------------  ---------------


  A.  AREA OF NET SOIL LOSS

      ** Soil Loss (Avg. of Net Detachment Areas) =    0.000 kg/m2 **
      ** Maximum Soil Loss  =    0.000 kg/m2 at  100.00 meters **


      Area of    Soil Loss   Soil Loss   MAX   MAX Loss   MIN   MIN Loss
      Net Loss      MEAN      STDEV      Loss    Point    Loss   Point
        (m)       (kg/m2)     (kg/m2)  (kg/m2)    (m)    (kg/m2)  (m)
------------------------------------------------------------------------
   0.00- 100.00    0.000     0.000      0.000  100.00     0.000     1.00

  B.  AREA OF SOIL DEPOSITION

      ** Soil Deposition (Avg. of Net Deposition Areas) =     0.000 kg/m2 **
      ** Maximum Soil Deposition  =     0.000 kg/m2 at  117.00 meters **

      Area of    Soil Dep   Soil Dep     MAX    MAX Dep   MIN   MIN Dep
      Net Dep       MEAN     STDEV       Dep     Point    Dep    Point
        (m)       (kg/m2)    (kg/m2)   (kg/m2)    (m)    (kg/m2)  (m)
------------------------------------------------------------------------
 116.00- 117.00    0.000     0.000      0.000  117.00     0.000   117.00

      Single Point     Single Point
       Soil Area          Dep
         (m)             (kg/m2/)
      ------------------------------
       117.00             0.000



  C.  SOIL LOSS/DEPOSITION ALONG SLOPE PROFILE

          Profile distances are from top to bottom of hillslope


 distance soil  flow    distance   soil  flow    distance   soil  flow
    (m)   loss  elem       (m)     loss  elem       (m)     loss  elem
         (kg/m2)                  (kg/m2)                  (kg/m2)
------------------------------------------------------------------------

   1.00     0.000  1       68.00     0.000  1      135.00     0.000  2
   2.00     0.000  1       69.00     0.000  1      136.00     0.000  2
   3.00     0.000  1       70.00     0.000  1      137.00     0.000  2
   4.00     0.000  1       71.00     0.000  1      138.00     0.000  2
   5.00     0.000  1       72.00     0.000  1      139.00     0.000  2
   6.00     0.000  1       73.00     0.000  1      140.00     0.000  2
   7.00     0.000  1       74.00     0.000  1      141.00     0.000  2
   8.00     0.000  1       75.00     0.000  1      142.00     0.000  2
   9.00     0.000  1       76.00     0.000  1      143.00     0.000  2
  10.00     0.000  1       77.00     0.000  1      144.00     0.000  2
  11.00     0.000  1       78.00     0.000  1      145.00     0.000  2
  12.00     0.000  1       79.00     0.000  1      146.00     0.000  2
  13.00     0.000  1       80.00     0.000  1      147.00     0.000  2
  14.00     0.000  1       81.00     0.000  1      148.00     0.000  2
  15.00     0.000  1       82.00     0.000  1      149.00     0.000  2
  16.00     0.000  1       83.00     0.000  1      150.00     0.000  2
  17.00     0.000  1       84.00     0.000  1      151.00     0.000  2
  18.00     0.000  1       85.00     0.000  1      152.00     0.000  2
  19.00     0.000  1       86.00     0.000  1      153.00     0.000  2
  20.00     0.000  1       87.00     0.000  1      154.00     0.000  2
  21.00     0.000  1       88.00     0.000  1      155.00     0.000  2
  22.00     0.000  1       89.00     0.000  1      156.00     0.000  2
  23.00     0.000  1       90.00     0.000  1      157.00     0.000  2
  24.00     0.000  1       91.00     0.000  1      158.00     0.000  2
  25.00     0.000  1       92.00     0.000  1      159.00     0.000  2
  26.00     0.000  1       93.00     0.000  1      160.00     0.000  2
  27.00     0.000  1       94.00     0.000  1      161.00     0.000  2
  28.00     0.000  1       95.00     0.000  1      162.00     0.000  2
  29.00     0.000  1       96.00     0.000  1      163.00     0.000  2
  30.00     0.000  1       97.00     0.000  1      164.00     0.000  2
  31.00     0.000  1       98.00     0.000  1      165.00     0.000  2
  32.00     0.000  1       99.00     0.000  1      166.00     0.000  2
  33.00     0.000  1      100.00     0.000  1      167.00     0.000  2
  34.00     0.000  1      101.00     0.000  2      168.00     0.000  2
  35.00     0.000  1      102.00     0.000  2      169.00     0.000  2
  36.00     0.000  1      103.00     0.000  2      170.00     0.000  2
  37.00     0.000  1      104.00     0.000  2      171.00     0.000  2
  38.00     0.000  1      105.00     0.000  2      172.00     0.000  2
  39.00     0.000  1      106.00     0.000  2      173.00     0.000  2
  40.00     0.000  1      107.00     0.000  2      174.00     0.000  2
  41.00     0.000  1      108.00     0.000  2      175.00     0.000  2
  42.00     0.000  1      109.00     0.000  2      176.00     0.000  2
  43.00     0.000  1      110.00     0.000  2      177.00     0.000  2
  44.00     0.000  1      111.00     0.000  2      178.00     0.000  2
  45.00     0.000  1      112.00     0.000  2      179.00     0.000  2
  46.00     0.000  1      113.00     0.000  2      180.00     0.000  2
  47.00     0.000  1      114.00     0.000  2      181.00     0.000  2
  48.00     0.000  1      115.00     0.000  2      182.00     0.000  2
  49.00     0.000  1      116.00     0.000  2      183.00     0.000  2
  50.00     0.000  1      117.00     0.000  2      184.00     0.000  2
  51.00     0.000  1      118.00     0.000  2      185.00     0.000  2
  52.00     0.000  1      119.00     0.000  2      186.00     0.000  2
  53.00     0.000  1      120.00     0.000  2      187.00     0.000  2
  54.00     0.000  1      121.00     0.000  2      188.00     0.000  2
  55.00     0.000  1      122.00     0.000  2      189.00     0.000  2
  56.00     0.000  1      123.00     0.000  2      190.00     0.000  2
  57.00     0.000  1      124.00     0.000  2      191.00     0.000  2
  58.00     0.000  1      125.00     0.000  2      192.00     0.000  2
  59.00     0.000  1      126.00     0.000  2      193.00     0.000  2
  60.00     0.000  1      127.00     0.000  2      194.00     0.000  2
  61.00     0.000  1      128.00     0.000  2      195.00     0.000  2
  62.00     0.000  1      129.00     0.000  2      196.00     0.000  2
  63.00     0.000  1      130.00     0.000  2      197.00     0.000  2
  64.00     0.000  1      131.00     0.000  2      198.00     0.000  2
  65.00     0.000  1      132.00     0.000  2      199.00     0.000  2
  66.00     0.000  1      133.00     0.000  2      200.00     0.000  2
  67.00     0.000  1      134.00     0.000  2

note:  (+) soil loss - detachment     (-) soil loss - deposition



III. OFF SITE EFFECTS  OFF SITE EFFECTS  OFF SITE EFFECTS
     ----------------  ----------------  ----------------

     A.  SEDIMENT LEAVING PROFILE for year    2     0.000 kg/m



     B.  SEDIMENT CHARACTERISTICS AND ENRICHMENT

     Sediment particle information leaving profile
-------------------------------------------------------------------------------
                                 Particle Composition         Detached Fraction
Class  Diameter  Specific  ---------------------------------  Sediment  In Flow
         (mm)    Gravity   % Sand   % Silt   % Clay   % O.M.  Fraction  Exiting
-------------------------------------------------------------------------------
  1     0.002      2.60      0.0      0.0    100.0     16.7     0.078    0.000
  2     0.010      2.65      0.0    100.0      0.0      0.0     0.072    0.000
  3     0.040      1.80      0.0     60.0     40.0      6.7     0.378    0.000
  4     0.600      1.60     48.4     35.2     16.5      2.7     0.430    0.000
  5     0.200      2.65    100.0      0.0      0.0      0.0     0.042    0.000
-------------------------------------------------------------------------------


     Weighted SSA enrichment ratio leaving profile for year    2 =   0.00


     HILLSLOPE 1 YEARLY SUMMARY FOR    3
     ----------------------------------


I.   RAINFALL AND RUNOFF SUMMARY
     -------- --- ------ -------

      year:      3

         Rainfall         Storm Runoff        Melt Runoff
      events   amount   events   amount     events  amount
                (mm)              (mm)               (mm)

        55     322.30       2       0.01       0       0.00


II.  ON SITE EFFECTS  ON SITE EFFECTS  ON SITE EFFECTS
     ---------------  ---------------  ---------------


  A.  AREA OF NET SOIL LOSS

      ** Soil Loss (Avg. of Net Detachment Areas) =    0.000 kg/m2 **
      ** Maximum Soil Loss  =    0.001 kg/m2 at  100.00 meters **


      Area of    Soil Loss   Soil Loss   MAX   MAX Loss   MIN   MIN Loss
      Net Loss      MEAN      STDEV      Loss    Point    Loss   Point
        (m)       (kg/m2)     (kg/m2)  (kg/m2)    (m)    (kg/m2)  (m)
------------------------------------------------------------------------
   0.00- 188.00    0.000     0.000      0.001  100.00     0.000   180.00

  B.  AREA OF SOIL DEPOSITION

      ** Soil Deposition (Avg. of Net Deposition Areas) =    -0.004 kg/m2 **
      ** Maximum Soil Deposition  =    -0.005 kg/m2 at  190.00 meters **

      Area of    Soil Dep   Soil Dep     MAX    MAX Dep   MIN   MIN Dep
      Net Dep       MEAN     STDEV       Dep     Point    Dep    Point
        (m)       (kg/m2)    (kg/m2)   (kg/m2)    (m)    (kg/m2)  (m)
------------------------------------------------------------------------
 188.00- 200.00   -0.004     0.001     -0.005  190.00    -0.001   189.00



  C.  SOIL LOSS/DEPOSITION ALONG SLOPE PROFILE

          Profile distances are from top to bottom of hillslope


 distance soil  flow    distance   soil  flow    distance   soil  flow
    (m)   loss  elem       (m)     loss  elem       (m)     loss  elem
         (kg/m2)                  (kg/m2)                  (kg/m2)
------------------------------------------------------------------------

   1.00     0.000  1       68.00     0.001  1      135.00     0.000  2
   2.00     0.000  1       69.00     0.001  1      136.00     0.000  2
   3.00     0.000  1       70.00     0.001  1      137.00     0.000  2
   4.00     0.000  1       71.00     0.001  1      138.00     0.000  2
   5.00     0.000  1       72.00     0.001  1      139.00     0.000  2
   6.00     0.000  1       73.00     0.001  1      140.00     0.000  2
   7.00     0.000  1       74.00     0.001  1      141.00     0.000  2
   8.00     0.000  1       75.00     0.001  1      142.00     0.000  2
   9.00     0.000  1       76.00     0.001  1      143.00     0.000  2
  10.00     0.000  1       77.00     0.001  1      144.00     0.000  2
  11.00     0.000  1       78.00     0.001  1      145.00     0.000  2
  12.00     0.000  1       79.00     0.001  1      146.00     0.000  2
  13.00     0.000  1       80.00     0.001  1      147.00     0.000  2
  14.00     0.000  1       81.00     0.001  1      148.00     0.000  2
  15.00     0.000  1       82.00     0.001  1      149.00     0.000  2
  16.00     0.000  1       83.00     0.001  1      150.00     0.000  2
  17.00     0.000  1       84.00     0.001  1      151.00     0.000  2
  18.00     0.000  1       85.00     0.001  1      152.00     0.000  2
  19.00     0.000  1       86.00     0.001  1      153.00     0.000  2
  20.00     0.000  1       87.00     0.001  1      154.00     0.000  2
  21.00     0.000  1       88.00     0.001  1      155.00     0.000  2
  22.00     0.000  1       89.00     0.001  1      156.00     0.000  2
  23.00     0.000  1       90.00     0.001  1      157.00     0.000  2
  24.00     0.000  1       91.00     0.001  1      158.00     0.000  2
  25.00     0.000  1       92.00     0.001  1      159.00     0.000  2
  26.00     0.000  1       93.00     0.001  1      160.00     0.000  2
  27.00     0.000  1       94.00     0.001  1      161.00     0.000  2
  28.00     0.000  1       95.00     0.001  1      162.00     0.000  2
  29.00     0.000  1       96.00     0.001  1      163.00     0.000  2
  30.00     0.000  1       97.00     0.001  1      164.00     0.000  2
  31.00     0.000  1       98.00     0.001  1      165.00     0.000  2
  32.00     0.000  1       99.00     0.001  1      166.00     0.000  2
  33.00     0.000  1      100.00     0.001  1      167.00     0.000  2
  34.00     0.000  1      101.00     0.000  2      168.00     0.000  2
  35.00     0.000  1      102.00     0.000  2      169.00     0.000  2
  36.00     0.000  1      103.00     0.000  2      170.00     0.000  2
  37.00     0.000  1      104.00     0.000  2      171.00     0.000  2
  38.00     0.000  1      105.00     0.000  2      172.00     0.000  2
  39.00     0.000  1      106.00     0.000  2      173.00     0.000  2
  40.00     0.000  1      107.00     0.000  2      174.00     0.000  2
  41.00     0.000  1      108.00     0.000  2      175.00     0.000  2
  42.00     0.000  1      109.00     0.000  2      176.00     0.000  2
  43.00     0.000  1      110.00     0.000  2      177.00     0.000  2
  44.00     0.000  1      111.00     0.000  2      178.00     0.000  2
  45.00     0.000  1      112.00     0.000  2      179.00     0.000  2
  46.00     0.000  1      113.00     0.000  2      180.00     0.000  2
  47.00     0.001  1      114.00     0.000  2      181.00     0.000  2
  48.00     0.001  1      115.00     0.000  2      182.00     0.000  2
  49.00     0.001  1      116.00     0.000  2      183.00     0.000  2
  50.00     0.001  1      117.00     0.000  2      184.00     0.000  2
  51.00     0.001  1      118.00     0.000  2      185.00     0.000  2
  52.00     0.001  1      119.00     0.000  2      186.00     0.000  2
  53.00     0.001  1      120.00     0.000  2      187.00     0.000  2
  54.00     0.001  1      121.00     0.000  2      188.00     0.000  2
  55.00     0.001  1      122.00     0.000  2      189.00    -0.001  2
  56.00     0.001  1      123.00     0.000  2      190.00    -0.005  2
  57.00     0.001  1      124.00     0.000  2      191.00    -0.005  2
  58.00     0.001  1      125.00     0.000  2      192.00    -0.005  2
  59.00     0.001  1      126.00     0.000  2      193.00    -0.004  2
  60.00     0.001  1      127.00     0.000  2      194.00    -0.004  2
  61.00     0.001  1      128.00     0.000  2      195.00    -0.004  2
  62.00     0.001  1      129.00     0.000  2      196.00    -0.004  2
  63.00     0.001  1      130.00     0.000  2      197.00    -0.003  2
  64.00     0.001  1      131.00     0.000  2      198.00    -0.003  2
  65.00     0.001  1      132.00     0.000  2      199.00    -0.003  2
  66.00     0.001  1      133.00     0.000  2      200.00    -0.003  2
  67.00     0.001  1      134.00     0.000  2

note:  (+) soil loss - detachment     (-) soil loss - deposition



III. OFF SITE EFFECTS  OFF SITE EFFECTS  OFF SITE EFFECTS
     ----------------  ----------------  ----------------

     A.  SEDIMENT LEAVING PROFILE for year    3     0.015 kg/m



     B.  SEDIMENT CHARACTERISTICS AND ENRICHMENT

     Sediment particle information leaving profile
-------------------------------------------------------------------------------
                                 Particle Composition         Detached Fraction
Class  Diameter  Specific  ---------------------------------  Sediment  In Flow
         (mm)    Gravity   % Sand   % Silt   % Clay   % O.M.  Fraction  Exiting
-------------------------------------------------------------------------------
  1     0.002      2.60      0.0      0.0    100.0     16.7     0.078    0.215
  2     0.010      2.65      0.0    100.0      0.0      0.0     0.072    0.061
  3     0.040      1.80      0.0     60.0     40.0      6.7     0.378    0.616
  4     0.600      1.60     48.4     35.2     16.5      2.7     0.430    0.104
  5     0.200      2.65    100.0      0.0      0.0      0.0     0.042    0.004
-------------------------------------------------------------------------------


     Weighted SSA enrichment ratio leaving profile for year    3 =   1.56


     HILLSLOPE 1 YEARLY SUMMARY FOR    4
     ----------------------------------


I.   RAINFALL AND RUNOFF SUMMARY
     -------- --- ------ -------

      year:      4

         Rainfall         Storm Runoff        Melt Runoff
      events   amount   events   amount     events  amount
                (mm)              (mm)               (mm)

        56     202.60       1       0.00       0       0.00


II.  ON SITE EFFECTS  ON SITE EFFECTS  ON SITE EFFECTS
     ---------------  ---------------  ---------------


  A.  AREA OF NET SOIL LOSS

      ** Soil Loss (Avg. of Net Detachment Areas) =    0.000 kg/m2 **
      ** Maximum Soil Loss  =    0.000 kg/m2 at  100.00 meters **


      Area of    Soil Loss   Soil Loss   MAX   MAX Loss   MIN   MIN Loss
      Net Loss      MEAN      STDEV      Loss    Point    Loss   Point
        (m)       (kg/m2)     (kg/m2)  (kg/m2)    (m)    (kg/m2)  (m)
------------------------------------------------------------------------
   0.00- 100.00    0.000     0.000      0.000  100.00     0.000     1.00

  B.  AREA OF SOIL DEPOSITION

      ** Soil Deposition (Avg. of Net Deposition Areas) =    -0.001 kg/m2 **
      ** Maximum Soil Deposition  =    -0.001 kg/m2 at  125.00 meters **

      Area of    Soil Dep   Soil Dep     MAX    MAX Dep   MIN   MIN Dep
      Net Dep       MEAN     STDEV       Dep     Point    Dep    Point
        (m)       (kg/m2)    (kg/m2)   (kg/m2)    (m)    (kg/m2)  (m)
------------------------------------------------------------------------
 124.00- 125.00   -0.001     0.000     -0.001  125.00    -0.001   125.00

      Single Point     Single Point
       Soil Area          Dep
         (m)             (kg/m2/)
      ------------------------------
       125.00            -0.001



  C.  SOIL LOSS/DEPOSITION ALONG SLOPE PROFILE

          Profile distances are from top to bottom of hillslope


 distance soil  flow    distance   soil  flow    distance   soil  flow
    (m)   loss  elem       (m)     loss  elem       (m)     loss  elem
         (kg/m2)                  (kg/m2)                  (kg/m2)
------------------------------------------------------------------------

   1.00     0.000  1       68.00     0.000  1      135.00     0.000  2
   2.00     0.000  1       69.00     0.000  1      136.00     0.000  2
   3.00     0.000  1       70.00     0.000  1      137.00     0.000  2
   4.00     0.000  1       71.00     0.000  1      138.00     0.000  2
   5.00     0.000  1       72.00     0.000  1      139.00     0.000  2
   6.00     0.000  1       73.00     0.000  1      140.00     0.000  2
   7.00     0.000  1       74.00     0.000  1      141.00     0.000  2
   8.00     0.000  1       75.00     0.000  1      142.00     0.000  2
   9.00     0.000  1       76.00     0.000  1      143.00     0.000  2
  10.00     0.000  1       77.00     0.000  1      144.00     0.000  2
  11.00     0.000  1       78.00     0.000  1      145.00     0.000  2
  12.00     0.000  1       79.00     0.000  1      146.00     0.000  2
  13.00     0.000  1       80.00     0.000  1      147.00     0.000  2
  14.00     0.000  1       81.00     0.000  1      148.00     0.000  2
  15.00     0.000  1       82.00     0.000  1      149.00     0.000  2
  16.00     0.000  1       83.00     0.000  1      150.00     0.000  2
  17.00     0.000  1       84.00     0.000  1      151.00     0.000  2
  18.00     0.000  1       85.00     0.000  1      152.00     0.000  2
  19.00     0.000  1       86.00     0.000  1      153.00     0.000  2
  20.00     0.000  1       87.00     0.000  1      154.00     0.000  2
  21.00     0.000  1       88.00     0.000  1      155.00     0.000  2
  22.00     0.000  1       89.00     0.000  1      156.00     0.000  2
  23.00     0.000  1       90.00     0.000  1      157.00     0.000  2
  24.00     0.000  1       91.00     0.000  1      158.00     0.000  2
  25.00     0.000  1       92.00     0.000  1      159.00     0.000  2
  26.00     0.000  1       93.00     0.000  1      160.00     0.000  2
  27.00     0.000  1       94.00     0.000  1      161.00     0.000  2
  28.00     0.000  1       95.00     0.000  1      162.00     0.000  2
  29.00     0.000  1       96.00     0.000  1      163.00     0.000  2
  30.00     0.000  1       97.00     0.000  1      164.00     0.000  2
  31.00     0.000  1       98.00     0.000  1      165.00     0.000  2
  32.00     0.000  1       99.00     0.000  1      166.00     0.000  2
  33.00     0.000  1      100.00     0.000  1      167.00     0.000  2
  34.00     0.000  1      101.00     0.000  2      168.00     0.000  2
  35.00     0.000  1      102.00     0.000  2      169.00     0.000  2
  36.00     0.000  1      103.00     0.000  2      170.00     0.000  2
  37.00     0.000  1      104.00     0.000  2      171.00     0.000  2
  38.00     0.000  1      105.00     0.000  2      172.00     0.000  2
  39.00     0.000  1      106.00     0.000  2      173.00     0.000  2
  40.00     0.000  1      107.00     0.000  2      174.00     0.000  2
  41.00     0.000  1      108.00     0.000  2      175.00     0.000  2
  42.00     0.000  1      109.00     0.000  2      176.00     0.000  2
  43.00     0.000  1      110.00     0.000  2      177.00     0.000  2
  44.00     0.000  1      111.00     0.000  2      178.00     0.000  2
  45.00     0.000  1      112.00     0.000  2      179.00     0.000  2
  46.00     0.000  1      113.00     0.000  2      180.00     0.000  2
  47.00     0.000  1      114.00     0.000  2      181.00     0.000  2
  48.00     0.000  1      115.00     0.000  2      182.00     0.000  2
  49.00     0.000  1      116.00     0.000  2      183.00     0.000  2
  50.00     0.000  1      117.00     0.000  2      184.00     0.000  2
  51.00     0.000  1      118.00     0.000  2      185.00     0.000  2
  52.00     0.000  1      119.00     0.000  2      186.00     0.000  2
  53.00     0.000  1      120.00     0.000  2      187.00     0.000  2
  54.00     0.000  1      121.00     0.000  2      188.00     0.000  2
  55.00     0.000  1      122.00     0.000  2      189.00     0.000  2
  56.00     0.000  1      123.00     0.000  2      190.00     0.000  2
  57.00     0.000  1      124.00     0.000  2      191.00     0.000  2
  58.00     0.000  1      125.00    -0.001  2      192.00     0.000  2
  59.00     0.000  1      126.00     0.000  2      193.00     0.000  2
  60.00     0.000  1      127.00     0.000  2      194.00     0.000  2
  61.00     0.000  1      128.00     0.000  2      195.00     0.000  2
  62.00     0.000  1      129.00     0.000  2      196.00     0.000  2
  63.00     0.000  1      130.00     0.000  2      197.00     0.000  2
  64.00     0.000  1      131.00     0.000  2      198.00     0.000  2
  65.00     0.000  1      132.00     0.000  2      199.00     0.000  2
  66.00     0.000  1      133.00     0.000  2      200.00     0.000  2
  67.00     0.000  1      134.00     0.000  2

note:  (+) soil loss - detachment     (-) soil loss - deposition



III. OFF SITE EFFECTS  OFF SITE EFFECTS  OFF SITE EFFECTS
     ----------------  ----------------  ----------------

     A.  SEDIMENT LEAVING PROFILE for year    4     0.000 kg/m



     B.  SEDIMENT CHARACTERISTICS AND ENRICHMENT

     Sediment particle information leaving profile
-------------------------------------------------------------------------------
                                 Particle Composition         Detached Fraction
Class  Diameter  Specific  ---------------------------------  Sediment  In Flow
         (mm)    Gravity   % Sand   % Silt   % Clay   % O.M.  Fraction  Exiting
-------------------------------------------------------------------------------
  1     0.002      2.60      0.0      0.0    100.0     16.7     0.078    0.000
  2     0.010      2.65      0.0    100.0      0.0      0.0     0.072    0.000
  3     0.040      1.80      0.0     60.0     40.0      6.7     0.378    0.000
  4     0.600      1.60     48.4     35.2     16.5      2.7     0.430    0.000
  5     0.200      2.65    100.0      0.0      0.0      0.0     0.042    0.000
-------------------------------------------------------------------------------


     Weighted SSA enrichment ratio leaving profile for year    4 =   0.00


     HILLSLOPE 1 YEARLY SUMMARY FOR    5
     ----------------------------------


I.   RAINFALL AND RUNOFF SUMMARY
     -------- --- ------ -------

      year:      5

         Rainfall         Storm Runoff        Melt Runoff
      events   amount   events   amount     events  amount
                (mm)              (mm)               (mm)

        61     276.00       1       0.06       0       0.00


II.  ON SITE EFFECTS  ON SITE EFFECTS  ON SITE EFFECTS
     ---------------  ---------------  ---------------


  A.  AREA OF NET SOIL LOSS

      ** Soil Loss (Avg. of Net Detachment Areas) =    0.001 kg/m2 **
      ** Maximum Soil Loss  =    0.003 kg/m2 at  100.00 meters **


      Area of    Soil Loss   Soil Loss   MAX   MAX Loss   MIN   MIN Loss
      Net Loss      MEAN      STDEV      Loss    Point    Loss   Point
        (m)       (kg/m2)     (kg/m2)  (kg/m2)    (m)    (kg/m2)  (m)
------------------------------------------------------------------------
   0.00- 159.00    0.001     0.001      0.003  100.00     0.000   159.00

  B.  AREA OF SOIL DEPOSITION

      ** Soil Deposition (Avg. of Net Deposition Areas) =    -0.012 kg/m2 **
      ** Maximum Soil Deposition  =    -0.016 kg/m2 at  198.00 meters **

      Area of    Soil Dep   Soil Dep     MAX    MAX Dep   MIN   MIN Dep
      Net Dep       MEAN     STDEV       Dep     Point    Dep    Point
        (m)       (kg/m2)    (kg/m2)   (kg/m2)    (m)    (kg/m2)  (m)
------------------------------------------------------------------------
 196.00- 200.00   -0.012     0.007     -0.016  198.00    -0.002   197.00



  C.  SOIL LOSS/DEPOSITION ALONG SLOPE PROFILE

          Profile distances are from top to bottom of hillslope


 distance soil  flow    distance   soil  flow    distance   soil  flow
    (m)   loss  elem       (m)     loss  elem       (m)     loss  elem
         (kg/m2)                  (kg/m2)                  (kg/m2)
------------------------------------------------------------------------

   1.00     0.000  1       68.00     0.002  1      135.00     0.000  2
   2.00     0.000  1       69.00     0.002  1      136.00     0.000  2
   3.00     0.000  1       70.00     0.002  1      137.00     0.000  2
   4.00     0.000  1       71.00     0.002  1      138.00     0.000  2
   5.00     0.000  1       72.00     0.002  1      139.00     0.000  2
   6.00     0.000  1       73.00     0.002  1      140.00     0.000  2
   7.00     0.000  1       74.00     0.002  1      141.00     0.000  2
   8.00     0.000  1       75.00     0.002  1      142.00     0.000  2
   9.00     0.000  1       76.00     0.002  1      143.00     0.000  2
  10.00     0.000  1       77.00     0.002  1      144.00     0.000  2
  11.00     0.000  1       78.00     0.002  1      145.00     0.000  2
  12.00     0.000  1       79.00     0.002  1      146.00     0.000  2
  13.00     0.000  1       80.00     0.002  1      147.00     0.000  2
  14.00     0.000  1       81.00     0.003  1      148.00     0.000  2
  15.00     0.000  1       82.00     0.003  1      149.00     0.000  2
  16.00     0.000  1       83.00     0.003  1      150.00     0.000  2
  17.00     0.000  1       84.00     0.003  1      151.00     0.000  2
  18.00     0.000  1       85.00     0.003  1      152.00     0.000  2
  19.00     0.000  1       86.00     0.003  1      153.00     0.000  2
  20.00     0.000  1       87.00     0.003  1      154.00     0.000  2
  21.00     0.000  1       88.00     0.003  1      155.00     0.000  2
  22.00     0.000  1       89.00     0.003  1      156.00     0.000  2
  23.00     0.000  1       90.00     0.003  1      157.00     0.000  2
  24.00     0.000  1       91.00     0.003  1      158.00     0.000  2
  25.00     0.000  1       92.00     0.003  1      159.00     0.000  2
  26.00     0.000  1       93.00     0.003  1      160.00     0.000  2
  27.00     0.000  1       94.00     0.003  1      161.00     0.000  2
  28.00     0.000  1       95.00     0.003  1      162.00     0.000  2
  29.00     0.000  1       96.00     0.003  1      163.00     0.000  2
  30.00     0.000  1       97.00     0.003  1      164.00     0.000  2
  31.00     0.000  1       98.00     0.003  1      165.00     0.000  2
  32.00     0.000  1       99.00     0.003  1      166.00     0.000  2
  33.00     0.000  1      100.00     0.003  1      167.00     0.000  2
  34.00     0.000  1      101.00     0.001  2      168.00     0.000  2
  35.00     0.000  1      102.00     0.001  2      169.00     0.000  2
  36.00     0.000  1      103.00     0.001  2      170.00     0.000  2
  37.00     0.000  1      104.00     0.001  2      171.00     0.000  2
  38.00     0.001  1      105.00     0.001  2      172.00     0.000  2
  39.00     0.001  1      106.00     0.000  2      173.00     0.000  2
  40.00     0.001  1      107.00     0.000  2      174.00     0.000  2
  41.00     0.001  1      108.00     0.000  2      175.00     0.000  2
  42.00     0.001  1      109.00     0.000  2      176.00     0.000  2
  43.00     0.001  1      110.00     0.000  2      177.00     0.000  2
  44.00     0.001  1      111.00     0.000  2      178.00     0.000  2
  45.00     0.001  1      112.00     0.000  2      179.00     0.000  2
  46.00     0.001  1      113.00     0.000  2      180.00     0.000  2
  47.00     0.001  1      114.00     0.000  2      181.00     0.000  2
  48.00     0.001  1      115.00     0.000  2      182.00     0.000  2
  49.00     0.001  1      116.00     0.000  2      183.00     0.000  2
  50.00     0.001  1      117.00     0.000  2      184.00     0.000  2
  51.00     0.001  1      118.00     0.000  2      185.00     0.000  2
  52.00     0.002  1      119.00     0.000  2      186.00     0.000  2
  53.00     0.002  1      120.00     0.000  2      187.00     0.000  2
  54.00     0.002  1      121.00     0.000  2      188.00     0.000  2
  55.00     0.002  1      122.00     0.000  2      189.00     0.000  2
  56.00     0.002  1      123.00     0.000  2      190.00     0.000  2
  57.00     0.002  1      124.00     0.000  2      191.00     0.000  2
  58.00     0.002  1      125.00     0.000  2      192.00     0.000  2
  59.00     0.002  1      126.00     0.000  2      193.00     0.000  2
  60.00     0.002  1      127.00     0.000  2      194.00     0.000  2
  61.00     0.002  1      128.00     0.000  2      195.00     0.000  2
  62.00     0.002  1      129.00     0.000  2      196.00     0.000  2
  63.00     0.002  1      130.00     0.000  2      197.00    -0.002  2
  64.00     0.002  1      131.00     0.000  2      198.00    -0.016  2
  65.00     0.002  1      132.00     0.000  2      199.00    -0.016  2
  66.00     0.002  1      133.00     0.000  2      200.00    -0.015  2
  67.00     0.002  1      134.00     0.000  2

note:  (+) soil loss - detachment     (-) soil loss - deposition



III. OFF SITE EFFECTS  OFF SITE EFFECTS  OFF SITE EFFECTS
     ----------------  ----------------  ----------------

     A.  SEDIMENT LEAVING PROFILE for year    5     0.109 kg/m



     B.  SEDIMENT CHARACTERISTICS AND ENRICHMENT

     Sediment particle information leaving profile
-------------------------------------------------------------------------------
                                 Particle Composition         Detached Fraction
Class  Diameter  Specific  ---------------------------------  Sediment  In Flow
         (mm)    Gravity   % Sand   % Silt   % Clay   % O.M.  Fraction  Exiting
-------------------------------------------------------------------------------
  1     0.002      2.60      0.0      0.0    100.0     16.7     0.078    0.160
  2     0.010      2.65      0.0    100.0      0.0      0.0     0.072    0.083
  3     0.040      1.80      0.0     60.0     40.0      6.7     0.378    0.589
  4     0.600      1.60     48.4     35.2     16.5      2.7     0.430    0.161
  5     0.200      2.65    100.0      0.0      0.0      0.0     0.042    0.006
-------------------------------------------------------------------------------


     Weighted SSA enrichment ratio leaving profile for year    5 =   1.39


     HILLSLOPE 1 YEARLY SUMMARY FOR    6
     ----------------------------------


I.   RAINFALL AND RUNOFF SUMMARY
     -------- --- ------ -------

      year:      6

         Rainfall         Storm Runoff        Melt Runoff
      events   amount   events   amount     events  amount
                (mm)              (mm)               (mm)

        73     344.10       2       0.52       0       0.00


II.  ON SITE EFFECTS  ON SITE EFFECTS  ON SITE EFFECTS
     ---------------  ---------------  ---------------


  A.  AREA OF NET SOIL LOSS

      ** Soil Loss (Avg. of Net Detachment Areas) =    0.008 kg/m2 **
      ** Maximum Soil Loss  =    0.027 kg/m2 at  100.00 meters **


      Area of    Soil Loss   Soil Loss   MAX   MAX Loss   MIN   MIN Loss
      Net Loss      MEAN      STDEV      Loss    Point    Loss   Point
        (m)       (kg/m2)     (kg/m2)  (kg/m2)    (m)    (kg/m2)  (m)
------------------------------------------------------------------------
   0.00- 170.00    0.008     0.008      0.027  100.00     0.000   170.00

  B.  AREA OF SOIL DEPOSITION

      ** Soil Deposition (Avg. of Net Deposition Areas) =    -0.054 kg/m2 **
      ** Maximum Soil Deposition  =    -0.073 kg/m2 at  190.00 meters **

      Area of    Soil Dep   Soil Dep     MAX    MAX Dep   MIN   MIN Dep
      Net Dep       MEAN     STDEV       Dep     Point    Dep    Point
        (m)       (kg/m2)    (kg/m2)   (kg/m2)    (m)    (kg/m2)  (m)
------------------------------------------------------------------------
 188.00- 200.00   -0.054     0.019     -0.073  190.00    -0.002   189.00



  C.  SOIL LOSS/DEPOSITION ALONG SLOPE PROFILE

          Profile distances are from top to bottom of hillslope


 distance soil  flow    distance   soil  flow    distance   soil  flow
    (m)   loss  elem       (m)     loss  elem       (m)     loss  elem
         (kg/m2)                  (kg/m2)                  (kg/m2)
------------------------------------------------------------------------

   1.00     0.002  1       68.00     0.018  1      135.00     0.002  2
   2.00     0.002  1       69.00     0.018  1      136.00     0.002  2
   3.00     0.002  1       70.00     0.019  1      137.00     0.002  2
   4.00     0.002  1       71.00     0.019  1      138.00     0.002  2
   5.00     0.002  1       72.00     0.019  1      139.00     0.002  2
   6.00     0.002  1       73.00     0.019  1      140.00     0.002  2
   7.00     0.002  1       74.00     0.020  1      141.00     0.002  2
   8.00     0.002  1       75.00     0.020  1      142.00     0.002  2
   9.00     0.002  1       76.00     0.020  1      143.00     0.002  2
  10.00     0.002  1       77.00     0.021  1      144.00     0.002  2
  11.00     0.002  1       78.00     0.021  1      145.00     0.001  2
  12.00     0.002  1       79.00     0.021  1      146.00     0.001  2
  13.00     0.002  1       80.00     0.021  1      147.00     0.001  2
  14.00     0.002  1       81.00     0.022  1      148.00     0.001  2
  15.00     0.002  1       82.00     0.022  1      149.00     0.001  2
  16.00     0.002  1       83.00     0.022  1      150.00     0.001  2
  17.00     0.002  1       84.00     0.023  1      151.00     0.001  2
  18.00     0.002  1       85.00     0.023  1      152.00     0.001  2
  19.00     0.002  1       86.00     0.023  1      153.00     0.001  2
  20.00     0.002  1       87.00     0.023  1      154.00     0.001  2
  21.00     0.002  1       88.00     0.024  1      155.00     0.001  2
  22.00     0.002  1       89.00     0.024  1      156.00     0.001  2
  23.00     0.002  1       90.00     0.024  1      157.00     0.001  2
  24.00     0.002  1       91.00     0.025  1      158.00     0.001  2
  25.00     0.002  1       92.00     0.025  1      159.00     0.001  2
  26.00     0.002  1       93.00     0.025  1      160.00     0.001  2
  27.00     0.003  1       94.00     0.025  1      161.00     0.001  2
  28.00     0.003  1       95.00     0.026  1      162.00     0.000  2
  29.00     0.003  1       96.00     0.026  1      163.00     0.000  2
  30.00     0.003  1       97.00     0.026  1      164.00     0.000  2
  31.00     0.004  1       98.00     0.026  1      165.00     0.000  2
  32.00     0.004  1       99.00     0.027  1      166.00     0.000  2
  33.00     0.004  1      100.00     0.027  1      167.00     0.000  2
  34.00     0.004  1      101.00     0.004  2      168.00     0.000  2
  35.00     0.005  1      102.00     0.004  2      169.00     0.000  2
  36.00     0.005  1      103.00     0.004  2      170.00     0.000  2
  37.00     0.005  1      104.00     0.004  2      171.00     0.000  2
  38.00     0.005  1      105.00     0.004  2      172.00     0.000  2
  39.00     0.006  1      106.00     0.004  2      173.00     0.000  2
  40.00     0.006  1      107.00     0.004  2      174.00     0.000  2
  41.00     0.006  1      108.00     0.004  2      175.00     0.000  2
  42.00     0.007  1      109.00     0.003  2      176.00     0.000  2
  43.00     0.007  1      110.00     0.003  2      177.00     0.000  2
  44.00     0.008  1      111.00     0.003  2      178.00     0.000  2
  45.00     0.009  1      112.00     0.003  2      179.00     0.000  2
  46.00     0.009  1      113.00     0.003  2      180.00     0.000  2
  47.00     0.010  1      114.00     0.003  2      181.00     0.000  2
  48.00     0.011  1      115.00     0.003  2      182.00     0.000  2
  49.00     0.011  1      116.00     0.003  2      183.00     0.000  2
  50.00     0.012  1      117.00     0.003  2      184.00     0.000  2
  51.00     0.012  1      118.00     0.003  2      185.00     0.000  2
  52.00     0.013  1      119.00     0.003  2      186.00     0.000  2
  53.00     0.013  1      120.00     0.003  2      187.00     0.000  2
  54.00     0.013  1      121.00     0.003  2      188.00     0.000  2
  55.00     0.014  1      122.00     0.003  2      189.00    -0.002  2
  56.00     0.014  1      123.00     0.003  2      190.00    -0.073  2
  57.00     0.014  1      124.00     0.003  2      191.00    -0.072  2
  58.00     0.015  1      125.00     0.003  2      192.00    -0.069  2
  59.00     0.015  1      126.00     0.003  2      193.00    -0.066  2
  60.00     0.015  1      127.00     0.003  2      194.00    -0.062  2
  61.00     0.016  1      128.00     0.002  2      195.00    -0.059  2
  62.00     0.016  1      129.00     0.002  2      196.00    -0.055  2
  63.00     0.016  1      130.00     0.002  2      197.00    -0.052  2
  64.00     0.017  1      131.00     0.002  2      198.00    -0.048  2
  65.00     0.017  1      132.00     0.002  2      199.00    -0.045  2
  66.00     0.017  1      133.00     0.002  2      200.00    -0.042  2
  67.00     0.018  1      134.00     0.002  2

note:  (+) soil loss - detachment     (-) soil loss - deposition



III. OFF SITE EFFECTS  OFF SITE EFFECTS  OFF SITE EFFECTS
     ----------------  ----------------  ----------------

     A.  SEDIMENT LEAVING PROFILE for year    6     0.704 kg/m



     B.  SEDIMENT CHARACTERISTICS AND ENRICHMENT

     Sediment particle information leaving profile
-------------------------------------------------------------------------------
                                 Particle Composition         Detached Fraction
Class  Diameter  Specific  ---------------------------------  Sediment  In Flow
         (mm)    Gravity   % Sand   % Silt   % Clay   % O.M.  Fraction  Exiting
-------------------------------------------------------------------------------
  1     0.002      2.60      0.0      0.0    100.0     16.7     0.078    0.170
  2     0.010      2.65      0.0    100.0      0.0      0.0     0.072    0.093
  3     0.040      1.80      0.0     60.0     40.0      6.7     0.378    0.425
  4     0.600      1.60     48.4     35.2     16.5      2.7     0.430    0.285
  5     0.200      2.65    100.0      0.0      0.0      0.0     0.042    0.026
-------------------------------------------------------------------------------


     Weighted SSA enrichment ratio leaving profile for year    6 =   1.27


     HILLSLOPE 1 YEARLY SUMMARY FOR    7
     ----------------------------------


I.   RAINFALL AND RUNOFF SUMMARY
     -------- --- ------ -------

      year:      7

         Rainfall         Storm Runoff        Melt Runoff
      events   amount   events   amount     events  amount
                (mm)              (mm)               (mm)

        47     310.50       3       0.26       0       0.00


II.  ON SITE EFFECTS  ON SITE EFFECTS  ON SITE EFFECTS
     ---------------  ---------------  ---------------


  A.  AREA OF NET SOIL LOSS

      ** Soil Loss (Avg. of Net Detachment Areas) =    0.006 kg/m2 **
      ** Maximum Soil Loss  =    0.025 kg/m2 at  100.00 meters **


      Area of    Soil Loss   Soil Loss   MAX   MAX Loss   MIN   MIN Loss
      Net Loss      MEAN      STDEV      Loss    Point    Loss   Point
        (m)       (kg/m2)     (kg/m2)  (kg/m2)    (m)    (kg/m2)  (m)
------------------------------------------------------------------------
   0.00- 183.00    0.006     0.007      0.025  100.00     0.000   183.00

  B.  AREA OF SOIL DEPOSITION

      ** Soil Deposition (Avg. of Net Deposition Areas) =    -0.033 kg/m2 **
      ** Maximum Soil Deposition  =    -0.076 kg/m2 at  197.00 meters **

      Area of    Soil Dep   Soil Dep     MAX    MAX Dep   MIN   MIN Dep
      Net Dep       MEAN     STDEV       Dep     Point    Dep    Point
        (m)       (kg/m2)    (kg/m2)   (kg/m2)    (m)    (kg/m2)  (m)
------------------------------------------------------------------------
 183.00- 200.00   -0.033     0.023     -0.076  197.00    -0.005   184.00



  C.  SOIL LOSS/DEPOSITION ALONG SLOPE PROFILE

          Profile distances are from top to bottom of hillslope


 distance soil  flow    distance   soil  flow    distance   soil  flow
    (m)   loss  elem       (m)     loss  elem       (m)     loss  elem
         (kg/m2)                  (kg/m2)                  (kg/m2)
------------------------------------------------------------------------

   1.00     0.003  1       68.00     0.015  1      135.00     0.000  2
   2.00     0.003  1       69.00     0.015  1      136.00     0.000  2
   3.00     0.003  1       70.00     0.015  1      137.00     0.000  2
   4.00     0.003  1       71.00     0.016  1      138.00     0.000  2
   5.00     0.003  1       72.00     0.016  1      139.00     0.000  2
   6.00     0.003  1       73.00     0.016  1      140.00     0.000  2
   7.00     0.003  1       74.00     0.017  1      141.00     0.000  2
   8.00     0.003  1       75.00     0.017  1      142.00     0.000  2
   9.00     0.003  1       76.00     0.017  1      143.00     0.000  2
  10.00     0.003  1       77.00     0.018  1      144.00     0.000  2
  11.00     0.003  1       78.00     0.018  1      145.00     0.000  2
  12.00     0.003  1       79.00     0.018  1      146.00     0.000  2
  13.00     0.003  1       80.00     0.019  1      147.00     0.000  2
  14.00     0.003  1       81.00     0.019  1      148.00     0.000  2
  15.00     0.003  1       82.00     0.019  1      149.00     0.000  2
  16.00     0.003  1       83.00     0.020  1      150.00     0.000  2
  17.00     0.003  1       84.00     0.020  1      151.00     0.000  2
  18.00     0.003  1       85.00     0.020  1      152.00     0.000  2
  19.00     0.003  1       86.00     0.020  1      153.00     0.000  2
  20.00     0.003  1       87.00     0.021  1      154.00     0.000  2
  21.00     0.003  1       88.00     0.021  1      155.00     0.000  2
  22.00     0.003  1       89.00     0.021  1      156.00     0.000  2
  23.00     0.003  1       90.00     0.022  1      157.00     0.000  2
  24.00     0.003  1       91.00     0.022  1      158.00     0.000  2
  25.00     0.003  1       92.00     0.022  1      159.00     0.000  2
  26.00     0.004  1       93.00     0.023  1      160.00     0.000  2
  27.00     0.004  1       94.00     0.023  1      161.00     0.000  2
  28.00     0.004  1       95.00     0.023  1      162.00     0.000  2
  29.00     0.004  1       96.00     0.024  1      163.00     0.000  2
  30.00     0.004  1       97.00     0.024  1      164.00     0.000  2
  31.00     0.004  1       98.00     0.024  1      165.00     0.000  2
  32.00     0.004  1       99.00     0.024  1      166.00     0.000  2
  33.00     0.004  1      100.00     0.025  1      167.00     0.000  2
  34.00     0.004  1      101.00     0.001  2      168.00     0.000  2
  35.00     0.004  1      102.00     0.001  2      169.00     0.000  2
  36.00     0.004  1      103.00     0.001  2      170.00     0.000  2
  37.00     0.004  1      104.00     0.001  2      171.00     0.000  2
  38.00     0.004  1      105.00     0.001  2      172.00     0.000  2
  39.00     0.004  1      106.00     0.001  2      173.00     0.000  2
  40.00     0.005  1      107.00     0.001  2      174.00     0.000  2
  41.00     0.005  1      108.00     0.001  2      175.00     0.000  2
  42.00     0.005  1      109.00     0.001  2      176.00     0.000  2
  43.00     0.005  1      110.00     0.001  2      177.00     0.000  2
  44.00     0.005  1      111.00     0.001  2      178.00     0.000  2
  45.00     0.005  1      112.00     0.001  2      179.00     0.000  2
  46.00     0.005  1      113.00     0.001  2      180.00     0.000  2
  47.00     0.006  1      114.00     0.001  2      181.00     0.000  2
  48.00     0.007  1      115.00     0.000  2      182.00     0.000  2
  49.00     0.007  1      116.00     0.001  2      183.00     0.000  2
  50.00     0.008  1      117.00     0.001  2      184.00    -0.005  2
  51.00     0.009  1      118.00     0.001  2      185.00    -0.019  2
  52.00     0.009  1      119.00     0.001  2      186.00    -0.025  2
  53.00     0.009  1      120.00     0.001  2      187.00    -0.027  2
  54.00     0.010  1      121.00     0.001  2      188.00    -0.026  2
  55.00     0.010  1      122.00     0.001  2      189.00    -0.025  2
  56.00     0.010  1      123.00     0.000  2      190.00    -0.024  2
  57.00     0.011  1      124.00     0.000  2      191.00    -0.022  2
  58.00     0.011  1      125.00     0.000  2      192.00    -0.021  2
  59.00     0.012  1      126.00     0.000  2      193.00    -0.019  2
  60.00     0.012  1      127.00     0.000  2      194.00    -0.018  2
  61.00     0.012  1      128.00     0.000  2      195.00    -0.017  2
  62.00     0.013  1      129.00     0.000  2      196.00    -0.024  2
  63.00     0.013  1      130.00     0.000  2      197.00    -0.076  2
  64.00     0.013  1      131.00     0.000  2      198.00    -0.073  2
  65.00     0.014  1      132.00     0.000  2      199.00    -0.071  2
  66.00     0.014  1      133.00     0.000  2      200.00    -0.068  2
  67.00     0.014  1      134.00     0.000  2

note:  (+) soil loss - detachment     (-) soil loss - deposition



III. OFF SITE EFFECTS  OFF SITE EFFECTS  OFF SITE EFFECTS
     ----------------  ----------------  ----------------

     A.  SEDIMENT LEAVING PROFILE for year    7     0.506 kg/m



     B.  SEDIMENT CHARACTERISTICS AND ENRICHMENT

     Sediment particle information leaving profile
-------------------------------------------------------------------------------
                                 Particle Composition         Detached Fraction
Class  Diameter  Specific  ---------------------------------  Sediment  In Flow
         (mm)    Gravity   % Sand   % Silt   % Clay   % O.M.  Fraction  Exiting
-------------------------------------------------------------------------------
  1     0.002      2.60      0.0      0.0    100.0     16.7     0.078    0.178
  2     0.010      2.65      0.0    100.0      0.0      0.0     0.072    0.063
  3     0.040      1.80      0.0     60.0     40.0      6.7     0.378    0.636
  4     0.600      1.60     48.4     35.2     16.5      2.7     0.430    0.118
  5     0.200      2.65    100.0      0.0      0.0      0.0     0.042    0.005
-------------------------------------------------------------------------------


     Weighted SSA enrichment ratio leaving profile for year    7 =   1.48


     HILLSLOPE 1 YEARLY SUMMARY FOR    8
     ----------------------------------


I.   RAINFALL AND RUNOFF SUMMARY
     -------- --- ------ -------

      year:      8

         Rainfall         Storm Runoff        Melt Runoff
      events   amount   events   amount     events  amount
                (mm)              (mm)               (mm)

        65     334.70       2       0.00       0       0.00


II.  ON SITE EFFECTS  ON SITE EFFECTS  ON SITE EFFECTS
     ---------------  ---------------  ---------------


  A.  AREA OF NET SOIL LOSS

      ** Soil Loss (Avg. of Net Detachment Areas) =    0.000 kg/m2 **
      ** Maximum Soil Loss  =    0.000 kg/m2 at  100.00 meters **


      Area of    Soil Loss   Soil Loss   MAX   MAX Loss   MIN   MIN Loss
      Net Loss      MEAN      STDEV      Loss    Point    Loss   Point
        (m)       (kg/m2)     (kg/m2)  (kg/m2)    (m)    (kg/m2)  (m)
------------------------------------------------------------------------
   0.00- 116.00    0.000     0.000      0.000  100.00     0.000   108.00
 117.00- 200.00    0.000     0.000      0.000  158.00     0.000   159.00

  B.  AREA OF SOIL DEPOSITION

      ** Soil Deposition (Avg. of Net Deposition Areas) =     0.000 kg/m2 **
      ** Maximum Soil Deposition  =     0.000 kg/m2 at  117.00 meters **

      Area of    Soil Dep   Soil Dep     MAX    MAX Dep   MIN   MIN Dep
      Net Dep       MEAN     STDEV       Dep     Point    Dep    Point
        (m)       (kg/m2)    (kg/m2)   (kg/m2)    (m)    (kg/m2)  (m)
------------------------------------------------------------------------
 116.00- 117.00    0.000     0.000      0.000  117.00     0.000   117.00

      Single Point     Single Point
       Soil Area          Dep
         (m)             (kg/m2/)
      ------------------------------
       117.00             0.000



  C.  SOIL LOSS/DEPOSITION ALONG SLOPE PROFILE

          Profile distances are from top to bottom of hillslope


 distance soil  flow    distance   soil  flow    distance   soil  flow
    (m)   loss  elem       (m)     loss  elem       (m)     loss  elem
         (kg/m2)                  (kg/m2)                  (kg/m2)
------------------------------------------------------------------------

   1.00     0.000  1       68.00     0.000  1      135.00     0.000  2
   2.00     0.000  1       69.00     0.000  1      136.00     0.000  2
   3.00     0.000  1       70.00     0.000  1      137.00     0.000  2
   4.00     0.000  1       71.00     0.000  1      138.00     0.000  2
   5.00     0.000  1       72.00     0.000  1      139.00     0.000  2
   6.00     0.000  1       73.00     0.000  1      140.00     0.000  2
   7.00     0.000  1       74.00     0.000  1      141.00     0.000  2
   8.00     0.000  1       75.00     0.000  1      142.00     0.000  2
   9.00     0.000  1       76.00     0.000  1      143.00     0.000  2
  10.00     0.000  1       77.00     0.000  1      144.00     0.000  2
  11.00     0.000  1       78.00     0.000  1      145.00     0.000  2
  12.00     0.000  1       79.00     0.000  1      146.00     0.000  2
  13.00     0.000  1       80.00     0.000  1      147.00     0.000  2
  14.00     0.000  1       81.00     0.000  1      148.00     0.000  2
  15.00     0.000  1       82.00     0.000  1      149.00     0.000  2
  16.00     0.000  1       83.00     0.000  1      150.00     0.000  2
  17.00     0.000  1       84.00     0.000  1      151.00     0.000  2
  18.00     0.000  1       85.00     0.000  1      152.00     0.000  2
  19.00     0.000  1       86.00     0.000  1      153.00     0.000  2
  20.00     0.000  1       87.00     0.000  1      154.00     0.000  2
  21.00     0.000  1       88.00     0.000  1      155.00     0.000  2
  22.00     0.000  1       89.00     0.000  1      156.00     0.000  2
  23.00     0.000  1       90.00     0.000  1      157.00     0.000  2
  24.00     0.000  1       91.00     0.000  1      158.00     0.000  2
  25.00     0.000  1       92.00     0.000  1      159.00     0.000  2
  26.00     0.000  1       93.00     0.000  1      160.00     0.000  2
  27.00     0.000  1       94.00     0.000  1      161.00     0.000  2
  28.00     0.000  1       95.00     0.000  1      162.00     0.000  2
  29.00     0.000  1       96.00     0.000  1      163.00     0.000  2
  30.00     0.000  1       97.00     0.000  1      164.00     0.000  2
  31.00     0.000  1       98.00     0.000  1      165.00     0.000  2
  32.00     0.000  1       99.00     0.000  1      166.00     0.000  2
  33.00     0.000  1      100.00     0.000  1      167.00     0.000  2
  34.00     0.000  1      101.00     0.000  2      168.00     0.000  2
  35.00     0.000  1      102.00     0.000  2      169.00     0.000  2
  36.00     0.000  1      103.00     0.000  2      170.00     0.000  2
  37.00     0.000  1      104.00     0.000  2      171.00     0.000  2
  38.00     0.000  1      105.00     0.000  2      172.00     0.000  2
  39.00     0.000  1      106.00     0.000  2      173.00     0.000  2
  40.00     0.000  1      107.00     0.000  2      174.00     0.000  2
  41.00     0.000  1      108.00     0.000  2      175.00     0.000  2
  42.00     0.000  1      109.00     0.000  2      176.00     0.000  2
  43.00     0.000  1      110.00     0.000  2      177.00     0.000  2
  44.00     0.000  1      111.00     0.000  2      178.00     0.000  2
  45.00     0.000  1      112.00     0.000  2      179.00     0.000  2
  46.00     0.000  1      113.00     0.000  2      180.00     0.000  2
  47.00     0.000  1      114.00     0.000  2      181.00     0.000  2
  48.00     0.000  1      115.00     0.000  2      182.00     0.000  2
  49.00     0.000  1      116.00     0.000  2      183.00     0.000  2
  50.00     0.000  1      117.00     0.000  2      184.00     0.000  2
  51.00     0.000  1      118.00     0.000  2      185.00     0.000  2
  52.00     0.000  1      119.00     0.000  2      186.00     0.000  2
  53.00     0.000  1      120.00     0.000  2      187.00     0.000  2
  54.00     0.000  1      121.00     0.000  2      188.00     0.000  2
  55.00     0.000  1      122.00     0.000  2      189.00     0.000  2
  56.00     0.000  1      123.00     0.000  2      190.00     0.000  2
  57.00     0.000  1      124.00     0.000  2      191.00     0.000  2
  58.00     0.000  1      125.00     0.000  2      192.00     0.000  2
  59.00     0.000  1      126.00     0.000  2      193.00     0.000  2
  60.00     0.000  1      127.00     0.000  2      194.00     0.000  2
  61.00     0.000  1      128.00     0.000  2      195.00     0.000  2
  62.00     0.000  1      129.00     0.000  2      196.00     0.000  2
  63.00     0.000  1      130.00     0.000  2      197.00     0.000  2
  64.00     0.000  1      131.00     0.000  2      198.00     0.000  2
  65.00     0.000  1      132.00     0.000  2      199.00     0.000  2
  66.00     0.000  1      133.00     0.000  2      200.00     0.000  2
  67.00     0.000  1      134.00     0.000  2

note:  (+) soil loss - detachment     (-) soil loss - deposition



III. OFF SITE EFFECTS  OFF SITE EFFECTS  OFF SITE EFFECTS
     ----------------  ----------------  ----------------

     A.  SEDIMENT LEAVING PROFILE for year    8     0.000 kg/m



     B.  SEDIMENT CHARACTERISTICS AND ENRICHMENT

     Sediment particle information leaving profile
-------------------------------------------------------------------------------
                                 Particle Composition         Detached Fraction
Class  Diameter  Specific  ---------------------------------  Sediment  In Flow
         (mm)    Gravity   % Sand   % Silt   % Clay   % O.M.  Fraction  Exiting
-------------------------------------------------------------------------------
  1     0.002      2.60      0.0      0.0    100.0     16.7     0.078    0.233
  2     0.010      2.65      0.0    100.0      0.0      0.0     0.072    0.199
  3     0.040      1.80      0.0     60.0     40.0      6.7     0.378    0.568
  4     0.600      1.60     48.4     35.2     16.5      2.7     0.430    0.000
  5     0.200      2.65    100.0      0.0      0.0      0.0     0.042    0.000
-------------------------------------------------------------------------------


     Weighted SSA enrichment ratio leaving profile for year    8 =   1.51


     HILLSLOPE 1 YEARLY SUMMARY FOR    9
     ----------------------------------


I.   RAINFALL AND RUNOFF SUMMARY
     -------- --- ------ -------

      year:      9

         Rainfall         Storm Runoff        Melt Runoff
      events   amount   events   amount     events  amount
                (mm)              (mm)               (mm)

        70     331.30       0       0.00       0       0.00


II.  ON SITE EFFECTS  ON SITE EFFECTS  ON SITE EFFECTS
     ---------------  ---------------  ---------------




  C.  SOIL LOSS/DEPOSITION ALONG SLOPE PROFILE

          Profile distances are from top to bottom of hillslope


 distance soil  flow    distance   soil  flow    distance   soil  flow
    (m)   loss  elem       (m)     loss  elem       (m)     loss  elem
         (kg/m2)                  (kg/m2)                  (kg/m2)
------------------------------------------------------------------------

   1.00     0.000  1       68.00     0.000  1      135.00     0.000  2
   2.00     0.000  1       69.00     0.000  1      136.00     0.000  2
   3.00     0.000  1       70.00     0.000  1      137.00     0.000  2
   4.00     0.000  1       71.00     0.000  1      138.00     0.000  2
   5.00     0.000  1       72.00     0.000  1      139.00     0.000  2
   6.00     0.000  1       73.00     0.000  1      140.00     0.000  2
   7.00     0.000  1       74.00     0.000  1      141.00     0.000  2
   8.00     0.000  1       75.00     0.000  1      142.00     0.000  2
   9.00     0.000  1       76.00     0.000  1      143.00     0.000  2
  10.00     0.000  1       77.00     0.000  1      144.00     0.000  2
  11.00     0.000  1       78.00     0.000  1      145.00     0.000  2
  12.00     0.000  1       79.00     0.000  1      146.00     0.000  2
  13.00     0.000  1       80.00     0.000  1      147.00     0.000  2
  14.00     0.000  1       81.00     0.000  1      148.00     0.000  2
  15.00     0.000  1       82.00     0.000  1      149.00     0.000  2
  16.00     0.000  1       83.00     0.000  1      150.00     0.000  2
  17.00     0.000  1       84.00     0.000  1      151.00     0.000  2
  18.00     0.000  1       85.00     0.000  1      152.00     0.000  2
  19.00     0.000  1       86.00     0.000  1      153.00     0.000  2
  20.00     0.000  1       87.00     0.000  1      154.00     0.000  2
  21.00     0.000  1       88.00     0.000  1      155.00     0.000  2
  22.00     0.000  1       89.00     0.000  1      156.00     0.000  2
  23.00     0.000  1       90.00     0.000  1      157.00     0.000  2
  24.00     0.000  1       91.00     0.000  1      158.00     0.000  2
  25.00     0.000  1       92.00     0.000  1      159.00     0.000  2
  26.00     0.000  1       93.00     0.000  1      160.00     0.000  2
  27.00     0.000  1       94.00     0.000  1      161.00     0.000  2
  28.00     0.000  1       95.00     0.000  1      162.00     0.000  2
  29.00     0.000  1       96.00     0.000  1      163.00     0.000  2
  30.00     0.000  1       97.00     0.000  1      164.00     0.000  2
  31.00     0.000  1       98.00     0.000  1      165.00     0.000  2
  32.00     0.000  1       99.00     0.000  1      166.00     0.000  2
  33.00     0.000  1      100.00     0.000  1      167.00     0.000  2
  34.00     0.000  1      101.00     0.000  2      168.00     0.000  2
  35.00     0.000  1      102.00     0.000  2      169.00     0.000  2
  36.00     0.000  1      103.00     0.000  2      170.00     0.000  2
  37.00     0.000  1      104.00     0.000  2      171.00     0.000  2
  38.00     0.000  1      105.00     0.000  2      172.00     0.000  2
  39.00     0.000  1      106.00     0.000  2      173.00     0.000  2
  40.00     0.000  1      107.00     0.000  2      174.00     0.000  2
  41.00     0.000  1      108.00     0.000  2      175.00     0.000  2
  42.00     0.000  1      109.00     0.000  2      176.00     0.000  2
  43.00     0.000  1      110.00     0.000  2      177.00     0.000  2
  44.00     0.000  1      111.00     0.000  2      178.00     0.000  2
  45.00     0.000  1      112.00     0.000  2      179.00     0.000  2
  46.00     0.000  1      113.00     0.000  2      180.00     0.000  2
  47.00     0.000  1      114.00     0.000  2      181.00     0.000  2
  48.00     0.000  1      115.00     0.000  2      182.00     0.000  2
  49.00     0.000  1      116.00     0.000  2      183.00     0.000  2
  50.00     0.000  1      117.00     0.000  2      184.00     0.000  2
  51.00     0.000  1      118.00     0.000  2      185.00     0.000  2
  52.00     0.000  1      119.00     0.000  2      186.00     0.000  2
  53.00     0.000  1      120.00     0.000  2      187.00     0.000  2
  54.00     0.000  1      121.00     0.000  2      188.00     0.000  2
  55.00     0.000  1      122.00     0.000  2      189.00     0.000  2
  56.00     0.000  1      123.00     0.000  2      190.00     0.000  2
  57.00     0.000  1      124.00     0.000  2      191.00     0.000  2
  58.00     0.000  1      125.00     0.000  2      192.00     0.000  2
  59.00     0.000  1      126.00     0.000  2      193.00     0.000  2
  60.00     0.000  1      127.00     0.000  2      194.00     0.000  2
  61.00     0.000  1      128.00     0.000  2      195.00     0.000  2
  62.00     0.000  1      129.00     0.000  2      196.00     0.000  2
  63.00     0.000  1      130.00     0.000  2      197.00     0.000  2
  64.00     0.000  1      131.00     0.000  2      198.00     0.000  2
  65.00     0.000  1      132.00     0.000  2      199.00     0.000  2
  66.00     0.000  1      133.00     0.000  2      200.00     0.000  2
  67.00     0.000  1      134.00     0.000  2

note:  (+) soil loss - detachment     (-) soil loss - deposition



III. OFF SITE EFFECTS  OFF SITE EFFECTS  OFF SITE EFFECTS
     ----------------  ----------------  ----------------

     A.  SEDIMENT LEAVING PROFILE for year    9     0.000 kg/m



     B.  SEDIMENT CHARACTERISTICS AND ENRICHMENT

     Sediment particle information leaving profile
-------------------------------------------------------------------------------
                                 Particle Composition         Detached Fraction
Class  Diameter  Specific  ---------------------------------  Sediment  In Flow
         (mm)    Gravity   % Sand   % Silt   % Clay   % O.M.  Fraction  Exiting
-------------------------------------------------------------------------------
  1     0.002      2.60      0.0      0.0    100.0     16.7     0.078    0.000
  2     0.010      2.65      0.0    100.0      0.0      0.0     0.072    0.000
  3     0.040      1.80      0.0     60.0     40.0      6.7     0.378    0.000
  4     0.600      1.60     48.4     35.2     16.5      2.7     0.430    0.000
  5     0.200      2.65    100.0      0.0      0.0      0.0     0.042    0.000
-------------------------------------------------------------------------------


     Weighted SSA enrichment ratio leaving profile for year    9 =   0.00


     HILLSLOPE 1 YEARLY SUMMARY FOR   10
     ----------------------------------


I.   RAINFALL AND RUNOFF SUMMARY
     -------- --- ------ -------

      year:     10

         Rainfall         Storm Runoff        Melt Runoff
      events   amount   events   amount     events  amount
                (mm)              (mm)               (mm)

        48     200.30       0       0.00       0       0.00


II.  ON SITE EFFECTS  ON SITE EFFECTS  ON SITE EFFECTS
     ---------------  ---------------  ---------------




  C.  SOIL LOSS/DEPOSITION ALONG SLOPE PROFILE

          Profile distances are from top to bottom of hillslope


 distance soil  flow    distance   soil  flow    distance   soil  flow
    (m)   loss  elem       (m)     loss  elem       (m)     loss  elem
         (kg/m2)                  (kg/m2)                  (kg/m2)
------------------------------------------------------------------------

   1.00     0.000  1       68.00     0.000  1      135.00     0.000  2
   2.00     0.000  1       69.00     0.000  1      136.00     0.000  2
   3.00     0.000  1       70.00     0.000  1      137.00     0.000  2
   4.00     0.000  1       71.00     0.000  1      138.00     0.000  2
   5.00     0.000  1       72.00     0.000  1      139.00     0.000  2
   6.00     0.000  1       73.00     0.000  1      140.00     0.000  2
   7.00     0.000  1       74.00     0.000  1      141.00     0.000  2
   8.00     0.000  1       75.00     0.000  1      142.00     0.000  2
   9.00     0.000  1       76.00     0.000  1      143.00     0.000  2
  10.00     0.000  1       77.00     0.000  1      144.00     0.000  2
  11.00     0.000  1       78.00     0.000  1      145.00     0.000  2
  12.00     0.000  1       79.00     0.000  1      146.00     0.000  2
  13.00     0.000  1       80.00     0.000  1      147.00     0.000  2
  14.00     0.000  1       81.00     0.000  1      148.00     0.000  2
  15.00     0.000  1       82.00     0.000  1      149.00     0.000  2
  16.00     0.000  1       83.00     0.000  1      150.00     0.000  2
  17.00     0.000  1       84.00     0.000  1      151.00     0.000  2
  18.00     0.000  1       85.00     0.000  1      152.00     0.000  2
  19.00     0.000  1       86.00     0.000  1      153.00     0.000  2
  20.00     0.000  1       87.00     0.000  1      154.00     0.000  2
  21.00     0.000  1       88.00     0.000  1      155.00     0.000  2
  22.00     0.000  1       89.00     0.000  1      156.00     0.000  2
  23.00     0.000  1       90.00     0.000  1      157.00     0.000  2
  24.00     0.000  1       91.00     0.000  1      158.00     0.000  2
  25.00     0.000  1       92.00     0.000  1      159.00     0.000  2
  26.00     0.000  1       93.00     0.000  1      160.00     0.000  2
  27.00     0.000  1       94.00     0.000  1      161.00     0.000  2
  28.00     0.000  1       95.00     0.000  1      162.00     0.000  2
  29.00     0.000  1       96.00     0.000  1      163.00     0.000  2
  30.00     0.000  1       97.00     0.000  1      164.00     0.000  2
  31.00     0.000  1       98.00     0.000  1      165.00     0.000  2
  32.00     0.000  1       99.00     0.000  1      166.00     0.000  2
  33.00     0.000  1      100.00     0.000  1      167.00     0.000  2
  34.00     0.000  1      101.00     0.000  2      168.00     0.000  2
  35.00     0.000  1      102.00     0.000  2      169.00     0.000  2
  36.00     0.000  1      103.00     0.000  2      170.00     0.000  2
  37.00     0.000  1      104.00     0.000  2      171.00     0.000  2
  38.00     0.000  1      105.00     0.000  2      172.00     0.000  2
  39.00     0.000  1      106.00     0.000  2      173.00     0.000  2
  40.00     0.000  1      107.00     0.000  2      174.00     0.000  2
  41.00     0.000  1      108.00     0.000  2      175.00     0.000  2
  42.00     0.000  1      109.00     0.000  2      176.00     0.000  2
  43.00     0.000  1      110.00     0.000  2      177.00     0.000  2
  44.00     0.000  1      111.00     0.000  2      178.00     0.000  2
  45.00     0.000  1      112.00     0.000  2      179.00     0.000  2
  46.00     0.000  1      113.00     0.000  2      180.00     0.000  2
  47.00     0.000  1      114.00     0.000  2      181.00     0.000  2
  48.00     0.000  1      115.00     0.000  2      182.00     0.000  2
  49.00     0.000  1      116.00     0.000  2      183.00     0.000  2
  50.00     0.000  1      117.00     0.000  2      184.00     0.000  2
  51.00     0.000  1      118.00     0.000  2      185.00     0.000  2
  52.00     0.000  1      119.00     0.000  2      186.00     0.000  2
  53.00     0.000  1      120.00     0.000  2      187.00     0.000  2
  54.00     0.000  1      121.00     0.000  2      188.00     0.000  2
  55.00     0.000  1      122.00     0.000  2      189.00     0.000  2
  56.00     0.000  1      123.00     0.000  2      190.00     0.000  2
  57.00     0.000  1      124.00     0.000  2      191.00     0.000  2
  58.00     0.000  1      125.00     0.000  2      192.00     0.000  2
  59.00     0.000  1      126.00     0.000  2      193.00     0.000  2
  60.00     0.000  1      127.00     0.000  2      194.00     0.000  2
  61.00     0.000  1      128.00     0.000  2      195.00     0.000  2
  62.00     0.000  1      129.00     0.000  2      196.00     0.000  2
  63.00     0.000  1      130.00     0.000  2      197.00     0.000  2
  64.00     0.000  1      131.00     0.000  2      198.00     0.000  2
  65.00     0.000  1      132.00     0.000  2      199.00     0.000  2
  66.00     0.000  1      133.00     0.000  2      200.00     0.000  2
  67.00     0.000  1      134.00     0.000  2

note:  (+) soil loss - detachment     (-) soil loss - deposition



III. OFF SITE EFFECTS  OFF SITE EFFECTS  OFF SITE EFFECTS
     ----------------  ----------------  ----------------

     A.  SEDIMENT LEAVING PROFILE for year   10     0.000 kg/m



     B.  SEDIMENT CHARACTERISTICS AND ENRICHMENT

     Sediment particle information leaving profile
-------------------------------------------------------------------------------
                                 Particle Composition         Detached Fraction
Class  Diameter  Specific  ---------------------------------  Sediment  In Flow
         (mm)    Gravity   % Sand   % Silt   % Clay   % O.M.  Fraction  Exiting
-------------------------------------------------------------------------------
  1     0.002      2.60      0.0      0.0    100.0     16.7     0.078    0.000
  2     0.010      2.65      0.0    100.0      0.0      0.0     0.072    0.000
  3     0.040      1.80      0.0     60.0     40.0      6.7     0.378    0.000
  4     0.600      1.60     48.4     35.2     16.5      2.7     0.430    0.000
  5     0.200      2.65    100.0      0.0      0.0      0.0     0.042    0.000
-------------------------------------------------------------------------------


     Weighted SSA enrichment ratio leaving profile for year   10 =   0.00


     ANNUAL AVERAGE SUMMARIES
     ------------------------


I.   RAINFALL AND RUNOFF SUMMARY
     -------- --- ------ -------

      total summary:  years    1 -   10

       593 storms produced                         2901.90 mm of precipitation
        14 rain storm runoff events produced          0.91 mm of runoff
         0 snow melts and/or
             events during winter produced            0.00 mm of runoff

      annual averages
      ---------------

        Number of years                                   10
        Mean annual precipitation                     290.19    mm
        Mean annual runoff from rainfall                0.09    mm
        Mean annual runoff from snow melt
          and/or rain storm during winter               0.00    mm



II.  ON SITE EFFECTS  ON SITE EFFECTS  ON SITE EFFECTS
     ---------------  ---------------  ---------------


  A.  AREA OF NET SOIL LOSS

      ** Soil Loss (Avg. of Net Detachment Areas) =    0.002 kg/m2 **
      ** Maximum Soil Loss  =    0.006 kg/m2 at  100.00 meters **


      Area of    Soil Loss   Soil Loss   MAX   MAX Loss   MIN   MIN Loss
      Net Loss      MEAN      STDEV      Loss    Point    Loss   Point
        (m)       (kg/m2)     (kg/m2)  (kg/m2)    (m)    (kg/m2)  (m)
------------------------------------------------------------------------
   0.00- 130.00    0.002     0.002      0.006  100.00     0.000   125.00
 131.00- 183.00    0.000     0.000      0.000  132.00     0.000   183.00

  B.  AREA OF SOIL DEPOSITION

      ** Soil Deposition (Avg. of Net Deposition Areas) =    -0.008 kg/m2 **
      ** Maximum Soil Deposition  =    -0.016 kg/m2 at  198.00 meters **

      Area of    Soil Dep   Soil Dep     MAX    MAX Dep   MIN   MIN Dep
      Net Dep       MEAN     STDEV       Dep     Point    Dep    Point
        (m)       (kg/m2)    (kg/m2)   (kg/m2)    (m)    (kg/m2)  (m)
------------------------------------------------------------------------
 130.00- 131.00    0.000     0.000      0.000  131.00     0.000   131.00
 183.00- 200.00   -0.008     0.005     -0.016  198.00    -0.001   184.00

      Single Point     Single Point
       Soil Area          Dep
         (m)             (kg/m2/)
      ------------------------------
       131.00             0.000



  C.  SOIL LOSS/DEPOSITION ALONG SLOPE PROFILE

          Profile distances are from top to bottom of hillslope


 distance soil  flow    distance   soil  flow    distance   soil  flow
    (m)   loss  elem       (m)     loss  elem       (m)     loss  elem
         (kg/m2)                  (kg/m2)                  (kg/m2)
------------------------------------------------------------------------

   1.00     0.001  1       68.00     0.004  1      135.00     0.000  2
   2.00     0.001  1       69.00     0.004  1      136.00     0.000  2
   3.00     0.001  1       70.00     0.004  1      137.00     0.000  2
   4.00     0.001  1       71.00     0.004  1      138.00     0.000  2
   5.00     0.001  1       72.00     0.004  1      139.00     0.000  2
   6.00     0.001  1       73.00     0.004  1      140.00     0.000  2
   7.00     0.001  1       74.00     0.004  1      141.00     0.000  2
   8.00     0.001  1       75.00     0.004  1      142.00     0.000  2
   9.00     0.001  1       76.00     0.004  1      143.00     0.000  2
  10.00     0.001  1       77.00     0.004  1      144.00     0.000  2
  11.00     0.001  1       78.00     0.005  1      145.00     0.000  2
  12.00     0.001  1       79.00     0.005  1      146.00     0.000  2
  13.00     0.001  1       80.00     0.005  1      147.00     0.000  2
  14.00     0.001  1       81.00     0.005  1      148.00     0.000  2
  15.00     0.001  1       82.00     0.005  1      149.00     0.000  2
  16.00     0.001  1       83.00     0.005  1      150.00     0.000  2
  17.00     0.001  1       84.00     0.005  1      151.00     0.000  2
  18.00     0.001  1       85.00     0.005  1      152.00     0.000  2
  19.00     0.001  1       86.00     0.005  1      153.00     0.000  2
  20.00     0.001  1       87.00     0.005  1      154.00     0.000  2
  21.00     0.001  1       88.00     0.005  1      155.00     0.000  2
  22.00     0.001  1       89.00     0.005  1      156.00     0.000  2
  23.00     0.001  1       90.00     0.005  1      157.00     0.000  2
  24.00     0.001  1       91.00     0.005  1      158.00     0.000  2
  25.00     0.001  1       92.00     0.005  1      159.00     0.000  2
  26.00     0.001  1       93.00     0.006  1      160.00     0.000  2
  27.00     0.001  1       94.00     0.006  1      161.00     0.000  2
  28.00     0.001  1       95.00     0.006  1      162.00     0.000  2
  29.00     0.001  1       96.00     0.006  1      163.00     0.000  2
  30.00     0.001  1       97.00     0.006  1      164.00     0.000  2
  31.00     0.001  1       98.00     0.006  1      165.00     0.000  2
  32.00     0.001  1       99.00     0.006  1      166.00     0.000  2
  33.00     0.001  1      100.00     0.006  1      167.00     0.000  2
  34.00     0.001  1      101.00     0.001  2      168.00     0.000  2
  35.00     0.001  1      102.00     0.001  2      169.00     0.000  2
  36.00     0.001  1      103.00     0.001  2      170.00     0.000  2
  37.00     0.001  1      104.00     0.001  2      171.00     0.000  2
  38.00     0.001  1      105.00     0.001  2      172.00     0.000  2
  39.00     0.001  1      106.00     0.001  2      173.00     0.000  2
  40.00     0.001  1      107.00     0.001  2      174.00     0.000  2
  41.00     0.001  1      108.00     0.001  2      175.00     0.000  2
  42.00     0.001  1      109.00     0.001  2      176.00     0.000  2
  43.00     0.001  1      110.00     0.001  2      177.00     0.000  2
  44.00     0.002  1      111.00     0.001  2      178.00     0.000  2
  45.00     0.002  1      112.00     0.001  2      179.00     0.000  2
  46.00     0.002  1      113.00     0.001  2      180.00     0.000  2
  47.00     0.002  1      114.00     0.000  2      181.00     0.000  2
  48.00     0.002  1      115.00     0.000  2      182.00     0.000  2
  49.00     0.002  1      116.00     0.000  2      183.00     0.000  2
  50.00     0.002  1      117.00     0.000  2      184.00    -0.001  2
  51.00     0.003  1      118.00     0.000  2      185.00    -0.002  2
  52.00     0.003  1      119.00     0.000  2      186.00    -0.003  2
  53.00     0.003  1      120.00     0.000  2      187.00    -0.003  2
  54.00     0.003  1      121.00     0.000  2      188.00    -0.003  2
  55.00     0.003  1      122.00     0.000  2      189.00    -0.003  2
  56.00     0.003  1      123.00     0.000  2      190.00    -0.010  2
  57.00     0.003  1      124.00     0.000  2      191.00    -0.010  2
  58.00     0.003  1      125.00     0.000  2      192.00    -0.009  2
  59.00     0.003  1      126.00     0.000  2      193.00    -0.009  2
  60.00     0.003  1      127.00     0.000  2      194.00    -0.008  2
  61.00     0.003  1      128.00     0.000  2      195.00    -0.008  2
  62.00     0.003  1      129.00     0.000  2      196.00    -0.010  2
  63.00     0.003  1      130.00     0.000  2      197.00    -0.015  2
  64.00     0.004  1      131.00     0.000  2      198.00    -0.016  2
  65.00     0.004  1      132.00     0.000  2      199.00    -0.015  2
  66.00     0.004  1      133.00     0.000  2      200.00    -0.014  2
  67.00     0.004  1      134.00     0.000  2

note:  (+) soil loss - detachment     (-) soil loss - deposition



III. OFF SITE EFFECTS  OFF SITE EFFECTS  OFF SITE EFFECTS
     ----------------  ----------------  ----------------

     A.  AVERAGE ANNUAL SEDIMENT LEAVING PROFILE
             0.145   kg/m of width
            14.489     kg (based on profile width of    100.000      m)
             0.007   t/ha (assuming contributions from     2.000     ha)


     B.  SEDIMENT CHARACTERISTICS AND ENRICHMENT

     Sediment particle information leaving profile
-------------------------------------------------------------------------------
                                 Particle Composition         Detached Fraction
Class  Diameter  Specific  ---------------------------------  Sediment  In Flow
         (mm)    Gravity   % Sand   % Silt   % Clay   % O.M.  Fraction  Exiting
-------------------------------------------------------------------------------
  1     0.002      2.60      0.0      0.0    100.0     16.7     0.078    0.172
  2     0.010      2.65      0.0    100.0      0.0      0.0     0.072    0.079
  3     0.040      1.80      0.0     60.0     40.0      6.7     0.378    0.531
  4     0.600      1.60     48.4     35.2     16.5      2.7     0.430    0.202
  5     0.200      2.65    100.0      0.0      0.0      0.0     0.042    0.015
-------------------------------------------------------------------------------


     Average annual SSA enrichment ratio leaving profile =   1.37
