 Annual; detailed (Metric Units)                                        


          USDA WATER EROSION PREDICTION PROJECT
          -------------------------------------

          HILLSLOPE PROFILE AND WATERSHED MODEL
                     VERSION  2010.100
           January 28,      2010


               TO REPORT PROBLEMS OR TO BE PUT ON THE MAILING
               LIST FOR FUTURE WEPP MODEL RELEASES, PLEASE CONTACT:

                    WEPP TECHNICAL SUPPORT
                    USDA-AGRICULTURAL RESEARCH SERVICE
                    NATIONAL SOIL EROSION RESEARCH LABORATORY
                    275 SOUTH RUSSELL STREET
                    WEST LAFAYETTE, IN 47907-2077  USA

                    PHONE: (765) 494-8673
                      FAX: (765) 494-5948
                    email:  wepp@ecn.purdue.edu
                      URL:  http://topsoil.nserl.purdue.edu


     HILLSLOPE INPUT DATA FILES - VERSION  2010.100
      January 28,      2010


    MANAGEMENT: ../working/wepp-190153.man                        
 MAN. PRACTICE: Two OFEs for forest conditions                              
                W. Elliot 02/99                                             
                                                                            
         SLOPE: ../working/wepp-190153.slp                        
       CLIMATE: ../working/wepp-190153.cli                        
       Station:  GASCON NM +                                    CLIGEN VERSION  4.31
          SOIL: ../working/wepp-190153.sol                        
      PLANE  1 LOW                 loam                
      PLANE  2 LOW                 loam                


     HILLSLOPE 1 YEARLY SUMMARY FOR    1
     ----------------------------------


I.   RAINFALL AND RUNOFF SUMMARY
     -------- --- ------ -------

      year:      1

         Rainfall         Storm Runoff        Melt Runoff
      events   amount   events   amount     events  amount
                (mm)              (mm)               (mm)

        77     549.60       1       0.09       0       0.00


II.  ON SITE EFFECTS  ON SITE EFFECTS  ON SITE EFFECTS
     ---------------  ---------------  ---------------


  A.  AREA OF NET SOIL LOSS

      ** Soil Loss (Avg. of Net Detachment Areas) =    0.000 kg/m2 **
      ** Maximum Soil Loss  =    0.000 kg/m2 at    4.58 meters **


      Area of    Soil Loss   Soil Loss   MAX   MAX Loss   MIN   MIN Loss
      Net Loss      MEAN      STDEV      Loss    Point    Loss   Point
        (m)       (kg/m2)     (kg/m2)  (kg/m2)    (m)    (kg/m2)  (m)
------------------------------------------------------------------------
   0.00-  18.30    0.000     0.000      0.000    4.58     0.000    13.73



  C.  SOIL LOSS/DEPOSITION ALONG SLOPE PROFILE

          Profile distances are from top to bottom of hillslope


 distance soil  flow    distance   soil  flow    distance   soil  flow
    (m)   loss  elem       (m)     loss  elem       (m)     loss  elem
         (kg/m2)                  (kg/m2)                  (kg/m2)
------------------------------------------------------------------------

   0.09     0.000  1        6.22     0.000  1       12.35     0.000  2
   0.18     0.000  1        6.31     0.000  1       12.44     0.000  2
   0.27     0.000  1        6.41     0.000  1       12.54     0.000  2
   0.37     0.000  1        6.50     0.000  1       12.63     0.000  2
   0.46     0.000  1        6.59     0.000  1       12.72     0.000  2
   0.55     0.000  1        6.68     0.000  1       12.81     0.000  2
   0.64     0.000  1        6.77     0.000  1       12.90     0.000  2
   0.73     0.000  1        6.86     0.000  1       12.99     0.000  2
   0.82     0.000  1        6.95     0.000  1       13.08     0.000  2
   0.92     0.000  1        7.05     0.000  1       13.18     0.000  2
   1.01     0.000  1        7.14     0.000  1       13.27     0.000  2
   1.10     0.000  1        7.23     0.000  1       13.36     0.000  2
   1.19     0.000  1        7.32     0.000  1       13.45     0.000  2
   1.28     0.000  1        7.41     0.000  1       13.54     0.000  2
   1.37     0.000  1        7.50     0.000  1       13.63     0.000  2
   1.46     0.000  1        7.59     0.000  1       13.73     0.000  2
   1.56     0.000  1        7.69     0.000  1       13.82     0.000  2
   1.65     0.000  1        7.78     0.000  1       13.91     0.000  2
   1.74     0.000  1        7.87     0.000  1       14.00     0.000  2
   1.83     0.000  1        7.96     0.000  1       14.09     0.000  2
   1.92     0.000  1        8.05     0.000  1       14.18     0.000  2
   2.01     0.000  1        8.14     0.000  1       14.27     0.000  2
   2.10     0.000  1        8.23     0.000  1       14.37     0.000  2
   2.20     0.000  1        8.33     0.000  1       14.46     0.000  2
   2.29     0.000  1        8.42     0.000  1       14.55     0.000  2
   2.38     0.000  1        8.51     0.000  1       14.64     0.000  2
   2.47     0.000  1        8.60     0.000  1       14.73     0.000  2
   2.56     0.000  1        8.69     0.000  1       14.82     0.000  2
   2.65     0.000  1        8.78     0.000  1       14.91     0.000  2
   2.75     0.000  1        8.88     0.000  1       15.01     0.000  2
   2.84     0.000  1        8.97     0.000  1       15.10     0.000  2
   2.93     0.000  1        9.06     0.000  1       15.19     0.000  2
   3.02     0.000  1        9.15     0.000  1       15.28     0.000  2
   3.11     0.000  1        9.24     0.000  2       15.37     0.000  2
   3.20     0.000  1        9.33     0.000  2       15.46     0.000  2
   3.29     0.000  1        9.42     0.000  2       15.55     0.000  2
   3.39     0.000  1        9.52     0.000  2       15.65     0.000  2
   3.48     0.000  1        9.61     0.000  2       15.74     0.000  2
   3.57     0.000  1        9.70     0.000  2       15.83     0.000  2
   3.66     0.000  1        9.79     0.000  2       15.92     0.000  2
   3.75     0.000  1        9.88     0.000  2       16.01     0.000  2
   3.84     0.000  1        9.97     0.000  2       16.10     0.000  2
   3.93     0.000  1       10.07     0.000  2       16.20     0.000  2
   4.03     0.000  1       10.16     0.000  2       16.29     0.000  2
   4.12     0.000  1       10.25     0.000  2       16.38     0.000  2
   4.21     0.000  1       10.34     0.000  2       16.47     0.000  2
   4.30     0.000  1       10.43     0.000  2       16.56     0.000  2
   4.39     0.000  1       10.52     0.000  2       16.65     0.000  2
   4.48     0.000  1       10.61     0.000  2       16.74     0.000  2
   4.58     0.000  1       10.71     0.000  2       16.84     0.000  2
   4.67     0.000  1       10.80     0.000  2       16.93     0.000  2
   4.76     0.000  1       10.89     0.000  2       17.02     0.000  2
   4.85     0.000  1       10.98     0.000  2       17.11     0.000  2
   4.94     0.000  1       11.07     0.000  2       17.20     0.000  2
   5.03     0.000  1       11.16     0.000  2       17.29     0.000  2
   5.12     0.000  1       11.25     0.000  2       17.38     0.000  2
   5.22     0.000  1       11.35     0.000  2       17.48     0.000  2
   5.31     0.000  1       11.44     0.000  2       17.57     0.000  2
   5.40     0.000  1       11.53     0.000  2       17.66     0.000  2
   5.49     0.000  1       11.62     0.000  2       17.75     0.000  2
   5.58     0.000  1       11.71     0.000  2       17.84     0.000  2
   5.67     0.000  1       11.80     0.000  2       17.93     0.000  2
   5.76     0.000  1       11.89     0.000  2       18.03     0.000  2
   5.86     0.000  1       11.99     0.000  2       18.12     0.000  2
   5.95     0.000  1       12.08     0.000  2       18.21     0.000  2
   6.04     0.000  1       12.17     0.000  2       18.30     0.000  2
   6.13     0.000  1       12.26     0.000  2

note:  (+) soil loss - detachment     (-) soil loss - deposition



III. OFF SITE EFFECTS  OFF SITE EFFECTS  OFF SITE EFFECTS
     ----------------  ----------------  ----------------

     A.  SEDIMENT LEAVING PROFILE for year    1     0.001 kg/m



     B.  SEDIMENT CHARACTERISTICS AND ENRICHMENT

     Sediment particle information leaving profile
-------------------------------------------------------------------------------
                                 Particle Composition         Detached Fraction
Class  Diameter  Specific  ---------------------------------  Sediment  In Flow
         (mm)    Gravity   % Sand   % Silt   % Clay   % O.M.  Fraction  Exiting
-------------------------------------------------------------------------------
  1     0.002      2.60      0.0      0.0    100.0     25.0     0.052    0.117
  2     0.010      2.65      0.0    100.0      0.0      0.0     0.092    0.204
  3     0.030      1.80      0.0     63.6     36.4      9.1     0.258    0.515
  4     0.400      1.60     67.2     20.8     12.0      3.0     0.451    0.124
  5     0.200      2.65    100.0      0.0      0.0      0.0     0.147    0.040
-------------------------------------------------------------------------------


     Weighted SSA enrichment ratio leaving profile for year    1 =   1.58


     HILLSLOPE 1 YEARLY SUMMARY FOR    2
     ----------------------------------


I.   RAINFALL AND RUNOFF SUMMARY
     -------- --- ------ -------

      year:      2

         Rainfall         Storm Runoff        Melt Runoff
      events   amount   events   amount     events  amount
                (mm)              (mm)               (mm)

        69     623.80       0       0.00       0       0.00


II.  ON SITE EFFECTS  ON SITE EFFECTS  ON SITE EFFECTS
     ---------------  ---------------  ---------------




  C.  SOIL LOSS/DEPOSITION ALONG SLOPE PROFILE

          Profile distances are from top to bottom of hillslope


 distance soil  flow    distance   soil  flow    distance   soil  flow
    (m)   loss  elem       (m)     loss  elem       (m)     loss  elem
         (kg/m2)                  (kg/m2)                  (kg/m2)
------------------------------------------------------------------------

   0.09     0.000  1        6.22     0.000  1       12.35     0.000  2
   0.18     0.000  1        6.31     0.000  1       12.44     0.000  2
   0.27     0.000  1        6.41     0.000  1       12.54     0.000  2
   0.37     0.000  1        6.50     0.000  1       12.63     0.000  2
   0.46     0.000  1        6.59     0.000  1       12.72     0.000  2
   0.55     0.000  1        6.68     0.000  1       12.81     0.000  2
   0.64     0.000  1        6.77     0.000  1       12.90     0.000  2
   0.73     0.000  1        6.86     0.000  1       12.99     0.000  2
   0.82     0.000  1        6.95     0.000  1       13.08     0.000  2
   0.92     0.000  1        7.05     0.000  1       13.18     0.000  2
   1.01     0.000  1        7.14     0.000  1       13.27     0.000  2
   1.10     0.000  1        7.23     0.000  1       13.36     0.000  2
   1.19     0.000  1        7.32     0.000  1       13.45     0.000  2
   1.28     0.000  1        7.41     0.000  1       13.54     0.000  2
   1.37     0.000  1        7.50     0.000  1       13.63     0.000  2
   1.46     0.000  1        7.59     0.000  1       13.73     0.000  2
   1.56     0.000  1        7.69     0.000  1       13.82     0.000  2
   1.65     0.000  1        7.78     0.000  1       13.91     0.000  2
   1.74     0.000  1        7.87     0.000  1       14.00     0.000  2
   1.83     0.000  1        7.96     0.000  1       14.09     0.000  2
   1.92     0.000  1        8.05     0.000  1       14.18     0.000  2
   2.01     0.000  1        8.14     0.000  1       14.27     0.000  2
   2.10     0.000  1        8.23     0.000  1       14.37     0.000  2
   2.20     0.000  1        8.33     0.000  1       14.46     0.000  2
   2.29     0.000  1        8.42     0.000  1       14.55     0.000  2
   2.38     0.000  1        8.51     0.000  1       14.64     0.000  2
   2.47     0.000  1        8.60     0.000  1       14.73     0.000  2
   2.56     0.000  1        8.69     0.000  1       14.82     0.000  2
   2.65     0.000  1        8.78     0.000  1       14.91     0.000  2
   2.75     0.000  1        8.88     0.000  1       15.01     0.000  2
   2.84     0.000  1        8.97     0.000  1       15.10     0.000  2
   2.93     0.000  1        9.06     0.000  1       15.19     0.000  2
   3.02     0.000  1        9.15     0.000  1       15.28     0.000  2
   3.11     0.000  1        9.24     0.000  2       15.37     0.000  2
   3.20     0.000  1        9.33     0.000  2       15.46     0.000  2
   3.29     0.000  1        9.42     0.000  2       15.55     0.000  2
   3.39     0.000  1        9.52     0.000  2       15.65     0.000  2
   3.48     0.000  1        9.61     0.000  2       15.74     0.000  2
   3.57     0.000  1        9.70     0.000  2       15.83     0.000  2
   3.66     0.000  1        9.79     0.000  2       15.92     0.000  2
   3.75     0.000  1        9.88     0.000  2       16.01     0.000  2
   3.84     0.000  1        9.97     0.000  2       16.10     0.000  2
   3.93     0.000  1       10.07     0.000  2       16.20     0.000  2
   4.03     0.000  1       10.16     0.000  2       16.29     0.000  2
   4.12     0.000  1       10.25     0.000  2       16.38     0.000  2
   4.21     0.000  1       10.34     0.000  2       16.47     0.000  2
   4.30     0.000  1       10.43     0.000  2       16.56     0.000  2
   4.39     0.000  1       10.52     0.000  2       16.65     0.000  2
   4.48     0.000  1       10.61     0.000  2       16.74     0.000  2
   4.58     0.000  1       10.71     0.000  2       16.84     0.000  2
   4.67     0.000  1       10.80     0.000  2       16.93     0.000  2
   4.76     0.000  1       10.89     0.000  2       17.02     0.000  2
   4.85     0.000  1       10.98     0.000  2       17.11     0.000  2
   4.94     0.000  1       11.07     0.000  2       17.20     0.000  2
   5.03     0.000  1       11.16     0.000  2       17.29     0.000  2
   5.12     0.000  1       11.25     0.000  2       17.38     0.000  2
   5.22     0.000  1       11.35     0.000  2       17.48     0.000  2
   5.31     0.000  1       11.44     0.000  2       17.57     0.000  2
   5.40     0.000  1       11.53     0.000  2       17.66     0.000  2
   5.49     0.000  1       11.62     0.000  2       17.75     0.000  2
   5.58     0.000  1       11.71     0.000  2       17.84     0.000  2
   5.67     0.000  1       11.80     0.000  2       17.93     0.000  2
   5.76     0.000  1       11.89     0.000  2       18.03     0.000  2
   5.86     0.000  1       11.99     0.000  2       18.12     0.000  2
   5.95     0.000  1       12.08     0.000  2       18.21     0.000  2
   6.04     0.000  1       12.17     0.000  2       18.30     0.000  2
   6.13     0.000  1       12.26     0.000  2

note:  (+) soil loss - detachment     (-) soil loss - deposition



III. OFF SITE EFFECTS  OFF SITE EFFECTS  OFF SITE EFFECTS
     ----------------  ----------------  ----------------

     A.  SEDIMENT LEAVING PROFILE for year    2     0.000 kg/m



     B.  SEDIMENT CHARACTERISTICS AND ENRICHMENT

     Sediment particle information leaving profile
-------------------------------------------------------------------------------
                                 Particle Composition         Detached Fraction
Class  Diameter  Specific  ---------------------------------  Sediment  In Flow
         (mm)    Gravity   % Sand   % Silt   % Clay   % O.M.  Fraction  Exiting
-------------------------------------------------------------------------------
  1     0.002      2.60      0.0      0.0    100.0     25.0     0.052    0.000
  2     0.010      2.65      0.0    100.0      0.0      0.0     0.092    0.000
  3     0.030      1.80      0.0     63.6     36.4      9.1     0.258    0.000
  4     0.400      1.60     67.2     20.8     12.0      3.0     0.451    0.000
  5     0.200      2.65    100.0      0.0      0.0      0.0     0.147    0.000
-------------------------------------------------------------------------------


     Weighted SSA enrichment ratio leaving profile for year    2 =   0.00


     HILLSLOPE 1 YEARLY SUMMARY FOR    3
     ----------------------------------


I.   RAINFALL AND RUNOFF SUMMARY
     -------- --- ------ -------

      year:      3

         Rainfall         Storm Runoff        Melt Runoff
      events   amount   events   amount     events  amount
                (mm)              (mm)               (mm)

        60     486.10       0       0.00       0       0.00


II.  ON SITE EFFECTS  ON SITE EFFECTS  ON SITE EFFECTS
     ---------------  ---------------  ---------------




  C.  SOIL LOSS/DEPOSITION ALONG SLOPE PROFILE

          Profile distances are from top to bottom of hillslope


 distance soil  flow    distance   soil  flow    distance   soil  flow
    (m)   loss  elem       (m)     loss  elem       (m)     loss  elem
         (kg/m2)                  (kg/m2)                  (kg/m2)
------------------------------------------------------------------------

   0.09     0.000  1        6.22     0.000  1       12.35     0.000  2
   0.18     0.000  1        6.31     0.000  1       12.44     0.000  2
   0.27     0.000  1        6.41     0.000  1       12.54     0.000  2
   0.37     0.000  1        6.50     0.000  1       12.63     0.000  2
   0.46     0.000  1        6.59     0.000  1       12.72     0.000  2
   0.55     0.000  1        6.68     0.000  1       12.81     0.000  2
   0.64     0.000  1        6.77     0.000  1       12.90     0.000  2
   0.73     0.000  1        6.86     0.000  1       12.99     0.000  2
   0.82     0.000  1        6.95     0.000  1       13.08     0.000  2
   0.92     0.000  1        7.05     0.000  1       13.18     0.000  2
   1.01     0.000  1        7.14     0.000  1       13.27     0.000  2
   1.10     0.000  1        7.23     0.000  1       13.36     0.000  2
   1.19     0.000  1        7.32     0.000  1       13.45     0.000  2
   1.28     0.000  1        7.41     0.000  1       13.54     0.000  2
   1.37     0.000  1        7.50     0.000  1       13.63     0.000  2
   1.46     0.000  1        7.59     0.000  1       13.73     0.000  2
   1.56     0.000  1        7.69     0.000  1       13.82     0.000  2
   1.65     0.000  1        7.78     0.000  1       13.91     0.000  2
   1.74     0.000  1        7.87     0.000  1       14.00     0.000  2
   1.83     0.000  1        7.96     0.000  1       14.09     0.000  2
   1.92     0.000  1        8.05     0.000  1       14.18     0.000  2
   2.01     0.000  1        8.14     0.000  1       14.27     0.000  2
   2.10     0.000  1        8.23     0.000  1       14.37     0.000  2
   2.20     0.000  1        8.33     0.000  1       14.46     0.000  2
   2.29     0.000  1        8.42     0.000  1       14.55     0.000  2
   2.38     0.000  1        8.51     0.000  1       14.64     0.000  2
   2.47     0.000  1        8.60     0.000  1       14.73     0.000  2
   2.56     0.000  1        8.69     0.000  1       14.82     0.000  2
   2.65     0.000  1        8.78     0.000  1       14.91     0.000  2
   2.75     0.000  1        8.88     0.000  1       15.01     0.000  2
   2.84     0.000  1        8.97     0.000  1       15.10     0.000  2
   2.93     0.000  1        9.06     0.000  1       15.19     0.000  2
   3.02     0.000  1        9.15     0.000  1       15.28     0.000  2
   3.11     0.000  1        9.24     0.000  2       15.37     0.000  2
   3.20     0.000  1        9.33     0.000  2       15.46     0.000  2
   3.29     0.000  1        9.42     0.000  2       15.55     0.000  2
   3.39     0.000  1        9.52     0.000  2       15.65     0.000  2
   3.48     0.000  1        9.61     0.000  2       15.74     0.000  2
   3.57     0.000  1        9.70     0.000  2       15.83     0.000  2
   3.66     0.000  1        9.79     0.000  2       15.92     0.000  2
   3.75     0.000  1        9.88     0.000  2       16.01     0.000  2
   3.84     0.000  1        9.97     0.000  2       16.10     0.000  2
   3.93     0.000  1       10.07     0.000  2       16.20     0.000  2
   4.03     0.000  1       10.16     0.000  2       16.29     0.000  2
   4.12     0.000  1       10.25     0.000  2       16.38     0.000  2
   4.21     0.000  1       10.34     0.000  2       16.47     0.000  2
   4.30     0.000  1       10.43     0.000  2       16.56     0.000  2
   4.39     0.000  1       10.52     0.000  2       16.65     0.000  2
   4.48     0.000  1       10.61     0.000  2       16.74     0.000  2
   4.58     0.000  1       10.71     0.000  2       16.84     0.000  2
   4.67     0.000  1       10.80     0.000  2       16.93     0.000  2
   4.76     0.000  1       10.89     0.000  2       17.02     0.000  2
   4.85     0.000  1       10.98     0.000  2       17.11     0.000  2
   4.94     0.000  1       11.07     0.000  2       17.20     0.000  2
   5.03     0.000  1       11.16     0.000  2       17.29     0.000  2
   5.12     0.000  1       11.25     0.000  2       17.38     0.000  2
   5.22     0.000  1       11.35     0.000  2       17.48     0.000  2
   5.31     0.000  1       11.44     0.000  2       17.57     0.000  2
   5.40     0.000  1       11.53     0.000  2       17.66     0.000  2
   5.49     0.000  1       11.62     0.000  2       17.75     0.000  2
   5.58     0.000  1       11.71     0.000  2       17.84     0.000  2
   5.67     0.000  1       11.80     0.000  2       17.93     0.000  2
   5.76     0.000  1       11.89     0.000  2       18.03     0.000  2
   5.86     0.000  1       11.99     0.000  2       18.12     0.000  2
   5.95     0.000  1       12.08     0.000  2       18.21     0.000  2
   6.04     0.000  1       12.17     0.000  2       18.30     0.000  2
   6.13     0.000  1       12.26     0.000  2

note:  (+) soil loss - detachment     (-) soil loss - deposition



III. OFF SITE EFFECTS  OFF SITE EFFECTS  OFF SITE EFFECTS
     ----------------  ----------------  ----------------

     A.  SEDIMENT LEAVING PROFILE for year    3     0.000 kg/m



     B.  SEDIMENT CHARACTERISTICS AND ENRICHMENT

     Sediment particle information leaving profile
-------------------------------------------------------------------------------
                                 Particle Composition         Detached Fraction
Class  Diameter  Specific  ---------------------------------  Sediment  In Flow
         (mm)    Gravity   % Sand   % Silt   % Clay   % O.M.  Fraction  Exiting
-------------------------------------------------------------------------------
  1     0.002      2.60      0.0      0.0    100.0     25.0     0.052    0.000
  2     0.010      2.65      0.0    100.0      0.0      0.0     0.092    0.000
  3     0.030      1.80      0.0     63.6     36.4      9.1     0.258    0.000
  4     0.400      1.60     67.2     20.8     12.0      3.0     0.451    0.000
  5     0.200      2.65    100.0      0.0      0.0      0.0     0.147    0.000
-------------------------------------------------------------------------------


     Weighted SSA enrichment ratio leaving profile for year    3 =   0.00


     HILLSLOPE 1 YEARLY SUMMARY FOR    4
     ----------------------------------


I.   RAINFALL AND RUNOFF SUMMARY
     -------- --- ------ -------

      year:      4

         Rainfall         Storm Runoff        Melt Runoff
      events   amount   events   amount     events  amount
                (mm)              (mm)               (mm)

        67     385.70       0       0.00       0       0.00


II.  ON SITE EFFECTS  ON SITE EFFECTS  ON SITE EFFECTS
     ---------------  ---------------  ---------------




  C.  SOIL LOSS/DEPOSITION ALONG SLOPE PROFILE

          Profile distances are from top to bottom of hillslope


 distance soil  flow    distance   soil  flow    distance   soil  flow
    (m)   loss  elem       (m)     loss  elem       (m)     loss  elem
         (kg/m2)                  (kg/m2)                  (kg/m2)
------------------------------------------------------------------------

   0.09     0.000  1        6.22     0.000  1       12.35     0.000  2
   0.18     0.000  1        6.31     0.000  1       12.44     0.000  2
   0.27     0.000  1        6.41     0.000  1       12.54     0.000  2
   0.37     0.000  1        6.50     0.000  1       12.63     0.000  2
   0.46     0.000  1        6.59     0.000  1       12.72     0.000  2
   0.55     0.000  1        6.68     0.000  1       12.81     0.000  2
   0.64     0.000  1        6.77     0.000  1       12.90     0.000  2
   0.73     0.000  1        6.86     0.000  1       12.99     0.000  2
   0.82     0.000  1        6.95     0.000  1       13.08     0.000  2
   0.92     0.000  1        7.05     0.000  1       13.18     0.000  2
   1.01     0.000  1        7.14     0.000  1       13.27     0.000  2
   1.10     0.000  1        7.23     0.000  1       13.36     0.000  2
   1.19     0.000  1        7.32     0.000  1       13.45     0.000  2
   1.28     0.000  1        7.41     0.000  1       13.54     0.000  2
   1.37     0.000  1        7.50     0.000  1       13.63     0.000  2
   1.46     0.000  1        7.59     0.000  1       13.73     0.000  2
   1.56     0.000  1        7.69     0.000  1       13.82     0.000  2
   1.65     0.000  1        7.78     0.000  1       13.91     0.000  2
   1.74     0.000  1        7.87     0.000  1       14.00     0.000  2
   1.83     0.000  1        7.96     0.000  1       14.09     0.000  2
   1.92     0.000  1        8.05     0.000  1       14.18     0.000  2
   2.01     0.000  1        8.14     0.000  1       14.27     0.000  2
   2.10     0.000  1        8.23     0.000  1       14.37     0.000  2
   2.20     0.000  1        8.33     0.000  1       14.46     0.000  2
   2.29     0.000  1        8.42     0.000  1       14.55     0.000  2
   2.38     0.000  1        8.51     0.000  1       14.64     0.000  2
   2.47     0.000  1        8.60     0.000  1       14.73     0.000  2
   2.56     0.000  1        8.69     0.000  1       14.82     0.000  2
   2.65     0.000  1        8.78     0.000  1       14.91     0.000  2
   2.75     0.000  1        8.88     0.000  1       15.01     0.000  2
   2.84     0.000  1        8.97     0.000  1       15.10     0.000  2
   2.93     0.000  1        9.06     0.000  1       15.19     0.000  2
   3.02     0.000  1        9.15     0.000  1       15.28     0.000  2
   3.11     0.000  1        9.24     0.000  2       15.37     0.000  2
   3.20     0.000  1        9.33     0.000  2       15.46     0.000  2
   3.29     0.000  1        9.42     0.000  2       15.55     0.000  2
   3.39     0.000  1        9.52     0.000  2       15.65     0.000  2
   3.48     0.000  1        9.61     0.000  2       15.74     0.000  2
   3.57     0.000  1        9.70     0.000  2       15.83     0.000  2
   3.66     0.000  1        9.79     0.000  2       15.92     0.000  2
   3.75     0.000  1        9.88     0.000  2       16.01     0.000  2
   3.84     0.000  1        9.97     0.000  2       16.10     0.000  2
   3.93     0.000  1       10.07     0.000  2       16.20     0.000  2
   4.03     0.000  1       10.16     0.000  2       16.29     0.000  2
   4.12     0.000  1       10.25     0.000  2       16.38     0.000  2
   4.21     0.000  1       10.34     0.000  2       16.47     0.000  2
   4.30     0.000  1       10.43     0.000  2       16.56     0.000  2
   4.39     0.000  1       10.52     0.000  2       16.65     0.000  2
   4.48     0.000  1       10.61     0.000  2       16.74     0.000  2
   4.58     0.000  1       10.71     0.000  2       16.84     0.000  2
   4.67     0.000  1       10.80     0.000  2       16.93     0.000  2
   4.76     0.000  1       10.89     0.000  2       17.02     0.000  2
   4.85     0.000  1       10.98     0.000  2       17.11     0.000  2
   4.94     0.000  1       11.07     0.000  2       17.20     0.000  2
   5.03     0.000  1       11.16     0.000  2       17.29     0.000  2
   5.12     0.000  1       11.25     0.000  2       17.38     0.000  2
   5.22     0.000  1       11.35     0.000  2       17.48     0.000  2
   5.31     0.000  1       11.44     0.000  2       17.57     0.000  2
   5.40     0.000  1       11.53     0.000  2       17.66     0.000  2
   5.49     0.000  1       11.62     0.000  2       17.75     0.000  2
   5.58     0.000  1       11.71     0.000  2       17.84     0.000  2
   5.67     0.000  1       11.80     0.000  2       17.93     0.000  2
   5.76     0.000  1       11.89     0.000  2       18.03     0.000  2
   5.86     0.000  1       11.99     0.000  2       18.12     0.000  2
   5.95     0.000  1       12.08     0.000  2       18.21     0.000  2
   6.04     0.000  1       12.17     0.000  2       18.30     0.000  2
   6.13     0.000  1       12.26     0.000  2

note:  (+) soil loss - detachment     (-) soil loss - deposition



III. OFF SITE EFFECTS  OFF SITE EFFECTS  OFF SITE EFFECTS
     ----------------  ----------------  ----------------

     A.  SEDIMENT LEAVING PROFILE for year    4     0.000 kg/m



     B.  SEDIMENT CHARACTERISTICS AND ENRICHMENT

     Sediment particle information leaving profile
-------------------------------------------------------------------------------
                                 Particle Composition         Detached Fraction
Class  Diameter  Specific  ---------------------------------  Sediment  In Flow
         (mm)    Gravity   % Sand   % Silt   % Clay   % O.M.  Fraction  Exiting
-------------------------------------------------------------------------------
  1     0.002      2.60      0.0      0.0    100.0     25.0     0.052    0.000
  2     0.010      2.65      0.0    100.0      0.0      0.0     0.092    0.000
  3     0.030      1.80      0.0     63.6     36.4      9.1     0.258    0.000
  4     0.400      1.60     67.2     20.8     12.0      3.0     0.451    0.000
  5     0.200      2.65    100.0      0.0      0.0      0.0     0.147    0.000
-------------------------------------------------------------------------------


     Weighted SSA enrichment ratio leaving profile for year    4 =   0.00


     HILLSLOPE 1 YEARLY SUMMARY FOR    5
     ----------------------------------


I.   RAINFALL AND RUNOFF SUMMARY
     -------- --- ------ -------

      year:      5

         Rainfall         Storm Runoff        Melt Runoff
      events   amount   events   amount     events  amount
                (mm)              (mm)               (mm)

        66     606.10       1       8.76       0       0.00


II.  ON SITE EFFECTS  ON SITE EFFECTS  ON SITE EFFECTS
     ---------------  ---------------  ---------------


  A.  AREA OF NET SOIL LOSS

      ** Soil Loss (Avg. of Net Detachment Areas) =    0.008 kg/m2 **
      ** Maximum Soil Loss  =    0.012 kg/m2 at   18.30 meters **


      Area of    Soil Loss   Soil Loss   MAX   MAX Loss   MIN   MIN Loss
      Net Loss      MEAN      STDEV      Loss    Point    Loss   Point
        (m)       (kg/m2)     (kg/m2)  (kg/m2)    (m)    (kg/m2)  (m)
------------------------------------------------------------------------
   0.00-  18.30    0.008     0.003      0.012   18.30     0.004     1.28



  C.  SOIL LOSS/DEPOSITION ALONG SLOPE PROFILE

          Profile distances are from top to bottom of hillslope


 distance soil  flow    distance   soil  flow    distance   soil  flow
    (m)   loss  elem       (m)     loss  elem       (m)     loss  elem
         (kg/m2)                  (kg/m2)                  (kg/m2)
------------------------------------------------------------------------

   0.09     0.004  1        6.22     0.006  1       12.35     0.010  2
   0.18     0.004  1        6.31     0.006  1       12.44     0.010  2
   0.27     0.004  1        6.41     0.006  1       12.54     0.010  2
   0.37     0.004  1        6.50     0.007  1       12.63     0.010  2
   0.46     0.004  1        6.59     0.007  1       12.72     0.010  2
   0.55     0.004  1        6.68     0.007  1       12.81     0.010  2
   0.64     0.004  1        6.77     0.007  1       12.90     0.010  2
   0.73     0.004  1        6.86     0.007  1       12.99     0.010  2
   0.82     0.004  1        6.95     0.007  1       13.08     0.010  2
   0.92     0.004  1        7.05     0.007  1       13.18     0.010  2
   1.01     0.004  1        7.14     0.007  1       13.27     0.011  2
   1.10     0.004  1        7.23     0.007  1       13.36     0.011  2
   1.19     0.004  1        7.32     0.007  1       13.45     0.011  2
   1.28     0.004  1        7.41     0.007  1       13.54     0.011  2
   1.37     0.004  1        7.50     0.007  1       13.63     0.011  2
   1.46     0.004  1        7.59     0.007  1       13.73     0.011  2
   1.56     0.004  1        7.69     0.007  1       13.82     0.011  2
   1.65     0.004  1        7.78     0.007  1       13.91     0.011  2
   1.74     0.004  1        7.87     0.007  1       14.00     0.011  2
   1.83     0.004  1        7.96     0.007  1       14.09     0.011  2
   1.92     0.004  1        8.05     0.007  1       14.18     0.011  2
   2.01     0.004  1        8.14     0.007  1       14.27     0.011  2
   2.10     0.004  1        8.23     0.007  1       14.37     0.011  2
   2.20     0.004  1        8.33     0.008  1       14.46     0.011  2
   2.29     0.004  1        8.42     0.008  1       14.55     0.011  2
   2.38     0.004  1        8.51     0.008  1       14.64     0.011  2
   2.47     0.004  1        8.60     0.008  1       14.73     0.011  2
   2.56     0.004  1        8.69     0.008  1       14.82     0.011  2
   2.65     0.004  1        8.78     0.008  1       14.91     0.011  2
   2.75     0.004  1        8.88     0.008  1       15.01     0.011  2
   2.84     0.004  1        8.97     0.008  1       15.10     0.011  2
   2.93     0.004  1        9.06     0.008  1       15.19     0.011  2
   3.02     0.004  1        9.15     0.008  1       15.28     0.011  2
   3.11     0.004  1        9.24     0.009  2       15.37     0.011  2
   3.20     0.004  1        9.33     0.009  2       15.46     0.011  2
   3.29     0.004  1        9.42     0.009  2       15.55     0.011  2
   3.39     0.004  1        9.52     0.009  2       15.65     0.011  2
   3.48     0.005  1        9.61     0.009  2       15.74     0.011  2
   3.57     0.005  1        9.70     0.009  2       15.83     0.011  2
   3.66     0.005  1        9.79     0.009  2       15.92     0.011  2
   3.75     0.005  1        9.88     0.009  2       16.01     0.011  2
   3.84     0.005  1        9.97     0.009  2       16.10     0.011  2
   3.93     0.005  1       10.07     0.009  2       16.20     0.011  2
   4.03     0.005  1       10.16     0.009  2       16.29     0.011  2
   4.12     0.005  1       10.25     0.009  2       16.38     0.012  2
   4.21     0.005  1       10.34     0.009  2       16.47     0.012  2
   4.30     0.005  1       10.43     0.009  2       16.56     0.012  2
   4.39     0.005  1       10.52     0.009  2       16.65     0.012  2
   4.48     0.005  1       10.61     0.010  2       16.74     0.012  2
   4.58     0.005  1       10.71     0.010  2       16.84     0.012  2
   4.67     0.005  1       10.80     0.010  2       16.93     0.012  2
   4.76     0.005  1       10.89     0.010  2       17.02     0.012  2
   4.85     0.005  1       10.98     0.010  2       17.11     0.012  2
   4.94     0.006  1       11.07     0.010  2       17.20     0.012  2
   5.03     0.006  1       11.16     0.010  2       17.29     0.012  2
   5.12     0.006  1       11.25     0.010  2       17.38     0.012  2
   5.22     0.006  1       11.35     0.010  2       17.48     0.012  2
   5.31     0.006  1       11.44     0.010  2       17.57     0.012  2
   5.40     0.006  1       11.53     0.010  2       17.66     0.012  2
   5.49     0.006  1       11.62     0.010  2       17.75     0.012  2
   5.58     0.006  1       11.71     0.010  2       17.84     0.012  2
   5.67     0.006  1       11.80     0.010  2       17.93     0.012  2
   5.76     0.006  1       11.89     0.010  2       18.03     0.012  2
   5.86     0.006  1       11.99     0.010  2       18.12     0.012  2
   5.95     0.006  1       12.08     0.010  2       18.21     0.012  2
   6.04     0.006  1       12.17     0.010  2       18.30     0.012  2
   6.13     0.006  1       12.26     0.010  2

note:  (+) soil loss - detachment     (-) soil loss - deposition



III. OFF SITE EFFECTS  OFF SITE EFFECTS  OFF SITE EFFECTS
     ----------------  ----------------  ----------------

     A.  SEDIMENT LEAVING PROFILE for year    5     0.148 kg/m



     B.  SEDIMENT CHARACTERISTICS AND ENRICHMENT

     Sediment particle information leaving profile
-------------------------------------------------------------------------------
                                 Particle Composition         Detached Fraction
Class  Diameter  Specific  ---------------------------------  Sediment  In Flow
         (mm)    Gravity   % Sand   % Silt   % Clay   % O.M.  Fraction  Exiting
-------------------------------------------------------------------------------
  1     0.002      2.60      0.0      0.0    100.0     25.0     0.052    0.074
  2     0.010      2.65      0.0    100.0      0.0      0.0     0.092    0.131
  3     0.030      1.80      0.0     63.6     36.4      9.1     0.258    0.359
  4     0.400      1.60     67.2     20.8     12.0      3.0     0.451    0.328
  5     0.200      2.65    100.0      0.0      0.0      0.0     0.147    0.107
-------------------------------------------------------------------------------


     Weighted SSA enrichment ratio leaving profile for year    5 =   1.22


     HILLSLOPE 1 YEARLY SUMMARY FOR    6
     ----------------------------------


I.   RAINFALL AND RUNOFF SUMMARY
     -------- --- ------ -------

      year:      6

         Rainfall         Storm Runoff        Melt Runoff
      events   amount   events   amount     events  amount
                (mm)              (mm)               (mm)

        82     653.20       4      15.80       0       0.00


II.  ON SITE EFFECTS  ON SITE EFFECTS  ON SITE EFFECTS
     ---------------  ---------------  ---------------


  A.  AREA OF NET SOIL LOSS

      ** Soil Loss (Avg. of Net Detachment Areas) =    0.013 kg/m2 **
      ** Maximum Soil Loss  =    0.021 kg/m2 at   18.30 meters **


      Area of    Soil Loss   Soil Loss   MAX   MAX Loss   MIN   MIN Loss
      Net Loss      MEAN      STDEV      Loss    Point    Loss   Point
        (m)       (kg/m2)     (kg/m2)  (kg/m2)    (m)    (kg/m2)  (m)
------------------------------------------------------------------------
   0.00-  18.30    0.013     0.005      0.021   18.30     0.006     1.74



  C.  SOIL LOSS/DEPOSITION ALONG SLOPE PROFILE

          Profile distances are from top to bottom of hillslope


 distance soil  flow    distance   soil  flow    distance   soil  flow
    (m)   loss  elem       (m)     loss  elem       (m)     loss  elem
         (kg/m2)                  (kg/m2)                  (kg/m2)
------------------------------------------------------------------------

   0.09     0.006  1        6.22     0.008  1       12.35     0.016  2
   0.18     0.006  1        6.31     0.009  1       12.44     0.016  2
   0.27     0.006  1        6.41     0.009  1       12.54     0.016  2
   0.37     0.006  1        6.50     0.009  1       12.63     0.017  2
   0.46     0.006  1        6.59     0.009  1       12.72     0.017  2
   0.55     0.006  1        6.68     0.009  1       12.81     0.017  2
   0.64     0.006  1        6.77     0.009  1       12.90     0.017  2
   0.73     0.006  1        6.86     0.009  1       12.99     0.017  2
   0.82     0.006  1        6.95     0.009  1       13.08     0.017  2
   0.92     0.006  1        7.05     0.010  1       13.18     0.017  2
   1.01     0.006  1        7.14     0.010  1       13.27     0.017  2
   1.10     0.006  1        7.23     0.010  1       13.36     0.017  2
   1.19     0.006  1        7.32     0.010  1       13.45     0.017  2
   1.28     0.006  1        7.41     0.010  1       13.54     0.017  2
   1.37     0.006  1        7.50     0.010  1       13.63     0.017  2
   1.46     0.006  1        7.59     0.010  1       13.73     0.017  2
   1.56     0.006  1        7.69     0.010  1       13.82     0.018  2
   1.65     0.006  1        7.78     0.010  1       13.91     0.018  2
   1.74     0.006  1        7.87     0.011  1       14.00     0.018  2
   1.83     0.006  1        7.96     0.011  1       14.09     0.018  2
   1.92     0.006  1        8.05     0.011  1       14.18     0.018  2
   2.01     0.006  1        8.14     0.011  1       14.27     0.018  2
   2.10     0.006  1        8.23     0.011  1       14.37     0.018  2
   2.20     0.006  1        8.33     0.011  1       14.46     0.018  2
   2.29     0.006  1        8.42     0.011  1       14.55     0.018  2
   2.38     0.006  1        8.51     0.011  1       14.64     0.018  2
   2.47     0.006  1        8.60     0.011  1       14.73     0.018  2
   2.56     0.006  1        8.69     0.012  1       14.82     0.018  2
   2.65     0.006  1        8.78     0.012  1       14.91     0.018  2
   2.75     0.006  1        8.88     0.012  1       15.01     0.018  2
   2.84     0.006  1        8.97     0.012  1       15.10     0.018  2
   2.93     0.006  1        9.06     0.012  1       15.19     0.019  2
   3.02     0.006  1        9.15     0.012  1       15.28     0.019  2
   3.11     0.006  1        9.24     0.014  2       15.37     0.019  2
   3.20     0.006  1        9.33     0.014  2       15.46     0.019  2
   3.29     0.006  1        9.42     0.014  2       15.55     0.019  2
   3.39     0.006  1        9.52     0.014  2       15.65     0.019  2
   3.48     0.006  1        9.61     0.014  2       15.74     0.019  2
   3.57     0.006  1        9.70     0.014  2       15.83     0.019  2
   3.66     0.006  1        9.79     0.014  2       15.92     0.019  2
   3.75     0.006  1        9.88     0.014  2       16.01     0.019  2
   3.84     0.006  1        9.97     0.014  2       16.10     0.019  2
   3.93     0.007  1       10.07     0.014  2       16.20     0.019  2
   4.03     0.007  1       10.16     0.014  2       16.29     0.019  2
   4.12     0.007  1       10.25     0.014  2       16.38     0.019  2
   4.21     0.007  1       10.34     0.015  2       16.47     0.019  2
   4.30     0.007  1       10.43     0.015  2       16.56     0.020  2
   4.39     0.007  1       10.52     0.015  2       16.65     0.020  2
   4.48     0.007  1       10.61     0.015  2       16.74     0.020  2
   4.58     0.007  1       10.71     0.015  2       16.84     0.020  2
   4.67     0.007  1       10.80     0.015  2       16.93     0.020  2
   4.76     0.007  1       10.89     0.015  2       17.02     0.020  2
   4.85     0.007  1       10.98     0.015  2       17.11     0.020  2
   4.94     0.007  1       11.07     0.015  2       17.20     0.020  2
   5.03     0.007  1       11.16     0.015  2       17.29     0.020  2
   5.12     0.007  1       11.25     0.015  2       17.38     0.020  2
   5.22     0.007  1       11.35     0.015  2       17.48     0.020  2
   5.31     0.007  1       11.44     0.016  2       17.57     0.020  2
   5.40     0.007  1       11.53     0.016  2       17.66     0.020  2
   5.49     0.008  1       11.62     0.016  2       17.75     0.020  2
   5.58     0.008  1       11.71     0.016  2       17.84     0.020  2
   5.67     0.008  1       11.80     0.016  2       17.93     0.020  2
   5.76     0.008  1       11.89     0.016  2       18.03     0.021  2
   5.86     0.008  1       11.99     0.016  2       18.12     0.021  2
   5.95     0.008  1       12.08     0.016  2       18.21     0.021  2
   6.04     0.008  1       12.17     0.016  2       18.30     0.021  2
   6.13     0.008  1       12.26     0.016  2

note:  (+) soil loss - detachment     (-) soil loss - deposition



III. OFF SITE EFFECTS  OFF SITE EFFECTS  OFF SITE EFFECTS
     ----------------  ----------------  ----------------

     A.  SEDIMENT LEAVING PROFILE for year    6     0.231 kg/m



     B.  SEDIMENT CHARACTERISTICS AND ENRICHMENT

     Sediment particle information leaving profile
-------------------------------------------------------------------------------
                                 Particle Composition         Detached Fraction
Class  Diameter  Specific  ---------------------------------  Sediment  In Flow
         (mm)    Gravity   % Sand   % Silt   % Clay   % O.M.  Fraction  Exiting
-------------------------------------------------------------------------------
  1     0.002      2.60      0.0      0.0    100.0     25.0     0.052    0.065
  2     0.010      2.65      0.0    100.0      0.0      0.0     0.092    0.115
  3     0.030      1.80      0.0     63.6     36.4      9.1     0.258    0.322
  4     0.400      1.60     67.2     20.8     12.0      3.0     0.451    0.375
  5     0.200      2.65    100.0      0.0      0.0      0.0     0.147    0.123
-------------------------------------------------------------------------------


     Weighted SSA enrichment ratio leaving profile for year    6 =   1.13


     HILLSLOPE 1 YEARLY SUMMARY FOR    7
     ----------------------------------


I.   RAINFALL AND RUNOFF SUMMARY
     -------- --- ------ -------

      year:      7

         Rainfall         Storm Runoff        Melt Runoff
      events   amount   events   amount     events  amount
                (mm)              (mm)               (mm)

        72     601.40       3       8.43       0       0.00


II.  ON SITE EFFECTS  ON SITE EFFECTS  ON SITE EFFECTS
     ---------------  ---------------  ---------------


  A.  AREA OF NET SOIL LOSS

      ** Soil Loss (Avg. of Net Detachment Areas) =    0.006 kg/m2 **
      ** Maximum Soil Loss  =    0.010 kg/m2 at   18.30 meters **


      Area of    Soil Loss   Soil Loss   MAX   MAX Loss   MIN   MIN Loss
      Net Loss      MEAN      STDEV      Loss    Point    Loss   Point
        (m)       (kg/m2)     (kg/m2)  (kg/m2)    (m)    (kg/m2)  (m)
------------------------------------------------------------------------
   0.00-  18.30    0.006     0.003      0.010   18.30     0.003     1.46



  C.  SOIL LOSS/DEPOSITION ALONG SLOPE PROFILE

          Profile distances are from top to bottom of hillslope


 distance soil  flow    distance   soil  flow    distance   soil  flow
    (m)   loss  elem       (m)     loss  elem       (m)     loss  elem
         (kg/m2)                  (kg/m2)                  (kg/m2)
------------------------------------------------------------------------

   0.09     0.003  1        6.22     0.004  1       12.35     0.008  2
   0.18     0.003  1        6.31     0.004  1       12.44     0.008  2
   0.27     0.003  1        6.41     0.005  1       12.54     0.008  2
   0.37     0.003  1        6.50     0.005  1       12.63     0.008  2
   0.46     0.003  1        6.59     0.005  1       12.72     0.008  2
   0.55     0.003  1        6.68     0.005  1       12.81     0.008  2
   0.64     0.003  1        6.77     0.005  1       12.90     0.008  2
   0.73     0.003  1        6.86     0.005  1       12.99     0.008  2
   0.82     0.003  1        6.95     0.005  1       13.08     0.008  2
   0.92     0.003  1        7.05     0.005  1       13.18     0.008  2
   1.01     0.003  1        7.14     0.005  1       13.27     0.008  2
   1.10     0.003  1        7.23     0.005  1       13.36     0.008  2
   1.19     0.003  1        7.32     0.005  1       13.45     0.008  2
   1.28     0.003  1        7.41     0.005  1       13.54     0.008  2
   1.37     0.003  1        7.50     0.005  1       13.63     0.008  2
   1.46     0.003  1        7.59     0.005  1       13.73     0.008  2
   1.56     0.003  1        7.69     0.005  1       13.82     0.009  2
   1.65     0.003  1        7.78     0.005  1       13.91     0.009  2
   1.74     0.003  1        7.87     0.005  1       14.00     0.009  2
   1.83     0.003  1        7.96     0.005  1       14.09     0.009  2
   1.92     0.003  1        8.05     0.005  1       14.18     0.009  2
   2.01     0.003  1        8.14     0.005  1       14.27     0.009  2
   2.10     0.003  1        8.23     0.005  1       14.37     0.009  2
   2.20     0.003  1        8.33     0.005  1       14.46     0.009  2
   2.29     0.003  1        8.42     0.005  1       14.55     0.009  2
   2.38     0.003  1        8.51     0.005  1       14.64     0.009  2
   2.47     0.003  1        8.60     0.005  1       14.73     0.009  2
   2.56     0.003  1        8.69     0.006  1       14.82     0.009  2
   2.65     0.003  1        8.78     0.006  1       14.91     0.009  2
   2.75     0.003  1        8.88     0.006  1       15.01     0.009  2
   2.84     0.003  1        8.97     0.006  1       15.10     0.009  2
   2.93     0.003  1        9.06     0.006  1       15.19     0.009  2
   3.02     0.003  1        9.15     0.006  1       15.28     0.009  2
   3.11     0.003  1        9.24     0.007  2       15.37     0.009  2
   3.20     0.003  1        9.33     0.007  2       15.46     0.009  2
   3.29     0.003  1        9.42     0.007  2       15.55     0.009  2
   3.39     0.003  1        9.52     0.007  2       15.65     0.009  2
   3.48     0.003  1        9.61     0.007  2       15.74     0.009  2
   3.57     0.003  1        9.70     0.007  2       15.83     0.009  2
   3.66     0.003  1        9.79     0.007  2       15.92     0.009  2
   3.75     0.003  1        9.88     0.007  2       16.01     0.009  2
   3.84     0.003  1        9.97     0.007  2       16.10     0.009  2
   3.93     0.003  1       10.07     0.007  2       16.20     0.009  2
   4.03     0.003  1       10.16     0.007  2       16.29     0.009  2
   4.12     0.003  1       10.25     0.007  2       16.38     0.009  2
   4.21     0.003  1       10.34     0.007  2       16.47     0.009  2
   4.30     0.003  1       10.43     0.007  2       16.56     0.010  2
   4.39     0.004  1       10.52     0.007  2       16.65     0.010  2
   4.48     0.004  1       10.61     0.007  2       16.74     0.010  2
   4.58     0.004  1       10.71     0.007  2       16.84     0.010  2
   4.67     0.004  1       10.80     0.007  2       16.93     0.010  2
   4.76     0.004  1       10.89     0.007  2       17.02     0.010  2
   4.85     0.004  1       10.98     0.007  2       17.11     0.010  2
   4.94     0.004  1       11.07     0.007  2       17.20     0.010  2
   5.03     0.004  1       11.16     0.007  2       17.29     0.010  2
   5.12     0.004  1       11.25     0.007  2       17.38     0.010  2
   5.22     0.004  1       11.35     0.007  2       17.48     0.010  2
   5.31     0.004  1       11.44     0.007  2       17.57     0.010  2
   5.40     0.004  1       11.53     0.008  2       17.66     0.010  2
   5.49     0.004  1       11.62     0.008  2       17.75     0.010  2
   5.58     0.004  1       11.71     0.008  2       17.84     0.010  2
   5.67     0.004  1       11.80     0.008  2       17.93     0.010  2
   5.76     0.004  1       11.89     0.008  2       18.03     0.010  2
   5.86     0.004  1       11.99     0.008  2       18.12     0.010  2
   5.95     0.004  1       12.08     0.008  2       18.21     0.010  2
   6.04     0.004  1       12.17     0.008  2       18.30     0.010  2
   6.13     0.004  1       12.26     0.008  2

note:  (+) soil loss - detachment     (-) soil loss - deposition



III. OFF SITE EFFECTS  OFF SITE EFFECTS  OFF SITE EFFECTS
     ----------------  ----------------  ----------------

     A.  SEDIMENT LEAVING PROFILE for year    7     0.112 kg/m



     B.  SEDIMENT CHARACTERISTICS AND ENRICHMENT

     Sediment particle information leaving profile
-------------------------------------------------------------------------------
                                 Particle Composition         Detached Fraction
Class  Diameter  Specific  ---------------------------------  Sediment  In Flow
         (mm)    Gravity   % Sand   % Silt   % Clay   % O.M.  Fraction  Exiting
-------------------------------------------------------------------------------
  1     0.002      2.60      0.0      0.0    100.0     25.0     0.052    0.071
  2     0.010      2.65      0.0    100.0      0.0      0.0     0.092    0.126
  3     0.030      1.80      0.0     63.6     36.4      9.1     0.258    0.348
  4     0.400      1.60     67.2     20.8     12.0      3.0     0.451    0.343
  5     0.200      2.65    100.0      0.0      0.0      0.0     0.147    0.112
-------------------------------------------------------------------------------


     Weighted SSA enrichment ratio leaving profile for year    7 =   1.19


     HILLSLOPE 1 YEARLY SUMMARY FOR    8
     ----------------------------------


I.   RAINFALL AND RUNOFF SUMMARY
     -------- --- ------ -------

      year:      8

         Rainfall         Storm Runoff        Melt Runoff
      events   amount   events   amount     events  amount
                (mm)              (mm)               (mm)

        93     734.10       3       5.85       0       0.00


II.  ON SITE EFFECTS  ON SITE EFFECTS  ON SITE EFFECTS
     ---------------  ---------------  ---------------


  A.  AREA OF NET SOIL LOSS

      ** Soil Loss (Avg. of Net Detachment Areas) =    0.005 kg/m2 **
      ** Maximum Soil Loss  =    0.008 kg/m2 at   18.30 meters **


      Area of    Soil Loss   Soil Loss   MAX   MAX Loss   MIN   MIN Loss
      Net Loss      MEAN      STDEV      Loss    Point    Loss   Point
        (m)       (kg/m2)     (kg/m2)  (kg/m2)    (m)    (kg/m2)  (m)
------------------------------------------------------------------------
   0.00-  18.30    0.005     0.002      0.008   18.30     0.003     1.92



  C.  SOIL LOSS/DEPOSITION ALONG SLOPE PROFILE

          Profile distances are from top to bottom of hillslope


 distance soil  flow    distance   soil  flow    distance   soil  flow
    (m)   loss  elem       (m)     loss  elem       (m)     loss  elem
         (kg/m2)                  (kg/m2)                  (kg/m2)
------------------------------------------------------------------------

   0.09     0.003  1        6.22     0.003  1       12.35     0.006  2
   0.18     0.003  1        6.31     0.003  1       12.44     0.006  2
   0.27     0.003  1        6.41     0.003  1       12.54     0.006  2
   0.37     0.003  1        6.50     0.004  1       12.63     0.006  2
   0.46     0.003  1        6.59     0.004  1       12.72     0.006  2
   0.55     0.003  1        6.68     0.004  1       12.81     0.006  2
   0.64     0.003  1        6.77     0.004  1       12.90     0.006  2
   0.73     0.003  1        6.86     0.004  1       12.99     0.006  2
   0.82     0.003  1        6.95     0.004  1       13.08     0.006  2
   0.92     0.003  1        7.05     0.004  1       13.18     0.006  2
   1.01     0.003  1        7.14     0.004  1       13.27     0.006  2
   1.10     0.003  1        7.23     0.004  1       13.36     0.006  2
   1.19     0.003  1        7.32     0.004  1       13.45     0.006  2
   1.28     0.003  1        7.41     0.004  1       13.54     0.007  2
   1.37     0.003  1        7.50     0.004  1       13.63     0.007  2
   1.46     0.003  1        7.59     0.004  1       13.73     0.007  2
   1.56     0.003  1        7.69     0.004  1       13.82     0.007  2
   1.65     0.003  1        7.78     0.004  1       13.91     0.007  2
   1.74     0.003  1        7.87     0.004  1       14.00     0.007  2
   1.83     0.003  1        7.96     0.004  1       14.09     0.007  2
   1.92     0.003  1        8.05     0.004  1       14.18     0.007  2
   2.01     0.003  1        8.14     0.004  1       14.27     0.007  2
   2.10     0.003  1        8.23     0.004  1       14.37     0.007  2
   2.20     0.003  1        8.33     0.004  1       14.46     0.007  2
   2.29     0.003  1        8.42     0.004  1       14.55     0.007  2
   2.38     0.003  1        8.51     0.004  1       14.64     0.007  2
   2.47     0.003  1        8.60     0.004  1       14.73     0.007  2
   2.56     0.003  1        8.69     0.004  1       14.82     0.007  2
   2.65     0.003  1        8.78     0.004  1       14.91     0.007  2
   2.75     0.003  1        8.88     0.005  1       15.01     0.007  2
   2.84     0.003  1        8.97     0.005  1       15.10     0.007  2
   2.93     0.003  1        9.06     0.005  1       15.19     0.007  2
   3.02     0.003  1        9.15     0.005  1       15.28     0.007  2
   3.11     0.003  1        9.24     0.005  2       15.37     0.007  2
   3.20     0.003  1        9.33     0.005  2       15.46     0.007  2
   3.29     0.003  1        9.42     0.005  2       15.55     0.007  2
   3.39     0.003  1        9.52     0.005  2       15.65     0.007  2
   3.48     0.003  1        9.61     0.005  2       15.74     0.007  2
   3.57     0.003  1        9.70     0.005  2       15.83     0.007  2
   3.66     0.003  1        9.79     0.005  2       15.92     0.007  2
   3.75     0.003  1        9.88     0.005  2       16.01     0.007  2
   3.84     0.003  1        9.97     0.005  2       16.10     0.007  2
   3.93     0.003  1       10.07     0.005  2       16.20     0.007  2
   4.03     0.003  1       10.16     0.005  2       16.29     0.007  2
   4.12     0.003  1       10.25     0.005  2       16.38     0.007  2
   4.21     0.003  1       10.34     0.005  2       16.47     0.007  2
   4.30     0.003  1       10.43     0.006  2       16.56     0.007  2
   4.39     0.003  1       10.52     0.006  2       16.65     0.007  2
   4.48     0.003  1       10.61     0.006  2       16.74     0.007  2
   4.58     0.003  1       10.71     0.006  2       16.84     0.007  2
   4.67     0.003  1       10.80     0.006  2       16.93     0.007  2
   4.76     0.003  1       10.89     0.006  2       17.02     0.007  2
   4.85     0.003  1       10.98     0.006  2       17.11     0.007  2
   4.94     0.003  1       11.07     0.006  2       17.20     0.007  2
   5.03     0.003  1       11.16     0.006  2       17.29     0.007  2
   5.12     0.003  1       11.25     0.006  2       17.38     0.008  2
   5.22     0.003  1       11.35     0.006  2       17.48     0.008  2
   5.31     0.003  1       11.44     0.006  2       17.57     0.008  2
   5.40     0.003  1       11.53     0.006  2       17.66     0.008  2
   5.49     0.003  1       11.62     0.006  2       17.75     0.008  2
   5.58     0.003  1       11.71     0.006  2       17.84     0.008  2
   5.67     0.003  1       11.80     0.006  2       17.93     0.008  2
   5.76     0.003  1       11.89     0.006  2       18.03     0.008  2
   5.86     0.003  1       11.99     0.006  2       18.12     0.008  2
   5.95     0.003  1       12.08     0.006  2       18.21     0.008  2
   6.04     0.003  1       12.17     0.006  2       18.30     0.008  2
   6.13     0.003  1       12.26     0.006  2

note:  (+) soil loss - detachment     (-) soil loss - deposition



III. OFF SITE EFFECTS  OFF SITE EFFECTS  OFF SITE EFFECTS
     ----------------  ----------------  ----------------

     A.  SEDIMENT LEAVING PROFILE for year    8     0.089 kg/m



     B.  SEDIMENT CHARACTERISTICS AND ENRICHMENT

     Sediment particle information leaving profile
-------------------------------------------------------------------------------
                                 Particle Composition         Detached Fraction
Class  Diameter  Specific  ---------------------------------  Sediment  In Flow
         (mm)    Gravity   % Sand   % Silt   % Clay   % O.M.  Fraction  Exiting
-------------------------------------------------------------------------------
  1     0.002      2.60      0.0      0.0    100.0     25.0     0.052    0.066
  2     0.010      2.65      0.0    100.0      0.0      0.0     0.092    0.117
  3     0.030      1.80      0.0     63.6     36.4      9.1     0.258    0.327
  4     0.400      1.60     67.2     20.8     12.0      3.0     0.451    0.369
  5     0.200      2.65    100.0      0.0      0.0      0.0     0.147    0.121
-------------------------------------------------------------------------------


     Weighted SSA enrichment ratio leaving profile for year    8 =   1.14


     HILLSLOPE 1 YEARLY SUMMARY FOR    9
     ----------------------------------


I.   RAINFALL AND RUNOFF SUMMARY
     -------- --- ------ -------

      year:      9

         Rainfall         Storm Runoff        Melt Runoff
      events   amount   events   amount     events  amount
                (mm)              (mm)               (mm)

        87     737.10       4      10.45       0       0.00


II.  ON SITE EFFECTS  ON SITE EFFECTS  ON SITE EFFECTS
     ---------------  ---------------  ---------------


  A.  AREA OF NET SOIL LOSS

      ** Soil Loss (Avg. of Net Detachment Areas) =    0.009 kg/m2 **
      ** Maximum Soil Loss  =    0.013 kg/m2 at   18.30 meters **


      Area of    Soil Loss   Soil Loss   MAX   MAX Loss   MIN   MIN Loss
      Net Loss      MEAN      STDEV      Loss    Point    Loss   Point
        (m)       (kg/m2)     (kg/m2)  (kg/m2)    (m)    (kg/m2)  (m)
------------------------------------------------------------------------
   0.00-  18.30    0.009     0.003      0.013   18.30     0.005     1.46



  C.  SOIL LOSS/DEPOSITION ALONG SLOPE PROFILE

          Profile distances are from top to bottom of hillslope


 distance soil  flow    distance   soil  flow    distance   soil  flow
    (m)   loss  elem       (m)     loss  elem       (m)     loss  elem
         (kg/m2)                  (kg/m2)                  (kg/m2)
------------------------------------------------------------------------

   0.09     0.005  1        6.22     0.007  1       12.35     0.011  2
   0.18     0.005  1        6.31     0.007  1       12.44     0.011  2
   0.27     0.005  1        6.41     0.007  1       12.54     0.011  2
   0.37     0.005  1        6.50     0.007  1       12.63     0.011  2
   0.46     0.005  1        6.59     0.007  1       12.72     0.011  2
   0.55     0.005  1        6.68     0.007  1       12.81     0.011  2
   0.64     0.005  1        6.77     0.007  1       12.90     0.011  2
   0.73     0.005  1        6.86     0.007  1       12.99     0.011  2
   0.82     0.005  1        6.95     0.007  1       13.08     0.011  2
   0.92     0.005  1        7.05     0.007  1       13.18     0.011  2
   1.01     0.005  1        7.14     0.007  1       13.27     0.011  2
   1.10     0.005  1        7.23     0.007  1       13.36     0.011  2
   1.19     0.005  1        7.32     0.007  1       13.45     0.011  2
   1.28     0.005  1        7.41     0.007  1       13.54     0.011  2
   1.37     0.005  1        7.50     0.007  1       13.63     0.011  2
   1.46     0.005  1        7.59     0.007  1       13.73     0.011  2
   1.56     0.005  1        7.69     0.007  1       13.82     0.011  2
   1.65     0.005  1        7.78     0.007  1       13.91     0.011  2
   1.74     0.005  1        7.87     0.008  1       14.00     0.011  2
   1.83     0.005  1        7.96     0.008  1       14.09     0.011  2
   1.92     0.005  1        8.05     0.008  1       14.18     0.011  2
   2.01     0.005  1        8.14     0.008  1       14.27     0.012  2
   2.10     0.005  1        8.23     0.008  1       14.37     0.012  2
   2.20     0.005  1        8.33     0.008  1       14.46     0.012  2
   2.29     0.005  1        8.42     0.008  1       14.55     0.012  2
   2.38     0.005  1        8.51     0.008  1       14.64     0.012  2
   2.47     0.005  1        8.60     0.008  1       14.73     0.012  2
   2.56     0.005  1        8.69     0.008  1       14.82     0.012  2
   2.65     0.005  1        8.78     0.008  1       14.91     0.012  2
   2.75     0.005  1        8.88     0.008  1       15.01     0.012  2
   2.84     0.005  1        8.97     0.008  1       15.10     0.012  2
   2.93     0.005  1        9.06     0.008  1       15.19     0.012  2
   3.02     0.005  1        9.15     0.008  1       15.28     0.012  2
   3.11     0.005  1        9.24     0.009  2       15.37     0.012  2
   3.20     0.005  1        9.33     0.009  2       15.46     0.012  2
   3.29     0.005  1        9.42     0.009  2       15.55     0.012  2
   3.39     0.005  1        9.52     0.009  2       15.65     0.012  2
   3.48     0.005  1        9.61     0.009  2       15.74     0.012  2
   3.57     0.005  1        9.70     0.009  2       15.83     0.012  2
   3.66     0.005  1        9.79     0.009  2       15.92     0.012  2
   3.75     0.005  1        9.88     0.009  2       16.01     0.012  2
   3.84     0.005  1        9.97     0.009  2       16.10     0.012  2
   3.93     0.005  1       10.07     0.009  2       16.20     0.012  2
   4.03     0.005  1       10.16     0.009  2       16.29     0.012  2
   4.12     0.005  1       10.25     0.010  2       16.38     0.012  2
   4.21     0.005  1       10.34     0.010  2       16.47     0.012  2
   4.30     0.005  1       10.43     0.010  2       16.56     0.012  2
   4.39     0.005  1       10.52     0.010  2       16.65     0.012  2
   4.48     0.005  1       10.61     0.010  2       16.74     0.012  2
   4.58     0.006  1       10.71     0.010  2       16.84     0.013  2
   4.67     0.006  1       10.80     0.010  2       16.93     0.013  2
   4.76     0.006  1       10.89     0.010  2       17.02     0.013  2
   4.85     0.006  1       10.98     0.010  2       17.11     0.013  2
   4.94     0.006  1       11.07     0.010  2       17.20     0.013  2
   5.03     0.006  1       11.16     0.010  2       17.29     0.013  2
   5.12     0.006  1       11.25     0.010  2       17.38     0.013  2
   5.22     0.006  1       11.35     0.010  2       17.48     0.013  2
   5.31     0.006  1       11.44     0.010  2       17.57     0.013  2
   5.40     0.006  1       11.53     0.010  2       17.66     0.013  2
   5.49     0.006  1       11.62     0.010  2       17.75     0.013  2
   5.58     0.006  1       11.71     0.010  2       17.84     0.013  2
   5.67     0.006  1       11.80     0.010  2       17.93     0.013  2
   5.76     0.006  1       11.89     0.010  2       18.03     0.013  2
   5.86     0.006  1       11.99     0.010  2       18.12     0.013  2
   5.95     0.006  1       12.08     0.010  2       18.21     0.013  2
   6.04     0.006  1       12.17     0.011  2       18.30     0.013  2
   6.13     0.007  1       12.26     0.011  2

note:  (+) soil loss - detachment     (-) soil loss - deposition



III. OFF SITE EFFECTS  OFF SITE EFFECTS  OFF SITE EFFECTS
     ----------------  ----------------  ----------------

     A.  SEDIMENT LEAVING PROFILE for year    9     0.156 kg/m



     B.  SEDIMENT CHARACTERISTICS AND ENRICHMENT

     Sediment particle information leaving profile
-------------------------------------------------------------------------------
                                 Particle Composition         Detached Fraction
Class  Diameter  Specific  ---------------------------------  Sediment  In Flow
         (mm)    Gravity   % Sand   % Silt   % Clay   % O.M.  Fraction  Exiting
-------------------------------------------------------------------------------
  1     0.002      2.60      0.0      0.0    100.0     25.0     0.052    0.065
  2     0.010      2.65      0.0    100.0      0.0      0.0     0.092    0.116
  3     0.030      1.80      0.0     63.6     36.4      9.1     0.258    0.324
  4     0.400      1.60     67.2     20.8     12.0      3.0     0.451    0.373
  5     0.200      2.65    100.0      0.0      0.0      0.0     0.147    0.122
-------------------------------------------------------------------------------


     Weighted SSA enrichment ratio leaving profile for year    9 =   1.14


     HILLSLOPE 1 YEARLY SUMMARY FOR   10
     ----------------------------------


I.   RAINFALL AND RUNOFF SUMMARY
     -------- --- ------ -------

      year:     10

         Rainfall         Storm Runoff        Melt Runoff
      events   amount   events   amount     events  amount
                (mm)              (mm)               (mm)

        53     395.20       0       0.00       0       0.00


II.  ON SITE EFFECTS  ON SITE EFFECTS  ON SITE EFFECTS
     ---------------  ---------------  ---------------




  C.  SOIL LOSS/DEPOSITION ALONG SLOPE PROFILE

          Profile distances are from top to bottom of hillslope


 distance soil  flow    distance   soil  flow    distance   soil  flow
    (m)   loss  elem       (m)     loss  elem       (m)     loss  elem
         (kg/m2)                  (kg/m2)                  (kg/m2)
------------------------------------------------------------------------

   0.09     0.000  1        6.22     0.000  1       12.35     0.000  2
   0.18     0.000  1        6.31     0.000  1       12.44     0.000  2
   0.27     0.000  1        6.41     0.000  1       12.54     0.000  2
   0.37     0.000  1        6.50     0.000  1       12.63     0.000  2
   0.46     0.000  1        6.59     0.000  1       12.72     0.000  2
   0.55     0.000  1        6.68     0.000  1       12.81     0.000  2
   0.64     0.000  1        6.77     0.000  1       12.90     0.000  2
   0.73     0.000  1        6.86     0.000  1       12.99     0.000  2
   0.82     0.000  1        6.95     0.000  1       13.08     0.000  2
   0.92     0.000  1        7.05     0.000  1       13.18     0.000  2
   1.01     0.000  1        7.14     0.000  1       13.27     0.000  2
   1.10     0.000  1        7.23     0.000  1       13.36     0.000  2
   1.19     0.000  1        7.32     0.000  1       13.45     0.000  2
   1.28     0.000  1        7.41     0.000  1       13.54     0.000  2
   1.37     0.000  1        7.50     0.000  1       13.63     0.000  2
   1.46     0.000  1        7.59     0.000  1       13.73     0.000  2
   1.56     0.000  1        7.69     0.000  1       13.82     0.000  2
   1.65     0.000  1        7.78     0.000  1       13.91     0.000  2
   1.74     0.000  1        7.87     0.000  1       14.00     0.000  2
   1.83     0.000  1        7.96     0.000  1       14.09     0.000  2
   1.92     0.000  1        8.05     0.000  1       14.18     0.000  2
   2.01     0.000  1        8.14     0.000  1       14.27     0.000  2
   2.10     0.000  1        8.23     0.000  1       14.37     0.000  2
   2.20     0.000  1        8.33     0.000  1       14.46     0.000  2
   2.29     0.000  1        8.42     0.000  1       14.55     0.000  2
   2.38     0.000  1        8.51     0.000  1       14.64     0.000  2
   2.47     0.000  1        8.60     0.000  1       14.73     0.000  2
   2.56     0.000  1        8.69     0.000  1       14.82     0.000  2
   2.65     0.000  1        8.78     0.000  1       14.91     0.000  2
   2.75     0.000  1        8.88     0.000  1       15.01     0.000  2
   2.84     0.000  1        8.97     0.000  1       15.10     0.000  2
   2.93     0.000  1        9.06     0.000  1       15.19     0.000  2
   3.02     0.000  1        9.15     0.000  1       15.28     0.000  2
   3.11     0.000  1        9.24     0.000  2       15.37     0.000  2
   3.20     0.000  1        9.33     0.000  2       15.46     0.000  2
   3.29     0.000  1        9.42     0.000  2       15.55     0.000  2
   3.39     0.000  1        9.52     0.000  2       15.65     0.000  2
   3.48     0.000  1        9.61     0.000  2       15.74     0.000  2
   3.57     0.000  1        9.70     0.000  2       15.83     0.000  2
   3.66     0.000  1        9.79     0.000  2       15.92     0.000  2
   3.75     0.000  1        9.88     0.000  2       16.01     0.000  2
   3.84     0.000  1        9.97     0.000  2       16.10     0.000  2
   3.93     0.000  1       10.07     0.000  2       16.20     0.000  2
   4.03     0.000  1       10.16     0.000  2       16.29     0.000  2
   4.12     0.000  1       10.25     0.000  2       16.38     0.000  2
   4.21     0.000  1       10.34     0.000  2       16.47     0.000  2
   4.30     0.000  1       10.43     0.000  2       16.56     0.000  2
   4.39     0.000  1       10.52     0.000  2       16.65     0.000  2
   4.48     0.000  1       10.61     0.000  2       16.74     0.000  2
   4.58     0.000  1       10.71     0.000  2       16.84     0.000  2
   4.67     0.000  1       10.80     0.000  2       16.93     0.000  2
   4.76     0.000  1       10.89     0.000  2       17.02     0.000  2
   4.85     0.000  1       10.98     0.000  2       17.11     0.000  2
   4.94     0.000  1       11.07     0.000  2       17.20     0.000  2
   5.03     0.000  1       11.16     0.000  2       17.29     0.000  2
   5.12     0.000  1       11.25     0.000  2       17.38     0.000  2
   5.22     0.000  1       11.35     0.000  2       17.48     0.000  2
   5.31     0.000  1       11.44     0.000  2       17.57     0.000  2
   5.40     0.000  1       11.53     0.000  2       17.66     0.000  2
   5.49     0.000  1       11.62     0.000  2       17.75     0.000  2
   5.58     0.000  1       11.71     0.000  2       17.84     0.000  2
   5.67     0.000  1       11.80     0.000  2       17.93     0.000  2
   5.76     0.000  1       11.89     0.000  2       18.03     0.000  2
   5.86     0.000  1       11.99     0.000  2       18.12     0.000  2
   5.95     0.000  1       12.08     0.000  2       18.21     0.000  2
   6.04     0.000  1       12.17     0.000  2       18.30     0.000  2
   6.13     0.000  1       12.26     0.000  2

note:  (+) soil loss - detachment     (-) soil loss - deposition



III. OFF SITE EFFECTS  OFF SITE EFFECTS  OFF SITE EFFECTS
     ----------------  ----------------  ----------------

     A.  SEDIMENT LEAVING PROFILE for year   10     0.000 kg/m



     B.  SEDIMENT CHARACTERISTICS AND ENRICHMENT

     Sediment particle information leaving profile
-------------------------------------------------------------------------------
                                 Particle Composition         Detached Fraction
Class  Diameter  Specific  ---------------------------------  Sediment  In Flow
         (mm)    Gravity   % Sand   % Silt   % Clay   % O.M.  Fraction  Exiting
-------------------------------------------------------------------------------
  1     0.002      2.60      0.0      0.0    100.0     25.0     0.052    0.000
  2     0.010      2.65      0.0    100.0      0.0      0.0     0.092    0.000
  3     0.030      1.80      0.0     63.6     36.4      9.1     0.258    0.000
  4     0.400      1.60     67.2     20.8     12.0      3.0     0.451    0.000
  5     0.200      2.65    100.0      0.0      0.0      0.0     0.147    0.000
-------------------------------------------------------------------------------


     Weighted SSA enrichment ratio leaving profile for year   10 =   0.00


     ANNUAL AVERAGE SUMMARIES
     ------------------------


I.   RAINFALL AND RUNOFF SUMMARY
     -------- --- ------ -------

      total summary:  years    1 -   10

       726 storms produced                         5772.30 mm of precipitation
        16 rain storm runoff events produced         49.39 mm of runoff
         0 snow melts and/or
             events during winter produced            0.00 mm of runoff

      annual averages
      ---------------

        Number of years                                   10
        Mean annual precipitation                     577.23    mm
        Mean annual runoff from rainfall                4.94    mm
        Mean annual runoff from snow melt
          and/or rain storm during winter               0.00    mm



II.  ON SITE EFFECTS  ON SITE EFFECTS  ON SITE EFFECTS
     ---------------  ---------------  ---------------


  A.  AREA OF NET SOIL LOSS

      ** Soil Loss (Avg. of Net Detachment Areas) =    0.004 kg/m2 **
      ** Maximum Soil Loss  =    0.006 kg/m2 at   18.30 meters **


      Area of    Soil Loss   Soil Loss   MAX   MAX Loss   MIN   MIN Loss
      Net Loss      MEAN      STDEV      Loss    Point    Loss   Point
        (m)       (kg/m2)     (kg/m2)  (kg/m2)    (m)    (kg/m2)  (m)
------------------------------------------------------------------------
   0.00-  18.30    0.004     0.002      0.006   18.30     0.002     1.28



  C.  SOIL LOSS/DEPOSITION ALONG SLOPE PROFILE

          Profile distances are from top to bottom of hillslope


 distance soil  flow    distance   soil  flow    distance   soil  flow
    (m)   loss  elem       (m)     loss  elem       (m)     loss  elem
         (kg/m2)                  (kg/m2)                  (kg/m2)
------------------------------------------------------------------------

   0.09     0.002  1        6.22     0.003  1       12.35     0.005  2
   0.18     0.002  1        6.31     0.003  1       12.44     0.005  2
   0.27     0.002  1        6.41     0.003  1       12.54     0.005  2
   0.37     0.002  1        6.50     0.003  1       12.63     0.005  2
   0.46     0.002  1        6.59     0.003  1       12.72     0.005  2
   0.55     0.002  1        6.68     0.003  1       12.81     0.005  2
   0.64     0.002  1        6.77     0.003  1       12.90     0.005  2
   0.73     0.002  1        6.86     0.003  1       12.99     0.005  2
   0.82     0.002  1        6.95     0.003  1       13.08     0.005  2
   0.92     0.002  1        7.05     0.003  1       13.18     0.005  2
   1.01     0.002  1        7.14     0.003  1       13.27     0.005  2
   1.10     0.002  1        7.23     0.003  1       13.36     0.005  2
   1.19     0.002  1        7.32     0.003  1       13.45     0.005  2
   1.28     0.002  1        7.41     0.003  1       13.54     0.005  2
   1.37     0.002  1        7.50     0.003  1       13.63     0.005  2
   1.46     0.002  1        7.59     0.003  1       13.73     0.005  2
   1.56     0.002  1        7.69     0.003  1       13.82     0.005  2
   1.65     0.002  1        7.78     0.003  1       13.91     0.005  2
   1.74     0.002  1        7.87     0.003  1       14.00     0.006  2
   1.83     0.002  1        7.96     0.003  1       14.09     0.006  2
   1.92     0.002  1        8.05     0.004  1       14.18     0.006  2
   2.01     0.002  1        8.14     0.004  1       14.27     0.006  2
   2.10     0.002  1        8.23     0.004  1       14.37     0.006  2
   2.20     0.002  1        8.33     0.004  1       14.46     0.006  2
   2.29     0.002  1        8.42     0.004  1       14.55     0.006  2
   2.38     0.002  1        8.51     0.004  1       14.64     0.006  2
   2.47     0.002  1        8.60     0.004  1       14.73     0.006  2
   2.56     0.002  1        8.69     0.004  1       14.82     0.006  2
   2.65     0.002  1        8.78     0.004  1       14.91     0.006  2
   2.75     0.002  1        8.88     0.004  1       15.01     0.006  2
   2.84     0.002  1        8.97     0.004  1       15.10     0.006  2
   2.93     0.002  1        9.06     0.004  1       15.19     0.006  2
   3.02     0.002  1        9.15     0.004  1       15.28     0.006  2
   3.11     0.002  1        9.24     0.004  2       15.37     0.006  2
   3.20     0.002  1        9.33     0.004  2       15.46     0.006  2
   3.29     0.002  1        9.42     0.004  2       15.55     0.006  2
   3.39     0.002  1        9.52     0.004  2       15.65     0.006  2
   3.48     0.002  1        9.61     0.004  2       15.74     0.006  2
   3.57     0.002  1        9.70     0.004  2       15.83     0.006  2
   3.66     0.002  1        9.79     0.004  2       15.92     0.006  2
   3.75     0.002  1        9.88     0.004  2       16.01     0.006  2
   3.84     0.002  1        9.97     0.005  2       16.10     0.006  2
   3.93     0.002  1       10.07     0.005  2       16.20     0.006  2
   4.03     0.002  1       10.16     0.005  2       16.29     0.006  2
   4.12     0.002  1       10.25     0.005  2       16.38     0.006  2
   4.21     0.002  1       10.34     0.005  2       16.47     0.006  2
   4.30     0.002  1       10.43     0.005  2       16.56     0.006  2
   4.39     0.002  1       10.52     0.005  2       16.65     0.006  2
   4.48     0.002  1       10.61     0.005  2       16.74     0.006  2
   4.58     0.002  1       10.71     0.005  2       16.84     0.006  2
   4.67     0.002  1       10.80     0.005  2       16.93     0.006  2
   4.76     0.002  1       10.89     0.005  2       17.02     0.006  2
   4.85     0.003  1       10.98     0.005  2       17.11     0.006  2
   4.94     0.003  1       11.07     0.005  2       17.20     0.006  2
   5.03     0.003  1       11.16     0.005  2       17.29     0.006  2
   5.12     0.003  1       11.25     0.005  2       17.38     0.006  2
   5.22     0.003  1       11.35     0.005  2       17.48     0.006  2
   5.31     0.003  1       11.44     0.005  2       17.57     0.006  2
   5.40     0.003  1       11.53     0.005  2       17.66     0.006  2
   5.49     0.003  1       11.62     0.005  2       17.75     0.006  2
   5.58     0.003  1       11.71     0.005  2       17.84     0.006  2
   5.67     0.003  1       11.80     0.005  2       17.93     0.006  2
   5.76     0.003  1       11.89     0.005  2       18.03     0.006  2
   5.86     0.003  1       11.99     0.005  2       18.12     0.006  2
   5.95     0.003  1       12.08     0.005  2       18.21     0.006  2
   6.04     0.003  1       12.17     0.005  2       18.30     0.006  2
   6.13     0.003  1       12.26     0.005  2

note:  (+) soil loss - detachment     (-) soil loss - deposition



III. OFF SITE EFFECTS  OFF SITE EFFECTS  OFF SITE EFFECTS
     ----------------  ----------------  ----------------

     A.  AVERAGE ANNUAL SEDIMENT LEAVING PROFILE
             0.074   kg/m of width
             7.367     kg (based on profile width of    100.000      m)
             0.040   t/ha (assuming contributions from     0.183     ha)


     B.  SEDIMENT CHARACTERISTICS AND ENRICHMENT

     Sediment particle information leaving profile
-------------------------------------------------------------------------------
                                 Particle Composition         Detached Fraction
Class  Diameter  Specific  ---------------------------------  Sediment  In Flow
         (mm)    Gravity   % Sand   % Silt   % Clay   % O.M.  Fraction  Exiting
-------------------------------------------------------------------------------
  1     0.002      2.60      0.0      0.0    100.0     25.0     0.052    0.068
  2     0.010      2.65      0.0    100.0      0.0      0.0     0.092    0.121
  3     0.030      1.80      0.0     63.6     36.4      9.1     0.258    0.334
  4     0.400      1.60     67.2     20.8     12.0      3.0     0.451    0.359
  5     0.200      2.65    100.0      0.0      0.0      0.0     0.147    0.118
-------------------------------------------------------------------------------


     Average annual SSA enrichment ratio leaving profile =   1.16
