 Annual; detailed (Metric Units)                                        


          USDA WATER EROSION PREDICTION PROJECT
          -------------------------------------

          HILLSLOPE PROFILE AND WATERSHED MODEL
                     VERSION  2010.100
           January 28,      2010


               TO REPORT PROBLEMS OR TO BE PUT ON THE MAILING
               LIST FOR FUTURE WEPP MODEL RELEASES, PLEASE CONTACT:

                    WEPP TECHNICAL SUPPORT
                    USDA-AGRICULTURAL RESEARCH SERVICE
                    NATIONAL SOIL EROSION RESEARCH LABORATORY
                    275 SOUTH RUSSELL STREET
                    WEST LAFAYETTE, IN 47907-2077  USA

                    PHONE: (765) 494-8673
                      FAX: (765) 494-5948
                    email:  wepp@ecn.purdue.edu
                      URL:  http://topsoil.nserl.purdue.edu


     HILLSLOPE INPUT DATA FILES - VERSION  2010.100
      January 28,      2010


    MANAGEMENT: ../working/wepp-160350.man                        
 MAN. PRACTICE: Two OFEs for forest conditions                              
                W. Elliot 02/99                                             
                                                                            
         SLOPE: ../working/wepp-160350.slp                        
       CLIMATE: ../working/wepp-160350.cli                        
       Station:  ESTES PARK 1N CO                               CLIGEN VERSION  4.31
          SOIL: ../working/wepp-160350.sol                        
      PLANE  1 YoungF              sandy loam          
      PLANE  2 skid                sandy loam          


     HILLSLOPE 1 YEARLY SUMMARY FOR    1
     ----------------------------------


I.   RAINFALL AND RUNOFF SUMMARY
     -------- --- ------ -------

      year:      1

         Rainfall         Storm Runoff        Melt Runoff
      events   amount   events   amount     events  amount
                (mm)              (mm)               (mm)

        92     325.30       0       0.00       0       0.00


II.  ON SITE EFFECTS  ON SITE EFFECTS  ON SITE EFFECTS
     ---------------  ---------------  ---------------




  C.  SOIL LOSS/DEPOSITION ALONG SLOPE PROFILE

          Profile distances are from top to bottom of hillslope


 distance soil  flow    distance   soil  flow    distance   soil  flow
    (m)   loss  elem       (m)     loss  elem       (m)     loss  elem
         (kg/m2)                  (kg/m2)                  (kg/m2)
------------------------------------------------------------------------

   0.15     0.000  1       10.36     0.000  1       20.57     0.000  2
   0.30     0.000  1       10.52     0.000  1       20.73     0.000  2
   0.46     0.000  1       10.67     0.000  1       20.88     0.000  2
   0.61     0.000  1       10.82     0.000  1       21.03     0.000  2
   0.76     0.000  1       10.97     0.000  1       21.18     0.000  2
   0.91     0.000  1       11.13     0.000  1       21.34     0.000  2
   1.07     0.000  1       11.28     0.000  1       21.49     0.000  2
   1.22     0.000  1       11.43     0.000  1       21.64     0.000  2
   1.37     0.000  1       11.58     0.000  1       21.79     0.000  2
   1.52     0.000  1       11.73     0.000  1       21.95     0.000  2
   1.68     0.000  1       11.89     0.000  1       22.10     0.000  2
   1.83     0.000  1       12.04     0.000  1       22.25     0.000  2
   1.98     0.000  1       12.19     0.000  1       22.40     0.000  2
   2.13     0.000  1       12.34     0.000  1       22.56     0.000  2
   2.29     0.000  1       12.50     0.000  1       22.71     0.000  2
   2.44     0.000  1       12.65     0.000  1       22.86     0.000  2
   2.59     0.000  1       12.80     0.000  1       23.01     0.000  2
   2.74     0.000  1       12.95     0.000  1       23.16     0.000  2
   2.90     0.000  1       13.11     0.000  1       23.32     0.000  2
   3.05     0.000  1       13.26     0.000  1       23.47     0.000  2
   3.20     0.000  1       13.41     0.000  1       23.62     0.000  2
   3.35     0.000  1       13.56     0.000  1       23.77     0.000  2
   3.51     0.000  1       13.72     0.000  1       23.93     0.000  2
   3.66     0.000  1       13.87     0.000  1       24.08     0.000  2
   3.81     0.000  1       14.02     0.000  1       24.23     0.000  2
   3.96     0.000  1       14.17     0.000  1       24.38     0.000  2
   4.11     0.000  1       14.33     0.000  1       24.54     0.000  2
   4.27     0.000  1       14.48     0.000  1       24.69     0.000  2
   4.42     0.000  1       14.63     0.000  1       24.84     0.000  2
   4.57     0.000  1       14.78     0.000  1       24.99     0.000  2
   4.72     0.000  1       14.94     0.000  1       25.15     0.000  2
   4.88     0.000  1       15.09     0.000  1       25.30     0.000  2
   5.03     0.000  1       15.24     0.000  1       25.45     0.000  2
   5.18     0.000  1       15.39     0.000  2       25.60     0.000  2
   5.33     0.000  1       15.54     0.000  2       25.76     0.000  2
   5.49     0.000  1       15.70     0.000  2       25.91     0.000  2
   5.64     0.000  1       15.85     0.000  2       26.06     0.000  2
   5.79     0.000  1       16.00     0.000  2       26.21     0.000  2
   5.94     0.000  1       16.15     0.000  2       26.37     0.000  2
   6.10     0.000  1       16.31     0.000  2       26.52     0.000  2
   6.25     0.000  1       16.46     0.000  2       26.67     0.000  2
   6.40     0.000  1       16.61     0.000  2       26.82     0.000  2
   6.55     0.000  1       16.76     0.000  2       26.97     0.000  2
   6.71     0.000  1       16.92     0.000  2       27.13     0.000  2
   6.86     0.000  1       17.07     0.000  2       27.28     0.000  2
   7.01     0.000  1       17.22     0.000  2       27.43     0.000  2
   7.16     0.000  1       17.37     0.000  2       27.58     0.000  2
   7.32     0.000  1       17.53     0.000  2       27.74     0.000  2
   7.47     0.000  1       17.68     0.000  2       27.89     0.000  2
   7.62     0.000  1       17.83     0.000  2       28.04     0.000  2
   7.77     0.000  1       17.98     0.000  2       28.19     0.000  2
   7.92     0.000  1       18.14     0.000  2       28.35     0.000  2
   8.08     0.000  1       18.29     0.000  2       28.50     0.000  2
   8.23     0.000  1       18.44     0.000  2       28.65     0.000  2
   8.38     0.000  1       18.59     0.000  2       28.80     0.000  2
   8.53     0.000  1       18.75     0.000  2       28.96     0.000  2
   8.69     0.000  1       18.90     0.000  2       29.11     0.000  2
   8.84     0.000  1       19.05     0.000  2       29.26     0.000  2
   8.99     0.000  1       19.20     0.000  2       29.41     0.000  2
   9.14     0.000  1       19.35     0.000  2       29.57     0.000  2
   9.30     0.000  1       19.51     0.000  2       29.72     0.000  2
   9.45     0.000  1       19.66     0.000  2       29.87     0.000  2
   9.60     0.000  1       19.81     0.000  2       30.02     0.000  2
   9.75     0.000  1       19.96     0.000  2       30.18     0.000  2
   9.91     0.000  1       20.12     0.000  2       30.33     0.000  2
  10.06     0.000  1       20.27     0.000  2       30.48     0.000  2
  10.21     0.000  1       20.42     0.000  2

note:  (+) soil loss - detachment     (-) soil loss - deposition



III. OFF SITE EFFECTS  OFF SITE EFFECTS  OFF SITE EFFECTS
     ----------------  ----------------  ----------------

     A.  SEDIMENT LEAVING PROFILE for year    1     0.000 kg/m



     B.  SEDIMENT CHARACTERISTICS AND ENRICHMENT

     Sediment particle information leaving profile
-------------------------------------------------------------------------------
                                 Particle Composition         Detached Fraction
Class  Diameter  Specific  ---------------------------------  Sediment  In Flow
         (mm)    Gravity   % Sand   % Silt   % Clay   % O.M.  Fraction  Exiting
-------------------------------------------------------------------------------
  1     0.002      2.60      0.0      0.0    100.0     50.0     0.026    0.000
  2     0.010      2.65      0.0    100.0      0.0      0.0     0.070    0.000
  3     0.030      1.80      0.0     71.4     28.6     14.3     0.180    0.000
  4     0.300      1.60     78.2     15.1      6.6      3.3     0.340    0.000
  5     0.200      2.65    100.0      0.0      0.0      0.0     0.384    0.000
-------------------------------------------------------------------------------


     Weighted SSA enrichment ratio leaving profile for year    1 =   0.00


     HILLSLOPE 1 YEARLY SUMMARY FOR    2
     ----------------------------------


I.   RAINFALL AND RUNOFF SUMMARY
     -------- --- ------ -------

      year:      2

         Rainfall         Storm Runoff        Melt Runoff
      events   amount   events   amount     events  amount
                (mm)              (mm)               (mm)

        78     325.50       3       3.47       0       0.00


II.  ON SITE EFFECTS  ON SITE EFFECTS  ON SITE EFFECTS
     ---------------  ---------------  ---------------


  A.  AREA OF NET SOIL LOSS

      ** Soil Loss (Avg. of Net Detachment Areas) =    0.013 kg/m2 **
      ** Maximum Soil Loss  =    0.025 kg/m2 at   30.48 meters **


      Area of    Soil Loss   Soil Loss   MAX   MAX Loss   MIN   MIN Loss
      Net Loss      MEAN      STDEV      Loss    Point    Loss   Point
        (m)       (kg/m2)     (kg/m2)  (kg/m2)    (m)    (kg/m2)  (m)
------------------------------------------------------------------------
  15.24-  30.48    0.013     0.008      0.025   30.48     0.000    15.70



  C.  SOIL LOSS/DEPOSITION ALONG SLOPE PROFILE

          Profile distances are from top to bottom of hillslope


 distance soil  flow    distance   soil  flow    distance   soil  flow
    (m)   loss  elem       (m)     loss  elem       (m)     loss  elem
         (kg/m2)                  (kg/m2)                  (kg/m2)
------------------------------------------------------------------------

   0.15     0.000  1       10.36     0.000  1       20.57     0.009  2
   0.30     0.000  1       10.52     0.000  1       20.73     0.009  2
   0.46     0.000  1       10.67     0.000  1       20.88     0.010  2
   0.61     0.000  1       10.82     0.000  1       21.03     0.010  2
   0.76     0.000  1       10.97     0.000  1       21.18     0.010  2
   0.91     0.000  1       11.13     0.000  1       21.34     0.011  2
   1.07     0.000  1       11.28     0.000  1       21.49     0.011  2
   1.22     0.000  1       11.43     0.000  1       21.64     0.011  2
   1.37     0.000  1       11.58     0.000  1       21.79     0.011  2
   1.52     0.000  1       11.73     0.000  1       21.95     0.012  2
   1.68     0.000  1       11.89     0.000  1       22.10     0.012  2
   1.83     0.000  1       12.04     0.000  1       22.25     0.012  2
   1.98     0.000  1       12.19     0.000  1       22.40     0.013  2
   2.13     0.000  1       12.34     0.000  1       22.56     0.013  2
   2.29     0.000  1       12.50     0.000  1       22.71     0.013  2
   2.44     0.000  1       12.65     0.000  1       22.86     0.013  2
   2.59     0.000  1       12.80     0.000  1       23.01     0.014  2
   2.74     0.000  1       12.95     0.000  1       23.16     0.014  2
   2.90     0.000  1       13.11     0.000  1       23.32     0.014  2
   3.05     0.000  1       13.26     0.000  1       23.47     0.014  2
   3.20     0.000  1       13.41     0.000  1       23.62     0.015  2
   3.35     0.000  1       13.56     0.000  1       23.77     0.015  2
   3.51     0.000  1       13.72     0.000  1       23.93     0.015  2
   3.66     0.000  1       13.87     0.000  1       24.08     0.015  2
   3.81     0.000  1       14.02     0.000  1       24.23     0.016  2
   3.96     0.000  1       14.17     0.000  1       24.38     0.016  2
   4.11     0.000  1       14.33     0.000  1       24.54     0.016  2
   4.27     0.000  1       14.48     0.000  1       24.69     0.016  2
   4.42     0.000  1       14.63     0.000  1       24.84     0.017  2
   4.57     0.000  1       14.78     0.000  1       24.99     0.017  2
   4.72     0.000  1       14.94     0.000  1       25.15     0.017  2
   4.88     0.000  1       15.09     0.000  1       25.30     0.017  2
   5.03     0.000  1       15.24     0.000  1       25.45     0.018  2
   5.18     0.000  1       15.39     0.000  2       25.60     0.018  2
   5.33     0.000  1       15.54     0.000  2       25.76     0.018  2
   5.49     0.000  1       15.70     0.000  2       25.91     0.018  2
   5.64     0.000  1       15.85     0.000  2       26.06     0.019  2
   5.79     0.000  1       16.00     0.000  2       26.21     0.019  2
   5.94     0.000  1       16.15     0.000  2       26.37     0.019  2
   6.10     0.000  1       16.31     0.001  2       26.52     0.019  2
   6.25     0.000  1       16.46     0.001  2       26.67     0.019  2
   6.40     0.000  1       16.61     0.001  2       26.82     0.020  2
   6.55     0.000  1       16.76     0.002  2       26.97     0.020  2
   6.71     0.000  1       16.92     0.002  2       27.13     0.020  2
   6.86     0.000  1       17.07     0.002  2       27.28     0.020  2
   7.01     0.000  1       17.22     0.003  2       27.43     0.021  2
   7.16     0.000  1       17.37     0.003  2       27.58     0.021  2
   7.32     0.000  1       17.53     0.003  2       27.74     0.021  2
   7.47     0.000  1       17.68     0.003  2       27.89     0.021  2
   7.62     0.000  1       17.83     0.004  2       28.04     0.021  2
   7.77     0.000  1       17.98     0.004  2       28.19     0.022  2
   7.92     0.000  1       18.14     0.004  2       28.35     0.022  2
   8.08     0.000  1       18.29     0.005  2       28.50     0.022  2
   8.23     0.000  1       18.44     0.005  2       28.65     0.022  2
   8.38     0.000  1       18.59     0.005  2       28.80     0.023  2
   8.53     0.000  1       18.75     0.005  2       28.96     0.023  2
   8.69     0.000  1       18.90     0.006  2       29.11     0.023  2
   8.84     0.000  1       19.05     0.006  2       29.26     0.023  2
   8.99     0.000  1       19.20     0.006  2       29.41     0.023  2
   9.14     0.000  1       19.35     0.007  2       29.57     0.024  2
   9.30     0.000  1       19.51     0.007  2       29.72     0.024  2
   9.45     0.000  1       19.66     0.007  2       29.87     0.024  2
   9.60     0.000  1       19.81     0.008  2       30.02     0.024  2
   9.75     0.000  1       19.96     0.008  2       30.18     0.024  2
   9.91     0.000  1       20.12     0.008  2       30.33     0.025  2
  10.06     0.000  1       20.27     0.009  2       30.48     0.025  2
  10.21     0.000  1       20.42     0.009  2

note:  (+) soil loss - detachment     (-) soil loss - deposition



III. OFF SITE EFFECTS  OFF SITE EFFECTS  OFF SITE EFFECTS
     ----------------  ----------------  ----------------

     A.  SEDIMENT LEAVING PROFILE for year    2     0.196 kg/m



     B.  SEDIMENT CHARACTERISTICS AND ENRICHMENT

     Sediment particle information leaving profile
-------------------------------------------------------------------------------
                                 Particle Composition         Detached Fraction
Class  Diameter  Specific  ---------------------------------  Sediment  In Flow
         (mm)    Gravity   % Sand   % Silt   % Clay   % O.M.  Fraction  Exiting
-------------------------------------------------------------------------------
  1     0.002      2.60      0.0      0.0    100.0     50.0     0.026    0.030
  2     0.010      2.65      0.0    100.0      0.0      0.0     0.070    0.079
  3     0.030      1.80      0.0     71.4     28.6     14.3     0.180    0.188
  4     0.300      1.60     78.2     15.1      6.6      3.3     0.340    0.330
  5     0.200      2.65    100.0      0.0      0.0      0.0     0.384    0.373
-------------------------------------------------------------------------------


     Weighted SSA enrichment ratio leaving profile for year    2 =   1.05


     HILLSLOPE 1 YEARLY SUMMARY FOR    3
     ----------------------------------


I.   RAINFALL AND RUNOFF SUMMARY
     -------- --- ------ -------

      year:      3

         Rainfall         Storm Runoff        Melt Runoff
      events   amount   events   amount     events  amount
                (mm)              (mm)               (mm)

        76     213.30       0       0.00       0       0.00


II.  ON SITE EFFECTS  ON SITE EFFECTS  ON SITE EFFECTS
     ---------------  ---------------  ---------------




  C.  SOIL LOSS/DEPOSITION ALONG SLOPE PROFILE

          Profile distances are from top to bottom of hillslope


 distance soil  flow    distance   soil  flow    distance   soil  flow
    (m)   loss  elem       (m)     loss  elem       (m)     loss  elem
         (kg/m2)                  (kg/m2)                  (kg/m2)
------------------------------------------------------------------------

   0.15     0.000  1       10.36     0.000  1       20.57     0.000  2
   0.30     0.000  1       10.52     0.000  1       20.73     0.000  2
   0.46     0.000  1       10.67     0.000  1       20.88     0.000  2
   0.61     0.000  1       10.82     0.000  1       21.03     0.000  2
   0.76     0.000  1       10.97     0.000  1       21.18     0.000  2
   0.91     0.000  1       11.13     0.000  1       21.34     0.000  2
   1.07     0.000  1       11.28     0.000  1       21.49     0.000  2
   1.22     0.000  1       11.43     0.000  1       21.64     0.000  2
   1.37     0.000  1       11.58     0.000  1       21.79     0.000  2
   1.52     0.000  1       11.73     0.000  1       21.95     0.000  2
   1.68     0.000  1       11.89     0.000  1       22.10     0.000  2
   1.83     0.000  1       12.04     0.000  1       22.25     0.000  2
   1.98     0.000  1       12.19     0.000  1       22.40     0.000  2
   2.13     0.000  1       12.34     0.000  1       22.56     0.000  2
   2.29     0.000  1       12.50     0.000  1       22.71     0.000  2
   2.44     0.000  1       12.65     0.000  1       22.86     0.000  2
   2.59     0.000  1       12.80     0.000  1       23.01     0.000  2
   2.74     0.000  1       12.95     0.000  1       23.16     0.000  2
   2.90     0.000  1       13.11     0.000  1       23.32     0.000  2
   3.05     0.000  1       13.26     0.000  1       23.47     0.000  2
   3.20     0.000  1       13.41     0.000  1       23.62     0.000  2
   3.35     0.000  1       13.56     0.000  1       23.77     0.000  2
   3.51     0.000  1       13.72     0.000  1       23.93     0.000  2
   3.66     0.000  1       13.87     0.000  1       24.08     0.000  2
   3.81     0.000  1       14.02     0.000  1       24.23     0.000  2
   3.96     0.000  1       14.17     0.000  1       24.38     0.000  2
   4.11     0.000  1       14.33     0.000  1       24.54     0.000  2
   4.27     0.000  1       14.48     0.000  1       24.69     0.000  2
   4.42     0.000  1       14.63     0.000  1       24.84     0.000  2
   4.57     0.000  1       14.78     0.000  1       24.99     0.000  2
   4.72     0.000  1       14.94     0.000  1       25.15     0.000  2
   4.88     0.000  1       15.09     0.000  1       25.30     0.000  2
   5.03     0.000  1       15.24     0.000  1       25.45     0.000  2
   5.18     0.000  1       15.39     0.000  2       25.60     0.000  2
   5.33     0.000  1       15.54     0.000  2       25.76     0.000  2
   5.49     0.000  1       15.70     0.000  2       25.91     0.000  2
   5.64     0.000  1       15.85     0.000  2       26.06     0.000  2
   5.79     0.000  1       16.00     0.000  2       26.21     0.000  2
   5.94     0.000  1       16.15     0.000  2       26.37     0.000  2
   6.10     0.000  1       16.31     0.000  2       26.52     0.000  2
   6.25     0.000  1       16.46     0.000  2       26.67     0.000  2
   6.40     0.000  1       16.61     0.000  2       26.82     0.000  2
   6.55     0.000  1       16.76     0.000  2       26.97     0.000  2
   6.71     0.000  1       16.92     0.000  2       27.13     0.000  2
   6.86     0.000  1       17.07     0.000  2       27.28     0.000  2
   7.01     0.000  1       17.22     0.000  2       27.43     0.000  2
   7.16     0.000  1       17.37     0.000  2       27.58     0.000  2
   7.32     0.000  1       17.53     0.000  2       27.74     0.000  2
   7.47     0.000  1       17.68     0.000  2       27.89     0.000  2
   7.62     0.000  1       17.83     0.000  2       28.04     0.000  2
   7.77     0.000  1       17.98     0.000  2       28.19     0.000  2
   7.92     0.000  1       18.14     0.000  2       28.35     0.000  2
   8.08     0.000  1       18.29     0.000  2       28.50     0.000  2
   8.23     0.000  1       18.44     0.000  2       28.65     0.000  2
   8.38     0.000  1       18.59     0.000  2       28.80     0.000  2
   8.53     0.000  1       18.75     0.000  2       28.96     0.000  2
   8.69     0.000  1       18.90     0.000  2       29.11     0.000  2
   8.84     0.000  1       19.05     0.000  2       29.26     0.000  2
   8.99     0.000  1       19.20     0.000  2       29.41     0.000  2
   9.14     0.000  1       19.35     0.000  2       29.57     0.000  2
   9.30     0.000  1       19.51     0.000  2       29.72     0.000  2
   9.45     0.000  1       19.66     0.000  2       29.87     0.000  2
   9.60     0.000  1       19.81     0.000  2       30.02     0.000  2
   9.75     0.000  1       19.96     0.000  2       30.18     0.000  2
   9.91     0.000  1       20.12     0.000  2       30.33     0.000  2
  10.06     0.000  1       20.27     0.000  2       30.48     0.000  2
  10.21     0.000  1       20.42     0.000  2

note:  (+) soil loss - detachment     (-) soil loss - deposition



III. OFF SITE EFFECTS  OFF SITE EFFECTS  OFF SITE EFFECTS
     ----------------  ----------------  ----------------

     A.  SEDIMENT LEAVING PROFILE for year    3     0.000 kg/m



     B.  SEDIMENT CHARACTERISTICS AND ENRICHMENT

     Sediment particle information leaving profile
-------------------------------------------------------------------------------
                                 Particle Composition         Detached Fraction
Class  Diameter  Specific  ---------------------------------  Sediment  In Flow
         (mm)    Gravity   % Sand   % Silt   % Clay   % O.M.  Fraction  Exiting
-------------------------------------------------------------------------------
  1     0.002      2.60      0.0      0.0    100.0     50.0     0.026    0.000
  2     0.010      2.65      0.0    100.0      0.0      0.0     0.070    0.000
  3     0.030      1.80      0.0     71.4     28.6     14.3     0.180    0.000
  4     0.300      1.60     78.2     15.1      6.6      3.3     0.340    0.000
  5     0.200      2.65    100.0      0.0      0.0      0.0     0.384    0.000
-------------------------------------------------------------------------------


     Weighted SSA enrichment ratio leaving profile for year    3 =   0.00


     HILLSLOPE 1 YEARLY SUMMARY FOR    4
     ----------------------------------


I.   RAINFALL AND RUNOFF SUMMARY
     -------- --- ------ -------

      year:      4

         Rainfall         Storm Runoff        Melt Runoff
      events   amount   events   amount     events  amount
                (mm)              (mm)               (mm)

        90     430.70       8      12.15       0       0.00


II.  ON SITE EFFECTS  ON SITE EFFECTS  ON SITE EFFECTS
     ---------------  ---------------  ---------------


  A.  AREA OF NET SOIL LOSS

      ** Soil Loss (Avg. of Net Detachment Areas) =    0.044 kg/m2 **
      ** Maximum Soil Loss  =    0.082 kg/m2 at   30.48 meters **


      Area of    Soil Loss   Soil Loss   MAX   MAX Loss   MIN   MIN Loss
      Net Loss      MEAN      STDEV      Loss    Point    Loss   Point
        (m)       (kg/m2)     (kg/m2)  (kg/m2)    (m)    (kg/m2)  (m)
------------------------------------------------------------------------
  15.24-  30.48    0.044     0.025      0.082   30.48     0.002    15.54



  C.  SOIL LOSS/DEPOSITION ALONG SLOPE PROFILE

          Profile distances are from top to bottom of hillslope


 distance soil  flow    distance   soil  flow    distance   soil  flow
    (m)   loss  elem       (m)     loss  elem       (m)     loss  elem
         (kg/m2)                  (kg/m2)                  (kg/m2)
------------------------------------------------------------------------

   0.15     0.000  1       10.36     0.000  1       20.57     0.033  2
   0.30     0.000  1       10.52     0.000  1       20.73     0.034  2
   0.46     0.000  1       10.67     0.000  1       20.88     0.035  2
   0.61     0.000  1       10.82     0.000  1       21.03     0.036  2
   0.76     0.000  1       10.97     0.000  1       21.18     0.037  2
   0.91     0.000  1       11.13     0.000  1       21.34     0.038  2
   1.07     0.000  1       11.28     0.000  1       21.49     0.039  2
   1.22     0.000  1       11.43     0.000  1       21.64     0.040  2
   1.37     0.000  1       11.58     0.000  1       21.79     0.041  2
   1.52     0.000  1       11.73     0.000  1       21.95     0.041  2
   1.68     0.000  1       11.89     0.000  1       22.10     0.042  2
   1.83     0.000  1       12.04     0.000  1       22.25     0.043  2
   1.98     0.000  1       12.19     0.000  1       22.40     0.044  2
   2.13     0.000  1       12.34     0.000  1       22.56     0.045  2
   2.29     0.000  1       12.50     0.000  1       22.71     0.046  2
   2.44     0.000  1       12.65     0.000  1       22.86     0.047  2
   2.59     0.000  1       12.80     0.000  1       23.01     0.047  2
   2.74     0.000  1       12.95     0.000  1       23.16     0.048  2
   2.90     0.000  1       13.11     0.000  1       23.32     0.049  2
   3.05     0.000  1       13.26     0.000  1       23.47     0.050  2
   3.20     0.000  1       13.41     0.000  1       23.62     0.051  2
   3.35     0.000  1       13.56     0.000  1       23.77     0.051  2
   3.51     0.000  1       13.72     0.000  1       23.93     0.052  2
   3.66     0.000  1       13.87     0.000  1       24.08     0.053  2
   3.81     0.000  1       14.02     0.000  1       24.23     0.054  2
   3.96     0.000  1       14.17     0.000  1       24.38     0.054  2
   4.11     0.000  1       14.33     0.000  1       24.54     0.055  2
   4.27     0.000  1       14.48     0.000  1       24.69     0.056  2
   4.42     0.000  1       14.63     0.000  1       24.84     0.057  2
   4.57     0.000  1       14.78     0.000  1       24.99     0.057  2
   4.72     0.000  1       14.94     0.000  1       25.15     0.058  2
   4.88     0.000  1       15.09     0.000  1       25.30     0.059  2
   5.03     0.000  1       15.24     0.000  1       25.45     0.060  2
   5.18     0.000  1       15.39     0.002  2       25.60     0.060  2
   5.33     0.000  1       15.54     0.002  2       25.76     0.061  2
   5.49     0.000  1       15.70     0.002  2       25.91     0.062  2
   5.64     0.000  1       15.85     0.002  2       26.06     0.063  2
   5.79     0.000  1       16.00     0.002  2       26.21     0.063  2
   5.94     0.000  1       16.15     0.003  2       26.37     0.064  2
   6.10     0.000  1       16.31     0.004  2       26.52     0.065  2
   6.25     0.000  1       16.46     0.005  2       26.67     0.066  2
   6.40     0.000  1       16.61     0.006  2       26.82     0.066  2
   6.55     0.000  1       16.76     0.007  2       26.97     0.067  2
   6.71     0.000  1       16.92     0.008  2       27.13     0.068  2
   6.86     0.000  1       17.07     0.009  2       27.28     0.068  2
   7.01     0.000  1       17.22     0.010  2       27.43     0.069  2
   7.16     0.000  1       17.37     0.011  2       27.58     0.070  2
   7.32     0.000  1       17.53     0.012  2       27.74     0.070  2
   7.47     0.000  1       17.68     0.014  2       27.89     0.071  2
   7.62     0.000  1       17.83     0.015  2       28.04     0.072  2
   7.77     0.000  1       17.98     0.016  2       28.19     0.073  2
   7.92     0.000  1       18.14     0.017  2       28.35     0.073  2
   8.08     0.000  1       18.29     0.018  2       28.50     0.074  2
   8.23     0.000  1       18.44     0.019  2       28.65     0.075  2
   8.38     0.000  1       18.59     0.020  2       28.80     0.075  2
   8.53     0.000  1       18.75     0.021  2       28.96     0.076  2
   8.69     0.000  1       18.90     0.022  2       29.11     0.077  2
   8.84     0.000  1       19.05     0.023  2       29.26     0.077  2
   8.99     0.000  1       19.20     0.024  2       29.41     0.078  2
   9.14     0.000  1       19.35     0.025  2       29.57     0.079  2
   9.30     0.000  1       19.51     0.026  2       29.72     0.079  2
   9.45     0.000  1       19.66     0.027  2       29.87     0.080  2
   9.60     0.000  1       19.81     0.028  2       30.02     0.081  2
   9.75     0.000  1       19.96     0.029  2       30.18     0.081  2
   9.91     0.000  1       20.12     0.030  2       30.33     0.082  2
  10.06     0.000  1       20.27     0.031  2       30.48     0.082  2
  10.21     0.000  1       20.42     0.032  2

note:  (+) soil loss - detachment     (-) soil loss - deposition



III. OFF SITE EFFECTS  OFF SITE EFFECTS  OFF SITE EFFECTS
     ----------------  ----------------  ----------------

     A.  SEDIMENT LEAVING PROFILE for year    4     0.677 kg/m



     B.  SEDIMENT CHARACTERISTICS AND ENRICHMENT

     Sediment particle information leaving profile
-------------------------------------------------------------------------------
                                 Particle Composition         Detached Fraction
Class  Diameter  Specific  ---------------------------------  Sediment  In Flow
         (mm)    Gravity   % Sand   % Silt   % Clay   % O.M.  Fraction  Exiting
-------------------------------------------------------------------------------
  1     0.002      2.60      0.0      0.0    100.0     50.0     0.026    0.031
  2     0.010      2.65      0.0    100.0      0.0      0.0     0.070    0.081
  3     0.030      1.80      0.0     71.4     28.6     14.3     0.180    0.191
  4     0.300      1.60     78.2     15.1      6.6      3.3     0.340    0.328
  5     0.200      2.65    100.0      0.0      0.0      0.0     0.384    0.370
-------------------------------------------------------------------------------


     Weighted SSA enrichment ratio leaving profile for year    4 =   1.07


     HILLSLOPE 1 YEARLY SUMMARY FOR    5
     ----------------------------------


I.   RAINFALL AND RUNOFF SUMMARY
     -------- --- ------ -------

      year:      5

         Rainfall         Storm Runoff        Melt Runoff
      events   amount   events   amount     events  amount
                (mm)              (mm)               (mm)

        91     359.10       3       2.68       0       0.00


II.  ON SITE EFFECTS  ON SITE EFFECTS  ON SITE EFFECTS
     ---------------  ---------------  ---------------


  A.  AREA OF NET SOIL LOSS

      ** Soil Loss (Avg. of Net Detachment Areas) =    0.010 kg/m2 **
      ** Maximum Soil Loss  =    0.018 kg/m2 at   30.48 meters **


      Area of    Soil Loss   Soil Loss   MAX   MAX Loss   MIN   MIN Loss
      Net Loss      MEAN      STDEV      Loss    Point    Loss   Point
        (m)       (kg/m2)     (kg/m2)  (kg/m2)    (m)    (kg/m2)  (m)
------------------------------------------------------------------------
  15.24-  30.48    0.010     0.005      0.018   30.48     0.001    15.54



  C.  SOIL LOSS/DEPOSITION ALONG SLOPE PROFILE

          Profile distances are from top to bottom of hillslope


 distance soil  flow    distance   soil  flow    distance   soil  flow
    (m)   loss  elem       (m)     loss  elem       (m)     loss  elem
         (kg/m2)                  (kg/m2)                  (kg/m2)
------------------------------------------------------------------------

   0.15     0.000  1       10.36     0.000  1       20.57     0.007  2
   0.30     0.000  1       10.52     0.000  1       20.73     0.007  2
   0.46     0.000  1       10.67     0.000  1       20.88     0.007  2
   0.61     0.000  1       10.82     0.000  1       21.03     0.008  2
   0.76     0.000  1       10.97     0.000  1       21.18     0.008  2
   0.91     0.000  1       11.13     0.000  1       21.34     0.008  2
   1.07     0.000  1       11.28     0.000  1       21.49     0.008  2
   1.22     0.000  1       11.43     0.000  1       21.64     0.008  2
   1.37     0.000  1       11.58     0.000  1       21.79     0.009  2
   1.52     0.000  1       11.73     0.000  1       21.95     0.009  2
   1.68     0.000  1       11.89     0.000  1       22.10     0.009  2
   1.83     0.000  1       12.04     0.000  1       22.25     0.009  2
   1.98     0.000  1       12.19     0.000  1       22.40     0.009  2
   2.13     0.000  1       12.34     0.000  1       22.56     0.010  2
   2.29     0.000  1       12.50     0.000  1       22.71     0.010  2
   2.44     0.000  1       12.65     0.000  1       22.86     0.010  2
   2.59     0.000  1       12.80     0.000  1       23.01     0.010  2
   2.74     0.000  1       12.95     0.000  1       23.16     0.010  2
   2.90     0.000  1       13.11     0.000  1       23.32     0.011  2
   3.05     0.000  1       13.26     0.000  1       23.47     0.011  2
   3.20     0.000  1       13.41     0.000  1       23.62     0.011  2
   3.35     0.000  1       13.56     0.000  1       23.77     0.011  2
   3.51     0.000  1       13.72     0.000  1       23.93     0.011  2
   3.66     0.000  1       13.87     0.000  1       24.08     0.012  2
   3.81     0.000  1       14.02     0.000  1       24.23     0.012  2
   3.96     0.000  1       14.17     0.000  1       24.38     0.012  2
   4.11     0.000  1       14.33     0.000  1       24.54     0.012  2
   4.27     0.000  1       14.48     0.000  1       24.69     0.012  2
   4.42     0.000  1       14.63     0.000  1       24.84     0.012  2
   4.57     0.000  1       14.78     0.000  1       24.99     0.013  2
   4.72     0.000  1       14.94     0.000  1       25.15     0.013  2
   4.88     0.000  1       15.09     0.000  1       25.30     0.013  2
   5.03     0.000  1       15.24     0.000  1       25.45     0.013  2
   5.18     0.000  1       15.39     0.001  2       25.60     0.013  2
   5.33     0.000  1       15.54     0.001  2       25.76     0.013  2
   5.49     0.000  1       15.70     0.001  2       25.91     0.014  2
   5.64     0.000  1       15.85     0.001  2       26.06     0.014  2
   5.79     0.000  1       16.00     0.001  2       26.21     0.014  2
   5.94     0.000  1       16.15     0.001  2       26.37     0.014  2
   6.10     0.000  1       16.31     0.001  2       26.52     0.014  2
   6.25     0.000  1       16.46     0.001  2       26.67     0.014  2
   6.40     0.000  1       16.61     0.002  2       26.82     0.015  2
   6.55     0.000  1       16.76     0.002  2       26.97     0.015  2
   6.71     0.000  1       16.92     0.002  2       27.13     0.015  2
   6.86     0.000  1       17.07     0.002  2       27.28     0.015  2
   7.01     0.000  1       17.22     0.002  2       27.43     0.015  2
   7.16     0.000  1       17.37     0.003  2       27.58     0.015  2
   7.32     0.000  1       17.53     0.003  2       27.74     0.016  2
   7.47     0.000  1       17.68     0.003  2       27.89     0.016  2
   7.62     0.000  1       17.83     0.003  2       28.04     0.016  2
   7.77     0.000  1       17.98     0.004  2       28.19     0.016  2
   7.92     0.000  1       18.14     0.004  2       28.35     0.016  2
   8.08     0.000  1       18.29     0.004  2       28.50     0.016  2
   8.23     0.000  1       18.44     0.004  2       28.65     0.016  2
   8.38     0.000  1       18.59     0.004  2       28.80     0.017  2
   8.53     0.000  1       18.75     0.005  2       28.96     0.017  2
   8.69     0.000  1       18.90     0.005  2       29.11     0.017  2
   8.84     0.000  1       19.05     0.005  2       29.26     0.017  2
   8.99     0.000  1       19.20     0.005  2       29.41     0.017  2
   9.14     0.000  1       19.35     0.005  2       29.57     0.017  2
   9.30     0.000  1       19.51     0.006  2       29.72     0.018  2
   9.45     0.000  1       19.66     0.006  2       29.87     0.018  2
   9.60     0.000  1       19.81     0.006  2       30.02     0.018  2
   9.75     0.000  1       19.96     0.006  2       30.18     0.018  2
   9.91     0.000  1       20.12     0.006  2       30.33     0.018  2
  10.06     0.000  1       20.27     0.007  2       30.48     0.018  2
  10.21     0.000  1       20.42     0.007  2

note:  (+) soil loss - detachment     (-) soil loss - deposition



III. OFF SITE EFFECTS  OFF SITE EFFECTS  OFF SITE EFFECTS
     ----------------  ----------------  ----------------

     A.  SEDIMENT LEAVING PROFILE for year    5     0.149 kg/m



     B.  SEDIMENT CHARACTERISTICS AND ENRICHMENT

     Sediment particle information leaving profile
-------------------------------------------------------------------------------
                                 Particle Composition         Detached Fraction
Class  Diameter  Specific  ---------------------------------  Sediment  In Flow
         (mm)    Gravity   % Sand   % Silt   % Clay   % O.M.  Fraction  Exiting
-------------------------------------------------------------------------------
  1     0.002      2.60      0.0      0.0    100.0     50.0     0.026    0.034
  2     0.010      2.65      0.0    100.0      0.0      0.0     0.070    0.086
  3     0.030      1.80      0.0     71.4     28.6     14.3     0.180    0.196
  4     0.300      1.60     78.2     15.1      6.6      3.3     0.340    0.321
  5     0.200      2.65    100.0      0.0      0.0      0.0     0.384    0.363
-------------------------------------------------------------------------------


     Weighted SSA enrichment ratio leaving profile for year    5 =   1.10


     HILLSLOPE 1 YEARLY SUMMARY FOR    6
     ----------------------------------


I.   RAINFALL AND RUNOFF SUMMARY
     -------- --- ------ -------

      year:      6

         Rainfall         Storm Runoff        Melt Runoff
      events   amount   events   amount     events  amount
                (mm)              (mm)               (mm)

       104     452.10       6       7.17       0       0.00


II.  ON SITE EFFECTS  ON SITE EFFECTS  ON SITE EFFECTS
     ---------------  ---------------  ---------------


  A.  AREA OF NET SOIL LOSS

      ** Soil Loss (Avg. of Net Detachment Areas) =    0.027 kg/m2 **
      ** Maximum Soil Loss  =    0.050 kg/m2 at   30.48 meters **


      Area of    Soil Loss   Soil Loss   MAX   MAX Loss   MIN   MIN Loss
      Net Loss      MEAN      STDEV      Loss    Point    Loss   Point
        (m)       (kg/m2)     (kg/m2)  (kg/m2)    (m)    (kg/m2)  (m)
------------------------------------------------------------------------
  15.24-  30.48    0.027     0.015      0.050   30.48     0.001    15.70



  C.  SOIL LOSS/DEPOSITION ALONG SLOPE PROFILE

          Profile distances are from top to bottom of hillslope


 distance soil  flow    distance   soil  flow    distance   soil  flow
    (m)   loss  elem       (m)     loss  elem       (m)     loss  elem
         (kg/m2)                  (kg/m2)                  (kg/m2)
------------------------------------------------------------------------

   0.15     0.000  1       10.36     0.000  1       20.57     0.020  2
   0.30     0.000  1       10.52     0.000  1       20.73     0.020  2
   0.46     0.000  1       10.67     0.000  1       20.88     0.021  2
   0.61     0.000  1       10.82     0.000  1       21.03     0.021  2
   0.76     0.000  1       10.97     0.000  1       21.18     0.022  2
   0.91     0.000  1       11.13     0.000  1       21.34     0.023  2
   1.07     0.000  1       11.28     0.000  1       21.49     0.023  2
   1.22     0.000  1       11.43     0.000  1       21.64     0.024  2
   1.37     0.000  1       11.58     0.000  1       21.79     0.024  2
   1.52     0.000  1       11.73     0.000  1       21.95     0.025  2
   1.68     0.000  1       11.89     0.000  1       22.10     0.025  2
   1.83     0.000  1       12.04     0.000  1       22.25     0.026  2
   1.98     0.000  1       12.19     0.000  1       22.40     0.026  2
   2.13     0.000  1       12.34     0.000  1       22.56     0.027  2
   2.29     0.000  1       12.50     0.000  1       22.71     0.027  2
   2.44     0.000  1       12.65     0.000  1       22.86     0.028  2
   2.59     0.000  1       12.80     0.000  1       23.01     0.028  2
   2.74     0.000  1       12.95     0.000  1       23.16     0.029  2
   2.90     0.000  1       13.11     0.000  1       23.32     0.029  2
   3.05     0.000  1       13.26     0.000  1       23.47     0.030  2
   3.20     0.000  1       13.41     0.000  1       23.62     0.030  2
   3.35     0.000  1       13.56     0.000  1       23.77     0.031  2
   3.51     0.000  1       13.72     0.000  1       23.93     0.031  2
   3.66     0.000  1       13.87     0.000  1       24.08     0.032  2
   3.81     0.000  1       14.02     0.000  1       24.23     0.032  2
   3.96     0.000  1       14.17     0.000  1       24.38     0.033  2
   4.11     0.000  1       14.33     0.000  1       24.54     0.033  2
   4.27     0.000  1       14.48     0.000  1       24.69     0.034  2
   4.42     0.000  1       14.63     0.000  1       24.84     0.034  2
   4.57     0.000  1       14.78     0.000  1       24.99     0.035  2
   4.72     0.000  1       14.94     0.000  1       25.15     0.035  2
   4.88     0.000  1       15.09     0.000  1       25.30     0.036  2
   5.03     0.000  1       15.24     0.000  1       25.45     0.036  2
   5.18     0.000  1       15.39     0.001  2       25.60     0.036  2
   5.33     0.000  1       15.54     0.001  2       25.76     0.037  2
   5.49     0.000  1       15.70     0.001  2       25.91     0.037  2
   5.64     0.000  1       15.85     0.001  2       26.06     0.038  2
   5.79     0.000  1       16.00     0.001  2       26.21     0.038  2
   5.94     0.000  1       16.15     0.001  2       26.37     0.039  2
   6.10     0.000  1       16.31     0.002  2       26.52     0.039  2
   6.25     0.000  1       16.46     0.002  2       26.67     0.040  2
   6.40     0.000  1       16.61     0.003  2       26.82     0.040  2
   6.55     0.000  1       16.76     0.004  2       26.97     0.040  2
   6.71     0.000  1       16.92     0.004  2       27.13     0.041  2
   6.86     0.000  1       17.07     0.005  2       27.28     0.041  2
   7.01     0.000  1       17.22     0.006  2       27.43     0.042  2
   7.16     0.000  1       17.37     0.006  2       27.58     0.042  2
   7.32     0.000  1       17.53     0.007  2       27.74     0.043  2
   7.47     0.000  1       17.68     0.008  2       27.89     0.043  2
   7.62     0.000  1       17.83     0.008  2       28.04     0.043  2
   7.77     0.000  1       17.98     0.009  2       28.19     0.044  2
   7.92     0.000  1       18.14     0.010  2       28.35     0.044  2
   8.08     0.000  1       18.29     0.010  2       28.50     0.045  2
   8.23     0.000  1       18.44     0.011  2       28.65     0.045  2
   8.38     0.000  1       18.59     0.012  2       28.80     0.045  2
   8.53     0.000  1       18.75     0.012  2       28.96     0.046  2
   8.69     0.000  1       18.90     0.013  2       29.11     0.046  2
   8.84     0.000  1       19.05     0.014  2       29.26     0.047  2
   8.99     0.000  1       19.20     0.014  2       29.41     0.047  2
   9.14     0.000  1       19.35     0.015  2       29.57     0.047  2
   9.30     0.000  1       19.51     0.016  2       29.72     0.048  2
   9.45     0.000  1       19.66     0.016  2       29.87     0.048  2
   9.60     0.000  1       19.81     0.017  2       30.02     0.049  2
   9.75     0.000  1       19.96     0.017  2       30.18     0.049  2
   9.91     0.000  1       20.12     0.018  2       30.33     0.049  2
  10.06     0.000  1       20.27     0.019  2       30.48     0.050  2
  10.21     0.000  1       20.42     0.019  2

note:  (+) soil loss - detachment     (-) soil loss - deposition



III. OFF SITE EFFECTS  OFF SITE EFFECTS  OFF SITE EFFECTS
     ----------------  ----------------  ----------------

     A.  SEDIMENT LEAVING PROFILE for year    6     0.406 kg/m



     B.  SEDIMENT CHARACTERISTICS AND ENRICHMENT

     Sediment particle information leaving profile
-------------------------------------------------------------------------------
                                 Particle Composition         Detached Fraction
Class  Diameter  Specific  ---------------------------------  Sediment  In Flow
         (mm)    Gravity   % Sand   % Silt   % Clay   % O.M.  Fraction  Exiting
-------------------------------------------------------------------------------
  1     0.002      2.60      0.0      0.0    100.0     50.0     0.026    0.031
  2     0.010      2.65      0.0    100.0      0.0      0.0     0.070    0.081
  3     0.030      1.80      0.0     71.4     28.6     14.3     0.180    0.189
  4     0.300      1.60     78.2     15.1      6.6      3.3     0.340    0.328
  5     0.200      2.65    100.0      0.0      0.0      0.0     0.384    0.371
-------------------------------------------------------------------------------


     Weighted SSA enrichment ratio leaving profile for year    6 =   1.07


     HILLSLOPE 1 YEARLY SUMMARY FOR    7
     ----------------------------------


I.   RAINFALL AND RUNOFF SUMMARY
     -------- --- ------ -------

      year:      7

         Rainfall         Storm Runoff        Melt Runoff
      events   amount   events   amount     events  amount
                (mm)              (mm)               (mm)

        78     267.60       1       0.87       0       0.00


II.  ON SITE EFFECTS  ON SITE EFFECTS  ON SITE EFFECTS
     ---------------  ---------------  ---------------


  A.  AREA OF NET SOIL LOSS

      ** Soil Loss (Avg. of Net Detachment Areas) =    0.004 kg/m2 **
      ** Maximum Soil Loss  =    0.007 kg/m2 at   30.48 meters **


      Area of    Soil Loss   Soil Loss   MAX   MAX Loss   MIN   MIN Loss
      Net Loss      MEAN      STDEV      Loss    Point    Loss   Point
        (m)       (kg/m2)     (kg/m2)  (kg/m2)    (m)    (kg/m2)  (m)
------------------------------------------------------------------------
  15.24-  30.48    0.004     0.002      0.007   30.48     0.000    15.85



  C.  SOIL LOSS/DEPOSITION ALONG SLOPE PROFILE

          Profile distances are from top to bottom of hillslope


 distance soil  flow    distance   soil  flow    distance   soil  flow
    (m)   loss  elem       (m)     loss  elem       (m)     loss  elem
         (kg/m2)                  (kg/m2)                  (kg/m2)
------------------------------------------------------------------------

   0.15     0.000  1       10.36     0.000  1       20.57     0.003  2
   0.30     0.000  1       10.52     0.000  1       20.73     0.003  2
   0.46     0.000  1       10.67     0.000  1       20.88     0.003  2
   0.61     0.000  1       10.82     0.000  1       21.03     0.003  2
   0.76     0.000  1       10.97     0.000  1       21.18     0.003  2
   0.91     0.000  1       11.13     0.000  1       21.34     0.003  2
   1.07     0.000  1       11.28     0.000  1       21.49     0.003  2
   1.22     0.000  1       11.43     0.000  1       21.64     0.003  2
   1.37     0.000  1       11.58     0.000  1       21.79     0.003  2
   1.52     0.000  1       11.73     0.000  1       21.95     0.003  2
   1.68     0.000  1       11.89     0.000  1       22.10     0.003  2
   1.83     0.000  1       12.04     0.000  1       22.25     0.003  2
   1.98     0.000  1       12.19     0.000  1       22.40     0.003  2
   2.13     0.000  1       12.34     0.000  1       22.56     0.004  2
   2.29     0.000  1       12.50     0.000  1       22.71     0.004  2
   2.44     0.000  1       12.65     0.000  1       22.86     0.004  2
   2.59     0.000  1       12.80     0.000  1       23.01     0.004  2
   2.74     0.000  1       12.95     0.000  1       23.16     0.004  2
   2.90     0.000  1       13.11     0.000  1       23.32     0.004  2
   3.05     0.000  1       13.26     0.000  1       23.47     0.004  2
   3.20     0.000  1       13.41     0.000  1       23.62     0.004  2
   3.35     0.000  1       13.56     0.000  1       23.77     0.004  2
   3.51     0.000  1       13.72     0.000  1       23.93     0.004  2
   3.66     0.000  1       13.87     0.000  1       24.08     0.004  2
   3.81     0.000  1       14.02     0.000  1       24.23     0.004  2
   3.96     0.000  1       14.17     0.000  1       24.38     0.004  2
   4.11     0.000  1       14.33     0.000  1       24.54     0.004  2
   4.27     0.000  1       14.48     0.000  1       24.69     0.005  2
   4.42     0.000  1       14.63     0.000  1       24.84     0.005  2
   4.57     0.000  1       14.78     0.000  1       24.99     0.005  2
   4.72     0.000  1       14.94     0.000  1       25.15     0.005  2
   4.88     0.000  1       15.09     0.000  1       25.30     0.005  2
   5.03     0.000  1       15.24     0.000  1       25.45     0.005  2
   5.18     0.000  1       15.39     0.000  2       25.60     0.005  2
   5.33     0.000  1       15.54     0.000  2       25.76     0.005  2
   5.49     0.000  1       15.70     0.000  2       25.91     0.005  2
   5.64     0.000  1       15.85     0.000  2       26.06     0.005  2
   5.79     0.000  1       16.00     0.000  2       26.21     0.005  2
   5.94     0.000  1       16.15     0.000  2       26.37     0.005  2
   6.10     0.000  1       16.31     0.000  2       26.52     0.005  2
   6.25     0.000  1       16.46     0.000  2       26.67     0.005  2
   6.40     0.000  1       16.61     0.000  2       26.82     0.005  2
   6.55     0.000  1       16.76     0.000  2       26.97     0.005  2
   6.71     0.000  1       16.92     0.000  2       27.13     0.006  2
   6.86     0.000  1       17.07     0.000  2       27.28     0.006  2
   7.01     0.000  1       17.22     0.001  2       27.43     0.006  2
   7.16     0.000  1       17.37     0.001  2       27.58     0.006  2
   7.32     0.000  1       17.53     0.001  2       27.74     0.006  2
   7.47     0.000  1       17.68     0.001  2       27.89     0.006  2
   7.62     0.000  1       17.83     0.001  2       28.04     0.006  2
   7.77     0.000  1       17.98     0.001  2       28.19     0.006  2
   7.92     0.000  1       18.14     0.001  2       28.35     0.006  2
   8.08     0.000  1       18.29     0.001  2       28.50     0.006  2
   8.23     0.000  1       18.44     0.001  2       28.65     0.006  2
   8.38     0.000  1       18.59     0.001  2       28.80     0.006  2
   8.53     0.000  1       18.75     0.002  2       28.96     0.006  2
   8.69     0.000  1       18.90     0.002  2       29.11     0.006  2
   8.84     0.000  1       19.05     0.002  2       29.26     0.006  2
   8.99     0.000  1       19.20     0.002  2       29.41     0.006  2
   9.14     0.000  1       19.35     0.002  2       29.57     0.006  2
   9.30     0.000  1       19.51     0.002  2       29.72     0.006  2
   9.45     0.000  1       19.66     0.002  2       29.87     0.007  2
   9.60     0.000  1       19.81     0.002  2       30.02     0.007  2
   9.75     0.000  1       19.96     0.002  2       30.18     0.007  2
   9.91     0.000  1       20.12     0.002  2       30.33     0.007  2
  10.06     0.000  1       20.27     0.002  2       30.48     0.007  2
  10.21     0.000  1       20.42     0.002  2

note:  (+) soil loss - detachment     (-) soil loss - deposition



III. OFF SITE EFFECTS  OFF SITE EFFECTS  OFF SITE EFFECTS
     ----------------  ----------------  ----------------

     A.  SEDIMENT LEAVING PROFILE for year    7     0.054 kg/m



     B.  SEDIMENT CHARACTERISTICS AND ENRICHMENT

     Sediment particle information leaving profile
-------------------------------------------------------------------------------
                                 Particle Composition         Detached Fraction
Class  Diameter  Specific  ---------------------------------  Sediment  In Flow
         (mm)    Gravity   % Sand   % Silt   % Clay   % O.M.  Fraction  Exiting
-------------------------------------------------------------------------------
  1     0.002      2.60      0.0      0.0    100.0     50.0     0.026    0.032
  2     0.010      2.65      0.0    100.0      0.0      0.0     0.070    0.083
  3     0.030      1.80      0.0     71.4     28.6     14.3     0.180    0.197
  4     0.300      1.60     78.2     15.1      6.6      3.3     0.340    0.323
  5     0.200      2.65    100.0      0.0      0.0      0.0     0.384    0.365
-------------------------------------------------------------------------------


     Weighted SSA enrichment ratio leaving profile for year    7 =   1.09


     HILLSLOPE 1 YEARLY SUMMARY FOR    8
     ----------------------------------


I.   RAINFALL AND RUNOFF SUMMARY
     -------- --- ------ -------

      year:      8

         Rainfall         Storm Runoff        Melt Runoff
      events   amount   events   amount     events  amount
                (mm)              (mm)               (mm)

       109     466.40       4       7.42       0       0.00


II.  ON SITE EFFECTS  ON SITE EFFECTS  ON SITE EFFECTS
     ---------------  ---------------  ---------------


  A.  AREA OF NET SOIL LOSS

      ** Soil Loss (Avg. of Net Detachment Areas) =    0.026 kg/m2 **
      ** Maximum Soil Loss  =    0.047 kg/m2 at   30.48 meters **


      Area of    Soil Loss   Soil Loss   MAX   MAX Loss   MIN   MIN Loss
      Net Loss      MEAN      STDEV      Loss    Point    Loss   Point
        (m)       (kg/m2)     (kg/m2)  (kg/m2)    (m)    (kg/m2)  (m)
------------------------------------------------------------------------
  15.24-  30.48    0.026     0.014      0.047   30.48     0.001    15.39



  C.  SOIL LOSS/DEPOSITION ALONG SLOPE PROFILE

          Profile distances are from top to bottom of hillslope


 distance soil  flow    distance   soil  flow    distance   soil  flow
    (m)   loss  elem       (m)     loss  elem       (m)     loss  elem
         (kg/m2)                  (kg/m2)                  (kg/m2)
------------------------------------------------------------------------

   0.15     0.000  1       10.36     0.000  1       20.57     0.021  2
   0.30     0.000  1       10.52     0.000  1       20.73     0.021  2
   0.46     0.000  1       10.67     0.000  1       20.88     0.022  2
   0.61     0.000  1       10.82     0.000  1       21.03     0.022  2
   0.76     0.000  1       10.97     0.000  1       21.18     0.023  2
   0.91     0.000  1       11.13     0.000  1       21.34     0.023  2
   1.07     0.000  1       11.28     0.000  1       21.49     0.024  2
   1.22     0.000  1       11.43     0.000  1       21.64     0.024  2
   1.37     0.000  1       11.58     0.000  1       21.79     0.024  2
   1.52     0.000  1       11.73     0.000  1       21.95     0.025  2
   1.68     0.000  1       11.89     0.000  1       22.10     0.025  2
   1.83     0.000  1       12.04     0.000  1       22.25     0.026  2
   1.98     0.000  1       12.19     0.000  1       22.40     0.026  2
   2.13     0.000  1       12.34     0.000  1       22.56     0.027  2
   2.29     0.000  1       12.50     0.000  1       22.71     0.027  2
   2.44     0.000  1       12.65     0.000  1       22.86     0.028  2
   2.59     0.000  1       12.80     0.000  1       23.01     0.028  2
   2.74     0.000  1       12.95     0.000  1       23.16     0.029  2
   2.90     0.000  1       13.11     0.000  1       23.32     0.029  2
   3.05     0.000  1       13.26     0.000  1       23.47     0.030  2
   3.20     0.000  1       13.41     0.000  1       23.62     0.030  2
   3.35     0.000  1       13.56     0.000  1       23.77     0.030  2
   3.51     0.000  1       13.72     0.000  1       23.93     0.031  2
   3.66     0.000  1       13.87     0.000  1       24.08     0.031  2
   3.81     0.000  1       14.02     0.000  1       24.23     0.032  2
   3.96     0.000  1       14.17     0.000  1       24.38     0.032  2
   4.11     0.000  1       14.33     0.000  1       24.54     0.033  2
   4.27     0.000  1       14.48     0.000  1       24.69     0.033  2
   4.42     0.000  1       14.63     0.000  1       24.84     0.033  2
   4.57     0.000  1       14.78     0.000  1       24.99     0.034  2
   4.72     0.000  1       14.94     0.000  1       25.15     0.034  2
   4.88     0.000  1       15.09     0.000  1       25.30     0.035  2
   5.03     0.000  1       15.24     0.000  1       25.45     0.035  2
   5.18     0.000  1       15.39     0.001  2       25.60     0.035  2
   5.33     0.000  1       15.54     0.001  2       25.76     0.036  2
   5.49     0.000  1       15.70     0.001  2       25.91     0.036  2
   5.64     0.000  1       15.85     0.001  2       26.06     0.037  2
   5.79     0.000  1       16.00     0.001  2       26.21     0.037  2
   5.94     0.000  1       16.15     0.002  2       26.37     0.037  2
   6.10     0.000  1       16.31     0.003  2       26.52     0.038  2
   6.25     0.000  1       16.46     0.003  2       26.67     0.038  2
   6.40     0.000  1       16.61     0.004  2       26.82     0.039  2
   6.55     0.000  1       16.76     0.005  2       26.97     0.039  2
   6.71     0.000  1       16.92     0.006  2       27.13     0.039  2
   6.86     0.000  1       17.07     0.007  2       27.28     0.040  2
   7.01     0.000  1       17.22     0.007  2       27.43     0.040  2
   7.16     0.000  1       17.37     0.008  2       27.58     0.041  2
   7.32     0.000  1       17.53     0.009  2       27.74     0.041  2
   7.47     0.000  1       17.68     0.009  2       27.89     0.041  2
   7.62     0.000  1       17.83     0.010  2       28.04     0.042  2
   7.77     0.000  1       17.98     0.011  2       28.19     0.042  2
   7.92     0.000  1       18.14     0.011  2       28.35     0.042  2
   8.08     0.000  1       18.29     0.012  2       28.50     0.043  2
   8.23     0.000  1       18.44     0.013  2       28.65     0.043  2
   8.38     0.000  1       18.59     0.013  2       28.80     0.044  2
   8.53     0.000  1       18.75     0.014  2       28.96     0.044  2
   8.69     0.000  1       18.90     0.014  2       29.11     0.044  2
   8.84     0.000  1       19.05     0.015  2       29.26     0.045  2
   8.99     0.000  1       19.20     0.016  2       29.41     0.045  2
   9.14     0.000  1       19.35     0.016  2       29.57     0.045  2
   9.30     0.000  1       19.51     0.017  2       29.72     0.046  2
   9.45     0.000  1       19.66     0.017  2       29.87     0.046  2
   9.60     0.000  1       19.81     0.018  2       30.02     0.046  2
   9.75     0.000  1       19.96     0.018  2       30.18     0.047  2
   9.91     0.000  1       20.12     0.019  2       30.33     0.047  2
  10.06     0.000  1       20.27     0.019  2       30.48     0.047  2
  10.21     0.000  1       20.42     0.020  2

note:  (+) soil loss - detachment     (-) soil loss - deposition



III. OFF SITE EFFECTS  OFF SITE EFFECTS  OFF SITE EFFECTS
     ----------------  ----------------  ----------------

     A.  SEDIMENT LEAVING PROFILE for year    8     0.403 kg/m



     B.  SEDIMENT CHARACTERISTICS AND ENRICHMENT

     Sediment particle information leaving profile
-------------------------------------------------------------------------------
                                 Particle Composition         Detached Fraction
Class  Diameter  Specific  ---------------------------------  Sediment  In Flow
         (mm)    Gravity   % Sand   % Silt   % Clay   % O.M.  Fraction  Exiting
-------------------------------------------------------------------------------
  1     0.002      2.60      0.0      0.0    100.0     50.0     0.026    0.032
  2     0.010      2.65      0.0    100.0      0.0      0.0     0.070    0.082
  3     0.030      1.80      0.0     71.4     28.6     14.3     0.180    0.190
  4     0.300      1.60     78.2     15.1      6.6      3.3     0.340    0.327
  5     0.200      2.65    100.0      0.0      0.0      0.0     0.384    0.369
-------------------------------------------------------------------------------


     Weighted SSA enrichment ratio leaving profile for year    8 =   1.07


     HILLSLOPE 1 YEARLY SUMMARY FOR    9
     ----------------------------------


I.   RAINFALL AND RUNOFF SUMMARY
     -------- --- ------ -------

      year:      9

         Rainfall         Storm Runoff        Melt Runoff
      events   amount   events   amount     events  amount
                (mm)              (mm)               (mm)

       108     349.70       2       1.35       0       0.00


II.  ON SITE EFFECTS  ON SITE EFFECTS  ON SITE EFFECTS
     ---------------  ---------------  ---------------


  A.  AREA OF NET SOIL LOSS

      ** Soil Loss (Avg. of Net Detachment Areas) =    0.006 kg/m2 **
      ** Maximum Soil Loss  =    0.011 kg/m2 at   30.48 meters **


      Area of    Soil Loss   Soil Loss   MAX   MAX Loss   MIN   MIN Loss
      Net Loss      MEAN      STDEV      Loss    Point    Loss   Point
        (m)       (kg/m2)     (kg/m2)  (kg/m2)    (m)    (kg/m2)  (m)
------------------------------------------------------------------------
  15.24-  30.48    0.006     0.003      0.011   30.48     0.000    15.85



  C.  SOIL LOSS/DEPOSITION ALONG SLOPE PROFILE

          Profile distances are from top to bottom of hillslope


 distance soil  flow    distance   soil  flow    distance   soil  flow
    (m)   loss  elem       (m)     loss  elem       (m)     loss  elem
         (kg/m2)                  (kg/m2)                  (kg/m2)
------------------------------------------------------------------------

   0.15     0.000  1       10.36     0.000  1       20.57     0.004  2
   0.30     0.000  1       10.52     0.000  1       20.73     0.004  2
   0.46     0.000  1       10.67     0.000  1       20.88     0.004  2
   0.61     0.000  1       10.82     0.000  1       21.03     0.004  2
   0.76     0.000  1       10.97     0.000  1       21.18     0.005  2
   0.91     0.000  1       11.13     0.000  1       21.34     0.005  2
   1.07     0.000  1       11.28     0.000  1       21.49     0.005  2
   1.22     0.000  1       11.43     0.000  1       21.64     0.005  2
   1.37     0.000  1       11.58     0.000  1       21.79     0.005  2
   1.52     0.000  1       11.73     0.000  1       21.95     0.005  2
   1.68     0.000  1       11.89     0.000  1       22.10     0.005  2
   1.83     0.000  1       12.04     0.000  1       22.25     0.005  2
   1.98     0.000  1       12.19     0.000  1       22.40     0.006  2
   2.13     0.000  1       12.34     0.000  1       22.56     0.006  2
   2.29     0.000  1       12.50     0.000  1       22.71     0.006  2
   2.44     0.000  1       12.65     0.000  1       22.86     0.006  2
   2.59     0.000  1       12.80     0.000  1       23.01     0.006  2
   2.74     0.000  1       12.95     0.000  1       23.16     0.006  2
   2.90     0.000  1       13.11     0.000  1       23.32     0.006  2
   3.05     0.000  1       13.26     0.000  1       23.47     0.006  2
   3.20     0.000  1       13.41     0.000  1       23.62     0.006  2
   3.35     0.000  1       13.56     0.000  1       23.77     0.007  2
   3.51     0.000  1       13.72     0.000  1       23.93     0.007  2
   3.66     0.000  1       13.87     0.000  1       24.08     0.007  2
   3.81     0.000  1       14.02     0.000  1       24.23     0.007  2
   3.96     0.000  1       14.17     0.000  1       24.38     0.007  2
   4.11     0.000  1       14.33     0.000  1       24.54     0.007  2
   4.27     0.000  1       14.48     0.000  1       24.69     0.007  2
   4.42     0.000  1       14.63     0.000  1       24.84     0.007  2
   4.57     0.000  1       14.78     0.000  1       24.99     0.007  2
   4.72     0.000  1       14.94     0.000  1       25.15     0.008  2
   4.88     0.000  1       15.09     0.000  1       25.30     0.008  2
   5.03     0.000  1       15.24     0.000  1       25.45     0.008  2
   5.18     0.000  1       15.39     0.000  2       25.60     0.008  2
   5.33     0.000  1       15.54     0.000  2       25.76     0.008  2
   5.49     0.000  1       15.70     0.000  2       25.91     0.008  2
   5.64     0.000  1       15.85     0.000  2       26.06     0.008  2
   5.79     0.000  1       16.00     0.000  2       26.21     0.008  2
   5.94     0.000  1       16.15     0.000  2       26.37     0.008  2
   6.10     0.000  1       16.31     0.000  2       26.52     0.008  2
   6.25     0.000  1       16.46     0.000  2       26.67     0.009  2
   6.40     0.000  1       16.61     0.000  2       26.82     0.009  2
   6.55     0.000  1       16.76     0.000  2       26.97     0.009  2
   6.71     0.000  1       16.92     0.000  2       27.13     0.009  2
   6.86     0.000  1       17.07     0.000  2       27.28     0.009  2
   7.01     0.000  1       17.22     0.001  2       27.43     0.009  2
   7.16     0.000  1       17.37     0.001  2       27.58     0.009  2
   7.32     0.000  1       17.53     0.001  2       27.74     0.009  2
   7.47     0.000  1       17.68     0.001  2       27.89     0.009  2
   7.62     0.000  1       17.83     0.001  2       28.04     0.009  2
   7.77     0.000  1       17.98     0.002  2       28.19     0.010  2
   7.92     0.000  1       18.14     0.002  2       28.35     0.010  2
   8.08     0.000  1       18.29     0.002  2       28.50     0.010  2
   8.23     0.000  1       18.44     0.002  2       28.65     0.010  2
   8.38     0.000  1       18.59     0.002  2       28.80     0.010  2
   8.53     0.000  1       18.75     0.002  2       28.96     0.010  2
   8.69     0.000  1       18.90     0.002  2       29.11     0.010  2
   8.84     0.000  1       19.05     0.003  2       29.26     0.010  2
   8.99     0.000  1       19.20     0.003  2       29.41     0.010  2
   9.14     0.000  1       19.35     0.003  2       29.57     0.010  2
   9.30     0.000  1       19.51     0.003  2       29.72     0.010  2
   9.45     0.000  1       19.66     0.003  2       29.87     0.011  2
   9.60     0.000  1       19.81     0.003  2       30.02     0.011  2
   9.75     0.000  1       19.96     0.003  2       30.18     0.011  2
   9.91     0.000  1       20.12     0.004  2       30.33     0.011  2
  10.06     0.000  1       20.27     0.004  2       30.48     0.011  2
  10.21     0.000  1       20.42     0.004  2

note:  (+) soil loss - detachment     (-) soil loss - deposition



III. OFF SITE EFFECTS  OFF SITE EFFECTS  OFF SITE EFFECTS
     ----------------  ----------------  ----------------

     A.  SEDIMENT LEAVING PROFILE for year    9     0.086 kg/m



     B.  SEDIMENT CHARACTERISTICS AND ENRICHMENT

     Sediment particle information leaving profile
-------------------------------------------------------------------------------
                                 Particle Composition         Detached Fraction
Class  Diameter  Specific  ---------------------------------  Sediment  In Flow
         (mm)    Gravity   % Sand   % Silt   % Clay   % O.M.  Fraction  Exiting
-------------------------------------------------------------------------------
  1     0.002      2.60      0.0      0.0    100.0     50.0     0.026    0.036
  2     0.010      2.65      0.0    100.0      0.0      0.0     0.070    0.091
  3     0.030      1.80      0.0     71.4     28.6     14.3     0.180    0.199
  4     0.300      1.60     78.2     15.1      6.6      3.3     0.340    0.317
  5     0.200      2.65    100.0      0.0      0.0      0.0     0.384    0.358
-------------------------------------------------------------------------------


     Weighted SSA enrichment ratio leaving profile for year    9 =   1.13


     HILLSLOPE 1 YEARLY SUMMARY FOR   10
     ----------------------------------


I.   RAINFALL AND RUNOFF SUMMARY
     -------- --- ------ -------

      year:     10

         Rainfall         Storm Runoff        Melt Runoff
      events   amount   events   amount     events  amount
                (mm)              (mm)               (mm)

        79     283.30       1       0.38       0       0.00


II.  ON SITE EFFECTS  ON SITE EFFECTS  ON SITE EFFECTS
     ---------------  ---------------  ---------------


  A.  AREA OF NET SOIL LOSS

      ** Soil Loss (Avg. of Net Detachment Areas) =    0.002 kg/m2 **
      ** Maximum Soil Loss  =    0.003 kg/m2 at   30.48 meters **


      Area of    Soil Loss   Soil Loss   MAX   MAX Loss   MIN   MIN Loss
      Net Loss      MEAN      STDEV      Loss    Point    Loss   Point
        (m)       (kg/m2)     (kg/m2)  (kg/m2)    (m)    (kg/m2)  (m)
------------------------------------------------------------------------
  15.24-  30.48    0.002     0.001      0.003   30.48     0.000    16.46



  C.  SOIL LOSS/DEPOSITION ALONG SLOPE PROFILE

          Profile distances are from top to bottom of hillslope


 distance soil  flow    distance   soil  flow    distance   soil  flow
    (m)   loss  elem       (m)     loss  elem       (m)     loss  elem
         (kg/m2)                  (kg/m2)                  (kg/m2)
------------------------------------------------------------------------

   0.15     0.000  1       10.36     0.000  1       20.57     0.001  2
   0.30     0.000  1       10.52     0.000  1       20.73     0.001  2
   0.46     0.000  1       10.67     0.000  1       20.88     0.001  2
   0.61     0.000  1       10.82     0.000  1       21.03     0.001  2
   0.76     0.000  1       10.97     0.000  1       21.18     0.001  2
   0.91     0.000  1       11.13     0.000  1       21.34     0.001  2
   1.07     0.000  1       11.28     0.000  1       21.49     0.001  2
   1.22     0.000  1       11.43     0.000  1       21.64     0.001  2
   1.37     0.000  1       11.58     0.000  1       21.79     0.001  2
   1.52     0.000  1       11.73     0.000  1       21.95     0.001  2
   1.68     0.000  1       11.89     0.000  1       22.10     0.001  2
   1.83     0.000  1       12.04     0.000  1       22.25     0.001  2
   1.98     0.000  1       12.19     0.000  1       22.40     0.002  2
   2.13     0.000  1       12.34     0.000  1       22.56     0.002  2
   2.29     0.000  1       12.50     0.000  1       22.71     0.002  2
   2.44     0.000  1       12.65     0.000  1       22.86     0.002  2
   2.59     0.000  1       12.80     0.000  1       23.01     0.002  2
   2.74     0.000  1       12.95     0.000  1       23.16     0.002  2
   2.90     0.000  1       13.11     0.000  1       23.32     0.002  2
   3.05     0.000  1       13.26     0.000  1       23.47     0.002  2
   3.20     0.000  1       13.41     0.000  1       23.62     0.002  2
   3.35     0.000  1       13.56     0.000  1       23.77     0.002  2
   3.51     0.000  1       13.72     0.000  1       23.93     0.002  2
   3.66     0.000  1       13.87     0.000  1       24.08     0.002  2
   3.81     0.000  1       14.02     0.000  1       24.23     0.002  2
   3.96     0.000  1       14.17     0.000  1       24.38     0.002  2
   4.11     0.000  1       14.33     0.000  1       24.54     0.002  2
   4.27     0.000  1       14.48     0.000  1       24.69     0.002  2
   4.42     0.000  1       14.63     0.000  1       24.84     0.002  2
   4.57     0.000  1       14.78     0.000  1       24.99     0.002  2
   4.72     0.000  1       14.94     0.000  1       25.15     0.002  2
   4.88     0.000  1       15.09     0.000  1       25.30     0.002  2
   5.03     0.000  1       15.24     0.000  1       25.45     0.002  2
   5.18     0.000  1       15.39     0.000  2       25.60     0.002  2
   5.33     0.000  1       15.54     0.000  2       25.76     0.002  2
   5.49     0.000  1       15.70     0.000  2       25.91     0.002  2
   5.64     0.000  1       15.85     0.000  2       26.06     0.002  2
   5.79     0.000  1       16.00     0.000  2       26.21     0.002  2
   5.94     0.000  1       16.15     0.000  2       26.37     0.002  2
   6.10     0.000  1       16.31     0.000  2       26.52     0.002  2
   6.25     0.000  1       16.46     0.000  2       26.67     0.002  2
   6.40     0.000  1       16.61     0.000  2       26.82     0.003  2
   6.55     0.000  1       16.76     0.000  2       26.97     0.003  2
   6.71     0.000  1       16.92     0.000  2       27.13     0.003  2
   6.86     0.000  1       17.07     0.000  2       27.28     0.003  2
   7.01     0.000  1       17.22     0.000  2       27.43     0.003  2
   7.16     0.000  1       17.37     0.000  2       27.58     0.003  2
   7.32     0.000  1       17.53     0.000  2       27.74     0.003  2
   7.47     0.000  1       17.68     0.000  2       27.89     0.003  2
   7.62     0.000  1       17.83     0.000  2       28.04     0.003  2
   7.77     0.000  1       17.98     0.000  2       28.19     0.003  2
   7.92     0.000  1       18.14     0.000  2       28.35     0.003  2
   8.08     0.000  1       18.29     0.000  2       28.50     0.003  2
   8.23     0.000  1       18.44     0.000  2       28.65     0.003  2
   8.38     0.000  1       18.59     0.000  2       28.80     0.003  2
   8.53     0.000  1       18.75     0.000  2       28.96     0.003  2
   8.69     0.000  1       18.90     0.001  2       29.11     0.003  2
   8.84     0.000  1       19.05     0.001  2       29.26     0.003  2
   8.99     0.000  1       19.20     0.001  2       29.41     0.003  2
   9.14     0.000  1       19.35     0.001  2       29.57     0.003  2
   9.30     0.000  1       19.51     0.001  2       29.72     0.003  2
   9.45     0.000  1       19.66     0.001  2       29.87     0.003  2
   9.60     0.000  1       19.81     0.001  2       30.02     0.003  2
   9.75     0.000  1       19.96     0.001  2       30.18     0.003  2
   9.91     0.000  1       20.12     0.001  2       30.33     0.003  2
  10.06     0.000  1       20.27     0.001  2       30.48     0.003  2
  10.21     0.000  1       20.42     0.001  2

note:  (+) soil loss - detachment     (-) soil loss - deposition



III. OFF SITE EFFECTS  OFF SITE EFFECTS  OFF SITE EFFECTS
     ----------------  ----------------  ----------------

     A.  SEDIMENT LEAVING PROFILE for year   10     0.024 kg/m



     B.  SEDIMENT CHARACTERISTICS AND ENRICHMENT

     Sediment particle information leaving profile
-------------------------------------------------------------------------------
                                 Particle Composition         Detached Fraction
Class  Diameter  Specific  ---------------------------------  Sediment  In Flow
         (mm)    Gravity   % Sand   % Silt   % Clay   % O.M.  Fraction  Exiting
-------------------------------------------------------------------------------
  1     0.002      2.60      0.0      0.0    100.0     50.0     0.026    0.038
  2     0.010      2.65      0.0    100.0      0.0      0.0     0.070    0.095
  3     0.030      1.80      0.0     71.4     28.6     14.3     0.180    0.202
  4     0.300      1.60     78.2     15.1      6.6      3.3     0.340    0.313
  5     0.200      2.65    100.0      0.0      0.0      0.0     0.384    0.353
-------------------------------------------------------------------------------


     Weighted SSA enrichment ratio leaving profile for year   10 =   1.16


     ANNUAL AVERAGE SUMMARIES
     ------------------------


I.   RAINFALL AND RUNOFF SUMMARY
     -------- --- ------ -------

      total summary:  years    1 -   10

       905 storms produced                         3473.00 mm of precipitation
        28 rain storm runoff events produced         35.50 mm of runoff
         0 snow melts and/or
             events during winter produced            0.00 mm of runoff

      annual averages
      ---------------

        Number of years                                   10
        Mean annual precipitation                     347.30    mm
        Mean annual runoff from rainfall                3.55    mm
        Mean annual runoff from snow melt
          and/or rain storm during winter               0.00    mm



II.  ON SITE EFFECTS  ON SITE EFFECTS  ON SITE EFFECTS
     ---------------  ---------------  ---------------


  A.  AREA OF NET SOIL LOSS

      ** Soil Loss (Avg. of Net Detachment Areas) =    0.013 kg/m2 **
      ** Maximum Soil Loss  =    0.024 kg/m2 at   30.48 meters **


      Area of    Soil Loss   Soil Loss   MAX   MAX Loss   MIN   MIN Loss
      Net Loss      MEAN      STDEV      Loss    Point    Loss   Point
        (m)       (kg/m2)     (kg/m2)  (kg/m2)    (m)    (kg/m2)  (m)
------------------------------------------------------------------------
  15.24-  30.48    0.013     0.007      0.024   30.48     0.001    15.54



  C.  SOIL LOSS/DEPOSITION ALONG SLOPE PROFILE

          Profile distances are from top to bottom of hillslope


 distance soil  flow    distance   soil  flow    distance   soil  flow
    (m)   loss  elem       (m)     loss  elem       (m)     loss  elem
         (kg/m2)                  (kg/m2)                  (kg/m2)
------------------------------------------------------------------------

   0.15     0.000  1       10.36     0.000  1       20.57     0.010  2
   0.30     0.000  1       10.52     0.000  1       20.73     0.010  2
   0.46     0.000  1       10.67     0.000  1       20.88     0.010  2
   0.61     0.000  1       10.82     0.000  1       21.03     0.011  2
   0.76     0.000  1       10.97     0.000  1       21.18     0.011  2
   0.91     0.000  1       11.13     0.000  1       21.34     0.011  2
   1.07     0.000  1       11.28     0.000  1       21.49     0.011  2
   1.22     0.000  1       11.43     0.000  1       21.64     0.012  2
   1.37     0.000  1       11.58     0.000  1       21.79     0.012  2
   1.52     0.000  1       11.73     0.000  1       21.95     0.012  2
   1.68     0.000  1       11.89     0.000  1       22.10     0.012  2
   1.83     0.000  1       12.04     0.000  1       22.25     0.013  2
   1.98     0.000  1       12.19     0.000  1       22.40     0.013  2
   2.13     0.000  1       12.34     0.000  1       22.56     0.013  2
   2.29     0.000  1       12.50     0.000  1       22.71     0.013  2
   2.44     0.000  1       12.65     0.000  1       22.86     0.014  2
   2.59     0.000  1       12.80     0.000  1       23.01     0.014  2
   2.74     0.000  1       12.95     0.000  1       23.16     0.014  2
   2.90     0.000  1       13.11     0.000  1       23.32     0.014  2
   3.05     0.000  1       13.26     0.000  1       23.47     0.015  2
   3.20     0.000  1       13.41     0.000  1       23.62     0.015  2
   3.35     0.000  1       13.56     0.000  1       23.77     0.015  2
   3.51     0.000  1       13.72     0.000  1       23.93     0.015  2
   3.66     0.000  1       13.87     0.000  1       24.08     0.016  2
   3.81     0.000  1       14.02     0.000  1       24.23     0.016  2
   3.96     0.000  1       14.17     0.000  1       24.38     0.016  2
   4.11     0.000  1       14.33     0.000  1       24.54     0.016  2
   4.27     0.000  1       14.48     0.000  1       24.69     0.017  2
   4.42     0.000  1       14.63     0.000  1       24.84     0.017  2
   4.57     0.000  1       14.78     0.000  1       24.99     0.017  2
   4.72     0.000  1       14.94     0.000  1       25.15     0.017  2
   4.88     0.000  1       15.09     0.000  1       25.30     0.017  2
   5.03     0.000  1       15.24     0.000  1       25.45     0.018  2
   5.18     0.000  1       15.39     0.001  2       25.60     0.018  2
   5.33     0.000  1       15.54     0.001  2       25.76     0.018  2
   5.49     0.000  1       15.70     0.001  2       25.91     0.018  2
   5.64     0.000  1       15.85     0.001  2       26.06     0.019  2
   5.79     0.000  1       16.00     0.001  2       26.21     0.019  2
   5.94     0.000  1       16.15     0.001  2       26.37     0.019  2
   6.10     0.000  1       16.31     0.001  2       26.52     0.019  2
   6.25     0.000  1       16.46     0.001  2       26.67     0.019  2
   6.40     0.000  1       16.61     0.002  2       26.82     0.020  2
   6.55     0.000  1       16.76     0.002  2       26.97     0.020  2
   6.71     0.000  1       16.92     0.002  2       27.13     0.020  2
   6.86     0.000  1       17.07     0.003  2       27.28     0.020  2
   7.01     0.000  1       17.22     0.003  2       27.43     0.020  2
   7.16     0.000  1       17.37     0.003  2       27.58     0.021  2
   7.32     0.000  1       17.53     0.004  2       27.74     0.021  2
   7.47     0.000  1       17.68     0.004  2       27.89     0.021  2
   7.62     0.000  1       17.83     0.004  2       28.04     0.021  2
   7.77     0.000  1       17.98     0.005  2       28.19     0.021  2
   7.92     0.000  1       18.14     0.005  2       28.35     0.022  2
   8.08     0.000  1       18.29     0.005  2       28.50     0.022  2
   8.23     0.000  1       18.44     0.006  2       28.65     0.022  2
   8.38     0.000  1       18.59     0.006  2       28.80     0.022  2
   8.53     0.000  1       18.75     0.006  2       28.96     0.022  2
   8.69     0.000  1       18.90     0.007  2       29.11     0.023  2
   8.84     0.000  1       19.05     0.007  2       29.26     0.023  2
   8.99     0.000  1       19.20     0.007  2       29.41     0.023  2
   9.14     0.000  1       19.35     0.007  2       29.57     0.023  2
   9.30     0.000  1       19.51     0.008  2       29.72     0.023  2
   9.45     0.000  1       19.66     0.008  2       29.87     0.024  2
   9.60     0.000  1       19.81     0.008  2       30.02     0.024  2
   9.75     0.000  1       19.96     0.009  2       30.18     0.024  2
   9.91     0.000  1       20.12     0.009  2       30.33     0.024  2
  10.06     0.000  1       20.27     0.009  2       30.48     0.024  2
  10.21     0.000  1       20.42     0.009  2

note:  (+) soil loss - detachment     (-) soil loss - deposition



III. OFF SITE EFFECTS  OFF SITE EFFECTS  OFF SITE EFFECTS
     ----------------  ----------------  ----------------

     A.  AVERAGE ANNUAL SEDIMENT LEAVING PROFILE
             0.200   kg/m of width
            19.952     kg (based on profile width of    100.000      m)
             0.065   t/ha (assuming contributions from     0.305     ha)


     B.  SEDIMENT CHARACTERISTICS AND ENRICHMENT

     Sediment particle information leaving profile
-------------------------------------------------------------------------------
                                 Particle Composition         Detached Fraction
Class  Diameter  Specific  ---------------------------------  Sediment  In Flow
         (mm)    Gravity   % Sand   % Silt   % Clay   % O.M.  Fraction  Exiting
-------------------------------------------------------------------------------
  1     0.002      2.60      0.0      0.0    100.0     50.0     0.026    0.032
  2     0.010      2.65      0.0    100.0      0.0      0.0     0.070    0.082
  3     0.030      1.80      0.0     71.4     28.6     14.3     0.180    0.191
  4     0.300      1.60     78.2     15.1      6.6      3.3     0.340    0.327
  5     0.200      2.65    100.0      0.0      0.0      0.0     0.384    0.369
-------------------------------------------------------------------------------


     Average annual SSA enrichment ratio leaving profile =   1.07
