 Annual; detailed (Metric Units)                                        


          USDA WATER EROSION PREDICTION PROJECT
          -------------------------------------

          HILLSLOPE PROFILE AND WATERSHED MODEL
                     VERSION  2010.100
           January 28,      2010


               TO REPORT PROBLEMS OR TO BE PUT ON THE MAILING
               LIST FOR FUTURE WEPP MODEL RELEASES, PLEASE CONTACT:

                    WEPP TECHNICAL SUPPORT
                    USDA-AGRICULTURAL RESEARCH SERVICE
                    NATIONAL SOIL EROSION RESEARCH LABORATORY
                    275 SOUTH RUSSELL STREET
                    WEST LAFAYETTE, IN 47907-2077  USA

                    PHONE: (765) 494-8673
                      FAX: (765) 494-5948
                    email:  wepp@ecn.purdue.edu
                      URL:  http://topsoil.nserl.purdue.edu


     HILLSLOPE INPUT DATA FILES - VERSION  2010.100
      January 28,      2010


    MANAGEMENT: ../working/wepp-28251.man                         
 MAN. PRACTICE: Two OFEs for forest conditions                              
                W. Elliot 02/99                                             
                                                                            
         SLOPE: ../working/wepp-28251.slp                         
       CLIMATE: ../working/wepp-28251.cli                         
       Station:  Spain    Albacete Los Llanos                   CLIGEN VERSION  4.31
          SOIL: ../working/wepp-28251.sol                         
      PLANE  1 HIGH                clay loam           
      PLANE  2 HIGH                clay loam           


     HILLSLOPE 1 YEARLY SUMMARY FOR    1
     ----------------------------------


I.   RAINFALL AND RUNOFF SUMMARY
     -------- --- ------ -------

      year:      1

         Rainfall         Storm Runoff        Melt Runoff
      events   amount   events   amount     events  amount
                (mm)              (mm)               (mm)

        62     294.30       2       0.86       0       0.00


II.  ON SITE EFFECTS  ON SITE EFFECTS  ON SITE EFFECTS
     ---------------  ---------------  ---------------


  A.  AREA OF NET SOIL LOSS

      ** Soil Loss (Avg. of Net Detachment Areas) =    0.003 kg/m2 **
      ** Maximum Soil Loss  =    0.004 kg/m2 at   50.00 meters **


      Area of    Soil Loss   Soil Loss   MAX   MAX Loss   MIN   MIN Loss
      Net Loss      MEAN      STDEV      Loss    Point    Loss   Point
        (m)       (kg/m2)     (kg/m2)  (kg/m2)    (m)    (kg/m2)  (m)
------------------------------------------------------------------------
   0.00- 100.00    0.003     0.001      0.004   50.00     0.000    97.00



  C.  SOIL LOSS/DEPOSITION ALONG SLOPE PROFILE

          Profile distances are from top to bottom of hillslope


 distance soil  flow    distance   soil  flow    distance   soil  flow
    (m)   loss  elem       (m)     loss  elem       (m)     loss  elem
         (kg/m2)                  (kg/m2)                  (kg/m2)
------------------------------------------------------------------------

   0.50     0.001  1       34.00     0.003  1       67.50     0.004  2
   1.00     0.001  1       34.50     0.003  1       68.00     0.004  2
   1.50     0.001  1       35.00     0.003  1       68.50     0.004  2
   2.00     0.001  1       35.50     0.003  1       69.00     0.004  2
   2.50     0.001  1       36.00     0.003  1       69.50     0.004  2
   3.00     0.001  1       36.50     0.003  1       70.00     0.004  2
   3.50     0.001  1       37.00     0.003  1       70.50     0.004  2
   4.00     0.001  1       37.50     0.003  1       71.00     0.004  2
   4.50     0.001  1       38.00     0.003  1       71.50     0.004  2
   5.00     0.001  1       38.50     0.003  1       72.00     0.004  2
   5.50     0.001  1       39.00     0.003  1       72.50     0.004  2
   6.00     0.001  1       39.50     0.003  1       73.00     0.004  2
   6.50     0.001  1       40.00     0.003  1       73.50     0.004  2
   7.00     0.001  1       40.50     0.004  1       74.00     0.004  2
   7.50     0.001  1       41.00     0.004  1       74.50     0.004  2
   8.00     0.001  1       41.50     0.004  1       75.00     0.004  2
   8.50     0.001  1       42.00     0.004  1       75.50     0.004  2
   9.00     0.001  1       42.50     0.004  1       76.00     0.004  2
   9.50     0.001  1       43.00     0.004  1       76.50     0.004  2
  10.00     0.001  1       43.50     0.004  1       77.00     0.004  2
  10.50     0.001  1       44.00     0.004  1       77.50     0.004  2
  11.00     0.001  1       44.50     0.004  1       78.00     0.004  2
  11.50     0.001  1       45.00     0.004  1       78.50     0.004  2
  12.00     0.001  1       45.50     0.004  1       79.00     0.004  2
  12.50     0.001  1       46.00     0.004  1       79.50     0.004  2
  13.00     0.001  1       46.50     0.004  1       80.00     0.004  2
  13.50     0.001  1       47.00     0.004  1       80.50     0.003  2
  14.00     0.001  1       47.50     0.004  1       81.00     0.003  2
  14.50     0.001  1       48.00     0.004  1       81.50     0.003  2
  15.00     0.001  1       48.50     0.004  1       82.00     0.003  2
  15.50     0.001  1       49.00     0.004  1       82.50     0.003  2
  16.00     0.001  1       49.50     0.004  1       83.00     0.003  2
  16.50     0.001  1       50.00     0.004  1       83.50     0.003  2
  17.00     0.001  1       50.50     0.004  2       84.00     0.003  2
  17.50     0.001  1       51.00     0.004  2       84.50     0.003  2
  18.00     0.001  1       51.50     0.004  2       85.00     0.003  2
  18.50     0.001  1       52.00     0.004  2       85.50     0.003  2
  19.00     0.001  1       52.50     0.004  2       86.00     0.003  2
  19.50     0.001  1       53.00     0.004  2       86.50     0.002  2
  20.00     0.001  1       53.50     0.004  2       87.00     0.002  2
  20.50     0.001  1       54.00     0.004  2       87.50     0.002  2
  21.00     0.001  1       54.50     0.004  2       88.00     0.002  2
  21.50     0.001  1       55.00     0.004  2       88.50     0.002  2
  22.00     0.001  1       55.50     0.004  2       89.00     0.002  2
  22.50     0.001  1       56.00     0.004  2       89.50     0.002  2
  23.00     0.001  1       56.50     0.004  2       90.00     0.002  2
  23.50     0.002  1       57.00     0.004  2       90.50     0.002  2
  24.00     0.002  1       57.50     0.004  2       91.00     0.002  2
  24.50     0.002  1       58.00     0.004  2       91.50     0.001  2
  25.00     0.002  1       58.50     0.004  2       92.00     0.001  2
  25.50     0.002  1       59.00     0.004  2       92.50     0.001  2
  26.00     0.002  1       59.50     0.004  2       93.00     0.001  2
  26.50     0.002  1       60.00     0.004  2       93.50     0.001  2
  27.00     0.002  1       60.50     0.004  2       94.00     0.001  2
  27.50     0.002  1       61.00     0.004  2       94.50     0.001  2
  28.00     0.002  1       61.50     0.004  2       95.00     0.001  2
  28.50     0.002  1       62.00     0.004  2       95.50     0.001  2
  29.00     0.002  1       62.50     0.004  2       96.00     0.001  2
  29.50     0.002  1       63.00     0.004  2       96.50     0.000  2
  30.00     0.002  1       63.50     0.004  2       97.00     0.000  2
  30.50     0.003  1       64.00     0.004  2       97.50     0.000  2
  31.00     0.003  1       64.50     0.004  2       98.00     0.000  2
  31.50     0.003  1       65.00     0.004  2       98.50     0.000  2
  32.00     0.003  1       65.50     0.004  2       99.00     0.000  2
  32.50     0.003  1       66.00     0.004  2       99.50     0.000  2
  33.00     0.003  1       66.50     0.004  2      100.00     0.000  2
  33.50     0.003  1       67.00     0.004  2

note:  (+) soil loss - detachment     (-) soil loss - deposition



III. OFF SITE EFFECTS  OFF SITE EFFECTS  OFF SITE EFFECTS
     ----------------  ----------------  ----------------

     A.  SEDIMENT LEAVING PROFILE for year    1     0.264 kg/m



     B.  SEDIMENT CHARACTERISTICS AND ENRICHMENT

     Sediment particle information leaving profile
-------------------------------------------------------------------------------
                                 Particle Composition         Detached Fraction
Class  Diameter  Specific  ---------------------------------  Sediment  In Flow
         (mm)    Gravity   % Sand   % Silt   % Clay   % O.M.  Fraction  Exiting
-------------------------------------------------------------------------------
  1     0.002      2.60      0.0      0.0    100.0     16.7     0.078    0.142
  2     0.010      2.65      0.0    100.0      0.0      0.0     0.072    0.119
  3     0.040      1.80      0.0     60.0     40.0      6.7     0.378    0.379
  4     0.600      1.60     48.4     35.2     16.5      2.7     0.430    0.328
  5     0.200      2.65    100.0      0.0      0.0      0.0     0.042    0.032
-------------------------------------------------------------------------------


     Weighted SSA enrichment ratio leaving profile for year    1 =   1.15


     HILLSLOPE 1 YEARLY SUMMARY FOR    2
     ----------------------------------


I.   RAINFALL AND RUNOFF SUMMARY
     -------- --- ------ -------

      year:      2

         Rainfall         Storm Runoff        Melt Runoff
      events   amount   events   amount     events  amount
                (mm)              (mm)               (mm)

        56     285.80       1       0.00       0       0.00


II.  ON SITE EFFECTS  ON SITE EFFECTS  ON SITE EFFECTS
     ---------------  ---------------  ---------------


  A.  AREA OF NET SOIL LOSS

      ** Soil Loss (Avg. of Net Detachment Areas) =    0.000 kg/m2 **
      ** Maximum Soil Loss  =    0.000 kg/m2 at   75.00 meters **


      Area of    Soil Loss   Soil Loss   MAX   MAX Loss   MIN   MIN Loss
      Net Loss      MEAN      STDEV      Loss    Point    Loss   Point
        (m)       (kg/m2)     (kg/m2)  (kg/m2)    (m)    (kg/m2)  (m)
------------------------------------------------------------------------
   0.00- 100.00    0.000     0.000      0.000   75.00     0.000    88.00



  C.  SOIL LOSS/DEPOSITION ALONG SLOPE PROFILE

          Profile distances are from top to bottom of hillslope


 distance soil  flow    distance   soil  flow    distance   soil  flow
    (m)   loss  elem       (m)     loss  elem       (m)     loss  elem
         (kg/m2)                  (kg/m2)                  (kg/m2)
------------------------------------------------------------------------

   0.50     0.000  1       34.00     0.000  1       67.50     0.000  2
   1.00     0.000  1       34.50     0.000  1       68.00     0.000  2
   1.50     0.000  1       35.00     0.000  1       68.50     0.000  2
   2.00     0.000  1       35.50     0.000  1       69.00     0.000  2
   2.50     0.000  1       36.00     0.000  1       69.50     0.000  2
   3.00     0.000  1       36.50     0.000  1       70.00     0.000  2
   3.50     0.000  1       37.00     0.000  1       70.50     0.000  2
   4.00     0.000  1       37.50     0.000  1       71.00     0.000  2
   4.50     0.000  1       38.00     0.000  1       71.50     0.000  2
   5.00     0.000  1       38.50     0.000  1       72.00     0.000  2
   5.50     0.000  1       39.00     0.000  1       72.50     0.000  2
   6.00     0.000  1       39.50     0.000  1       73.00     0.000  2
   6.50     0.000  1       40.00     0.000  1       73.50     0.000  2
   7.00     0.000  1       40.50     0.000  1       74.00     0.000  2
   7.50     0.000  1       41.00     0.000  1       74.50     0.000  2
   8.00     0.000  1       41.50     0.000  1       75.00     0.000  2
   8.50     0.000  1       42.00     0.000  1       75.50     0.000  2
   9.00     0.000  1       42.50     0.000  1       76.00     0.000  2
   9.50     0.000  1       43.00     0.000  1       76.50     0.000  2
  10.00     0.000  1       43.50     0.000  1       77.00     0.000  2
  10.50     0.000  1       44.00     0.000  1       77.50     0.000  2
  11.00     0.000  1       44.50     0.000  1       78.00     0.000  2
  11.50     0.000  1       45.00     0.000  1       78.50     0.000  2
  12.00     0.000  1       45.50     0.000  1       79.00     0.000  2
  12.50     0.000  1       46.00     0.000  1       79.50     0.000  2
  13.00     0.000  1       46.50     0.000  1       80.00     0.000  2
  13.50     0.000  1       47.00     0.000  1       80.50     0.000  2
  14.00     0.000  1       47.50     0.000  1       81.00     0.000  2
  14.50     0.000  1       48.00     0.000  1       81.50     0.000  2
  15.00     0.000  1       48.50     0.000  1       82.00     0.000  2
  15.50     0.000  1       49.00     0.000  1       82.50     0.000  2
  16.00     0.000  1       49.50     0.000  1       83.00     0.000  2
  16.50     0.000  1       50.00     0.000  1       83.50     0.000  2
  17.00     0.000  1       50.50     0.000  2       84.00     0.000  2
  17.50     0.000  1       51.00     0.000  2       84.50     0.000  2
  18.00     0.000  1       51.50     0.000  2       85.00     0.000  2
  18.50     0.000  1       52.00     0.000  2       85.50     0.000  2
  19.00     0.000  1       52.50     0.000  2       86.00     0.000  2
  19.50     0.000  1       53.00     0.000  2       86.50     0.000  2
  20.00     0.000  1       53.50     0.000  2       87.00     0.000  2
  20.50     0.000  1       54.00     0.000  2       87.50     0.000  2
  21.00     0.000  1       54.50     0.000  2       88.00     0.000  2
  21.50     0.000  1       55.00     0.000  2       88.50     0.000  2
  22.00     0.000  1       55.50     0.000  2       89.00     0.000  2
  22.50     0.000  1       56.00     0.000  2       89.50     0.000  2
  23.00     0.000  1       56.50     0.000  2       90.00     0.000  2
  23.50     0.000  1       57.00     0.000  2       90.50     0.000  2
  24.00     0.000  1       57.50     0.000  2       91.00     0.000  2
  24.50     0.000  1       58.00     0.000  2       91.50     0.000  2
  25.00     0.000  1       58.50     0.000  2       92.00     0.000  2
  25.50     0.000  1       59.00     0.000  2       92.50     0.000  2
  26.00     0.000  1       59.50     0.000  2       93.00     0.000  2
  26.50     0.000  1       60.00     0.000  2       93.50     0.000  2
  27.00     0.000  1       60.50     0.000  2       94.00     0.000  2
  27.50     0.000  1       61.00     0.000  2       94.50     0.000  2
  28.00     0.000  1       61.50     0.000  2       95.00     0.000  2
  28.50     0.000  1       62.00     0.000  2       95.50     0.000  2
  29.00     0.000  1       62.50     0.000  2       96.00     0.000  2
  29.50     0.000  1       63.00     0.000  2       96.50     0.000  2
  30.00     0.000  1       63.50     0.000  2       97.00     0.000  2
  30.50     0.000  1       64.00     0.000  2       97.50     0.000  2
  31.00     0.000  1       64.50     0.000  2       98.00     0.000  2
  31.50     0.000  1       65.00     0.000  2       98.50     0.000  2
  32.00     0.000  1       65.50     0.000  2       99.00     0.000  2
  32.50     0.000  1       66.00     0.000  2       99.50     0.000  2
  33.00     0.000  1       66.50     0.000  2      100.00     0.000  2
  33.50     0.000  1       67.00     0.000  2

note:  (+) soil loss - detachment     (-) soil loss - deposition



III. OFF SITE EFFECTS  OFF SITE EFFECTS  OFF SITE EFFECTS
     ----------------  ----------------  ----------------

     A.  SEDIMENT LEAVING PROFILE for year    2     0.000 kg/m



     B.  SEDIMENT CHARACTERISTICS AND ENRICHMENT

     Sediment particle information leaving profile
-------------------------------------------------------------------------------
                                 Particle Composition         Detached Fraction
Class  Diameter  Specific  ---------------------------------  Sediment  In Flow
         (mm)    Gravity   % Sand   % Silt   % Clay   % O.M.  Fraction  Exiting
-------------------------------------------------------------------------------
  1     0.002      2.60      0.0      0.0    100.0     16.7     0.078    0.366
  2     0.010      2.65      0.0    100.0      0.0      0.0     0.072    0.270
  3     0.040      1.80      0.0     60.0     40.0      6.7     0.378    0.283
  4     0.600      1.60     48.4     35.2     16.5      2.7     0.430    0.073
  5     0.200      2.65    100.0      0.0      0.0      0.0     0.042    0.007
-------------------------------------------------------------------------------


     Weighted SSA enrichment ratio leaving profile for year    2 =   1.60


     HILLSLOPE 1 YEARLY SUMMARY FOR    3
     ----------------------------------


I.   RAINFALL AND RUNOFF SUMMARY
     -------- --- ------ -------

      year:      3

         Rainfall         Storm Runoff        Melt Runoff
      events   amount   events   amount     events  amount
                (mm)              (mm)               (mm)

        55     322.30       1       0.17       0       0.00


II.  ON SITE EFFECTS  ON SITE EFFECTS  ON SITE EFFECTS
     ---------------  ---------------  ---------------


  A.  AREA OF NET SOIL LOSS

      ** Soil Loss (Avg. of Net Detachment Areas) =    0.000 kg/m2 **
      ** Maximum Soil Loss  =    0.000 kg/m2 at   75.00 meters **


      Area of    Soil Loss   Soil Loss   MAX   MAX Loss   MIN   MIN Loss
      Net Loss      MEAN      STDEV      Loss    Point    Loss   Point
        (m)       (kg/m2)     (kg/m2)  (kg/m2)    (m)    (kg/m2)  (m)
------------------------------------------------------------------------
   0.00- 100.00    0.000     0.000      0.000   75.00     0.000    77.50



  C.  SOIL LOSS/DEPOSITION ALONG SLOPE PROFILE

          Profile distances are from top to bottom of hillslope


 distance soil  flow    distance   soil  flow    distance   soil  flow
    (m)   loss  elem       (m)     loss  elem       (m)     loss  elem
         (kg/m2)                  (kg/m2)                  (kg/m2)
------------------------------------------------------------------------

   0.50     0.000  1       34.00     0.000  1       67.50     0.000  2
   1.00     0.000  1       34.50     0.000  1       68.00     0.000  2
   1.50     0.000  1       35.00     0.000  1       68.50     0.000  2
   2.00     0.000  1       35.50     0.000  1       69.00     0.000  2
   2.50     0.000  1       36.00     0.000  1       69.50     0.000  2
   3.00     0.000  1       36.50     0.000  1       70.00     0.000  2
   3.50     0.000  1       37.00     0.000  1       70.50     0.000  2
   4.00     0.000  1       37.50     0.000  1       71.00     0.000  2
   4.50     0.000  1       38.00     0.000  1       71.50     0.000  2
   5.00     0.000  1       38.50     0.000  1       72.00     0.000  2
   5.50     0.000  1       39.00     0.000  1       72.50     0.000  2
   6.00     0.000  1       39.50     0.000  1       73.00     0.000  2
   6.50     0.000  1       40.00     0.000  1       73.50     0.000  2
   7.00     0.000  1       40.50     0.000  1       74.00     0.000  2
   7.50     0.000  1       41.00     0.000  1       74.50     0.000  2
   8.00     0.000  1       41.50     0.000  1       75.00     0.000  2
   8.50     0.000  1       42.00     0.000  1       75.50     0.000  2
   9.00     0.000  1       42.50     0.000  1       76.00     0.000  2
   9.50     0.000  1       43.00     0.000  1       76.50     0.000  2
  10.00     0.000  1       43.50     0.000  1       77.00     0.000  2
  10.50     0.000  1       44.00     0.000  1       77.50     0.000  2
  11.00     0.000  1       44.50     0.000  1       78.00     0.000  2
  11.50     0.000  1       45.00     0.000  1       78.50     0.000  2
  12.00     0.000  1       45.50     0.000  1       79.00     0.000  2
  12.50     0.000  1       46.00     0.000  1       79.50     0.000  2
  13.00     0.000  1       46.50     0.000  1       80.00     0.000  2
  13.50     0.000  1       47.00     0.000  1       80.50     0.000  2
  14.00     0.000  1       47.50     0.000  1       81.00     0.000  2
  14.50     0.000  1       48.00     0.000  1       81.50     0.000  2
  15.00     0.000  1       48.50     0.000  1       82.00     0.000  2
  15.50     0.000  1       49.00     0.000  1       82.50     0.000  2
  16.00     0.000  1       49.50     0.000  1       83.00     0.000  2
  16.50     0.000  1       50.00     0.000  1       83.50     0.000  2
  17.00     0.000  1       50.50     0.000  2       84.00     0.000  2
  17.50     0.000  1       51.00     0.000  2       84.50     0.000  2
  18.00     0.000  1       51.50     0.000  2       85.00     0.000  2
  18.50     0.000  1       52.00     0.000  2       85.50     0.000  2
  19.00     0.000  1       52.50     0.000  2       86.00     0.000  2
  19.50     0.000  1       53.00     0.000  2       86.50     0.000  2
  20.00     0.000  1       53.50     0.000  2       87.00     0.000  2
  20.50     0.000  1       54.00     0.000  2       87.50     0.000  2
  21.00     0.000  1       54.50     0.000  2       88.00     0.000  2
  21.50     0.000  1       55.00     0.000  2       88.50     0.000  2
  22.00     0.000  1       55.50     0.000  2       89.00     0.000  2
  22.50     0.000  1       56.00     0.000  2       89.50     0.000  2
  23.00     0.000  1       56.50     0.000  2       90.00     0.000  2
  23.50     0.000  1       57.00     0.000  2       90.50     0.000  2
  24.00     0.000  1       57.50     0.000  2       91.00     0.000  2
  24.50     0.000  1       58.00     0.000  2       91.50     0.000  2
  25.00     0.000  1       58.50     0.000  2       92.00     0.000  2
  25.50     0.000  1       59.00     0.000  2       92.50     0.000  2
  26.00     0.000  1       59.50     0.000  2       93.00     0.000  2
  26.50     0.000  1       60.00     0.000  2       93.50     0.000  2
  27.00     0.000  1       60.50     0.000  2       94.00     0.000  2
  27.50     0.000  1       61.00     0.000  2       94.50     0.000  2
  28.00     0.000  1       61.50     0.000  2       95.00     0.000  2
  28.50     0.000  1       62.00     0.000  2       95.50     0.000  2
  29.00     0.000  1       62.50     0.000  2       96.00     0.000  2
  29.50     0.000  1       63.00     0.000  2       96.50     0.000  2
  30.00     0.000  1       63.50     0.000  2       97.00     0.000  2
  30.50     0.000  1       64.00     0.000  2       97.50     0.000  2
  31.00     0.000  1       64.50     0.000  2       98.00     0.000  2
  31.50     0.000  1       65.00     0.000  2       98.50     0.000  2
  32.00     0.000  1       65.50     0.000  2       99.00     0.000  2
  32.50     0.000  1       66.00     0.000  2       99.50     0.000  2
  33.00     0.000  1       66.50     0.000  2      100.00     0.000  2
  33.50     0.000  1       67.00     0.000  2

note:  (+) soil loss - detachment     (-) soil loss - deposition



III. OFF SITE EFFECTS  OFF SITE EFFECTS  OFF SITE EFFECTS
     ----------------  ----------------  ----------------

     A.  SEDIMENT LEAVING PROFILE for year    3     0.013 kg/m



     B.  SEDIMENT CHARACTERISTICS AND ENRICHMENT

     Sediment particle information leaving profile
-------------------------------------------------------------------------------
                                 Particle Composition         Detached Fraction
Class  Diameter  Specific  ---------------------------------  Sediment  In Flow
         (mm)    Gravity   % Sand   % Silt   % Clay   % O.M.  Fraction  Exiting
-------------------------------------------------------------------------------
  1     0.002      2.60      0.0      0.0    100.0     16.7     0.078    0.227
  2     0.010      2.65      0.0    100.0      0.0      0.0     0.072    0.192
  3     0.040      1.80      0.0     60.0     40.0      6.7     0.378    0.515
  4     0.600      1.60     48.4     35.2     16.5      2.7     0.430    0.061
  5     0.200      2.65    100.0      0.0      0.0      0.0     0.042    0.006
-------------------------------------------------------------------------------


     Weighted SSA enrichment ratio leaving profile for year    3 =   1.45


     HILLSLOPE 1 YEARLY SUMMARY FOR    4
     ----------------------------------


I.   RAINFALL AND RUNOFF SUMMARY
     -------- --- ------ -------

      year:      4

         Rainfall         Storm Runoff        Melt Runoff
      events   amount   events   amount     events  amount
                (mm)              (mm)               (mm)

        56     202.60       1       0.03       0       0.00


II.  ON SITE EFFECTS  ON SITE EFFECTS  ON SITE EFFECTS
     ---------------  ---------------  ---------------


  A.  AREA OF NET SOIL LOSS

      ** Soil Loss (Avg. of Net Detachment Areas) =    0.000 kg/m2 **
      ** Maximum Soil Loss  =    0.000 kg/m2 at   75.00 meters **


      Area of    Soil Loss   Soil Loss   MAX   MAX Loss   MIN   MIN Loss
      Net Loss      MEAN      STDEV      Loss    Point    Loss   Point
        (m)       (kg/m2)     (kg/m2)  (kg/m2)    (m)    (kg/m2)  (m)
------------------------------------------------------------------------
   0.00- 100.00    0.000     0.000      0.000   75.00     0.000    88.00



  C.  SOIL LOSS/DEPOSITION ALONG SLOPE PROFILE

          Profile distances are from top to bottom of hillslope


 distance soil  flow    distance   soil  flow    distance   soil  flow
    (m)   loss  elem       (m)     loss  elem       (m)     loss  elem
         (kg/m2)                  (kg/m2)                  (kg/m2)
------------------------------------------------------------------------

   0.50     0.000  1       34.00     0.000  1       67.50     0.000  2
   1.00     0.000  1       34.50     0.000  1       68.00     0.000  2
   1.50     0.000  1       35.00     0.000  1       68.50     0.000  2
   2.00     0.000  1       35.50     0.000  1       69.00     0.000  2
   2.50     0.000  1       36.00     0.000  1       69.50     0.000  2
   3.00     0.000  1       36.50     0.000  1       70.00     0.000  2
   3.50     0.000  1       37.00     0.000  1       70.50     0.000  2
   4.00     0.000  1       37.50     0.000  1       71.00     0.000  2
   4.50     0.000  1       38.00     0.000  1       71.50     0.000  2
   5.00     0.000  1       38.50     0.000  1       72.00     0.000  2
   5.50     0.000  1       39.00     0.000  1       72.50     0.000  2
   6.00     0.000  1       39.50     0.000  1       73.00     0.000  2
   6.50     0.000  1       40.00     0.000  1       73.50     0.000  2
   7.00     0.000  1       40.50     0.000  1       74.00     0.000  2
   7.50     0.000  1       41.00     0.000  1       74.50     0.000  2
   8.00     0.000  1       41.50     0.000  1       75.00     0.000  2
   8.50     0.000  1       42.00     0.000  1       75.50     0.000  2
   9.00     0.000  1       42.50     0.000  1       76.00     0.000  2
   9.50     0.000  1       43.00     0.000  1       76.50     0.000  2
  10.00     0.000  1       43.50     0.000  1       77.00     0.000  2
  10.50     0.000  1       44.00     0.000  1       77.50     0.000  2
  11.00     0.000  1       44.50     0.000  1       78.00     0.000  2
  11.50     0.000  1       45.00     0.000  1       78.50     0.000  2
  12.00     0.000  1       45.50     0.000  1       79.00     0.000  2
  12.50     0.000  1       46.00     0.000  1       79.50     0.000  2
  13.00     0.000  1       46.50     0.000  1       80.00     0.000  2
  13.50     0.000  1       47.00     0.000  1       80.50     0.000  2
  14.00     0.000  1       47.50     0.000  1       81.00     0.000  2
  14.50     0.000  1       48.00     0.000  1       81.50     0.000  2
  15.00     0.000  1       48.50     0.000  1       82.00     0.000  2
  15.50     0.000  1       49.00     0.000  1       82.50     0.000  2
  16.00     0.000  1       49.50     0.000  1       83.00     0.000  2
  16.50     0.000  1       50.00     0.000  1       83.50     0.000  2
  17.00     0.000  1       50.50     0.000  2       84.00     0.000  2
  17.50     0.000  1       51.00     0.000  2       84.50     0.000  2
  18.00     0.000  1       51.50     0.000  2       85.00     0.000  2
  18.50     0.000  1       52.00     0.000  2       85.50     0.000  2
  19.00     0.000  1       52.50     0.000  2       86.00     0.000  2
  19.50     0.000  1       53.00     0.000  2       86.50     0.000  2
  20.00     0.000  1       53.50     0.000  2       87.00     0.000  2
  20.50     0.000  1       54.00     0.000  2       87.50     0.000  2
  21.00     0.000  1       54.50     0.000  2       88.00     0.000  2
  21.50     0.000  1       55.00     0.000  2       88.50     0.000  2
  22.00     0.000  1       55.50     0.000  2       89.00     0.000  2
  22.50     0.000  1       56.00     0.000  2       89.50     0.000  2
  23.00     0.000  1       56.50     0.000  2       90.00     0.000  2
  23.50     0.000  1       57.00     0.000  2       90.50     0.000  2
  24.00     0.000  1       57.50     0.000  2       91.00     0.000  2
  24.50     0.000  1       58.00     0.000  2       91.50     0.000  2
  25.00     0.000  1       58.50     0.000  2       92.00     0.000  2
  25.50     0.000  1       59.00     0.000  2       92.50     0.000  2
  26.00     0.000  1       59.50     0.000  2       93.00     0.000  2
  26.50     0.000  1       60.00     0.000  2       93.50     0.000  2
  27.00     0.000  1       60.50     0.000  2       94.00     0.000  2
  27.50     0.000  1       61.00     0.000  2       94.50     0.000  2
  28.00     0.000  1       61.50     0.000  2       95.00     0.000  2
  28.50     0.000  1       62.00     0.000  2       95.50     0.000  2
  29.00     0.000  1       62.50     0.000  2       96.00     0.000  2
  29.50     0.000  1       63.00     0.000  2       96.50     0.000  2
  30.00     0.000  1       63.50     0.000  2       97.00     0.000  2
  30.50     0.000  1       64.00     0.000  2       97.50     0.000  2
  31.00     0.000  1       64.50     0.000  2       98.00     0.000  2
  31.50     0.000  1       65.00     0.000  2       98.50     0.000  2
  32.00     0.000  1       65.50     0.000  2       99.00     0.000  2
  32.50     0.000  1       66.00     0.000  2       99.50     0.000  2
  33.00     0.000  1       66.50     0.000  2      100.00     0.000  2
  33.50     0.000  1       67.00     0.000  2

note:  (+) soil loss - detachment     (-) soil loss - deposition



III. OFF SITE EFFECTS  OFF SITE EFFECTS  OFF SITE EFFECTS
     ----------------  ----------------  ----------------

     A.  SEDIMENT LEAVING PROFILE for year    4     0.002 kg/m



     B.  SEDIMENT CHARACTERISTICS AND ENRICHMENT

     Sediment particle information leaving profile
-------------------------------------------------------------------------------
                                 Particle Composition         Detached Fraction
Class  Diameter  Specific  ---------------------------------  Sediment  In Flow
         (mm)    Gravity   % Sand   % Silt   % Clay   % O.M.  Fraction  Exiting
-------------------------------------------------------------------------------
  1     0.002      2.60      0.0      0.0    100.0     16.7     0.078    0.293
  2     0.010      2.65      0.0    100.0      0.0      0.0     0.072    0.231
  3     0.040      1.80      0.0     60.0     40.0      6.7     0.378    0.382
  4     0.600      1.60     48.4     35.2     16.5      2.7     0.430    0.086
  5     0.200      2.65    100.0      0.0      0.0      0.0     0.042    0.008
-------------------------------------------------------------------------------


     Weighted SSA enrichment ratio leaving profile for year    4 =   1.50


     HILLSLOPE 1 YEARLY SUMMARY FOR    5
     ----------------------------------


I.   RAINFALL AND RUNOFF SUMMARY
     -------- --- ------ -------

      year:      5

         Rainfall         Storm Runoff        Melt Runoff
      events   amount   events   amount     events  amount
                (mm)              (mm)               (mm)

        61     276.00       1       0.48       0       0.00


II.  ON SITE EFFECTS  ON SITE EFFECTS  ON SITE EFFECTS
     ---------------  ---------------  ---------------


  A.  AREA OF NET SOIL LOSS

      ** Soil Loss (Avg. of Net Detachment Areas) =    0.002 kg/m2 **
      ** Maximum Soil Loss  =    0.003 kg/m2 at   50.00 meters **


      Area of    Soil Loss   Soil Loss   MAX   MAX Loss   MIN   MIN Loss
      Net Loss      MEAN      STDEV      Loss    Point    Loss   Point
        (m)       (kg/m2)     (kg/m2)  (kg/m2)    (m)    (kg/m2)  (m)
------------------------------------------------------------------------
   0.00- 100.00    0.002     0.001      0.003   50.00     0.000    96.00



  C.  SOIL LOSS/DEPOSITION ALONG SLOPE PROFILE

          Profile distances are from top to bottom of hillslope


 distance soil  flow    distance   soil  flow    distance   soil  flow
    (m)   loss  elem       (m)     loss  elem       (m)     loss  elem
         (kg/m2)                  (kg/m2)                  (kg/m2)
------------------------------------------------------------------------

   0.50     0.001  1       34.00     0.002  1       67.50     0.003  2
   1.00     0.001  1       34.50     0.002  1       68.00     0.003  2
   1.50     0.001  1       35.00     0.002  1       68.50     0.003  2
   2.00     0.001  1       35.50     0.002  1       69.00     0.003  2
   2.50     0.001  1       36.00     0.002  1       69.50     0.003  2
   3.00     0.001  1       36.50     0.002  1       70.00     0.003  2
   3.50     0.001  1       37.00     0.002  1       70.50     0.003  2
   4.00     0.001  1       37.50     0.002  1       71.00     0.003  2
   4.50     0.001  1       38.00     0.002  1       71.50     0.003  2
   5.00     0.001  1       38.50     0.002  1       72.00     0.003  2
   5.50     0.001  1       39.00     0.002  1       72.50     0.003  2
   6.00     0.001  1       39.50     0.002  1       73.00     0.003  2
   6.50     0.001  1       40.00     0.002  1       73.50     0.003  2
   7.00     0.001  1       40.50     0.002  1       74.00     0.003  2
   7.50     0.001  1       41.00     0.002  1       74.50     0.003  2
   8.00     0.001  1       41.50     0.003  1       75.00     0.003  2
   8.50     0.001  1       42.00     0.003  1       75.50     0.003  2
   9.00     0.001  1       42.50     0.003  1       76.00     0.003  2
   9.50     0.001  1       43.00     0.003  1       76.50     0.003  2
  10.00     0.001  1       43.50     0.003  1       77.00     0.003  2
  10.50     0.001  1       44.00     0.003  1       77.50     0.003  2
  11.00     0.001  1       44.50     0.003  1       78.00     0.003  2
  11.50     0.001  1       45.00     0.003  1       78.50     0.003  2
  12.00     0.001  1       45.50     0.003  1       79.00     0.003  2
  12.50     0.001  1       46.00     0.003  1       79.50     0.003  2
  13.00     0.001  1       46.50     0.003  1       80.00     0.002  2
  13.50     0.001  1       47.00     0.003  1       80.50     0.002  2
  14.00     0.001  1       47.50     0.003  1       81.00     0.002  2
  14.50     0.001  1       48.00     0.003  1       81.50     0.002  2
  15.00     0.001  1       48.50     0.003  1       82.00     0.002  2
  15.50     0.001  1       49.00     0.003  1       82.50     0.002  2
  16.00     0.001  1       49.50     0.003  1       83.00     0.002  2
  16.50     0.001  1       50.00     0.003  1       83.50     0.002  2
  17.00     0.001  1       50.50     0.003  2       84.00     0.002  2
  17.50     0.001  1       51.00     0.003  2       84.50     0.002  2
  18.00     0.001  1       51.50     0.003  2       85.00     0.002  2
  18.50     0.001  1       52.00     0.003  2       85.50     0.002  2
  19.00     0.001  1       52.50     0.003  2       86.00     0.002  2
  19.50     0.001  1       53.00     0.003  2       86.50     0.002  2
  20.00     0.001  1       53.50     0.003  2       87.00     0.001  2
  20.50     0.001  1       54.00     0.003  2       87.50     0.001  2
  21.00     0.001  1       54.50     0.003  2       88.00     0.001  2
  21.50     0.001  1       55.00     0.003  2       88.50     0.001  2
  22.00     0.001  1       55.50     0.003  2       89.00     0.001  2
  22.50     0.001  1       56.00     0.003  2       89.50     0.001  2
  23.00     0.001  1       56.50     0.003  2       90.00     0.001  2
  23.50     0.001  1       57.00     0.003  2       90.50     0.001  2
  24.00     0.001  1       57.50     0.003  2       91.00     0.001  2
  24.50     0.001  1       58.00     0.003  2       91.50     0.001  2
  25.00     0.001  1       58.50     0.003  2       92.00     0.001  2
  25.50     0.001  1       59.00     0.003  2       92.50     0.001  2
  26.00     0.001  1       59.50     0.003  2       93.00     0.000  2
  26.50     0.001  1       60.00     0.003  2       93.50     0.000  2
  27.00     0.001  1       60.50     0.003  2       94.00     0.000  2
  27.50     0.001  1       61.00     0.003  2       94.50     0.000  2
  28.00     0.001  1       61.50     0.003  2       95.00     0.000  2
  28.50     0.001  1       62.00     0.003  2       95.50     0.000  2
  29.00     0.001  1       62.50     0.003  2       96.00     0.000  2
  29.50     0.002  1       63.00     0.003  2       96.50     0.000  2
  30.00     0.002  1       63.50     0.003  2       97.00     0.000  2
  30.50     0.002  1       64.00     0.003  2       97.50     0.000  2
  31.00     0.002  1       64.50     0.003  2       98.00     0.000  2
  31.50     0.002  1       65.00     0.003  2       98.50     0.000  2
  32.00     0.002  1       65.50     0.003  2       99.00     0.000  2
  32.50     0.002  1       66.00     0.003  2       99.50     0.000  2
  33.00     0.002  1       66.50     0.003  2      100.00     0.000  2
  33.50     0.002  1       67.00     0.003  2

note:  (+) soil loss - detachment     (-) soil loss - deposition



III. OFF SITE EFFECTS  OFF SITE EFFECTS  OFF SITE EFFECTS
     ----------------  ----------------  ----------------

     A.  SEDIMENT LEAVING PROFILE for year    5     0.180 kg/m



     B.  SEDIMENT CHARACTERISTICS AND ENRICHMENT

     Sediment particle information leaving profile
-------------------------------------------------------------------------------
                                 Particle Composition         Detached Fraction
Class  Diameter  Specific  ---------------------------------  Sediment  In Flow
         (mm)    Gravity   % Sand   % Silt   % Clay   % O.M.  Fraction  Exiting
-------------------------------------------------------------------------------
  1     0.002      2.60      0.0      0.0    100.0     16.7     0.078    0.122
  2     0.010      2.65      0.0    100.0      0.0      0.0     0.072    0.107
  3     0.040      1.80      0.0     60.0     40.0      6.7     0.378    0.416
  4     0.600      1.60     48.4     35.2     16.5      2.7     0.430    0.322
  5     0.200      2.65    100.0      0.0      0.0      0.0     0.042    0.032
-------------------------------------------------------------------------------


     Weighted SSA enrichment ratio leaving profile for year    5 =   1.13


     HILLSLOPE 1 YEARLY SUMMARY FOR    6
     ----------------------------------


I.   RAINFALL AND RUNOFF SUMMARY
     -------- --- ------ -------

      year:      6

         Rainfall         Storm Runoff        Melt Runoff
      events   amount   events   amount     events  amount
                (mm)              (mm)               (mm)

        73     344.10       2       4.42       0       0.00


II.  ON SITE EFFECTS  ON SITE EFFECTS  ON SITE EFFECTS
     ---------------  ---------------  ---------------


  A.  AREA OF NET SOIL LOSS

      ** Soil Loss (Avg. of Net Detachment Areas) =    0.020 kg/m2 **
      ** Maximum Soil Loss  =    0.034 kg/m2 at   50.00 meters **


      Area of    Soil Loss   Soil Loss   MAX   MAX Loss   MIN   MIN Loss
      Net Loss      MEAN      STDEV      Loss    Point    Loss   Point
        (m)       (kg/m2)     (kg/m2)  (kg/m2)    (m)    (kg/m2)  (m)
------------------------------------------------------------------------
   0.00- 100.00    0.020     0.009      0.034   50.00     0.003   100.00



  C.  SOIL LOSS/DEPOSITION ALONG SLOPE PROFILE

          Profile distances are from top to bottom of hillslope


 distance soil  flow    distance   soil  flow    distance   soil  flow
    (m)   loss  elem       (m)     loss  elem       (m)     loss  elem
         (kg/m2)                  (kg/m2)                  (kg/m2)
------------------------------------------------------------------------

   0.50     0.005  1       34.00     0.026  1       67.50     0.026  2
   1.00     0.006  1       34.50     0.027  1       68.00     0.026  2
   1.50     0.006  1       35.00     0.027  1       68.50     0.026  2
   2.00     0.006  1       35.50     0.027  1       69.00     0.026  2
   2.50     0.006  1       36.00     0.027  1       69.50     0.026  2
   3.00     0.006  1       36.50     0.028  1       70.00     0.026  2
   3.50     0.006  1       37.00     0.028  1       70.50     0.026  2
   4.00     0.006  1       37.50     0.028  1       71.00     0.026  2
   4.50     0.006  1       38.00     0.028  1       71.50     0.026  2
   5.00     0.006  1       38.50     0.029  1       72.00     0.026  2
   5.50     0.006  1       39.00     0.029  1       72.50     0.026  2
   6.00     0.006  1       39.50     0.029  1       73.00     0.026  2
   6.50     0.006  1       40.00     0.029  1       73.50     0.026  2
   7.00     0.006  1       40.50     0.030  1       74.00     0.026  2
   7.50     0.006  1       41.00     0.030  1       74.50     0.026  2
   8.00     0.006  1       41.50     0.030  1       75.00     0.026  2
   8.50     0.006  1       42.00     0.030  1       75.50     0.026  2
   9.00     0.006  1       42.50     0.031  1       76.00     0.025  2
   9.50     0.006  1       43.00     0.031  1       76.50     0.025  2
  10.00     0.006  1       43.50     0.031  1       77.00     0.025  2
  10.50     0.006  1       44.00     0.031  1       77.50     0.024  2
  11.00     0.006  1       44.50     0.032  1       78.00     0.024  2
  11.50     0.007  1       45.00     0.032  1       78.50     0.023  2
  12.00     0.007  1       45.50     0.032  1       79.00     0.023  2
  12.50     0.008  1       46.00     0.032  1       79.50     0.023  2
  13.00     0.008  1       46.50     0.033  1       80.00     0.022  2
  13.50     0.009  1       47.00     0.033  1       80.50     0.022  2
  14.00     0.009  1       47.50     0.033  1       81.00     0.021  2
  14.50     0.010  1       48.00     0.033  1       81.50     0.021  2
  15.00     0.010  1       48.50     0.033  1       82.00     0.021  2
  15.50     0.011  1       49.00     0.034  1       82.50     0.020  2
  16.00     0.011  1       49.50     0.034  1       83.00     0.020  2
  16.50     0.012  1       50.00     0.034  1       83.50     0.019  2
  17.00     0.012  1       50.50     0.027  2       84.00     0.019  2
  17.50     0.013  1       51.00     0.027  2       84.50     0.018  2
  18.00     0.013  1       51.50     0.027  2       85.00     0.018  2
  18.50     0.014  1       52.00     0.027  2       85.50     0.018  2
  19.00     0.014  1       52.50     0.027  2       86.00     0.017  2
  19.50     0.015  1       53.00     0.027  2       86.50     0.017  2
  20.00     0.015  1       53.50     0.027  2       87.00     0.016  2
  20.50     0.016  1       54.00     0.027  2       87.50     0.016  2
  21.00     0.016  1       54.50     0.027  2       88.00     0.015  2
  21.50     0.017  1       55.00     0.027  2       88.50     0.015  2
  22.00     0.018  1       55.50     0.027  2       89.00     0.014  2
  22.50     0.018  1       56.00     0.027  2       89.50     0.014  2
  23.00     0.019  1       56.50     0.027  2       90.00     0.014  2
  23.50     0.019  1       57.00     0.027  2       90.50     0.013  2
  24.00     0.020  1       57.50     0.027  2       91.00     0.013  2
  24.50     0.020  1       58.00     0.027  2       91.50     0.012  2
  25.00     0.021  1       58.50     0.027  2       92.00     0.012  2
  25.50     0.022  1       59.00     0.027  2       92.50     0.011  2
  26.00     0.022  1       59.50     0.027  2       93.00     0.011  2
  26.50     0.022  1       60.00     0.027  2       93.50     0.010  2
  27.00     0.022  1       60.50     0.027  2       94.00     0.010  2
  27.50     0.023  1       61.00     0.027  2       94.50     0.009  2
  28.00     0.023  1       61.50     0.027  2       95.00     0.009  2
  28.50     0.023  1       62.00     0.027  2       95.50     0.008  2
  29.00     0.024  1       62.50     0.027  2       96.00     0.008  2
  29.50     0.024  1       63.00     0.027  2       96.50     0.007  2
  30.00     0.024  1       63.50     0.026  2       97.00     0.007  2
  30.50     0.024  1       64.00     0.026  2       97.50     0.006  2
  31.00     0.025  1       64.50     0.026  2       98.00     0.005  2
  31.50     0.025  1       65.00     0.026  2       98.50     0.005  2
  32.00     0.025  1       65.50     0.026  2       99.00     0.004  2
  32.50     0.025  1       66.00     0.026  2       99.50     0.004  2
  33.00     0.026  1       66.50     0.026  2      100.00     0.003  2
  33.50     0.026  1       67.00     0.026  2

note:  (+) soil loss - detachment     (-) soil loss - deposition



III. OFF SITE EFFECTS  OFF SITE EFFECTS  OFF SITE EFFECTS
     ----------------  ----------------  ----------------

     A.  SEDIMENT LEAVING PROFILE for year    6     1.999 kg/m



     B.  SEDIMENT CHARACTERISTICS AND ENRICHMENT

     Sediment particle information leaving profile
-------------------------------------------------------------------------------
                                 Particle Composition         Detached Fraction
Class  Diameter  Specific  ---------------------------------  Sediment  In Flow
         (mm)    Gravity   % Sand   % Silt   % Clay   % O.M.  Fraction  Exiting
-------------------------------------------------------------------------------
  1     0.002      2.60      0.0      0.0    100.0     16.7     0.078    0.121
  2     0.010      2.65      0.0    100.0      0.0      0.0     0.072    0.100
  3     0.040      1.80      0.0     60.0     40.0      6.7     0.378    0.372
  4     0.600      1.60     48.4     35.2     16.5      2.7     0.430    0.371
  5     0.200      2.65    100.0      0.0      0.0      0.0     0.042    0.036
-------------------------------------------------------------------------------


     Weighted SSA enrichment ratio leaving profile for year    6 =   1.10


     HILLSLOPE 1 YEARLY SUMMARY FOR    7
     ----------------------------------


I.   RAINFALL AND RUNOFF SUMMARY
     -------- --- ------ -------

      year:      7

         Rainfall         Storm Runoff        Melt Runoff
      events   amount   events   amount     events  amount
                (mm)              (mm)               (mm)

        47     310.50       3       4.22       0       0.00


II.  ON SITE EFFECTS  ON SITE EFFECTS  ON SITE EFFECTS
     ---------------  ---------------  ---------------


  A.  AREA OF NET SOIL LOSS

      ** Soil Loss (Avg. of Net Detachment Areas) =    0.019 kg/m2 **
      ** Maximum Soil Loss  =    0.033 kg/m2 at   50.00 meters **


      Area of    Soil Loss   Soil Loss   MAX   MAX Loss   MIN   MIN Loss
      Net Loss      MEAN      STDEV      Loss    Point    Loss   Point
        (m)       (kg/m2)     (kg/m2)  (kg/m2)    (m)    (kg/m2)  (m)
------------------------------------------------------------------------
   0.00- 100.00    0.019     0.008      0.033   50.00     0.003   100.00



  C.  SOIL LOSS/DEPOSITION ALONG SLOPE PROFILE

          Profile distances are from top to bottom of hillslope


 distance soil  flow    distance   soil  flow    distance   soil  flow
    (m)   loss  elem       (m)     loss  elem       (m)     loss  elem
         (kg/m2)                  (kg/m2)                  (kg/m2)
------------------------------------------------------------------------

   0.50     0.006  1       34.00     0.025  1       67.50     0.024  2
   1.00     0.006  1       34.50     0.026  1       68.00     0.024  2
   1.50     0.006  1       35.00     0.026  1       68.50     0.024  2
   2.00     0.006  1       35.50     0.026  1       69.00     0.024  2
   2.50     0.006  1       36.00     0.026  1       69.50     0.024  2
   3.00     0.006  1       36.50     0.027  1       70.00     0.024  2
   3.50     0.006  1       37.00     0.027  1       70.50     0.024  2
   4.00     0.006  1       37.50     0.027  1       71.00     0.024  2
   4.50     0.006  1       38.00     0.027  1       71.50     0.024  2
   5.00     0.006  1       38.50     0.027  1       72.00     0.024  2
   5.50     0.006  1       39.00     0.028  1       72.50     0.024  2
   6.00     0.006  1       39.50     0.028  1       73.00     0.024  2
   6.50     0.006  1       40.00     0.028  1       73.50     0.024  2
   7.00     0.006  1       40.50     0.028  1       74.00     0.024  2
   7.50     0.006  1       41.00     0.029  1       74.50     0.024  2
   8.00     0.006  1       41.50     0.029  1       75.00     0.024  2
   8.50     0.006  1       42.00     0.029  1       75.50     0.024  2
   9.00     0.006  1       42.50     0.029  1       76.00     0.024  2
   9.50     0.006  1       43.00     0.030  1       76.50     0.023  2
  10.00     0.007  1       43.50     0.030  1       77.00     0.023  2
  10.50     0.007  1       44.00     0.030  1       77.50     0.023  2
  11.00     0.007  1       44.50     0.030  1       78.00     0.022  2
  11.50     0.007  1       45.00     0.030  1       78.50     0.022  2
  12.00     0.008  1       45.50     0.031  1       79.00     0.021  2
  12.50     0.008  1       46.00     0.031  1       79.50     0.021  2
  13.00     0.009  1       46.50     0.031  1       80.00     0.021  2
  13.50     0.009  1       47.00     0.031  1       80.50     0.020  2
  14.00     0.009  1       47.50     0.032  1       81.00     0.020  2
  14.50     0.010  1       48.00     0.032  1       81.50     0.020  2
  15.00     0.010  1       48.50     0.032  1       82.00     0.019  2
  15.50     0.011  1       49.00     0.032  1       82.50     0.019  2
  16.00     0.011  1       49.50     0.032  1       83.00     0.018  2
  16.50     0.012  1       50.00     0.033  1       83.50     0.018  2
  17.00     0.012  1       50.50     0.025  2       84.00     0.018  2
  17.50     0.013  1       51.00     0.025  2       84.50     0.017  2
  18.00     0.013  1       51.50     0.025  2       85.00     0.017  2
  18.50     0.014  1       52.00     0.025  2       85.50     0.016  2
  19.00     0.014  1       52.50     0.025  2       86.00     0.016  2
  19.50     0.015  1       53.00     0.025  2       86.50     0.016  2
  20.00     0.015  1       53.50     0.025  2       87.00     0.015  2
  20.50     0.016  1       54.00     0.025  2       87.50     0.015  2
  21.00     0.016  1       54.50     0.025  2       88.00     0.014  2
  21.50     0.017  1       55.00     0.025  2       88.50     0.014  2
  22.00     0.017  1       55.50     0.025  2       89.00     0.013  2
  22.50     0.018  1       56.00     0.025  2       89.50     0.013  2
  23.00     0.018  1       56.50     0.025  2       90.00     0.013  2
  23.50     0.019  1       57.00     0.025  2       90.50     0.012  2
  24.00     0.019  1       57.50     0.025  2       91.00     0.012  2
  24.50     0.020  1       58.00     0.025  2       91.50     0.011  2
  25.00     0.020  1       58.50     0.025  2       92.00     0.011  2
  25.50     0.021  1       59.00     0.025  2       92.50     0.010  2
  26.00     0.021  1       59.50     0.025  2       93.00     0.010  2
  26.50     0.021  1       60.00     0.025  2       93.50     0.009  2
  27.00     0.022  1       60.50     0.025  2       94.00     0.009  2
  27.50     0.022  1       61.00     0.025  2       94.50     0.009  2
  28.00     0.022  1       61.50     0.025  2       95.00     0.008  2
  28.50     0.022  1       62.00     0.025  2       95.50     0.008  2
  29.00     0.023  1       62.50     0.025  2       96.00     0.007  2
  29.50     0.023  1       63.00     0.025  2       96.50     0.007  2
  30.00     0.023  1       63.50     0.025  2       97.00     0.006  2
  30.50     0.024  1       64.00     0.025  2       97.50     0.006  2
  31.00     0.024  1       64.50     0.025  2       98.00     0.005  2
  31.50     0.024  1       65.00     0.025  2       98.50     0.005  2
  32.00     0.024  1       65.50     0.025  2       99.00     0.004  2
  32.50     0.025  1       66.00     0.025  2       99.50     0.003  2
  33.00     0.025  1       66.50     0.025  2      100.00     0.003  2
  33.50     0.025  1       67.00     0.024  2

note:  (+) soil loss - detachment     (-) soil loss - deposition



III. OFF SITE EFFECTS  OFF SITE EFFECTS  OFF SITE EFFECTS
     ----------------  ----------------  ----------------

     A.  SEDIMENT LEAVING PROFILE for year    7     1.903 kg/m



     B.  SEDIMENT CHARACTERISTICS AND ENRICHMENT

     Sediment particle information leaving profile
-------------------------------------------------------------------------------
                                 Particle Composition         Detached Fraction
Class  Diameter  Specific  ---------------------------------  Sediment  In Flow
         (mm)    Gravity   % Sand   % Silt   % Clay   % O.M.  Fraction  Exiting
-------------------------------------------------------------------------------
  1     0.002      2.60      0.0      0.0    100.0     16.7     0.078    0.110
  2     0.010      2.65      0.0    100.0      0.0      0.0     0.072    0.097
  3     0.040      1.80      0.0     60.0     40.0      6.7     0.378    0.399
  4     0.600      1.60     48.4     35.2     16.5      2.7     0.430    0.360
  5     0.200      2.65    100.0      0.0      0.0      0.0     0.042    0.035
-------------------------------------------------------------------------------


     Weighted SSA enrichment ratio leaving profile for year    7 =   1.09


     HILLSLOPE 1 YEARLY SUMMARY FOR    8
     ----------------------------------


I.   RAINFALL AND RUNOFF SUMMARY
     -------- --- ------ -------

      year:      8

         Rainfall         Storm Runoff        Melt Runoff
      events   amount   events   amount     events  amount
                (mm)              (mm)               (mm)

        65     334.70       1       0.01       0       0.00


II.  ON SITE EFFECTS  ON SITE EFFECTS  ON SITE EFFECTS
     ---------------  ---------------  ---------------


  A.  AREA OF NET SOIL LOSS

      ** Soil Loss (Avg. of Net Detachment Areas) =    0.000 kg/m2 **
      ** Maximum Soil Loss  =    0.000 kg/m2 at   75.00 meters **


      Area of    Soil Loss   Soil Loss   MAX   MAX Loss   MIN   MIN Loss
      Net Loss      MEAN      STDEV      Loss    Point    Loss   Point
        (m)       (kg/m2)     (kg/m2)  (kg/m2)    (m)    (kg/m2)  (m)
------------------------------------------------------------------------
   0.00- 100.00    0.000     0.000      0.000   75.00     0.000    83.50



  C.  SOIL LOSS/DEPOSITION ALONG SLOPE PROFILE

          Profile distances are from top to bottom of hillslope


 distance soil  flow    distance   soil  flow    distance   soil  flow
    (m)   loss  elem       (m)     loss  elem       (m)     loss  elem
         (kg/m2)                  (kg/m2)                  (kg/m2)
------------------------------------------------------------------------

   0.50     0.000  1       34.00     0.000  1       67.50     0.000  2
   1.00     0.000  1       34.50     0.000  1       68.00     0.000  2
   1.50     0.000  1       35.00     0.000  1       68.50     0.000  2
   2.00     0.000  1       35.50     0.000  1       69.00     0.000  2
   2.50     0.000  1       36.00     0.000  1       69.50     0.000  2
   3.00     0.000  1       36.50     0.000  1       70.00     0.000  2
   3.50     0.000  1       37.00     0.000  1       70.50     0.000  2
   4.00     0.000  1       37.50     0.000  1       71.00     0.000  2
   4.50     0.000  1       38.00     0.000  1       71.50     0.000  2
   5.00     0.000  1       38.50     0.000  1       72.00     0.000  2
   5.50     0.000  1       39.00     0.000  1       72.50     0.000  2
   6.00     0.000  1       39.50     0.000  1       73.00     0.000  2
   6.50     0.000  1       40.00     0.000  1       73.50     0.000  2
   7.00     0.000  1       40.50     0.000  1       74.00     0.000  2
   7.50     0.000  1       41.00     0.000  1       74.50     0.000  2
   8.00     0.000  1       41.50     0.000  1       75.00     0.000  2
   8.50     0.000  1       42.00     0.000  1       75.50     0.000  2
   9.00     0.000  1       42.50     0.000  1       76.00     0.000  2
   9.50     0.000  1       43.00     0.000  1       76.50     0.000  2
  10.00     0.000  1       43.50     0.000  1       77.00     0.000  2
  10.50     0.000  1       44.00     0.000  1       77.50     0.000  2
  11.00     0.000  1       44.50     0.000  1       78.00     0.000  2
  11.50     0.000  1       45.00     0.000  1       78.50     0.000  2
  12.00     0.000  1       45.50     0.000  1       79.00     0.000  2
  12.50     0.000  1       46.00     0.000  1       79.50     0.000  2
  13.00     0.000  1       46.50     0.000  1       80.00     0.000  2
  13.50     0.000  1       47.00     0.000  1       80.50     0.000  2
  14.00     0.000  1       47.50     0.000  1       81.00     0.000  2
  14.50     0.000  1       48.00     0.000  1       81.50     0.000  2
  15.00     0.000  1       48.50     0.000  1       82.00     0.000  2
  15.50     0.000  1       49.00     0.000  1       82.50     0.000  2
  16.00     0.000  1       49.50     0.000  1       83.00     0.000  2
  16.50     0.000  1       50.00     0.000  1       83.50     0.000  2
  17.00     0.000  1       50.50     0.000  2       84.00     0.000  2
  17.50     0.000  1       51.00     0.000  2       84.50     0.000  2
  18.00     0.000  1       51.50     0.000  2       85.00     0.000  2
  18.50     0.000  1       52.00     0.000  2       85.50     0.000  2
  19.00     0.000  1       52.50     0.000  2       86.00     0.000  2
  19.50     0.000  1       53.00     0.000  2       86.50     0.000  2
  20.00     0.000  1       53.50     0.000  2       87.00     0.000  2
  20.50     0.000  1       54.00     0.000  2       87.50     0.000  2
  21.00     0.000  1       54.50     0.000  2       88.00     0.000  2
  21.50     0.000  1       55.00     0.000  2       88.50     0.000  2
  22.00     0.000  1       55.50     0.000  2       89.00     0.000  2
  22.50     0.000  1       56.00     0.000  2       89.50     0.000  2
  23.00     0.000  1       56.50     0.000  2       90.00     0.000  2
  23.50     0.000  1       57.00     0.000  2       90.50     0.000  2
  24.00     0.000  1       57.50     0.000  2       91.00     0.000  2
  24.50     0.000  1       58.00     0.000  2       91.50     0.000  2
  25.00     0.000  1       58.50     0.000  2       92.00     0.000  2
  25.50     0.000  1       59.00     0.000  2       92.50     0.000  2
  26.00     0.000  1       59.50     0.000  2       93.00     0.000  2
  26.50     0.000  1       60.00     0.000  2       93.50     0.000  2
  27.00     0.000  1       60.50     0.000  2       94.00     0.000  2
  27.50     0.000  1       61.00     0.000  2       94.50     0.000  2
  28.00     0.000  1       61.50     0.000  2       95.00     0.000  2
  28.50     0.000  1       62.00     0.000  2       95.50     0.000  2
  29.00     0.000  1       62.50     0.000  2       96.00     0.000  2
  29.50     0.000  1       63.00     0.000  2       96.50     0.000  2
  30.00     0.000  1       63.50     0.000  2       97.00     0.000  2
  30.50     0.000  1       64.00     0.000  2       97.50     0.000  2
  31.00     0.000  1       64.50     0.000  2       98.00     0.000  2
  31.50     0.000  1       65.00     0.000  2       98.50     0.000  2
  32.00     0.000  1       65.50     0.000  2       99.00     0.000  2
  32.50     0.000  1       66.00     0.000  2       99.50     0.000  2
  33.00     0.000  1       66.50     0.000  2      100.00     0.000  2
  33.50     0.000  1       67.00     0.000  2

note:  (+) soil loss - detachment     (-) soil loss - deposition



III. OFF SITE EFFECTS  OFF SITE EFFECTS  OFF SITE EFFECTS
     ----------------  ----------------  ----------------

     A.  SEDIMENT LEAVING PROFILE for year    8     0.001 kg/m



     B.  SEDIMENT CHARACTERISTICS AND ENRICHMENT

     Sediment particle information leaving profile
-------------------------------------------------------------------------------
                                 Particle Composition         Detached Fraction
Class  Diameter  Specific  ---------------------------------  Sediment  In Flow
         (mm)    Gravity   % Sand   % Silt   % Clay   % O.M.  Fraction  Exiting
-------------------------------------------------------------------------------
  1     0.002      2.60      0.0      0.0    100.0     16.7     0.078    0.206
  2     0.010      2.65      0.0    100.0      0.0      0.0     0.072    0.176
  3     0.040      1.80      0.0     60.0     40.0      6.7     0.378    0.524
  4     0.600      1.60     48.4     35.2     16.5      2.7     0.430    0.085
  5     0.200      2.65    100.0      0.0      0.0      0.0     0.042    0.008
-------------------------------------------------------------------------------


     Weighted SSA enrichment ratio leaving profile for year    8 =   1.41


     HILLSLOPE 1 YEARLY SUMMARY FOR    9
     ----------------------------------


I.   RAINFALL AND RUNOFF SUMMARY
     -------- --- ------ -------

      year:      9

         Rainfall         Storm Runoff        Melt Runoff
      events   amount   events   amount     events  amount
                (mm)              (mm)               (mm)

        70     331.30       0       0.00       0       0.00


II.  ON SITE EFFECTS  ON SITE EFFECTS  ON SITE EFFECTS
     ---------------  ---------------  ---------------




  C.  SOIL LOSS/DEPOSITION ALONG SLOPE PROFILE

          Profile distances are from top to bottom of hillslope


 distance soil  flow    distance   soil  flow    distance   soil  flow
    (m)   loss  elem       (m)     loss  elem       (m)     loss  elem
         (kg/m2)                  (kg/m2)                  (kg/m2)
------------------------------------------------------------------------

   0.50     0.000  1       34.00     0.000  1       67.50     0.000  2
   1.00     0.000  1       34.50     0.000  1       68.00     0.000  2
   1.50     0.000  1       35.00     0.000  1       68.50     0.000  2
   2.00     0.000  1       35.50     0.000  1       69.00     0.000  2
   2.50     0.000  1       36.00     0.000  1       69.50     0.000  2
   3.00     0.000  1       36.50     0.000  1       70.00     0.000  2
   3.50     0.000  1       37.00     0.000  1       70.50     0.000  2
   4.00     0.000  1       37.50     0.000  1       71.00     0.000  2
   4.50     0.000  1       38.00     0.000  1       71.50     0.000  2
   5.00     0.000  1       38.50     0.000  1       72.00     0.000  2
   5.50     0.000  1       39.00     0.000  1       72.50     0.000  2
   6.00     0.000  1       39.50     0.000  1       73.00     0.000  2
   6.50     0.000  1       40.00     0.000  1       73.50     0.000  2
   7.00     0.000  1       40.50     0.000  1       74.00     0.000  2
   7.50     0.000  1       41.00     0.000  1       74.50     0.000  2
   8.00     0.000  1       41.50     0.000  1       75.00     0.000  2
   8.50     0.000  1       42.00     0.000  1       75.50     0.000  2
   9.00     0.000  1       42.50     0.000  1       76.00     0.000  2
   9.50     0.000  1       43.00     0.000  1       76.50     0.000  2
  10.00     0.000  1       43.50     0.000  1       77.00     0.000  2
  10.50     0.000  1       44.00     0.000  1       77.50     0.000  2
  11.00     0.000  1       44.50     0.000  1       78.00     0.000  2
  11.50     0.000  1       45.00     0.000  1       78.50     0.000  2
  12.00     0.000  1       45.50     0.000  1       79.00     0.000  2
  12.50     0.000  1       46.00     0.000  1       79.50     0.000  2
  13.00     0.000  1       46.50     0.000  1       80.00     0.000  2
  13.50     0.000  1       47.00     0.000  1       80.50     0.000  2
  14.00     0.000  1       47.50     0.000  1       81.00     0.000  2
  14.50     0.000  1       48.00     0.000  1       81.50     0.000  2
  15.00     0.000  1       48.50     0.000  1       82.00     0.000  2
  15.50     0.000  1       49.00     0.000  1       82.50     0.000  2
  16.00     0.000  1       49.50     0.000  1       83.00     0.000  2
  16.50     0.000  1       50.00     0.000  1       83.50     0.000  2
  17.00     0.000  1       50.50     0.000  2       84.00     0.000  2
  17.50     0.000  1       51.00     0.000  2       84.50     0.000  2
  18.00     0.000  1       51.50     0.000  2       85.00     0.000  2
  18.50     0.000  1       52.00     0.000  2       85.50     0.000  2
  19.00     0.000  1       52.50     0.000  2       86.00     0.000  2
  19.50     0.000  1       53.00     0.000  2       86.50     0.000  2
  20.00     0.000  1       53.50     0.000  2       87.00     0.000  2
  20.50     0.000  1       54.00     0.000  2       87.50     0.000  2
  21.00     0.000  1       54.50     0.000  2       88.00     0.000  2
  21.50     0.000  1       55.00     0.000  2       88.50     0.000  2
  22.00     0.000  1       55.50     0.000  2       89.00     0.000  2
  22.50     0.000  1       56.00     0.000  2       89.50     0.000  2
  23.00     0.000  1       56.50     0.000  2       90.00     0.000  2
  23.50     0.000  1       57.00     0.000  2       90.50     0.000  2
  24.00     0.000  1       57.50     0.000  2       91.00     0.000  2
  24.50     0.000  1       58.00     0.000  2       91.50     0.000  2
  25.00     0.000  1       58.50     0.000  2       92.00     0.000  2
  25.50     0.000  1       59.00     0.000  2       92.50     0.000  2
  26.00     0.000  1       59.50     0.000  2       93.00     0.000  2
  26.50     0.000  1       60.00     0.000  2       93.50     0.000  2
  27.00     0.000  1       60.50     0.000  2       94.00     0.000  2
  27.50     0.000  1       61.00     0.000  2       94.50     0.000  2
  28.00     0.000  1       61.50     0.000  2       95.00     0.000  2
  28.50     0.000  1       62.00     0.000  2       95.50     0.000  2
  29.00     0.000  1       62.50     0.000  2       96.00     0.000  2
  29.50     0.000  1       63.00     0.000  2       96.50     0.000  2
  30.00     0.000  1       63.50     0.000  2       97.00     0.000  2
  30.50     0.000  1       64.00     0.000  2       97.50     0.000  2
  31.00     0.000  1       64.50     0.000  2       98.00     0.000  2
  31.50     0.000  1       65.00     0.000  2       98.50     0.000  2
  32.00     0.000  1       65.50     0.000  2       99.00     0.000  2
  32.50     0.000  1       66.00     0.000  2       99.50     0.000  2
  33.00     0.000  1       66.50     0.000  2      100.00     0.000  2
  33.50     0.000  1       67.00     0.000  2

note:  (+) soil loss - detachment     (-) soil loss - deposition



III. OFF SITE EFFECTS  OFF SITE EFFECTS  OFF SITE EFFECTS
     ----------------  ----------------  ----------------

     A.  SEDIMENT LEAVING PROFILE for year    9     0.000 kg/m



     B.  SEDIMENT CHARACTERISTICS AND ENRICHMENT

     Sediment particle information leaving profile
-------------------------------------------------------------------------------
                                 Particle Composition         Detached Fraction
Class  Diameter  Specific  ---------------------------------  Sediment  In Flow
         (mm)    Gravity   % Sand   % Silt   % Clay   % O.M.  Fraction  Exiting
-------------------------------------------------------------------------------
  1     0.002      2.60      0.0      0.0    100.0     16.7     0.078    0.000
  2     0.010      2.65      0.0    100.0      0.0      0.0     0.072    0.000
  3     0.040      1.80      0.0     60.0     40.0      6.7     0.378    0.000
  4     0.600      1.60     48.4     35.2     16.5      2.7     0.430    0.000
  5     0.200      2.65    100.0      0.0      0.0      0.0     0.042    0.000
-------------------------------------------------------------------------------


     Weighted SSA enrichment ratio leaving profile for year    9 =   0.00


     HILLSLOPE 1 YEARLY SUMMARY FOR   10
     ----------------------------------


I.   RAINFALL AND RUNOFF SUMMARY
     -------- --- ------ -------

      year:     10

         Rainfall         Storm Runoff        Melt Runoff
      events   amount   events   amount     events  amount
                (mm)              (mm)               (mm)

        48     200.30       0       0.00       0       0.00


II.  ON SITE EFFECTS  ON SITE EFFECTS  ON SITE EFFECTS
     ---------------  ---------------  ---------------




  C.  SOIL LOSS/DEPOSITION ALONG SLOPE PROFILE

          Profile distances are from top to bottom of hillslope


 distance soil  flow    distance   soil  flow    distance   soil  flow
    (m)   loss  elem       (m)     loss  elem       (m)     loss  elem
         (kg/m2)                  (kg/m2)                  (kg/m2)
------------------------------------------------------------------------

   0.50     0.000  1       34.00     0.000  1       67.50     0.000  2
   1.00     0.000  1       34.50     0.000  1       68.00     0.000  2
   1.50     0.000  1       35.00     0.000  1       68.50     0.000  2
   2.00     0.000  1       35.50     0.000  1       69.00     0.000  2
   2.50     0.000  1       36.00     0.000  1       69.50     0.000  2
   3.00     0.000  1       36.50     0.000  1       70.00     0.000  2
   3.50     0.000  1       37.00     0.000  1       70.50     0.000  2
   4.00     0.000  1       37.50     0.000  1       71.00     0.000  2
   4.50     0.000  1       38.00     0.000  1       71.50     0.000  2
   5.00     0.000  1       38.50     0.000  1       72.00     0.000  2
   5.50     0.000  1       39.00     0.000  1       72.50     0.000  2
   6.00     0.000  1       39.50     0.000  1       73.00     0.000  2
   6.50     0.000  1       40.00     0.000  1       73.50     0.000  2
   7.00     0.000  1       40.50     0.000  1       74.00     0.000  2
   7.50     0.000  1       41.00     0.000  1       74.50     0.000  2
   8.00     0.000  1       41.50     0.000  1       75.00     0.000  2
   8.50     0.000  1       42.00     0.000  1       75.50     0.000  2
   9.00     0.000  1       42.50     0.000  1       76.00     0.000  2
   9.50     0.000  1       43.00     0.000  1       76.50     0.000  2
  10.00     0.000  1       43.50     0.000  1       77.00     0.000  2
  10.50     0.000  1       44.00     0.000  1       77.50     0.000  2
  11.00     0.000  1       44.50     0.000  1       78.00     0.000  2
  11.50     0.000  1       45.00     0.000  1       78.50     0.000  2
  12.00     0.000  1       45.50     0.000  1       79.00     0.000  2
  12.50     0.000  1       46.00     0.000  1       79.50     0.000  2
  13.00     0.000  1       46.50     0.000  1       80.00     0.000  2
  13.50     0.000  1       47.00     0.000  1       80.50     0.000  2
  14.00     0.000  1       47.50     0.000  1       81.00     0.000  2
  14.50     0.000  1       48.00     0.000  1       81.50     0.000  2
  15.00     0.000  1       48.50     0.000  1       82.00     0.000  2
  15.50     0.000  1       49.00     0.000  1       82.50     0.000  2
  16.00     0.000  1       49.50     0.000  1       83.00     0.000  2
  16.50     0.000  1       50.00     0.000  1       83.50     0.000  2
  17.00     0.000  1       50.50     0.000  2       84.00     0.000  2
  17.50     0.000  1       51.00     0.000  2       84.50     0.000  2
  18.00     0.000  1       51.50     0.000  2       85.00     0.000  2
  18.50     0.000  1       52.00     0.000  2       85.50     0.000  2
  19.00     0.000  1       52.50     0.000  2       86.00     0.000  2
  19.50     0.000  1       53.00     0.000  2       86.50     0.000  2
  20.00     0.000  1       53.50     0.000  2       87.00     0.000  2
  20.50     0.000  1       54.00     0.000  2       87.50     0.000  2
  21.00     0.000  1       54.50     0.000  2       88.00     0.000  2
  21.50     0.000  1       55.00     0.000  2       88.50     0.000  2
  22.00     0.000  1       55.50     0.000  2       89.00     0.000  2
  22.50     0.000  1       56.00     0.000  2       89.50     0.000  2
  23.00     0.000  1       56.50     0.000  2       90.00     0.000  2
  23.50     0.000  1       57.00     0.000  2       90.50     0.000  2
  24.00     0.000  1       57.50     0.000  2       91.00     0.000  2
  24.50     0.000  1       58.00     0.000  2       91.50     0.000  2
  25.00     0.000  1       58.50     0.000  2       92.00     0.000  2
  25.50     0.000  1       59.00     0.000  2       92.50     0.000  2
  26.00     0.000  1       59.50     0.000  2       93.00     0.000  2
  26.50     0.000  1       60.00     0.000  2       93.50     0.000  2
  27.00     0.000  1       60.50     0.000  2       94.00     0.000  2
  27.50     0.000  1       61.00     0.000  2       94.50     0.000  2
  28.00     0.000  1       61.50     0.000  2       95.00     0.000  2
  28.50     0.000  1       62.00     0.000  2       95.50     0.000  2
  29.00     0.000  1       62.50     0.000  2       96.00     0.000  2
  29.50     0.000  1       63.00     0.000  2       96.50     0.000  2
  30.00     0.000  1       63.50     0.000  2       97.00     0.000  2
  30.50     0.000  1       64.00     0.000  2       97.50     0.000  2
  31.00     0.000  1       64.50     0.000  2       98.00     0.000  2
  31.50     0.000  1       65.00     0.000  2       98.50     0.000  2
  32.00     0.000  1       65.50     0.000  2       99.00     0.000  2
  32.50     0.000  1       66.00     0.000  2       99.50     0.000  2
  33.00     0.000  1       66.50     0.000  2      100.00     0.000  2
  33.50     0.000  1       67.00     0.000  2

note:  (+) soil loss - detachment     (-) soil loss - deposition



III. OFF SITE EFFECTS  OFF SITE EFFECTS  OFF SITE EFFECTS
     ----------------  ----------------  ----------------

     A.  SEDIMENT LEAVING PROFILE for year   10     0.000 kg/m



     B.  SEDIMENT CHARACTERISTICS AND ENRICHMENT

     Sediment particle information leaving profile
-------------------------------------------------------------------------------
                                 Particle Composition         Detached Fraction
Class  Diameter  Specific  ---------------------------------  Sediment  In Flow
         (mm)    Gravity   % Sand   % Silt   % Clay   % O.M.  Fraction  Exiting
-------------------------------------------------------------------------------
  1     0.002      2.60      0.0      0.0    100.0     16.7     0.078    0.000
  2     0.010      2.65      0.0    100.0      0.0      0.0     0.072    0.000
  3     0.040      1.80      0.0     60.0     40.0      6.7     0.378    0.000
  4     0.600      1.60     48.4     35.2     16.5      2.7     0.430    0.000
  5     0.200      2.65    100.0      0.0      0.0      0.0     0.042    0.000
-------------------------------------------------------------------------------


     Weighted SSA enrichment ratio leaving profile for year   10 =   0.00


     ANNUAL AVERAGE SUMMARIES
     ------------------------


I.   RAINFALL AND RUNOFF SUMMARY
     -------- --- ------ -------

      total summary:  years    1 -   10

       593 storms produced                         2901.90 mm of precipitation
        12 rain storm runoff events produced         10.19 mm of runoff
         0 snow melts and/or
             events during winter produced            0.00 mm of runoff

      annual averages
      ---------------

        Number of years                                   10
        Mean annual precipitation                     290.19    mm
        Mean annual runoff from rainfall                1.02    mm
        Mean annual runoff from snow melt
          and/or rain storm during winter               0.00    mm



II.  ON SITE EFFECTS  ON SITE EFFECTS  ON SITE EFFECTS
     ---------------  ---------------  ---------------


  A.  AREA OF NET SOIL LOSS

      ** Soil Loss (Avg. of Net Detachment Areas) =    0.004 kg/m2 **
      ** Maximum Soil Loss  =    0.007 kg/m2 at   50.00 meters **


      Area of    Soil Loss   Soil Loss   MAX   MAX Loss   MIN   MIN Loss
      Net Loss      MEAN      STDEV      Loss    Point    Loss   Point
        (m)       (kg/m2)     (kg/m2)  (kg/m2)    (m)    (kg/m2)  (m)
------------------------------------------------------------------------
   0.00- 100.00    0.004     0.002      0.007   50.00     0.001   100.00



  C.  SOIL LOSS/DEPOSITION ALONG SLOPE PROFILE

          Profile distances are from top to bottom of hillslope


 distance soil  flow    distance   soil  flow    distance   soil  flow
    (m)   loss  elem       (m)     loss  elem       (m)     loss  elem
         (kg/m2)                  (kg/m2)                  (kg/m2)
------------------------------------------------------------------------

   0.50     0.001  1       34.00     0.006  1       67.50     0.006  2
   1.00     0.001  1       34.50     0.006  1       68.00     0.006  2
   1.50     0.001  1       35.00     0.006  1       68.50     0.006  2
   2.00     0.001  1       35.50     0.006  1       69.00     0.006  2
   2.50     0.001  1       36.00     0.006  1       69.50     0.006  2
   3.00     0.001  1       36.50     0.006  1       70.00     0.006  2
   3.50     0.001  1       37.00     0.006  1       70.50     0.006  2
   4.00     0.001  1       37.50     0.006  1       71.00     0.006  2
   4.50     0.001  1       38.00     0.006  1       71.50     0.006  2
   5.00     0.001  1       38.50     0.006  1       72.00     0.006  2
   5.50     0.001  1       39.00     0.006  1       72.50     0.006  2
   6.00     0.001  1       39.50     0.006  1       73.00     0.006  2
   6.50     0.001  1       40.00     0.006  1       73.50     0.006  2
   7.00     0.001  1       40.50     0.006  1       74.00     0.006  2
   7.50     0.001  1       41.00     0.006  1       74.50     0.006  2
   8.00     0.001  1       41.50     0.007  1       75.00     0.006  2
   8.50     0.001  1       42.00     0.007  1       75.50     0.006  2
   9.00     0.001  1       42.50     0.007  1       76.00     0.006  2
   9.50     0.001  1       43.00     0.007  1       76.50     0.006  2
  10.00     0.001  1       43.50     0.007  1       77.00     0.005  2
  10.50     0.001  1       44.00     0.007  1       77.50     0.005  2
  11.00     0.002  1       44.50     0.007  1       78.00     0.005  2
  11.50     0.002  1       45.00     0.007  1       78.50     0.005  2
  12.00     0.002  1       45.50     0.007  1       79.00     0.005  2
  12.50     0.002  1       46.00     0.007  1       79.50     0.005  2
  13.00     0.002  1       46.50     0.007  1       80.00     0.005  2
  13.50     0.002  1       47.00     0.007  1       80.50     0.005  2
  14.00     0.002  1       47.50     0.007  1       81.00     0.005  2
  14.50     0.002  1       48.00     0.007  1       81.50     0.005  2
  15.00     0.002  1       48.50     0.007  1       82.00     0.005  2
  15.50     0.002  1       49.00     0.007  1       82.50     0.004  2
  16.00     0.002  1       49.50     0.007  1       83.00     0.004  2
  16.50     0.002  1       50.00     0.007  1       83.50     0.004  2
  17.00     0.003  1       50.50     0.006  2       84.00     0.004  2
  17.50     0.003  1       51.00     0.006  2       84.50     0.004  2
  18.00     0.003  1       51.50     0.006  2       85.00     0.004  2
  18.50     0.003  1       52.00     0.006  2       85.50     0.004  2
  19.00     0.003  1       52.50     0.006  2       86.00     0.004  2
  19.50     0.003  1       53.00     0.006  2       86.50     0.004  2
  20.00     0.003  1       53.50     0.006  2       87.00     0.004  2
  20.50     0.003  1       54.00     0.006  2       87.50     0.003  2
  21.00     0.003  1       54.50     0.006  2       88.00     0.003  2
  21.50     0.004  1       55.00     0.006  2       88.50     0.003  2
  22.00     0.004  1       55.50     0.006  2       89.00     0.003  2
  22.50     0.004  1       56.00     0.006  2       89.50     0.003  2
  23.00     0.004  1       56.50     0.006  2       90.00     0.003  2
  23.50     0.004  1       57.00     0.006  2       90.50     0.003  2
  24.00     0.004  1       57.50     0.006  2       91.00     0.003  2
  24.50     0.004  1       58.00     0.006  2       91.50     0.003  2
  25.00     0.004  1       58.50     0.006  2       92.00     0.002  2
  25.50     0.005  1       59.00     0.006  2       92.50     0.002  2
  26.00     0.005  1       59.50     0.006  2       93.00     0.002  2
  26.50     0.005  1       60.00     0.006  2       93.50     0.002  2
  27.00     0.005  1       60.50     0.006  2       94.00     0.002  2
  27.50     0.005  1       61.00     0.006  2       94.50     0.002  2
  28.00     0.005  1       61.50     0.006  2       95.00     0.002  2
  28.50     0.005  1       62.00     0.006  2       95.50     0.002  2
  29.00     0.005  1       62.50     0.006  2       96.00     0.002  2
  29.50     0.005  1       63.00     0.006  2       96.50     0.001  2
  30.00     0.005  1       63.50     0.006  2       97.00     0.001  2
  30.50     0.005  1       64.00     0.006  2       97.50     0.001  2
  31.00     0.005  1       64.50     0.006  2       98.00     0.001  2
  31.50     0.005  1       65.00     0.006  2       98.50     0.001  2
  32.00     0.005  1       65.50     0.006  2       99.00     0.001  2
  32.50     0.005  1       66.00     0.006  2       99.50     0.001  2
  33.00     0.006  1       66.50     0.006  2      100.00     0.001  2
  33.50     0.006  1       67.00     0.006  2

note:  (+) soil loss - detachment     (-) soil loss - deposition



III. OFF SITE EFFECTS  OFF SITE EFFECTS  OFF SITE EFFECTS
     ----------------  ----------------  ----------------

     A.  AVERAGE ANNUAL SEDIMENT LEAVING PROFILE
             0.436   kg/m of width
            43.630     kg (based on profile width of    100.000      m)
             0.044   t/ha (assuming contributions from     1.000     ha)


     B.  SEDIMENT CHARACTERISTICS AND ENRICHMENT

     Sediment particle information leaving profile
-------------------------------------------------------------------------------
                                 Particle Composition         Detached Fraction
Class  Diameter  Specific  ---------------------------------  Sediment  In Flow
         (mm)    Gravity   % Sand   % Silt   % Clay   % O.M.  Fraction  Exiting
-------------------------------------------------------------------------------
  1     0.002      2.60      0.0      0.0    100.0     16.7     0.078    0.118
  2     0.010      2.65      0.0    100.0      0.0      0.0     0.072    0.100
  3     0.040      1.80      0.0     60.0     40.0      6.7     0.378    0.387
  4     0.600      1.60     48.4     35.2     16.5      2.7     0.430    0.360
  5     0.200      2.65    100.0      0.0      0.0      0.0     0.042    0.035
-------------------------------------------------------------------------------


     Average annual SSA enrichment ratio leaving profile =   1.10
