 Annual; detailed (Metric Units)                                        


          USDA WATER EROSION PREDICTION PROJECT
          -------------------------------------

          HILLSLOPE PROFILE AND WATERSHED MODEL
                     VERSION  2010.100
           January 28,      2010


               TO REPORT PROBLEMS OR TO BE PUT ON THE MAILING
               LIST FOR FUTURE WEPP MODEL RELEASES, PLEASE CONTACT:

                    WEPP TECHNICAL SUPPORT
                    USDA-AGRICULTURAL RESEARCH SERVICE
                    NATIONAL SOIL EROSION RESEARCH LABORATORY
                    275 SOUTH RUSSELL STREET
                    WEST LAFAYETTE, IN 47907-2077  USA

                    PHONE: (765) 494-8673
                      FAX: (765) 494-5948
                    email:  wepp@ecn.purdue.edu
                      URL:  http://topsoil.nserl.purdue.edu


     HILLSLOPE INPUT DATA FILES - VERSION  2010.100
      January 28,      2010


    MANAGEMENT: ../working/wepp-31557.man                         
 MAN. PRACTICE: Two OFEs for forest conditions                              
                W. Elliot 02/99                                             
                                                                            
         SLOPE: ../working/wepp-31557.slp                         
       CLIMATE: ../working/wepp-31557.cli                         
       Station:  BIRMINGHAM WB AP AL                            CLIGEN VERSION  4.31
          SOIL: ../working/wepp-31557.sol                         
      PLANE  1 skid                sandy loam          
      PLANE  2 skid                sandy loam          


     HILLSLOPE 1 YEARLY SUMMARY FOR    1
     ----------------------------------


I.   RAINFALL AND RUNOFF SUMMARY
     -------- --- ------ -------

      year:      1

         Rainfall         Storm Runoff        Melt Runoff
      events   amount   events   amount     events  amount
                (mm)              (mm)               (mm)

       111    1318.20      21     242.15       0       0.00


II.  ON SITE EFFECTS  ON SITE EFFECTS  ON SITE EFFECTS
     ---------------  ---------------  ---------------


  A.  AREA OF NET SOIL LOSS

      ** Soil Loss (Avg. of Net Detachment Areas) =    1.446 kg/m2 **
      ** Maximum Soil Loss  =    2.548 kg/m2 at   75.00 meters **


      Area of    Soil Loss   Soil Loss   MAX   MAX Loss   MIN   MIN Loss
      Net Loss      MEAN      STDEV      Loss    Point    Loss   Point
        (m)       (kg/m2)     (kg/m2)  (kg/m2)    (m)    (kg/m2)  (m)
------------------------------------------------------------------------
   0.00- 100.00    1.446     0.802      2.548   75.00     0.032     0.50



  C.  SOIL LOSS/DEPOSITION ALONG SLOPE PROFILE

          Profile distances are from top to bottom of hillslope


 distance soil  flow    distance   soil  flow    distance   soil  flow
    (m)   loss  elem       (m)     loss  elem       (m)     loss  elem
         (kg/m2)                  (kg/m2)                  (kg/m2)
------------------------------------------------------------------------

   0.50     0.032  1       34.00     1.299  1       67.50     2.435  2
   1.00     0.032  1       34.50     1.314  1       68.00     2.442  2
   1.50     0.032  1       35.00     1.329  1       68.50     2.450  2
   2.00     0.032  1       35.50     1.343  1       69.00     2.458  2
   2.50     0.032  1       36.00     1.358  1       69.50     2.465  2
   3.00     0.032  1       36.50     1.373  1       70.00     2.473  2
   3.50     0.032  1       37.00     1.387  1       70.50     2.481  2
   4.00     0.032  1       37.50     1.402  1       71.00     2.488  2
   4.50     0.033  1       38.00     1.416  1       71.50     2.496  2
   5.00     0.036  1       38.50     1.431  1       72.00     2.503  2
   5.50     0.041  1       39.00     1.445  1       72.50     2.511  2
   6.00     0.048  1       39.50     1.459  1       73.00     2.518  2
   6.50     0.057  1       40.00     1.473  1       73.50     2.526  2
   7.00     0.068  1       40.50     1.488  1       74.00     2.533  2
   7.50     0.082  1       41.00     1.502  1       74.50     2.541  2
   8.00     0.097  1       41.50     1.516  1       75.00     2.548  2
   8.50     0.113  1       42.00     1.530  1       75.50     2.539  2
   9.00     0.130  1       42.50     1.544  1       76.00     2.511  2
   9.50     0.148  1       43.00     1.558  1       76.50     2.484  2
  10.00     0.169  1       43.50     1.572  1       77.00     2.456  2
  10.50     0.191  1       44.00     1.585  1       77.50     2.427  2
  11.00     0.213  1       44.50     1.599  1       78.00     2.398  2
  11.50     0.236  1       45.00     1.613  1       78.50     2.369  2
  12.00     0.260  1       45.50     1.627  1       79.00     2.339  2
  12.50     0.284  1       46.00     1.640  1       79.50     2.309  2
  13.00     0.309  1       46.50     1.654  1       80.00     2.278  2
  13.50     0.335  1       47.00     1.667  1       80.50     2.247  2
  14.00     0.361  1       47.50     1.681  1       81.00     2.215  2
  14.50     0.388  1       48.00     1.694  1       81.50     2.183  2
  15.00     0.415  1       48.50     1.708  1       82.00     2.150  2
  15.50     0.442  1       49.00     1.721  1       82.50     2.116  2
  16.00     0.469  1       49.50     1.734  1       83.00     2.083  2
  16.50     0.497  1       50.00     1.748  1       83.50     2.048  2
  17.00     0.525  1       50.50     2.165  2       84.00     2.013  2
  17.50     0.553  1       51.00     2.173  2       84.50     1.978  2
  18.00     0.582  1       51.50     2.181  2       85.00     1.941  2
  18.50     0.611  1       52.00     2.189  2       85.50     1.905  2
  19.00     0.640  1       52.50     2.197  2       86.00     1.867  2
  19.50     0.670  1       53.00     2.205  2       86.50     1.829  2
  20.00     0.699  1       53.50     2.214  2       87.00     1.790  2
  20.50     0.729  1       54.00     2.222  2       87.50     1.751  2
  21.00     0.760  1       54.50     2.230  2       88.00     1.711  2
  21.50     0.790  1       55.00     2.238  2       88.50     1.670  2
  22.00     0.821  1       55.50     2.246  2       89.00     1.628  2
  22.50     0.852  1       56.00     2.254  2       89.50     1.586  2
  23.00     0.883  1       56.50     2.262  2       90.00     1.543  2
  23.50     0.915  1       57.00     2.270  2       90.50     1.499  2
  24.00     0.946  1       57.50     2.278  2       91.00     1.453  2
  24.50     0.978  1       58.00     2.286  2       91.50     1.408  2
  25.00     1.010  1       58.50     2.294  2       92.00     1.361  2
  25.50     1.035  1       59.00     2.302  2       92.50     1.313  2
  26.00     1.051  1       59.50     2.310  2       93.00     1.264  2
  26.50     1.067  1       60.00     2.318  2       93.50     1.214  2
  27.00     1.083  1       60.50     2.326  2       94.00     1.163  2
  27.50     1.099  1       61.00     2.333  2       94.50     1.110  2
  28.00     1.115  1       61.50     2.341  2       95.00     1.056  2
  28.50     1.131  1       62.00     2.349  2       95.50     1.001  2
  29.00     1.146  1       62.50     2.357  2       96.00     0.944  2
  29.50     1.162  1       63.00     2.365  2       96.50     0.885  2
  30.00     1.178  1       63.50     2.373  2       97.00     0.825  2
  30.50     1.193  1       64.00     2.380  2       97.50     0.762  2
  31.00     1.208  1       64.50     2.388  2       98.00     0.697  2
  31.50     1.224  1       65.00     2.396  2       98.50     0.630  2
  32.00     1.239  1       65.50     2.404  2       99.00     0.560  2
  32.50     1.254  1       66.00     2.412  2       99.50     0.487  2
  33.00     1.269  1       66.50     2.419  2      100.00     0.410  2
  33.50     1.284  1       67.00     2.427  2

note:  (+) soil loss - detachment     (-) soil loss - deposition



III. OFF SITE EFFECTS  OFF SITE EFFECTS  OFF SITE EFFECTS
     ----------------  ----------------  ----------------

     A.  SEDIMENT LEAVING PROFILE for year    1   144.584 kg/m



     B.  SEDIMENT CHARACTERISTICS AND ENRICHMENT

     Sediment particle information leaving profile
-------------------------------------------------------------------------------
                                 Particle Composition         Detached Fraction
Class  Diameter  Specific  ---------------------------------  Sediment  In Flow
         (mm)    Gravity   % Sand   % Silt   % Clay   % O.M.  Fraction  Exiting
-------------------------------------------------------------------------------
  1     0.002      2.60      0.0      0.0    100.0     50.0     0.026    0.029
  2     0.010      2.65      0.0    100.0      0.0      0.0     0.070    0.077
  3     0.030      1.80      0.0     71.4     28.6     14.3     0.180    0.186
  4     0.300      1.60     78.2     15.1      6.6      3.3     0.340    0.333
  5     0.200      2.65    100.0      0.0      0.0      0.0     0.384    0.375
-------------------------------------------------------------------------------


     Weighted SSA enrichment ratio leaving profile for year    1 =   1.04


     HILLSLOPE 1 YEARLY SUMMARY FOR    2
     ----------------------------------


I.   RAINFALL AND RUNOFF SUMMARY
     -------- --- ------ -------

      year:      2

         Rainfall         Storm Runoff        Melt Runoff
      events   amount   events   amount     events  amount
                (mm)              (mm)               (mm)

       104    1355.60      17      86.61       0       0.00


II.  ON SITE EFFECTS  ON SITE EFFECTS  ON SITE EFFECTS
     ---------------  ---------------  ---------------


  A.  AREA OF NET SOIL LOSS

      ** Soil Loss (Avg. of Net Detachment Areas) =    0.544 kg/m2 **
      ** Maximum Soil Loss  =    0.967 kg/m2 at   75.00 meters **


      Area of    Soil Loss   Soil Loss   MAX   MAX Loss   MIN   MIN Loss
      Net Loss      MEAN      STDEV      Loss    Point    Loss   Point
        (m)       (kg/m2)     (kg/m2)  (kg/m2)    (m)    (kg/m2)  (m)
------------------------------------------------------------------------
   0.00- 100.00    0.544     0.312      0.967   75.00     0.008     0.50



  C.  SOIL LOSS/DEPOSITION ALONG SLOPE PROFILE

          Profile distances are from top to bottom of hillslope


 distance soil  flow    distance   soil  flow    distance   soil  flow
    (m)   loss  elem       (m)     loss  elem       (m)     loss  elem
         (kg/m2)                  (kg/m2)                  (kg/m2)
------------------------------------------------------------------------

   0.50     0.008  1       34.00     0.496  1       67.50     0.929  2
   1.00     0.008  1       34.50     0.502  1       68.00     0.932  2
   1.50     0.008  1       35.00     0.508  1       68.50     0.934  2
   2.00     0.008  1       35.50     0.514  1       69.00     0.937  2
   2.50     0.008  1       36.00     0.519  1       69.50     0.939  2
   3.00     0.008  1       36.50     0.525  1       70.00     0.942  2
   3.50     0.008  1       37.00     0.531  1       70.50     0.944  2
   4.00     0.008  1       37.50     0.537  1       71.00     0.947  2
   4.50     0.008  1       38.00     0.543  1       71.50     0.949  2
   5.00     0.008  1       38.50     0.549  1       72.00     0.952  2
   5.50     0.010  1       39.00     0.555  1       72.50     0.954  2
   6.00     0.012  1       39.50     0.560  1       73.00     0.957  2
   6.50     0.015  1       40.00     0.566  1       73.50     0.959  2
   7.00     0.018  1       40.50     0.572  1       74.00     0.962  2
   7.50     0.021  1       41.00     0.578  1       74.50     0.964  2
   8.00     0.024  1       41.50     0.583  1       75.00     0.967  2
   8.50     0.028  1       42.00     0.589  1       75.50     0.962  2
   9.00     0.034  1       42.50     0.595  1       76.00     0.951  2
   9.50     0.041  1       43.00     0.600  1       76.50     0.940  2
  10.00     0.048  1       43.50     0.606  1       77.00     0.928  2
  10.50     0.055  1       44.00     0.612  1       77.50     0.916  2
  11.00     0.063  1       44.50     0.617  1       78.00     0.905  2
  11.50     0.072  1       45.00     0.623  1       78.50     0.893  2
  12.00     0.080  1       45.50     0.628  1       79.00     0.880  2
  12.50     0.089  1       46.00     0.634  1       79.50     0.868  2
  13.00     0.098  1       46.50     0.639  1       80.00     0.856  2
  13.50     0.108  1       47.00     0.645  1       80.50     0.843  2
  14.00     0.118  1       47.50     0.650  1       81.00     0.830  2
  14.50     0.128  1       48.00     0.656  1       81.50     0.817  2
  15.00     0.138  1       48.50     0.661  1       82.00     0.804  2
  15.50     0.148  1       49.00     0.667  1       82.50     0.790  2
  16.00     0.159  1       49.50     0.672  1       83.00     0.776  2
  16.50     0.170  1       50.00     0.677  1       83.50     0.763  2
  17.00     0.182  1       50.50     0.840  2       84.00     0.749  2
  17.50     0.193  1       51.00     0.843  2       84.50     0.734  2
  18.00     0.205  1       51.50     0.845  2       85.00     0.720  2
  18.50     0.217  1       52.00     0.848  2       85.50     0.705  2
  19.00     0.228  1       52.50     0.851  2       86.00     0.690  2
  19.50     0.240  1       53.00     0.854  2       86.50     0.675  2
  20.00     0.253  1       53.50     0.856  2       87.00     0.659  2
  20.50     0.265  1       54.00     0.859  2       87.50     0.644  2
  21.00     0.277  1       54.50     0.862  2       88.00     0.628  2
  21.50     0.289  1       55.00     0.864  2       88.50     0.612  2
  22.00     0.302  1       55.50     0.867  2       89.00     0.595  2
  22.50     0.314  1       56.00     0.870  2       89.50     0.578  2
  23.00     0.327  1       56.50     0.872  2       90.00     0.561  2
  23.50     0.340  1       57.00     0.875  2       90.50     0.544  2
  24.00     0.353  1       57.50     0.878  2       91.00     0.526  2
  24.50     0.365  1       58.00     0.880  2       91.50     0.508  2
  25.00     0.378  1       58.50     0.883  2       92.00     0.489  2
  25.50     0.388  1       59.00     0.885  2       92.50     0.471  2
  26.00     0.395  1       59.50     0.888  2       93.00     0.451  2
  26.50     0.401  1       60.00     0.891  2       93.50     0.432  2
  27.00     0.408  1       60.50     0.893  2       94.00     0.412  2
  27.50     0.414  1       61.00     0.896  2       94.50     0.391  2
  28.00     0.421  1       61.50     0.899  2       95.00     0.370  2
  28.50     0.427  1       62.00     0.901  2       95.50     0.349  2
  29.00     0.434  1       62.50     0.904  2       96.00     0.327  2
  29.50     0.440  1       63.00     0.906  2       96.50     0.304  2
  30.00     0.446  1       63.50     0.909  2       97.00     0.281  2
  30.50     0.453  1       64.00     0.911  2       97.50     0.257  2
  31.00     0.459  1       64.50     0.914  2       98.00     0.233  2
  31.50     0.465  1       65.00     0.917  2       98.50     0.209  2
  32.00     0.471  1       65.50     0.919  2       99.00     0.184  2
  32.50     0.477  1       66.00     0.922  2       99.50     0.158  2
  33.00     0.483  1       66.50     0.924  2      100.00     0.130  2
  33.50     0.489  1       67.00     0.927  2

note:  (+) soil loss - detachment     (-) soil loss - deposition



III. OFF SITE EFFECTS  OFF SITE EFFECTS  OFF SITE EFFECTS
     ----------------  ----------------  ----------------

     A.  SEDIMENT LEAVING PROFILE for year    2    54.440 kg/m



     B.  SEDIMENT CHARACTERISTICS AND ENRICHMENT

     Sediment particle information leaving profile
-------------------------------------------------------------------------------
                                 Particle Composition         Detached Fraction
Class  Diameter  Specific  ---------------------------------  Sediment  In Flow
         (mm)    Gravity   % Sand   % Silt   % Clay   % O.M.  Fraction  Exiting
-------------------------------------------------------------------------------
  1     0.002      2.60      0.0      0.0    100.0     50.0     0.026    0.028
  2     0.010      2.65      0.0    100.0      0.0      0.0     0.070    0.075
  3     0.030      1.80      0.0     71.4     28.6     14.3     0.180    0.183
  4     0.300      1.60     78.2     15.1      6.6      3.3     0.340    0.336
  5     0.200      2.65    100.0      0.0      0.0      0.0     0.384    0.379
-------------------------------------------------------------------------------


     Weighted SSA enrichment ratio leaving profile for year    2 =   1.03


     HILLSLOPE 1 YEARLY SUMMARY FOR    3
     ----------------------------------


I.   RAINFALL AND RUNOFF SUMMARY
     -------- --- ------ -------

      year:      3

         Rainfall         Storm Runoff        Melt Runoff
      events   amount   events   amount     events  amount
                (mm)              (mm)               (mm)

       109    1388.60      23     234.30       0       0.00


II.  ON SITE EFFECTS  ON SITE EFFECTS  ON SITE EFFECTS
     ---------------  ---------------  ---------------


  A.  AREA OF NET SOIL LOSS

      ** Soil Loss (Avg. of Net Detachment Areas) =    1.358 kg/m2 **
      ** Maximum Soil Loss  =    2.397 kg/m2 at   75.00 meters **


      Area of    Soil Loss   Soil Loss   MAX   MAX Loss   MIN   MIN Loss
      Net Loss      MEAN      STDEV      Loss    Point    Loss   Point
        (m)       (kg/m2)     (kg/m2)  (kg/m2)    (m)    (kg/m2)  (m)
------------------------------------------------------------------------
   0.00- 100.00    1.358     0.763      2.397   75.00     0.016     0.50



  C.  SOIL LOSS/DEPOSITION ALONG SLOPE PROFILE

          Profile distances are from top to bottom of hillslope


 distance soil  flow    distance   soil  flow    distance   soil  flow
    (m)   loss  elem       (m)     loss  elem       (m)     loss  elem
         (kg/m2)                  (kg/m2)                  (kg/m2)
------------------------------------------------------------------------

   0.50     0.016  1       34.00     1.228  1       67.50     2.298  2
   1.00     0.016  1       34.50     1.242  1       68.00     2.305  2
   1.50     0.016  1       35.00     1.257  1       68.50     2.312  2
   2.00     0.016  1       35.50     1.271  1       69.00     2.318  2
   2.50     0.016  1       36.00     1.285  1       69.50     2.325  2
   3.00     0.016  1       36.50     1.299  1       70.00     2.332  2
   3.50     0.016  1       37.00     1.314  1       70.50     2.338  2
   4.00     0.016  1       37.50     1.328  1       71.00     2.345  2
   4.50     0.016  1       38.00     1.342  1       71.50     2.351  2
   5.00     0.017  1       38.50     1.356  1       72.00     2.358  2
   5.50     0.021  1       39.00     1.369  1       72.50     2.365  2
   6.00     0.029  1       39.50     1.383  1       73.00     2.371  2
   6.50     0.038  1       40.00     1.397  1       73.50     2.378  2
   7.00     0.051  1       40.50     1.411  1       74.00     2.384  2
   7.50     0.064  1       41.00     1.424  1       74.50     2.391  2
   8.00     0.079  1       41.50     1.438  1       75.00     2.397  2
   8.50     0.096  1       42.00     1.452  1       75.50     2.387  2
   9.00     0.113  1       42.50     1.465  1       76.00     2.361  2
   9.50     0.131  1       43.00     1.479  1       76.50     2.334  2
  10.00     0.149  1       43.50     1.492  1       77.00     2.306  2
  10.50     0.168  1       44.00     1.505  1       77.50     2.279  2
  11.00     0.188  1       44.50     1.519  1       78.00     2.250  2
  11.50     0.209  1       45.00     1.532  1       78.50     2.222  2
  12.00     0.231  1       45.50     1.545  1       79.00     2.193  2
  12.50     0.253  1       46.00     1.558  1       79.50     2.163  2
  13.00     0.277  1       46.50     1.572  1       80.00     2.134  2
  13.50     0.300  1       47.00     1.585  1       80.50     2.103  2
  14.00     0.324  1       47.50     1.598  1       81.00     2.072  2
  14.50     0.348  1       48.00     1.611  1       81.50     2.041  2
  15.00     0.374  1       48.50     1.624  1       82.00     2.010  2
  15.50     0.400  1       49.00     1.637  1       82.50     1.977  2
  16.00     0.427  1       49.50     1.650  1       83.00     1.945  2
  16.50     0.453  1       50.00     1.663  1       83.50     1.911  2
  17.00     0.481  1       50.50     2.064  2       84.00     1.878  2
  17.50     0.508  1       51.00     2.071  2       84.50     1.844  2
  18.00     0.536  1       51.50     2.078  2       85.00     1.809  2
  18.50     0.564  1       52.00     2.085  2       85.50     1.773  2
  19.00     0.592  1       52.50     2.092  2       86.00     1.737  2
  19.50     0.620  1       53.00     2.099  2       86.50     1.701  2
  20.00     0.649  1       53.50     2.106  2       87.00     1.664  2
  20.50     0.678  1       54.00     2.113  2       87.50     1.626  2
  21.00     0.707  1       54.50     2.120  2       88.00     1.588  2
  21.50     0.737  1       55.00     2.127  2       88.50     1.549  2
  22.00     0.766  1       55.50     2.134  2       89.00     1.509  2
  22.50     0.796  1       56.00     2.141  2       89.50     1.469  2
  23.00     0.826  1       56.50     2.148  2       90.00     1.427  2
  23.50     0.856  1       57.00     2.155  2       90.50     1.386  2
  24.00     0.887  1       57.50     2.162  2       91.00     1.343  2
  24.50     0.918  1       58.00     2.169  2       91.50     1.299  2
  25.00     0.949  1       58.50     2.176  2       92.00     1.255  2
  25.50     0.972  1       59.00     2.183  2       92.50     1.209  2
  26.00     0.988  1       59.50     2.190  2       93.00     1.163  2
  26.50     1.003  1       60.00     2.197  2       93.50     1.115  2
  27.00     1.019  1       60.50     2.204  2       94.00     1.066  2
  27.50     1.034  1       61.00     2.211  2       94.50     1.016  2
  28.00     1.050  1       61.50     2.217  2       95.00     0.965  2
  28.50     1.065  1       62.00     2.224  2       95.50     0.913  2
  29.00     1.080  1       62.50     2.231  2       96.00     0.859  2
  29.50     1.095  1       63.00     2.238  2       96.50     0.804  2
  30.00     1.110  1       63.50     2.245  2       97.00     0.747  2
  30.50     1.125  1       64.00     2.251  2       97.50     0.689  2
  31.00     1.140  1       64.50     2.258  2       98.00     0.629  2
  31.50     1.155  1       65.00     2.265  2       98.50     0.567  2
  32.00     1.170  1       65.50     2.272  2       99.00     0.502  2
  32.50     1.184  1       66.00     2.278  2       99.50     0.435  2
  33.00     1.199  1       66.50     2.285  2      100.00     0.365  2
  33.50     1.214  1       67.00     2.292  2

note:  (+) soil loss - detachment     (-) soil loss - deposition



III. OFF SITE EFFECTS  OFF SITE EFFECTS  OFF SITE EFFECTS
     ----------------  ----------------  ----------------

     A.  SEDIMENT LEAVING PROFILE for year    3   135.813 kg/m



     B.  SEDIMENT CHARACTERISTICS AND ENRICHMENT

     Sediment particle information leaving profile
-------------------------------------------------------------------------------
                                 Particle Composition         Detached Fraction
Class  Diameter  Specific  ---------------------------------  Sediment  In Flow
         (mm)    Gravity   % Sand   % Silt   % Clay   % O.M.  Fraction  Exiting
-------------------------------------------------------------------------------
  1     0.002      2.60      0.0      0.0    100.0     50.0     0.026    0.028
  2     0.010      2.65      0.0    100.0      0.0      0.0     0.070    0.074
  3     0.030      1.80      0.0     71.4     28.6     14.3     0.180    0.183
  4     0.300      1.60     78.2     15.1      6.6      3.3     0.340    0.336
  5     0.200      2.65    100.0      0.0      0.0      0.0     0.384    0.379
-------------------------------------------------------------------------------


     Weighted SSA enrichment ratio leaving profile for year    3 =   1.02


     HILLSLOPE 1 YEARLY SUMMARY FOR    4
     ----------------------------------


I.   RAINFALL AND RUNOFF SUMMARY
     -------- --- ------ -------

      year:      4

         Rainfall         Storm Runoff        Melt Runoff
      events   amount   events   amount     events  amount
                (mm)              (mm)               (mm)

       113    1389.80      23     217.99       1       7.80


II.  ON SITE EFFECTS  ON SITE EFFECTS  ON SITE EFFECTS
     ---------------  ---------------  ---------------


  A.  AREA OF NET SOIL LOSS

      ** Soil Loss (Avg. of Net Detachment Areas) =    1.267 kg/m2 **
      ** Maximum Soil Loss  =    2.260 kg/m2 at   75.00 meters **


      Area of    Soil Loss   Soil Loss   MAX   MAX Loss   MIN   MIN Loss
      Net Loss      MEAN      STDEV      Loss    Point    Loss   Point
        (m)       (kg/m2)     (kg/m2)  (kg/m2)    (m)    (kg/m2)  (m)
------------------------------------------------------------------------
   0.00- 100.00    1.267     0.720      2.260   75.00     0.012     0.50



  C.  SOIL LOSS/DEPOSITION ALONG SLOPE PROFILE

          Profile distances are from top to bottom of hillslope


 distance soil  flow    distance   soil  flow    distance   soil  flow
    (m)   loss  elem       (m)     loss  elem       (m)     loss  elem
         (kg/m2)                  (kg/m2)                  (kg/m2)
------------------------------------------------------------------------

   0.50     0.012  1       34.00     1.132  1       67.50     2.161  2
   1.00     0.012  1       34.50     1.146  1       68.00     2.168  2
   1.50     0.012  1       35.00     1.159  1       68.50     2.174  2
   2.00     0.012  1       35.50     1.173  1       69.00     2.181  2
   2.50     0.012  1       36.00     1.187  1       69.50     2.188  2
   3.00     0.012  1       36.50     1.200  1       70.00     2.195  2
   3.50     0.012  1       37.00     1.214  1       70.50     2.201  2
   4.00     0.012  1       37.50     1.227  1       71.00     2.208  2
   4.50     0.012  1       38.00     1.241  1       71.50     2.214  2
   5.00     0.014  1       38.50     1.254  1       72.00     2.221  2
   5.50     0.021  1       39.00     1.268  1       72.50     2.228  2
   6.00     0.028  1       39.50     1.281  1       73.00     2.234  2
   6.50     0.036  1       40.00     1.294  1       73.50     2.241  2
   7.00     0.045  1       40.50     1.308  1       74.00     2.247  2
   7.50     0.058  1       41.00     1.321  1       74.50     2.254  2
   8.00     0.071  1       41.50     1.334  1       75.00     2.260  2
   8.50     0.086  1       42.00     1.347  1       75.50     2.251  2
   9.00     0.102  1       42.50     1.360  1       76.00     2.226  2
   9.50     0.119  1       43.00     1.373  1       76.50     2.200  2
  10.00     0.137  1       43.50     1.386  1       77.00     2.173  2
  10.50     0.155  1       44.00     1.399  1       77.50     2.147  2
  11.00     0.173  1       44.50     1.412  1       78.00     2.120  2
  11.50     0.192  1       45.00     1.424  1       78.50     2.092  2
  12.00     0.212  1       45.50     1.437  1       79.00     2.064  2
  12.50     0.231  1       46.00     1.450  1       79.50     2.036  2
  13.00     0.253  1       46.50     1.463  1       80.00     2.007  2
  13.50     0.274  1       47.00     1.475  1       80.50     1.978  2
  14.00     0.296  1       47.50     1.488  1       81.00     1.949  2
  14.50     0.318  1       48.00     1.501  1       81.50     1.919  2
  15.00     0.340  1       48.50     1.513  1       82.00     1.889  2
  15.50     0.362  1       49.00     1.526  1       82.50     1.858  2
  16.00     0.386  1       49.50     1.538  1       83.00     1.826  2
  16.50     0.409  1       50.00     1.551  1       83.50     1.794  2
  17.00     0.433  1       50.50     1.926  2       84.00     1.762  2
  17.50     0.457  1       51.00     1.933  2       84.50     1.729  2
  18.00     0.481  1       51.50     1.940  2       85.00     1.696  2
  18.50     0.506  1       52.00     1.947  2       85.50     1.662  2
  19.00     0.532  1       52.50     1.954  2       86.00     1.628  2
  19.50     0.557  1       53.00     1.961  2       86.50     1.593  2
  20.00     0.583  1       53.50     1.968  2       87.00     1.558  2
  20.50     0.609  1       54.00     1.975  2       87.50     1.523  2
  21.00     0.636  1       54.50     1.982  2       88.00     1.486  2
  21.50     0.663  1       55.00     1.990  2       88.50     1.449  2
  22.00     0.690  1       55.50     1.997  2       89.00     1.411  2
  22.50     0.717  1       56.00     2.004  2       89.50     1.373  2
  23.00     0.745  1       56.50     2.011  2       90.00     1.334  2
  23.50     0.774  1       57.00     2.018  2       90.50     1.294  2
  24.00     0.803  1       57.50     2.025  2       91.00     1.253  2
  24.50     0.833  1       58.00     2.031  2       91.50     1.212  2
  25.00     0.863  1       58.50     2.038  2       92.00     1.171  2
  25.50     0.886  1       59.00     2.045  2       92.50     1.128  2
  26.00     0.901  1       59.50     2.052  2       93.00     1.085  2
  26.50     0.916  1       60.00     2.059  2       93.50     1.041  2
  27.00     0.931  1       60.50     2.066  2       94.00     0.995  2
  27.50     0.946  1       61.00     2.073  2       94.50     0.949  2
  28.00     0.960  1       61.50     2.080  2       95.00     0.901  2
  28.50     0.975  1       62.00     2.087  2       95.50     0.852  2
  29.00     0.990  1       62.50     2.093  2       96.00     0.801  2
  29.50     1.004  1       63.00     2.100  2       96.50     0.750  2
  30.00     1.019  1       63.50     2.107  2       97.00     0.697  2
  30.50     1.033  1       64.00     2.114  2       97.50     0.643  2
  31.00     1.047  1       64.50     2.121  2       98.00     0.587  2
  31.50     1.062  1       65.00     2.127  2       98.50     0.530  2
  32.00     1.076  1       65.50     2.134  2       99.00     0.470  2
  32.50     1.090  1       66.00     2.141  2       99.50     0.408  2
  33.00     1.104  1       66.50     2.148  2      100.00     0.343  2
  33.50     1.118  1       67.00     2.154  2

note:  (+) soil loss - detachment     (-) soil loss - deposition



III. OFF SITE EFFECTS  OFF SITE EFFECTS  OFF SITE EFFECTS
     ----------------  ----------------  ----------------

     A.  SEDIMENT LEAVING PROFILE for year    4   126.679 kg/m



     B.  SEDIMENT CHARACTERISTICS AND ENRICHMENT

     Sediment particle information leaving profile
-------------------------------------------------------------------------------
                                 Particle Composition         Detached Fraction
Class  Diameter  Specific  ---------------------------------  Sediment  In Flow
         (mm)    Gravity   % Sand   % Silt   % Clay   % O.M.  Fraction  Exiting
-------------------------------------------------------------------------------
  1     0.002      2.60      0.0      0.0    100.0     50.0     0.026    0.027
  2     0.010      2.65      0.0    100.0      0.0      0.0     0.070    0.073
  3     0.030      1.80      0.0     71.4     28.6     14.3     0.180    0.183
  4     0.300      1.60     78.2     15.1      6.6      3.3     0.340    0.337
  5     0.200      2.65    100.0      0.0      0.0      0.0     0.384    0.380
-------------------------------------------------------------------------------


     Weighted SSA enrichment ratio leaving profile for year    4 =   1.01


     HILLSLOPE 1 YEARLY SUMMARY FOR    5
     ----------------------------------


I.   RAINFALL AND RUNOFF SUMMARY
     -------- --- ------ -------

      year:      5

         Rainfall         Storm Runoff        Melt Runoff
      events   amount   events   amount     events  amount
                (mm)              (mm)               (mm)

       110    1421.30      31     263.33       0       0.00


II.  ON SITE EFFECTS  ON SITE EFFECTS  ON SITE EFFECTS
     ---------------  ---------------  ---------------


  A.  AREA OF NET SOIL LOSS

      ** Soil Loss (Avg. of Net Detachment Areas) =    1.587 kg/m2 **
      ** Maximum Soil Loss  =    2.818 kg/m2 at   75.00 meters **


      Area of    Soil Loss   Soil Loss   MAX   MAX Loss   MIN   MIN Loss
      Net Loss      MEAN      STDEV      Loss    Point    Loss   Point
        (m)       (kg/m2)     (kg/m2)  (kg/m2)    (m)    (kg/m2)  (m)
------------------------------------------------------------------------
   0.00- 100.00    1.587     0.897      2.818   75.00     0.018     0.50



  C.  SOIL LOSS/DEPOSITION ALONG SLOPE PROFILE

          Profile distances are from top to bottom of hillslope


 distance soil  flow    distance   soil  flow    distance   soil  flow
    (m)   loss  elem       (m)     loss  elem       (m)     loss  elem
         (kg/m2)                  (kg/m2)                  (kg/m2)
------------------------------------------------------------------------

   0.50     0.018  1       34.00     1.427  1       67.50     2.696  2
   1.00     0.019  1       34.50     1.444  1       68.00     2.704  2
   1.50     0.019  1       35.00     1.462  1       68.50     2.712  2
   2.00     0.019  1       35.50     1.479  1       69.00     2.720  2
   2.50     0.019  1       36.00     1.495  1       69.50     2.728  2
   3.00     0.019  1       36.50     1.512  1       70.00     2.737  2
   3.50     0.019  1       37.00     1.529  1       70.50     2.745  2
   4.00     0.019  1       37.50     1.546  1       71.00     2.753  2
   4.50     0.019  1       38.00     1.563  1       71.50     2.761  2
   5.00     0.019  1       38.50     1.579  1       72.00     2.769  2
   5.50     0.021  1       39.00     1.596  1       72.50     2.777  2
   6.00     0.027  1       39.50     1.612  1       73.00     2.785  2
   6.50     0.036  1       40.00     1.629  1       73.50     2.793  2
   7.00     0.048  1       40.50     1.645  1       74.00     2.801  2
   7.50     0.062  1       41.00     1.661  1       74.50     2.809  2
   8.00     0.078  1       41.50     1.677  1       75.00     2.818  2
   8.50     0.096  1       42.00     1.694  1       75.50     2.806  2
   9.00     0.116  1       42.50     1.710  1       76.00     2.774  2
   9.50     0.137  1       43.00     1.726  1       76.50     2.742  2
  10.00     0.160  1       43.50     1.742  1       77.00     2.709  2
  10.50     0.185  1       44.00     1.758  1       77.50     2.676  2
  11.00     0.211  1       44.50     1.774  1       78.00     2.643  2
  11.50     0.236  1       45.00     1.790  1       78.50     2.609  2
  12.00     0.262  1       45.50     1.806  1       79.00     2.575  2
  12.50     0.289  1       46.00     1.821  1       79.50     2.540  2
  13.00     0.315  1       46.50     1.837  1       80.00     2.505  2
  13.50     0.342  1       47.00     1.853  1       80.50     2.469  2
  14.00     0.370  1       47.50     1.869  1       81.00     2.432  2
  14.50     0.399  1       48.00     1.885  1       81.50     2.395  2
  15.00     0.429  1       48.50     1.901  1       82.00     2.358  2
  15.50     0.459  1       49.00     1.916  1       82.50     2.319  2
  16.00     0.490  1       49.50     1.932  1       83.00     2.281  2
  16.50     0.521  1       50.00     1.947  1       83.50     2.242  2
  17.00     0.552  1       50.50     2.406  2       84.00     2.202  2
  17.50     0.584  1       51.00     2.415  2       84.50     2.162  2
  18.00     0.616  1       51.50     2.424  2       85.00     2.121  2
  18.50     0.649  1       52.00     2.432  2       85.50     2.080  2
  19.00     0.681  1       52.50     2.441  2       86.00     2.037  2
  19.50     0.714  1       53.00     2.450  2       86.50     1.995  2
  20.00     0.747  1       53.50     2.459  2       87.00     1.951  2
  20.50     0.781  1       54.00     2.467  2       87.50     1.907  2
  21.00     0.814  1       54.50     2.476  2       88.00     1.861  2
  21.50     0.848  1       55.00     2.485  2       88.50     1.816  2
  22.00     0.883  1       55.50     2.493  2       89.00     1.770  2
  22.50     0.918  1       56.00     2.502  2       89.50     1.723  2
  23.00     0.954  1       56.50     2.511  2       90.00     1.675  2
  23.50     0.989  1       57.00     2.519  2       90.50     1.626  2
  24.00     1.025  1       57.50     2.528  2       91.00     1.576  2
  24.50     1.062  1       58.00     2.536  2       91.50     1.525  2
  25.00     1.098  1       58.50     2.545  2       92.00     1.473  2
  25.50     1.126  1       59.00     2.553  2       92.50     1.420  2
  26.00     1.144  1       59.50     2.562  2       93.00     1.366  2
  26.50     1.163  1       60.00     2.570  2       93.50     1.310  2
  27.00     1.181  1       60.50     2.579  2       94.00     1.253  2
  27.50     1.199  1       61.00     2.587  2       94.50     1.195  2
  28.00     1.217  1       61.50     2.596  2       95.00     1.135  2
  28.50     1.235  1       62.00     2.604  2       95.50     1.074  2
  29.00     1.253  1       62.50     2.613  2       96.00     1.011  2
  29.50     1.271  1       63.00     2.621  2       96.50     0.946  2
  30.00     1.288  1       63.50     2.629  2       97.00     0.878  2
  30.50     1.306  1       64.00     2.638  2       97.50     0.810  2
  31.00     1.324  1       64.50     2.646  2       98.00     0.739  2
  31.50     1.341  1       65.00     2.654  2       98.50     0.666  2
  32.00     1.358  1       65.50     2.663  2       99.00     0.589  2
  32.50     1.376  1       66.00     2.671  2       99.50     0.510  2
  33.00     1.393  1       66.50     2.679  2      100.00     0.429  2
  33.50     1.410  1       67.00     2.687  2

note:  (+) soil loss - detachment     (-) soil loss - deposition



III. OFF SITE EFFECTS  OFF SITE EFFECTS  OFF SITE EFFECTS
     ----------------  ----------------  ----------------

     A.  SEDIMENT LEAVING PROFILE for year    5   158.725 kg/m



     B.  SEDIMENT CHARACTERISTICS AND ENRICHMENT

     Sediment particle information leaving profile
-------------------------------------------------------------------------------
                                 Particle Composition         Detached Fraction
Class  Diameter  Specific  ---------------------------------  Sediment  In Flow
         (mm)    Gravity   % Sand   % Silt   % Clay   % O.M.  Fraction  Exiting
-------------------------------------------------------------------------------
  1     0.002      2.60      0.0      0.0    100.0     50.0     0.026    0.028
  2     0.010      2.65      0.0    100.0      0.0      0.0     0.070    0.074
  3     0.030      1.80      0.0     71.4     28.6     14.3     0.180    0.183
  4     0.300      1.60     78.2     15.1      6.6      3.3     0.340    0.336
  5     0.200      2.65    100.0      0.0      0.0      0.0     0.384    0.379
-------------------------------------------------------------------------------


     Weighted SSA enrichment ratio leaving profile for year    5 =   1.02


     HILLSLOPE 1 YEARLY SUMMARY FOR    6
     ----------------------------------


I.   RAINFALL AND RUNOFF SUMMARY
     -------- --- ------ -------

      year:      6

         Rainfall         Storm Runoff        Melt Runoff
      events   amount   events   amount     events  amount
                (mm)              (mm)               (mm)

       119    1427.20      15      93.28       0       0.00


II.  ON SITE EFFECTS  ON SITE EFFECTS  ON SITE EFFECTS
     ---------------  ---------------  ---------------


  A.  AREA OF NET SOIL LOSS

      ** Soil Loss (Avg. of Net Detachment Areas) =    0.549 kg/m2 **
      ** Maximum Soil Loss  =    0.963 kg/m2 at   75.00 meters **


      Area of    Soil Loss   Soil Loss   MAX   MAX Loss   MIN   MIN Loss
      Net Loss      MEAN      STDEV      Loss    Point    Loss   Point
        (m)       (kg/m2)     (kg/m2)  (kg/m2)    (m)    (kg/m2)  (m)
------------------------------------------------------------------------
   0.00- 100.00    0.549     0.305      0.963   75.00     0.010     0.50



  C.  SOIL LOSS/DEPOSITION ALONG SLOPE PROFILE

          Profile distances are from top to bottom of hillslope


 distance soil  flow    distance   soil  flow    distance   soil  flow
    (m)   loss  elem       (m)     loss  elem       (m)     loss  elem
         (kg/m2)                  (kg/m2)                  (kg/m2)
------------------------------------------------------------------------

   0.50     0.010  1       34.00     0.499  1       67.50     0.925  2
   1.00     0.010  1       34.50     0.504  1       68.00     0.927  2
   1.50     0.010  1       35.00     0.510  1       68.50     0.930  2
   2.00     0.010  1       35.50     0.516  1       69.00     0.932  2
   2.50     0.010  1       36.00     0.521  1       69.50     0.935  2
   3.00     0.010  1       36.50     0.527  1       70.00     0.938  2
   3.50     0.010  1       37.00     0.533  1       70.50     0.940  2
   4.00     0.010  1       37.50     0.538  1       71.00     0.943  2
   4.50     0.010  1       38.00     0.544  1       71.50     0.945  2
   5.00     0.010  1       38.50     0.549  1       72.00     0.948  2
   5.50     0.011  1       39.00     0.555  1       72.50     0.950  2
   6.00     0.014  1       39.50     0.560  1       73.00     0.953  2
   6.50     0.017  1       40.00     0.566  1       73.50     0.955  2
   7.00     0.021  1       40.50     0.571  1       74.00     0.958  2
   7.50     0.028  1       41.00     0.577  1       74.50     0.961  2
   8.00     0.034  1       41.50     0.582  1       75.00     0.963  2
   8.50     0.041  1       42.00     0.588  1       75.50     0.959  2
   9.00     0.048  1       42.50     0.593  1       76.00     0.949  2
   9.50     0.055  1       43.00     0.598  1       76.50     0.938  2
  10.00     0.063  1       43.50     0.604  1       77.00     0.927  2
  10.50     0.072  1       44.00     0.609  1       77.50     0.916  2
  11.00     0.080  1       44.50     0.614  1       78.00     0.904  2
  11.50     0.089  1       45.00     0.620  1       78.50     0.893  2
  12.00     0.098  1       45.50     0.625  1       79.00     0.882  2
  12.50     0.108  1       46.00     0.630  1       79.50     0.870  2
  13.00     0.117  1       46.50     0.636  1       80.00     0.858  2
  13.50     0.127  1       47.00     0.641  1       80.50     0.846  2
  14.00     0.137  1       47.50     0.646  1       81.00     0.833  2
  14.50     0.148  1       48.00     0.651  1       81.50     0.821  2
  15.00     0.158  1       48.50     0.656  1       82.00     0.808  2
  15.50     0.169  1       49.00     0.662  1       82.50     0.796  2
  16.00     0.179  1       49.50     0.667  1       83.00     0.783  2
  16.50     0.190  1       50.00     0.672  1       83.50     0.769  2
  17.00     0.201  1       50.50     0.833  2       84.00     0.756  2
  17.50     0.212  1       51.00     0.836  2       84.50     0.742  2
  18.00     0.223  1       51.50     0.838  2       85.00     0.728  2
  18.50     0.234  1       52.00     0.841  2       85.50     0.714  2
  19.00     0.245  1       52.50     0.844  2       86.00     0.700  2
  19.50     0.256  1       53.00     0.847  2       86.50     0.685  2
  20.00     0.268  1       53.50     0.849  2       87.00     0.671  2
  20.50     0.279  1       54.00     0.852  2       87.50     0.656  2
  21.00     0.291  1       54.50     0.855  2       88.00     0.640  2
  21.50     0.303  1       55.00     0.858  2       88.50     0.625  2
  22.00     0.314  1       55.50     0.860  2       89.00     0.609  2
  22.50     0.326  1       56.00     0.863  2       89.50     0.593  2
  23.00     0.338  1       56.50     0.866  2       90.00     0.576  2
  23.50     0.350  1       57.00     0.869  2       90.50     0.560  2
  24.00     0.362  1       57.50     0.871  2       91.00     0.543  2
  24.50     0.375  1       58.00     0.874  2       91.50     0.525  2
  25.00     0.387  1       58.50     0.877  2       92.00     0.508  2
  25.50     0.397  1       59.00     0.879  2       92.50     0.489  2
  26.00     0.403  1       59.50     0.882  2       93.00     0.471  2
  26.50     0.409  1       60.00     0.885  2       93.50     0.452  2
  27.00     0.415  1       60.50     0.887  2       94.00     0.433  2
  27.50     0.421  1       61.00     0.890  2       94.50     0.413  2
  28.00     0.428  1       61.50     0.893  2       95.00     0.392  2
  28.50     0.434  1       62.00     0.896  2       95.50     0.371  2
  29.00     0.440  1       62.50     0.898  2       96.00     0.350  2
  29.50     0.446  1       63.00     0.901  2       96.50     0.328  2
  30.00     0.452  1       63.50     0.903  2       97.00     0.305  2
  30.50     0.458  1       64.00     0.906  2       97.50     0.282  2
  31.00     0.464  1       64.50     0.909  2       98.00     0.257  2
  31.50     0.470  1       65.00     0.911  2       98.50     0.232  2
  32.00     0.475  1       65.50     0.914  2       99.00     0.206  2
  32.50     0.481  1       66.00     0.917  2       99.50     0.179  2
  33.00     0.487  1       66.50     0.919  2      100.00     0.150  2
  33.50     0.493  1       67.00     0.922  2

note:  (+) soil loss - detachment     (-) soil loss - deposition



III. OFF SITE EFFECTS  OFF SITE EFFECTS  OFF SITE EFFECTS
     ----------------  ----------------  ----------------

     A.  SEDIMENT LEAVING PROFILE for year    6    54.922 kg/m



     B.  SEDIMENT CHARACTERISTICS AND ENRICHMENT

     Sediment particle information leaving profile
-------------------------------------------------------------------------------
                                 Particle Composition         Detached Fraction
Class  Diameter  Specific  ---------------------------------  Sediment  In Flow
         (mm)    Gravity   % Sand   % Silt   % Clay   % O.M.  Fraction  Exiting
-------------------------------------------------------------------------------
  1     0.002      2.60      0.0      0.0    100.0     50.0     0.026    0.029
  2     0.010      2.65      0.0    100.0      0.0      0.0     0.070    0.076
  3     0.030      1.80      0.0     71.4     28.6     14.3     0.180    0.184
  4     0.300      1.60     78.2     15.1      6.6      3.3     0.340    0.334
  5     0.200      2.65    100.0      0.0      0.0      0.0     0.384    0.377
-------------------------------------------------------------------------------


     Weighted SSA enrichment ratio leaving profile for year    6 =   1.03


     HILLSLOPE 1 YEARLY SUMMARY FOR    7
     ----------------------------------


I.   RAINFALL AND RUNOFF SUMMARY
     -------- --- ------ -------

      year:      7

         Rainfall         Storm Runoff        Melt Runoff
      events   amount   events   amount     events  amount
                (mm)              (mm)               (mm)

       107    1310.00      22     134.62       1       3.36


II.  ON SITE EFFECTS  ON SITE EFFECTS  ON SITE EFFECTS
     ---------------  ---------------  ---------------


  A.  AREA OF NET SOIL LOSS

      ** Soil Loss (Avg. of Net Detachment Areas) =    0.837 kg/m2 **
      ** Maximum Soil Loss  =    1.500 kg/m2 at   75.00 meters **


      Area of    Soil Loss   Soil Loss   MAX   MAX Loss   MIN   MIN Loss
      Net Loss      MEAN      STDEV      Loss    Point    Loss   Point
        (m)       (kg/m2)     (kg/m2)  (kg/m2)    (m)    (kg/m2)  (m)
------------------------------------------------------------------------
   0.00- 100.00    0.837     0.481      1.500   75.00     0.011     0.50



  C.  SOIL LOSS/DEPOSITION ALONG SLOPE PROFILE

          Profile distances are from top to bottom of hillslope


 distance soil  flow    distance   soil  flow    distance   soil  flow
    (m)   loss  elem       (m)     loss  elem       (m)     loss  elem
         (kg/m2)                  (kg/m2)                  (kg/m2)
------------------------------------------------------------------------

   0.50     0.011  1       34.00     0.751  1       67.50     1.434  2
   1.00     0.011  1       34.50     0.761  1       68.00     1.439  2
   1.50     0.011  1       35.00     0.770  1       68.50     1.443  2
   2.00     0.011  1       35.50     0.779  1       69.00     1.448  2
   2.50     0.011  1       36.00     0.788  1       69.50     1.452  2
   3.00     0.011  1       36.50     0.797  1       70.00     1.456  2
   3.50     0.011  1       37.00     0.806  1       70.50     1.461  2
   4.00     0.011  1       37.50     0.815  1       71.00     1.465  2
   4.50     0.011  1       38.00     0.824  1       71.50     1.469  2
   5.00     0.011  1       38.50     0.833  1       72.00     1.474  2
   5.50     0.011  1       39.00     0.842  1       72.50     1.478  2
   6.00     0.013  1       39.50     0.851  1       73.00     1.482  2
   6.50     0.017  1       40.00     0.860  1       73.50     1.487  2
   7.00     0.025  1       40.50     0.869  1       74.00     1.491  2
   7.50     0.034  1       41.00     0.878  1       74.50     1.495  2
   8.00     0.043  1       41.50     0.886  1       75.00     1.500  2
   8.50     0.052  1       42.00     0.895  1       75.50     1.493  2
   9.00     0.062  1       42.50     0.904  1       76.00     1.476  2
   9.50     0.072  1       43.00     0.912  1       76.50     1.459  2
  10.00     0.083  1       43.50     0.921  1       77.00     1.441  2
  10.50     0.094  1       44.00     0.930  1       77.50     1.423  2
  11.00     0.105  1       44.50     0.938  1       78.00     1.405  2
  11.50     0.117  1       45.00     0.947  1       78.50     1.387  2
  12.00     0.129  1       45.50     0.955  1       79.00     1.368  2
  12.50     0.141  1       46.00     0.964  1       79.50     1.349  2
  13.00     0.154  1       46.50     0.972  1       80.00     1.330  2
  13.50     0.168  1       47.00     0.981  1       80.50     1.311  2
  14.00     0.182  1       47.50     0.989  1       81.00     1.291  2
  14.50     0.197  1       48.00     0.997  1       81.50     1.271  2
  15.00     0.212  1       48.50     1.006  1       82.00     1.251  2
  15.50     0.228  1       49.00     1.014  1       82.50     1.230  2
  16.00     0.243  1       49.50     1.022  1       83.00     1.209  2
  16.50     0.259  1       50.00     1.031  1       83.50     1.187  2
  17.00     0.276  1       50.50     1.279  2       84.00     1.166  2
  17.50     0.292  1       51.00     1.284  2       84.50     1.144  2
  18.00     0.309  1       51.50     1.288  2       85.00     1.122  2
  18.50     0.327  1       52.00     1.293  2       85.50     1.099  2
  19.00     0.344  1       52.50     1.298  2       86.00     1.076  2
  19.50     0.362  1       53.00     1.303  2       86.50     1.052  2
  20.00     0.380  1       53.50     1.307  2       87.00     1.029  2
  20.50     0.398  1       54.00     1.312  2       87.50     1.004  2
  21.00     0.417  1       54.50     1.317  2       88.00     0.980  2
  21.50     0.436  1       55.00     1.321  2       88.50     0.955  2
  22.00     0.455  1       55.50     1.326  2       89.00     0.929  2
  22.50     0.474  1       56.00     1.330  2       89.50     0.903  2
  23.00     0.493  1       56.50     1.335  2       90.00     0.877  2
  23.50     0.513  1       57.00     1.340  2       90.50     0.850  2
  24.00     0.533  1       57.50     1.344  2       91.00     0.822  2
  24.50     0.552  1       58.00     1.349  2       91.50     0.794  2
  25.00     0.572  1       58.50     1.353  2       92.00     0.765  2
  25.50     0.587  1       59.00     1.358  2       92.50     0.736  2
  26.00     0.597  1       59.50     1.363  2       93.00     0.706  2
  26.50     0.607  1       60.00     1.367  2       93.50     0.676  2
  27.00     0.617  1       60.50     1.372  2       94.00     0.645  2
  27.50     0.627  1       61.00     1.376  2       94.50     0.613  2
  28.00     0.637  1       61.50     1.381  2       95.00     0.580  2
  28.50     0.647  1       62.00     1.385  2       95.50     0.546  2
  29.00     0.657  1       62.50     1.390  2       96.00     0.512  2
  29.50     0.666  1       63.00     1.394  2       96.50     0.477  2
  30.00     0.676  1       63.50     1.399  2       97.00     0.440  2
  30.50     0.685  1       64.00     1.403  2       97.50     0.403  2
  31.00     0.695  1       64.50     1.408  2       98.00     0.366  2
  31.50     0.704  1       65.00     1.412  2       98.50     0.328  2
  32.00     0.714  1       65.50     1.417  2       99.00     0.289  2
  32.50     0.723  1       66.00     1.421  2       99.50     0.251  2
  33.00     0.733  1       66.50     1.425  2      100.00     0.211  2
  33.50     0.742  1       67.00     1.430  2

note:  (+) soil loss - detachment     (-) soil loss - deposition



III. OFF SITE EFFECTS  OFF SITE EFFECTS  OFF SITE EFFECTS
     ----------------  ----------------  ----------------

     A.  SEDIMENT LEAVING PROFILE for year    7    83.732 kg/m



     B.  SEDIMENT CHARACTERISTICS AND ENRICHMENT

     Sediment particle information leaving profile
-------------------------------------------------------------------------------
                                 Particle Composition         Detached Fraction
Class  Diameter  Specific  ---------------------------------  Sediment  In Flow
         (mm)    Gravity   % Sand   % Silt   % Clay   % O.M.  Fraction  Exiting
-------------------------------------------------------------------------------
  1     0.002      2.60      0.0      0.0    100.0     50.0     0.026    0.028
  2     0.010      2.65      0.0    100.0      0.0      0.0     0.070    0.074
  3     0.030      1.80      0.0     71.4     28.6     14.3     0.180    0.184
  4     0.300      1.60     78.2     15.1      6.6      3.3     0.340    0.336
  5     0.200      2.65    100.0      0.0      0.0      0.0     0.384    0.379
-------------------------------------------------------------------------------


     Weighted SSA enrichment ratio leaving profile for year    7 =   1.02


     HILLSLOPE 1 YEARLY SUMMARY FOR    8
     ----------------------------------


I.   RAINFALL AND RUNOFF SUMMARY
     -------- --- ------ -------

      year:      8

         Rainfall         Storm Runoff        Melt Runoff
      events   amount   events   amount     events  amount
                (mm)              (mm)               (mm)

       128    1330.90      26      93.30       1       0.70


II.  ON SITE EFFECTS  ON SITE EFFECTS  ON SITE EFFECTS
     ---------------  ---------------  ---------------


  A.  AREA OF NET SOIL LOSS

      ** Soil Loss (Avg. of Net Detachment Areas) =    0.612 kg/m2 **
      ** Maximum Soil Loss  =    1.101 kg/m2 at   75.00 meters **


      Area of    Soil Loss   Soil Loss   MAX   MAX Loss   MIN   MIN Loss
      Net Loss      MEAN      STDEV      Loss    Point    Loss   Point
        (m)       (kg/m2)     (kg/m2)  (kg/m2)    (m)    (kg/m2)  (m)
------------------------------------------------------------------------
   0.00- 100.00    0.612     0.359      1.101   75.00     0.004     0.50



  C.  SOIL LOSS/DEPOSITION ALONG SLOPE PROFILE

          Profile distances are from top to bottom of hillslope


 distance soil  flow    distance   soil  flow    distance   soil  flow
    (m)   loss  elem       (m)     loss  elem       (m)     loss  elem
         (kg/m2)                  (kg/m2)                  (kg/m2)
------------------------------------------------------------------------

   0.50     0.004  1       34.00     0.555  1       67.50     1.058  2
   1.00     0.004  1       34.50     0.562  1       68.00     1.061  2
   1.50     0.004  1       35.00     0.569  1       68.50     1.063  2
   2.00     0.004  1       35.50     0.576  1       69.00     1.066  2
   2.50     0.004  1       36.00     0.583  1       69.50     1.069  2
   3.00     0.004  1       36.50     0.590  1       70.00     1.072  2
   3.50     0.004  1       37.00     0.597  1       70.50     1.075  2
   4.00     0.004  1       37.50     0.604  1       71.00     1.078  2
   4.50     0.004  1       38.00     0.611  1       71.50     1.081  2
   5.00     0.004  1       38.50     0.618  1       72.00     1.084  2
   5.50     0.005  1       39.00     0.625  1       72.50     1.087  2
   6.00     0.007  1       39.50     0.632  1       73.00     1.089  2
   6.50     0.008  1       40.00     0.639  1       73.50     1.092  2
   7.00     0.012  1       40.50     0.646  1       74.00     1.095  2
   7.50     0.016  1       41.00     0.653  1       74.50     1.098  2
   8.00     0.020  1       41.50     0.659  1       75.00     1.101  2
   8.50     0.026  1       42.00     0.666  1       75.50     1.096  2
   9.00     0.032  1       42.50     0.673  1       76.00     1.082  2
   9.50     0.038  1       43.00     0.680  1       76.50     1.069  2
  10.00     0.045  1       43.50     0.686  1       77.00     1.055  2
  10.50     0.051  1       44.00     0.693  1       77.50     1.041  2
  11.00     0.058  1       44.50     0.700  1       78.00     1.027  2
  11.50     0.066  1       45.00     0.706  1       78.50     1.013  2
  12.00     0.074  1       45.50     0.713  1       79.00     0.998  2
  12.50     0.084  1       46.00     0.719  1       79.50     0.984  2
  13.00     0.094  1       46.50     0.726  1       80.00     0.969  2
  13.50     0.105  1       47.00     0.733  1       80.50     0.954  2
  14.00     0.115  1       47.50     0.739  1       81.00     0.938  2
  14.50     0.127  1       48.00     0.746  1       81.50     0.923  2
  15.00     0.139  1       48.50     0.752  1       82.00     0.907  2
  15.50     0.152  1       49.00     0.758  1       82.50     0.891  2
  16.00     0.164  1       49.50     0.765  1       83.00     0.875  2
  16.50     0.177  1       50.00     0.771  1       83.50     0.859  2
  17.00     0.190  1       50.50     0.954  2       84.00     0.842  2
  17.50     0.203  1       51.00     0.957  2       84.50     0.825  2
  18.00     0.217  1       51.50     0.961  2       85.00     0.808  2
  18.50     0.230  1       52.00     0.964  2       85.50     0.791  2
  19.00     0.244  1       52.50     0.967  2       86.00     0.774  2
  19.50     0.257  1       53.00     0.970  2       86.50     0.756  2
  20.00     0.271  1       53.50     0.973  2       87.00     0.739  2
  20.50     0.285  1       54.00     0.976  2       87.50     0.721  2
  21.00     0.299  1       54.50     0.979  2       88.00     0.702  2
  21.50     0.313  1       55.00     0.982  2       88.50     0.684  2
  22.00     0.327  1       55.50     0.986  2       89.00     0.665  2
  22.50     0.341  1       56.00     0.989  2       89.50     0.646  2
  23.00     0.356  1       56.50     0.992  2       90.00     0.626  2
  23.50     0.370  1       57.00     0.995  2       90.50     0.606  2
  24.00     0.385  1       57.50     0.998  2       91.00     0.586  2
  24.50     0.401  1       58.00     1.001  2       91.50     0.566  2
  25.00     0.416  1       58.50     1.004  2       92.00     0.544  2
  25.50     0.428  1       59.00     1.007  2       92.50     0.523  2
  26.00     0.435  1       59.50     1.010  2       93.00     0.501  2
  26.50     0.443  1       60.00     1.013  2       93.50     0.479  2
  27.00     0.451  1       60.50     1.016  2       94.00     0.456  2
  27.50     0.459  1       61.00     1.019  2       94.50     0.432  2
  28.00     0.466  1       61.50     1.022  2       95.00     0.408  2
  28.50     0.474  1       62.00     1.025  2       95.50     0.383  2
  29.00     0.481  1       62.50     1.028  2       96.00     0.358  2
  29.50     0.489  1       63.00     1.031  2       96.50     0.332  2
  30.00     0.496  1       63.50     1.034  2       97.00     0.305  2
  30.50     0.504  1       64.00     1.037  2       97.50     0.278  2
  31.00     0.511  1       64.50     1.040  2       98.00     0.249  2
  31.50     0.518  1       65.00     1.043  2       98.50     0.220  2
  32.00     0.526  1       65.50     1.046  2       99.00     0.190  2
  32.50     0.533  1       66.00     1.049  2       99.50     0.160  2
  33.00     0.540  1       66.50     1.052  2      100.00     0.130  2
  33.50     0.548  1       67.00     1.055  2

note:  (+) soil loss - detachment     (-) soil loss - deposition



III. OFF SITE EFFECTS  OFF SITE EFFECTS  OFF SITE EFFECTS
     ----------------  ----------------  ----------------

     A.  SEDIMENT LEAVING PROFILE for year    8    61.211 kg/m



     B.  SEDIMENT CHARACTERISTICS AND ENRICHMENT

     Sediment particle information leaving profile
-------------------------------------------------------------------------------
                                 Particle Composition         Detached Fraction
Class  Diameter  Specific  ---------------------------------  Sediment  In Flow
         (mm)    Gravity   % Sand   % Silt   % Clay   % O.M.  Fraction  Exiting
-------------------------------------------------------------------------------
  1     0.002      2.60      0.0      0.0    100.0     50.0     0.026    0.027
  2     0.010      2.65      0.0    100.0      0.0      0.0     0.070    0.072
  3     0.030      1.80      0.0     71.4     28.6     14.3     0.180    0.182
  4     0.300      1.60     78.2     15.1      6.6      3.3     0.340    0.338
  5     0.200      2.65    100.0      0.0      0.0      0.0     0.384    0.381
-------------------------------------------------------------------------------


     Weighted SSA enrichment ratio leaving profile for year    8 =   1.01


     HILLSLOPE 1 YEARLY SUMMARY FOR    9
     ----------------------------------


I.   RAINFALL AND RUNOFF SUMMARY
     -------- --- ------ -------

      year:      9

         Rainfall         Storm Runoff        Melt Runoff
      events   amount   events   amount     events  amount
                (mm)              (mm)               (mm)

       124    1485.30      34     209.19       1       0.33


II.  ON SITE EFFECTS  ON SITE EFFECTS  ON SITE EFFECTS
     ---------------  ---------------  ---------------


  A.  AREA OF NET SOIL LOSS

      ** Soil Loss (Avg. of Net Detachment Areas) =    1.282 kg/m2 **
      ** Maximum Soil Loss  =    2.284 kg/m2 at   75.00 meters **


      Area of    Soil Loss   Soil Loss   MAX   MAX Loss   MIN   MIN Loss
      Net Loss      MEAN      STDEV      Loss    Point    Loss   Point
        (m)       (kg/m2)     (kg/m2)  (kg/m2)    (m)    (kg/m2)  (m)
------------------------------------------------------------------------
   0.00- 100.00    1.282     0.734      2.284   75.00     0.011     0.50



  C.  SOIL LOSS/DEPOSITION ALONG SLOPE PROFILE

          Profile distances are from top to bottom of hillslope


 distance soil  flow    distance   soil  flow    distance   soil  flow
    (m)   loss  elem       (m)     loss  elem       (m)     loss  elem
         (kg/m2)                  (kg/m2)                  (kg/m2)
------------------------------------------------------------------------

   0.50     0.011  1       34.00     1.159  1       67.50     2.191  2
   1.00     0.011  1       34.50     1.173  1       68.00     2.197  2
   1.50     0.011  1       35.00     1.187  1       68.50     2.203  2
   2.00     0.011  1       35.50     1.201  1       69.00     2.210  2
   2.50     0.011  1       36.00     1.215  1       69.50     2.216  2
   3.00     0.011  1       36.50     1.229  1       70.00     2.222  2
   3.50     0.011  1       37.00     1.243  1       70.50     2.228  2
   4.00     0.011  1       37.50     1.257  1       71.00     2.235  2
   4.50     0.011  1       38.00     1.270  1       71.50     2.241  2
   5.00     0.012  1       38.50     1.284  1       72.00     2.247  2
   5.50     0.014  1       39.00     1.298  1       72.50     2.253  2
   6.00     0.017  1       39.50     1.311  1       73.00     2.259  2
   6.50     0.023  1       40.00     1.325  1       73.50     2.266  2
   7.00     0.031  1       40.50     1.338  1       74.00     2.272  2
   7.50     0.041  1       41.00     1.351  1       74.50     2.278  2
   8.00     0.054  1       41.50     1.365  1       75.00     2.284  2
   8.50     0.068  1       42.00     1.378  1       75.50     2.274  2
   9.00     0.082  1       42.50     1.391  1       76.00     2.248  2
   9.50     0.098  1       43.00     1.404  1       76.50     2.222  2
  10.00     0.116  1       43.50     1.418  1       77.00     2.195  2
  10.50     0.135  1       44.00     1.431  1       77.50     2.167  2
  11.00     0.154  1       44.50     1.444  1       78.00     2.140  2
  11.50     0.174  1       45.00     1.457  1       78.50     2.112  2
  12.00     0.195  1       45.50     1.470  1       79.00     2.083  2
  12.50     0.217  1       46.00     1.483  1       79.50     2.054  2
  13.00     0.239  1       46.50     1.496  1       80.00     2.025  2
  13.50     0.261  1       47.00     1.508  1       80.50     1.995  2
  14.00     0.284  1       47.50     1.521  1       81.00     1.965  2
  14.50     0.308  1       48.00     1.534  1       81.50     1.935  2
  15.00     0.331  1       48.50     1.547  1       82.00     1.903  2
  15.50     0.356  1       49.00     1.560  1       82.50     1.872  2
  16.00     0.380  1       49.50     1.572  1       83.00     1.840  2
  16.50     0.405  1       50.00     1.585  1       83.50     1.807  2
  17.00     0.430  1       50.50     1.968  2       84.00     1.774  2
  17.50     0.456  1       51.00     1.974  2       84.50     1.741  2
  18.00     0.482  1       51.50     1.981  2       85.00     1.707  2
  18.50     0.509  1       52.00     1.988  2       85.50     1.672  2
  19.00     0.536  1       52.50     1.995  2       86.00     1.637  2
  19.50     0.564  1       53.00     2.001  2       86.50     1.602  2
  20.00     0.592  1       53.50     2.008  2       87.00     1.565  2
  20.50     0.620  1       54.00     2.015  2       87.50     1.528  2
  21.00     0.649  1       54.50     2.022  2       88.00     1.491  2
  21.50     0.678  1       55.00     2.028  2       88.50     1.453  2
  22.00     0.707  1       55.50     2.035  2       89.00     1.414  2
  22.50     0.736  1       56.00     2.041  2       89.50     1.375  2
  23.00     0.765  1       56.50     2.048  2       90.00     1.335  2
  23.50     0.795  1       57.00     2.055  2       90.50     1.294  2
  24.00     0.825  1       57.50     2.061  2       91.00     1.252  2
  24.50     0.855  1       58.00     2.068  2       91.50     1.210  2
  25.00     0.885  1       58.50     2.075  2       92.00     1.167  2
  25.50     0.908  1       59.00     2.081  2       92.50     1.123  2
  26.00     0.923  1       59.50     2.088  2       93.00     1.078  2
  26.50     0.939  1       60.00     2.094  2       93.50     1.032  2
  27.00     0.954  1       60.50     2.101  2       94.00     0.985  2
  27.50     0.969  1       61.00     2.107  2       94.50     0.937  2
  28.00     0.984  1       61.50     2.114  2       95.00     0.888  2
  28.50     0.999  1       62.00     2.120  2       95.50     0.838  2
  29.00     1.014  1       62.50     2.127  2       96.00     0.787  2
  29.50     1.029  1       63.00     2.133  2       96.50     0.735  2
  30.00     1.044  1       63.50     2.140  2       97.00     0.681  2
  30.50     1.058  1       64.00     2.146  2       97.50     0.625  2
  31.00     1.073  1       64.50     2.152  2       98.00     0.568  2
  31.50     1.087  1       65.00     2.159  2       98.50     0.508  2
  32.00     1.102  1       65.50     2.165  2       99.00     0.447  2
  32.50     1.116  1       66.00     2.172  2       99.50     0.384  2
  33.00     1.131  1       66.50     2.178  2      100.00     0.320  2
  33.50     1.145  1       67.00     2.184  2

note:  (+) soil loss - detachment     (-) soil loss - deposition



III. OFF SITE EFFECTS  OFF SITE EFFECTS  OFF SITE EFFECTS
     ----------------  ----------------  ----------------

     A.  SEDIMENT LEAVING PROFILE for year    9   128.237 kg/m



     B.  SEDIMENT CHARACTERISTICS AND ENRICHMENT

     Sediment particle information leaving profile
-------------------------------------------------------------------------------
                                 Particle Composition         Detached Fraction
Class  Diameter  Specific  ---------------------------------  Sediment  In Flow
         (mm)    Gravity   % Sand   % Silt   % Clay   % O.M.  Fraction  Exiting
-------------------------------------------------------------------------------
  1     0.002      2.60      0.0      0.0    100.0     50.0     0.026    0.027
  2     0.010      2.65      0.0    100.0      0.0      0.0     0.070    0.073
  3     0.030      1.80      0.0     71.4     28.6     14.3     0.180    0.182
  4     0.300      1.60     78.2     15.1      6.6      3.3     0.340    0.337
  5     0.200      2.65    100.0      0.0      0.0      0.0     0.384    0.381
-------------------------------------------------------------------------------


     Weighted SSA enrichment ratio leaving profile for year    9 =   1.01


     HILLSLOPE 1 YEARLY SUMMARY FOR   10
     ----------------------------------


I.   RAINFALL AND RUNOFF SUMMARY
     -------- --- ------ -------

      year:     10

         Rainfall         Storm Runoff        Melt Runoff
      events   amount   events   amount     events  amount
                (mm)              (mm)               (mm)

       100    1201.60      20     149.48       2       7.87


II.  ON SITE EFFECTS  ON SITE EFFECTS  ON SITE EFFECTS
     ---------------  ---------------  ---------------


  A.  AREA OF NET SOIL LOSS

      ** Soil Loss (Avg. of Net Detachment Areas) =    1.012 kg/m2 **
      ** Maximum Soil Loss  =    1.801 kg/m2 at   75.00 meters **


      Area of    Soil Loss   Soil Loss   MAX   MAX Loss   MIN   MIN Loss
      Net Loss      MEAN      STDEV      Loss    Point    Loss   Point
        (m)       (kg/m2)     (kg/m2)  (kg/m2)    (m)    (kg/m2)  (m)
------------------------------------------------------------------------
   0.00- 100.00    1.012     0.577      1.801   75.00     0.019     0.50



  C.  SOIL LOSS/DEPOSITION ALONG SLOPE PROFILE

          Profile distances are from top to bottom of hillslope


 distance soil  flow    distance   soil  flow    distance   soil  flow
    (m)   loss  elem       (m)     loss  elem       (m)     loss  elem
         (kg/m2)                  (kg/m2)                  (kg/m2)
------------------------------------------------------------------------

   0.50     0.019  1       34.00     0.915  1       67.50     1.727  2
   1.00     0.020  1       34.50     0.926  1       68.00     1.732  2
   1.50     0.020  1       35.00     0.937  1       68.50     1.737  2
   2.00     0.020  1       35.50     0.948  1       69.00     1.742  2
   2.50     0.020  1       36.00     0.959  1       69.50     1.747  2
   3.00     0.020  1       36.50     0.970  1       70.00     1.752  2
   3.50     0.020  1       37.00     0.981  1       70.50     1.757  2
   4.00     0.020  1       37.50     0.992  1       71.00     1.762  2
   4.50     0.020  1       38.00     1.003  1       71.50     1.767  2
   5.00     0.020  1       38.50     1.013  1       72.00     1.772  2
   5.50     0.023  1       39.00     1.024  1       72.50     1.777  2
   6.00     0.026  1       39.50     1.035  1       73.00     1.782  2
   6.50     0.030  1       40.00     1.046  1       73.50     1.786  2
   7.00     0.036  1       40.50     1.056  1       74.00     1.791  2
   7.50     0.044  1       41.00     1.067  1       74.50     1.796  2
   8.00     0.053  1       41.50     1.077  1       75.00     1.801  2
   8.50     0.064  1       42.00     1.088  1       75.50     1.793  2
   9.00     0.075  1       42.50     1.098  1       76.00     1.772  2
   9.50     0.086  1       43.00     1.109  1       76.50     1.751  2
  10.00     0.099  1       43.50     1.119  1       77.00     1.730  2
  10.50     0.112  1       44.00     1.130  1       77.50     1.708  2
  11.00     0.126  1       44.50     1.140  1       78.00     1.687  2
  11.50     0.141  1       45.00     1.150  1       78.50     1.664  2
  12.00     0.156  1       45.50     1.161  1       79.00     1.642  2
  12.50     0.172  1       46.00     1.171  1       79.50     1.619  2
  13.00     0.189  1       46.50     1.181  1       80.00     1.596  2
  13.50     0.206  1       47.00     1.191  1       80.50     1.572  2
  14.00     0.223  1       47.50     1.201  1       81.00     1.548  2
  14.50     0.241  1       48.00     1.211  1       81.50     1.524  2
  15.00     0.259  1       48.50     1.222  1       82.00     1.499  2
  15.50     0.278  1       49.00     1.232  1       82.50     1.474  2
  16.00     0.298  1       49.50     1.242  1       83.00     1.449  2
  16.50     0.318  1       50.00     1.252  1       83.50     1.424  2
  17.00     0.339  1       50.50     1.551  2       84.00     1.398  2
  17.50     0.359  1       51.00     1.557  2       84.50     1.371  2
  18.00     0.380  1       51.50     1.562  2       85.00     1.344  2
  18.50     0.401  1       52.00     1.567  2       85.50     1.317  2
  19.00     0.423  1       52.50     1.573  2       86.00     1.290  2
  19.50     0.444  1       53.00     1.578  2       86.50     1.262  2
  20.00     0.467  1       53.50     1.583  2       87.00     1.233  2
  20.50     0.489  1       54.00     1.589  2       87.50     1.204  2
  21.00     0.512  1       54.50     1.594  2       88.00     1.174  2
  21.50     0.534  1       55.00     1.599  2       88.50     1.144  2
  22.00     0.557  1       55.50     1.604  2       89.00     1.114  2
  22.50     0.580  1       56.00     1.610  2       89.50     1.083  2
  23.00     0.604  1       56.50     1.615  2       90.00     1.051  2
  23.50     0.627  1       57.00     1.620  2       90.50     1.019  2
  24.00     0.651  1       57.50     1.625  2       91.00     0.986  2
  24.50     0.674  1       58.00     1.631  2       91.50     0.952  2
  25.00     0.698  1       58.50     1.636  2       92.00     0.918  2
  25.50     0.716  1       59.00     1.641  2       92.50     0.883  2
  26.00     0.728  1       59.50     1.646  2       93.00     0.847  2
  26.50     0.740  1       60.00     1.651  2       93.50     0.811  2
  27.00     0.752  1       60.50     1.656  2       94.00     0.773  2
  27.50     0.764  1       61.00     1.662  2       94.50     0.735  2
  28.00     0.776  1       61.50     1.667  2       95.00     0.696  2
  28.50     0.788  1       62.00     1.672  2       95.50     0.656  2
  29.00     0.800  1       62.50     1.677  2       96.00     0.614  2
  29.50     0.812  1       63.00     1.682  2       96.50     0.572  2
  30.00     0.823  1       63.50     1.687  2       97.00     0.529  2
  30.50     0.835  1       64.00     1.692  2       97.50     0.484  2
  31.00     0.846  1       64.50     1.697  2       98.00     0.438  2
  31.50     0.858  1       65.00     1.702  2       98.50     0.393  2
  32.00     0.869  1       65.50     1.707  2       99.00     0.345  2
  32.50     0.881  1       66.00     1.712  2       99.50     0.296  2
  33.00     0.892  1       66.50     1.717  2      100.00     0.246  2
  33.50     0.903  1       67.00     1.722  2

note:  (+) soil loss - detachment     (-) soil loss - deposition



III. OFF SITE EFFECTS  OFF SITE EFFECTS  OFF SITE EFFECTS
     ----------------  ----------------  ----------------

     A.  SEDIMENT LEAVING PROFILE for year   10   101.183 kg/m



     B.  SEDIMENT CHARACTERISTICS AND ENRICHMENT

     Sediment particle information leaving profile
-------------------------------------------------------------------------------
                                 Particle Composition         Detached Fraction
Class  Diameter  Specific  ---------------------------------  Sediment  In Flow
         (mm)    Gravity   % Sand   % Silt   % Clay   % O.M.  Fraction  Exiting
-------------------------------------------------------------------------------
  1     0.002      2.60      0.0      0.0    100.0     50.0     0.026    0.029
  2     0.010      2.65      0.0    100.0      0.0      0.0     0.070    0.076
  3     0.030      1.80      0.0     71.4     28.6     14.3     0.180    0.185
  4     0.300      1.60     78.2     15.1      6.6      3.3     0.340    0.334
  5     0.200      2.65    100.0      0.0      0.0      0.0     0.384    0.376
-------------------------------------------------------------------------------


     Weighted SSA enrichment ratio leaving profile for year   10 =   1.03


     ANNUAL AVERAGE SUMMARIES
     ------------------------


I.   RAINFALL AND RUNOFF SUMMARY
     -------- --- ------ -------

      total summary:  years    1 -   10

      1125 storms produced                        13628.50 mm of precipitation
       232 rain storm runoff events produced       1724.24 mm of runoff
         6 snow melts and/or
             events during winter produced           20.06 mm of runoff

      annual averages
      ---------------

        Number of years                                   10
        Mean annual precipitation                    1362.85    mm
        Mean annual runoff from rainfall              172.42    mm
        Mean annual runoff from snow melt
          and/or rain storm during winter               2.01    mm



II.  ON SITE EFFECTS  ON SITE EFFECTS  ON SITE EFFECTS
     ---------------  ---------------  ---------------


  A.  AREA OF NET SOIL LOSS

      ** Soil Loss (Avg. of Net Detachment Areas) =    1.050 kg/m2 **
      ** Maximum Soil Loss  =    1.864 kg/m2 at   75.00 meters **


      Area of    Soil Loss   Soil Loss   MAX   MAX Loss   MIN   MIN Loss
      Net Loss      MEAN      STDEV      Loss    Point    Loss   Point
        (m)       (kg/m2)     (kg/m2)  (kg/m2)    (m)    (kg/m2)  (m)
------------------------------------------------------------------------
   0.00- 100.00    1.050     0.595      1.864   75.00     0.014     0.50



  C.  SOIL LOSS/DEPOSITION ALONG SLOPE PROFILE

          Profile distances are from top to bottom of hillslope


 distance soil  flow    distance   soil  flow    distance   soil  flow
    (m)   loss  elem       (m)     loss  elem       (m)     loss  elem
         (kg/m2)                  (kg/m2)                  (kg/m2)
------------------------------------------------------------------------

   0.50     0.014  1       34.00     0.946  1       67.50     1.785  2
   1.00     0.014  1       34.50     0.957  1       68.00     1.791  2
   1.50     0.014  1       35.00     0.969  1       68.50     1.796  2
   2.00     0.014  1       35.50     0.980  1       69.00     1.801  2
   2.50     0.014  1       36.00     0.991  1       69.50     1.807  2
   3.00     0.014  1       36.50     1.002  1       70.00     1.812  2
   3.50     0.014  1       37.00     1.014  1       70.50     1.817  2
   4.00     0.014  1       37.50     1.025  1       71.00     1.822  2
   4.50     0.014  1       38.00     1.036  1       71.50     1.828  2
   5.00     0.015  1       38.50     1.047  1       72.00     1.833  2
   5.50     0.018  1       39.00     1.058  1       72.50     1.838  2
   6.00     0.022  1       39.50     1.069  1       73.00     1.843  2
   6.50     0.028  1       40.00     1.079  1       73.50     1.848  2
   7.00     0.036  1       40.50     1.090  1       74.00     1.854  2
   7.50     0.045  1       41.00     1.101  1       74.50     1.859  2
   8.00     0.055  1       41.50     1.112  1       75.00     1.864  2
   8.50     0.067  1       42.00     1.123  1       75.50     1.856  2
   9.00     0.079  1       42.50     1.133  1       76.00     1.835  2
   9.50     0.093  1       43.00     1.144  1       76.50     1.814  2
  10.00     0.107  1       43.50     1.155  1       77.00     1.792  2
  10.50     0.122  1       44.00     1.165  1       77.50     1.770  2
  11.00     0.137  1       44.50     1.176  1       78.00     1.748  2
  11.50     0.153  1       45.00     1.186  1       78.50     1.725  2
  12.00     0.170  1       45.50     1.197  1       79.00     1.702  2
  12.50     0.187  1       46.00     1.207  1       79.50     1.679  2
  13.00     0.204  1       46.50     1.217  1       80.00     1.656  2
  13.50     0.223  1       47.00     1.228  1       80.50     1.632  2
  14.00     0.241  1       47.50     1.238  1       81.00     1.607  2
  14.50     0.260  1       48.00     1.249  1       81.50     1.583  2
  15.00     0.279  1       48.50     1.259  1       82.00     1.558  2
  15.50     0.299  1       49.00     1.269  1       82.50     1.532  2
  16.00     0.320  1       49.50     1.279  1       83.00     1.507  2
  16.50     0.340  1       50.00     1.290  1       83.50     1.480  2
  17.00     0.361  1       50.50     1.598  2       84.00     1.454  2
  17.50     0.382  1       51.00     1.604  2       84.50     1.427  2
  18.00     0.403  1       51.50     1.610  2       85.00     1.400  2
  18.50     0.425  1       52.00     1.615  2       85.50     1.372  2
  19.00     0.447  1       52.50     1.621  2       86.00     1.344  2
  19.50     0.469  1       53.00     1.627  2       86.50     1.315  2
  20.00     0.491  1       53.50     1.632  2       87.00     1.286  2
  20.50     0.513  1       54.00     1.638  2       87.50     1.256  2
  21.00     0.536  1       54.50     1.644  2       88.00     1.226  2
  21.50     0.559  1       55.00     1.649  2       88.50     1.196  2
  22.00     0.582  1       55.50     1.655  2       89.00     1.164  2
  22.50     0.606  1       56.00     1.660  2       89.50     1.133  2
  23.00     0.629  1       56.50     1.666  2       90.00     1.100  2
  23.50     0.653  1       57.00     1.671  2       90.50     1.068  2
  24.00     0.677  1       57.50     1.677  2       91.00     1.034  2
  24.50     0.701  1       58.00     1.683  2       91.50     1.000  2
  25.00     0.726  1       58.50     1.688  2       92.00     0.965  2
  25.50     0.744  1       59.00     1.694  2       92.50     0.930  2
  26.00     0.757  1       59.50     1.699  2       93.00     0.893  2
  26.50     0.769  1       60.00     1.705  2       93.50     0.856  2
  27.00     0.781  1       60.50     1.710  2       94.00     0.818  2
  27.50     0.793  1       61.00     1.715  2       94.50     0.779  2
  28.00     0.805  1       61.50     1.721  2       95.00     0.739  2
  28.50     0.817  1       62.00     1.726  2       95.50     0.698  2
  29.00     0.829  1       62.50     1.732  2       96.00     0.656  2
  29.50     0.841  1       63.00     1.737  2       96.50     0.613  2
  30.00     0.853  1       63.50     1.743  2       97.00     0.569  2
  30.50     0.865  1       64.00     1.748  2       97.50     0.523  2
  31.00     0.877  1       64.50     1.753  2       98.00     0.476  2
  31.50     0.888  1       65.00     1.759  2       98.50     0.428  2
  32.00     0.900  1       65.50     1.764  2       99.00     0.378  2
  32.50     0.912  1       66.00     1.769  2       99.50     0.327  2
  33.00     0.923  1       66.50     1.775  2      100.00     0.273  2
  33.50     0.935  1       67.00     1.780  2

note:  (+) soil loss - detachment     (-) soil loss - deposition



III. OFF SITE EFFECTS  OFF SITE EFFECTS  OFF SITE EFFECTS
     ----------------  ----------------  ----------------

     A.  AVERAGE ANNUAL SEDIMENT LEAVING PROFILE
           104.953   kg/m of width
         10495.268     kg (based on profile width of    100.000      m)
            10.495   t/ha (assuming contributions from     1.000     ha)


     B.  SEDIMENT CHARACTERISTICS AND ENRICHMENT

     Sediment particle information leaving profile
-------------------------------------------------------------------------------
                                 Particle Composition         Detached Fraction
Class  Diameter  Specific  ---------------------------------  Sediment  In Flow
         (mm)    Gravity   % Sand   % Silt   % Clay   % O.M.  Fraction  Exiting
-------------------------------------------------------------------------------
  1     0.002      2.60      0.0      0.0    100.0     50.0     0.026    0.028
  2     0.010      2.65      0.0    100.0      0.0      0.0     0.070    0.074
  3     0.030      1.80      0.0     71.4     28.6     14.3     0.180    0.184
  4     0.300      1.60     78.2     15.1      6.6      3.3     0.340    0.336
  5     0.200      2.65    100.0      0.0      0.0      0.0     0.384    0.379
-------------------------------------------------------------------------------


     Average annual SSA enrichment ratio leaving profile =   1.02
