 Annual; abbreviated (Metric Units)                                     


          USDA WATER EROSION PREDICTION PROJECT
          -------------------------------------

          HILLSLOPE PROFILE AND WATERSHED MODEL
                     VERSION  2010.100
           January 28,      2010


               TO REPORT PROBLEMS OR TO BE PUT ON THE MAILING
               LIST FOR FUTURE WEPP MODEL RELEASES, PLEASE CONTACT:

                    WEPP TECHNICAL SUPPORT
                    USDA-AGRICULTURAL RESEARCH SERVICE
                    NATIONAL SOIL EROSION RESEARCH LABORATORY
                    275 SOUTH RUSSELL STREET
                    WEST LAFAYETTE, IN 47907-2077  USA

                    PHONE: (765) 494-8673
                      FAX: (765) 494-5948
                    email:  wepp@ecn.purdue.edu
                      URL:  http://topsoil.nserl.purdue.edu


     HILLSLOPE INPUT DATA FILES - VERSION  2010.100
      January 28,      2010


    MANAGEMENT: data/3inslope.man                                 
 MAN. PRACTICE: Road Section to collect water and then release through      
                ditch and culvert to a fill and forest for deposition       
                W. Elliot & H. Rhee 1/99  USDA Forest Service               
         SLOPE: ../working/wepp-18542.slp                         
       CLIMATE: ../working/wepp-18542.cli                         
       Station:  FREDERICTON A +                                CLIGEN VERSION  4.31
          SOIL: ../working/wepp-18542.sol                         
      PLANE  1 Road                clay loam           
      PLANE  2 Fill                clay loam           
      PLANE  3 Forest              clay loam           


     ANNUAL AVERAGE SUMMARIES
     ------------------------


I.   RAINFALL AND RUNOFF SUMMARY
     -------- --- ------ -------

      total summary:  years    1 -   30

      3494 storms produced                        33808.40 mm of precipitation
       380 rain storm runoff events produced        827.04 mm of runoff
       316 snow melts and/or
             events during winter produced          726.14 mm of runoff

      annual averages
      ---------------

        Number of years                                   30
        Mean annual precipitation                    1126.95    mm
        Mean annual runoff from rainfall               27.57    mm
        Mean annual runoff from snow melt
          and/or rain storm during winter              24.20    mm



II.  ON SITE EFFECTS  ON SITE EFFECTS  ON SITE EFFECTS
     ---------------  ---------------  ---------------


  A.  AREA OF NET SOIL LOSS

      ** Soil Loss (Avg. of Net Detachment Areas) =    0.567 kg/m2 **
      ** Maximum Soil Loss  =    1.613 kg/m2 at  158.40 meters **


      Area of    Soil Loss   Soil Loss   MAX   MAX Loss   MIN   MIN Loss
      Net Loss      MEAN      STDEV      Loss    Point    Loss   Point
        (m)       (kg/m2)     (kg/m2)  (kg/m2)    (m)    (kg/m2)  (m)
------------------------------------------------------------------------
   0.00- 131.52    0.381     0.006      0.397  131.52     0.377     3.95
 131.80- 159.52    1.446     0.208      1.613  158.40     0.109   132.08

  B.  AREA OF SOIL DEPOSITION

      ** Soil Deposition (Avg. of Net Deposition Areas) =    -3.969 kg/m2 **
      ** Maximum Soil Deposition  =   -10.300 kg/m2 at  160.36 meters **

      Area of    Soil Dep   Soil Dep     MAX    MAX Dep   MIN   MIN Dep
      Net Dep       MEAN     STDEV       Dep     Point    Dep    Point
        (m)       (kg/m2)    (kg/m2)   (kg/m2)    (m)    (kg/m2)  (m)
------------------------------------------------------------------------
 131.52- 131.80   -1.594     0.000     -1.594  131.80    -1.594   131.80
 159.52- 173.52   -4.017     1.721    -10.300  160.36    -0.111   159.80

      Single Point     Single Point
       Soil Area          Dep
         (m)             (kg/m2/)
      ------------------------------
       131.80            -1.594



  C.  SOIL LOSS/DEPOSITION ALONG SLOPE PROFILE

          Profile distances are from top to bottom of hillslope


 distance soil  flow    distance   soil  flow    distance   soil  flow
    (m)   loss  elem       (m)     loss  elem       (m)     loss  elem
         (kg/m2)                  (kg/m2)                  (kg/m2)
------------------------------------------------------------------------

   1.32     0.377  1      131.80    -1.594  2      159.66    -0.324  3
   2.63     0.377  1      132.08     0.109  2      159.80    -0.111  3
   3.95     0.377  1      132.36     0.379  2      159.94    -0.331  3
   5.26     0.377  1      132.64     0.742  2      160.08    -0.492  3
   6.58     0.377  1      132.92     1.145  2      160.22    -2.474  3
   7.89     0.377  1      133.20     1.355  2      160.36   -10.300  3
   9.21     0.377  1      133.48     1.357  2      160.50    -9.327  3
  10.52     0.377  1      133.76     1.358  2      160.64    -8.778  3
  11.84     0.377  1      134.04     1.363  2      160.78    -8.405  3
  13.15     0.377  1      134.32     1.363  2      160.92    -7.859  3
  14.47     0.377  1      134.60     1.367  2      161.06    -7.511  3
  15.78     0.377  1      134.88     1.370  2      161.20    -7.280  3
  17.10     0.377  1      135.16     1.373  2      161.34    -6.974  3
  18.41     0.377  1      135.44     1.365  2      161.48    -6.721  3
  19.73     0.377  1      135.72     1.369  2      161.62    -6.465  3
  21.04     0.377  1      136.00     1.377  2      161.76    -6.289  3
  22.36     0.377  1      136.28     1.383  2      161.90    -6.136  3
  23.67     0.377  1      136.56     1.355  2      162.04    -5.984  3
  24.99     0.377  1      136.84     1.386  2      162.18    -5.832  3
  26.30     0.377  1      137.12     1.393  2      162.32    -5.725  3
  27.62     0.377  1      137.40     1.394  2      162.46    -5.623  3
  28.93     0.377  1      137.68     1.396  2      162.60    -5.535  3
  30.25     0.377  1      137.96     1.399  2      162.74    -5.407  3
  31.56     0.377  1      138.24     1.400  2      162.88    -5.236  3
  32.88     0.377  1      138.52     1.390  2      163.02    -5.126  3
  34.20     0.377  1      138.80     1.380  2      163.16    -4.971  3
  35.51     0.377  1      139.08     1.368  2      163.30    -4.803  3
  36.83     0.377  1      139.36     1.413  2      163.44    -4.642  3
  38.14     0.377  1      139.64     1.417  2      163.58    -4.552  3
  39.46     0.377  1      139.92     1.421  2      163.72    -4.457  3
  40.77     0.377  1      140.20     1.424  2      163.86    -4.391  3
  42.09     0.377  1      140.48     1.419  2      164.00    -4.332  3
  43.40     0.377  1      140.76     1.429  2      164.14    -4.284  3
  44.72     0.377  1      141.04     1.433  2      164.28    -4.217  3
  46.03     0.377  1      141.32     1.409  2      164.42    -4.145  3
  47.35     0.377  1      141.60     1.439  2      164.56    -4.096  3
  48.66     0.377  1      141.88     1.434  2      164.70    -3.980  3
  49.98     0.377  1      142.16     1.441  2      164.84    -3.884  3
  51.29     0.377  1      142.44     1.445  2      164.98    -3.821  3
  52.61     0.378  1      142.72     1.449  2      165.12    -3.786  3
  53.92     0.378  1      143.00     1.436  2      165.26    -3.758  3
  55.24     0.378  1      143.28     1.455  2      165.40    -3.731  3
  56.55     0.378  1      143.56     1.441  2      165.54    -3.693  3
  57.87     0.378  1      143.84     1.461  2      165.68    -3.664  3
  59.18     0.378  1      144.12     1.448  2      165.82    -3.606  3
  60.50     0.378  1      144.40     1.452  2      165.96    -3.558  3
  61.81     0.378  1      144.68     1.469  2      166.10    -3.543  3
  63.13     0.378  1      144.96     1.473  2      166.24    -3.527  3
  64.44     0.378  1      145.24     1.475  2      166.38    -3.513  3
  65.76     0.378  1      145.52     1.471  2      166.52    -3.508  3
  67.08     0.378  1      145.80     1.483  2      166.66    -3.502  3
  68.39     0.378  1      146.08     1.486  2      166.80    -3.498  3
  69.71     0.378  1      146.36     1.489  2      166.94    -3.490  3
  71.02     0.378  1      146.64     1.468  2      167.08    -3.465  3
  72.34     0.378  1      146.92     1.484  2      167.22    -3.445  3
  73.65     0.378  1      147.20     1.498  2      167.36    -3.424  3
  74.97     0.378  1      147.48     1.501  2      167.50    -3.385  3
  76.28     0.378  1      147.76     1.504  2      167.64    -3.344  3
  77.60     0.378  1      148.04     1.504  2      167.78    -3.321  3
  78.91     0.378  1      148.32     1.510  2      167.92    -3.287  3
  80.23     0.378  1      148.60     1.513  2      168.06    -3.276  3
  81.54     0.379  1      148.88     1.516  2      168.20    -3.269  3
  82.86     0.379  1      149.16     1.519  2      168.34    -3.263  3
  84.17     0.379  1      149.44     1.522  2      168.48    -3.225  3
  85.49     0.380  1      149.72     1.525  2      168.62    -3.217  3
  86.80     0.380  1      150.00     1.525  2      168.76    -3.212  3
  88.12     0.381  1      150.28     1.530  2      168.90    -3.208  3
  89.43     0.381  1      150.56     1.534  2      169.04    -3.208  3
  90.75     0.381  1      150.84     1.537  2      169.18    -3.210  3
  92.06     0.382  1      151.12     1.539  2      169.32    -3.197  3
  93.38     0.382  1      151.40     1.542  2      169.46    -3.162  3
  94.69     0.383  1      151.68     1.545  2      169.60    -3.146  3
  96.01     0.383  1      151.96     1.548  2      169.74    -3.134  3
  97.32     0.384  1      152.24     1.551  2      169.88    -3.106  3
  98.64     0.384  1      152.52     1.554  2      170.02    -3.099  3
  99.96     0.384  1      152.80     1.557  2      170.16    -3.099  3
 101.27     0.385  1      153.08     1.560  2      170.30    -3.103  3
 102.59     0.385  1      153.36     1.563  2      170.44    -3.106  3
 103.90     0.386  1      153.64     1.566  2      170.58    -3.094  3
 105.22     0.386  1      153.92     1.569  2      170.72    -3.089  3
 106.53     0.387  1      154.20     1.572  2      170.86    -3.090  3
 107.85     0.387  1      154.48     1.575  2      171.00    -3.091  3
 109.16     0.388  1      154.76     1.577  2      171.14    -3.091  3
 110.48     0.388  1      155.04     1.580  2      171.28    -3.092  3
 111.79     0.389  1      155.32     1.583  2      171.42    -3.093  3
 113.11     0.389  1      155.60     1.586  2      171.56    -3.093  3
 114.42     0.389  1      155.88     1.589  2      171.70    -3.094  3
 115.74     0.390  1      156.16     1.592  2      171.84    -3.096  3
 117.05     0.390  1      156.44     1.595  2      171.98    -3.100  3
 118.37     0.391  1      156.72     1.598  2      172.12    -3.105  3
 119.68     0.391  1      157.00     1.601  2      172.26    -3.111  3
 121.00     0.392  1      157.28     1.603  2      172.40    -3.119  3
 122.31     0.392  1      157.56     1.605  2      172.54    -3.129  3
 123.63     0.393  1      157.84     1.608  2      172.68    -3.149  3
 124.94     0.393  1      158.12     1.611  2      172.82    -3.170  3
 126.26     0.394  1      158.40     1.613  2      172.96    -3.193  3
 127.57     0.394  1      158.68     1.605  2      173.10    -3.225  3
 128.89     0.395  1      158.96     1.589  2      173.24    -3.273  3
 130.20     0.396  1      159.24     1.555  2      173.38    -3.363  3
 131.52     0.397  1      159.52     1.419  2      173.52    -3.729  3

note:  (+) soil loss - detachment     (-) soil loss - deposition



III. OFF SITE EFFECTS  OFF SITE EFFECTS  OFF SITE EFFECTS
     ----------------  ----------------  ----------------

     A.  AVERAGE ANNUAL SEDIMENT LEAVING PROFILE
            33.532   kg/m of width
           469.442     kg (based on profile width of     14.000      m)
             1.932   t/ha (assuming contributions from     0.243     ha)


     B.  SEDIMENT CHARACTERISTICS AND ENRICHMENT

     Sediment particle information leaving profile
-------------------------------------------------------------------------------
                                 Particle Composition         Detached Fraction
Class  Diameter  Specific  ---------------------------------  Sediment  In Flow
         (mm)    Gravity   % Sand   % Silt   % Clay   % O.M.  Fraction  Exiting
-------------------------------------------------------------------------------
  1     0.002      2.60      0.0      0.0    100.0     26.7     0.078    0.168
  2     0.010      2.65      0.0    100.0      0.0      0.0     0.072    0.103
  3     0.040      1.80      0.0     57.1     42.9     11.4     0.328    0.470
  4     0.600      1.60     52.9     29.8     17.3      4.6     0.472    0.242
  5     0.200      2.65    100.0      0.0      0.0      0.0     0.050    0.018
-------------------------------------------------------------------------------


     Average annual SSA enrichment ratio leaving profile =   1.36
