 Annual; detailed (Metric Units)                                        


          USDA WATER EROSION PREDICTION PROJECT
          -------------------------------------

          HILLSLOPE PROFILE AND WATERSHED MODEL
                     VERSION  2000.100
             June 31,       2000


               TO REPORT PROBLEMS OR TO BE PUT ON THE MAILING
               LIST FOR FUTURE WEPP MODEL RELEASES, PLEASE CONTACT:

                    WEPP TECHNICAL SUPPORT
                    USDA-AGRICULTURAL RESEARCH SERVICE
                    NATIONAL SOIL EROSION RESEARCH LABORATORY
                    1196 BUILDING SOIL, PURDUE UNIVERSITY
                    WEST LAFAYETTE, IN 47907-1196  USA

                    PHONE: (765) 494-8673
                      FAX: (765) 494-5948
                    email:  wepp@ecn.purdue.edu
                      URL:  http://topsoil.nserl.purdue.edu/weppmain/wepp.html


     HILLSLOPE INPUT DATA FILES - VERSION  2000.100
        June 31,       2000


    MANAGEMENT: ../working/wepp-194538.man                        
 MAN. PRACTICE: Two OFEs to drive the Disturbed WEPP interface              
                for forest conditions                                       
                W. Elliot 02/99                                             
         SLOPE: ../working/wepp-194538.slp                        
       CLIMATE: ../working/wepp-194538.cli                        
       Station:  GASCON NM +                                    CLIGEN VERSION  4.31
          SOIL: ../working/wepp-194538.sol                        
      PLANE  1 LOW                 loam                
      PLANE  2 LOW                 loam                


     HILLSLOPE 1 YEARLY SUMMARY FOR    1
     ----------------------------------


I.   RAINFALL AND RUNOFF SUMMARY
     -------- --- ------ -------

      year:      1

         Rainfall         Storm Runoff        Melt Runoff
      events   amount   events   amount     events  amount
                (mm)              (mm)               (mm)

        77     549.60       2       3.56       0       0.00


II.  ON SITE EFFECTS  ON SITE EFFECTS  ON SITE EFFECTS
     ---------------  ---------------  ---------------


  A.  AREA OF NET SOIL LOSS

      ** Soil Loss (Avg. of Net Detachment Areas) =    0.006 kg/m2 **
      ** Maximum Soil Loss  =    0.027 kg/m2 at   36.58 meters **


      Area of    Soil Loss   Soil Loss   MAX   MAX Loss   MIN   MIN Loss
      Net Loss      MEAN      STDEV      Loss    Point    Loss   Point
        (m)       (kg/m2)     (kg/m2)  (kg/m2)    (m)    (kg/m2)  (m)
------------------------------------------------------------------------
   0.00-  36.58    0.006     0.007      0.027   36.58     0.002    12.25



  C.  SOIL LOSS/DEPOSITION ALONG SLOPE PROFILE

          Profile distances are from top to bottom of hillslope


 distance soil  flow    distance   soil  flow    distance   soil  flow
    (m)   loss  elem       (m)     loss  elem       (m)     loss  elem
         (kg/m2)                  (kg/m2)                  (kg/m2)
------------------------------------------------------------------------

   0.18     0.002  1       12.44     0.002  1       24.69     0.002  2
   0.37     0.002  1       12.62     0.002  1       24.87     0.003  2
   0.55     0.002  1       12.80     0.002  1       25.06     0.003  2
   0.73     0.002  1       12.99     0.002  1       25.24     0.003  2
   0.91     0.002  1       13.17     0.002  1       25.42     0.004  2
   1.10     0.002  1       13.35     0.002  1       25.61     0.004  2
   1.28     0.002  1       13.53     0.002  1       25.79     0.005  2
   1.46     0.002  1       13.72     0.002  1       25.97     0.005  2
   1.65     0.002  1       13.90     0.002  1       26.15     0.005  2
   1.83     0.002  1       14.08     0.002  1       26.34     0.006  2
   2.01     0.002  1       14.27     0.002  1       26.52     0.006  2
   2.19     0.002  1       14.45     0.002  1       26.70     0.007  2
   2.38     0.002  1       14.63     0.002  1       26.89     0.007  2
   2.56     0.002  1       14.81     0.002  1       27.07     0.007  2
   2.74     0.002  1       15.00     0.002  1       27.25     0.008  2
   2.93     0.002  1       15.18     0.002  1       27.44     0.008  2
   3.11     0.002  1       15.36     0.002  1       27.62     0.009  2
   3.29     0.002  1       15.55     0.002  1       27.80     0.009  2
   3.48     0.002  1       15.73     0.002  1       27.98     0.009  2
   3.66     0.002  1       15.91     0.002  1       28.17     0.010  2
   3.84     0.002  1       16.10     0.002  1       28.35     0.010  2
   4.02     0.002  1       16.28     0.002  1       28.53     0.010  2
   4.21     0.002  1       16.46     0.002  1       28.72     0.011  2
   4.39     0.002  1       16.64     0.002  1       28.90     0.011  2
   4.57     0.002  1       16.83     0.002  1       29.08     0.012  2
   4.76     0.002  1       17.01     0.002  1       29.26     0.012  2
   4.94     0.002  1       17.19     0.002  1       29.45     0.012  2
   5.12     0.002  1       17.38     0.002  1       29.63     0.013  2
   5.30     0.002  1       17.56     0.002  1       29.81     0.013  2
   5.49     0.002  1       17.74     0.002  1       30.00     0.014  2
   5.67     0.002  1       17.92     0.002  1       30.18     0.014  2
   5.85     0.002  1       18.11     0.002  1       30.36     0.014  2
   6.04     0.002  1       18.29     0.002  1       30.54     0.015  2
   6.22     0.002  1       18.47     0.002  2       30.73     0.015  2
   6.40     0.002  1       18.66     0.002  2       30.91     0.015  2
   6.58     0.002  1       18.84     0.002  2       31.09     0.016  2
   6.77     0.002  1       19.02     0.002  2       31.28     0.016  2
   6.95     0.002  1       19.20     0.002  2       31.46     0.017  2
   7.13     0.002  1       19.39     0.002  2       31.64     0.017  2
   7.32     0.002  1       19.57     0.002  2       31.82     0.017  2
   7.50     0.002  1       19.75     0.002  2       32.01     0.018  2
   7.68     0.002  1       19.94     0.002  2       32.19     0.018  2
   7.86     0.002  1       20.12     0.002  2       32.37     0.018  2
   8.05     0.002  1       20.30     0.002  2       32.56     0.019  2
   8.23     0.002  1       20.48     0.002  2       32.74     0.019  2
   8.41     0.002  1       20.67     0.002  2       32.92     0.020  2
   8.60     0.002  1       20.85     0.002  2       33.10     0.020  2
   8.78     0.002  1       21.03     0.002  2       33.29     0.020  2
   8.96     0.002  1       21.22     0.002  2       33.47     0.021  2
   9.15     0.002  1       21.40     0.002  2       33.65     0.021  2
   9.33     0.002  1       21.58     0.002  2       33.84     0.021  2
   9.51     0.002  1       21.77     0.002  2       34.02     0.022  2
   9.69     0.002  1       21.95     0.002  2       34.20     0.022  2
   9.88     0.002  1       22.13     0.002  2       34.39     0.022  2
  10.06     0.002  1       22.31     0.002  2       34.57     0.023  2
  10.24     0.002  1       22.50     0.002  2       34.75     0.023  2
  10.43     0.002  1       22.68     0.002  2       34.93     0.023  2
  10.61     0.002  1       22.86     0.002  2       35.12     0.024  2
  10.79     0.002  1       23.05     0.002  2       35.30     0.024  2
  10.97     0.002  1       23.23     0.002  2       35.48     0.025  2
  11.16     0.002  1       23.41     0.002  2       35.67     0.025  2
  11.34     0.002  1       23.59     0.002  2       35.85     0.025  2
  11.52     0.002  1       23.78     0.002  2       36.03     0.026  2
  11.71     0.002  1       23.96     0.002  2       36.21     0.026  2
  11.89     0.002  1       24.14     0.002  2       36.40     0.026  2
  12.07     0.002  1       24.33     0.002  2       36.58     0.027  2
  12.25     0.002  1       24.51     0.002  2

note:  (+) soil loss - detachment     (-) soil loss - deposition



III. OFF SITE EFFECTS  OFF SITE EFFECTS  OFF SITE EFFECTS
     ----------------  ----------------  ----------------

     A.  SEDIMENT LEAVING PROFILE for year    1     0.235 kg/m

     B.  SEDIMENT CHARACTERISTICS AND ENRICHMENT

     Sediment particle information leaving profile
-------------------------------------------------------------------------------
                                 Particle Composition         Detached Fraction
Class  Diameter  Specific  ---------------------------------  Sediment  In Flow
         (mm)    Gravity   % Sand   % Silt   % Clay   % O.M.  Fraction  Exiting
-------------------------------------------------------------------------------
  1     0.002      2.60      0.0      0.0    100.0     25.0     0.052    0.057
  2     0.010      2.65      0.0    100.0      0.0      0.0     0.092    0.102
  3     0.030      1.80      0.0     63.6     36.4      9.1     0.258    0.285
  4     0.400      1.60     67.2     20.8     12.0      3.0     0.451    0.419
  5     0.200      2.65    100.0      0.0      0.0      0.0     0.147    0.137
-------------------------------------------------------------------------------


     Weighted SSA enrichment ratio leaving profile for year    1 =   1.06


     HILLSLOPE 1 YEARLY SUMMARY FOR    2
     ----------------------------------


I.   RAINFALL AND RUNOFF SUMMARY
     -------- --- ------ -------

      year:      2

         Rainfall         Storm Runoff        Melt Runoff
      events   amount   events   amount     events  amount
                (mm)              (mm)               (mm)

        69     623.80       0       0.00       0       0.00


II.  ON SITE EFFECTS  ON SITE EFFECTS  ON SITE EFFECTS
     ---------------  ---------------  ---------------




  C.  SOIL LOSS/DEPOSITION ALONG SLOPE PROFILE

          Profile distances are from top to bottom of hillslope


 distance soil  flow    distance   soil  flow    distance   soil  flow
    (m)   loss  elem       (m)     loss  elem       (m)     loss  elem
         (kg/m2)                  (kg/m2)                  (kg/m2)
------------------------------------------------------------------------

   0.18     0.000  1       12.44     0.000  1       24.69     0.000  2
   0.37     0.000  1       12.62     0.000  1       24.87     0.000  2
   0.55     0.000  1       12.80     0.000  1       25.06     0.000  2
   0.73     0.000  1       12.99     0.000  1       25.24     0.000  2
   0.91     0.000  1       13.17     0.000  1       25.42     0.000  2
   1.10     0.000  1       13.35     0.000  1       25.61     0.000  2
   1.28     0.000  1       13.53     0.000  1       25.79     0.000  2
   1.46     0.000  1       13.72     0.000  1       25.97     0.000  2
   1.65     0.000  1       13.90     0.000  1       26.15     0.000  2
   1.83     0.000  1       14.08     0.000  1       26.34     0.000  2
   2.01     0.000  1       14.27     0.000  1       26.52     0.000  2
   2.19     0.000  1       14.45     0.000  1       26.70     0.000  2
   2.38     0.000  1       14.63     0.000  1       26.89     0.000  2
   2.56     0.000  1       14.81     0.000  1       27.07     0.000  2
   2.74     0.000  1       15.00     0.000  1       27.25     0.000  2
   2.93     0.000  1       15.18     0.000  1       27.44     0.000  2
   3.11     0.000  1       15.36     0.000  1       27.62     0.000  2
   3.29     0.000  1       15.55     0.000  1       27.80     0.000  2
   3.48     0.000  1       15.73     0.000  1       27.98     0.000  2
   3.66     0.000  1       15.91     0.000  1       28.17     0.000  2
   3.84     0.000  1       16.10     0.000  1       28.35     0.000  2
   4.02     0.000  1       16.28     0.000  1       28.53     0.000  2
   4.21     0.000  1       16.46     0.000  1       28.72     0.000  2
   4.39     0.000  1       16.64     0.000  1       28.90     0.000  2
   4.57     0.000  1       16.83     0.000  1       29.08     0.000  2
   4.76     0.000  1       17.01     0.000  1       29.26     0.000  2
   4.94     0.000  1       17.19     0.000  1       29.45     0.000  2
   5.12     0.000  1       17.38     0.000  1       29.63     0.000  2
   5.30     0.000  1       17.56     0.000  1       29.81     0.000  2
   5.49     0.000  1       17.74     0.000  1       30.00     0.000  2
   5.67     0.000  1       17.92     0.000  1       30.18     0.000  2
   5.85     0.000  1       18.11     0.000  1       30.36     0.000  2
   6.04     0.000  1       18.29     0.000  1       30.54     0.000  2
   6.22     0.000  1       18.47     0.000  2       30.73     0.000  2
   6.40     0.000  1       18.66     0.000  2       30.91     0.000  2
   6.58     0.000  1       18.84     0.000  2       31.09     0.000  2
   6.77     0.000  1       19.02     0.000  2       31.28     0.000  2
   6.95     0.000  1       19.20     0.000  2       31.46     0.000  2
   7.13     0.000  1       19.39     0.000  2       31.64     0.000  2
   7.32     0.000  1       19.57     0.000  2       31.82     0.000  2
   7.50     0.000  1       19.75     0.000  2       32.01     0.000  2
   7.68     0.000  1       19.94     0.000  2       32.19     0.000  2
   7.86     0.000  1       20.12     0.000  2       32.37     0.000  2
   8.05     0.000  1       20.30     0.000  2       32.56     0.000  2
   8.23     0.000  1       20.48     0.000  2       32.74     0.000  2
   8.41     0.000  1       20.67     0.000  2       32.92     0.000  2
   8.60     0.000  1       20.85     0.000  2       33.10     0.000  2
   8.78     0.000  1       21.03     0.000  2       33.29     0.000  2
   8.96     0.000  1       21.22     0.000  2       33.47     0.000  2
   9.15     0.000  1       21.40     0.000  2       33.65     0.000  2
   9.33     0.000  1       21.58     0.000  2       33.84     0.000  2
   9.51     0.000  1       21.77     0.000  2       34.02     0.000  2
   9.69     0.000  1       21.95     0.000  2       34.20     0.000  2
   9.88     0.000  1       22.13     0.000  2       34.39     0.000  2
  10.06     0.000  1       22.31     0.000  2       34.57     0.000  2
  10.24     0.000  1       22.50     0.000  2       34.75     0.000  2
  10.43     0.000  1       22.68     0.000  2       34.93     0.000  2
  10.61     0.000  1       22.86     0.000  2       35.12     0.000  2
  10.79     0.000  1       23.05     0.000  2       35.30     0.000  2
  10.97     0.000  1       23.23     0.000  2       35.48     0.000  2
  11.16     0.000  1       23.41     0.000  2       35.67     0.000  2
  11.34     0.000  1       23.59     0.000  2       35.85     0.000  2
  11.52     0.000  1       23.78     0.000  2       36.03     0.000  2
  11.71     0.000  1       23.96     0.000  2       36.21     0.000  2
  11.89     0.000  1       24.14     0.000  2       36.40     0.000  2
  12.07     0.000  1       24.33     0.000  2       36.58     0.000  2
  12.25     0.000  1       24.51     0.000  2

note:  (+) soil loss - detachment     (-) soil loss - deposition



III. OFF SITE EFFECTS  OFF SITE EFFECTS  OFF SITE EFFECTS
     ----------------  ----------------  ----------------

     A.  SEDIMENT LEAVING PROFILE for year    2     0.000 kg/m

     B.  SEDIMENT CHARACTERISTICS AND ENRICHMENT

     Sediment particle information leaving profile
-------------------------------------------------------------------------------
                                 Particle Composition         Detached Fraction
Class  Diameter  Specific  ---------------------------------  Sediment  In Flow
         (mm)    Gravity   % Sand   % Silt   % Clay   % O.M.  Fraction  Exiting
-------------------------------------------------------------------------------
  1     0.002      2.60      0.0      0.0    100.0     25.0     0.052    0.000
  2     0.010      2.65      0.0    100.0      0.0      0.0     0.092    0.000
  3     0.030      1.80      0.0     63.6     36.4      9.1     0.258    0.000
  4     0.400      1.60     67.2     20.8     12.0      3.0     0.451    0.000
  5     0.200      2.65    100.0      0.0      0.0      0.0     0.147    0.000
-------------------------------------------------------------------------------


     Weighted SSA enrichment ratio leaving profile for year    2 =   0.00


     HILLSLOPE 1 YEARLY SUMMARY FOR    3
     ----------------------------------


I.   RAINFALL AND RUNOFF SUMMARY
     -------- --- ------ -------

      year:      3

         Rainfall         Storm Runoff        Melt Runoff
      events   amount   events   amount     events  amount
                (mm)              (mm)               (mm)

        60     486.10       0       0.00       0       0.00


II.  ON SITE EFFECTS  ON SITE EFFECTS  ON SITE EFFECTS
     ---------------  ---------------  ---------------




  C.  SOIL LOSS/DEPOSITION ALONG SLOPE PROFILE

          Profile distances are from top to bottom of hillslope


 distance soil  flow    distance   soil  flow    distance   soil  flow
    (m)   loss  elem       (m)     loss  elem       (m)     loss  elem
         (kg/m2)                  (kg/m2)                  (kg/m2)
------------------------------------------------------------------------

   0.18     0.000  1       12.44     0.000  1       24.69     0.000  2
   0.37     0.000  1       12.62     0.000  1       24.87     0.000  2
   0.55     0.000  1       12.80     0.000  1       25.06     0.000  2
   0.73     0.000  1       12.99     0.000  1       25.24     0.000  2
   0.91     0.000  1       13.17     0.000  1       25.42     0.000  2
   1.10     0.000  1       13.35     0.000  1       25.61     0.000  2
   1.28     0.000  1       13.53     0.000  1       25.79     0.000  2
   1.46     0.000  1       13.72     0.000  1       25.97     0.000  2
   1.65     0.000  1       13.90     0.000  1       26.15     0.000  2
   1.83     0.000  1       14.08     0.000  1       26.34     0.000  2
   2.01     0.000  1       14.27     0.000  1       26.52     0.000  2
   2.19     0.000  1       14.45     0.000  1       26.70     0.000  2
   2.38     0.000  1       14.63     0.000  1       26.89     0.000  2
   2.56     0.000  1       14.81     0.000  1       27.07     0.000  2
   2.74     0.000  1       15.00     0.000  1       27.25     0.000  2
   2.93     0.000  1       15.18     0.000  1       27.44     0.000  2
   3.11     0.000  1       15.36     0.000  1       27.62     0.000  2
   3.29     0.000  1       15.55     0.000  1       27.80     0.000  2
   3.48     0.000  1       15.73     0.000  1       27.98     0.000  2
   3.66     0.000  1       15.91     0.000  1       28.17     0.000  2
   3.84     0.000  1       16.10     0.000  1       28.35     0.000  2
   4.02     0.000  1       16.28     0.000  1       28.53     0.000  2
   4.21     0.000  1       16.46     0.000  1       28.72     0.000  2
   4.39     0.000  1       16.64     0.000  1       28.90     0.000  2
   4.57     0.000  1       16.83     0.000  1       29.08     0.000  2
   4.76     0.000  1       17.01     0.000  1       29.26     0.000  2
   4.94     0.000  1       17.19     0.000  1       29.45     0.000  2
   5.12     0.000  1       17.38     0.000  1       29.63     0.000  2
   5.30     0.000  1       17.56     0.000  1       29.81     0.000  2
   5.49     0.000  1       17.74     0.000  1       30.00     0.000  2
   5.67     0.000  1       17.92     0.000  1       30.18     0.000  2
   5.85     0.000  1       18.11     0.000  1       30.36     0.000  2
   6.04     0.000  1       18.29     0.000  1       30.54     0.000  2
   6.22     0.000  1       18.47     0.000  2       30.73     0.000  2
   6.40     0.000  1       18.66     0.000  2       30.91     0.000  2
   6.58     0.000  1       18.84     0.000  2       31.09     0.000  2
   6.77     0.000  1       19.02     0.000  2       31.28     0.000  2
   6.95     0.000  1       19.20     0.000  2       31.46     0.000  2
   7.13     0.000  1       19.39     0.000  2       31.64     0.000  2
   7.32     0.000  1       19.57     0.000  2       31.82     0.000  2
   7.50     0.000  1       19.75     0.000  2       32.01     0.000  2
   7.68     0.000  1       19.94     0.000  2       32.19     0.000  2
   7.86     0.000  1       20.12     0.000  2       32.37     0.000  2
   8.05     0.000  1       20.30     0.000  2       32.56     0.000  2
   8.23     0.000  1       20.48     0.000  2       32.74     0.000  2
   8.41     0.000  1       20.67     0.000  2       32.92     0.000  2
   8.60     0.000  1       20.85     0.000  2       33.10     0.000  2
   8.78     0.000  1       21.03     0.000  2       33.29     0.000  2
   8.96     0.000  1       21.22     0.000  2       33.47     0.000  2
   9.15     0.000  1       21.40     0.000  2       33.65     0.000  2
   9.33     0.000  1       21.58     0.000  2       33.84     0.000  2
   9.51     0.000  1       21.77     0.000  2       34.02     0.000  2
   9.69     0.000  1       21.95     0.000  2       34.20     0.000  2
   9.88     0.000  1       22.13     0.000  2       34.39     0.000  2
  10.06     0.000  1       22.31     0.000  2       34.57     0.000  2
  10.24     0.000  1       22.50     0.000  2       34.75     0.000  2
  10.43     0.000  1       22.68     0.000  2       34.93     0.000  2
  10.61     0.000  1       22.86     0.000  2       35.12     0.000  2
  10.79     0.000  1       23.05     0.000  2       35.30     0.000  2
  10.97     0.000  1       23.23     0.000  2       35.48     0.000  2
  11.16     0.000  1       23.41     0.000  2       35.67     0.000  2
  11.34     0.000  1       23.59     0.000  2       35.85     0.000  2
  11.52     0.000  1       23.78     0.000  2       36.03     0.000  2
  11.71     0.000  1       23.96     0.000  2       36.21     0.000  2
  11.89     0.000  1       24.14     0.000  2       36.40     0.000  2
  12.07     0.000  1       24.33     0.000  2       36.58     0.000  2
  12.25     0.000  1       24.51     0.000  2

note:  (+) soil loss - detachment     (-) soil loss - deposition



III. OFF SITE EFFECTS  OFF SITE EFFECTS  OFF SITE EFFECTS
     ----------------  ----------------  ----------------

     A.  SEDIMENT LEAVING PROFILE for year    3     0.000 kg/m

     B.  SEDIMENT CHARACTERISTICS AND ENRICHMENT

     Sediment particle information leaving profile
-------------------------------------------------------------------------------
                                 Particle Composition         Detached Fraction
Class  Diameter  Specific  ---------------------------------  Sediment  In Flow
         (mm)    Gravity   % Sand   % Silt   % Clay   % O.M.  Fraction  Exiting
-------------------------------------------------------------------------------
  1     0.002      2.60      0.0      0.0    100.0     25.0     0.052    0.000
  2     0.010      2.65      0.0    100.0      0.0      0.0     0.092    0.000
  3     0.030      1.80      0.0     63.6     36.4      9.1     0.258    0.000
  4     0.400      1.60     67.2     20.8     12.0      3.0     0.451    0.000
  5     0.200      2.65    100.0      0.0      0.0      0.0     0.147    0.000
-------------------------------------------------------------------------------


     Weighted SSA enrichment ratio leaving profile for year    3 =   0.00


     HILLSLOPE 1 YEARLY SUMMARY FOR    4
     ----------------------------------


I.   RAINFALL AND RUNOFF SUMMARY
     -------- --- ------ -------

      year:      4

         Rainfall         Storm Runoff        Melt Runoff
      events   amount   events   amount     events  amount
                (mm)              (mm)               (mm)

        67     385.70       1       1.63       0       0.00


II.  ON SITE EFFECTS  ON SITE EFFECTS  ON SITE EFFECTS
     ---------------  ---------------  ---------------


  A.  AREA OF NET SOIL LOSS

      ** Soil Loss (Avg. of Net Detachment Areas) =    0.008 kg/m2 **
      ** Maximum Soil Loss  =    0.029 kg/m2 at   36.58 meters **


      Area of    Soil Loss   Soil Loss   MAX   MAX Loss   MIN   MIN Loss
      Net Loss      MEAN      STDEV      Loss    Point    Loss   Point
        (m)       (kg/m2)     (kg/m2)  (kg/m2)    (m)    (kg/m2)  (m)
------------------------------------------------------------------------
   0.00-  36.58    0.008     0.009      0.029   36.58     0.002     7.68



  C.  SOIL LOSS/DEPOSITION ALONG SLOPE PROFILE

          Profile distances are from top to bottom of hillslope


 distance soil  flow    distance   soil  flow    distance   soil  flow
    (m)   loss  elem       (m)     loss  elem       (m)     loss  elem
         (kg/m2)                  (kg/m2)                  (kg/m2)
------------------------------------------------------------------------

   0.18     0.002  1       12.44     0.002  1       24.69     0.007  2
   0.37     0.002  1       12.62     0.002  1       24.87     0.008  2
   0.55     0.002  1       12.80     0.002  1       25.06     0.008  2
   0.73     0.002  1       12.99     0.002  1       25.24     0.008  2
   0.91     0.002  1       13.17     0.002  1       25.42     0.009  2
   1.10     0.002  1       13.35     0.002  1       25.61     0.009  2
   1.28     0.002  1       13.53     0.002  1       25.79     0.010  2
   1.46     0.002  1       13.72     0.002  1       25.97     0.010  2
   1.65     0.002  1       13.90     0.002  1       26.15     0.010  2
   1.83     0.002  1       14.08     0.002  1       26.34     0.011  2
   2.01     0.002  1       14.27     0.002  1       26.52     0.011  2
   2.19     0.002  1       14.45     0.002  1       26.70     0.011  2
   2.38     0.002  1       14.63     0.002  1       26.89     0.012  2
   2.56     0.002  1       14.81     0.002  1       27.07     0.012  2
   2.74     0.002  1       15.00     0.002  1       27.25     0.012  2
   2.93     0.002  1       15.18     0.002  1       27.44     0.013  2
   3.11     0.002  1       15.36     0.002  1       27.62     0.013  2
   3.29     0.002  1       15.55     0.002  1       27.80     0.013  2
   3.48     0.002  1       15.73     0.002  1       27.98     0.014  2
   3.66     0.002  1       15.91     0.002  1       28.17     0.014  2
   3.84     0.002  1       16.10     0.002  1       28.35     0.014  2
   4.02     0.002  1       16.28     0.002  1       28.53     0.015  2
   4.21     0.002  1       16.46     0.002  1       28.72     0.015  2
   4.39     0.002  1       16.64     0.002  1       28.90     0.015  2
   4.57     0.002  1       16.83     0.002  1       29.08     0.016  2
   4.76     0.002  1       17.01     0.002  1       29.26     0.016  2
   4.94     0.002  1       17.19     0.002  1       29.45     0.016  2
   5.12     0.002  1       17.38     0.002  1       29.63     0.017  2
   5.30     0.002  1       17.56     0.002  1       29.81     0.017  2
   5.49     0.002  1       17.74     0.002  1       30.00     0.017  2
   5.67     0.002  1       17.92     0.002  1       30.18     0.018  2
   5.85     0.002  1       18.11     0.002  1       30.36     0.018  2
   6.04     0.002  1       18.29     0.002  1       30.54     0.018  2
   6.22     0.002  1       18.47     0.002  2       30.73     0.019  2
   6.40     0.002  1       18.66     0.002  2       30.91     0.019  2
   6.58     0.002  1       18.84     0.002  2       31.09     0.019  2
   6.77     0.002  1       19.02     0.002  2       31.28     0.020  2
   6.95     0.002  1       19.20     0.002  2       31.46     0.020  2
   7.13     0.002  1       19.39     0.002  2       31.64     0.020  2
   7.32     0.002  1       19.57     0.002  2       31.82     0.021  2
   7.50     0.002  1       19.75     0.002  2       32.01     0.021  2
   7.68     0.002  1       19.94     0.002  2       32.19     0.021  2
   7.86     0.002  1       20.12     0.002  2       32.37     0.022  2
   8.05     0.002  1       20.30     0.002  2       32.56     0.022  2
   8.23     0.002  1       20.48     0.002  2       32.74     0.022  2
   8.41     0.002  1       20.67     0.002  2       32.92     0.023  2
   8.60     0.002  1       20.85     0.002  2       33.10     0.023  2
   8.78     0.002  1       21.03     0.002  2       33.29     0.023  2
   8.96     0.002  1       21.22     0.002  2       33.47     0.024  2
   9.15     0.002  1       21.40     0.002  2       33.65     0.024  2
   9.33     0.002  1       21.58     0.002  2       33.84     0.024  2
   9.51     0.002  1       21.77     0.002  2       34.02     0.025  2
   9.69     0.002  1       21.95     0.002  2       34.20     0.025  2
   9.88     0.002  1       22.13     0.002  2       34.39     0.025  2
  10.06     0.002  1       22.31     0.003  2       34.57     0.026  2
  10.24     0.002  1       22.50     0.003  2       34.75     0.026  2
  10.43     0.002  1       22.68     0.003  2       34.93     0.026  2
  10.61     0.002  1       22.86     0.004  2       35.12     0.027  2
  10.79     0.002  1       23.05     0.004  2       35.30     0.027  2
  10.97     0.002  1       23.23     0.004  2       35.48     0.027  2
  11.16     0.002  1       23.41     0.005  2       35.67     0.027  2
  11.34     0.002  1       23.59     0.005  2       35.85     0.028  2
  11.52     0.002  1       23.78     0.006  2       36.03     0.028  2
  11.71     0.002  1       23.96     0.006  2       36.21     0.028  2
  11.89     0.002  1       24.14     0.006  2       36.40     0.029  2
  12.07     0.002  1       24.33     0.007  2       36.58     0.029  2
  12.25     0.002  1       24.51     0.007  2

note:  (+) soil loss - detachment     (-) soil loss - deposition



III. OFF SITE EFFECTS  OFF SITE EFFECTS  OFF SITE EFFECTS
     ----------------  ----------------  ----------------

     A.  SEDIMENT LEAVING PROFILE for year    4     0.276 kg/m

     B.  SEDIMENT CHARACTERISTICS AND ENRICHMENT

     Sediment particle information leaving profile
-------------------------------------------------------------------------------
                                 Particle Composition         Detached Fraction
Class  Diameter  Specific  ---------------------------------  Sediment  In Flow
         (mm)    Gravity   % Sand   % Silt   % Clay   % O.M.  Fraction  Exiting
-------------------------------------------------------------------------------
  1     0.002      2.60      0.0      0.0    100.0     25.0     0.052    0.052
  2     0.010      2.65      0.0    100.0      0.0      0.0     0.092    0.092
  3     0.030      1.80      0.0     63.6     36.4      9.1     0.258    0.258
  4     0.400      1.60     67.2     20.8     12.0      3.0     0.451    0.451
  5     0.200      2.65    100.0      0.0      0.0      0.0     0.147    0.147
-------------------------------------------------------------------------------


     Weighted SSA enrichment ratio leaving profile for year    4 =   1.00


     HILLSLOPE 1 YEARLY SUMMARY FOR    5
     ----------------------------------


I.   RAINFALL AND RUNOFF SUMMARY
     -------- --- ------ -------

      year:      5

         Rainfall         Storm Runoff        Melt Runoff
      events   amount   events   amount     events  amount
                (mm)              (mm)               (mm)

        66     606.10       1      11.08       1       3.25


II.  ON SITE EFFECTS  ON SITE EFFECTS  ON SITE EFFECTS
     ---------------  ---------------  ---------------


  A.  AREA OF NET SOIL LOSS

      ** Soil Loss (Avg. of Net Detachment Areas) =    0.124 kg/m2 **
      ** Maximum Soil Loss  =    0.217 kg/m2 at   36.58 meters **


      Area of    Soil Loss   Soil Loss   MAX   MAX Loss   MIN   MIN Loss
      Net Loss      MEAN      STDEV      Loss    Point    Loss   Point
        (m)       (kg/m2)     (kg/m2)  (kg/m2)    (m)    (kg/m2)  (m)
------------------------------------------------------------------------
   0.00-  36.58    0.124     0.063      0.217   36.58     0.020     1.28



  C.  SOIL LOSS/DEPOSITION ALONG SLOPE PROFILE

          Profile distances are from top to bottom of hillslope


 distance soil  flow    distance   soil  flow    distance   soil  flow
    (m)   loss  elem       (m)     loss  elem       (m)     loss  elem
         (kg/m2)                  (kg/m2)                  (kg/m2)
------------------------------------------------------------------------

   0.18     0.020  1       12.44     0.095  1       24.69     0.165  2
   0.37     0.020  1       12.62     0.096  1       24.87     0.166  2
   0.55     0.020  1       12.80     0.098  1       25.06     0.167  2
   0.73     0.020  1       12.99     0.099  1       25.24     0.168  2
   0.91     0.020  1       13.17     0.100  1       25.42     0.169  2
   1.10     0.020  1       13.35     0.102  1       25.61     0.170  2
   1.28     0.020  1       13.53     0.103  1       25.79     0.170  2
   1.46     0.020  1       13.72     0.104  1       25.97     0.171  2
   1.65     0.020  1       13.90     0.105  1       26.15     0.172  2
   1.83     0.020  1       14.08     0.107  1       26.34     0.173  2
   2.01     0.020  1       14.27     0.108  1       26.52     0.174  2
   2.19     0.020  1       14.45     0.109  1       26.70     0.175  2
   2.38     0.020  1       14.63     0.110  1       26.89     0.176  2
   2.56     0.020  1       14.81     0.111  1       27.07     0.176  2
   2.74     0.020  1       15.00     0.113  1       27.25     0.177  2
   2.93     0.020  1       15.18     0.114  1       27.44     0.178  2
   3.11     0.020  1       15.36     0.115  1       27.62     0.179  2
   3.29     0.020  1       15.55     0.116  1       27.80     0.180  2
   3.48     0.020  1       15.73     0.117  1       27.98     0.180  2
   3.66     0.020  1       15.91     0.119  1       28.17     0.181  2
   3.84     0.022  1       16.10     0.120  1       28.35     0.182  2
   4.02     0.024  1       16.28     0.121  1       28.53     0.183  2
   4.21     0.026  1       16.46     0.122  1       28.72     0.184  2
   4.39     0.027  1       16.64     0.123  1       28.90     0.185  2
   4.57     0.029  1       16.83     0.125  1       29.08     0.185  2
   4.76     0.031  1       17.01     0.126  1       29.26     0.186  2
   4.94     0.033  1       17.19     0.127  1       29.45     0.187  2
   5.12     0.035  1       17.38     0.128  1       29.63     0.188  2
   5.30     0.037  1       17.56     0.129  1       29.81     0.189  2
   5.49     0.038  1       17.74     0.130  1       30.00     0.189  2
   5.67     0.040  1       17.92     0.131  1       30.18     0.190  2
   5.85     0.042  1       18.11     0.133  1       30.36     0.191  2
   6.04     0.044  1       18.29     0.134  1       30.54     0.192  2
   6.22     0.045  1       18.47     0.135  2       30.73     0.193  2
   6.40     0.047  1       18.66     0.136  2       30.91     0.193  2
   6.58     0.049  1       18.84     0.137  2       31.09     0.194  2
   6.77     0.050  1       19.02     0.138  2       31.28     0.195  2
   6.95     0.052  1       19.20     0.139  2       31.46     0.196  2
   7.13     0.054  1       19.39     0.140  2       31.64     0.196  2
   7.32     0.055  1       19.57     0.140  2       31.82     0.197  2
   7.50     0.057  1       19.75     0.141  2       32.01     0.198  2
   7.68     0.058  1       19.94     0.142  2       32.19     0.199  2
   7.86     0.060  1       20.12     0.143  2       32.37     0.200  2
   8.05     0.061  1       20.30     0.144  2       32.56     0.200  2
   8.23     0.063  1       20.48     0.145  2       32.74     0.201  2
   8.41     0.064  1       20.67     0.146  2       32.92     0.202  2
   8.60     0.066  1       20.85     0.147  2       33.10     0.203  2
   8.78     0.067  1       21.03     0.148  2       33.29     0.203  2
   8.96     0.069  1       21.22     0.149  2       33.47     0.204  2
   9.15     0.070  1       21.40     0.150  2       33.65     0.205  2
   9.33     0.072  1       21.58     0.150  2       33.84     0.206  2
   9.51     0.073  1       21.77     0.151  2       34.02     0.207  2
   9.69     0.075  1       21.95     0.152  2       34.20     0.207  2
   9.88     0.076  1       22.13     0.153  2       34.39     0.208  2
  10.06     0.077  1       22.31     0.154  2       34.57     0.209  2
  10.24     0.079  1       22.50     0.155  2       34.75     0.210  2
  10.43     0.080  1       22.68     0.156  2       34.93     0.210  2
  10.61     0.082  1       22.86     0.157  2       35.12     0.211  2
  10.79     0.083  1       23.05     0.158  2       35.30     0.212  2
  10.97     0.084  1       23.23     0.158  2       35.48     0.213  2
  11.16     0.086  1       23.41     0.159  2       35.67     0.213  2
  11.34     0.087  1       23.59     0.160  2       35.85     0.214  2
  11.52     0.088  1       23.78     0.161  2       36.03     0.215  2
  11.71     0.090  1       23.96     0.162  2       36.21     0.216  2
  11.89     0.091  1       24.14     0.163  2       36.40     0.216  2
  12.07     0.092  1       24.33     0.164  2       36.58     0.217  2
  12.25     0.094  1       24.51     0.165  2

note:  (+) soil loss - detachment     (-) soil loss - deposition



III. OFF SITE EFFECTS  OFF SITE EFFECTS  OFF SITE EFFECTS
     ----------------  ----------------  ----------------

     A.  SEDIMENT LEAVING PROFILE for year    5     4.530 kg/m

     B.  SEDIMENT CHARACTERISTICS AND ENRICHMENT

     Sediment particle information leaving profile
-------------------------------------------------------------------------------
                                 Particle Composition         Detached Fraction
Class  Diameter  Specific  ---------------------------------  Sediment  In Flow
         (mm)    Gravity   % Sand   % Silt   % Clay   % O.M.  Fraction  Exiting
-------------------------------------------------------------------------------
  1     0.002      2.60      0.0      0.0    100.0     25.0     0.052    0.052
  2     0.010      2.65      0.0    100.0      0.0      0.0     0.092    0.092
  3     0.030      1.80      0.0     63.6     36.4      9.1     0.258    0.258
  4     0.400      1.60     67.2     20.8     12.0      3.0     0.451    0.451
  5     0.200      2.65    100.0      0.0      0.0      0.0     0.147    0.147
-------------------------------------------------------------------------------


     Weighted SSA enrichment ratio leaving profile for year    5 =   1.00


     HILLSLOPE 1 YEARLY SUMMARY FOR    6
     ----------------------------------


I.   RAINFALL AND RUNOFF SUMMARY
     -------- --- ------ -------

      year:      6

         Rainfall         Storm Runoff        Melt Runoff
      events   amount   events   amount     events  amount
                (mm)              (mm)               (mm)

        82     653.20       5      32.00       0       0.00


II.  ON SITE EFFECTS  ON SITE EFFECTS  ON SITE EFFECTS
     ---------------  ---------------  ---------------


  A.  AREA OF NET SOIL LOSS

      ** Soil Loss (Avg. of Net Detachment Areas) =    0.459 kg/m2 **
      ** Maximum Soil Loss  =    0.881 kg/m2 at   36.58 meters **


      Area of    Soil Loss   Soil Loss   MAX   MAX Loss   MIN   MIN Loss
      Net Loss      MEAN      STDEV      Loss    Point    Loss   Point
        (m)       (kg/m2)     (kg/m2)  (kg/m2)    (m)    (kg/m2)  (m)
------------------------------------------------------------------------
   0.00-  36.58    0.459     0.271      0.881   36.58     0.052     1.83



  C.  SOIL LOSS/DEPOSITION ALONG SLOPE PROFILE

          Profile distances are from top to bottom of hillslope


 distance soil  flow    distance   soil  flow    distance   soil  flow
    (m)   loss  elem       (m)     loss  elem       (m)     loss  elem
         (kg/m2)                  (kg/m2)                  (kg/m2)
------------------------------------------------------------------------

   0.18     0.052  1       12.44     0.315  1       24.69     0.638  2
   0.37     0.052  1       12.62     0.321  1       24.87     0.642  2
   0.55     0.052  1       12.80     0.327  1       25.06     0.646  2
   0.73     0.052  1       12.99     0.333  1       25.24     0.650  2
   0.91     0.052  1       13.17     0.338  1       25.42     0.654  2
   1.10     0.052  1       13.35     0.344  1       25.61     0.658  2
   1.28     0.052  1       13.53     0.350  1       25.79     0.662  2
   1.46     0.052  1       13.72     0.355  1       25.97     0.666  2
   1.65     0.052  1       13.90     0.361  1       26.15     0.670  2
   1.83     0.052  1       14.08     0.367  1       26.34     0.674  2
   2.01     0.052  1       14.27     0.372  1       26.52     0.678  2
   2.19     0.052  1       14.45     0.378  1       26.70     0.682  2
   2.38     0.052  1       14.63     0.383  1       26.89     0.686  2
   2.56     0.052  1       14.81     0.389  1       27.07     0.690  2
   2.74     0.052  1       15.00     0.394  1       27.25     0.694  2
   2.93     0.052  1       15.18     0.399  1       27.44     0.698  2
   3.11     0.052  1       15.36     0.405  1       27.62     0.701  2
   3.29     0.052  1       15.55     0.410  1       27.80     0.705  2
   3.48     0.052  1       15.73     0.416  1       27.98     0.709  2
   3.66     0.052  1       15.91     0.421  1       28.17     0.713  2
   3.84     0.052  1       16.10     0.426  1       28.35     0.717  2
   4.02     0.054  1       16.28     0.432  1       28.53     0.721  2
   4.21     0.056  1       16.46     0.437  1       28.72     0.725  2
   4.39     0.059  1       16.64     0.442  1       28.90     0.728  2
   4.57     0.063  1       16.83     0.447  1       29.08     0.732  2
   4.76     0.067  1       17.01     0.452  1       29.26     0.736  2
   4.94     0.072  1       17.19     0.458  1       29.45     0.740  2
   5.12     0.077  1       17.38     0.463  1       29.63     0.744  2
   5.30     0.082  1       17.56     0.468  1       29.81     0.747  2
   5.49     0.088  1       17.74     0.473  1       30.00     0.751  2
   5.67     0.093  1       17.92     0.478  1       30.18     0.755  2
   5.85     0.098  1       18.11     0.483  1       30.36     0.759  2
   6.04     0.103  1       18.29     0.488  1       30.54     0.762  2
   6.22     0.108  1       18.47     0.493  2       30.73     0.766  2
   6.40     0.113  1       18.66     0.497  2       30.91     0.770  2
   6.58     0.118  1       18.84     0.502  2       31.09     0.773  2
   6.77     0.123  1       19.02     0.506  2       31.28     0.777  2
   6.95     0.127  1       19.20     0.511  2       31.46     0.781  2
   7.13     0.132  1       19.39     0.515  2       31.64     0.785  2
   7.32     0.137  1       19.57     0.520  2       31.82     0.788  2
   7.50     0.143  1       19.75     0.524  2       32.01     0.792  2
   7.68     0.150  1       19.94     0.529  2       32.19     0.796  2
   7.86     0.157  1       20.12     0.533  2       32.37     0.799  2
   8.05     0.164  1       20.30     0.537  2       32.56     0.803  2
   8.23     0.171  1       20.48     0.542  2       32.74     0.806  2
   8.41     0.178  1       20.67     0.546  2       32.92     0.810  2
   8.60     0.184  1       20.85     0.550  2       33.10     0.814  2
   8.78     0.191  1       21.03     0.555  2       33.29     0.817  2
   8.96     0.198  1       21.22     0.559  2       33.47     0.821  2
   9.15     0.204  1       21.40     0.563  2       33.65     0.824  2
   9.33     0.211  1       21.58     0.567  2       33.84     0.828  2
   9.51     0.217  1       21.77     0.572  2       34.02     0.832  2
   9.69     0.224  1       21.95     0.576  2       34.20     0.835  2
   9.88     0.230  1       22.13     0.580  2       34.39     0.839  2
  10.06     0.236  1       22.31     0.584  2       34.57     0.842  2
  10.24     0.243  1       22.50     0.589  2       34.75     0.846  2
  10.43     0.249  1       22.68     0.593  2       34.93     0.849  2
  10.61     0.255  1       22.86     0.597  2       35.12     0.853  2
  10.79     0.261  1       23.05     0.601  2       35.30     0.856  2
  10.97     0.267  1       23.23     0.605  2       35.48     0.860  2
  11.16     0.274  1       23.41     0.609  2       35.67     0.864  2
  11.34     0.280  1       23.59     0.613  2       35.85     0.867  2
  11.52     0.286  1       23.78     0.618  2       36.03     0.871  2
  11.71     0.292  1       23.96     0.622  2       36.21     0.874  2
  11.89     0.298  1       24.14     0.626  2       36.40     0.877  2
  12.07     0.304  1       24.33     0.630  2       36.58     0.881  2
  12.25     0.309  1       24.51     0.634  2

note:  (+) soil loss - detachment     (-) soil loss - deposition



III. OFF SITE EFFECTS  OFF SITE EFFECTS  OFF SITE EFFECTS
     ----------------  ----------------  ----------------

     A.  SEDIMENT LEAVING PROFILE for year    6    16.806 kg/m

     B.  SEDIMENT CHARACTERISTICS AND ENRICHMENT

     Sediment particle information leaving profile
-------------------------------------------------------------------------------
                                 Particle Composition         Detached Fraction
Class  Diameter  Specific  ---------------------------------  Sediment  In Flow
         (mm)    Gravity   % Sand   % Silt   % Clay   % O.M.  Fraction  Exiting
-------------------------------------------------------------------------------
  1     0.002      2.60      0.0      0.0    100.0     25.0     0.052    0.052
  2     0.010      2.65      0.0    100.0      0.0      0.0     0.092    0.092
  3     0.030      1.80      0.0     63.6     36.4      9.1     0.258    0.258
  4     0.400      1.60     67.2     20.8     12.0      3.0     0.451    0.451
  5     0.200      2.65    100.0      0.0      0.0      0.0     0.147    0.147
-------------------------------------------------------------------------------


     Weighted SSA enrichment ratio leaving profile for year    6 =   1.00


     HILLSLOPE 1 YEARLY SUMMARY FOR    7
     ----------------------------------


I.   RAINFALL AND RUNOFF SUMMARY
     -------- --- ------ -------

      year:      7

         Rainfall         Storm Runoff        Melt Runoff
      events   amount   events   amount     events  amount
                (mm)              (mm)               (mm)

        72     601.40       5      14.68       0       0.00


II.  ON SITE EFFECTS  ON SITE EFFECTS  ON SITE EFFECTS
     ---------------  ---------------  ---------------


  A.  AREA OF NET SOIL LOSS

      ** Soil Loss (Avg. of Net Detachment Areas) =    0.231 kg/m2 **
      ** Maximum Soil Loss  =    0.386 kg/m2 at   36.58 meters **


      Area of    Soil Loss   Soil Loss   MAX   MAX Loss   MIN   MIN Loss
      Net Loss      MEAN      STDEV      Loss    Point    Loss   Point
        (m)       (kg/m2)     (kg/m2)  (kg/m2)    (m)    (kg/m2)  (m)
------------------------------------------------------------------------
   0.00-  36.58    0.231     0.115      0.386   36.58     0.030     0.18



  C.  SOIL LOSS/DEPOSITION ALONG SLOPE PROFILE

          Profile distances are from top to bottom of hillslope


 distance soil  flow    distance   soil  flow    distance   soil  flow
    (m)   loss  elem       (m)     loss  elem       (m)     loss  elem
         (kg/m2)                  (kg/m2)                  (kg/m2)
------------------------------------------------------------------------

   0.18     0.030  1       12.44     0.183  1       24.69     0.311  2
   0.37     0.030  1       12.62     0.186  1       24.87     0.312  2
   0.55     0.030  1       12.80     0.189  1       25.06     0.313  2
   0.73     0.030  1       12.99     0.192  1       25.24     0.314  2
   0.91     0.030  1       13.17     0.195  1       25.42     0.316  2
   1.10     0.030  1       13.35     0.198  1       25.61     0.317  2
   1.28     0.030  1       13.53     0.201  1       25.79     0.318  2
   1.46     0.030  1       13.72     0.204  1       25.97     0.319  2
   1.65     0.030  1       13.90     0.207  1       26.15     0.321  2
   1.83     0.030  1       14.08     0.210  1       26.34     0.322  2
   2.01     0.030  1       14.27     0.213  1       26.52     0.323  2
   2.19     0.030  1       14.45     0.216  1       26.70     0.324  2
   2.38     0.030  1       14.63     0.219  1       26.89     0.326  2
   2.56     0.030  1       14.81     0.222  1       27.07     0.327  2
   2.74     0.031  1       15.00     0.225  1       27.25     0.328  2
   2.93     0.032  1       15.18     0.227  1       27.44     0.329  2
   3.11     0.033  1       15.36     0.230  1       27.62     0.330  2
   3.29     0.035  1       15.55     0.233  1       27.80     0.332  2
   3.48     0.038  1       15.73     0.236  1       27.98     0.333  2
   3.66     0.041  1       15.91     0.239  1       28.17     0.334  2
   3.84     0.044  1       16.10     0.242  1       28.35     0.335  2
   4.02     0.048  1       16.28     0.244  1       28.53     0.336  2
   4.21     0.051  1       16.46     0.247  1       28.72     0.338  2
   4.39     0.054  1       16.64     0.250  1       28.90     0.339  2
   4.57     0.057  1       16.83     0.253  1       29.08     0.340  2
   4.76     0.060  1       17.01     0.255  1       29.26     0.341  2
   4.94     0.062  1       17.19     0.258  1       29.45     0.342  2
   5.12     0.065  1       17.38     0.261  1       29.63     0.343  2
   5.30     0.068  1       17.56     0.263  1       29.81     0.345  2
   5.49     0.071  1       17.74     0.266  1       30.00     0.346  2
   5.67     0.074  1       17.92     0.269  1       30.18     0.347  2
   5.85     0.076  1       18.11     0.271  1       30.36     0.348  2
   6.04     0.079  1       18.29     0.274  1       30.54     0.349  2
   6.22     0.082  1       18.47     0.265  2       30.73     0.350  2
   6.40     0.084  1       18.66     0.267  2       30.91     0.352  2
   6.58     0.087  1       18.84     0.268  2       31.09     0.353  2
   6.77     0.090  1       19.02     0.270  2       31.28     0.354  2
   6.95     0.092  1       19.20     0.271  2       31.46     0.355  2
   7.13     0.095  1       19.39     0.272  2       31.64     0.356  2
   7.32     0.098  1       19.57     0.274  2       31.82     0.357  2
   7.50     0.101  1       19.75     0.275  2       32.01     0.358  2
   7.68     0.104  1       19.94     0.277  2       32.19     0.360  2
   7.86     0.107  1       20.12     0.278  2       32.37     0.361  2
   8.05     0.110  1       20.30     0.279  2       32.56     0.362  2
   8.23     0.112  1       20.48     0.281  2       32.74     0.363  2
   8.41     0.115  1       20.67     0.282  2       32.92     0.364  2
   8.60     0.118  1       20.85     0.283  2       33.10     0.365  2
   8.78     0.121  1       21.03     0.285  2       33.29     0.366  2
   8.96     0.123  1       21.22     0.286  2       33.47     0.367  2
   9.15     0.126  1       21.40     0.287  2       33.65     0.368  2
   9.33     0.126  1       21.58     0.289  2       33.84     0.370  2
   9.51     0.132  1       21.77     0.290  2       34.02     0.371  2
   9.69     0.135  1       21.95     0.291  2       34.20     0.372  2
   9.88     0.139  1       22.13     0.293  2       34.39     0.373  2
  10.06     0.142  1       22.31     0.294  2       34.57     0.374  2
  10.24     0.145  1       22.50     0.295  2       34.75     0.375  2
  10.43     0.149  1       22.68     0.297  2       34.93     0.376  2
  10.61     0.152  1       22.86     0.298  2       35.12     0.377  2
  10.79     0.155  1       23.05     0.299  2       35.30     0.378  2
  10.97     0.158  1       23.23     0.300  2       35.48     0.379  2
  11.16     0.161  1       23.41     0.302  2       35.67     0.380  2
  11.34     0.165  1       23.59     0.303  2       35.85     0.382  2
  11.52     0.168  1       23.78     0.304  2       36.03     0.383  2
  11.71     0.171  1       23.96     0.306  2       36.21     0.384  2
  11.89     0.174  1       24.14     0.307  2       36.40     0.385  2
  12.07     0.177  1       24.33     0.308  2       36.58     0.386  2
  12.25     0.180  1       24.51     0.309  2

note:  (+) soil loss - detachment     (-) soil loss - deposition



III. OFF SITE EFFECTS  OFF SITE EFFECTS  OFF SITE EFFECTS
     ----------------  ----------------  ----------------

     A.  SEDIMENT LEAVING PROFILE for year    7     8.459 kg/m

     B.  SEDIMENT CHARACTERISTICS AND ENRICHMENT

     Sediment particle information leaving profile
-------------------------------------------------------------------------------
                                 Particle Composition         Detached Fraction
Class  Diameter  Specific  ---------------------------------  Sediment  In Flow
         (mm)    Gravity   % Sand   % Silt   % Clay   % O.M.  Fraction  Exiting
-------------------------------------------------------------------------------
  1     0.002      2.60      0.0      0.0    100.0     25.0     0.052    0.052
  2     0.010      2.65      0.0    100.0      0.0      0.0     0.092    0.092
  3     0.030      1.80      0.0     63.6     36.4      9.1     0.258    0.258
  4     0.400      1.60     67.2     20.8     12.0      3.0     0.451    0.451
  5     0.200      2.65    100.0      0.0      0.0      0.0     0.147    0.147
-------------------------------------------------------------------------------


     Weighted SSA enrichment ratio leaving profile for year    7 =   1.00


     HILLSLOPE 1 YEARLY SUMMARY FOR    8
     ----------------------------------


I.   RAINFALL AND RUNOFF SUMMARY
     -------- --- ------ -------

      year:      8

         Rainfall         Storm Runoff        Melt Runoff
      events   amount   events   amount     events  amount
                (mm)              (mm)               (mm)

        93     734.10       4      12.40       0       0.00


II.  ON SITE EFFECTS  ON SITE EFFECTS  ON SITE EFFECTS
     ---------------  ---------------  ---------------


  A.  AREA OF NET SOIL LOSS

      ** Soil Loss (Avg. of Net Detachment Areas) =    0.169 kg/m2 **
      ** Maximum Soil Loss  =    0.341 kg/m2 at   36.58 meters **


      Area of    Soil Loss   Soil Loss   MAX   MAX Loss   MIN   MIN Loss
      Net Loss      MEAN      STDEV      Loss    Point    Loss   Point
        (m)       (kg/m2)     (kg/m2)  (kg/m2)    (m)    (kg/m2)  (m)
------------------------------------------------------------------------
   0.00-  36.58    0.169     0.109      0.341   36.58     0.022     2.38



  C.  SOIL LOSS/DEPOSITION ALONG SLOPE PROFILE

          Profile distances are from top to bottom of hillslope


 distance soil  flow    distance   soil  flow    distance   soil  flow
    (m)   loss  elem       (m)     loss  elem       (m)     loss  elem
         (kg/m2)                  (kg/m2)                  (kg/m2)
------------------------------------------------------------------------

   0.18     0.022  1       12.44     0.100  1       24.69     0.242  2
   0.37     0.022  1       12.62     0.103  1       24.87     0.243  2
   0.55     0.022  1       12.80     0.106  1       25.06     0.245  2
   0.73     0.022  1       12.99     0.109  1       25.24     0.247  2
   0.91     0.022  1       13.17     0.112  1       25.42     0.248  2
   1.10     0.022  1       13.35     0.114  1       25.61     0.250  2
   1.28     0.022  1       13.53     0.117  1       25.79     0.252  2
   1.46     0.022  1       13.72     0.120  1       25.97     0.253  2
   1.65     0.022  1       13.90     0.122  1       26.15     0.255  2
   1.83     0.022  1       14.08     0.125  1       26.34     0.256  2
   2.01     0.022  1       14.27     0.128  1       26.52     0.258  2
   2.19     0.022  1       14.45     0.131  1       26.70     0.260  2
   2.38     0.022  1       14.63     0.133  1       26.89     0.261  2
   2.56     0.022  1       14.81     0.136  1       27.07     0.263  2
   2.74     0.022  1       15.00     0.138  1       27.25     0.265  2
   2.93     0.022  1       15.18     0.141  1       27.44     0.266  2
   3.11     0.022  1       15.36     0.144  1       27.62     0.268  2
   3.29     0.022  1       15.55     0.146  1       27.80     0.269  2
   3.48     0.022  1       15.73     0.149  1       27.98     0.271  2
   3.66     0.022  1       15.91     0.151  1       28.17     0.273  2
   3.84     0.022  1       16.10     0.154  1       28.35     0.274  2
   4.02     0.022  1       16.28     0.157  1       28.53     0.276  2
   4.21     0.022  1       16.46     0.159  1       28.72     0.277  2
   4.39     0.022  1       16.64     0.162  1       28.90     0.279  2
   4.57     0.022  1       16.83     0.164  1       29.08     0.280  2
   4.76     0.022  1       17.01     0.167  1       29.26     0.282  2
   4.94     0.022  1       17.19     0.169  1       29.45     0.284  2
   5.12     0.022  1       17.38     0.172  1       29.63     0.285  2
   5.30     0.022  1       17.56     0.174  1       29.81     0.287  2
   5.49     0.022  1       17.74     0.177  1       30.00     0.288  2
   5.67     0.022  1       17.92     0.179  1       30.18     0.290  2
   5.85     0.022  1       18.11     0.181  1       30.36     0.291  2
   6.04     0.023  1       18.29     0.184  1       30.54     0.293  2
   6.22     0.024  1       18.47     0.181  2       30.73     0.294  2
   6.40     0.025  1       18.66     0.183  2       30.91     0.296  2
   6.58     0.026  1       18.84     0.185  2       31.09     0.297  2
   6.77     0.027  1       19.02     0.187  2       31.28     0.299  2
   6.95     0.028  1       19.20     0.189  2       31.46     0.300  2
   7.13     0.030  1       19.39     0.190  2       31.64     0.302  2
   7.32     0.031  1       19.57     0.192  2       31.82     0.304  2
   7.50     0.032  1       19.75     0.194  2       32.01     0.305  2
   7.68     0.033  1       19.94     0.196  2       32.19     0.307  2
   7.86     0.035  1       20.12     0.198  2       32.37     0.308  2
   8.05     0.036  1       20.30     0.200  2       32.56     0.310  2
   8.23     0.037  1       20.48     0.201  2       32.74     0.311  2
   8.41     0.039  1       20.67     0.203  2       32.92     0.312  2
   8.60     0.041  1       20.85     0.205  2       33.10     0.314  2
   8.78     0.043  1       21.03     0.207  2       33.29     0.315  2
   8.96     0.045  1       21.22     0.209  2       33.47     0.317  2
   9.15     0.047  1       21.40     0.210  2       33.65     0.318  2
   9.33     0.050  1       21.58     0.212  2       33.84     0.320  2
   9.51     0.053  1       21.77     0.214  2       34.02     0.321  2
   9.69     0.056  1       21.95     0.216  2       34.20     0.323  2
   9.88     0.059  1       22.13     0.218  2       34.39     0.324  2
  10.06     0.062  1       22.31     0.219  2       34.57     0.326  2
  10.24     0.065  1       22.50     0.221  2       34.75     0.327  2
  10.43     0.068  1       22.68     0.223  2       34.93     0.329  2
  10.61     0.071  1       22.86     0.225  2       35.12     0.330  2
  10.79     0.074  1       23.05     0.226  2       35.30     0.331  2
  10.97     0.077  1       23.23     0.228  2       35.48     0.333  2
  11.16     0.080  1       23.41     0.230  2       35.67     0.334  2
  11.34     0.083  1       23.59     0.231  2       35.85     0.336  2
  11.52     0.086  1       23.78     0.233  2       36.03     0.337  2
  11.71     0.089  1       23.96     0.235  2       36.21     0.339  2
  11.89     0.092  1       24.14     0.237  2       36.40     0.340  2
  12.07     0.095  1       24.33     0.238  2       36.58     0.341  2
  12.25     0.098  1       24.51     0.240  2

note:  (+) soil loss - detachment     (-) soil loss - deposition



III. OFF SITE EFFECTS  OFF SITE EFFECTS  OFF SITE EFFECTS
     ----------------  ----------------  ----------------

     A.  SEDIMENT LEAVING PROFILE for year    8     6.180 kg/m

     B.  SEDIMENT CHARACTERISTICS AND ENRICHMENT

     Sediment particle information leaving profile
-------------------------------------------------------------------------------
                                 Particle Composition         Detached Fraction
Class  Diameter  Specific  ---------------------------------  Sediment  In Flow
         (mm)    Gravity   % Sand   % Silt   % Clay   % O.M.  Fraction  Exiting
-------------------------------------------------------------------------------
  1     0.002      2.60      0.0      0.0    100.0     25.0     0.052    0.052
  2     0.010      2.65      0.0    100.0      0.0      0.0     0.092    0.092
  3     0.030      1.80      0.0     63.6     36.4      9.1     0.258    0.258
  4     0.400      1.60     67.2     20.8     12.0      3.0     0.451    0.451
  5     0.200      2.65    100.0      0.0      0.0      0.0     0.147    0.147
-------------------------------------------------------------------------------


     Weighted SSA enrichment ratio leaving profile for year    8 =   1.00


     HILLSLOPE 1 YEARLY SUMMARY FOR    9
     ----------------------------------


I.   RAINFALL AND RUNOFF SUMMARY
     -------- --- ------ -------

      year:      9

         Rainfall         Storm Runoff        Melt Runoff
      events   amount   events   amount     events  amount
                (mm)              (mm)               (mm)

        87     737.10       3      15.29       0       0.00


II.  ON SITE EFFECTS  ON SITE EFFECTS  ON SITE EFFECTS
     ---------------  ---------------  ---------------


  A.  AREA OF NET SOIL LOSS

      ** Soil Loss (Avg. of Net Detachment Areas) =    0.180 kg/m2 **
      ** Maximum Soil Loss  =    0.371 kg/m2 at   36.58 meters **


      Area of    Soil Loss   Soil Loss   MAX   MAX Loss   MIN   MIN Loss
      Net Loss      MEAN      STDEV      Loss    Point    Loss   Point
        (m)       (kg/m2)     (kg/m2)  (kg/m2)    (m)    (kg/m2)  (m)
------------------------------------------------------------------------
   0.00-  36.58    0.180     0.117      0.371   36.58     0.023     2.56



  C.  SOIL LOSS/DEPOSITION ALONG SLOPE PROFILE

          Profile distances are from top to bottom of hillslope


 distance soil  flow    distance   soil  flow    distance   soil  flow
    (m)   loss  elem       (m)     loss  elem       (m)     loss  elem
         (kg/m2)                  (kg/m2)                  (kg/m2)
------------------------------------------------------------------------

   0.18     0.023  1       12.44     0.104  1       24.69     0.256  2
   0.37     0.023  1       12.62     0.107  1       24.87     0.258  2
   0.55     0.023  1       12.80     0.109  1       25.06     0.260  2
   0.73     0.023  1       12.99     0.112  1       25.24     0.262  2
   0.91     0.023  1       13.17     0.115  1       25.42     0.264  2
   1.10     0.023  1       13.35     0.117  1       25.61     0.266  2
   1.28     0.023  1       13.53     0.120  1       25.79     0.268  2
   1.46     0.023  1       13.72     0.123  1       25.97     0.269  2
   1.65     0.023  1       13.90     0.125  1       26.15     0.271  2
   1.83     0.023  1       14.08     0.128  1       26.34     0.273  2
   2.01     0.023  1       14.27     0.131  1       26.52     0.275  2
   2.19     0.023  1       14.45     0.133  1       26.70     0.277  2
   2.38     0.023  1       14.63     0.136  1       26.89     0.279  2
   2.56     0.023  1       14.81     0.138  1       27.07     0.281  2
   2.74     0.023  1       15.00     0.141  1       27.25     0.283  2
   2.93     0.023  1       15.18     0.144  1       27.44     0.284  2
   3.11     0.023  1       15.36     0.146  1       27.62     0.286  2
   3.29     0.023  1       15.55     0.149  1       27.80     0.288  2
   3.48     0.023  1       15.73     0.151  1       27.98     0.290  2
   3.66     0.023  1       15.91     0.154  1       28.17     0.292  2
   3.84     0.023  1       16.10     0.156  1       28.35     0.294  2
   4.02     0.023  1       16.28     0.159  1       28.53     0.295  2
   4.21     0.023  1       16.46     0.161  1       28.72     0.297  2
   4.39     0.023  1       16.64     0.164  1       28.90     0.299  2
   4.57     0.023  1       16.83     0.166  1       29.08     0.301  2
   4.76     0.023  1       17.01     0.168  1       29.26     0.303  2
   4.94     0.023  1       17.19     0.171  1       29.45     0.304  2
   5.12     0.023  1       17.38     0.173  1       29.63     0.306  2
   5.30     0.023  1       17.56     0.176  1       29.81     0.308  2
   5.49     0.025  1       17.74     0.178  1       30.00     0.310  2
   5.67     0.026  1       17.92     0.180  1       30.18     0.312  2
   5.85     0.028  1       18.11     0.183  1       30.36     0.313  2
   6.04     0.029  1       18.29     0.185  1       30.54     0.315  2
   6.22     0.030  1       18.47     0.187  2       30.73     0.317  2
   6.40     0.032  1       18.66     0.189  2       30.91     0.319  2
   6.58     0.033  1       18.84     0.191  2       31.09     0.320  2
   6.77     0.035  1       19.02     0.194  2       31.28     0.322  2
   6.95     0.036  1       19.20     0.196  2       31.46     0.324  2
   7.13     0.037  1       19.39     0.198  2       31.64     0.326  2
   7.32     0.039  1       19.57     0.200  2       31.82     0.327  2
   7.50     0.040  1       19.75     0.202  2       32.01     0.329  2
   7.68     0.041  1       19.94     0.204  2       32.19     0.331  2
   7.86     0.042  1       20.12     0.206  2       32.37     0.333  2
   8.05     0.044  1       20.30     0.208  2       32.56     0.334  2
   8.23     0.045  1       20.48     0.210  2       32.74     0.336  2
   8.41     0.046  1       20.67     0.212  2       32.92     0.338  2
   8.60     0.047  1       20.85     0.214  2       33.10     0.339  2
   8.78     0.049  1       21.03     0.217  2       33.29     0.341  2
   8.96     0.050  1       21.22     0.219  2       33.47     0.343  2
   9.15     0.052  1       21.40     0.221  2       33.65     0.344  2
   9.33     0.054  1       21.58     0.223  2       33.84     0.346  2
   9.51     0.058  1       21.77     0.225  2       34.02     0.348  2
   9.69     0.061  1       21.95     0.227  2       34.20     0.350  2
   9.88     0.064  1       22.13     0.229  2       34.39     0.351  2
  10.06     0.067  1       22.31     0.231  2       34.57     0.353  2
  10.24     0.070  1       22.50     0.233  2       34.75     0.355  2
  10.43     0.073  1       22.68     0.235  2       34.93     0.356  2
  10.61     0.076  1       22.86     0.237  2       35.12     0.358  2
  10.79     0.078  1       23.05     0.239  2       35.30     0.360  2
  10.97     0.081  1       23.23     0.241  2       35.48     0.361  2
  11.16     0.084  1       23.41     0.243  2       35.67     0.363  2
  11.34     0.087  1       23.59     0.245  2       35.85     0.365  2
  11.52     0.090  1       23.78     0.246  2       36.03     0.366  2
  11.71     0.093  1       23.96     0.248  2       36.21     0.368  2
  11.89     0.096  1       24.14     0.250  2       36.40     0.370  2
  12.07     0.098  1       24.33     0.252  2       36.58     0.371  2
  12.25     0.101  1       24.51     0.254  2

note:  (+) soil loss - detachment     (-) soil loss - deposition



III. OFF SITE EFFECTS  OFF SITE EFFECTS  OFF SITE EFFECTS
     ----------------  ----------------  ----------------

     A.  SEDIMENT LEAVING PROFILE for year    9     6.573 kg/m

     B.  SEDIMENT CHARACTERISTICS AND ENRICHMENT

     Sediment particle information leaving profile
-------------------------------------------------------------------------------
                                 Particle Composition         Detached Fraction
Class  Diameter  Specific  ---------------------------------  Sediment  In Flow
         (mm)    Gravity   % Sand   % Silt   % Clay   % O.M.  Fraction  Exiting
-------------------------------------------------------------------------------
  1     0.002      2.60      0.0      0.0    100.0     25.0     0.052    0.052
  2     0.010      2.65      0.0    100.0      0.0      0.0     0.092    0.092
  3     0.030      1.80      0.0     63.6     36.4      9.1     0.258    0.258
  4     0.400      1.60     67.2     20.8     12.0      3.0     0.451    0.451
  5     0.200      2.65    100.0      0.0      0.0      0.0     0.147    0.147
-------------------------------------------------------------------------------


     Weighted SSA enrichment ratio leaving profile for year    9 =   1.00


     HILLSLOPE 1 YEARLY SUMMARY FOR   10
     ----------------------------------


I.   RAINFALL AND RUNOFF SUMMARY
     -------- --- ------ -------

      year:     10

         Rainfall         Storm Runoff        Melt Runoff
      events   amount   events   amount     events  amount
                (mm)              (mm)               (mm)

        53     395.20       0       0.00       1       7.60


II.  ON SITE EFFECTS  ON SITE EFFECTS  ON SITE EFFECTS
     ---------------  ---------------  ---------------


  A.  AREA OF NET SOIL LOSS

      ** Soil Loss (Avg. of Net Detachment Areas) =    0.031 kg/m2 **
      ** Maximum Soil Loss  =    0.061 kg/m2 at   36.58 meters **


      Area of    Soil Loss   Soil Loss   MAX   MAX Loss   MIN   MIN Loss
      Net Loss      MEAN      STDEV      Loss    Point    Loss   Point
        (m)       (kg/m2)     (kg/m2)  (kg/m2)    (m)    (kg/m2)  (m)
------------------------------------------------------------------------
  28.72-  36.58    0.031     0.018      0.061   36.58     0.000    28.90



  C.  SOIL LOSS/DEPOSITION ALONG SLOPE PROFILE

          Profile distances are from top to bottom of hillslope


 distance soil  flow    distance   soil  flow    distance   soil  flow
    (m)   loss  elem       (m)     loss  elem       (m)     loss  elem
         (kg/m2)                  (kg/m2)                  (kg/m2)
------------------------------------------------------------------------

   0.18     0.000  1       12.44     0.000  1       24.69     0.000  2
   0.37     0.000  1       12.62     0.000  1       24.87     0.000  2
   0.55     0.000  1       12.80     0.000  1       25.06     0.000  2
   0.73     0.000  1       12.99     0.000  1       25.24     0.000  2
   0.91     0.000  1       13.17     0.000  1       25.42     0.000  2
   1.10     0.000  1       13.35     0.000  1       25.61     0.000  2
   1.28     0.000  1       13.53     0.000  1       25.79     0.000  2
   1.46     0.000  1       13.72     0.000  1       25.97     0.000  2
   1.65     0.000  1       13.90     0.000  1       26.15     0.000  2
   1.83     0.000  1       14.08     0.000  1       26.34     0.000  2
   2.01     0.000  1       14.27     0.000  1       26.52     0.000  2
   2.19     0.000  1       14.45     0.000  1       26.70     0.000  2
   2.38     0.000  1       14.63     0.000  1       26.89     0.000  2
   2.56     0.000  1       14.81     0.000  1       27.07     0.000  2
   2.74     0.000  1       15.00     0.000  1       27.25     0.000  2
   2.93     0.000  1       15.18     0.000  1       27.44     0.000  2
   3.11     0.000  1       15.36     0.000  1       27.62     0.000  2
   3.29     0.000  1       15.55     0.000  1       27.80     0.000  2
   3.48     0.000  1       15.73     0.000  1       27.98     0.000  2
   3.66     0.000  1       15.91     0.000  1       28.17     0.000  2
   3.84     0.000  1       16.10     0.000  1       28.35     0.000  2
   4.02     0.000  1       16.28     0.000  1       28.53     0.000  2
   4.21     0.000  1       16.46     0.000  1       28.72     0.000  2
   4.39     0.000  1       16.64     0.000  1       28.90     0.000  2
   4.57     0.000  1       16.83     0.000  1       29.08     0.002  2
   4.76     0.000  1       17.01     0.000  1       29.26     0.003  2
   4.94     0.000  1       17.19     0.000  1       29.45     0.005  2
   5.12     0.000  1       17.38     0.000  1       29.63     0.006  2
   5.30     0.000  1       17.56     0.000  1       29.81     0.008  2
   5.49     0.000  1       17.74     0.000  1       30.00     0.009  2
   5.67     0.000  1       17.92     0.000  1       30.18     0.011  2
   5.85     0.000  1       18.11     0.000  1       30.36     0.012  2
   6.04     0.000  1       18.29     0.000  1       30.54     0.014  2
   6.22     0.000  1       18.47     0.000  2       30.73     0.015  2
   6.40     0.000  1       18.66     0.000  2       30.91     0.017  2
   6.58     0.000  1       18.84     0.000  2       31.09     0.018  2
   6.77     0.000  1       19.02     0.000  2       31.28     0.020  2
   6.95     0.000  1       19.20     0.000  2       31.46     0.021  2
   7.13     0.000  1       19.39     0.000  2       31.64     0.023  2
   7.32     0.000  1       19.57     0.000  2       31.82     0.024  2
   7.50     0.000  1       19.75     0.000  2       32.01     0.026  2
   7.68     0.000  1       19.94     0.000  2       32.19     0.027  2
   7.86     0.000  1       20.12     0.000  2       32.37     0.028  2
   8.05     0.000  1       20.30     0.000  2       32.56     0.030  2
   8.23     0.000  1       20.48     0.000  2       32.74     0.031  2
   8.41     0.000  1       20.67     0.000  2       32.92     0.033  2
   8.60     0.000  1       20.85     0.000  2       33.10     0.034  2
   8.78     0.000  1       21.03     0.000  2       33.29     0.036  2
   8.96     0.000  1       21.22     0.000  2       33.47     0.037  2
   9.15     0.000  1       21.40     0.000  2       33.65     0.039  2
   9.33     0.000  1       21.58     0.000  2       33.84     0.040  2
   9.51     0.000  1       21.77     0.000  2       34.02     0.041  2
   9.69     0.000  1       21.95     0.000  2       34.20     0.043  2
   9.88     0.000  1       22.13     0.000  2       34.39     0.044  2
  10.06     0.000  1       22.31     0.000  2       34.57     0.046  2
  10.24     0.000  1       22.50     0.000  2       34.75     0.047  2
  10.43     0.000  1       22.68     0.000  2       34.93     0.049  2
  10.61     0.000  1       22.86     0.000  2       35.12     0.050  2
  10.79     0.000  1       23.05     0.000  2       35.30     0.051  2
  10.97     0.000  1       23.23     0.000  2       35.48     0.053  2
  11.16     0.000  1       23.41     0.000  2       35.67     0.054  2
  11.34     0.000  1       23.59     0.000  2       35.85     0.056  2
  11.52     0.000  1       23.78     0.000  2       36.03     0.057  2
  11.71     0.000  1       23.96     0.000  2       36.21     0.059  2
  11.89     0.000  1       24.14     0.000  2       36.40     0.060  2
  12.07     0.000  1       24.33     0.000  2       36.58     0.061  2
  12.25     0.000  1       24.51     0.000  2

note:  (+) soil loss - detachment     (-) soil loss - deposition



III. OFF SITE EFFECTS  OFF SITE EFFECTS  OFF SITE EFFECTS
     ----------------  ----------------  ----------------

     A.  SEDIMENT LEAVING PROFILE for year   10     0.245 kg/m

     B.  SEDIMENT CHARACTERISTICS AND ENRICHMENT

     Sediment particle information leaving profile
-------------------------------------------------------------------------------
                                 Particle Composition         Detached Fraction
Class  Diameter  Specific  ---------------------------------  Sediment  In Flow
         (mm)    Gravity   % Sand   % Silt   % Clay   % O.M.  Fraction  Exiting
-------------------------------------------------------------------------------
  1     0.002      2.60      0.0      0.0    100.0     25.0     0.052    0.052
  2     0.010      2.65      0.0    100.0      0.0      0.0     0.092    0.092
  3     0.030      1.80      0.0     63.6     36.4      9.1     0.258    0.258
  4     0.400      1.60     67.2     20.8     12.0      3.0     0.451    0.451
  5     0.200      2.65    100.0      0.0      0.0      0.0     0.147    0.147
-------------------------------------------------------------------------------


     Weighted SSA enrichment ratio leaving profile for year   10 =   1.00


     ANNUAL AVERAGE SUMMARIES
     ------------------------


I.   RAINFALL AND RUNOFF SUMMARY
     -------- --- ------ -------

      total summary:  years    1 -   10

       726 storms produced                         5772.30 mm of precipitation
        21 rain storm runoff events produced         90.65 mm of runoff
         2 snow melts and/or
             events during winter produced           10.85 mm of runoff

      annual averages
      ---------------

        Number of years                                   10
        Mean annual precipitation                     577.23    mm
        Mean annual runoff from rainfall                9.07    mm
        Mean annual runoff from snow melt
          and/or rain storm during winter               1.09    mm



II.  ON SITE EFFECTS  ON SITE EFFECTS  ON SITE EFFECTS
     ---------------  ---------------  ---------------


  A.  AREA OF NET SOIL LOSS

      ** Soil Loss (Avg. of Net Detachment Areas) =    0.118 kg/m2 **
      ** Maximum Soil Loss  =    0.231 kg/m2 at   36.58 meters **


      Area of    Soil Loss   Soil Loss   MAX   MAX Loss   MIN   MIN Loss
      Net Loss      MEAN      STDEV      Loss    Point    Loss   Point
        (m)       (kg/m2)     (kg/m2)  (kg/m2)    (m)    (kg/m2)  (m)
------------------------------------------------------------------------
   0.00-  36.58    0.118     0.069      0.231   36.58     0.015     0.91



  C.  SOIL LOSS/DEPOSITION ALONG SLOPE PROFILE

          Profile distances are from top to bottom of hillslope


 distance soil  flow    distance   soil  flow    distance   soil  flow
    (m)   loss  elem       (m)     loss  elem       (m)     loss  elem
         (kg/m2)                  (kg/m2)                  (kg/m2)
------------------------------------------------------------------------

   0.18     0.015  1       12.44     0.080  1       24.69     0.162  2
   0.37     0.015  1       12.62     0.082  1       24.87     0.163  2
   0.55     0.015  1       12.80     0.083  1       25.06     0.164  2
   0.73     0.015  1       12.99     0.085  1       25.24     0.165  2
   0.91     0.015  1       13.17     0.086  1       25.42     0.166  2
   1.10     0.015  1       13.35     0.088  1       25.61     0.167  2
   1.28     0.015  1       13.53     0.090  1       25.79     0.168  2
   1.46     0.015  1       13.72     0.091  1       25.97     0.169  2
   1.65     0.015  1       13.90     0.093  1       26.15     0.170  2
   1.83     0.015  1       14.08     0.094  1       26.34     0.172  2
   2.01     0.015  1       14.27     0.096  1       26.52     0.173  2
   2.19     0.015  1       14.45     0.097  1       26.70     0.174  2
   2.38     0.015  1       14.63     0.099  1       26.89     0.175  2
   2.56     0.015  1       14.81     0.100  1       27.07     0.176  2
   2.74     0.015  1       15.00     0.102  1       27.25     0.177  2
   2.93     0.015  1       15.18     0.103  1       27.44     0.178  2
   3.11     0.015  1       15.36     0.104  1       27.62     0.179  2
   3.29     0.016  1       15.55     0.106  1       27.80     0.180  2
   3.48     0.016  1       15.73     0.107  1       27.98     0.181  2
   3.66     0.016  1       15.91     0.109  1       28.17     0.182  2
   3.84     0.017  1       16.10     0.110  1       28.35     0.183  2
   4.02     0.017  1       16.28     0.112  1       28.53     0.184  2
   4.21     0.018  1       16.46     0.113  1       28.72     0.185  2
   4.39     0.019  1       16.64     0.114  1       28.90     0.186  2
   4.57     0.020  1       16.83     0.116  1       29.08     0.187  2
   4.76     0.021  1       17.01     0.117  1       29.26     0.188  2
   4.94     0.022  1       17.19     0.119  1       29.45     0.189  2
   5.12     0.023  1       17.38     0.120  1       29.63     0.190  2
   5.30     0.024  1       17.56     0.121  1       29.81     0.191  2
   5.49     0.025  1       17.74     0.123  1       30.00     0.192  2
   5.67     0.026  1       17.92     0.124  1       30.18     0.194  2
   5.85     0.027  1       18.11     0.126  1       30.36     0.195  2
   6.04     0.028  1       18.29     0.127  1       30.54     0.196  2
   6.22     0.029  1       18.47     0.127  2       30.73     0.197  2
   6.40     0.030  1       18.66     0.128  2       30.91     0.198  2
   6.58     0.032  1       18.84     0.129  2       31.09     0.199  2
   6.77     0.033  1       19.02     0.130  2       31.28     0.200  2
   6.95     0.034  1       19.20     0.131  2       31.46     0.201  2
   7.13     0.035  1       19.39     0.132  2       31.64     0.202  2
   7.32     0.036  1       19.57     0.133  2       31.82     0.204  2
   7.50     0.038  1       19.75     0.134  2       32.01     0.205  2
   7.68     0.039  1       19.94     0.135  2       32.19     0.206  2
   7.86     0.040  1       20.12     0.136  2       32.37     0.207  2
   8.05     0.042  1       20.30     0.137  2       32.56     0.208  2
   8.23     0.043  1       20.48     0.138  2       32.74     0.209  2
   8.41     0.045  1       20.67     0.139  2       32.92     0.210  2
   8.60     0.046  1       20.85     0.140  2       33.10     0.211  2
   8.78     0.047  1       21.03     0.141  2       33.29     0.212  2
   8.96     0.049  1       21.22     0.143  2       33.47     0.213  2
   9.15     0.050  1       21.40     0.144  2       33.65     0.214  2
   9.33     0.052  1       21.58     0.145  2       33.84     0.216  2
   9.51     0.054  1       21.77     0.146  2       34.02     0.217  2
   9.69     0.055  1       21.95     0.147  2       34.20     0.218  2
   9.88     0.057  1       22.13     0.148  2       34.39     0.219  2
  10.06     0.059  1       22.31     0.149  2       34.57     0.220  2
  10.24     0.061  1       22.50     0.150  2       34.75     0.221  2
  10.43     0.062  1       22.68     0.151  2       34.93     0.222  2
  10.61     0.064  1       22.86     0.152  2       35.12     0.223  2
  10.79     0.066  1       23.05     0.153  2       35.30     0.224  2
  10.97     0.067  1       23.23     0.154  2       35.48     0.225  2
  11.16     0.069  1       23.41     0.155  2       35.67     0.226  2
  11.34     0.071  1       23.59     0.156  2       35.85     0.227  2
  11.52     0.072  1       23.78     0.157  2       36.03     0.228  2
  11.71     0.074  1       23.96     0.158  2       36.21     0.229  2
  11.89     0.075  1       24.14     0.159  2       36.40     0.230  2
  12.07     0.077  1       24.33     0.160  2       36.58     0.231  2
  12.25     0.079  1       24.51     0.161  2

note:  (+) soil loss - detachment     (-) soil loss - deposition



III. OFF SITE EFFECTS  OFF SITE EFFECTS  OFF SITE EFFECTS
     ----------------  ----------------  ----------------

     A.  AVERAGE ANNUAL SEDIMENT LEAVING PROFILE
             4.330   kg/m of width
           433.046     kg (based on profile width of    100.000      m)
             1.184   t/ha (assuming contributions from     0.366     ha)
     B.  SEDIMENT CHARACTERISTICS AND ENRICHMENT

     Sediment particle information leaving profile
-------------------------------------------------------------------------------
                                 Particle Composition         Detached Fraction
Class  Diameter  Specific  ---------------------------------  Sediment  In Flow
         (mm)    Gravity   % Sand   % Silt   % Clay   % O.M.  Fraction  Exiting
-------------------------------------------------------------------------------
  1     0.002      2.60      0.0      0.0    100.0     25.0     0.052    0.052
  2     0.010      2.65      0.0    100.0      0.0      0.0     0.092    0.092
  3     0.030      1.80      0.0     63.6     36.4      9.1     0.258    0.258
  4     0.400      1.60     67.2     20.8     12.0      3.0     0.451    0.450
  5     0.200      2.65    100.0      0.0      0.0      0.0     0.147    0.147
-------------------------------------------------------------------------------


     Average annual SSA enrichment ratio leaving profile =   1.00
