 Annual; detailed (Metric Units)                                        


          USDA WATER EROSION PREDICTION PROJECT
          -------------------------------------

          HILLSLOPE PROFILE AND WATERSHED MODEL
                     VERSION  2000.100
             June 31,       2000


               TO REPORT PROBLEMS OR TO BE PUT ON THE MAILING
               LIST FOR FUTURE WEPP MODEL RELEASES, PLEASE CONTACT:

                    WEPP TECHNICAL SUPPORT
                    USDA-AGRICULTURAL RESEARCH SERVICE
                    NATIONAL SOIL EROSION RESEARCH LABORATORY
                    1196 BUILDING SOIL, PURDUE UNIVERSITY
                    WEST LAFAYETTE, IN 47907-1196  USA

                    PHONE: (765) 494-8673
                      FAX: (765) 494-5948
                    email:  wepp@ecn.purdue.edu
                      URL:  http://topsoil.nserl.purdue.edu/weppmain/wepp.html


     HILLSLOPE INPUT DATA FILES - VERSION  2000.100
        June 31,       2000


    MANAGEMENT: ../working/wepp-195631.man                        
 MAN. PRACTICE: Two OFEs to drive the Disturbed WEPP interface              
                for forest conditions                                       
                W. Elliot 02/99                                             
         SLOPE: ../working/wepp-195631.slp                        
       CLIMATE: ../working/wepp-195631.cli                        
       Station:  GASCON NM +                                    CLIGEN VERSION  4.31
          SOIL: ../working/wepp-195631.sol                        
      PLANE  1 LOW                 loam                
      PLANE  2 LOW                 loam                


     HILLSLOPE 1 YEARLY SUMMARY FOR    1
     ----------------------------------


I.   RAINFALL AND RUNOFF SUMMARY
     -------- --- ------ -------

      year:      1

         Rainfall         Storm Runoff        Melt Runoff
      events   amount   events   amount     events  amount
                (mm)              (mm)               (mm)

        77     549.60       0       0.00       0       0.00


II.  ON SITE EFFECTS  ON SITE EFFECTS  ON SITE EFFECTS
     ---------------  ---------------  ---------------




  C.  SOIL LOSS/DEPOSITION ALONG SLOPE PROFILE

          Profile distances are from top to bottom of hillslope


 distance soil  flow    distance   soil  flow    distance   soil  flow
    (m)   loss  elem       (m)     loss  elem       (m)     loss  elem
         (kg/m2)                  (kg/m2)                  (kg/m2)
------------------------------------------------------------------------

   0.30     0.000  1       20.73     0.000  1       41.16     0.000  2
   0.61     0.000  1       21.04     0.000  1       41.47     0.000  2
   0.91     0.000  1       21.34     0.000  1       41.77     0.000  2
   1.22     0.000  1       21.65     0.000  1       42.08     0.000  2
   1.52     0.000  1       21.95     0.000  1       42.38     0.000  2
   1.83     0.000  1       22.26     0.000  1       42.69     0.000  2
   2.13     0.000  1       22.56     0.000  1       42.99     0.000  2
   2.44     0.000  1       22.87     0.000  1       43.30     0.000  2
   2.74     0.000  1       23.17     0.000  1       43.60     0.000  2
   3.05     0.000  1       23.48     0.000  1       43.91     0.000  2
   3.35     0.000  1       23.78     0.000  1       44.21     0.000  2
   3.66     0.000  1       24.09     0.000  1       44.52     0.000  2
   3.96     0.000  1       24.39     0.000  1       44.82     0.000  2
   4.27     0.000  1       24.70     0.000  1       45.13     0.000  2
   4.57     0.000  1       25.00     0.000  1       45.43     0.000  2
   4.88     0.000  1       25.31     0.000  1       45.74     0.000  2
   5.18     0.000  1       25.61     0.000  1       46.04     0.000  2
   5.49     0.000  1       25.92     0.000  1       46.34     0.000  2
   5.79     0.000  1       26.22     0.000  1       46.65     0.000  2
   6.10     0.000  1       26.53     0.000  1       46.95     0.000  2
   6.40     0.000  1       26.83     0.000  1       47.26     0.000  2
   6.71     0.000  1       27.14     0.000  1       47.56     0.000  2
   7.01     0.000  1       27.44     0.000  1       47.87     0.000  2
   7.32     0.000  1       27.75     0.000  1       48.17     0.000  2
   7.62     0.000  1       28.05     0.000  1       48.48     0.000  2
   7.93     0.000  1       28.36     0.000  1       48.78     0.000  2
   8.23     0.000  1       28.66     0.000  1       49.09     0.000  2
   8.54     0.000  1       28.97     0.000  1       49.39     0.000  2
   8.84     0.000  1       29.27     0.000  1       49.70     0.000  2
   9.15     0.000  1       29.58     0.000  1       50.00     0.000  2
   9.45     0.000  1       29.88     0.000  1       50.31     0.000  2
   9.76     0.000  1       30.19     0.000  1       50.61     0.000  2
  10.06     0.000  1       30.49     0.000  1       50.92     0.000  2
  10.37     0.000  1       30.79     0.000  2       51.22     0.000  2
  10.67     0.000  1       31.10     0.000  2       51.53     0.000  2
  10.98     0.000  1       31.40     0.000  2       51.83     0.000  2
  11.28     0.000  1       31.71     0.000  2       52.14     0.000  2
  11.59     0.000  1       32.01     0.000  2       52.44     0.000  2
  11.89     0.000  1       32.32     0.000  2       52.75     0.000  2
  12.20     0.000  1       32.62     0.000  2       53.05     0.000  2
  12.50     0.000  1       32.93     0.000  2       53.36     0.000  2
  12.81     0.000  1       33.23     0.000  2       53.66     0.000  2
  13.11     0.000  1       33.54     0.000  2       53.97     0.000  2
  13.42     0.000  1       33.84     0.000  2       54.27     0.000  2
  13.72     0.000  1       34.15     0.000  2       54.58     0.000  2
  14.03     0.000  1       34.45     0.000  2       54.88     0.000  2
  14.33     0.000  1       34.76     0.000  2       55.19     0.000  2
  14.64     0.000  1       35.06     0.000  2       55.49     0.000  2
  14.94     0.000  1       35.37     0.000  2       55.80     0.000  2
  15.24     0.000  1       35.67     0.000  2       56.10     0.000  2
  15.55     0.000  1       35.98     0.000  2       56.41     0.000  2
  15.85     0.000  1       36.28     0.000  2       56.71     0.000  2
  16.16     0.000  1       36.59     0.000  2       57.02     0.000  2
  16.46     0.000  1       36.89     0.000  2       57.32     0.000  2
  16.77     0.000  1       37.20     0.000  2       57.63     0.000  2
  17.07     0.000  1       37.50     0.000  2       57.93     0.000  2
  17.38     0.000  1       37.81     0.000  2       58.24     0.000  2
  17.68     0.000  1       38.11     0.000  2       58.54     0.000  2
  17.99     0.000  1       38.42     0.000  2       58.85     0.000  2
  18.29     0.000  1       38.72     0.000  2       59.15     0.000  2
  18.60     0.000  1       39.03     0.000  2       59.46     0.000  2
  18.90     0.000  1       39.33     0.000  2       59.76     0.000  2
  19.21     0.000  1       39.64     0.000  2       60.07     0.000  2
  19.51     0.000  1       39.94     0.000  2       60.37     0.000  2
  19.82     0.000  1       40.25     0.000  2       60.68     0.000  2
  20.12     0.000  1       40.55     0.000  2       60.98     0.000  2
  20.43     0.000  1       40.86     0.000  2

note:  (+) soil loss - detachment     (-) soil loss - deposition



III. OFF SITE EFFECTS  OFF SITE EFFECTS  OFF SITE EFFECTS
     ----------------  ----------------  ----------------

     A.  SEDIMENT LEAVING PROFILE for year    1     0.000 kg/m

     B.  SEDIMENT CHARACTERISTICS AND ENRICHMENT

     Sediment particle information leaving profile
-------------------------------------------------------------------------------
                                 Particle Composition         Detached Fraction
Class  Diameter  Specific  ---------------------------------  Sediment  In Flow
         (mm)    Gravity   % Sand   % Silt   % Clay   % O.M.  Fraction  Exiting
-------------------------------------------------------------------------------
  1     0.002      2.60      0.0      0.0    100.0     25.0     0.052    0.000
  2     0.010      2.65      0.0    100.0      0.0      0.0     0.092    0.000
  3     0.030      1.80      0.0     63.6     36.4      9.1     0.258    0.000
  4     0.400      1.60     67.2     20.8     12.0      3.0     0.451    0.000
  5     0.200      2.65    100.0      0.0      0.0      0.0     0.147    0.000
-------------------------------------------------------------------------------


     Weighted SSA enrichment ratio leaving profile for year    1 =   0.00


     HILLSLOPE 1 YEARLY SUMMARY FOR    2
     ----------------------------------


I.   RAINFALL AND RUNOFF SUMMARY
     -------- --- ------ -------

      year:      2

         Rainfall         Storm Runoff        Melt Runoff
      events   amount   events   amount     events  amount
                (mm)              (mm)               (mm)

        69     623.80       0       0.00       0       0.00


II.  ON SITE EFFECTS  ON SITE EFFECTS  ON SITE EFFECTS
     ---------------  ---------------  ---------------




  C.  SOIL LOSS/DEPOSITION ALONG SLOPE PROFILE

          Profile distances are from top to bottom of hillslope


 distance soil  flow    distance   soil  flow    distance   soil  flow
    (m)   loss  elem       (m)     loss  elem       (m)     loss  elem
         (kg/m2)                  (kg/m2)                  (kg/m2)
------------------------------------------------------------------------

   0.30     0.000  1       20.73     0.000  1       41.16     0.000  2
   0.61     0.000  1       21.04     0.000  1       41.47     0.000  2
   0.91     0.000  1       21.34     0.000  1       41.77     0.000  2
   1.22     0.000  1       21.65     0.000  1       42.08     0.000  2
   1.52     0.000  1       21.95     0.000  1       42.38     0.000  2
   1.83     0.000  1       22.26     0.000  1       42.69     0.000  2
   2.13     0.000  1       22.56     0.000  1       42.99     0.000  2
   2.44     0.000  1       22.87     0.000  1       43.30     0.000  2
   2.74     0.000  1       23.17     0.000  1       43.60     0.000  2
   3.05     0.000  1       23.48     0.000  1       43.91     0.000  2
   3.35     0.000  1       23.78     0.000  1       44.21     0.000  2
   3.66     0.000  1       24.09     0.000  1       44.52     0.000  2
   3.96     0.000  1       24.39     0.000  1       44.82     0.000  2
   4.27     0.000  1       24.70     0.000  1       45.13     0.000  2
   4.57     0.000  1       25.00     0.000  1       45.43     0.000  2
   4.88     0.000  1       25.31     0.000  1       45.74     0.000  2
   5.18     0.000  1       25.61     0.000  1       46.04     0.000  2
   5.49     0.000  1       25.92     0.000  1       46.34     0.000  2
   5.79     0.000  1       26.22     0.000  1       46.65     0.000  2
   6.10     0.000  1       26.53     0.000  1       46.95     0.000  2
   6.40     0.000  1       26.83     0.000  1       47.26     0.000  2
   6.71     0.000  1       27.14     0.000  1       47.56     0.000  2
   7.01     0.000  1       27.44     0.000  1       47.87     0.000  2
   7.32     0.000  1       27.75     0.000  1       48.17     0.000  2
   7.62     0.000  1       28.05     0.000  1       48.48     0.000  2
   7.93     0.000  1       28.36     0.000  1       48.78     0.000  2
   8.23     0.000  1       28.66     0.000  1       49.09     0.000  2
   8.54     0.000  1       28.97     0.000  1       49.39     0.000  2
   8.84     0.000  1       29.27     0.000  1       49.70     0.000  2
   9.15     0.000  1       29.58     0.000  1       50.00     0.000  2
   9.45     0.000  1       29.88     0.000  1       50.31     0.000  2
   9.76     0.000  1       30.19     0.000  1       50.61     0.000  2
  10.06     0.000  1       30.49     0.000  1       50.92     0.000  2
  10.37     0.000  1       30.79     0.000  2       51.22     0.000  2
  10.67     0.000  1       31.10     0.000  2       51.53     0.000  2
  10.98     0.000  1       31.40     0.000  2       51.83     0.000  2
  11.28     0.000  1       31.71     0.000  2       52.14     0.000  2
  11.59     0.000  1       32.01     0.000  2       52.44     0.000  2
  11.89     0.000  1       32.32     0.000  2       52.75     0.000  2
  12.20     0.000  1       32.62     0.000  2       53.05     0.000  2
  12.50     0.000  1       32.93     0.000  2       53.36     0.000  2
  12.81     0.000  1       33.23     0.000  2       53.66     0.000  2
  13.11     0.000  1       33.54     0.000  2       53.97     0.000  2
  13.42     0.000  1       33.84     0.000  2       54.27     0.000  2
  13.72     0.000  1       34.15     0.000  2       54.58     0.000  2
  14.03     0.000  1       34.45     0.000  2       54.88     0.000  2
  14.33     0.000  1       34.76     0.000  2       55.19     0.000  2
  14.64     0.000  1       35.06     0.000  2       55.49     0.000  2
  14.94     0.000  1       35.37     0.000  2       55.80     0.000  2
  15.24     0.000  1       35.67     0.000  2       56.10     0.000  2
  15.55     0.000  1       35.98     0.000  2       56.41     0.000  2
  15.85     0.000  1       36.28     0.000  2       56.71     0.000  2
  16.16     0.000  1       36.59     0.000  2       57.02     0.000  2
  16.46     0.000  1       36.89     0.000  2       57.32     0.000  2
  16.77     0.000  1       37.20     0.000  2       57.63     0.000  2
  17.07     0.000  1       37.50     0.000  2       57.93     0.000  2
  17.38     0.000  1       37.81     0.000  2       58.24     0.000  2
  17.68     0.000  1       38.11     0.000  2       58.54     0.000  2
  17.99     0.000  1       38.42     0.000  2       58.85     0.000  2
  18.29     0.000  1       38.72     0.000  2       59.15     0.000  2
  18.60     0.000  1       39.03     0.000  2       59.46     0.000  2
  18.90     0.000  1       39.33     0.000  2       59.76     0.000  2
  19.21     0.000  1       39.64     0.000  2       60.07     0.000  2
  19.51     0.000  1       39.94     0.000  2       60.37     0.000  2
  19.82     0.000  1       40.25     0.000  2       60.68     0.000  2
  20.12     0.000  1       40.55     0.000  2       60.98     0.000  2
  20.43     0.000  1       40.86     0.000  2

note:  (+) soil loss - detachment     (-) soil loss - deposition



III. OFF SITE EFFECTS  OFF SITE EFFECTS  OFF SITE EFFECTS
     ----------------  ----------------  ----------------

     A.  SEDIMENT LEAVING PROFILE for year    2     0.000 kg/m

     B.  SEDIMENT CHARACTERISTICS AND ENRICHMENT

     Sediment particle information leaving profile
-------------------------------------------------------------------------------
                                 Particle Composition         Detached Fraction
Class  Diameter  Specific  ---------------------------------  Sediment  In Flow
         (mm)    Gravity   % Sand   % Silt   % Clay   % O.M.  Fraction  Exiting
-------------------------------------------------------------------------------
  1     0.002      2.60      0.0      0.0    100.0     25.0     0.052    0.000
  2     0.010      2.65      0.0    100.0      0.0      0.0     0.092    0.000
  3     0.030      1.80      0.0     63.6     36.4      9.1     0.258    0.000
  4     0.400      1.60     67.2     20.8     12.0      3.0     0.451    0.000
  5     0.200      2.65    100.0      0.0      0.0      0.0     0.147    0.000
-------------------------------------------------------------------------------


     Weighted SSA enrichment ratio leaving profile for year    2 =   0.00


     HILLSLOPE 1 YEARLY SUMMARY FOR    3
     ----------------------------------


I.   RAINFALL AND RUNOFF SUMMARY
     -------- --- ------ -------

      year:      3

         Rainfall         Storm Runoff        Melt Runoff
      events   amount   events   amount     events  amount
                (mm)              (mm)               (mm)

        60     486.10       0       0.00       0       0.00


II.  ON SITE EFFECTS  ON SITE EFFECTS  ON SITE EFFECTS
     ---------------  ---------------  ---------------




  C.  SOIL LOSS/DEPOSITION ALONG SLOPE PROFILE

          Profile distances are from top to bottom of hillslope


 distance soil  flow    distance   soil  flow    distance   soil  flow
    (m)   loss  elem       (m)     loss  elem       (m)     loss  elem
         (kg/m2)                  (kg/m2)                  (kg/m2)
------------------------------------------------------------------------

   0.30     0.000  1       20.73     0.000  1       41.16     0.000  2
   0.61     0.000  1       21.04     0.000  1       41.47     0.000  2
   0.91     0.000  1       21.34     0.000  1       41.77     0.000  2
   1.22     0.000  1       21.65     0.000  1       42.08     0.000  2
   1.52     0.000  1       21.95     0.000  1       42.38     0.000  2
   1.83     0.000  1       22.26     0.000  1       42.69     0.000  2
   2.13     0.000  1       22.56     0.000  1       42.99     0.000  2
   2.44     0.000  1       22.87     0.000  1       43.30     0.000  2
   2.74     0.000  1       23.17     0.000  1       43.60     0.000  2
   3.05     0.000  1       23.48     0.000  1       43.91     0.000  2
   3.35     0.000  1       23.78     0.000  1       44.21     0.000  2
   3.66     0.000  1       24.09     0.000  1       44.52     0.000  2
   3.96     0.000  1       24.39     0.000  1       44.82     0.000  2
   4.27     0.000  1       24.70     0.000  1       45.13     0.000  2
   4.57     0.000  1       25.00     0.000  1       45.43     0.000  2
   4.88     0.000  1       25.31     0.000  1       45.74     0.000  2
   5.18     0.000  1       25.61     0.000  1       46.04     0.000  2
   5.49     0.000  1       25.92     0.000  1       46.34     0.000  2
   5.79     0.000  1       26.22     0.000  1       46.65     0.000  2
   6.10     0.000  1       26.53     0.000  1       46.95     0.000  2
   6.40     0.000  1       26.83     0.000  1       47.26     0.000  2
   6.71     0.000  1       27.14     0.000  1       47.56     0.000  2
   7.01     0.000  1       27.44     0.000  1       47.87     0.000  2
   7.32     0.000  1       27.75     0.000  1       48.17     0.000  2
   7.62     0.000  1       28.05     0.000  1       48.48     0.000  2
   7.93     0.000  1       28.36     0.000  1       48.78     0.000  2
   8.23     0.000  1       28.66     0.000  1       49.09     0.000  2
   8.54     0.000  1       28.97     0.000  1       49.39     0.000  2
   8.84     0.000  1       29.27     0.000  1       49.70     0.000  2
   9.15     0.000  1       29.58     0.000  1       50.00     0.000  2
   9.45     0.000  1       29.88     0.000  1       50.31     0.000  2
   9.76     0.000  1       30.19     0.000  1       50.61     0.000  2
  10.06     0.000  1       30.49     0.000  1       50.92     0.000  2
  10.37     0.000  1       30.79     0.000  2       51.22     0.000  2
  10.67     0.000  1       31.10     0.000  2       51.53     0.000  2
  10.98     0.000  1       31.40     0.000  2       51.83     0.000  2
  11.28     0.000  1       31.71     0.000  2       52.14     0.000  2
  11.59     0.000  1       32.01     0.000  2       52.44     0.000  2
  11.89     0.000  1       32.32     0.000  2       52.75     0.000  2
  12.20     0.000  1       32.62     0.000  2       53.05     0.000  2
  12.50     0.000  1       32.93     0.000  2       53.36     0.000  2
  12.81     0.000  1       33.23     0.000  2       53.66     0.000  2
  13.11     0.000  1       33.54     0.000  2       53.97     0.000  2
  13.42     0.000  1       33.84     0.000  2       54.27     0.000  2
  13.72     0.000  1       34.15     0.000  2       54.58     0.000  2
  14.03     0.000  1       34.45     0.000  2       54.88     0.000  2
  14.33     0.000  1       34.76     0.000  2       55.19     0.000  2
  14.64     0.000  1       35.06     0.000  2       55.49     0.000  2
  14.94     0.000  1       35.37     0.000  2       55.80     0.000  2
  15.24     0.000  1       35.67     0.000  2       56.10     0.000  2
  15.55     0.000  1       35.98     0.000  2       56.41     0.000  2
  15.85     0.000  1       36.28     0.000  2       56.71     0.000  2
  16.16     0.000  1       36.59     0.000  2       57.02     0.000  2
  16.46     0.000  1       36.89     0.000  2       57.32     0.000  2
  16.77     0.000  1       37.20     0.000  2       57.63     0.000  2
  17.07     0.000  1       37.50     0.000  2       57.93     0.000  2
  17.38     0.000  1       37.81     0.000  2       58.24     0.000  2
  17.68     0.000  1       38.11     0.000  2       58.54     0.000  2
  17.99     0.000  1       38.42     0.000  2       58.85     0.000  2
  18.29     0.000  1       38.72     0.000  2       59.15     0.000  2
  18.60     0.000  1       39.03     0.000  2       59.46     0.000  2
  18.90     0.000  1       39.33     0.000  2       59.76     0.000  2
  19.21     0.000  1       39.64     0.000  2       60.07     0.000  2
  19.51     0.000  1       39.94     0.000  2       60.37     0.000  2
  19.82     0.000  1       40.25     0.000  2       60.68     0.000  2
  20.12     0.000  1       40.55     0.000  2       60.98     0.000  2
  20.43     0.000  1       40.86     0.000  2

note:  (+) soil loss - detachment     (-) soil loss - deposition



III. OFF SITE EFFECTS  OFF SITE EFFECTS  OFF SITE EFFECTS
     ----------------  ----------------  ----------------

     A.  SEDIMENT LEAVING PROFILE for year    3     0.000 kg/m

     B.  SEDIMENT CHARACTERISTICS AND ENRICHMENT

     Sediment particle information leaving profile
-------------------------------------------------------------------------------
                                 Particle Composition         Detached Fraction
Class  Diameter  Specific  ---------------------------------  Sediment  In Flow
         (mm)    Gravity   % Sand   % Silt   % Clay   % O.M.  Fraction  Exiting
-------------------------------------------------------------------------------
  1     0.002      2.60      0.0      0.0    100.0     25.0     0.052    0.000
  2     0.010      2.65      0.0    100.0      0.0      0.0     0.092    0.000
  3     0.030      1.80      0.0     63.6     36.4      9.1     0.258    0.000
  4     0.400      1.60     67.2     20.8     12.0      3.0     0.451    0.000
  5     0.200      2.65    100.0      0.0      0.0      0.0     0.147    0.000
-------------------------------------------------------------------------------


     Weighted SSA enrichment ratio leaving profile for year    3 =   0.00


     HILLSLOPE 1 YEARLY SUMMARY FOR    4
     ----------------------------------


I.   RAINFALL AND RUNOFF SUMMARY
     -------- --- ------ -------

      year:      4

         Rainfall         Storm Runoff        Melt Runoff
      events   amount   events   amount     events  amount
                (mm)              (mm)               (mm)

        67     385.70       0       0.00       0       0.00


II.  ON SITE EFFECTS  ON SITE EFFECTS  ON SITE EFFECTS
     ---------------  ---------------  ---------------




  C.  SOIL LOSS/DEPOSITION ALONG SLOPE PROFILE

          Profile distances are from top to bottom of hillslope


 distance soil  flow    distance   soil  flow    distance   soil  flow
    (m)   loss  elem       (m)     loss  elem       (m)     loss  elem
         (kg/m2)                  (kg/m2)                  (kg/m2)
------------------------------------------------------------------------

   0.30     0.000  1       20.73     0.000  1       41.16     0.000  2
   0.61     0.000  1       21.04     0.000  1       41.47     0.000  2
   0.91     0.000  1       21.34     0.000  1       41.77     0.000  2
   1.22     0.000  1       21.65     0.000  1       42.08     0.000  2
   1.52     0.000  1       21.95     0.000  1       42.38     0.000  2
   1.83     0.000  1       22.26     0.000  1       42.69     0.000  2
   2.13     0.000  1       22.56     0.000  1       42.99     0.000  2
   2.44     0.000  1       22.87     0.000  1       43.30     0.000  2
   2.74     0.000  1       23.17     0.000  1       43.60     0.000  2
   3.05     0.000  1       23.48     0.000  1       43.91     0.000  2
   3.35     0.000  1       23.78     0.000  1       44.21     0.000  2
   3.66     0.000  1       24.09     0.000  1       44.52     0.000  2
   3.96     0.000  1       24.39     0.000  1       44.82     0.000  2
   4.27     0.000  1       24.70     0.000  1       45.13     0.000  2
   4.57     0.000  1       25.00     0.000  1       45.43     0.000  2
   4.88     0.000  1       25.31     0.000  1       45.74     0.000  2
   5.18     0.000  1       25.61     0.000  1       46.04     0.000  2
   5.49     0.000  1       25.92     0.000  1       46.34     0.000  2
   5.79     0.000  1       26.22     0.000  1       46.65     0.000  2
   6.10     0.000  1       26.53     0.000  1       46.95     0.000  2
   6.40     0.000  1       26.83     0.000  1       47.26     0.000  2
   6.71     0.000  1       27.14     0.000  1       47.56     0.000  2
   7.01     0.000  1       27.44     0.000  1       47.87     0.000  2
   7.32     0.000  1       27.75     0.000  1       48.17     0.000  2
   7.62     0.000  1       28.05     0.000  1       48.48     0.000  2
   7.93     0.000  1       28.36     0.000  1       48.78     0.000  2
   8.23     0.000  1       28.66     0.000  1       49.09     0.000  2
   8.54     0.000  1       28.97     0.000  1       49.39     0.000  2
   8.84     0.000  1       29.27     0.000  1       49.70     0.000  2
   9.15     0.000  1       29.58     0.000  1       50.00     0.000  2
   9.45     0.000  1       29.88     0.000  1       50.31     0.000  2
   9.76     0.000  1       30.19     0.000  1       50.61     0.000  2
  10.06     0.000  1       30.49     0.000  1       50.92     0.000  2
  10.37     0.000  1       30.79     0.000  2       51.22     0.000  2
  10.67     0.000  1       31.10     0.000  2       51.53     0.000  2
  10.98     0.000  1       31.40     0.000  2       51.83     0.000  2
  11.28     0.000  1       31.71     0.000  2       52.14     0.000  2
  11.59     0.000  1       32.01     0.000  2       52.44     0.000  2
  11.89     0.000  1       32.32     0.000  2       52.75     0.000  2
  12.20     0.000  1       32.62     0.000  2       53.05     0.000  2
  12.50     0.000  1       32.93     0.000  2       53.36     0.000  2
  12.81     0.000  1       33.23     0.000  2       53.66     0.000  2
  13.11     0.000  1       33.54     0.000  2       53.97     0.000  2
  13.42     0.000  1       33.84     0.000  2       54.27     0.000  2
  13.72     0.000  1       34.15     0.000  2       54.58     0.000  2
  14.03     0.000  1       34.45     0.000  2       54.88     0.000  2
  14.33     0.000  1       34.76     0.000  2       55.19     0.000  2
  14.64     0.000  1       35.06     0.000  2       55.49     0.000  2
  14.94     0.000  1       35.37     0.000  2       55.80     0.000  2
  15.24     0.000  1       35.67     0.000  2       56.10     0.000  2
  15.55     0.000  1       35.98     0.000  2       56.41     0.000  2
  15.85     0.000  1       36.28     0.000  2       56.71     0.000  2
  16.16     0.000  1       36.59     0.000  2       57.02     0.000  2
  16.46     0.000  1       36.89     0.000  2       57.32     0.000  2
  16.77     0.000  1       37.20     0.000  2       57.63     0.000  2
  17.07     0.000  1       37.50     0.000  2       57.93     0.000  2
  17.38     0.000  1       37.81     0.000  2       58.24     0.000  2
  17.68     0.000  1       38.11     0.000  2       58.54     0.000  2
  17.99     0.000  1       38.42     0.000  2       58.85     0.000  2
  18.29     0.000  1       38.72     0.000  2       59.15     0.000  2
  18.60     0.000  1       39.03     0.000  2       59.46     0.000  2
  18.90     0.000  1       39.33     0.000  2       59.76     0.000  2
  19.21     0.000  1       39.64     0.000  2       60.07     0.000  2
  19.51     0.000  1       39.94     0.000  2       60.37     0.000  2
  19.82     0.000  1       40.25     0.000  2       60.68     0.000  2
  20.12     0.000  1       40.55     0.000  2       60.98     0.000  2
  20.43     0.000  1       40.86     0.000  2

note:  (+) soil loss - detachment     (-) soil loss - deposition



III. OFF SITE EFFECTS  OFF SITE EFFECTS  OFF SITE EFFECTS
     ----------------  ----------------  ----------------

     A.  SEDIMENT LEAVING PROFILE for year    4     0.000 kg/m

     B.  SEDIMENT CHARACTERISTICS AND ENRICHMENT

     Sediment particle information leaving profile
-------------------------------------------------------------------------------
                                 Particle Composition         Detached Fraction
Class  Diameter  Specific  ---------------------------------  Sediment  In Flow
         (mm)    Gravity   % Sand   % Silt   % Clay   % O.M.  Fraction  Exiting
-------------------------------------------------------------------------------
  1     0.002      2.60      0.0      0.0    100.0     25.0     0.052    0.000
  2     0.010      2.65      0.0    100.0      0.0      0.0     0.092    0.000
  3     0.030      1.80      0.0     63.6     36.4      9.1     0.258    0.000
  4     0.400      1.60     67.2     20.8     12.0      3.0     0.451    0.000
  5     0.200      2.65    100.0      0.0      0.0      0.0     0.147    0.000
-------------------------------------------------------------------------------


     Weighted SSA enrichment ratio leaving profile for year    4 =   0.00


     HILLSLOPE 1 YEARLY SUMMARY FOR    5
     ----------------------------------


I.   RAINFALL AND RUNOFF SUMMARY
     -------- --- ------ -------

      year:      5

         Rainfall         Storm Runoff        Melt Runoff
      events   amount   events   amount     events  amount
                (mm)              (mm)               (mm)

        66     606.10       1       8.18       0       0.00


II.  ON SITE EFFECTS  ON SITE EFFECTS  ON SITE EFFECTS
     ---------------  ---------------  ---------------


  A.  AREA OF NET SOIL LOSS

      ** Soil Loss (Avg. of Net Detachment Areas) =    0.053 kg/m2 **
      ** Maximum Soil Loss  =    0.108 kg/m2 at   60.98 meters **


      Area of    Soil Loss   Soil Loss   MAX   MAX Loss   MIN   MIN Loss
      Net Loss      MEAN      STDEV      Loss    Point    Loss   Point
        (m)       (kg/m2)     (kg/m2)  (kg/m2)    (m)    (kg/m2)  (m)
------------------------------------------------------------------------
   0.00-  60.98    0.053     0.034      0.108   60.98     0.008     6.71



  C.  SOIL LOSS/DEPOSITION ALONG SLOPE PROFILE

          Profile distances are from top to bottom of hillslope


 distance soil  flow    distance   soil  flow    distance   soil  flow
    (m)   loss  elem       (m)     loss  elem       (m)     loss  elem
         (kg/m2)                  (kg/m2)                  (kg/m2)
------------------------------------------------------------------------

   0.30     0.008  1       20.73     0.031  1       41.16     0.076  2
   0.61     0.008  1       21.04     0.032  1       41.47     0.077  2
   0.91     0.008  1       21.34     0.033  1       41.77     0.077  2
   1.22     0.008  1       21.65     0.033  1       42.08     0.078  2
   1.52     0.008  1       21.95     0.034  1       42.38     0.078  2
   1.83     0.008  1       22.26     0.035  1       42.69     0.079  2
   2.13     0.008  1       22.56     0.036  1       42.99     0.079  2
   2.44     0.008  1       22.87     0.037  1       43.30     0.080  2
   2.74     0.008  1       23.17     0.038  1       43.60     0.080  2
   3.05     0.008  1       23.48     0.038  1       43.91     0.081  2
   3.35     0.008  1       23.78     0.039  1       44.21     0.081  2
   3.66     0.008  1       24.09     0.040  1       44.52     0.082  2
   3.96     0.008  1       24.39     0.041  1       44.82     0.082  2
   4.27     0.008  1       24.70     0.042  1       45.13     0.083  2
   4.57     0.008  1       25.00     0.043  1       45.43     0.083  2
   4.88     0.008  1       25.31     0.043  1       45.74     0.084  2
   5.18     0.008  1       25.61     0.044  1       46.04     0.084  2
   5.49     0.008  1       25.92     0.045  1       46.34     0.085  2
   5.79     0.008  1       26.22     0.046  1       46.65     0.085  2
   6.10     0.008  1       26.53     0.046  1       46.95     0.086  2
   6.40     0.008  1       26.83     0.047  1       47.26     0.086  2
   6.71     0.008  1       27.14     0.048  1       47.56     0.087  2
   7.01     0.008  1       27.44     0.049  1       47.87     0.087  2
   7.32     0.008  1       27.75     0.050  1       48.17     0.088  2
   7.62     0.008  1       28.05     0.050  1       48.48     0.088  2
   7.93     0.008  1       28.36     0.051  1       48.78     0.089  2
   8.23     0.008  1       28.66     0.052  1       49.09     0.089  2
   8.54     0.008  1       28.97     0.053  1       49.39     0.090  2
   8.84     0.008  1       29.27     0.053  1       49.70     0.090  2
   9.15     0.008  1       29.58     0.054  1       50.00     0.091  2
   9.45     0.008  1       29.88     0.055  1       50.31     0.091  2
   9.76     0.008  1       30.19     0.056  1       50.61     0.092  2
  10.06     0.008  1       30.49     0.056  1       50.92     0.092  2
  10.37     0.008  1       30.79     0.057  2       51.22     0.093  2
  10.67     0.008  1       31.10     0.058  2       51.53     0.093  2
  10.98     0.008  1       31.40     0.058  2       51.83     0.094  2
  11.28     0.008  1       31.71     0.059  2       52.14     0.094  2
  11.59     0.008  1       32.01     0.059  2       52.44     0.095  2
  11.89     0.008  1       32.32     0.060  2       52.75     0.095  2
  12.20     0.008  1       32.62     0.061  2       53.05     0.096  2
  12.50     0.008  1       32.93     0.061  2       53.36     0.096  2
  12.81     0.008  1       33.23     0.062  2       53.66     0.097  2
  13.11     0.008  1       33.54     0.062  2       53.97     0.097  2
  13.42     0.008  1       33.84     0.063  2       54.27     0.098  2
  13.72     0.009  1       34.15     0.063  2       54.58     0.098  2
  14.03     0.010  1       34.45     0.064  2       54.88     0.099  2
  14.33     0.011  1       34.76     0.065  2       55.19     0.099  2
  14.64     0.012  1       35.06     0.065  2       55.49     0.099  2
  14.94     0.013  1       35.37     0.066  2       55.80     0.100  2
  15.24     0.014  1       35.67     0.066  2       56.10     0.100  2
  15.55     0.015  1       35.98     0.067  2       56.41     0.101  2
  15.85     0.016  1       36.28     0.067  2       56.71     0.101  2
  16.16     0.017  1       36.59     0.068  2       57.02     0.102  2
  16.46     0.018  1       36.89     0.069  2       57.32     0.102  2
  16.77     0.019  1       37.20     0.069  2       57.63     0.103  2
  17.07     0.020  1       37.50     0.070  2       57.93     0.103  2
  17.38     0.021  1       37.81     0.070  2       58.24     0.104  2
  17.68     0.022  1       38.11     0.071  2       58.54     0.104  2
  17.99     0.023  1       38.42     0.071  2       58.85     0.105  2
  18.29     0.024  1       38.72     0.072  2       59.15     0.105  2
  18.60     0.025  1       39.03     0.072  2       59.46     0.105  2
  18.90     0.026  1       39.33     0.073  2       59.76     0.106  2
  19.21     0.026  1       39.64     0.073  2       60.07     0.106  2
  19.51     0.027  1       39.94     0.074  2       60.37     0.107  2
  19.82     0.028  1       40.25     0.074  2       60.68     0.107  2
  20.12     0.029  1       40.55     0.075  2       60.98     0.108  2
  20.43     0.030  1       40.86     0.076  2

note:  (+) soil loss - detachment     (-) soil loss - deposition



III. OFF SITE EFFECTS  OFF SITE EFFECTS  OFF SITE EFFECTS
     ----------------  ----------------  ----------------

     A.  SEDIMENT LEAVING PROFILE for year    5     3.233 kg/m

     B.  SEDIMENT CHARACTERISTICS AND ENRICHMENT

     Sediment particle information leaving profile
-------------------------------------------------------------------------------
                                 Particle Composition         Detached Fraction
Class  Diameter  Specific  ---------------------------------  Sediment  In Flow
         (mm)    Gravity   % Sand   % Silt   % Clay   % O.M.  Fraction  Exiting
-------------------------------------------------------------------------------
  1     0.002      2.60      0.0      0.0    100.0     25.0     0.052    0.052
  2     0.010      2.65      0.0    100.0      0.0      0.0     0.092    0.092
  3     0.030      1.80      0.0     63.6     36.4      9.1     0.258    0.258
  4     0.400      1.60     67.2     20.8     12.0      3.0     0.451    0.451
  5     0.200      2.65    100.0      0.0      0.0      0.0     0.147    0.147
-------------------------------------------------------------------------------


     Weighted SSA enrichment ratio leaving profile for year    5 =   1.00


     HILLSLOPE 1 YEARLY SUMMARY FOR    6
     ----------------------------------


I.   RAINFALL AND RUNOFF SUMMARY
     -------- --- ------ -------

      year:      6

         Rainfall         Storm Runoff        Melt Runoff
      events   amount   events   amount     events  amount
                (mm)              (mm)               (mm)

        82     653.20       5      16.13       0       0.00


II.  ON SITE EFFECTS  ON SITE EFFECTS  ON SITE EFFECTS
     ---------------  ---------------  ---------------


  A.  AREA OF NET SOIL LOSS

      ** Soil Loss (Avg. of Net Detachment Areas) =    0.092 kg/m2 **
      ** Maximum Soil Loss  =    0.235 kg/m2 at   60.98 meters **


      Area of    Soil Loss   Soil Loss   MAX   MAX Loss   MIN   MIN Loss
      Net Loss      MEAN      STDEV      Loss    Point    Loss   Point
        (m)       (kg/m2)     (kg/m2)  (kg/m2)    (m)    (kg/m2)  (m)
------------------------------------------------------------------------
   0.00-  60.98    0.092     0.077      0.235   60.98     0.013     7.93



  C.  SOIL LOSS/DEPOSITION ALONG SLOPE PROFILE

          Profile distances are from top to bottom of hillslope


 distance soil  flow    distance   soil  flow    distance   soil  flow
    (m)   loss  elem       (m)     loss  elem       (m)     loss  elem
         (kg/m2)                  (kg/m2)                  (kg/m2)
------------------------------------------------------------------------

   0.30     0.013  1       20.73     0.016  1       41.16     0.137  2
   0.61     0.013  1       21.04     0.018  1       41.47     0.138  2
   0.91     0.013  1       21.34     0.019  1       41.77     0.140  2
   1.22     0.013  1       21.65     0.020  1       42.08     0.142  2
   1.52     0.013  1       21.95     0.021  1       42.38     0.143  2
   1.83     0.013  1       22.26     0.023  1       42.69     0.145  2
   2.13     0.013  1       22.56     0.025  1       42.99     0.147  2
   2.44     0.013  1       22.87     0.027  1       43.30     0.148  2
   2.74     0.013  1       23.17     0.029  1       43.60     0.150  2
   3.05     0.013  1       23.48     0.030  1       43.91     0.151  2
   3.35     0.013  1       23.78     0.032  1       44.21     0.153  2
   3.66     0.013  1       24.09     0.034  1       44.52     0.155  2
   3.96     0.013  1       24.39     0.036  1       44.82     0.156  2
   4.27     0.013  1       24.70     0.038  1       45.13     0.158  2
   4.57     0.013  1       25.00     0.039  1       45.43     0.159  2
   4.88     0.013  1       25.31     0.041  1       45.74     0.161  2
   5.18     0.013  1       25.61     0.043  1       46.04     0.163  2
   5.49     0.013  1       25.92     0.045  1       46.34     0.164  2
   5.79     0.013  1       26.22     0.047  1       46.65     0.166  2
   6.10     0.013  1       26.53     0.049  1       46.95     0.167  2
   6.40     0.013  1       26.83     0.051  1       47.26     0.169  2
   6.71     0.013  1       27.14     0.053  1       47.56     0.170  2
   7.01     0.013  1       27.44     0.055  1       47.87     0.172  2
   7.32     0.013  1       27.75     0.057  1       48.17     0.173  2
   7.62     0.013  1       28.05     0.059  1       48.48     0.175  2
   7.93     0.013  1       28.36     0.061  1       48.78     0.177  2
   8.23     0.013  1       28.66     0.063  1       49.09     0.178  2
   8.54     0.013  1       28.97     0.064  1       49.39     0.180  2
   8.84     0.013  1       29.27     0.066  1       49.70     0.181  2
   9.15     0.013  1       29.58     0.068  1       50.00     0.183  2
   9.45     0.013  1       29.88     0.070  1       50.31     0.184  2
   9.76     0.013  1       30.19     0.073  1       50.61     0.186  2
  10.06     0.013  1       30.49     0.075  1       50.92     0.187  2
  10.37     0.013  1       30.79     0.077  2       51.22     0.189  2
  10.67     0.013  1       31.10     0.079  2       51.53     0.190  2
  10.98     0.013  1       31.40     0.081  2       51.83     0.192  2
  11.28     0.013  1       31.71     0.083  2       52.14     0.193  2
  11.59     0.013  1       32.01     0.085  2       52.44     0.195  2
  11.89     0.013  1       32.32     0.086  2       52.75     0.196  2
  12.20     0.013  1       32.62     0.088  2       53.05     0.198  2
  12.50     0.013  1       32.93     0.090  2       53.36     0.199  2
  12.81     0.013  1       33.23     0.092  2       53.66     0.201  2
  13.11     0.013  1       33.54     0.094  2       53.97     0.202  2
  13.42     0.013  1       33.84     0.095  2       54.27     0.203  2
  13.72     0.013  1       34.15     0.097  2       54.58     0.205  2
  14.03     0.013  1       34.45     0.099  2       54.88     0.206  2
  14.33     0.013  1       34.76     0.101  2       55.19     0.208  2
  14.64     0.013  1       35.06     0.103  2       55.49     0.209  2
  14.94     0.013  1       35.37     0.104  2       55.80     0.211  2
  15.24     0.013  1       35.67     0.106  2       56.10     0.212  2
  15.55     0.013  1       35.98     0.108  2       56.41     0.214  2
  15.85     0.013  1       36.28     0.110  2       56.71     0.215  2
  16.16     0.013  1       36.59     0.111  2       57.02     0.216  2
  16.46     0.013  1       36.89     0.113  2       57.32     0.218  2
  16.77     0.013  1       37.20     0.115  2       57.63     0.219  2
  17.07     0.013  1       37.50     0.116  2       57.93     0.221  2
  17.38     0.013  1       37.81     0.118  2       58.24     0.222  2
  17.68     0.013  1       38.11     0.120  2       58.54     0.224  2
  17.99     0.013  1       38.42     0.122  2       58.85     0.225  2
  18.29     0.013  1       38.72     0.123  2       59.15     0.226  2
  18.60     0.013  1       39.03     0.125  2       59.46     0.228  2
  18.90     0.013  1       39.33     0.127  2       59.76     0.229  2
  19.21     0.013  1       39.64     0.128  2       60.07     0.230  2
  19.51     0.013  1       39.94     0.130  2       60.37     0.232  2
  19.82     0.013  1       40.25     0.132  2       60.68     0.233  2
  20.12     0.014  1       40.55     0.133  2       60.98     0.235  2
  20.43     0.015  1       40.86     0.135  2

note:  (+) soil loss - detachment     (-) soil loss - deposition



III. OFF SITE EFFECTS  OFF SITE EFFECTS  OFF SITE EFFECTS
     ----------------  ----------------  ----------------

     A.  SEDIMENT LEAVING PROFILE for year    6     5.587 kg/m

     B.  SEDIMENT CHARACTERISTICS AND ENRICHMENT

     Sediment particle information leaving profile
-------------------------------------------------------------------------------
                                 Particle Composition         Detached Fraction
Class  Diameter  Specific  ---------------------------------  Sediment  In Flow
         (mm)    Gravity   % Sand   % Silt   % Clay   % O.M.  Fraction  Exiting
-------------------------------------------------------------------------------
  1     0.002      2.60      0.0      0.0    100.0     25.0     0.052    0.052
  2     0.010      2.65      0.0    100.0      0.0      0.0     0.092    0.092
  3     0.030      1.80      0.0     63.6     36.4      9.1     0.258    0.258
  4     0.400      1.60     67.2     20.8     12.0      3.0     0.451    0.451
  5     0.200      2.65    100.0      0.0      0.0      0.0     0.147    0.147
-------------------------------------------------------------------------------


     Weighted SSA enrichment ratio leaving profile for year    6 =   1.00


     HILLSLOPE 1 YEARLY SUMMARY FOR    7
     ----------------------------------


I.   RAINFALL AND RUNOFF SUMMARY
     -------- --- ------ -------

      year:      7

         Rainfall         Storm Runoff        Melt Runoff
      events   amount   events   amount     events  amount
                (mm)              (mm)               (mm)

        72     601.40       3       7.29       0       0.00


II.  ON SITE EFFECTS  ON SITE EFFECTS  ON SITE EFFECTS
     ---------------  ---------------  ---------------


  A.  AREA OF NET SOIL LOSS

      ** Soil Loss (Avg. of Net Detachment Areas) =    0.055 kg/m2 **
      ** Maximum Soil Loss  =    0.116 kg/m2 at   60.98 meters **


      Area of    Soil Loss   Soil Loss   MAX   MAX Loss   MIN   MIN Loss
      Net Loss      MEAN      STDEV      Loss    Point    Loss   Point
        (m)       (kg/m2)     (kg/m2)  (kg/m2)    (m)    (kg/m2)  (m)
------------------------------------------------------------------------
   0.00-  60.98    0.055     0.039      0.116   60.98     0.005    15.55



  C.  SOIL LOSS/DEPOSITION ALONG SLOPE PROFILE

          Profile distances are from top to bottom of hillslope


 distance soil  flow    distance   soil  flow    distance   soil  flow
    (m)   loss  elem       (m)     loss  elem       (m)     loss  elem
         (kg/m2)                  (kg/m2)                  (kg/m2)
------------------------------------------------------------------------

   0.30     0.007  1       20.73     0.025  1       41.16     0.081  2
   0.61     0.007  1       21.04     0.026  1       41.47     0.082  2
   0.91     0.007  1       21.34     0.027  1       41.77     0.082  2
   1.22     0.007  1       21.65     0.028  1       42.08     0.083  2
   1.52     0.007  1       21.95     0.030  1       42.38     0.084  2
   1.83     0.007  1       22.26     0.031  1       42.69     0.084  2
   2.13     0.007  1       22.56     0.032  1       42.99     0.085  2
   2.44     0.007  1       22.87     0.033  1       43.30     0.085  2
   2.74     0.007  1       23.17     0.034  1       43.60     0.086  2
   3.05     0.007  1       23.48     0.035  1       43.91     0.086  2
   3.35     0.007  1       23.78     0.036  1       44.21     0.087  2
   3.66     0.007  1       24.09     0.037  1       44.52     0.088  2
   3.96     0.007  1       24.39     0.038  1       44.82     0.088  2
   4.27     0.007  1       24.70     0.039  1       45.13     0.089  2
   4.57     0.007  1       25.00     0.041  1       45.43     0.089  2
   4.88     0.007  1       25.31     0.042  1       45.74     0.090  2
   5.18     0.007  1       25.61     0.043  1       46.04     0.090  2
   5.49     0.007  1       25.92     0.044  1       46.34     0.091  2
   5.79     0.007  1       26.22     0.045  1       46.65     0.092  2
   6.10     0.007  1       26.53     0.046  1       46.95     0.092  2
   6.40     0.007  1       26.83     0.047  1       47.26     0.093  2
   6.71     0.007  1       27.14     0.048  1       47.56     0.093  2
   7.01     0.007  1       27.44     0.049  1       47.87     0.094  2
   7.32     0.007  1       27.75     0.050  1       48.17     0.094  2
   7.62     0.007  1       28.05     0.051  1       48.48     0.095  2
   7.93     0.007  1       28.36     0.052  1       48.78     0.095  2
   8.23     0.007  1       28.66     0.053  1       49.09     0.096  2
   8.54     0.007  1       28.97     0.054  1       49.39     0.096  2
   8.84     0.007  1       29.27     0.055  1       49.70     0.097  2
   9.15     0.007  1       29.58     0.056  1       50.00     0.097  2
   9.45     0.007  1       29.88     0.057  1       50.31     0.098  2
   9.76     0.007  1       30.19     0.058  1       50.61     0.099  2
  10.06     0.007  1       30.49     0.059  1       50.92     0.099  2
  10.37     0.007  1       30.79     0.060  2       51.22     0.100  2
  10.67     0.007  1       31.10     0.061  2       51.53     0.100  2
  10.98     0.007  1       31.40     0.062  2       51.83     0.101  2
  11.28     0.007  1       31.71     0.062  2       52.14     0.101  2
  11.59     0.007  1       32.01     0.063  2       52.44     0.102  2
  11.89     0.007  1       32.32     0.064  2       52.75     0.102  2
  12.20     0.007  1       32.62     0.064  2       53.05     0.103  2
  12.50     0.007  1       32.93     0.065  2       53.36     0.103  2
  12.81     0.007  1       33.23     0.066  2       53.66     0.104  2
  13.11     0.007  1       33.54     0.066  2       53.97     0.104  2
  13.42     0.007  1       33.84     0.067  2       54.27     0.105  2
  13.72     0.007  1       34.15     0.067  2       54.58     0.105  2
  14.03     0.007  1       34.45     0.068  2       54.88     0.106  2
  14.33     0.007  1       34.76     0.069  2       55.19     0.106  2
  14.64     0.007  1       35.06     0.069  2       55.49     0.107  2
  14.94     0.007  1       35.37     0.070  2       55.80     0.107  2
  15.24     0.007  1       35.67     0.071  2       56.10     0.108  2
  15.55     0.005  1       35.98     0.071  2       56.41     0.108  2
  15.85     0.008  1       36.28     0.072  2       56.71     0.109  2
  16.16     0.009  1       36.59     0.072  2       57.02     0.109  2
  16.46     0.010  1       36.89     0.073  2       57.32     0.110  2
  16.77     0.011  1       37.20     0.074  2       57.63     0.110  2
  17.07     0.012  1       37.50     0.074  2       57.93     0.111  2
  17.38     0.013  1       37.81     0.075  2       58.24     0.111  2
  17.68     0.014  1       38.11     0.075  2       58.54     0.112  2
  17.99     0.015  1       38.42     0.076  2       58.85     0.112  2
  18.29     0.016  1       38.72     0.077  2       59.15     0.113  2
  18.60     0.017  1       39.03     0.077  2       59.46     0.113  2
  18.90     0.018  1       39.33     0.078  2       59.76     0.114  2
  19.21     0.019  1       39.64     0.078  2       60.07     0.114  2
  19.51     0.020  1       39.94     0.079  2       60.37     0.115  2
  19.82     0.022  1       40.25     0.080  2       60.68     0.115  2
  20.12     0.023  1       40.55     0.080  2       60.98     0.116  2
  20.43     0.024  1       40.86     0.081  2

note:  (+) soil loss - detachment     (-) soil loss - deposition



III. OFF SITE EFFECTS  OFF SITE EFFECTS  OFF SITE EFFECTS
     ----------------  ----------------  ----------------

     A.  SEDIMENT LEAVING PROFILE for year    7     3.331 kg/m

     B.  SEDIMENT CHARACTERISTICS AND ENRICHMENT

     Sediment particle information leaving profile
-------------------------------------------------------------------------------
                                 Particle Composition         Detached Fraction
Class  Diameter  Specific  ---------------------------------  Sediment  In Flow
         (mm)    Gravity   % Sand   % Silt   % Clay   % O.M.  Fraction  Exiting
-------------------------------------------------------------------------------
  1     0.002      2.60      0.0      0.0    100.0     25.0     0.052    0.052
  2     0.010      2.65      0.0    100.0      0.0      0.0     0.092    0.092
  3     0.030      1.80      0.0     63.6     36.4      9.1     0.258    0.258
  4     0.400      1.60     67.2     20.8     12.0      3.0     0.451    0.451
  5     0.200      2.65    100.0      0.0      0.0      0.0     0.147    0.147
-------------------------------------------------------------------------------


     Weighted SSA enrichment ratio leaving profile for year    7 =   1.00


     HILLSLOPE 1 YEARLY SUMMARY FOR    8
     ----------------------------------


I.   RAINFALL AND RUNOFF SUMMARY
     -------- --- ------ -------

      year:      8

         Rainfall         Storm Runoff        Melt Runoff
      events   amount   events   amount     events  amount
                (mm)              (mm)               (mm)

        93     734.10       4       3.03       0       0.00


II.  ON SITE EFFECTS  ON SITE EFFECTS  ON SITE EFFECTS
     ---------------  ---------------  ---------------


  A.  AREA OF NET SOIL LOSS

      ** Soil Loss (Avg. of Net Detachment Areas) =    0.014 kg/m2 **
      ** Maximum Soil Loss  =    0.024 kg/m2 at   30.49 meters **


      Area of    Soil Loss   Soil Loss   MAX   MAX Loss   MIN   MIN Loss
      Net Loss      MEAN      STDEV      Loss    Point    Loss   Point
        (m)       (kg/m2)     (kg/m2)  (kg/m2)    (m)    (kg/m2)  (m)
------------------------------------------------------------------------
   0.00-  60.98    0.014     0.007      0.024   30.49     0.005     7.93



  C.  SOIL LOSS/DEPOSITION ALONG SLOPE PROFILE

          Profile distances are from top to bottom of hillslope


 distance soil  flow    distance   soil  flow    distance   soil  flow
    (m)   loss  elem       (m)     loss  elem       (m)     loss  elem
         (kg/m2)                  (kg/m2)                  (kg/m2)
------------------------------------------------------------------------

   0.30     0.005  1       20.73     0.006  1       41.16     0.021  2
   0.61     0.005  1       21.04     0.006  1       41.47     0.021  2
   0.91     0.005  1       21.34     0.007  1       41.77     0.021  2
   1.22     0.005  1       21.65     0.007  1       42.08     0.021  2
   1.52     0.005  1       21.95     0.007  1       42.38     0.021  2
   1.83     0.005  1       22.26     0.007  1       42.69     0.021  2
   2.13     0.005  1       22.56     0.008  1       42.99     0.021  2
   2.44     0.005  1       22.87     0.008  1       43.30     0.021  2
   2.74     0.005  1       23.17     0.009  1       43.60     0.021  2
   3.05     0.005  1       23.48     0.010  1       43.91     0.021  2
   3.35     0.005  1       23.78     0.010  1       44.21     0.021  2
   3.66     0.005  1       24.09     0.011  1       44.52     0.020  2
   3.96     0.005  1       24.39     0.012  1       44.82     0.020  2
   4.27     0.005  1       24.70     0.012  1       45.13     0.020  2
   4.57     0.005  1       25.00     0.013  1       45.43     0.020  2
   4.88     0.005  1       25.31     0.014  1       45.74     0.020  2
   5.18     0.005  1       25.61     0.014  1       46.04     0.020  2
   5.49     0.005  1       25.92     0.015  1       46.34     0.020  2
   5.79     0.005  1       26.22     0.015  1       46.65     0.020  2
   6.10     0.005  1       26.53     0.016  1       46.95     0.020  2
   6.40     0.005  1       26.83     0.017  1       47.26     0.020  2
   6.71     0.005  1       27.14     0.017  1       47.56     0.020  2
   7.01     0.005  1       27.44     0.018  1       47.87     0.020  2
   7.32     0.005  1       27.75     0.019  1       48.17     0.020  2
   7.62     0.005  1       28.05     0.019  1       48.48     0.020  2
   7.93     0.005  1       28.36     0.020  1       48.78     0.020  2
   8.23     0.005  1       28.66     0.020  1       49.09     0.020  2
   8.54     0.005  1       28.97     0.021  1       49.39     0.020  2
   8.84     0.005  1       29.27     0.022  1       49.70     0.020  2
   9.15     0.005  1       29.58     0.022  1       50.00     0.020  2
   9.45     0.005  1       29.88     0.023  1       50.31     0.020  2
   9.76     0.005  1       30.19     0.023  1       50.61     0.020  2
  10.06     0.005  1       30.49     0.024  1       50.92     0.020  2
  10.37     0.005  1       30.79     0.021  2       51.22     0.020  2
  10.67     0.005  1       31.10     0.021  2       51.53     0.020  2
  10.98     0.005  1       31.40     0.021  2       51.83     0.020  2
  11.28     0.005  1       31.71     0.021  2       52.14     0.020  2
  11.59     0.005  1       32.01     0.021  2       52.44     0.020  2
  11.89     0.005  1       32.32     0.021  2       52.75     0.020  2
  12.20     0.005  1       32.62     0.021  2       53.05     0.020  2
  12.50     0.005  1       32.93     0.021  2       53.36     0.020  2
  12.81     0.005  1       33.23     0.021  2       53.66     0.020  2
  13.11     0.005  1       33.54     0.021  2       53.97     0.020  2
  13.42     0.005  1       33.84     0.021  2       54.27     0.020  2
  13.72     0.005  1       34.15     0.021  2       54.58     0.020  2
  14.03     0.005  1       34.45     0.021  2       54.88     0.020  2
  14.33     0.005  1       34.76     0.021  2       55.19     0.020  2
  14.64     0.005  1       35.06     0.021  2       55.49     0.020  2
  14.94     0.005  1       35.37     0.021  2       55.80     0.020  2
  15.24     0.005  1       35.67     0.021  2       56.10     0.020  2
  15.55     0.005  1       35.98     0.021  2       56.41     0.020  2
  15.85     0.005  1       36.28     0.021  2       56.71     0.020  2
  16.16     0.005  1       36.59     0.021  2       57.02     0.020  2
  16.46     0.005  1       36.89     0.021  2       57.32     0.020  2
  16.77     0.005  1       37.20     0.021  2       57.63     0.020  2
  17.07     0.005  1       37.50     0.021  2       57.93     0.020  2
  17.38     0.005  1       37.81     0.021  2       58.24     0.020  2
  17.68     0.005  1       38.11     0.021  2       58.54     0.020  2
  17.99     0.005  1       38.42     0.021  2       58.85     0.020  2
  18.29     0.005  1       38.72     0.021  2       59.15     0.020  2
  18.60     0.005  1       39.03     0.021  2       59.46     0.020  2
  18.90     0.005  1       39.33     0.021  2       59.76     0.020  2
  19.21     0.005  1       39.64     0.021  2       60.07     0.020  2
  19.51     0.005  1       39.94     0.021  2       60.37     0.020  2
  19.82     0.005  1       40.25     0.021  2       60.68     0.020  2
  20.12     0.006  1       40.55     0.021  2       60.98     0.020  2
  20.43     0.006  1       40.86     0.021  2

note:  (+) soil loss - detachment     (-) soil loss - deposition



III. OFF SITE EFFECTS  OFF SITE EFFECTS  OFF SITE EFFECTS
     ----------------  ----------------  ----------------

     A.  SEDIMENT LEAVING PROFILE for year    8     0.860 kg/m

     B.  SEDIMENT CHARACTERISTICS AND ENRICHMENT

     Sediment particle information leaving profile
-------------------------------------------------------------------------------
                                 Particle Composition         Detached Fraction
Class  Diameter  Specific  ---------------------------------  Sediment  In Flow
         (mm)    Gravity   % Sand   % Silt   % Clay   % O.M.  Fraction  Exiting
-------------------------------------------------------------------------------
  1     0.002      2.60      0.0      0.0    100.0     25.0     0.052    0.052
  2     0.010      2.65      0.0    100.0      0.0      0.0     0.092    0.092
  3     0.030      1.80      0.0     63.6     36.4      9.1     0.258    0.258
  4     0.400      1.60     67.2     20.8     12.0      3.0     0.451    0.451
  5     0.200      2.65    100.0      0.0      0.0      0.0     0.147    0.147
-------------------------------------------------------------------------------


     Weighted SSA enrichment ratio leaving profile for year    8 =   1.00


     HILLSLOPE 1 YEARLY SUMMARY FOR    9
     ----------------------------------


I.   RAINFALL AND RUNOFF SUMMARY
     -------- --- ------ -------

      year:      9

         Rainfall         Storm Runoff        Melt Runoff
      events   amount   events   amount     events  amount
                (mm)              (mm)               (mm)

        87     737.10       3       8.33       0       0.00


II.  ON SITE EFFECTS  ON SITE EFFECTS  ON SITE EFFECTS
     ---------------  ---------------  ---------------


  A.  AREA OF NET SOIL LOSS

      ** Soil Loss (Avg. of Net Detachment Areas) =    0.046 kg/m2 **
      ** Maximum Soil Loss  =    0.095 kg/m2 at   60.98 meters **


      Area of    Soil Loss   Soil Loss   MAX   MAX Loss   MIN   MIN Loss
      Net Loss      MEAN      STDEV      Loss    Point    Loss   Point
        (m)       (kg/m2)     (kg/m2)  (kg/m2)    (m)    (kg/m2)  (m)
------------------------------------------------------------------------
   0.00-  60.98    0.046     0.030      0.095   60.98     0.006    15.55



  C.  SOIL LOSS/DEPOSITION ALONG SLOPE PROFILE

          Profile distances are from top to bottom of hillslope


 distance soil  flow    distance   soil  flow    distance   soil  flow
    (m)   loss  elem       (m)     loss  elem       (m)     loss  elem
         (kg/m2)                  (kg/m2)                  (kg/m2)
------------------------------------------------------------------------

   0.30     0.008  1       20.73     0.023  1       41.16     0.065  2
   0.61     0.008  1       21.04     0.024  1       41.47     0.065  2
   0.91     0.008  1       21.34     0.025  1       41.77     0.066  2
   1.22     0.008  1       21.65     0.026  1       42.08     0.066  2
   1.52     0.008  1       21.95     0.027  1       42.38     0.067  2
   1.83     0.008  1       22.26     0.027  1       42.69     0.067  2
   2.13     0.008  1       22.56     0.028  1       42.99     0.068  2
   2.44     0.008  1       22.87     0.029  1       43.30     0.068  2
   2.74     0.008  1       23.17     0.030  1       43.60     0.069  2
   3.05     0.008  1       23.48     0.031  1       43.91     0.069  2
   3.35     0.008  1       23.78     0.031  1       44.21     0.070  2
   3.66     0.008  1       24.09     0.032  1       44.52     0.070  2
   3.96     0.008  1       24.39     0.033  1       44.82     0.071  2
   4.27     0.008  1       24.70     0.034  1       45.13     0.071  2
   4.57     0.008  1       25.00     0.034  1       45.43     0.072  2
   4.88     0.008  1       25.31     0.035  1       45.74     0.072  2
   5.18     0.008  1       25.61     0.036  1       46.04     0.073  2
   5.49     0.008  1       25.92     0.037  1       46.34     0.073  2
   5.79     0.008  1       26.22     0.037  1       46.65     0.074  2
   6.10     0.008  1       26.53     0.038  1       46.95     0.074  2
   6.40     0.008  1       26.83     0.039  1       47.26     0.075  2
   6.71     0.008  1       27.14     0.040  1       47.56     0.075  2
   7.01     0.008  1       27.44     0.041  1       47.87     0.076  2
   7.32     0.008  1       27.75     0.042  1       48.17     0.076  2
   7.62     0.008  1       28.05     0.043  1       48.48     0.077  2
   7.93     0.008  1       28.36     0.044  1       48.78     0.077  2
   8.23     0.008  1       28.66     0.045  1       49.09     0.078  2
   8.54     0.008  1       28.97     0.046  1       49.39     0.078  2
   8.84     0.008  1       29.27     0.047  1       49.70     0.079  2
   9.15     0.008  1       29.58     0.048  1       50.00     0.079  2
   9.45     0.008  1       29.88     0.049  1       50.31     0.079  2
   9.76     0.008  1       30.19     0.050  1       50.61     0.080  2
  10.06     0.008  1       30.49     0.051  1       50.92     0.080  2
  10.37     0.008  1       30.79     0.050  2       51.22     0.081  2
  10.67     0.008  1       31.10     0.050  2       51.53     0.081  2
  10.98     0.008  1       31.40     0.051  2       51.83     0.082  2
  11.28     0.008  1       31.71     0.051  2       52.14     0.082  2
  11.59     0.008  1       32.01     0.052  2       52.44     0.083  2
  11.89     0.008  1       32.32     0.052  2       52.75     0.083  2
  12.20     0.008  1       32.62     0.052  2       53.05     0.084  2
  12.50     0.008  1       32.93     0.053  2       53.36     0.084  2
  12.81     0.008  1       33.23     0.053  2       53.66     0.085  2
  13.11     0.008  1       33.54     0.054  2       53.97     0.085  2
  13.42     0.008  1       33.84     0.054  2       54.27     0.085  2
  13.72     0.008  1       34.15     0.055  2       54.58     0.086  2
  14.03     0.008  1       34.45     0.055  2       54.88     0.086  2
  14.33     0.008  1       34.76     0.056  2       55.19     0.087  2
  14.64     0.008  1       35.06     0.056  2       55.49     0.087  2
  14.94     0.008  1       35.37     0.056  2       55.80     0.088  2
  15.24     0.008  1       35.67     0.057  2       56.10     0.088  2
  15.55     0.006  1       35.98     0.057  2       56.41     0.089  2
  15.85     0.009  1       36.28     0.058  2       56.71     0.089  2
  16.16     0.010  1       36.59     0.058  2       57.02     0.090  2
  16.46     0.011  1       36.89     0.059  2       57.32     0.090  2
  16.77     0.012  1       37.20     0.059  2       57.63     0.090  2
  17.07     0.013  1       37.50     0.060  2       57.93     0.091  2
  17.38     0.014  1       37.81     0.060  2       58.24     0.091  2
  17.68     0.015  1       38.11     0.060  2       58.54     0.092  2
  17.99     0.016  1       38.42     0.061  2       58.85     0.092  2
  18.29     0.017  1       38.72     0.061  2       59.15     0.093  2
  18.60     0.017  1       39.03     0.062  2       59.46     0.093  2
  18.90     0.018  1       39.33     0.062  2       59.76     0.093  2
  19.21     0.019  1       39.64     0.062  2       60.07     0.094  2
  19.51     0.020  1       39.94     0.063  2       60.37     0.094  2
  19.82     0.021  1       40.25     0.063  2       60.68     0.095  2
  20.12     0.022  1       40.55     0.064  2       60.98     0.095  2
  20.43     0.022  1       40.86     0.064  2

note:  (+) soil loss - detachment     (-) soil loss - deposition



III. OFF SITE EFFECTS  OFF SITE EFFECTS  OFF SITE EFFECTS
     ----------------  ----------------  ----------------

     A.  SEDIMENT LEAVING PROFILE for year    9     2.784 kg/m

     B.  SEDIMENT CHARACTERISTICS AND ENRICHMENT

     Sediment particle information leaving profile
-------------------------------------------------------------------------------
                                 Particle Composition         Detached Fraction
Class  Diameter  Specific  ---------------------------------  Sediment  In Flow
         (mm)    Gravity   % Sand   % Silt   % Clay   % O.M.  Fraction  Exiting
-------------------------------------------------------------------------------
  1     0.002      2.60      0.0      0.0    100.0     25.0     0.052    0.052
  2     0.010      2.65      0.0    100.0      0.0      0.0     0.092    0.092
  3     0.030      1.80      0.0     63.6     36.4      9.1     0.258    0.258
  4     0.400      1.60     67.2     20.8     12.0      3.0     0.451    0.451
  5     0.200      2.65    100.0      0.0      0.0      0.0     0.147    0.147
-------------------------------------------------------------------------------


     Weighted SSA enrichment ratio leaving profile for year    9 =   1.00


     HILLSLOPE 1 YEARLY SUMMARY FOR   10
     ----------------------------------


I.   RAINFALL AND RUNOFF SUMMARY
     -------- --- ------ -------

      year:     10

         Rainfall         Storm Runoff        Melt Runoff
      events   amount   events   amount     events  amount
                (mm)              (mm)               (mm)

        53     395.20       0       0.00       0       0.00


II.  ON SITE EFFECTS  ON SITE EFFECTS  ON SITE EFFECTS
     ---------------  ---------------  ---------------




  C.  SOIL LOSS/DEPOSITION ALONG SLOPE PROFILE

          Profile distances are from top to bottom of hillslope


 distance soil  flow    distance   soil  flow    distance   soil  flow
    (m)   loss  elem       (m)     loss  elem       (m)     loss  elem
         (kg/m2)                  (kg/m2)                  (kg/m2)
------------------------------------------------------------------------

   0.30     0.000  1       20.73     0.000  1       41.16     0.000  2
   0.61     0.000  1       21.04     0.000  1       41.47     0.000  2
   0.91     0.000  1       21.34     0.000  1       41.77     0.000  2
   1.22     0.000  1       21.65     0.000  1       42.08     0.000  2
   1.52     0.000  1       21.95     0.000  1       42.38     0.000  2
   1.83     0.000  1       22.26     0.000  1       42.69     0.000  2
   2.13     0.000  1       22.56     0.000  1       42.99     0.000  2
   2.44     0.000  1       22.87     0.000  1       43.30     0.000  2
   2.74     0.000  1       23.17     0.000  1       43.60     0.000  2
   3.05     0.000  1       23.48     0.000  1       43.91     0.000  2
   3.35     0.000  1       23.78     0.000  1       44.21     0.000  2
   3.66     0.000  1       24.09     0.000  1       44.52     0.000  2
   3.96     0.000  1       24.39     0.000  1       44.82     0.000  2
   4.27     0.000  1       24.70     0.000  1       45.13     0.000  2
   4.57     0.000  1       25.00     0.000  1       45.43     0.000  2
   4.88     0.000  1       25.31     0.000  1       45.74     0.000  2
   5.18     0.000  1       25.61     0.000  1       46.04     0.000  2
   5.49     0.000  1       25.92     0.000  1       46.34     0.000  2
   5.79     0.000  1       26.22     0.000  1       46.65     0.000  2
   6.10     0.000  1       26.53     0.000  1       46.95     0.000  2
   6.40     0.000  1       26.83     0.000  1       47.26     0.000  2
   6.71     0.000  1       27.14     0.000  1       47.56     0.000  2
   7.01     0.000  1       27.44     0.000  1       47.87     0.000  2
   7.32     0.000  1       27.75     0.000  1       48.17     0.000  2
   7.62     0.000  1       28.05     0.000  1       48.48     0.000  2
   7.93     0.000  1       28.36     0.000  1       48.78     0.000  2
   8.23     0.000  1       28.66     0.000  1       49.09     0.000  2
   8.54     0.000  1       28.97     0.000  1       49.39     0.000  2
   8.84     0.000  1       29.27     0.000  1       49.70     0.000  2
   9.15     0.000  1       29.58     0.000  1       50.00     0.000  2
   9.45     0.000  1       29.88     0.000  1       50.31     0.000  2
   9.76     0.000  1       30.19     0.000  1       50.61     0.000  2
  10.06     0.000  1       30.49     0.000  1       50.92     0.000  2
  10.37     0.000  1       30.79     0.000  2       51.22     0.000  2
  10.67     0.000  1       31.10     0.000  2       51.53     0.000  2
  10.98     0.000  1       31.40     0.000  2       51.83     0.000  2
  11.28     0.000  1       31.71     0.000  2       52.14     0.000  2
  11.59     0.000  1       32.01     0.000  2       52.44     0.000  2
  11.89     0.000  1       32.32     0.000  2       52.75     0.000  2
  12.20     0.000  1       32.62     0.000  2       53.05     0.000  2
  12.50     0.000  1       32.93     0.000  2       53.36     0.000  2
  12.81     0.000  1       33.23     0.000  2       53.66     0.000  2
  13.11     0.000  1       33.54     0.000  2       53.97     0.000  2
  13.42     0.000  1       33.84     0.000  2       54.27     0.000  2
  13.72     0.000  1       34.15     0.000  2       54.58     0.000  2
  14.03     0.000  1       34.45     0.000  2       54.88     0.000  2
  14.33     0.000  1       34.76     0.000  2       55.19     0.000  2
  14.64     0.000  1       35.06     0.000  2       55.49     0.000  2
  14.94     0.000  1       35.37     0.000  2       55.80     0.000  2
  15.24     0.000  1       35.67     0.000  2       56.10     0.000  2
  15.55     0.000  1       35.98     0.000  2       56.41     0.000  2
  15.85     0.000  1       36.28     0.000  2       56.71     0.000  2
  16.16     0.000  1       36.59     0.000  2       57.02     0.000  2
  16.46     0.000  1       36.89     0.000  2       57.32     0.000  2
  16.77     0.000  1       37.20     0.000  2       57.63     0.000  2
  17.07     0.000  1       37.50     0.000  2       57.93     0.000  2
  17.38     0.000  1       37.81     0.000  2       58.24     0.000  2
  17.68     0.000  1       38.11     0.000  2       58.54     0.000  2
  17.99     0.000  1       38.42     0.000  2       58.85     0.000  2
  18.29     0.000  1       38.72     0.000  2       59.15     0.000  2
  18.60     0.000  1       39.03     0.000  2       59.46     0.000  2
  18.90     0.000  1       39.33     0.000  2       59.76     0.000  2
  19.21     0.000  1       39.64     0.000  2       60.07     0.000  2
  19.51     0.000  1       39.94     0.000  2       60.37     0.000  2
  19.82     0.000  1       40.25     0.000  2       60.68     0.000  2
  20.12     0.000  1       40.55     0.000  2       60.98     0.000  2
  20.43     0.000  1       40.86     0.000  2

note:  (+) soil loss - detachment     (-) soil loss - deposition



III. OFF SITE EFFECTS  OFF SITE EFFECTS  OFF SITE EFFECTS
     ----------------  ----------------  ----------------

     A.  SEDIMENT LEAVING PROFILE for year   10     0.000 kg/m

     B.  SEDIMENT CHARACTERISTICS AND ENRICHMENT

     Sediment particle information leaving profile
-------------------------------------------------------------------------------
                                 Particle Composition         Detached Fraction
Class  Diameter  Specific  ---------------------------------  Sediment  In Flow
         (mm)    Gravity   % Sand   % Silt   % Clay   % O.M.  Fraction  Exiting
-------------------------------------------------------------------------------
  1     0.002      2.60      0.0      0.0    100.0     25.0     0.052    0.000
  2     0.010      2.65      0.0    100.0      0.0      0.0     0.092    0.000
  3     0.030      1.80      0.0     63.6     36.4      9.1     0.258    0.000
  4     0.400      1.60     67.2     20.8     12.0      3.0     0.451    0.000
  5     0.200      2.65    100.0      0.0      0.0      0.0     0.147    0.000
-------------------------------------------------------------------------------


     Weighted SSA enrichment ratio leaving profile for year   10 =   0.00


     ANNUAL AVERAGE SUMMARIES
     ------------------------


I.   RAINFALL AND RUNOFF SUMMARY
     -------- --- ------ -------

      total summary:  years    1 -   10

       726 storms produced                         5772.30 mm of precipitation
        16 rain storm runoff events produced         42.96 mm of runoff
         0 snow melts and/or
             events during winter produced            0.00 mm of runoff

      annual averages
      ---------------

        Number of years                                   10
        Mean annual precipitation                     577.23    mm
        Mean annual runoff from rainfall                4.30    mm
        Mean annual runoff from snow melt
          and/or rain storm during winter               0.00    mm



II.  ON SITE EFFECTS  ON SITE EFFECTS  ON SITE EFFECTS
     ---------------  ---------------  ---------------


  A.  AREA OF NET SOIL LOSS

      ** Soil Loss (Avg. of Net Detachment Areas) =    0.026 kg/m2 **
      ** Maximum Soil Loss  =    0.057 kg/m2 at   60.98 meters **


      Area of    Soil Loss   Soil Loss   MAX   MAX Loss   MIN   MIN Loss
      Net Loss      MEAN      STDEV      Loss    Point    Loss   Point
        (m)       (kg/m2)     (kg/m2)  (kg/m2)    (m)    (kg/m2)  (m)
------------------------------------------------------------------------
   0.00-  60.98    0.026     0.019      0.057   60.98     0.004     3.66



  C.  SOIL LOSS/DEPOSITION ALONG SLOPE PROFILE

          Profile distances are from top to bottom of hillslope


 distance soil  flow    distance   soil  flow    distance   soil  flow
    (m)   loss  elem       (m)     loss  elem       (m)     loss  elem
         (kg/m2)                  (kg/m2)                  (kg/m2)
------------------------------------------------------------------------

   0.30     0.004  1       20.73     0.010  1       41.16     0.038  2
   0.61     0.004  1       21.04     0.011  1       41.47     0.038  2
   0.91     0.004  1       21.34     0.011  1       41.77     0.039  2
   1.22     0.004  1       21.65     0.011  1       42.08     0.039  2
   1.52     0.004  1       21.95     0.012  1       42.38     0.039  2
   1.83     0.004  1       22.26     0.012  1       42.69     0.040  2
   2.13     0.004  1       22.56     0.013  1       42.99     0.040  2
   2.44     0.004  1       22.87     0.013  1       43.30     0.040  2
   2.74     0.004  1       23.17     0.014  1       43.60     0.041  2
   3.05     0.004  1       23.48     0.014  1       43.91     0.041  2
   3.35     0.004  1       23.78     0.015  1       44.21     0.041  2
   3.66     0.004  1       24.09     0.015  1       44.52     0.041  2
   3.96     0.004  1       24.39     0.016  1       44.82     0.042  2
   4.27     0.004  1       24.70     0.016  1       45.13     0.042  2
   4.57     0.004  1       25.00     0.017  1       45.43     0.042  2
   4.88     0.004  1       25.31     0.018  1       45.74     0.043  2
   5.18     0.004  1       25.61     0.018  1       46.04     0.043  2
   5.49     0.004  1       25.92     0.019  1       46.34     0.043  2
   5.79     0.004  1       26.22     0.019  1       46.65     0.044  2
   6.10     0.004  1       26.53     0.020  1       46.95     0.044  2
   6.40     0.004  1       26.83     0.020  1       47.26     0.044  2
   6.71     0.004  1       27.14     0.021  1       47.56     0.045  2
   7.01     0.004  1       27.44     0.021  1       47.87     0.045  2
   7.32     0.004  1       27.75     0.022  1       48.17     0.045  2
   7.62     0.004  1       28.05     0.022  1       48.48     0.046  2
   7.93     0.004  1       28.36     0.023  1       48.78     0.046  2
   8.23     0.004  1       28.66     0.023  1       49.09     0.046  2
   8.54     0.004  1       28.97     0.024  1       49.39     0.046  2
   8.84     0.004  1       29.27     0.024  1       49.70     0.047  2
   9.15     0.004  1       29.58     0.025  1       50.00     0.047  2
   9.45     0.004  1       29.88     0.025  1       50.31     0.047  2
   9.76     0.004  1       30.19     0.026  1       50.61     0.048  2
  10.06     0.004  1       30.49     0.027  1       50.92     0.048  2
  10.37     0.004  1       30.79     0.027  2       51.22     0.048  2
  10.67     0.004  1       31.10     0.027  2       51.53     0.049  2
  10.98     0.004  1       31.40     0.027  2       51.83     0.049  2
  11.28     0.004  1       31.71     0.028  2       52.14     0.049  2
  11.59     0.004  1       32.01     0.028  2       52.44     0.049  2
  11.89     0.004  1       32.32     0.028  2       52.75     0.050  2
  12.20     0.004  1       32.62     0.029  2       53.05     0.050  2
  12.50     0.004  1       32.93     0.029  2       53.36     0.050  2
  12.81     0.004  1       33.23     0.029  2       53.66     0.051  2
  13.11     0.004  1       33.54     0.030  2       53.97     0.051  2
  13.42     0.004  1       33.84     0.030  2       54.27     0.051  2
  13.72     0.004  1       34.15     0.030  2       54.58     0.051  2
  14.03     0.004  1       34.45     0.031  2       54.88     0.052  2
  14.33     0.004  1       34.76     0.031  2       55.19     0.052  2
  14.64     0.005  1       35.06     0.031  2       55.49     0.052  2
  14.94     0.005  1       35.37     0.032  2       55.80     0.053  2
  15.24     0.005  1       35.67     0.032  2       56.10     0.053  2
  15.55     0.004  1       35.98     0.032  2       56.41     0.053  2
  15.85     0.005  1       36.28     0.033  2       56.71     0.053  2
  16.16     0.005  1       36.59     0.033  2       57.02     0.054  2
  16.46     0.006  1       36.89     0.033  2       57.32     0.054  2
  16.77     0.006  1       37.20     0.034  2       57.63     0.054  2
  17.07     0.006  1       37.50     0.034  2       57.93     0.055  2
  17.38     0.007  1       37.81     0.034  2       58.24     0.055  2
  17.68     0.007  1       38.11     0.035  2       58.54     0.055  2
  17.99     0.007  1       38.42     0.035  2       58.85     0.055  2
  18.29     0.007  1       38.72     0.035  2       59.15     0.056  2
  18.60     0.008  1       39.03     0.036  2       59.46     0.056  2
  18.90     0.008  1       39.33     0.036  2       59.76     0.056  2
  19.21     0.008  1       39.64     0.036  2       60.07     0.056  2
  19.51     0.009  1       39.94     0.037  2       60.37     0.057  2
  19.82     0.009  1       40.25     0.037  2       60.68     0.057  2
  20.12     0.009  1       40.55     0.037  2       60.98     0.057  2
  20.43     0.010  1       40.86     0.038  2

note:  (+) soil loss - detachment     (-) soil loss - deposition



III. OFF SITE EFFECTS  OFF SITE EFFECTS  OFF SITE EFFECTS
     ----------------  ----------------  ----------------

     A.  AVERAGE ANNUAL SEDIMENT LEAVING PROFILE
             1.580   kg/m of width
           157.956     kg (based on profile width of    100.000      m)
             0.259   t/ha (assuming contributions from     0.610     ha)
     B.  SEDIMENT CHARACTERISTICS AND ENRICHMENT

     Sediment particle information leaving profile
-------------------------------------------------------------------------------
                                 Particle Composition         Detached Fraction
Class  Diameter  Specific  ---------------------------------  Sediment  In Flow
         (mm)    Gravity   % Sand   % Silt   % Clay   % O.M.  Fraction  Exiting
-------------------------------------------------------------------------------
  1     0.002      2.60      0.0      0.0    100.0     25.0     0.052    0.052
  2     0.010      2.65      0.0    100.0      0.0      0.0     0.092    0.092
  3     0.030      1.80      0.0     63.6     36.4      9.1     0.258    0.258
  4     0.400      1.60     67.2     20.8     12.0      3.0     0.451    0.451
  5     0.200      2.65    100.0      0.0      0.0      0.0     0.147    0.147
-------------------------------------------------------------------------------


     Average annual SSA enrichment ratio leaving profile =   1.00
