 Annual; detailed (Metric Units)                                        


          USDA WATER EROSION PREDICTION PROJECT
          -------------------------------------

          HILLSLOPE PROFILE AND WATERSHED MODEL
                     VERSION  2010.100
           January 28,      2010


               TO REPORT PROBLEMS OR TO BE PUT ON THE MAILING
               LIST FOR FUTURE WEPP MODEL RELEASES, PLEASE CONTACT:

                    WEPP TECHNICAL SUPPORT
                    USDA-AGRICULTURAL RESEARCH SERVICE
                    NATIONAL SOIL EROSION RESEARCH LABORATORY
                    275 SOUTH RUSSELL STREET
                    WEST LAFAYETTE, IN 47907-2077  USA

                    PHONE: (765) 494-8673
                      FAX: (765) 494-5948
                    email:  wepp@ecn.purdue.edu
                      URL:  http://topsoil.nserl.purdue.edu


     HILLSLOPE INPUT DATA FILES - VERSION  2010.100
      January 28,      2010


    MANAGEMENT: ../working/wepp-216260.man                        
 MAN. PRACTICE: Two OFEs for forest conditions                              
                W. Elliot 02/99                                             
                                                                            
         SLOPE: ../working/wepp-216260.slp                        
       CLIMATE: ../working/wepp-216260.cli                        
       Station:  PORTLAND WB AP OR                              CLIGEN VERSION  4.31
          SOIL: ../working/wepp-216260.sol                        
      PLANE  1 shrub               sandy loam          
      PLANE  2 YoungF              sandy loam          


     HILLSLOPE 1 YEARLY SUMMARY FOR    1
     ----------------------------------


I.   RAINFALL AND RUNOFF SUMMARY
     -------- --- ------ -------

      year:      1

         Rainfall         Storm Runoff        Melt Runoff
      events   amount   events   amount     events  amount
                (mm)              (mm)               (mm)

       141     991.10       0       0.00       0       0.00


II.  ON SITE EFFECTS  ON SITE EFFECTS  ON SITE EFFECTS
     ---------------  ---------------  ---------------




  C.  SOIL LOSS/DEPOSITION ALONG SLOPE PROFILE

          Profile distances are from top to bottom of hillslope


 distance soil  flow    distance   soil  flow    distance   soil  flow
    (m)   loss  elem       (m)     loss  elem       (m)     loss  elem
         (kg/m2)                  (kg/m2)                  (kg/m2)
------------------------------------------------------------------------

   0.04     0.000  1        2.59     0.000  1        5.14     0.000  2
   0.08     0.000  1        2.63     0.000  1        5.18     0.000  2
   0.11     0.000  1        2.67     0.000  1        5.22     0.000  2
   0.15     0.000  1        2.71     0.000  1        5.26     0.000  2
   0.19     0.000  1        2.74     0.000  1        5.30     0.000  2
   0.23     0.000  1        2.78     0.000  1        5.33     0.000  2
   0.27     0.000  1        2.82     0.000  1        5.37     0.000  2
   0.30     0.000  1        2.86     0.000  1        5.41     0.000  2
   0.34     0.000  1        2.90     0.000  1        5.45     0.000  2
   0.38     0.000  1        2.93     0.000  1        5.49     0.000  2
   0.42     0.000  1        2.97     0.000  1        5.52     0.000  2
   0.46     0.000  1        3.01     0.000  1        5.56     0.000  2
   0.50     0.000  1        3.05     0.000  1        5.60     0.000  2
   0.53     0.000  1        3.09     0.000  1        5.64     0.000  2
   0.57     0.000  1        3.12     0.000  1        5.68     0.000  2
   0.61     0.000  1        3.16     0.000  1        5.71     0.000  2
   0.65     0.000  1        3.20     0.000  1        5.75     0.000  2
   0.69     0.000  1        3.24     0.000  1        5.79     0.000  2
   0.72     0.000  1        3.28     0.000  1        5.83     0.000  2
   0.76     0.000  1        3.31     0.000  1        5.87     0.000  2
   0.80     0.000  1        3.35     0.000  1        5.91     0.000  2
   0.84     0.000  1        3.39     0.000  1        5.94     0.000  2
   0.88     0.000  1        3.43     0.000  1        5.98     0.000  2
   0.91     0.000  1        3.47     0.000  1        6.02     0.000  2
   0.95     0.000  1        3.51     0.000  1        6.06     0.000  2
   0.99     0.000  1        3.54     0.000  1        6.10     0.000  2
   1.03     0.000  1        3.58     0.000  1        6.13     0.000  2
   1.07     0.000  1        3.62     0.000  1        6.17     0.000  2
   1.10     0.000  1        3.66     0.000  1        6.21     0.000  2
   1.14     0.000  1        3.70     0.000  1        6.25     0.000  2
   1.18     0.000  1        3.73     0.000  1        6.29     0.000  2
   1.22     0.000  1        3.77     0.000  1        6.32     0.000  2
   1.26     0.000  1        3.81     0.000  1        6.36     0.000  2
   1.30     0.000  1        3.85     0.000  2        6.40     0.000  2
   1.33     0.000  1        3.89     0.000  2        6.44     0.000  2
   1.37     0.000  1        3.92     0.000  2        6.48     0.000  2
   1.41     0.000  1        3.96     0.000  2        6.52     0.000  2
   1.45     0.000  1        4.00     0.000  2        6.55     0.000  2
   1.49     0.000  1        4.04     0.000  2        6.59     0.000  2
   1.52     0.000  1        4.08     0.000  2        6.63     0.000  2
   1.56     0.000  1        4.11     0.000  2        6.67     0.000  2
   1.60     0.000  1        4.15     0.000  2        6.71     0.000  2
   1.64     0.000  1        4.19     0.000  2        6.74     0.000  2
   1.68     0.000  1        4.23     0.000  2        6.78     0.000  2
   1.71     0.000  1        4.27     0.000  2        6.82     0.000  2
   1.75     0.000  1        4.31     0.000  2        6.86     0.000  2
   1.79     0.000  1        4.34     0.000  2        6.90     0.000  2
   1.83     0.000  1        4.38     0.000  2        6.93     0.000  2
   1.87     0.000  1        4.42     0.000  2        6.97     0.000  2
   1.91     0.000  1        4.46     0.000  2        7.01     0.000  2
   1.94     0.000  1        4.50     0.000  2        7.05     0.000  2
   1.98     0.000  1        4.53     0.000  2        7.09     0.000  2
   2.02     0.000  1        4.57     0.000  2        7.12     0.000  2
   2.06     0.000  1        4.61     0.000  2        7.16     0.000  2
   2.10     0.000  1        4.65     0.000  2        7.20     0.000  2
   2.13     0.000  1        4.69     0.000  2        7.24     0.000  2
   2.17     0.000  1        4.72     0.000  2        7.28     0.000  2
   2.21     0.000  1        4.76     0.000  2        7.32     0.000  2
   2.25     0.000  1        4.80     0.000  2        7.35     0.000  2
   2.29     0.000  1        4.84     0.000  2        7.39     0.000  2
   2.32     0.000  1        4.88     0.000  2        7.43     0.000  2
   2.36     0.000  1        4.91     0.000  2        7.47     0.000  2
   2.40     0.000  1        4.95     0.000  2        7.51     0.000  2
   2.44     0.000  1        4.99     0.000  2        7.54     0.000  2
   2.48     0.000  1        5.03     0.000  2        7.58     0.000  2
   2.51     0.000  1        5.07     0.000  2        7.62     0.000  2
   2.55     0.000  1        5.11     0.000  2

note:  (+) soil loss - detachment     (-) soil loss - deposition



III. OFF SITE EFFECTS  OFF SITE EFFECTS  OFF SITE EFFECTS
     ----------------  ----------------  ----------------

     A.  SEDIMENT LEAVING PROFILE for year    1     0.000 kg/m



     B.  SEDIMENT CHARACTERISTICS AND ENRICHMENT

     Sediment particle information leaving profile
-------------------------------------------------------------------------------
                                 Particle Composition         Detached Fraction
Class  Diameter  Specific  ---------------------------------  Sediment  In Flow
         (mm)    Gravity   % Sand   % Silt   % Clay   % O.M.  Fraction  Exiting
-------------------------------------------------------------------------------
  1     0.002      2.60      0.0      0.0    100.0     50.0     0.026    0.000
  2     0.010      2.65      0.0    100.0      0.0      0.0     0.070    0.000
  3     0.030      1.80      0.0     71.4     28.6     14.3     0.180    0.000
  4     0.300      1.60     78.2     15.1      6.6      3.3     0.340    0.000
  5     0.200      2.65    100.0      0.0      0.0      0.0     0.384    0.000
-------------------------------------------------------------------------------


     Weighted SSA enrichment ratio leaving profile for year    1 =   0.00


     HILLSLOPE 1 YEARLY SUMMARY FOR    2
     ----------------------------------


I.   RAINFALL AND RUNOFF SUMMARY
     -------- --- ------ -------

      year:      2

         Rainfall         Storm Runoff        Melt Runoff
      events   amount   events   amount     events  amount
                (mm)              (mm)               (mm)

       153     970.30       0       0.00       0       0.00


II.  ON SITE EFFECTS  ON SITE EFFECTS  ON SITE EFFECTS
     ---------------  ---------------  ---------------




  C.  SOIL LOSS/DEPOSITION ALONG SLOPE PROFILE

          Profile distances are from top to bottom of hillslope


 distance soil  flow    distance   soil  flow    distance   soil  flow
    (m)   loss  elem       (m)     loss  elem       (m)     loss  elem
         (kg/m2)                  (kg/m2)                  (kg/m2)
------------------------------------------------------------------------

   0.04     0.000  1        2.59     0.000  1        5.14     0.000  2
   0.08     0.000  1        2.63     0.000  1        5.18     0.000  2
   0.11     0.000  1        2.67     0.000  1        5.22     0.000  2
   0.15     0.000  1        2.71     0.000  1        5.26     0.000  2
   0.19     0.000  1        2.74     0.000  1        5.30     0.000  2
   0.23     0.000  1        2.78     0.000  1        5.33     0.000  2
   0.27     0.000  1        2.82     0.000  1        5.37     0.000  2
   0.30     0.000  1        2.86     0.000  1        5.41     0.000  2
   0.34     0.000  1        2.90     0.000  1        5.45     0.000  2
   0.38     0.000  1        2.93     0.000  1        5.49     0.000  2
   0.42     0.000  1        2.97     0.000  1        5.52     0.000  2
   0.46     0.000  1        3.01     0.000  1        5.56     0.000  2
   0.50     0.000  1        3.05     0.000  1        5.60     0.000  2
   0.53     0.000  1        3.09     0.000  1        5.64     0.000  2
   0.57     0.000  1        3.12     0.000  1        5.68     0.000  2
   0.61     0.000  1        3.16     0.000  1        5.71     0.000  2
   0.65     0.000  1        3.20     0.000  1        5.75     0.000  2
   0.69     0.000  1        3.24     0.000  1        5.79     0.000  2
   0.72     0.000  1        3.28     0.000  1        5.83     0.000  2
   0.76     0.000  1        3.31     0.000  1        5.87     0.000  2
   0.80     0.000  1        3.35     0.000  1        5.91     0.000  2
   0.84     0.000  1        3.39     0.000  1        5.94     0.000  2
   0.88     0.000  1        3.43     0.000  1        5.98     0.000  2
   0.91     0.000  1        3.47     0.000  1        6.02     0.000  2
   0.95     0.000  1        3.51     0.000  1        6.06     0.000  2
   0.99     0.000  1        3.54     0.000  1        6.10     0.000  2
   1.03     0.000  1        3.58     0.000  1        6.13     0.000  2
   1.07     0.000  1        3.62     0.000  1        6.17     0.000  2
   1.10     0.000  1        3.66     0.000  1        6.21     0.000  2
   1.14     0.000  1        3.70     0.000  1        6.25     0.000  2
   1.18     0.000  1        3.73     0.000  1        6.29     0.000  2
   1.22     0.000  1        3.77     0.000  1        6.32     0.000  2
   1.26     0.000  1        3.81     0.000  1        6.36     0.000  2
   1.30     0.000  1        3.85     0.000  2        6.40     0.000  2
   1.33     0.000  1        3.89     0.000  2        6.44     0.000  2
   1.37     0.000  1        3.92     0.000  2        6.48     0.000  2
   1.41     0.000  1        3.96     0.000  2        6.52     0.000  2
   1.45     0.000  1        4.00     0.000  2        6.55     0.000  2
   1.49     0.000  1        4.04     0.000  2        6.59     0.000  2
   1.52     0.000  1        4.08     0.000  2        6.63     0.000  2
   1.56     0.000  1        4.11     0.000  2        6.67     0.000  2
   1.60     0.000  1        4.15     0.000  2        6.71     0.000  2
   1.64     0.000  1        4.19     0.000  2        6.74     0.000  2
   1.68     0.000  1        4.23     0.000  2        6.78     0.000  2
   1.71     0.000  1        4.27     0.000  2        6.82     0.000  2
   1.75     0.000  1        4.31     0.000  2        6.86     0.000  2
   1.79     0.000  1        4.34     0.000  2        6.90     0.000  2
   1.83     0.000  1        4.38     0.000  2        6.93     0.000  2
   1.87     0.000  1        4.42     0.000  2        6.97     0.000  2
   1.91     0.000  1        4.46     0.000  2        7.01     0.000  2
   1.94     0.000  1        4.50     0.000  2        7.05     0.000  2
   1.98     0.000  1        4.53     0.000  2        7.09     0.000  2
   2.02     0.000  1        4.57     0.000  2        7.12     0.000  2
   2.06     0.000  1        4.61     0.000  2        7.16     0.000  2
   2.10     0.000  1        4.65     0.000  2        7.20     0.000  2
   2.13     0.000  1        4.69     0.000  2        7.24     0.000  2
   2.17     0.000  1        4.72     0.000  2        7.28     0.000  2
   2.21     0.000  1        4.76     0.000  2        7.32     0.000  2
   2.25     0.000  1        4.80     0.000  2        7.35     0.000  2
   2.29     0.000  1        4.84     0.000  2        7.39     0.000  2
   2.32     0.000  1        4.88     0.000  2        7.43     0.000  2
   2.36     0.000  1        4.91     0.000  2        7.47     0.000  2
   2.40     0.000  1        4.95     0.000  2        7.51     0.000  2
   2.44     0.000  1        4.99     0.000  2        7.54     0.000  2
   2.48     0.000  1        5.03     0.000  2        7.58     0.000  2
   2.51     0.000  1        5.07     0.000  2        7.62     0.000  2
   2.55     0.000  1        5.11     0.000  2

note:  (+) soil loss - detachment     (-) soil loss - deposition



III. OFF SITE EFFECTS  OFF SITE EFFECTS  OFF SITE EFFECTS
     ----------------  ----------------  ----------------

     A.  SEDIMENT LEAVING PROFILE for year    2     0.000 kg/m



     B.  SEDIMENT CHARACTERISTICS AND ENRICHMENT

     Sediment particle information leaving profile
-------------------------------------------------------------------------------
                                 Particle Composition         Detached Fraction
Class  Diameter  Specific  ---------------------------------  Sediment  In Flow
         (mm)    Gravity   % Sand   % Silt   % Clay   % O.M.  Fraction  Exiting
-------------------------------------------------------------------------------
  1     0.002      2.60      0.0      0.0    100.0     50.0     0.026    0.000
  2     0.010      2.65      0.0    100.0      0.0      0.0     0.070    0.000
  3     0.030      1.80      0.0     71.4     28.6     14.3     0.180    0.000
  4     0.300      1.60     78.2     15.1      6.6      3.3     0.340    0.000
  5     0.200      2.65    100.0      0.0      0.0      0.0     0.384    0.000
-------------------------------------------------------------------------------


     Weighted SSA enrichment ratio leaving profile for year    2 =   0.00


     HILLSLOPE 1 YEARLY SUMMARY FOR    3
     ----------------------------------


I.   RAINFALL AND RUNOFF SUMMARY
     -------- --- ------ -------

      year:      3

         Rainfall         Storm Runoff        Melt Runoff
      events   amount   events   amount     events  amount
                (mm)              (mm)               (mm)

       118     884.50       0       0.00       0       0.00


II.  ON SITE EFFECTS  ON SITE EFFECTS  ON SITE EFFECTS
     ---------------  ---------------  ---------------




  C.  SOIL LOSS/DEPOSITION ALONG SLOPE PROFILE

          Profile distances are from top to bottom of hillslope


 distance soil  flow    distance   soil  flow    distance   soil  flow
    (m)   loss  elem       (m)     loss  elem       (m)     loss  elem
         (kg/m2)                  (kg/m2)                  (kg/m2)
------------------------------------------------------------------------

   0.04     0.000  1        2.59     0.000  1        5.14     0.000  2
   0.08     0.000  1        2.63     0.000  1        5.18     0.000  2
   0.11     0.000  1        2.67     0.000  1        5.22     0.000  2
   0.15     0.000  1        2.71     0.000  1        5.26     0.000  2
   0.19     0.000  1        2.74     0.000  1        5.30     0.000  2
   0.23     0.000  1        2.78     0.000  1        5.33     0.000  2
   0.27     0.000  1        2.82     0.000  1        5.37     0.000  2
   0.30     0.000  1        2.86     0.000  1        5.41     0.000  2
   0.34     0.000  1        2.90     0.000  1        5.45     0.000  2
   0.38     0.000  1        2.93     0.000  1        5.49     0.000  2
   0.42     0.000  1        2.97     0.000  1        5.52     0.000  2
   0.46     0.000  1        3.01     0.000  1        5.56     0.000  2
   0.50     0.000  1        3.05     0.000  1        5.60     0.000  2
   0.53     0.000  1        3.09     0.000  1        5.64     0.000  2
   0.57     0.000  1        3.12     0.000  1        5.68     0.000  2
   0.61     0.000  1        3.16     0.000  1        5.71     0.000  2
   0.65     0.000  1        3.20     0.000  1        5.75     0.000  2
   0.69     0.000  1        3.24     0.000  1        5.79     0.000  2
   0.72     0.000  1        3.28     0.000  1        5.83     0.000  2
   0.76     0.000  1        3.31     0.000  1        5.87     0.000  2
   0.80     0.000  1        3.35     0.000  1        5.91     0.000  2
   0.84     0.000  1        3.39     0.000  1        5.94     0.000  2
   0.88     0.000  1        3.43     0.000  1        5.98     0.000  2
   0.91     0.000  1        3.47     0.000  1        6.02     0.000  2
   0.95     0.000  1        3.51     0.000  1        6.06     0.000  2
   0.99     0.000  1        3.54     0.000  1        6.10     0.000  2
   1.03     0.000  1        3.58     0.000  1        6.13     0.000  2
   1.07     0.000  1        3.62     0.000  1        6.17     0.000  2
   1.10     0.000  1        3.66     0.000  1        6.21     0.000  2
   1.14     0.000  1        3.70     0.000  1        6.25     0.000  2
   1.18     0.000  1        3.73     0.000  1        6.29     0.000  2
   1.22     0.000  1        3.77     0.000  1        6.32     0.000  2
   1.26     0.000  1        3.81     0.000  1        6.36     0.000  2
   1.30     0.000  1        3.85     0.000  2        6.40     0.000  2
   1.33     0.000  1        3.89     0.000  2        6.44     0.000  2
   1.37     0.000  1        3.92     0.000  2        6.48     0.000  2
   1.41     0.000  1        3.96     0.000  2        6.52     0.000  2
   1.45     0.000  1        4.00     0.000  2        6.55     0.000  2
   1.49     0.000  1        4.04     0.000  2        6.59     0.000  2
   1.52     0.000  1        4.08     0.000  2        6.63     0.000  2
   1.56     0.000  1        4.11     0.000  2        6.67     0.000  2
   1.60     0.000  1        4.15     0.000  2        6.71     0.000  2
   1.64     0.000  1        4.19     0.000  2        6.74     0.000  2
   1.68     0.000  1        4.23     0.000  2        6.78     0.000  2
   1.71     0.000  1        4.27     0.000  2        6.82     0.000  2
   1.75     0.000  1        4.31     0.000  2        6.86     0.000  2
   1.79     0.000  1        4.34     0.000  2        6.90     0.000  2
   1.83     0.000  1        4.38     0.000  2        6.93     0.000  2
   1.87     0.000  1        4.42     0.000  2        6.97     0.000  2
   1.91     0.000  1        4.46     0.000  2        7.01     0.000  2
   1.94     0.000  1        4.50     0.000  2        7.05     0.000  2
   1.98     0.000  1        4.53     0.000  2        7.09     0.000  2
   2.02     0.000  1        4.57     0.000  2        7.12     0.000  2
   2.06     0.000  1        4.61     0.000  2        7.16     0.000  2
   2.10     0.000  1        4.65     0.000  2        7.20     0.000  2
   2.13     0.000  1        4.69     0.000  2        7.24     0.000  2
   2.17     0.000  1        4.72     0.000  2        7.28     0.000  2
   2.21     0.000  1        4.76     0.000  2        7.32     0.000  2
   2.25     0.000  1        4.80     0.000  2        7.35     0.000  2
   2.29     0.000  1        4.84     0.000  2        7.39     0.000  2
   2.32     0.000  1        4.88     0.000  2        7.43     0.000  2
   2.36     0.000  1        4.91     0.000  2        7.47     0.000  2
   2.40     0.000  1        4.95     0.000  2        7.51     0.000  2
   2.44     0.000  1        4.99     0.000  2        7.54     0.000  2
   2.48     0.000  1        5.03     0.000  2        7.58     0.000  2
   2.51     0.000  1        5.07     0.000  2        7.62     0.000  2
   2.55     0.000  1        5.11     0.000  2

note:  (+) soil loss - detachment     (-) soil loss - deposition



III. OFF SITE EFFECTS  OFF SITE EFFECTS  OFF SITE EFFECTS
     ----------------  ----------------  ----------------

     A.  SEDIMENT LEAVING PROFILE for year    3     0.000 kg/m



     B.  SEDIMENT CHARACTERISTICS AND ENRICHMENT

     Sediment particle information leaving profile
-------------------------------------------------------------------------------
                                 Particle Composition         Detached Fraction
Class  Diameter  Specific  ---------------------------------  Sediment  In Flow
         (mm)    Gravity   % Sand   % Silt   % Clay   % O.M.  Fraction  Exiting
-------------------------------------------------------------------------------
  1     0.002      2.60      0.0      0.0    100.0     50.0     0.026    0.000
  2     0.010      2.65      0.0    100.0      0.0      0.0     0.070    0.000
  3     0.030      1.80      0.0     71.4     28.6     14.3     0.180    0.000
  4     0.300      1.60     78.2     15.1      6.6      3.3     0.340    0.000
  5     0.200      2.65    100.0      0.0      0.0      0.0     0.384    0.000
-------------------------------------------------------------------------------


     Weighted SSA enrichment ratio leaving profile for year    3 =   0.00


     HILLSLOPE 1 YEARLY SUMMARY FOR    4
     ----------------------------------


I.   RAINFALL AND RUNOFF SUMMARY
     -------- --- ------ -------

      year:      4

         Rainfall         Storm Runoff        Melt Runoff
      events   amount   events   amount     events  amount
                (mm)              (mm)               (mm)

       136     928.20       0       0.00       0       0.00


II.  ON SITE EFFECTS  ON SITE EFFECTS  ON SITE EFFECTS
     ---------------  ---------------  ---------------




  C.  SOIL LOSS/DEPOSITION ALONG SLOPE PROFILE

          Profile distances are from top to bottom of hillslope


 distance soil  flow    distance   soil  flow    distance   soil  flow
    (m)   loss  elem       (m)     loss  elem       (m)     loss  elem
         (kg/m2)                  (kg/m2)                  (kg/m2)
------------------------------------------------------------------------

   0.04     0.000  1        2.59     0.000  1        5.14     0.000  2
   0.08     0.000  1        2.63     0.000  1        5.18     0.000  2
   0.11     0.000  1        2.67     0.000  1        5.22     0.000  2
   0.15     0.000  1        2.71     0.000  1        5.26     0.000  2
   0.19     0.000  1        2.74     0.000  1        5.30     0.000  2
   0.23     0.000  1        2.78     0.000  1        5.33     0.000  2
   0.27     0.000  1        2.82     0.000  1        5.37     0.000  2
   0.30     0.000  1        2.86     0.000  1        5.41     0.000  2
   0.34     0.000  1        2.90     0.000  1        5.45     0.000  2
   0.38     0.000  1        2.93     0.000  1        5.49     0.000  2
   0.42     0.000  1        2.97     0.000  1        5.52     0.000  2
   0.46     0.000  1        3.01     0.000  1        5.56     0.000  2
   0.50     0.000  1        3.05     0.000  1        5.60     0.000  2
   0.53     0.000  1        3.09     0.000  1        5.64     0.000  2
   0.57     0.000  1        3.12     0.000  1        5.68     0.000  2
   0.61     0.000  1        3.16     0.000  1        5.71     0.000  2
   0.65     0.000  1        3.20     0.000  1        5.75     0.000  2
   0.69     0.000  1        3.24     0.000  1        5.79     0.000  2
   0.72     0.000  1        3.28     0.000  1        5.83     0.000  2
   0.76     0.000  1        3.31     0.000  1        5.87     0.000  2
   0.80     0.000  1        3.35     0.000  1        5.91     0.000  2
   0.84     0.000  1        3.39     0.000  1        5.94     0.000  2
   0.88     0.000  1        3.43     0.000  1        5.98     0.000  2
   0.91     0.000  1        3.47     0.000  1        6.02     0.000  2
   0.95     0.000  1        3.51     0.000  1        6.06     0.000  2
   0.99     0.000  1        3.54     0.000  1        6.10     0.000  2
   1.03     0.000  1        3.58     0.000  1        6.13     0.000  2
   1.07     0.000  1        3.62     0.000  1        6.17     0.000  2
   1.10     0.000  1        3.66     0.000  1        6.21     0.000  2
   1.14     0.000  1        3.70     0.000  1        6.25     0.000  2
   1.18     0.000  1        3.73     0.000  1        6.29     0.000  2
   1.22     0.000  1        3.77     0.000  1        6.32     0.000  2
   1.26     0.000  1        3.81     0.000  1        6.36     0.000  2
   1.30     0.000  1        3.85     0.000  2        6.40     0.000  2
   1.33     0.000  1        3.89     0.000  2        6.44     0.000  2
   1.37     0.000  1        3.92     0.000  2        6.48     0.000  2
   1.41     0.000  1        3.96     0.000  2        6.52     0.000  2
   1.45     0.000  1        4.00     0.000  2        6.55     0.000  2
   1.49     0.000  1        4.04     0.000  2        6.59     0.000  2
   1.52     0.000  1        4.08     0.000  2        6.63     0.000  2
   1.56     0.000  1        4.11     0.000  2        6.67     0.000  2
   1.60     0.000  1        4.15     0.000  2        6.71     0.000  2
   1.64     0.000  1        4.19     0.000  2        6.74     0.000  2
   1.68     0.000  1        4.23     0.000  2        6.78     0.000  2
   1.71     0.000  1        4.27     0.000  2        6.82     0.000  2
   1.75     0.000  1        4.31     0.000  2        6.86     0.000  2
   1.79     0.000  1        4.34     0.000  2        6.90     0.000  2
   1.83     0.000  1        4.38     0.000  2        6.93     0.000  2
   1.87     0.000  1        4.42     0.000  2        6.97     0.000  2
   1.91     0.000  1        4.46     0.000  2        7.01     0.000  2
   1.94     0.000  1        4.50     0.000  2        7.05     0.000  2
   1.98     0.000  1        4.53     0.000  2        7.09     0.000  2
   2.02     0.000  1        4.57     0.000  2        7.12     0.000  2
   2.06     0.000  1        4.61     0.000  2        7.16     0.000  2
   2.10     0.000  1        4.65     0.000  2        7.20     0.000  2
   2.13     0.000  1        4.69     0.000  2        7.24     0.000  2
   2.17     0.000  1        4.72     0.000  2        7.28     0.000  2
   2.21     0.000  1        4.76     0.000  2        7.32     0.000  2
   2.25     0.000  1        4.80     0.000  2        7.35     0.000  2
   2.29     0.000  1        4.84     0.000  2        7.39     0.000  2
   2.32     0.000  1        4.88     0.000  2        7.43     0.000  2
   2.36     0.000  1        4.91     0.000  2        7.47     0.000  2
   2.40     0.000  1        4.95     0.000  2        7.51     0.000  2
   2.44     0.000  1        4.99     0.000  2        7.54     0.000  2
   2.48     0.000  1        5.03     0.000  2        7.58     0.000  2
   2.51     0.000  1        5.07     0.000  2        7.62     0.000  2
   2.55     0.000  1        5.11     0.000  2

note:  (+) soil loss - detachment     (-) soil loss - deposition



III. OFF SITE EFFECTS  OFF SITE EFFECTS  OFF SITE EFFECTS
     ----------------  ----------------  ----------------

     A.  SEDIMENT LEAVING PROFILE for year    4     0.000 kg/m



     B.  SEDIMENT CHARACTERISTICS AND ENRICHMENT

     Sediment particle information leaving profile
-------------------------------------------------------------------------------
                                 Particle Composition         Detached Fraction
Class  Diameter  Specific  ---------------------------------  Sediment  In Flow
         (mm)    Gravity   % Sand   % Silt   % Clay   % O.M.  Fraction  Exiting
-------------------------------------------------------------------------------
  1     0.002      2.60      0.0      0.0    100.0     50.0     0.026    0.000
  2     0.010      2.65      0.0    100.0      0.0      0.0     0.070    0.000
  3     0.030      1.80      0.0     71.4     28.6     14.3     0.180    0.000
  4     0.300      1.60     78.2     15.1      6.6      3.3     0.340    0.000
  5     0.200      2.65    100.0      0.0      0.0      0.0     0.384    0.000
-------------------------------------------------------------------------------


     Weighted SSA enrichment ratio leaving profile for year    4 =   0.00


     HILLSLOPE 1 YEARLY SUMMARY FOR    5
     ----------------------------------


I.   RAINFALL AND RUNOFF SUMMARY
     -------- --- ------ -------

      year:      5

         Rainfall         Storm Runoff        Melt Runoff
      events   amount   events   amount     events  amount
                (mm)              (mm)               (mm)

       143     975.90       0       0.00       0       0.00


II.  ON SITE EFFECTS  ON SITE EFFECTS  ON SITE EFFECTS
     ---------------  ---------------  ---------------




  C.  SOIL LOSS/DEPOSITION ALONG SLOPE PROFILE

          Profile distances are from top to bottom of hillslope


 distance soil  flow    distance   soil  flow    distance   soil  flow
    (m)   loss  elem       (m)     loss  elem       (m)     loss  elem
         (kg/m2)                  (kg/m2)                  (kg/m2)
------------------------------------------------------------------------

   0.04     0.000  1        2.59     0.000  1        5.14     0.000  2
   0.08     0.000  1        2.63     0.000  1        5.18     0.000  2
   0.11     0.000  1        2.67     0.000  1        5.22     0.000  2
   0.15     0.000  1        2.71     0.000  1        5.26     0.000  2
   0.19     0.000  1        2.74     0.000  1        5.30     0.000  2
   0.23     0.000  1        2.78     0.000  1        5.33     0.000  2
   0.27     0.000  1        2.82     0.000  1        5.37     0.000  2
   0.30     0.000  1        2.86     0.000  1        5.41     0.000  2
   0.34     0.000  1        2.90     0.000  1        5.45     0.000  2
   0.38     0.000  1        2.93     0.000  1        5.49     0.000  2
   0.42     0.000  1        2.97     0.000  1        5.52     0.000  2
   0.46     0.000  1        3.01     0.000  1        5.56     0.000  2
   0.50     0.000  1        3.05     0.000  1        5.60     0.000  2
   0.53     0.000  1        3.09     0.000  1        5.64     0.000  2
   0.57     0.000  1        3.12     0.000  1        5.68     0.000  2
   0.61     0.000  1        3.16     0.000  1        5.71     0.000  2
   0.65     0.000  1        3.20     0.000  1        5.75     0.000  2
   0.69     0.000  1        3.24     0.000  1        5.79     0.000  2
   0.72     0.000  1        3.28     0.000  1        5.83     0.000  2
   0.76     0.000  1        3.31     0.000  1        5.87     0.000  2
   0.80     0.000  1        3.35     0.000  1        5.91     0.000  2
   0.84     0.000  1        3.39     0.000  1        5.94     0.000  2
   0.88     0.000  1        3.43     0.000  1        5.98     0.000  2
   0.91     0.000  1        3.47     0.000  1        6.02     0.000  2
   0.95     0.000  1        3.51     0.000  1        6.06     0.000  2
   0.99     0.000  1        3.54     0.000  1        6.10     0.000  2
   1.03     0.000  1        3.58     0.000  1        6.13     0.000  2
   1.07     0.000  1        3.62     0.000  1        6.17     0.000  2
   1.10     0.000  1        3.66     0.000  1        6.21     0.000  2
   1.14     0.000  1        3.70     0.000  1        6.25     0.000  2
   1.18     0.000  1        3.73     0.000  1        6.29     0.000  2
   1.22     0.000  1        3.77     0.000  1        6.32     0.000  2
   1.26     0.000  1        3.81     0.000  1        6.36     0.000  2
   1.30     0.000  1        3.85     0.000  2        6.40     0.000  2
   1.33     0.000  1        3.89     0.000  2        6.44     0.000  2
   1.37     0.000  1        3.92     0.000  2        6.48     0.000  2
   1.41     0.000  1        3.96     0.000  2        6.52     0.000  2
   1.45     0.000  1        4.00     0.000  2        6.55     0.000  2
   1.49     0.000  1        4.04     0.000  2        6.59     0.000  2
   1.52     0.000  1        4.08     0.000  2        6.63     0.000  2
   1.56     0.000  1        4.11     0.000  2        6.67     0.000  2
   1.60     0.000  1        4.15     0.000  2        6.71     0.000  2
   1.64     0.000  1        4.19     0.000  2        6.74     0.000  2
   1.68     0.000  1        4.23     0.000  2        6.78     0.000  2
   1.71     0.000  1        4.27     0.000  2        6.82     0.000  2
   1.75     0.000  1        4.31     0.000  2        6.86     0.000  2
   1.79     0.000  1        4.34     0.000  2        6.90     0.000  2
   1.83     0.000  1        4.38     0.000  2        6.93     0.000  2
   1.87     0.000  1        4.42     0.000  2        6.97     0.000  2
   1.91     0.000  1        4.46     0.000  2        7.01     0.000  2
   1.94     0.000  1        4.50     0.000  2        7.05     0.000  2
   1.98     0.000  1        4.53     0.000  2        7.09     0.000  2
   2.02     0.000  1        4.57     0.000  2        7.12     0.000  2
   2.06     0.000  1        4.61     0.000  2        7.16     0.000  2
   2.10     0.000  1        4.65     0.000  2        7.20     0.000  2
   2.13     0.000  1        4.69     0.000  2        7.24     0.000  2
   2.17     0.000  1        4.72     0.000  2        7.28     0.000  2
   2.21     0.000  1        4.76     0.000  2        7.32     0.000  2
   2.25     0.000  1        4.80     0.000  2        7.35     0.000  2
   2.29     0.000  1        4.84     0.000  2        7.39     0.000  2
   2.32     0.000  1        4.88     0.000  2        7.43     0.000  2
   2.36     0.000  1        4.91     0.000  2        7.47     0.000  2
   2.40     0.000  1        4.95     0.000  2        7.51     0.000  2
   2.44     0.000  1        4.99     0.000  2        7.54     0.000  2
   2.48     0.000  1        5.03     0.000  2        7.58     0.000  2
   2.51     0.000  1        5.07     0.000  2        7.62     0.000  2
   2.55     0.000  1        5.11     0.000  2

note:  (+) soil loss - detachment     (-) soil loss - deposition



III. OFF SITE EFFECTS  OFF SITE EFFECTS  OFF SITE EFFECTS
     ----------------  ----------------  ----------------

     A.  SEDIMENT LEAVING PROFILE for year    5     0.000 kg/m



     B.  SEDIMENT CHARACTERISTICS AND ENRICHMENT

     Sediment particle information leaving profile
-------------------------------------------------------------------------------
                                 Particle Composition         Detached Fraction
Class  Diameter  Specific  ---------------------------------  Sediment  In Flow
         (mm)    Gravity   % Sand   % Silt   % Clay   % O.M.  Fraction  Exiting
-------------------------------------------------------------------------------
  1     0.002      2.60      0.0      0.0    100.0     50.0     0.026    0.000
  2     0.010      2.65      0.0    100.0      0.0      0.0     0.070    0.000
  3     0.030      1.80      0.0     71.4     28.6     14.3     0.180    0.000
  4     0.300      1.60     78.2     15.1      6.6      3.3     0.340    0.000
  5     0.200      2.65    100.0      0.0      0.0      0.0     0.384    0.000
-------------------------------------------------------------------------------


     Weighted SSA enrichment ratio leaving profile for year    5 =   0.00


     HILLSLOPE 1 YEARLY SUMMARY FOR    6
     ----------------------------------


I.   RAINFALL AND RUNOFF SUMMARY
     -------- --- ------ -------

      year:      6

         Rainfall         Storm Runoff        Melt Runoff
      events   amount   events   amount     events  amount
                (mm)              (mm)               (mm)

       155     835.80       0       0.00       0       0.00


II.  ON SITE EFFECTS  ON SITE EFFECTS  ON SITE EFFECTS
     ---------------  ---------------  ---------------




  C.  SOIL LOSS/DEPOSITION ALONG SLOPE PROFILE

          Profile distances are from top to bottom of hillslope


 distance soil  flow    distance   soil  flow    distance   soil  flow
    (m)   loss  elem       (m)     loss  elem       (m)     loss  elem
         (kg/m2)                  (kg/m2)                  (kg/m2)
------------------------------------------------------------------------

   0.04     0.000  1        2.59     0.000  1        5.14     0.000  2
   0.08     0.000  1        2.63     0.000  1        5.18     0.000  2
   0.11     0.000  1        2.67     0.000  1        5.22     0.000  2
   0.15     0.000  1        2.71     0.000  1        5.26     0.000  2
   0.19     0.000  1        2.74     0.000  1        5.30     0.000  2
   0.23     0.000  1        2.78     0.000  1        5.33     0.000  2
   0.27     0.000  1        2.82     0.000  1        5.37     0.000  2
   0.30     0.000  1        2.86     0.000  1        5.41     0.000  2
   0.34     0.000  1        2.90     0.000  1        5.45     0.000  2
   0.38     0.000  1        2.93     0.000  1        5.49     0.000  2
   0.42     0.000  1        2.97     0.000  1        5.52     0.000  2
   0.46     0.000  1        3.01     0.000  1        5.56     0.000  2
   0.50     0.000  1        3.05     0.000  1        5.60     0.000  2
   0.53     0.000  1        3.09     0.000  1        5.64     0.000  2
   0.57     0.000  1        3.12     0.000  1        5.68     0.000  2
   0.61     0.000  1        3.16     0.000  1        5.71     0.000  2
   0.65     0.000  1        3.20     0.000  1        5.75     0.000  2
   0.69     0.000  1        3.24     0.000  1        5.79     0.000  2
   0.72     0.000  1        3.28     0.000  1        5.83     0.000  2
   0.76     0.000  1        3.31     0.000  1        5.87     0.000  2
   0.80     0.000  1        3.35     0.000  1        5.91     0.000  2
   0.84     0.000  1        3.39     0.000  1        5.94     0.000  2
   0.88     0.000  1        3.43     0.000  1        5.98     0.000  2
   0.91     0.000  1        3.47     0.000  1        6.02     0.000  2
   0.95     0.000  1        3.51     0.000  1        6.06     0.000  2
   0.99     0.000  1        3.54     0.000  1        6.10     0.000  2
   1.03     0.000  1        3.58     0.000  1        6.13     0.000  2
   1.07     0.000  1        3.62     0.000  1        6.17     0.000  2
   1.10     0.000  1        3.66     0.000  1        6.21     0.000  2
   1.14     0.000  1        3.70     0.000  1        6.25     0.000  2
   1.18     0.000  1        3.73     0.000  1        6.29     0.000  2
   1.22     0.000  1        3.77     0.000  1        6.32     0.000  2
   1.26     0.000  1        3.81     0.000  1        6.36     0.000  2
   1.30     0.000  1        3.85     0.000  2        6.40     0.000  2
   1.33     0.000  1        3.89     0.000  2        6.44     0.000  2
   1.37     0.000  1        3.92     0.000  2        6.48     0.000  2
   1.41     0.000  1        3.96     0.000  2        6.52     0.000  2
   1.45     0.000  1        4.00     0.000  2        6.55     0.000  2
   1.49     0.000  1        4.04     0.000  2        6.59     0.000  2
   1.52     0.000  1        4.08     0.000  2        6.63     0.000  2
   1.56     0.000  1        4.11     0.000  2        6.67     0.000  2
   1.60     0.000  1        4.15     0.000  2        6.71     0.000  2
   1.64     0.000  1        4.19     0.000  2        6.74     0.000  2
   1.68     0.000  1        4.23     0.000  2        6.78     0.000  2
   1.71     0.000  1        4.27     0.000  2        6.82     0.000  2
   1.75     0.000  1        4.31     0.000  2        6.86     0.000  2
   1.79     0.000  1        4.34     0.000  2        6.90     0.000  2
   1.83     0.000  1        4.38     0.000  2        6.93     0.000  2
   1.87     0.000  1        4.42     0.000  2        6.97     0.000  2
   1.91     0.000  1        4.46     0.000  2        7.01     0.000  2
   1.94     0.000  1        4.50     0.000  2        7.05     0.000  2
   1.98     0.000  1        4.53     0.000  2        7.09     0.000  2
   2.02     0.000  1        4.57     0.000  2        7.12     0.000  2
   2.06     0.000  1        4.61     0.000  2        7.16     0.000  2
   2.10     0.000  1        4.65     0.000  2        7.20     0.000  2
   2.13     0.000  1        4.69     0.000  2        7.24     0.000  2
   2.17     0.000  1        4.72     0.000  2        7.28     0.000  2
   2.21     0.000  1        4.76     0.000  2        7.32     0.000  2
   2.25     0.000  1        4.80     0.000  2        7.35     0.000  2
   2.29     0.000  1        4.84     0.000  2        7.39     0.000  2
   2.32     0.000  1        4.88     0.000  2        7.43     0.000  2
   2.36     0.000  1        4.91     0.000  2        7.47     0.000  2
   2.40     0.000  1        4.95     0.000  2        7.51     0.000  2
   2.44     0.000  1        4.99     0.000  2        7.54     0.000  2
   2.48     0.000  1        5.03     0.000  2        7.58     0.000  2
   2.51     0.000  1        5.07     0.000  2        7.62     0.000  2
   2.55     0.000  1        5.11     0.000  2

note:  (+) soil loss - detachment     (-) soil loss - deposition



III. OFF SITE EFFECTS  OFF SITE EFFECTS  OFF SITE EFFECTS
     ----------------  ----------------  ----------------

     A.  SEDIMENT LEAVING PROFILE for year    6     0.000 kg/m



     B.  SEDIMENT CHARACTERISTICS AND ENRICHMENT

     Sediment particle information leaving profile
-------------------------------------------------------------------------------
                                 Particle Composition         Detached Fraction
Class  Diameter  Specific  ---------------------------------  Sediment  In Flow
         (mm)    Gravity   % Sand   % Silt   % Clay   % O.M.  Fraction  Exiting
-------------------------------------------------------------------------------
  1     0.002      2.60      0.0      0.0    100.0     50.0     0.026    0.000
  2     0.010      2.65      0.0    100.0      0.0      0.0     0.070    0.000
  3     0.030      1.80      0.0     71.4     28.6     14.3     0.180    0.000
  4     0.300      1.60     78.2     15.1      6.6      3.3     0.340    0.000
  5     0.200      2.65    100.0      0.0      0.0      0.0     0.384    0.000
-------------------------------------------------------------------------------


     Weighted SSA enrichment ratio leaving profile for year    6 =   0.00


     HILLSLOPE 1 YEARLY SUMMARY FOR    7
     ----------------------------------


I.   RAINFALL AND RUNOFF SUMMARY
     -------- --- ------ -------

      year:      7

         Rainfall         Storm Runoff        Melt Runoff
      events   amount   events   amount     events  amount
                (mm)              (mm)               (mm)

       138     923.90       0       0.00       0       0.00


II.  ON SITE EFFECTS  ON SITE EFFECTS  ON SITE EFFECTS
     ---------------  ---------------  ---------------




  C.  SOIL LOSS/DEPOSITION ALONG SLOPE PROFILE

          Profile distances are from top to bottom of hillslope


 distance soil  flow    distance   soil  flow    distance   soil  flow
    (m)   loss  elem       (m)     loss  elem       (m)     loss  elem
         (kg/m2)                  (kg/m2)                  (kg/m2)
------------------------------------------------------------------------

   0.04     0.000  1        2.59     0.000  1        5.14     0.000  2
   0.08     0.000  1        2.63     0.000  1        5.18     0.000  2
   0.11     0.000  1        2.67     0.000  1        5.22     0.000  2
   0.15     0.000  1        2.71     0.000  1        5.26     0.000  2
   0.19     0.000  1        2.74     0.000  1        5.30     0.000  2
   0.23     0.000  1        2.78     0.000  1        5.33     0.000  2
   0.27     0.000  1        2.82     0.000  1        5.37     0.000  2
   0.30     0.000  1        2.86     0.000  1        5.41     0.000  2
   0.34     0.000  1        2.90     0.000  1        5.45     0.000  2
   0.38     0.000  1        2.93     0.000  1        5.49     0.000  2
   0.42     0.000  1        2.97     0.000  1        5.52     0.000  2
   0.46     0.000  1        3.01     0.000  1        5.56     0.000  2
   0.50     0.000  1        3.05     0.000  1        5.60     0.000  2
   0.53     0.000  1        3.09     0.000  1        5.64     0.000  2
   0.57     0.000  1        3.12     0.000  1        5.68     0.000  2
   0.61     0.000  1        3.16     0.000  1        5.71     0.000  2
   0.65     0.000  1        3.20     0.000  1        5.75     0.000  2
   0.69     0.000  1        3.24     0.000  1        5.79     0.000  2
   0.72     0.000  1        3.28     0.000  1        5.83     0.000  2
   0.76     0.000  1        3.31     0.000  1        5.87     0.000  2
   0.80     0.000  1        3.35     0.000  1        5.91     0.000  2
   0.84     0.000  1        3.39     0.000  1        5.94     0.000  2
   0.88     0.000  1        3.43     0.000  1        5.98     0.000  2
   0.91     0.000  1        3.47     0.000  1        6.02     0.000  2
   0.95     0.000  1        3.51     0.000  1        6.06     0.000  2
   0.99     0.000  1        3.54     0.000  1        6.10     0.000  2
   1.03     0.000  1        3.58     0.000  1        6.13     0.000  2
   1.07     0.000  1        3.62     0.000  1        6.17     0.000  2
   1.10     0.000  1        3.66     0.000  1        6.21     0.000  2
   1.14     0.000  1        3.70     0.000  1        6.25     0.000  2
   1.18     0.000  1        3.73     0.000  1        6.29     0.000  2
   1.22     0.000  1        3.77     0.000  1        6.32     0.000  2
   1.26     0.000  1        3.81     0.000  1        6.36     0.000  2
   1.30     0.000  1        3.85     0.000  2        6.40     0.000  2
   1.33     0.000  1        3.89     0.000  2        6.44     0.000  2
   1.37     0.000  1        3.92     0.000  2        6.48     0.000  2
   1.41     0.000  1        3.96     0.000  2        6.52     0.000  2
   1.45     0.000  1        4.00     0.000  2        6.55     0.000  2
   1.49     0.000  1        4.04     0.000  2        6.59     0.000  2
   1.52     0.000  1        4.08     0.000  2        6.63     0.000  2
   1.56     0.000  1        4.11     0.000  2        6.67     0.000  2
   1.60     0.000  1        4.15     0.000  2        6.71     0.000  2
   1.64     0.000  1        4.19     0.000  2        6.74     0.000  2
   1.68     0.000  1        4.23     0.000  2        6.78     0.000  2
   1.71     0.000  1        4.27     0.000  2        6.82     0.000  2
   1.75     0.000  1        4.31     0.000  2        6.86     0.000  2
   1.79     0.000  1        4.34     0.000  2        6.90     0.000  2
   1.83     0.000  1        4.38     0.000  2        6.93     0.000  2
   1.87     0.000  1        4.42     0.000  2        6.97     0.000  2
   1.91     0.000  1        4.46     0.000  2        7.01     0.000  2
   1.94     0.000  1        4.50     0.000  2        7.05     0.000  2
   1.98     0.000  1        4.53     0.000  2        7.09     0.000  2
   2.02     0.000  1        4.57     0.000  2        7.12     0.000  2
   2.06     0.000  1        4.61     0.000  2        7.16     0.000  2
   2.10     0.000  1        4.65     0.000  2        7.20     0.000  2
   2.13     0.000  1        4.69     0.000  2        7.24     0.000  2
   2.17     0.000  1        4.72     0.000  2        7.28     0.000  2
   2.21     0.000  1        4.76     0.000  2        7.32     0.000  2
   2.25     0.000  1        4.80     0.000  2        7.35     0.000  2
   2.29     0.000  1        4.84     0.000  2        7.39     0.000  2
   2.32     0.000  1        4.88     0.000  2        7.43     0.000  2
   2.36     0.000  1        4.91     0.000  2        7.47     0.000  2
   2.40     0.000  1        4.95     0.000  2        7.51     0.000  2
   2.44     0.000  1        4.99     0.000  2        7.54     0.000  2
   2.48     0.000  1        5.03     0.000  2        7.58     0.000  2
   2.51     0.000  1        5.07     0.000  2        7.62     0.000  2
   2.55     0.000  1        5.11     0.000  2

note:  (+) soil loss - detachment     (-) soil loss - deposition



III. OFF SITE EFFECTS  OFF SITE EFFECTS  OFF SITE EFFECTS
     ----------------  ----------------  ----------------

     A.  SEDIMENT LEAVING PROFILE for year    7     0.000 kg/m



     B.  SEDIMENT CHARACTERISTICS AND ENRICHMENT

     Sediment particle information leaving profile
-------------------------------------------------------------------------------
                                 Particle Composition         Detached Fraction
Class  Diameter  Specific  ---------------------------------  Sediment  In Flow
         (mm)    Gravity   % Sand   % Silt   % Clay   % O.M.  Fraction  Exiting
-------------------------------------------------------------------------------
  1     0.002      2.60      0.0      0.0    100.0     50.0     0.026    0.000
  2     0.010      2.65      0.0    100.0      0.0      0.0     0.070    0.000
  3     0.030      1.80      0.0     71.4     28.6     14.3     0.180    0.000
  4     0.300      1.60     78.2     15.1      6.6      3.3     0.340    0.000
  5     0.200      2.65    100.0      0.0      0.0      0.0     0.384    0.000
-------------------------------------------------------------------------------


     Weighted SSA enrichment ratio leaving profile for year    7 =   0.00


     HILLSLOPE 1 YEARLY SUMMARY FOR    8
     ----------------------------------


I.   RAINFALL AND RUNOFF SUMMARY
     -------- --- ------ -------

      year:      8

         Rainfall         Storm Runoff        Melt Runoff
      events   amount   events   amount     events  amount
                (mm)              (mm)               (mm)

       152     896.00       0       0.00       0       0.00


II.  ON SITE EFFECTS  ON SITE EFFECTS  ON SITE EFFECTS
     ---------------  ---------------  ---------------




  C.  SOIL LOSS/DEPOSITION ALONG SLOPE PROFILE

          Profile distances are from top to bottom of hillslope


 distance soil  flow    distance   soil  flow    distance   soil  flow
    (m)   loss  elem       (m)     loss  elem       (m)     loss  elem
         (kg/m2)                  (kg/m2)                  (kg/m2)
------------------------------------------------------------------------

   0.04     0.000  1        2.59     0.000  1        5.14     0.000  2
   0.08     0.000  1        2.63     0.000  1        5.18     0.000  2
   0.11     0.000  1        2.67     0.000  1        5.22     0.000  2
   0.15     0.000  1        2.71     0.000  1        5.26     0.000  2
   0.19     0.000  1        2.74     0.000  1        5.30     0.000  2
   0.23     0.000  1        2.78     0.000  1        5.33     0.000  2
   0.27     0.000  1        2.82     0.000  1        5.37     0.000  2
   0.30     0.000  1        2.86     0.000  1        5.41     0.000  2
   0.34     0.000  1        2.90     0.000  1        5.45     0.000  2
   0.38     0.000  1        2.93     0.000  1        5.49     0.000  2
   0.42     0.000  1        2.97     0.000  1        5.52     0.000  2
   0.46     0.000  1        3.01     0.000  1        5.56     0.000  2
   0.50     0.000  1        3.05     0.000  1        5.60     0.000  2
   0.53     0.000  1        3.09     0.000  1        5.64     0.000  2
   0.57     0.000  1        3.12     0.000  1        5.68     0.000  2
   0.61     0.000  1        3.16     0.000  1        5.71     0.000  2
   0.65     0.000  1        3.20     0.000  1        5.75     0.000  2
   0.69     0.000  1        3.24     0.000  1        5.79     0.000  2
   0.72     0.000  1        3.28     0.000  1        5.83     0.000  2
   0.76     0.000  1        3.31     0.000  1        5.87     0.000  2
   0.80     0.000  1        3.35     0.000  1        5.91     0.000  2
   0.84     0.000  1        3.39     0.000  1        5.94     0.000  2
   0.88     0.000  1        3.43     0.000  1        5.98     0.000  2
   0.91     0.000  1        3.47     0.000  1        6.02     0.000  2
   0.95     0.000  1        3.51     0.000  1        6.06     0.000  2
   0.99     0.000  1        3.54     0.000  1        6.10     0.000  2
   1.03     0.000  1        3.58     0.000  1        6.13     0.000  2
   1.07     0.000  1        3.62     0.000  1        6.17     0.000  2
   1.10     0.000  1        3.66     0.000  1        6.21     0.000  2
   1.14     0.000  1        3.70     0.000  1        6.25     0.000  2
   1.18     0.000  1        3.73     0.000  1        6.29     0.000  2
   1.22     0.000  1        3.77     0.000  1        6.32     0.000  2
   1.26     0.000  1        3.81     0.000  1        6.36     0.000  2
   1.30     0.000  1        3.85     0.000  2        6.40     0.000  2
   1.33     0.000  1        3.89     0.000  2        6.44     0.000  2
   1.37     0.000  1        3.92     0.000  2        6.48     0.000  2
   1.41     0.000  1        3.96     0.000  2        6.52     0.000  2
   1.45     0.000  1        4.00     0.000  2        6.55     0.000  2
   1.49     0.000  1        4.04     0.000  2        6.59     0.000  2
   1.52     0.000  1        4.08     0.000  2        6.63     0.000  2
   1.56     0.000  1        4.11     0.000  2        6.67     0.000  2
   1.60     0.000  1        4.15     0.000  2        6.71     0.000  2
   1.64     0.000  1        4.19     0.000  2        6.74     0.000  2
   1.68     0.000  1        4.23     0.000  2        6.78     0.000  2
   1.71     0.000  1        4.27     0.000  2        6.82     0.000  2
   1.75     0.000  1        4.31     0.000  2        6.86     0.000  2
   1.79     0.000  1        4.34     0.000  2        6.90     0.000  2
   1.83     0.000  1        4.38     0.000  2        6.93     0.000  2
   1.87     0.000  1        4.42     0.000  2        6.97     0.000  2
   1.91     0.000  1        4.46     0.000  2        7.01     0.000  2
   1.94     0.000  1        4.50     0.000  2        7.05     0.000  2
   1.98     0.000  1        4.53     0.000  2        7.09     0.000  2
   2.02     0.000  1        4.57     0.000  2        7.12     0.000  2
   2.06     0.000  1        4.61     0.000  2        7.16     0.000  2
   2.10     0.000  1        4.65     0.000  2        7.20     0.000  2
   2.13     0.000  1        4.69     0.000  2        7.24     0.000  2
   2.17     0.000  1        4.72     0.000  2        7.28     0.000  2
   2.21     0.000  1        4.76     0.000  2        7.32     0.000  2
   2.25     0.000  1        4.80     0.000  2        7.35     0.000  2
   2.29     0.000  1        4.84     0.000  2        7.39     0.000  2
   2.32     0.000  1        4.88     0.000  2        7.43     0.000  2
   2.36     0.000  1        4.91     0.000  2        7.47     0.000  2
   2.40     0.000  1        4.95     0.000  2        7.51     0.000  2
   2.44     0.000  1        4.99     0.000  2        7.54     0.000  2
   2.48     0.000  1        5.03     0.000  2        7.58     0.000  2
   2.51     0.000  1        5.07     0.000  2        7.62     0.000  2
   2.55     0.000  1        5.11     0.000  2

note:  (+) soil loss - detachment     (-) soil loss - deposition



III. OFF SITE EFFECTS  OFF SITE EFFECTS  OFF SITE EFFECTS
     ----------------  ----------------  ----------------

     A.  SEDIMENT LEAVING PROFILE for year    8     0.000 kg/m



     B.  SEDIMENT CHARACTERISTICS AND ENRICHMENT

     Sediment particle information leaving profile
-------------------------------------------------------------------------------
                                 Particle Composition         Detached Fraction
Class  Diameter  Specific  ---------------------------------  Sediment  In Flow
         (mm)    Gravity   % Sand   % Silt   % Clay   % O.M.  Fraction  Exiting
-------------------------------------------------------------------------------
  1     0.002      2.60      0.0      0.0    100.0     50.0     0.026    0.000
  2     0.010      2.65      0.0    100.0      0.0      0.0     0.070    0.000
  3     0.030      1.80      0.0     71.4     28.6     14.3     0.180    0.000
  4     0.300      1.60     78.2     15.1      6.6      3.3     0.340    0.000
  5     0.200      2.65    100.0      0.0      0.0      0.0     0.384    0.000
-------------------------------------------------------------------------------


     Weighted SSA enrichment ratio leaving profile for year    8 =   0.00


     HILLSLOPE 1 YEARLY SUMMARY FOR    9
     ----------------------------------


I.   RAINFALL AND RUNOFF SUMMARY
     -------- --- ------ -------

      year:      9

         Rainfall         Storm Runoff        Melt Runoff
      events   amount   events   amount     events  amount
                (mm)              (mm)               (mm)

       139     755.30       0       0.00       0       0.00


II.  ON SITE EFFECTS  ON SITE EFFECTS  ON SITE EFFECTS
     ---------------  ---------------  ---------------




  C.  SOIL LOSS/DEPOSITION ALONG SLOPE PROFILE

          Profile distances are from top to bottom of hillslope


 distance soil  flow    distance   soil  flow    distance   soil  flow
    (m)   loss  elem       (m)     loss  elem       (m)     loss  elem
         (kg/m2)                  (kg/m2)                  (kg/m2)
------------------------------------------------------------------------

   0.04     0.000  1        2.59     0.000  1        5.14     0.000  2
   0.08     0.000  1        2.63     0.000  1        5.18     0.000  2
   0.11     0.000  1        2.67     0.000  1        5.22     0.000  2
   0.15     0.000  1        2.71     0.000  1        5.26     0.000  2
   0.19     0.000  1        2.74     0.000  1        5.30     0.000  2
   0.23     0.000  1        2.78     0.000  1        5.33     0.000  2
   0.27     0.000  1        2.82     0.000  1        5.37     0.000  2
   0.30     0.000  1        2.86     0.000  1        5.41     0.000  2
   0.34     0.000  1        2.90     0.000  1        5.45     0.000  2
   0.38     0.000  1        2.93     0.000  1        5.49     0.000  2
   0.42     0.000  1        2.97     0.000  1        5.52     0.000  2
   0.46     0.000  1        3.01     0.000  1        5.56     0.000  2
   0.50     0.000  1        3.05     0.000  1        5.60     0.000  2
   0.53     0.000  1        3.09     0.000  1        5.64     0.000  2
   0.57     0.000  1        3.12     0.000  1        5.68     0.000  2
   0.61     0.000  1        3.16     0.000  1        5.71     0.000  2
   0.65     0.000  1        3.20     0.000  1        5.75     0.000  2
   0.69     0.000  1        3.24     0.000  1        5.79     0.000  2
   0.72     0.000  1        3.28     0.000  1        5.83     0.000  2
   0.76     0.000  1        3.31     0.000  1        5.87     0.000  2
   0.80     0.000  1        3.35     0.000  1        5.91     0.000  2
   0.84     0.000  1        3.39     0.000  1        5.94     0.000  2
   0.88     0.000  1        3.43     0.000  1        5.98     0.000  2
   0.91     0.000  1        3.47     0.000  1        6.02     0.000  2
   0.95     0.000  1        3.51     0.000  1        6.06     0.000  2
   0.99     0.000  1        3.54     0.000  1        6.10     0.000  2
   1.03     0.000  1        3.58     0.000  1        6.13     0.000  2
   1.07     0.000  1        3.62     0.000  1        6.17     0.000  2
   1.10     0.000  1        3.66     0.000  1        6.21     0.000  2
   1.14     0.000  1        3.70     0.000  1        6.25     0.000  2
   1.18     0.000  1        3.73     0.000  1        6.29     0.000  2
   1.22     0.000  1        3.77     0.000  1        6.32     0.000  2
   1.26     0.000  1        3.81     0.000  1        6.36     0.000  2
   1.30     0.000  1        3.85     0.000  2        6.40     0.000  2
   1.33     0.000  1        3.89     0.000  2        6.44     0.000  2
   1.37     0.000  1        3.92     0.000  2        6.48     0.000  2
   1.41     0.000  1        3.96     0.000  2        6.52     0.000  2
   1.45     0.000  1        4.00     0.000  2        6.55     0.000  2
   1.49     0.000  1        4.04     0.000  2        6.59     0.000  2
   1.52     0.000  1        4.08     0.000  2        6.63     0.000  2
   1.56     0.000  1        4.11     0.000  2        6.67     0.000  2
   1.60     0.000  1        4.15     0.000  2        6.71     0.000  2
   1.64     0.000  1        4.19     0.000  2        6.74     0.000  2
   1.68     0.000  1        4.23     0.000  2        6.78     0.000  2
   1.71     0.000  1        4.27     0.000  2        6.82     0.000  2
   1.75     0.000  1        4.31     0.000  2        6.86     0.000  2
   1.79     0.000  1        4.34     0.000  2        6.90     0.000  2
   1.83     0.000  1        4.38     0.000  2        6.93     0.000  2
   1.87     0.000  1        4.42     0.000  2        6.97     0.000  2
   1.91     0.000  1        4.46     0.000  2        7.01     0.000  2
   1.94     0.000  1        4.50     0.000  2        7.05     0.000  2
   1.98     0.000  1        4.53     0.000  2        7.09     0.000  2
   2.02     0.000  1        4.57     0.000  2        7.12     0.000  2
   2.06     0.000  1        4.61     0.000  2        7.16     0.000  2
   2.10     0.000  1        4.65     0.000  2        7.20     0.000  2
   2.13     0.000  1        4.69     0.000  2        7.24     0.000  2
   2.17     0.000  1        4.72     0.000  2        7.28     0.000  2
   2.21     0.000  1        4.76     0.000  2        7.32     0.000  2
   2.25     0.000  1        4.80     0.000  2        7.35     0.000  2
   2.29     0.000  1        4.84     0.000  2        7.39     0.000  2
   2.32     0.000  1        4.88     0.000  2        7.43     0.000  2
   2.36     0.000  1        4.91     0.000  2        7.47     0.000  2
   2.40     0.000  1        4.95     0.000  2        7.51     0.000  2
   2.44     0.000  1        4.99     0.000  2        7.54     0.000  2
   2.48     0.000  1        5.03     0.000  2        7.58     0.000  2
   2.51     0.000  1        5.07     0.000  2        7.62     0.000  2
   2.55     0.000  1        5.11     0.000  2

note:  (+) soil loss - detachment     (-) soil loss - deposition



III. OFF SITE EFFECTS  OFF SITE EFFECTS  OFF SITE EFFECTS
     ----------------  ----------------  ----------------

     A.  SEDIMENT LEAVING PROFILE for year    9     0.000 kg/m



     B.  SEDIMENT CHARACTERISTICS AND ENRICHMENT

     Sediment particle information leaving profile
-------------------------------------------------------------------------------
                                 Particle Composition         Detached Fraction
Class  Diameter  Specific  ---------------------------------  Sediment  In Flow
         (mm)    Gravity   % Sand   % Silt   % Clay   % O.M.  Fraction  Exiting
-------------------------------------------------------------------------------
  1     0.002      2.60      0.0      0.0    100.0     50.0     0.026    0.000
  2     0.010      2.65      0.0    100.0      0.0      0.0     0.070    0.000
  3     0.030      1.80      0.0     71.4     28.6     14.3     0.180    0.000
  4     0.300      1.60     78.2     15.1      6.6      3.3     0.340    0.000
  5     0.200      2.65    100.0      0.0      0.0      0.0     0.384    0.000
-------------------------------------------------------------------------------


     Weighted SSA enrichment ratio leaving profile for year    9 =   0.00


     HILLSLOPE 1 YEARLY SUMMARY FOR   10
     ----------------------------------


I.   RAINFALL AND RUNOFF SUMMARY
     -------- --- ------ -------

      year:     10

         Rainfall         Storm Runoff        Melt Runoff
      events   amount   events   amount     events  amount
                (mm)              (mm)               (mm)

       132     884.20       0       0.00       0       0.00


II.  ON SITE EFFECTS  ON SITE EFFECTS  ON SITE EFFECTS
     ---------------  ---------------  ---------------




  C.  SOIL LOSS/DEPOSITION ALONG SLOPE PROFILE

          Profile distances are from top to bottom of hillslope


 distance soil  flow    distance   soil  flow    distance   soil  flow
    (m)   loss  elem       (m)     loss  elem       (m)     loss  elem
         (kg/m2)                  (kg/m2)                  (kg/m2)
------------------------------------------------------------------------

   0.04     0.000  1        2.59     0.000  1        5.14     0.000  2
   0.08     0.000  1        2.63     0.000  1        5.18     0.000  2
   0.11     0.000  1        2.67     0.000  1        5.22     0.000  2
   0.15     0.000  1        2.71     0.000  1        5.26     0.000  2
   0.19     0.000  1        2.74     0.000  1        5.30     0.000  2
   0.23     0.000  1        2.78     0.000  1        5.33     0.000  2
   0.27     0.000  1        2.82     0.000  1        5.37     0.000  2
   0.30     0.000  1        2.86     0.000  1        5.41     0.000  2
   0.34     0.000  1        2.90     0.000  1        5.45     0.000  2
   0.38     0.000  1        2.93     0.000  1        5.49     0.000  2
   0.42     0.000  1        2.97     0.000  1        5.52     0.000  2
   0.46     0.000  1        3.01     0.000  1        5.56     0.000  2
   0.50     0.000  1        3.05     0.000  1        5.60     0.000  2
   0.53     0.000  1        3.09     0.000  1        5.64     0.000  2
   0.57     0.000  1        3.12     0.000  1        5.68     0.000  2
   0.61     0.000  1        3.16     0.000  1        5.71     0.000  2
   0.65     0.000  1        3.20     0.000  1        5.75     0.000  2
   0.69     0.000  1        3.24     0.000  1        5.79     0.000  2
   0.72     0.000  1        3.28     0.000  1        5.83     0.000  2
   0.76     0.000  1        3.31     0.000  1        5.87     0.000  2
   0.80     0.000  1        3.35     0.000  1        5.91     0.000  2
   0.84     0.000  1        3.39     0.000  1        5.94     0.000  2
   0.88     0.000  1        3.43     0.000  1        5.98     0.000  2
   0.91     0.000  1        3.47     0.000  1        6.02     0.000  2
   0.95     0.000  1        3.51     0.000  1        6.06     0.000  2
   0.99     0.000  1        3.54     0.000  1        6.10     0.000  2
   1.03     0.000  1        3.58     0.000  1        6.13     0.000  2
   1.07     0.000  1        3.62     0.000  1        6.17     0.000  2
   1.10     0.000  1        3.66     0.000  1        6.21     0.000  2
   1.14     0.000  1        3.70     0.000  1        6.25     0.000  2
   1.18     0.000  1        3.73     0.000  1        6.29     0.000  2
   1.22     0.000  1        3.77     0.000  1        6.32     0.000  2
   1.26     0.000  1        3.81     0.000  1        6.36     0.000  2
   1.30     0.000  1        3.85     0.000  2        6.40     0.000  2
   1.33     0.000  1        3.89     0.000  2        6.44     0.000  2
   1.37     0.000  1        3.92     0.000  2        6.48     0.000  2
   1.41     0.000  1        3.96     0.000  2        6.52     0.000  2
   1.45     0.000  1        4.00     0.000  2        6.55     0.000  2
   1.49     0.000  1        4.04     0.000  2        6.59     0.000  2
   1.52     0.000  1        4.08     0.000  2        6.63     0.000  2
   1.56     0.000  1        4.11     0.000  2        6.67     0.000  2
   1.60     0.000  1        4.15     0.000  2        6.71     0.000  2
   1.64     0.000  1        4.19     0.000  2        6.74     0.000  2
   1.68     0.000  1        4.23     0.000  2        6.78     0.000  2
   1.71     0.000  1        4.27     0.000  2        6.82     0.000  2
   1.75     0.000  1        4.31     0.000  2        6.86     0.000  2
   1.79     0.000  1        4.34     0.000  2        6.90     0.000  2
   1.83     0.000  1        4.38     0.000  2        6.93     0.000  2
   1.87     0.000  1        4.42     0.000  2        6.97     0.000  2
   1.91     0.000  1        4.46     0.000  2        7.01     0.000  2
   1.94     0.000  1        4.50     0.000  2        7.05     0.000  2
   1.98     0.000  1        4.53     0.000  2        7.09     0.000  2
   2.02     0.000  1        4.57     0.000  2        7.12     0.000  2
   2.06     0.000  1        4.61     0.000  2        7.16     0.000  2
   2.10     0.000  1        4.65     0.000  2        7.20     0.000  2
   2.13     0.000  1        4.69     0.000  2        7.24     0.000  2
   2.17     0.000  1        4.72     0.000  2        7.28     0.000  2
   2.21     0.000  1        4.76     0.000  2        7.32     0.000  2
   2.25     0.000  1        4.80     0.000  2        7.35     0.000  2
   2.29     0.000  1        4.84     0.000  2        7.39     0.000  2
   2.32     0.000  1        4.88     0.000  2        7.43     0.000  2
   2.36     0.000  1        4.91     0.000  2        7.47     0.000  2
   2.40     0.000  1        4.95     0.000  2        7.51     0.000  2
   2.44     0.000  1        4.99     0.000  2        7.54     0.000  2
   2.48     0.000  1        5.03     0.000  2        7.58     0.000  2
   2.51     0.000  1        5.07     0.000  2        7.62     0.000  2
   2.55     0.000  1        5.11     0.000  2

note:  (+) soil loss - detachment     (-) soil loss - deposition



III. OFF SITE EFFECTS  OFF SITE EFFECTS  OFF SITE EFFECTS
     ----------------  ----------------  ----------------

     A.  SEDIMENT LEAVING PROFILE for year   10     0.000 kg/m



     B.  SEDIMENT CHARACTERISTICS AND ENRICHMENT

     Sediment particle information leaving profile
-------------------------------------------------------------------------------
                                 Particle Composition         Detached Fraction
Class  Diameter  Specific  ---------------------------------  Sediment  In Flow
         (mm)    Gravity   % Sand   % Silt   % Clay   % O.M.  Fraction  Exiting
-------------------------------------------------------------------------------
  1     0.002      2.60      0.0      0.0    100.0     50.0     0.026    0.000
  2     0.010      2.65      0.0    100.0      0.0      0.0     0.070    0.000
  3     0.030      1.80      0.0     71.4     28.6     14.3     0.180    0.000
  4     0.300      1.60     78.2     15.1      6.6      3.3     0.340    0.000
  5     0.200      2.65    100.0      0.0      0.0      0.0     0.384    0.000
-------------------------------------------------------------------------------


     Weighted SSA enrichment ratio leaving profile for year   10 =   0.00


     ANNUAL AVERAGE SUMMARIES
     ------------------------


I.   RAINFALL AND RUNOFF SUMMARY
     -------- --- ------ -------

      total summary:  years    1 -   10

      1407 storms produced                         9045.20 mm of precipitation
         0 rain storm runoff events produced          0.00 mm of runoff
         0 snow melts and/or
             events during winter produced            0.00 mm of runoff

      annual averages
      ---------------

        Number of years                                   10
        Mean annual precipitation                     904.52    mm
        Mean annual runoff from rainfall                0.00    mm
        Mean annual runoff from snow melt
          and/or rain storm during winter               0.00    mm



II.  ON SITE EFFECTS  ON SITE EFFECTS  ON SITE EFFECTS
     ---------------  ---------------  ---------------




  C.  SOIL LOSS/DEPOSITION ALONG SLOPE PROFILE

          Profile distances are from top to bottom of hillslope


 distance soil  flow    distance   soil  flow    distance   soil  flow
    (m)   loss  elem       (m)     loss  elem       (m)     loss  elem
         (kg/m2)                  (kg/m2)                  (kg/m2)
------------------------------------------------------------------------

   0.04     0.000  1        2.59     0.000  1        5.14     0.000  2
   0.08     0.000  1        2.63     0.000  1        5.18     0.000  2
   0.11     0.000  1        2.67     0.000  1        5.22     0.000  2
   0.15     0.000  1        2.71     0.000  1        5.26     0.000  2
   0.19     0.000  1        2.74     0.000  1        5.30     0.000  2
   0.23     0.000  1        2.78     0.000  1        5.33     0.000  2
   0.27     0.000  1        2.82     0.000  1        5.37     0.000  2
   0.30     0.000  1        2.86     0.000  1        5.41     0.000  2
   0.34     0.000  1        2.90     0.000  1        5.45     0.000  2
   0.38     0.000  1        2.93     0.000  1        5.49     0.000  2
   0.42     0.000  1        2.97     0.000  1        5.52     0.000  2
   0.46     0.000  1        3.01     0.000  1        5.56     0.000  2
   0.50     0.000  1        3.05     0.000  1        5.60     0.000  2
   0.53     0.000  1        3.09     0.000  1        5.64     0.000  2
   0.57     0.000  1        3.12     0.000  1        5.68     0.000  2
   0.61     0.000  1        3.16     0.000  1        5.71     0.000  2
   0.65     0.000  1        3.20     0.000  1        5.75     0.000  2
   0.69     0.000  1        3.24     0.000  1        5.79     0.000  2
   0.72     0.000  1        3.28     0.000  1        5.83     0.000  2
   0.76     0.000  1        3.31     0.000  1        5.87     0.000  2
   0.80     0.000  1        3.35     0.000  1        5.91     0.000  2
   0.84     0.000  1        3.39     0.000  1        5.94     0.000  2
   0.88     0.000  1        3.43     0.000  1        5.98     0.000  2
   0.91     0.000  1        3.47     0.000  1        6.02     0.000  2
   0.95     0.000  1        3.51     0.000  1        6.06     0.000  2
   0.99     0.000  1        3.54     0.000  1        6.10     0.000  2
   1.03     0.000  1        3.58     0.000  1        6.13     0.000  2
   1.07     0.000  1        3.62     0.000  1        6.17     0.000  2
   1.10     0.000  1        3.66     0.000  1        6.21     0.000  2
   1.14     0.000  1        3.70     0.000  1        6.25     0.000  2
   1.18     0.000  1        3.73     0.000  1        6.29     0.000  2
   1.22     0.000  1        3.77     0.000  1        6.32     0.000  2
   1.26     0.000  1        3.81     0.000  1        6.36     0.000  2
   1.30     0.000  1        3.85     0.000  2        6.40     0.000  2
   1.33     0.000  1        3.89     0.000  2        6.44     0.000  2
   1.37     0.000  1        3.92     0.000  2        6.48     0.000  2
   1.41     0.000  1        3.96     0.000  2        6.52     0.000  2
   1.45     0.000  1        4.00     0.000  2        6.55     0.000  2
   1.49     0.000  1        4.04     0.000  2        6.59     0.000  2
   1.52     0.000  1        4.08     0.000  2        6.63     0.000  2
   1.56     0.000  1        4.11     0.000  2        6.67     0.000  2
   1.60     0.000  1        4.15     0.000  2        6.71     0.000  2
   1.64     0.000  1        4.19     0.000  2        6.74     0.000  2
   1.68     0.000  1        4.23     0.000  2        6.78     0.000  2
   1.71     0.000  1        4.27     0.000  2        6.82     0.000  2
   1.75     0.000  1        4.31     0.000  2        6.86     0.000  2
   1.79     0.000  1        4.34     0.000  2        6.90     0.000  2
   1.83     0.000  1        4.38     0.000  2        6.93     0.000  2
   1.87     0.000  1        4.42     0.000  2        6.97     0.000  2
   1.91     0.000  1        4.46     0.000  2        7.01     0.000  2
   1.94     0.000  1        4.50     0.000  2        7.05     0.000  2
   1.98     0.000  1        4.53     0.000  2        7.09     0.000  2
   2.02     0.000  1        4.57     0.000  2        7.12     0.000  2
   2.06     0.000  1        4.61     0.000  2        7.16     0.000  2
   2.10     0.000  1        4.65     0.000  2        7.20     0.000  2
   2.13     0.000  1        4.69     0.000  2        7.24     0.000  2
   2.17     0.000  1        4.72     0.000  2        7.28     0.000  2
   2.21     0.000  1        4.76     0.000  2        7.32     0.000  2
   2.25     0.000  1        4.80     0.000  2        7.35     0.000  2
   2.29     0.000  1        4.84     0.000  2        7.39     0.000  2
   2.32     0.000  1        4.88     0.000  2        7.43     0.000  2
   2.36     0.000  1        4.91     0.000  2        7.47     0.000  2
   2.40     0.000  1        4.95     0.000  2        7.51     0.000  2
   2.44     0.000  1        4.99     0.000  2        7.54     0.000  2
   2.48     0.000  1        5.03     0.000  2        7.58     0.000  2
   2.51     0.000  1        5.07     0.000  2        7.62     0.000  2
   2.55     0.000  1        5.11     0.000  2

note:  (+) soil loss - detachment     (-) soil loss - deposition



III. OFF SITE EFFECTS  OFF SITE EFFECTS  OFF SITE EFFECTS
     ----------------  ----------------  ----------------

     A.  AVERAGE ANNUAL SEDIMENT LEAVING PROFILE
             0.000   kg/m of width
             0.000     kg (based on profile width of    100.000      m)
             0.000   t/ha (assuming contributions from     0.076     ha)


     B.  SEDIMENT CHARACTERISTICS AND ENRICHMENT

     Sediment particle information leaving profile
-------------------------------------------------------------------------------
                                 Particle Composition         Detached Fraction
Class  Diameter  Specific  ---------------------------------  Sediment  In Flow
         (mm)    Gravity   % Sand   % Silt   % Clay   % O.M.  Fraction  Exiting
-------------------------------------------------------------------------------
  1     0.002      2.60      0.0      0.0    100.0     50.0     0.026    0.000
  2     0.010      2.65      0.0    100.0      0.0      0.0     0.070    0.000
  3     0.030      1.80      0.0     71.4     28.6     14.3     0.180    0.000
  4     0.300      1.60     78.2     15.1      6.6      3.3     0.340    0.000
  5     0.200      2.65    100.0      0.0      0.0      0.0     0.384    0.000
-------------------------------------------------------------------------------


     Average annual SSA enrichment ratio leaving profile =   0.00
