 Annual; detailed (Metric Units)                                        


          USDA WATER EROSION PREDICTION PROJECT
          -------------------------------------

          HILLSLOPE PROFILE AND WATERSHED MODEL
                     VERSION  2010.100
           January 28,      2010


               TO REPORT PROBLEMS OR TO BE PUT ON THE MAILING
               LIST FOR FUTURE WEPP MODEL RELEASES, PLEASE CONTACT:

                    WEPP TECHNICAL SUPPORT
                    USDA-AGRICULTURAL RESEARCH SERVICE
                    NATIONAL SOIL EROSION RESEARCH LABORATORY
                    275 SOUTH RUSSELL STREET
                    WEST LAFAYETTE, IN 47907-2077  USA

                    PHONE: (765) 494-8673
                      FAX: (765) 494-5948
                    email:  wepp@ecn.purdue.edu
                      URL:  http://topsoil.nserl.purdue.edu


     HILLSLOPE INPUT DATA FILES - VERSION  2010.100
      January 28,      2010


    MANAGEMENT: ../working/wepp-188061.man                        
 MAN. PRACTICE: Two OFEs for forest conditions                              
                W. Elliot 02/99                                             
                                                                            
         SLOPE: ../working/wepp-188061.slp                        
       CLIMATE: ../working/wepp-188061.cli                        
       Station:  SAINT MARIES ID +                              CLIGEN VERSION  4.31
          SOIL: ../working/wepp-188061.sol                        
      PLANE  1 LOW                 silt loam           
      PLANE  2 LOW                 silt loam           


     HILLSLOPE 1 YEARLY SUMMARY FOR    1
     ----------------------------------


I.   RAINFALL AND RUNOFF SUMMARY
     -------- --- ------ -------

      year:      1

         Rainfall         Storm Runoff        Melt Runoff
      events   amount   events   amount     events  amount
                (mm)              (mm)               (mm)

       119    1155.80       0       0.00       6      57.64


II.  ON SITE EFFECTS  ON SITE EFFECTS  ON SITE EFFECTS
     ---------------  ---------------  ---------------




  C.  SOIL LOSS/DEPOSITION ALONG SLOPE PROFILE

          Profile distances are from top to bottom of hillslope


 distance soil  flow    distance   soil  flow    distance   soil  flow
    (m)   loss  elem       (m)     loss  elem       (m)     loss  elem
         (kg/m2)                  (kg/m2)                  (kg/m2)
------------------------------------------------------------------------

   0.15     0.000  1       10.36     0.000  1       23.24     0.000  2
   0.30     0.000  1       10.52     0.000  1       23.47     0.000  2
   0.46     0.000  1       10.67     0.000  1       23.70     0.000  2
   0.61     0.000  1       10.82     0.000  1       23.93     0.000  2
   0.76     0.000  1       10.97     0.000  1       24.16     0.000  2
   0.91     0.000  1       11.13     0.000  1       24.39     0.000  2
   1.07     0.000  1       11.28     0.000  1       24.62     0.000  2
   1.22     0.000  1       11.43     0.000  1       24.85     0.000  2
   1.37     0.000  1       11.58     0.000  1       25.07     0.000  2
   1.52     0.000  1       11.73     0.000  1       25.30     0.000  2
   1.68     0.000  1       11.89     0.000  1       25.53     0.000  2
   1.83     0.000  1       12.04     0.000  1       25.76     0.000  2
   1.98     0.000  1       12.19     0.000  1       25.99     0.000  2
   2.13     0.000  1       12.34     0.000  1       26.22     0.000  2
   2.29     0.000  1       12.50     0.000  1       26.45     0.000  2
   2.44     0.000  1       12.65     0.000  1       26.68     0.000  2
   2.59     0.000  1       12.80     0.000  1       26.90     0.000  2
   2.74     0.000  1       12.95     0.000  1       27.13     0.000  2
   2.90     0.000  1       13.11     0.000  1       27.36     0.000  2
   3.05     0.000  1       13.26     0.000  1       27.59     0.000  2
   3.20     0.000  1       13.41     0.000  1       27.82     0.000  2
   3.35     0.000  1       13.56     0.000  1       28.05     0.000  2
   3.51     0.000  1       13.72     0.000  1       28.28     0.000  2
   3.66     0.000  1       13.87     0.000  1       28.50     0.000  2
   3.81     0.000  1       14.02     0.000  1       28.73     0.000  2
   3.96     0.000  1       14.17     0.000  1       28.96     0.000  2
   4.11     0.000  1       14.33     0.000  1       29.19     0.000  2
   4.27     0.000  1       14.48     0.000  1       29.42     0.000  2
   4.42     0.000  1       14.63     0.000  1       29.65     0.000  2
   4.57     0.000  1       14.78     0.000  1       29.88     0.000  2
   4.72     0.000  1       14.94     0.000  1       30.11     0.000  2
   4.88     0.000  1       15.09     0.000  1       30.33     0.000  2
   5.03     0.000  1       15.24     0.000  1       30.56     0.000  2
   5.18     0.000  1       15.47     0.000  2       30.79     0.000  2
   5.33     0.000  1       15.70     0.000  2       31.02     0.000  2
   5.49     0.000  1       15.93     0.000  2       31.25     0.000  2
   5.64     0.000  1       16.15     0.000  2       31.48     0.000  2
   5.79     0.000  1       16.38     0.000  2       31.71     0.000  2
   5.94     0.000  1       16.61     0.000  2       31.94     0.000  2
   6.10     0.000  1       16.84     0.000  2       32.16     0.000  2
   6.25     0.000  1       17.07     0.000  2       32.39     0.000  2
   6.40     0.000  1       17.30     0.000  2       32.62     0.000  2
   6.55     0.000  1       17.53     0.000  2       32.85     0.000  2
   6.71     0.000  1       17.76     0.000  2       33.08     0.000  2
   6.86     0.000  1       17.98     0.000  2       33.31     0.000  2
   7.01     0.000  1       18.21     0.000  2       33.54     0.000  2
   7.16     0.000  1       18.44     0.000  2       33.76     0.000  2
   7.32     0.000  1       18.67     0.000  2       33.99     0.000  2
   7.47     0.000  1       18.90     0.000  2       34.22     0.000  2
   7.62     0.000  1       19.13     0.000  2       34.45     0.000  2
   7.77     0.000  1       19.36     0.000  2       34.68     0.000  2
   7.92     0.000  1       19.59     0.000  2       34.91     0.000  2
   8.08     0.000  1       19.81     0.000  2       35.14     0.000  2
   8.23     0.000  1       20.04     0.000  2       35.37     0.000  2
   8.38     0.000  1       20.27     0.000  2       35.59     0.000  2
   8.53     0.000  1       20.50     0.000  2       35.82     0.000  2
   8.69     0.000  1       20.73     0.000  2       36.05     0.000  2
   8.84     0.000  1       20.96     0.000  2       36.28     0.000  2
   8.99     0.000  1       21.19     0.000  2       36.51     0.000  2
   9.14     0.000  1       21.41     0.000  2       36.74     0.000  2
   9.30     0.000  1       21.64     0.000  2       36.97     0.000  2
   9.45     0.000  1       21.87     0.000  2       37.20     0.000  2
   9.60     0.000  1       22.10     0.000  2       37.42     0.000  2
   9.75     0.000  1       22.33     0.000  2       37.65     0.000  2
   9.91     0.000  1       22.56     0.000  2       37.88     0.000  2
  10.06     0.000  1       22.79     0.000  2       38.11     0.000  2
  10.21     0.000  1       23.02     0.000  2

note:  (+) soil loss - detachment     (-) soil loss - deposition



III. OFF SITE EFFECTS  OFF SITE EFFECTS  OFF SITE EFFECTS
     ----------------  ----------------  ----------------

     A.  SEDIMENT LEAVING PROFILE for year    1     0.000 kg/m



     B.  SEDIMENT CHARACTERISTICS AND ENRICHMENT

     Sediment particle information leaving profile
-------------------------------------------------------------------------------
                                 Particle Composition         Detached Fraction
Class  Diameter  Specific  ---------------------------------  Sediment  In Flow
         (mm)    Gravity   % Sand   % Silt   % Clay   % O.M.  Fraction  Exiting
-------------------------------------------------------------------------------
  1     0.002      2.60      0.0      0.0    100.0     33.3     0.039    0.000
  2     0.010      2.65      0.0    100.0      0.0      0.0     0.330    0.000
  3     0.030      1.80      0.0     80.0     20.0      6.7     0.270    0.000
  4     0.300      1.60     55.6     21.6     22.8      7.6     0.250    0.000
  5     0.200      2.65    100.0      0.0      0.0      0.0     0.111    0.000
-------------------------------------------------------------------------------


     Weighted SSA enrichment ratio leaving profile for year    1 =   0.00


     HILLSLOPE 1 YEARLY SUMMARY FOR    2
     ----------------------------------


I.   RAINFALL AND RUNOFF SUMMARY
     -------- --- ------ -------

      year:      2

         Rainfall         Storm Runoff        Melt Runoff
      events   amount   events   amount     events  amount
                (mm)              (mm)               (mm)

       119    1126.20       0       0.00      15     103.98


II.  ON SITE EFFECTS  ON SITE EFFECTS  ON SITE EFFECTS
     ---------------  ---------------  ---------------




  C.  SOIL LOSS/DEPOSITION ALONG SLOPE PROFILE

          Profile distances are from top to bottom of hillslope


 distance soil  flow    distance   soil  flow    distance   soil  flow
    (m)   loss  elem       (m)     loss  elem       (m)     loss  elem
         (kg/m2)                  (kg/m2)                  (kg/m2)
------------------------------------------------------------------------

   0.15     0.000  1       10.36     0.000  1       23.24     0.000  2
   0.30     0.000  1       10.52     0.000  1       23.47     0.000  2
   0.46     0.000  1       10.67     0.000  1       23.70     0.000  2
   0.61     0.000  1       10.82     0.000  1       23.93     0.000  2
   0.76     0.000  1       10.97     0.000  1       24.16     0.000  2
   0.91     0.000  1       11.13     0.000  1       24.39     0.000  2
   1.07     0.000  1       11.28     0.000  1       24.62     0.000  2
   1.22     0.000  1       11.43     0.000  1       24.85     0.000  2
   1.37     0.000  1       11.58     0.000  1       25.07     0.000  2
   1.52     0.000  1       11.73     0.000  1       25.30     0.000  2
   1.68     0.000  1       11.89     0.000  1       25.53     0.000  2
   1.83     0.000  1       12.04     0.000  1       25.76     0.000  2
   1.98     0.000  1       12.19     0.000  1       25.99     0.000  2
   2.13     0.000  1       12.34     0.000  1       26.22     0.000  2
   2.29     0.000  1       12.50     0.000  1       26.45     0.000  2
   2.44     0.000  1       12.65     0.000  1       26.68     0.000  2
   2.59     0.000  1       12.80     0.000  1       26.90     0.000  2
   2.74     0.000  1       12.95     0.000  1       27.13     0.000  2
   2.90     0.000  1       13.11     0.000  1       27.36     0.000  2
   3.05     0.000  1       13.26     0.000  1       27.59     0.000  2
   3.20     0.000  1       13.41     0.000  1       27.82     0.000  2
   3.35     0.000  1       13.56     0.000  1       28.05     0.000  2
   3.51     0.000  1       13.72     0.000  1       28.28     0.000  2
   3.66     0.000  1       13.87     0.000  1       28.50     0.000  2
   3.81     0.000  1       14.02     0.000  1       28.73     0.000  2
   3.96     0.000  1       14.17     0.000  1       28.96     0.000  2
   4.11     0.000  1       14.33     0.000  1       29.19     0.000  2
   4.27     0.000  1       14.48     0.000  1       29.42     0.000  2
   4.42     0.000  1       14.63     0.000  1       29.65     0.000  2
   4.57     0.000  1       14.78     0.000  1       29.88     0.000  2
   4.72     0.000  1       14.94     0.000  1       30.11     0.000  2
   4.88     0.000  1       15.09     0.000  1       30.33     0.000  2
   5.03     0.000  1       15.24     0.000  1       30.56     0.000  2
   5.18     0.000  1       15.47     0.000  2       30.79     0.000  2
   5.33     0.000  1       15.70     0.000  2       31.02     0.000  2
   5.49     0.000  1       15.93     0.000  2       31.25     0.000  2
   5.64     0.000  1       16.15     0.000  2       31.48     0.000  2
   5.79     0.000  1       16.38     0.000  2       31.71     0.000  2
   5.94     0.000  1       16.61     0.000  2       31.94     0.000  2
   6.10     0.000  1       16.84     0.000  2       32.16     0.000  2
   6.25     0.000  1       17.07     0.000  2       32.39     0.000  2
   6.40     0.000  1       17.30     0.000  2       32.62     0.000  2
   6.55     0.000  1       17.53     0.000  2       32.85     0.000  2
   6.71     0.000  1       17.76     0.000  2       33.08     0.000  2
   6.86     0.000  1       17.98     0.000  2       33.31     0.000  2
   7.01     0.000  1       18.21     0.000  2       33.54     0.000  2
   7.16     0.000  1       18.44     0.000  2       33.76     0.000  2
   7.32     0.000  1       18.67     0.000  2       33.99     0.000  2
   7.47     0.000  1       18.90     0.000  2       34.22     0.000  2
   7.62     0.000  1       19.13     0.000  2       34.45     0.000  2
   7.77     0.000  1       19.36     0.000  2       34.68     0.000  2
   7.92     0.000  1       19.59     0.000  2       34.91     0.000  2
   8.08     0.000  1       19.81     0.000  2       35.14     0.000  2
   8.23     0.000  1       20.04     0.000  2       35.37     0.000  2
   8.38     0.000  1       20.27     0.000  2       35.59     0.000  2
   8.53     0.000  1       20.50     0.000  2       35.82     0.000  2
   8.69     0.000  1       20.73     0.000  2       36.05     0.000  2
   8.84     0.000  1       20.96     0.000  2       36.28     0.000  2
   8.99     0.000  1       21.19     0.000  2       36.51     0.000  2
   9.14     0.000  1       21.41     0.000  2       36.74     0.000  2
   9.30     0.000  1       21.64     0.000  2       36.97     0.000  2
   9.45     0.000  1       21.87     0.000  2       37.20     0.000  2
   9.60     0.000  1       22.10     0.000  2       37.42     0.000  2
   9.75     0.000  1       22.33     0.000  2       37.65     0.000  2
   9.91     0.000  1       22.56     0.000  2       37.88     0.000  2
  10.06     0.000  1       22.79     0.000  2       38.11     0.000  2
  10.21     0.000  1       23.02     0.000  2

note:  (+) soil loss - detachment     (-) soil loss - deposition



III. OFF SITE EFFECTS  OFF SITE EFFECTS  OFF SITE EFFECTS
     ----------------  ----------------  ----------------

     A.  SEDIMENT LEAVING PROFILE for year    2     0.000 kg/m



     B.  SEDIMENT CHARACTERISTICS AND ENRICHMENT

     Sediment particle information leaving profile
-------------------------------------------------------------------------------
                                 Particle Composition         Detached Fraction
Class  Diameter  Specific  ---------------------------------  Sediment  In Flow
         (mm)    Gravity   % Sand   % Silt   % Clay   % O.M.  Fraction  Exiting
-------------------------------------------------------------------------------
  1     0.002      2.60      0.0      0.0    100.0     33.3     0.039    0.000
  2     0.010      2.65      0.0    100.0      0.0      0.0     0.330    0.000
  3     0.030      1.80      0.0     80.0     20.0      6.7     0.270    0.000
  4     0.300      1.60     55.6     21.6     22.8      7.6     0.250    0.000
  5     0.200      2.65    100.0      0.0      0.0      0.0     0.111    0.000
-------------------------------------------------------------------------------


     Weighted SSA enrichment ratio leaving profile for year    2 =   0.00


     HILLSLOPE 1 YEARLY SUMMARY FOR    3
     ----------------------------------


I.   RAINFALL AND RUNOFF SUMMARY
     -------- --- ------ -------

      year:      3

         Rainfall         Storm Runoff        Melt Runoff
      events   amount   events   amount     events  amount
                (mm)              (mm)               (mm)

       114    1083.60       0       0.00      11      67.26


II.  ON SITE EFFECTS  ON SITE EFFECTS  ON SITE EFFECTS
     ---------------  ---------------  ---------------




  C.  SOIL LOSS/DEPOSITION ALONG SLOPE PROFILE

          Profile distances are from top to bottom of hillslope


 distance soil  flow    distance   soil  flow    distance   soil  flow
    (m)   loss  elem       (m)     loss  elem       (m)     loss  elem
         (kg/m2)                  (kg/m2)                  (kg/m2)
------------------------------------------------------------------------

   0.15     0.000  1       10.36     0.000  1       23.24     0.000  2
   0.30     0.000  1       10.52     0.000  1       23.47     0.000  2
   0.46     0.000  1       10.67     0.000  1       23.70     0.000  2
   0.61     0.000  1       10.82     0.000  1       23.93     0.000  2
   0.76     0.000  1       10.97     0.000  1       24.16     0.000  2
   0.91     0.000  1       11.13     0.000  1       24.39     0.000  2
   1.07     0.000  1       11.28     0.000  1       24.62     0.000  2
   1.22     0.000  1       11.43     0.000  1       24.85     0.000  2
   1.37     0.000  1       11.58     0.000  1       25.07     0.000  2
   1.52     0.000  1       11.73     0.000  1       25.30     0.000  2
   1.68     0.000  1       11.89     0.000  1       25.53     0.000  2
   1.83     0.000  1       12.04     0.000  1       25.76     0.000  2
   1.98     0.000  1       12.19     0.000  1       25.99     0.000  2
   2.13     0.000  1       12.34     0.000  1       26.22     0.000  2
   2.29     0.000  1       12.50     0.000  1       26.45     0.000  2
   2.44     0.000  1       12.65     0.000  1       26.68     0.000  2
   2.59     0.000  1       12.80     0.000  1       26.90     0.000  2
   2.74     0.000  1       12.95     0.000  1       27.13     0.000  2
   2.90     0.000  1       13.11     0.000  1       27.36     0.000  2
   3.05     0.000  1       13.26     0.000  1       27.59     0.000  2
   3.20     0.000  1       13.41     0.000  1       27.82     0.000  2
   3.35     0.000  1       13.56     0.000  1       28.05     0.000  2
   3.51     0.000  1       13.72     0.000  1       28.28     0.000  2
   3.66     0.000  1       13.87     0.000  1       28.50     0.000  2
   3.81     0.000  1       14.02     0.000  1       28.73     0.000  2
   3.96     0.000  1       14.17     0.000  1       28.96     0.000  2
   4.11     0.000  1       14.33     0.000  1       29.19     0.000  2
   4.27     0.000  1       14.48     0.000  1       29.42     0.000  2
   4.42     0.000  1       14.63     0.000  1       29.65     0.000  2
   4.57     0.000  1       14.78     0.000  1       29.88     0.000  2
   4.72     0.000  1       14.94     0.000  1       30.11     0.000  2
   4.88     0.000  1       15.09     0.000  1       30.33     0.000  2
   5.03     0.000  1       15.24     0.000  1       30.56     0.000  2
   5.18     0.000  1       15.47     0.000  2       30.79     0.000  2
   5.33     0.000  1       15.70     0.000  2       31.02     0.000  2
   5.49     0.000  1       15.93     0.000  2       31.25     0.000  2
   5.64     0.000  1       16.15     0.000  2       31.48     0.000  2
   5.79     0.000  1       16.38     0.000  2       31.71     0.000  2
   5.94     0.000  1       16.61     0.000  2       31.94     0.000  2
   6.10     0.000  1       16.84     0.000  2       32.16     0.000  2
   6.25     0.000  1       17.07     0.000  2       32.39     0.000  2
   6.40     0.000  1       17.30     0.000  2       32.62     0.000  2
   6.55     0.000  1       17.53     0.000  2       32.85     0.000  2
   6.71     0.000  1       17.76     0.000  2       33.08     0.000  2
   6.86     0.000  1       17.98     0.000  2       33.31     0.000  2
   7.01     0.000  1       18.21     0.000  2       33.54     0.000  2
   7.16     0.000  1       18.44     0.000  2       33.76     0.000  2
   7.32     0.000  1       18.67     0.000  2       33.99     0.000  2
   7.47     0.000  1       18.90     0.000  2       34.22     0.000  2
   7.62     0.000  1       19.13     0.000  2       34.45     0.000  2
   7.77     0.000  1       19.36     0.000  2       34.68     0.000  2
   7.92     0.000  1       19.59     0.000  2       34.91     0.000  2
   8.08     0.000  1       19.81     0.000  2       35.14     0.000  2
   8.23     0.000  1       20.04     0.000  2       35.37     0.000  2
   8.38     0.000  1       20.27     0.000  2       35.59     0.000  2
   8.53     0.000  1       20.50     0.000  2       35.82     0.000  2
   8.69     0.000  1       20.73     0.000  2       36.05     0.000  2
   8.84     0.000  1       20.96     0.000  2       36.28     0.000  2
   8.99     0.000  1       21.19     0.000  2       36.51     0.000  2
   9.14     0.000  1       21.41     0.000  2       36.74     0.000  2
   9.30     0.000  1       21.64     0.000  2       36.97     0.000  2
   9.45     0.000  1       21.87     0.000  2       37.20     0.000  2
   9.60     0.000  1       22.10     0.000  2       37.42     0.000  2
   9.75     0.000  1       22.33     0.000  2       37.65     0.000  2
   9.91     0.000  1       22.56     0.000  2       37.88     0.000  2
  10.06     0.000  1       22.79     0.000  2       38.11     0.000  2
  10.21     0.000  1       23.02     0.000  2

note:  (+) soil loss - detachment     (-) soil loss - deposition



III. OFF SITE EFFECTS  OFF SITE EFFECTS  OFF SITE EFFECTS
     ----------------  ----------------  ----------------

     A.  SEDIMENT LEAVING PROFILE for year    3     0.000 kg/m



     B.  SEDIMENT CHARACTERISTICS AND ENRICHMENT

     Sediment particle information leaving profile
-------------------------------------------------------------------------------
                                 Particle Composition         Detached Fraction
Class  Diameter  Specific  ---------------------------------  Sediment  In Flow
         (mm)    Gravity   % Sand   % Silt   % Clay   % O.M.  Fraction  Exiting
-------------------------------------------------------------------------------
  1     0.002      2.60      0.0      0.0    100.0     33.3     0.039    0.000
  2     0.010      2.65      0.0    100.0      0.0      0.0     0.330    0.000
  3     0.030      1.80      0.0     80.0     20.0      6.7     0.270    0.000
  4     0.300      1.60     55.6     21.6     22.8      7.6     0.250    0.000
  5     0.200      2.65    100.0      0.0      0.0      0.0     0.111    0.000
-------------------------------------------------------------------------------


     Weighted SSA enrichment ratio leaving profile for year    3 =   0.00


     HILLSLOPE 1 YEARLY SUMMARY FOR    4
     ----------------------------------


I.   RAINFALL AND RUNOFF SUMMARY
     -------- --- ------ -------

      year:      4

         Rainfall         Storm Runoff        Melt Runoff
      events   amount   events   amount     events  amount
                (mm)              (mm)               (mm)

       116    1171.20       0       0.00       9      87.87


II.  ON SITE EFFECTS  ON SITE EFFECTS  ON SITE EFFECTS
     ---------------  ---------------  ---------------




  C.  SOIL LOSS/DEPOSITION ALONG SLOPE PROFILE

          Profile distances are from top to bottom of hillslope


 distance soil  flow    distance   soil  flow    distance   soil  flow
    (m)   loss  elem       (m)     loss  elem       (m)     loss  elem
         (kg/m2)                  (kg/m2)                  (kg/m2)
------------------------------------------------------------------------

   0.15     0.000  1       10.36     0.000  1       23.24     0.000  2
   0.30     0.000  1       10.52     0.000  1       23.47     0.000  2
   0.46     0.000  1       10.67     0.000  1       23.70     0.000  2
   0.61     0.000  1       10.82     0.000  1       23.93     0.000  2
   0.76     0.000  1       10.97     0.000  1       24.16     0.000  2
   0.91     0.000  1       11.13     0.000  1       24.39     0.000  2
   1.07     0.000  1       11.28     0.000  1       24.62     0.000  2
   1.22     0.000  1       11.43     0.000  1       24.85     0.000  2
   1.37     0.000  1       11.58     0.000  1       25.07     0.000  2
   1.52     0.000  1       11.73     0.000  1       25.30     0.000  2
   1.68     0.000  1       11.89     0.000  1       25.53     0.000  2
   1.83     0.000  1       12.04     0.000  1       25.76     0.000  2
   1.98     0.000  1       12.19     0.000  1       25.99     0.000  2
   2.13     0.000  1       12.34     0.000  1       26.22     0.000  2
   2.29     0.000  1       12.50     0.000  1       26.45     0.000  2
   2.44     0.000  1       12.65     0.000  1       26.68     0.000  2
   2.59     0.000  1       12.80     0.000  1       26.90     0.000  2
   2.74     0.000  1       12.95     0.000  1       27.13     0.000  2
   2.90     0.000  1       13.11     0.000  1       27.36     0.000  2
   3.05     0.000  1       13.26     0.000  1       27.59     0.000  2
   3.20     0.000  1       13.41     0.000  1       27.82     0.000  2
   3.35     0.000  1       13.56     0.000  1       28.05     0.000  2
   3.51     0.000  1       13.72     0.000  1       28.28     0.000  2
   3.66     0.000  1       13.87     0.000  1       28.50     0.000  2
   3.81     0.000  1       14.02     0.000  1       28.73     0.000  2
   3.96     0.000  1       14.17     0.000  1       28.96     0.000  2
   4.11     0.000  1       14.33     0.000  1       29.19     0.000  2
   4.27     0.000  1       14.48     0.000  1       29.42     0.000  2
   4.42     0.000  1       14.63     0.000  1       29.65     0.000  2
   4.57     0.000  1       14.78     0.000  1       29.88     0.000  2
   4.72     0.000  1       14.94     0.000  1       30.11     0.000  2
   4.88     0.000  1       15.09     0.000  1       30.33     0.000  2
   5.03     0.000  1       15.24     0.000  1       30.56     0.000  2
   5.18     0.000  1       15.47     0.000  2       30.79     0.000  2
   5.33     0.000  1       15.70     0.000  2       31.02     0.000  2
   5.49     0.000  1       15.93     0.000  2       31.25     0.000  2
   5.64     0.000  1       16.15     0.000  2       31.48     0.000  2
   5.79     0.000  1       16.38     0.000  2       31.71     0.000  2
   5.94     0.000  1       16.61     0.000  2       31.94     0.000  2
   6.10     0.000  1       16.84     0.000  2       32.16     0.000  2
   6.25     0.000  1       17.07     0.000  2       32.39     0.000  2
   6.40     0.000  1       17.30     0.000  2       32.62     0.000  2
   6.55     0.000  1       17.53     0.000  2       32.85     0.000  2
   6.71     0.000  1       17.76     0.000  2       33.08     0.000  2
   6.86     0.000  1       17.98     0.000  2       33.31     0.000  2
   7.01     0.000  1       18.21     0.000  2       33.54     0.000  2
   7.16     0.000  1       18.44     0.000  2       33.76     0.000  2
   7.32     0.000  1       18.67     0.000  2       33.99     0.000  2
   7.47     0.000  1       18.90     0.000  2       34.22     0.000  2
   7.62     0.000  1       19.13     0.000  2       34.45     0.000  2
   7.77     0.000  1       19.36     0.000  2       34.68     0.000  2
   7.92     0.000  1       19.59     0.000  2       34.91     0.000  2
   8.08     0.000  1       19.81     0.000  2       35.14     0.000  2
   8.23     0.000  1       20.04     0.000  2       35.37     0.000  2
   8.38     0.000  1       20.27     0.000  2       35.59     0.000  2
   8.53     0.000  1       20.50     0.000  2       35.82     0.000  2
   8.69     0.000  1       20.73     0.000  2       36.05     0.000  2
   8.84     0.000  1       20.96     0.000  2       36.28     0.000  2
   8.99     0.000  1       21.19     0.000  2       36.51     0.000  2
   9.14     0.000  1       21.41     0.000  2       36.74     0.000  2
   9.30     0.000  1       21.64     0.000  2       36.97     0.000  2
   9.45     0.000  1       21.87     0.000  2       37.20     0.000  2
   9.60     0.000  1       22.10     0.000  2       37.42     0.000  2
   9.75     0.000  1       22.33     0.000  2       37.65     0.000  2
   9.91     0.000  1       22.56     0.000  2       37.88     0.000  2
  10.06     0.000  1       22.79     0.000  2       38.11     0.000  2
  10.21     0.000  1       23.02     0.000  2

note:  (+) soil loss - detachment     (-) soil loss - deposition



III. OFF SITE EFFECTS  OFF SITE EFFECTS  OFF SITE EFFECTS
     ----------------  ----------------  ----------------

     A.  SEDIMENT LEAVING PROFILE for year    4     0.000 kg/m



     B.  SEDIMENT CHARACTERISTICS AND ENRICHMENT

     Sediment particle information leaving profile
-------------------------------------------------------------------------------
                                 Particle Composition         Detached Fraction
Class  Diameter  Specific  ---------------------------------  Sediment  In Flow
         (mm)    Gravity   % Sand   % Silt   % Clay   % O.M.  Fraction  Exiting
-------------------------------------------------------------------------------
  1     0.002      2.60      0.0      0.0    100.0     33.3     0.039    0.000
  2     0.010      2.65      0.0    100.0      0.0      0.0     0.330    0.000
  3     0.030      1.80      0.0     80.0     20.0      6.7     0.270    0.000
  4     0.300      1.60     55.6     21.6     22.8      7.6     0.250    0.000
  5     0.200      2.65    100.0      0.0      0.0      0.0     0.111    0.000
-------------------------------------------------------------------------------


     Weighted SSA enrichment ratio leaving profile for year    4 =   0.00


     HILLSLOPE 1 YEARLY SUMMARY FOR    5
     ----------------------------------


I.   RAINFALL AND RUNOFF SUMMARY
     -------- --- ------ -------

      year:      5

         Rainfall         Storm Runoff        Melt Runoff
      events   amount   events   amount     events  amount
                (mm)              (mm)               (mm)

       116    1119.00       0       0.00      11      88.25


II.  ON SITE EFFECTS  ON SITE EFFECTS  ON SITE EFFECTS
     ---------------  ---------------  ---------------




  C.  SOIL LOSS/DEPOSITION ALONG SLOPE PROFILE

          Profile distances are from top to bottom of hillslope


 distance soil  flow    distance   soil  flow    distance   soil  flow
    (m)   loss  elem       (m)     loss  elem       (m)     loss  elem
         (kg/m2)                  (kg/m2)                  (kg/m2)
------------------------------------------------------------------------

   0.15     0.000  1       10.36     0.000  1       23.24     0.000  2
   0.30     0.000  1       10.52     0.000  1       23.47     0.000  2
   0.46     0.000  1       10.67     0.000  1       23.70     0.000  2
   0.61     0.000  1       10.82     0.000  1       23.93     0.000  2
   0.76     0.000  1       10.97     0.000  1       24.16     0.000  2
   0.91     0.000  1       11.13     0.000  1       24.39     0.000  2
   1.07     0.000  1       11.28     0.000  1       24.62     0.000  2
   1.22     0.000  1       11.43     0.000  1       24.85     0.000  2
   1.37     0.000  1       11.58     0.000  1       25.07     0.000  2
   1.52     0.000  1       11.73     0.000  1       25.30     0.000  2
   1.68     0.000  1       11.89     0.000  1       25.53     0.000  2
   1.83     0.000  1       12.04     0.000  1       25.76     0.000  2
   1.98     0.000  1       12.19     0.000  1       25.99     0.000  2
   2.13     0.000  1       12.34     0.000  1       26.22     0.000  2
   2.29     0.000  1       12.50     0.000  1       26.45     0.000  2
   2.44     0.000  1       12.65     0.000  1       26.68     0.000  2
   2.59     0.000  1       12.80     0.000  1       26.90     0.000  2
   2.74     0.000  1       12.95     0.000  1       27.13     0.000  2
   2.90     0.000  1       13.11     0.000  1       27.36     0.000  2
   3.05     0.000  1       13.26     0.000  1       27.59     0.000  2
   3.20     0.000  1       13.41     0.000  1       27.82     0.000  2
   3.35     0.000  1       13.56     0.000  1       28.05     0.000  2
   3.51     0.000  1       13.72     0.000  1       28.28     0.000  2
   3.66     0.000  1       13.87     0.000  1       28.50     0.000  2
   3.81     0.000  1       14.02     0.000  1       28.73     0.000  2
   3.96     0.000  1       14.17     0.000  1       28.96     0.000  2
   4.11     0.000  1       14.33     0.000  1       29.19     0.000  2
   4.27     0.000  1       14.48     0.000  1       29.42     0.000  2
   4.42     0.000  1       14.63     0.000  1       29.65     0.000  2
   4.57     0.000  1       14.78     0.000  1       29.88     0.000  2
   4.72     0.000  1       14.94     0.000  1       30.11     0.000  2
   4.88     0.000  1       15.09     0.000  1       30.33     0.000  2
   5.03     0.000  1       15.24     0.000  1       30.56     0.000  2
   5.18     0.000  1       15.47     0.000  2       30.79     0.000  2
   5.33     0.000  1       15.70     0.000  2       31.02     0.000  2
   5.49     0.000  1       15.93     0.000  2       31.25     0.000  2
   5.64     0.000  1       16.15     0.000  2       31.48     0.000  2
   5.79     0.000  1       16.38     0.000  2       31.71     0.000  2
   5.94     0.000  1       16.61     0.000  2       31.94     0.000  2
   6.10     0.000  1       16.84     0.000  2       32.16     0.000  2
   6.25     0.000  1       17.07     0.000  2       32.39     0.000  2
   6.40     0.000  1       17.30     0.000  2       32.62     0.000  2
   6.55     0.000  1       17.53     0.000  2       32.85     0.000  2
   6.71     0.000  1       17.76     0.000  2       33.08     0.000  2
   6.86     0.000  1       17.98     0.000  2       33.31     0.000  2
   7.01     0.000  1       18.21     0.000  2       33.54     0.000  2
   7.16     0.000  1       18.44     0.000  2       33.76     0.000  2
   7.32     0.000  1       18.67     0.000  2       33.99     0.000  2
   7.47     0.000  1       18.90     0.000  2       34.22     0.000  2
   7.62     0.000  1       19.13     0.000  2       34.45     0.000  2
   7.77     0.000  1       19.36     0.000  2       34.68     0.000  2
   7.92     0.000  1       19.59     0.000  2       34.91     0.000  2
   8.08     0.000  1       19.81     0.000  2       35.14     0.000  2
   8.23     0.000  1       20.04     0.000  2       35.37     0.000  2
   8.38     0.000  1       20.27     0.000  2       35.59     0.000  2
   8.53     0.000  1       20.50     0.000  2       35.82     0.000  2
   8.69     0.000  1       20.73     0.000  2       36.05     0.000  2
   8.84     0.000  1       20.96     0.000  2       36.28     0.000  2
   8.99     0.000  1       21.19     0.000  2       36.51     0.000  2
   9.14     0.000  1       21.41     0.000  2       36.74     0.000  2
   9.30     0.000  1       21.64     0.000  2       36.97     0.000  2
   9.45     0.000  1       21.87     0.000  2       37.20     0.000  2
   9.60     0.000  1       22.10     0.000  2       37.42     0.000  2
   9.75     0.000  1       22.33     0.000  2       37.65     0.000  2
   9.91     0.000  1       22.56     0.000  2       37.88     0.000  2
  10.06     0.000  1       22.79     0.000  2       38.11     0.000  2
  10.21     0.000  1       23.02     0.000  2

note:  (+) soil loss - detachment     (-) soil loss - deposition



III. OFF SITE EFFECTS  OFF SITE EFFECTS  OFF SITE EFFECTS
     ----------------  ----------------  ----------------

     A.  SEDIMENT LEAVING PROFILE for year    5     0.000 kg/m



     B.  SEDIMENT CHARACTERISTICS AND ENRICHMENT

     Sediment particle information leaving profile
-------------------------------------------------------------------------------
                                 Particle Composition         Detached Fraction
Class  Diameter  Specific  ---------------------------------  Sediment  In Flow
         (mm)    Gravity   % Sand   % Silt   % Clay   % O.M.  Fraction  Exiting
-------------------------------------------------------------------------------
  1     0.002      2.60      0.0      0.0    100.0     33.3     0.039    0.000
  2     0.010      2.65      0.0    100.0      0.0      0.0     0.330    0.000
  3     0.030      1.80      0.0     80.0     20.0      6.7     0.270    0.000
  4     0.300      1.60     55.6     21.6     22.8      7.6     0.250    0.000
  5     0.200      2.65    100.0      0.0      0.0      0.0     0.111    0.000
-------------------------------------------------------------------------------


     Weighted SSA enrichment ratio leaving profile for year    5 =   0.00


     HILLSLOPE 1 YEARLY SUMMARY FOR    6
     ----------------------------------


I.   RAINFALL AND RUNOFF SUMMARY
     -------- --- ------ -------

      year:      6

         Rainfall         Storm Runoff        Melt Runoff
      events   amount   events   amount     events  amount
                (mm)              (mm)               (mm)

       118    1143.60       1       8.17      11      69.27


II.  ON SITE EFFECTS  ON SITE EFFECTS  ON SITE EFFECTS
     ---------------  ---------------  ---------------


  A.  AREA OF NET SOIL LOSS

      ** Soil Loss (Avg. of Net Detachment Areas) =    0.006 kg/m2 **
      ** Maximum Soil Loss  =    0.009 kg/m2 at   26.68 meters **


      Area of    Soil Loss   Soil Loss   MAX   MAX Loss   MIN   MIN Loss
      Net Loss      MEAN      STDEV      Loss    Point    Loss   Point
        (m)       (kg/m2)     (kg/m2)  (kg/m2)    (m)    (kg/m2)  (m)
------------------------------------------------------------------------
   0.00-  38.11    0.006     0.001      0.009   26.68     0.004     0.15



  C.  SOIL LOSS/DEPOSITION ALONG SLOPE PROFILE

          Profile distances are from top to bottom of hillslope


 distance soil  flow    distance   soil  flow    distance   soil  flow
    (m)   loss  elem       (m)     loss  elem       (m)     loss  elem
         (kg/m2)                  (kg/m2)                  (kg/m2)
------------------------------------------------------------------------

   0.15     0.004  1       10.36     0.004  1       23.24     0.008  2
   0.30     0.004  1       10.52     0.004  1       23.47     0.008  2
   0.46     0.004  1       10.67     0.004  1       23.70     0.008  2
   0.61     0.004  1       10.82     0.004  1       23.93     0.008  2
   0.76     0.004  1       10.97     0.004  1       24.16     0.008  2
   0.91     0.004  1       11.13     0.004  1       24.39     0.008  2
   1.07     0.004  1       11.28     0.004  1       24.62     0.008  2
   1.22     0.004  1       11.43     0.004  1       24.85     0.008  2
   1.37     0.004  1       11.58     0.004  1       25.07     0.008  2
   1.52     0.004  1       11.73     0.004  1       25.30     0.008  2
   1.68     0.004  1       11.89     0.004  1       25.53     0.008  2
   1.83     0.004  1       12.04     0.004  1       25.76     0.008  2
   1.98     0.004  1       12.19     0.004  1       25.99     0.008  2
   2.13     0.004  1       12.34     0.004  1       26.22     0.008  2
   2.29     0.004  1       12.50     0.004  1       26.45     0.008  2
   2.44     0.004  1       12.65     0.004  1       26.68     0.009  2
   2.59     0.004  1       12.80     0.004  1       26.90     0.009  2
   2.74     0.004  1       12.95     0.004  1       27.13     0.008  2
   2.90     0.004  1       13.11     0.004  1       27.36     0.008  2
   3.05     0.004  1       13.26     0.004  1       27.59     0.008  2
   3.20     0.004  1       13.41     0.004  1       27.82     0.008  2
   3.35     0.004  1       13.56     0.004  1       28.05     0.008  2
   3.51     0.004  1       13.72     0.004  1       28.28     0.008  2
   3.66     0.004  1       13.87     0.004  1       28.50     0.008  2
   3.81     0.004  1       14.02     0.004  1       28.73     0.008  2
   3.96     0.004  1       14.17     0.005  1       28.96     0.007  2
   4.11     0.004  1       14.33     0.005  1       29.19     0.007  2
   4.27     0.004  1       14.48     0.005  1       29.42     0.007  2
   4.42     0.004  1       14.63     0.005  1       29.65     0.007  2
   4.57     0.004  1       14.78     0.005  1       29.88     0.007  2
   4.72     0.004  1       14.94     0.005  1       30.11     0.007  2
   4.88     0.004  1       15.09     0.005  1       30.33     0.006  2
   5.03     0.004  1       15.24     0.005  1       30.56     0.006  2
   5.18     0.004  1       15.47     0.005  2       30.79     0.006  2
   5.33     0.004  1       15.70     0.005  2       31.02     0.006  2
   5.49     0.004  1       15.93     0.005  2       31.25     0.006  2
   5.64     0.004  1       16.15     0.005  2       31.48     0.006  2
   5.79     0.004  1       16.38     0.005  2       31.71     0.006  2
   5.94     0.004  1       16.61     0.006  2       31.94     0.005  2
   6.10     0.004  1       16.84     0.006  2       32.16     0.005  2
   6.25     0.004  1       17.07     0.006  2       32.39     0.005  2
   6.40     0.004  1       17.30     0.006  2       32.62     0.005  2
   6.55     0.004  1       17.53     0.006  2       32.85     0.005  2
   6.71     0.004  1       17.76     0.006  2       33.08     0.004  2
   6.86     0.004  1       17.98     0.006  2       33.31     0.004  2
   7.01     0.004  1       18.21     0.006  2       33.54     0.004  2
   7.16     0.004  1       18.44     0.006  2       33.76     0.004  2
   7.32     0.004  1       18.67     0.006  2       33.99     0.004  2
   7.47     0.004  1       18.90     0.006  2       34.22     0.004  2
   7.62     0.004  1       19.13     0.006  2       34.45     0.004  2
   7.77     0.004  1       19.36     0.006  2       34.68     0.004  2
   7.92     0.004  1       19.59     0.006  2       34.91     0.004  2
   8.08     0.004  1       19.81     0.007  2       35.14     0.004  2
   8.23     0.004  1       20.04     0.007  2       35.37     0.004  2
   8.38     0.004  1       20.27     0.007  2       35.59     0.004  2
   8.53     0.004  1       20.50     0.007  2       35.82     0.004  2
   8.69     0.004  1       20.73     0.007  2       36.05     0.004  2
   8.84     0.004  1       20.96     0.007  2       36.28     0.004  2
   8.99     0.004  1       21.19     0.007  2       36.51     0.004  2
   9.14     0.004  1       21.41     0.007  2       36.74     0.004  2
   9.30     0.004  1       21.64     0.007  2       36.97     0.004  2
   9.45     0.004  1       21.87     0.007  2       37.20     0.004  2
   9.60     0.004  1       22.10     0.007  2       37.42     0.004  2
   9.75     0.004  1       22.33     0.007  2       37.65     0.004  2
   9.91     0.004  1       22.56     0.007  2       37.88     0.004  2
  10.06     0.004  1       22.79     0.007  2       38.11     0.004  2
  10.21     0.004  1       23.02     0.007  2

note:  (+) soil loss - detachment     (-) soil loss - deposition



III. OFF SITE EFFECTS  OFF SITE EFFECTS  OFF SITE EFFECTS
     ----------------  ----------------  ----------------

     A.  SEDIMENT LEAVING PROFILE for year    6     0.211 kg/m



     B.  SEDIMENT CHARACTERISTICS AND ENRICHMENT

     Sediment particle information leaving profile
-------------------------------------------------------------------------------
                                 Particle Composition         Detached Fraction
Class  Diameter  Specific  ---------------------------------  Sediment  In Flow
         (mm)    Gravity   % Sand   % Silt   % Clay   % O.M.  Fraction  Exiting
-------------------------------------------------------------------------------
  1     0.002      2.60      0.0      0.0    100.0     33.3     0.039    0.043
  2     0.010      2.65      0.0    100.0      0.0      0.0     0.330    0.360
  3     0.030      1.80      0.0     80.0     20.0      6.7     0.270    0.295
  4     0.300      1.60     55.6     21.6     22.8      7.6     0.250    0.210
  5     0.200      2.65    100.0      0.0      0.0      0.0     0.111    0.093
-------------------------------------------------------------------------------


     Weighted SSA enrichment ratio leaving profile for year    6 =   1.00


     HILLSLOPE 1 YEARLY SUMMARY FOR    7
     ----------------------------------


I.   RAINFALL AND RUNOFF SUMMARY
     -------- --- ------ -------

      year:      7

         Rainfall         Storm Runoff        Melt Runoff
      events   amount   events   amount     events  amount
                (mm)              (mm)               (mm)

       129    1097.60       0       0.00      10      66.67


II.  ON SITE EFFECTS  ON SITE EFFECTS  ON SITE EFFECTS
     ---------------  ---------------  ---------------




  C.  SOIL LOSS/DEPOSITION ALONG SLOPE PROFILE

          Profile distances are from top to bottom of hillslope


 distance soil  flow    distance   soil  flow    distance   soil  flow
    (m)   loss  elem       (m)     loss  elem       (m)     loss  elem
         (kg/m2)                  (kg/m2)                  (kg/m2)
------------------------------------------------------------------------

   0.15     0.000  1       10.36     0.000  1       23.24     0.000  2
   0.30     0.000  1       10.52     0.000  1       23.47     0.000  2
   0.46     0.000  1       10.67     0.000  1       23.70     0.000  2
   0.61     0.000  1       10.82     0.000  1       23.93     0.000  2
   0.76     0.000  1       10.97     0.000  1       24.16     0.000  2
   0.91     0.000  1       11.13     0.000  1       24.39     0.000  2
   1.07     0.000  1       11.28     0.000  1       24.62     0.000  2
   1.22     0.000  1       11.43     0.000  1       24.85     0.000  2
   1.37     0.000  1       11.58     0.000  1       25.07     0.000  2
   1.52     0.000  1       11.73     0.000  1       25.30     0.000  2
   1.68     0.000  1       11.89     0.000  1       25.53     0.000  2
   1.83     0.000  1       12.04     0.000  1       25.76     0.000  2
   1.98     0.000  1       12.19     0.000  1       25.99     0.000  2
   2.13     0.000  1       12.34     0.000  1       26.22     0.000  2
   2.29     0.000  1       12.50     0.000  1       26.45     0.000  2
   2.44     0.000  1       12.65     0.000  1       26.68     0.000  2
   2.59     0.000  1       12.80     0.000  1       26.90     0.000  2
   2.74     0.000  1       12.95     0.000  1       27.13     0.000  2
   2.90     0.000  1       13.11     0.000  1       27.36     0.000  2
   3.05     0.000  1       13.26     0.000  1       27.59     0.000  2
   3.20     0.000  1       13.41     0.000  1       27.82     0.000  2
   3.35     0.000  1       13.56     0.000  1       28.05     0.000  2
   3.51     0.000  1       13.72     0.000  1       28.28     0.000  2
   3.66     0.000  1       13.87     0.000  1       28.50     0.000  2
   3.81     0.000  1       14.02     0.000  1       28.73     0.000  2
   3.96     0.000  1       14.17     0.000  1       28.96     0.000  2
   4.11     0.000  1       14.33     0.000  1       29.19     0.000  2
   4.27     0.000  1       14.48     0.000  1       29.42     0.000  2
   4.42     0.000  1       14.63     0.000  1       29.65     0.000  2
   4.57     0.000  1       14.78     0.000  1       29.88     0.000  2
   4.72     0.000  1       14.94     0.000  1       30.11     0.000  2
   4.88     0.000  1       15.09     0.000  1       30.33     0.000  2
   5.03     0.000  1       15.24     0.000  1       30.56     0.000  2
   5.18     0.000  1       15.47     0.000  2       30.79     0.000  2
   5.33     0.000  1       15.70     0.000  2       31.02     0.000  2
   5.49     0.000  1       15.93     0.000  2       31.25     0.000  2
   5.64     0.000  1       16.15     0.000  2       31.48     0.000  2
   5.79     0.000  1       16.38     0.000  2       31.71     0.000  2
   5.94     0.000  1       16.61     0.000  2       31.94     0.000  2
   6.10     0.000  1       16.84     0.000  2       32.16     0.000  2
   6.25     0.000  1       17.07     0.000  2       32.39     0.000  2
   6.40     0.000  1       17.30     0.000  2       32.62     0.000  2
   6.55     0.000  1       17.53     0.000  2       32.85     0.000  2
   6.71     0.000  1       17.76     0.000  2       33.08     0.000  2
   6.86     0.000  1       17.98     0.000  2       33.31     0.000  2
   7.01     0.000  1       18.21     0.000  2       33.54     0.000  2
   7.16     0.000  1       18.44     0.000  2       33.76     0.000  2
   7.32     0.000  1       18.67     0.000  2       33.99     0.000  2
   7.47     0.000  1       18.90     0.000  2       34.22     0.000  2
   7.62     0.000  1       19.13     0.000  2       34.45     0.000  2
   7.77     0.000  1       19.36     0.000  2       34.68     0.000  2
   7.92     0.000  1       19.59     0.000  2       34.91     0.000  2
   8.08     0.000  1       19.81     0.000  2       35.14     0.000  2
   8.23     0.000  1       20.04     0.000  2       35.37     0.000  2
   8.38     0.000  1       20.27     0.000  2       35.59     0.000  2
   8.53     0.000  1       20.50     0.000  2       35.82     0.000  2
   8.69     0.000  1       20.73     0.000  2       36.05     0.000  2
   8.84     0.000  1       20.96     0.000  2       36.28     0.000  2
   8.99     0.000  1       21.19     0.000  2       36.51     0.000  2
   9.14     0.000  1       21.41     0.000  2       36.74     0.000  2
   9.30     0.000  1       21.64     0.000  2       36.97     0.000  2
   9.45     0.000  1       21.87     0.000  2       37.20     0.000  2
   9.60     0.000  1       22.10     0.000  2       37.42     0.000  2
   9.75     0.000  1       22.33     0.000  2       37.65     0.000  2
   9.91     0.000  1       22.56     0.000  2       37.88     0.000  2
  10.06     0.000  1       22.79     0.000  2       38.11     0.000  2
  10.21     0.000  1       23.02     0.000  2

note:  (+) soil loss - detachment     (-) soil loss - deposition



III. OFF SITE EFFECTS  OFF SITE EFFECTS  OFF SITE EFFECTS
     ----------------  ----------------  ----------------

     A.  SEDIMENT LEAVING PROFILE for year    7     0.000 kg/m



     B.  SEDIMENT CHARACTERISTICS AND ENRICHMENT

     Sediment particle information leaving profile
-------------------------------------------------------------------------------
                                 Particle Composition         Detached Fraction
Class  Diameter  Specific  ---------------------------------  Sediment  In Flow
         (mm)    Gravity   % Sand   % Silt   % Clay   % O.M.  Fraction  Exiting
-------------------------------------------------------------------------------
  1     0.002      2.60      0.0      0.0    100.0     33.3     0.039    0.000
  2     0.010      2.65      0.0    100.0      0.0      0.0     0.330    0.000
  3     0.030      1.80      0.0     80.0     20.0      6.7     0.270    0.000
  4     0.300      1.60     55.6     21.6     22.8      7.6     0.250    0.000
  5     0.200      2.65    100.0      0.0      0.0      0.0     0.111    0.000
-------------------------------------------------------------------------------


     Weighted SSA enrichment ratio leaving profile for year    7 =   0.00


     HILLSLOPE 1 YEARLY SUMMARY FOR    8
     ----------------------------------


I.   RAINFALL AND RUNOFF SUMMARY
     -------- --- ------ -------

      year:      8

         Rainfall         Storm Runoff        Melt Runoff
      events   amount   events   amount     events  amount
                (mm)              (mm)               (mm)

       128    1170.40       0       0.00       6      40.72


II.  ON SITE EFFECTS  ON SITE EFFECTS  ON SITE EFFECTS
     ---------------  ---------------  ---------------




  C.  SOIL LOSS/DEPOSITION ALONG SLOPE PROFILE

          Profile distances are from top to bottom of hillslope


 distance soil  flow    distance   soil  flow    distance   soil  flow
    (m)   loss  elem       (m)     loss  elem       (m)     loss  elem
         (kg/m2)                  (kg/m2)                  (kg/m2)
------------------------------------------------------------------------

   0.15     0.000  1       10.36     0.000  1       23.24     0.000  2
   0.30     0.000  1       10.52     0.000  1       23.47     0.000  2
   0.46     0.000  1       10.67     0.000  1       23.70     0.000  2
   0.61     0.000  1       10.82     0.000  1       23.93     0.000  2
   0.76     0.000  1       10.97     0.000  1       24.16     0.000  2
   0.91     0.000  1       11.13     0.000  1       24.39     0.000  2
   1.07     0.000  1       11.28     0.000  1       24.62     0.000  2
   1.22     0.000  1       11.43     0.000  1       24.85     0.000  2
   1.37     0.000  1       11.58     0.000  1       25.07     0.000  2
   1.52     0.000  1       11.73     0.000  1       25.30     0.000  2
   1.68     0.000  1       11.89     0.000  1       25.53     0.000  2
   1.83     0.000  1       12.04     0.000  1       25.76     0.000  2
   1.98     0.000  1       12.19     0.000  1       25.99     0.000  2
   2.13     0.000  1       12.34     0.000  1       26.22     0.000  2
   2.29     0.000  1       12.50     0.000  1       26.45     0.000  2
   2.44     0.000  1       12.65     0.000  1       26.68     0.000  2
   2.59     0.000  1       12.80     0.000  1       26.90     0.000  2
   2.74     0.000  1       12.95     0.000  1       27.13     0.000  2
   2.90     0.000  1       13.11     0.000  1       27.36     0.000  2
   3.05     0.000  1       13.26     0.000  1       27.59     0.000  2
   3.20     0.000  1       13.41     0.000  1       27.82     0.000  2
   3.35     0.000  1       13.56     0.000  1       28.05     0.000  2
   3.51     0.000  1       13.72     0.000  1       28.28     0.000  2
   3.66     0.000  1       13.87     0.000  1       28.50     0.000  2
   3.81     0.000  1       14.02     0.000  1       28.73     0.000  2
   3.96     0.000  1       14.17     0.000  1       28.96     0.000  2
   4.11     0.000  1       14.33     0.000  1       29.19     0.000  2
   4.27     0.000  1       14.48     0.000  1       29.42     0.000  2
   4.42     0.000  1       14.63     0.000  1       29.65     0.000  2
   4.57     0.000  1       14.78     0.000  1       29.88     0.000  2
   4.72     0.000  1       14.94     0.000  1       30.11     0.000  2
   4.88     0.000  1       15.09     0.000  1       30.33     0.000  2
   5.03     0.000  1       15.24     0.000  1       30.56     0.000  2
   5.18     0.000  1       15.47     0.000  2       30.79     0.000  2
   5.33     0.000  1       15.70     0.000  2       31.02     0.000  2
   5.49     0.000  1       15.93     0.000  2       31.25     0.000  2
   5.64     0.000  1       16.15     0.000  2       31.48     0.000  2
   5.79     0.000  1       16.38     0.000  2       31.71     0.000  2
   5.94     0.000  1       16.61     0.000  2       31.94     0.000  2
   6.10     0.000  1       16.84     0.000  2       32.16     0.000  2
   6.25     0.000  1       17.07     0.000  2       32.39     0.000  2
   6.40     0.000  1       17.30     0.000  2       32.62     0.000  2
   6.55     0.000  1       17.53     0.000  2       32.85     0.000  2
   6.71     0.000  1       17.76     0.000  2       33.08     0.000  2
   6.86     0.000  1       17.98     0.000  2       33.31     0.000  2
   7.01     0.000  1       18.21     0.000  2       33.54     0.000  2
   7.16     0.000  1       18.44     0.000  2       33.76     0.000  2
   7.32     0.000  1       18.67     0.000  2       33.99     0.000  2
   7.47     0.000  1       18.90     0.000  2       34.22     0.000  2
   7.62     0.000  1       19.13     0.000  2       34.45     0.000  2
   7.77     0.000  1       19.36     0.000  2       34.68     0.000  2
   7.92     0.000  1       19.59     0.000  2       34.91     0.000  2
   8.08     0.000  1       19.81     0.000  2       35.14     0.000  2
   8.23     0.000  1       20.04     0.000  2       35.37     0.000  2
   8.38     0.000  1       20.27     0.000  2       35.59     0.000  2
   8.53     0.000  1       20.50     0.000  2       35.82     0.000  2
   8.69     0.000  1       20.73     0.000  2       36.05     0.000  2
   8.84     0.000  1       20.96     0.000  2       36.28     0.000  2
   8.99     0.000  1       21.19     0.000  2       36.51     0.000  2
   9.14     0.000  1       21.41     0.000  2       36.74     0.000  2
   9.30     0.000  1       21.64     0.000  2       36.97     0.000  2
   9.45     0.000  1       21.87     0.000  2       37.20     0.000  2
   9.60     0.000  1       22.10     0.000  2       37.42     0.000  2
   9.75     0.000  1       22.33     0.000  2       37.65     0.000  2
   9.91     0.000  1       22.56     0.000  2       37.88     0.000  2
  10.06     0.000  1       22.79     0.000  2       38.11     0.000  2
  10.21     0.000  1       23.02     0.000  2

note:  (+) soil loss - detachment     (-) soil loss - deposition



III. OFF SITE EFFECTS  OFF SITE EFFECTS  OFF SITE EFFECTS
     ----------------  ----------------  ----------------

     A.  SEDIMENT LEAVING PROFILE for year    8     0.000 kg/m



     B.  SEDIMENT CHARACTERISTICS AND ENRICHMENT

     Sediment particle information leaving profile
-------------------------------------------------------------------------------
                                 Particle Composition         Detached Fraction
Class  Diameter  Specific  ---------------------------------  Sediment  In Flow
         (mm)    Gravity   % Sand   % Silt   % Clay   % O.M.  Fraction  Exiting
-------------------------------------------------------------------------------
  1     0.002      2.60      0.0      0.0    100.0     33.3     0.039    0.000
  2     0.010      2.65      0.0    100.0      0.0      0.0     0.330    0.000
  3     0.030      1.80      0.0     80.0     20.0      6.7     0.270    0.000
  4     0.300      1.60     55.6     21.6     22.8      7.6     0.250    0.000
  5     0.200      2.65    100.0      0.0      0.0      0.0     0.111    0.000
-------------------------------------------------------------------------------


     Weighted SSA enrichment ratio leaving profile for year    8 =   0.00


     HILLSLOPE 1 YEARLY SUMMARY FOR    9
     ----------------------------------


I.   RAINFALL AND RUNOFF SUMMARY
     -------- --- ------ -------

      year:      9

         Rainfall         Storm Runoff        Melt Runoff
      events   amount   events   amount     events  amount
                (mm)              (mm)               (mm)

       123    1198.50       1       0.01      10      97.94


II.  ON SITE EFFECTS  ON SITE EFFECTS  ON SITE EFFECTS
     ---------------  ---------------  ---------------


  A.  AREA OF NET SOIL LOSS

      ** Soil Loss (Avg. of Net Detachment Areas) =    0.000 kg/m2 **
      ** Maximum Soil Loss  =    0.000 kg/m2 at    7.77 meters **


      Area of    Soil Loss   Soil Loss   MAX   MAX Loss   MIN   MIN Loss
      Net Loss      MEAN      STDEV      Loss    Point    Loss   Point
        (m)       (kg/m2)     (kg/m2)  (kg/m2)    (m)    (kg/m2)  (m)
------------------------------------------------------------------------
   0.00-  38.11    0.000     0.000      0.000    7.77     0.000    15.47



  C.  SOIL LOSS/DEPOSITION ALONG SLOPE PROFILE

          Profile distances are from top to bottom of hillslope


 distance soil  flow    distance   soil  flow    distance   soil  flow
    (m)   loss  elem       (m)     loss  elem       (m)     loss  elem
         (kg/m2)                  (kg/m2)                  (kg/m2)
------------------------------------------------------------------------

   0.15     0.000  1       10.36     0.000  1       23.24     0.000  2
   0.30     0.000  1       10.52     0.000  1       23.47     0.000  2
   0.46     0.000  1       10.67     0.000  1       23.70     0.000  2
   0.61     0.000  1       10.82     0.000  1       23.93     0.000  2
   0.76     0.000  1       10.97     0.000  1       24.16     0.000  2
   0.91     0.000  1       11.13     0.000  1       24.39     0.000  2
   1.07     0.000  1       11.28     0.000  1       24.62     0.000  2
   1.22     0.000  1       11.43     0.000  1       24.85     0.000  2
   1.37     0.000  1       11.58     0.000  1       25.07     0.000  2
   1.52     0.000  1       11.73     0.000  1       25.30     0.000  2
   1.68     0.000  1       11.89     0.000  1       25.53     0.000  2
   1.83     0.000  1       12.04     0.000  1       25.76     0.000  2
   1.98     0.000  1       12.19     0.000  1       25.99     0.000  2
   2.13     0.000  1       12.34     0.000  1       26.22     0.000  2
   2.29     0.000  1       12.50     0.000  1       26.45     0.000  2
   2.44     0.000  1       12.65     0.000  1       26.68     0.000  2
   2.59     0.000  1       12.80     0.000  1       26.90     0.000  2
   2.74     0.000  1       12.95     0.000  1       27.13     0.000  2
   2.90     0.000  1       13.11     0.000  1       27.36     0.000  2
   3.05     0.000  1       13.26     0.000  1       27.59     0.000  2
   3.20     0.000  1       13.41     0.000  1       27.82     0.000  2
   3.35     0.000  1       13.56     0.000  1       28.05     0.000  2
   3.51     0.000  1       13.72     0.000  1       28.28     0.000  2
   3.66     0.000  1       13.87     0.000  1       28.50     0.000  2
   3.81     0.000  1       14.02     0.000  1       28.73     0.000  2
   3.96     0.000  1       14.17     0.000  1       28.96     0.000  2
   4.11     0.000  1       14.33     0.000  1       29.19     0.000  2
   4.27     0.000  1       14.48     0.000  1       29.42     0.000  2
   4.42     0.000  1       14.63     0.000  1       29.65     0.000  2
   4.57     0.000  1       14.78     0.000  1       29.88     0.000  2
   4.72     0.000  1       14.94     0.000  1       30.11     0.000  2
   4.88     0.000  1       15.09     0.000  1       30.33     0.000  2
   5.03     0.000  1       15.24     0.000  1       30.56     0.000  2
   5.18     0.000  1       15.47     0.000  2       30.79     0.000  2
   5.33     0.000  1       15.70     0.000  2       31.02     0.000  2
   5.49     0.000  1       15.93     0.000  2       31.25     0.000  2
   5.64     0.000  1       16.15     0.000  2       31.48     0.000  2
   5.79     0.000  1       16.38     0.000  2       31.71     0.000  2
   5.94     0.000  1       16.61     0.000  2       31.94     0.000  2
   6.10     0.000  1       16.84     0.000  2       32.16     0.000  2
   6.25     0.000  1       17.07     0.000  2       32.39     0.000  2
   6.40     0.000  1       17.30     0.000  2       32.62     0.000  2
   6.55     0.000  1       17.53     0.000  2       32.85     0.000  2
   6.71     0.000  1       17.76     0.000  2       33.08     0.000  2
   6.86     0.000  1       17.98     0.000  2       33.31     0.000  2
   7.01     0.000  1       18.21     0.000  2       33.54     0.000  2
   7.16     0.000  1       18.44     0.000  2       33.76     0.000  2
   7.32     0.000  1       18.67     0.000  2       33.99     0.000  2
   7.47     0.000  1       18.90     0.000  2       34.22     0.000  2
   7.62     0.000  1       19.13     0.000  2       34.45     0.000  2
   7.77     0.000  1       19.36     0.000  2       34.68     0.000  2
   7.92     0.000  1       19.59     0.000  2       34.91     0.000  2
   8.08     0.000  1       19.81     0.000  2       35.14     0.000  2
   8.23     0.000  1       20.04     0.000  2       35.37     0.000  2
   8.38     0.000  1       20.27     0.000  2       35.59     0.000  2
   8.53     0.000  1       20.50     0.000  2       35.82     0.000  2
   8.69     0.000  1       20.73     0.000  2       36.05     0.000  2
   8.84     0.000  1       20.96     0.000  2       36.28     0.000  2
   8.99     0.000  1       21.19     0.000  2       36.51     0.000  2
   9.14     0.000  1       21.41     0.000  2       36.74     0.000  2
   9.30     0.000  1       21.64     0.000  2       36.97     0.000  2
   9.45     0.000  1       21.87     0.000  2       37.20     0.000  2
   9.60     0.000  1       22.10     0.000  2       37.42     0.000  2
   9.75     0.000  1       22.33     0.000  2       37.65     0.000  2
   9.91     0.000  1       22.56     0.000  2       37.88     0.000  2
  10.06     0.000  1       22.79     0.000  2       38.11     0.000  2
  10.21     0.000  1       23.02     0.000  2

note:  (+) soil loss - detachment     (-) soil loss - deposition



III. OFF SITE EFFECTS  OFF SITE EFFECTS  OFF SITE EFFECTS
     ----------------  ----------------  ----------------

     A.  SEDIMENT LEAVING PROFILE for year    9     0.000 kg/m



     B.  SEDIMENT CHARACTERISTICS AND ENRICHMENT

     Sediment particle information leaving profile
-------------------------------------------------------------------------------
                                 Particle Composition         Detached Fraction
Class  Diameter  Specific  ---------------------------------  Sediment  In Flow
         (mm)    Gravity   % Sand   % Silt   % Clay   % O.M.  Fraction  Exiting
-------------------------------------------------------------------------------
  1     0.002      2.60      0.0      0.0    100.0     33.3     0.039    0.041
  2     0.010      2.65      0.0    100.0      0.0      0.0     0.330    0.349
  3     0.030      1.80      0.0     80.0     20.0      6.7     0.270    0.285
  4     0.300      1.60     55.6     21.6     22.8      7.6     0.250    0.225
  5     0.200      2.65    100.0      0.0      0.0      0.0     0.111    0.100
-------------------------------------------------------------------------------


     Weighted SSA enrichment ratio leaving profile for year    9 =   1.00


     HILLSLOPE 1 YEARLY SUMMARY FOR   10
     ----------------------------------


I.   RAINFALL AND RUNOFF SUMMARY
     -------- --- ------ -------

      year:     10

         Rainfall         Storm Runoff        Melt Runoff
      events   amount   events   amount     events  amount
                (mm)              (mm)               (mm)

       112     986.00       0       0.00      11      45.08


II.  ON SITE EFFECTS  ON SITE EFFECTS  ON SITE EFFECTS
     ---------------  ---------------  ---------------




  C.  SOIL LOSS/DEPOSITION ALONG SLOPE PROFILE

          Profile distances are from top to bottom of hillslope


 distance soil  flow    distance   soil  flow    distance   soil  flow
    (m)   loss  elem       (m)     loss  elem       (m)     loss  elem
         (kg/m2)                  (kg/m2)                  (kg/m2)
------------------------------------------------------------------------

   0.15     0.000  1       10.36     0.000  1       23.24     0.000  2
   0.30     0.000  1       10.52     0.000  1       23.47     0.000  2
   0.46     0.000  1       10.67     0.000  1       23.70     0.000  2
   0.61     0.000  1       10.82     0.000  1       23.93     0.000  2
   0.76     0.000  1       10.97     0.000  1       24.16     0.000  2
   0.91     0.000  1       11.13     0.000  1       24.39     0.000  2
   1.07     0.000  1       11.28     0.000  1       24.62     0.000  2
   1.22     0.000  1       11.43     0.000  1       24.85     0.000  2
   1.37     0.000  1       11.58     0.000  1       25.07     0.000  2
   1.52     0.000  1       11.73     0.000  1       25.30     0.000  2
   1.68     0.000  1       11.89     0.000  1       25.53     0.000  2
   1.83     0.000  1       12.04     0.000  1       25.76     0.000  2
   1.98     0.000  1       12.19     0.000  1       25.99     0.000  2
   2.13     0.000  1       12.34     0.000  1       26.22     0.000  2
   2.29     0.000  1       12.50     0.000  1       26.45     0.000  2
   2.44     0.000  1       12.65     0.000  1       26.68     0.000  2
   2.59     0.000  1       12.80     0.000  1       26.90     0.000  2
   2.74     0.000  1       12.95     0.000  1       27.13     0.000  2
   2.90     0.000  1       13.11     0.000  1       27.36     0.000  2
   3.05     0.000  1       13.26     0.000  1       27.59     0.000  2
   3.20     0.000  1       13.41     0.000  1       27.82     0.000  2
   3.35     0.000  1       13.56     0.000  1       28.05     0.000  2
   3.51     0.000  1       13.72     0.000  1       28.28     0.000  2
   3.66     0.000  1       13.87     0.000  1       28.50     0.000  2
   3.81     0.000  1       14.02     0.000  1       28.73     0.000  2
   3.96     0.000  1       14.17     0.000  1       28.96     0.000  2
   4.11     0.000  1       14.33     0.000  1       29.19     0.000  2
   4.27     0.000  1       14.48     0.000  1       29.42     0.000  2
   4.42     0.000  1       14.63     0.000  1       29.65     0.000  2
   4.57     0.000  1       14.78     0.000  1       29.88     0.000  2
   4.72     0.000  1       14.94     0.000  1       30.11     0.000  2
   4.88     0.000  1       15.09     0.000  1       30.33     0.000  2
   5.03     0.000  1       15.24     0.000  1       30.56     0.000  2
   5.18     0.000  1       15.47     0.000  2       30.79     0.000  2
   5.33     0.000  1       15.70     0.000  2       31.02     0.000  2
   5.49     0.000  1       15.93     0.000  2       31.25     0.000  2
   5.64     0.000  1       16.15     0.000  2       31.48     0.000  2
   5.79     0.000  1       16.38     0.000  2       31.71     0.000  2
   5.94     0.000  1       16.61     0.000  2       31.94     0.000  2
   6.10     0.000  1       16.84     0.000  2       32.16     0.000  2
   6.25     0.000  1       17.07     0.000  2       32.39     0.000  2
   6.40     0.000  1       17.30     0.000  2       32.62     0.000  2
   6.55     0.000  1       17.53     0.000  2       32.85     0.000  2
   6.71     0.000  1       17.76     0.000  2       33.08     0.000  2
   6.86     0.000  1       17.98     0.000  2       33.31     0.000  2
   7.01     0.000  1       18.21     0.000  2       33.54     0.000  2
   7.16     0.000  1       18.44     0.000  2       33.76     0.000  2
   7.32     0.000  1       18.67     0.000  2       33.99     0.000  2
   7.47     0.000  1       18.90     0.000  2       34.22     0.000  2
   7.62     0.000  1       19.13     0.000  2       34.45     0.000  2
   7.77     0.000  1       19.36     0.000  2       34.68     0.000  2
   7.92     0.000  1       19.59     0.000  2       34.91     0.000  2
   8.08     0.000  1       19.81     0.000  2       35.14     0.000  2
   8.23     0.000  1       20.04     0.000  2       35.37     0.000  2
   8.38     0.000  1       20.27     0.000  2       35.59     0.000  2
   8.53     0.000  1       20.50     0.000  2       35.82     0.000  2
   8.69     0.000  1       20.73     0.000  2       36.05     0.000  2
   8.84     0.000  1       20.96     0.000  2       36.28     0.000  2
   8.99     0.000  1       21.19     0.000  2       36.51     0.000  2
   9.14     0.000  1       21.41     0.000  2       36.74     0.000  2
   9.30     0.000  1       21.64     0.000  2       36.97     0.000  2
   9.45     0.000  1       21.87     0.000  2       37.20     0.000  2
   9.60     0.000  1       22.10     0.000  2       37.42     0.000  2
   9.75     0.000  1       22.33     0.000  2       37.65     0.000  2
   9.91     0.000  1       22.56     0.000  2       37.88     0.000  2
  10.06     0.000  1       22.79     0.000  2       38.11     0.000  2
  10.21     0.000  1       23.02     0.000  2

note:  (+) soil loss - detachment     (-) soil loss - deposition



III. OFF SITE EFFECTS  OFF SITE EFFECTS  OFF SITE EFFECTS
     ----------------  ----------------  ----------------

     A.  SEDIMENT LEAVING PROFILE for year   10     0.000 kg/m



     B.  SEDIMENT CHARACTERISTICS AND ENRICHMENT

     Sediment particle information leaving profile
-------------------------------------------------------------------------------
                                 Particle Composition         Detached Fraction
Class  Diameter  Specific  ---------------------------------  Sediment  In Flow
         (mm)    Gravity   % Sand   % Silt   % Clay   % O.M.  Fraction  Exiting
-------------------------------------------------------------------------------
  1     0.002      2.60      0.0      0.0    100.0     33.3     0.039    0.000
  2     0.010      2.65      0.0    100.0      0.0      0.0     0.330    0.000
  3     0.030      1.80      0.0     80.0     20.0      6.7     0.270    0.000
  4     0.300      1.60     55.6     21.6     22.8      7.6     0.250    0.000
  5     0.200      2.65    100.0      0.0      0.0      0.0     0.111    0.000
-------------------------------------------------------------------------------


     Weighted SSA enrichment ratio leaving profile for year   10 =   0.00


     ANNUAL AVERAGE SUMMARIES
     ------------------------


I.   RAINFALL AND RUNOFF SUMMARY
     -------- --- ------ -------

      total summary:  years    1 -   10

      1194 storms produced                        11251.90 mm of precipitation
         2 rain storm runoff events produced          8.18 mm of runoff
       100 snow melts and/or
             events during winter produced          724.70 mm of runoff

      annual averages
      ---------------

        Number of years                                   10
        Mean annual precipitation                    1125.19    mm
        Mean annual runoff from rainfall                0.82    mm
        Mean annual runoff from snow melt
          and/or rain storm during winter              72.47    mm



II.  ON SITE EFFECTS  ON SITE EFFECTS  ON SITE EFFECTS
     ---------------  ---------------  ---------------


  A.  AREA OF NET SOIL LOSS

      ** Soil Loss (Avg. of Net Detachment Areas) =    0.001 kg/m2 **
      ** Maximum Soil Loss  =    0.001 kg/m2 at   26.68 meters **


      Area of    Soil Loss   Soil Loss   MAX   MAX Loss   MIN   MIN Loss
      Net Loss      MEAN      STDEV      Loss    Point    Loss   Point
        (m)       (kg/m2)     (kg/m2)  (kg/m2)    (m)    (kg/m2)  (m)
------------------------------------------------------------------------
   0.00-  38.11    0.001     0.000      0.001   26.68     0.000     0.15



  C.  SOIL LOSS/DEPOSITION ALONG SLOPE PROFILE

          Profile distances are from top to bottom of hillslope


 distance soil  flow    distance   soil  flow    distance   soil  flow
    (m)   loss  elem       (m)     loss  elem       (m)     loss  elem
         (kg/m2)                  (kg/m2)                  (kg/m2)
------------------------------------------------------------------------

   0.15     0.000  1       10.36     0.000  1       23.24     0.001  2
   0.30     0.000  1       10.52     0.000  1       23.47     0.001  2
   0.46     0.000  1       10.67     0.000  1       23.70     0.001  2
   0.61     0.000  1       10.82     0.000  1       23.93     0.001  2
   0.76     0.000  1       10.97     0.000  1       24.16     0.001  2
   0.91     0.000  1       11.13     0.000  1       24.39     0.001  2
   1.07     0.000  1       11.28     0.000  1       24.62     0.001  2
   1.22     0.000  1       11.43     0.000  1       24.85     0.001  2
   1.37     0.000  1       11.58     0.000  1       25.07     0.001  2
   1.52     0.000  1       11.73     0.000  1       25.30     0.001  2
   1.68     0.000  1       11.89     0.000  1       25.53     0.001  2
   1.83     0.000  1       12.04     0.000  1       25.76     0.001  2
   1.98     0.000  1       12.19     0.000  1       25.99     0.001  2
   2.13     0.000  1       12.34     0.000  1       26.22     0.001  2
   2.29     0.000  1       12.50     0.000  1       26.45     0.001  2
   2.44     0.000  1       12.65     0.000  1       26.68     0.001  2
   2.59     0.000  1       12.80     0.000  1       26.90     0.001  2
   2.74     0.000  1       12.95     0.000  1       27.13     0.001  2
   2.90     0.000  1       13.11     0.000  1       27.36     0.001  2
   3.05     0.000  1       13.26     0.000  1       27.59     0.001  2
   3.20     0.000  1       13.41     0.000  1       27.82     0.001  2
   3.35     0.000  1       13.56     0.000  1       28.05     0.001  2
   3.51     0.000  1       13.72     0.000  1       28.28     0.001  2
   3.66     0.000  1       13.87     0.000  1       28.50     0.001  2
   3.81     0.000  1       14.02     0.000  1       28.73     0.001  2
   3.96     0.000  1       14.17     0.000  1       28.96     0.001  2
   4.11     0.000  1       14.33     0.000  1       29.19     0.001  2
   4.27     0.000  1       14.48     0.000  1       29.42     0.001  2
   4.42     0.000  1       14.63     0.000  1       29.65     0.001  2
   4.57     0.000  1       14.78     0.000  1       29.88     0.001  2
   4.72     0.000  1       14.94     0.000  1       30.11     0.001  2
   4.88     0.000  1       15.09     0.000  1       30.33     0.001  2
   5.03     0.000  1       15.24     0.000  1       30.56     0.001  2
   5.18     0.000  1       15.47     0.001  2       30.79     0.001  2
   5.33     0.000  1       15.70     0.001  2       31.02     0.001  2
   5.49     0.000  1       15.93     0.001  2       31.25     0.001  2
   5.64     0.000  1       16.15     0.001  2       31.48     0.001  2
   5.79     0.000  1       16.38     0.001  2       31.71     0.001  2
   5.94     0.000  1       16.61     0.001  2       31.94     0.001  2
   6.10     0.000  1       16.84     0.001  2       32.16     0.001  2
   6.25     0.000  1       17.07     0.001  2       32.39     0.000  2
   6.40     0.000  1       17.30     0.001  2       32.62     0.000  2
   6.55     0.000  1       17.53     0.001  2       32.85     0.000  2
   6.71     0.000  1       17.76     0.001  2       33.08     0.000  2
   6.86     0.000  1       17.98     0.001  2       33.31     0.000  2
   7.01     0.000  1       18.21     0.001  2       33.54     0.000  2
   7.16     0.000  1       18.44     0.001  2       33.76     0.000  2
   7.32     0.000  1       18.67     0.001  2       33.99     0.000  2
   7.47     0.000  1       18.90     0.001  2       34.22     0.000  2
   7.62     0.000  1       19.13     0.001  2       34.45     0.000  2
   7.77     0.000  1       19.36     0.001  2       34.68     0.000  2
   7.92     0.000  1       19.59     0.001  2       34.91     0.000  2
   8.08     0.000  1       19.81     0.001  2       35.14     0.000  2
   8.23     0.000  1       20.04     0.001  2       35.37     0.000  2
   8.38     0.000  1       20.27     0.001  2       35.59     0.000  2
   8.53     0.000  1       20.50     0.001  2       35.82     0.000  2
   8.69     0.000  1       20.73     0.001  2       36.05     0.000  2
   8.84     0.000  1       20.96     0.001  2       36.28     0.000  2
   8.99     0.000  1       21.19     0.001  2       36.51     0.000  2
   9.14     0.000  1       21.41     0.001  2       36.74     0.000  2
   9.30     0.000  1       21.64     0.001  2       36.97     0.000  2
   9.45     0.000  1       21.87     0.001  2       37.20     0.000  2
   9.60     0.000  1       22.10     0.001  2       37.42     0.000  2
   9.75     0.000  1       22.33     0.001  2       37.65     0.000  2
   9.91     0.000  1       22.56     0.001  2       37.88     0.000  2
  10.06     0.000  1       22.79     0.001  2       38.11     0.000  2
  10.21     0.000  1       23.02     0.001  2

note:  (+) soil loss - detachment     (-) soil loss - deposition



III. OFF SITE EFFECTS  OFF SITE EFFECTS  OFF SITE EFFECTS
     ----------------  ----------------  ----------------

     A.  AVERAGE ANNUAL SEDIMENT LEAVING PROFILE
             0.021   kg/m of width
             2.110     kg (based on profile width of    100.000      m)
             0.006   t/ha (assuming contributions from     0.381     ha)


     B.  SEDIMENT CHARACTERISTICS AND ENRICHMENT

     Sediment particle information leaving profile
-------------------------------------------------------------------------------
                                 Particle Composition         Detached Fraction
Class  Diameter  Specific  ---------------------------------  Sediment  In Flow
         (mm)    Gravity   % Sand   % Silt   % Clay   % O.M.  Fraction  Exiting
-------------------------------------------------------------------------------
  1     0.002      2.60      0.0      0.0    100.0     33.3     0.039    0.043
  2     0.010      2.65      0.0    100.0      0.0      0.0     0.330    0.360
  3     0.030      1.80      0.0     80.0     20.0      6.7     0.270    0.295
  4     0.300      1.60     55.6     21.6     22.8      7.6     0.250    0.210
  5     0.200      2.65    100.0      0.0      0.0      0.0     0.111    0.093
-------------------------------------------------------------------------------


     Average annual SSA enrichment ratio leaving profile =   1.00
