 Annual; detailed (Metric Units)                                        


          USDA WATER EROSION PREDICTION PROJECT
          -------------------------------------

          HILLSLOPE PROFILE AND WATERSHED MODEL
                     VERSION  2010.100
           January 28,      2010


               TO REPORT PROBLEMS OR TO BE PUT ON THE MAILING
               LIST FOR FUTURE WEPP MODEL RELEASES, PLEASE CONTACT:

                    WEPP TECHNICAL SUPPORT
                    USDA-AGRICULTURAL RESEARCH SERVICE
                    NATIONAL SOIL EROSION RESEARCH LABORATORY
                    275 SOUTH RUSSELL STREET
                    WEST LAFAYETTE, IN 47907-2077  USA

                    PHONE: (765) 494-8673
                      FAX: (765) 494-5948
                    email:  wepp@ecn.purdue.edu
                      URL:  http://topsoil.nserl.purdue.edu


     HILLSLOPE INPUT DATA FILES - VERSION  2010.100
      January 28,      2010


    MANAGEMENT: ../working/wepp-67922.man                         
 MAN. PRACTICE: Two OFEs for forest conditions                              
                W. Elliot 02/99                                             
                                                                            
         SLOPE: ../working/wepp-67922.slp                         
       CLIMATE: ../working/wepp-67922.cli                         
       Station:  Sugarbush +                                    CLIGEN VERSION  4.31
          SOIL: ../working/wepp-67922.sol                         
      PLANE  1 OldF                sandy loam          
      PLANE  2 OldF                sandy loam          


     HILLSLOPE 1 YEARLY SUMMARY FOR    1
     ----------------------------------


I.   RAINFALL AND RUNOFF SUMMARY
     -------- --- ------ -------

      year:      1

         Rainfall         Storm Runoff        Melt Runoff
      events   amount   events   amount     events  amount
                (mm)              (mm)               (mm)

       152    1194.30       0       0.00       0       0.00


II.  ON SITE EFFECTS  ON SITE EFFECTS  ON SITE EFFECTS
     ---------------  ---------------  ---------------




  C.  SOIL LOSS/DEPOSITION ALONG SLOPE PROFILE

          Profile distances are from top to bottom of hillslope


 distance soil  flow    distance   soil  flow    distance   soil  flow
    (m)   loss  elem       (m)     loss  elem       (m)     loss  elem
         (kg/m2)                  (kg/m2)                  (kg/m2)
------------------------------------------------------------------------

   0.30     0.000  1       20.19     0.000  1       40.08     0.000  2
   0.59     0.000  1       20.49     0.000  1       40.38     0.000  2
   0.89     0.000  1       20.78     0.000  1       40.68     0.000  2
   1.19     0.000  1       21.08     0.000  1       40.97     0.000  2
   1.48     0.000  1       21.38     0.000  1       41.27     0.000  2
   1.78     0.000  1       21.67     0.000  1       41.57     0.000  2
   2.08     0.000  1       21.97     0.000  1       41.86     0.000  2
   2.38     0.000  1       22.27     0.000  1       42.16     0.000  2
   2.67     0.000  1       22.56     0.000  1       42.46     0.000  2
   2.97     0.000  1       22.86     0.000  1       42.75     0.000  2
   3.27     0.000  1       23.16     0.000  1       43.05     0.000  2
   3.56     0.000  1       23.46     0.000  1       43.35     0.000  2
   3.86     0.000  1       23.75     0.000  1       43.64     0.000  2
   4.16     0.000  1       24.05     0.000  1       43.94     0.000  2
   4.45     0.000  1       24.35     0.000  1       44.24     0.000  2
   4.75     0.000  1       24.64     0.000  1       44.54     0.000  2
   5.05     0.000  1       24.94     0.000  1       44.83     0.000  2
   5.34     0.000  1       25.24     0.000  1       45.13     0.000  2
   5.64     0.000  1       25.53     0.000  1       45.43     0.000  2
   5.94     0.000  1       25.83     0.000  1       45.72     0.000  2
   6.23     0.000  1       26.13     0.000  1       46.02     0.000  2
   6.53     0.000  1       26.42     0.000  1       46.32     0.000  2
   6.83     0.000  1       26.72     0.000  1       46.61     0.000  2
   7.13     0.000  1       27.02     0.000  1       46.91     0.000  2
   7.42     0.000  1       27.31     0.000  1       47.21     0.000  2
   7.72     0.000  1       27.61     0.000  1       47.50     0.000  2
   8.02     0.000  1       27.91     0.000  1       47.80     0.000  2
   8.31     0.000  1       28.21     0.000  1       48.10     0.000  2
   8.61     0.000  1       28.50     0.000  1       48.39     0.000  2
   8.91     0.000  1       28.80     0.000  1       48.69     0.000  2
   9.20     0.000  1       29.10     0.000  1       48.99     0.000  2
   9.50     0.000  1       29.39     0.000  1       49.29     0.000  2
   9.80     0.000  1       29.69     0.000  1       49.58     0.000  2
  10.09     0.000  1       29.99     0.000  2       49.88     0.000  2
  10.39     0.000  1       30.28     0.000  2       50.18     0.000  2
  10.69     0.000  1       30.58     0.000  2       50.47     0.000  2
  10.99     0.000  1       30.88     0.000  2       50.77     0.000  2
  11.28     0.000  1       31.17     0.000  2       51.07     0.000  2
  11.58     0.000  1       31.47     0.000  2       51.36     0.000  2
  11.88     0.000  1       31.77     0.000  2       51.66     0.000  2
  12.17     0.000  1       32.07     0.000  2       51.96     0.000  2
  12.47     0.000  1       32.36     0.000  2       52.25     0.000  2
  12.77     0.000  1       32.66     0.000  2       52.55     0.000  2
  13.06     0.000  1       32.96     0.000  2       52.85     0.000  2
  13.36     0.000  1       33.25     0.000  2       53.15     0.000  2
  13.66     0.000  1       33.55     0.000  2       53.44     0.000  2
  13.95     0.000  1       33.85     0.000  2       53.74     0.000  2
  14.25     0.000  1       34.14     0.000  2       54.04     0.000  2
  14.55     0.000  1       34.44     0.000  2       54.33     0.000  2
  14.85     0.000  1       34.74     0.000  2       54.63     0.000  2
  15.14     0.000  1       35.03     0.000  2       54.93     0.000  2
  15.44     0.000  1       35.33     0.000  2       55.22     0.000  2
  15.74     0.000  1       35.63     0.000  2       55.52     0.000  2
  16.03     0.000  1       35.92     0.000  2       55.82     0.000  2
  16.33     0.000  1       36.22     0.000  2       56.11     0.000  2
  16.63     0.000  1       36.52     0.000  2       56.41     0.000  2
  16.92     0.000  1       36.82     0.000  2       56.71     0.000  2
  17.22     0.000  1       37.11     0.000  2       57.00     0.000  2
  17.52     0.000  1       37.41     0.000  2       57.30     0.000  2
  17.81     0.000  1       37.71     0.000  2       57.60     0.000  2
  18.11     0.000  1       38.00     0.000  2       57.90     0.000  2
  18.41     0.000  1       38.30     0.000  2       58.19     0.000  2
  18.70     0.000  1       38.60     0.000  2       58.49     0.000  2
  19.00     0.000  1       38.89     0.000  2       58.79     0.000  2
  19.30     0.000  1       39.19     0.000  2       59.08     0.000  2
  19.60     0.000  1       39.49     0.000  2       59.38     0.000  2
  19.89     0.000  1       39.78     0.000  2

note:  (+) soil loss - detachment     (-) soil loss - deposition



III. OFF SITE EFFECTS  OFF SITE EFFECTS  OFF SITE EFFECTS
     ----------------  ----------------  ----------------

     A.  SEDIMENT LEAVING PROFILE for year    1     0.000 kg/m



     B.  SEDIMENT CHARACTERISTICS AND ENRICHMENT

     Sediment particle information leaving profile
-------------------------------------------------------------------------------
                                 Particle Composition         Detached Fraction
Class  Diameter  Specific  ---------------------------------  Sediment  In Flow
         (mm)    Gravity   % Sand   % Silt   % Clay   % O.M.  Fraction  Exiting
-------------------------------------------------------------------------------
  1     0.002      2.60      0.0      0.0    100.0     50.0     0.026    0.000
  2     0.010      2.65      0.0    100.0      0.0      0.0     0.070    0.000
  3     0.030      1.80      0.0     71.4     28.6     14.3     0.180    0.000
  4     0.300      1.60     78.2     15.1      6.6      3.3     0.340    0.000
  5     0.200      2.65    100.0      0.0      0.0      0.0     0.384    0.000
-------------------------------------------------------------------------------


     Weighted SSA enrichment ratio leaving profile for year    1 =   0.00


     HILLSLOPE 1 YEARLY SUMMARY FOR    2
     ----------------------------------


I.   RAINFALL AND RUNOFF SUMMARY
     -------- --- ------ -------

      year:      2

         Rainfall         Storm Runoff        Melt Runoff
      events   amount   events   amount     events  amount
                (mm)              (mm)               (mm)

       144    1011.90       0       0.00       0       0.00


II.  ON SITE EFFECTS  ON SITE EFFECTS  ON SITE EFFECTS
     ---------------  ---------------  ---------------




  C.  SOIL LOSS/DEPOSITION ALONG SLOPE PROFILE

          Profile distances are from top to bottom of hillslope


 distance soil  flow    distance   soil  flow    distance   soil  flow
    (m)   loss  elem       (m)     loss  elem       (m)     loss  elem
         (kg/m2)                  (kg/m2)                  (kg/m2)
------------------------------------------------------------------------

   0.30     0.000  1       20.19     0.000  1       40.08     0.000  2
   0.59     0.000  1       20.49     0.000  1       40.38     0.000  2
   0.89     0.000  1       20.78     0.000  1       40.68     0.000  2
   1.19     0.000  1       21.08     0.000  1       40.97     0.000  2
   1.48     0.000  1       21.38     0.000  1       41.27     0.000  2
   1.78     0.000  1       21.67     0.000  1       41.57     0.000  2
   2.08     0.000  1       21.97     0.000  1       41.86     0.000  2
   2.38     0.000  1       22.27     0.000  1       42.16     0.000  2
   2.67     0.000  1       22.56     0.000  1       42.46     0.000  2
   2.97     0.000  1       22.86     0.000  1       42.75     0.000  2
   3.27     0.000  1       23.16     0.000  1       43.05     0.000  2
   3.56     0.000  1       23.46     0.000  1       43.35     0.000  2
   3.86     0.000  1       23.75     0.000  1       43.64     0.000  2
   4.16     0.000  1       24.05     0.000  1       43.94     0.000  2
   4.45     0.000  1       24.35     0.000  1       44.24     0.000  2
   4.75     0.000  1       24.64     0.000  1       44.54     0.000  2
   5.05     0.000  1       24.94     0.000  1       44.83     0.000  2
   5.34     0.000  1       25.24     0.000  1       45.13     0.000  2
   5.64     0.000  1       25.53     0.000  1       45.43     0.000  2
   5.94     0.000  1       25.83     0.000  1       45.72     0.000  2
   6.23     0.000  1       26.13     0.000  1       46.02     0.000  2
   6.53     0.000  1       26.42     0.000  1       46.32     0.000  2
   6.83     0.000  1       26.72     0.000  1       46.61     0.000  2
   7.13     0.000  1       27.02     0.000  1       46.91     0.000  2
   7.42     0.000  1       27.31     0.000  1       47.21     0.000  2
   7.72     0.000  1       27.61     0.000  1       47.50     0.000  2
   8.02     0.000  1       27.91     0.000  1       47.80     0.000  2
   8.31     0.000  1       28.21     0.000  1       48.10     0.000  2
   8.61     0.000  1       28.50     0.000  1       48.39     0.000  2
   8.91     0.000  1       28.80     0.000  1       48.69     0.000  2
   9.20     0.000  1       29.10     0.000  1       48.99     0.000  2
   9.50     0.000  1       29.39     0.000  1       49.29     0.000  2
   9.80     0.000  1       29.69     0.000  1       49.58     0.000  2
  10.09     0.000  1       29.99     0.000  2       49.88     0.000  2
  10.39     0.000  1       30.28     0.000  2       50.18     0.000  2
  10.69     0.000  1       30.58     0.000  2       50.47     0.000  2
  10.99     0.000  1       30.88     0.000  2       50.77     0.000  2
  11.28     0.000  1       31.17     0.000  2       51.07     0.000  2
  11.58     0.000  1       31.47     0.000  2       51.36     0.000  2
  11.88     0.000  1       31.77     0.000  2       51.66     0.000  2
  12.17     0.000  1       32.07     0.000  2       51.96     0.000  2
  12.47     0.000  1       32.36     0.000  2       52.25     0.000  2
  12.77     0.000  1       32.66     0.000  2       52.55     0.000  2
  13.06     0.000  1       32.96     0.000  2       52.85     0.000  2
  13.36     0.000  1       33.25     0.000  2       53.15     0.000  2
  13.66     0.000  1       33.55     0.000  2       53.44     0.000  2
  13.95     0.000  1       33.85     0.000  2       53.74     0.000  2
  14.25     0.000  1       34.14     0.000  2       54.04     0.000  2
  14.55     0.000  1       34.44     0.000  2       54.33     0.000  2
  14.85     0.000  1       34.74     0.000  2       54.63     0.000  2
  15.14     0.000  1       35.03     0.000  2       54.93     0.000  2
  15.44     0.000  1       35.33     0.000  2       55.22     0.000  2
  15.74     0.000  1       35.63     0.000  2       55.52     0.000  2
  16.03     0.000  1       35.92     0.000  2       55.82     0.000  2
  16.33     0.000  1       36.22     0.000  2       56.11     0.000  2
  16.63     0.000  1       36.52     0.000  2       56.41     0.000  2
  16.92     0.000  1       36.82     0.000  2       56.71     0.000  2
  17.22     0.000  1       37.11     0.000  2       57.00     0.000  2
  17.52     0.000  1       37.41     0.000  2       57.30     0.000  2
  17.81     0.000  1       37.71     0.000  2       57.60     0.000  2
  18.11     0.000  1       38.00     0.000  2       57.90     0.000  2
  18.41     0.000  1       38.30     0.000  2       58.19     0.000  2
  18.70     0.000  1       38.60     0.000  2       58.49     0.000  2
  19.00     0.000  1       38.89     0.000  2       58.79     0.000  2
  19.30     0.000  1       39.19     0.000  2       59.08     0.000  2
  19.60     0.000  1       39.49     0.000  2       59.38     0.000  2
  19.89     0.000  1       39.78     0.000  2

note:  (+) soil loss - detachment     (-) soil loss - deposition



III. OFF SITE EFFECTS  OFF SITE EFFECTS  OFF SITE EFFECTS
     ----------------  ----------------  ----------------

     A.  SEDIMENT LEAVING PROFILE for year    2     0.000 kg/m



     B.  SEDIMENT CHARACTERISTICS AND ENRICHMENT

     Sediment particle information leaving profile
-------------------------------------------------------------------------------
                                 Particle Composition         Detached Fraction
Class  Diameter  Specific  ---------------------------------  Sediment  In Flow
         (mm)    Gravity   % Sand   % Silt   % Clay   % O.M.  Fraction  Exiting
-------------------------------------------------------------------------------
  1     0.002      2.60      0.0      0.0    100.0     50.0     0.026    0.000
  2     0.010      2.65      0.0    100.0      0.0      0.0     0.070    0.000
  3     0.030      1.80      0.0     71.4     28.6     14.3     0.180    0.000
  4     0.300      1.60     78.2     15.1      6.6      3.3     0.340    0.000
  5     0.200      2.65    100.0      0.0      0.0      0.0     0.384    0.000
-------------------------------------------------------------------------------


     Weighted SSA enrichment ratio leaving profile for year    2 =   0.00


     HILLSLOPE 1 YEARLY SUMMARY FOR    3
     ----------------------------------


I.   RAINFALL AND RUNOFF SUMMARY
     -------- --- ------ -------

      year:      3

         Rainfall         Storm Runoff        Melt Runoff
      events   amount   events   amount     events  amount
                (mm)              (mm)               (mm)

       147    1219.70       0       0.00       0       0.00


II.  ON SITE EFFECTS  ON SITE EFFECTS  ON SITE EFFECTS
     ---------------  ---------------  ---------------




  C.  SOIL LOSS/DEPOSITION ALONG SLOPE PROFILE

          Profile distances are from top to bottom of hillslope


 distance soil  flow    distance   soil  flow    distance   soil  flow
    (m)   loss  elem       (m)     loss  elem       (m)     loss  elem
         (kg/m2)                  (kg/m2)                  (kg/m2)
------------------------------------------------------------------------

   0.30     0.000  1       20.19     0.000  1       40.08     0.000  2
   0.59     0.000  1       20.49     0.000  1       40.38     0.000  2
   0.89     0.000  1       20.78     0.000  1       40.68     0.000  2
   1.19     0.000  1       21.08     0.000  1       40.97     0.000  2
   1.48     0.000  1       21.38     0.000  1       41.27     0.000  2
   1.78     0.000  1       21.67     0.000  1       41.57     0.000  2
   2.08     0.000  1       21.97     0.000  1       41.86     0.000  2
   2.38     0.000  1       22.27     0.000  1       42.16     0.000  2
   2.67     0.000  1       22.56     0.000  1       42.46     0.000  2
   2.97     0.000  1       22.86     0.000  1       42.75     0.000  2
   3.27     0.000  1       23.16     0.000  1       43.05     0.000  2
   3.56     0.000  1       23.46     0.000  1       43.35     0.000  2
   3.86     0.000  1       23.75     0.000  1       43.64     0.000  2
   4.16     0.000  1       24.05     0.000  1       43.94     0.000  2
   4.45     0.000  1       24.35     0.000  1       44.24     0.000  2
   4.75     0.000  1       24.64     0.000  1       44.54     0.000  2
   5.05     0.000  1       24.94     0.000  1       44.83     0.000  2
   5.34     0.000  1       25.24     0.000  1       45.13     0.000  2
   5.64     0.000  1       25.53     0.000  1       45.43     0.000  2
   5.94     0.000  1       25.83     0.000  1       45.72     0.000  2
   6.23     0.000  1       26.13     0.000  1       46.02     0.000  2
   6.53     0.000  1       26.42     0.000  1       46.32     0.000  2
   6.83     0.000  1       26.72     0.000  1       46.61     0.000  2
   7.13     0.000  1       27.02     0.000  1       46.91     0.000  2
   7.42     0.000  1       27.31     0.000  1       47.21     0.000  2
   7.72     0.000  1       27.61     0.000  1       47.50     0.000  2
   8.02     0.000  1       27.91     0.000  1       47.80     0.000  2
   8.31     0.000  1       28.21     0.000  1       48.10     0.000  2
   8.61     0.000  1       28.50     0.000  1       48.39     0.000  2
   8.91     0.000  1       28.80     0.000  1       48.69     0.000  2
   9.20     0.000  1       29.10     0.000  1       48.99     0.000  2
   9.50     0.000  1       29.39     0.000  1       49.29     0.000  2
   9.80     0.000  1       29.69     0.000  1       49.58     0.000  2
  10.09     0.000  1       29.99     0.000  2       49.88     0.000  2
  10.39     0.000  1       30.28     0.000  2       50.18     0.000  2
  10.69     0.000  1       30.58     0.000  2       50.47     0.000  2
  10.99     0.000  1       30.88     0.000  2       50.77     0.000  2
  11.28     0.000  1       31.17     0.000  2       51.07     0.000  2
  11.58     0.000  1       31.47     0.000  2       51.36     0.000  2
  11.88     0.000  1       31.77     0.000  2       51.66     0.000  2
  12.17     0.000  1       32.07     0.000  2       51.96     0.000  2
  12.47     0.000  1       32.36     0.000  2       52.25     0.000  2
  12.77     0.000  1       32.66     0.000  2       52.55     0.000  2
  13.06     0.000  1       32.96     0.000  2       52.85     0.000  2
  13.36     0.000  1       33.25     0.000  2       53.15     0.000  2
  13.66     0.000  1       33.55     0.000  2       53.44     0.000  2
  13.95     0.000  1       33.85     0.000  2       53.74     0.000  2
  14.25     0.000  1       34.14     0.000  2       54.04     0.000  2
  14.55     0.000  1       34.44     0.000  2       54.33     0.000  2
  14.85     0.000  1       34.74     0.000  2       54.63     0.000  2
  15.14     0.000  1       35.03     0.000  2       54.93     0.000  2
  15.44     0.000  1       35.33     0.000  2       55.22     0.000  2
  15.74     0.000  1       35.63     0.000  2       55.52     0.000  2
  16.03     0.000  1       35.92     0.000  2       55.82     0.000  2
  16.33     0.000  1       36.22     0.000  2       56.11     0.000  2
  16.63     0.000  1       36.52     0.000  2       56.41     0.000  2
  16.92     0.000  1       36.82     0.000  2       56.71     0.000  2
  17.22     0.000  1       37.11     0.000  2       57.00     0.000  2
  17.52     0.000  1       37.41     0.000  2       57.30     0.000  2
  17.81     0.000  1       37.71     0.000  2       57.60     0.000  2
  18.11     0.000  1       38.00     0.000  2       57.90     0.000  2
  18.41     0.000  1       38.30     0.000  2       58.19     0.000  2
  18.70     0.000  1       38.60     0.000  2       58.49     0.000  2
  19.00     0.000  1       38.89     0.000  2       58.79     0.000  2
  19.30     0.000  1       39.19     0.000  2       59.08     0.000  2
  19.60     0.000  1       39.49     0.000  2       59.38     0.000  2
  19.89     0.000  1       39.78     0.000  2

note:  (+) soil loss - detachment     (-) soil loss - deposition



III. OFF SITE EFFECTS  OFF SITE EFFECTS  OFF SITE EFFECTS
     ----------------  ----------------  ----------------

     A.  SEDIMENT LEAVING PROFILE for year    3     0.000 kg/m



     B.  SEDIMENT CHARACTERISTICS AND ENRICHMENT

     Sediment particle information leaving profile
-------------------------------------------------------------------------------
                                 Particle Composition         Detached Fraction
Class  Diameter  Specific  ---------------------------------  Sediment  In Flow
         (mm)    Gravity   % Sand   % Silt   % Clay   % O.M.  Fraction  Exiting
-------------------------------------------------------------------------------
  1     0.002      2.60      0.0      0.0    100.0     50.0     0.026    0.000
  2     0.010      2.65      0.0    100.0      0.0      0.0     0.070    0.000
  3     0.030      1.80      0.0     71.4     28.6     14.3     0.180    0.000
  4     0.300      1.60     78.2     15.1      6.6      3.3     0.340    0.000
  5     0.200      2.65    100.0      0.0      0.0      0.0     0.384    0.000
-------------------------------------------------------------------------------


     Weighted SSA enrichment ratio leaving profile for year    3 =   0.00


     HILLSLOPE 1 YEARLY SUMMARY FOR    4
     ----------------------------------


I.   RAINFALL AND RUNOFF SUMMARY
     -------- --- ------ -------

      year:      4

         Rainfall         Storm Runoff        Melt Runoff
      events   amount   events   amount     events  amount
                (mm)              (mm)               (mm)

       149    1163.80       0       0.00       2      34.39


II.  ON SITE EFFECTS  ON SITE EFFECTS  ON SITE EFFECTS
     ---------------  ---------------  ---------------




  C.  SOIL LOSS/DEPOSITION ALONG SLOPE PROFILE

          Profile distances are from top to bottom of hillslope


 distance soil  flow    distance   soil  flow    distance   soil  flow
    (m)   loss  elem       (m)     loss  elem       (m)     loss  elem
         (kg/m2)                  (kg/m2)                  (kg/m2)
------------------------------------------------------------------------

   0.30     0.000  1       20.19     0.000  1       40.08     0.000  2
   0.59     0.000  1       20.49     0.000  1       40.38     0.000  2
   0.89     0.000  1       20.78     0.000  1       40.68     0.000  2
   1.19     0.000  1       21.08     0.000  1       40.97     0.000  2
   1.48     0.000  1       21.38     0.000  1       41.27     0.000  2
   1.78     0.000  1       21.67     0.000  1       41.57     0.000  2
   2.08     0.000  1       21.97     0.000  1       41.86     0.000  2
   2.38     0.000  1       22.27     0.000  1       42.16     0.000  2
   2.67     0.000  1       22.56     0.000  1       42.46     0.000  2
   2.97     0.000  1       22.86     0.000  1       42.75     0.000  2
   3.27     0.000  1       23.16     0.000  1       43.05     0.000  2
   3.56     0.000  1       23.46     0.000  1       43.35     0.000  2
   3.86     0.000  1       23.75     0.000  1       43.64     0.000  2
   4.16     0.000  1       24.05     0.000  1       43.94     0.000  2
   4.45     0.000  1       24.35     0.000  1       44.24     0.000  2
   4.75     0.000  1       24.64     0.000  1       44.54     0.000  2
   5.05     0.000  1       24.94     0.000  1       44.83     0.000  2
   5.34     0.000  1       25.24     0.000  1       45.13     0.000  2
   5.64     0.000  1       25.53     0.000  1       45.43     0.000  2
   5.94     0.000  1       25.83     0.000  1       45.72     0.000  2
   6.23     0.000  1       26.13     0.000  1       46.02     0.000  2
   6.53     0.000  1       26.42     0.000  1       46.32     0.000  2
   6.83     0.000  1       26.72     0.000  1       46.61     0.000  2
   7.13     0.000  1       27.02     0.000  1       46.91     0.000  2
   7.42     0.000  1       27.31     0.000  1       47.21     0.000  2
   7.72     0.000  1       27.61     0.000  1       47.50     0.000  2
   8.02     0.000  1       27.91     0.000  1       47.80     0.000  2
   8.31     0.000  1       28.21     0.000  1       48.10     0.000  2
   8.61     0.000  1       28.50     0.000  1       48.39     0.000  2
   8.91     0.000  1       28.80     0.000  1       48.69     0.000  2
   9.20     0.000  1       29.10     0.000  1       48.99     0.000  2
   9.50     0.000  1       29.39     0.000  1       49.29     0.000  2
   9.80     0.000  1       29.69     0.000  1       49.58     0.000  2
  10.09     0.000  1       29.99     0.000  2       49.88     0.000  2
  10.39     0.000  1       30.28     0.000  2       50.18     0.000  2
  10.69     0.000  1       30.58     0.000  2       50.47     0.000  2
  10.99     0.000  1       30.88     0.000  2       50.77     0.000  2
  11.28     0.000  1       31.17     0.000  2       51.07     0.000  2
  11.58     0.000  1       31.47     0.000  2       51.36     0.000  2
  11.88     0.000  1       31.77     0.000  2       51.66     0.000  2
  12.17     0.000  1       32.07     0.000  2       51.96     0.000  2
  12.47     0.000  1       32.36     0.000  2       52.25     0.000  2
  12.77     0.000  1       32.66     0.000  2       52.55     0.000  2
  13.06     0.000  1       32.96     0.000  2       52.85     0.000  2
  13.36     0.000  1       33.25     0.000  2       53.15     0.000  2
  13.66     0.000  1       33.55     0.000  2       53.44     0.000  2
  13.95     0.000  1       33.85     0.000  2       53.74     0.000  2
  14.25     0.000  1       34.14     0.000  2       54.04     0.000  2
  14.55     0.000  1       34.44     0.000  2       54.33     0.000  2
  14.85     0.000  1       34.74     0.000  2       54.63     0.000  2
  15.14     0.000  1       35.03     0.000  2       54.93     0.000  2
  15.44     0.000  1       35.33     0.000  2       55.22     0.000  2
  15.74     0.000  1       35.63     0.000  2       55.52     0.000  2
  16.03     0.000  1       35.92     0.000  2       55.82     0.000  2
  16.33     0.000  1       36.22     0.000  2       56.11     0.000  2
  16.63     0.000  1       36.52     0.000  2       56.41     0.000  2
  16.92     0.000  1       36.82     0.000  2       56.71     0.000  2
  17.22     0.000  1       37.11     0.000  2       57.00     0.000  2
  17.52     0.000  1       37.41     0.000  2       57.30     0.000  2
  17.81     0.000  1       37.71     0.000  2       57.60     0.000  2
  18.11     0.000  1       38.00     0.000  2       57.90     0.000  2
  18.41     0.000  1       38.30     0.000  2       58.19     0.000  2
  18.70     0.000  1       38.60     0.000  2       58.49     0.000  2
  19.00     0.000  1       38.89     0.000  2       58.79     0.000  2
  19.30     0.000  1       39.19     0.000  2       59.08     0.000  2
  19.60     0.000  1       39.49     0.000  2       59.38     0.000  2
  19.89     0.000  1       39.78     0.000  2

note:  (+) soil loss - detachment     (-) soil loss - deposition



III. OFF SITE EFFECTS  OFF SITE EFFECTS  OFF SITE EFFECTS
     ----------------  ----------------  ----------------

     A.  SEDIMENT LEAVING PROFILE for year    4     0.000 kg/m



     B.  SEDIMENT CHARACTERISTICS AND ENRICHMENT

     Sediment particle information leaving profile
-------------------------------------------------------------------------------
                                 Particle Composition         Detached Fraction
Class  Diameter  Specific  ---------------------------------  Sediment  In Flow
         (mm)    Gravity   % Sand   % Silt   % Clay   % O.M.  Fraction  Exiting
-------------------------------------------------------------------------------
  1     0.002      2.60      0.0      0.0    100.0     50.0     0.026    0.000
  2     0.010      2.65      0.0    100.0      0.0      0.0     0.070    0.000
  3     0.030      1.80      0.0     71.4     28.6     14.3     0.180    0.000
  4     0.300      1.60     78.2     15.1      6.6      3.3     0.340    0.000
  5     0.200      2.65    100.0      0.0      0.0      0.0     0.384    0.000
-------------------------------------------------------------------------------


     Weighted SSA enrichment ratio leaving profile for year    4 =   0.00


     HILLSLOPE 1 YEARLY SUMMARY FOR    5
     ----------------------------------


I.   RAINFALL AND RUNOFF SUMMARY
     -------- --- ------ -------

      year:      5

         Rainfall         Storm Runoff        Melt Runoff
      events   amount   events   amount     events  amount
                (mm)              (mm)               (mm)

       143    1110.40       0       0.00       0       0.00


II.  ON SITE EFFECTS  ON SITE EFFECTS  ON SITE EFFECTS
     ---------------  ---------------  ---------------




  C.  SOIL LOSS/DEPOSITION ALONG SLOPE PROFILE

          Profile distances are from top to bottom of hillslope


 distance soil  flow    distance   soil  flow    distance   soil  flow
    (m)   loss  elem       (m)     loss  elem       (m)     loss  elem
         (kg/m2)                  (kg/m2)                  (kg/m2)
------------------------------------------------------------------------

   0.30     0.000  1       20.19     0.000  1       40.08     0.000  2
   0.59     0.000  1       20.49     0.000  1       40.38     0.000  2
   0.89     0.000  1       20.78     0.000  1       40.68     0.000  2
   1.19     0.000  1       21.08     0.000  1       40.97     0.000  2
   1.48     0.000  1       21.38     0.000  1       41.27     0.000  2
   1.78     0.000  1       21.67     0.000  1       41.57     0.000  2
   2.08     0.000  1       21.97     0.000  1       41.86     0.000  2
   2.38     0.000  1       22.27     0.000  1       42.16     0.000  2
   2.67     0.000  1       22.56     0.000  1       42.46     0.000  2
   2.97     0.000  1       22.86     0.000  1       42.75     0.000  2
   3.27     0.000  1       23.16     0.000  1       43.05     0.000  2
   3.56     0.000  1       23.46     0.000  1       43.35     0.000  2
   3.86     0.000  1       23.75     0.000  1       43.64     0.000  2
   4.16     0.000  1       24.05     0.000  1       43.94     0.000  2
   4.45     0.000  1       24.35     0.000  1       44.24     0.000  2
   4.75     0.000  1       24.64     0.000  1       44.54     0.000  2
   5.05     0.000  1       24.94     0.000  1       44.83     0.000  2
   5.34     0.000  1       25.24     0.000  1       45.13     0.000  2
   5.64     0.000  1       25.53     0.000  1       45.43     0.000  2
   5.94     0.000  1       25.83     0.000  1       45.72     0.000  2
   6.23     0.000  1       26.13     0.000  1       46.02     0.000  2
   6.53     0.000  1       26.42     0.000  1       46.32     0.000  2
   6.83     0.000  1       26.72     0.000  1       46.61     0.000  2
   7.13     0.000  1       27.02     0.000  1       46.91     0.000  2
   7.42     0.000  1       27.31     0.000  1       47.21     0.000  2
   7.72     0.000  1       27.61     0.000  1       47.50     0.000  2
   8.02     0.000  1       27.91     0.000  1       47.80     0.000  2
   8.31     0.000  1       28.21     0.000  1       48.10     0.000  2
   8.61     0.000  1       28.50     0.000  1       48.39     0.000  2
   8.91     0.000  1       28.80     0.000  1       48.69     0.000  2
   9.20     0.000  1       29.10     0.000  1       48.99     0.000  2
   9.50     0.000  1       29.39     0.000  1       49.29     0.000  2
   9.80     0.000  1       29.69     0.000  1       49.58     0.000  2
  10.09     0.000  1       29.99     0.000  2       49.88     0.000  2
  10.39     0.000  1       30.28     0.000  2       50.18     0.000  2
  10.69     0.000  1       30.58     0.000  2       50.47     0.000  2
  10.99     0.000  1       30.88     0.000  2       50.77     0.000  2
  11.28     0.000  1       31.17     0.000  2       51.07     0.000  2
  11.58     0.000  1       31.47     0.000  2       51.36     0.000  2
  11.88     0.000  1       31.77     0.000  2       51.66     0.000  2
  12.17     0.000  1       32.07     0.000  2       51.96     0.000  2
  12.47     0.000  1       32.36     0.000  2       52.25     0.000  2
  12.77     0.000  1       32.66     0.000  2       52.55     0.000  2
  13.06     0.000  1       32.96     0.000  2       52.85     0.000  2
  13.36     0.000  1       33.25     0.000  2       53.15     0.000  2
  13.66     0.000  1       33.55     0.000  2       53.44     0.000  2
  13.95     0.000  1       33.85     0.000  2       53.74     0.000  2
  14.25     0.000  1       34.14     0.000  2       54.04     0.000  2
  14.55     0.000  1       34.44     0.000  2       54.33     0.000  2
  14.85     0.000  1       34.74     0.000  2       54.63     0.000  2
  15.14     0.000  1       35.03     0.000  2       54.93     0.000  2
  15.44     0.000  1       35.33     0.000  2       55.22     0.000  2
  15.74     0.000  1       35.63     0.000  2       55.52     0.000  2
  16.03     0.000  1       35.92     0.000  2       55.82     0.000  2
  16.33     0.000  1       36.22     0.000  2       56.11     0.000  2
  16.63     0.000  1       36.52     0.000  2       56.41     0.000  2
  16.92     0.000  1       36.82     0.000  2       56.71     0.000  2
  17.22     0.000  1       37.11     0.000  2       57.00     0.000  2
  17.52     0.000  1       37.41     0.000  2       57.30     0.000  2
  17.81     0.000  1       37.71     0.000  2       57.60     0.000  2
  18.11     0.000  1       38.00     0.000  2       57.90     0.000  2
  18.41     0.000  1       38.30     0.000  2       58.19     0.000  2
  18.70     0.000  1       38.60     0.000  2       58.49     0.000  2
  19.00     0.000  1       38.89     0.000  2       58.79     0.000  2
  19.30     0.000  1       39.19     0.000  2       59.08     0.000  2
  19.60     0.000  1       39.49     0.000  2       59.38     0.000  2
  19.89     0.000  1       39.78     0.000  2

note:  (+) soil loss - detachment     (-) soil loss - deposition



III. OFF SITE EFFECTS  OFF SITE EFFECTS  OFF SITE EFFECTS
     ----------------  ----------------  ----------------

     A.  SEDIMENT LEAVING PROFILE for year    5     0.000 kg/m



     B.  SEDIMENT CHARACTERISTICS AND ENRICHMENT

     Sediment particle information leaving profile
-------------------------------------------------------------------------------
                                 Particle Composition         Detached Fraction
Class  Diameter  Specific  ---------------------------------  Sediment  In Flow
         (mm)    Gravity   % Sand   % Silt   % Clay   % O.M.  Fraction  Exiting
-------------------------------------------------------------------------------
  1     0.002      2.60      0.0      0.0    100.0     50.0     0.026    0.000
  2     0.010      2.65      0.0    100.0      0.0      0.0     0.070    0.000
  3     0.030      1.80      0.0     71.4     28.6     14.3     0.180    0.000
  4     0.300      1.60     78.2     15.1      6.6      3.3     0.340    0.000
  5     0.200      2.65    100.0      0.0      0.0      0.0     0.384    0.000
-------------------------------------------------------------------------------


     Weighted SSA enrichment ratio leaving profile for year    5 =   0.00


     HILLSLOPE 1 YEARLY SUMMARY FOR    6
     ----------------------------------


I.   RAINFALL AND RUNOFF SUMMARY
     -------- --- ------ -------

      year:      6

         Rainfall         Storm Runoff        Melt Runoff
      events   amount   events   amount     events  amount
                (mm)              (mm)               (mm)

       152    1003.90       0       0.00       0       0.00


II.  ON SITE EFFECTS  ON SITE EFFECTS  ON SITE EFFECTS
     ---------------  ---------------  ---------------




  C.  SOIL LOSS/DEPOSITION ALONG SLOPE PROFILE

          Profile distances are from top to bottom of hillslope


 distance soil  flow    distance   soil  flow    distance   soil  flow
    (m)   loss  elem       (m)     loss  elem       (m)     loss  elem
         (kg/m2)                  (kg/m2)                  (kg/m2)
------------------------------------------------------------------------

   0.30     0.000  1       20.19     0.000  1       40.08     0.000  2
   0.59     0.000  1       20.49     0.000  1       40.38     0.000  2
   0.89     0.000  1       20.78     0.000  1       40.68     0.000  2
   1.19     0.000  1       21.08     0.000  1       40.97     0.000  2
   1.48     0.000  1       21.38     0.000  1       41.27     0.000  2
   1.78     0.000  1       21.67     0.000  1       41.57     0.000  2
   2.08     0.000  1       21.97     0.000  1       41.86     0.000  2
   2.38     0.000  1       22.27     0.000  1       42.16     0.000  2
   2.67     0.000  1       22.56     0.000  1       42.46     0.000  2
   2.97     0.000  1       22.86     0.000  1       42.75     0.000  2
   3.27     0.000  1       23.16     0.000  1       43.05     0.000  2
   3.56     0.000  1       23.46     0.000  1       43.35     0.000  2
   3.86     0.000  1       23.75     0.000  1       43.64     0.000  2
   4.16     0.000  1       24.05     0.000  1       43.94     0.000  2
   4.45     0.000  1       24.35     0.000  1       44.24     0.000  2
   4.75     0.000  1       24.64     0.000  1       44.54     0.000  2
   5.05     0.000  1       24.94     0.000  1       44.83     0.000  2
   5.34     0.000  1       25.24     0.000  1       45.13     0.000  2
   5.64     0.000  1       25.53     0.000  1       45.43     0.000  2
   5.94     0.000  1       25.83     0.000  1       45.72     0.000  2
   6.23     0.000  1       26.13     0.000  1       46.02     0.000  2
   6.53     0.000  1       26.42     0.000  1       46.32     0.000  2
   6.83     0.000  1       26.72     0.000  1       46.61     0.000  2
   7.13     0.000  1       27.02     0.000  1       46.91     0.000  2
   7.42     0.000  1       27.31     0.000  1       47.21     0.000  2
   7.72     0.000  1       27.61     0.000  1       47.50     0.000  2
   8.02     0.000  1       27.91     0.000  1       47.80     0.000  2
   8.31     0.000  1       28.21     0.000  1       48.10     0.000  2
   8.61     0.000  1       28.50     0.000  1       48.39     0.000  2
   8.91     0.000  1       28.80     0.000  1       48.69     0.000  2
   9.20     0.000  1       29.10     0.000  1       48.99     0.000  2
   9.50     0.000  1       29.39     0.000  1       49.29     0.000  2
   9.80     0.000  1       29.69     0.000  1       49.58     0.000  2
  10.09     0.000  1       29.99     0.000  2       49.88     0.000  2
  10.39     0.000  1       30.28     0.000  2       50.18     0.000  2
  10.69     0.000  1       30.58     0.000  2       50.47     0.000  2
  10.99     0.000  1       30.88     0.000  2       50.77     0.000  2
  11.28     0.000  1       31.17     0.000  2       51.07     0.000  2
  11.58     0.000  1       31.47     0.000  2       51.36     0.000  2
  11.88     0.000  1       31.77     0.000  2       51.66     0.000  2
  12.17     0.000  1       32.07     0.000  2       51.96     0.000  2
  12.47     0.000  1       32.36     0.000  2       52.25     0.000  2
  12.77     0.000  1       32.66     0.000  2       52.55     0.000  2
  13.06     0.000  1       32.96     0.000  2       52.85     0.000  2
  13.36     0.000  1       33.25     0.000  2       53.15     0.000  2
  13.66     0.000  1       33.55     0.000  2       53.44     0.000  2
  13.95     0.000  1       33.85     0.000  2       53.74     0.000  2
  14.25     0.000  1       34.14     0.000  2       54.04     0.000  2
  14.55     0.000  1       34.44     0.000  2       54.33     0.000  2
  14.85     0.000  1       34.74     0.000  2       54.63     0.000  2
  15.14     0.000  1       35.03     0.000  2       54.93     0.000  2
  15.44     0.000  1       35.33     0.000  2       55.22     0.000  2
  15.74     0.000  1       35.63     0.000  2       55.52     0.000  2
  16.03     0.000  1       35.92     0.000  2       55.82     0.000  2
  16.33     0.000  1       36.22     0.000  2       56.11     0.000  2
  16.63     0.000  1       36.52     0.000  2       56.41     0.000  2
  16.92     0.000  1       36.82     0.000  2       56.71     0.000  2
  17.22     0.000  1       37.11     0.000  2       57.00     0.000  2
  17.52     0.000  1       37.41     0.000  2       57.30     0.000  2
  17.81     0.000  1       37.71     0.000  2       57.60     0.000  2
  18.11     0.000  1       38.00     0.000  2       57.90     0.000  2
  18.41     0.000  1       38.30     0.000  2       58.19     0.000  2
  18.70     0.000  1       38.60     0.000  2       58.49     0.000  2
  19.00     0.000  1       38.89     0.000  2       58.79     0.000  2
  19.30     0.000  1       39.19     0.000  2       59.08     0.000  2
  19.60     0.000  1       39.49     0.000  2       59.38     0.000  2
  19.89     0.000  1       39.78     0.000  2

note:  (+) soil loss - detachment     (-) soil loss - deposition



III. OFF SITE EFFECTS  OFF SITE EFFECTS  OFF SITE EFFECTS
     ----------------  ----------------  ----------------

     A.  SEDIMENT LEAVING PROFILE for year    6     0.000 kg/m



     B.  SEDIMENT CHARACTERISTICS AND ENRICHMENT

     Sediment particle information leaving profile
-------------------------------------------------------------------------------
                                 Particle Composition         Detached Fraction
Class  Diameter  Specific  ---------------------------------  Sediment  In Flow
         (mm)    Gravity   % Sand   % Silt   % Clay   % O.M.  Fraction  Exiting
-------------------------------------------------------------------------------
  1     0.002      2.60      0.0      0.0    100.0     50.0     0.026    0.000
  2     0.010      2.65      0.0    100.0      0.0      0.0     0.070    0.000
  3     0.030      1.80      0.0     71.4     28.6     14.3     0.180    0.000
  4     0.300      1.60     78.2     15.1      6.6      3.3     0.340    0.000
  5     0.200      2.65    100.0      0.0      0.0      0.0     0.384    0.000
-------------------------------------------------------------------------------


     Weighted SSA enrichment ratio leaving profile for year    6 =   0.00


     HILLSLOPE 1 YEARLY SUMMARY FOR    7
     ----------------------------------


I.   RAINFALL AND RUNOFF SUMMARY
     -------- --- ------ -------

      year:      7

         Rainfall         Storm Runoff        Melt Runoff
      events   amount   events   amount     events  amount
                (mm)              (mm)               (mm)

       155    1253.20       0       0.00       0       0.00


II.  ON SITE EFFECTS  ON SITE EFFECTS  ON SITE EFFECTS
     ---------------  ---------------  ---------------




  C.  SOIL LOSS/DEPOSITION ALONG SLOPE PROFILE

          Profile distances are from top to bottom of hillslope


 distance soil  flow    distance   soil  flow    distance   soil  flow
    (m)   loss  elem       (m)     loss  elem       (m)     loss  elem
         (kg/m2)                  (kg/m2)                  (kg/m2)
------------------------------------------------------------------------

   0.30     0.000  1       20.19     0.000  1       40.08     0.000  2
   0.59     0.000  1       20.49     0.000  1       40.38     0.000  2
   0.89     0.000  1       20.78     0.000  1       40.68     0.000  2
   1.19     0.000  1       21.08     0.000  1       40.97     0.000  2
   1.48     0.000  1       21.38     0.000  1       41.27     0.000  2
   1.78     0.000  1       21.67     0.000  1       41.57     0.000  2
   2.08     0.000  1       21.97     0.000  1       41.86     0.000  2
   2.38     0.000  1       22.27     0.000  1       42.16     0.000  2
   2.67     0.000  1       22.56     0.000  1       42.46     0.000  2
   2.97     0.000  1       22.86     0.000  1       42.75     0.000  2
   3.27     0.000  1       23.16     0.000  1       43.05     0.000  2
   3.56     0.000  1       23.46     0.000  1       43.35     0.000  2
   3.86     0.000  1       23.75     0.000  1       43.64     0.000  2
   4.16     0.000  1       24.05     0.000  1       43.94     0.000  2
   4.45     0.000  1       24.35     0.000  1       44.24     0.000  2
   4.75     0.000  1       24.64     0.000  1       44.54     0.000  2
   5.05     0.000  1       24.94     0.000  1       44.83     0.000  2
   5.34     0.000  1       25.24     0.000  1       45.13     0.000  2
   5.64     0.000  1       25.53     0.000  1       45.43     0.000  2
   5.94     0.000  1       25.83     0.000  1       45.72     0.000  2
   6.23     0.000  1       26.13     0.000  1       46.02     0.000  2
   6.53     0.000  1       26.42     0.000  1       46.32     0.000  2
   6.83     0.000  1       26.72     0.000  1       46.61     0.000  2
   7.13     0.000  1       27.02     0.000  1       46.91     0.000  2
   7.42     0.000  1       27.31     0.000  1       47.21     0.000  2
   7.72     0.000  1       27.61     0.000  1       47.50     0.000  2
   8.02     0.000  1       27.91     0.000  1       47.80     0.000  2
   8.31     0.000  1       28.21     0.000  1       48.10     0.000  2
   8.61     0.000  1       28.50     0.000  1       48.39     0.000  2
   8.91     0.000  1       28.80     0.000  1       48.69     0.000  2
   9.20     0.000  1       29.10     0.000  1       48.99     0.000  2
   9.50     0.000  1       29.39     0.000  1       49.29     0.000  2
   9.80     0.000  1       29.69     0.000  1       49.58     0.000  2
  10.09     0.000  1       29.99     0.000  2       49.88     0.000  2
  10.39     0.000  1       30.28     0.000  2       50.18     0.000  2
  10.69     0.000  1       30.58     0.000  2       50.47     0.000  2
  10.99     0.000  1       30.88     0.000  2       50.77     0.000  2
  11.28     0.000  1       31.17     0.000  2       51.07     0.000  2
  11.58     0.000  1       31.47     0.000  2       51.36     0.000  2
  11.88     0.000  1       31.77     0.000  2       51.66     0.000  2
  12.17     0.000  1       32.07     0.000  2       51.96     0.000  2
  12.47     0.000  1       32.36     0.000  2       52.25     0.000  2
  12.77     0.000  1       32.66     0.000  2       52.55     0.000  2
  13.06     0.000  1       32.96     0.000  2       52.85     0.000  2
  13.36     0.000  1       33.25     0.000  2       53.15     0.000  2
  13.66     0.000  1       33.55     0.000  2       53.44     0.000  2
  13.95     0.000  1       33.85     0.000  2       53.74     0.000  2
  14.25     0.000  1       34.14     0.000  2       54.04     0.000  2
  14.55     0.000  1       34.44     0.000  2       54.33     0.000  2
  14.85     0.000  1       34.74     0.000  2       54.63     0.000  2
  15.14     0.000  1       35.03     0.000  2       54.93     0.000  2
  15.44     0.000  1       35.33     0.000  2       55.22     0.000  2
  15.74     0.000  1       35.63     0.000  2       55.52     0.000  2
  16.03     0.000  1       35.92     0.000  2       55.82     0.000  2
  16.33     0.000  1       36.22     0.000  2       56.11     0.000  2
  16.63     0.000  1       36.52     0.000  2       56.41     0.000  2
  16.92     0.000  1       36.82     0.000  2       56.71     0.000  2
  17.22     0.000  1       37.11     0.000  2       57.00     0.000  2
  17.52     0.000  1       37.41     0.000  2       57.30     0.000  2
  17.81     0.000  1       37.71     0.000  2       57.60     0.000  2
  18.11     0.000  1       38.00     0.000  2       57.90     0.000  2
  18.41     0.000  1       38.30     0.000  2       58.19     0.000  2
  18.70     0.000  1       38.60     0.000  2       58.49     0.000  2
  19.00     0.000  1       38.89     0.000  2       58.79     0.000  2
  19.30     0.000  1       39.19     0.000  2       59.08     0.000  2
  19.60     0.000  1       39.49     0.000  2       59.38     0.000  2
  19.89     0.000  1       39.78     0.000  2

note:  (+) soil loss - detachment     (-) soil loss - deposition



III. OFF SITE EFFECTS  OFF SITE EFFECTS  OFF SITE EFFECTS
     ----------------  ----------------  ----------------

     A.  SEDIMENT LEAVING PROFILE for year    7     0.000 kg/m



     B.  SEDIMENT CHARACTERISTICS AND ENRICHMENT

     Sediment particle information leaving profile
-------------------------------------------------------------------------------
                                 Particle Composition         Detached Fraction
Class  Diameter  Specific  ---------------------------------  Sediment  In Flow
         (mm)    Gravity   % Sand   % Silt   % Clay   % O.M.  Fraction  Exiting
-------------------------------------------------------------------------------
  1     0.002      2.60      0.0      0.0    100.0     50.0     0.026    0.000
  2     0.010      2.65      0.0    100.0      0.0      0.0     0.070    0.000
  3     0.030      1.80      0.0     71.4     28.6     14.3     0.180    0.000
  4     0.300      1.60     78.2     15.1      6.6      3.3     0.340    0.000
  5     0.200      2.65    100.0      0.0      0.0      0.0     0.384    0.000
-------------------------------------------------------------------------------


     Weighted SSA enrichment ratio leaving profile for year    7 =   0.00


     HILLSLOPE 1 YEARLY SUMMARY FOR    8
     ----------------------------------


I.   RAINFALL AND RUNOFF SUMMARY
     -------- --- ------ -------

      year:      8

         Rainfall         Storm Runoff        Melt Runoff
      events   amount   events   amount     events  amount
                (mm)              (mm)               (mm)

       165    1144.90       0       0.00       0       0.00


II.  ON SITE EFFECTS  ON SITE EFFECTS  ON SITE EFFECTS
     ---------------  ---------------  ---------------




  C.  SOIL LOSS/DEPOSITION ALONG SLOPE PROFILE

          Profile distances are from top to bottom of hillslope


 distance soil  flow    distance   soil  flow    distance   soil  flow
    (m)   loss  elem       (m)     loss  elem       (m)     loss  elem
         (kg/m2)                  (kg/m2)                  (kg/m2)
------------------------------------------------------------------------

   0.30     0.000  1       20.19     0.000  1       40.08     0.000  2
   0.59     0.000  1       20.49     0.000  1       40.38     0.000  2
   0.89     0.000  1       20.78     0.000  1       40.68     0.000  2
   1.19     0.000  1       21.08     0.000  1       40.97     0.000  2
   1.48     0.000  1       21.38     0.000  1       41.27     0.000  2
   1.78     0.000  1       21.67     0.000  1       41.57     0.000  2
   2.08     0.000  1       21.97     0.000  1       41.86     0.000  2
   2.38     0.000  1       22.27     0.000  1       42.16     0.000  2
   2.67     0.000  1       22.56     0.000  1       42.46     0.000  2
   2.97     0.000  1       22.86     0.000  1       42.75     0.000  2
   3.27     0.000  1       23.16     0.000  1       43.05     0.000  2
   3.56     0.000  1       23.46     0.000  1       43.35     0.000  2
   3.86     0.000  1       23.75     0.000  1       43.64     0.000  2
   4.16     0.000  1       24.05     0.000  1       43.94     0.000  2
   4.45     0.000  1       24.35     0.000  1       44.24     0.000  2
   4.75     0.000  1       24.64     0.000  1       44.54     0.000  2
   5.05     0.000  1       24.94     0.000  1       44.83     0.000  2
   5.34     0.000  1       25.24     0.000  1       45.13     0.000  2
   5.64     0.000  1       25.53     0.000  1       45.43     0.000  2
   5.94     0.000  1       25.83     0.000  1       45.72     0.000  2
   6.23     0.000  1       26.13     0.000  1       46.02     0.000  2
   6.53     0.000  1       26.42     0.000  1       46.32     0.000  2
   6.83     0.000  1       26.72     0.000  1       46.61     0.000  2
   7.13     0.000  1       27.02     0.000  1       46.91     0.000  2
   7.42     0.000  1       27.31     0.000  1       47.21     0.000  2
   7.72     0.000  1       27.61     0.000  1       47.50     0.000  2
   8.02     0.000  1       27.91     0.000  1       47.80     0.000  2
   8.31     0.000  1       28.21     0.000  1       48.10     0.000  2
   8.61     0.000  1       28.50     0.000  1       48.39     0.000  2
   8.91     0.000  1       28.80     0.000  1       48.69     0.000  2
   9.20     0.000  1       29.10     0.000  1       48.99     0.000  2
   9.50     0.000  1       29.39     0.000  1       49.29     0.000  2
   9.80     0.000  1       29.69     0.000  1       49.58     0.000  2
  10.09     0.000  1       29.99     0.000  2       49.88     0.000  2
  10.39     0.000  1       30.28     0.000  2       50.18     0.000  2
  10.69     0.000  1       30.58     0.000  2       50.47     0.000  2
  10.99     0.000  1       30.88     0.000  2       50.77     0.000  2
  11.28     0.000  1       31.17     0.000  2       51.07     0.000  2
  11.58     0.000  1       31.47     0.000  2       51.36     0.000  2
  11.88     0.000  1       31.77     0.000  2       51.66     0.000  2
  12.17     0.000  1       32.07     0.000  2       51.96     0.000  2
  12.47     0.000  1       32.36     0.000  2       52.25     0.000  2
  12.77     0.000  1       32.66     0.000  2       52.55     0.000  2
  13.06     0.000  1       32.96     0.000  2       52.85     0.000  2
  13.36     0.000  1       33.25     0.000  2       53.15     0.000  2
  13.66     0.000  1       33.55     0.000  2       53.44     0.000  2
  13.95     0.000  1       33.85     0.000  2       53.74     0.000  2
  14.25     0.000  1       34.14     0.000  2       54.04     0.000  2
  14.55     0.000  1       34.44     0.000  2       54.33     0.000  2
  14.85     0.000  1       34.74     0.000  2       54.63     0.000  2
  15.14     0.000  1       35.03     0.000  2       54.93     0.000  2
  15.44     0.000  1       35.33     0.000  2       55.22     0.000  2
  15.74     0.000  1       35.63     0.000  2       55.52     0.000  2
  16.03     0.000  1       35.92     0.000  2       55.82     0.000  2
  16.33     0.000  1       36.22     0.000  2       56.11     0.000  2
  16.63     0.000  1       36.52     0.000  2       56.41     0.000  2
  16.92     0.000  1       36.82     0.000  2       56.71     0.000  2
  17.22     0.000  1       37.11     0.000  2       57.00     0.000  2
  17.52     0.000  1       37.41     0.000  2       57.30     0.000  2
  17.81     0.000  1       37.71     0.000  2       57.60     0.000  2
  18.11     0.000  1       38.00     0.000  2       57.90     0.000  2
  18.41     0.000  1       38.30     0.000  2       58.19     0.000  2
  18.70     0.000  1       38.60     0.000  2       58.49     0.000  2
  19.00     0.000  1       38.89     0.000  2       58.79     0.000  2
  19.30     0.000  1       39.19     0.000  2       59.08     0.000  2
  19.60     0.000  1       39.49     0.000  2       59.38     0.000  2
  19.89     0.000  1       39.78     0.000  2

note:  (+) soil loss - detachment     (-) soil loss - deposition



III. OFF SITE EFFECTS  OFF SITE EFFECTS  OFF SITE EFFECTS
     ----------------  ----------------  ----------------

     A.  SEDIMENT LEAVING PROFILE for year    8     0.000 kg/m



     B.  SEDIMENT CHARACTERISTICS AND ENRICHMENT

     Sediment particle information leaving profile
-------------------------------------------------------------------------------
                                 Particle Composition         Detached Fraction
Class  Diameter  Specific  ---------------------------------  Sediment  In Flow
         (mm)    Gravity   % Sand   % Silt   % Clay   % O.M.  Fraction  Exiting
-------------------------------------------------------------------------------
  1     0.002      2.60      0.0      0.0    100.0     50.0     0.026    0.000
  2     0.010      2.65      0.0    100.0      0.0      0.0     0.070    0.000
  3     0.030      1.80      0.0     71.4     28.6     14.3     0.180    0.000
  4     0.300      1.60     78.2     15.1      6.6      3.3     0.340    0.000
  5     0.200      2.65    100.0      0.0      0.0      0.0     0.384    0.000
-------------------------------------------------------------------------------


     Weighted SSA enrichment ratio leaving profile for year    8 =   0.00


     HILLSLOPE 1 YEARLY SUMMARY FOR    9
     ----------------------------------


I.   RAINFALL AND RUNOFF SUMMARY
     -------- --- ------ -------

      year:      9

         Rainfall         Storm Runoff        Melt Runoff
      events   amount   events   amount     events  amount
                (mm)              (mm)               (mm)

       156    1128.00       0       0.00       0       0.00


II.  ON SITE EFFECTS  ON SITE EFFECTS  ON SITE EFFECTS
     ---------------  ---------------  ---------------




  C.  SOIL LOSS/DEPOSITION ALONG SLOPE PROFILE

          Profile distances are from top to bottom of hillslope


 distance soil  flow    distance   soil  flow    distance   soil  flow
    (m)   loss  elem       (m)     loss  elem       (m)     loss  elem
         (kg/m2)                  (kg/m2)                  (kg/m2)
------------------------------------------------------------------------

   0.30     0.000  1       20.19     0.000  1       40.08     0.000  2
   0.59     0.000  1       20.49     0.000  1       40.38     0.000  2
   0.89     0.000  1       20.78     0.000  1       40.68     0.000  2
   1.19     0.000  1       21.08     0.000  1       40.97     0.000  2
   1.48     0.000  1       21.38     0.000  1       41.27     0.000  2
   1.78     0.000  1       21.67     0.000  1       41.57     0.000  2
   2.08     0.000  1       21.97     0.000  1       41.86     0.000  2
   2.38     0.000  1       22.27     0.000  1       42.16     0.000  2
   2.67     0.000  1       22.56     0.000  1       42.46     0.000  2
   2.97     0.000  1       22.86     0.000  1       42.75     0.000  2
   3.27     0.000  1       23.16     0.000  1       43.05     0.000  2
   3.56     0.000  1       23.46     0.000  1       43.35     0.000  2
   3.86     0.000  1       23.75     0.000  1       43.64     0.000  2
   4.16     0.000  1       24.05     0.000  1       43.94     0.000  2
   4.45     0.000  1       24.35     0.000  1       44.24     0.000  2
   4.75     0.000  1       24.64     0.000  1       44.54     0.000  2
   5.05     0.000  1       24.94     0.000  1       44.83     0.000  2
   5.34     0.000  1       25.24     0.000  1       45.13     0.000  2
   5.64     0.000  1       25.53     0.000  1       45.43     0.000  2
   5.94     0.000  1       25.83     0.000  1       45.72     0.000  2
   6.23     0.000  1       26.13     0.000  1       46.02     0.000  2
   6.53     0.000  1       26.42     0.000  1       46.32     0.000  2
   6.83     0.000  1       26.72     0.000  1       46.61     0.000  2
   7.13     0.000  1       27.02     0.000  1       46.91     0.000  2
   7.42     0.000  1       27.31     0.000  1       47.21     0.000  2
   7.72     0.000  1       27.61     0.000  1       47.50     0.000  2
   8.02     0.000  1       27.91     0.000  1       47.80     0.000  2
   8.31     0.000  1       28.21     0.000  1       48.10     0.000  2
   8.61     0.000  1       28.50     0.000  1       48.39     0.000  2
   8.91     0.000  1       28.80     0.000  1       48.69     0.000  2
   9.20     0.000  1       29.10     0.000  1       48.99     0.000  2
   9.50     0.000  1       29.39     0.000  1       49.29     0.000  2
   9.80     0.000  1       29.69     0.000  1       49.58     0.000  2
  10.09     0.000  1       29.99     0.000  2       49.88     0.000  2
  10.39     0.000  1       30.28     0.000  2       50.18     0.000  2
  10.69     0.000  1       30.58     0.000  2       50.47     0.000  2
  10.99     0.000  1       30.88     0.000  2       50.77     0.000  2
  11.28     0.000  1       31.17     0.000  2       51.07     0.000  2
  11.58     0.000  1       31.47     0.000  2       51.36     0.000  2
  11.88     0.000  1       31.77     0.000  2       51.66     0.000  2
  12.17     0.000  1       32.07     0.000  2       51.96     0.000  2
  12.47     0.000  1       32.36     0.000  2       52.25     0.000  2
  12.77     0.000  1       32.66     0.000  2       52.55     0.000  2
  13.06     0.000  1       32.96     0.000  2       52.85     0.000  2
  13.36     0.000  1       33.25     0.000  2       53.15     0.000  2
  13.66     0.000  1       33.55     0.000  2       53.44     0.000  2
  13.95     0.000  1       33.85     0.000  2       53.74     0.000  2
  14.25     0.000  1       34.14     0.000  2       54.04     0.000  2
  14.55     0.000  1       34.44     0.000  2       54.33     0.000  2
  14.85     0.000  1       34.74     0.000  2       54.63     0.000  2
  15.14     0.000  1       35.03     0.000  2       54.93     0.000  2
  15.44     0.000  1       35.33     0.000  2       55.22     0.000  2
  15.74     0.000  1       35.63     0.000  2       55.52     0.000  2
  16.03     0.000  1       35.92     0.000  2       55.82     0.000  2
  16.33     0.000  1       36.22     0.000  2       56.11     0.000  2
  16.63     0.000  1       36.52     0.000  2       56.41     0.000  2
  16.92     0.000  1       36.82     0.000  2       56.71     0.000  2
  17.22     0.000  1       37.11     0.000  2       57.00     0.000  2
  17.52     0.000  1       37.41     0.000  2       57.30     0.000  2
  17.81     0.000  1       37.71     0.000  2       57.60     0.000  2
  18.11     0.000  1       38.00     0.000  2       57.90     0.000  2
  18.41     0.000  1       38.30     0.000  2       58.19     0.000  2
  18.70     0.000  1       38.60     0.000  2       58.49     0.000  2
  19.00     0.000  1       38.89     0.000  2       58.79     0.000  2
  19.30     0.000  1       39.19     0.000  2       59.08     0.000  2
  19.60     0.000  1       39.49     0.000  2       59.38     0.000  2
  19.89     0.000  1       39.78     0.000  2

note:  (+) soil loss - detachment     (-) soil loss - deposition



III. OFF SITE EFFECTS  OFF SITE EFFECTS  OFF SITE EFFECTS
     ----------------  ----------------  ----------------

     A.  SEDIMENT LEAVING PROFILE for year    9     0.000 kg/m



     B.  SEDIMENT CHARACTERISTICS AND ENRICHMENT

     Sediment particle information leaving profile
-------------------------------------------------------------------------------
                                 Particle Composition         Detached Fraction
Class  Diameter  Specific  ---------------------------------  Sediment  In Flow
         (mm)    Gravity   % Sand   % Silt   % Clay   % O.M.  Fraction  Exiting
-------------------------------------------------------------------------------
  1     0.002      2.60      0.0      0.0    100.0     50.0     0.026    0.000
  2     0.010      2.65      0.0    100.0      0.0      0.0     0.070    0.000
  3     0.030      1.80      0.0     71.4     28.6     14.3     0.180    0.000
  4     0.300      1.60     78.2     15.1      6.6      3.3     0.340    0.000
  5     0.200      2.65    100.0      0.0      0.0      0.0     0.384    0.000
-------------------------------------------------------------------------------


     Weighted SSA enrichment ratio leaving profile for year    9 =   0.00


     HILLSLOPE 1 YEARLY SUMMARY FOR   10
     ----------------------------------


I.   RAINFALL AND RUNOFF SUMMARY
     -------- --- ------ -------

      year:     10

         Rainfall         Storm Runoff        Melt Runoff
      events   amount   events   amount     events  amount
                (mm)              (mm)               (mm)

       137    1088.20       0       0.00       0       0.00


II.  ON SITE EFFECTS  ON SITE EFFECTS  ON SITE EFFECTS
     ---------------  ---------------  ---------------




  C.  SOIL LOSS/DEPOSITION ALONG SLOPE PROFILE

          Profile distances are from top to bottom of hillslope


 distance soil  flow    distance   soil  flow    distance   soil  flow
    (m)   loss  elem       (m)     loss  elem       (m)     loss  elem
         (kg/m2)                  (kg/m2)                  (kg/m2)
------------------------------------------------------------------------

   0.30     0.000  1       20.19     0.000  1       40.08     0.000  2
   0.59     0.000  1       20.49     0.000  1       40.38     0.000  2
   0.89     0.000  1       20.78     0.000  1       40.68     0.000  2
   1.19     0.000  1       21.08     0.000  1       40.97     0.000  2
   1.48     0.000  1       21.38     0.000  1       41.27     0.000  2
   1.78     0.000  1       21.67     0.000  1       41.57     0.000  2
   2.08     0.000  1       21.97     0.000  1       41.86     0.000  2
   2.38     0.000  1       22.27     0.000  1       42.16     0.000  2
   2.67     0.000  1       22.56     0.000  1       42.46     0.000  2
   2.97     0.000  1       22.86     0.000  1       42.75     0.000  2
   3.27     0.000  1       23.16     0.000  1       43.05     0.000  2
   3.56     0.000  1       23.46     0.000  1       43.35     0.000  2
   3.86     0.000  1       23.75     0.000  1       43.64     0.000  2
   4.16     0.000  1       24.05     0.000  1       43.94     0.000  2
   4.45     0.000  1       24.35     0.000  1       44.24     0.000  2
   4.75     0.000  1       24.64     0.000  1       44.54     0.000  2
   5.05     0.000  1       24.94     0.000  1       44.83     0.000  2
   5.34     0.000  1       25.24     0.000  1       45.13     0.000  2
   5.64     0.000  1       25.53     0.000  1       45.43     0.000  2
   5.94     0.000  1       25.83     0.000  1       45.72     0.000  2
   6.23     0.000  1       26.13     0.000  1       46.02     0.000  2
   6.53     0.000  1       26.42     0.000  1       46.32     0.000  2
   6.83     0.000  1       26.72     0.000  1       46.61     0.000  2
   7.13     0.000  1       27.02     0.000  1       46.91     0.000  2
   7.42     0.000  1       27.31     0.000  1       47.21     0.000  2
   7.72     0.000  1       27.61     0.000  1       47.50     0.000  2
   8.02     0.000  1       27.91     0.000  1       47.80     0.000  2
   8.31     0.000  1       28.21     0.000  1       48.10     0.000  2
   8.61     0.000  1       28.50     0.000  1       48.39     0.000  2
   8.91     0.000  1       28.80     0.000  1       48.69     0.000  2
   9.20     0.000  1       29.10     0.000  1       48.99     0.000  2
   9.50     0.000  1       29.39     0.000  1       49.29     0.000  2
   9.80     0.000  1       29.69     0.000  1       49.58     0.000  2
  10.09     0.000  1       29.99     0.000  2       49.88     0.000  2
  10.39     0.000  1       30.28     0.000  2       50.18     0.000  2
  10.69     0.000  1       30.58     0.000  2       50.47     0.000  2
  10.99     0.000  1       30.88     0.000  2       50.77     0.000  2
  11.28     0.000  1       31.17     0.000  2       51.07     0.000  2
  11.58     0.000  1       31.47     0.000  2       51.36     0.000  2
  11.88     0.000  1       31.77     0.000  2       51.66     0.000  2
  12.17     0.000  1       32.07     0.000  2       51.96     0.000  2
  12.47     0.000  1       32.36     0.000  2       52.25     0.000  2
  12.77     0.000  1       32.66     0.000  2       52.55     0.000  2
  13.06     0.000  1       32.96     0.000  2       52.85     0.000  2
  13.36     0.000  1       33.25     0.000  2       53.15     0.000  2
  13.66     0.000  1       33.55     0.000  2       53.44     0.000  2
  13.95     0.000  1       33.85     0.000  2       53.74     0.000  2
  14.25     0.000  1       34.14     0.000  2       54.04     0.000  2
  14.55     0.000  1       34.44     0.000  2       54.33     0.000  2
  14.85     0.000  1       34.74     0.000  2       54.63     0.000  2
  15.14     0.000  1       35.03     0.000  2       54.93     0.000  2
  15.44     0.000  1       35.33     0.000  2       55.22     0.000  2
  15.74     0.000  1       35.63     0.000  2       55.52     0.000  2
  16.03     0.000  1       35.92     0.000  2       55.82     0.000  2
  16.33     0.000  1       36.22     0.000  2       56.11     0.000  2
  16.63     0.000  1       36.52     0.000  2       56.41     0.000  2
  16.92     0.000  1       36.82     0.000  2       56.71     0.000  2
  17.22     0.000  1       37.11     0.000  2       57.00     0.000  2
  17.52     0.000  1       37.41     0.000  2       57.30     0.000  2
  17.81     0.000  1       37.71     0.000  2       57.60     0.000  2
  18.11     0.000  1       38.00     0.000  2       57.90     0.000  2
  18.41     0.000  1       38.30     0.000  2       58.19     0.000  2
  18.70     0.000  1       38.60     0.000  2       58.49     0.000  2
  19.00     0.000  1       38.89     0.000  2       58.79     0.000  2
  19.30     0.000  1       39.19     0.000  2       59.08     0.000  2
  19.60     0.000  1       39.49     0.000  2       59.38     0.000  2
  19.89     0.000  1       39.78     0.000  2

note:  (+) soil loss - detachment     (-) soil loss - deposition



III. OFF SITE EFFECTS  OFF SITE EFFECTS  OFF SITE EFFECTS
     ----------------  ----------------  ----------------

     A.  SEDIMENT LEAVING PROFILE for year   10     0.000 kg/m



     B.  SEDIMENT CHARACTERISTICS AND ENRICHMENT

     Sediment particle information leaving profile
-------------------------------------------------------------------------------
                                 Particle Composition         Detached Fraction
Class  Diameter  Specific  ---------------------------------  Sediment  In Flow
         (mm)    Gravity   % Sand   % Silt   % Clay   % O.M.  Fraction  Exiting
-------------------------------------------------------------------------------
  1     0.002      2.60      0.0      0.0    100.0     50.0     0.026    0.000
  2     0.010      2.65      0.0    100.0      0.0      0.0     0.070    0.000
  3     0.030      1.80      0.0     71.4     28.6     14.3     0.180    0.000
  4     0.300      1.60     78.2     15.1      6.6      3.3     0.340    0.000
  5     0.200      2.65    100.0      0.0      0.0      0.0     0.384    0.000
-------------------------------------------------------------------------------


     Weighted SSA enrichment ratio leaving profile for year   10 =   0.00


     ANNUAL AVERAGE SUMMARIES
     ------------------------


I.   RAINFALL AND RUNOFF SUMMARY
     -------- --- ------ -------

      total summary:  years    1 -   10

      1500 storms produced                        11318.30 mm of precipitation
         0 rain storm runoff events produced          0.00 mm of runoff
         2 snow melts and/or
             events during winter produced           34.39 mm of runoff

      annual averages
      ---------------

        Number of years                                   10
        Mean annual precipitation                    1131.83    mm
        Mean annual runoff from rainfall                0.00    mm
        Mean annual runoff from snow melt
          and/or rain storm during winter               3.44    mm



II.  ON SITE EFFECTS  ON SITE EFFECTS  ON SITE EFFECTS
     ---------------  ---------------  ---------------




  C.  SOIL LOSS/DEPOSITION ALONG SLOPE PROFILE

          Profile distances are from top to bottom of hillslope


 distance soil  flow    distance   soil  flow    distance   soil  flow
    (m)   loss  elem       (m)     loss  elem       (m)     loss  elem
         (kg/m2)                  (kg/m2)                  (kg/m2)
------------------------------------------------------------------------

   0.30     0.000  1       20.19     0.000  1       40.08     0.000  2
   0.59     0.000  1       20.49     0.000  1       40.38     0.000  2
   0.89     0.000  1       20.78     0.000  1       40.68     0.000  2
   1.19     0.000  1       21.08     0.000  1       40.97     0.000  2
   1.48     0.000  1       21.38     0.000  1       41.27     0.000  2
   1.78     0.000  1       21.67     0.000  1       41.57     0.000  2
   2.08     0.000  1       21.97     0.000  1       41.86     0.000  2
   2.38     0.000  1       22.27     0.000  1       42.16     0.000  2
   2.67     0.000  1       22.56     0.000  1       42.46     0.000  2
   2.97     0.000  1       22.86     0.000  1       42.75     0.000  2
   3.27     0.000  1       23.16     0.000  1       43.05     0.000  2
   3.56     0.000  1       23.46     0.000  1       43.35     0.000  2
   3.86     0.000  1       23.75     0.000  1       43.64     0.000  2
   4.16     0.000  1       24.05     0.000  1       43.94     0.000  2
   4.45     0.000  1       24.35     0.000  1       44.24     0.000  2
   4.75     0.000  1       24.64     0.000  1       44.54     0.000  2
   5.05     0.000  1       24.94     0.000  1       44.83     0.000  2
   5.34     0.000  1       25.24     0.000  1       45.13     0.000  2
   5.64     0.000  1       25.53     0.000  1       45.43     0.000  2
   5.94     0.000  1       25.83     0.000  1       45.72     0.000  2
   6.23     0.000  1       26.13     0.000  1       46.02     0.000  2
   6.53     0.000  1       26.42     0.000  1       46.32     0.000  2
   6.83     0.000  1       26.72     0.000  1       46.61     0.000  2
   7.13     0.000  1       27.02     0.000  1       46.91     0.000  2
   7.42     0.000  1       27.31     0.000  1       47.21     0.000  2
   7.72     0.000  1       27.61     0.000  1       47.50     0.000  2
   8.02     0.000  1       27.91     0.000  1       47.80     0.000  2
   8.31     0.000  1       28.21     0.000  1       48.10     0.000  2
   8.61     0.000  1       28.50     0.000  1       48.39     0.000  2
   8.91     0.000  1       28.80     0.000  1       48.69     0.000  2
   9.20     0.000  1       29.10     0.000  1       48.99     0.000  2
   9.50     0.000  1       29.39     0.000  1       49.29     0.000  2
   9.80     0.000  1       29.69     0.000  1       49.58     0.000  2
  10.09     0.000  1       29.99     0.000  2       49.88     0.000  2
  10.39     0.000  1       30.28     0.000  2       50.18     0.000  2
  10.69     0.000  1       30.58     0.000  2       50.47     0.000  2
  10.99     0.000  1       30.88     0.000  2       50.77     0.000  2
  11.28     0.000  1       31.17     0.000  2       51.07     0.000  2
  11.58     0.000  1       31.47     0.000  2       51.36     0.000  2
  11.88     0.000  1       31.77     0.000  2       51.66     0.000  2
  12.17     0.000  1       32.07     0.000  2       51.96     0.000  2
  12.47     0.000  1       32.36     0.000  2       52.25     0.000  2
  12.77     0.000  1       32.66     0.000  2       52.55     0.000  2
  13.06     0.000  1       32.96     0.000  2       52.85     0.000  2
  13.36     0.000  1       33.25     0.000  2       53.15     0.000  2
  13.66     0.000  1       33.55     0.000  2       53.44     0.000  2
  13.95     0.000  1       33.85     0.000  2       53.74     0.000  2
  14.25     0.000  1       34.14     0.000  2       54.04     0.000  2
  14.55     0.000  1       34.44     0.000  2       54.33     0.000  2
  14.85     0.000  1       34.74     0.000  2       54.63     0.000  2
  15.14     0.000  1       35.03     0.000  2       54.93     0.000  2
  15.44     0.000  1       35.33     0.000  2       55.22     0.000  2
  15.74     0.000  1       35.63     0.000  2       55.52     0.000  2
  16.03     0.000  1       35.92     0.000  2       55.82     0.000  2
  16.33     0.000  1       36.22     0.000  2       56.11     0.000  2
  16.63     0.000  1       36.52     0.000  2       56.41     0.000  2
  16.92     0.000  1       36.82     0.000  2       56.71     0.000  2
  17.22     0.000  1       37.11     0.000  2       57.00     0.000  2
  17.52     0.000  1       37.41     0.000  2       57.30     0.000  2
  17.81     0.000  1       37.71     0.000  2       57.60     0.000  2
  18.11     0.000  1       38.00     0.000  2       57.90     0.000  2
  18.41     0.000  1       38.30     0.000  2       58.19     0.000  2
  18.70     0.000  1       38.60     0.000  2       58.49     0.000  2
  19.00     0.000  1       38.89     0.000  2       58.79     0.000  2
  19.30     0.000  1       39.19     0.000  2       59.08     0.000  2
  19.60     0.000  1       39.49     0.000  2       59.38     0.000  2
  19.89     0.000  1       39.78     0.000  2

note:  (+) soil loss - detachment     (-) soil loss - deposition



III. OFF SITE EFFECTS  OFF SITE EFFECTS  OFF SITE EFFECTS
     ----------------  ----------------  ----------------

     A.  AVERAGE ANNUAL SEDIMENT LEAVING PROFILE
             0.000   kg/m of width
             0.000     kg (based on profile width of    100.000      m)
             0.000   t/ha (assuming contributions from     0.594     ha)


     B.  SEDIMENT CHARACTERISTICS AND ENRICHMENT

     Sediment particle information leaving profile
-------------------------------------------------------------------------------
                                 Particle Composition         Detached Fraction
Class  Diameter  Specific  ---------------------------------  Sediment  In Flow
         (mm)    Gravity   % Sand   % Silt   % Clay   % O.M.  Fraction  Exiting
-------------------------------------------------------------------------------
  1     0.002      2.60      0.0      0.0    100.0     50.0     0.026    0.000
  2     0.010      2.65      0.0    100.0      0.0      0.0     0.070    0.000
  3     0.030      1.80      0.0     71.4     28.6     14.3     0.180    0.000
  4     0.300      1.60     78.2     15.1      6.6      3.3     0.340    0.000
  5     0.200      2.65    100.0      0.0      0.0      0.0     0.384    0.000
-------------------------------------------------------------------------------


     Average annual SSA enrichment ratio leaving profile =   0.00
