 Annual; abbreviated (Metric Units)                                     


          USDA WATER EROSION PREDICTION PROJECT
          -------------------------------------

          HILLSLOPE PROFILE AND WATERSHED MODEL
                     VERSION  2010.100
           January 28,      2010


               TO REPORT PROBLEMS OR TO BE PUT ON THE MAILING
               LIST FOR FUTURE WEPP MODEL RELEASES, PLEASE CONTACT:

                    WEPP TECHNICAL SUPPORT
                    USDA-AGRICULTURAL RESEARCH SERVICE
                    NATIONAL SOIL EROSION RESEARCH LABORATORY
                    275 SOUTH RUSSELL STREET
                    WEST LAFAYETTE, IN 47907-2077  USA

                    PHONE: (765) 494-8673
                      FAX: (765) 494-5948
                    email:  wepp@ecn.purdue.edu
                      URL:  http://topsoil.nserl.purdue.edu


     HILLSLOPE INPUT DATA FILES - VERSION  2010.100
      January 28,      2010


    MANAGEMENT: data/3inslope.man                                 
 MAN. PRACTICE: Road Section to collect water and then release through      
                ditch and culvert to a fill and forest for deposition       
                W. Elliot & H. Rhee 1/99  USDA Forest Service               
         SLOPE: ../working/wepp-179671.slp                        
       CLIMATE: ../working/wepp-179671.cli                        
       Station:  snider MT +                                    CLIGEN VERSION  4.31
          SOIL: ../working/wepp-179671.sol                        
      PLANE  1 Road                silt loam           
      PLANE  2 Fill                silt loam           
      PLANE  3 Forest              silt loam           


     ANNUAL AVERAGE SUMMARIES
     ------------------------


I.   RAINFALL AND RUNOFF SUMMARY
     -------- --- ------ -------

      total summary:  years    1 -   30

      4096 storms produced                        17906.30 mm of precipitation
       393 rain storm runoff events produced        522.14 mm of runoff
       420 snow melts and/or
             events during winter produced         2204.62 mm of runoff

      annual averages
      ---------------

        Number of years                                   30
        Mean annual precipitation                     596.88    mm
        Mean annual runoff from rainfall               17.40    mm
        Mean annual runoff from snow melt
          and/or rain storm during winter              73.49    mm



II.  ON SITE EFFECTS  ON SITE EFFECTS  ON SITE EFFECTS
     ---------------  ---------------  ---------------


  A.  AREA OF NET SOIL LOSS

      ** Soil Loss (Avg. of Net Detachment Areas) =    0.191 kg/m2 **
      ** Maximum Soil Loss  =    8.991 kg/m2 at  309.63 meters **


      Area of    Soil Loss   Soil Loss   MAX   MAX Loss   MIN   MIN Loss
      Net Loss      MEAN      STDEV      Loss    Point    Loss   Point
        (m)       (kg/m2)     (kg/m2)  (kg/m2)    (m)    (kg/m2)  (m)
------------------------------------------------------------------------
   0.00- 311.14    0.184     5.836      8.991  309.63     0.040    18.29
 311.23- 312.70    0.480     0.126      0.624  312.42     0.188   311.69
 312.79- 313.43    0.418     0.250      0.630  313.24     0.005   312.88
 313.52- 314.98    0.498     0.199      0.644  314.89     0.037   313.61
 315.07- 318.45    0.558     0.202      0.688  318.00     0.022   315.62

  B.  AREA OF SOIL DEPOSITION

      ** Soil Deposition (Avg. of Net Deposition Areas) =    -0.915 kg/m2 **
      ** Maximum Soil Deposition  =    -3.636 kg/m2 at  318.82 meters **

      Area of    Soil Dep   Soil Dep     MAX    MAX Dep   MIN   MIN Dep
      Net Dep       MEAN     STDEV       Dep     Point    Dep    Point
        (m)       (kg/m2)    (kg/m2)   (kg/m2)    (m)    (kg/m2)  (m)
------------------------------------------------------------------------
 311.14- 311.23   -0.218     0.000     -0.218  311.23    -0.218   311.23
 312.70- 312.79   -0.198     0.000     -0.198  312.79    -0.198   312.79
 313.43- 313.52   -0.345     0.000     -0.345  313.52    -0.345   313.52
 314.98- 315.07   -0.178     0.000     -0.178  315.07    -0.178   315.07
 318.45- 318.82   -1.595     1.466     -3.636  318.82    -0.259   318.55

      Single Point     Single Point
       Soil Area          Dep
         (m)             (kg/m2/)
      ------------------------------
       311.23            -0.218
       312.79            -0.198
       313.52            -0.345
       315.07            -0.178



  C.  SOIL LOSS/DEPOSITION ALONG SLOPE PROFILE

          Profile distances are from top to bottom of hillslope


 distance soil  flow    distance   soil  flow    distance   soil  flow
    (m)   loss  elem       (m)     loss  elem       (m)     loss  elem
         (kg/m2)                  (kg/m2)                  (kg/m2)
------------------------------------------------------------------------

   3.05     0.040  1      304.85     0.284  2      309.77     0.114  3
   6.10     0.040  1      304.90     1.299  2      309.86     0.281  3
   9.14     0.040  1      304.95     2.878  2      309.95     0.211  3
  12.19     0.040  1      305.00     5.074  2      310.05     0.236  3
  15.24     0.040  1      305.04     7.535  2      310.14     0.243  3
  18.29     0.040  1      305.09     8.870  2      310.23     0.438  3
  21.34     0.040  1      305.14     8.890  2      310.32     0.387  3
  24.38     0.040  1      305.19     8.864  2      310.41     0.380  3
  27.43     0.040  1      305.24     8.848  2      310.50     0.229  3
  30.48     0.040  1      305.29     8.804  2      310.59     0.348  3
  33.53     0.040  1      305.34     8.885  2      310.69     0.043  3
  36.58     0.040  1      305.39     8.856  2      310.78     0.359  3
  39.62     0.040  1      305.43     8.871  2      310.87     0.538  3
  42.67     0.040  1      305.48     8.849  2      310.96     0.270  3
  45.72     0.040  1      305.53     8.805  2      311.05     0.465  3
  48.77     0.040  1      305.58     8.862  2      311.14     0.325  3
  51.82     0.040  1      305.63     8.881  2      311.23    -0.218  3
  54.86     0.040  1      305.68     8.851  2      311.33     0.416  3
  57.91     0.040  1      305.73     8.894  2      311.42     0.526  3
  60.96     0.040  1      305.78     8.898  2      311.51     0.405  3
  64.01     0.040  1      305.82     8.868  2      311.60     0.619  3
  67.06     0.040  1      305.87     8.851  2      311.69     0.188  3
  70.10     0.040  1      305.92     8.888  2      311.78     0.580  3
  73.15     0.040  1      305.97     8.849  2      311.87     0.423  3
  76.20     0.040  1      306.02     8.888  2      311.97     0.342  3
  79.25     0.040  1      306.07     8.861  2      312.06     0.494  3
  82.30     0.040  1      306.12     8.879  2      312.15     0.436  3
  85.34     0.040  1      306.17     8.832  2      312.24     0.509  3
  88.39     0.040  1      306.22     8.799  2      312.33     0.624  3
  91.44     0.040  1      306.26     8.845  2      312.42     0.624  3
  94.49     0.040  1      306.31     8.901  2      312.51     0.331  3
  97.54     0.040  1      306.36     8.901  2      312.60     0.537  3
 100.58     0.040  1      306.41     8.902  2      312.70     0.619  3
 103.63     0.040  1      306.46     8.898  2      312.79    -0.198  3
 106.68     0.040  1      306.51     8.895  2      312.88     0.005  3
 109.73     0.040  1      306.56     8.884  2      312.97     0.253  3
 112.78     0.040  1      306.61     8.881  2      313.06     0.535  3
 115.82     0.040  1      306.65     8.904  2      313.15     0.630  3
 118.87     0.040  1      306.70     8.905  2      313.24     0.630  3
 121.92     0.040  1      306.75     8.864  2      313.34     0.627  3
 124.97     0.041  1      306.80     8.869  2      313.43     0.247  3
 128.02     0.041  1      306.85     8.906  2      313.52    -0.345  3
 131.06     0.041  1      306.90     8.881  2      313.61     0.037  3
 134.11     0.041  1      306.95     8.908  2      313.70     0.634  3
 137.16     0.041  1      307.00     8.867  2      313.79     0.635  3
 140.21     0.041  1      307.04     8.853  2      313.88     0.636  3
 143.26     0.042  1      307.09     8.909  2      313.98     0.636  3
 146.30     0.042  1      307.14     8.910  2      314.07     0.621  3
 149.35     0.042  1      307.19     8.911  2      314.16     0.536  3
 152.40     0.042  1      307.24     8.912  2      314.25     0.639  3
 155.45     0.043  1      307.29     8.913  2      314.34     0.539  3
 158.50     0.043  1      307.34     8.875  2      314.43     0.588  3
 161.54     0.043  1      307.39     8.915  2      314.52     0.321  3
 164.59     0.044  1      307.44     8.917  2      314.62     0.408  3
 167.64     0.044  1      307.48     8.918  2      314.71     0.100  3
 170.69     0.044  1      307.53     8.919  2      314.80     0.643  3
 173.74     0.044  1      307.58     8.921  2      314.89     0.644  3
 176.78     0.045  1      307.63     8.922  2      314.98     0.349  3
 179.83     0.045  1      307.68     8.924  2      315.07    -0.178  3
 182.88     0.045  1      307.73     8.890  2      315.16     0.647  3
 185.93     0.046  1      307.78     8.908  2      315.26     0.648  3
 188.98     0.046  1      307.83     8.928  2      315.35     0.649  3
 192.02     0.047  1      307.87     8.885  2      315.44     0.650  3
 195.07     0.047  1      307.92     8.931  2      315.53     0.393  3
 198.12     0.047  1      307.97     8.933  2      315.62     0.022  3
 201.17     0.048  1      308.02     8.934  2      315.71     0.653  3
 204.22     0.048  1      308.07     8.936  2      315.80     0.289  3
 207.26     0.049  1      308.12     8.937  2      315.90     0.655  3
 210.31     0.049  1      308.17     8.939  2      315.99     0.657  3
 213.36     0.050  1      308.22     8.940  2      316.08     0.658  3
 216.41     0.051  1      308.26     8.942  2      316.17     0.659  3
 219.46     0.051  1      308.31     8.943  2      316.26     0.660  3
 222.50     0.052  1      308.36     8.945  2      316.35     0.588  3
 225.55     0.053  1      308.41     8.946  2      316.44     0.464  3
 228.60     0.053  1      308.46     8.940  2      316.54     0.665  3
 231.65     0.054  1      308.51     8.950  2      316.63     0.599  3
 234.70     0.055  1      308.56     8.951  2      316.72     0.084  3
 237.74     0.055  1      308.61     8.953  2      316.81     0.669  3
 240.79     0.056  1      308.66     8.955  2      316.90     0.671  3
 243.84     0.057  1      308.70     8.957  2      316.99     0.672  3
 246.89     0.058  1      308.75     8.958  2      317.08     0.674  3
 249.94     0.058  1      308.80     8.960  2      317.17     0.675  3
 252.98     0.059  1      308.85     8.885  2      317.27     0.677  3
 256.03     0.060  1      308.90     8.964  2      317.36     0.679  3
 259.08     0.061  1      308.95     8.966  2      317.45     0.680  3
 262.13     0.062  1      309.00     8.968  2      317.54     0.682  3
 265.18     0.063  1      309.05     8.887  2      317.63     0.534  3
 268.22     0.064  1      309.09     8.971  2      317.72     0.272  3
 271.27     0.065  1      309.14     8.973  2      317.81     0.035  3
 274.32     0.066  1      309.19     8.975  2      317.91     0.120  3
 277.37     0.066  1      309.24     8.977  2      318.00     0.688  3
 280.42     0.067  1      309.29     8.979  2      318.09     0.688  3
 283.46     0.068  1      309.34     8.981  2      318.18     0.685  3
 286.51     0.069  1      309.39     8.983  2      318.27     0.680  3
 289.56     0.070  1      309.44     8.985  2      318.36     0.670  3
 292.61     0.071  1      309.48     8.987  2      318.45     0.564  3
 295.66     0.072  1      309.53     8.989  2      318.55    -0.259  3
 298.70     0.074  1      309.58     8.991  2      318.64    -0.887  3
 301.75     0.075  1      309.63     8.991  2      318.73    -1.598  3
 304.80     0.076  1      309.68     8.845  2      318.82    -3.636  3

note:  (+) soil loss - detachment     (-) soil loss - deposition



III. OFF SITE EFFECTS  OFF SITE EFFECTS  OFF SITE EFFECTS
     ----------------  ----------------  ----------------

     A.  AVERAGE ANNUAL SEDIMENT LEAVING PROFILE
            60.108   kg/m of width
           256.662     kg (based on profile width of      4.270      m)
             1.885   t/ha (assuming contributions from     0.136     ha)


     B.  SEDIMENT CHARACTERISTICS AND ENRICHMENT

     Sediment particle information leaving profile
-------------------------------------------------------------------------------
                                 Particle Composition         Detached Fraction
Class  Diameter  Specific  ---------------------------------  Sediment  In Flow
         (mm)    Gravity   % Sand   % Silt   % Clay   % O.M.  Fraction  Exiting
-------------------------------------------------------------------------------
  1     0.002      2.60      0.0      0.0    100.0     53.3     0.039    0.040
  2     0.010      2.65      0.0    100.0      0.0      0.0     0.280    0.285
  3     0.030      1.80      0.0     78.6     21.4     11.4     0.270    0.275
  4     0.300      1.60     60.1     20.8     19.1     10.2     0.278    0.272
  5     0.200      2.65    100.0      0.0      0.0      0.0     0.133    0.129
-------------------------------------------------------------------------------


     Average annual SSA enrichment ratio leaving profile =   1.00
