 Annual; detailed (Metric Units)                                        


          USDA WATER EROSION PREDICTION PROJECT
          -------------------------------------

          HILLSLOPE PROFILE AND WATERSHED MODEL
                     VERSION  2010.100
           January 28,      2010


               TO REPORT PROBLEMS OR TO BE PUT ON THE MAILING
               LIST FOR FUTURE WEPP MODEL RELEASES, PLEASE CONTACT:

                    WEPP TECHNICAL SUPPORT
                    USDA-AGRICULTURAL RESEARCH SERVICE
                    NATIONAL SOIL EROSION RESEARCH LABORATORY
                    275 SOUTH RUSSELL STREET
                    WEST LAFAYETTE, IN 47907-2077  USA

                    PHONE: (765) 494-8673
                      FAX: (765) 494-5948
                    email:  wepp@ecn.purdue.edu
                      URL:  http://topsoil.nserl.purdue.edu


     HILLSLOPE INPUT DATA FILES - VERSION  2010.100
      January 28,      2010


    MANAGEMENT: ../working/wepp-189207.man                        
 MAN. PRACTICE: Two OFEs for forest conditions                              
                W. Elliot 02/99                                             
                                                                            
         SLOPE: ../working/wepp-189207.slp                        
       CLIMATE: ../working/wepp-189207.cli                        
       Station:  ESTES PARK 1N CO                               CLIGEN VERSION  4.31
          SOIL: ../working/wepp-189207.sol                        
      PLANE  1 LOW                 sandy loam          
      PLANE  2 LOW                 sandy loam          


     HILLSLOPE 1 YEARLY SUMMARY FOR    1
     ----------------------------------


I.   RAINFALL AND RUNOFF SUMMARY
     -------- --- ------ -------

      year:      1

         Rainfall         Storm Runoff        Melt Runoff
      events   amount   events   amount     events  amount
                (mm)              (mm)               (mm)

        92     325.30       2       0.17       0       0.00


II.  ON SITE EFFECTS  ON SITE EFFECTS  ON SITE EFFECTS
     ---------------  ---------------  ---------------


  A.  AREA OF NET SOIL LOSS

      ** Soil Loss (Avg. of Net Detachment Areas) =    0.003 kg/m2 **
      ** Maximum Soil Loss  =    0.005 kg/m2 at   15.24 meters **


      Area of    Soil Loss   Soil Loss   MAX   MAX Loss   MIN   MIN Loss
      Net Loss      MEAN      STDEV      Loss    Point    Loss   Point
        (m)       (kg/m2)     (kg/m2)  (kg/m2)    (m)    (kg/m2)  (m)
------------------------------------------------------------------------
   0.00-  30.48    0.003     0.002      0.005   15.24     0.000     1.52



  C.  SOIL LOSS/DEPOSITION ALONG SLOPE PROFILE

          Profile distances are from top to bottom of hillslope


 distance soil  flow    distance   soil  flow    distance   soil  flow
    (m)   loss  elem       (m)     loss  elem       (m)     loss  elem
         (kg/m2)                  (kg/m2)                  (kg/m2)
------------------------------------------------------------------------

   0.15     0.000  1       10.36     0.003  1       20.57     0.004  2
   0.30     0.000  1       10.52     0.003  1       20.73     0.004  2
   0.46     0.000  1       10.67     0.003  1       20.88     0.004  2
   0.61     0.000  1       10.82     0.003  1       21.03     0.004  2
   0.76     0.000  1       10.97     0.003  1       21.18     0.004  2
   0.91     0.000  1       11.13     0.003  1       21.34     0.004  2
   1.07     0.000  1       11.28     0.003  1       21.49     0.004  2
   1.22     0.000  1       11.43     0.003  1       21.64     0.004  2
   1.37     0.000  1       11.58     0.003  1       21.79     0.004  2
   1.52     0.000  1       11.73     0.003  1       21.95     0.004  2
   1.68     0.000  1       11.89     0.003  1       22.10     0.004  2
   1.83     0.000  1       12.04     0.003  1       22.25     0.004  2
   1.98     0.000  1       12.19     0.003  1       22.40     0.004  2
   2.13     0.000  1       12.34     0.004  1       22.56     0.004  2
   2.29     0.000  1       12.50     0.004  1       22.71     0.004  2
   2.44     0.000  1       12.65     0.004  1       22.86     0.004  2
   2.59     0.000  1       12.80     0.004  1       23.01     0.004  2
   2.74     0.000  1       12.95     0.004  1       23.16     0.004  2
   2.90     0.000  1       13.11     0.004  1       23.32     0.004  2
   3.05     0.000  1       13.26     0.004  1       23.47     0.004  2
   3.20     0.000  1       13.41     0.004  1       23.62     0.004  2
   3.35     0.000  1       13.56     0.004  1       23.77     0.004  2
   3.51     0.000  1       13.72     0.004  1       23.93     0.004  2
   3.66     0.000  1       13.87     0.004  1       24.08     0.004  2
   3.81     0.000  1       14.02     0.004  1       24.23     0.004  2
   3.96     0.000  1       14.17     0.004  1       24.38     0.004  2
   4.11     0.000  1       14.33     0.004  1       24.54     0.004  2
   4.27     0.001  1       14.48     0.004  1       24.69     0.004  2
   4.42     0.001  1       14.63     0.004  1       24.84     0.004  2
   4.57     0.001  1       14.78     0.004  1       24.99     0.004  2
   4.72     0.001  1       14.94     0.004  1       25.15     0.004  2
   4.88     0.001  1       15.09     0.005  1       25.30     0.004  2
   5.03     0.001  1       15.24     0.005  1       25.45     0.004  2
   5.18     0.001  1       15.39     0.004  2       25.60     0.004  2
   5.33     0.001  1       15.54     0.004  2       25.76     0.004  2
   5.49     0.001  1       15.70     0.004  2       25.91     0.004  2
   5.64     0.001  1       15.85     0.004  2       26.06     0.004  2
   5.79     0.001  1       16.00     0.004  2       26.21     0.004  2
   5.94     0.001  1       16.15     0.004  2       26.37     0.004  2
   6.10     0.001  1       16.31     0.004  2       26.52     0.004  2
   6.25     0.001  1       16.46     0.004  2       26.67     0.004  2
   6.40     0.001  1       16.61     0.004  2       26.82     0.004  2
   6.55     0.001  1       16.76     0.004  2       26.97     0.004  2
   6.71     0.001  1       16.92     0.004  2       27.13     0.004  2
   6.86     0.002  1       17.07     0.004  2       27.28     0.004  2
   7.01     0.002  1       17.22     0.004  2       27.43     0.004  2
   7.16     0.002  1       17.37     0.004  2       27.58     0.004  2
   7.32     0.002  1       17.53     0.004  2       27.74     0.004  2
   7.47     0.002  1       17.68     0.004  2       27.89     0.004  2
   7.62     0.002  1       17.83     0.004  2       28.04     0.004  2
   7.77     0.002  1       17.98     0.004  2       28.19     0.004  2
   7.92     0.002  1       18.14     0.004  2       28.35     0.004  2
   8.08     0.002  1       18.29     0.004  2       28.50     0.004  2
   8.23     0.002  1       18.44     0.004  2       28.65     0.004  2
   8.38     0.002  1       18.59     0.004  2       28.80     0.004  2
   8.53     0.002  1       18.75     0.004  2       28.96     0.004  2
   8.69     0.002  1       18.90     0.004  2       29.11     0.004  2
   8.84     0.002  1       19.05     0.004  2       29.26     0.004  2
   8.99     0.002  1       19.20     0.004  2       29.41     0.004  2
   9.14     0.002  1       19.35     0.004  2       29.57     0.004  2
   9.30     0.002  1       19.51     0.004  2       29.72     0.004  2
   9.45     0.002  1       19.66     0.004  2       29.87     0.004  2
   9.60     0.003  1       19.81     0.004  2       30.02     0.004  2
   9.75     0.003  1       19.96     0.004  2       30.18     0.004  2
   9.91     0.003  1       20.12     0.004  2       30.33     0.004  2
  10.06     0.003  1       20.27     0.004  2       30.48     0.004  2
  10.21     0.003  1       20.42     0.004  2

note:  (+) soil loss - detachment     (-) soil loss - deposition



III. OFF SITE EFFECTS  OFF SITE EFFECTS  OFF SITE EFFECTS
     ----------------  ----------------  ----------------

     A.  SEDIMENT LEAVING PROFILE for year    1     0.091 kg/m



     B.  SEDIMENT CHARACTERISTICS AND ENRICHMENT

     Sediment particle information leaving profile
-------------------------------------------------------------------------------
                                 Particle Composition         Detached Fraction
Class  Diameter  Specific  ---------------------------------  Sediment  In Flow
         (mm)    Gravity   % Sand   % Silt   % Clay   % O.M.  Fraction  Exiting
-------------------------------------------------------------------------------
  1     0.002      2.60      0.0      0.0    100.0     50.0     0.026    0.027
  2     0.010      2.65      0.0    100.0      0.0      0.0     0.070    0.073
  3     0.030      1.80      0.0     71.4     28.6     14.3     0.180    0.184
  4     0.300      1.60     78.2     15.1      6.6      3.3     0.340    0.337
  5     0.200      2.65    100.0      0.0      0.0      0.0     0.384    0.380
-------------------------------------------------------------------------------


     Weighted SSA enrichment ratio leaving profile for year    1 =   1.02


     HILLSLOPE 1 YEARLY SUMMARY FOR    2
     ----------------------------------


I.   RAINFALL AND RUNOFF SUMMARY
     -------- --- ------ -------

      year:      2

         Rainfall         Storm Runoff        Melt Runoff
      events   amount   events   amount     events  amount
                (mm)              (mm)               (mm)

        78     325.50       1       4.25       0       0.00


II.  ON SITE EFFECTS  ON SITE EFFECTS  ON SITE EFFECTS
     ---------------  ---------------  ---------------


  A.  AREA OF NET SOIL LOSS

      ** Soil Loss (Avg. of Net Detachment Areas) =    0.046 kg/m2 **
      ** Maximum Soil Loss  =    0.079 kg/m2 at   30.48 meters **


      Area of    Soil Loss   Soil Loss   MAX   MAX Loss   MIN   MIN Loss
      Net Loss      MEAN      STDEV      Loss    Point    Loss   Point
        (m)       (kg/m2)     (kg/m2)  (kg/m2)    (m)    (kg/m2)  (m)
------------------------------------------------------------------------
   0.00-  30.48    0.046     0.025      0.079   30.48     0.002     0.46



  C.  SOIL LOSS/DEPOSITION ALONG SLOPE PROFILE

          Profile distances are from top to bottom of hillslope


 distance soil  flow    distance   soil  flow    distance   soil  flow
    (m)   loss  elem       (m)     loss  elem       (m)     loss  elem
         (kg/m2)                  (kg/m2)                  (kg/m2)
------------------------------------------------------------------------

   0.15     0.002  1       10.36     0.032  1       20.57     0.065  2
   0.30     0.002  1       10.52     0.032  1       20.73     0.066  2
   0.46     0.002  1       10.67     0.032  1       20.88     0.066  2
   0.61     0.002  1       10.82     0.033  1       21.03     0.066  2
   0.76     0.002  1       10.97     0.033  1       21.18     0.067  2
   0.91     0.002  1       11.13     0.034  1       21.34     0.067  2
   1.07     0.002  1       11.28     0.034  1       21.49     0.067  2
   1.22     0.002  1       11.43     0.035  1       21.64     0.067  2
   1.37     0.003  1       11.58     0.035  1       21.79     0.068  2
   1.52     0.004  1       11.73     0.035  1       21.95     0.068  2
   1.68     0.004  1       11.89     0.036  1       22.10     0.068  2
   1.83     0.005  1       12.04     0.036  1       22.25     0.069  2
   1.98     0.006  1       12.19     0.037  1       22.40     0.069  2
   2.13     0.006  1       12.34     0.037  1       22.56     0.069  2
   2.29     0.007  1       12.50     0.038  1       22.71     0.069  2
   2.44     0.008  1       12.65     0.038  1       22.86     0.070  2
   2.59     0.008  1       12.80     0.038  1       23.01     0.070  2
   2.74     0.009  1       12.95     0.039  1       23.16     0.070  2
   2.90     0.009  1       13.11     0.039  1       23.32     0.070  2
   3.05     0.010  1       13.26     0.040  1       23.47     0.070  2
   3.20     0.010  1       13.41     0.040  1       23.62     0.071  2
   3.35     0.011  1       13.56     0.041  1       23.77     0.071  2
   3.51     0.011  1       13.72     0.041  1       23.93     0.071  2
   3.66     0.012  1       13.87     0.041  1       24.08     0.071  2
   3.81     0.012  1       14.02     0.042  1       24.23     0.071  2
   3.96     0.013  1       14.17     0.042  1       24.38     0.072  2
   4.11     0.013  1       14.33     0.043  1       24.54     0.072  2
   4.27     0.014  1       14.48     0.043  1       24.69     0.072  2
   4.42     0.014  1       14.63     0.043  1       24.84     0.072  2
   4.57     0.015  1       14.78     0.044  1       24.99     0.072  2
   4.72     0.015  1       14.94     0.044  1       25.15     0.072  2
   4.88     0.016  1       15.09     0.045  1       25.30     0.073  2
   5.03     0.016  1       15.24     0.045  1       25.45     0.073  2
   5.18     0.017  1       15.39     0.056  2       25.60     0.073  2
   5.33     0.017  1       15.54     0.056  2       25.76     0.073  2
   5.49     0.018  1       15.70     0.056  2       25.91     0.073  2
   5.64     0.018  1       15.85     0.057  2       26.06     0.074  2
   5.79     0.019  1       16.00     0.057  2       26.21     0.074  2
   5.94     0.019  1       16.15     0.057  2       26.37     0.074  2
   6.10     0.020  1       16.31     0.058  2       26.52     0.074  2
   6.25     0.020  1       16.46     0.058  2       26.67     0.074  2
   6.40     0.020  1       16.61     0.058  2       26.82     0.074  2
   6.55     0.021  1       16.76     0.058  2       26.97     0.075  2
   6.71     0.021  1       16.92     0.059  2       27.13     0.075  2
   6.86     0.022  1       17.07     0.059  2       27.28     0.075  2
   7.01     0.022  1       17.22     0.059  2       27.43     0.075  2
   7.16     0.022  1       17.37     0.059  2       27.58     0.075  2
   7.32     0.023  1       17.53     0.060  2       27.74     0.075  2
   7.47     0.023  1       17.68     0.060  2       27.89     0.076  2
   7.62     0.024  1       17.83     0.060  2       28.04     0.076  2
   7.77     0.024  1       17.98     0.061  2       28.19     0.076  2
   7.92     0.025  1       18.14     0.061  2       28.35     0.076  2
   8.08     0.025  1       18.29     0.061  2       28.50     0.076  2
   8.23     0.025  1       18.44     0.061  2       28.65     0.077  2
   8.38     0.026  1       18.59     0.062  2       28.80     0.077  2
   8.53     0.026  1       18.75     0.062  2       28.96     0.077  2
   8.69     0.027  1       18.90     0.062  2       29.11     0.077  2
   8.84     0.027  1       19.05     0.063  2       29.26     0.077  2
   8.99     0.028  1       19.20     0.063  2       29.41     0.077  2
   9.14     0.028  1       19.35     0.063  2       29.57     0.078  2
   9.30     0.029  1       19.51     0.063  2       29.72     0.078  2
   9.45     0.029  1       19.66     0.064  2       29.87     0.078  2
   9.60     0.029  1       19.81     0.064  2       30.02     0.078  2
   9.75     0.030  1       19.96     0.064  2       30.18     0.078  2
   9.91     0.030  1       20.12     0.065  2       30.33     0.078  2
  10.06     0.031  1       20.27     0.065  2       30.48     0.079  2
  10.21     0.031  1       20.42     0.065  2

note:  (+) soil loss - detachment     (-) soil loss - deposition



III. OFF SITE EFFECTS  OFF SITE EFFECTS  OFF SITE EFFECTS
     ----------------  ----------------  ----------------

     A.  SEDIMENT LEAVING PROFILE for year    2     1.402 kg/m



     B.  SEDIMENT CHARACTERISTICS AND ENRICHMENT

     Sediment particle information leaving profile
-------------------------------------------------------------------------------
                                 Particle Composition         Detached Fraction
Class  Diameter  Specific  ---------------------------------  Sediment  In Flow
         (mm)    Gravity   % Sand   % Silt   % Clay   % O.M.  Fraction  Exiting
-------------------------------------------------------------------------------
  1     0.002      2.60      0.0      0.0    100.0     50.0     0.026    0.029
  2     0.010      2.65      0.0    100.0      0.0      0.0     0.070    0.078
  3     0.030      1.80      0.0     71.4     28.6     14.3     0.180    0.193
  4     0.300      1.60     78.2     15.1      6.6      3.3     0.340    0.329
  5     0.200      2.65    100.0      0.0      0.0      0.0     0.384    0.371
-------------------------------------------------------------------------------


     Weighted SSA enrichment ratio leaving profile for year    2 =   1.06


     HILLSLOPE 1 YEARLY SUMMARY FOR    3
     ----------------------------------


I.   RAINFALL AND RUNOFF SUMMARY
     -------- --- ------ -------

      year:      3

         Rainfall         Storm Runoff        Melt Runoff
      events   amount   events   amount     events  amount
                (mm)              (mm)               (mm)

        76     213.30       0       0.00       0       0.00


II.  ON SITE EFFECTS  ON SITE EFFECTS  ON SITE EFFECTS
     ---------------  ---------------  ---------------




  C.  SOIL LOSS/DEPOSITION ALONG SLOPE PROFILE

          Profile distances are from top to bottom of hillslope


 distance soil  flow    distance   soil  flow    distance   soil  flow
    (m)   loss  elem       (m)     loss  elem       (m)     loss  elem
         (kg/m2)                  (kg/m2)                  (kg/m2)
------------------------------------------------------------------------

   0.15     0.000  1       10.36     0.000  1       20.57     0.000  2
   0.30     0.000  1       10.52     0.000  1       20.73     0.000  2
   0.46     0.000  1       10.67     0.000  1       20.88     0.000  2
   0.61     0.000  1       10.82     0.000  1       21.03     0.000  2
   0.76     0.000  1       10.97     0.000  1       21.18     0.000  2
   0.91     0.000  1       11.13     0.000  1       21.34     0.000  2
   1.07     0.000  1       11.28     0.000  1       21.49     0.000  2
   1.22     0.000  1       11.43     0.000  1       21.64     0.000  2
   1.37     0.000  1       11.58     0.000  1       21.79     0.000  2
   1.52     0.000  1       11.73     0.000  1       21.95     0.000  2
   1.68     0.000  1       11.89     0.000  1       22.10     0.000  2
   1.83     0.000  1       12.04     0.000  1       22.25     0.000  2
   1.98     0.000  1       12.19     0.000  1       22.40     0.000  2
   2.13     0.000  1       12.34     0.000  1       22.56     0.000  2
   2.29     0.000  1       12.50     0.000  1       22.71     0.000  2
   2.44     0.000  1       12.65     0.000  1       22.86     0.000  2
   2.59     0.000  1       12.80     0.000  1       23.01     0.000  2
   2.74     0.000  1       12.95     0.000  1       23.16     0.000  2
   2.90     0.000  1       13.11     0.000  1       23.32     0.000  2
   3.05     0.000  1       13.26     0.000  1       23.47     0.000  2
   3.20     0.000  1       13.41     0.000  1       23.62     0.000  2
   3.35     0.000  1       13.56     0.000  1       23.77     0.000  2
   3.51     0.000  1       13.72     0.000  1       23.93     0.000  2
   3.66     0.000  1       13.87     0.000  1       24.08     0.000  2
   3.81     0.000  1       14.02     0.000  1       24.23     0.000  2
   3.96     0.000  1       14.17     0.000  1       24.38     0.000  2
   4.11     0.000  1       14.33     0.000  1       24.54     0.000  2
   4.27     0.000  1       14.48     0.000  1       24.69     0.000  2
   4.42     0.000  1       14.63     0.000  1       24.84     0.000  2
   4.57     0.000  1       14.78     0.000  1       24.99     0.000  2
   4.72     0.000  1       14.94     0.000  1       25.15     0.000  2
   4.88     0.000  1       15.09     0.000  1       25.30     0.000  2
   5.03     0.000  1       15.24     0.000  1       25.45     0.000  2
   5.18     0.000  1       15.39     0.000  2       25.60     0.000  2
   5.33     0.000  1       15.54     0.000  2       25.76     0.000  2
   5.49     0.000  1       15.70     0.000  2       25.91     0.000  2
   5.64     0.000  1       15.85     0.000  2       26.06     0.000  2
   5.79     0.000  1       16.00     0.000  2       26.21     0.000  2
   5.94     0.000  1       16.15     0.000  2       26.37     0.000  2
   6.10     0.000  1       16.31     0.000  2       26.52     0.000  2
   6.25     0.000  1       16.46     0.000  2       26.67     0.000  2
   6.40     0.000  1       16.61     0.000  2       26.82     0.000  2
   6.55     0.000  1       16.76     0.000  2       26.97     0.000  2
   6.71     0.000  1       16.92     0.000  2       27.13     0.000  2
   6.86     0.000  1       17.07     0.000  2       27.28     0.000  2
   7.01     0.000  1       17.22     0.000  2       27.43     0.000  2
   7.16     0.000  1       17.37     0.000  2       27.58     0.000  2
   7.32     0.000  1       17.53     0.000  2       27.74     0.000  2
   7.47     0.000  1       17.68     0.000  2       27.89     0.000  2
   7.62     0.000  1       17.83     0.000  2       28.04     0.000  2
   7.77     0.000  1       17.98     0.000  2       28.19     0.000  2
   7.92     0.000  1       18.14     0.000  2       28.35     0.000  2
   8.08     0.000  1       18.29     0.000  2       28.50     0.000  2
   8.23     0.000  1       18.44     0.000  2       28.65     0.000  2
   8.38     0.000  1       18.59     0.000  2       28.80     0.000  2
   8.53     0.000  1       18.75     0.000  2       28.96     0.000  2
   8.69     0.000  1       18.90     0.000  2       29.11     0.000  2
   8.84     0.000  1       19.05     0.000  2       29.26     0.000  2
   8.99     0.000  1       19.20     0.000  2       29.41     0.000  2
   9.14     0.000  1       19.35     0.000  2       29.57     0.000  2
   9.30     0.000  1       19.51     0.000  2       29.72     0.000  2
   9.45     0.000  1       19.66     0.000  2       29.87     0.000  2
   9.60     0.000  1       19.81     0.000  2       30.02     0.000  2
   9.75     0.000  1       19.96     0.000  2       30.18     0.000  2
   9.91     0.000  1       20.12     0.000  2       30.33     0.000  2
  10.06     0.000  1       20.27     0.000  2       30.48     0.000  2
  10.21     0.000  1       20.42     0.000  2

note:  (+) soil loss - detachment     (-) soil loss - deposition



III. OFF SITE EFFECTS  OFF SITE EFFECTS  OFF SITE EFFECTS
     ----------------  ----------------  ----------------

     A.  SEDIMENT LEAVING PROFILE for year    3     0.000 kg/m



     B.  SEDIMENT CHARACTERISTICS AND ENRICHMENT

     Sediment particle information leaving profile
-------------------------------------------------------------------------------
                                 Particle Composition         Detached Fraction
Class  Diameter  Specific  ---------------------------------  Sediment  In Flow
         (mm)    Gravity   % Sand   % Silt   % Clay   % O.M.  Fraction  Exiting
-------------------------------------------------------------------------------
  1     0.002      2.60      0.0      0.0    100.0     50.0     0.026    0.000
  2     0.010      2.65      0.0    100.0      0.0      0.0     0.070    0.000
  3     0.030      1.80      0.0     71.4     28.6     14.3     0.180    0.000
  4     0.300      1.60     78.2     15.1      6.6      3.3     0.340    0.000
  5     0.200      2.65    100.0      0.0      0.0      0.0     0.384    0.000
-------------------------------------------------------------------------------


     Weighted SSA enrichment ratio leaving profile for year    3 =   0.00


     HILLSLOPE 1 YEARLY SUMMARY FOR    4
     ----------------------------------


I.   RAINFALL AND RUNOFF SUMMARY
     -------- --- ------ -------

      year:      4

         Rainfall         Storm Runoff        Melt Runoff
      events   amount   events   amount     events  amount
                (mm)              (mm)               (mm)

        90     430.70       6      14.50       0       0.00


II.  ON SITE EFFECTS  ON SITE EFFECTS  ON SITE EFFECTS
     ---------------  ---------------  ---------------


  A.  AREA OF NET SOIL LOSS

      ** Soil Loss (Avg. of Net Detachment Areas) =    0.152 kg/m2 **
      ** Maximum Soil Loss  =    0.258 kg/m2 at   30.48 meters **


      Area of    Soil Loss   Soil Loss   MAX   MAX Loss   MIN   MIN Loss
      Net Loss      MEAN      STDEV      Loss    Point    Loss   Point
        (m)       (kg/m2)     (kg/m2)  (kg/m2)    (m)    (kg/m2)  (m)
------------------------------------------------------------------------
   0.00-  30.48    0.152     0.081      0.258   30.48     0.005     0.30



  C.  SOIL LOSS/DEPOSITION ALONG SLOPE PROFILE

          Profile distances are from top to bottom of hillslope


 distance soil  flow    distance   soil  flow    distance   soil  flow
    (m)   loss  elem       (m)     loss  elem       (m)     loss  elem
         (kg/m2)                  (kg/m2)                  (kg/m2)
------------------------------------------------------------------------

   0.15     0.005  1       10.36     0.104  1       20.57     0.217  2
   0.30     0.005  1       10.52     0.105  1       20.73     0.217  2
   0.46     0.005  1       10.67     0.107  1       20.88     0.218  2
   0.61     0.005  1       10.82     0.108  1       21.03     0.219  2
   0.76     0.006  1       10.97     0.110  1       21.18     0.220  2
   0.91     0.006  1       11.13     0.111  1       21.34     0.221  2
   1.07     0.008  1       11.28     0.112  1       21.49     0.222  2
   1.22     0.011  1       11.43     0.114  1       21.64     0.223  2
   1.37     0.013  1       11.58     0.115  1       21.79     0.224  2
   1.52     0.015  1       11.73     0.117  1       21.95     0.224  2
   1.68     0.017  1       11.89     0.118  1       22.10     0.225  2
   1.83     0.019  1       12.04     0.120  1       22.25     0.226  2
   1.98     0.021  1       12.19     0.121  1       22.40     0.227  2
   2.13     0.023  1       12.34     0.123  1       22.56     0.228  2
   2.29     0.025  1       12.50     0.124  1       22.71     0.229  2
   2.44     0.027  1       12.65     0.126  1       22.86     0.230  2
   2.59     0.029  1       12.80     0.127  1       23.01     0.230  2
   2.74     0.031  1       12.95     0.129  1       23.16     0.231  2
   2.90     0.032  1       13.11     0.130  1       23.32     0.231  2
   3.05     0.034  1       13.26     0.132  1       23.47     0.232  2
   3.20     0.036  1       13.41     0.133  1       23.62     0.232  2
   3.35     0.037  1       13.56     0.135  1       23.77     0.233  2
   3.51     0.039  1       13.72     0.137  1       23.93     0.233  2
   3.66     0.041  1       13.87     0.138  1       24.08     0.234  2
   3.81     0.042  1       14.02     0.140  1       24.23     0.235  2
   3.96     0.044  1       14.17     0.141  1       24.38     0.235  2
   4.11     0.045  1       14.33     0.143  1       24.54     0.236  2
   4.27     0.047  1       14.48     0.144  1       24.69     0.236  2
   4.42     0.048  1       14.63     0.146  1       24.84     0.237  2
   4.57     0.050  1       14.78     0.147  1       24.99     0.237  2
   4.72     0.051  1       14.94     0.148  1       25.15     0.238  2
   4.88     0.053  1       15.09     0.150  1       25.30     0.238  2
   5.03     0.054  1       15.24     0.151  1       25.45     0.239  2
   5.18     0.056  1       15.39     0.187  2       25.60     0.239  2
   5.33     0.057  1       15.54     0.188  2       25.76     0.240  2
   5.49     0.059  1       15.70     0.189  2       25.91     0.240  2
   5.64     0.060  1       15.85     0.190  2       26.06     0.241  2
   5.79     0.062  1       16.00     0.190  2       26.21     0.242  2
   5.94     0.063  1       16.15     0.191  2       26.37     0.242  2
   6.10     0.064  1       16.31     0.192  2       26.52     0.243  2
   6.25     0.066  1       16.46     0.193  2       26.67     0.243  2
   6.40     0.067  1       16.61     0.194  2       26.82     0.244  2
   6.55     0.069  1       16.76     0.195  2       26.97     0.244  2
   6.71     0.070  1       16.92     0.196  2       27.13     0.245  2
   6.86     0.071  1       17.07     0.197  2       27.28     0.246  2
   7.01     0.073  1       17.22     0.197  2       27.43     0.246  2
   7.16     0.074  1       17.37     0.198  2       27.58     0.247  2
   7.32     0.075  1       17.53     0.199  2       27.74     0.247  2
   7.47     0.077  1       17.68     0.200  2       27.89     0.248  2
   7.62     0.078  1       17.83     0.201  2       28.04     0.249  2
   7.77     0.079  1       17.98     0.202  2       28.19     0.249  2
   7.92     0.081  1       18.14     0.203  2       28.35     0.250  2
   8.08     0.082  1       18.29     0.203  2       28.50     0.250  2
   8.23     0.084  1       18.44     0.204  2       28.65     0.251  2
   8.38     0.085  1       18.59     0.205  2       28.80     0.251  2
   8.53     0.087  1       18.75     0.206  2       28.96     0.252  2
   8.69     0.088  1       18.90     0.207  2       29.11     0.253  2
   8.84     0.090  1       19.05     0.208  2       29.26     0.253  2
   8.99     0.091  1       19.20     0.209  2       29.41     0.254  2
   9.14     0.093  1       19.35     0.210  2       29.57     0.254  2
   9.30     0.094  1       19.51     0.210  2       29.72     0.255  2
   9.45     0.095  1       19.66     0.211  2       29.87     0.255  2
   9.60     0.097  1       19.81     0.212  2       30.02     0.256  2
   9.75     0.098  1       19.96     0.213  2       30.18     0.256  2
   9.91     0.100  1       20.12     0.214  2       30.33     0.257  2
  10.06     0.101  1       20.27     0.215  2       30.48     0.258  2
  10.21     0.103  1       20.42     0.216  2

note:  (+) soil loss - detachment     (-) soil loss - deposition



III. OFF SITE EFFECTS  OFF SITE EFFECTS  OFF SITE EFFECTS
     ----------------  ----------------  ----------------

     A.  SEDIMENT LEAVING PROFILE for year    4     4.637 kg/m



     B.  SEDIMENT CHARACTERISTICS AND ENRICHMENT

     Sediment particle information leaving profile
-------------------------------------------------------------------------------
                                 Particle Composition         Detached Fraction
Class  Diameter  Specific  ---------------------------------  Sediment  In Flow
         (mm)    Gravity   % Sand   % Silt   % Clay   % O.M.  Fraction  Exiting
-------------------------------------------------------------------------------
  1     0.002      2.60      0.0      0.0    100.0     50.0     0.026    0.029
  2     0.010      2.65      0.0    100.0      0.0      0.0     0.070    0.078
  3     0.030      1.80      0.0     71.4     28.6     14.3     0.180    0.194
  4     0.300      1.60     78.2     15.1      6.6      3.3     0.340    0.328
  5     0.200      2.65    100.0      0.0      0.0      0.0     0.384    0.370
-------------------------------------------------------------------------------


     Weighted SSA enrichment ratio leaving profile for year    4 =   1.06


     HILLSLOPE 1 YEARLY SUMMARY FOR    5
     ----------------------------------


I.   RAINFALL AND RUNOFF SUMMARY
     -------- --- ------ -------

      year:      5

         Rainfall         Storm Runoff        Melt Runoff
      events   amount   events   amount     events  amount
                (mm)              (mm)               (mm)

        91     359.10       2       3.27       0       0.00


II.  ON SITE EFFECTS  ON SITE EFFECTS  ON SITE EFFECTS
     ---------------  ---------------  ---------------


  A.  AREA OF NET SOIL LOSS

      ** Soil Loss (Avg. of Net Detachment Areas) =    0.038 kg/m2 **
      ** Maximum Soil Loss  =    0.060 kg/m2 at   30.48 meters **


      Area of    Soil Loss   Soil Loss   MAX   MAX Loss   MIN   MIN Loss
      Net Loss      MEAN      STDEV      Loss    Point    Loss   Point
        (m)       (kg/m2)     (kg/m2)  (kg/m2)    (m)    (kg/m2)  (m)
------------------------------------------------------------------------
   0.00-  30.48    0.038     0.019      0.060   30.48     0.002     0.46



  C.  SOIL LOSS/DEPOSITION ALONG SLOPE PROFILE

          Profile distances are from top to bottom of hillslope


 distance soil  flow    distance   soil  flow    distance   soil  flow
    (m)   loss  elem       (m)     loss  elem       (m)     loss  elem
         (kg/m2)                  (kg/m2)                  (kg/m2)
------------------------------------------------------------------------

   0.15     0.002  1       10.36     0.028  1       20.57     0.053  2
   0.30     0.002  1       10.52     0.028  1       20.73     0.053  2
   0.46     0.002  1       10.67     0.029  1       20.88     0.053  2
   0.61     0.002  1       10.82     0.029  1       21.03     0.053  2
   0.76     0.002  1       10.97     0.029  1       21.18     0.053  2
   0.91     0.002  1       11.13     0.030  1       21.34     0.054  2
   1.07     0.003  1       11.28     0.030  1       21.49     0.054  2
   1.22     0.003  1       11.43     0.031  1       21.64     0.054  2
   1.37     0.004  1       11.58     0.031  1       21.79     0.054  2
   1.52     0.004  1       11.73     0.031  1       21.95     0.054  2
   1.68     0.004  1       11.89     0.032  1       22.10     0.055  2
   1.83     0.005  1       12.04     0.032  1       22.25     0.055  2
   1.98     0.005  1       12.19     0.033  1       22.40     0.055  2
   2.13     0.006  1       12.34     0.033  1       22.56     0.055  2
   2.29     0.006  1       12.50     0.033  1       22.71     0.055  2
   2.44     0.007  1       12.65     0.034  1       22.86     0.055  2
   2.59     0.007  1       12.80     0.034  1       23.01     0.056  2
   2.74     0.007  1       12.95     0.035  1       23.16     0.056  2
   2.90     0.008  1       13.11     0.035  1       23.32     0.056  2
   3.05     0.008  1       13.26     0.035  1       23.47     0.056  2
   3.20     0.008  1       13.41     0.036  1       23.62     0.056  2
   3.35     0.009  1       13.56     0.036  1       23.77     0.056  2
   3.51     0.009  1       13.72     0.037  1       23.93     0.056  2
   3.66     0.010  1       13.87     0.037  1       24.08     0.056  2
   3.81     0.010  1       14.02     0.037  1       24.23     0.056  2
   3.96     0.011  1       14.17     0.038  1       24.38     0.056  2
   4.11     0.011  1       14.33     0.038  1       24.54     0.057  2
   4.27     0.012  1       14.48     0.038  1       24.69     0.057  2
   4.42     0.012  1       14.63     0.039  1       24.84     0.057  2
   4.57     0.013  1       14.78     0.039  1       24.99     0.057  2
   4.72     0.013  1       14.94     0.040  1       25.15     0.057  2
   4.88     0.013  1       15.09     0.040  1       25.30     0.057  2
   5.03     0.014  1       15.24     0.040  1       25.45     0.057  2
   5.18     0.014  1       15.39     0.047  2       25.60     0.057  2
   5.33     0.015  1       15.54     0.047  2       25.76     0.057  2
   5.49     0.015  1       15.70     0.047  2       25.91     0.057  2
   5.64     0.016  1       15.85     0.047  2       26.06     0.057  2
   5.79     0.016  1       16.00     0.047  2       26.21     0.058  2
   5.94     0.016  1       16.15     0.047  2       26.37     0.058  2
   6.10     0.017  1       16.31     0.048  2       26.52     0.058  2
   6.25     0.017  1       16.46     0.048  2       26.67     0.058  2
   6.40     0.018  1       16.61     0.048  2       26.82     0.058  2
   6.55     0.018  1       16.76     0.048  2       26.97     0.058  2
   6.71     0.018  1       16.92     0.048  2       27.13     0.058  2
   6.86     0.019  1       17.07     0.049  2       27.28     0.058  2
   7.01     0.019  1       17.22     0.049  2       27.43     0.058  2
   7.16     0.019  1       17.37     0.049  2       27.58     0.058  2
   7.32     0.020  1       17.53     0.049  2       27.74     0.059  2
   7.47     0.020  1       17.68     0.049  2       27.89     0.059  2
   7.62     0.021  1       17.83     0.049  2       28.04     0.059  2
   7.77     0.021  1       17.98     0.050  2       28.19     0.059  2
   7.92     0.021  1       18.14     0.050  2       28.35     0.059  2
   8.08     0.022  1       18.29     0.050  2       28.50     0.059  2
   8.23     0.022  1       18.44     0.050  2       28.65     0.059  2
   8.38     0.023  1       18.59     0.050  2       28.80     0.059  2
   8.53     0.023  1       18.75     0.051  2       28.96     0.059  2
   8.69     0.023  1       18.90     0.051  2       29.11     0.059  2
   8.84     0.024  1       19.05     0.051  2       29.26     0.059  2
   8.99     0.024  1       19.20     0.051  2       29.41     0.060  2
   9.14     0.025  1       19.35     0.051  2       29.57     0.060  2
   9.30     0.025  1       19.51     0.051  2       29.72     0.060  2
   9.45     0.025  1       19.66     0.052  2       29.87     0.060  2
   9.60     0.026  1       19.81     0.052  2       30.02     0.060  2
   9.75     0.026  1       19.96     0.052  2       30.18     0.060  2
   9.91     0.027  1       20.12     0.052  2       30.33     0.060  2
  10.06     0.027  1       20.27     0.052  2       30.48     0.060  2
  10.21     0.027  1       20.42     0.053  2

note:  (+) soil loss - detachment     (-) soil loss - deposition



III. OFF SITE EFFECTS  OFF SITE EFFECTS  OFF SITE EFFECTS
     ----------------  ----------------  ----------------

     A.  SEDIMENT LEAVING PROFILE for year    5     1.145 kg/m



     B.  SEDIMENT CHARACTERISTICS AND ENRICHMENT

     Sediment particle information leaving profile
-------------------------------------------------------------------------------
                                 Particle Composition         Detached Fraction
Class  Diameter  Specific  ---------------------------------  Sediment  In Flow
         (mm)    Gravity   % Sand   % Silt   % Clay   % O.M.  Fraction  Exiting
-------------------------------------------------------------------------------
  1     0.002      2.60      0.0      0.0    100.0     50.0     0.026    0.030
  2     0.010      2.65      0.0    100.0      0.0      0.0     0.070    0.081
  3     0.030      1.80      0.0     71.4     28.6     14.3     0.180    0.197
  4     0.300      1.60     78.2     15.1      6.6      3.3     0.340    0.325
  5     0.200      2.65    100.0      0.0      0.0      0.0     0.384    0.366
-------------------------------------------------------------------------------


     Weighted SSA enrichment ratio leaving profile for year    5 =   1.08


     HILLSLOPE 1 YEARLY SUMMARY FOR    6
     ----------------------------------


I.   RAINFALL AND RUNOFF SUMMARY
     -------- --- ------ -------

      year:      6

         Rainfall         Storm Runoff        Melt Runoff
      events   amount   events   amount     events  amount
                (mm)              (mm)               (mm)

       104     452.10       5       9.52       0       0.00


II.  ON SITE EFFECTS  ON SITE EFFECTS  ON SITE EFFECTS
     ---------------  ---------------  ---------------


  A.  AREA OF NET SOIL LOSS

      ** Soil Loss (Avg. of Net Detachment Areas) =    0.103 kg/m2 **
      ** Maximum Soil Loss  =    0.173 kg/m2 at   30.48 meters **


      Area of    Soil Loss   Soil Loss   MAX   MAX Loss   MIN   MIN Loss
      Net Loss      MEAN      STDEV      Loss    Point    Loss   Point
        (m)       (kg/m2)     (kg/m2)  (kg/m2)    (m)    (kg/m2)  (m)
------------------------------------------------------------------------
   0.00-  30.48    0.103     0.056      0.173   30.48     0.003     0.46



  C.  SOIL LOSS/DEPOSITION ALONG SLOPE PROFILE

          Profile distances are from top to bottom of hillslope


 distance soil  flow    distance   soil  flow    distance   soil  flow
    (m)   loss  elem       (m)     loss  elem       (m)     loss  elem
         (kg/m2)                  (kg/m2)                  (kg/m2)
------------------------------------------------------------------------

   0.15     0.003  1       10.36     0.069  1       20.57     0.148  2
   0.30     0.003  1       10.52     0.070  1       20.73     0.148  2
   0.46     0.003  1       10.67     0.071  1       20.88     0.149  2
   0.61     0.003  1       10.82     0.072  1       21.03     0.149  2
   0.76     0.003  1       10.97     0.073  1       21.18     0.150  2
   0.91     0.003  1       11.13     0.074  1       21.34     0.151  2
   1.07     0.004  1       11.28     0.075  1       21.49     0.151  2
   1.22     0.005  1       11.43     0.076  1       21.64     0.152  2
   1.37     0.006  1       11.58     0.078  1       21.79     0.152  2
   1.52     0.008  1       11.73     0.079  1       21.95     0.153  2
   1.68     0.009  1       11.89     0.080  1       22.10     0.154  2
   1.83     0.011  1       12.04     0.081  1       22.25     0.154  2
   1.98     0.012  1       12.19     0.082  1       22.40     0.155  2
   2.13     0.013  1       12.34     0.083  1       22.56     0.155  2
   2.29     0.015  1       12.50     0.084  1       22.71     0.156  2
   2.44     0.016  1       12.65     0.085  1       22.86     0.156  2
   2.59     0.017  1       12.80     0.086  1       23.01     0.157  2
   2.74     0.019  1       12.95     0.087  1       23.16     0.157  2
   2.90     0.020  1       13.11     0.088  1       23.32     0.158  2
   3.05     0.021  1       13.26     0.089  1       23.47     0.158  2
   3.20     0.022  1       13.41     0.091  1       23.62     0.158  2
   3.35     0.024  1       13.56     0.092  1       23.77     0.159  2
   3.51     0.025  1       13.72     0.093  1       23.93     0.159  2
   3.66     0.026  1       13.87     0.094  1       24.08     0.159  2
   3.81     0.027  1       14.02     0.095  1       24.23     0.160  2
   3.96     0.028  1       14.17     0.096  1       24.38     0.160  2
   4.11     0.029  1       14.33     0.097  1       24.54     0.160  2
   4.27     0.030  1       14.48     0.098  1       24.69     0.161  2
   4.42     0.031  1       14.63     0.099  1       24.84     0.161  2
   4.57     0.032  1       14.78     0.100  1       24.99     0.161  2
   4.72     0.033  1       14.94     0.101  1       25.15     0.161  2
   4.88     0.034  1       15.09     0.102  1       25.30     0.162  2
   5.03     0.035  1       15.24     0.103  1       25.45     0.162  2
   5.18     0.036  1       15.39     0.128  2       25.60     0.162  2
   5.33     0.037  1       15.54     0.128  2       25.76     0.163  2
   5.49     0.038  1       15.70     0.129  2       25.91     0.163  2
   5.64     0.039  1       15.85     0.130  2       26.06     0.163  2
   5.79     0.040  1       16.00     0.130  2       26.21     0.164  2
   5.94     0.041  1       16.15     0.131  2       26.37     0.164  2
   6.10     0.042  1       16.31     0.131  2       26.52     0.164  2
   6.25     0.043  1       16.46     0.132  2       26.67     0.165  2
   6.40     0.044  1       16.61     0.132  2       26.82     0.165  2
   6.55     0.045  1       16.76     0.133  2       26.97     0.165  2
   6.71     0.046  1       16.92     0.134  2       27.13     0.166  2
   6.86     0.047  1       17.07     0.134  2       27.28     0.166  2
   7.01     0.048  1       17.22     0.135  2       27.43     0.166  2
   7.16     0.049  1       17.37     0.135  2       27.58     0.167  2
   7.32     0.050  1       17.53     0.136  2       27.74     0.167  2
   7.47     0.051  1       17.68     0.137  2       27.89     0.167  2
   7.62     0.052  1       17.83     0.137  2       28.04     0.167  2
   7.77     0.052  1       17.98     0.138  2       28.19     0.168  2
   7.92     0.053  1       18.14     0.138  2       28.35     0.168  2
   8.08     0.054  1       18.29     0.139  2       28.50     0.168  2
   8.23     0.055  1       18.44     0.139  2       28.65     0.169  2
   8.38     0.056  1       18.59     0.140  2       28.80     0.169  2
   8.53     0.057  1       18.75     0.141  2       28.96     0.169  2
   8.69     0.058  1       18.90     0.141  2       29.11     0.170  2
   8.84     0.059  1       19.05     0.142  2       29.26     0.170  2
   8.99     0.060  1       19.20     0.142  2       29.41     0.170  2
   9.14     0.061  1       19.35     0.143  2       29.57     0.171  2
   9.30     0.062  1       19.51     0.144  2       29.72     0.171  2
   9.45     0.063  1       19.66     0.144  2       29.87     0.171  2
   9.60     0.064  1       19.81     0.145  2       30.02     0.172  2
   9.75     0.065  1       19.96     0.145  2       30.18     0.172  2
   9.91     0.066  1       20.12     0.146  2       30.33     0.172  2
  10.06     0.067  1       20.27     0.146  2       30.48     0.173  2
  10.21     0.068  1       20.42     0.147  2

note:  (+) soil loss - detachment     (-) soil loss - deposition



III. OFF SITE EFFECTS  OFF SITE EFFECTS  OFF SITE EFFECTS
     ----------------  ----------------  ----------------

     A.  SEDIMENT LEAVING PROFILE for year    6     3.129 kg/m



     B.  SEDIMENT CHARACTERISTICS AND ENRICHMENT

     Sediment particle information leaving profile
-------------------------------------------------------------------------------
                                 Particle Composition         Detached Fraction
Class  Diameter  Specific  ---------------------------------  Sediment  In Flow
         (mm)    Gravity   % Sand   % Silt   % Clay   % O.M.  Fraction  Exiting
-------------------------------------------------------------------------------
  1     0.002      2.60      0.0      0.0    100.0     50.0     0.026    0.029
  2     0.010      2.65      0.0    100.0      0.0      0.0     0.070    0.077
  3     0.030      1.80      0.0     71.4     28.6     14.3     0.180    0.191
  4     0.300      1.60     78.2     15.1      6.6      3.3     0.340    0.330
  5     0.200      2.65    100.0      0.0      0.0      0.0     0.384    0.372
-------------------------------------------------------------------------------


     Weighted SSA enrichment ratio leaving profile for year    6 =   1.05


     HILLSLOPE 1 YEARLY SUMMARY FOR    7
     ----------------------------------


I.   RAINFALL AND RUNOFF SUMMARY
     -------- --- ------ -------

      year:      7

         Rainfall         Storm Runoff        Melt Runoff
      events   amount   events   amount     events  amount
                (mm)              (mm)               (mm)

        78     267.60       1       0.26       0       0.00


II.  ON SITE EFFECTS  ON SITE EFFECTS  ON SITE EFFECTS
     ---------------  ---------------  ---------------


  A.  AREA OF NET SOIL LOSS

      ** Soil Loss (Avg. of Net Detachment Areas) =    0.005 kg/m2 **
      ** Maximum Soil Loss  =    0.008 kg/m2 at   15.24 meters **


      Area of    Soil Loss   Soil Loss   MAX   MAX Loss   MIN   MIN Loss
      Net Loss      MEAN      STDEV      Loss    Point    Loss   Point
        (m)       (kg/m2)     (kg/m2)  (kg/m2)    (m)    (kg/m2)  (m)
------------------------------------------------------------------------
   0.00-  30.48    0.005     0.003      0.008   15.24     0.000     1.83



  C.  SOIL LOSS/DEPOSITION ALONG SLOPE PROFILE

          Profile distances are from top to bottom of hillslope


 distance soil  flow    distance   soil  flow    distance   soil  flow
    (m)   loss  elem       (m)     loss  elem       (m)     loss  elem
         (kg/m2)                  (kg/m2)                  (kg/m2)
------------------------------------------------------------------------

   0.15     0.000  1       10.36     0.005  1       20.57     0.007  2
   0.30     0.000  1       10.52     0.005  1       20.73     0.007  2
   0.46     0.000  1       10.67     0.005  1       20.88     0.007  2
   0.61     0.000  1       10.82     0.005  1       21.03     0.007  2
   0.76     0.000  1       10.97     0.005  1       21.18     0.007  2
   0.91     0.000  1       11.13     0.005  1       21.34     0.007  2
   1.07     0.000  1       11.28     0.005  1       21.49     0.007  2
   1.22     0.000  1       11.43     0.005  1       21.64     0.007  2
   1.37     0.000  1       11.58     0.005  1       21.79     0.007  2
   1.52     0.000  1       11.73     0.005  1       21.95     0.007  2
   1.68     0.000  1       11.89     0.006  1       22.10     0.007  2
   1.83     0.000  1       12.04     0.006  1       22.25     0.007  2
   1.98     0.000  1       12.19     0.006  1       22.40     0.007  2
   2.13     0.000  1       12.34     0.006  1       22.56     0.007  2
   2.29     0.000  1       12.50     0.006  1       22.71     0.007  2
   2.44     0.000  1       12.65     0.006  1       22.86     0.007  2
   2.59     0.000  1       12.80     0.006  1       23.01     0.007  2
   2.74     0.000  1       12.95     0.006  1       23.16     0.007  2
   2.90     0.000  1       13.11     0.006  1       23.32     0.007  2
   3.05     0.000  1       13.26     0.006  1       23.47     0.007  2
   3.20     0.000  1       13.41     0.007  1       23.62     0.007  2
   3.35     0.000  1       13.56     0.007  1       23.77     0.007  2
   3.51     0.000  1       13.72     0.007  1       23.93     0.007  2
   3.66     0.000  1       13.87     0.007  1       24.08     0.007  2
   3.81     0.000  1       14.02     0.007  1       24.23     0.007  2
   3.96     0.000  1       14.17     0.007  1       24.38     0.007  2
   4.11     0.001  1       14.33     0.007  1       24.54     0.007  2
   4.27     0.001  1       14.48     0.007  1       24.69     0.007  2
   4.42     0.001  1       14.63     0.007  1       24.84     0.007  2
   4.57     0.001  1       14.78     0.007  1       24.99     0.007  2
   4.72     0.001  1       14.94     0.007  1       25.15     0.007  2
   4.88     0.001  1       15.09     0.008  1       25.30     0.007  2
   5.03     0.001  1       15.24     0.008  1       25.45     0.007  2
   5.18     0.001  1       15.39     0.007  2       25.60     0.007  2
   5.33     0.001  1       15.54     0.007  2       25.76     0.007  2
   5.49     0.002  1       15.70     0.007  2       25.91     0.007  2
   5.64     0.002  1       15.85     0.007  2       26.06     0.007  2
   5.79     0.002  1       16.00     0.007  2       26.21     0.007  2
   5.94     0.002  1       16.15     0.007  2       26.37     0.007  2
   6.10     0.002  1       16.31     0.007  2       26.52     0.007  2
   6.25     0.002  1       16.46     0.007  2       26.67     0.007  2
   6.40     0.002  1       16.61     0.007  2       26.82     0.007  2
   6.55     0.002  1       16.76     0.007  2       26.97     0.007  2
   6.71     0.002  1       16.92     0.007  2       27.13     0.007  2
   6.86     0.002  1       17.07     0.007  2       27.28     0.007  2
   7.01     0.002  1       17.22     0.007  2       27.43     0.007  2
   7.16     0.003  1       17.37     0.007  2       27.58     0.007  2
   7.32     0.003  1       17.53     0.007  2       27.74     0.007  2
   7.47     0.003  1       17.68     0.007  2       27.89     0.007  2
   7.62     0.003  1       17.83     0.007  2       28.04     0.007  2
   7.77     0.003  1       17.98     0.007  2       28.19     0.007  2
   7.92     0.003  1       18.14     0.007  2       28.35     0.007  2
   8.08     0.003  1       18.29     0.007  2       28.50     0.007  2
   8.23     0.003  1       18.44     0.007  2       28.65     0.007  2
   8.38     0.003  1       18.59     0.007  2       28.80     0.007  2
   8.53     0.003  1       18.75     0.007  2       28.96     0.007  2
   8.69     0.004  1       18.90     0.007  2       29.11     0.007  2
   8.84     0.004  1       19.05     0.007  2       29.26     0.007  2
   8.99     0.004  1       19.20     0.007  2       29.41     0.007  2
   9.14     0.004  1       19.35     0.007  2       29.57     0.007  2
   9.30     0.004  1       19.51     0.007  2       29.72     0.007  2
   9.45     0.004  1       19.66     0.007  2       29.87     0.007  2
   9.60     0.004  1       19.81     0.007  2       30.02     0.007  2
   9.75     0.004  1       19.96     0.007  2       30.18     0.007  2
   9.91     0.004  1       20.12     0.007  2       30.33     0.007  2
  10.06     0.004  1       20.27     0.007  2       30.48     0.007  2
  10.21     0.005  1       20.42     0.007  2

note:  (+) soil loss - detachment     (-) soil loss - deposition



III. OFF SITE EFFECTS  OFF SITE EFFECTS  OFF SITE EFFECTS
     ----------------  ----------------  ----------------

     A.  SEDIMENT LEAVING PROFILE for year    7     0.156 kg/m



     B.  SEDIMENT CHARACTERISTICS AND ENRICHMENT

     Sediment particle information leaving profile
-------------------------------------------------------------------------------
                                 Particle Composition         Detached Fraction
Class  Diameter  Specific  ---------------------------------  Sediment  In Flow
         (mm)    Gravity   % Sand   % Silt   % Clay   % O.M.  Fraction  Exiting
-------------------------------------------------------------------------------
  1     0.002      2.60      0.0      0.0    100.0     50.0     0.026    0.028
  2     0.010      2.65      0.0    100.0      0.0      0.0     0.070    0.075
  3     0.030      1.80      0.0     71.4     28.6     14.3     0.180    0.189
  4     0.300      1.60     78.2     15.1      6.6      3.3     0.340    0.333
  5     0.200      2.65    100.0      0.0      0.0      0.0     0.384    0.376
-------------------------------------------------------------------------------


     Weighted SSA enrichment ratio leaving profile for year    7 =   1.04


     HILLSLOPE 1 YEARLY SUMMARY FOR    8
     ----------------------------------


I.   RAINFALL AND RUNOFF SUMMARY
     -------- --- ------ -------

      year:      8

         Rainfall         Storm Runoff        Melt Runoff
      events   amount   events   amount     events  amount
                (mm)              (mm)               (mm)

       109     466.40       2      13.05       0       0.00


II.  ON SITE EFFECTS  ON SITE EFFECTS  ON SITE EFFECTS
     ---------------  ---------------  ---------------


  A.  AREA OF NET SOIL LOSS

      ** Soil Loss (Avg. of Net Detachment Areas) =    0.134 kg/m2 **
      ** Maximum Soil Loss  =    0.227 kg/m2 at   30.48 meters **


      Area of    Soil Loss   Soil Loss   MAX   MAX Loss   MIN   MIN Loss
      Net Loss      MEAN      STDEV      Loss    Point    Loss   Point
        (m)       (kg/m2)     (kg/m2)  (kg/m2)    (m)    (kg/m2)  (m)
------------------------------------------------------------------------
   0.00-  30.48    0.134     0.071      0.227   30.48     0.004     0.15



  C.  SOIL LOSS/DEPOSITION ALONG SLOPE PROFILE

          Profile distances are from top to bottom of hillslope


 distance soil  flow    distance   soil  flow    distance   soil  flow
    (m)   loss  elem       (m)     loss  elem       (m)     loss  elem
         (kg/m2)                  (kg/m2)                  (kg/m2)
------------------------------------------------------------------------

   0.15     0.004  1       10.36     0.093  1       20.57     0.189  2
   0.30     0.004  1       10.52     0.094  1       20.73     0.190  2
   0.46     0.004  1       10.67     0.095  1       20.88     0.191  2
   0.61     0.004  1       10.82     0.096  1       21.03     0.192  2
   0.76     0.004  1       10.97     0.098  1       21.18     0.193  2
   0.91     0.005  1       11.13     0.099  1       21.34     0.193  2
   1.07     0.007  1       11.28     0.100  1       21.49     0.194  2
   1.22     0.010  1       11.43     0.101  1       21.64     0.195  2
   1.37     0.012  1       11.58     0.103  1       21.79     0.196  2
   1.52     0.014  1       11.73     0.104  1       21.95     0.197  2
   1.68     0.016  1       11.89     0.105  1       22.10     0.197  2
   1.83     0.018  1       12.04     0.106  1       22.25     0.198  2
   1.98     0.019  1       12.19     0.107  1       22.40     0.199  2
   2.13     0.021  1       12.34     0.109  1       22.56     0.200  2
   2.29     0.023  1       12.50     0.110  1       22.71     0.201  2
   2.44     0.025  1       12.65     0.111  1       22.86     0.201  2
   2.59     0.026  1       12.80     0.112  1       23.01     0.202  2
   2.74     0.028  1       12.95     0.113  1       23.16     0.203  2
   2.90     0.030  1       13.11     0.115  1       23.32     0.203  2
   3.05     0.031  1       13.26     0.116  1       23.47     0.204  2
   3.20     0.033  1       13.41     0.117  1       23.62     0.204  2
   3.35     0.034  1       13.56     0.118  1       23.77     0.205  2
   3.51     0.036  1       13.72     0.119  1       23.93     0.205  2
   3.66     0.037  1       13.87     0.121  1       24.08     0.206  2
   3.81     0.039  1       14.02     0.122  1       24.23     0.206  2
   3.96     0.040  1       14.17     0.123  1       24.38     0.207  2
   4.11     0.042  1       14.33     0.124  1       24.54     0.207  2
   4.27     0.043  1       14.48     0.125  1       24.69     0.208  2
   4.42     0.044  1       14.63     0.127  1       24.84     0.208  2
   4.57     0.046  1       14.78     0.128  1       24.99     0.209  2
   4.72     0.047  1       14.94     0.129  1       25.15     0.209  2
   4.88     0.048  1       15.09     0.130  1       25.30     0.210  2
   5.03     0.050  1       15.24     0.131  1       25.45     0.210  2
   5.18     0.051  1       15.39     0.162  2       25.60     0.211  2
   5.33     0.052  1       15.54     0.163  2       25.76     0.211  2
   5.49     0.054  1       15.70     0.164  2       25.91     0.212  2
   5.64     0.055  1       15.85     0.165  2       26.06     0.212  2
   5.79     0.056  1       16.00     0.165  2       26.21     0.213  2
   5.94     0.057  1       16.15     0.166  2       26.37     0.213  2
   6.10     0.059  1       16.31     0.167  2       26.52     0.214  2
   6.25     0.060  1       16.46     0.168  2       26.67     0.214  2
   6.40     0.061  1       16.61     0.169  2       26.82     0.215  2
   6.55     0.062  1       16.76     0.169  2       26.97     0.215  2
   6.71     0.063  1       16.92     0.170  2       27.13     0.216  2
   6.86     0.065  1       17.07     0.171  2       27.28     0.216  2
   7.01     0.066  1       17.22     0.172  2       27.43     0.217  2
   7.16     0.067  1       17.37     0.172  2       27.58     0.217  2
   7.32     0.068  1       17.53     0.173  2       27.74     0.218  2
   7.47     0.069  1       17.68     0.174  2       27.89     0.218  2
   7.62     0.070  1       17.83     0.175  2       28.04     0.219  2
   7.77     0.072  1       17.98     0.176  2       28.19     0.219  2
   7.92     0.073  1       18.14     0.176  2       28.35     0.220  2
   8.08     0.074  1       18.29     0.177  2       28.50     0.220  2
   8.23     0.075  1       18.44     0.178  2       28.65     0.221  2
   8.38     0.077  1       18.59     0.179  2       28.80     0.221  2
   8.53     0.078  1       18.75     0.180  2       28.96     0.222  2
   8.69     0.079  1       18.90     0.180  2       29.11     0.222  2
   8.84     0.080  1       19.05     0.181  2       29.26     0.223  2
   8.99     0.082  1       19.20     0.182  2       29.41     0.223  2
   9.14     0.083  1       19.35     0.183  2       29.57     0.224  2
   9.30     0.084  1       19.51     0.184  2       29.72     0.224  2
   9.45     0.085  1       19.66     0.184  2       29.87     0.225  2
   9.60     0.087  1       19.81     0.185  2       30.02     0.225  2
   9.75     0.088  1       19.96     0.186  2       30.18     0.226  2
   9.91     0.089  1       20.12     0.187  2       30.33     0.226  2
  10.06     0.090  1       20.27     0.188  2       30.48     0.227  2
  10.21     0.092  1       20.42     0.189  2

note:  (+) soil loss - detachment     (-) soil loss - deposition



III. OFF SITE EFFECTS  OFF SITE EFFECTS  OFF SITE EFFECTS
     ----------------  ----------------  ----------------

     A.  SEDIMENT LEAVING PROFILE for year    8     4.082 kg/m



     B.  SEDIMENT CHARACTERISTICS AND ENRICHMENT

     Sediment particle information leaving profile
-------------------------------------------------------------------------------
                                 Particle Composition         Detached Fraction
Class  Diameter  Specific  ---------------------------------  Sediment  In Flow
         (mm)    Gravity   % Sand   % Silt   % Clay   % O.M.  Fraction  Exiting
-------------------------------------------------------------------------------
  1     0.002      2.60      0.0      0.0    100.0     50.0     0.026    0.029
  2     0.010      2.65      0.0    100.0      0.0      0.0     0.070    0.078
  3     0.030      1.80      0.0     71.4     28.6     14.3     0.180    0.192
  4     0.300      1.60     78.2     15.1      6.6      3.3     0.340    0.329
  5     0.200      2.65    100.0      0.0      0.0      0.0     0.384    0.371
-------------------------------------------------------------------------------


     Weighted SSA enrichment ratio leaving profile for year    8 =   1.06


     HILLSLOPE 1 YEARLY SUMMARY FOR    9
     ----------------------------------


I.   RAINFALL AND RUNOFF SUMMARY
     -------- --- ------ -------

      year:      9

         Rainfall         Storm Runoff        Melt Runoff
      events   amount   events   amount     events  amount
                (mm)              (mm)               (mm)

       108     349.70       2       0.48       0       0.00


II.  ON SITE EFFECTS  ON SITE EFFECTS  ON SITE EFFECTS
     ---------------  ---------------  ---------------


  A.  AREA OF NET SOIL LOSS

      ** Soil Loss (Avg. of Net Detachment Areas) =    0.010 kg/m2 **
      ** Maximum Soil Loss  =    0.016 kg/m2 at   15.24 meters **


      Area of    Soil Loss   Soil Loss   MAX   MAX Loss   MIN   MIN Loss
      Net Loss      MEAN      STDEV      Loss    Point    Loss   Point
        (m)       (kg/m2)     (kg/m2)  (kg/m2)    (m)    (kg/m2)  (m)
------------------------------------------------------------------------
   0.00-  30.48    0.010     0.005      0.016   15.24     0.001     0.91



  C.  SOIL LOSS/DEPOSITION ALONG SLOPE PROFILE

          Profile distances are from top to bottom of hillslope


 distance soil  flow    distance   soil  flow    distance   soil  flow
    (m)   loss  elem       (m)     loss  elem       (m)     loss  elem
         (kg/m2)                  (kg/m2)                  (kg/m2)
------------------------------------------------------------------------

   0.15     0.001  1       10.36     0.009  1       20.57     0.014  2
   0.30     0.001  1       10.52     0.009  1       20.73     0.014  2
   0.46     0.001  1       10.67     0.010  1       20.88     0.014  2
   0.61     0.001  1       10.82     0.010  1       21.03     0.014  2
   0.76     0.001  1       10.97     0.010  1       21.18     0.014  2
   0.91     0.001  1       11.13     0.010  1       21.34     0.014  2
   1.07     0.001  1       11.28     0.010  1       21.49     0.014  2
   1.22     0.001  1       11.43     0.011  1       21.64     0.014  2
   1.37     0.001  1       11.58     0.011  1       21.79     0.014  2
   1.52     0.001  1       11.73     0.011  1       21.95     0.014  2
   1.68     0.001  1       11.89     0.011  1       22.10     0.014  2
   1.83     0.001  1       12.04     0.012  1       22.25     0.014  2
   1.98     0.001  1       12.19     0.012  1       22.40     0.014  2
   2.13     0.001  1       12.34     0.012  1       22.56     0.014  2
   2.29     0.001  1       12.50     0.012  1       22.71     0.014  2
   2.44     0.001  1       12.65     0.012  1       22.86     0.014  2
   2.59     0.001  1       12.80     0.013  1       23.01     0.014  2
   2.74     0.001  1       12.95     0.013  1       23.16     0.014  2
   2.90     0.001  1       13.11     0.013  1       23.32     0.013  2
   3.05     0.002  1       13.26     0.013  1       23.47     0.013  2
   3.20     0.002  1       13.41     0.014  1       23.62     0.013  2
   3.35     0.002  1       13.56     0.014  1       23.77     0.013  2
   3.51     0.002  1       13.72     0.014  1       23.93     0.013  2
   3.66     0.002  1       13.87     0.014  1       24.08     0.013  2
   3.81     0.002  1       14.02     0.014  1       24.23     0.013  2
   3.96     0.002  1       14.17     0.015  1       24.38     0.013  2
   4.11     0.003  1       14.33     0.015  1       24.54     0.013  2
   4.27     0.003  1       14.48     0.015  1       24.69     0.013  2
   4.42     0.003  1       14.63     0.015  1       24.84     0.013  2
   4.57     0.003  1       14.78     0.015  1       24.99     0.013  2
   4.72     0.003  1       14.94     0.016  1       25.15     0.013  2
   4.88     0.003  1       15.09     0.016  1       25.30     0.013  2
   5.03     0.003  1       15.24     0.016  1       25.45     0.013  2
   5.18     0.004  1       15.39     0.015  2       25.60     0.012  2
   5.33     0.004  1       15.54     0.015  2       25.76     0.012  2
   5.49     0.004  1       15.70     0.015  2       25.91     0.012  2
   5.64     0.004  1       15.85     0.015  2       26.06     0.012  2
   5.79     0.004  1       16.00     0.015  2       26.21     0.012  2
   5.94     0.004  1       16.15     0.015  2       26.37     0.012  2
   6.10     0.004  1       16.31     0.015  2       26.52     0.012  2
   6.25     0.004  1       16.46     0.015  2       26.67     0.012  2
   6.40     0.005  1       16.61     0.015  2       26.82     0.012  2
   6.55     0.005  1       16.76     0.015  2       26.97     0.012  2
   6.71     0.005  1       16.92     0.015  2       27.13     0.012  2
   6.86     0.005  1       17.07     0.015  2       27.28     0.012  2
   7.01     0.005  1       17.22     0.015  2       27.43     0.012  2
   7.16     0.005  1       17.37     0.015  2       27.58     0.012  2
   7.32     0.005  1       17.53     0.015  2       27.74     0.012  2
   7.47     0.005  1       17.68     0.015  2       27.89     0.011  2
   7.62     0.005  1       17.83     0.015  2       28.04     0.011  2
   7.77     0.006  1       17.98     0.015  2       28.19     0.011  2
   7.92     0.006  1       18.14     0.015  2       28.35     0.011  2
   8.08     0.006  1       18.29     0.015  2       28.50     0.011  2
   8.23     0.006  1       18.44     0.015  2       28.65     0.011  2
   8.38     0.006  1       18.59     0.014  2       28.80     0.011  2
   8.53     0.006  1       18.75     0.014  2       28.96     0.011  2
   8.69     0.007  1       18.90     0.014  2       29.11     0.011  2
   8.84     0.007  1       19.05     0.014  2       29.26     0.011  2
   8.99     0.007  1       19.20     0.014  2       29.41     0.011  2
   9.14     0.007  1       19.35     0.014  2       29.57     0.011  2
   9.30     0.008  1       19.51     0.014  2       29.72     0.011  2
   9.45     0.008  1       19.66     0.014  2       29.87     0.011  2
   9.60     0.008  1       19.81     0.014  2       30.02     0.010  2
   9.75     0.008  1       19.96     0.014  2       30.18     0.010  2
   9.91     0.008  1       20.12     0.014  2       30.33     0.010  2
  10.06     0.009  1       20.27     0.014  2       30.48     0.010  2
  10.21     0.009  1       20.42     0.014  2

note:  (+) soil loss - detachment     (-) soil loss - deposition



III. OFF SITE EFFECTS  OFF SITE EFFECTS  OFF SITE EFFECTS
     ----------------  ----------------  ----------------

     A.  SEDIMENT LEAVING PROFILE for year    9     0.302 kg/m



     B.  SEDIMENT CHARACTERISTICS AND ENRICHMENT

     Sediment particle information leaving profile
-------------------------------------------------------------------------------
                                 Particle Composition         Detached Fraction
Class  Diameter  Specific  ---------------------------------  Sediment  In Flow
         (mm)    Gravity   % Sand   % Silt   % Clay   % O.M.  Fraction  Exiting
-------------------------------------------------------------------------------
  1     0.002      2.60      0.0      0.0    100.0     50.0     0.026    0.030
  2     0.010      2.65      0.0    100.0      0.0      0.0     0.070    0.079
  3     0.030      1.80      0.0     71.4     28.6     14.3     0.180    0.195
  4     0.300      1.60     78.2     15.1      6.6      3.3     0.340    0.327
  5     0.200      2.65    100.0      0.0      0.0      0.0     0.384    0.369
-------------------------------------------------------------------------------


     Weighted SSA enrichment ratio leaving profile for year    9 =   1.07


     HILLSLOPE 1 YEARLY SUMMARY FOR   10
     ----------------------------------


I.   RAINFALL AND RUNOFF SUMMARY
     -------- --- ------ -------

      year:     10

         Rainfall         Storm Runoff        Melt Runoff
      events   amount   events   amount     events  amount
                (mm)              (mm)               (mm)

        79     283.30       0       0.00       0       0.00


II.  ON SITE EFFECTS  ON SITE EFFECTS  ON SITE EFFECTS
     ---------------  ---------------  ---------------




  C.  SOIL LOSS/DEPOSITION ALONG SLOPE PROFILE

          Profile distances are from top to bottom of hillslope


 distance soil  flow    distance   soil  flow    distance   soil  flow
    (m)   loss  elem       (m)     loss  elem       (m)     loss  elem
         (kg/m2)                  (kg/m2)                  (kg/m2)
------------------------------------------------------------------------

   0.15     0.000  1       10.36     0.000  1       20.57     0.000  2
   0.30     0.000  1       10.52     0.000  1       20.73     0.000  2
   0.46     0.000  1       10.67     0.000  1       20.88     0.000  2
   0.61     0.000  1       10.82     0.000  1       21.03     0.000  2
   0.76     0.000  1       10.97     0.000  1       21.18     0.000  2
   0.91     0.000  1       11.13     0.000  1       21.34     0.000  2
   1.07     0.000  1       11.28     0.000  1       21.49     0.000  2
   1.22     0.000  1       11.43     0.000  1       21.64     0.000  2
   1.37     0.000  1       11.58     0.000  1       21.79     0.000  2
   1.52     0.000  1       11.73     0.000  1       21.95     0.000  2
   1.68     0.000  1       11.89     0.000  1       22.10     0.000  2
   1.83     0.000  1       12.04     0.000  1       22.25     0.000  2
   1.98     0.000  1       12.19     0.000  1       22.40     0.000  2
   2.13     0.000  1       12.34     0.000  1       22.56     0.000  2
   2.29     0.000  1       12.50     0.000  1       22.71     0.000  2
   2.44     0.000  1       12.65     0.000  1       22.86     0.000  2
   2.59     0.000  1       12.80     0.000  1       23.01     0.000  2
   2.74     0.000  1       12.95     0.000  1       23.16     0.000  2
   2.90     0.000  1       13.11     0.000  1       23.32     0.000  2
   3.05     0.000  1       13.26     0.000  1       23.47     0.000  2
   3.20     0.000  1       13.41     0.000  1       23.62     0.000  2
   3.35     0.000  1       13.56     0.000  1       23.77     0.000  2
   3.51     0.000  1       13.72     0.000  1       23.93     0.000  2
   3.66     0.000  1       13.87     0.000  1       24.08     0.000  2
   3.81     0.000  1       14.02     0.000  1       24.23     0.000  2
   3.96     0.000  1       14.17     0.000  1       24.38     0.000  2
   4.11     0.000  1       14.33     0.000  1       24.54     0.000  2
   4.27     0.000  1       14.48     0.000  1       24.69     0.000  2
   4.42     0.000  1       14.63     0.000  1       24.84     0.000  2
   4.57     0.000  1       14.78     0.000  1       24.99     0.000  2
   4.72     0.000  1       14.94     0.000  1       25.15     0.000  2
   4.88     0.000  1       15.09     0.000  1       25.30     0.000  2
   5.03     0.000  1       15.24     0.000  1       25.45     0.000  2
   5.18     0.000  1       15.39     0.000  2       25.60     0.000  2
   5.33     0.000  1       15.54     0.000  2       25.76     0.000  2
   5.49     0.000  1       15.70     0.000  2       25.91     0.000  2
   5.64     0.000  1       15.85     0.000  2       26.06     0.000  2
   5.79     0.000  1       16.00     0.000  2       26.21     0.000  2
   5.94     0.000  1       16.15     0.000  2       26.37     0.000  2
   6.10     0.000  1       16.31     0.000  2       26.52     0.000  2
   6.25     0.000  1       16.46     0.000  2       26.67     0.000  2
   6.40     0.000  1       16.61     0.000  2       26.82     0.000  2
   6.55     0.000  1       16.76     0.000  2       26.97     0.000  2
   6.71     0.000  1       16.92     0.000  2       27.13     0.000  2
   6.86     0.000  1       17.07     0.000  2       27.28     0.000  2
   7.01     0.000  1       17.22     0.000  2       27.43     0.000  2
   7.16     0.000  1       17.37     0.000  2       27.58     0.000  2
   7.32     0.000  1       17.53     0.000  2       27.74     0.000  2
   7.47     0.000  1       17.68     0.000  2       27.89     0.000  2
   7.62     0.000  1       17.83     0.000  2       28.04     0.000  2
   7.77     0.000  1       17.98     0.000  2       28.19     0.000  2
   7.92     0.000  1       18.14     0.000  2       28.35     0.000  2
   8.08     0.000  1       18.29     0.000  2       28.50     0.000  2
   8.23     0.000  1       18.44     0.000  2       28.65     0.000  2
   8.38     0.000  1       18.59     0.000  2       28.80     0.000  2
   8.53     0.000  1       18.75     0.000  2       28.96     0.000  2
   8.69     0.000  1       18.90     0.000  2       29.11     0.000  2
   8.84     0.000  1       19.05     0.000  2       29.26     0.000  2
   8.99     0.000  1       19.20     0.000  2       29.41     0.000  2
   9.14     0.000  1       19.35     0.000  2       29.57     0.000  2
   9.30     0.000  1       19.51     0.000  2       29.72     0.000  2
   9.45     0.000  1       19.66     0.000  2       29.87     0.000  2
   9.60     0.000  1       19.81     0.000  2       30.02     0.000  2
   9.75     0.000  1       19.96     0.000  2       30.18     0.000  2
   9.91     0.000  1       20.12     0.000  2       30.33     0.000  2
  10.06     0.000  1       20.27     0.000  2       30.48     0.000  2
  10.21     0.000  1       20.42     0.000  2

note:  (+) soil loss - detachment     (-) soil loss - deposition



III. OFF SITE EFFECTS  OFF SITE EFFECTS  OFF SITE EFFECTS
     ----------------  ----------------  ----------------

     A.  SEDIMENT LEAVING PROFILE for year   10     0.000 kg/m



     B.  SEDIMENT CHARACTERISTICS AND ENRICHMENT

     Sediment particle information leaving profile
-------------------------------------------------------------------------------
                                 Particle Composition         Detached Fraction
Class  Diameter  Specific  ---------------------------------  Sediment  In Flow
         (mm)    Gravity   % Sand   % Silt   % Clay   % O.M.  Fraction  Exiting
-------------------------------------------------------------------------------
  1     0.002      2.60      0.0      0.0    100.0     50.0     0.026    0.000
  2     0.010      2.65      0.0    100.0      0.0      0.0     0.070    0.000
  3     0.030      1.80      0.0     71.4     28.6     14.3     0.180    0.000
  4     0.300      1.60     78.2     15.1      6.6      3.3     0.340    0.000
  5     0.200      2.65    100.0      0.0      0.0      0.0     0.384    0.000
-------------------------------------------------------------------------------


     Weighted SSA enrichment ratio leaving profile for year   10 =   0.00


     ANNUAL AVERAGE SUMMARIES
     ------------------------


I.   RAINFALL AND RUNOFF SUMMARY
     -------- --- ------ -------

      total summary:  years    1 -   10

       905 storms produced                         3473.00 mm of precipitation
        21 rain storm runoff events produced         45.50 mm of runoff
         0 snow melts and/or
             events during winter produced            0.00 mm of runoff

      annual averages
      ---------------

        Number of years                                   10
        Mean annual precipitation                     347.30    mm
        Mean annual runoff from rainfall                4.55    mm
        Mean annual runoff from snow melt
          and/or rain storm during winter               0.00    mm



II.  ON SITE EFFECTS  ON SITE EFFECTS  ON SITE EFFECTS
     ---------------  ---------------  ---------------


  A.  AREA OF NET SOIL LOSS

      ** Soil Loss (Avg. of Net Detachment Areas) =    0.049 kg/m2 **
      ** Maximum Soil Loss  =    0.082 kg/m2 at   30.48 meters **


      Area of    Soil Loss   Soil Loss   MAX   MAX Loss   MIN   MIN Loss
      Net Loss      MEAN      STDEV      Loss    Point    Loss   Point
        (m)       (kg/m2)     (kg/m2)  (kg/m2)    (m)    (kg/m2)  (m)
------------------------------------------------------------------------
   0.00-  30.48    0.049     0.026      0.082   30.48     0.002     0.15



  C.  SOIL LOSS/DEPOSITION ALONG SLOPE PROFILE

          Profile distances are from top to bottom of hillslope


 distance soil  flow    distance   soil  flow    distance   soil  flow
    (m)   loss  elem       (m)     loss  elem       (m)     loss  elem
         (kg/m2)                  (kg/m2)                  (kg/m2)
------------------------------------------------------------------------

   0.15     0.002  1       10.36     0.034  1       20.57     0.070  2
   0.30     0.002  1       10.52     0.035  1       20.73     0.070  2
   0.46     0.002  1       10.67     0.035  1       20.88     0.070  2
   0.61     0.002  1       10.82     0.036  1       21.03     0.071  2
   0.76     0.002  1       10.97     0.036  1       21.18     0.071  2
   0.91     0.002  1       11.13     0.037  1       21.34     0.071  2
   1.07     0.002  1       11.28     0.037  1       21.49     0.071  2
   1.22     0.003  1       11.43     0.038  1       21.64     0.072  2
   1.37     0.004  1       11.58     0.038  1       21.79     0.072  2
   1.52     0.005  1       11.73     0.039  1       21.95     0.072  2
   1.68     0.005  1       11.89     0.039  1       22.10     0.072  2
   1.83     0.006  1       12.04     0.040  1       22.25     0.073  2
   1.98     0.006  1       12.19     0.040  1       22.40     0.073  2
   2.13     0.007  1       12.34     0.041  1       22.56     0.073  2
   2.29     0.008  1       12.50     0.041  1       22.71     0.074  2
   2.44     0.008  1       12.65     0.042  1       22.86     0.074  2
   2.59     0.009  1       12.80     0.042  1       23.01     0.074  2
   2.74     0.009  1       12.95     0.043  1       23.16     0.074  2
   2.90     0.010  1       13.11     0.043  1       23.32     0.074  2
   3.05     0.011  1       13.26     0.044  1       23.47     0.074  2
   3.20     0.011  1       13.41     0.044  1       23.62     0.075  2
   3.35     0.012  1       13.56     0.045  1       23.77     0.075  2
   3.51     0.012  1       13.72     0.045  1       23.93     0.075  2
   3.66     0.013  1       13.87     0.046  1       24.08     0.075  2
   3.81     0.013  1       14.02     0.046  1       24.23     0.075  2
   3.96     0.014  1       14.17     0.047  1       24.38     0.075  2
   4.11     0.014  1       14.33     0.047  1       24.54     0.076  2
   4.27     0.015  1       14.48     0.048  1       24.69     0.076  2
   4.42     0.015  1       14.63     0.048  1       24.84     0.076  2
   4.57     0.016  1       14.78     0.049  1       24.99     0.076  2
   4.72     0.016  1       14.94     0.049  1       25.15     0.076  2
   4.88     0.017  1       15.09     0.050  1       25.30     0.076  2
   5.03     0.018  1       15.24     0.050  1       25.45     0.076  2
   5.18     0.018  1       15.39     0.061  2       25.60     0.077  2
   5.33     0.019  1       15.54     0.061  2       25.76     0.077  2
   5.49     0.019  1       15.70     0.061  2       25.91     0.077  2
   5.64     0.019  1       15.85     0.061  2       26.06     0.077  2
   5.79     0.020  1       16.00     0.062  2       26.21     0.077  2
   5.94     0.020  1       16.15     0.062  2       26.37     0.077  2
   6.10     0.021  1       16.31     0.062  2       26.52     0.078  2
   6.25     0.021  1       16.46     0.062  2       26.67     0.078  2
   6.40     0.022  1       16.61     0.063  2       26.82     0.078  2
   6.55     0.022  1       16.76     0.063  2       26.97     0.078  2
   6.71     0.023  1       16.92     0.063  2       27.13     0.078  2
   6.86     0.023  1       17.07     0.064  2       27.28     0.078  2
   7.01     0.024  1       17.22     0.064  2       27.43     0.079  2
   7.16     0.024  1       17.37     0.064  2       27.58     0.079  2
   7.32     0.025  1       17.53     0.064  2       27.74     0.079  2
   7.47     0.025  1       17.68     0.065  2       27.89     0.079  2
   7.62     0.025  1       17.83     0.065  2       28.04     0.079  2
   7.77     0.026  1       17.98     0.065  2       28.19     0.079  2
   7.92     0.026  1       18.14     0.065  2       28.35     0.079  2
   8.08     0.027  1       18.29     0.066  2       28.50     0.080  2
   8.23     0.027  1       18.44     0.066  2       28.65     0.080  2
   8.38     0.028  1       18.59     0.066  2       28.80     0.080  2
   8.53     0.028  1       18.75     0.066  2       28.96     0.080  2
   8.69     0.029  1       18.90     0.067  2       29.11     0.080  2
   8.84     0.029  1       19.05     0.067  2       29.26     0.080  2
   8.99     0.030  1       19.20     0.067  2       29.41     0.081  2
   9.14     0.030  1       19.35     0.068  2       29.57     0.081  2
   9.30     0.031  1       19.51     0.068  2       29.72     0.081  2
   9.45     0.031  1       19.66     0.068  2       29.87     0.081  2
   9.60     0.032  1       19.81     0.068  2       30.02     0.081  2
   9.75     0.032  1       19.96     0.069  2       30.18     0.081  2
   9.91     0.033  1       20.12     0.069  2       30.33     0.081  2
  10.06     0.033  1       20.27     0.069  2       30.48     0.082  2
  10.21     0.034  1       20.42     0.069  2

note:  (+) soil loss - detachment     (-) soil loss - deposition



III. OFF SITE EFFECTS  OFF SITE EFFECTS  OFF SITE EFFECTS
     ----------------  ----------------  ----------------

     A.  AVERAGE ANNUAL SEDIMENT LEAVING PROFILE
             1.495   kg/m of width
           149.455     kg (based on profile width of    100.000      m)
             0.490   t/ha (assuming contributions from     0.305     ha)


     B.  SEDIMENT CHARACTERISTICS AND ENRICHMENT

     Sediment particle information leaving profile
-------------------------------------------------------------------------------
                                 Particle Composition         Detached Fraction
Class  Diameter  Specific  ---------------------------------  Sediment  In Flow
         (mm)    Gravity   % Sand   % Silt   % Clay   % O.M.  Fraction  Exiting
-------------------------------------------------------------------------------
  1     0.002      2.60      0.0      0.0    100.0     50.0     0.026    0.029
  2     0.010      2.65      0.0    100.0      0.0      0.0     0.070    0.078
  3     0.030      1.80      0.0     71.4     28.6     14.3     0.180    0.193
  4     0.300      1.60     78.2     15.1      6.6      3.3     0.340    0.329
  5     0.200      2.65    100.0      0.0      0.0      0.0     0.384    0.371
-------------------------------------------------------------------------------


     Average annual SSA enrichment ratio leaving profile =   1.06
