 Annual; detailed (Metric Units)                                        


          USDA WATER EROSION PREDICTION PROJECT
          -------------------------------------

          HILLSLOPE PROFILE AND WATERSHED MODEL
                     VERSION  2010.100
           January 28,      2010


               TO REPORT PROBLEMS OR TO BE PUT ON THE MAILING
               LIST FOR FUTURE WEPP MODEL RELEASES, PLEASE CONTACT:

                    WEPP TECHNICAL SUPPORT
                    USDA-AGRICULTURAL RESEARCH SERVICE
                    NATIONAL SOIL EROSION RESEARCH LABORATORY
                    275 SOUTH RUSSELL STREET
                    WEST LAFAYETTE, IN 47907-2077  USA

                    PHONE: (765) 494-8673
                      FAX: (765) 494-5948
                    email:  wepp@ecn.purdue.edu
                      URL:  http://topsoil.nserl.purdue.edu


     HILLSLOPE INPUT DATA FILES - VERSION  2010.100
      January 28,      2010


    MANAGEMENT: ../working/wepp-93576.man                         
 MAN. PRACTICE: Two OFEs for forest conditions                              
                W. Elliot 02/99                                             
                                                                            
         SLOPE: ../working/wepp-93576.slp                         
       CLIMATE: ../working/wepp-93576.cli                         
       Station:  SAINT MARIES ID +                              CLIGEN VERSION  4.31
          SOIL: ../working/wepp-93576.sol                         
      PLANE  1 OldF                silt loam           
      PLANE  2 YoungF              silt loam           


     HILLSLOPE 1 YEARLY SUMMARY FOR    1
     ----------------------------------


I.   RAINFALL AND RUNOFF SUMMARY
     -------- --- ------ -------

      year:      1

         Rainfall         Storm Runoff        Melt Runoff
      events   amount   events   amount     events  amount
                (mm)              (mm)               (mm)

       119     776.40       0       0.00       0       0.00


II.  ON SITE EFFECTS  ON SITE EFFECTS  ON SITE EFFECTS
     ---------------  ---------------  ---------------




  C.  SOIL LOSS/DEPOSITION ALONG SLOPE PROFILE

          Profile distances are from top to bottom of hillslope


 distance soil  flow    distance   soil  flow    distance   soil  flow
    (m)   loss  elem       (m)     loss  elem       (m)     loss  elem
         (kg/m2)                  (kg/m2)                  (kg/m2)
------------------------------------------------------------------------

   1.83     0.000  1      124.39     0.000  1      209.61     0.000  2
   3.66     0.000  1      126.22     0.000  1      210.37     0.000  2
   5.49     0.000  1      128.05     0.000  1      211.13     0.000  2
   7.32     0.000  1      129.88     0.000  1      211.89     0.000  2
   9.15     0.000  1      131.71     0.000  1      212.66     0.000  2
  10.98     0.000  1      133.54     0.000  1      213.42     0.000  2
  12.81     0.000  1      135.37     0.000  1      214.18     0.000  2
  14.63     0.000  1      137.20     0.000  1      214.94     0.000  2
  16.46     0.000  1      139.03     0.000  1      215.70     0.000  2
  18.29     0.000  1      140.86     0.000  1      216.47     0.000  2
  20.12     0.000  1      142.69     0.000  1      217.23     0.000  2
  21.95     0.000  1      144.51     0.000  1      217.99     0.000  2
  23.78     0.000  1      146.34     0.000  1      218.75     0.000  2
  25.61     0.000  1      148.17     0.000  1      219.52     0.000  2
  27.44     0.000  1      150.00     0.000  1      220.28     0.000  2
  29.27     0.000  1      151.83     0.000  1      221.04     0.000  2
  31.10     0.000  1      153.66     0.000  1      221.80     0.000  2
  32.93     0.000  1      155.49     0.000  1      222.56     0.000  2
  34.76     0.000  1      157.32     0.000  1      223.33     0.000  2
  36.59     0.000  1      159.15     0.000  1      224.09     0.000  2
  38.42     0.000  1      160.98     0.000  1      224.85     0.000  2
  40.24     0.000  1      162.81     0.000  1      225.61     0.000  2
  42.07     0.000  1      164.64     0.000  1      226.38     0.000  2
  43.90     0.000  1      166.47     0.000  1      227.14     0.000  2
  45.73     0.000  1      168.30     0.000  1      227.90     0.000  2
  47.56     0.000  1      170.12     0.000  1      228.66     0.000  2
  49.39     0.000  1      171.95     0.000  1      229.42     0.000  2
  51.22     0.000  1      173.78     0.000  1      230.19     0.000  2
  53.05     0.000  1      175.61     0.000  1      230.95     0.000  2
  54.88     0.000  1      177.44     0.000  1      231.71     0.000  2
  56.71     0.000  1      179.27     0.000  1      232.47     0.000  2
  58.54     0.000  1      181.10     0.000  1      233.24     0.000  2
  60.37     0.000  1      182.93     0.000  1      234.00     0.000  2
  62.20     0.000  1      183.69     0.000  2      234.76     0.000  2
  64.03     0.000  1      184.45     0.000  2      235.52     0.000  2
  65.85     0.000  1      185.22     0.000  2      236.28     0.000  2
  67.68     0.000  1      185.98     0.000  2      237.05     0.000  2
  69.51     0.000  1      186.74     0.000  2      237.81     0.000  2
  71.34     0.000  1      187.50     0.000  2      238.57     0.000  2
  73.17     0.000  1      188.27     0.000  2      239.33     0.000  2
  75.00     0.000  1      189.03     0.000  2      240.09     0.000  2
  76.83     0.000  1      189.79     0.000  2      240.86     0.000  2
  78.66     0.000  1      190.55     0.000  2      241.62     0.000  2
  80.49     0.000  1      191.31     0.000  2      242.38     0.000  2
  82.32     0.000  1      192.08     0.000  2      243.14     0.000  2
  84.15     0.000  1      192.84     0.000  2      243.91     0.000  2
  85.98     0.000  1      193.60     0.000  2      244.67     0.000  2
  87.81     0.000  1      194.36     0.000  2      245.43     0.000  2
  89.64     0.000  1      195.13     0.000  2      246.19     0.000  2
  91.47     0.000  1      195.89     0.000  2      246.95     0.000  2
  93.29     0.000  1      196.65     0.000  2      247.72     0.000  2
  95.12     0.000  1      197.41     0.000  2      248.48     0.000  2
  96.95     0.000  1      198.17     0.000  2      249.24     0.000  2
  98.78     0.000  1      198.94     0.000  2      250.00     0.000  2
 100.61     0.000  1      199.70     0.000  2      250.77     0.000  2
 102.44     0.000  1      200.46     0.000  2      251.53     0.000  2
 104.27     0.000  1      201.22     0.000  2      252.29     0.000  2
 106.10     0.000  1      201.99     0.000  2      253.05     0.000  2
 107.93     0.000  1      202.75     0.000  2      253.81     0.000  2
 109.76     0.000  1      203.51     0.000  2      254.58     0.000  2
 111.59     0.000  1      204.27     0.000  2      255.34     0.000  2
 113.42     0.000  1      205.03     0.000  2      256.10     0.000  2
 115.25     0.000  1      205.80     0.000  2      256.86     0.000  2
 117.08     0.000  1      206.56     0.000  2      257.63     0.000  2
 118.90     0.000  1      207.32     0.000  2      258.39     0.000  2
 120.73     0.000  1      208.08     0.000  2      259.15     0.000  2
 122.56     0.000  1      208.84     0.000  2

note:  (+) soil loss - detachment     (-) soil loss - deposition



III. OFF SITE EFFECTS  OFF SITE EFFECTS  OFF SITE EFFECTS
     ----------------  ----------------  ----------------

     A.  SEDIMENT LEAVING PROFILE for year    1     0.000 kg/m



     B.  SEDIMENT CHARACTERISTICS AND ENRICHMENT

     Sediment particle information leaving profile
-------------------------------------------------------------------------------
                                 Particle Composition         Detached Fraction
Class  Diameter  Specific  ---------------------------------  Sediment  In Flow
         (mm)    Gravity   % Sand   % Silt   % Clay   % O.M.  Fraction  Exiting
-------------------------------------------------------------------------------
  1     0.002      2.60      0.0      0.0    100.0     33.3     0.039    0.000
  2     0.010      2.65      0.0    100.0      0.0      0.0     0.330    0.000
  3     0.030      1.80      0.0     80.0     20.0      6.7     0.270    0.000
  4     0.300      1.60     55.6     21.6     22.8      7.6     0.250    0.000
  5     0.200      2.65    100.0      0.0      0.0      0.0     0.111    0.000
-------------------------------------------------------------------------------


     Weighted SSA enrichment ratio leaving profile for year    1 =   0.00


     HILLSLOPE 1 YEARLY SUMMARY FOR    2
     ----------------------------------


I.   RAINFALL AND RUNOFF SUMMARY
     -------- --- ------ -------

      year:      2

         Rainfall         Storm Runoff        Melt Runoff
      events   amount   events   amount     events  amount
                (mm)              (mm)               (mm)

       119     762.40       0       0.00       4      31.40


II.  ON SITE EFFECTS  ON SITE EFFECTS  ON SITE EFFECTS
     ---------------  ---------------  ---------------




  C.  SOIL LOSS/DEPOSITION ALONG SLOPE PROFILE

          Profile distances are from top to bottom of hillslope


 distance soil  flow    distance   soil  flow    distance   soil  flow
    (m)   loss  elem       (m)     loss  elem       (m)     loss  elem
         (kg/m2)                  (kg/m2)                  (kg/m2)
------------------------------------------------------------------------

   1.83     0.000  1      124.39     0.000  1      209.61     0.000  2
   3.66     0.000  1      126.22     0.000  1      210.37     0.000  2
   5.49     0.000  1      128.05     0.000  1      211.13     0.000  2
   7.32     0.000  1      129.88     0.000  1      211.89     0.000  2
   9.15     0.000  1      131.71     0.000  1      212.66     0.000  2
  10.98     0.000  1      133.54     0.000  1      213.42     0.000  2
  12.81     0.000  1      135.37     0.000  1      214.18     0.000  2
  14.63     0.000  1      137.20     0.000  1      214.94     0.000  2
  16.46     0.000  1      139.03     0.000  1      215.70     0.000  2
  18.29     0.000  1      140.86     0.000  1      216.47     0.000  2
  20.12     0.000  1      142.69     0.000  1      217.23     0.000  2
  21.95     0.000  1      144.51     0.000  1      217.99     0.000  2
  23.78     0.000  1      146.34     0.000  1      218.75     0.000  2
  25.61     0.000  1      148.17     0.000  1      219.52     0.000  2
  27.44     0.000  1      150.00     0.000  1      220.28     0.000  2
  29.27     0.000  1      151.83     0.000  1      221.04     0.000  2
  31.10     0.000  1      153.66     0.000  1      221.80     0.000  2
  32.93     0.000  1      155.49     0.000  1      222.56     0.000  2
  34.76     0.000  1      157.32     0.000  1      223.33     0.000  2
  36.59     0.000  1      159.15     0.000  1      224.09     0.000  2
  38.42     0.000  1      160.98     0.000  1      224.85     0.000  2
  40.24     0.000  1      162.81     0.000  1      225.61     0.000  2
  42.07     0.000  1      164.64     0.000  1      226.38     0.000  2
  43.90     0.000  1      166.47     0.000  1      227.14     0.000  2
  45.73     0.000  1      168.30     0.000  1      227.90     0.000  2
  47.56     0.000  1      170.12     0.000  1      228.66     0.000  2
  49.39     0.000  1      171.95     0.000  1      229.42     0.000  2
  51.22     0.000  1      173.78     0.000  1      230.19     0.000  2
  53.05     0.000  1      175.61     0.000  1      230.95     0.000  2
  54.88     0.000  1      177.44     0.000  1      231.71     0.000  2
  56.71     0.000  1      179.27     0.000  1      232.47     0.000  2
  58.54     0.000  1      181.10     0.000  1      233.24     0.000  2
  60.37     0.000  1      182.93     0.000  1      234.00     0.000  2
  62.20     0.000  1      183.69     0.000  2      234.76     0.000  2
  64.03     0.000  1      184.45     0.000  2      235.52     0.000  2
  65.85     0.000  1      185.22     0.000  2      236.28     0.000  2
  67.68     0.000  1      185.98     0.000  2      237.05     0.000  2
  69.51     0.000  1      186.74     0.000  2      237.81     0.000  2
  71.34     0.000  1      187.50     0.000  2      238.57     0.000  2
  73.17     0.000  1      188.27     0.000  2      239.33     0.000  2
  75.00     0.000  1      189.03     0.000  2      240.09     0.000  2
  76.83     0.000  1      189.79     0.000  2      240.86     0.000  2
  78.66     0.000  1      190.55     0.000  2      241.62     0.000  2
  80.49     0.000  1      191.31     0.000  2      242.38     0.000  2
  82.32     0.000  1      192.08     0.000  2      243.14     0.000  2
  84.15     0.000  1      192.84     0.000  2      243.91     0.000  2
  85.98     0.000  1      193.60     0.000  2      244.67     0.000  2
  87.81     0.000  1      194.36     0.000  2      245.43     0.000  2
  89.64     0.000  1      195.13     0.000  2      246.19     0.000  2
  91.47     0.000  1      195.89     0.000  2      246.95     0.000  2
  93.29     0.000  1      196.65     0.000  2      247.72     0.000  2
  95.12     0.000  1      197.41     0.000  2      248.48     0.000  2
  96.95     0.000  1      198.17     0.000  2      249.24     0.000  2
  98.78     0.000  1      198.94     0.000  2      250.00     0.000  2
 100.61     0.000  1      199.70     0.000  2      250.77     0.000  2
 102.44     0.000  1      200.46     0.000  2      251.53     0.000  2
 104.27     0.000  1      201.22     0.000  2      252.29     0.000  2
 106.10     0.000  1      201.99     0.000  2      253.05     0.000  2
 107.93     0.000  1      202.75     0.000  2      253.81     0.000  2
 109.76     0.000  1      203.51     0.000  2      254.58     0.000  2
 111.59     0.000  1      204.27     0.000  2      255.34     0.000  2
 113.42     0.000  1      205.03     0.000  2      256.10     0.000  2
 115.25     0.000  1      205.80     0.000  2      256.86     0.000  2
 117.08     0.000  1      206.56     0.000  2      257.63     0.000  2
 118.90     0.000  1      207.32     0.000  2      258.39     0.000  2
 120.73     0.000  1      208.08     0.000  2      259.15     0.000  2
 122.56     0.000  1      208.84     0.000  2

note:  (+) soil loss - detachment     (-) soil loss - deposition



III. OFF SITE EFFECTS  OFF SITE EFFECTS  OFF SITE EFFECTS
     ----------------  ----------------  ----------------

     A.  SEDIMENT LEAVING PROFILE for year    2     0.000 kg/m



     B.  SEDIMENT CHARACTERISTICS AND ENRICHMENT

     Sediment particle information leaving profile
-------------------------------------------------------------------------------
                                 Particle Composition         Detached Fraction
Class  Diameter  Specific  ---------------------------------  Sediment  In Flow
         (mm)    Gravity   % Sand   % Silt   % Clay   % O.M.  Fraction  Exiting
-------------------------------------------------------------------------------
  1     0.002      2.60      0.0      0.0    100.0     33.3     0.039    0.000
  2     0.010      2.65      0.0    100.0      0.0      0.0     0.330    0.000
  3     0.030      1.80      0.0     80.0     20.0      6.7     0.270    0.000
  4     0.300      1.60     55.6     21.6     22.8      7.6     0.250    0.000
  5     0.200      2.65    100.0      0.0      0.0      0.0     0.111    0.000
-------------------------------------------------------------------------------


     Weighted SSA enrichment ratio leaving profile for year    2 =   0.00


     HILLSLOPE 1 YEARLY SUMMARY FOR    3
     ----------------------------------


I.   RAINFALL AND RUNOFF SUMMARY
     -------- --- ------ -------

      year:      3

         Rainfall         Storm Runoff        Melt Runoff
      events   amount   events   amount     events  amount
                (mm)              (mm)               (mm)

       114     724.70       0       0.00       0       0.00


II.  ON SITE EFFECTS  ON SITE EFFECTS  ON SITE EFFECTS
     ---------------  ---------------  ---------------




  C.  SOIL LOSS/DEPOSITION ALONG SLOPE PROFILE

          Profile distances are from top to bottom of hillslope


 distance soil  flow    distance   soil  flow    distance   soil  flow
    (m)   loss  elem       (m)     loss  elem       (m)     loss  elem
         (kg/m2)                  (kg/m2)                  (kg/m2)
------------------------------------------------------------------------

   1.83     0.000  1      124.39     0.000  1      209.61     0.000  2
   3.66     0.000  1      126.22     0.000  1      210.37     0.000  2
   5.49     0.000  1      128.05     0.000  1      211.13     0.000  2
   7.32     0.000  1      129.88     0.000  1      211.89     0.000  2
   9.15     0.000  1      131.71     0.000  1      212.66     0.000  2
  10.98     0.000  1      133.54     0.000  1      213.42     0.000  2
  12.81     0.000  1      135.37     0.000  1      214.18     0.000  2
  14.63     0.000  1      137.20     0.000  1      214.94     0.000  2
  16.46     0.000  1      139.03     0.000  1      215.70     0.000  2
  18.29     0.000  1      140.86     0.000  1      216.47     0.000  2
  20.12     0.000  1      142.69     0.000  1      217.23     0.000  2
  21.95     0.000  1      144.51     0.000  1      217.99     0.000  2
  23.78     0.000  1      146.34     0.000  1      218.75     0.000  2
  25.61     0.000  1      148.17     0.000  1      219.52     0.000  2
  27.44     0.000  1      150.00     0.000  1      220.28     0.000  2
  29.27     0.000  1      151.83     0.000  1      221.04     0.000  2
  31.10     0.000  1      153.66     0.000  1      221.80     0.000  2
  32.93     0.000  1      155.49     0.000  1      222.56     0.000  2
  34.76     0.000  1      157.32     0.000  1      223.33     0.000  2
  36.59     0.000  1      159.15     0.000  1      224.09     0.000  2
  38.42     0.000  1      160.98     0.000  1      224.85     0.000  2
  40.24     0.000  1      162.81     0.000  1      225.61     0.000  2
  42.07     0.000  1      164.64     0.000  1      226.38     0.000  2
  43.90     0.000  1      166.47     0.000  1      227.14     0.000  2
  45.73     0.000  1      168.30     0.000  1      227.90     0.000  2
  47.56     0.000  1      170.12     0.000  1      228.66     0.000  2
  49.39     0.000  1      171.95     0.000  1      229.42     0.000  2
  51.22     0.000  1      173.78     0.000  1      230.19     0.000  2
  53.05     0.000  1      175.61     0.000  1      230.95     0.000  2
  54.88     0.000  1      177.44     0.000  1      231.71     0.000  2
  56.71     0.000  1      179.27     0.000  1      232.47     0.000  2
  58.54     0.000  1      181.10     0.000  1      233.24     0.000  2
  60.37     0.000  1      182.93     0.000  1      234.00     0.000  2
  62.20     0.000  1      183.69     0.000  2      234.76     0.000  2
  64.03     0.000  1      184.45     0.000  2      235.52     0.000  2
  65.85     0.000  1      185.22     0.000  2      236.28     0.000  2
  67.68     0.000  1      185.98     0.000  2      237.05     0.000  2
  69.51     0.000  1      186.74     0.000  2      237.81     0.000  2
  71.34     0.000  1      187.50     0.000  2      238.57     0.000  2
  73.17     0.000  1      188.27     0.000  2      239.33     0.000  2
  75.00     0.000  1      189.03     0.000  2      240.09     0.000  2
  76.83     0.000  1      189.79     0.000  2      240.86     0.000  2
  78.66     0.000  1      190.55     0.000  2      241.62     0.000  2
  80.49     0.000  1      191.31     0.000  2      242.38     0.000  2
  82.32     0.000  1      192.08     0.000  2      243.14     0.000  2
  84.15     0.000  1      192.84     0.000  2      243.91     0.000  2
  85.98     0.000  1      193.60     0.000  2      244.67     0.000  2
  87.81     0.000  1      194.36     0.000  2      245.43     0.000  2
  89.64     0.000  1      195.13     0.000  2      246.19     0.000  2
  91.47     0.000  1      195.89     0.000  2      246.95     0.000  2
  93.29     0.000  1      196.65     0.000  2      247.72     0.000  2
  95.12     0.000  1      197.41     0.000  2      248.48     0.000  2
  96.95     0.000  1      198.17     0.000  2      249.24     0.000  2
  98.78     0.000  1      198.94     0.000  2      250.00     0.000  2
 100.61     0.000  1      199.70     0.000  2      250.77     0.000  2
 102.44     0.000  1      200.46     0.000  2      251.53     0.000  2
 104.27     0.000  1      201.22     0.000  2      252.29     0.000  2
 106.10     0.000  1      201.99     0.000  2      253.05     0.000  2
 107.93     0.000  1      202.75     0.000  2      253.81     0.000  2
 109.76     0.000  1      203.51     0.000  2      254.58     0.000  2
 111.59     0.000  1      204.27     0.000  2      255.34     0.000  2
 113.42     0.000  1      205.03     0.000  2      256.10     0.000  2
 115.25     0.000  1      205.80     0.000  2      256.86     0.000  2
 117.08     0.000  1      206.56     0.000  2      257.63     0.000  2
 118.90     0.000  1      207.32     0.000  2      258.39     0.000  2
 120.73     0.000  1      208.08     0.000  2      259.15     0.000  2
 122.56     0.000  1      208.84     0.000  2

note:  (+) soil loss - detachment     (-) soil loss - deposition



III. OFF SITE EFFECTS  OFF SITE EFFECTS  OFF SITE EFFECTS
     ----------------  ----------------  ----------------

     A.  SEDIMENT LEAVING PROFILE for year    3     0.000 kg/m



     B.  SEDIMENT CHARACTERISTICS AND ENRICHMENT

     Sediment particle information leaving profile
-------------------------------------------------------------------------------
                                 Particle Composition         Detached Fraction
Class  Diameter  Specific  ---------------------------------  Sediment  In Flow
         (mm)    Gravity   % Sand   % Silt   % Clay   % O.M.  Fraction  Exiting
-------------------------------------------------------------------------------
  1     0.002      2.60      0.0      0.0    100.0     33.3     0.039    0.000
  2     0.010      2.65      0.0    100.0      0.0      0.0     0.330    0.000
  3     0.030      1.80      0.0     80.0     20.0      6.7     0.270    0.000
  4     0.300      1.60     55.6     21.6     22.8      7.6     0.250    0.000
  5     0.200      2.65    100.0      0.0      0.0      0.0     0.111    0.000
-------------------------------------------------------------------------------


     Weighted SSA enrichment ratio leaving profile for year    3 =   0.00


     HILLSLOPE 1 YEARLY SUMMARY FOR    4
     ----------------------------------


I.   RAINFALL AND RUNOFF SUMMARY
     -------- --- ------ -------

      year:      4

         Rainfall         Storm Runoff        Melt Runoff
      events   amount   events   amount     events  amount
                (mm)              (mm)               (mm)

       116     803.90       0       0.00       2       5.01


II.  ON SITE EFFECTS  ON SITE EFFECTS  ON SITE EFFECTS
     ---------------  ---------------  ---------------




  C.  SOIL LOSS/DEPOSITION ALONG SLOPE PROFILE

          Profile distances are from top to bottom of hillslope


 distance soil  flow    distance   soil  flow    distance   soil  flow
    (m)   loss  elem       (m)     loss  elem       (m)     loss  elem
         (kg/m2)                  (kg/m2)                  (kg/m2)
------------------------------------------------------------------------

   1.83     0.000  1      124.39     0.000  1      209.61     0.000  2
   3.66     0.000  1      126.22     0.000  1      210.37     0.000  2
   5.49     0.000  1      128.05     0.000  1      211.13     0.000  2
   7.32     0.000  1      129.88     0.000  1      211.89     0.000  2
   9.15     0.000  1      131.71     0.000  1      212.66     0.000  2
  10.98     0.000  1      133.54     0.000  1      213.42     0.000  2
  12.81     0.000  1      135.37     0.000  1      214.18     0.000  2
  14.63     0.000  1      137.20     0.000  1      214.94     0.000  2
  16.46     0.000  1      139.03     0.000  1      215.70     0.000  2
  18.29     0.000  1      140.86     0.000  1      216.47     0.000  2
  20.12     0.000  1      142.69     0.000  1      217.23     0.000  2
  21.95     0.000  1      144.51     0.000  1      217.99     0.000  2
  23.78     0.000  1      146.34     0.000  1      218.75     0.000  2
  25.61     0.000  1      148.17     0.000  1      219.52     0.000  2
  27.44     0.000  1      150.00     0.000  1      220.28     0.000  2
  29.27     0.000  1      151.83     0.000  1      221.04     0.000  2
  31.10     0.000  1      153.66     0.000  1      221.80     0.000  2
  32.93     0.000  1      155.49     0.000  1      222.56     0.000  2
  34.76     0.000  1      157.32     0.000  1      223.33     0.000  2
  36.59     0.000  1      159.15     0.000  1      224.09     0.000  2
  38.42     0.000  1      160.98     0.000  1      224.85     0.000  2
  40.24     0.000  1      162.81     0.000  1      225.61     0.000  2
  42.07     0.000  1      164.64     0.000  1      226.38     0.000  2
  43.90     0.000  1      166.47     0.000  1      227.14     0.000  2
  45.73     0.000  1      168.30     0.000  1      227.90     0.000  2
  47.56     0.000  1      170.12     0.000  1      228.66     0.000  2
  49.39     0.000  1      171.95     0.000  1      229.42     0.000  2
  51.22     0.000  1      173.78     0.000  1      230.19     0.000  2
  53.05     0.000  1      175.61     0.000  1      230.95     0.000  2
  54.88     0.000  1      177.44     0.000  1      231.71     0.000  2
  56.71     0.000  1      179.27     0.000  1      232.47     0.000  2
  58.54     0.000  1      181.10     0.000  1      233.24     0.000  2
  60.37     0.000  1      182.93     0.000  1      234.00     0.000  2
  62.20     0.000  1      183.69     0.000  2      234.76     0.000  2
  64.03     0.000  1      184.45     0.000  2      235.52     0.000  2
  65.85     0.000  1      185.22     0.000  2      236.28     0.000  2
  67.68     0.000  1      185.98     0.000  2      237.05     0.000  2
  69.51     0.000  1      186.74     0.000  2      237.81     0.000  2
  71.34     0.000  1      187.50     0.000  2      238.57     0.000  2
  73.17     0.000  1      188.27     0.000  2      239.33     0.000  2
  75.00     0.000  1      189.03     0.000  2      240.09     0.000  2
  76.83     0.000  1      189.79     0.000  2      240.86     0.000  2
  78.66     0.000  1      190.55     0.000  2      241.62     0.000  2
  80.49     0.000  1      191.31     0.000  2      242.38     0.000  2
  82.32     0.000  1      192.08     0.000  2      243.14     0.000  2
  84.15     0.000  1      192.84     0.000  2      243.91     0.000  2
  85.98     0.000  1      193.60     0.000  2      244.67     0.000  2
  87.81     0.000  1      194.36     0.000  2      245.43     0.000  2
  89.64     0.000  1      195.13     0.000  2      246.19     0.000  2
  91.47     0.000  1      195.89     0.000  2      246.95     0.000  2
  93.29     0.000  1      196.65     0.000  2      247.72     0.000  2
  95.12     0.000  1      197.41     0.000  2      248.48     0.000  2
  96.95     0.000  1      198.17     0.000  2      249.24     0.000  2
  98.78     0.000  1      198.94     0.000  2      250.00     0.000  2
 100.61     0.000  1      199.70     0.000  2      250.77     0.000  2
 102.44     0.000  1      200.46     0.000  2      251.53     0.000  2
 104.27     0.000  1      201.22     0.000  2      252.29     0.000  2
 106.10     0.000  1      201.99     0.000  2      253.05     0.000  2
 107.93     0.000  1      202.75     0.000  2      253.81     0.000  2
 109.76     0.000  1      203.51     0.000  2      254.58     0.000  2
 111.59     0.000  1      204.27     0.000  2      255.34     0.000  2
 113.42     0.000  1      205.03     0.000  2      256.10     0.000  2
 115.25     0.000  1      205.80     0.000  2      256.86     0.000  2
 117.08     0.000  1      206.56     0.000  2      257.63     0.000  2
 118.90     0.000  1      207.32     0.000  2      258.39     0.000  2
 120.73     0.000  1      208.08     0.000  2      259.15     0.000  2
 122.56     0.000  1      208.84     0.000  2

note:  (+) soil loss - detachment     (-) soil loss - deposition



III. OFF SITE EFFECTS  OFF SITE EFFECTS  OFF SITE EFFECTS
     ----------------  ----------------  ----------------

     A.  SEDIMENT LEAVING PROFILE for year    4     0.000 kg/m



     B.  SEDIMENT CHARACTERISTICS AND ENRICHMENT

     Sediment particle information leaving profile
-------------------------------------------------------------------------------
                                 Particle Composition         Detached Fraction
Class  Diameter  Specific  ---------------------------------  Sediment  In Flow
         (mm)    Gravity   % Sand   % Silt   % Clay   % O.M.  Fraction  Exiting
-------------------------------------------------------------------------------
  1     0.002      2.60      0.0      0.0    100.0     33.3     0.039    0.000
  2     0.010      2.65      0.0    100.0      0.0      0.0     0.330    0.000
  3     0.030      1.80      0.0     80.0     20.0      6.7     0.270    0.000
  4     0.300      1.60     55.6     21.6     22.8      7.6     0.250    0.000
  5     0.200      2.65    100.0      0.0      0.0      0.0     0.111    0.000
-------------------------------------------------------------------------------


     Weighted SSA enrichment ratio leaving profile for year    4 =   0.00


     HILLSLOPE 1 YEARLY SUMMARY FOR    5
     ----------------------------------


I.   RAINFALL AND RUNOFF SUMMARY
     -------- --- ------ -------

      year:      5

         Rainfall         Storm Runoff        Melt Runoff
      events   amount   events   amount     events  amount
                (mm)              (mm)               (mm)

       116     754.50       0       0.00       8      23.63


II.  ON SITE EFFECTS  ON SITE EFFECTS  ON SITE EFFECTS
     ---------------  ---------------  ---------------




  C.  SOIL LOSS/DEPOSITION ALONG SLOPE PROFILE

          Profile distances are from top to bottom of hillslope


 distance soil  flow    distance   soil  flow    distance   soil  flow
    (m)   loss  elem       (m)     loss  elem       (m)     loss  elem
         (kg/m2)                  (kg/m2)                  (kg/m2)
------------------------------------------------------------------------

   1.83     0.000  1      124.39     0.000  1      209.61     0.000  2
   3.66     0.000  1      126.22     0.000  1      210.37     0.000  2
   5.49     0.000  1      128.05     0.000  1      211.13     0.000  2
   7.32     0.000  1      129.88     0.000  1      211.89     0.000  2
   9.15     0.000  1      131.71     0.000  1      212.66     0.000  2
  10.98     0.000  1      133.54     0.000  1      213.42     0.000  2
  12.81     0.000  1      135.37     0.000  1      214.18     0.000  2
  14.63     0.000  1      137.20     0.000  1      214.94     0.000  2
  16.46     0.000  1      139.03     0.000  1      215.70     0.000  2
  18.29     0.000  1      140.86     0.000  1      216.47     0.000  2
  20.12     0.000  1      142.69     0.000  1      217.23     0.000  2
  21.95     0.000  1      144.51     0.000  1      217.99     0.000  2
  23.78     0.000  1      146.34     0.000  1      218.75     0.000  2
  25.61     0.000  1      148.17     0.000  1      219.52     0.000  2
  27.44     0.000  1      150.00     0.000  1      220.28     0.000  2
  29.27     0.000  1      151.83     0.000  1      221.04     0.000  2
  31.10     0.000  1      153.66     0.000  1      221.80     0.000  2
  32.93     0.000  1      155.49     0.000  1      222.56     0.000  2
  34.76     0.000  1      157.32     0.000  1      223.33     0.000  2
  36.59     0.000  1      159.15     0.000  1      224.09     0.000  2
  38.42     0.000  1      160.98     0.000  1      224.85     0.000  2
  40.24     0.000  1      162.81     0.000  1      225.61     0.000  2
  42.07     0.000  1      164.64     0.000  1      226.38     0.000  2
  43.90     0.000  1      166.47     0.000  1      227.14     0.000  2
  45.73     0.000  1      168.30     0.000  1      227.90     0.000  2
  47.56     0.000  1      170.12     0.000  1      228.66     0.000  2
  49.39     0.000  1      171.95     0.000  1      229.42     0.000  2
  51.22     0.000  1      173.78     0.000  1      230.19     0.000  2
  53.05     0.000  1      175.61     0.000  1      230.95     0.000  2
  54.88     0.000  1      177.44     0.000  1      231.71     0.000  2
  56.71     0.000  1      179.27     0.000  1      232.47     0.000  2
  58.54     0.000  1      181.10     0.000  1      233.24     0.000  2
  60.37     0.000  1      182.93     0.000  1      234.00     0.000  2
  62.20     0.000  1      183.69     0.000  2      234.76     0.000  2
  64.03     0.000  1      184.45     0.000  2      235.52     0.000  2
  65.85     0.000  1      185.22     0.000  2      236.28     0.000  2
  67.68     0.000  1      185.98     0.000  2      237.05     0.000  2
  69.51     0.000  1      186.74     0.000  2      237.81     0.000  2
  71.34     0.000  1      187.50     0.000  2      238.57     0.000  2
  73.17     0.000  1      188.27     0.000  2      239.33     0.000  2
  75.00     0.000  1      189.03     0.000  2      240.09     0.000  2
  76.83     0.000  1      189.79     0.000  2      240.86     0.000  2
  78.66     0.000  1      190.55     0.000  2      241.62     0.000  2
  80.49     0.000  1      191.31     0.000  2      242.38     0.000  2
  82.32     0.000  1      192.08     0.000  2      243.14     0.000  2
  84.15     0.000  1      192.84     0.000  2      243.91     0.000  2
  85.98     0.000  1      193.60     0.000  2      244.67     0.000  2
  87.81     0.000  1      194.36     0.000  2      245.43     0.000  2
  89.64     0.000  1      195.13     0.000  2      246.19     0.000  2
  91.47     0.000  1      195.89     0.000  2      246.95     0.000  2
  93.29     0.000  1      196.65     0.000  2      247.72     0.000  2
  95.12     0.000  1      197.41     0.000  2      248.48     0.000  2
  96.95     0.000  1      198.17     0.000  2      249.24     0.000  2
  98.78     0.000  1      198.94     0.000  2      250.00     0.000  2
 100.61     0.000  1      199.70     0.000  2      250.77     0.000  2
 102.44     0.000  1      200.46     0.000  2      251.53     0.000  2
 104.27     0.000  1      201.22     0.000  2      252.29     0.000  2
 106.10     0.000  1      201.99     0.000  2      253.05     0.000  2
 107.93     0.000  1      202.75     0.000  2      253.81     0.000  2
 109.76     0.000  1      203.51     0.000  2      254.58     0.000  2
 111.59     0.000  1      204.27     0.000  2      255.34     0.000  2
 113.42     0.000  1      205.03     0.000  2      256.10     0.000  2
 115.25     0.000  1      205.80     0.000  2      256.86     0.000  2
 117.08     0.000  1      206.56     0.000  2      257.63     0.000  2
 118.90     0.000  1      207.32     0.000  2      258.39     0.000  2
 120.73     0.000  1      208.08     0.000  2      259.15     0.000  2
 122.56     0.000  1      208.84     0.000  2

note:  (+) soil loss - detachment     (-) soil loss - deposition



III. OFF SITE EFFECTS  OFF SITE EFFECTS  OFF SITE EFFECTS
     ----------------  ----------------  ----------------

     A.  SEDIMENT LEAVING PROFILE for year    5     0.000 kg/m



     B.  SEDIMENT CHARACTERISTICS AND ENRICHMENT

     Sediment particle information leaving profile
-------------------------------------------------------------------------------
                                 Particle Composition         Detached Fraction
Class  Diameter  Specific  ---------------------------------  Sediment  In Flow
         (mm)    Gravity   % Sand   % Silt   % Clay   % O.M.  Fraction  Exiting
-------------------------------------------------------------------------------
  1     0.002      2.60      0.0      0.0    100.0     33.3     0.039    0.000
  2     0.010      2.65      0.0    100.0      0.0      0.0     0.330    0.000
  3     0.030      1.80      0.0     80.0     20.0      6.7     0.270    0.000
  4     0.300      1.60     55.6     21.6     22.8      7.6     0.250    0.000
  5     0.200      2.65    100.0      0.0      0.0      0.0     0.111    0.000
-------------------------------------------------------------------------------


     Weighted SSA enrichment ratio leaving profile for year    5 =   0.00


     HILLSLOPE 1 YEARLY SUMMARY FOR    6
     ----------------------------------


I.   RAINFALL AND RUNOFF SUMMARY
     -------- --- ------ -------

      year:      6

         Rainfall         Storm Runoff        Melt Runoff
      events   amount   events   amount     events  amount
                (mm)              (mm)               (mm)

       118     774.80       1       0.03       3       8.32


II.  ON SITE EFFECTS  ON SITE EFFECTS  ON SITE EFFECTS
     ---------------  ---------------  ---------------


  A.  AREA OF NET SOIL LOSS

      ** Soil Loss (Avg. of Net Detachment Areas) =    0.000 kg/m2 **
      ** Maximum Soil Loss  =    0.000 kg/m2 at  220.28 meters **


      Area of    Soil Loss   Soil Loss   MAX   MAX Loss   MIN   MIN Loss
      Net Loss      MEAN      STDEV      Loss    Point    Loss   Point
        (m)       (kg/m2)     (kg/m2)  (kg/m2)    (m)    (kg/m2)  (m)
------------------------------------------------------------------------
 182.93- 259.15    0.000     0.000      0.000  220.28     0.000   221.04



  C.  SOIL LOSS/DEPOSITION ALONG SLOPE PROFILE

          Profile distances are from top to bottom of hillslope


 distance soil  flow    distance   soil  flow    distance   soil  flow
    (m)   loss  elem       (m)     loss  elem       (m)     loss  elem
         (kg/m2)                  (kg/m2)                  (kg/m2)
------------------------------------------------------------------------

   1.83     0.000  1      124.39     0.000  1      209.61     0.000  2
   3.66     0.000  1      126.22     0.000  1      210.37     0.000  2
   5.49     0.000  1      128.05     0.000  1      211.13     0.000  2
   7.32     0.000  1      129.88     0.000  1      211.89     0.000  2
   9.15     0.000  1      131.71     0.000  1      212.66     0.000  2
  10.98     0.000  1      133.54     0.000  1      213.42     0.000  2
  12.81     0.000  1      135.37     0.000  1      214.18     0.000  2
  14.63     0.000  1      137.20     0.000  1      214.94     0.000  2
  16.46     0.000  1      139.03     0.000  1      215.70     0.000  2
  18.29     0.000  1      140.86     0.000  1      216.47     0.000  2
  20.12     0.000  1      142.69     0.000  1      217.23     0.000  2
  21.95     0.000  1      144.51     0.000  1      217.99     0.000  2
  23.78     0.000  1      146.34     0.000  1      218.75     0.000  2
  25.61     0.000  1      148.17     0.000  1      219.52     0.000  2
  27.44     0.000  1      150.00     0.000  1      220.28     0.000  2
  29.27     0.000  1      151.83     0.000  1      221.04     0.000  2
  31.10     0.000  1      153.66     0.000  1      221.80     0.000  2
  32.93     0.000  1      155.49     0.000  1      222.56     0.000  2
  34.76     0.000  1      157.32     0.000  1      223.33     0.000  2
  36.59     0.000  1      159.15     0.000  1      224.09     0.000  2
  38.42     0.000  1      160.98     0.000  1      224.85     0.000  2
  40.24     0.000  1      162.81     0.000  1      225.61     0.000  2
  42.07     0.000  1      164.64     0.000  1      226.38     0.000  2
  43.90     0.000  1      166.47     0.000  1      227.14     0.000  2
  45.73     0.000  1      168.30     0.000  1      227.90     0.000  2
  47.56     0.000  1      170.12     0.000  1      228.66     0.000  2
  49.39     0.000  1      171.95     0.000  1      229.42     0.000  2
  51.22     0.000  1      173.78     0.000  1      230.19     0.000  2
  53.05     0.000  1      175.61     0.000  1      230.95     0.000  2
  54.88     0.000  1      177.44     0.000  1      231.71     0.000  2
  56.71     0.000  1      179.27     0.000  1      232.47     0.000  2
  58.54     0.000  1      181.10     0.000  1      233.24     0.000  2
  60.37     0.000  1      182.93     0.000  1      234.00     0.000  2
  62.20     0.000  1      183.69     0.000  2      234.76     0.000  2
  64.03     0.000  1      184.45     0.000  2      235.52     0.000  2
  65.85     0.000  1      185.22     0.000  2      236.28     0.000  2
  67.68     0.000  1      185.98     0.000  2      237.05     0.000  2
  69.51     0.000  1      186.74     0.000  2      237.81     0.000  2
  71.34     0.000  1      187.50     0.000  2      238.57     0.000  2
  73.17     0.000  1      188.27     0.000  2      239.33     0.000  2
  75.00     0.000  1      189.03     0.000  2      240.09     0.000  2
  76.83     0.000  1      189.79     0.000  2      240.86     0.000  2
  78.66     0.000  1      190.55     0.000  2      241.62     0.000  2
  80.49     0.000  1      191.31     0.000  2      242.38     0.000  2
  82.32     0.000  1      192.08     0.000  2      243.14     0.000  2
  84.15     0.000  1      192.84     0.000  2      243.91     0.000  2
  85.98     0.000  1      193.60     0.000  2      244.67     0.000  2
  87.81     0.000  1      194.36     0.000  2      245.43     0.000  2
  89.64     0.000  1      195.13     0.000  2      246.19     0.000  2
  91.47     0.000  1      195.89     0.000  2      246.95     0.000  2
  93.29     0.000  1      196.65     0.000  2      247.72     0.000  2
  95.12     0.000  1      197.41     0.000  2      248.48     0.000  2
  96.95     0.000  1      198.17     0.000  2      249.24     0.000  2
  98.78     0.000  1      198.94     0.000  2      250.00     0.000  2
 100.61     0.000  1      199.70     0.000  2      250.77     0.000  2
 102.44     0.000  1      200.46     0.000  2      251.53     0.000  2
 104.27     0.000  1      201.22     0.000  2      252.29     0.000  2
 106.10     0.000  1      201.99     0.000  2      253.05     0.000  2
 107.93     0.000  1      202.75     0.000  2      253.81     0.000  2
 109.76     0.000  1      203.51     0.000  2      254.58     0.000  2
 111.59     0.000  1      204.27     0.000  2      255.34     0.000  2
 113.42     0.000  1      205.03     0.000  2      256.10     0.000  2
 115.25     0.000  1      205.80     0.000  2      256.86     0.000  2
 117.08     0.000  1      206.56     0.000  2      257.63     0.000  2
 118.90     0.000  1      207.32     0.000  2      258.39     0.000  2
 120.73     0.000  1      208.08     0.000  2      259.15     0.000  2
 122.56     0.000  1      208.84     0.000  2

note:  (+) soil loss - detachment     (-) soil loss - deposition



III. OFF SITE EFFECTS  OFF SITE EFFECTS  OFF SITE EFFECTS
     ----------------  ----------------  ----------------

     A.  SEDIMENT LEAVING PROFILE for year    6     0.003 kg/m



     B.  SEDIMENT CHARACTERISTICS AND ENRICHMENT

     Sediment particle information leaving profile
-------------------------------------------------------------------------------
                                 Particle Composition         Detached Fraction
Class  Diameter  Specific  ---------------------------------  Sediment  In Flow
         (mm)    Gravity   % Sand   % Silt   % Clay   % O.M.  Fraction  Exiting
-------------------------------------------------------------------------------
  1     0.002      2.60      0.0      0.0    100.0     33.3     0.039    0.072
  2     0.010      2.65      0.0    100.0      0.0      0.0     0.330    0.571
  3     0.030      1.80      0.0     80.0     20.0      6.7     0.270    0.357
  4     0.300      1.60     55.6     21.6     22.8      7.6     0.250    0.000
  5     0.200      2.65    100.0      0.0      0.0      0.0     0.111    0.000
-------------------------------------------------------------------------------


     Weighted SSA enrichment ratio leaving profile for year    6 =   0.99


     HILLSLOPE 1 YEARLY SUMMARY FOR    7
     ----------------------------------


I.   RAINFALL AND RUNOFF SUMMARY
     -------- --- ------ -------

      year:      7

         Rainfall         Storm Runoff        Melt Runoff
      events   amount   events   amount     events  amount
                (mm)              (mm)               (mm)

       129     691.70       0       0.00       5      36.11


II.  ON SITE EFFECTS  ON SITE EFFECTS  ON SITE EFFECTS
     ---------------  ---------------  ---------------




  C.  SOIL LOSS/DEPOSITION ALONG SLOPE PROFILE

          Profile distances are from top to bottom of hillslope


 distance soil  flow    distance   soil  flow    distance   soil  flow
    (m)   loss  elem       (m)     loss  elem       (m)     loss  elem
         (kg/m2)                  (kg/m2)                  (kg/m2)
------------------------------------------------------------------------

   1.83     0.000  1      124.39     0.000  1      209.61     0.000  2
   3.66     0.000  1      126.22     0.000  1      210.37     0.000  2
   5.49     0.000  1      128.05     0.000  1      211.13     0.000  2
   7.32     0.000  1      129.88     0.000  1      211.89     0.000  2
   9.15     0.000  1      131.71     0.000  1      212.66     0.000  2
  10.98     0.000  1      133.54     0.000  1      213.42     0.000  2
  12.81     0.000  1      135.37     0.000  1      214.18     0.000  2
  14.63     0.000  1      137.20     0.000  1      214.94     0.000  2
  16.46     0.000  1      139.03     0.000  1      215.70     0.000  2
  18.29     0.000  1      140.86     0.000  1      216.47     0.000  2
  20.12     0.000  1      142.69     0.000  1      217.23     0.000  2
  21.95     0.000  1      144.51     0.000  1      217.99     0.000  2
  23.78     0.000  1      146.34     0.000  1      218.75     0.000  2
  25.61     0.000  1      148.17     0.000  1      219.52     0.000  2
  27.44     0.000  1      150.00     0.000  1      220.28     0.000  2
  29.27     0.000  1      151.83     0.000  1      221.04     0.000  2
  31.10     0.000  1      153.66     0.000  1      221.80     0.000  2
  32.93     0.000  1      155.49     0.000  1      222.56     0.000  2
  34.76     0.000  1      157.32     0.000  1      223.33     0.000  2
  36.59     0.000  1      159.15     0.000  1      224.09     0.000  2
  38.42     0.000  1      160.98     0.000  1      224.85     0.000  2
  40.24     0.000  1      162.81     0.000  1      225.61     0.000  2
  42.07     0.000  1      164.64     0.000  1      226.38     0.000  2
  43.90     0.000  1      166.47     0.000  1      227.14     0.000  2
  45.73     0.000  1      168.30     0.000  1      227.90     0.000  2
  47.56     0.000  1      170.12     0.000  1      228.66     0.000  2
  49.39     0.000  1      171.95     0.000  1      229.42     0.000  2
  51.22     0.000  1      173.78     0.000  1      230.19     0.000  2
  53.05     0.000  1      175.61     0.000  1      230.95     0.000  2
  54.88     0.000  1      177.44     0.000  1      231.71     0.000  2
  56.71     0.000  1      179.27     0.000  1      232.47     0.000  2
  58.54     0.000  1      181.10     0.000  1      233.24     0.000  2
  60.37     0.000  1      182.93     0.000  1      234.00     0.000  2
  62.20     0.000  1      183.69     0.000  2      234.76     0.000  2
  64.03     0.000  1      184.45     0.000  2      235.52     0.000  2
  65.85     0.000  1      185.22     0.000  2      236.28     0.000  2
  67.68     0.000  1      185.98     0.000  2      237.05     0.000  2
  69.51     0.000  1      186.74     0.000  2      237.81     0.000  2
  71.34     0.000  1      187.50     0.000  2      238.57     0.000  2
  73.17     0.000  1      188.27     0.000  2      239.33     0.000  2
  75.00     0.000  1      189.03     0.000  2      240.09     0.000  2
  76.83     0.000  1      189.79     0.000  2      240.86     0.000  2
  78.66     0.000  1      190.55     0.000  2      241.62     0.000  2
  80.49     0.000  1      191.31     0.000  2      242.38     0.000  2
  82.32     0.000  1      192.08     0.000  2      243.14     0.000  2
  84.15     0.000  1      192.84     0.000  2      243.91     0.000  2
  85.98     0.000  1      193.60     0.000  2      244.67     0.000  2
  87.81     0.000  1      194.36     0.000  2      245.43     0.000  2
  89.64     0.000  1      195.13     0.000  2      246.19     0.000  2
  91.47     0.000  1      195.89     0.000  2      246.95     0.000  2
  93.29     0.000  1      196.65     0.000  2      247.72     0.000  2
  95.12     0.000  1      197.41     0.000  2      248.48     0.000  2
  96.95     0.000  1      198.17     0.000  2      249.24     0.000  2
  98.78     0.000  1      198.94     0.000  2      250.00     0.000  2
 100.61     0.000  1      199.70     0.000  2      250.77     0.000  2
 102.44     0.000  1      200.46     0.000  2      251.53     0.000  2
 104.27     0.000  1      201.22     0.000  2      252.29     0.000  2
 106.10     0.000  1      201.99     0.000  2      253.05     0.000  2
 107.93     0.000  1      202.75     0.000  2      253.81     0.000  2
 109.76     0.000  1      203.51     0.000  2      254.58     0.000  2
 111.59     0.000  1      204.27     0.000  2      255.34     0.000  2
 113.42     0.000  1      205.03     0.000  2      256.10     0.000  2
 115.25     0.000  1      205.80     0.000  2      256.86     0.000  2
 117.08     0.000  1      206.56     0.000  2      257.63     0.000  2
 118.90     0.000  1      207.32     0.000  2      258.39     0.000  2
 120.73     0.000  1      208.08     0.000  2      259.15     0.000  2
 122.56     0.000  1      208.84     0.000  2

note:  (+) soil loss - detachment     (-) soil loss - deposition



III. OFF SITE EFFECTS  OFF SITE EFFECTS  OFF SITE EFFECTS
     ----------------  ----------------  ----------------

     A.  SEDIMENT LEAVING PROFILE for year    7     0.000 kg/m



     B.  SEDIMENT CHARACTERISTICS AND ENRICHMENT

     Sediment particle information leaving profile
-------------------------------------------------------------------------------
                                 Particle Composition         Detached Fraction
Class  Diameter  Specific  ---------------------------------  Sediment  In Flow
         (mm)    Gravity   % Sand   % Silt   % Clay   % O.M.  Fraction  Exiting
-------------------------------------------------------------------------------
  1     0.002      2.60      0.0      0.0    100.0     33.3     0.039    0.000
  2     0.010      2.65      0.0    100.0      0.0      0.0     0.330    0.000
  3     0.030      1.80      0.0     80.0     20.0      6.7     0.270    0.000
  4     0.300      1.60     55.6     21.6     22.8      7.6     0.250    0.000
  5     0.200      2.65    100.0      0.0      0.0      0.0     0.111    0.000
-------------------------------------------------------------------------------


     Weighted SSA enrichment ratio leaving profile for year    7 =   0.00


     HILLSLOPE 1 YEARLY SUMMARY FOR    8
     ----------------------------------


I.   RAINFALL AND RUNOFF SUMMARY
     -------- --- ------ -------

      year:      8

         Rainfall         Storm Runoff        Melt Runoff
      events   amount   events   amount     events  amount
                (mm)              (mm)               (mm)

       128     772.80       0       0.00       0       0.00


II.  ON SITE EFFECTS  ON SITE EFFECTS  ON SITE EFFECTS
     ---------------  ---------------  ---------------




  C.  SOIL LOSS/DEPOSITION ALONG SLOPE PROFILE

          Profile distances are from top to bottom of hillslope


 distance soil  flow    distance   soil  flow    distance   soil  flow
    (m)   loss  elem       (m)     loss  elem       (m)     loss  elem
         (kg/m2)                  (kg/m2)                  (kg/m2)
------------------------------------------------------------------------

   1.83     0.000  1      124.39     0.000  1      209.61     0.000  2
   3.66     0.000  1      126.22     0.000  1      210.37     0.000  2
   5.49     0.000  1      128.05     0.000  1      211.13     0.000  2
   7.32     0.000  1      129.88     0.000  1      211.89     0.000  2
   9.15     0.000  1      131.71     0.000  1      212.66     0.000  2
  10.98     0.000  1      133.54     0.000  1      213.42     0.000  2
  12.81     0.000  1      135.37     0.000  1      214.18     0.000  2
  14.63     0.000  1      137.20     0.000  1      214.94     0.000  2
  16.46     0.000  1      139.03     0.000  1      215.70     0.000  2
  18.29     0.000  1      140.86     0.000  1      216.47     0.000  2
  20.12     0.000  1      142.69     0.000  1      217.23     0.000  2
  21.95     0.000  1      144.51     0.000  1      217.99     0.000  2
  23.78     0.000  1      146.34     0.000  1      218.75     0.000  2
  25.61     0.000  1      148.17     0.000  1      219.52     0.000  2
  27.44     0.000  1      150.00     0.000  1      220.28     0.000  2
  29.27     0.000  1      151.83     0.000  1      221.04     0.000  2
  31.10     0.000  1      153.66     0.000  1      221.80     0.000  2
  32.93     0.000  1      155.49     0.000  1      222.56     0.000  2
  34.76     0.000  1      157.32     0.000  1      223.33     0.000  2
  36.59     0.000  1      159.15     0.000  1      224.09     0.000  2
  38.42     0.000  1      160.98     0.000  1      224.85     0.000  2
  40.24     0.000  1      162.81     0.000  1      225.61     0.000  2
  42.07     0.000  1      164.64     0.000  1      226.38     0.000  2
  43.90     0.000  1      166.47     0.000  1      227.14     0.000  2
  45.73     0.000  1      168.30     0.000  1      227.90     0.000  2
  47.56     0.000  1      170.12     0.000  1      228.66     0.000  2
  49.39     0.000  1      171.95     0.000  1      229.42     0.000  2
  51.22     0.000  1      173.78     0.000  1      230.19     0.000  2
  53.05     0.000  1      175.61     0.000  1      230.95     0.000  2
  54.88     0.000  1      177.44     0.000  1      231.71     0.000  2
  56.71     0.000  1      179.27     0.000  1      232.47     0.000  2
  58.54     0.000  1      181.10     0.000  1      233.24     0.000  2
  60.37     0.000  1      182.93     0.000  1      234.00     0.000  2
  62.20     0.000  1      183.69     0.000  2      234.76     0.000  2
  64.03     0.000  1      184.45     0.000  2      235.52     0.000  2
  65.85     0.000  1      185.22     0.000  2      236.28     0.000  2
  67.68     0.000  1      185.98     0.000  2      237.05     0.000  2
  69.51     0.000  1      186.74     0.000  2      237.81     0.000  2
  71.34     0.000  1      187.50     0.000  2      238.57     0.000  2
  73.17     0.000  1      188.27     0.000  2      239.33     0.000  2
  75.00     0.000  1      189.03     0.000  2      240.09     0.000  2
  76.83     0.000  1      189.79     0.000  2      240.86     0.000  2
  78.66     0.000  1      190.55     0.000  2      241.62     0.000  2
  80.49     0.000  1      191.31     0.000  2      242.38     0.000  2
  82.32     0.000  1      192.08     0.000  2      243.14     0.000  2
  84.15     0.000  1      192.84     0.000  2      243.91     0.000  2
  85.98     0.000  1      193.60     0.000  2      244.67     0.000  2
  87.81     0.000  1      194.36     0.000  2      245.43     0.000  2
  89.64     0.000  1      195.13     0.000  2      246.19     0.000  2
  91.47     0.000  1      195.89     0.000  2      246.95     0.000  2
  93.29     0.000  1      196.65     0.000  2      247.72     0.000  2
  95.12     0.000  1      197.41     0.000  2      248.48     0.000  2
  96.95     0.000  1      198.17     0.000  2      249.24     0.000  2
  98.78     0.000  1      198.94     0.000  2      250.00     0.000  2
 100.61     0.000  1      199.70     0.000  2      250.77     0.000  2
 102.44     0.000  1      200.46     0.000  2      251.53     0.000  2
 104.27     0.000  1      201.22     0.000  2      252.29     0.000  2
 106.10     0.000  1      201.99     0.000  2      253.05     0.000  2
 107.93     0.000  1      202.75     0.000  2      253.81     0.000  2
 109.76     0.000  1      203.51     0.000  2      254.58     0.000  2
 111.59     0.000  1      204.27     0.000  2      255.34     0.000  2
 113.42     0.000  1      205.03     0.000  2      256.10     0.000  2
 115.25     0.000  1      205.80     0.000  2      256.86     0.000  2
 117.08     0.000  1      206.56     0.000  2      257.63     0.000  2
 118.90     0.000  1      207.32     0.000  2      258.39     0.000  2
 120.73     0.000  1      208.08     0.000  2      259.15     0.000  2
 122.56     0.000  1      208.84     0.000  2

note:  (+) soil loss - detachment     (-) soil loss - deposition



III. OFF SITE EFFECTS  OFF SITE EFFECTS  OFF SITE EFFECTS
     ----------------  ----------------  ----------------

     A.  SEDIMENT LEAVING PROFILE for year    8     0.000 kg/m



     B.  SEDIMENT CHARACTERISTICS AND ENRICHMENT

     Sediment particle information leaving profile
-------------------------------------------------------------------------------
                                 Particle Composition         Detached Fraction
Class  Diameter  Specific  ---------------------------------  Sediment  In Flow
         (mm)    Gravity   % Sand   % Silt   % Clay   % O.M.  Fraction  Exiting
-------------------------------------------------------------------------------
  1     0.002      2.60      0.0      0.0    100.0     33.3     0.039    0.000
  2     0.010      2.65      0.0    100.0      0.0      0.0     0.330    0.000
  3     0.030      1.80      0.0     80.0     20.0      6.7     0.270    0.000
  4     0.300      1.60     55.6     21.6     22.8      7.6     0.250    0.000
  5     0.200      2.65    100.0      0.0      0.0      0.0     0.111    0.000
-------------------------------------------------------------------------------


     Weighted SSA enrichment ratio leaving profile for year    8 =   0.00


     HILLSLOPE 1 YEARLY SUMMARY FOR    9
     ----------------------------------


I.   RAINFALL AND RUNOFF SUMMARY
     -------- --- ------ -------

      year:      9

         Rainfall         Storm Runoff        Melt Runoff
      events   amount   events   amount     events  amount
                (mm)              (mm)               (mm)

       123     814.30       0       0.00       4      21.08


II.  ON SITE EFFECTS  ON SITE EFFECTS  ON SITE EFFECTS
     ---------------  ---------------  ---------------




  C.  SOIL LOSS/DEPOSITION ALONG SLOPE PROFILE

          Profile distances are from top to bottom of hillslope


 distance soil  flow    distance   soil  flow    distance   soil  flow
    (m)   loss  elem       (m)     loss  elem       (m)     loss  elem
         (kg/m2)                  (kg/m2)                  (kg/m2)
------------------------------------------------------------------------

   1.83     0.000  1      124.39     0.000  1      209.61     0.000  2
   3.66     0.000  1      126.22     0.000  1      210.37     0.000  2
   5.49     0.000  1      128.05     0.000  1      211.13     0.000  2
   7.32     0.000  1      129.88     0.000  1      211.89     0.000  2
   9.15     0.000  1      131.71     0.000  1      212.66     0.000  2
  10.98     0.000  1      133.54     0.000  1      213.42     0.000  2
  12.81     0.000  1      135.37     0.000  1      214.18     0.000  2
  14.63     0.000  1      137.20     0.000  1      214.94     0.000  2
  16.46     0.000  1      139.03     0.000  1      215.70     0.000  2
  18.29     0.000  1      140.86     0.000  1      216.47     0.000  2
  20.12     0.000  1      142.69     0.000  1      217.23     0.000  2
  21.95     0.000  1      144.51     0.000  1      217.99     0.000  2
  23.78     0.000  1      146.34     0.000  1      218.75     0.000  2
  25.61     0.000  1      148.17     0.000  1      219.52     0.000  2
  27.44     0.000  1      150.00     0.000  1      220.28     0.000  2
  29.27     0.000  1      151.83     0.000  1      221.04     0.000  2
  31.10     0.000  1      153.66     0.000  1      221.80     0.000  2
  32.93     0.000  1      155.49     0.000  1      222.56     0.000  2
  34.76     0.000  1      157.32     0.000  1      223.33     0.000  2
  36.59     0.000  1      159.15     0.000  1      224.09     0.000  2
  38.42     0.000  1      160.98     0.000  1      224.85     0.000  2
  40.24     0.000  1      162.81     0.000  1      225.61     0.000  2
  42.07     0.000  1      164.64     0.000  1      226.38     0.000  2
  43.90     0.000  1      166.47     0.000  1      227.14     0.000  2
  45.73     0.000  1      168.30     0.000  1      227.90     0.000  2
  47.56     0.000  1      170.12     0.000  1      228.66     0.000  2
  49.39     0.000  1      171.95     0.000  1      229.42     0.000  2
  51.22     0.000  1      173.78     0.000  1      230.19     0.000  2
  53.05     0.000  1      175.61     0.000  1      230.95     0.000  2
  54.88     0.000  1      177.44     0.000  1      231.71     0.000  2
  56.71     0.000  1      179.27     0.000  1      232.47     0.000  2
  58.54     0.000  1      181.10     0.000  1      233.24     0.000  2
  60.37     0.000  1      182.93     0.000  1      234.00     0.000  2
  62.20     0.000  1      183.69     0.000  2      234.76     0.000  2
  64.03     0.000  1      184.45     0.000  2      235.52     0.000  2
  65.85     0.000  1      185.22     0.000  2      236.28     0.000  2
  67.68     0.000  1      185.98     0.000  2      237.05     0.000  2
  69.51     0.000  1      186.74     0.000  2      237.81     0.000  2
  71.34     0.000  1      187.50     0.000  2      238.57     0.000  2
  73.17     0.000  1      188.27     0.000  2      239.33     0.000  2
  75.00     0.000  1      189.03     0.000  2      240.09     0.000  2
  76.83     0.000  1      189.79     0.000  2      240.86     0.000  2
  78.66     0.000  1      190.55     0.000  2      241.62     0.000  2
  80.49     0.000  1      191.31     0.000  2      242.38     0.000  2
  82.32     0.000  1      192.08     0.000  2      243.14     0.000  2
  84.15     0.000  1      192.84     0.000  2      243.91     0.000  2
  85.98     0.000  1      193.60     0.000  2      244.67     0.000  2
  87.81     0.000  1      194.36     0.000  2      245.43     0.000  2
  89.64     0.000  1      195.13     0.000  2      246.19     0.000  2
  91.47     0.000  1      195.89     0.000  2      246.95     0.000  2
  93.29     0.000  1      196.65     0.000  2      247.72     0.000  2
  95.12     0.000  1      197.41     0.000  2      248.48     0.000  2
  96.95     0.000  1      198.17     0.000  2      249.24     0.000  2
  98.78     0.000  1      198.94     0.000  2      250.00     0.000  2
 100.61     0.000  1      199.70     0.000  2      250.77     0.000  2
 102.44     0.000  1      200.46     0.000  2      251.53     0.000  2
 104.27     0.000  1      201.22     0.000  2      252.29     0.000  2
 106.10     0.000  1      201.99     0.000  2      253.05     0.000  2
 107.93     0.000  1      202.75     0.000  2      253.81     0.000  2
 109.76     0.000  1      203.51     0.000  2      254.58     0.000  2
 111.59     0.000  1      204.27     0.000  2      255.34     0.000  2
 113.42     0.000  1      205.03     0.000  2      256.10     0.000  2
 115.25     0.000  1      205.80     0.000  2      256.86     0.000  2
 117.08     0.000  1      206.56     0.000  2      257.63     0.000  2
 118.90     0.000  1      207.32     0.000  2      258.39     0.000  2
 120.73     0.000  1      208.08     0.000  2      259.15     0.000  2
 122.56     0.000  1      208.84     0.000  2

note:  (+) soil loss - detachment     (-) soil loss - deposition



III. OFF SITE EFFECTS  OFF SITE EFFECTS  OFF SITE EFFECTS
     ----------------  ----------------  ----------------

     A.  SEDIMENT LEAVING PROFILE for year    9     0.000 kg/m



     B.  SEDIMENT CHARACTERISTICS AND ENRICHMENT

     Sediment particle information leaving profile
-------------------------------------------------------------------------------
                                 Particle Composition         Detached Fraction
Class  Diameter  Specific  ---------------------------------  Sediment  In Flow
         (mm)    Gravity   % Sand   % Silt   % Clay   % O.M.  Fraction  Exiting
-------------------------------------------------------------------------------
  1     0.002      2.60      0.0      0.0    100.0     33.3     0.039    0.000
  2     0.010      2.65      0.0    100.0      0.0      0.0     0.330    0.000
  3     0.030      1.80      0.0     80.0     20.0      6.7     0.270    0.000
  4     0.300      1.60     55.6     21.6     22.8      7.6     0.250    0.000
  5     0.200      2.65    100.0      0.0      0.0      0.0     0.111    0.000
-------------------------------------------------------------------------------


     Weighted SSA enrichment ratio leaving profile for year    9 =   0.00


     HILLSLOPE 1 YEARLY SUMMARY FOR   10
     ----------------------------------


I.   RAINFALL AND RUNOFF SUMMARY
     -------- --- ------ -------

      year:     10

         Rainfall         Storm Runoff        Melt Runoff
      events   amount   events   amount     events  amount
                (mm)              (mm)               (mm)

       112     630.30       0       0.00       0       0.00


II.  ON SITE EFFECTS  ON SITE EFFECTS  ON SITE EFFECTS
     ---------------  ---------------  ---------------




  C.  SOIL LOSS/DEPOSITION ALONG SLOPE PROFILE

          Profile distances are from top to bottom of hillslope


 distance soil  flow    distance   soil  flow    distance   soil  flow
    (m)   loss  elem       (m)     loss  elem       (m)     loss  elem
         (kg/m2)                  (kg/m2)                  (kg/m2)
------------------------------------------------------------------------

   1.83     0.000  1      124.39     0.000  1      209.61     0.000  2
   3.66     0.000  1      126.22     0.000  1      210.37     0.000  2
   5.49     0.000  1      128.05     0.000  1      211.13     0.000  2
   7.32     0.000  1      129.88     0.000  1      211.89     0.000  2
   9.15     0.000  1      131.71     0.000  1      212.66     0.000  2
  10.98     0.000  1      133.54     0.000  1      213.42     0.000  2
  12.81     0.000  1      135.37     0.000  1      214.18     0.000  2
  14.63     0.000  1      137.20     0.000  1      214.94     0.000  2
  16.46     0.000  1      139.03     0.000  1      215.70     0.000  2
  18.29     0.000  1      140.86     0.000  1      216.47     0.000  2
  20.12     0.000  1      142.69     0.000  1      217.23     0.000  2
  21.95     0.000  1      144.51     0.000  1      217.99     0.000  2
  23.78     0.000  1      146.34     0.000  1      218.75     0.000  2
  25.61     0.000  1      148.17     0.000  1      219.52     0.000  2
  27.44     0.000  1      150.00     0.000  1      220.28     0.000  2
  29.27     0.000  1      151.83     0.000  1      221.04     0.000  2
  31.10     0.000  1      153.66     0.000  1      221.80     0.000  2
  32.93     0.000  1      155.49     0.000  1      222.56     0.000  2
  34.76     0.000  1      157.32     0.000  1      223.33     0.000  2
  36.59     0.000  1      159.15     0.000  1      224.09     0.000  2
  38.42     0.000  1      160.98     0.000  1      224.85     0.000  2
  40.24     0.000  1      162.81     0.000  1      225.61     0.000  2
  42.07     0.000  1      164.64     0.000  1      226.38     0.000  2
  43.90     0.000  1      166.47     0.000  1      227.14     0.000  2
  45.73     0.000  1      168.30     0.000  1      227.90     0.000  2
  47.56     0.000  1      170.12     0.000  1      228.66     0.000  2
  49.39     0.000  1      171.95     0.000  1      229.42     0.000  2
  51.22     0.000  1      173.78     0.000  1      230.19     0.000  2
  53.05     0.000  1      175.61     0.000  1      230.95     0.000  2
  54.88     0.000  1      177.44     0.000  1      231.71     0.000  2
  56.71     0.000  1      179.27     0.000  1      232.47     0.000  2
  58.54     0.000  1      181.10     0.000  1      233.24     0.000  2
  60.37     0.000  1      182.93     0.000  1      234.00     0.000  2
  62.20     0.000  1      183.69     0.000  2      234.76     0.000  2
  64.03     0.000  1      184.45     0.000  2      235.52     0.000  2
  65.85     0.000  1      185.22     0.000  2      236.28     0.000  2
  67.68     0.000  1      185.98     0.000  2      237.05     0.000  2
  69.51     0.000  1      186.74     0.000  2      237.81     0.000  2
  71.34     0.000  1      187.50     0.000  2      238.57     0.000  2
  73.17     0.000  1      188.27     0.000  2      239.33     0.000  2
  75.00     0.000  1      189.03     0.000  2      240.09     0.000  2
  76.83     0.000  1      189.79     0.000  2      240.86     0.000  2
  78.66     0.000  1      190.55     0.000  2      241.62     0.000  2
  80.49     0.000  1      191.31     0.000  2      242.38     0.000  2
  82.32     0.000  1      192.08     0.000  2      243.14     0.000  2
  84.15     0.000  1      192.84     0.000  2      243.91     0.000  2
  85.98     0.000  1      193.60     0.000  2      244.67     0.000  2
  87.81     0.000  1      194.36     0.000  2      245.43     0.000  2
  89.64     0.000  1      195.13     0.000  2      246.19     0.000  2
  91.47     0.000  1      195.89     0.000  2      246.95     0.000  2
  93.29     0.000  1      196.65     0.000  2      247.72     0.000  2
  95.12     0.000  1      197.41     0.000  2      248.48     0.000  2
  96.95     0.000  1      198.17     0.000  2      249.24     0.000  2
  98.78     0.000  1      198.94     0.000  2      250.00     0.000  2
 100.61     0.000  1      199.70     0.000  2      250.77     0.000  2
 102.44     0.000  1      200.46     0.000  2      251.53     0.000  2
 104.27     0.000  1      201.22     0.000  2      252.29     0.000  2
 106.10     0.000  1      201.99     0.000  2      253.05     0.000  2
 107.93     0.000  1      202.75     0.000  2      253.81     0.000  2
 109.76     0.000  1      203.51     0.000  2      254.58     0.000  2
 111.59     0.000  1      204.27     0.000  2      255.34     0.000  2
 113.42     0.000  1      205.03     0.000  2      256.10     0.000  2
 115.25     0.000  1      205.80     0.000  2      256.86     0.000  2
 117.08     0.000  1      206.56     0.000  2      257.63     0.000  2
 118.90     0.000  1      207.32     0.000  2      258.39     0.000  2
 120.73     0.000  1      208.08     0.000  2      259.15     0.000  2
 122.56     0.000  1      208.84     0.000  2

note:  (+) soil loss - detachment     (-) soil loss - deposition



III. OFF SITE EFFECTS  OFF SITE EFFECTS  OFF SITE EFFECTS
     ----------------  ----------------  ----------------

     A.  SEDIMENT LEAVING PROFILE for year   10     0.000 kg/m



     B.  SEDIMENT CHARACTERISTICS AND ENRICHMENT

     Sediment particle information leaving profile
-------------------------------------------------------------------------------
                                 Particle Composition         Detached Fraction
Class  Diameter  Specific  ---------------------------------  Sediment  In Flow
         (mm)    Gravity   % Sand   % Silt   % Clay   % O.M.  Fraction  Exiting
-------------------------------------------------------------------------------
  1     0.002      2.60      0.0      0.0    100.0     33.3     0.039    0.000
  2     0.010      2.65      0.0    100.0      0.0      0.0     0.330    0.000
  3     0.030      1.80      0.0     80.0     20.0      6.7     0.270    0.000
  4     0.300      1.60     55.6     21.6     22.8      7.6     0.250    0.000
  5     0.200      2.65    100.0      0.0      0.0      0.0     0.111    0.000
-------------------------------------------------------------------------------


     Weighted SSA enrichment ratio leaving profile for year   10 =   0.00


     ANNUAL AVERAGE SUMMARIES
     ------------------------


I.   RAINFALL AND RUNOFF SUMMARY
     -------- --- ------ -------

      total summary:  years    1 -   10

      1194 storms produced                         7505.80 mm of precipitation
         1 rain storm runoff events produced          0.03 mm of runoff
        26 snow melts and/or
             events during winter produced          125.55 mm of runoff

      annual averages
      ---------------

        Number of years                                   10
        Mean annual precipitation                     750.58    mm
        Mean annual runoff from rainfall                0.00    mm
        Mean annual runoff from snow melt
          and/or rain storm during winter              12.56    mm



II.  ON SITE EFFECTS  ON SITE EFFECTS  ON SITE EFFECTS
     ---------------  ---------------  ---------------


  A.  AREA OF NET SOIL LOSS

      ** Soil Loss (Avg. of Net Detachment Areas) =    0.000 kg/m2 **
      ** Maximum Soil Loss  =    0.000 kg/m2 at  220.28 meters **


      Area of    Soil Loss   Soil Loss   MAX   MAX Loss   MIN   MIN Loss
      Net Loss      MEAN      STDEV      Loss    Point    Loss   Point
        (m)       (kg/m2)     (kg/m2)  (kg/m2)    (m)    (kg/m2)  (m)
------------------------------------------------------------------------
 182.93- 259.15    0.000     0.000      0.000  220.28     0.000   221.04



  C.  SOIL LOSS/DEPOSITION ALONG SLOPE PROFILE

          Profile distances are from top to bottom of hillslope


 distance soil  flow    distance   soil  flow    distance   soil  flow
    (m)   loss  elem       (m)     loss  elem       (m)     loss  elem
         (kg/m2)                  (kg/m2)                  (kg/m2)
------------------------------------------------------------------------

   1.83     0.000  1      124.39     0.000  1      209.61     0.000  2
   3.66     0.000  1      126.22     0.000  1      210.37     0.000  2
   5.49     0.000  1      128.05     0.000  1      211.13     0.000  2
   7.32     0.000  1      129.88     0.000  1      211.89     0.000  2
   9.15     0.000  1      131.71     0.000  1      212.66     0.000  2
  10.98     0.000  1      133.54     0.000  1      213.42     0.000  2
  12.81     0.000  1      135.37     0.000  1      214.18     0.000  2
  14.63     0.000  1      137.20     0.000  1      214.94     0.000  2
  16.46     0.000  1      139.03     0.000  1      215.70     0.000  2
  18.29     0.000  1      140.86     0.000  1      216.47     0.000  2
  20.12     0.000  1      142.69     0.000  1      217.23     0.000  2
  21.95     0.000  1      144.51     0.000  1      217.99     0.000  2
  23.78     0.000  1      146.34     0.000  1      218.75     0.000  2
  25.61     0.000  1      148.17     0.000  1      219.52     0.000  2
  27.44     0.000  1      150.00     0.000  1      220.28     0.000  2
  29.27     0.000  1      151.83     0.000  1      221.04     0.000  2
  31.10     0.000  1      153.66     0.000  1      221.80     0.000  2
  32.93     0.000  1      155.49     0.000  1      222.56     0.000  2
  34.76     0.000  1      157.32     0.000  1      223.33     0.000  2
  36.59     0.000  1      159.15     0.000  1      224.09     0.000  2
  38.42     0.000  1      160.98     0.000  1      224.85     0.000  2
  40.24     0.000  1      162.81     0.000  1      225.61     0.000  2
  42.07     0.000  1      164.64     0.000  1      226.38     0.000  2
  43.90     0.000  1      166.47     0.000  1      227.14     0.000  2
  45.73     0.000  1      168.30     0.000  1      227.90     0.000  2
  47.56     0.000  1      170.12     0.000  1      228.66     0.000  2
  49.39     0.000  1      171.95     0.000  1      229.42     0.000  2
  51.22     0.000  1      173.78     0.000  1      230.19     0.000  2
  53.05     0.000  1      175.61     0.000  1      230.95     0.000  2
  54.88     0.000  1      177.44     0.000  1      231.71     0.000  2
  56.71     0.000  1      179.27     0.000  1      232.47     0.000  2
  58.54     0.000  1      181.10     0.000  1      233.24     0.000  2
  60.37     0.000  1      182.93     0.000  1      234.00     0.000  2
  62.20     0.000  1      183.69     0.000  2      234.76     0.000  2
  64.03     0.000  1      184.45     0.000  2      235.52     0.000  2
  65.85     0.000  1      185.22     0.000  2      236.28     0.000  2
  67.68     0.000  1      185.98     0.000  2      237.05     0.000  2
  69.51     0.000  1      186.74     0.000  2      237.81     0.000  2
  71.34     0.000  1      187.50     0.000  2      238.57     0.000  2
  73.17     0.000  1      188.27     0.000  2      239.33     0.000  2
  75.00     0.000  1      189.03     0.000  2      240.09     0.000  2
  76.83     0.000  1      189.79     0.000  2      240.86     0.000  2
  78.66     0.000  1      190.55     0.000  2      241.62     0.000  2
  80.49     0.000  1      191.31     0.000  2      242.38     0.000  2
  82.32     0.000  1      192.08     0.000  2      243.14     0.000  2
  84.15     0.000  1      192.84     0.000  2      243.91     0.000  2
  85.98     0.000  1      193.60     0.000  2      244.67     0.000  2
  87.81     0.000  1      194.36     0.000  2      245.43     0.000  2
  89.64     0.000  1      195.13     0.000  2      246.19     0.000  2
  91.47     0.000  1      195.89     0.000  2      246.95     0.000  2
  93.29     0.000  1      196.65     0.000  2      247.72     0.000  2
  95.12     0.000  1      197.41     0.000  2      248.48     0.000  2
  96.95     0.000  1      198.17     0.000  2      249.24     0.000  2
  98.78     0.000  1      198.94     0.000  2      250.00     0.000  2
 100.61     0.000  1      199.70     0.000  2      250.77     0.000  2
 102.44     0.000  1      200.46     0.000  2      251.53     0.000  2
 104.27     0.000  1      201.22     0.000  2      252.29     0.000  2
 106.10     0.000  1      201.99     0.000  2      253.05     0.000  2
 107.93     0.000  1      202.75     0.000  2      253.81     0.000  2
 109.76     0.000  1      203.51     0.000  2      254.58     0.000  2
 111.59     0.000  1      204.27     0.000  2      255.34     0.000  2
 113.42     0.000  1      205.03     0.000  2      256.10     0.000  2
 115.25     0.000  1      205.80     0.000  2      256.86     0.000  2
 117.08     0.000  1      206.56     0.000  2      257.63     0.000  2
 118.90     0.000  1      207.32     0.000  2      258.39     0.000  2
 120.73     0.000  1      208.08     0.000  2      259.15     0.000  2
 122.56     0.000  1      208.84     0.000  2

note:  (+) soil loss - detachment     (-) soil loss - deposition



III. OFF SITE EFFECTS  OFF SITE EFFECTS  OFF SITE EFFECTS
     ----------------  ----------------  ----------------

     A.  AVERAGE ANNUAL SEDIMENT LEAVING PROFILE
             0.000   kg/m of width
             0.032     kg (based on profile width of    100.000      m)
             0.000   t/ha (assuming contributions from     2.591     ha)


     B.  SEDIMENT CHARACTERISTICS AND ENRICHMENT

     Sediment particle information leaving profile
-------------------------------------------------------------------------------
                                 Particle Composition         Detached Fraction
Class  Diameter  Specific  ---------------------------------  Sediment  In Flow
         (mm)    Gravity   % Sand   % Silt   % Clay   % O.M.  Fraction  Exiting
-------------------------------------------------------------------------------
  1     0.002      2.60      0.0      0.0    100.0     33.3     0.039    0.072
  2     0.010      2.65      0.0    100.0      0.0      0.0     0.330    0.571
  3     0.030      1.80      0.0     80.0     20.0      6.7     0.270    0.357
  4     0.300      1.60     55.6     21.6     22.8      7.6     0.250    0.000
  5     0.200      2.65    100.0      0.0      0.0      0.0     0.111    0.000
-------------------------------------------------------------------------------


     Average annual SSA enrichment ratio leaving profile =   0.99
