 Annual; abbreviated (Metric Units)                                     


          USDA WATER EROSION PREDICTION PROJECT
          -------------------------------------

          HILLSLOPE PROFILE AND WATERSHED MODEL
                     VERSION  2000.100
             June 31,       2000


               TO REPORT PROBLEMS OR TO BE PUT ON THE MAILING
               LIST FOR FUTURE WEPP MODEL RELEASES, PLEASE CONTACT:

                    WEPP TECHNICAL SUPPORT
                    USDA-AGRICULTURAL RESEARCH SERVICE
                    NATIONAL SOIL EROSION RESEARCH LABORATORY
                    1196 BUILDING SOIL, PURDUE UNIVERSITY
                    WEST LAFAYETTE, IN 47907-1196  USA

                    PHONE: (765) 494-8673
                      FAX: (765) 494-5948
                    email:  wepp@ecn.purdue.edu
                      URL:  http://topsoil.nserl.purdue.edu/weppmain/wepp.html


     HILLSLOPE INPUT DATA FILES - VERSION  2000.100
        June 31,       2000


    MANAGEMENT: ../working/wepp-181446.man                        
 MAN. PRACTICE: Two OFEs to drive the Disturbed WEPP interface              
                for forest conditions                                       
                W. Elliot 02/99                                             
         SLOPE: ../working/wepp-181446.slp                        
       CLIMATE: ../working/wepp-181446.cli                        
       Station:  GASCON NM Adjusted +                           CLIGEN VERSION  4.31
          SOIL: ../working/wepp-181446.sol                        
      PLANE  1 HIGH                sandy loam          
      PLANE  2 HIGH                sandy loam          


     ANNUAL AVERAGE SUMMARIES
     ------------------------


I.   RAINFALL AND RUNOFF SUMMARY
     -------- --- ------ -------

      total summary:  years    1 -   30

      2195 storms produced                        19527.91 mm of precipitation
       170 rain storm runoff events produced        447.88 mm of runoff
        11 snow melts and/or
             events during winter produced           57.14 mm of runoff

      annual averages
      ---------------

        Number of years                                   30
        Mean annual precipitation                     650.93    mm
        Mean annual runoff from rainfall               14.93    mm
        Mean annual runoff from snow melt
          and/or rain storm during winter               1.90    mm



II.  ON SITE EFFECTS  ON SITE EFFECTS  ON SITE EFFECTS
     ---------------  ---------------  ---------------


  A.  AREA OF NET SOIL LOSS

      ** Soil Loss (Avg. of Net Detachment Areas) =    1.452 kg/m2 **
      ** Maximum Soil Loss  =    2.297 kg/m2 at  152.44 meters **


      Area of    Soil Loss   Soil Loss   MAX   MAX Loss   MIN   MIN Loss
      Net Loss      MEAN      STDEV      Loss    Point    Loss   Point
        (m)       (kg/m2)     (kg/m2)  (kg/m2)    (m)    (kg/m2)  (m)
------------------------------------------------------------------------
   0.00- 282.01    1.452     0.713      2.297  152.44     0.036     1.52

  B.  AREA OF SOIL DEPOSITION

      ** Soil Deposition (Avg. of Net Deposition Areas) =    -0.679 kg/m2 **
      ** Maximum Soil Deposition  =    -1.343 kg/m2 at  304.88 meters **

      Area of    Soil Dep   Soil Dep     MAX    MAX Dep   MIN   MIN Dep
      Net Dep       MEAN     STDEV       Dep     Point    Dep    Point
        (m)       (kg/m2)    (kg/m2)   (kg/m2)    (m)    (kg/m2)  (m)
------------------------------------------------------------------------
 282.01- 304.88   -0.679     0.419     -1.343  304.88    -0.029   283.54



  C.  SOIL LOSS/DEPOSITION ALONG SLOPE PROFILE

          Profile distances are from top to bottom of hillslope


 distance soil  flow    distance   soil  flow    distance   soil  flow
    (m)   loss  elem       (m)     loss  elem       (m)     loss  elem
         (kg/m2)                  (kg/m2)                  (kg/m2)
------------------------------------------------------------------------

   1.52     0.036  1      103.66     1.871  1      205.79     1.985  2
   3.05     0.036  1      105.18     1.888  1      207.32     1.982  2
   4.57     0.036  1      106.71     1.904  1      208.84     1.978  2
   6.10     0.036  1      108.23     1.921  1      210.37     1.975  2
   7.62     0.036  1      109.76     1.937  1      211.89     1.971  2
   9.15     0.036  1      111.28     1.952  1      213.42     1.968  2
  10.67     0.037  1      112.81     1.968  1      214.94     1.964  2
  12.20     0.038  1      114.33     1.983  1      216.46     1.961  2
  13.72     0.042  1      115.85     1.998  1      217.99     1.958  2
  15.24     0.050  1      117.38     2.012  1      219.51     1.954  2
  16.77     0.063  1      118.90     2.027  1      221.04     1.951  2
  18.29     0.079  1      120.43     2.041  1      222.56     1.948  2
  19.82     0.096  1      121.95     2.055  1      224.09     1.945  2
  21.34     0.114  1      123.48     2.069  1      225.61     1.942  2
  22.87     0.135  1      125.00     2.083  1      227.14     1.938  2
  24.39     0.161  1      126.53     2.097  1      228.66     1.935  2
  25.91     0.190  1      128.05     2.110  1      230.18     1.913  2
  27.44     0.222  1      129.57     2.123  1      231.71     1.870  2
  28.96     0.255  1      131.10     2.136  1      233.23     1.828  2
  30.49     0.290  1      132.62     2.148  1      234.76     1.786  2
  32.01     0.326  1      134.15     2.161  1      236.28     1.744  2
  33.54     0.363  1      135.67     2.173  1      237.81     1.702  2
  35.06     0.403  1      137.20     2.185  1      239.33     1.660  2
  36.59     0.443  1      138.72     2.197  1      240.86     1.618  2
  38.11     0.483  1      140.24     2.209  1      242.38     1.576  2
  39.63     0.523  1      141.77     2.221  1      243.90     1.534  2
  41.16     0.563  1      143.29     2.232  1      245.43     1.492  2
  42.68     0.603  1      144.82     2.243  1      246.95     1.451  2
  44.21     0.643  1      146.34     2.254  1      248.48     1.409  2
  45.73     0.683  1      147.87     2.265  1      250.00     1.367  2
  47.26     0.723  1      149.39     2.276  1      251.53     1.326  2
  48.78     0.763  1      150.92     2.286  1      253.05     1.284  2
  50.31     0.804  1      152.44     2.297  1      254.57     1.242  2
  51.83     0.844  1      153.96     2.122  2      256.10     1.201  2
  53.35     0.885  1      155.49     2.118  2      257.62     1.156  2
  54.88     0.925  1      157.01     2.113  2      259.15     1.108  2
  56.40     0.965  1      158.54     2.109  2      260.67     1.055  2
  57.93     1.005  1      160.06     2.104  2      262.20     1.003  2
  59.45     1.046  1      161.59     2.100  2      263.72     0.949  2
  60.98     1.087  1      163.11     2.096  2      265.25     0.898  2
  62.50     1.128  1      164.64     2.091  2      266.77     0.845  2
  64.02     1.169  1      166.16     2.087  2      268.29     0.796  2
  65.55     1.211  1      167.68     2.083  2      269.82     0.752  2
  67.07     1.253  1      169.21     2.078  2      271.34     0.703  2
  68.60     1.296  1      170.73     2.074  2      272.87     0.643  2
  70.12     1.338  1      172.26     2.070  2      274.39     0.571  2
  71.65     1.381  1      173.78     2.066  2      275.92     0.493  2
  73.17     1.423  1      175.31     2.062  2      277.44     0.407  2
  74.70     1.465  1      176.83     2.058  2      278.97     0.313  2
  76.22     1.507  1      178.35     2.054  2      280.49     0.202  2
  77.74     1.539  1      179.88     2.050  2      282.01     0.082  2
  79.27     1.562  1      181.40     2.046  2      283.54    -0.029  2
  80.79     1.584  1      182.93     2.042  2      285.06    -0.132  2
  82.32     1.605  1      184.45     2.038  2      286.59    -0.224  2
  83.84     1.626  1      185.98     2.034  2      288.11    -0.308  2
  85.37     1.647  1      187.50     2.030  2      289.64    -0.393  2
  86.89     1.668  1      189.03     2.026  2      291.16    -0.483  2
  88.42     1.688  1      190.55     2.022  2      292.68    -0.574  2
  89.94     1.707  1      192.07     2.018  2      294.21    -0.665  2
  91.46     1.727  1      193.60     2.015  2      295.73    -0.756  2
  92.99     1.746  1      195.12     2.011  2      297.26    -0.854  2
  94.51     1.765  1      196.65     2.007  2      298.78    -0.956  2
  96.04     1.783  1      198.17     2.003  2      300.31    -1.058  2
  97.56     1.802  1      199.70     2.000  2      301.83    -1.158  2
  99.09     1.819  1      201.22     1.996  2      303.36    -1.253  2
 100.61     1.837  1      202.75     1.992  2      304.88    -1.343  2
 102.13     1.854  1      204.27     1.989  2

note:  (+) soil loss - detachment     (-) soil loss - deposition



III. OFF SITE EFFECTS  OFF SITE EFFECTS  OFF SITE EFFECTS
     ----------------  ----------------  ----------------

     A.  AVERAGE ANNUAL SEDIMENT LEAVING PROFILE
           394.020   kg/m of width
         39401.949     kg (based on profile width of    100.000      m)
            12.924   t/ha (assuming contributions from     3.049     ha)
     B.  SEDIMENT CHARACTERISTICS AND ENRICHMENT

     Sediment particle information leaving profile
-------------------------------------------------------------------------------
                                 Particle Composition         Detached Fraction
Class  Diameter  Specific  ---------------------------------  Sediment  In Flow
         (mm)    Gravity   % Sand   % Silt   % Clay   % O.M.  Fraction  Exiting
-------------------------------------------------------------------------------
  1     0.002      2.60      0.0      0.0    100.0     50.0     0.026    0.028
  2     0.010      2.65      0.0    100.0      0.0      0.0     0.170    0.181
  3     0.030      1.80      0.0     77.8     22.2     11.1     0.180    0.192
  4     0.300      1.60     75.3     13.4     11.4      5.7     0.299    0.315
  5     0.200      2.65    100.0      0.0      0.0      0.0     0.325    0.285
-------------------------------------------------------------------------------


     Average annual SSA enrichment ratio leaving profile =   1.06
